
Currently Loaded Modules:
  1) chpc/1.0      (S)   3) gcc/8.5.0      5) mpich/3.4.2
  2) python/3.10.3       4) cmake/3.26.0   6) cuda/11.6.2 (g)

  Where:
   S:  Module is Sticky, requires --force to unload or purge
   g:  built for GPU

 

# [2024-06-11 02:09:19] INFO: Running SIMULATeQCD
# [2024-06-11 02:09:19] INFO: Git commit version: 43e2518
# [2024-06-11 02:09:19] INFO: Initializing MPI with (1 proc)
# [2024-06-11 02:09:19] INFO: Reading parameters from file :: GenerateQuenched_b6663.param
# [2024-06-11 02:09:19] INFO: # PARAM :: Lattice = 60 60 60 20 
# [2024-06-11 02:09:19] INFO: # PARAM :: Nodes = 1 1 1 1 
# [2024-06-11 02:09:19] INFO: # PARAM :: Topology = 0 0 0 0  (default)
# [2024-06-11 02:09:19] INFO: # PARAM :: beta = 6.663
# [2024-06-11 02:09:19] INFO: # PARAM :: format = nersc
# [2024-06-11 02:09:19] INFO: # PARAM :: endianness = auto
# [2024-06-11 02:09:19] INFO: # PARAM :: conf_nr = 800000
# [2024-06-11 02:09:19] INFO: # PARAM :: stream = a
# [2024-06-11 02:09:19] INFO: # PARAM :: prec_out = 0 (default)
# [2024-06-11 02:09:19] INFO: # PARAM :: measurements_dir = ./ (default)
# [2024-06-11 02:09:19] INFO: # PARAM :: use_unit_conf = 0 (default)
# [2024-06-11 02:09:19] INFO: # PARAM :: output_dir = .
# [2024-06-11 02:09:19] INFO: # PARAM :: nconfs = 100
# [2024-06-11 02:09:19] INFO: # PARAM :: nsweeps_ORperHB = 4
# [2024-06-11 02:09:19] INFO: # PARAM :: nsweeps_HBwithOR = 500
# [2024-06-11 02:09:19] INFO: # PARAM :: prev_conf = conf_s060t20_b0666300_a_U000800000
# [2024-06-11 02:09:19] INFO: # PARAM :: prev_rand = rand_s060t20_b0666300_a_U000800000
# [2024-06-11 02:09:20] INFO: > Running on:
# [2024-06-11 02:09:20] INFO: [Rank 0] > notch086 CPU_60 GPU_86; MPI: world_rank=0, node_rank=0, coord: ( 0 0 0 0 )
# [2024-06-11 02:09:20] INFO: > Is MPI CUDA-aware? @compilation 
# [2024-06-11 02:09:20] INFO: > GPU compute capability: 75
# [2024-06-11 02:09:20] INFO: > Checking support for P2P (Peer-to-Peer) and UVA (Unified Virtual Addressing):
# [2024-06-11 02:09:20] INFO: [Rank 0] > notch086 GPU_86(NVIDIA GeForce RTX 2080 Ti): P2P NO ; UVA YES
# [2024-06-11 02:09:20] INFO: Initialize Indexer with HaloDepth = 1[0;33m[0m
# [2024-06-11 02:09:20] INFO: Resuming previous run.
# [2024-06-11 02:09:20] INFO: readconf_nersc: Reading NERSC configuration conf_s060t20_b0666300_a_U000800000
# [2024-06-11 02:09:29] INFO: Next conf_number will be 800500
# [2024-06-11 02:09:29] INFO: Generating up to 100 confs with a separation of 500 HBOR sweeps (OR/HB = 4) ...
# [2024-06-11 02:09:29] INFO: ======================================================================
# [2024-06-11 02:09:29] INFO: Start sweeping...
# [2024-06-11 02:17:46] INFO: It took 496.195 seconds to do 500 HBOR sweeps.
# [2024-06-11 02:17:46] INFO: Plaquette = 0.649984
# [2024-06-11 02:17:46] INFO: Polyakov loop = (4.00886e-05,0.000248019)
# [2024-06-11 02:17:46] INFO: Writing conf to disk...
# [2024-06-11 02:17:46] INFO: writeconf_nersc: Writing NERSC configuration ./conf_s060t20_b0666300_a_U000800500
# [2024-06-11 02:17:48] INFO: Calculated checksum: 29d1e4e8
# [2024-06-11 02:17:53] INFO: Calculated checksum: 59bfef6d
# [2024-06-11 02:17:53] INFO: Writing RNGSTATE file: ./rand_s060t20_b0666300_a_U000800500
# [2024-06-11 02:17:53] INFO: Writing to disk took 7.33463 seconds
# [2024-06-11 02:17:53] INFO: ======================================================================
# [2024-06-11 02:17:53] INFO: Start sweeping...
# [2024-06-11 02:26:12] INFO: It took 498.914 seconds to do 500 HBOR sweeps.
# [2024-06-11 02:26:12] INFO: Plaquette = 0.650063
# [2024-06-11 02:26:12] INFO: Polyakov loop = (-0.000712973,0.000231505)
# [2024-06-11 02:26:12] INFO: Writing conf to disk...
# [2024-06-11 02:26:12] INFO: writeconf_nersc: Writing NERSC configuration ./conf_s060t20_b0666300_a_U000801000
# [2024-06-11 02:26:15] INFO: Calculated checksum: 950f44a6
# [2024-06-11 02:26:20] INFO: Calculated checksum: 29349cf7
# [2024-06-11 02:26:20] INFO: Writing RNGSTATE file: ./rand_s060t20_b0666300_a_U000801000
# [2024-06-11 02:26:20] INFO: Writing to disk took 8.06046 seconds
# [2024-06-11 02:26:20] INFO: ======================================================================
# [2024-06-11 02:26:20] INFO: Start sweeping...
# [2024-06-11 02:34:40] INFO: It took 500.18 seconds to do 500 HBOR sweeps.
# [2024-06-11 02:34:40] INFO: Plaquette = 0.650105
# [2024-06-11 02:34:40] INFO: Polyakov loop = (-0.00128541,0.00166063)
# [2024-06-11 02:34:40] INFO: Writing conf to disk...
# [2024-06-11 02:34:40] INFO: writeconf_nersc: Writing NERSC configuration ./conf_s060t20_b0666300_a_U000801500
# [2024-06-11 02:34:43] INFO: Calculated checksum: 65dc30b7
# [2024-06-11 02:34:47] INFO: Calculated checksum: 2164bf51
# [2024-06-11 02:34:47] INFO: Writing RNGSTATE file: ./rand_s060t20_b0666300_a_U000801500
# [2024-06-11 02:34:48] INFO: Writing to disk took 7.45425 seconds
# [2024-06-11 02:34:48] INFO: ======================================================================
# [2024-06-11 02:34:48] INFO: Start sweeping...
# [2024-06-11 02:43:06] INFO: It took 498.844 seconds to do 500 HBOR sweeps.
# [2024-06-11 02:43:07] INFO: Plaquette = 0.650152
# [2024-06-11 02:43:07] INFO: Polyakov loop = (0.000877516,0.000573111)
# [2024-06-11 02:43:07] INFO: Writing conf to disk...
# [2024-06-11 02:43:07] INFO: writeconf_nersc: Writing NERSC configuration ./conf_s060t20_b0666300_a_U000802000
# [2024-06-11 02:43:09] INFO: Calculated checksum: 94de027a
# [2024-06-11 02:43:14] INFO: Calculated checksum: d188803b
# [2024-06-11 02:43:14] INFO: Writing RNGSTATE file: ./rand_s060t20_b0666300_a_U000802000
# [2024-06-11 02:43:14] INFO: Writing to disk took 7.50773 seconds
# [2024-06-11 02:43:14] INFO: ======================================================================
# [2024-06-11 02:43:14] INFO: Start sweeping...
# [2024-06-11 02:51:33] INFO: It took 498.635 seconds to do 500 HBOR sweeps.
# [2024-06-11 02:51:33] INFO: Plaquette = 0.650224
# [2024-06-11 02:51:33] INFO: Polyakov loop = (4.52231e-05,0.00045727)
# [2024-06-11 02:51:33] INFO: Writing conf to disk...
# [2024-06-11 02:51:33] INFO: writeconf_nersc: Writing NERSC configuration ./conf_s060t20_b0666300_a_U000802500
# [2024-06-11 02:51:36] INFO: Calculated checksum: 2fb9e90
# [2024-06-11 02:51:40] INFO: Calculated checksum: b069a941
# [2024-06-11 02:51:40] INFO: Writing RNGSTATE file: ./rand_s060t20_b0666300_a_U000802500
# [2024-06-11 02:51:40] INFO: Writing to disk took 7.69433 seconds
# [2024-06-11 02:51:40] INFO: ======================================================================
# [2024-06-11 02:51:40] INFO: Start sweeping...
# [2024-06-11 03:00:00] INFO: It took 499.438 seconds to do 500 HBOR sweeps.
# [2024-06-11 03:00:00] INFO: Plaquette = 0.650034
# [2024-06-11 03:00:00] INFO: Polyakov loop = (-0.000213334,-1.55815e-05)
# [2024-06-11 03:00:00] INFO: Writing conf to disk...
# [2024-06-11 03:00:00] INFO: writeconf_nersc: Writing NERSC configuration ./conf_s060t20_b0666300_a_U000803000
# [2024-06-11 03:00:03] INFO: Calculated checksum: 8b37c41c
# [2024-06-11 03:00:07] INFO: Calculated checksum: 14272f29
# [2024-06-11 03:00:07] INFO: Writing RNGSTATE file: ./rand_s060t20_b0666300_a_U000803000
# [2024-06-11 03:00:07] INFO: Writing to disk took 7.32508 seconds
# [2024-06-11 03:00:07] INFO: ======================================================================
# [2024-06-11 03:00:07] INFO: Start sweeping...
# [2024-06-11 03:08:27] INFO: It took 499.363 seconds to do 500 HBOR sweeps.
# [2024-06-11 03:08:27] INFO: Plaquette = 0.65005
# [2024-06-11 03:08:27] INFO: Polyakov loop = (0.00127257,0.000181898)
# [2024-06-11 03:08:27] INFO: Writing conf to disk...
# [2024-06-11 03:08:27] INFO: writeconf_nersc: Writing NERSC configuration ./conf_s060t20_b0666300_a_U000803500
# [2024-06-11 03:08:29] INFO: Calculated checksum: e10f8525
# [2024-06-11 03:08:34] INFO: Calculated checksum: 8d5b5fb1
# [2024-06-11 03:08:34] INFO: Writing RNGSTATE file: ./rand_s060t20_b0666300_a_U000803500
# [2024-06-11 03:08:34] INFO: Writing to disk took 7.5124 seconds
# [2024-06-11 03:08:34] INFO: ======================================================================
# [2024-06-11 03:08:34] INFO: Start sweeping...
# [2024-06-11 03:16:54] INFO: It took 500.264 seconds to do 500 HBOR sweeps.
# [2024-06-11 03:16:54] INFO: Plaquette = 0.650134
# [2024-06-11 03:16:54] INFO: Polyakov loop = (0.000744857,-0.00101819)
# [2024-06-11 03:16:54] INFO: Writing conf to disk...
# [2024-06-11 03:16:54] INFO: writeconf_nersc: Writing NERSC configuration ./conf_s060t20_b0666300_a_U000804000
# [2024-06-11 03:16:57] INFO: Calculated checksum: 5a840457
# [2024-06-11 03:17:02] INFO: Calculated checksum: ef4e98ee
# [2024-06-11 03:17:02] INFO: Writing RNGSTATE file: ./rand_s060t20_b0666300_a_U000804000
# [2024-06-11 03:17:02] INFO: Writing to disk took 7.33408 seconds
# [2024-06-11 03:17:02] INFO: ======================================================================
# [2024-06-11 03:17:02] INFO: Start sweeping...
# [2024-06-11 03:25:22] INFO: It took 499.929 seconds to do 500 HBOR sweeps.
# [2024-06-11 03:25:22] INFO: Plaquette = 0.650103
# [2024-06-11 03:25:22] INFO: Polyakov loop = (6.52406e-05,0.000169257)
# [2024-06-11 03:25:22] INFO: Writing conf to disk...
# [2024-06-11 03:25:22] INFO: writeconf_nersc: Writing NERSC configuration ./conf_s060t20_b0666300_a_U000804500
# [2024-06-11 03:25:25] INFO: Calculated checksum: 8f8833dc
# [2024-06-11 03:25:29] INFO: Calculated checksum: c4d88577
# [2024-06-11 03:25:29] INFO: Writing RNGSTATE file: ./rand_s060t20_b0666300_a_U000804500
# [2024-06-11 03:25:29] INFO: Writing to disk took 7.48665 seconds
# [2024-06-11 03:25:29] INFO: ======================================================================
# [2024-06-11 03:25:29] INFO: Start sweeping...
# [2024-06-11 03:33:49] INFO: It took 499.829 seconds to do 500 HBOR sweeps.
# [2024-06-11 03:33:49] INFO: Plaquette = 0.650189
# [2024-06-11 03:33:49] INFO: Polyakov loop = (0.000442332,0.000739442)
# [2024-06-11 03:33:49] INFO: Writing conf to disk...
# [2024-06-11 03:33:49] INFO: writeconf_nersc: Writing NERSC configuration ./conf_s060t20_b0666300_a_U000805000
# [2024-06-11 03:33:52] INFO: Calculated checksum: c8346440
# [2024-06-11 03:33:57] INFO: Calculated checksum: 790fbe3a
# [2024-06-11 03:33:57] INFO: Writing RNGSTATE file: ./rand_s060t20_b0666300_a_U000805000
# [2024-06-11 03:33:57] INFO: Writing to disk took 7.59531 seconds
# [2024-06-11 03:33:57] INFO: ======================================================================
# [2024-06-11 03:33:57] INFO: Start sweeping...
# [2024-06-11 03:42:17] INFO: It took 500.009 seconds to do 500 HBOR sweeps.
# [2024-06-11 03:42:17] INFO: Plaquette = 0.650082
# [2024-06-11 03:42:17] INFO: Polyakov loop = (-0.00046028,-0.000801184)
# [2024-06-11 03:42:17] INFO: Writing conf to disk...
# [2024-06-11 03:42:17] INFO: writeconf_nersc: Writing NERSC configuration ./conf_s060t20_b0666300_a_U000805500
# [2024-06-11 03:42:20] INFO: Calculated checksum: f631484
# [2024-06-11 03:42:24] INFO: Calculated checksum: c5972438
# [2024-06-11 03:42:24] INFO: Writing RNGSTATE file: ./rand_s060t20_b0666300_a_U000805500
# [2024-06-11 03:42:24] INFO: Writing to disk took 7.58694 seconds
# [2024-06-11 03:42:24] INFO: ======================================================================
# [2024-06-11 03:42:24] INFO: Start sweeping...
# [2024-06-11 03:50:44] INFO: It took 499.54 seconds to do 500 HBOR sweeps.
# [2024-06-11 03:50:44] INFO: Plaquette = 0.650058
# [2024-06-11 03:50:44] INFO: Polyakov loop = (0.00117604,-0.00082381)
# [2024-06-11 03:50:44] INFO: Writing conf to disk...
# [2024-06-11 03:50:44] INFO: writeconf_nersc: Writing NERSC configuration ./conf_s060t20_b0666300_a_U000806000
# [2024-06-11 03:50:47] INFO: Calculated checksum: b1fe3317
# [2024-06-11 03:50:51] INFO: Calculated checksum: 7aff4e7e
# [2024-06-11 03:50:51] INFO: Writing RNGSTATE file: ./rand_s060t20_b0666300_a_U000806000
# [2024-06-11 03:50:51] INFO: Writing to disk took 7.38655 seconds
# [2024-06-11 03:50:51] INFO: ======================================================================
# [2024-06-11 03:50:51] INFO: Start sweeping...
# [2024-06-11 03:59:10] INFO: It took 498.787 seconds to do 500 HBOR sweeps.
# [2024-06-11 03:59:10] INFO: Plaquette = 0.650028
# [2024-06-11 03:59:10] INFO: Polyakov loop = (-0.000834194,9.00771e-05)
# [2024-06-11 03:59:10] INFO: Writing conf to disk...
# [2024-06-11 03:59:10] INFO: writeconf_nersc: Writing NERSC configuration ./conf_s060t20_b0666300_a_U000806500
# [2024-06-11 03:59:13] INFO: Calculated checksum: efbcdcd6
# [2024-06-11 03:59:18] INFO: Calculated checksum: 174801a7
# [2024-06-11 03:59:18] INFO: Writing RNGSTATE file: ./rand_s060t20_b0666300_a_U000806500
# [2024-06-11 03:59:18] INFO: Writing to disk took 7.59723 seconds
# [2024-06-11 03:59:18] INFO: ======================================================================
# [2024-06-11 03:59:18] INFO: Start sweeping...
# [2024-06-11 04:07:37] INFO: It took 499.117 seconds to do 500 HBOR sweeps.
# [2024-06-11 04:07:37] INFO: Plaquette = 0.650154
# [2024-06-11 04:07:37] INFO: Polyakov loop = (-0.000578209,-0.000484626)
# [2024-06-11 04:07:37] INFO: Writing conf to disk...
# [2024-06-11 04:07:37] INFO: writeconf_nersc: Writing NERSC configuration ./conf_s060t20_b0666300_a_U000807000
# [2024-06-11 04:07:40] INFO: Calculated checksum: 7bf1eead
# [2024-06-11 04:07:45] INFO: Calculated checksum: 6d60d5d7
# [2024-06-11 04:07:45] INFO: Writing RNGSTATE file: ./rand_s060t20_b0666300_a_U000807000
# [2024-06-11 04:07:45] INFO: Writing to disk took 7.60319 seconds
# [2024-06-11 04:07:45] INFO: ======================================================================
# [2024-06-11 04:07:45] INFO: Start sweeping...
# [2024-06-11 04:16:04] INFO: It took 499.344 seconds to do 500 HBOR sweeps.
# [2024-06-11 04:16:04] INFO: Plaquette = 0.650037
# [2024-06-11 04:16:04] INFO: Polyakov loop = (-0.000374494,0.000745896)
# [2024-06-11 04:16:04] INFO: Writing conf to disk...
# [2024-06-11 04:16:04] INFO: writeconf_nersc: Writing NERSC configuration ./conf_s060t20_b0666300_a_U000807500
# [2024-06-11 04:16:07] INFO: Calculated checksum: cb790314
# [2024-06-11 04:16:11] INFO: Calculated checksum: 48116206
# [2024-06-11 04:16:11] INFO: Writing RNGSTATE file: ./rand_s060t20_b0666300_a_U000807500
# [2024-06-11 04:16:12] INFO: Writing to disk took 7.5262 seconds
# [2024-06-11 04:16:12] INFO: ======================================================================
# [2024-06-11 04:16:12] INFO: Start sweeping...
# [2024-06-11 04:24:31] INFO: It took 498.954 seconds to do 500 HBOR sweeps.
# [2024-06-11 04:24:31] INFO: Plaquette = 0.6501
# [2024-06-11 04:24:31] INFO: Polyakov loop = (0.000768048,-0.000476528)
# [2024-06-11 04:24:31] INFO: Writing conf to disk...
# [2024-06-11 04:24:31] INFO: writeconf_nersc: Writing NERSC configuration ./conf_s060t20_b0666300_a_U000808000
# [2024-06-11 04:24:33] INFO: Calculated checksum: 29ccd418
# [2024-06-11 04:24:38] INFO: Calculated checksum: 64d98827
# [2024-06-11 04:24:38] INFO: Writing RNGSTATE file: ./rand_s060t20_b0666300_a_U000808000
# [2024-06-11 04:24:38] INFO: Writing to disk took 7.59456 seconds
# [2024-06-11 04:24:38] INFO: ======================================================================
# [2024-06-11 04:24:38] INFO: Start sweeping...
# [2024-06-11 04:32:57] INFO: It took 498.795 seconds to do 500 HBOR sweeps.
# [2024-06-11 04:32:57] INFO: Plaquette = 0.650128
# [2024-06-11 04:32:57] INFO: Polyakov loop = (0.0012695,0.000234618)
# [2024-06-11 04:32:57] INFO: Writing conf to disk...
# [2024-06-11 04:32:57] INFO: writeconf_nersc: Writing NERSC configuration ./conf_s060t20_b0666300_a_U000808500
# [2024-06-11 04:33:00] INFO: Calculated checksum: 2f49ba51
# [2024-06-11 04:33:05] INFO: Calculated checksum: 95e33ff8
# [2024-06-11 04:33:05] INFO: Writing RNGSTATE file: ./rand_s060t20_b0666300_a_U000808500
# [2024-06-11 04:33:05] INFO: Writing to disk took 7.70969 seconds
# [2024-06-11 04:33:05] INFO: ======================================================================
# [2024-06-11 04:33:05] INFO: Start sweeping...
# [2024-06-11 04:41:24] INFO: It took 498.998 seconds to do 500 HBOR sweeps.
# [2024-06-11 04:41:24] INFO: Plaquette = 0.650194
# [2024-06-11 04:41:24] INFO: Polyakov loop = (0.000163213,0.000379112)
# [2024-06-11 04:41:24] INFO: Writing conf to disk...
# [2024-06-11 04:41:24] INFO: writeconf_nersc: Writing NERSC configuration ./conf_s060t20_b0666300_a_U000809000
# [2024-06-11 04:41:27] INFO: Calculated checksum: 8a08e09e
# [2024-06-11 04:41:31] INFO: Calculated checksum: e7338ebd
# [2024-06-11 04:41:31] INFO: Writing RNGSTATE file: ./rand_s060t20_b0666300_a_U000809000
# [2024-06-11 04:41:31] INFO: Writing to disk took 7.51853 seconds
# [2024-06-11 04:41:31] INFO: ======================================================================
# [2024-06-11 04:41:31] INFO: Start sweeping...
# [2024-06-11 04:49:51] INFO: It took 499.246 seconds to do 500 HBOR sweeps.
# [2024-06-11 04:49:51] INFO: Plaquette = 0.650129
# [2024-06-11 04:49:51] INFO: Polyakov loop = (0.000517204,0.00125142)
# [2024-06-11 04:49:51] INFO: Writing conf to disk...
# [2024-06-11 04:49:51] INFO: writeconf_nersc: Writing NERSC configuration ./conf_s060t20_b0666300_a_U000809500
# [2024-06-11 04:49:53] INFO: Calculated checksum: 6e1db787
# [2024-06-11 04:49:58] INFO: Calculated checksum: d0bf6b51
# [2024-06-11 04:49:58] INFO: Writing RNGSTATE file: ./rand_s060t20_b0666300_a_U000809500
# [2024-06-11 04:49:58] INFO: Writing to disk took 7.48987 seconds
# [2024-06-11 04:49:58] INFO: ======================================================================
# [2024-06-11 04:49:58] INFO: Start sweeping...
# [2024-06-11 04:58:17] INFO: It took 499.105 seconds to do 500 HBOR sweeps.
# [2024-06-11 04:58:17] INFO: Plaquette = 0.650055
# [2024-06-11 04:58:17] INFO: Polyakov loop = (0.000504481,-0.000686372)
# [2024-06-11 04:58:17] INFO: Writing conf to disk...
# [2024-06-11 04:58:17] INFO: writeconf_nersc: Writing NERSC configuration ./conf_s060t20_b0666300_a_U000810000
# [2024-06-11 04:58:20] INFO: Calculated checksum: 69174bd6
# [2024-06-11 04:58:25] INFO: Calculated checksum: 38804e08
# [2024-06-11 04:58:25] INFO: Writing RNGSTATE file: ./rand_s060t20_b0666300_a_U000810000
# [2024-06-11 04:58:25] INFO: Writing to disk took 7.75675 seconds
# [2024-06-11 04:58:25] INFO: ======================================================================
# [2024-06-11 04:58:25] INFO: Start sweeping...
# [2024-06-11 05:06:46] INFO: It took 500.508 seconds to do 500 HBOR sweeps.
# [2024-06-11 05:06:46] INFO: Plaquette = 0.650035
# [2024-06-11 05:06:46] INFO: Polyakov loop = (0.00122793,-3.98281e-05)
# [2024-06-11 05:06:46] INFO: Writing conf to disk...
# [2024-06-11 05:06:46] INFO: writeconf_nersc: Writing NERSC configuration ./conf_s060t20_b0666300_a_U000810500
# [2024-06-11 05:06:48] INFO: Calculated checksum: 5c06b2b0
# [2024-06-11 05:06:53] INFO: Calculated checksum: acb88aa0
# [2024-06-11 05:06:53] INFO: Writing RNGSTATE file: ./rand_s060t20_b0666300_a_U000810500
# [2024-06-11 05:06:53] INFO: Writing to disk took 7.51799 seconds
# [2024-06-11 05:06:53] INFO: ======================================================================
# [2024-06-11 05:06:53] INFO: Start sweeping...
# [2024-06-11 05:15:13] INFO: It took 500.302 seconds to do 500 HBOR sweeps.
# [2024-06-11 05:15:13] INFO: Plaquette = 0.649994
# [2024-06-11 05:15:13] INFO: Polyakov loop = (0.000446406,-0.000142502)
# [2024-06-11 05:15:13] INFO: Writing conf to disk...
# [2024-06-11 05:15:13] INFO: writeconf_nersc: Writing NERSC configuration ./conf_s060t20_b0666300_a_U000811000
# [2024-06-11 05:15:16] INFO: Calculated checksum: f9a8ec4f
# [2024-06-11 05:15:21] INFO: Calculated checksum: 252a9bbb
# [2024-06-11 05:15:21] INFO: Writing RNGSTATE file: ./rand_s060t20_b0666300_a_U000811000
# [2024-06-11 05:15:21] INFO: Writing to disk took 7.4978 seconds
# [2024-06-11 05:15:21] INFO: ======================================================================
# [2024-06-11 05:15:21] INFO: Start sweeping...
# [2024-06-11 05:23:40] INFO: It took 499.31 seconds to do 500 HBOR sweeps.
# [2024-06-11 05:23:40] INFO: Plaquette = 0.650112
# [2024-06-11 05:23:40] INFO: Polyakov loop = (0.00112831,0.00055734)
# [2024-06-11 05:23:40] INFO: Writing conf to disk...
# [2024-06-11 05:23:40] INFO: writeconf_nersc: Writing NERSC configuration ./conf_s060t20_b0666300_a_U000811500
# [2024-06-11 05:23:43] INFO: Calculated checksum: 6e154f38
# [2024-06-11 05:23:48] INFO: Calculated checksum: 183f7bd4
# [2024-06-11 05:23:48] INFO: Writing RNGSTATE file: ./rand_s060t20_b0666300_a_U000811500
# [2024-06-11 05:23:48] INFO: Writing to disk took 7.48743 seconds
# [2024-06-11 05:23:48] INFO: ======================================================================
# [2024-06-11 05:23:48] INFO: Start sweeping...
# [2024-06-11 05:32:06] INFO: It took 498.378 seconds to do 500 HBOR sweeps.
# [2024-06-11 05:32:06] INFO: Plaquette = 0.65007
# [2024-06-11 05:32:06] INFO: Polyakov loop = (-0.000278092,0.000307694)
# [2024-06-11 05:32:06] INFO: Writing conf to disk...
# [2024-06-11 05:32:06] INFO: writeconf_nersc: Writing NERSC configuration ./conf_s060t20_b0666300_a_U000812000
# [2024-06-11 05:32:09] INFO: Calculated checksum: 4d094368
# [2024-06-11 05:32:14] INFO: Calculated checksum: ed2e27f3
# [2024-06-11 05:32:14] INFO: Writing RNGSTATE file: ./rand_s060t20_b0666300_a_U000812000
# [2024-06-11 05:32:14] INFO: Writing to disk took 7.56268 seconds
# [2024-06-11 05:32:14] INFO: ======================================================================
# [2024-06-11 05:32:14] INFO: Start sweeping...
# [2024-06-11 05:40:32] INFO: It took 498.267 seconds to do 500 HBOR sweeps.
# [2024-06-11 05:40:32] INFO: Plaquette = 0.650076
# [2024-06-11 05:40:32] INFO: Polyakov loop = (-0.000250501,-1.61978e-05)
# [2024-06-11 05:40:32] INFO: Writing conf to disk...
# [2024-06-11 05:40:32] INFO: writeconf_nersc: Writing NERSC configuration ./conf_s060t20_b0666300_a_U000812500
# [2024-06-11 05:40:35] INFO: Calculated checksum: e06559ea
# [2024-06-11 05:40:40] INFO: Calculated checksum: 9663f074
# [2024-06-11 05:40:40] INFO: Writing RNGSTATE file: ./rand_s060t20_b0666300_a_U000812500
# [2024-06-11 05:40:40] INFO: Writing to disk took 7.68888 seconds
# [2024-06-11 05:40:40] INFO: ======================================================================
# [2024-06-11 05:40:40] INFO: Start sweeping...
# [2024-06-11 05:48:59] INFO: It took 499.535 seconds to do 500 HBOR sweeps.
# [2024-06-11 05:48:59] INFO: Plaquette = 0.65013
# [2024-06-11 05:48:59] INFO: Polyakov loop = (-0.000134692,5.25792e-05)
# [2024-06-11 05:48:59] INFO: Writing conf to disk...
# [2024-06-11 05:48:59] INFO: writeconf_nersc: Writing NERSC configuration ./conf_s060t20_b0666300_a_U000813000
# [2024-06-11 05:49:02] INFO: Calculated checksum: d2482355
# [2024-06-11 05:49:07] INFO: Calculated checksum: 52baf9a7
# [2024-06-11 05:49:07] INFO: Writing RNGSTATE file: ./rand_s060t20_b0666300_a_U000813000
# [2024-06-11 05:49:07] INFO: Writing to disk took 7.75778 seconds
# [2024-06-11 05:49:07] INFO: ======================================================================
# [2024-06-11 05:49:07] INFO: Start sweeping...
# [2024-06-11 05:57:27] INFO: It took 500.079 seconds to do 500 HBOR sweeps.
# [2024-06-11 05:57:27] INFO: Plaquette = 0.650094
# [2024-06-11 05:57:27] INFO: Polyakov loop = (-0.000145451,0.000200782)
# [2024-06-11 05:57:27] INFO: Writing conf to disk...
# [2024-06-11 05:57:27] INFO: writeconf_nersc: Writing NERSC configuration ./conf_s060t20_b0666300_a_U000813500
# [2024-06-11 05:57:30] INFO: Calculated checksum: 7fb9e7e
# [2024-06-11 05:57:34] INFO: Calculated checksum: d234bcb3
# [2024-06-11 05:57:34] INFO: Writing RNGSTATE file: ./rand_s060t20_b0666300_a_U000813500
# [2024-06-11 05:57:35] INFO: Writing to disk took 7.21752 seconds
# [2024-06-11 05:57:35] INFO: ======================================================================
# [2024-06-11 05:57:35] INFO: Start sweeping...
# [2024-06-11 06:05:54] INFO: It took 499.776 seconds to do 500 HBOR sweeps.
# [2024-06-11 06:05:54] INFO: Plaquette = 0.650064
# [2024-06-11 06:05:54] INFO: Polyakov loop = (-0.00072235,0.000145985)
# [2024-06-11 06:05:54] INFO: Writing conf to disk...
# [2024-06-11 06:05:54] INFO: writeconf_nersc: Writing NERSC configuration ./conf_s060t20_b0666300_a_U000814000
# [2024-06-11 06:05:57] INFO: Calculated checksum: 9af5e915
# [2024-06-11 06:06:02] INFO: Calculated checksum: 508657b1
# [2024-06-11 06:06:02] INFO: Writing RNGSTATE file: ./rand_s060t20_b0666300_a_U000814000
# [2024-06-11 06:06:02] INFO: Writing to disk took 7.35055 seconds
# [2024-06-11 06:06:02] INFO: ======================================================================
# [2024-06-11 06:06:02] INFO: Start sweeping...
# [2024-06-11 06:14:21] INFO: It took 499.438 seconds to do 500 HBOR sweeps.
# [2024-06-11 06:14:21] INFO: Plaquette = 0.650107
# [2024-06-11 06:14:21] INFO: Polyakov loop = (-2.53784e-05,0.000125535)
# [2024-06-11 06:14:21] INFO: Writing conf to disk...
# [2024-06-11 06:14:21] INFO: writeconf_nersc: Writing NERSC configuration ./conf_s060t20_b0666300_a_U000814500
# [2024-06-11 06:14:24] INFO: Calculated checksum: 577a3986
# [2024-06-11 06:14:29] INFO: Calculated checksum: 5df7e560
# [2024-06-11 06:14:29] INFO: Writing RNGSTATE file: ./rand_s060t20_b0666300_a_U000814500
# [2024-06-11 06:14:29] INFO: Writing to disk took 7.63813 seconds
# [2024-06-11 06:14:29] INFO: ======================================================================
# [2024-06-11 06:14:29] INFO: Start sweeping...
# [2024-06-11 06:22:48] INFO: It took 499.542 seconds to do 500 HBOR sweeps.
# [2024-06-11 06:22:48] INFO: Plaquette = 0.650066
# [2024-06-11 06:22:48] INFO: Polyakov loop = (0.00070962,0.000243381)
# [2024-06-11 06:22:48] INFO: Writing conf to disk...
# [2024-06-11 06:22:48] INFO: writeconf_nersc: Writing NERSC configuration ./conf_s060t20_b0666300_a_U000815000
# [2024-06-11 06:22:51] INFO: Calculated checksum: 304c7b21
# [2024-06-11 06:22:56] INFO: Calculated checksum: 562481f9
# [2024-06-11 06:22:56] INFO: Writing RNGSTATE file: ./rand_s060t20_b0666300_a_U000815000
# [2024-06-11 06:22:56] INFO: Writing to disk took 7.5126 seconds
# [2024-06-11 06:22:56] INFO: ======================================================================
# [2024-06-11 06:22:56] INFO: Start sweeping...
# [2024-06-11 06:31:15] INFO: It took 499.066 seconds to do 500 HBOR sweeps.
# [2024-06-11 06:31:15] INFO: Plaquette = 0.650126
# [2024-06-11 06:31:15] INFO: Polyakov loop = (0.0013665,-0.000365246)
# [2024-06-11 06:31:15] INFO: Writing conf to disk...
# [2024-06-11 06:31:15] INFO: writeconf_nersc: Writing NERSC configuration ./conf_s060t20_b0666300_a_U000815500
# [2024-06-11 06:31:18] INFO: Calculated checksum: f42a6bc6
# [2024-06-11 06:31:22] INFO: Calculated checksum: c2e177da
# [2024-06-11 06:31:22] INFO: Writing RNGSTATE file: ./rand_s060t20_b0666300_a_U000815500
# [2024-06-11 06:31:23] INFO: Writing to disk took 7.48991 seconds
# [2024-06-11 06:31:23] INFO: ======================================================================
# [2024-06-11 06:31:23] INFO: Start sweeping...
# [2024-06-11 06:39:42] INFO: It took 499.102 seconds to do 500 HBOR sweeps.
# [2024-06-11 06:39:42] INFO: Plaquette = 0.650021
# [2024-06-11 06:39:42] INFO: Polyakov loop = (0.000579088,0.000493543)
# [2024-06-11 06:39:42] INFO: Writing conf to disk...
# [2024-06-11 06:39:42] INFO: writeconf_nersc: Writing NERSC configuration ./conf_s060t20_b0666300_a_U000816000
# [2024-06-11 06:39:45] INFO: Calculated checksum: 4a53902d
# [2024-06-11 06:39:49] INFO: Calculated checksum: 94726b56
# [2024-06-11 06:39:49] INFO: Writing RNGSTATE file: ./rand_s060t20_b0666300_a_U000816000
# [2024-06-11 06:39:49] INFO: Writing to disk took 7.4675 seconds
# [2024-06-11 06:39:49] INFO: ======================================================================
# [2024-06-11 06:39:49] INFO: Start sweeping...
# [2024-06-11 06:48:08] INFO: It took 499.124 seconds to do 500 HBOR sweeps.
# [2024-06-11 06:48:08] INFO: Plaquette = 0.650141
# [2024-06-11 06:48:08] INFO: Polyakov loop = (0.00124698,-3.59535e-05)
# [2024-06-11 06:48:08] INFO: Writing conf to disk...
# [2024-06-11 06:48:08] INFO: writeconf_nersc: Writing NERSC configuration ./conf_s060t20_b0666300_a_U000816500
# [2024-06-11 06:48:11] INFO: Calculated checksum: 2b9b4ee2
# [2024-06-11 06:48:16] INFO: Calculated checksum: 3c44de03
# [2024-06-11 06:48:16] INFO: Writing RNGSTATE file: ./rand_s060t20_b0666300_a_U000816500
# [2024-06-11 06:48:16] INFO: Writing to disk took 7.47653 seconds
# [2024-06-11 06:48:16] INFO: ======================================================================
# [2024-06-11 06:48:16] INFO: Start sweeping...
# [2024-06-11 06:56:26] INFO: It took 489.94 seconds to do 500 HBOR sweeps.
# [2024-06-11 06:56:26] INFO: Plaquette = 0.650037
# [2024-06-11 06:56:26] INFO: Polyakov loop = (-0.000273653,9.83139e-05)
# [2024-06-11 06:56:26] INFO: Writing conf to disk...
# [2024-06-11 06:56:26] INFO: writeconf_nersc: Writing NERSC configuration ./conf_s060t20_b0666300_a_U000817000
# [2024-06-11 06:56:29] INFO: Calculated checksum: 83dc88a8
# [2024-06-11 06:56:33] INFO: Calculated checksum: 43bdac37
# [2024-06-11 06:56:33] INFO: Writing RNGSTATE file: ./rand_s060t20_b0666300_a_U000817000
# [2024-06-11 06:56:33] INFO: Writing to disk took 7.10971 seconds
# [2024-06-11 06:56:33] INFO: ======================================================================
# [2024-06-11 06:56:33] INFO: Start sweeping...
# [2024-06-11 07:04:37] INFO: It took 483.881 seconds to do 500 HBOR sweeps.
# [2024-06-11 07:04:37] INFO: Plaquette = 0.650144
# [2024-06-11 07:04:37] INFO: Polyakov loop = (0.000306185,-7.42314e-05)
# [2024-06-11 07:04:37] INFO: Writing conf to disk...
# [2024-06-11 07:04:37] INFO: writeconf_nersc: Writing NERSC configuration ./conf_s060t20_b0666300_a_U000817500
# [2024-06-11 07:04:40] INFO: Calculated checksum: 31634660
# [2024-06-11 07:04:44] INFO: Calculated checksum: 2190c376
# [2024-06-11 07:04:44] INFO: Writing RNGSTATE file: ./rand_s060t20_b0666300_a_U000817500
# [2024-06-11 07:04:44] INFO: Writing to disk took 7.29156 seconds
# [2024-06-11 07:04:44] INFO: ======================================================================
# [2024-06-11 07:04:44] INFO: Start sweeping...
# [2024-06-11 07:12:48] INFO: It took 484.08 seconds to do 500 HBOR sweeps.
# [2024-06-11 07:12:48] INFO: Plaquette = 0.650077
# [2024-06-11 07:12:48] INFO: Polyakov loop = (-0.000712973,-0.000665202)
# [2024-06-11 07:12:48] INFO: Writing conf to disk...
# [2024-06-11 07:12:48] INFO: writeconf_nersc: Writing NERSC configuration ./conf_s060t20_b0666300_a_U000818000
# [2024-06-11 07:12:51] INFO: Calculated checksum: ae3bae6b
# [2024-06-11 07:12:56] INFO: Calculated checksum: c2402639
# [2024-06-11 07:12:56] INFO: Writing RNGSTATE file: ./rand_s060t20_b0666300_a_U000818000
# [2024-06-11 07:12:56] INFO: Writing to disk took 7.477 seconds
# [2024-06-11 07:12:56] INFO: ======================================================================
# [2024-06-11 07:12:56] INFO: Start sweeping...
# [2024-06-11 07:21:01] INFO: It took 485.174 seconds to do 500 HBOR sweeps.
# [2024-06-11 07:21:01] INFO: Plaquette = 0.650086
# [2024-06-11 07:21:01] INFO: Polyakov loop = (-0.000988533,1.20063e-05)
# [2024-06-11 07:21:01] INFO: Writing conf to disk...
# [2024-06-11 07:21:01] INFO: writeconf_nersc: Writing NERSC configuration ./conf_s060t20_b0666300_a_U000818500
# [2024-06-11 07:21:04] INFO: Calculated checksum: aea2e4d
# [2024-06-11 07:21:08] INFO: Calculated checksum: a9c5d8c3
# [2024-06-11 07:21:08] INFO: Writing RNGSTATE file: ./rand_s060t20_b0666300_a_U000818500
# [2024-06-11 07:21:09] INFO: Writing to disk took 7.46774 seconds
# [2024-06-11 07:21:09] INFO: ======================================================================
# [2024-06-11 07:21:09] INFO: Start sweeping...
# [2024-06-11 07:29:14] INFO: It took 485.45 seconds to do 500 HBOR sweeps.
# [2024-06-11 07:29:14] INFO: Plaquette = 0.650018
# [2024-06-11 07:29:14] INFO: Polyakov loop = (-0.000654904,2.2198e-05)
# [2024-06-11 07:29:14] INFO: Writing conf to disk...
# [2024-06-11 07:29:14] INFO: writeconf_nersc: Writing NERSC configuration ./conf_s060t20_b0666300_a_U000819000
# [2024-06-11 07:29:17] INFO: Calculated checksum: 271bb814
# [2024-06-11 07:29:21] INFO: Calculated checksum: e86b54dd
# [2024-06-11 07:29:21] INFO: Writing RNGSTATE file: ./rand_s060t20_b0666300_a_U000819000
# [2024-06-11 07:29:21] INFO: Writing to disk took 7.48077 seconds
# [2024-06-11 07:29:21] INFO: ======================================================================
# [2024-06-11 07:29:21] INFO: Start sweeping...
# [2024-06-11 07:37:27] INFO: It took 485.639 seconds to do 500 HBOR sweeps.
# [2024-06-11 07:37:27] INFO: Plaquette = 0.650011
# [2024-06-11 07:37:27] INFO: Polyakov loop = (0.000963647,-0.000914895)
# [2024-06-11 07:37:27] INFO: Writing conf to disk...
# [2024-06-11 07:37:27] INFO: writeconf_nersc: Writing NERSC configuration ./conf_s060t20_b0666300_a_U000819500
# [2024-06-11 07:37:30] INFO: Calculated checksum: 1a0ae23d
# [2024-06-11 07:37:35] INFO: Calculated checksum: 3e65e454
# [2024-06-11 07:37:35] INFO: Writing RNGSTATE file: ./rand_s060t20_b0666300_a_U000819500
# [2024-06-11 07:37:35] INFO: Writing to disk took 7.46908 seconds
# [2024-06-11 07:37:35] INFO: ======================================================================
# [2024-06-11 07:37:35] INFO: Start sweeping...
# [2024-06-11 07:45:40] INFO: It took 485.625 seconds to do 500 HBOR sweeps.
# [2024-06-11 07:45:40] INFO: Plaquette = 0.650148
# [2024-06-11 07:45:40] INFO: Polyakov loop = (0.000159384,-0.000267062)
# [2024-06-11 07:45:40] INFO: Writing conf to disk...
# [2024-06-11 07:45:40] INFO: writeconf_nersc: Writing NERSC configuration ./conf_s060t20_b0666300_a_U000820000
# [2024-06-11 07:45:43] INFO: Calculated checksum: fc600690
# [2024-06-11 07:45:48] INFO: Calculated checksum: b1cf7abd
# [2024-06-11 07:45:48] INFO: Writing RNGSTATE file: ./rand_s060t20_b0666300_a_U000820000
# [2024-06-11 07:45:48] INFO: Writing to disk took 7.55814 seconds
# [2024-06-11 07:45:48] INFO: ======================================================================
# [2024-06-11 07:45:48] INFO: Start sweeping...
# [2024-06-11 07:53:53] INFO: It took 484.851 seconds to do 500 HBOR sweeps.
# [2024-06-11 07:53:53] INFO: Plaquette = 0.650107
# [2024-06-11 07:53:53] INFO: Polyakov loop = (0.00115982,-0.000322122)
# [2024-06-11 07:53:53] INFO: Writing conf to disk...
# [2024-06-11 07:53:53] INFO: writeconf_nersc: Writing NERSC configuration ./conf_s060t20_b0666300_a_U000820500
# [2024-06-11 07:53:56] INFO: Calculated checksum: e7ced862
# [2024-06-11 07:54:00] INFO: Calculated checksum: 85dae393
# [2024-06-11 07:54:00] INFO: Writing RNGSTATE file: ./rand_s060t20_b0666300_a_U000820500
# [2024-06-11 07:54:00] INFO: Writing to disk took 7.55024 seconds
# [2024-06-11 07:54:00] INFO: ======================================================================
# [2024-06-11 07:54:00] INFO: Start sweeping...
# [2024-06-11 08:02:05] INFO: It took 484.764 seconds to do 500 HBOR sweeps.
# [2024-06-11 08:02:05] INFO: Plaquette = 0.650115
# [2024-06-11 08:02:05] INFO: Polyakov loop = (9.3762e-05,-0.000353797)
# [2024-06-11 08:02:05] INFO: Writing conf to disk...
# [2024-06-11 08:02:05] INFO: writeconf_nersc: Writing NERSC configuration ./conf_s060t20_b0666300_a_U000821000
# [2024-06-11 08:02:08] INFO: Calculated checksum: 69bb3f00
# [2024-06-11 08:02:12] INFO: Calculated checksum: cde97a2
# [2024-06-11 08:02:12] INFO: Writing RNGSTATE file: ./rand_s060t20_b0666300_a_U000821000
# [2024-06-11 08:02:13] INFO: Writing to disk took 7.37268 seconds
# [2024-06-11 08:02:13] INFO: ======================================================================
# [2024-06-11 08:02:13] INFO: Start sweeping...
# [2024-06-11 08:10:17] INFO: It took 484.608 seconds to do 500 HBOR sweeps.
# [2024-06-11 08:10:17] INFO: Plaquette = 0.650053
# [2024-06-11 08:10:17] INFO: Polyakov loop = (-0.000397264,-0.000403603)
# [2024-06-11 08:10:17] INFO: Writing conf to disk...
# [2024-06-11 08:10:17] INFO: writeconf_nersc: Writing NERSC configuration ./conf_s060t20_b0666300_a_U000821500
# [2024-06-11 08:10:20] INFO: Calculated checksum: a1499158
# [2024-06-11 08:10:26] INFO: Calculated checksum: 27af887b
# [2024-06-11 08:10:26] INFO: Writing RNGSTATE file: ./rand_s060t20_b0666300_a_U000821500
# [2024-06-11 08:10:26] INFO: Writing to disk took 8.55064 seconds
# [2024-06-11 08:10:26] INFO: ======================================================================
# [2024-06-11 08:10:26] INFO: Start sweeping...
# [2024-06-11 08:18:31] INFO: It took 484.994 seconds to do 500 HBOR sweeps.
# [2024-06-11 08:18:31] INFO: Plaquette = 0.650109
# [2024-06-11 08:18:31] INFO: Polyakov loop = (0.000598784,0.000105056)
# [2024-06-11 08:18:31] INFO: Writing conf to disk...
# [2024-06-11 08:18:31] INFO: writeconf_nersc: Writing NERSC configuration ./conf_s060t20_b0666300_a_U000822000
# [2024-06-11 08:18:34] INFO: Calculated checksum: 7d892a05
# [2024-06-11 08:18:38] INFO: Calculated checksum: aaf2d6d3
# [2024-06-11 08:18:38] INFO: Writing RNGSTATE file: ./rand_s060t20_b0666300_a_U000822000
# [2024-06-11 08:18:38] INFO: Writing to disk took 7.52145 seconds
# [2024-06-11 08:18:38] INFO: ======================================================================
# [2024-06-11 08:18:38] INFO: Start sweeping...
# [2024-06-11 08:26:44] INFO: It took 485.347 seconds to do 500 HBOR sweeps.
# [2024-06-11 08:26:44] INFO: Plaquette = 0.650087
# [2024-06-11 08:26:44] INFO: Polyakov loop = (0.000638381,0.000109582)
# [2024-06-11 08:26:44] INFO: Writing conf to disk...
# [2024-06-11 08:26:44] INFO: writeconf_nersc: Writing NERSC configuration ./conf_s060t20_b0666300_a_U000822500
# [2024-06-11 08:26:47] INFO: Calculated checksum: dbc69c37
# [2024-06-11 08:26:51] INFO: Calculated checksum: 3580e05c
# [2024-06-11 08:26:51] INFO: Writing RNGSTATE file: ./rand_s060t20_b0666300_a_U000822500
# [2024-06-11 08:26:51] INFO: Writing to disk took 7.55634 seconds
# [2024-06-11 08:26:51] INFO: ======================================================================
# [2024-06-11 08:26:51] INFO: Start sweeping...
# [2024-06-11 08:34:57] INFO: It took 485.495 seconds to do 500 HBOR sweeps.
# [2024-06-11 08:34:57] INFO: Plaquette = 0.650165
# [2024-06-11 08:34:57] INFO: Polyakov loop = (0.000764694,-0.000387139)
# [2024-06-11 08:34:57] INFO: Writing conf to disk...
# [2024-06-11 08:34:57] INFO: writeconf_nersc: Writing NERSC configuration ./conf_s060t20_b0666300_a_U000823000
# [2024-06-11 08:35:00] INFO: Calculated checksum: 538587eb
# [2024-06-11 08:35:04] INFO: Calculated checksum: ee4d603f
# [2024-06-11 08:35:04] INFO: Writing RNGSTATE file: ./rand_s060t20_b0666300_a_U000823000
# [2024-06-11 08:35:04] INFO: Writing to disk took 7.48979 seconds
# [2024-06-11 08:35:04] INFO: ======================================================================
# [2024-06-11 08:35:04] INFO: Start sweeping...
# [2024-06-11 08:43:10] INFO: It took 485.756 seconds to do 500 HBOR sweeps.
# [2024-06-11 08:43:10] INFO: Plaquette = 0.650076
# [2024-06-11 08:43:10] INFO: Polyakov loop = (-0.000266759,0.000189551)
# [2024-06-11 08:43:10] INFO: Writing conf to disk...
# [2024-06-11 08:43:10] INFO: writeconf_nersc: Writing NERSC configuration ./conf_s060t20_b0666300_a_U000823500
# [2024-06-11 08:43:13] INFO: Calculated checksum: c0810873
# [2024-06-11 08:43:18] INFO: Calculated checksum: f58cf8f6
# [2024-06-11 08:43:18] INFO: Writing RNGSTATE file: ./rand_s060t20_b0666300_a_U000823500
# [2024-06-11 08:43:18] INFO: Writing to disk took 7.79168 seconds
# [2024-06-11 08:43:18] INFO: ======================================================================
# [2024-06-11 08:43:18] INFO: Start sweeping...
# [2024-06-11 08:51:24] INFO: It took 486.137 seconds to do 500 HBOR sweeps.
# [2024-06-11 08:51:24] INFO: Plaquette = 0.650123
# [2024-06-11 08:51:24] INFO: Polyakov loop = (-0.000471027,-0.000529245)
# [2024-06-11 08:51:24] INFO: Writing conf to disk...
# [2024-06-11 08:51:24] INFO: writeconf_nersc: Writing NERSC configuration ./conf_s060t20_b0666300_a_U000824000
# [2024-06-11 08:51:27] INFO: Calculated checksum: 464f5880
# [2024-06-11 08:51:31] INFO: Calculated checksum: e84a91c1
# [2024-06-11 08:51:31] INFO: Writing RNGSTATE file: ./rand_s060t20_b0666300_a_U000824000
# [2024-06-11 08:51:31] INFO: Writing to disk took 7.32652 seconds
# [2024-06-11 08:51:31] INFO: ======================================================================
# [2024-06-11 08:51:31] INFO: Start sweeping...
# [2024-06-11 08:59:37] INFO: It took 485.626 seconds to do 500 HBOR sweeps.
# [2024-06-11 08:59:37] INFO: Plaquette = 0.650018
# [2024-06-11 08:59:37] INFO: Polyakov loop = (0.000390926,0.00028128)
# [2024-06-11 08:59:37] INFO: Writing conf to disk...
# [2024-06-11 08:59:37] INFO: writeconf_nersc: Writing NERSC configuration ./conf_s060t20_b0666300_a_U000824500
# [2024-06-11 08:59:40] INFO: Calculated checksum: 10cdc7bd
# [2024-06-11 08:59:45] INFO: Calculated checksum: f64fdcc5
# [2024-06-11 08:59:45] INFO: Writing RNGSTATE file: ./rand_s060t20_b0666300_a_U000824500
# [2024-06-11 08:59:45] INFO: Writing to disk took 7.51791 seconds
# [2024-06-11 08:59:45] INFO: ======================================================================
# [2024-06-11 08:59:45] INFO: Start sweeping...
# [2024-06-11 09:07:51] INFO: It took 486.224 seconds to do 500 HBOR sweeps.
# [2024-06-11 09:07:51] INFO: Plaquette = 0.650077
# [2024-06-11 09:07:51] INFO: Polyakov loop = (-0.000643075,0.000245749)
# [2024-06-11 09:07:51] INFO: Writing conf to disk...
# [2024-06-11 09:07:51] INFO: writeconf_nersc: Writing NERSC configuration ./conf_s060t20_b0666300_a_U000825000
# [2024-06-11 09:07:54] INFO: Calculated checksum: 6ab7e7da
# [2024-06-11 09:07:58] INFO: Calculated checksum: d89b4d27
# [2024-06-11 09:07:58] INFO: Writing RNGSTATE file: ./rand_s060t20_b0666300_a_U000825000
# [2024-06-11 09:07:59] INFO: Writing to disk took 7.57183 seconds
# [2024-06-11 09:07:59] INFO: ======================================================================
# [2024-06-11 09:07:59] INFO: Start sweeping...
# [2024-06-11 09:16:03] INFO: It took 484.642 seconds to do 500 HBOR sweeps.
# [2024-06-11 09:16:03] INFO: Plaquette = 0.650042
# [2024-06-11 09:16:03] INFO: Polyakov loop = (-0.00059684,-0.000722389)
# [2024-06-11 09:16:03] INFO: Writing conf to disk...
# [2024-06-11 09:16:03] INFO: writeconf_nersc: Writing NERSC configuration ./conf_s060t20_b0666300_a_U000825500
# [2024-06-11 09:16:07] INFO: Calculated checksum: 975f2f1c
# [2024-06-11 09:16:11] INFO: Calculated checksum: 36c530f1
# [2024-06-11 09:16:11] INFO: Writing RNGSTATE file: ./rand_s060t20_b0666300_a_U000825500
# [2024-06-11 09:16:11] INFO: Writing to disk took 8.08766 seconds
# [2024-06-11 09:16:11] INFO: ======================================================================
# [2024-06-11 09:16:11] INFO: Start sweeping...
# [2024-06-11 09:24:16] INFO: It took 484.915 seconds to do 500 HBOR sweeps.
# [2024-06-11 09:24:16] INFO: Plaquette = 0.650115
# [2024-06-11 09:24:16] INFO: Polyakov loop = (0.000366546,-0.00113273)
# [2024-06-11 09:24:16] INFO: Writing conf to disk...
# [2024-06-11 09:24:16] INFO: writeconf_nersc: Writing NERSC configuration ./conf_s060t20_b0666300_a_U000826000
# [2024-06-11 09:24:19] INFO: Calculated checksum: a2467215
# [2024-06-11 09:24:24] INFO: Calculated checksum: aa064c63
# [2024-06-11 09:24:24] INFO: Writing RNGSTATE file: ./rand_s060t20_b0666300_a_U000826000
# [2024-06-11 09:24:24] INFO: Writing to disk took 7.51134 seconds
# [2024-06-11 09:24:24] INFO: ======================================================================
# [2024-06-11 09:24:24] INFO: Start sweeping...
# [2024-06-11 09:32:29] INFO: It took 484.855 seconds to do 500 HBOR sweeps.
# [2024-06-11 09:32:29] INFO: Plaquette = 0.650169
# [2024-06-11 09:32:29] INFO: Polyakov loop = (-0.000658206,-0.000392882)
# [2024-06-11 09:32:29] INFO: Writing conf to disk...
# [2024-06-11 09:32:29] INFO: writeconf_nersc: Writing NERSC configuration ./conf_s060t20_b0666300_a_U000826500
# [2024-06-11 09:32:32] INFO: Calculated checksum: b6848403
# [2024-06-11 09:32:36] INFO: Calculated checksum: 766393b9
# [2024-06-11 09:32:36] INFO: Writing RNGSTATE file: ./rand_s060t20_b0666300_a_U000826500
# [2024-06-11 09:32:36] INFO: Writing to disk took 6.9363 seconds
# [2024-06-11 09:32:36] INFO: ======================================================================
# [2024-06-11 09:32:36] INFO: Start sweeping...
# [2024-06-11 09:40:39] INFO: It took 483.503 seconds to do 500 HBOR sweeps.
# [2024-06-11 09:40:39] INFO: Plaquette = 0.650139
# [2024-06-11 09:40:39] INFO: Polyakov loop = (-0.000523769,-0.000488916)
# [2024-06-11 09:40:39] INFO: Writing conf to disk...
# [2024-06-11 09:40:39] INFO: writeconf_nersc: Writing NERSC configuration ./conf_s060t20_b0666300_a_U000827000
# [2024-06-11 09:40:42] INFO: Calculated checksum: 86cd4349
# [2024-06-11 09:40:47] INFO: Calculated checksum: f92c705
# [2024-06-11 09:40:47] INFO: Writing RNGSTATE file: ./rand_s060t20_b0666300_a_U000827000
# [2024-06-11 09:40:47] INFO: Writing to disk took 7.68618 seconds
# [2024-06-11 09:40:47] INFO: ======================================================================
# [2024-06-11 09:40:47] INFO: Start sweeping...
# [2024-06-11 09:48:52] INFO: It took 484.838 seconds to do 500 HBOR sweeps.
# [2024-06-11 09:48:52] INFO: Plaquette = 0.650161
# [2024-06-11 09:48:52] INFO: Polyakov loop = (-0.00142448,-0.000519248)
# [2024-06-11 09:48:52] INFO: Writing conf to disk...
# [2024-06-11 09:48:52] INFO: writeconf_nersc: Writing NERSC configuration ./conf_s060t20_b0666300_a_U000827500
# [2024-06-11 09:48:55] INFO: Calculated checksum: 6074e86d
# [2024-06-11 09:48:59] INFO: Calculated checksum: 55a68266
# [2024-06-11 09:48:59] INFO: Writing RNGSTATE file: ./rand_s060t20_b0666300_a_U000827500
# [2024-06-11 09:49:00] INFO: Writing to disk took 7.76587 seconds
# [2024-06-11 09:49:00] INFO: ======================================================================
# [2024-06-11 09:49:00] INFO: Start sweeping...
# [2024-06-11 09:57:05] INFO: It took 485.003 seconds to do 500 HBOR sweeps.
# [2024-06-11 09:57:05] INFO: Plaquette = 0.650055
# [2024-06-11 09:57:05] INFO: Polyakov loop = (0.00129212,-0.000599072)
# [2024-06-11 09:57:05] INFO: Writing conf to disk...
# [2024-06-11 09:57:05] INFO: writeconf_nersc: Writing NERSC configuration ./conf_s060t20_b0666300_a_U000828000
# [2024-06-11 09:57:07] INFO: Calculated checksum: 8cb45868
# [2024-06-11 09:57:12] INFO: Calculated checksum: 373d7403
# [2024-06-11 09:57:12] INFO: Writing RNGSTATE file: ./rand_s060t20_b0666300_a_U000828000
# [2024-06-11 09:57:12] INFO: Writing to disk took 7.42361 seconds
# [2024-06-11 09:57:12] INFO: ======================================================================
# [2024-06-11 09:57:12] INFO: Start sweeping...
# [2024-06-11 10:05:17] INFO: It took 485.423 seconds to do 500 HBOR sweeps.
# [2024-06-11 10:05:17] INFO: Plaquette = 0.650132
# [2024-06-11 10:05:18] INFO: Polyakov loop = (-0.000436096,0.000858529)
# [2024-06-11 10:05:18] INFO: Writing conf to disk...
# [2024-06-11 10:05:18] INFO: writeconf_nersc: Writing NERSC configuration ./conf_s060t20_b0666300_a_U000828500
# [2024-06-11 10:05:20] INFO: Calculated checksum: be52b45d
# [2024-06-11 10:05:25] INFO: Calculated checksum: 81d04373
# [2024-06-11 10:05:25] INFO: Writing RNGSTATE file: ./rand_s060t20_b0666300_a_U000828500
# [2024-06-11 10:05:25] INFO: Writing to disk took 7.62212 seconds
# [2024-06-11 10:05:25] INFO: ======================================================================
# [2024-06-11 10:05:25] INFO: Start sweeping...
# [2024-06-11 10:13:31] INFO: It took 486.076 seconds to do 500 HBOR sweeps.
# [2024-06-11 10:13:31] INFO: Plaquette = 0.650041
# [2024-06-11 10:13:31] INFO: Polyakov loop = (-0.000595004,-0.000725219)
# [2024-06-11 10:13:31] INFO: Writing conf to disk...
# [2024-06-11 10:13:31] INFO: writeconf_nersc: Writing NERSC configuration ./conf_s060t20_b0666300_a_U000829000
# [2024-06-11 10:13:34] INFO: Calculated checksum: 38698503
# [2024-06-11 10:13:39] INFO: Calculated checksum: 881484d5
# [2024-06-11 10:13:39] INFO: Writing RNGSTATE file: ./rand_s060t20_b0666300_a_U000829000
# [2024-06-11 10:13:39] INFO: Writing to disk took 7.43613 seconds
# [2024-06-11 10:13:39] INFO: ======================================================================
# [2024-06-11 10:13:39] INFO: Start sweeping...
# [2024-06-11 10:21:45] INFO: It took 485.907 seconds to do 500 HBOR sweeps.
# [2024-06-11 10:21:45] INFO: Plaquette = 0.650143
# [2024-06-11 10:21:45] INFO: Polyakov loop = (-0.000716324,0.000736057)
# [2024-06-11 10:21:45] INFO: Writing conf to disk...
# [2024-06-11 10:21:45] INFO: writeconf_nersc: Writing NERSC configuration ./conf_s060t20_b0666300_a_U000829500
# [2024-06-11 10:21:47] INFO: Calculated checksum: 3d66d581
# [2024-06-11 10:21:52] INFO: Calculated checksum: e4910a0c
# [2024-06-11 10:21:52] INFO: Writing RNGSTATE file: ./rand_s060t20_b0666300_a_U000829500
# [2024-06-11 10:21:52] INFO: Writing to disk took 7.57181 seconds
# [2024-06-11 10:21:52] INFO: ======================================================================
# [2024-06-11 10:21:52] INFO: Start sweeping...
# [2024-06-11 10:29:57] INFO: It took 484.47 seconds to do 500 HBOR sweeps.
# [2024-06-11 10:29:57] INFO: Plaquette = 0.650055
# [2024-06-11 10:29:57] INFO: Polyakov loop = (-0.000660138,-0.000338639)
# [2024-06-11 10:29:57] INFO: Writing conf to disk...
# [2024-06-11 10:29:57] INFO: writeconf_nersc: Writing NERSC configuration ./conf_s060t20_b0666300_a_U000830000
# [2024-06-11 10:30:00] INFO: Calculated checksum: af13c87d
# [2024-06-11 10:30:04] INFO: Calculated checksum: 1aa80403
# [2024-06-11 10:30:04] INFO: Writing RNGSTATE file: ./rand_s060t20_b0666300_a_U000830000
# [2024-06-11 10:30:04] INFO: Writing to disk took 7.53996 seconds
# [2024-06-11 10:30:04] INFO: ======================================================================
# [2024-06-11 10:30:04] INFO: Start sweeping...
# [2024-06-11 10:38:09] INFO: It took 484.628 seconds to do 500 HBOR sweeps.
# [2024-06-11 10:38:09] INFO: Plaquette = 0.650077
# [2024-06-11 10:38:09] INFO: Polyakov loop = (-0.000478984,5.6875e-05)
# [2024-06-11 10:38:09] INFO: Writing conf to disk...
# [2024-06-11 10:38:09] INFO: writeconf_nersc: Writing NERSC configuration ./conf_s060t20_b0666300_a_U000830500
# [2024-06-11 10:38:12] INFO: Calculated checksum: b96d9454
# [2024-06-11 10:38:16] INFO: Calculated checksum: 1c9153a3
# [2024-06-11 10:38:16] INFO: Writing RNGSTATE file: ./rand_s060t20_b0666300_a_U000830500
# [2024-06-11 10:38:16] INFO: Writing to disk took 7.43045 seconds
# [2024-06-11 10:38:16] INFO: ======================================================================
# [2024-06-11 10:38:16] INFO: Start sweeping...
# [2024-06-11 10:46:22] INFO: It took 485.493 seconds to do 500 HBOR sweeps.
# [2024-06-11 10:46:22] INFO: Plaquette = 0.650115
# [2024-06-11 10:46:22] INFO: Polyakov loop = (0.000240145,-0.000494092)
# [2024-06-11 10:46:22] INFO: Writing conf to disk...
# [2024-06-11 10:46:22] INFO: writeconf_nersc: Writing NERSC configuration ./conf_s060t20_b0666300_a_U000831000
# [2024-06-11 10:46:25] INFO: Calculated checksum: 4bbec0f2
# [2024-06-11 10:46:29] INFO: Calculated checksum: 5c7d02a4
# [2024-06-11 10:46:29] INFO: Writing RNGSTATE file: ./rand_s060t20_b0666300_a_U000831000
# [2024-06-11 10:46:29] INFO: Writing to disk took 7.35867 seconds
# [2024-06-11 10:46:29] INFO: ======================================================================
# [2024-06-11 10:46:29] INFO: Start sweeping...
# [2024-06-11 10:54:35] INFO: It took 485.636 seconds to do 500 HBOR sweeps.
# [2024-06-11 10:54:35] INFO: Plaquette = 0.650093
# [2024-06-11 10:54:35] INFO: Polyakov loop = (0.000219094,-1.83148e-05)
# [2024-06-11 10:54:35] INFO: Writing conf to disk...
# [2024-06-11 10:54:35] INFO: writeconf_nersc: Writing NERSC configuration ./conf_s060t20_b0666300_a_U000831500
# [2024-06-11 10:54:38] INFO: Calculated checksum: 6e460a64
# [2024-06-11 10:54:43] INFO: Calculated checksum: ef1e0723
# [2024-06-11 10:54:43] INFO: Writing RNGSTATE file: ./rand_s060t20_b0666300_a_U000831500
# [2024-06-11 10:54:43] INFO: Writing to disk took 7.68226 seconds
# [2024-06-11 10:54:43] INFO: ======================================================================
# [2024-06-11 10:54:43] INFO: Start sweeping...
# [2024-06-11 11:02:49] INFO: It took 485.745 seconds to do 500 HBOR sweeps.
# [2024-06-11 11:02:49] INFO: Plaquette = 0.650046
# [2024-06-11 11:02:49] INFO: Polyakov loop = (0.000460855,-0.000151184)
# [2024-06-11 11:02:49] INFO: Writing conf to disk...
# [2024-06-11 11:02:49] INFO: writeconf_nersc: Writing NERSC configuration ./conf_s060t20_b0666300_a_U000832000
# [2024-06-11 11:02:51] INFO: Calculated checksum: 110e8bcb
# [2024-06-11 11:02:56] INFO: Calculated checksum: 4a2afeb7
# [2024-06-11 11:02:56] INFO: Writing RNGSTATE file: ./rand_s060t20_b0666300_a_U000832000
# [2024-06-11 11:02:56] INFO: Writing to disk took 7.39065 seconds
# [2024-06-11 11:02:56] INFO: ======================================================================
# [2024-06-11 11:02:56] INFO: Start sweeping...
# [2024-06-11 11:11:00] INFO: It took 484.345 seconds to do 500 HBOR sweeps.
# [2024-06-11 11:11:00] INFO: Plaquette = 0.65003
# [2024-06-11 11:11:00] INFO: Polyakov loop = (0.000262922,0.000176383)
# [2024-06-11 11:11:00] INFO: Writing conf to disk...
# [2024-06-11 11:11:00] INFO: writeconf_nersc: Writing NERSC configuration ./conf_s060t20_b0666300_a_U000832500
# [2024-06-11 11:11:03] INFO: Calculated checksum: af5e8e47
# [2024-06-11 11:11:08] INFO: Calculated checksum: 9742a775
# [2024-06-11 11:11:08] INFO: Writing RNGSTATE file: ./rand_s060t20_b0666300_a_U000832500
# [2024-06-11 11:11:08] INFO: Writing to disk took 7.85513 seconds
# [2024-06-11 11:11:08] INFO: ======================================================================
# [2024-06-11 11:11:08] INFO: Start sweeping...
# [2024-06-11 11:19:13] INFO: It took 484.279 seconds to do 500 HBOR sweeps.
# [2024-06-11 11:19:13] INFO: Plaquette = 0.650055
# [2024-06-11 11:19:13] INFO: Polyakov loop = (-0.000871289,-0.000272475)
# [2024-06-11 11:19:13] INFO: Writing conf to disk...
# [2024-06-11 11:19:13] INFO: writeconf_nersc: Writing NERSC configuration ./conf_s060t20_b0666300_a_U000833000
# [2024-06-11 11:19:15] INFO: Calculated checksum: 329827c2
# [2024-06-11 11:19:20] INFO: Calculated checksum: a4db9b86
# [2024-06-11 11:19:20] INFO: Writing RNGSTATE file: ./rand_s060t20_b0666300_a_U000833000
# [2024-06-11 11:19:20] INFO: Writing to disk took 7.47712 seconds
# [2024-06-11 11:19:20] INFO: ======================================================================
# [2024-06-11 11:19:20] INFO: Start sweeping...
# [2024-06-11 11:27:25] INFO: It took 484.842 seconds to do 500 HBOR sweeps.
# [2024-06-11 11:27:25] INFO: Plaquette = 0.65009
# [2024-06-11 11:27:25] INFO: Polyakov loop = (0.000508773,0.00049492)
# [2024-06-11 11:27:25] INFO: Writing conf to disk...
# [2024-06-11 11:27:25] INFO: writeconf_nersc: Writing NERSC configuration ./conf_s060t20_b0666300_a_U000833500
# [2024-06-11 11:27:28] INFO: Calculated checksum: ea6f1ca7
# [2024-06-11 11:27:32] INFO: Calculated checksum: 1240bc1a
# [2024-06-11 11:27:32] INFO: Writing RNGSTATE file: ./rand_s060t20_b0666300_a_U000833500
# [2024-06-11 11:27:32] INFO: Writing to disk took 7.43893 seconds
# [2024-06-11 11:27:32] INFO: ======================================================================
# [2024-06-11 11:27:32] INFO: Start sweeping...
# [2024-06-11 11:35:38] INFO: It took 485.409 seconds to do 500 HBOR sweeps.
# [2024-06-11 11:35:38] INFO: Plaquette = 0.650026
# [2024-06-11 11:35:38] INFO: Polyakov loop = (-0.00130902,0.000377836)
# [2024-06-11 11:35:38] INFO: Writing conf to disk...
# [2024-06-11 11:35:38] INFO: writeconf_nersc: Writing NERSC configuration ./conf_s060t20_b0666300_a_U000834000
# [2024-06-11 11:35:41] INFO: Calculated checksum: 16bca645
# [2024-06-11 11:35:46] INFO: Calculated checksum: c33ef2db
# [2024-06-11 11:35:46] INFO: Writing RNGSTATE file: ./rand_s060t20_b0666300_a_U000834000
# [2024-06-11 11:35:46] INFO: Writing to disk took 7.77171 seconds
# [2024-06-11 11:35:46] INFO: ======================================================================
# [2024-06-11 11:35:46] INFO: Start sweeping...
# [2024-06-11 11:43:52] INFO: It took 486.346 seconds to do 500 HBOR sweeps.
# [2024-06-11 11:43:52] INFO: Plaquette = 0.650101
# [2024-06-11 11:43:52] INFO: Polyakov loop = (-7.34973e-05,0.000824089)
# [2024-06-11 11:43:52] INFO: Writing conf to disk...
# [2024-06-11 11:43:52] INFO: writeconf_nersc: Writing NERSC configuration ./conf_s060t20_b0666300_a_U000834500
# [2024-06-11 11:43:55] INFO: Calculated checksum: df5fe21f
# [2024-06-11 11:44:00] INFO: Calculated checksum: 8856f07d
# [2024-06-11 11:44:00] INFO: Writing RNGSTATE file: ./rand_s060t20_b0666300_a_U000834500
# [2024-06-11 11:44:00] INFO: Writing to disk took 7.57359 seconds
# [2024-06-11 11:44:00] INFO: ======================================================================
# [2024-06-11 11:44:00] INFO: Start sweeping...
# [2024-06-11 11:52:07] INFO: It took 486.616 seconds to do 500 HBOR sweeps.
# [2024-06-11 11:52:07] INFO: Plaquette = 0.650133
# [2024-06-11 11:52:07] INFO: Polyakov loop = (-0.000719672,0.000153492)
# [2024-06-11 11:52:07] INFO: Writing conf to disk...
# [2024-06-11 11:52:07] INFO: writeconf_nersc: Writing NERSC configuration ./conf_s060t20_b0666300_a_U000835000
# [2024-06-11 11:52:09] INFO: Calculated checksum: 54e92b1f
# [2024-06-11 11:52:14] INFO: Calculated checksum: f35e89d2
# [2024-06-11 11:52:14] INFO: Writing RNGSTATE file: ./rand_s060t20_b0666300_a_U000835000
# [2024-06-11 11:52:14] INFO: Writing to disk took 7.50645 seconds
# [2024-06-11 11:52:14] INFO: ======================================================================
# [2024-06-11 11:52:14] INFO: Start sweeping...
# [2024-06-11 12:00:20] INFO: It took 486.039 seconds to do 500 HBOR sweeps.
# [2024-06-11 12:00:20] INFO: Plaquette = 0.650116
# [2024-06-11 12:00:20] INFO: Polyakov loop = (-0.00027028,-0.000151564)
# [2024-06-11 12:00:20] INFO: Writing conf to disk...
# [2024-06-11 12:00:20] INFO: writeconf_nersc: Writing NERSC configuration ./conf_s060t20_b0666300_a_U000835500
# [2024-06-11 12:00:23] INFO: Calculated checksum: eb20ac21
# [2024-06-11 12:00:28] INFO: Calculated checksum: 74a91419
# [2024-06-11 12:00:28] INFO: Writing RNGSTATE file: ./rand_s060t20_b0666300_a_U000835500
# [2024-06-11 12:00:28] INFO: Writing to disk took 7.37134 seconds
# [2024-06-11 12:00:28] INFO: ======================================================================
# [2024-06-11 12:00:28] INFO: Start sweeping...
# [2024-06-11 12:08:34] INFO: It took 485.982 seconds to do 500 HBOR sweeps.
# [2024-06-11 12:08:34] INFO: Plaquette = 0.650144
# [2024-06-11 12:08:34] INFO: Polyakov loop = (-0.000197084,0.000649903)
# [2024-06-11 12:08:34] INFO: Writing conf to disk...
# [2024-06-11 12:08:34] INFO: writeconf_nersc: Writing NERSC configuration ./conf_s060t20_b0666300_a_U000836000
# [2024-06-11 12:08:37] INFO: Calculated checksum: 9c88051
# [2024-06-11 12:08:41] INFO: Calculated checksum: 5a9201f3
# [2024-06-11 12:08:41] INFO: Writing RNGSTATE file: ./rand_s060t20_b0666300_a_U000836000
# [2024-06-11 12:08:41] INFO: Writing to disk took 7.40347 seconds
# [2024-06-11 12:08:41] INFO: ======================================================================
# [2024-06-11 12:08:41] INFO: Start sweeping...
# [2024-06-11 12:16:46] INFO: It took 485.03 seconds to do 500 HBOR sweeps.
# [2024-06-11 12:16:46] INFO: Plaquette = 0.650141
# [2024-06-11 12:16:46] INFO: Polyakov loop = (0.000295354,-0.000536734)
# [2024-06-11 12:16:46] INFO: Writing conf to disk...
# [2024-06-11 12:16:46] INFO: writeconf_nersc: Writing NERSC configuration ./conf_s060t20_b0666300_a_U000836500
# [2024-06-11 12:16:49] INFO: Calculated checksum: 8cb20a65
# [2024-06-11 12:16:54] INFO: Calculated checksum: c05ec7bd
# [2024-06-11 12:16:54] INFO: Writing RNGSTATE file: ./rand_s060t20_b0666300_a_U000836500
# [2024-06-11 12:16:54] INFO: Writing to disk took 7.52283 seconds
# [2024-06-11 12:16:54] INFO: ======================================================================
# [2024-06-11 12:16:54] INFO: Start sweeping...
# [2024-06-11 12:24:59] INFO: It took 485.538 seconds to do 500 HBOR sweeps.
# [2024-06-11 12:24:59] INFO: Plaquette = 0.649977
# [2024-06-11 12:24:59] INFO: Polyakov loop = (0.000591974,-4.25168e-05)
# [2024-06-11 12:24:59] INFO: Writing conf to disk...
# [2024-06-11 12:24:59] INFO: writeconf_nersc: Writing NERSC configuration ./conf_s060t20_b0666300_a_U000837000
# [2024-06-11 12:25:02] INFO: Calculated checksum: f5d84ef3
# [2024-06-11 12:25:07] INFO: Calculated checksum: a6c029ce
# [2024-06-11 12:25:07] INFO: Writing RNGSTATE file: ./rand_s060t20_b0666300_a_U000837000
# [2024-06-11 12:25:07] INFO: Writing to disk took 7.54031 seconds
# [2024-06-11 12:25:07] INFO: ======================================================================
# [2024-06-11 12:25:07] INFO: Start sweeping...
# [2024-06-11 12:33:13] INFO: It took 485.83 seconds to do 500 HBOR sweeps.
# [2024-06-11 12:33:13] INFO: Plaquette = 0.650125
# [2024-06-11 12:33:13] INFO: Polyakov loop = (0.000908894,0.000565764)
# [2024-06-11 12:33:13] INFO: Writing conf to disk...
# [2024-06-11 12:33:13] INFO: writeconf_nersc: Writing NERSC configuration ./conf_s060t20_b0666300_a_U000837500
# [2024-06-11 12:33:16] INFO: Calculated checksum: b422753f
# [2024-06-11 12:33:20] INFO: Calculated checksum: f28d3b2
# [2024-06-11 12:33:20] INFO: Writing RNGSTATE file: ./rand_s060t20_b0666300_a_U000837500
# [2024-06-11 12:33:20] INFO: Writing to disk took 7.72725 seconds
# [2024-06-11 12:33:20] INFO: ======================================================================
# [2024-06-11 12:33:20] INFO: Start sweeping...
# [2024-06-11 12:41:26] INFO: It took 485.595 seconds to do 500 HBOR sweeps.
# [2024-06-11 12:41:26] INFO: Plaquette = 0.650127
# [2024-06-11 12:41:26] INFO: Polyakov loop = (0.000943031,0.000172829)
# [2024-06-11 12:41:26] INFO: Writing conf to disk...
# [2024-06-11 12:41:26] INFO: writeconf_nersc: Writing NERSC configuration ./conf_s060t20_b0666300_a_U000838000
# [2024-06-11 12:41:29] INFO: Calculated checksum: 198a3936
# [2024-06-11 12:41:34] INFO: Calculated checksum: a4a976b
# [2024-06-11 12:41:34] INFO: Writing RNGSTATE file: ./rand_s060t20_b0666300_a_U000838000
# [2024-06-11 12:41:34] INFO: Writing to disk took 7.74226 seconds
# [2024-06-11 12:41:34] INFO: ======================================================================
# [2024-06-11 12:41:34] INFO: Start sweeping...
# [2024-06-11 12:49:40] INFO: It took 486.236 seconds to do 500 HBOR sweeps.
# [2024-06-11 12:49:40] INFO: Plaquette = 0.650092
# [2024-06-11 12:49:40] INFO: Polyakov loop = (0.00099026,-0.000137966)
# [2024-06-11 12:49:40] INFO: Writing conf to disk...
# [2024-06-11 12:49:40] INFO: writeconf_nersc: Writing NERSC configuration ./conf_s060t20_b0666300_a_U000838500
# [2024-06-11 12:49:43] INFO: Calculated checksum: 3d8dbc2
# [2024-06-11 12:49:50] INFO: Calculated checksum: dc5641b8
# [2024-06-11 12:49:50] INFO: Writing RNGSTATE file: ./rand_s060t20_b0666300_a_U000838500
# [2024-06-11 12:49:50] INFO: Writing to disk took 9.9329 seconds
# [2024-06-11 12:49:50] INFO: ======================================================================
# [2024-06-11 12:49:50] INFO: Start sweeping...
# [2024-06-11 12:57:57] INFO: It took 486.515 seconds to do 500 HBOR sweeps.
# [2024-06-11 12:57:57] INFO: Plaquette = 0.650073
# [2024-06-11 12:57:57] INFO: Polyakov loop = (-0.000365754,0.00071195)
# [2024-06-11 12:57:57] INFO: Writing conf to disk...
# [2024-06-11 12:57:57] INFO: writeconf_nersc: Writing NERSC configuration ./conf_s060t20_b0666300_a_U000839000
# [2024-06-11 12:57:59] INFO: Calculated checksum: 5be2b82
# [2024-06-11 12:58:04] INFO: Calculated checksum: 2a0d8dc2
# [2024-06-11 12:58:04] INFO: Writing RNGSTATE file: ./rand_s060t20_b0666300_a_U000839000
# [2024-06-11 12:58:04] INFO: Writing to disk took 7.52837 seconds
# [2024-06-11 12:58:04] INFO: ======================================================================
# [2024-06-11 12:58:04] INFO: Start sweeping...
# [2024-06-11 13:06:10] INFO: It took 485.52 seconds to do 500 HBOR sweeps.
# [2024-06-11 13:06:10] INFO: Plaquette = 0.650075
# [2024-06-11 13:06:10] INFO: Polyakov loop = (0.00101211,0.000518566)
# [2024-06-11 13:06:10] INFO: Writing conf to disk...
# [2024-06-11 13:06:10] INFO: writeconf_nersc: Writing NERSC configuration ./conf_s060t20_b0666300_a_U000839500
# [2024-06-11 13:06:13] INFO: Calculated checksum: 368a7e34
# [2024-06-11 13:06:17] INFO: Calculated checksum: ead8c0ea
# [2024-06-11 13:06:17] INFO: Writing RNGSTATE file: ./rand_s060t20_b0666300_a_U000839500
# [2024-06-11 13:06:17] INFO: Writing to disk took 7.40849 seconds
# [2024-06-11 13:06:17] INFO: ======================================================================
# [2024-06-11 13:06:17] INFO: Start sweeping...
# [2024-06-11 13:14:23] INFO: It took 485.962 seconds to do 500 HBOR sweeps.
# [2024-06-11 13:14:23] INFO: Plaquette = 0.650014
# [2024-06-11 13:14:23] INFO: Polyakov loop = (0.000306559,0.000744378)
# [2024-06-11 13:14:23] INFO: Writing conf to disk...
# [2024-06-11 13:14:23] INFO: writeconf_nersc: Writing NERSC configuration ./conf_s060t20_b0666300_a_U000840000
# [2024-06-11 13:14:26] INFO: Calculated checksum: 86f9cf8a
# [2024-06-11 13:14:30] INFO: Calculated checksum: d9130ebb
# [2024-06-11 13:14:30] INFO: Writing RNGSTATE file: ./rand_s060t20_b0666300_a_U000840000
# [2024-06-11 13:14:31] INFO: Writing to disk took 7.3662 seconds
# [2024-06-11 13:14:31] INFO: ======================================================================
# [2024-06-11 13:14:31] INFO: Start sweeping...
# [2024-06-11 13:22:36] INFO: It took 485.191 seconds to do 500 HBOR sweeps.
# [2024-06-11 13:22:36] INFO: Plaquette = 0.650071
# [2024-06-11 13:22:36] INFO: Polyakov loop = (0.00061374,-0.000280201)
# [2024-06-11 13:22:36] INFO: Writing conf to disk...
# [2024-06-11 13:22:36] INFO: writeconf_nersc: Writing NERSC configuration ./conf_s060t20_b0666300_a_U000840500
# [2024-06-11 13:22:39] INFO: Calculated checksum: 7ff52d22
# [2024-06-11 13:22:43] INFO: Calculated checksum: bde99f34
# [2024-06-11 13:22:43] INFO: Writing RNGSTATE file: ./rand_s060t20_b0666300_a_U000840500
# [2024-06-11 13:22:43] INFO: Writing to disk took 7.56721 seconds
# [2024-06-11 13:22:43] INFO: ======================================================================
# [2024-06-11 13:22:43] INFO: Start sweeping...
# [2024-06-11 13:30:49] INFO: It took 485.717 seconds to do 500 HBOR sweeps.
# [2024-06-11 13:30:49] INFO: Plaquette = 0.650033
# [2024-06-11 13:30:49] INFO: Polyakov loop = (-0.000821485,-4.72495e-07)
# [2024-06-11 13:30:49] INFO: Writing conf to disk...
# [2024-06-11 13:30:49] INFO: writeconf_nersc: Writing NERSC configuration ./conf_s060t20_b0666300_a_U000841000
# [2024-06-11 13:30:52] INFO: Calculated checksum: 7557cc7d
# [2024-06-11 13:30:57] INFO: Calculated checksum: 51910a49
# [2024-06-11 13:30:57] INFO: Writing RNGSTATE file: ./rand_s060t20_b0666300_a_U000841000
# [2024-06-11 13:30:57] INFO: Writing to disk took 8.02119 seconds
# [2024-06-11 13:30:57] INFO: ======================================================================
# [2024-06-11 13:30:57] INFO: Start sweeping...
# [2024-06-11 13:39:02] INFO: It took 484.946 seconds to do 500 HBOR sweeps.
# [2024-06-11 13:39:02] INFO: Plaquette = 0.650042
# [2024-06-11 13:39:02] INFO: Polyakov loop = (-0.000313064,7.82137e-05)
# [2024-06-11 13:39:02] INFO: Writing conf to disk...
# [2024-06-11 13:39:02] INFO: writeconf_nersc: Writing NERSC configuration ./conf_s060t20_b0666300_a_U000841500
# [2024-06-11 13:39:05] INFO: Calculated checksum: 355604af
# [2024-06-11 13:39:11] INFO: Calculated checksum: 72cf6d46
# [2024-06-11 13:39:11] INFO: Writing RNGSTATE file: ./rand_s060t20_b0666300_a_U000841500
# [2024-06-11 13:39:12] INFO: Writing to disk took 9.34036 seconds
# [2024-06-11 13:39:12] INFO: ======================================================================
# [2024-06-11 13:39:12] INFO: Start sweeping...
# [2024-06-11 13:47:17] INFO: It took 485.525 seconds to do 500 HBOR sweeps.
# [2024-06-11 13:47:17] INFO: Plaquette = 0.650089
# [2024-06-11 13:47:17] INFO: Polyakov loop = (-0.00116965,-0.000528633)
# [2024-06-11 13:47:17] INFO: Writing conf to disk...
# [2024-06-11 13:47:17] INFO: writeconf_nersc: Writing NERSC configuration ./conf_s060t20_b0666300_a_U000842000
# [2024-06-11 13:47:21] INFO: Calculated checksum: 89a1f69a
# [2024-06-11 13:47:27] INFO: Calculated checksum: 4bf1cde9
# [2024-06-11 13:47:27] INFO: Writing RNGSTATE file: ./rand_s060t20_b0666300_a_U000842000
# [2024-06-11 13:47:28] INFO: Writing to disk took 10.2274 seconds
# [2024-06-11 13:47:28] INFO: ======================================================================
# [2024-06-11 13:47:28] INFO: Start sweeping...
# [2024-06-11 13:55:33] INFO: It took 485.494 seconds to do 500 HBOR sweeps.
# [2024-06-11 13:55:33] INFO: Plaquette = 0.650085
# [2024-06-11 13:55:33] INFO: Polyakov loop = (-0.000329813,7.58108e-05)
# [2024-06-11 13:55:33] INFO: Writing conf to disk...
# [2024-06-11 13:55:33] INFO: writeconf_nersc: Writing NERSC configuration ./conf_s060t20_b0666300_a_U000842500
# [2024-06-11 13:55:36] INFO: Calculated checksum: df515357
# [2024-06-11 13:55:43] INFO: Calculated checksum: d926d0e
# [2024-06-11 13:55:43] INFO: Writing RNGSTATE file: ./rand_s060t20_b0666300_a_U000842500
# [2024-06-11 13:55:43] INFO: Writing to disk took 9.81207 seconds
# [2024-06-11 13:55:43] INFO: ======================================================================
# [2024-06-11 13:55:43] INFO: Start sweeping...
# [2024-06-11 14:03:48] INFO: It took 485.575 seconds to do 500 HBOR sweeps.
# [2024-06-11 14:03:49] INFO: Plaquette = 0.650063
# [2024-06-11 14:03:49] INFO: Polyakov loop = (-0.000899594,0.00153275)
# [2024-06-11 14:03:49] INFO: Writing conf to disk...
# [2024-06-11 14:03:49] INFO: writeconf_nersc: Writing NERSC configuration ./conf_s060t20_b0666300_a_U000843000
# [2024-06-11 14:03:51] INFO: Calculated checksum: 75d83913
# [2024-06-11 14:03:58] INFO: Calculated checksum: 27f699ea
# [2024-06-11 14:03:58] INFO: Writing RNGSTATE file: ./rand_s060t20_b0666300_a_U000843000
# [2024-06-11 14:03:58] INFO: Writing to disk took 9.57652 seconds
# [2024-06-11 14:03:58] INFO: ======================================================================
# [2024-06-11 14:03:58] INFO: Start sweeping...
# [2024-06-11 14:12:04] INFO: It took 485.784 seconds to do 500 HBOR sweeps.
# [2024-06-11 14:12:04] INFO: Plaquette = 0.650057
# [2024-06-11 14:12:04] INFO: Polyakov loop = (1.96492e-05,-0.00109941)
# [2024-06-11 14:12:04] INFO: Writing conf to disk...
# [2024-06-11 14:12:04] INFO: writeconf_nersc: Writing NERSC configuration ./conf_s060t20_b0666300_a_U000843500
# [2024-06-11 14:12:07] INFO: Calculated checksum: 5013ab8f
# [2024-06-11 14:12:13] INFO: Calculated checksum: 6470cbb1
# [2024-06-11 14:12:13] INFO: Writing RNGSTATE file: ./rand_s060t20_b0666300_a_U000843500
# [2024-06-11 14:12:13] INFO: Writing to disk took 8.85592 seconds
# [2024-06-11 14:12:13] INFO: ======================================================================
# [2024-06-11 14:12:13] INFO: Start sweeping...
# [2024-06-11 14:20:19] INFO: It took 486.403 seconds to do 500 HBOR sweeps.
# [2024-06-11 14:20:19] INFO: Plaquette = 0.650022
# [2024-06-11 14:20:19] INFO: Polyakov loop = (-0.000311583,-0.000214429)
# [2024-06-11 14:20:19] INFO: Writing conf to disk...
# [2024-06-11 14:20:19] INFO: writeconf_nersc: Writing NERSC configuration ./conf_s060t20_b0666300_a_U000844000
# [2024-06-11 14:20:22] INFO: Calculated checksum: 702c3fdc
# [2024-06-11 14:20:27] INFO: Calculated checksum: 46c975ab
# [2024-06-11 14:20:27] INFO: Writing RNGSTATE file: ./rand_s060t20_b0666300_a_U000844000
# [2024-06-11 14:20:27] INFO: Writing to disk took 7.59529 seconds
# [2024-06-11 14:20:27] INFO: ======================================================================
# [2024-06-11 14:20:27] INFO: Start sweeping...
# [2024-06-11 14:28:33] INFO: It took 486.518 seconds to do 500 HBOR sweeps.
# [2024-06-11 14:28:33] INFO: Plaquette = 0.650102
# [2024-06-11 14:28:33] INFO: Polyakov loop = (4.43833e-05,0.000621916)
# [2024-06-11 14:28:33] INFO: Writing conf to disk...
# [2024-06-11 14:28:33] INFO: writeconf_nersc: Writing NERSC configuration ./conf_s060t20_b0666300_a_U000844500
# [2024-06-11 14:28:36] INFO: Calculated checksum: ed6737d8
# [2024-06-11 14:28:41] INFO: Calculated checksum: 7aa4c496
# [2024-06-11 14:28:41] INFO: Writing RNGSTATE file: ./rand_s060t20_b0666300_a_U000844500
# [2024-06-11 14:28:41] INFO: Writing to disk took 7.397 seconds
# [2024-06-11 14:28:41] INFO: ======================================================================
# [2024-06-11 14:28:41] INFO: Start sweeping...
# [2024-06-11 14:36:48] INFO: It took 487.218 seconds to do 500 HBOR sweeps.
# [2024-06-11 14:36:48] INFO: Plaquette = 0.650101
# [2024-06-11 14:36:48] INFO: Polyakov loop = (-0.000928162,-0.000833799)
# [2024-06-11 14:36:48] INFO: Writing conf to disk...
# [2024-06-11 14:36:48] INFO: writeconf_nersc: Writing NERSC configuration ./conf_s060t20_b0666300_a_U000845000
# [2024-06-11 14:36:51] INFO: Calculated checksum: 58826ffd
# [2024-06-11 14:36:56] INFO: Calculated checksum: 9809e14c
# [2024-06-11 14:36:56] INFO: Writing RNGSTATE file: ./rand_s060t20_b0666300_a_U000845000
# [2024-06-11 14:36:56] INFO: Writing to disk took 7.54056 seconds
# [2024-06-11 14:36:56] INFO: ======================================================================
# [2024-06-11 14:36:56] INFO: Start sweeping...
# [2024-06-11 14:45:01] INFO: It took 485.435 seconds to do 500 HBOR sweeps.
# [2024-06-11 14:45:01] INFO: Plaquette = 0.650087
# [2024-06-11 14:45:01] INFO: Polyakov loop = (0.000192952,0.000203646)
# [2024-06-11 14:45:01] INFO: Writing conf to disk...
# [2024-06-11 14:45:01] INFO: writeconf_nersc: Writing NERSC configuration ./conf_s060t20_b0666300_a_U000845500
# [2024-06-11 14:45:04] INFO: Calculated checksum: cfba2a31
# [2024-06-11 14:45:08] INFO: Calculated checksum: 1df08b2d
# [2024-06-11 14:45:08] INFO: Writing RNGSTATE file: ./rand_s060t20_b0666300_a_U000845500
# [2024-06-11 14:45:08] INFO: Writing to disk took 7.36648 seconds
# [2024-06-11 14:45:08] INFO: ======================================================================
# [2024-06-11 14:45:08] INFO: Start sweeping...
# [2024-06-11 14:53:13] INFO: It took 484.716 seconds to do 500 HBOR sweeps.
# [2024-06-11 14:53:13] INFO: Plaquette = 0.650043
# [2024-06-11 14:53:13] INFO: Polyakov loop = (-0.000231471,0.000458006)
# [2024-06-11 14:53:13] INFO: Writing conf to disk...
# [2024-06-11 14:53:13] INFO: writeconf_nersc: Writing NERSC configuration ./conf_s060t20_b0666300_a_U000846000
# [2024-06-11 14:53:16] INFO: Calculated checksum: dacd140f
# [2024-06-11 14:53:21] INFO: Calculated checksum: 4fb85cb2
# [2024-06-11 14:53:21] INFO: Writing RNGSTATE file: ./rand_s060t20_b0666300_a_U000846000
# [2024-06-11 14:53:21] INFO: Writing to disk took 7.38659 seconds
# [2024-06-11 14:53:21] INFO: ======================================================================
# [2024-06-11 14:53:21] INFO: Start sweeping...
# [2024-06-11 15:01:25] INFO: It took 484.691 seconds to do 500 HBOR sweeps.
# [2024-06-11 15:01:25] INFO: Plaquette = 0.65007
# [2024-06-11 15:01:25] INFO: Polyakov loop = (0.000500598,-0.000551896)
# [2024-06-11 15:01:25] INFO: Writing conf to disk...
# [2024-06-11 15:01:25] INFO: writeconf_nersc: Writing NERSC configuration ./conf_s060t20_b0666300_a_U000846500
# [2024-06-11 15:01:28] INFO: Calculated checksum: 882c1f2
# [2024-06-11 15:01:33] INFO: Calculated checksum: dece6fff
# [2024-06-11 15:01:33] INFO: Writing RNGSTATE file: ./rand_s060t20_b0666300_a_U000846500
# [2024-06-11 15:01:33] INFO: Writing to disk took 7.33894 seconds
# [2024-06-11 15:01:33] INFO: ======================================================================
# [2024-06-11 15:01:33] INFO: Start sweeping...
# [2024-06-11 15:09:38] INFO: It took 485.371 seconds to do 500 HBOR sweeps.
# [2024-06-11 15:09:38] INFO: Plaquette = 0.650058
# [2024-06-11 15:09:38] INFO: Polyakov loop = (-0.000127204,-0.000426087)
# [2024-06-11 15:09:38] INFO: Writing conf to disk...
# [2024-06-11 15:09:38] INFO: writeconf_nersc: Writing NERSC configuration ./conf_s060t20_b0666300_a_U000847000
# [2024-06-11 15:09:41] INFO: Calculated checksum: 30facc72
# [2024-06-11 15:09:45] INFO: Calculated checksum: de8780e9
# [2024-06-11 15:09:45] INFO: Writing RNGSTATE file: ./rand_s060t20_b0666300_a_U000847000
# [2024-06-11 15:09:46] INFO: Writing to disk took 7.3495 seconds
# [2024-06-11 15:09:46] INFO: ======================================================================
# [2024-06-11 15:09:46] INFO: Start sweeping...
# [2024-06-11 15:17:52] INFO: It took 485.99 seconds to do 500 HBOR sweeps.
# [2024-06-11 15:17:52] INFO: Plaquette = 0.650049
# [2024-06-11 15:17:52] INFO: Polyakov loop = (0.000201652,0.000725695)
# [2024-06-11 15:17:52] INFO: Writing conf to disk...
# [2024-06-11 15:17:52] INFO: writeconf_nersc: Writing NERSC configuration ./conf_s060t20_b0666300_a_U000847500
# [2024-06-11 15:17:54] INFO: Calculated checksum: 3ae9c39c
# [2024-06-11 15:17:59] INFO: Calculated checksum: 4a078eb
# [2024-06-11 15:17:59] INFO: Writing RNGSTATE file: ./rand_s060t20_b0666300_a_U000847500
# [2024-06-11 15:17:59] INFO: Writing to disk took 7.49001 seconds
# [2024-06-11 15:17:59] INFO: ======================================================================
# [2024-06-11 15:17:59] INFO: Start sweeping...
# [2024-06-11 15:26:06] INFO: It took 486.618 seconds to do 500 HBOR sweeps.
# [2024-06-11 15:26:06] INFO: Plaquette = 0.650072
# [2024-06-11 15:26:06] INFO: Polyakov loop = (-0.000624332,0.000688739)
# [2024-06-11 15:26:06] INFO: Writing conf to disk...
# [2024-06-11 15:26:06] INFO: writeconf_nersc: Writing NERSC configuration ./conf_s060t20_b0666300_a_U000848000
# [2024-06-11 15:26:09] INFO: Calculated checksum: 88dbff7c
# [2024-06-11 15:26:13] INFO: Calculated checksum: 9ac5f6a6
# [2024-06-11 15:26:13] INFO: Writing RNGSTATE file: ./rand_s060t20_b0666300_a_U000848000
# [2024-06-11 15:26:13] INFO: Writing to disk took 7.4906 seconds
# [2024-06-11 15:26:13] INFO: ======================================================================
# [2024-06-11 15:26:13] INFO: Start sweeping...
# [2024-06-11 15:34:19] INFO: It took 485.507 seconds to do 500 HBOR sweeps.
# [2024-06-11 15:34:19] INFO: Plaquette = 0.650091
# [2024-06-11 15:34:19] INFO: Polyakov loop = (-0.000822439,0.000323406)
# [2024-06-11 15:34:19] INFO: Writing conf to disk...
# [2024-06-11 15:34:19] INFO: writeconf_nersc: Writing NERSC configuration ./conf_s060t20_b0666300_a_U000848500
# [2024-06-11 15:34:22] INFO: Calculated checksum: 2143adc3
# [2024-06-11 15:34:26] INFO: Calculated checksum: 6b973f45
# [2024-06-11 15:34:26] INFO: Writing RNGSTATE file: ./rand_s060t20_b0666300_a_U000848500
# [2024-06-11 15:34:26] INFO: Writing to disk took 7.69576 seconds
# [2024-06-11 15:34:26] INFO: ======================================================================
# [2024-06-11 15:34:26] INFO: Start sweeping...
# [2024-06-11 15:42:33] INFO: It took 486.388 seconds to do 500 HBOR sweeps.
# [2024-06-11 15:42:33] INFO: Plaquette = 0.6501
# [2024-06-11 15:42:33] INFO: Polyakov loop = (0.000108903,-0.000192235)
# [2024-06-11 15:42:33] INFO: Writing conf to disk...
# [2024-06-11 15:42:33] INFO: writeconf_nersc: Writing NERSC configuration ./conf_s060t20_b0666300_a_U000849000
# [2024-06-11 15:42:36] INFO: Calculated checksum: a8d60282
# [2024-06-11 15:42:41] INFO: Calculated checksum: 5da43327
# [2024-06-11 15:42:41] INFO: Writing RNGSTATE file: ./rand_s060t20_b0666300_a_U000849000
# [2024-06-11 15:42:41] INFO: Writing to disk took 8.287 seconds
# [2024-06-11 15:42:41] INFO: ======================================================================
# [2024-06-11 15:42:41] INFO: Start sweeping...
# [2024-06-11 15:50:47] INFO: It took 485.47 seconds to do 500 HBOR sweeps.
# [2024-06-11 15:50:47] INFO: Plaquette = 0.65007
# [2024-06-11 15:50:47] INFO: Polyakov loop = (-0.000118313,0.000132358)
# [2024-06-11 15:50:47] INFO: Writing conf to disk...
# [2024-06-11 15:50:47] INFO: writeconf_nersc: Writing NERSC configuration ./conf_s060t20_b0666300_a_U000849500
# [2024-06-11 15:50:50] INFO: Calculated checksum: af95bfbe
# [2024-06-11 15:50:54] INFO: Calculated checksum: ff23a173
# [2024-06-11 15:50:54] INFO: Writing RNGSTATE file: ./rand_s060t20_b0666300_a_U000849500
# [2024-06-11 15:50:54] INFO: Writing to disk took 7.50187 seconds
# [2024-06-11 15:50:54] INFO: ======================================================================
# [2024-06-11 15:50:54] INFO: Start sweeping...
# [2024-06-11 15:58:59] INFO: It took 484.924 seconds to do 500 HBOR sweeps.
# [2024-06-11 15:58:59] INFO: Plaquette = 0.649987
# [2024-06-11 15:58:59] INFO: Polyakov loop = (0.000236704,-0.000489002)
# [2024-06-11 15:58:59] INFO: Writing conf to disk...
# [2024-06-11 15:58:59] INFO: writeconf_nersc: Writing NERSC configuration ./conf_s060t20_b0666300_a_U000850000
# [2024-06-11 15:59:02] INFO: Calculated checksum: 95ede024
# [2024-06-11 15:59:07] INFO: Calculated checksum: 70579f00
# [2024-06-11 15:59:07] INFO: Writing RNGSTATE file: ./rand_s060t20_b0666300_a_U000850000
# [2024-06-11 15:59:07] INFO: Writing to disk took 7.41067 seconds
# [2024-06-11 15:59:07] INFO: Finalizing MPI
