
Currently Loaded Modules:
  1) chpc/1.0      (S)   3) gcc/8.5.0      5) mpich/3.4.2
  2) python/3.10.3       4) cmake/3.26.0   6) cuda/11.6.2 (g)

  Where:
   S:  Module is Sticky, requires --force to unload or purge
   g:  built for GPU

 

# [2024-06-11 05:42:32] INFO: Running SIMULATeQCD
# [2024-06-11 05:42:32] INFO: Git commit version: 43e2518
# [2024-06-11 05:42:32] INFO: Initializing MPI with (1 proc)
# [2024-06-11 05:42:32] INFO: Reading parameters from file :: GenerateQuenched_b6755.param
# [2024-06-11 05:42:32] INFO: # PARAM :: Lattice = 60 60 60 20 
# [2024-06-11 05:42:32] INFO: # PARAM :: Nodes = 1 1 1 1 
# [2024-06-11 05:42:32] INFO: # PARAM :: Topology = 0 0 0 0  (default)
# [2024-06-11 05:42:32] INFO: # PARAM :: beta = 6.755
# [2024-06-11 05:42:32] INFO: # PARAM :: format = nersc
# [2024-06-11 05:42:32] INFO: # PARAM :: endianness = auto
# [2024-06-11 05:42:32] INFO: # PARAM :: conf_nr = 800000
# [2024-06-11 05:42:32] INFO: # PARAM :: stream = a
# [2024-06-11 05:42:32] INFO: # PARAM :: prec_out = 0 (default)
# [2024-06-11 05:42:32] INFO: # PARAM :: measurements_dir = ./ (default)
# [2024-06-11 05:42:32] INFO: # PARAM :: use_unit_conf = 0 (default)
# [2024-06-11 05:42:32] INFO: # PARAM :: output_dir = .
# [2024-06-11 05:42:32] INFO: # PARAM :: nconfs = 100
# [2024-06-11 05:42:32] INFO: # PARAM :: nsweeps_ORperHB = 4
# [2024-06-11 05:42:32] INFO: # PARAM :: nsweeps_HBwithOR = 500
# [2024-06-11 05:42:32] INFO: # PARAM :: prev_conf = conf_s060t20_b0675500_a_U000800000
# [2024-06-11 05:42:32] INFO: # PARAM :: prev_rand = rand_s060t20_b0675500_a_U000800000
# [2024-06-11 05:42:32] INFO: > Running on:
# [2024-06-11 05:42:32] INFO: [Rank 0] > notch088 CPU_0 GPU_18; MPI: world_rank=0, node_rank=0, coord: ( 0 0 0 0 )
# [2024-06-11 05:42:32] INFO: > Is MPI CUDA-aware? @compilation 
# [2024-06-11 05:42:32] INFO: > GPU compute capability: 75
# [2024-06-11 05:42:32] INFO: > Checking support for P2P (Peer-to-Peer) and UVA (Unified Virtual Addressing):
# [2024-06-11 05:42:32] INFO: [Rank 0] > notch088 GPU_18(NVIDIA GeForce RTX 2080 Ti): P2P NO ; UVA YES
# [2024-06-11 05:42:32] INFO: Initialize Indexer with HaloDepth = 1[0;33m[0m
# [2024-06-11 05:42:32] INFO: Resuming previous run.
# [2024-06-11 05:42:32] INFO: readconf_nersc: Reading NERSC configuration conf_s060t20_b0675500_a_U000800000
# [2024-06-11 05:42:41] INFO: Next conf_number will be 800500
# [2024-06-11 05:42:41] INFO: Generating up to 100 confs with a separation of 500 HBOR sweeps (OR/HB = 4) ...
# [2024-06-11 05:42:41] INFO: ======================================================================
# [2024-06-11 05:42:41] INFO: Start sweeping...
# [2024-06-11 05:49:41] INFO: It took 419.519 seconds to do 500 HBOR sweeps.
# [2024-06-11 05:49:41] INFO: Plaquette = 0.65625
# [2024-06-11 05:49:41] INFO: Polyakov loop = (-0.000806211,-0.00166743)
# [2024-06-11 05:49:41] INFO: Writing conf to disk...
# [2024-06-11 05:49:41] INFO: writeconf_nersc: Writing NERSC configuration ./conf_s060t20_b0675500_a_U000800500
# [2024-06-11 05:49:43] INFO: Calculated checksum: b1e5a2c7
# [2024-06-11 05:49:48] INFO: Calculated checksum: f59b9460
# [2024-06-11 05:49:48] INFO: Writing RNGSTATE file: ./rand_s060t20_b0675500_a_U000800500
# [2024-06-11 05:49:48] INFO: Writing to disk took 7.44733 seconds
# [2024-06-11 05:49:48] INFO: ======================================================================
# [2024-06-11 05:49:48] INFO: Start sweeping...
# [2024-06-11 05:56:54] INFO: It took 426.165 seconds to do 500 HBOR sweeps.
# [2024-06-11 05:56:54] INFO: Plaquette = 0.656279
# [2024-06-11 05:56:54] INFO: Polyakov loop = (-0.000346127,-0.00164812)
# [2024-06-11 05:56:54] INFO: Writing conf to disk...
# [2024-06-11 05:56:54] INFO: writeconf_nersc: Writing NERSC configuration ./conf_s060t20_b0675500_a_U000801000
# [2024-06-11 05:56:57] INFO: Calculated checksum: e1d56694
# [2024-06-11 05:57:02] INFO: Calculated checksum: 2794e288
# [2024-06-11 05:57:02] INFO: Writing RNGSTATE file: ./rand_s060t20_b0675500_a_U000801000
# [2024-06-11 05:57:02] INFO: Writing to disk took 7.57503 seconds
# [2024-06-11 05:57:02] INFO: ======================================================================
# [2024-06-11 05:57:02] INFO: Start sweeping...
# [2024-06-11 06:04:07] INFO: It took 425.046 seconds to do 500 HBOR sweeps.
# [2024-06-11 06:04:07] INFO: Plaquette = 0.656176
# [2024-06-11 06:04:07] INFO: Polyakov loop = (-0.000553059,-0.00151712)
# [2024-06-11 06:04:07] INFO: Writing conf to disk...
# [2024-06-11 06:04:07] INFO: writeconf_nersc: Writing NERSC configuration ./conf_s060t20_b0675500_a_U000801500
# [2024-06-11 06:04:10] INFO: Calculated checksum: b209fd86
# [2024-06-11 06:04:14] INFO: Calculated checksum: 146a3235
# [2024-06-11 06:04:14] INFO: Writing RNGSTATE file: ./rand_s060t20_b0675500_a_U000801500
# [2024-06-11 06:04:14] INFO: Writing to disk took 7.5592 seconds
# [2024-06-11 06:04:14] INFO: ======================================================================
# [2024-06-11 06:04:14] INFO: Start sweeping...
# [2024-06-11 06:11:20] INFO: It took 425.227 seconds to do 500 HBOR sweeps.
# [2024-06-11 06:11:20] INFO: Plaquette = 0.656253
# [2024-06-11 06:11:20] INFO: Polyakov loop = (-0.000630819,-0.00179024)
# [2024-06-11 06:11:20] INFO: Writing conf to disk...
# [2024-06-11 06:11:20] INFO: writeconf_nersc: Writing NERSC configuration ./conf_s060t20_b0675500_a_U000802000
# [2024-06-11 06:11:23] INFO: Calculated checksum: 7893fd06
# [2024-06-11 06:11:27] INFO: Calculated checksum: b9a6e93a
# [2024-06-11 06:11:27] INFO: Writing RNGSTATE file: ./rand_s060t20_b0675500_a_U000802000
# [2024-06-11 06:11:27] INFO: Writing to disk took 7.3334 seconds
# [2024-06-11 06:11:27] INFO: ======================================================================
# [2024-06-11 06:11:27] INFO: Start sweeping...
# [2024-06-11 06:18:31] INFO: It took 423.871 seconds to do 500 HBOR sweeps.
# [2024-06-11 06:18:31] INFO: Plaquette = 0.656234
# [2024-06-11 06:18:31] INFO: Polyakov loop = (7.14873e-05,-0.00102357)
# [2024-06-11 06:18:31] INFO: Writing conf to disk...
# [2024-06-11 06:18:31] INFO: writeconf_nersc: Writing NERSC configuration ./conf_s060t20_b0675500_a_U000802500
# [2024-06-11 06:18:34] INFO: Calculated checksum: ed000435
# [2024-06-11 06:18:38] INFO: Calculated checksum: 6775d87e
# [2024-06-11 06:18:38] INFO: Writing RNGSTATE file: ./rand_s060t20_b0675500_a_U000802500
# [2024-06-11 06:18:38] INFO: Writing to disk took 7.5015 seconds
# [2024-06-11 06:18:38] INFO: ======================================================================
# [2024-06-11 06:18:38] INFO: Start sweeping...
# [2024-06-11 06:25:43] INFO: It took 424.287 seconds to do 500 HBOR sweeps.
# [2024-06-11 06:25:43] INFO: Plaquette = 0.656258
# [2024-06-11 06:25:43] INFO: Polyakov loop = (-0.000401912,-0.00128139)
# [2024-06-11 06:25:43] INFO: Writing conf to disk...
# [2024-06-11 06:25:43] INFO: writeconf_nersc: Writing NERSC configuration ./conf_s060t20_b0675500_a_U000803000
# [2024-06-11 06:25:46] INFO: Calculated checksum: 6404e297
# [2024-06-11 06:25:51] INFO: Calculated checksum: 38eba123
# [2024-06-11 06:25:51] INFO: Writing RNGSTATE file: ./rand_s060t20_b0675500_a_U000803000
# [2024-06-11 06:25:51] INFO: Writing to disk took 7.90977 seconds
# [2024-06-11 06:25:51] INFO: ======================================================================
# [2024-06-11 06:25:51] INFO: Start sweeping...
# [2024-06-11 06:32:48] INFO: It took 416.834 seconds to do 500 HBOR sweeps.
# [2024-06-11 06:32:48] INFO: Plaquette = 0.656311
# [2024-06-11 06:32:48] INFO: Polyakov loop = (-0.000471199,-0.00171606)
# [2024-06-11 06:32:48] INFO: Writing conf to disk...
# [2024-06-11 06:32:48] INFO: writeconf_nersc: Writing NERSC configuration ./conf_s060t20_b0675500_a_U000803500
# [2024-06-11 06:32:50] INFO: Calculated checksum: fbb8d6d
# [2024-06-11 06:32:55] INFO: Calculated checksum: 764457f9
# [2024-06-11 06:32:55] INFO: Writing RNGSTATE file: ./rand_s060t20_b0675500_a_U000803500
# [2024-06-11 06:32:55] INFO: Writing to disk took 7.47245 seconds
# [2024-06-11 06:32:55] INFO: ======================================================================
# [2024-06-11 06:32:55] INFO: Start sweeping...
# [2024-06-11 06:39:56] INFO: It took 420.87 seconds to do 500 HBOR sweeps.
# [2024-06-11 06:39:56] INFO: Plaquette = 0.65632
# [2024-06-11 06:39:56] INFO: Polyakov loop = (-0.00030904,-0.00129486)
# [2024-06-11 06:39:56] INFO: Writing conf to disk...
# [2024-06-11 06:39:56] INFO: writeconf_nersc: Writing NERSC configuration ./conf_s060t20_b0675500_a_U000804000
# [2024-06-11 06:39:59] INFO: Calculated checksum: 3843782b
# [2024-06-11 06:40:03] INFO: Calculated checksum: 1be3d8bf
# [2024-06-11 06:40:03] INFO: Writing RNGSTATE file: ./rand_s060t20_b0675500_a_U000804000
# [2024-06-11 06:40:04] INFO: Writing to disk took 7.51018 seconds
# [2024-06-11 06:40:04] INFO: ======================================================================
# [2024-06-11 06:40:04] INFO: Start sweeping...
# [2024-06-11 06:47:04] INFO: It took 420.259 seconds to do 500 HBOR sweeps.
# [2024-06-11 06:47:04] INFO: Plaquette = 0.656292
# [2024-06-11 06:47:04] INFO: Polyakov loop = (-0.00102976,-0.0020971)
# [2024-06-11 06:47:04] INFO: Writing conf to disk...
# [2024-06-11 06:47:04] INFO: writeconf_nersc: Writing NERSC configuration ./conf_s060t20_b0675500_a_U000804500
# [2024-06-11 06:47:07] INFO: Calculated checksum: 22744719
# [2024-06-11 06:47:11] INFO: Calculated checksum: bd86e463
# [2024-06-11 06:47:11] INFO: Writing RNGSTATE file: ./rand_s060t20_b0675500_a_U000804500
# [2024-06-11 06:47:11] INFO: Writing to disk took 7.66672 seconds
# [2024-06-11 06:47:11] INFO: ======================================================================
# [2024-06-11 06:47:11] INFO: Start sweeping...
# [2024-06-11 06:54:12] INFO: It took 420.876 seconds to do 500 HBOR sweeps.
# [2024-06-11 06:54:12] INFO: Plaquette = 0.656297
# [2024-06-11 06:54:12] INFO: Polyakov loop = (-0.00114344,-0.00147554)
# [2024-06-11 06:54:12] INFO: Writing conf to disk...
# [2024-06-11 06:54:12] INFO: writeconf_nersc: Writing NERSC configuration ./conf_s060t20_b0675500_a_U000805000
# [2024-06-11 06:54:15] INFO: Calculated checksum: 39129a40
# [2024-06-11 06:54:20] INFO: Calculated checksum: 7cb1d449
# [2024-06-11 06:54:20] INFO: Writing RNGSTATE file: ./rand_s060t20_b0675500_a_U000805000
# [2024-06-11 06:54:20] INFO: Writing to disk took 7.4476 seconds
# [2024-06-11 06:54:20] INFO: ======================================================================
# [2024-06-11 06:54:20] INFO: Start sweeping...
# [2024-06-11 07:01:24] INFO: It took 423.709 seconds to do 500 HBOR sweeps.
# [2024-06-11 07:01:24] INFO: Plaquette = 0.656331
# [2024-06-11 07:01:24] INFO: Polyakov loop = (-0.000931222,-0.00216613)
# [2024-06-11 07:01:24] INFO: Writing conf to disk...
# [2024-06-11 07:01:24] INFO: writeconf_nersc: Writing NERSC configuration ./conf_s060t20_b0675500_a_U000805500
# [2024-06-11 07:01:26] INFO: Calculated checksum: 51ea9bfb
# [2024-06-11 07:01:31] INFO: Calculated checksum: eaef74bd
# [2024-06-11 07:01:31] INFO: Writing RNGSTATE file: ./rand_s060t20_b0675500_a_U000805500
# [2024-06-11 07:01:31] INFO: Writing to disk took 7.4295 seconds
# [2024-06-11 07:01:31] INFO: ======================================================================
# [2024-06-11 07:01:31] INFO: Start sweeping...
# [2024-06-11 07:08:36] INFO: It took 424.93 seconds to do 500 HBOR sweeps.
# [2024-06-11 07:08:36] INFO: Plaquette = 0.656259
# [2024-06-11 07:08:36] INFO: Polyakov loop = (-0.00196718,-0.00176274)
# [2024-06-11 07:08:36] INFO: Writing conf to disk...
# [2024-06-11 07:08:36] INFO: writeconf_nersc: Writing NERSC configuration ./conf_s060t20_b0675500_a_U000806000
# [2024-06-11 07:08:39] INFO: Calculated checksum: 34f79a88
# [2024-06-11 07:08:43] INFO: Calculated checksum: b84ca4ad
# [2024-06-11 07:08:43] INFO: Writing RNGSTATE file: ./rand_s060t20_b0675500_a_U000806000
# [2024-06-11 07:08:43] INFO: Writing to disk took 7.11115 seconds
# [2024-06-11 07:08:43] INFO: ======================================================================
# [2024-06-11 07:08:43] INFO: Start sweeping...
# [2024-06-11 07:15:47] INFO: It took 423.483 seconds to do 500 HBOR sweeps.
# [2024-06-11 07:15:47] INFO: Plaquette = 0.656313
# [2024-06-11 07:15:47] INFO: Polyakov loop = (-0.000459467,-0.00172536)
# [2024-06-11 07:15:47] INFO: Writing conf to disk...
# [2024-06-11 07:15:47] INFO: writeconf_nersc: Writing NERSC configuration ./conf_s060t20_b0675500_a_U000806500
# [2024-06-11 07:15:49] INFO: Calculated checksum: 78e65ebe
# [2024-06-11 07:15:54] INFO: Calculated checksum: f835fd74
# [2024-06-11 07:15:54] INFO: Writing RNGSTATE file: ./rand_s060t20_b0675500_a_U000806500
# [2024-06-11 07:15:54] INFO: Writing to disk took 7.36693 seconds
# [2024-06-11 07:15:54] INFO: ======================================================================
# [2024-06-11 07:15:54] INFO: Start sweeping...
# [2024-06-11 07:22:56] INFO: It took 421.961 seconds to do 500 HBOR sweeps.
# [2024-06-11 07:22:56] INFO: Plaquette = 0.656292
# [2024-06-11 07:22:56] INFO: Polyakov loop = (0.000114381,-0.0019199)
# [2024-06-11 07:22:56] INFO: Writing conf to disk...
# [2024-06-11 07:22:56] INFO: writeconf_nersc: Writing NERSC configuration ./conf_s060t20_b0675500_a_U000807000
# [2024-06-11 07:22:59] INFO: Calculated checksum: faf80d56
# [2024-06-11 07:23:03] INFO: Calculated checksum: c19667a1
# [2024-06-11 07:23:03] INFO: Writing RNGSTATE file: ./rand_s060t20_b0675500_a_U000807000
# [2024-06-11 07:23:04] INFO: Writing to disk took 7.49369 seconds
# [2024-06-11 07:23:04] INFO: ======================================================================
# [2024-06-11 07:23:04] INFO: Start sweeping...
# [2024-06-11 07:30:09] INFO: It took 425.457 seconds to do 500 HBOR sweeps.
# [2024-06-11 07:30:09] INFO: Plaquette = 0.656389
# [2024-06-11 07:30:09] INFO: Polyakov loop = (-0.00175766,-0.00182119)
# [2024-06-11 07:30:09] INFO: Writing conf to disk...
# [2024-06-11 07:30:09] INFO: writeconf_nersc: Writing NERSC configuration ./conf_s060t20_b0675500_a_U000807500
# [2024-06-11 07:30:12] INFO: Calculated checksum: 4dae320a
# [2024-06-11 07:30:16] INFO: Calculated checksum: 873e0df
# [2024-06-11 07:30:16] INFO: Writing RNGSTATE file: ./rand_s060t20_b0675500_a_U000807500
# [2024-06-11 07:30:17] INFO: Writing to disk took 7.47092 seconds
# [2024-06-11 07:30:17] INFO: ======================================================================
# [2024-06-11 07:30:17] INFO: Start sweeping...
# [2024-06-11 07:37:21] INFO: It took 424.7 seconds to do 500 HBOR sweeps.
# [2024-06-11 07:37:21] INFO: Plaquette = 0.65621
# [2024-06-11 07:37:21] INFO: Polyakov loop = (-0.00156785,-0.00202008)
# [2024-06-11 07:37:21] INFO: Writing conf to disk...
# [2024-06-11 07:37:21] INFO: writeconf_nersc: Writing NERSC configuration ./conf_s060t20_b0675500_a_U000808000
# [2024-06-11 07:37:24] INFO: Calculated checksum: 699ffdf3
# [2024-06-11 07:37:29] INFO: Calculated checksum: 6bdd18c
# [2024-06-11 07:37:29] INFO: Writing RNGSTATE file: ./rand_s060t20_b0675500_a_U000808000
# [2024-06-11 07:37:29] INFO: Writing to disk took 7.52471 seconds
# [2024-06-11 07:37:29] INFO: ======================================================================
# [2024-06-11 07:37:29] INFO: Start sweeping...
# [2024-06-11 07:44:33] INFO: It took 423.932 seconds to do 500 HBOR sweeps.
# [2024-06-11 07:44:33] INFO: Plaquette = 0.656258
# [2024-06-11 07:44:33] INFO: Polyakov loop = (-0.00132599,-0.00282705)
# [2024-06-11 07:44:33] INFO: Writing conf to disk...
# [2024-06-11 07:44:33] INFO: writeconf_nersc: Writing NERSC configuration ./conf_s060t20_b0675500_a_U000808500
# [2024-06-11 07:44:36] INFO: Calculated checksum: 250a512f
# [2024-06-11 07:44:40] INFO: Calculated checksum: 4ca8d855
# [2024-06-11 07:44:40] INFO: Writing RNGSTATE file: ./rand_s060t20_b0675500_a_U000808500
# [2024-06-11 07:44:40] INFO: Writing to disk took 7.69824 seconds
# [2024-06-11 07:44:40] INFO: ======================================================================
# [2024-06-11 07:44:40] INFO: Start sweeping...
# [2024-06-11 07:51:44] INFO: It took 423.171 seconds to do 500 HBOR sweeps.
# [2024-06-11 07:51:44] INFO: Plaquette = 0.656353
# [2024-06-11 07:51:44] INFO: Polyakov loop = (-0.00109958,-0.0021592)
# [2024-06-11 07:51:44] INFO: Writing conf to disk...
# [2024-06-11 07:51:44] INFO: writeconf_nersc: Writing NERSC configuration ./conf_s060t20_b0675500_a_U000809000
# [2024-06-11 07:51:47] INFO: Calculated checksum: 2ba6db13
# [2024-06-11 07:51:51] INFO: Calculated checksum: 1a164fa4
# [2024-06-11 07:51:51] INFO: Writing RNGSTATE file: ./rand_s060t20_b0675500_a_U000809000
# [2024-06-11 07:51:51] INFO: Writing to disk took 7.76676 seconds
# [2024-06-11 07:51:51] INFO: ======================================================================
# [2024-06-11 07:51:51] INFO: Start sweeping...
# [2024-06-11 07:58:50] INFO: It took 418.149 seconds to do 500 HBOR sweeps.
# [2024-06-11 07:58:50] INFO: Plaquette = 0.656322
# [2024-06-11 07:58:50] INFO: Polyakov loop = (-0.000520644,-0.00213185)
# [2024-06-11 07:58:50] INFO: Writing conf to disk...
# [2024-06-11 07:58:50] INFO: writeconf_nersc: Writing NERSC configuration ./conf_s060t20_b0675500_a_U000809500
# [2024-06-11 07:58:52] INFO: Calculated checksum: e04ec0e5
# [2024-06-11 07:58:57] INFO: Calculated checksum: 4cdd2106
# [2024-06-11 07:58:57] INFO: Writing RNGSTATE file: ./rand_s060t20_b0675500_a_U000809500
# [2024-06-11 07:58:57] INFO: Writing to disk took 7.47007 seconds
# [2024-06-11 07:58:57] INFO: ======================================================================
# [2024-06-11 07:58:57] INFO: Start sweeping...
# [2024-06-11 08:05:59] INFO: It took 422.202 seconds to do 500 HBOR sweeps.
# [2024-06-11 08:05:59] INFO: Plaquette = 0.65631
# [2024-06-11 08:05:59] INFO: Polyakov loop = (-0.000218709,-0.00168949)
# [2024-06-11 08:05:59] INFO: Writing conf to disk...
# [2024-06-11 08:05:59] INFO: writeconf_nersc: Writing NERSC configuration ./conf_s060t20_b0675500_a_U000810000
# [2024-06-11 08:06:02] INFO: Calculated checksum: 68861ac1
# [2024-06-11 08:06:07] INFO: Calculated checksum: 45f0dc7e
# [2024-06-11 08:06:07] INFO: Writing RNGSTATE file: ./rand_s060t20_b0675500_a_U000810000
# [2024-06-11 08:06:07] INFO: Writing to disk took 7.33763 seconds
# [2024-06-11 08:06:07] INFO: ======================================================================
# [2024-06-11 08:06:07] INFO: Start sweeping...
# [2024-06-11 08:13:10] INFO: It took 423.506 seconds to do 500 HBOR sweeps.
# [2024-06-11 08:13:10] INFO: Plaquette = 0.656293
# [2024-06-11 08:13:10] INFO: Polyakov loop = (-0.000668182,-0.000999504)
# [2024-06-11 08:13:10] INFO: Writing conf to disk...
# [2024-06-11 08:13:10] INFO: writeconf_nersc: Writing NERSC configuration ./conf_s060t20_b0675500_a_U000810500
# [2024-06-11 08:13:13] INFO: Calculated checksum: cb2ac5d8
# [2024-06-11 08:13:17] INFO: Calculated checksum: a779ac44
# [2024-06-11 08:13:17] INFO: Writing RNGSTATE file: ./rand_s060t20_b0675500_a_U000810500
# [2024-06-11 08:13:18] INFO: Writing to disk took 7.3224 seconds
# [2024-06-11 08:13:18] INFO: ======================================================================
# [2024-06-11 08:13:18] INFO: Start sweeping...
# [2024-06-11 08:20:17] INFO: It took 419.37 seconds to do 500 HBOR sweeps.
# [2024-06-11 08:20:17] INFO: Plaquette = 0.656283
# [2024-06-11 08:20:17] INFO: Polyakov loop = (-0.000691231,-0.000926965)
# [2024-06-11 08:20:17] INFO: Writing conf to disk...
# [2024-06-11 08:20:17] INFO: writeconf_nersc: Writing NERSC configuration ./conf_s060t20_b0675500_a_U000811000
# [2024-06-11 08:20:20] INFO: Calculated checksum: 29bac48d
# [2024-06-11 08:20:25] INFO: Calculated checksum: 5ff445b5
# [2024-06-11 08:20:25] INFO: Writing RNGSTATE file: ./rand_s060t20_b0675500_a_U000811000
# [2024-06-11 08:20:25] INFO: Writing to disk took 7.92646 seconds
# [2024-06-11 08:20:25] INFO: ======================================================================
# [2024-06-11 08:20:25] INFO: Start sweeping...
# [2024-06-11 08:27:32] INFO: It took 426.763 seconds to do 500 HBOR sweeps.
# [2024-06-11 08:27:32] INFO: Plaquette = 0.656312
# [2024-06-11 08:27:32] INFO: Polyakov loop = (-0.00141619,-0.00171114)
# [2024-06-11 08:27:32] INFO: Writing conf to disk...
# [2024-06-11 08:27:32] INFO: writeconf_nersc: Writing NERSC configuration ./conf_s060t20_b0675500_a_U000811500
# [2024-06-11 08:27:35] INFO: Calculated checksum: bddf7054
# [2024-06-11 08:27:39] INFO: Calculated checksum: 16f68a63
# [2024-06-11 08:27:39] INFO: Writing RNGSTATE file: ./rand_s060t20_b0675500_a_U000811500
# [2024-06-11 08:27:39] INFO: Writing to disk took 7.48385 seconds
# [2024-06-11 08:27:39] INFO: ======================================================================
# [2024-06-11 08:27:39] INFO: Start sweeping...
# [2024-06-11 08:34:43] INFO: It took 423.994 seconds to do 500 HBOR sweeps.
# [2024-06-11 08:34:43] INFO: Plaquette = 0.656247
# [2024-06-11 08:34:43] INFO: Polyakov loop = (-0.0013232,-0.00206373)
# [2024-06-11 08:34:43] INFO: Writing conf to disk...
# [2024-06-11 08:34:43] INFO: writeconf_nersc: Writing NERSC configuration ./conf_s060t20_b0675500_a_U000812000
# [2024-06-11 08:34:46] INFO: Calculated checksum: 7aa93f02
# [2024-06-11 08:34:51] INFO: Calculated checksum: 642cd858
# [2024-06-11 08:34:51] INFO: Writing RNGSTATE file: ./rand_s060t20_b0675500_a_U000812000
# [2024-06-11 08:34:51] INFO: Writing to disk took 7.59916 seconds
# [2024-06-11 08:34:51] INFO: ======================================================================
# [2024-06-11 08:34:51] INFO: Start sweeping...
# [2024-06-11 08:41:56] INFO: It took 424.798 seconds to do 500 HBOR sweeps.
# [2024-06-11 08:41:56] INFO: Plaquette = 0.656286
# [2024-06-11 08:41:56] INFO: Polyakov loop = (-0.00158491,-0.00193972)
# [2024-06-11 08:41:56] INFO: Writing conf to disk...
# [2024-06-11 08:41:56] INFO: writeconf_nersc: Writing NERSC configuration ./conf_s060t20_b0675500_a_U000812500
# [2024-06-11 08:41:59] INFO: Calculated checksum: 320b8871
# [2024-06-11 08:42:03] INFO: Calculated checksum: e0fbfd0a
# [2024-06-11 08:42:03] INFO: Writing RNGSTATE file: ./rand_s060t20_b0675500_a_U000812500
# [2024-06-11 08:42:03] INFO: Writing to disk took 7.51562 seconds
# [2024-06-11 08:42:03] INFO: ======================================================================
# [2024-06-11 08:42:03] INFO: Start sweeping...
# [2024-06-11 08:49:08] INFO: It took 424.354 seconds to do 500 HBOR sweeps.
# [2024-06-11 08:49:08] INFO: Plaquette = 0.656262
# [2024-06-11 08:49:08] INFO: Polyakov loop = (-0.00180921,-0.00125992)
# [2024-06-11 08:49:08] INFO: Writing conf to disk...
# [2024-06-11 08:49:08] INFO: writeconf_nersc: Writing NERSC configuration ./conf_s060t20_b0675500_a_U000813000
# [2024-06-11 08:49:10] INFO: Calculated checksum: 4d789084
# [2024-06-11 08:49:15] INFO: Calculated checksum: 2e13354c
# [2024-06-11 08:49:15] INFO: Writing RNGSTATE file: ./rand_s060t20_b0675500_a_U000813000
# [2024-06-11 08:49:15] INFO: Writing to disk took 7.09492 seconds
# [2024-06-11 08:49:15] INFO: ======================================================================
# [2024-06-11 08:49:15] INFO: Start sweeping...
# [2024-06-11 08:56:14] INFO: It took 419.233 seconds to do 500 HBOR sweeps.
# [2024-06-11 08:56:14] INFO: Plaquette = 0.656275
# [2024-06-11 08:56:14] INFO: Polyakov loop = (-0.00099198,-0.00212284)
# [2024-06-11 08:56:14] INFO: Writing conf to disk...
# [2024-06-11 08:56:14] INFO: writeconf_nersc: Writing NERSC configuration ./conf_s060t20_b0675500_a_U000813500
# [2024-06-11 08:56:17] INFO: Calculated checksum: 65ed8330
# [2024-06-11 08:56:21] INFO: Calculated checksum: 8a34dcf0
# [2024-06-11 08:56:21] INFO: Writing RNGSTATE file: ./rand_s060t20_b0675500_a_U000813500
# [2024-06-11 08:56:21] INFO: Writing to disk took 7.35798 seconds
# [2024-06-11 08:56:21] INFO: ======================================================================
# [2024-06-11 08:56:21] INFO: Start sweeping...
# [2024-06-11 09:03:17] INFO: It took 415.257 seconds to do 500 HBOR sweeps.
# [2024-06-11 09:03:17] INFO: Plaquette = 0.656253
# [2024-06-11 09:03:17] INFO: Polyakov loop = (-0.000728538,-0.00121213)
# [2024-06-11 09:03:17] INFO: Writing conf to disk...
# [2024-06-11 09:03:17] INFO: writeconf_nersc: Writing NERSC configuration ./conf_s060t20_b0675500_a_U000814000
# [2024-06-11 09:03:19] INFO: Calculated checksum: fa8a960f
# [2024-06-11 09:03:24] INFO: Calculated checksum: b01ed2b4
# [2024-06-11 09:03:24] INFO: Writing RNGSTATE file: ./rand_s060t20_b0675500_a_U000814000
# [2024-06-11 09:03:24] INFO: Writing to disk took 7.5005 seconds
# [2024-06-11 09:03:24] INFO: ======================================================================
# [2024-06-11 09:03:24] INFO: Start sweeping...
# [2024-06-11 09:10:24] INFO: It took 420.119 seconds to do 500 HBOR sweeps.
# [2024-06-11 09:10:24] INFO: Plaquette = 0.65631
# [2024-06-11 09:10:24] INFO: Polyakov loop = (-0.001564,-0.0013281)
# [2024-06-11 09:10:24] INFO: Writing conf to disk...
# [2024-06-11 09:10:24] INFO: writeconf_nersc: Writing NERSC configuration ./conf_s060t20_b0675500_a_U000814500
# [2024-06-11 09:10:27] INFO: Calculated checksum: f3bda742
# [2024-06-11 09:10:32] INFO: Calculated checksum: 1ab028e2
# [2024-06-11 09:10:32] INFO: Writing RNGSTATE file: ./rand_s060t20_b0675500_a_U000814500
# [2024-06-11 09:10:32] INFO: Writing to disk took 7.42736 seconds
# [2024-06-11 09:10:32] INFO: ======================================================================
# [2024-06-11 09:10:32] INFO: Start sweeping...
# [2024-06-11 09:17:31] INFO: It took 419.719 seconds to do 500 HBOR sweeps.
# [2024-06-11 09:17:32] INFO: Plaquette = 0.656322
# [2024-06-11 09:17:32] INFO: Polyakov loop = (-0.000956702,-0.00180367)
# [2024-06-11 09:17:32] INFO: Writing conf to disk...
# [2024-06-11 09:17:32] INFO: writeconf_nersc: Writing NERSC configuration ./conf_s060t20_b0675500_a_U000815000
# [2024-06-11 09:17:34] INFO: Calculated checksum: b689f0c6
# [2024-06-11 09:17:39] INFO: Calculated checksum: 92a5c7af
# [2024-06-11 09:17:39] INFO: Writing RNGSTATE file: ./rand_s060t20_b0675500_a_U000815000
# [2024-06-11 09:17:39] INFO: Writing to disk took 7.46538 seconds
# [2024-06-11 09:17:39] INFO: ======================================================================
# [2024-06-11 09:17:39] INFO: Start sweeping...
# [2024-06-11 09:24:39] INFO: It took 420.43 seconds to do 500 HBOR sweeps.
# [2024-06-11 09:24:39] INFO: Plaquette = 0.656303
# [2024-06-11 09:24:39] INFO: Polyakov loop = (-0.000908862,-0.0011917)
# [2024-06-11 09:24:39] INFO: Writing conf to disk...
# [2024-06-11 09:24:39] INFO: writeconf_nersc: Writing NERSC configuration ./conf_s060t20_b0675500_a_U000815500
# [2024-06-11 09:24:42] INFO: Calculated checksum: fa85b2c0
# [2024-06-11 09:24:47] INFO: Calculated checksum: 24b8f2cb
# [2024-06-11 09:24:47] INFO: Writing RNGSTATE file: ./rand_s060t20_b0675500_a_U000815500
# [2024-06-11 09:24:47] INFO: Writing to disk took 7.27551 seconds
# [2024-06-11 09:24:47] INFO: ======================================================================
# [2024-06-11 09:24:47] INFO: Start sweeping...
# [2024-06-11 09:31:46] INFO: It took 419.656 seconds to do 500 HBOR sweeps.
# [2024-06-11 09:31:46] INFO: Plaquette = 0.656328
# [2024-06-11 09:31:46] INFO: Polyakov loop = (-0.000997429,-0.00085526)
# [2024-06-11 09:31:46] INFO: Writing conf to disk...
# [2024-06-11 09:31:46] INFO: writeconf_nersc: Writing NERSC configuration ./conf_s060t20_b0675500_a_U000816000
# [2024-06-11 09:31:49] INFO: Calculated checksum: 144fe49c
# [2024-06-11 09:31:54] INFO: Calculated checksum: f37f39b
# [2024-06-11 09:31:54] INFO: Writing RNGSTATE file: ./rand_s060t20_b0675500_a_U000816000
# [2024-06-11 09:31:54] INFO: Writing to disk took 7.46113 seconds
# [2024-06-11 09:31:54] INFO: ======================================================================
# [2024-06-11 09:31:54] INFO: Start sweeping...
# [2024-06-11 09:38:53] INFO: It took 419.226 seconds to do 500 HBOR sweeps.
# [2024-06-11 09:38:53] INFO: Plaquette = 0.656314
# [2024-06-11 09:38:53] INFO: Polyakov loop = (-0.000528672,-0.0015552)
# [2024-06-11 09:38:53] INFO: Writing conf to disk...
# [2024-06-11 09:38:53] INFO: writeconf_nersc: Writing NERSC configuration ./conf_s060t20_b0675500_a_U000816500
# [2024-06-11 09:38:56] INFO: Calculated checksum: 33a89455
# [2024-06-11 09:39:01] INFO: Calculated checksum: d7dae2b5
# [2024-06-11 09:39:01] INFO: Writing RNGSTATE file: ./rand_s060t20_b0675500_a_U000816500
# [2024-06-11 09:39:01] INFO: Writing to disk took 8.29045 seconds
# [2024-06-11 09:39:01] INFO: ======================================================================
# [2024-06-11 09:39:01] INFO: Start sweeping...
# [2024-06-11 09:45:57] INFO: It took 415.265 seconds to do 500 HBOR sweeps.
# [2024-06-11 09:45:57] INFO: Plaquette = 0.656241
# [2024-06-11 09:45:57] INFO: Polyakov loop = (-0.0015058,-0.000846255)
# [2024-06-11 09:45:57] INFO: Writing conf to disk...
# [2024-06-11 09:45:57] INFO: writeconf_nersc: Writing NERSC configuration ./conf_s060t20_b0675500_a_U000817000
# [2024-06-11 09:46:00] INFO: Calculated checksum: 4719cc1e
# [2024-06-11 09:46:04] INFO: Calculated checksum: 119a538d
# [2024-06-11 09:46:04] INFO: Writing RNGSTATE file: ./rand_s060t20_b0675500_a_U000817000
# [2024-06-11 09:46:04] INFO: Writing to disk took 7.53281 seconds
# [2024-06-11 09:46:04] INFO: ======================================================================
# [2024-06-11 09:46:04] INFO: Start sweeping...
# [2024-06-11 09:53:09] INFO: It took 424.441 seconds to do 500 HBOR sweeps.
# [2024-06-11 09:53:09] INFO: Plaquette = 0.656274
# [2024-06-11 09:53:09] INFO: Polyakov loop = (-0.0012584,-0.00167236)
# [2024-06-11 09:53:09] INFO: Writing conf to disk...
# [2024-06-11 09:53:09] INFO: writeconf_nersc: Writing NERSC configuration ./conf_s060t20_b0675500_a_U000817500
# [2024-06-11 09:53:12] INFO: Calculated checksum: 7982a325
# [2024-06-11 09:53:17] INFO: Calculated checksum: 69173ae4
# [2024-06-11 09:53:17] INFO: Writing RNGSTATE file: ./rand_s060t20_b0675500_a_U000817500
# [2024-06-11 09:53:17] INFO: Writing to disk took 8.02087 seconds
# [2024-06-11 09:53:17] INFO: ======================================================================
# [2024-06-11 09:53:17] INFO: Start sweeping...
# [2024-06-11 10:00:13] INFO: It took 416.585 seconds to do 500 HBOR sweeps.
# [2024-06-11 10:00:13] INFO: Plaquette = 0.656338
# [2024-06-11 10:00:13] INFO: Polyakov loop = (-0.00107391,-0.00231702)
# [2024-06-11 10:00:13] INFO: Writing conf to disk...
# [2024-06-11 10:00:13] INFO: writeconf_nersc: Writing NERSC configuration ./conf_s060t20_b0675500_a_U000818000
# [2024-06-11 10:00:16] INFO: Calculated checksum: d64dcd22
# [2024-06-11 10:00:21] INFO: Calculated checksum: 8733a76
# [2024-06-11 10:00:21] INFO: Writing RNGSTATE file: ./rand_s060t20_b0675500_a_U000818000
# [2024-06-11 10:00:21] INFO: Writing to disk took 7.66414 seconds
# [2024-06-11 10:00:21] INFO: ======================================================================
# [2024-06-11 10:00:21] INFO: Start sweeping...
# [2024-06-11 10:07:17] INFO: It took 415.616 seconds to do 500 HBOR sweeps.
# [2024-06-11 10:07:17] INFO: Plaquette = 0.656271
# [2024-06-11 10:07:17] INFO: Polyakov loop = (-0.00087919,-0.00164958)
# [2024-06-11 10:07:17] INFO: Writing conf to disk...
# [2024-06-11 10:07:17] INFO: writeconf_nersc: Writing NERSC configuration ./conf_s060t20_b0675500_a_U000818500
# [2024-06-11 10:07:20] INFO: Calculated checksum: ac17b8f5
# [2024-06-11 10:07:24] INFO: Calculated checksum: dfee7449
# [2024-06-11 10:07:24] INFO: Writing RNGSTATE file: ./rand_s060t20_b0675500_a_U000818500
# [2024-06-11 10:07:24] INFO: Writing to disk took 7.60086 seconds
# [2024-06-11 10:07:24] INFO: ======================================================================
# [2024-06-11 10:07:24] INFO: Start sweeping...
# [2024-06-11 10:14:19] INFO: It took 414.654 seconds to do 500 HBOR sweeps.
# [2024-06-11 10:14:19] INFO: Plaquette = 0.656248
# [2024-06-11 10:14:19] INFO: Polyakov loop = (-0.000646735,-0.000178755)
# [2024-06-11 10:14:19] INFO: Writing conf to disk...
# [2024-06-11 10:14:19] INFO: writeconf_nersc: Writing NERSC configuration ./conf_s060t20_b0675500_a_U000819000
# [2024-06-11 10:14:22] INFO: Calculated checksum: 543a30df
# [2024-06-11 10:14:26] INFO: Calculated checksum: fe2a1e6a
# [2024-06-11 10:14:26] INFO: Writing RNGSTATE file: ./rand_s060t20_b0675500_a_U000819000
# [2024-06-11 10:14:27] INFO: Writing to disk took 7.5123 seconds
# [2024-06-11 10:14:27] INFO: ======================================================================
# [2024-06-11 10:14:27] INFO: Start sweeping...
# [2024-06-11 10:21:21] INFO: It took 414.843 seconds to do 500 HBOR sweeps.
# [2024-06-11 10:21:21] INFO: Plaquette = 0.656206
# [2024-06-11 10:21:21] INFO: Polyakov loop = (-0.000675696,-0.000930517)
# [2024-06-11 10:21:21] INFO: Writing conf to disk...
# [2024-06-11 10:21:21] INFO: writeconf_nersc: Writing NERSC configuration ./conf_s060t20_b0675500_a_U000819500
# [2024-06-11 10:21:24] INFO: Calculated checksum: 14acda0f
# [2024-06-11 10:21:29] INFO: Calculated checksum: 84f60dfe
# [2024-06-11 10:21:29] INFO: Writing RNGSTATE file: ./rand_s060t20_b0675500_a_U000819500
# [2024-06-11 10:21:29] INFO: Writing to disk took 7.61763 seconds
# [2024-06-11 10:21:29] INFO: ======================================================================
# [2024-06-11 10:21:29] INFO: Start sweeping...
# [2024-06-11 10:28:28] INFO: It took 419.164 seconds to do 500 HBOR sweeps.
# [2024-06-11 10:28:28] INFO: Plaquette = 0.656234
# [2024-06-11 10:28:28] INFO: Polyakov loop = (-0.000413996,-0.000777822)
# [2024-06-11 10:28:28] INFO: Writing conf to disk...
# [2024-06-11 10:28:28] INFO: writeconf_nersc: Writing NERSC configuration ./conf_s060t20_b0675500_a_U000820000
# [2024-06-11 10:28:31] INFO: Calculated checksum: d10f06dd
# [2024-06-11 10:28:36] INFO: Calculated checksum: 5d5817d3
# [2024-06-11 10:28:36] INFO: Writing RNGSTATE file: ./rand_s060t20_b0675500_a_U000820000
# [2024-06-11 10:28:36] INFO: Writing to disk took 7.4482 seconds
# [2024-06-11 10:28:36] INFO: ======================================================================
# [2024-06-11 10:28:36] INFO: Start sweeping...
# [2024-06-11 10:35:35] INFO: It took 419.295 seconds to do 500 HBOR sweeps.
# [2024-06-11 10:35:35] INFO: Plaquette = 0.656289
# [2024-06-11 10:35:35] INFO: Polyakov loop = (-0.0017243,-0.0019111)
# [2024-06-11 10:35:35] INFO: Writing conf to disk...
# [2024-06-11 10:35:35] INFO: writeconf_nersc: Writing NERSC configuration ./conf_s060t20_b0675500_a_U000820500
# [2024-06-11 10:35:38] INFO: Calculated checksum: 9947668f
# [2024-06-11 10:35:43] INFO: Calculated checksum: 8ea1101f
# [2024-06-11 10:35:43] INFO: Writing RNGSTATE file: ./rand_s060t20_b0675500_a_U000820500
# [2024-06-11 10:35:43] INFO: Writing to disk took 7.51183 seconds
# [2024-06-11 10:35:43] INFO: ======================================================================
# [2024-06-11 10:35:43] INFO: Start sweeping...
# [2024-06-11 10:42:43] INFO: It took 420.147 seconds to do 500 HBOR sweeps.
# [2024-06-11 10:42:43] INFO: Plaquette = 0.656287
# [2024-06-11 10:42:43] INFO: Polyakov loop = (-0.00132287,-0.000650853)
# [2024-06-11 10:42:43] INFO: Writing conf to disk...
# [2024-06-11 10:42:43] INFO: writeconf_nersc: Writing NERSC configuration ./conf_s060t20_b0675500_a_U000821000
# [2024-06-11 10:42:46] INFO: Calculated checksum: e47972bd
# [2024-06-11 10:42:50] INFO: Calculated checksum: 96ac181
# [2024-06-11 10:42:50] INFO: Writing RNGSTATE file: ./rand_s060t20_b0675500_a_U000821000
# [2024-06-11 10:42:51] INFO: Writing to disk took 7.70602 seconds
# [2024-06-11 10:42:51] INFO: ======================================================================
# [2024-06-11 10:42:51] INFO: Start sweeping...
# [2024-06-11 10:49:51] INFO: It took 420.171 seconds to do 500 HBOR sweeps.
# [2024-06-11 10:49:51] INFO: Plaquette = 0.656131
# [2024-06-11 10:49:51] INFO: Polyakov loop = (-0.00113039,-0.00145581)
# [2024-06-11 10:49:51] INFO: Writing conf to disk...
# [2024-06-11 10:49:51] INFO: writeconf_nersc: Writing NERSC configuration ./conf_s060t20_b0675500_a_U000821500
# [2024-06-11 10:49:54] INFO: Calculated checksum: 1f01c58f
# [2024-06-11 10:49:58] INFO: Calculated checksum: 3091532
# [2024-06-11 10:49:58] INFO: Writing RNGSTATE file: ./rand_s060t20_b0675500_a_U000821500
# [2024-06-11 10:49:58] INFO: Writing to disk took 7.49044 seconds
# [2024-06-11 10:49:58] INFO: ======================================================================
# [2024-06-11 10:49:58] INFO: Start sweeping...
# [2024-06-11 10:56:56] INFO: It took 418.142 seconds to do 500 HBOR sweeps.
# [2024-06-11 10:56:56] INFO: Plaquette = 0.65633
# [2024-06-11 10:56:56] INFO: Polyakov loop = (-0.00121528,-0.000802288)
# [2024-06-11 10:56:56] INFO: Writing conf to disk...
# [2024-06-11 10:56:56] INFO: writeconf_nersc: Writing NERSC configuration ./conf_s060t20_b0675500_a_U000822000
# [2024-06-11 10:56:59] INFO: Calculated checksum: c1bdc189
# [2024-06-11 10:57:04] INFO: Calculated checksum: da41f81e
# [2024-06-11 10:57:04] INFO: Writing RNGSTATE file: ./rand_s060t20_b0675500_a_U000822000
# [2024-06-11 10:57:04] INFO: Writing to disk took 7.46507 seconds
# [2024-06-11 10:57:04] INFO: ======================================================================
# [2024-06-11 10:57:04] INFO: Start sweeping...
# [2024-06-11 11:03:59] INFO: It took 415.227 seconds to do 500 HBOR sweeps.
# [2024-06-11 11:03:59] INFO: Plaquette = 0.656185
# [2024-06-11 11:03:59] INFO: Polyakov loop = (-0.000558324,-0.000787669)
# [2024-06-11 11:03:59] INFO: Writing conf to disk...
# [2024-06-11 11:03:59] INFO: writeconf_nersc: Writing NERSC configuration ./conf_s060t20_b0675500_a_U000822500
# [2024-06-11 11:04:02] INFO: Calculated checksum: 50e2a13c
# [2024-06-11 11:04:06] INFO: Calculated checksum: cc9a2049
# [2024-06-11 11:04:06] INFO: Writing RNGSTATE file: ./rand_s060t20_b0675500_a_U000822500
# [2024-06-11 11:04:07] INFO: Writing to disk took 7.45435 seconds
# [2024-06-11 11:04:07] INFO: ======================================================================
# [2024-06-11 11:04:07] INFO: Start sweeping...
# [2024-06-11 11:11:01] INFO: It took 414.184 seconds to do 500 HBOR sweeps.
# [2024-06-11 11:11:01] INFO: Plaquette = 0.656336
# [2024-06-11 11:11:01] INFO: Polyakov loop = (-0.000872823,-0.00125854)
# [2024-06-11 11:11:01] INFO: Writing conf to disk...
# [2024-06-11 11:11:01] INFO: writeconf_nersc: Writing NERSC configuration ./conf_s060t20_b0675500_a_U000823000
# [2024-06-11 11:11:04] INFO: Calculated checksum: 247bc9b0
# [2024-06-11 11:11:09] INFO: Calculated checksum: a32f40b6
# [2024-06-11 11:11:09] INFO: Writing RNGSTATE file: ./rand_s060t20_b0675500_a_U000823000
# [2024-06-11 11:11:09] INFO: Writing to disk took 7.95086 seconds
# [2024-06-11 11:11:09] INFO: ======================================================================
# [2024-06-11 11:11:09] INFO: Start sweeping...
# [2024-06-11 11:18:06] INFO: It took 417.296 seconds to do 500 HBOR sweeps.
# [2024-06-11 11:18:06] INFO: Plaquette = 0.656274
# [2024-06-11 11:18:06] INFO: Polyakov loop = (-0.000604518,-0.000409541)
# [2024-06-11 11:18:06] INFO: Writing conf to disk...
# [2024-06-11 11:18:06] INFO: writeconf_nersc: Writing NERSC configuration ./conf_s060t20_b0675500_a_U000823500
# [2024-06-11 11:18:09] INFO: Calculated checksum: c99eb9cc
# [2024-06-11 11:18:13] INFO: Calculated checksum: a9adeeb3
# [2024-06-11 11:18:13] INFO: Writing RNGSTATE file: ./rand_s060t20_b0675500_a_U000823500
# [2024-06-11 11:18:14] INFO: Writing to disk took 7.42726 seconds
# [2024-06-11 11:18:14] INFO: ======================================================================
# [2024-06-11 11:18:14] INFO: Start sweeping...
# [2024-06-11 11:25:13] INFO: It took 419.225 seconds to do 500 HBOR sweeps.
# [2024-06-11 11:25:13] INFO: Plaquette = 0.656329
# [2024-06-11 11:25:13] INFO: Polyakov loop = (-0.00120324,-0.00132453)
# [2024-06-11 11:25:13] INFO: Writing conf to disk...
# [2024-06-11 11:25:13] INFO: writeconf_nersc: Writing NERSC configuration ./conf_s060t20_b0675500_a_U000824000
# [2024-06-11 11:25:16] INFO: Calculated checksum: be8af3bc
# [2024-06-11 11:25:20] INFO: Calculated checksum: 934ee4d7
# [2024-06-11 11:25:20] INFO: Writing RNGSTATE file: ./rand_s060t20_b0675500_a_U000824000
# [2024-06-11 11:25:20] INFO: Writing to disk took 7.29953 seconds
# [2024-06-11 11:25:20] INFO: ======================================================================
# [2024-06-11 11:25:20] INFO: Start sweeping...
# [2024-06-11 11:32:19] INFO: It took 419.012 seconds to do 500 HBOR sweeps.
# [2024-06-11 11:32:19] INFO: Plaquette = 0.656243
# [2024-06-11 11:32:19] INFO: Polyakov loop = (-0.000169599,-0.00153326)
# [2024-06-11 11:32:19] INFO: Writing conf to disk...
# [2024-06-11 11:32:19] INFO: writeconf_nersc: Writing NERSC configuration ./conf_s060t20_b0675500_a_U000824500
# [2024-06-11 11:32:22] INFO: Calculated checksum: f81ffe20
# [2024-06-11 11:32:26] INFO: Calculated checksum: fa254d5f
# [2024-06-11 11:32:26] INFO: Writing RNGSTATE file: ./rand_s060t20_b0675500_a_U000824500
# [2024-06-11 11:32:27] INFO: Writing to disk took 7.35009 seconds
# [2024-06-11 11:32:27] INFO: ======================================================================
# [2024-06-11 11:32:27] INFO: Start sweeping...
# [2024-06-11 11:39:23] INFO: It took 416.659 seconds to do 500 HBOR sweeps.
# [2024-06-11 11:39:23] INFO: Plaquette = 0.656288
# [2024-06-11 11:39:23] INFO: Polyakov loop = (-0.000386388,-0.0017696)
# [2024-06-11 11:39:23] INFO: Writing conf to disk...
# [2024-06-11 11:39:23] INFO: writeconf_nersc: Writing NERSC configuration ./conf_s060t20_b0675500_a_U000825000
# [2024-06-11 11:39:26] INFO: Calculated checksum: 5fff6080
# [2024-06-11 11:39:31] INFO: Calculated checksum: 78bd29c6
# [2024-06-11 11:39:31] INFO: Writing RNGSTATE file: ./rand_s060t20_b0675500_a_U000825000
# [2024-06-11 11:39:31] INFO: Writing to disk took 7.44768 seconds
# [2024-06-11 11:39:31] INFO: ======================================================================
# [2024-06-11 11:39:31] INFO: Start sweeping...
# [2024-06-11 11:46:27] INFO: It took 416.462 seconds to do 500 HBOR sweeps.
# [2024-06-11 11:46:27] INFO: Plaquette = 0.65627
# [2024-06-11 11:46:27] INFO: Polyakov loop = (-0.00122088,-0.00128614)
# [2024-06-11 11:46:27] INFO: Writing conf to disk...
# [2024-06-11 11:46:27] INFO: writeconf_nersc: Writing NERSC configuration ./conf_s060t20_b0675500_a_U000825500
# [2024-06-11 11:46:30] INFO: Calculated checksum: 5f995743
# [2024-06-11 11:46:35] INFO: Calculated checksum: 43babe08
# [2024-06-11 11:46:35] INFO: Writing RNGSTATE file: ./rand_s060t20_b0675500_a_U000825500
# [2024-06-11 11:46:35] INFO: Writing to disk took 7.63888 seconds
# [2024-06-11 11:46:35] INFO: ======================================================================
# [2024-06-11 11:46:35] INFO: Start sweeping...
# [2024-06-11 11:53:30] INFO: It took 415.291 seconds to do 500 HBOR sweeps.
# [2024-06-11 11:53:30] INFO: Plaquette = 0.656226
# [2024-06-11 11:53:30] INFO: Polyakov loop = (-0.000709862,-0.00117817)
# [2024-06-11 11:53:30] INFO: Writing conf to disk...
# [2024-06-11 11:53:30] INFO: writeconf_nersc: Writing NERSC configuration ./conf_s060t20_b0675500_a_U000826000
# [2024-06-11 11:53:33] INFO: Calculated checksum: 8338e494
# [2024-06-11 11:53:37] INFO: Calculated checksum: dd43323c
# [2024-06-11 11:53:37] INFO: Writing RNGSTATE file: ./rand_s060t20_b0675500_a_U000826000
# [2024-06-11 11:53:37] INFO: Writing to disk took 7.28229 seconds
# [2024-06-11 11:53:37] INFO: ======================================================================
# [2024-06-11 11:53:37] INFO: Start sweeping...
# [2024-06-11 12:00:38] INFO: It took 420.916 seconds to do 500 HBOR sweeps.
# [2024-06-11 12:00:38] INFO: Plaquette = 0.6562
# [2024-06-11 12:00:38] INFO: Polyakov loop = (-0.00019517,-0.00139002)
# [2024-06-11 12:00:38] INFO: Writing conf to disk...
# [2024-06-11 12:00:38] INFO: writeconf_nersc: Writing NERSC configuration ./conf_s060t20_b0675500_a_U000826500
# [2024-06-11 12:00:41] INFO: Calculated checksum: 59b21113
# [2024-06-11 12:00:46] INFO: Calculated checksum: 92ffff1f
# [2024-06-11 12:00:46] INFO: Writing RNGSTATE file: ./rand_s060t20_b0675500_a_U000826500
# [2024-06-11 12:00:46] INFO: Writing to disk took 7.34848 seconds
# [2024-06-11 12:00:46] INFO: ======================================================================
# [2024-06-11 12:00:46] INFO: Start sweeping...
# [2024-06-11 12:07:43] INFO: It took 417.124 seconds to do 500 HBOR sweeps.
# [2024-06-11 12:07:43] INFO: Plaquette = 0.656252
# [2024-06-11 12:07:43] INFO: Polyakov loop = (-0.000623835,-0.00234955)
# [2024-06-11 12:07:43] INFO: Writing conf to disk...
# [2024-06-11 12:07:43] INFO: writeconf_nersc: Writing NERSC configuration ./conf_s060t20_b0675500_a_U000827000
# [2024-06-11 12:07:46] INFO: Calculated checksum: 59bfc69a
# [2024-06-11 12:07:50] INFO: Calculated checksum: 3d399cae
# [2024-06-11 12:07:50] INFO: Writing RNGSTATE file: ./rand_s060t20_b0675500_a_U000827000
# [2024-06-11 12:07:50] INFO: Writing to disk took 7.3521 seconds
# [2024-06-11 12:07:50] INFO: ======================================================================
# [2024-06-11 12:07:50] INFO: Start sweeping...
# [2024-06-11 12:14:47] INFO: It took 416.415 seconds to do 500 HBOR sweeps.
# [2024-06-11 12:14:47] INFO: Plaquette = 0.65628
# [2024-06-11 12:14:47] INFO: Polyakov loop = (-0.00162478,-0.00227617)
# [2024-06-11 12:14:47] INFO: Writing conf to disk...
# [2024-06-11 12:14:47] INFO: writeconf_nersc: Writing NERSC configuration ./conf_s060t20_b0675500_a_U000827500
# [2024-06-11 12:14:50] INFO: Calculated checksum: c515d44f
# [2024-06-11 12:14:54] INFO: Calculated checksum: 76a697c9
# [2024-06-11 12:14:54] INFO: Writing RNGSTATE file: ./rand_s060t20_b0675500_a_U000827500
# [2024-06-11 12:14:54] INFO: Writing to disk took 7.56967 seconds
# [2024-06-11 12:14:54] INFO: ======================================================================
# [2024-06-11 12:14:54] INFO: Start sweeping...
# [2024-06-11 12:21:51] INFO: It took 416.445 seconds to do 500 HBOR sweeps.
# [2024-06-11 12:21:51] INFO: Plaquette = 0.656237
# [2024-06-11 12:21:51] INFO: Polyakov loop = (-0.00134266,-0.00217136)
# [2024-06-11 12:21:51] INFO: Writing conf to disk...
# [2024-06-11 12:21:51] INFO: writeconf_nersc: Writing NERSC configuration ./conf_s060t20_b0675500_a_U000828000
# [2024-06-11 12:21:54] INFO: Calculated checksum: 9df63280
# [2024-06-11 12:21:58] INFO: Calculated checksum: 3a805389
# [2024-06-11 12:21:58] INFO: Writing RNGSTATE file: ./rand_s060t20_b0675500_a_U000828000
# [2024-06-11 12:21:59] INFO: Writing to disk took 7.75859 seconds
# [2024-06-11 12:21:59] INFO: ======================================================================
# [2024-06-11 12:21:59] INFO: Start sweeping...
# [2024-06-11 12:29:00] INFO: It took 421.905 seconds to do 500 HBOR sweeps.
# [2024-06-11 12:29:01] INFO: Plaquette = 0.656286
# [2024-06-11 12:29:01] INFO: Polyakov loop = (-4.69254e-05,-0.00138866)
# [2024-06-11 12:29:01] INFO: Writing conf to disk...
# [2024-06-11 12:29:01] INFO: writeconf_nersc: Writing NERSC configuration ./conf_s060t20_b0675500_a_U000828500
# [2024-06-11 12:29:03] INFO: Calculated checksum: 327a774e
# [2024-06-11 12:29:08] INFO: Calculated checksum: 78258436
# [2024-06-11 12:29:08] INFO: Writing RNGSTATE file: ./rand_s060t20_b0675500_a_U000828500
# [2024-06-11 12:29:08] INFO: Writing to disk took 7.55976 seconds
# [2024-06-11 12:29:08] INFO: ======================================================================
# [2024-06-11 12:29:08] INFO: Start sweeping...
# [2024-06-11 12:36:05] INFO: It took 416.877 seconds to do 500 HBOR sweeps.
# [2024-06-11 12:36:05] INFO: Plaquette = 0.656375
# [2024-06-11 12:36:05] INFO: Polyakov loop = (-0.000507173,1.83255e-05)
# [2024-06-11 12:36:05] INFO: Writing conf to disk...
# [2024-06-11 12:36:05] INFO: writeconf_nersc: Writing NERSC configuration ./conf_s060t20_b0675500_a_U000829000
# [2024-06-11 12:36:08] INFO: Calculated checksum: cc9faedc
# [2024-06-11 12:36:12] INFO: Calculated checksum: 2aac831f
# [2024-06-11 12:36:12] INFO: Writing RNGSTATE file: ./rand_s060t20_b0675500_a_U000829000
# [2024-06-11 12:36:13] INFO: Writing to disk took 7.52664 seconds
# [2024-06-11 12:36:13] INFO: ======================================================================
# [2024-06-11 12:36:13] INFO: Start sweeping...
# [2024-06-11 12:43:09] INFO: It took 416.423 seconds to do 500 HBOR sweeps.
# [2024-06-11 12:43:09] INFO: Plaquette = 0.656333
# [2024-06-11 12:43:09] INFO: Polyakov loop = (-0.00143134,-0.00160126)
# [2024-06-11 12:43:09] INFO: Writing conf to disk...
# [2024-06-11 12:43:09] INFO: writeconf_nersc: Writing NERSC configuration ./conf_s060t20_b0675500_a_U000829500
# [2024-06-11 12:43:12] INFO: Calculated checksum: 7706797
# [2024-06-11 12:43:16] INFO: Calculated checksum: 726dc215
# [2024-06-11 12:43:16] INFO: Writing RNGSTATE file: ./rand_s060t20_b0675500_a_U000829500
# [2024-06-11 12:43:17] INFO: Writing to disk took 7.56392 seconds
# [2024-06-11 12:43:17] INFO: ======================================================================
# [2024-06-11 12:43:17] INFO: Start sweeping...
# [2024-06-11 12:50:16] INFO: It took 419.358 seconds to do 500 HBOR sweeps.
# [2024-06-11 12:50:16] INFO: Plaquette = 0.656314
# [2024-06-11 12:50:16] INFO: Polyakov loop = (-0.000716382,-4.34984e-05)
# [2024-06-11 12:50:16] INFO: Writing conf to disk...
# [2024-06-11 12:50:16] INFO: writeconf_nersc: Writing NERSC configuration ./conf_s060t20_b0675500_a_U000830000
# [2024-06-11 12:50:19] INFO: Calculated checksum: 17425f1f
# [2024-06-11 12:50:24] INFO: Calculated checksum: f0c97d4
# [2024-06-11 12:50:24] INFO: Writing RNGSTATE file: ./rand_s060t20_b0675500_a_U000830000
# [2024-06-11 12:50:24] INFO: Writing to disk took 7.72396 seconds
# [2024-06-11 12:50:24] INFO: ======================================================================
# [2024-06-11 12:50:24] INFO: Start sweeping...
# [2024-06-11 12:57:24] INFO: It took 420.115 seconds to do 500 HBOR sweeps.
# [2024-06-11 12:57:24] INFO: Plaquette = 0.656298
# [2024-06-11 12:57:24] INFO: Polyakov loop = (-0.00100172,-0.00166564)
# [2024-06-11 12:57:24] INFO: Writing conf to disk...
# [2024-06-11 12:57:24] INFO: writeconf_nersc: Writing NERSC configuration ./conf_s060t20_b0675500_a_U000830500
# [2024-06-11 12:57:27] INFO: Calculated checksum: afb1d802
# [2024-06-11 12:57:31] INFO: Calculated checksum: e45c4647
# [2024-06-11 12:57:31] INFO: Writing RNGSTATE file: ./rand_s060t20_b0675500_a_U000830500
# [2024-06-11 12:57:31] INFO: Writing to disk took 7.5257 seconds
# [2024-06-11 12:57:31] INFO: ======================================================================
# [2024-06-11 12:57:31] INFO: Start sweeping...
# [2024-06-11 13:04:32] INFO: It took 420.534 seconds to do 500 HBOR sweeps.
# [2024-06-11 13:04:32] INFO: Plaquette = 0.656312
# [2024-06-11 13:04:32] INFO: Polyakov loop = (-0.00174808,-0.00214036)
# [2024-06-11 13:04:32] INFO: Writing conf to disk...
# [2024-06-11 13:04:32] INFO: writeconf_nersc: Writing NERSC configuration ./conf_s060t20_b0675500_a_U000831000
# [2024-06-11 13:04:35] INFO: Calculated checksum: 92d2e13c
# [2024-06-11 13:04:39] INFO: Calculated checksum: 1184f48a
# [2024-06-11 13:04:39] INFO: Writing RNGSTATE file: ./rand_s060t20_b0675500_a_U000831000
# [2024-06-11 13:04:40] INFO: Writing to disk took 7.63901 seconds
# [2024-06-11 13:04:40] INFO: ======================================================================
# [2024-06-11 13:04:40] INFO: Start sweeping...
# [2024-06-11 13:11:44] INFO: It took 424.188 seconds to do 500 HBOR sweeps.
# [2024-06-11 13:11:44] INFO: Plaquette = 0.656227
# [2024-06-11 13:11:44] INFO: Polyakov loop = (-0.00154294,-0.00117102)
# [2024-06-11 13:11:44] INFO: Writing conf to disk...
# [2024-06-11 13:11:44] INFO: writeconf_nersc: Writing NERSC configuration ./conf_s060t20_b0675500_a_U000831500
# [2024-06-11 13:11:47] INFO: Calculated checksum: f0026a43
# [2024-06-11 13:11:51] INFO: Calculated checksum: 7b0669dd
# [2024-06-11 13:11:51] INFO: Writing RNGSTATE file: ./rand_s060t20_b0675500_a_U000831500
# [2024-06-11 13:11:51] INFO: Writing to disk took 7.33798 seconds
# [2024-06-11 13:11:51] INFO: ======================================================================
# [2024-06-11 13:11:51] INFO: Start sweeping...
# [2024-06-11 13:18:56] INFO: It took 424.989 seconds to do 500 HBOR sweeps.
# [2024-06-11 13:18:56] INFO: Plaquette = 0.656307
# [2024-06-11 13:18:56] INFO: Polyakov loop = (-0.000277223,-0.00197027)
# [2024-06-11 13:18:56] INFO: Writing conf to disk...
# [2024-06-11 13:18:56] INFO: writeconf_nersc: Writing NERSC configuration ./conf_s060t20_b0675500_a_U000832000
# [2024-06-11 13:18:59] INFO: Calculated checksum: c89d2f51
# [2024-06-11 13:19:05] INFO: Calculated checksum: 19aa7601
# [2024-06-11 13:19:05] INFO: Writing RNGSTATE file: ./rand_s060t20_b0675500_a_U000832000
# [2024-06-11 13:19:06] INFO: Writing to disk took 9.49995 seconds
# [2024-06-11 13:19:06] INFO: ======================================================================
# [2024-06-11 13:19:06] INFO: Start sweeping...
# [2024-06-11 13:26:10] INFO: It took 424.161 seconds to do 500 HBOR sweeps.
# [2024-06-11 13:26:10] INFO: Plaquette = 0.656276
# [2024-06-11 13:26:10] INFO: Polyakov loop = (-0.00142441,-0.00107178)
# [2024-06-11 13:26:10] INFO: Writing conf to disk...
# [2024-06-11 13:26:10] INFO: writeconf_nersc: Writing NERSC configuration ./conf_s060t20_b0675500_a_U000832500
# [2024-06-11 13:26:13] INFO: Calculated checksum: e4a0a93c
# [2024-06-11 13:26:22] INFO: Calculated checksum: a53fe956
# [2024-06-11 13:26:22] INFO: Writing RNGSTATE file: ./rand_s060t20_b0675500_a_U000832500
# [2024-06-11 13:26:22] INFO: Writing to disk took 12.2342 seconds
# [2024-06-11 13:26:22] INFO: ======================================================================
# [2024-06-11 13:26:22] INFO: Start sweeping...
# [2024-06-11 13:33:27] INFO: It took 425.017 seconds to do 500 HBOR sweeps.
# [2024-06-11 13:33:27] INFO: Plaquette = 0.656257
# [2024-06-11 13:33:27] INFO: Polyakov loop = (-0.000819445,-0.000963657)
# [2024-06-11 13:33:27] INFO: Writing conf to disk...
# [2024-06-11 13:33:27] INFO: writeconf_nersc: Writing NERSC configuration ./conf_s060t20_b0675500_a_U000833000
# [2024-06-11 13:33:30] INFO: Calculated checksum: eb4406d
# [2024-06-11 13:33:35] INFO: Calculated checksum: ac5a1407
# [2024-06-11 13:33:35] INFO: Writing RNGSTATE file: ./rand_s060t20_b0675500_a_U000833000
# [2024-06-11 13:33:35] INFO: Writing to disk took 8.24212 seconds
# [2024-06-11 13:33:35] INFO: ======================================================================
# [2024-06-11 13:33:35] INFO: Start sweeping...
# [2024-06-11 13:40:42] INFO: It took 426.42 seconds to do 500 HBOR sweeps.
# [2024-06-11 13:40:42] INFO: Plaquette = 0.656306
# [2024-06-11 13:40:42] INFO: Polyakov loop = (-0.00109782,-0.00263745)
# [2024-06-11 13:40:42] INFO: Writing conf to disk...
# [2024-06-11 13:40:42] INFO: writeconf_nersc: Writing NERSC configuration ./conf_s060t20_b0675500_a_U000833500
# [2024-06-11 13:40:45] INFO: Calculated checksum: 706cb096
# [2024-06-11 13:40:52] INFO: Calculated checksum: 9fb135a
# [2024-06-11 13:40:52] INFO: Writing RNGSTATE file: ./rand_s060t20_b0675500_a_U000833500
# [2024-06-11 13:40:52] INFO: Writing to disk took 9.99202 seconds
# [2024-06-11 13:40:52] INFO: ======================================================================
# [2024-06-11 13:40:52] INFO: Start sweeping...
# [2024-06-11 13:47:56] INFO: It took 423.666 seconds to do 500 HBOR sweeps.
# [2024-06-11 13:47:56] INFO: Plaquette = 0.656268
# [2024-06-11 13:47:56] INFO: Polyakov loop = (-0.000505447,-0.0019477)
# [2024-06-11 13:47:56] INFO: Writing conf to disk...
# [2024-06-11 13:47:56] INFO: writeconf_nersc: Writing NERSC configuration ./conf_s060t20_b0675500_a_U000834000
# [2024-06-11 13:47:58] INFO: Calculated checksum: e5961d9
# [2024-06-11 13:48:05] INFO: Calculated checksum: 4597c824
# [2024-06-11 13:48:05] INFO: Writing RNGSTATE file: ./rand_s060t20_b0675500_a_U000834000
# [2024-06-11 13:48:05] INFO: Writing to disk took 9.32797 seconds
# [2024-06-11 13:48:05] INFO: ======================================================================
# [2024-06-11 13:48:05] INFO: Start sweeping...
# [2024-06-11 13:55:10] INFO: It took 424.941 seconds to do 500 HBOR sweeps.
# [2024-06-11 13:55:10] INFO: Plaquette = 0.656213
# [2024-06-11 13:55:10] INFO: Polyakov loop = (-0.00162313,-0.00185733)
# [2024-06-11 13:55:10] INFO: Writing conf to disk...
# [2024-06-11 13:55:10] INFO: writeconf_nersc: Writing NERSC configuration ./conf_s060t20_b0675500_a_U000834500
# [2024-06-11 13:55:13] INFO: Calculated checksum: 7532bc88
# [2024-06-11 13:55:20] INFO: Calculated checksum: 8496401b
# [2024-06-11 13:55:20] INFO: Writing RNGSTATE file: ./rand_s060t20_b0675500_a_U000834500
# [2024-06-11 13:55:20] INFO: Writing to disk took 9.78372 seconds
# [2024-06-11 13:55:20] INFO: ======================================================================
# [2024-06-11 13:55:20] INFO: Start sweeping...
# [2024-06-11 14:02:21] INFO: It took 421.474 seconds to do 500 HBOR sweeps.
# [2024-06-11 14:02:21] INFO: Plaquette = 0.656181
# [2024-06-11 14:02:21] INFO: Polyakov loop = (-0.00104894,-0.000918322)
# [2024-06-11 14:02:21] INFO: Writing conf to disk...
# [2024-06-11 14:02:21] INFO: writeconf_nersc: Writing NERSC configuration ./conf_s060t20_b0675500_a_U000835000
# [2024-06-11 14:02:24] INFO: Calculated checksum: 9ca1a1fe
# [2024-06-11 14:02:29] INFO: Calculated checksum: b508d7a5
# [2024-06-11 14:02:29] INFO: Writing RNGSTATE file: ./rand_s060t20_b0675500_a_U000835000
# [2024-06-11 14:02:29] INFO: Writing to disk took 7.51602 seconds
# [2024-06-11 14:02:29] INFO: ======================================================================
# [2024-06-11 14:02:29] INFO: Start sweeping...
# [2024-06-11 14:09:30] INFO: It took 421.444 seconds to do 500 HBOR sweeps.
# [2024-06-11 14:09:30] INFO: Plaquette = 0.656343
# [2024-06-11 14:09:30] INFO: Polyakov loop = (-0.000378012,-0.00158975)
# [2024-06-11 14:09:30] INFO: Writing conf to disk...
# [2024-06-11 14:09:30] INFO: writeconf_nersc: Writing NERSC configuration ./conf_s060t20_b0675500_a_U000835500
# [2024-06-11 14:09:33] INFO: Calculated checksum: 5a1be954
# [2024-06-11 14:09:39] INFO: Calculated checksum: eb46aaa0
# [2024-06-11 14:09:39] INFO: Writing RNGSTATE file: ./rand_s060t20_b0675500_a_U000835500
# [2024-06-11 14:09:39] INFO: Writing to disk took 9.04515 seconds
# [2024-06-11 14:09:39] INFO: ======================================================================
# [2024-06-11 14:09:39] INFO: Start sweeping...
# [2024-06-11 14:16:42] INFO: It took 422.867 seconds to do 500 HBOR sweeps.
# [2024-06-11 14:16:42] INFO: Plaquette = 0.6563
# [2024-06-11 14:16:42] INFO: Polyakov loop = (-0.000927593,-0.00198561)
# [2024-06-11 14:16:42] INFO: Writing conf to disk...
# [2024-06-11 14:16:42] INFO: writeconf_nersc: Writing NERSC configuration ./conf_s060t20_b0675500_a_U000836000
# [2024-06-11 14:16:45] INFO: Calculated checksum: 8c549879
# [2024-06-11 14:16:50] INFO: Calculated checksum: 6a5896b1
# [2024-06-11 14:16:50] INFO: Writing RNGSTATE file: ./rand_s060t20_b0675500_a_U000836000
# [2024-06-11 14:16:50] INFO: Writing to disk took 7.4765 seconds
# [2024-06-11 14:16:50] INFO: ======================================================================
# [2024-06-11 14:16:50] INFO: Start sweeping...
# [2024-06-11 14:23:53] INFO: It took 422.912 seconds to do 500 HBOR sweeps.
# [2024-06-11 14:23:53] INFO: Plaquette = 0.656289
# [2024-06-11 14:23:53] INFO: Polyakov loop = (-0.000653316,-0.00173052)
# [2024-06-11 14:23:53] INFO: Writing conf to disk...
# [2024-06-11 14:23:53] INFO: writeconf_nersc: Writing NERSC configuration ./conf_s060t20_b0675500_a_U000836500
# [2024-06-11 14:23:56] INFO: Calculated checksum: 4b8232
# [2024-06-11 14:24:00] INFO: Calculated checksum: 1534589c
# [2024-06-11 14:24:00] INFO: Writing RNGSTATE file: ./rand_s060t20_b0675500_a_U000836500
# [2024-06-11 14:24:00] INFO: Writing to disk took 7.53163 seconds
# [2024-06-11 14:24:00] INFO: ======================================================================
# [2024-06-11 14:24:00] INFO: Start sweeping...
# [2024-06-11 14:30:59] INFO: It took 418.377 seconds to do 500 HBOR sweeps.
# [2024-06-11 14:30:59] INFO: Plaquette = 0.656331
# [2024-06-11 14:30:59] INFO: Polyakov loop = (-0.00121077,-0.00105468)
# [2024-06-11 14:30:59] INFO: Writing conf to disk...
# [2024-06-11 14:30:59] INFO: writeconf_nersc: Writing NERSC configuration ./conf_s060t20_b0675500_a_U000837000
# [2024-06-11 14:31:01] INFO: Calculated checksum: b1372cb3
# [2024-06-11 14:31:06] INFO: Calculated checksum: 2f0f1a82
# [2024-06-11 14:31:06] INFO: Writing RNGSTATE file: ./rand_s060t20_b0675500_a_U000837000
# [2024-06-11 14:31:06] INFO: Writing to disk took 7.38296 seconds
# [2024-06-11 14:31:06] INFO: ======================================================================
# [2024-06-11 14:31:06] INFO: Start sweeping...
# [2024-06-11 14:38:09] INFO: It took 422.973 seconds to do 500 HBOR sweeps.
# [2024-06-11 14:38:09] INFO: Plaquette = 0.656256
# [2024-06-11 14:38:09] INFO: Polyakov loop = (-0.000659501,-0.000965109)
# [2024-06-11 14:38:09] INFO: Writing conf to disk...
# [2024-06-11 14:38:09] INFO: writeconf_nersc: Writing NERSC configuration ./conf_s060t20_b0675500_a_U000837500
# [2024-06-11 14:38:12] INFO: Calculated checksum: af90ff96
# [2024-06-11 14:38:16] INFO: Calculated checksum: d4b2dd7d
# [2024-06-11 14:38:16] INFO: Writing RNGSTATE file: ./rand_s060t20_b0675500_a_U000837500
# [2024-06-11 14:38:17] INFO: Writing to disk took 7.62424 seconds
# [2024-06-11 14:38:17] INFO: ======================================================================
# [2024-06-11 14:38:17] INFO: Start sweeping...
# [2024-06-11 14:45:15] INFO: It took 418.793 seconds to do 500 HBOR sweeps.
# [2024-06-11 14:45:16] INFO: Plaquette = 0.656197
# [2024-06-11 14:45:16] INFO: Polyakov loop = (-0.0011053,-0.00204176)
# [2024-06-11 14:45:16] INFO: Writing conf to disk...
# [2024-06-11 14:45:16] INFO: writeconf_nersc: Writing NERSC configuration ./conf_s060t20_b0675500_a_U000838000
# [2024-06-11 14:45:18] INFO: Calculated checksum: 305a11fc
# [2024-06-11 14:45:23] INFO: Calculated checksum: 805b0aa0
# [2024-06-11 14:45:23] INFO: Writing RNGSTATE file: ./rand_s060t20_b0675500_a_U000838000
# [2024-06-11 14:45:23] INFO: Writing to disk took 7.33819 seconds
# [2024-06-11 14:45:23] INFO: ======================================================================
# [2024-06-11 14:45:23] INFO: Start sweeping...
# [2024-06-11 14:52:29] INFO: It took 426.454 seconds to do 500 HBOR sweeps.
# [2024-06-11 14:52:29] INFO: Plaquette = 0.656302
# [2024-06-11 14:52:29] INFO: Polyakov loop = (-0.000816385,-0.00197722)
# [2024-06-11 14:52:29] INFO: Writing conf to disk...
# [2024-06-11 14:52:29] INFO: writeconf_nersc: Writing NERSC configuration ./conf_s060t20_b0675500_a_U000838500
# [2024-06-11 14:52:32] INFO: Calculated checksum: bc62ff5
# [2024-06-11 14:52:37] INFO: Calculated checksum: 51ec6257
# [2024-06-11 14:52:37] INFO: Writing RNGSTATE file: ./rand_s060t20_b0675500_a_U000838500
# [2024-06-11 14:52:37] INFO: Writing to disk took 7.40528 seconds
# [2024-06-11 14:52:37] INFO: ======================================================================
# [2024-06-11 14:52:37] INFO: Start sweeping...
# [2024-06-11 14:59:41] INFO: It took 424.295 seconds to do 500 HBOR sweeps.
# [2024-06-11 14:59:41] INFO: Plaquette = 0.656258
# [2024-06-11 14:59:41] INFO: Polyakov loop = (-0.000938418,-0.00161112)
# [2024-06-11 14:59:41] INFO: Writing conf to disk...
# [2024-06-11 14:59:41] INFO: writeconf_nersc: Writing NERSC configuration ./conf_s060t20_b0675500_a_U000839000
# [2024-06-11 14:59:44] INFO: Calculated checksum: 6a6bc6d3
# [2024-06-11 14:59:49] INFO: Calculated checksum: 2936317b
# [2024-06-11 14:59:49] INFO: Writing RNGSTATE file: ./rand_s060t20_b0675500_a_U000839000
# [2024-06-11 14:59:49] INFO: Writing to disk took 8.25135 seconds
# [2024-06-11 14:59:49] INFO: ======================================================================
# [2024-06-11 14:59:49] INFO: Start sweeping...
# [2024-06-11 15:06:55] INFO: It took 425.365 seconds to do 500 HBOR sweeps.
# [2024-06-11 15:06:55] INFO: Plaquette = 0.656223
# [2024-06-11 15:06:55] INFO: Polyakov loop = (-0.000710663,-0.00244107)
# [2024-06-11 15:06:55] INFO: Writing conf to disk...
# [2024-06-11 15:06:55] INFO: writeconf_nersc: Writing NERSC configuration ./conf_s060t20_b0675500_a_U000839500
# [2024-06-11 15:06:58] INFO: Calculated checksum: 26eb870c
# [2024-06-11 15:07:03] INFO: Calculated checksum: 3d8741ee
# [2024-06-11 15:07:03] INFO: Writing RNGSTATE file: ./rand_s060t20_b0675500_a_U000839500
# [2024-06-11 15:07:03] INFO: Writing to disk took 7.93847 seconds
# [2024-06-11 15:07:03] INFO: ======================================================================
# [2024-06-11 15:07:03] INFO: Start sweeping...
# [2024-06-11 15:13:59] INFO: It took 416.055 seconds to do 500 HBOR sweeps.
# [2024-06-11 15:13:59] INFO: Plaquette = 0.656333
# [2024-06-11 15:13:59] INFO: Polyakov loop = (-0.00134203,-0.00152398)
# [2024-06-11 15:13:59] INFO: Writing conf to disk...
# [2024-06-11 15:13:59] INFO: writeconf_nersc: Writing NERSC configuration ./conf_s060t20_b0675500_a_U000840000
# [2024-06-11 15:14:02] INFO: Calculated checksum: 96bce9e4
# [2024-06-11 15:14:06] INFO: Calculated checksum: 6f2d9
# [2024-06-11 15:14:06] INFO: Writing RNGSTATE file: ./rand_s060t20_b0675500_a_U000840000
# [2024-06-11 15:14:06] INFO: Writing to disk took 7.61369 seconds
# [2024-06-11 15:14:06] INFO: ======================================================================
# [2024-06-11 15:14:06] INFO: Start sweeping...
# [2024-06-11 15:21:04] INFO: It took 417.564 seconds to do 500 HBOR sweeps.
# [2024-06-11 15:21:04] INFO: Plaquette = 0.656317
# [2024-06-11 15:21:04] INFO: Polyakov loop = (-0.00170876,-0.00110889)
# [2024-06-11 15:21:04] INFO: Writing conf to disk...
# [2024-06-11 15:21:04] INFO: writeconf_nersc: Writing NERSC configuration ./conf_s060t20_b0675500_a_U000840500
# [2024-06-11 15:21:07] INFO: Calculated checksum: 2e3c3a56
# [2024-06-11 15:21:11] INFO: Calculated checksum: ce3316d1
# [2024-06-11 15:21:11] INFO: Writing RNGSTATE file: ./rand_s060t20_b0675500_a_U000840500
# [2024-06-11 15:21:12] INFO: Writing to disk took 7.571 seconds
# [2024-06-11 15:21:12] INFO: ======================================================================
# [2024-06-11 15:21:12] INFO: Start sweeping...
# [2024-06-11 15:28:10] INFO: It took 418.833 seconds to do 500 HBOR sweeps.
# [2024-06-11 15:28:10] INFO: Plaquette = 0.656302
# [2024-06-11 15:28:10] INFO: Polyakov loop = (-0.000361167,-0.00161203)
# [2024-06-11 15:28:10] INFO: Writing conf to disk...
# [2024-06-11 15:28:10] INFO: writeconf_nersc: Writing NERSC configuration ./conf_s060t20_b0675500_a_U000841000
# [2024-06-11 15:28:13] INFO: Calculated checksum: 750608d9
# [2024-06-11 15:28:18] INFO: Calculated checksum: 614b91ec
# [2024-06-11 15:28:18] INFO: Writing RNGSTATE file: ./rand_s060t20_b0675500_a_U000841000
# [2024-06-11 15:28:18] INFO: Writing to disk took 7.52415 seconds
# [2024-06-11 15:28:18] INFO: ======================================================================
# [2024-06-11 15:28:18] INFO: Start sweeping...
# [2024-06-11 15:35:20] INFO: It took 421.654 seconds to do 500 HBOR sweeps.
# [2024-06-11 15:35:20] INFO: Plaquette = 0.656345
# [2024-06-11 15:35:20] INFO: Polyakov loop = (-0.000643821,-0.00233218)
# [2024-06-11 15:35:20] INFO: Writing conf to disk...
# [2024-06-11 15:35:20] INFO: writeconf_nersc: Writing NERSC configuration ./conf_s060t20_b0675500_a_U000841500
# [2024-06-11 15:35:23] INFO: Calculated checksum: 83e331b
# [2024-06-11 15:35:27] INFO: Calculated checksum: f2b6f0c3
# [2024-06-11 15:35:27] INFO: Writing RNGSTATE file: ./rand_s060t20_b0675500_a_U000841500
# [2024-06-11 15:35:27] INFO: Writing to disk took 7.58119 seconds
# [2024-06-11 15:35:27] INFO: ======================================================================
# [2024-06-11 15:35:27] INFO: Start sweeping...
# [2024-06-11 15:42:24] INFO: It took 416.433 seconds to do 500 HBOR sweeps.
# [2024-06-11 15:42:24] INFO: Plaquette = 0.656272
# [2024-06-11 15:42:24] INFO: Polyakov loop = (-0.000776791,-0.00192727)
# [2024-06-11 15:42:24] INFO: Writing conf to disk...
# [2024-06-11 15:42:24] INFO: writeconf_nersc: Writing NERSC configuration ./conf_s060t20_b0675500_a_U000842000
# [2024-06-11 15:42:27] INFO: Calculated checksum: ee807e41
# [2024-06-11 15:42:31] INFO: Calculated checksum: fea6f167
# [2024-06-11 15:42:31] INFO: Writing RNGSTATE file: ./rand_s060t20_b0675500_a_U000842000
# [2024-06-11 15:42:31] INFO: Writing to disk took 7.52404 seconds
# [2024-06-11 15:42:31] INFO: ======================================================================
# [2024-06-11 15:42:31] INFO: Start sweeping...
# [2024-06-11 15:49:29] INFO: It took 417.519 seconds to do 500 HBOR sweeps.
# [2024-06-11 15:49:29] INFO: Plaquette = 0.65623
# [2024-06-11 15:49:29] INFO: Polyakov loop = (-0.00117481,-0.00169451)
# [2024-06-11 15:49:29] INFO: Writing conf to disk...
# [2024-06-11 15:49:29] INFO: writeconf_nersc: Writing NERSC configuration ./conf_s060t20_b0675500_a_U000842500
# [2024-06-11 15:49:32] INFO: Calculated checksum: f4ab7dfe
# [2024-06-11 15:49:36] INFO: Calculated checksum: 9d67325d
# [2024-06-11 15:49:37] INFO: Writing RNGSTATE file: ./rand_s060t20_b0675500_a_U000842500
# [2024-06-11 15:49:37] INFO: Writing to disk took 7.89169 seconds
# [2024-06-11 15:49:37] INFO: ======================================================================
# [2024-06-11 15:49:37] INFO: Start sweeping...
# [2024-06-11 15:56:39] INFO: It took 422.095 seconds to do 500 HBOR sweeps.
# [2024-06-11 15:56:39] INFO: Plaquette = 0.656198
# [2024-06-11 15:56:39] INFO: Polyakov loop = (-0.00160052,-0.00053703)
# [2024-06-11 15:56:39] INFO: Writing conf to disk...
# [2024-06-11 15:56:39] INFO: writeconf_nersc: Writing NERSC configuration ./conf_s060t20_b0675500_a_U000843000
# [2024-06-11 15:56:42] INFO: Calculated checksum: b0316857
# [2024-06-11 15:56:46] INFO: Calculated checksum: 38327d66
# [2024-06-11 15:56:46] INFO: Writing RNGSTATE file: ./rand_s060t20_b0675500_a_U000843000
# [2024-06-11 15:56:46] INFO: Writing to disk took 7.50467 seconds
# [2024-06-11 15:56:46] INFO: ======================================================================
# [2024-06-11 15:56:46] INFO: Start sweeping...
# [2024-06-11 16:03:50] INFO: It took 423.857 seconds to do 500 HBOR sweeps.
# [2024-06-11 16:03:50] INFO: Plaquette = 0.656253
# [2024-06-11 16:03:50] INFO: Polyakov loop = (-0.000207524,-0.000593738)
# [2024-06-11 16:03:50] INFO: Writing conf to disk...
# [2024-06-11 16:03:50] INFO: writeconf_nersc: Writing NERSC configuration ./conf_s060t20_b0675500_a_U000843500
# [2024-06-11 16:03:53] INFO: Calculated checksum: 1c1576d9
# [2024-06-11 16:03:58] INFO: Calculated checksum: 2dc28ef
# [2024-06-11 16:03:58] INFO: Writing RNGSTATE file: ./rand_s060t20_b0675500_a_U000843500
# [2024-06-11 16:03:58] INFO: Writing to disk took 7.4951 seconds
# [2024-06-11 16:03:58] INFO: ======================================================================
# [2024-06-11 16:03:58] INFO: Start sweeping...
# [2024-06-11 16:10:59] INFO: It took 421.422 seconds to do 500 HBOR sweeps.
# [2024-06-11 16:10:59] INFO: Plaquette = 0.656238
# [2024-06-11 16:10:59] INFO: Polyakov loop = (-0.000482934,-0.00202192)
# [2024-06-11 16:10:59] INFO: Writing conf to disk...
# [2024-06-11 16:10:59] INFO: writeconf_nersc: Writing NERSC configuration ./conf_s060t20_b0675500_a_U000844000
# [2024-06-11 16:11:02] INFO: Calculated checksum: e604a768
# [2024-06-11 16:11:07] INFO: Calculated checksum: 19e78788
# [2024-06-11 16:11:07] INFO: Writing RNGSTATE file: ./rand_s060t20_b0675500_a_U000844000
# [2024-06-11 16:11:07] INFO: Writing to disk took 7.56322 seconds
# [2024-06-11 16:11:07] INFO: ======================================================================
# [2024-06-11 16:11:07] INFO: Start sweeping...
# [2024-06-11 16:18:12] INFO: It took 425.615 seconds to do 500 HBOR sweeps.
# [2024-06-11 16:18:12] INFO: Plaquette = 0.656326
# [2024-06-11 16:18:12] INFO: Polyakov loop = (0.000103822,-0.00113722)
# [2024-06-11 16:18:12] INFO: Writing conf to disk...
# [2024-06-11 16:18:12] INFO: writeconf_nersc: Writing NERSC configuration ./conf_s060t20_b0675500_a_U000844500
# [2024-06-11 16:18:15] INFO: Calculated checksum: dd2985d8
# [2024-06-11 16:18:20] INFO: Calculated checksum: 543e7f12
# [2024-06-11 16:18:20] INFO: Writing RNGSTATE file: ./rand_s060t20_b0675500_a_U000844500
# [2024-06-11 16:18:20] INFO: Writing to disk took 7.68986 seconds
# [2024-06-11 16:18:20] INFO: ======================================================================
# [2024-06-11 16:18:20] INFO: Start sweeping...
# [2024-06-11 16:25:28] INFO: It took 427.408 seconds to do 500 HBOR sweeps.
# [2024-06-11 16:25:28] INFO: Plaquette = 0.656365
# [2024-06-11 16:25:28] INFO: Polyakov loop = (-0.000384511,-0.0022928)
# [2024-06-11 16:25:28] INFO: Writing conf to disk...
# [2024-06-11 16:25:28] INFO: writeconf_nersc: Writing NERSC configuration ./conf_s060t20_b0675500_a_U000845000
# [2024-06-11 16:25:30] INFO: Calculated checksum: 1d359226
# [2024-06-11 16:25:35] INFO: Calculated checksum: d193c82e
# [2024-06-11 16:25:35] INFO: Writing RNGSTATE file: ./rand_s060t20_b0675500_a_U000845000
# [2024-06-11 16:25:35] INFO: Writing to disk took 7.60751 seconds
# [2024-06-11 16:25:35] INFO: ======================================================================
# [2024-06-11 16:25:35] INFO: Start sweeping...
# [2024-06-11 16:32:43] INFO: It took 427.454 seconds to do 500 HBOR sweeps.
# [2024-06-11 16:32:43] INFO: Plaquette = 0.656281
# [2024-06-11 16:32:43] INFO: Polyakov loop = (-0.00147323,-0.000587809)
# [2024-06-11 16:32:43] INFO: Writing conf to disk...
# [2024-06-11 16:32:43] INFO: writeconf_nersc: Writing NERSC configuration ./conf_s060t20_b0675500_a_U000845500
# [2024-06-11 16:32:46] INFO: Calculated checksum: b55dc7dc
# [2024-06-11 16:32:50] INFO: Calculated checksum: 559e59fb
# [2024-06-11 16:32:50] INFO: Writing RNGSTATE file: ./rand_s060t20_b0675500_a_U000845500
# [2024-06-11 16:32:50] INFO: Writing to disk took 6.92458 seconds
# [2024-06-11 16:32:50] INFO: ======================================================================
# [2024-06-11 16:32:50] INFO: Start sweeping...
# [2024-06-11 16:39:56] INFO: It took 425.922 seconds to do 500 HBOR sweeps.
# [2024-06-11 16:39:56] INFO: Plaquette = 0.656325
# [2024-06-11 16:39:56] INFO: Polyakov loop = (-0.000734824,-0.0015839)
# [2024-06-11 16:39:56] INFO: Writing conf to disk...
# [2024-06-11 16:39:56] INFO: writeconf_nersc: Writing NERSC configuration ./conf_s060t20_b0675500_a_U000846000
# [2024-06-11 16:39:58] INFO: Calculated checksum: 6fd1032b
# [2024-06-11 16:40:03] INFO: Calculated checksum: bed6ffa8
# [2024-06-11 16:40:03] INFO: Writing RNGSTATE file: ./rand_s060t20_b0675500_a_U000846000
# [2024-06-11 16:40:03] INFO: Writing to disk took 7.20536 seconds
# [2024-06-11 16:40:03] INFO: ======================================================================
# [2024-06-11 16:40:03] INFO: Start sweeping...
# [2024-06-11 16:47:08] INFO: It took 425.458 seconds to do 500 HBOR sweeps.
# [2024-06-11 16:47:08] INFO: Plaquette = 0.656266
# [2024-06-11 16:47:08] INFO: Polyakov loop = (-0.000852792,-0.00105636)
# [2024-06-11 16:47:08] INFO: Writing conf to disk...
# [2024-06-11 16:47:08] INFO: writeconf_nersc: Writing NERSC configuration ./conf_s060t20_b0675500_a_U000846500
# [2024-06-11 16:47:11] INFO: Calculated checksum: 4a0c3f95
# [2024-06-11 16:47:16] INFO: Calculated checksum: 7f40098b
# [2024-06-11 16:47:16] INFO: Writing RNGSTATE file: ./rand_s060t20_b0675500_a_U000846500
# [2024-06-11 16:47:16] INFO: Writing to disk took 7.49971 seconds
# [2024-06-11 16:47:16] INFO: ======================================================================
# [2024-06-11 16:47:16] INFO: Start sweeping...
# [2024-06-11 16:54:23] INFO: It took 427.229 seconds to do 500 HBOR sweeps.
# [2024-06-11 16:54:23] INFO: Plaquette = 0.65632
# [2024-06-11 16:54:23] INFO: Polyakov loop = (-0.000921872,-0.00276476)
# [2024-06-11 16:54:23] INFO: Writing conf to disk...
# [2024-06-11 16:54:23] INFO: writeconf_nersc: Writing NERSC configuration ./conf_s060t20_b0675500_a_U000847000
# [2024-06-11 16:54:26] INFO: Calculated checksum: 839bffe1
# [2024-06-11 16:54:31] INFO: Calculated checksum: a107defe
# [2024-06-11 16:54:31] INFO: Writing RNGSTATE file: ./rand_s060t20_b0675500_a_U000847000
# [2024-06-11 16:54:31] INFO: Writing to disk took 7.70774 seconds
# [2024-06-11 16:54:31] INFO: ======================================================================
# [2024-06-11 16:54:31] INFO: Start sweeping...
# [2024-06-11 17:01:36] INFO: It took 425.278 seconds to do 500 HBOR sweeps.
# [2024-06-11 17:01:36] INFO: Plaquette = 0.656282
# [2024-06-11 17:01:36] INFO: Polyakov loop = (-0.00140093,-0.00191368)
# [2024-06-11 17:01:36] INFO: Writing conf to disk...
# [2024-06-11 17:01:36] INFO: writeconf_nersc: Writing NERSC configuration ./conf_s060t20_b0675500_a_U000847500
# [2024-06-11 17:01:39] INFO: Calculated checksum: 6e0a5ba0
# [2024-06-11 17:01:44] INFO: Calculated checksum: 14283412
# [2024-06-11 17:01:44] INFO: Writing RNGSTATE file: ./rand_s060t20_b0675500_a_U000847500
# [2024-06-11 17:01:44] INFO: Writing to disk took 7.46698 seconds
# [2024-06-11 17:01:44] INFO: ======================================================================
# [2024-06-11 17:01:44] INFO: Start sweeping...
# [2024-06-11 17:08:43] INFO: It took 419.198 seconds to do 500 HBOR sweeps.
# [2024-06-11 17:08:43] INFO: Plaquette = 0.656263
# [2024-06-11 17:08:43] INFO: Polyakov loop = (0.000219863,-0.000551851)
# [2024-06-11 17:08:43] INFO: Writing conf to disk...
# [2024-06-11 17:08:43] INFO: writeconf_nersc: Writing NERSC configuration ./conf_s060t20_b0675500_a_U000848000
# [2024-06-11 17:08:46] INFO: Calculated checksum: 195806aa
# [2024-06-11 17:08:50] INFO: Calculated checksum: ba65719d
# [2024-06-11 17:08:50] INFO: Writing RNGSTATE file: ./rand_s060t20_b0675500_a_U000848000
# [2024-06-11 17:08:50] INFO: Writing to disk took 7.3629 seconds
# [2024-06-11 17:08:50] INFO: ======================================================================
# [2024-06-11 17:08:50] INFO: Start sweeping...
# [2024-06-11 17:15:58] INFO: It took 427.359 seconds to do 500 HBOR sweeps.
# [2024-06-11 17:15:58] INFO: Plaquette = 0.656347
# [2024-06-11 17:15:58] INFO: Polyakov loop = (-0.000517068,-0.00101953)
# [2024-06-11 17:15:58] INFO: Writing conf to disk...
# [2024-06-11 17:15:58] INFO: writeconf_nersc: Writing NERSC configuration ./conf_s060t20_b0675500_a_U000848500
# [2024-06-11 17:16:01] INFO: Calculated checksum: 38279033
# [2024-06-11 17:16:05] INFO: Calculated checksum: 4f8a864c
# [2024-06-11 17:16:05] INFO: Writing RNGSTATE file: ./rand_s060t20_b0675500_a_U000848500
# [2024-06-11 17:16:05] INFO: Writing to disk took 7.70096 seconds
# [2024-06-11 17:16:05] INFO: ======================================================================
# [2024-06-11 17:16:05] INFO: Start sweeping...
# [2024-06-11 17:23:03] INFO: It took 417.116 seconds to do 500 HBOR sweeps.
# [2024-06-11 17:23:03] INFO: Plaquette = 0.656287
# [2024-06-11 17:23:03] INFO: Polyakov loop = (-0.00115546,-0.00142811)
# [2024-06-11 17:23:03] INFO: Writing conf to disk...
# [2024-06-11 17:23:03] INFO: writeconf_nersc: Writing NERSC configuration ./conf_s060t20_b0675500_a_U000849000
# [2024-06-11 17:23:05] INFO: Calculated checksum: efc65f1c
# [2024-06-11 17:23:10] INFO: Calculated checksum: c3c84ba3
# [2024-06-11 17:23:10] INFO: Writing RNGSTATE file: ./rand_s060t20_b0675500_a_U000849000
# [2024-06-11 17:23:10] INFO: Writing to disk took 7.56438 seconds
# [2024-06-11 17:23:10] INFO: ======================================================================
# [2024-06-11 17:23:10] INFO: Start sweeping...
# [2024-06-11 17:30:12] INFO: It took 421.821 seconds to do 500 HBOR sweeps.
# [2024-06-11 17:30:12] INFO: Plaquette = 0.656342
# [2024-06-11 17:30:12] INFO: Polyakov loop = (-0.00061938,-0.00121096)
# [2024-06-11 17:30:12] INFO: Writing conf to disk...
# [2024-06-11 17:30:12] INFO: writeconf_nersc: Writing NERSC configuration ./conf_s060t20_b0675500_a_U000849500
# [2024-06-11 17:30:15] INFO: Calculated checksum: df45079c
# [2024-06-11 17:30:19] INFO: Calculated checksum: 2de92515
# [2024-06-11 17:30:19] INFO: Writing RNGSTATE file: ./rand_s060t20_b0675500_a_U000849500
# [2024-06-11 17:30:19] INFO: Writing to disk took 7.47649 seconds
# [2024-06-11 17:30:19] INFO: ======================================================================
# [2024-06-11 17:30:19] INFO: Start sweeping...
# [2024-06-11 17:37:23] INFO: It took 423.823 seconds to do 500 HBOR sweeps.
# [2024-06-11 17:37:23] INFO: Plaquette = 0.656307
# [2024-06-11 17:37:23] INFO: Polyakov loop = (-0.000406513,-0.00189449)
# [2024-06-11 17:37:23] INFO: Writing conf to disk...
# [2024-06-11 17:37:23] INFO: writeconf_nersc: Writing NERSC configuration ./conf_s060t20_b0675500_a_U000850000
# [2024-06-11 17:37:26] INFO: Calculated checksum: 6b86ada
# [2024-06-11 17:37:31] INFO: Calculated checksum: fc64ce24
# [2024-06-11 17:37:31] INFO: Writing RNGSTATE file: ./rand_s060t20_b0675500_a_U000850000
# [2024-06-11 17:37:31] INFO: Writing to disk took 7.5165 seconds
# [2024-06-11 17:37:31] INFO: Finalizing MPI
