
Currently Loaded Modules:
  1) chpc/1.0      (S)   3) gcc/8.5.0      5) mpich/3.4.2
  2) python/3.10.3       4) cmake/3.26.0   6) cuda/11.6.2 (g)

  Where:
   S:  Module is Sticky, requires --force to unload or purge
   g:  built for GPU

 

# [2024-06-11 04:51:13] INFO: Running SIMULATeQCD
# [2024-06-11 04:51:13] INFO: Git commit version: 43e2518
# [2024-06-11 04:51:13] INFO: Initializing MPI with (1 proc)
# [2024-06-11 04:51:13] INFO: Reading parameters from file :: GenerateQuenched_b67132.param
# [2024-06-11 04:51:13] INFO: # PARAM :: Lattice = 60 60 60 20 
# [2024-06-11 04:51:13] INFO: # PARAM :: Nodes = 1 1 1 1 
# [2024-06-11 04:51:13] INFO: # PARAM :: Topology = 0 0 0 0  (default)
# [2024-06-11 04:51:13] INFO: # PARAM :: beta = 6.7132
# [2024-06-11 04:51:13] INFO: # PARAM :: format = nersc
# [2024-06-11 04:51:13] INFO: # PARAM :: endianness = auto
# [2024-06-11 04:51:13] INFO: # PARAM :: conf_nr = 800000
# [2024-06-11 04:51:13] INFO: # PARAM :: stream = a
# [2024-06-11 04:51:13] INFO: # PARAM :: prec_out = 0 (default)
# [2024-06-11 04:51:13] INFO: # PARAM :: measurements_dir = ./ (default)
# [2024-06-11 04:51:13] INFO: # PARAM :: use_unit_conf = 0 (default)
# [2024-06-11 04:51:13] INFO: # PARAM :: output_dir = .
# [2024-06-11 04:51:13] INFO: # PARAM :: nconfs = 100
# [2024-06-11 04:51:13] INFO: # PARAM :: nsweeps_ORperHB = 4
# [2024-06-11 04:51:13] INFO: # PARAM :: nsweeps_HBwithOR = 500
# [2024-06-11 04:51:13] INFO: # PARAM :: prev_conf = conf_s060t20_b0671320_a_U000800000
# [2024-06-11 04:51:13] INFO: # PARAM :: prev_rand = rand_s060t20_b0671320_a_U000800000
# [2024-06-11 04:51:13] INFO: > Running on:
# [2024-06-11 04:51:13] INFO: [Rank 0] > notch088 CPU_41 GPU_3B; MPI: world_rank=0, node_rank=0, coord: ( 0 0 0 0 )
# [2024-06-11 04:51:13] INFO: > Is MPI CUDA-aware? @compilation 
# [2024-06-11 04:51:13] INFO: > GPU compute capability: 75
# [2024-06-11 04:51:13] INFO: > Checking support for P2P (Peer-to-Peer) and UVA (Unified Virtual Addressing):
# [2024-06-11 04:51:13] INFO: [Rank 0] > notch088 GPU_3B(NVIDIA GeForce RTX 2080 Ti): P2P NO ; UVA YES
# [2024-06-11 04:51:13] INFO: Initialize Indexer with HaloDepth = 1[0;33m[0m
# [2024-06-11 04:51:13] INFO: Resuming previous run.
# [2024-06-11 04:51:13] INFO: readconf_nersc: Reading NERSC configuration conf_s060t20_b0671320_a_U000800000
# [2024-06-11 04:51:21] INFO: Next conf_number will be 800500
# [2024-06-11 04:51:21] INFO: Generating up to 100 confs with a separation of 500 HBOR sweeps (OR/HB = 4) ...
# [2024-06-11 04:51:21] INFO: ======================================================================
# [2024-06-11 04:51:21] INFO: Start sweeping...
# [2024-06-11 04:58:10] INFO: It took 408.5 seconds to do 500 HBOR sweeps.
# [2024-06-11 04:58:10] INFO: Plaquette = 0.653499
# [2024-06-11 04:58:10] INFO: Polyakov loop = (0.000616278,0.0015833)
# [2024-06-11 04:58:10] INFO: Writing conf to disk...
# [2024-06-11 04:58:10] INFO: writeconf_nersc: Writing NERSC configuration ./conf_s060t20_b0671320_a_U000800500
# [2024-06-11 04:58:13] INFO: Calculated checksum: 4646eb41
# [2024-06-11 04:58:17] INFO: Calculated checksum: 490cb665
# [2024-06-11 04:58:17] INFO: Writing RNGSTATE file: ./rand_s060t20_b0671320_a_U000800500
# [2024-06-11 04:58:17] INFO: Writing to disk took 7.23515 seconds
# [2024-06-11 04:58:17] INFO: ======================================================================
# [2024-06-11 04:58:17] INFO: Start sweeping...
# [2024-06-11 05:05:08] INFO: It took 410.831 seconds to do 500 HBOR sweeps.
# [2024-06-11 05:05:08] INFO: Plaquette = 0.653502
# [2024-06-11 05:05:08] INFO: Polyakov loop = (-0.00116698,0.000490639)
# [2024-06-11 05:05:08] INFO: Writing conf to disk...
# [2024-06-11 05:05:08] INFO: writeconf_nersc: Writing NERSC configuration ./conf_s060t20_b0671320_a_U000801000
# [2024-06-11 05:05:11] INFO: Calculated checksum: 4d5b4c8b
# [2024-06-11 05:05:16] INFO: Calculated checksum: b0ba580c
# [2024-06-11 05:05:16] INFO: Writing RNGSTATE file: ./rand_s060t20_b0671320_a_U000801000
# [2024-06-11 05:05:16] INFO: Writing to disk took 7.59216 seconds
# [2024-06-11 05:05:16] INFO: ======================================================================
# [2024-06-11 05:05:16] INFO: Start sweeping...
# [2024-06-11 05:12:07] INFO: It took 411.418 seconds to do 500 HBOR sweeps.
# [2024-06-11 05:12:07] INFO: Plaquette = 0.653471
# [2024-06-11 05:12:07] INFO: Polyakov loop = (0.000157665,0.000660292)
# [2024-06-11 05:12:07] INFO: Writing conf to disk...
# [2024-06-11 05:12:07] INFO: writeconf_nersc: Writing NERSC configuration ./conf_s060t20_b0671320_a_U000801500
# [2024-06-11 05:12:10] INFO: Calculated checksum: a6498ec7
# [2024-06-11 05:12:14] INFO: Calculated checksum: 34971777
# [2024-06-11 05:12:14] INFO: Writing RNGSTATE file: ./rand_s060t20_b0671320_a_U000801500
# [2024-06-11 05:12:14] INFO: Writing to disk took 7.29857 seconds
# [2024-06-11 05:12:14] INFO: ======================================================================
# [2024-06-11 05:12:14] INFO: Start sweeping...
# [2024-06-11 05:19:11] INFO: It took 416.023 seconds to do 500 HBOR sweeps.
# [2024-06-11 05:19:11] INFO: Plaquette = 0.65336
# [2024-06-11 05:19:11] INFO: Polyakov loop = (-0.000973784,0.00134831)
# [2024-06-11 05:19:11] INFO: Writing conf to disk...
# [2024-06-11 05:19:11] INFO: writeconf_nersc: Writing NERSC configuration ./conf_s060t20_b0671320_a_U000802000
# [2024-06-11 05:19:13] INFO: Calculated checksum: 7979b60a
# [2024-06-11 05:19:18] INFO: Calculated checksum: c9161cc9
# [2024-06-11 05:19:18] INFO: Writing RNGSTATE file: ./rand_s060t20_b0671320_a_U000802000
# [2024-06-11 05:19:18] INFO: Writing to disk took 7.30328 seconds
# [2024-06-11 05:19:18] INFO: ======================================================================
# [2024-06-11 05:19:18] INFO: Start sweeping...
# [2024-06-11 05:26:11] INFO: It took 413.642 seconds to do 500 HBOR sweeps.
# [2024-06-11 05:26:12] INFO: Plaquette = 0.6535
# [2024-06-11 05:26:12] INFO: Polyakov loop = (-0.00145645,0.000816947)
# [2024-06-11 05:26:12] INFO: Writing conf to disk...
# [2024-06-11 05:26:12] INFO: writeconf_nersc: Writing NERSC configuration ./conf_s060t20_b0671320_a_U000802500
# [2024-06-11 05:26:14] INFO: Calculated checksum: b96790d6
# [2024-06-11 05:26:19] INFO: Calculated checksum: daa614b4
# [2024-06-11 05:26:19] INFO: Writing RNGSTATE file: ./rand_s060t20_b0671320_a_U000802500
# [2024-06-11 05:26:19] INFO: Writing to disk took 7.45815 seconds
# [2024-06-11 05:26:19] INFO: ======================================================================
# [2024-06-11 05:26:19] INFO: Start sweeping...
# [2024-06-11 05:33:12] INFO: It took 412.698 seconds to do 500 HBOR sweeps.
# [2024-06-11 05:33:12] INFO: Plaquette = 0.653452
# [2024-06-11 05:33:12] INFO: Polyakov loop = (-0.000719571,0.00148036)
# [2024-06-11 05:33:12] INFO: Writing conf to disk...
# [2024-06-11 05:33:12] INFO: writeconf_nersc: Writing NERSC configuration ./conf_s060t20_b0671320_a_U000803000
# [2024-06-11 05:33:15] INFO: Calculated checksum: ca28e475
# [2024-06-11 05:33:19] INFO: Calculated checksum: eb03161f
# [2024-06-11 05:33:19] INFO: Writing RNGSTATE file: ./rand_s060t20_b0671320_a_U000803000
# [2024-06-11 05:33:19] INFO: Writing to disk took 7.55526 seconds
# [2024-06-11 05:33:19] INFO: ======================================================================
# [2024-06-11 05:33:19] INFO: Start sweeping...
# [2024-06-11 05:40:08] INFO: It took 408.528 seconds to do 500 HBOR sweeps.
# [2024-06-11 05:40:08] INFO: Plaquette = 0.653608
# [2024-06-11 05:40:08] INFO: Polyakov loop = (-0.000800952,0.00143723)
# [2024-06-11 05:40:08] INFO: Writing conf to disk...
# [2024-06-11 05:40:08] INFO: writeconf_nersc: Writing NERSC configuration ./conf_s060t20_b0671320_a_U000803500
# [2024-06-11 05:40:11] INFO: Calculated checksum: a8e7d4a
# [2024-06-11 05:40:15] INFO: Calculated checksum: 1d957e19
# [2024-06-11 05:40:15] INFO: Writing RNGSTATE file: ./rand_s060t20_b0671320_a_U000803500
# [2024-06-11 05:40:15] INFO: Writing to disk took 7.17774 seconds
# [2024-06-11 05:40:15] INFO: ======================================================================
# [2024-06-11 05:40:15] INFO: Start sweeping...
# [2024-06-11 05:47:04] INFO: It took 408.7 seconds to do 500 HBOR sweeps.
# [2024-06-11 05:47:04] INFO: Plaquette = 0.653511
# [2024-06-11 05:47:04] INFO: Polyakov loop = (-0.000486224,0.00115595)
# [2024-06-11 05:47:04] INFO: Writing conf to disk...
# [2024-06-11 05:47:04] INFO: writeconf_nersc: Writing NERSC configuration ./conf_s060t20_b0671320_a_U000804000
# [2024-06-11 05:47:07] INFO: Calculated checksum: e546183b
# [2024-06-11 05:47:11] INFO: Calculated checksum: 67fd1414
# [2024-06-11 05:47:11] INFO: Writing RNGSTATE file: ./rand_s060t20_b0671320_a_U000804000
# [2024-06-11 05:47:11] INFO: Writing to disk took 7.39515 seconds
# [2024-06-11 05:47:11] INFO: ======================================================================
# [2024-06-11 05:47:11] INFO: Start sweeping...
# [2024-06-11 05:54:05] INFO: It took 414.222 seconds to do 500 HBOR sweeps.
# [2024-06-11 05:54:05] INFO: Plaquette = 0.653581
# [2024-06-11 05:54:05] INFO: Polyakov loop = (-0.000511505,0.000329605)
# [2024-06-11 05:54:05] INFO: Writing conf to disk...
# [2024-06-11 05:54:05] INFO: writeconf_nersc: Writing NERSC configuration ./conf_s060t20_b0671320_a_U000804500
# [2024-06-11 05:54:08] INFO: Calculated checksum: 52536173
# [2024-06-11 05:54:13] INFO: Calculated checksum: 9ec3144b
# [2024-06-11 05:54:13] INFO: Writing RNGSTATE file: ./rand_s060t20_b0671320_a_U000804500
# [2024-06-11 05:54:13] INFO: Writing to disk took 7.52295 seconds
# [2024-06-11 05:54:13] INFO: ======================================================================
# [2024-06-11 05:54:13] INFO: Start sweeping...
# [2024-06-11 06:01:06] INFO: It took 413.343 seconds to do 500 HBOR sweeps.
# [2024-06-11 06:01:06] INFO: Plaquette = 0.653513
# [2024-06-11 06:01:06] INFO: Polyakov loop = (7.09613e-05,-0.000301425)
# [2024-06-11 06:01:06] INFO: Writing conf to disk...
# [2024-06-11 06:01:06] INFO: writeconf_nersc: Writing NERSC configuration ./conf_s060t20_b0671320_a_U000805000
# [2024-06-11 06:01:09] INFO: Calculated checksum: b271bf81
# [2024-06-11 06:01:14] INFO: Calculated checksum: 97f65ca0
# [2024-06-11 06:01:14] INFO: Writing RNGSTATE file: ./rand_s060t20_b0671320_a_U000805000
# [2024-06-11 06:01:14] INFO: Writing to disk took 7.49708 seconds
# [2024-06-11 06:01:14] INFO: ======================================================================
# [2024-06-11 06:01:14] INFO: Start sweeping...
# [2024-06-11 06:08:04] INFO: It took 410.178 seconds to do 500 HBOR sweeps.
# [2024-06-11 06:08:04] INFO: Plaquette = 0.653485
# [2024-06-11 06:08:04] INFO: Polyakov loop = (0.00059703,0.000149786)
# [2024-06-11 06:08:04] INFO: Writing conf to disk...
# [2024-06-11 06:08:04] INFO: writeconf_nersc: Writing NERSC configuration ./conf_s060t20_b0671320_a_U000805500
# [2024-06-11 06:08:07] INFO: Calculated checksum: 43a38aa3
# [2024-06-11 06:08:12] INFO: Calculated checksum: 4ea78b5f
# [2024-06-11 06:08:12] INFO: Writing RNGSTATE file: ./rand_s060t20_b0671320_a_U000805500
# [2024-06-11 06:08:12] INFO: Writing to disk took 7.9066 seconds
# [2024-06-11 06:08:12] INFO: ======================================================================
# [2024-06-11 06:08:12] INFO: Start sweeping...
# [2024-06-11 06:15:05] INFO: It took 412.712 seconds to do 500 HBOR sweeps.
# [2024-06-11 06:15:05] INFO: Plaquette = 0.653497
# [2024-06-11 06:15:05] INFO: Polyakov loop = (-4.22623e-05,-0.00106409)
# [2024-06-11 06:15:05] INFO: Writing conf to disk...
# [2024-06-11 06:15:05] INFO: writeconf_nersc: Writing NERSC configuration ./conf_s060t20_b0671320_a_U000806000
# [2024-06-11 06:15:08] INFO: Calculated checksum: 9e4b71a3
# [2024-06-11 06:15:12] INFO: Calculated checksum: 4d9886cf
# [2024-06-11 06:15:12] INFO: Writing RNGSTATE file: ./rand_s060t20_b0671320_a_U000806000
# [2024-06-11 06:15:12] INFO: Writing to disk took 7.29233 seconds
# [2024-06-11 06:15:12] INFO: ======================================================================
# [2024-06-11 06:15:12] INFO: Start sweeping...
# [2024-06-11 06:22:01] INFO: It took 408.486 seconds to do 500 HBOR sweeps.
# [2024-06-11 06:22:01] INFO: Plaquette = 0.653536
# [2024-06-11 06:22:01] INFO: Polyakov loop = (0.000271474,-0.000805396)
# [2024-06-11 06:22:01] INFO: Writing conf to disk...
# [2024-06-11 06:22:01] INFO: writeconf_nersc: Writing NERSC configuration ./conf_s060t20_b0671320_a_U000806500
# [2024-06-11 06:22:03] INFO: Calculated checksum: 5e24cd9f
# [2024-06-11 06:22:08] INFO: Calculated checksum: 6d89563
# [2024-06-11 06:22:08] INFO: Writing RNGSTATE file: ./rand_s060t20_b0671320_a_U000806500
# [2024-06-11 06:22:08] INFO: Writing to disk took 7.2783 seconds
# [2024-06-11 06:22:08] INFO: ======================================================================
# [2024-06-11 06:22:08] INFO: Start sweeping...
# [2024-06-11 06:29:00] INFO: It took 412.575 seconds to do 500 HBOR sweeps.
# [2024-06-11 06:29:00] INFO: Plaquette = 0.653443
# [2024-06-11 06:29:00] INFO: Polyakov loop = (0.000756518,-0.000153953)
# [2024-06-11 06:29:00] INFO: Writing conf to disk...
# [2024-06-11 06:29:00] INFO: writeconf_nersc: Writing NERSC configuration ./conf_s060t20_b0671320_a_U000807000
# [2024-06-11 06:29:03] INFO: Calculated checksum: 22a45812
# [2024-06-11 06:29:08] INFO: Calculated checksum: 7d8e1a4e
# [2024-06-11 06:29:08] INFO: Writing RNGSTATE file: ./rand_s060t20_b0671320_a_U000807000
# [2024-06-11 06:29:08] INFO: Writing to disk took 7.46671 seconds
# [2024-06-11 06:29:08] INFO: ======================================================================
# [2024-06-11 06:29:08] INFO: Start sweeping...
# [2024-06-11 06:36:01] INFO: It took 412.675 seconds to do 500 HBOR sweeps.
# [2024-06-11 06:36:01] INFO: Plaquette = 0.653508
# [2024-06-11 06:36:01] INFO: Polyakov loop = (-0.000211572,0.000328332)
# [2024-06-11 06:36:01] INFO: Writing conf to disk...
# [2024-06-11 06:36:01] INFO: writeconf_nersc: Writing NERSC configuration ./conf_s060t20_b0671320_a_U000807500
# [2024-06-11 06:36:03] INFO: Calculated checksum: f269d181
# [2024-06-11 06:36:08] INFO: Calculated checksum: 552e11a5
# [2024-06-11 06:36:08] INFO: Writing RNGSTATE file: ./rand_s060t20_b0671320_a_U000807500
# [2024-06-11 06:36:08] INFO: Writing to disk took 7.46122 seconds
# [2024-06-11 06:36:08] INFO: ======================================================================
# [2024-06-11 06:36:08] INFO: Start sweeping...
# [2024-06-11 06:43:02] INFO: It took 413.998 seconds to do 500 HBOR sweeps.
# [2024-06-11 06:43:02] INFO: Plaquette = 0.653465
# [2024-06-11 06:43:02] INFO: Polyakov loop = (0.000824918,0.00059679)
# [2024-06-11 06:43:02] INFO: Writing conf to disk...
# [2024-06-11 06:43:02] INFO: writeconf_nersc: Writing NERSC configuration ./conf_s060t20_b0671320_a_U000808000
# [2024-06-11 06:43:05] INFO: Calculated checksum: a6446daf
# [2024-06-11 06:43:10] INFO: Calculated checksum: 48695345
# [2024-06-11 06:43:10] INFO: Writing RNGSTATE file: ./rand_s060t20_b0671320_a_U000808000
# [2024-06-11 06:43:10] INFO: Writing to disk took 7.51504 seconds
# [2024-06-11 06:43:10] INFO: ======================================================================
# [2024-06-11 06:43:10] INFO: Start sweeping...
# [2024-06-11 06:50:05] INFO: It took 414.884 seconds to do 500 HBOR sweeps.
# [2024-06-11 06:50:05] INFO: Plaquette = 0.653442
# [2024-06-11 06:50:05] INFO: Polyakov loop = (-5.25012e-05,0.000587845)
# [2024-06-11 06:50:05] INFO: Writing conf to disk...
# [2024-06-11 06:50:05] INFO: writeconf_nersc: Writing NERSC configuration ./conf_s060t20_b0671320_a_U000808500
# [2024-06-11 06:50:07] INFO: Calculated checksum: 3c369212
# [2024-06-11 06:50:12] INFO: Calculated checksum: 5fba21f2
# [2024-06-11 06:50:12] INFO: Writing RNGSTATE file: ./rand_s060t20_b0671320_a_U000808500
# [2024-06-11 06:50:12] INFO: Writing to disk took 7.77294 seconds
# [2024-06-11 06:50:12] INFO: ======================================================================
# [2024-06-11 06:50:12] INFO: Start sweeping...
# [2024-06-11 06:57:08] INFO: It took 415.509 seconds to do 500 HBOR sweeps.
# [2024-06-11 06:57:08] INFO: Plaquette = 0.653481
# [2024-06-11 06:57:08] INFO: Polyakov loop = (0.000962592,-0.000264172)
# [2024-06-11 06:57:08] INFO: Writing conf to disk...
# [2024-06-11 06:57:08] INFO: writeconf_nersc: Writing NERSC configuration ./conf_s060t20_b0671320_a_U000809000
# [2024-06-11 06:57:11] INFO: Calculated checksum: 389b6e9d
# [2024-06-11 06:57:15] INFO: Calculated checksum: dd731eab
# [2024-06-11 06:57:15] INFO: Writing RNGSTATE file: ./rand_s060t20_b0671320_a_U000809000
# [2024-06-11 06:57:15] INFO: Writing to disk took 7.47256 seconds
# [2024-06-11 06:57:15] INFO: ======================================================================
# [2024-06-11 06:57:15] INFO: Start sweeping...
# [2024-06-11 07:04:09] INFO: It took 413.844 seconds to do 500 HBOR sweeps.
# [2024-06-11 07:04:09] INFO: Plaquette = 0.653557
# [2024-06-11 07:04:09] INFO: Polyakov loop = (0.00173667,-0.00107246)
# [2024-06-11 07:04:09] INFO: Writing conf to disk...
# [2024-06-11 07:04:09] INFO: writeconf_nersc: Writing NERSC configuration ./conf_s060t20_b0671320_a_U000809500
# [2024-06-11 07:04:12] INFO: Calculated checksum: 540adc01
# [2024-06-11 07:04:16] INFO: Calculated checksum: f4cf6454
# [2024-06-11 07:04:16] INFO: Writing RNGSTATE file: ./rand_s060t20_b0671320_a_U000809500
# [2024-06-11 07:04:17] INFO: Writing to disk took 7.28204 seconds
# [2024-06-11 07:04:17] INFO: ======================================================================
# [2024-06-11 07:04:17] INFO: Start sweeping...
# [2024-06-11 07:11:10] INFO: It took 413.547 seconds to do 500 HBOR sweeps.
# [2024-06-11 07:11:10] INFO: Plaquette = 0.65354
# [2024-06-11 07:11:10] INFO: Polyakov loop = (0.00143555,-0.000550475)
# [2024-06-11 07:11:10] INFO: Writing conf to disk...
# [2024-06-11 07:11:10] INFO: writeconf_nersc: Writing NERSC configuration ./conf_s060t20_b0671320_a_U000810000
# [2024-06-11 07:11:13] INFO: Calculated checksum: ccce67e0
# [2024-06-11 07:11:17] INFO: Calculated checksum: dcc1a7ce
# [2024-06-11 07:11:17] INFO: Writing RNGSTATE file: ./rand_s060t20_b0671320_a_U000810000
# [2024-06-11 07:11:17] INFO: Writing to disk took 7.16312 seconds
# [2024-06-11 07:11:17] INFO: ======================================================================
# [2024-06-11 07:11:17] INFO: Start sweeping...
# [2024-06-11 07:18:11] INFO: It took 414.158 seconds to do 500 HBOR sweeps.
# [2024-06-11 07:18:12] INFO: Plaquette = 0.65357
# [2024-06-11 07:18:12] INFO: Polyakov loop = (0.000787064,-0.00121182)
# [2024-06-11 07:18:12] INFO: Writing conf to disk...
# [2024-06-11 07:18:12] INFO: writeconf_nersc: Writing NERSC configuration ./conf_s060t20_b0671320_a_U000810500
# [2024-06-11 07:18:14] INFO: Calculated checksum: c63aaaa0
# [2024-06-11 07:18:19] INFO: Calculated checksum: 42d98bda
# [2024-06-11 07:18:19] INFO: Writing RNGSTATE file: ./rand_s060t20_b0671320_a_U000810500
# [2024-06-11 07:18:19] INFO: Writing to disk took 7.22394 seconds
# [2024-06-11 07:18:19] INFO: ======================================================================
# [2024-06-11 07:18:19] INFO: Start sweeping...
# [2024-06-11 07:25:11] INFO: It took 412.196 seconds to do 500 HBOR sweeps.
# [2024-06-11 07:25:11] INFO: Plaquette = 0.653502
# [2024-06-11 07:25:11] INFO: Polyakov loop = (0.000593438,0.000367869)
# [2024-06-11 07:25:11] INFO: Writing conf to disk...
# [2024-06-11 07:25:11] INFO: writeconf_nersc: Writing NERSC configuration ./conf_s060t20_b0671320_a_U000811000
# [2024-06-11 07:25:14] INFO: Calculated checksum: d1bb3b87
# [2024-06-11 07:25:18] INFO: Calculated checksum: d122d8e1
# [2024-06-11 07:25:18] INFO: Writing RNGSTATE file: ./rand_s060t20_b0671320_a_U000811000
# [2024-06-11 07:25:18] INFO: Writing to disk took 7.43399 seconds
# [2024-06-11 07:25:18] INFO: ======================================================================
# [2024-06-11 07:25:18] INFO: Start sweeping...
# [2024-06-11 07:32:08] INFO: It took 409.096 seconds to do 500 HBOR sweeps.
# [2024-06-11 07:32:08] INFO: Plaquette = 0.653409
# [2024-06-11 07:32:08] INFO: Polyakov loop = (0.000122244,-0.00173344)
# [2024-06-11 07:32:08] INFO: Writing conf to disk...
# [2024-06-11 07:32:08] INFO: writeconf_nersc: Writing NERSC configuration ./conf_s060t20_b0671320_a_U000811500
# [2024-06-11 07:32:10] INFO: Calculated checksum: 3421a24f
# [2024-06-11 07:32:15] INFO: Calculated checksum: 52a34f99
# [2024-06-11 07:32:15] INFO: Writing RNGSTATE file: ./rand_s060t20_b0671320_a_U000811500
# [2024-06-11 07:32:15] INFO: Writing to disk took 7.45005 seconds
# [2024-06-11 07:32:15] INFO: ======================================================================
# [2024-06-11 07:32:15] INFO: Start sweeping...
# [2024-06-11 07:39:03] INFO: It took 407.859 seconds to do 500 HBOR sweeps.
# [2024-06-11 07:39:03] INFO: Plaquette = 0.65353
# [2024-06-11 07:39:03] INFO: Polyakov loop = (-0.000427446,-0.000516329)
# [2024-06-11 07:39:03] INFO: Writing conf to disk...
# [2024-06-11 07:39:03] INFO: writeconf_nersc: Writing NERSC configuration ./conf_s060t20_b0671320_a_U000812000
# [2024-06-11 07:39:06] INFO: Calculated checksum: c0ffdcf0
# [2024-06-11 07:39:10] INFO: Calculated checksum: 9e1a2b64
# [2024-06-11 07:39:10] INFO: Writing RNGSTATE file: ./rand_s060t20_b0671320_a_U000812000
# [2024-06-11 07:39:10] INFO: Writing to disk took 7.51881 seconds
# [2024-06-11 07:39:10] INFO: ======================================================================
# [2024-06-11 07:39:10] INFO: Start sweeping...
# [2024-06-11 07:45:59] INFO: It took 408.952 seconds to do 500 HBOR sweeps.
# [2024-06-11 07:45:59] INFO: Plaquette = 0.653489
# [2024-06-11 07:45:59] INFO: Polyakov loop = (-0.000951378,-0.000356136)
# [2024-06-11 07:45:59] INFO: Writing conf to disk...
# [2024-06-11 07:45:59] INFO: writeconf_nersc: Writing NERSC configuration ./conf_s060t20_b0671320_a_U000812500
# [2024-06-11 07:46:02] INFO: Calculated checksum: 8987013c
# [2024-06-11 07:46:07] INFO: Calculated checksum: 3e1c85cd
# [2024-06-11 07:46:07] INFO: Writing RNGSTATE file: ./rand_s060t20_b0671320_a_U000812500
# [2024-06-11 07:46:07] INFO: Writing to disk took 7.51974 seconds
# [2024-06-11 07:46:07] INFO: ======================================================================
# [2024-06-11 07:46:07] INFO: Start sweeping...
# [2024-06-11 07:52:56] INFO: It took 409.16 seconds to do 500 HBOR sweeps.
# [2024-06-11 07:52:56] INFO: Plaquette = 0.653498
# [2024-06-11 07:52:56] INFO: Polyakov loop = (-0.00145796,-0.00107226)
# [2024-06-11 07:52:56] INFO: Writing conf to disk...
# [2024-06-11 07:52:56] INFO: writeconf_nersc: Writing NERSC configuration ./conf_s060t20_b0671320_a_U000813000
# [2024-06-11 07:52:59] INFO: Calculated checksum: 5b57f22
# [2024-06-11 07:53:04] INFO: Calculated checksum: d1f7d0a3
# [2024-06-11 07:53:04] INFO: Writing RNGSTATE file: ./rand_s060t20_b0671320_a_U000813000
# [2024-06-11 07:53:04] INFO: Writing to disk took 7.53766 seconds
# [2024-06-11 07:53:04] INFO: ======================================================================
# [2024-06-11 07:53:04] INFO: Start sweeping...
# [2024-06-11 07:59:52] INFO: It took 408.377 seconds to do 500 HBOR sweeps.
# [2024-06-11 07:59:52] INFO: Plaquette = 0.653444
# [2024-06-11 07:59:52] INFO: Polyakov loop = (-0.00079191,-0.00154576)
# [2024-06-11 07:59:52] INFO: Writing conf to disk...
# [2024-06-11 07:59:52] INFO: writeconf_nersc: Writing NERSC configuration ./conf_s060t20_b0671320_a_U000813500
# [2024-06-11 07:59:55] INFO: Calculated checksum: 2a29732f
# [2024-06-11 08:00:00] INFO: Calculated checksum: 3eac9068
# [2024-06-11 08:00:00] INFO: Writing RNGSTATE file: ./rand_s060t20_b0671320_a_U000813500
# [2024-06-11 08:00:00] INFO: Writing to disk took 7.78463 seconds
# [2024-06-11 08:00:00] INFO: ======================================================================
# [2024-06-11 08:00:00] INFO: Start sweeping...
# [2024-06-11 08:06:54] INFO: It took 413.9 seconds to do 500 HBOR sweeps.
# [2024-06-11 08:06:54] INFO: Plaquette = 0.65356
# [2024-06-11 08:06:54] INFO: Polyakov loop = (-0.0010651,-0.00231062)
# [2024-06-11 08:06:54] INFO: Writing conf to disk...
# [2024-06-11 08:06:54] INFO: writeconf_nersc: Writing NERSC configuration ./conf_s060t20_b0671320_a_U000814000
# [2024-06-11 08:06:57] INFO: Calculated checksum: 125ef189
# [2024-06-11 08:07:01] INFO: Calculated checksum: 772e4ef2
# [2024-06-11 08:07:01] INFO: Writing RNGSTATE file: ./rand_s060t20_b0671320_a_U000814000
# [2024-06-11 08:07:01] INFO: Writing to disk took 7.48472 seconds
# [2024-06-11 08:07:01] INFO: ======================================================================
# [2024-06-11 08:07:01] INFO: Start sweeping...
# [2024-06-11 08:13:50] INFO: It took 408.685 seconds to do 500 HBOR sweeps.
# [2024-06-11 08:13:50] INFO: Plaquette = 0.653484
# [2024-06-11 08:13:50] INFO: Polyakov loop = (0.000230212,-0.00136214)
# [2024-06-11 08:13:50] INFO: Writing conf to disk...
# [2024-06-11 08:13:50] INFO: writeconf_nersc: Writing NERSC configuration ./conf_s060t20_b0671320_a_U000814500
# [2024-06-11 08:13:53] INFO: Calculated checksum: c1cd4766
# [2024-06-11 08:13:57] INFO: Calculated checksum: 9dba073f
# [2024-06-11 08:13:57] INFO: Writing RNGSTATE file: ./rand_s060t20_b0671320_a_U000814500
# [2024-06-11 08:13:58] INFO: Writing to disk took 7.5225 seconds
# [2024-06-11 08:13:58] INFO: ======================================================================
# [2024-06-11 08:13:58] INFO: Start sweeping...
# [2024-06-11 08:20:46] INFO: It took 408.815 seconds to do 500 HBOR sweeps.
# [2024-06-11 08:20:46] INFO: Plaquette = 0.65343
# [2024-06-11 08:20:46] INFO: Polyakov loop = (5.18761e-05,-0.00112165)
# [2024-06-11 08:20:46] INFO: Writing conf to disk...
# [2024-06-11 08:20:46] INFO: writeconf_nersc: Writing NERSC configuration ./conf_s060t20_b0671320_a_U000815000
# [2024-06-11 08:20:49] INFO: Calculated checksum: b2556970
# [2024-06-11 08:20:54] INFO: Calculated checksum: 2ea3709b
# [2024-06-11 08:20:54] INFO: Writing RNGSTATE file: ./rand_s060t20_b0671320_a_U000815000
# [2024-06-11 08:20:54] INFO: Writing to disk took 7.60952 seconds
# [2024-06-11 08:20:54] INFO: ======================================================================
# [2024-06-11 08:20:54] INFO: Start sweeping...
# [2024-06-11 08:27:42] INFO: It took 407.845 seconds to do 500 HBOR sweeps.
# [2024-06-11 08:27:42] INFO: Plaquette = 0.653509
# [2024-06-11 08:27:42] INFO: Polyakov loop = (-0.00140187,-0.00123439)
# [2024-06-11 08:27:42] INFO: Writing conf to disk...
# [2024-06-11 08:27:42] INFO: writeconf_nersc: Writing NERSC configuration ./conf_s060t20_b0671320_a_U000815500
# [2024-06-11 08:27:45] INFO: Calculated checksum: 257f53aa
# [2024-06-11 08:27:49] INFO: Calculated checksum: 621f5e0f
# [2024-06-11 08:27:49] INFO: Writing RNGSTATE file: ./rand_s060t20_b0671320_a_U000815500
# [2024-06-11 08:27:49] INFO: Writing to disk took 7.46406 seconds
# [2024-06-11 08:27:49] INFO: ======================================================================
# [2024-06-11 08:27:49] INFO: Start sweeping...
# [2024-06-11 08:34:42] INFO: It took 412.341 seconds to do 500 HBOR sweeps.
# [2024-06-11 08:34:42] INFO: Plaquette = 0.653564
# [2024-06-11 08:34:42] INFO: Polyakov loop = (-0.00086491,-0.00201238)
# [2024-06-11 08:34:42] INFO: Writing conf to disk...
# [2024-06-11 08:34:42] INFO: writeconf_nersc: Writing NERSC configuration ./conf_s060t20_b0671320_a_U000816000
# [2024-06-11 08:34:45] INFO: Calculated checksum: f4a13a21
# [2024-06-11 08:34:49] INFO: Calculated checksum: 48385313
# [2024-06-11 08:34:49] INFO: Writing RNGSTATE file: ./rand_s060t20_b0671320_a_U000816000
# [2024-06-11 08:34:49] INFO: Writing to disk took 7.46248 seconds
# [2024-06-11 08:34:49] INFO: ======================================================================
# [2024-06-11 08:34:49] INFO: Start sweeping...
# [2024-06-11 08:41:42] INFO: It took 412.629 seconds to do 500 HBOR sweeps.
# [2024-06-11 08:41:42] INFO: Plaquette = 0.65359
# [2024-06-11 08:41:42] INFO: Polyakov loop = (-0.00151989,-0.00149569)
# [2024-06-11 08:41:42] INFO: Writing conf to disk...
# [2024-06-11 08:41:42] INFO: writeconf_nersc: Writing NERSC configuration ./conf_s060t20_b0671320_a_U000816500
# [2024-06-11 08:41:45] INFO: Calculated checksum: 907d2cb2
# [2024-06-11 08:41:49] INFO: Calculated checksum: b7c53b6d
# [2024-06-11 08:41:49] INFO: Writing RNGSTATE file: ./rand_s060t20_b0671320_a_U000816500
# [2024-06-11 08:41:49] INFO: Writing to disk took 7.47304 seconds
# [2024-06-11 08:41:49] INFO: ======================================================================
# [2024-06-11 08:41:49] INFO: Start sweeping...
# [2024-06-11 08:48:42] INFO: It took 412.149 seconds to do 500 HBOR sweeps.
# [2024-06-11 08:48:42] INFO: Plaquette = 0.653569
# [2024-06-11 08:48:42] INFO: Polyakov loop = (-0.00071068,-0.00195853)
# [2024-06-11 08:48:42] INFO: Writing conf to disk...
# [2024-06-11 08:48:42] INFO: writeconf_nersc: Writing NERSC configuration ./conf_s060t20_b0671320_a_U000817000
# [2024-06-11 08:48:44] INFO: Calculated checksum: bb0c22ec
# [2024-06-11 08:48:48] INFO: Calculated checksum: 107f5a45
# [2024-06-11 08:48:48] INFO: Writing RNGSTATE file: ./rand_s060t20_b0671320_a_U000817000
# [2024-06-11 08:48:49] INFO: Writing to disk took 6.92145 seconds
# [2024-06-11 08:48:49] INFO: ======================================================================
# [2024-06-11 08:48:49] INFO: Start sweeping...
# [2024-06-11 08:55:40] INFO: It took 411.336 seconds to do 500 HBOR sweeps.
# [2024-06-11 08:55:40] INFO: Plaquette = 0.653496
# [2024-06-11 08:55:40] INFO: Polyakov loop = (-0.000436785,-0.00118046)
# [2024-06-11 08:55:40] INFO: Writing conf to disk...
# [2024-06-11 08:55:40] INFO: writeconf_nersc: Writing NERSC configuration ./conf_s060t20_b0671320_a_U000817500
# [2024-06-11 08:55:43] INFO: Calculated checksum: a2e74d8a
# [2024-06-11 08:55:47] INFO: Calculated checksum: f033fb92
# [2024-06-11 08:55:47] INFO: Writing RNGSTATE file: ./rand_s060t20_b0671320_a_U000817500
# [2024-06-11 08:55:47] INFO: Writing to disk took 7.15937 seconds
# [2024-06-11 08:55:47] INFO: ======================================================================
# [2024-06-11 08:55:47] INFO: Start sweeping...
# [2024-06-11 09:02:39] INFO: It took 412.104 seconds to do 500 HBOR sweeps.
# [2024-06-11 09:02:39] INFO: Plaquette = 0.653447
# [2024-06-11 09:02:39] INFO: Polyakov loop = (-0.000606946,-0.00227376)
# [2024-06-11 09:02:39] INFO: Writing conf to disk...
# [2024-06-11 09:02:39] INFO: writeconf_nersc: Writing NERSC configuration ./conf_s060t20_b0671320_a_U000818000
# [2024-06-11 09:02:42] INFO: Calculated checksum: 9103e998
# [2024-06-11 09:02:46] INFO: Calculated checksum: a6581bc8
# [2024-06-11 09:02:46] INFO: Writing RNGSTATE file: ./rand_s060t20_b0671320_a_U000818000
# [2024-06-11 09:02:47] INFO: Writing to disk took 7.31562 seconds
# [2024-06-11 09:02:47] INFO: ======================================================================
# [2024-06-11 09:02:47] INFO: Start sweeping...
# [2024-06-11 09:09:40] INFO: It took 413.471 seconds to do 500 HBOR sweeps.
# [2024-06-11 09:09:40] INFO: Plaquette = 0.653476
# [2024-06-11 09:09:40] INFO: Polyakov loop = (-0.00077288,-0.00138653)
# [2024-06-11 09:09:40] INFO: Writing conf to disk...
# [2024-06-11 09:09:40] INFO: writeconf_nersc: Writing NERSC configuration ./conf_s060t20_b0671320_a_U000818500
# [2024-06-11 09:09:43] INFO: Calculated checksum: 23e0787c
# [2024-06-11 09:09:47] INFO: Calculated checksum: 773e3003
# [2024-06-11 09:09:47] INFO: Writing RNGSTATE file: ./rand_s060t20_b0671320_a_U000818500
# [2024-06-11 09:09:47] INFO: Writing to disk took 7.32741 seconds
# [2024-06-11 09:09:47] INFO: ======================================================================
# [2024-06-11 09:09:47] INFO: Start sweeping...
# [2024-06-11 09:16:41] INFO: It took 413.459 seconds to do 500 HBOR sweeps.
# [2024-06-11 09:16:41] INFO: Plaquette = 0.653447
# [2024-06-11 09:16:41] INFO: Polyakov loop = (-0.00149647,0.000396447)
# [2024-06-11 09:16:41] INFO: Writing conf to disk...
# [2024-06-11 09:16:41] INFO: writeconf_nersc: Writing NERSC configuration ./conf_s060t20_b0671320_a_U000819000
# [2024-06-11 09:16:44] INFO: Calculated checksum: c8782ca8
# [2024-06-11 09:16:48] INFO: Calculated checksum: a6998b16
# [2024-06-11 09:16:48] INFO: Writing RNGSTATE file: ./rand_s060t20_b0671320_a_U000819000
# [2024-06-11 09:16:48] INFO: Writing to disk took 7.35454 seconds
# [2024-06-11 09:16:48] INFO: ======================================================================
# [2024-06-11 09:16:48] INFO: Start sweeping...
# [2024-06-11 09:23:43] INFO: It took 414.507 seconds to do 500 HBOR sweeps.
# [2024-06-11 09:23:43] INFO: Plaquette = 0.653479
# [2024-06-11 09:23:43] INFO: Polyakov loop = (0.0009533,0.000454124)
# [2024-06-11 09:23:43] INFO: Writing conf to disk...
# [2024-06-11 09:23:43] INFO: writeconf_nersc: Writing NERSC configuration ./conf_s060t20_b0671320_a_U000819500
# [2024-06-11 09:23:46] INFO: Calculated checksum: 15a7e1d1
# [2024-06-11 09:23:50] INFO: Calculated checksum: b3199b6f
# [2024-06-11 09:23:50] INFO: Writing RNGSTATE file: ./rand_s060t20_b0671320_a_U000819500
# [2024-06-11 09:23:50] INFO: Writing to disk took 7.47354 seconds
# [2024-06-11 09:23:50] INFO: ======================================================================
# [2024-06-11 09:23:50] INFO: Start sweeping...
# [2024-06-11 09:30:40] INFO: It took 409.68 seconds to do 500 HBOR sweeps.
# [2024-06-11 09:30:40] INFO: Plaquette = 0.653588
# [2024-06-11 09:30:40] INFO: Polyakov loop = (0.000552923,-0.000599547)
# [2024-06-11 09:30:40] INFO: Writing conf to disk...
# [2024-06-11 09:30:40] INFO: writeconf_nersc: Writing NERSC configuration ./conf_s060t20_b0671320_a_U000820000
# [2024-06-11 09:30:43] INFO: Calculated checksum: e6d196c4
# [2024-06-11 09:30:47] INFO: Calculated checksum: c98b49f2
# [2024-06-11 09:30:47] INFO: Writing RNGSTATE file: ./rand_s060t20_b0671320_a_U000820000
# [2024-06-11 09:30:48] INFO: Writing to disk took 7.46309 seconds
# [2024-06-11 09:30:48] INFO: ======================================================================
# [2024-06-11 09:30:48] INFO: Start sweeping...
# [2024-06-11 09:37:40] INFO: It took 412.495 seconds to do 500 HBOR sweeps.
# [2024-06-11 09:37:40] INFO: Plaquette = 0.653467
# [2024-06-11 09:37:40] INFO: Polyakov loop = (0.000553864,-0.000886802)
# [2024-06-11 09:37:40] INFO: Writing conf to disk...
# [2024-06-11 09:37:40] INFO: writeconf_nersc: Writing NERSC configuration ./conf_s060t20_b0671320_a_U000820500
# [2024-06-11 09:37:43] INFO: Calculated checksum: 19d12f03
# [2024-06-11 09:37:50] INFO: Calculated checksum: 54a095d8
# [2024-06-11 09:37:50] INFO: Writing RNGSTATE file: ./rand_s060t20_b0671320_a_U000820500
# [2024-06-11 09:37:51] INFO: Writing to disk took 10.3913 seconds
# [2024-06-11 09:37:51] INFO: ======================================================================
# [2024-06-11 09:37:51] INFO: Start sweeping...
# [2024-06-11 09:44:43] INFO: It took 412.855 seconds to do 500 HBOR sweeps.
# [2024-06-11 09:44:43] INFO: Plaquette = 0.653458
# [2024-06-11 09:44:43] INFO: Polyakov loop = (0.00107904,0.000555591)
# [2024-06-11 09:44:43] INFO: Writing conf to disk...
# [2024-06-11 09:44:43] INFO: writeconf_nersc: Writing NERSC configuration ./conf_s060t20_b0671320_a_U000821000
# [2024-06-11 09:44:46] INFO: Calculated checksum: 3536049d
# [2024-06-11 09:44:51] INFO: Calculated checksum: 20139b46
# [2024-06-11 09:44:51] INFO: Writing RNGSTATE file: ./rand_s060t20_b0671320_a_U000821000
# [2024-06-11 09:44:51] INFO: Writing to disk took 7.50347 seconds
# [2024-06-11 09:44:51] INFO: ======================================================================
# [2024-06-11 09:44:51] INFO: Start sweeping...
# [2024-06-11 09:51:43] INFO: It took 412.067 seconds to do 500 HBOR sweeps.
# [2024-06-11 09:51:43] INFO: Plaquette = 0.653564
# [2024-06-11 09:51:43] INFO: Polyakov loop = (0.00180496,9.27984e-05)
# [2024-06-11 09:51:43] INFO: Writing conf to disk...
# [2024-06-11 09:51:43] INFO: writeconf_nersc: Writing NERSC configuration ./conf_s060t20_b0671320_a_U000821500
# [2024-06-11 09:51:46] INFO: Calculated checksum: ed22012
# [2024-06-11 09:51:51] INFO: Calculated checksum: b87f2fc9
# [2024-06-11 09:51:51] INFO: Writing RNGSTATE file: ./rand_s060t20_b0671320_a_U000821500
# [2024-06-11 09:51:51] INFO: Writing to disk took 7.55961 seconds
# [2024-06-11 09:51:51] INFO: ======================================================================
# [2024-06-11 09:51:51] INFO: Start sweeping...
# [2024-06-11 09:58:43] INFO: It took 412.304 seconds to do 500 HBOR sweeps.
# [2024-06-11 09:58:43] INFO: Plaquette = 0.653478
# [2024-06-11 09:58:43] INFO: Polyakov loop = (0.00120026,0.000402423)
# [2024-06-11 09:58:43] INFO: Writing conf to disk...
# [2024-06-11 09:58:43] INFO: writeconf_nersc: Writing NERSC configuration ./conf_s060t20_b0671320_a_U000822000
# [2024-06-11 09:58:46] INFO: Calculated checksum: bbd43db1
# [2024-06-11 09:58:50] INFO: Calculated checksum: 31da3c9
# [2024-06-11 09:58:50] INFO: Writing RNGSTATE file: ./rand_s060t20_b0671320_a_U000822000
# [2024-06-11 09:58:50] INFO: Writing to disk took 7.37016 seconds
# [2024-06-11 09:58:50] INFO: ======================================================================
# [2024-06-11 09:58:50] INFO: Start sweeping...
# [2024-06-11 10:05:46] INFO: It took 415.874 seconds to do 500 HBOR sweeps.
# [2024-06-11 10:05:46] INFO: Plaquette = 0.65341
# [2024-06-11 10:05:46] INFO: Polyakov loop = (5.95634e-05,5.25814e-05)
# [2024-06-11 10:05:46] INFO: Writing conf to disk...
# [2024-06-11 10:05:46] INFO: writeconf_nersc: Writing NERSC configuration ./conf_s060t20_b0671320_a_U000822500
# [2024-06-11 10:05:49] INFO: Calculated checksum: e3bad910
# [2024-06-11 10:05:54] INFO: Calculated checksum: 1381f9d6
# [2024-06-11 10:05:54] INFO: Writing RNGSTATE file: ./rand_s060t20_b0671320_a_U000822500
# [2024-06-11 10:05:54] INFO: Writing to disk took 7.79886 seconds
# [2024-06-11 10:05:54] INFO: ======================================================================
# [2024-06-11 10:05:54] INFO: Start sweeping...
# [2024-06-11 10:12:50] INFO: It took 415.492 seconds to do 500 HBOR sweeps.
# [2024-06-11 10:12:50] INFO: Plaquette = 0.653548
# [2024-06-11 10:12:50] INFO: Polyakov loop = (0.00110604,9.69096e-05)
# [2024-06-11 10:12:50] INFO: Writing conf to disk...
# [2024-06-11 10:12:50] INFO: writeconf_nersc: Writing NERSC configuration ./conf_s060t20_b0671320_a_U000823000
# [2024-06-11 10:12:52] INFO: Calculated checksum: a000d9b2
# [2024-06-11 10:12:57] INFO: Calculated checksum: 9cdf74ed
# [2024-06-11 10:12:57] INFO: Writing RNGSTATE file: ./rand_s060t20_b0671320_a_U000823000
# [2024-06-11 10:12:57] INFO: Writing to disk took 7.81314 seconds
# [2024-06-11 10:12:57] INFO: ======================================================================
# [2024-06-11 10:12:57] INFO: Start sweeping...
# [2024-06-11 10:19:51] INFO: It took 413.092 seconds to do 500 HBOR sweeps.
# [2024-06-11 10:19:51] INFO: Plaquette = 0.653486
# [2024-06-11 10:19:51] INFO: Polyakov loop = (0.00140097,0.000342213)
# [2024-06-11 10:19:51] INFO: Writing conf to disk...
# [2024-06-11 10:19:51] INFO: writeconf_nersc: Writing NERSC configuration ./conf_s060t20_b0671320_a_U000823500
# [2024-06-11 10:19:53] INFO: Calculated checksum: 7b2800e6
# [2024-06-11 10:19:58] INFO: Calculated checksum: 40ac151a
# [2024-06-11 10:19:58] INFO: Writing RNGSTATE file: ./rand_s060t20_b0671320_a_U000823500
# [2024-06-11 10:19:58] INFO: Writing to disk took 7.31859 seconds
# [2024-06-11 10:19:58] INFO: ======================================================================
# [2024-06-11 10:19:58] INFO: Start sweeping...
# [2024-06-11 10:26:50] INFO: It took 412.564 seconds to do 500 HBOR sweeps.
# [2024-06-11 10:26:50] INFO: Plaquette = 0.653502
# [2024-06-11 10:26:50] INFO: Polyakov loop = (0.000926137,-1.42765e-05)
# [2024-06-11 10:26:50] INFO: Writing conf to disk...
# [2024-06-11 10:26:50] INFO: writeconf_nersc: Writing NERSC configuration ./conf_s060t20_b0671320_a_U000824000
# [2024-06-11 10:26:53] INFO: Calculated checksum: e27d5745
# [2024-06-11 10:26:58] INFO: Calculated checksum: e13c3ee2
# [2024-06-11 10:26:58] INFO: Writing RNGSTATE file: ./rand_s060t20_b0671320_a_U000824000
# [2024-06-11 10:26:58] INFO: Writing to disk took 7.65905 seconds
# [2024-06-11 10:26:58] INFO: ======================================================================
# [2024-06-11 10:26:58] INFO: Start sweeping...
# [2024-06-11 10:33:52] INFO: It took 413.412 seconds to do 500 HBOR sweeps.
# [2024-06-11 10:33:52] INFO: Plaquette = 0.65352
# [2024-06-11 10:33:52] INFO: Polyakov loop = (0.000664188,0.000240065)
# [2024-06-11 10:33:52] INFO: Writing conf to disk...
# [2024-06-11 10:33:52] INFO: writeconf_nersc: Writing NERSC configuration ./conf_s060t20_b0671320_a_U000824500
# [2024-06-11 10:33:55] INFO: Calculated checksum: 5cb56518
# [2024-06-11 10:33:59] INFO: Calculated checksum: 91d561
# [2024-06-11 10:33:59] INFO: Writing RNGSTATE file: ./rand_s060t20_b0671320_a_U000824500
# [2024-06-11 10:34:00] INFO: Writing to disk took 7.92509 seconds
# [2024-06-11 10:34:00] INFO: ======================================================================
# [2024-06-11 10:34:00] INFO: Start sweeping...
# [2024-06-11 10:40:53] INFO: It took 413.461 seconds to do 500 HBOR sweeps.
# [2024-06-11 10:40:53] INFO: Plaquette = 0.65351
# [2024-06-11 10:40:53] INFO: Polyakov loop = (0.00135278,0.000178088)
# [2024-06-11 10:40:53] INFO: Writing conf to disk...
# [2024-06-11 10:40:53] INFO: writeconf_nersc: Writing NERSC configuration ./conf_s060t20_b0671320_a_U000825000
# [2024-06-11 10:40:56] INFO: Calculated checksum: cf9f1f46
# [2024-06-11 10:41:01] INFO: Calculated checksum: af5d4ddc
# [2024-06-11 10:41:01] INFO: Writing RNGSTATE file: ./rand_s060t20_b0671320_a_U000825000
# [2024-06-11 10:41:01] INFO: Writing to disk took 8.01365 seconds
# [2024-06-11 10:41:01] INFO: ======================================================================
# [2024-06-11 10:41:01] INFO: Start sweeping...
# [2024-06-11 10:47:57] INFO: It took 415.741 seconds to do 500 HBOR sweeps.
# [2024-06-11 10:47:57] INFO: Plaquette = 0.653519
# [2024-06-11 10:47:57] INFO: Polyakov loop = (0.00164801,-0.000652464)
# [2024-06-11 10:47:57] INFO: Writing conf to disk...
# [2024-06-11 10:47:57] INFO: writeconf_nersc: Writing NERSC configuration ./conf_s060t20_b0671320_a_U000825500
# [2024-06-11 10:48:00] INFO: Calculated checksum: 56a5f7bd
# [2024-06-11 10:48:04] INFO: Calculated checksum: cc04ca9
# [2024-06-11 10:48:04] INFO: Writing RNGSTATE file: ./rand_s060t20_b0671320_a_U000825500
# [2024-06-11 10:48:04] INFO: Writing to disk took 7.29048 seconds
# [2024-06-11 10:48:04] INFO: ======================================================================
# [2024-06-11 10:48:04] INFO: Start sweeping...
# [2024-06-11 10:54:58] INFO: It took 413.463 seconds to do 500 HBOR sweeps.
# [2024-06-11 10:54:58] INFO: Plaquette = 0.65344
# [2024-06-11 10:54:58] INFO: Polyakov loop = (0.00151016,-0.000129849)
# [2024-06-11 10:54:58] INFO: Writing conf to disk...
# [2024-06-11 10:54:58] INFO: writeconf_nersc: Writing NERSC configuration ./conf_s060t20_b0671320_a_U000826000
# [2024-06-11 10:55:01] INFO: Calculated checksum: 82ea45f1
# [2024-06-11 10:55:05] INFO: Calculated checksum: f8c8d328
# [2024-06-11 10:55:05] INFO: Writing RNGSTATE file: ./rand_s060t20_b0671320_a_U000826000
# [2024-06-11 10:55:05] INFO: Writing to disk took 7.68301 seconds
# [2024-06-11 10:55:05] INFO: ======================================================================
# [2024-06-11 10:55:05] INFO: Start sweeping...
# [2024-06-11 11:01:58] INFO: It took 412.947 seconds to do 500 HBOR sweeps.
# [2024-06-11 11:01:58] INFO: Plaquette = 0.653475
# [2024-06-11 11:01:58] INFO: Polyakov loop = (0.00116321,-0.000499599)
# [2024-06-11 11:01:58] INFO: Writing conf to disk...
# [2024-06-11 11:01:58] INFO: writeconf_nersc: Writing NERSC configuration ./conf_s060t20_b0671320_a_U000826500
# [2024-06-11 11:02:01] INFO: Calculated checksum: 86ee0456
# [2024-06-11 11:02:06] INFO: Calculated checksum: b194548f
# [2024-06-11 11:02:06] INFO: Writing RNGSTATE file: ./rand_s060t20_b0671320_a_U000826500
# [2024-06-11 11:02:06] INFO: Writing to disk took 7.47533 seconds
# [2024-06-11 11:02:06] INFO: ======================================================================
# [2024-06-11 11:02:06] INFO: Start sweeping...
# [2024-06-11 11:08:58] INFO: It took 412.417 seconds to do 500 HBOR sweeps.
# [2024-06-11 11:08:58] INFO: Plaquette = 0.653531
# [2024-06-11 11:08:58] INFO: Polyakov loop = (0.00119201,-0.000370585)
# [2024-06-11 11:08:58] INFO: Writing conf to disk...
# [2024-06-11 11:08:58] INFO: writeconf_nersc: Writing NERSC configuration ./conf_s060t20_b0671320_a_U000827000
# [2024-06-11 11:09:01] INFO: Calculated checksum: e8a888fd
# [2024-06-11 11:09:06] INFO: Calculated checksum: 12d6abad
# [2024-06-11 11:09:06] INFO: Writing RNGSTATE file: ./rand_s060t20_b0671320_a_U000827000
# [2024-06-11 11:09:06] INFO: Writing to disk took 7.67867 seconds
# [2024-06-11 11:09:06] INFO: ======================================================================
# [2024-06-11 11:09:06] INFO: Start sweeping...
# [2024-06-11 11:15:59] INFO: It took 412.633 seconds to do 500 HBOR sweeps.
# [2024-06-11 11:15:59] INFO: Plaquette = 0.65342
# [2024-06-11 11:15:59] INFO: Polyakov loop = (0.00100125,0.00045066)
# [2024-06-11 11:15:59] INFO: Writing conf to disk...
# [2024-06-11 11:15:59] INFO: writeconf_nersc: Writing NERSC configuration ./conf_s060t20_b0671320_a_U000827500
# [2024-06-11 11:16:02] INFO: Calculated checksum: a8566e5c
# [2024-06-11 11:16:07] INFO: Calculated checksum: 23b2a7cd
# [2024-06-11 11:16:07] INFO: Writing RNGSTATE file: ./rand_s060t20_b0671320_a_U000827500
# [2024-06-11 11:16:07] INFO: Writing to disk took 8.45293 seconds
# [2024-06-11 11:16:07] INFO: ======================================================================
# [2024-06-11 11:16:07] INFO: Start sweeping...
# [2024-06-11 11:22:59] INFO: It took 411.622 seconds to do 500 HBOR sweeps.
# [2024-06-11 11:22:59] INFO: Plaquette = 0.653434
# [2024-06-11 11:22:59] INFO: Polyakov loop = (0.000733,-0.000627785)
# [2024-06-11 11:22:59] INFO: Writing conf to disk...
# [2024-06-11 11:22:59] INFO: writeconf_nersc: Writing NERSC configuration ./conf_s060t20_b0671320_a_U000828000
# [2024-06-11 11:23:02] INFO: Calculated checksum: d74b4f0a
# [2024-06-11 11:23:07] INFO: Calculated checksum: acacdf81
# [2024-06-11 11:23:07] INFO: Writing RNGSTATE file: ./rand_s060t20_b0671320_a_U000828000
# [2024-06-11 11:23:07] INFO: Writing to disk took 7.82024 seconds
# [2024-06-11 11:23:07] INFO: ======================================================================
# [2024-06-11 11:23:07] INFO: Start sweeping...
# [2024-06-11 11:29:58] INFO: It took 411.561 seconds to do 500 HBOR sweeps.
# [2024-06-11 11:29:58] INFO: Plaquette = 0.653481
# [2024-06-11 11:29:58] INFO: Polyakov loop = (0.00114303,-0.000253484)
# [2024-06-11 11:29:58] INFO: Writing conf to disk...
# [2024-06-11 11:29:58] INFO: writeconf_nersc: Writing NERSC configuration ./conf_s060t20_b0671320_a_U000828500
# [2024-06-11 11:30:01] INFO: Calculated checksum: 32b3ebde
# [2024-06-11 11:30:05] INFO: Calculated checksum: df30e547
# [2024-06-11 11:30:05] INFO: Writing RNGSTATE file: ./rand_s060t20_b0671320_a_U000828500
# [2024-06-11 11:30:06] INFO: Writing to disk took 7.33227 seconds
# [2024-06-11 11:30:06] INFO: ======================================================================
# [2024-06-11 11:30:06] INFO: Start sweeping...
# [2024-06-11 11:36:54] INFO: It took 408.075 seconds to do 500 HBOR sweeps.
# [2024-06-11 11:36:54] INFO: Plaquette = 0.653417
# [2024-06-11 11:36:54] INFO: Polyakov loop = (0.00123166,-0.000748942)
# [2024-06-11 11:36:54] INFO: Writing conf to disk...
# [2024-06-11 11:36:54] INFO: writeconf_nersc: Writing NERSC configuration ./conf_s060t20_b0671320_a_U000829000
# [2024-06-11 11:36:57] INFO: Calculated checksum: a0eae436
# [2024-06-11 11:37:01] INFO: Calculated checksum: 5f8b4bbf
# [2024-06-11 11:37:01] INFO: Writing RNGSTATE file: ./rand_s060t20_b0671320_a_U000829000
# [2024-06-11 11:37:02] INFO: Writing to disk took 7.9062 seconds
# [2024-06-11 11:37:02] INFO: ======================================================================
# [2024-06-11 11:37:02] INFO: Start sweeping...
# [2024-06-11 11:43:50] INFO: It took 408.707 seconds to do 500 HBOR sweeps.
# [2024-06-11 11:43:50] INFO: Plaquette = 0.653528
# [2024-06-11 11:43:50] INFO: Polyakov loop = (0.000576389,0.0010465)
# [2024-06-11 11:43:50] INFO: Writing conf to disk...
# [2024-06-11 11:43:50] INFO: writeconf_nersc: Writing NERSC configuration ./conf_s060t20_b0671320_a_U000829500
# [2024-06-11 11:43:53] INFO: Calculated checksum: 8902706c
# [2024-06-11 11:43:58] INFO: Calculated checksum: 359958d3
# [2024-06-11 11:43:58] INFO: Writing RNGSTATE file: ./rand_s060t20_b0671320_a_U000829500
# [2024-06-11 11:43:58] INFO: Writing to disk took 7.33818 seconds
# [2024-06-11 11:43:58] INFO: ======================================================================
# [2024-06-11 11:43:58] INFO: Start sweeping...
# [2024-06-11 11:50:50] INFO: It took 412.563 seconds to do 500 HBOR sweeps.
# [2024-06-11 11:50:50] INFO: Plaquette = 0.653515
# [2024-06-11 11:50:50] INFO: Polyakov loop = (-0.00108721,0.000666493)
# [2024-06-11 11:50:50] INFO: Writing conf to disk...
# [2024-06-11 11:50:50] INFO: writeconf_nersc: Writing NERSC configuration ./conf_s060t20_b0671320_a_U000830000
# [2024-06-11 11:50:53] INFO: Calculated checksum: 32f3922
# [2024-06-11 11:50:58] INFO: Calculated checksum: 14dddf3e
# [2024-06-11 11:50:58] INFO: Writing RNGSTATE file: ./rand_s060t20_b0671320_a_U000830000
# [2024-06-11 11:50:58] INFO: Writing to disk took 7.32045 seconds
# [2024-06-11 11:50:58] INFO: ======================================================================
# [2024-06-11 11:50:58] INFO: Start sweeping...
# [2024-06-11 11:57:47] INFO: It took 409.313 seconds to do 500 HBOR sweeps.
# [2024-06-11 11:57:47] INFO: Plaquette = 0.653518
# [2024-06-11 11:57:47] INFO: Polyakov loop = (-0.000508396,-0.00102391)
# [2024-06-11 11:57:47] INFO: Writing conf to disk...
# [2024-06-11 11:57:47] INFO: writeconf_nersc: Writing NERSC configuration ./conf_s060t20_b0671320_a_U000830500
# [2024-06-11 11:57:50] INFO: Calculated checksum: 553dac0e
# [2024-06-11 11:57:54] INFO: Calculated checksum: 5479151d
# [2024-06-11 11:57:54] INFO: Writing RNGSTATE file: ./rand_s060t20_b0671320_a_U000830500
# [2024-06-11 11:57:54] INFO: Writing to disk took 7.48073 seconds
# [2024-06-11 11:57:54] INFO: ======================================================================
# [2024-06-11 11:57:54] INFO: Start sweeping...
# [2024-06-11 12:04:48] INFO: It took 413.478 seconds to do 500 HBOR sweeps.
# [2024-06-11 12:04:48] INFO: Plaquette = 0.653551
# [2024-06-11 12:04:48] INFO: Polyakov loop = (-0.000126526,0.000602509)
# [2024-06-11 12:04:48] INFO: Writing conf to disk...
# [2024-06-11 12:04:48] INFO: writeconf_nersc: Writing NERSC configuration ./conf_s060t20_b0671320_a_U000831000
# [2024-06-11 12:04:51] INFO: Calculated checksum: eb2f1a84
# [2024-06-11 12:04:55] INFO: Calculated checksum: 153933d4
# [2024-06-11 12:04:55] INFO: Writing RNGSTATE file: ./rand_s060t20_b0671320_a_U000831000
# [2024-06-11 12:04:55] INFO: Writing to disk took 7.39361 seconds
# [2024-06-11 12:04:55] INFO: ======================================================================
# [2024-06-11 12:04:55] INFO: Start sweeping...
# [2024-06-11 12:11:49] INFO: It took 413.835 seconds to do 500 HBOR sweeps.
# [2024-06-11 12:11:49] INFO: Plaquette = 0.653516
# [2024-06-11 12:11:49] INFO: Polyakov loop = (-0.00110836,0.00253999)
# [2024-06-11 12:11:49] INFO: Writing conf to disk...
# [2024-06-11 12:11:49] INFO: writeconf_nersc: Writing NERSC configuration ./conf_s060t20_b0671320_a_U000831500
# [2024-06-11 12:11:52] INFO: Calculated checksum: d4aaa222
# [2024-06-11 12:11:57] INFO: Calculated checksum: 7d085def
# [2024-06-11 12:11:57] INFO: Writing RNGSTATE file: ./rand_s060t20_b0671320_a_U000831500
# [2024-06-11 12:11:57] INFO: Writing to disk took 7.36438 seconds
# [2024-06-11 12:11:57] INFO: ======================================================================
# [2024-06-11 12:11:57] INFO: Start sweeping...
# [2024-06-11 12:18:46] INFO: It took 409.67 seconds to do 500 HBOR sweeps.
# [2024-06-11 12:18:46] INFO: Plaquette = 0.653548
# [2024-06-11 12:18:46] INFO: Polyakov loop = (-0.000684749,0.000552199)
# [2024-06-11 12:18:46] INFO: Writing conf to disk...
# [2024-06-11 12:18:46] INFO: writeconf_nersc: Writing NERSC configuration ./conf_s060t20_b0671320_a_U000832000
# [2024-06-11 12:18:49] INFO: Calculated checksum: 46ab626b
# [2024-06-11 12:18:54] INFO: Calculated checksum: 184766a6
# [2024-06-11 12:18:54] INFO: Writing RNGSTATE file: ./rand_s060t20_b0671320_a_U000832000
# [2024-06-11 12:18:54] INFO: Writing to disk took 7.34388 seconds
# [2024-06-11 12:18:54] INFO: ======================================================================
# [2024-06-11 12:18:54] INFO: Start sweeping...
# [2024-06-11 12:25:47] INFO: It took 413.563 seconds to do 500 HBOR sweeps.
# [2024-06-11 12:25:47] INFO: Plaquette = 0.653533
# [2024-06-11 12:25:47] INFO: Polyakov loop = (1.98896e-05,0.00174333)
# [2024-06-11 12:25:47] INFO: Writing conf to disk...
# [2024-06-11 12:25:47] INFO: writeconf_nersc: Writing NERSC configuration ./conf_s060t20_b0671320_a_U000832500
# [2024-06-11 12:25:50] INFO: Calculated checksum: 1d9f00ce
# [2024-06-11 12:25:55] INFO: Calculated checksum: b6308d3d
# [2024-06-11 12:25:55] INFO: Writing RNGSTATE file: ./rand_s060t20_b0671320_a_U000832500
# [2024-06-11 12:25:55] INFO: Writing to disk took 7.33275 seconds
# [2024-06-11 12:25:55] INFO: ======================================================================
# [2024-06-11 12:25:55] INFO: Start sweeping...
# [2024-06-11 12:32:44] INFO: It took 409.628 seconds to do 500 HBOR sweeps.
# [2024-06-11 12:32:44] INFO: Plaquette = 0.653579
# [2024-06-11 12:32:44] INFO: Polyakov loop = (-0.00101292,0.00163533)
# [2024-06-11 12:32:44] INFO: Writing conf to disk...
# [2024-06-11 12:32:44] INFO: writeconf_nersc: Writing NERSC configuration ./conf_s060t20_b0671320_a_U000833000
# [2024-06-11 12:32:47] INFO: Calculated checksum: e3afb7ad
# [2024-06-11 12:32:52] INFO: Calculated checksum: 6551258d
# [2024-06-11 12:32:52] INFO: Writing RNGSTATE file: ./rand_s060t20_b0671320_a_U000833000
# [2024-06-11 12:32:52] INFO: Writing to disk took 7.32644 seconds
# [2024-06-11 12:32:52] INFO: ======================================================================
# [2024-06-11 12:32:52] INFO: Start sweeping...
# [2024-06-11 12:39:46] INFO: It took 414.224 seconds to do 500 HBOR sweeps.
# [2024-06-11 12:39:46] INFO: Plaquette = 0.653575
# [2024-06-11 12:39:46] INFO: Polyakov loop = (-0.0014252,-0.000528408)
# [2024-06-11 12:39:46] INFO: Writing conf to disk...
# [2024-06-11 12:39:46] INFO: writeconf_nersc: Writing NERSC configuration ./conf_s060t20_b0671320_a_U000833500
# [2024-06-11 12:39:49] INFO: Calculated checksum: ffe18d38
# [2024-06-11 12:39:53] INFO: Calculated checksum: c1a4bc8e
# [2024-06-11 12:39:53] INFO: Writing RNGSTATE file: ./rand_s060t20_b0671320_a_U000833500
# [2024-06-11 12:39:53] INFO: Writing to disk took 7.50281 seconds
# [2024-06-11 12:39:53] INFO: ======================================================================
# [2024-06-11 12:39:53] INFO: Start sweeping...
# [2024-06-11 12:46:47] INFO: It took 413.617 seconds to do 500 HBOR sweeps.
# [2024-06-11 12:46:47] INFO: Plaquette = 0.653494
# [2024-06-11 12:46:47] INFO: Polyakov loop = (-0.000627109,0.000580784)
# [2024-06-11 12:46:47] INFO: Writing conf to disk...
# [2024-06-11 12:46:47] INFO: writeconf_nersc: Writing NERSC configuration ./conf_s060t20_b0671320_a_U000834000
# [2024-06-11 12:46:50] INFO: Calculated checksum: 797134cc
# [2024-06-11 12:46:55] INFO: Calculated checksum: 3d8906ed
# [2024-06-11 12:46:55] INFO: Writing RNGSTATE file: ./rand_s060t20_b0671320_a_U000834000
# [2024-06-11 12:46:55] INFO: Writing to disk took 7.96499 seconds
# [2024-06-11 12:46:55] INFO: ======================================================================
# [2024-06-11 12:46:55] INFO: Start sweeping...
# [2024-06-11 12:53:44] INFO: It took 408.847 seconds to do 500 HBOR sweeps.
# [2024-06-11 12:53:44] INFO: Plaquette = 0.653324
# [2024-06-11 12:53:44] INFO: Polyakov loop = (0.000511178,0.000649443)
# [2024-06-11 12:53:44] INFO: Writing conf to disk...
# [2024-06-11 12:53:44] INFO: writeconf_nersc: Writing NERSC configuration ./conf_s060t20_b0671320_a_U000834500
# [2024-06-11 12:53:47] INFO: Calculated checksum: ce378d9a
# [2024-06-11 12:53:51] INFO: Calculated checksum: 9c447ff1
# [2024-06-11 12:53:51] INFO: Writing RNGSTATE file: ./rand_s060t20_b0671320_a_U000834500
# [2024-06-11 12:53:51] INFO: Writing to disk took 7.36715 seconds
# [2024-06-11 12:53:51] INFO: ======================================================================
# [2024-06-11 12:53:51] INFO: Start sweeping...
# [2024-06-11 13:00:40] INFO: It took 408.591 seconds to do 500 HBOR sweeps.
# [2024-06-11 13:00:40] INFO: Plaquette = 0.653533
# [2024-06-11 13:00:40] INFO: Polyakov loop = (0.000640793,0.00109065)
# [2024-06-11 13:00:40] INFO: Writing conf to disk...
# [2024-06-11 13:00:40] INFO: writeconf_nersc: Writing NERSC configuration ./conf_s060t20_b0671320_a_U000835000
# [2024-06-11 13:00:43] INFO: Calculated checksum: 6dd1186e
# [2024-06-11 13:00:47] INFO: Calculated checksum: f932009f
# [2024-06-11 13:00:47] INFO: Writing RNGSTATE file: ./rand_s060t20_b0671320_a_U000835000
# [2024-06-11 13:00:47] INFO: Writing to disk took 7.52542 seconds
# [2024-06-11 13:00:47] INFO: ======================================================================
# [2024-06-11 13:00:47] INFO: Start sweeping...
# [2024-06-11 13:07:41] INFO: It took 413.402 seconds to do 500 HBOR sweeps.
# [2024-06-11 13:07:41] INFO: Plaquette = 0.653583
# [2024-06-11 13:07:41] INFO: Polyakov loop = (0.000276082,0.000229358)
# [2024-06-11 13:07:41] INFO: Writing conf to disk...
# [2024-06-11 13:07:41] INFO: writeconf_nersc: Writing NERSC configuration ./conf_s060t20_b0671320_a_U000835500
# [2024-06-11 13:07:44] INFO: Calculated checksum: 20c01dfb
# [2024-06-11 13:07:48] INFO: Calculated checksum: 536c509a
# [2024-06-11 13:07:48] INFO: Writing RNGSTATE file: ./rand_s060t20_b0671320_a_U000835500
# [2024-06-11 13:07:48] INFO: Writing to disk took 7.25524 seconds
# [2024-06-11 13:07:48] INFO: ======================================================================
# [2024-06-11 13:07:48] INFO: Start sweeping...
# [2024-06-11 13:14:42] INFO: It took 413.938 seconds to do 500 HBOR sweeps.
# [2024-06-11 13:14:42] INFO: Plaquette = 0.653537
# [2024-06-11 13:14:42] INFO: Polyakov loop = (0.00197385,0.00040016)
# [2024-06-11 13:14:42] INFO: Writing conf to disk...
# [2024-06-11 13:14:42] INFO: writeconf_nersc: Writing NERSC configuration ./conf_s060t20_b0671320_a_U000836000
# [2024-06-11 13:14:45] INFO: Calculated checksum: e4722003
# [2024-06-11 13:14:50] INFO: Calculated checksum: 11a716ae
# [2024-06-11 13:14:50] INFO: Writing RNGSTATE file: ./rand_s060t20_b0671320_a_U000836000
# [2024-06-11 13:14:50] INFO: Writing to disk took 7.49659 seconds
# [2024-06-11 13:14:50] INFO: ======================================================================
# [2024-06-11 13:14:50] INFO: Start sweeping...
# [2024-06-11 13:21:42] INFO: It took 412.482 seconds to do 500 HBOR sweeps.
# [2024-06-11 13:21:42] INFO: Plaquette = 0.653524
# [2024-06-11 13:21:42] INFO: Polyakov loop = (0.00100951,-0.000398997)
# [2024-06-11 13:21:42] INFO: Writing conf to disk...
# [2024-06-11 13:21:42] INFO: writeconf_nersc: Writing NERSC configuration ./conf_s060t20_b0671320_a_U000836500
# [2024-06-11 13:21:45] INFO: Calculated checksum: 3dc1e4ef
# [2024-06-11 13:21:49] INFO: Calculated checksum: 848e4701
# [2024-06-11 13:21:49] INFO: Writing RNGSTATE file: ./rand_s060t20_b0671320_a_U000836500
# [2024-06-11 13:21:50] INFO: Writing to disk took 7.38356 seconds
# [2024-06-11 13:21:50] INFO: ======================================================================
# [2024-06-11 13:21:50] INFO: Start sweeping...
# [2024-06-11 13:28:44] INFO: It took 414.064 seconds to do 500 HBOR sweeps.
# [2024-06-11 13:28:44] INFO: Plaquette = 0.653467
# [2024-06-11 13:28:44] INFO: Polyakov loop = (0.00121202,0.000151164)
# [2024-06-11 13:28:44] INFO: Writing conf to disk...
# [2024-06-11 13:28:44] INFO: writeconf_nersc: Writing NERSC configuration ./conf_s060t20_b0671320_a_U000837000
# [2024-06-11 13:28:46] INFO: Calculated checksum: 3668d330
# [2024-06-11 13:28:52] INFO: Calculated checksum: 97b9ceec
# [2024-06-11 13:28:52] INFO: Writing RNGSTATE file: ./rand_s060t20_b0671320_a_U000837000
# [2024-06-11 13:28:52] INFO: Writing to disk took 8.08204 seconds
# [2024-06-11 13:28:52] INFO: ======================================================================
# [2024-06-11 13:28:52] INFO: Start sweeping...
# [2024-06-11 13:35:41] INFO: It took 408.864 seconds to do 500 HBOR sweeps.
# [2024-06-11 13:35:41] INFO: Plaquette = 0.653514
# [2024-06-11 13:35:41] INFO: Polyakov loop = (0.000915437,-6.73631e-06)
# [2024-06-11 13:35:41] INFO: Writing conf to disk...
# [2024-06-11 13:35:41] INFO: writeconf_nersc: Writing NERSC configuration ./conf_s060t20_b0671320_a_U000837500
# [2024-06-11 13:35:44] INFO: Calculated checksum: 8e7f6d83
# [2024-06-11 13:35:50] INFO: Calculated checksum: e3dd66f3
# [2024-06-11 13:35:50] INFO: Writing RNGSTATE file: ./rand_s060t20_b0671320_a_U000837500
# [2024-06-11 13:35:50] INFO: Writing to disk took 9.49243 seconds
# [2024-06-11 13:35:50] INFO: ======================================================================
# [2024-06-11 13:35:50] INFO: Start sweeping...
# [2024-06-11 13:42:44] INFO: It took 413.502 seconds to do 500 HBOR sweeps.
# [2024-06-11 13:42:44] INFO: Plaquette = 0.653515
# [2024-06-11 13:42:44] INFO: Polyakov loop = (0.000444897,6.24133e-06)
# [2024-06-11 13:42:44] INFO: Writing conf to disk...
# [2024-06-11 13:42:44] INFO: writeconf_nersc: Writing NERSC configuration ./conf_s060t20_b0671320_a_U000838000
# [2024-06-11 13:42:47] INFO: Calculated checksum: 693b46b0
# [2024-06-11 13:43:01] INFO: Calculated checksum: 5f6fcb38
# [2024-06-11 13:43:01] INFO: Writing RNGSTATE file: ./rand_s060t20_b0671320_a_U000838000
# [2024-06-11 13:43:01] INFO: Writing to disk took 17.3207 seconds
# [2024-06-11 13:43:01] INFO: ======================================================================
# [2024-06-11 13:43:01] INFO: Start sweeping...
# [2024-06-11 13:49:51] INFO: It took 410.392 seconds to do 500 HBOR sweeps.
# [2024-06-11 13:49:51] INFO: Plaquette = 0.653485
# [2024-06-11 13:49:51] INFO: Polyakov loop = (0.000873663,0.000497588)
# [2024-06-11 13:49:51] INFO: Writing conf to disk...
# [2024-06-11 13:49:51] INFO: writeconf_nersc: Writing NERSC configuration ./conf_s060t20_b0671320_a_U000838500
# [2024-06-11 13:49:54] INFO: Calculated checksum: 6c980000
# [2024-06-11 13:50:00] INFO: Calculated checksum: 630a942
# [2024-06-11 13:50:00] INFO: Writing RNGSTATE file: ./rand_s060t20_b0671320_a_U000838500
# [2024-06-11 13:50:00] INFO: Writing to disk took 8.82215 seconds
# [2024-06-11 13:50:00] INFO: ======================================================================
# [2024-06-11 13:50:00] INFO: Start sweeping...
# [2024-06-11 13:56:54] INFO: It took 413.367 seconds to do 500 HBOR sweeps.
# [2024-06-11 13:56:54] INFO: Plaquette = 0.653522
# [2024-06-11 13:56:54] INFO: Polyakov loop = (0.000945159,6.98481e-05)
# [2024-06-11 13:56:54] INFO: Writing conf to disk...
# [2024-06-11 13:56:54] INFO: writeconf_nersc: Writing NERSC configuration ./conf_s060t20_b0671320_a_U000839000
# [2024-06-11 13:56:57] INFO: Calculated checksum: 52c9b87d
# [2024-06-11 13:57:05] INFO: Calculated checksum: dcf71e4e
# [2024-06-11 13:57:05] INFO: Writing RNGSTATE file: ./rand_s060t20_b0671320_a_U000839000
# [2024-06-11 13:57:05] INFO: Writing to disk took 11.1082 seconds
# [2024-06-11 13:57:05] INFO: ======================================================================
# [2024-06-11 13:57:05] INFO: Start sweeping...
# [2024-06-11 14:03:57] INFO: It took 412.627 seconds to do 500 HBOR sweeps.
# [2024-06-11 14:03:58] INFO: Plaquette = 0.653492
# [2024-06-11 14:03:58] INFO: Polyakov loop = (0.000872319,-0.000306285)
# [2024-06-11 14:03:58] INFO: Writing conf to disk...
# [2024-06-11 14:03:58] INFO: writeconf_nersc: Writing NERSC configuration ./conf_s060t20_b0671320_a_U000839500
# [2024-06-11 14:04:00] INFO: Calculated checksum: 6135c084
# [2024-06-11 14:04:05] INFO: Calculated checksum: 52dc0625
# [2024-06-11 14:04:05] INFO: Writing RNGSTATE file: ./rand_s060t20_b0671320_a_U000839500
# [2024-06-11 14:04:05] INFO: Writing to disk took 7.6877 seconds
# [2024-06-11 14:04:05] INFO: ======================================================================
# [2024-06-11 14:04:05] INFO: Start sweeping...
# [2024-06-11 14:10:57] INFO: It took 412.056 seconds to do 500 HBOR sweeps.
# [2024-06-11 14:10:57] INFO: Plaquette = 0.653447
# [2024-06-11 14:10:57] INFO: Polyakov loop = (0.00118271,0.00063749)
# [2024-06-11 14:10:57] INFO: Writing conf to disk...
# [2024-06-11 14:10:57] INFO: writeconf_nersc: Writing NERSC configuration ./conf_s060t20_b0671320_a_U000840000
# [2024-06-11 14:11:00] INFO: Calculated checksum: fc86a019
# [2024-06-11 14:11:05] INFO: Calculated checksum: 59aac08d
# [2024-06-11 14:11:05] INFO: Writing RNGSTATE file: ./rand_s060t20_b0671320_a_U000840000
# [2024-06-11 14:11:05] INFO: Writing to disk took 7.93752 seconds
# [2024-06-11 14:11:05] INFO: ======================================================================
# [2024-06-11 14:11:05] INFO: Start sweeping...
# [2024-06-11 14:17:54] INFO: It took 408.981 seconds to do 500 HBOR sweeps.
# [2024-06-11 14:17:54] INFO: Plaquette = 0.653395
# [2024-06-11 14:17:54] INFO: Polyakov loop = (0.00196992,0.000554078)
# [2024-06-11 14:17:54] INFO: Writing conf to disk...
# [2024-06-11 14:17:54] INFO: writeconf_nersc: Writing NERSC configuration ./conf_s060t20_b0671320_a_U000840500
# [2024-06-11 14:17:57] INFO: Calculated checksum: c4dc061d
# [2024-06-11 14:18:02] INFO: Calculated checksum: 3d353b27
# [2024-06-11 14:18:02] INFO: Writing RNGSTATE file: ./rand_s060t20_b0671320_a_U000840500
# [2024-06-11 14:18:02] INFO: Writing to disk took 7.62251 seconds
# [2024-06-11 14:18:02] INFO: ======================================================================
# [2024-06-11 14:18:02] INFO: Start sweeping...
# [2024-06-11 14:24:51] INFO: It took 409.038 seconds to do 500 HBOR sweeps.
# [2024-06-11 14:24:51] INFO: Plaquette = 0.653533
# [2024-06-11 14:24:51] INFO: Polyakov loop = (0.0013455,0.000729298)
# [2024-06-11 14:24:51] INFO: Writing conf to disk...
# [2024-06-11 14:24:51] INFO: writeconf_nersc: Writing NERSC configuration ./conf_s060t20_b0671320_a_U000841000
# [2024-06-11 14:24:54] INFO: Calculated checksum: 5b5faf59
# [2024-06-11 14:24:58] INFO: Calculated checksum: d9a2c33b
# [2024-06-11 14:24:58] INFO: Writing RNGSTATE file: ./rand_s060t20_b0671320_a_U000841000
# [2024-06-11 14:24:58] INFO: Writing to disk took 7.47339 seconds
# [2024-06-11 14:24:58] INFO: ======================================================================
# [2024-06-11 14:24:58] INFO: Start sweeping...
# [2024-06-11 14:31:49] INFO: It took 410.53 seconds to do 500 HBOR sweeps.
# [2024-06-11 14:31:49] INFO: Plaquette = 0.653547
# [2024-06-11 14:31:49] INFO: Polyakov loop = (0.00159309,-0.000722328)
# [2024-06-11 14:31:49] INFO: Writing conf to disk...
# [2024-06-11 14:31:49] INFO: writeconf_nersc: Writing NERSC configuration ./conf_s060t20_b0671320_a_U000841500
# [2024-06-11 14:31:52] INFO: Calculated checksum: a189ebcf
# [2024-06-11 14:31:56] INFO: Calculated checksum: e442f80
# [2024-06-11 14:31:56] INFO: Writing RNGSTATE file: ./rand_s060t20_b0671320_a_U000841500
# [2024-06-11 14:31:57] INFO: Writing to disk took 7.50096 seconds
# [2024-06-11 14:31:57] INFO: ======================================================================
# [2024-06-11 14:31:57] INFO: Start sweeping...
# [2024-06-11 14:38:46] INFO: It took 409.763 seconds to do 500 HBOR sweeps.
# [2024-06-11 14:38:46] INFO: Plaquette = 0.653435
# [2024-06-11 14:38:46] INFO: Polyakov loop = (0.00185673,0.000606824)
# [2024-06-11 14:38:46] INFO: Writing conf to disk...
# [2024-06-11 14:38:46] INFO: writeconf_nersc: Writing NERSC configuration ./conf_s060t20_b0671320_a_U000842000
# [2024-06-11 14:38:49] INFO: Calculated checksum: d07d2819
# [2024-06-11 14:38:54] INFO: Calculated checksum: 25cfe476
# [2024-06-11 14:38:54] INFO: Writing RNGSTATE file: ./rand_s060t20_b0671320_a_U000842000
# [2024-06-11 14:38:54] INFO: Writing to disk took 7.49128 seconds
# [2024-06-11 14:38:54] INFO: ======================================================================
# [2024-06-11 14:38:54] INFO: Start sweeping...
# [2024-06-11 14:45:44] INFO: It took 409.718 seconds to do 500 HBOR sweeps.
# [2024-06-11 14:45:44] INFO: Plaquette = 0.653544
# [2024-06-11 14:45:44] INFO: Polyakov loop = (0.00137788,-0.000376282)
# [2024-06-11 14:45:44] INFO: Writing conf to disk...
# [2024-06-11 14:45:44] INFO: writeconf_nersc: Writing NERSC configuration ./conf_s060t20_b0671320_a_U000842500
# [2024-06-11 14:45:46] INFO: Calculated checksum: 3d56d95c
# [2024-06-11 14:45:55] INFO: Calculated checksum: 59ab90fa
# [2024-06-11 14:45:55] INFO: Writing RNGSTATE file: ./rand_s060t20_b0671320_a_U000842500
# [2024-06-11 14:45:55] INFO: Writing to disk took 11.5983 seconds
# [2024-06-11 14:45:55] INFO: ======================================================================
# [2024-06-11 14:45:55] INFO: Start sweeping...
# [2024-06-11 14:52:44] INFO: It took 409.189 seconds to do 500 HBOR sweeps.
# [2024-06-11 14:52:44] INFO: Plaquette = 0.653458
# [2024-06-11 14:52:44] INFO: Polyakov loop = (0.00085465,-0.000917321)
# [2024-06-11 14:52:44] INFO: Writing conf to disk...
# [2024-06-11 14:52:44] INFO: writeconf_nersc: Writing NERSC configuration ./conf_s060t20_b0671320_a_U000843000
# [2024-06-11 14:52:47] INFO: Calculated checksum: f98bfda3
# [2024-06-11 14:52:52] INFO: Calculated checksum: e5e407c3
# [2024-06-11 14:52:52] INFO: Writing RNGSTATE file: ./rand_s060t20_b0671320_a_U000843000
# [2024-06-11 14:52:52] INFO: Writing to disk took 7.72193 seconds
# [2024-06-11 14:52:52] INFO: ======================================================================
# [2024-06-11 14:52:52] INFO: Start sweeping...
# [2024-06-11 14:59:41] INFO: It took 409.113 seconds to do 500 HBOR sweeps.
# [2024-06-11 14:59:41] INFO: Plaquette = 0.653508
# [2024-06-11 14:59:41] INFO: Polyakov loop = (0.00139688,0.0011014)
# [2024-06-11 14:59:41] INFO: Writing conf to disk...
# [2024-06-11 14:59:41] INFO: writeconf_nersc: Writing NERSC configuration ./conf_s060t20_b0671320_a_U000843500
# [2024-06-11 14:59:44] INFO: Calculated checksum: 55928726
# [2024-06-11 14:59:49] INFO: Calculated checksum: 113be1f9
# [2024-06-11 14:59:49] INFO: Writing RNGSTATE file: ./rand_s060t20_b0671320_a_U000843500
# [2024-06-11 14:59:50] INFO: Writing to disk took 8.30704 seconds
# [2024-06-11 14:59:50] INFO: ======================================================================
# [2024-06-11 14:59:50] INFO: Start sweeping...
# [2024-06-11 15:06:44] INFO: It took 414.043 seconds to do 500 HBOR sweeps.
# [2024-06-11 15:06:44] INFO: Plaquette = 0.653557
# [2024-06-11 15:06:44] INFO: Polyakov loop = (0.000420052,-0.000115833)
# [2024-06-11 15:06:44] INFO: Writing conf to disk...
# [2024-06-11 15:06:44] INFO: writeconf_nersc: Writing NERSC configuration ./conf_s060t20_b0671320_a_U000844000
# [2024-06-11 15:06:47] INFO: Calculated checksum: 5f5370ae
# [2024-06-11 15:06:51] INFO: Calculated checksum: 1d10f8cc
# [2024-06-11 15:06:51] INFO: Writing RNGSTATE file: ./rand_s060t20_b0671320_a_U000844000
# [2024-06-11 15:06:51] INFO: Writing to disk took 7.36465 seconds
# [2024-06-11 15:06:51] INFO: ======================================================================
# [2024-06-11 15:06:51] INFO: Start sweeping...
# [2024-06-11 15:13:44] INFO: It took 413.168 seconds to do 500 HBOR sweeps.
# [2024-06-11 15:13:44] INFO: Plaquette = 0.65341
# [2024-06-11 15:13:44] INFO: Polyakov loop = (0.0011267,0.000550167)
# [2024-06-11 15:13:44] INFO: Writing conf to disk...
# [2024-06-11 15:13:44] INFO: writeconf_nersc: Writing NERSC configuration ./conf_s060t20_b0671320_a_U000844500
# [2024-06-11 15:13:47] INFO: Calculated checksum: 4f35db4b
# [2024-06-11 15:13:52] INFO: Calculated checksum: d4073d2a
# [2024-06-11 15:13:52] INFO: Writing RNGSTATE file: ./rand_s060t20_b0671320_a_U000844500
# [2024-06-11 15:13:52] INFO: Writing to disk took 7.55542 seconds
# [2024-06-11 15:13:52] INFO: ======================================================================
# [2024-06-11 15:13:52] INFO: Start sweeping...
# [2024-06-11 15:20:42] INFO: It took 410.044 seconds to do 500 HBOR sweeps.
# [2024-06-11 15:20:42] INFO: Plaquette = 0.653469
# [2024-06-11 15:20:42] INFO: Polyakov loop = (0.00116997,-9.47254e-06)
# [2024-06-11 15:20:42] INFO: Writing conf to disk...
# [2024-06-11 15:20:42] INFO: writeconf_nersc: Writing NERSC configuration ./conf_s060t20_b0671320_a_U000845000
# [2024-06-11 15:20:45] INFO: Calculated checksum: 87de72ad
# [2024-06-11 15:20:49] INFO: Calculated checksum: 8a60b33e
# [2024-06-11 15:20:49] INFO: Writing RNGSTATE file: ./rand_s060t20_b0671320_a_U000845000
# [2024-06-11 15:20:49] INFO: Writing to disk took 7.38133 seconds
# [2024-06-11 15:20:49] INFO: ======================================================================
# [2024-06-11 15:20:49] INFO: Start sweeping...
# [2024-06-11 15:27:39] INFO: It took 409.814 seconds to do 500 HBOR sweeps.
# [2024-06-11 15:27:39] INFO: Plaquette = 0.653449
# [2024-06-11 15:27:39] INFO: Polyakov loop = (0.00142021,9.64125e-06)
# [2024-06-11 15:27:39] INFO: Writing conf to disk...
# [2024-06-11 15:27:39] INFO: writeconf_nersc: Writing NERSC configuration ./conf_s060t20_b0671320_a_U000845500
# [2024-06-11 15:27:42] INFO: Calculated checksum: 7dbd8f3
# [2024-06-11 15:27:47] INFO: Calculated checksum: 16850082
# [2024-06-11 15:27:47] INFO: Writing RNGSTATE file: ./rand_s060t20_b0671320_a_U000845500
# [2024-06-11 15:27:47] INFO: Writing to disk took 7.46592 seconds
# [2024-06-11 15:27:47] INFO: ======================================================================
# [2024-06-11 15:27:47] INFO: Start sweeping...
# [2024-06-11 15:34:36] INFO: It took 409.02 seconds to do 500 HBOR sweeps.
# [2024-06-11 15:34:36] INFO: Plaquette = 0.653589
# [2024-06-11 15:34:36] INFO: Polyakov loop = (0.000299047,0.000476072)
# [2024-06-11 15:34:36] INFO: Writing conf to disk...
# [2024-06-11 15:34:36] INFO: writeconf_nersc: Writing NERSC configuration ./conf_s060t20_b0671320_a_U000846000
# [2024-06-11 15:34:39] INFO: Calculated checksum: 50aac4f9
# [2024-06-11 15:34:43] INFO: Calculated checksum: a40fd7f5
# [2024-06-11 15:34:43] INFO: Writing RNGSTATE file: ./rand_s060t20_b0671320_a_U000846000
# [2024-06-11 15:34:43] INFO: Writing to disk took 7.38199 seconds
# [2024-06-11 15:34:43] INFO: ======================================================================
# [2024-06-11 15:34:43] INFO: Start sweeping...
# [2024-06-11 15:41:33] INFO: It took 410.334 seconds to do 500 HBOR sweeps.
# [2024-06-11 15:41:33] INFO: Plaquette = 0.653497
# [2024-06-11 15:41:33] INFO: Polyakov loop = (0.000981733,-0.000383347)
# [2024-06-11 15:41:33] INFO: Writing conf to disk...
# [2024-06-11 15:41:33] INFO: writeconf_nersc: Writing NERSC configuration ./conf_s060t20_b0671320_a_U000846500
# [2024-06-11 15:41:36] INFO: Calculated checksum: ee59a1ec
# [2024-06-11 15:41:41] INFO: Calculated checksum: 8a4be779
# [2024-06-11 15:41:41] INFO: Writing RNGSTATE file: ./rand_s060t20_b0671320_a_U000846500
# [2024-06-11 15:41:41] INFO: Writing to disk took 7.36335 seconds
# [2024-06-11 15:41:41] INFO: ======================================================================
# [2024-06-11 15:41:41] INFO: Start sweeping...
# [2024-06-11 15:48:34] INFO: It took 412.744 seconds to do 500 HBOR sweeps.
# [2024-06-11 15:48:34] INFO: Plaquette = 0.653367
# [2024-06-11 15:48:34] INFO: Polyakov loop = (0.000690826,3.91775e-05)
# [2024-06-11 15:48:34] INFO: Writing conf to disk...
# [2024-06-11 15:48:34] INFO: writeconf_nersc: Writing NERSC configuration ./conf_s060t20_b0671320_a_U000847000
# [2024-06-11 15:48:36] INFO: Calculated checksum: f587dc7a
# [2024-06-11 15:48:42] INFO: Calculated checksum: 84639aca
# [2024-06-11 15:48:42] INFO: Writing RNGSTATE file: ./rand_s060t20_b0671320_a_U000847000
# [2024-06-11 15:48:42] INFO: Writing to disk took 8.14538 seconds
# [2024-06-11 15:48:42] INFO: ======================================================================
# [2024-06-11 15:48:42] INFO: Start sweeping...
# [2024-06-11 15:55:35] INFO: It took 413.405 seconds to do 500 HBOR sweeps.
# [2024-06-11 15:55:35] INFO: Plaquette = 0.653565
# [2024-06-11 15:55:35] INFO: Polyakov loop = (7.17943e-06,0.000178441)
# [2024-06-11 15:55:35] INFO: Writing conf to disk...
# [2024-06-11 15:55:35] INFO: writeconf_nersc: Writing NERSC configuration ./conf_s060t20_b0671320_a_U000847500
# [2024-06-11 15:55:38] INFO: Calculated checksum: 4a525d3e
# [2024-06-11 15:55:43] INFO: Calculated checksum: a46c0e76
# [2024-06-11 15:55:43] INFO: Writing RNGSTATE file: ./rand_s060t20_b0671320_a_U000847500
# [2024-06-11 15:55:43] INFO: Writing to disk took 7.55316 seconds
# [2024-06-11 15:55:43] INFO: ======================================================================
# [2024-06-11 15:55:43] INFO: Start sweeping...
# [2024-06-11 16:02:32] INFO: It took 409.545 seconds to do 500 HBOR sweeps.
# [2024-06-11 16:02:32] INFO: Plaquette = 0.653541
# [2024-06-11 16:02:32] INFO: Polyakov loop = (0.00010715,-0.000706528)
# [2024-06-11 16:02:32] INFO: Writing conf to disk...
# [2024-06-11 16:02:32] INFO: writeconf_nersc: Writing NERSC configuration ./conf_s060t20_b0671320_a_U000848000
# [2024-06-11 16:02:35] INFO: Calculated checksum: a74badfa
# [2024-06-11 16:02:40] INFO: Calculated checksum: a2ca67e5
# [2024-06-11 16:02:40] INFO: Writing RNGSTATE file: ./rand_s060t20_b0671320_a_U000848000
# [2024-06-11 16:02:40] INFO: Writing to disk took 7.57431 seconds
# [2024-06-11 16:02:40] INFO: ======================================================================
# [2024-06-11 16:02:40] INFO: Start sweeping...
# [2024-06-11 16:09:28] INFO: It took 408.318 seconds to do 500 HBOR sweeps.
# [2024-06-11 16:09:28] INFO: Plaquette = 0.653487
# [2024-06-11 16:09:28] INFO: Polyakov loop = (-0.000636085,-0.00019267)
# [2024-06-11 16:09:28] INFO: Writing conf to disk...
# [2024-06-11 16:09:28] INFO: writeconf_nersc: Writing NERSC configuration ./conf_s060t20_b0671320_a_U000848500
# [2024-06-11 16:09:31] INFO: Calculated checksum: 7abfcad9
# [2024-06-11 16:09:36] INFO: Calculated checksum: d617a652
# [2024-06-11 16:09:36] INFO: Writing RNGSTATE file: ./rand_s060t20_b0671320_a_U000848500
# [2024-06-11 16:09:36] INFO: Writing to disk took 7.49085 seconds
# [2024-06-11 16:09:36] INFO: ======================================================================
# [2024-06-11 16:09:36] INFO: Start sweeping...
# [2024-06-11 16:16:28] INFO: It took 411.934 seconds to do 500 HBOR sweeps.
# [2024-06-11 16:16:28] INFO: Plaquette = 0.653478
# [2024-06-11 16:16:28] INFO: Polyakov loop = (0.000305613,8.0644e-05)
# [2024-06-11 16:16:28] INFO: Writing conf to disk...
# [2024-06-11 16:16:28] INFO: writeconf_nersc: Writing NERSC configuration ./conf_s060t20_b0671320_a_U000849000
# [2024-06-11 16:16:31] INFO: Calculated checksum: d9c020ab
# [2024-06-11 16:16:35] INFO: Calculated checksum: 28788d4f
# [2024-06-11 16:16:35] INFO: Writing RNGSTATE file: ./rand_s060t20_b0671320_a_U000849000
# [2024-06-11 16:16:35] INFO: Writing to disk took 7.50167 seconds
# [2024-06-11 16:16:35] INFO: ======================================================================
# [2024-06-11 16:16:35] INFO: Start sweeping...
# [2024-06-11 16:23:24] INFO: It took 408.398 seconds to do 500 HBOR sweeps.
# [2024-06-11 16:23:24] INFO: Plaquette = 0.653492
# [2024-06-11 16:23:24] INFO: Polyakov loop = (-0.000416491,-0.00154147)
# [2024-06-11 16:23:24] INFO: Writing conf to disk...
# [2024-06-11 16:23:24] INFO: writeconf_nersc: Writing NERSC configuration ./conf_s060t20_b0671320_a_U000849500
# [2024-06-11 16:23:27] INFO: Calculated checksum: 214d2e27
# [2024-06-11 16:23:31] INFO: Calculated checksum: 997f81b5
# [2024-06-11 16:23:31] INFO: Writing RNGSTATE file: ./rand_s060t20_b0671320_a_U000849500
# [2024-06-11 16:23:31] INFO: Writing to disk took 7.59404 seconds
# [2024-06-11 16:23:31] INFO: ======================================================================
# [2024-06-11 16:23:31] INFO: Start sweeping...
# [2024-06-11 16:30:20] INFO: It took 409.062 seconds to do 500 HBOR sweeps.
# [2024-06-11 16:30:20] INFO: Plaquette = 0.653397
# [2024-06-11 16:30:20] INFO: Polyakov loop = (0.000240036,-0.00162641)
# [2024-06-11 16:30:20] INFO: Writing conf to disk...
# [2024-06-11 16:30:20] INFO: writeconf_nersc: Writing NERSC configuration ./conf_s060t20_b0671320_a_U000850000
# [2024-06-11 16:30:23] INFO: Calculated checksum: 1f9b8ef2
# [2024-06-11 16:30:28] INFO: Calculated checksum: f6e344b5
# [2024-06-11 16:30:28] INFO: Writing RNGSTATE file: ./rand_s060t20_b0671320_a_U000850000
# [2024-06-11 16:30:28] INFO: Writing to disk took 7.6283 seconds
# [2024-06-11 16:30:28] INFO: Finalizing MPI
