
Currently Loaded Modules:
  1) chpc/1.0      (S)   3) gcc/8.5.0      5) mpich/3.4.2
  2) python/3.10.3       4) cmake/3.26.0   6) cuda/11.6.2 (g)

  Where:
   S:  Module is Sticky, requires --force to unload or purge
   g:  built for GPU

 

# [2024-06-12 12:48:39] INFO: Running SIMULATeQCD
# [2024-06-12 12:48:39] INFO: Git commit version: 43e2518
# [2024-06-12 12:48:39] INFO: Initializing MPI with (1 proc)
# [2024-06-12 12:48:39] INFO: Reading parameters from file :: GenerateQuenched_b6534.param
# [2024-06-12 12:48:39] INFO: # PARAM :: Lattice = 60 60 60 20 
# [2024-06-12 12:48:39] INFO: # PARAM :: Nodes = 1 1 1 1 
# [2024-06-12 12:48:39] INFO: # PARAM :: Topology = 0 0 0 0  (default)
# [2024-06-12 12:48:39] INFO: # PARAM :: beta = 6.534
# [2024-06-12 12:48:39] INFO: # PARAM :: format = nersc
# [2024-06-12 12:48:39] INFO: # PARAM :: endianness = auto
# [2024-06-12 12:48:39] INFO: # PARAM :: conf_nr = 850000
# [2024-06-12 12:48:39] INFO: # PARAM :: stream = a
# [2024-06-12 12:48:39] INFO: # PARAM :: prec_out = 0 (default)
# [2024-06-12 12:48:39] INFO: # PARAM :: measurements_dir = ./ (default)
# [2024-06-12 12:48:39] INFO: # PARAM :: use_unit_conf = 0 (default)
# [2024-06-12 12:48:39] INFO: # PARAM :: output_dir = .
# [2024-06-12 12:48:39] INFO: # PARAM :: nconfs = 100
# [2024-06-12 12:48:39] INFO: # PARAM :: nsweeps_ORperHB = 4
# [2024-06-12 12:48:39] INFO: # PARAM :: nsweeps_HBwithOR = 500
# [2024-06-12 12:48:39] INFO: # PARAM :: prev_conf = conf_s060t20_b0653400_a_U000850000
# [2024-06-12 12:48:39] INFO: # PARAM :: prev_rand = rand_s060t20_b0653400_a_U000850000
# [2024-06-12 12:48:39] INFO: > Running on:
# [2024-06-12 12:48:39] INFO: [Rank 0] > notch087 CPU_61 GPU_AF; MPI: world_rank=0, node_rank=0, coord: ( 0 0 0 0 )
# [2024-06-12 12:48:39] INFO: > Is MPI CUDA-aware? @compilation 
# [2024-06-12 12:48:39] INFO: > GPU compute capability: 75
# [2024-06-12 12:48:39] INFO: > Checking support for P2P (Peer-to-Peer) and UVA (Unified Virtual Addressing):
# [2024-06-12 12:48:39] INFO: [Rank 0] > notch087 GPU_AF(NVIDIA GeForce RTX 2080 Ti): P2P NO ; UVA YES
# [2024-06-12 12:48:39] INFO: Initialize Indexer with HaloDepth = 1[0;33m[0m
# [2024-06-12 12:48:39] INFO: Resuming previous run.
# [2024-06-12 12:48:39] INFO: readconf_nersc: Reading NERSC configuration conf_s060t20_b0653400_a_U000850000
# [2024-06-12 12:48:51] INFO: Next conf_number will be 850500
# [2024-06-12 12:48:51] INFO: Generating up to 100 confs with a separation of 500 HBOR sweeps (OR/HB = 4) ...
# [2024-06-12 12:48:51] INFO: ======================================================================
# [2024-06-12 12:48:51] INFO: Start sweeping...
# [2024-06-12 12:55:29] INFO: It took 398.56 seconds to do 500 HBOR sweeps.
# [2024-06-12 12:55:29] INFO: Plaquette = 0.640888
# [2024-06-12 12:55:29] INFO: Polyakov loop = (-0.000395887,0.000936935)
# [2024-06-12 12:55:29] INFO: Writing conf to disk...
# [2024-06-12 12:55:29] INFO: writeconf_nersc: Writing NERSC configuration ./conf_s060t20_b0653400_a_U000850500
# [2024-06-12 12:55:32] INFO: Calculated checksum: b2abcb5
# [2024-06-12 12:55:38] INFO: Calculated checksum: 5ad7b254
# [2024-06-12 12:55:38] INFO: Writing RNGSTATE file: ./rand_s060t20_b0653400_a_U000850500
# [2024-06-12 12:55:39] INFO: Writing to disk took 9.58902 seconds
# [2024-06-12 12:55:39] INFO: ======================================================================
# [2024-06-12 12:55:39] INFO: Start sweeping...
# [2024-06-12 13:02:19] INFO: It took 399.947 seconds to do 500 HBOR sweeps.
# [2024-06-12 13:02:19] INFO: Plaquette = 0.640896
# [2024-06-12 13:02:19] INFO: Polyakov loop = (0.000125309,5.48016e-05)
# [2024-06-12 13:02:19] INFO: Writing conf to disk...
# [2024-06-12 13:02:19] INFO: writeconf_nersc: Writing NERSC configuration ./conf_s060t20_b0653400_a_U000851000
# [2024-06-12 13:02:22] INFO: Calculated checksum: 130a0678
# [2024-06-12 13:02:30] INFO: Calculated checksum: c9ad559a
# [2024-06-12 13:02:30] INFO: Writing RNGSTATE file: ./rand_s060t20_b0653400_a_U000851000
# [2024-06-12 13:02:30] INFO: Writing to disk took 11.5202 seconds
# [2024-06-12 13:02:30] INFO: ======================================================================
# [2024-06-12 13:02:30] INFO: Start sweeping...
# [2024-06-12 13:09:10] INFO: It took 399.692 seconds to do 500 HBOR sweeps.
# [2024-06-12 13:09:10] INFO: Plaquette = 0.640925
# [2024-06-12 13:09:10] INFO: Polyakov loop = (0.000357114,0.000557605)
# [2024-06-12 13:09:10] INFO: Writing conf to disk...
# [2024-06-12 13:09:10] INFO: writeconf_nersc: Writing NERSC configuration ./conf_s060t20_b0653400_a_U000851500
# [2024-06-12 13:09:13] INFO: Calculated checksum: c0491265
# [2024-06-12 13:09:26] INFO: Calculated checksum: 6bd5c354
# [2024-06-12 13:09:26] INFO: Writing RNGSTATE file: ./rand_s060t20_b0653400_a_U000851500
# [2024-06-12 13:09:27] INFO: Writing to disk took 16.4845 seconds
# [2024-06-12 13:09:27] INFO: ======================================================================
# [2024-06-12 13:09:27] INFO: Start sweeping...
# [2024-06-12 13:16:06] INFO: It took 399.678 seconds to do 500 HBOR sweeps.
# [2024-06-12 13:16:06] INFO: Plaquette = 0.640931
# [2024-06-12 13:16:06] INFO: Polyakov loop = (-9.36091e-05,0.000100659)
# [2024-06-12 13:16:06] INFO: Writing conf to disk...
# [2024-06-12 13:16:06] INFO: writeconf_nersc: Writing NERSC configuration ./conf_s060t20_b0653400_a_U000852000
# [2024-06-12 13:16:09] INFO: Calculated checksum: cb72a037
# [2024-06-12 13:16:17] INFO: Calculated checksum: d81376f3
# [2024-06-12 13:16:17] INFO: Writing RNGSTATE file: ./rand_s060t20_b0653400_a_U000852000
# [2024-06-12 13:16:17] INFO: Writing to disk took 11.1496 seconds
# [2024-06-12 13:16:17] INFO: ======================================================================
# [2024-06-12 13:16:17] INFO: Start sweeping...
# [2024-06-12 13:22:57] INFO: It took 399.747 seconds to do 500 HBOR sweeps.
# [2024-06-12 13:22:57] INFO: Plaquette = 0.640867
# [2024-06-12 13:22:57] INFO: Polyakov loop = (-0.000412669,1.69473e-05)
# [2024-06-12 13:22:57] INFO: Writing conf to disk...
# [2024-06-12 13:22:57] INFO: writeconf_nersc: Writing NERSC configuration ./conf_s060t20_b0653400_a_U000852500
# [2024-06-12 13:23:00] INFO: Calculated checksum: 61867354
# [2024-06-12 13:23:09] INFO: Calculated checksum: ef5a6487
# [2024-06-12 13:23:09] INFO: Writing RNGSTATE file: ./rand_s060t20_b0653400_a_U000852500
# [2024-06-12 13:23:09] INFO: Writing to disk took 12.1404 seconds
# [2024-06-12 13:23:09] INFO: ======================================================================
# [2024-06-12 13:23:09] INFO: Start sweeping...
# [2024-06-12 13:29:49] INFO: It took 399.674 seconds to do 500 HBOR sweeps.
# [2024-06-12 13:29:49] INFO: Plaquette = 0.64082
# [2024-06-12 13:29:49] INFO: Polyakov loop = (0.000215146,-7.05181e-05)
# [2024-06-12 13:29:49] INFO: Writing conf to disk...
# [2024-06-12 13:29:49] INFO: writeconf_nersc: Writing NERSC configuration ./conf_s060t20_b0653400_a_U000853000
# [2024-06-12 13:29:52] INFO: Calculated checksum: b7ac2c0e
# [2024-06-12 13:30:05] INFO: Calculated checksum: 7a18c2a1
# [2024-06-12 13:30:05] INFO: Writing RNGSTATE file: ./rand_s060t20_b0653400_a_U000853000
# [2024-06-12 13:30:05] INFO: Writing to disk took 16.0093 seconds
# [2024-06-12 13:30:05] INFO: ======================================================================
# [2024-06-12 13:30:05] INFO: Start sweeping...
# [2024-06-12 13:36:45] INFO: It took 399.851 seconds to do 500 HBOR sweeps.
# [2024-06-12 13:36:45] INFO: Plaquette = 0.640918
# [2024-06-12 13:36:45] INFO: Polyakov loop = (-4.56951e-05,-0.00125883)
# [2024-06-12 13:36:45] INFO: Writing conf to disk...
# [2024-06-12 13:36:45] INFO: writeconf_nersc: Writing NERSC configuration ./conf_s060t20_b0653400_a_U000853500
# [2024-06-12 13:36:48] INFO: Calculated checksum: cf52541d
# [2024-06-12 13:36:57] INFO: Calculated checksum: 7180c9cc
# [2024-06-12 13:36:57] INFO: Writing RNGSTATE file: ./rand_s060t20_b0653400_a_U000853500
# [2024-06-12 13:36:57] INFO: Writing to disk took 11.8563 seconds
# [2024-06-12 13:36:57] INFO: ======================================================================
# [2024-06-12 13:36:57] INFO: Start sweeping...
# [2024-06-12 13:43:33] INFO: It took 396.334 seconds to do 500 HBOR sweeps.
# [2024-06-12 13:43:34] INFO: Plaquette = 0.64097
# [2024-06-12 13:43:34] INFO: Polyakov loop = (-0.0001869,0.000686469)
# [2024-06-12 13:43:34] INFO: Writing conf to disk...
# [2024-06-12 13:43:34] INFO: writeconf_nersc: Writing NERSC configuration ./conf_s060t20_b0653400_a_U000854000
# [2024-06-12 13:43:36] INFO: Calculated checksum: ca1182e9
# [2024-06-12 13:43:44] INFO: Calculated checksum: f0b72e29
# [2024-06-12 13:43:44] INFO: Writing RNGSTATE file: ./rand_s060t20_b0653400_a_U000854000
# [2024-06-12 13:43:44] INFO: Writing to disk took 10.3266 seconds
# [2024-06-12 13:43:44] INFO: ======================================================================
# [2024-06-12 13:43:44] INFO: Start sweeping...
# [2024-06-12 13:50:20] INFO: It took 396.316 seconds to do 500 HBOR sweeps.
# [2024-06-12 13:50:21] INFO: Plaquette = 0.640838
# [2024-06-12 13:50:21] INFO: Polyakov loop = (0.000444478,7.80094e-05)
# [2024-06-12 13:50:21] INFO: Writing conf to disk...
# [2024-06-12 13:50:21] INFO: writeconf_nersc: Writing NERSC configuration ./conf_s060t20_b0653400_a_U000854500
# [2024-06-12 13:50:23] INFO: Calculated checksum: 2f5a35eb
# [2024-06-12 13:50:30] INFO: Calculated checksum: 484712f0
# [2024-06-12 13:50:30] INFO: Writing RNGSTATE file: ./rand_s060t20_b0653400_a_U000854500
# [2024-06-12 13:50:31] INFO: Writing to disk took 9.98571 seconds
# [2024-06-12 13:50:31] INFO: ======================================================================
# [2024-06-12 13:50:31] INFO: Start sweeping...
# [2024-06-12 13:57:10] INFO: It took 399.79 seconds to do 500 HBOR sweeps.
# [2024-06-12 13:57:10] INFO: Plaquette = 0.640839
# [2024-06-12 13:57:10] INFO: Polyakov loop = (2.42918e-05,-0.000660268)
# [2024-06-12 13:57:10] INFO: Writing conf to disk...
# [2024-06-12 13:57:10] INFO: writeconf_nersc: Writing NERSC configuration ./conf_s060t20_b0653400_a_U000855000
# [2024-06-12 13:57:13] INFO: Calculated checksum: 197f738f
# [2024-06-12 13:57:18] INFO: Calculated checksum: 6163b291
# [2024-06-12 13:57:18] INFO: Writing RNGSTATE file: ./rand_s060t20_b0653400_a_U000855000
# [2024-06-12 13:57:18] INFO: Writing to disk took 7.64301 seconds
# [2024-06-12 13:57:18] INFO: ======================================================================
# [2024-06-12 13:57:18] INFO: Start sweeping...
# [2024-06-12 14:03:58] INFO: It took 399.573 seconds to do 500 HBOR sweeps.
# [2024-06-12 14:03:58] INFO: Plaquette = 0.640899
# [2024-06-12 14:03:58] INFO: Polyakov loop = (0.000478687,-0.000772829)
# [2024-06-12 14:03:58] INFO: Writing conf to disk...
# [2024-06-12 14:03:58] INFO: writeconf_nersc: Writing NERSC configuration ./conf_s060t20_b0653400_a_U000855500
# [2024-06-12 14:04:00] INFO: Calculated checksum: fbd60eae
# [2024-06-12 14:04:09] INFO: Calculated checksum: 1fa4cd91
# [2024-06-12 14:04:09] INFO: Writing RNGSTATE file: ./rand_s060t20_b0653400_a_U000855500
# [2024-06-12 14:04:09] INFO: Writing to disk took 11.3562 seconds
# [2024-06-12 14:04:09] INFO: ======================================================================
# [2024-06-12 14:04:09] INFO: Start sweeping...
# [2024-06-12 14:10:49] INFO: It took 400.006 seconds to do 500 HBOR sweeps.
# [2024-06-12 14:10:49] INFO: Plaquette = 0.640949
# [2024-06-12 14:10:49] INFO: Polyakov loop = (0.00116391,1.03922e-05)
# [2024-06-12 14:10:49] INFO: Writing conf to disk...
# [2024-06-12 14:10:49] INFO: writeconf_nersc: Writing NERSC configuration ./conf_s060t20_b0653400_a_U000856000
# [2024-06-12 14:10:52] INFO: Calculated checksum: 29b6a06d
# [2024-06-12 14:10:59] INFO: Calculated checksum: a187ce64
# [2024-06-12 14:10:59] INFO: Writing RNGSTATE file: ./rand_s060t20_b0653400_a_U000856000
# [2024-06-12 14:10:59] INFO: Writing to disk took 9.92457 seconds
# [2024-06-12 14:10:59] INFO: ======================================================================
# [2024-06-12 14:10:59] INFO: Start sweeping...
# [2024-06-12 14:17:39] INFO: It took 399.916 seconds to do 500 HBOR sweeps.
# [2024-06-12 14:17:39] INFO: Plaquette = 0.640921
# [2024-06-12 14:17:39] INFO: Polyakov loop = (-0.000589639,-0.000730338)
# [2024-06-12 14:17:39] INFO: Writing conf to disk...
# [2024-06-12 14:17:39] INFO: writeconf_nersc: Writing NERSC configuration ./conf_s060t20_b0653400_a_U000856500
# [2024-06-12 14:17:42] INFO: Calculated checksum: 96b5694b
# [2024-06-12 14:17:49] INFO: Calculated checksum: 9b48ee9e
# [2024-06-12 14:17:49] INFO: Writing RNGSTATE file: ./rand_s060t20_b0653400_a_U000856500
# [2024-06-12 14:17:50] INFO: Writing to disk took 11.2726 seconds
# [2024-06-12 14:17:50] INFO: ======================================================================
# [2024-06-12 14:17:50] INFO: Start sweeping...
# [2024-06-12 14:24:30] INFO: It took 399.767 seconds to do 500 HBOR sweeps.
# [2024-06-12 14:24:30] INFO: Plaquette = 0.640886
# [2024-06-12 14:24:30] INFO: Polyakov loop = (0.000109968,0.000821554)
# [2024-06-12 14:24:30] INFO: Writing conf to disk...
# [2024-06-12 14:24:30] INFO: writeconf_nersc: Writing NERSC configuration ./conf_s060t20_b0653400_a_U000857000
# [2024-06-12 14:24:33] INFO: Calculated checksum: cf411e9c
# [2024-06-12 14:24:41] INFO: Calculated checksum: ab6392a5
# [2024-06-12 14:24:41] INFO: Writing RNGSTATE file: ./rand_s060t20_b0653400_a_U000857000
# [2024-06-12 14:24:41] INFO: Writing to disk took 11.3704 seconds
# [2024-06-12 14:24:41] INFO: ======================================================================
# [2024-06-12 14:24:41] INFO: Start sweeping...
# [2024-06-12 14:31:21] INFO: It took 399.445 seconds to do 500 HBOR sweeps.
# [2024-06-12 14:31:21] INFO: Plaquette = 0.640957
# [2024-06-12 14:31:21] INFO: Polyakov loop = (-0.000664397,-0.00018133)
# [2024-06-12 14:31:21] INFO: Writing conf to disk...
# [2024-06-12 14:31:21] INFO: writeconf_nersc: Writing NERSC configuration ./conf_s060t20_b0653400_a_U000857500
# [2024-06-12 14:31:24] INFO: Calculated checksum: bb5506f7
# [2024-06-12 14:31:31] INFO: Calculated checksum: f730db55
# [2024-06-12 14:31:31] INFO: Writing RNGSTATE file: ./rand_s060t20_b0653400_a_U000857500
# [2024-06-12 14:31:31] INFO: Writing to disk took 10.3771 seconds
# [2024-06-12 14:31:31] INFO: ======================================================================
# [2024-06-12 14:31:31] INFO: Start sweeping...
# [2024-06-12 14:38:11] INFO: It took 399.61 seconds to do 500 HBOR sweeps.
# [2024-06-12 14:38:11] INFO: Plaquette = 0.640957
# [2024-06-12 14:38:11] INFO: Polyakov loop = (-0.000195204,-0.000828463)
# [2024-06-12 14:38:11] INFO: Writing conf to disk...
# [2024-06-12 14:38:11] INFO: writeconf_nersc: Writing NERSC configuration ./conf_s060t20_b0653400_a_U000858000
# [2024-06-12 14:38:14] INFO: Calculated checksum: d039f70e
# [2024-06-12 14:38:22] INFO: Calculated checksum: ad7dcee0
# [2024-06-12 14:38:22] INFO: Writing RNGSTATE file: ./rand_s060t20_b0653400_a_U000858000
# [2024-06-12 14:38:22] INFO: Writing to disk took 11.2469 seconds
# [2024-06-12 14:38:22] INFO: ======================================================================
# [2024-06-12 14:38:22] INFO: Start sweeping...
# [2024-06-12 14:45:02] INFO: It took 399.887 seconds to do 500 HBOR sweeps.
# [2024-06-12 14:45:02] INFO: Plaquette = 0.640863
# [2024-06-12 14:45:02] INFO: Polyakov loop = (0.000922117,-0.000167168)
# [2024-06-12 14:45:02] INFO: Writing conf to disk...
# [2024-06-12 14:45:02] INFO: writeconf_nersc: Writing NERSC configuration ./conf_s060t20_b0653400_a_U000858500
# [2024-06-12 14:45:05] INFO: Calculated checksum: 370b0887
# [2024-06-12 14:45:13] INFO: Calculated checksum: cf0a6f15
# [2024-06-12 14:45:13] INFO: Writing RNGSTATE file: ./rand_s060t20_b0653400_a_U000858500
# [2024-06-12 14:45:13] INFO: Writing to disk took 10.7352 seconds
# [2024-06-12 14:45:13] INFO: ======================================================================
# [2024-06-12 14:45:13] INFO: Start sweeping...
# [2024-06-12 14:51:53] INFO: It took 399.651 seconds to do 500 HBOR sweeps.
# [2024-06-12 14:51:53] INFO: Plaquette = 0.640909
# [2024-06-12 14:51:53] INFO: Polyakov loop = (0.000827717,0.000717872)
# [2024-06-12 14:51:53] INFO: Writing conf to disk...
# [2024-06-12 14:51:53] INFO: writeconf_nersc: Writing NERSC configuration ./conf_s060t20_b0653400_a_U000859000
# [2024-06-12 14:51:55] INFO: Calculated checksum: 9672c3bf
# [2024-06-12 14:52:02] INFO: Calculated checksum: 9b209d20
# [2024-06-12 14:52:02] INFO: Writing RNGSTATE file: ./rand_s060t20_b0653400_a_U000859000
# [2024-06-12 14:52:03] INFO: Writing to disk took 10.0392 seconds
# [2024-06-12 14:52:03] INFO: ======================================================================
# [2024-06-12 14:52:03] INFO: Start sweeping...
# [2024-06-12 14:58:42] INFO: It took 399.591 seconds to do 500 HBOR sweeps.
# [2024-06-12 14:58:42] INFO: Plaquette = 0.640917
# [2024-06-12 14:58:42] INFO: Polyakov loop = (0.000290552,-0.000581844)
# [2024-06-12 14:58:42] INFO: Writing conf to disk...
# [2024-06-12 14:58:42] INFO: writeconf_nersc: Writing NERSC configuration ./conf_s060t20_b0653400_a_U000859500
# [2024-06-12 14:58:45] INFO: Calculated checksum: b7dd6def
# [2024-06-12 14:59:00] INFO: Calculated checksum: aef8230
# [2024-06-12 14:59:00] INFO: Writing RNGSTATE file: ./rand_s060t20_b0653400_a_U000859500
# [2024-06-12 14:59:00] INFO: Writing to disk took 17.5014 seconds
# [2024-06-12 14:59:00] INFO: ======================================================================
# [2024-06-12 14:59:00] INFO: Start sweeping...
# [2024-06-12 15:05:40] INFO: It took 399.892 seconds to do 500 HBOR sweeps.
# [2024-06-12 15:05:40] INFO: Plaquette = 0.64091
# [2024-06-12 15:05:40] INFO: Polyakov loop = (-0.000169767,0.000255158)
# [2024-06-12 15:05:40] INFO: Writing conf to disk...
# [2024-06-12 15:05:40] INFO: writeconf_nersc: Writing NERSC configuration ./conf_s060t20_b0653400_a_U000860000
# [2024-06-12 15:05:43] INFO: Calculated checksum: b53314f
# [2024-06-12 15:05:49] INFO: Calculated checksum: c328c93a
# [2024-06-12 15:05:49] INFO: Writing RNGSTATE file: ./rand_s060t20_b0653400_a_U000860000
# [2024-06-12 15:05:49] INFO: Writing to disk took 9.18153 seconds
# [2024-06-12 15:05:49] INFO: ======================================================================
# [2024-06-12 15:05:49] INFO: Start sweeping...
# [2024-06-12 15:12:29] INFO: It took 399.731 seconds to do 500 HBOR sweeps.
# [2024-06-12 15:12:29] INFO: Plaquette = 0.640904
# [2024-06-12 15:12:29] INFO: Polyakov loop = (-5.13509e-05,-5.06325e-05)
# [2024-06-12 15:12:29] INFO: Writing conf to disk...
# [2024-06-12 15:12:29] INFO: writeconf_nersc: Writing NERSC configuration ./conf_s060t20_b0653400_a_U000860500
# [2024-06-12 15:12:32] INFO: Calculated checksum: 3d37e200
# [2024-06-12 15:12:37] INFO: Calculated checksum: a28cff47
# [2024-06-12 15:12:37] INFO: Writing RNGSTATE file: ./rand_s060t20_b0653400_a_U000860500
# [2024-06-12 15:12:38] INFO: Writing to disk took 9.02251 seconds
# [2024-06-12 15:12:38] INFO: ======================================================================
# [2024-06-12 15:12:38] INFO: Start sweeping...
# [2024-06-12 15:19:14] INFO: It took 396.34 seconds to do 500 HBOR sweeps.
# [2024-06-12 15:19:14] INFO: Plaquette = 0.640912
# [2024-06-12 15:19:14] INFO: Polyakov loop = (-9.08547e-05,-0.000293789)
# [2024-06-12 15:19:14] INFO: Writing conf to disk...
# [2024-06-12 15:19:14] INFO: writeconf_nersc: Writing NERSC configuration ./conf_s060t20_b0653400_a_U000861000
# [2024-06-12 15:19:17] INFO: Calculated checksum: 744801ab
# [2024-06-12 15:19:23] INFO: Calculated checksum: 2ac9a217
# [2024-06-12 15:19:23] INFO: Writing RNGSTATE file: ./rand_s060t20_b0653400_a_U000861000
# [2024-06-12 15:19:23] INFO: Writing to disk took 9.32837 seconds
# [2024-06-12 15:19:23] INFO: ======================================================================
# [2024-06-12 15:19:23] INFO: Start sweeping...
# [2024-06-12 15:26:03] INFO: It took 399.741 seconds to do 500 HBOR sweeps.
# [2024-06-12 15:26:03] INFO: Plaquette = 0.640963
# [2024-06-12 15:26:03] INFO: Polyakov loop = (-0.000373893,-0.000720472)
# [2024-06-12 15:26:03] INFO: Writing conf to disk...
# [2024-06-12 15:26:03] INFO: writeconf_nersc: Writing NERSC configuration ./conf_s060t20_b0653400_a_U000861500
# [2024-06-12 15:26:06] INFO: Calculated checksum: c45500f7
# [2024-06-12 15:26:11] INFO: Calculated checksum: af3f5ba
# [2024-06-12 15:26:11] INFO: Writing RNGSTATE file: ./rand_s060t20_b0653400_a_U000861500
# [2024-06-12 15:26:11] INFO: Writing to disk took 8.00751 seconds
# [2024-06-12 15:26:11] INFO: ======================================================================
# [2024-06-12 15:26:11] INFO: Start sweeping...
# [2024-06-12 15:32:51] INFO: It took 399.997 seconds to do 500 HBOR sweeps.
# [2024-06-12 15:32:51] INFO: Plaquette = 0.640939
# [2024-06-12 15:32:51] INFO: Polyakov loop = (-0.000182847,0.000727368)
# [2024-06-12 15:32:51] INFO: Writing conf to disk...
# [2024-06-12 15:32:51] INFO: writeconf_nersc: Writing NERSC configuration ./conf_s060t20_b0653400_a_U000862000
# [2024-06-12 15:32:55] INFO: Calculated checksum: d8ab04e4
# [2024-06-12 15:33:02] INFO: Calculated checksum: b8942756
# [2024-06-12 15:33:02] INFO: Writing RNGSTATE file: ./rand_s060t20_b0653400_a_U000862000
# [2024-06-12 15:33:02] INFO: Writing to disk took 10.4759 seconds
# [2024-06-12 15:33:02] INFO: ======================================================================
# [2024-06-12 15:33:02] INFO: Start sweeping...
# [2024-06-12 15:39:42] INFO: It took 400.13 seconds to do 500 HBOR sweeps.
# [2024-06-12 15:39:42] INFO: Plaquette = 0.64096
# [2024-06-12 15:39:42] INFO: Polyakov loop = (8.72702e-05,-0.000301044)
# [2024-06-12 15:39:42] INFO: Writing conf to disk...
# [2024-06-12 15:39:42] INFO: writeconf_nersc: Writing NERSC configuration ./conf_s060t20_b0653400_a_U000862500
# [2024-06-12 15:39:45] INFO: Calculated checksum: 4ac3b326
# [2024-06-12 15:39:50] INFO: Calculated checksum: 7ce00439
# [2024-06-12 15:39:50] INFO: Writing RNGSTATE file: ./rand_s060t20_b0653400_a_U000862500
# [2024-06-12 15:39:50] INFO: Writing to disk took 7.75195 seconds
# [2024-06-12 15:39:50] INFO: ======================================================================
# [2024-06-12 15:39:50] INFO: Start sweeping...
# [2024-06-12 15:46:30] INFO: It took 399.75 seconds to do 500 HBOR sweeps.
# [2024-06-12 15:46:30] INFO: Plaquette = 0.640899
# [2024-06-12 15:46:30] INFO: Polyakov loop = (-0.000249526,0.000384361)
# [2024-06-12 15:46:30] INFO: Writing conf to disk...
# [2024-06-12 15:46:30] INFO: writeconf_nersc: Writing NERSC configuration ./conf_s060t20_b0653400_a_U000863000
# [2024-06-12 15:46:33] INFO: Calculated checksum: 96a3afbe
# [2024-06-12 15:46:37] INFO: Calculated checksum: d73d2122
# [2024-06-12 15:46:37] INFO: Writing RNGSTATE file: ./rand_s060t20_b0653400_a_U000863000
# [2024-06-12 15:46:37] INFO: Writing to disk took 7.57685 seconds
# [2024-06-12 15:46:37] INFO: ======================================================================
# [2024-06-12 15:46:37] INFO: Start sweeping...
# [2024-06-12 15:53:17] INFO: It took 399.804 seconds to do 500 HBOR sweeps.
# [2024-06-12 15:53:17] INFO: Plaquette = 0.640916
# [2024-06-12 15:53:17] INFO: Polyakov loop = (0.000863488,-0.000492318)
# [2024-06-12 15:53:17] INFO: Writing conf to disk...
# [2024-06-12 15:53:17] INFO: writeconf_nersc: Writing NERSC configuration ./conf_s060t20_b0653400_a_U000863500
# [2024-06-12 15:53:20] INFO: Calculated checksum: e0e43bd3
# [2024-06-12 15:53:25] INFO: Calculated checksum: eb38202a
# [2024-06-12 15:53:25] INFO: Writing RNGSTATE file: ./rand_s060t20_b0653400_a_U000863500
# [2024-06-12 15:53:26] INFO: Writing to disk took 8.27823 seconds
# [2024-06-12 15:53:26] INFO: ======================================================================
# [2024-06-12 15:53:26] INFO: Start sweeping...
# [2024-06-12 16:00:05] INFO: It took 399.797 seconds to do 500 HBOR sweeps.
# [2024-06-12 16:00:05] INFO: Plaquette = 0.640873
# [2024-06-12 16:00:05] INFO: Polyakov loop = (0.000406563,7.28012e-05)
# [2024-06-12 16:00:05] INFO: Writing conf to disk...
# [2024-06-12 16:00:05] INFO: writeconf_nersc: Writing NERSC configuration ./conf_s060t20_b0653400_a_U000864000
# [2024-06-12 16:00:08] INFO: Calculated checksum: cedd937a
# [2024-06-12 16:00:14] INFO: Calculated checksum: 2bdc3b47
# [2024-06-12 16:00:14] INFO: Writing RNGSTATE file: ./rand_s060t20_b0653400_a_U000864000
# [2024-06-12 16:00:14] INFO: Writing to disk took 8.45123 seconds
# [2024-06-12 16:00:14] INFO: ======================================================================
# [2024-06-12 16:00:14] INFO: Start sweeping...
# [2024-06-12 16:06:54] INFO: It took 399.929 seconds to do 500 HBOR sweeps.
# [2024-06-12 16:06:54] INFO: Plaquette = 0.640907
# [2024-06-12 16:06:54] INFO: Polyakov loop = (0.00036805,0.000361935)
# [2024-06-12 16:06:54] INFO: Writing conf to disk...
# [2024-06-12 16:06:54] INFO: writeconf_nersc: Writing NERSC configuration ./conf_s060t20_b0653400_a_U000864500
# [2024-06-12 16:06:57] INFO: Calculated checksum: d8010e67
# [2024-06-12 16:07:02] INFO: Calculated checksum: 467d5eec
# [2024-06-12 16:07:02] INFO: Writing RNGSTATE file: ./rand_s060t20_b0653400_a_U000864500
# [2024-06-12 16:07:02] INFO: Writing to disk took 8.1084 seconds
# [2024-06-12 16:07:02] INFO: ======================================================================
# [2024-06-12 16:07:02] INFO: Start sweeping...
# [2024-06-12 16:13:42] INFO: It took 399.783 seconds to do 500 HBOR sweeps.
# [2024-06-12 16:13:42] INFO: Plaquette = 0.640798
# [2024-06-12 16:13:42] INFO: Polyakov loop = (7.87267e-05,0.000540113)
# [2024-06-12 16:13:42] INFO: Writing conf to disk...
# [2024-06-12 16:13:42] INFO: writeconf_nersc: Writing NERSC configuration ./conf_s060t20_b0653400_a_U000865000
# [2024-06-12 16:13:45] INFO: Calculated checksum: 879f0bfd
# [2024-06-12 16:14:01] INFO: Calculated checksum: fa47bb96
# [2024-06-12 16:14:01] INFO: Writing RNGSTATE file: ./rand_s060t20_b0653400_a_U000865000
# [2024-06-12 16:14:01] INFO: Writing to disk took 19.5579 seconds
# [2024-06-12 16:14:01] INFO: ======================================================================
# [2024-06-12 16:14:01] INFO: Start sweeping...
# [2024-06-12 16:20:41] INFO: It took 399.457 seconds to do 500 HBOR sweeps.
# [2024-06-12 16:20:41] INFO: Plaquette = 0.640838
# [2024-06-12 16:20:41] INFO: Polyakov loop = (-0.000496807,-4.74073e-05)
# [2024-06-12 16:20:41] INFO: Writing conf to disk...
# [2024-06-12 16:20:41] INFO: writeconf_nersc: Writing NERSC configuration ./conf_s060t20_b0653400_a_U000865500
# [2024-06-12 16:20:44] INFO: Calculated checksum: 2e4b4416
# [2024-06-12 16:20:50] INFO: Calculated checksum: 82a0b59a
# [2024-06-12 16:20:51] INFO: Writing RNGSTATE file: ./rand_s060t20_b0653400_a_U000865500
# [2024-06-12 16:20:51] INFO: Writing to disk took 10.2285 seconds
# [2024-06-12 16:20:51] INFO: ======================================================================
# [2024-06-12 16:20:51] INFO: Start sweeping...
# [2024-06-12 16:27:31] INFO: It took 399.759 seconds to do 500 HBOR sweeps.
# [2024-06-12 16:27:31] INFO: Plaquette = 0.64086
# [2024-06-12 16:27:31] INFO: Polyakov loop = (-0.000429541,0.000126336)
# [2024-06-12 16:27:31] INFO: Writing conf to disk...
# [2024-06-12 16:27:31] INFO: writeconf_nersc: Writing NERSC configuration ./conf_s060t20_b0653400_a_U000866000
# [2024-06-12 16:27:34] INFO: Calculated checksum: d7a60afd
# [2024-06-12 16:27:43] INFO: Calculated checksum: 1c6c2319
# [2024-06-12 16:27:43] INFO: Writing RNGSTATE file: ./rand_s060t20_b0653400_a_U000866000
# [2024-06-12 16:27:43] INFO: Writing to disk took 12.0334 seconds
# [2024-06-12 16:27:43] INFO: ======================================================================
# [2024-06-12 16:27:43] INFO: Start sweeping...
# [2024-06-12 16:34:19] INFO: It took 396.329 seconds to do 500 HBOR sweeps.
# [2024-06-12 16:34:19] INFO: Plaquette = 0.640916
# [2024-06-12 16:34:19] INFO: Polyakov loop = (-5.90055e-05,-0.000108226)
# [2024-06-12 16:34:19] INFO: Writing conf to disk...
# [2024-06-12 16:34:19] INFO: writeconf_nersc: Writing NERSC configuration ./conf_s060t20_b0653400_a_U000866500
# [2024-06-12 16:34:22] INFO: Calculated checksum: 631d2aeb
# [2024-06-12 16:34:27] INFO: Calculated checksum: a543dde1
# [2024-06-12 16:34:27] INFO: Writing RNGSTATE file: ./rand_s060t20_b0653400_a_U000866500
# [2024-06-12 16:34:27] INFO: Writing to disk took 7.61573 seconds
# [2024-06-12 16:34:27] INFO: ======================================================================
# [2024-06-12 16:34:27] INFO: Start sweeping...
# [2024-06-12 16:41:03] INFO: It took 396.34 seconds to do 500 HBOR sweeps.
# [2024-06-12 16:41:04] INFO: Plaquette = 0.64089
# [2024-06-12 16:41:04] INFO: Polyakov loop = (-0.000226671,-0.000913919)
# [2024-06-12 16:41:04] INFO: Writing conf to disk...
# [2024-06-12 16:41:04] INFO: writeconf_nersc: Writing NERSC configuration ./conf_s060t20_b0653400_a_U000867000
# [2024-06-12 16:41:07] INFO: Calculated checksum: a4cecff7
# [2024-06-12 16:41:17] INFO: Calculated checksum: 389663fe
# [2024-06-12 16:41:17] INFO: Writing RNGSTATE file: ./rand_s060t20_b0653400_a_U000867000
# [2024-06-12 16:41:17] INFO: Writing to disk took 13.4636 seconds
# [2024-06-12 16:41:17] INFO: ======================================================================
# [2024-06-12 16:41:17] INFO: Start sweeping...
# [2024-06-12 16:47:57] INFO: It took 399.655 seconds to do 500 HBOR sweeps.
# [2024-06-12 16:47:57] INFO: Plaquette = 0.640848
# [2024-06-12 16:47:57] INFO: Polyakov loop = (3.24657e-05,-0.000353784)
# [2024-06-12 16:47:57] INFO: Writing conf to disk...
# [2024-06-12 16:47:57] INFO: writeconf_nersc: Writing NERSC configuration ./conf_s060t20_b0653400_a_U000867500
# [2024-06-12 16:48:00] INFO: Calculated checksum: e69b077e
# [2024-06-12 16:48:06] INFO: Calculated checksum: d0f42c6c
# [2024-06-12 16:48:06] INFO: Writing RNGSTATE file: ./rand_s060t20_b0653400_a_U000867500
# [2024-06-12 16:48:07] INFO: Writing to disk took 10.3046 seconds
# [2024-06-12 16:48:07] INFO: ======================================================================
# [2024-06-12 16:48:07] INFO: Start sweeping...
# [2024-06-12 16:54:47] INFO: It took 399.677 seconds to do 500 HBOR sweeps.
# [2024-06-12 16:54:47] INFO: Plaquette = 0.640855
# [2024-06-12 16:54:47] INFO: Polyakov loop = (-0.000401338,-0.00020179)
# [2024-06-12 16:54:47] INFO: Writing conf to disk...
# [2024-06-12 16:54:47] INFO: writeconf_nersc: Writing NERSC configuration ./conf_s060t20_b0653400_a_U000868000
# [2024-06-12 16:54:50] INFO: Calculated checksum: ddf90079
# [2024-06-12 16:55:00] INFO: Calculated checksum: 94fca8e0
# [2024-06-12 16:55:00] INFO: Writing RNGSTATE file: ./rand_s060t20_b0653400_a_U000868000
# [2024-06-12 16:55:00] INFO: Writing to disk took 13.0176 seconds
# [2024-06-12 16:55:00] INFO: ======================================================================
# [2024-06-12 16:55:00] INFO: Start sweeping...
# [2024-06-12 17:01:40] INFO: It took 399.952 seconds to do 500 HBOR sweeps.
# [2024-06-12 17:01:40] INFO: Plaquette = 0.64082
# [2024-06-12 17:01:40] INFO: Polyakov loop = (0.000570075,0.000910205)
# [2024-06-12 17:01:40] INFO: Writing conf to disk...
# [2024-06-12 17:01:40] INFO: writeconf_nersc: Writing NERSC configuration ./conf_s060t20_b0653400_a_U000868500
# [2024-06-12 17:01:43] INFO: Calculated checksum: aefa1436
# [2024-06-12 17:01:48] INFO: Calculated checksum: af11482e
# [2024-06-12 17:01:48] INFO: Writing RNGSTATE file: ./rand_s060t20_b0653400_a_U000868500
# [2024-06-12 17:01:48] INFO: Writing to disk took 8.52047 seconds
# [2024-06-12 17:01:48] INFO: ======================================================================
# [2024-06-12 17:01:48] INFO: Start sweeping...
# [2024-06-12 17:08:28] INFO: It took 399.609 seconds to do 500 HBOR sweeps.
# [2024-06-12 17:08:28] INFO: Plaquette = 0.640898
# [2024-06-12 17:08:28] INFO: Polyakov loop = (-1.87303e-05,1.90239e-05)
# [2024-06-12 17:08:28] INFO: Writing conf to disk...
# [2024-06-12 17:08:28] INFO: writeconf_nersc: Writing NERSC configuration ./conf_s060t20_b0653400_a_U000869000
# [2024-06-12 17:08:31] INFO: Calculated checksum: 530bdeb1
# [2024-06-12 17:08:36] INFO: Calculated checksum: f146d445
# [2024-06-12 17:08:36] INFO: Writing RNGSTATE file: ./rand_s060t20_b0653400_a_U000869000
# [2024-06-12 17:08:36] INFO: Writing to disk took 7.79043 seconds
# [2024-06-12 17:08:36] INFO: ======================================================================
# [2024-06-12 17:08:36] INFO: Start sweeping...
# [2024-06-12 17:15:15] INFO: It took 399.543 seconds to do 500 HBOR sweeps.
# [2024-06-12 17:15:15] INFO: Plaquette = 0.640926
# [2024-06-12 17:15:15] INFO: Polyakov loop = (0.000815998,-0.000112005)
# [2024-06-12 17:15:15] INFO: Writing conf to disk...
# [2024-06-12 17:15:15] INFO: writeconf_nersc: Writing NERSC configuration ./conf_s060t20_b0653400_a_U000869500
# [2024-06-12 17:15:18] INFO: Calculated checksum: ee464319
# [2024-06-12 17:15:26] INFO: Calculated checksum: fe0c7384
# [2024-06-12 17:15:26] INFO: Writing RNGSTATE file: ./rand_s060t20_b0653400_a_U000869500
# [2024-06-12 17:15:28] INFO: Writing to disk took 12.2662 seconds
# [2024-06-12 17:15:28] INFO: ======================================================================
# [2024-06-12 17:15:28] INFO: Start sweeping...
# [2024-06-12 17:22:08] INFO: It took 400.235 seconds to do 500 HBOR sweeps.
# [2024-06-12 17:22:08] INFO: Plaquette = 0.640955
# [2024-06-12 17:22:08] INFO: Polyakov loop = (0.000736068,-0.000478202)
# [2024-06-12 17:22:08] INFO: Writing conf to disk...
# [2024-06-12 17:22:08] INFO: writeconf_nersc: Writing NERSC configuration ./conf_s060t20_b0653400_a_U000870000
# [2024-06-12 17:22:11] INFO: Calculated checksum: cabc99c6
# [2024-06-12 17:22:16] INFO: Calculated checksum: 3de4f0da
# [2024-06-12 17:22:16] INFO: Writing RNGSTATE file: ./rand_s060t20_b0653400_a_U000870000
# [2024-06-12 17:22:16] INFO: Writing to disk took 8.35837 seconds
# [2024-06-12 17:22:16] INFO: ======================================================================
# [2024-06-12 17:22:16] INFO: Start sweeping...
# [2024-06-12 17:28:58] INFO: It took 401.69 seconds to do 500 HBOR sweeps.
# [2024-06-12 17:28:58] INFO: Plaquette = 0.6409
# [2024-06-12 17:28:58] INFO: Polyakov loop = (-0.000631113,0.000410535)
# [2024-06-12 17:28:58] INFO: Writing conf to disk...
# [2024-06-12 17:28:58] INFO: writeconf_nersc: Writing NERSC configuration ./conf_s060t20_b0653400_a_U000870500
# [2024-06-12 17:29:01] INFO: Calculated checksum: d0bb58b4
# [2024-06-12 17:29:07] INFO: Calculated checksum: 3cbde6f7
# [2024-06-12 17:29:07] INFO: Writing RNGSTATE file: ./rand_s060t20_b0653400_a_U000870500
# [2024-06-12 17:29:07] INFO: Writing to disk took 9.36981 seconds
# [2024-06-12 17:29:07] INFO: ======================================================================
# [2024-06-12 17:29:07] INFO: Start sweeping...
# [2024-06-12 17:35:48] INFO: It took 401.09 seconds to do 500 HBOR sweeps.
# [2024-06-12 17:35:49] INFO: Plaquette = 0.640833
# [2024-06-12 17:35:49] INFO: Polyakov loop = (-0.000461645,0.00140822)
# [2024-06-12 17:35:49] INFO: Writing conf to disk...
# [2024-06-12 17:35:49] INFO: writeconf_nersc: Writing NERSC configuration ./conf_s060t20_b0653400_a_U000871000
# [2024-06-12 17:35:51] INFO: Calculated checksum: 108a0823
# [2024-06-12 17:36:10] INFO: Calculated checksum: 6f797cfb
# [2024-06-12 17:36:10] INFO: Writing RNGSTATE file: ./rand_s060t20_b0653400_a_U000871000
# [2024-06-12 17:36:11] INFO: Writing to disk took 22.1225 seconds
# [2024-06-12 17:36:11] INFO: ======================================================================
# [2024-06-12 17:36:11] INFO: Start sweeping...
# [2024-06-12 17:42:52] INFO: It took 401.656 seconds to do 500 HBOR sweeps.
# [2024-06-12 17:42:52] INFO: Plaquette = 0.64087
# [2024-06-12 17:42:52] INFO: Polyakov loop = (-0.000323676,0.000390725)
# [2024-06-12 17:42:52] INFO: Writing conf to disk...
# [2024-06-12 17:42:52] INFO: writeconf_nersc: Writing NERSC configuration ./conf_s060t20_b0653400_a_U000871500
# [2024-06-12 17:42:55] INFO: Calculated checksum: 2a5c3fdd
# [2024-06-12 17:43:13] INFO: Calculated checksum: ac78dac1
# [2024-06-12 17:43:13] INFO: Writing RNGSTATE file: ./rand_s060t20_b0653400_a_U000871500
# [2024-06-12 17:43:13] INFO: Writing to disk took 21.1253 seconds
# [2024-06-12 17:43:13] INFO: ======================================================================
# [2024-06-12 17:43:13] INFO: Start sweeping...
# [2024-06-12 17:49:54] INFO: It took 400.832 seconds to do 500 HBOR sweeps.
# [2024-06-12 17:49:54] INFO: Plaquette = 0.64087
# [2024-06-12 17:49:54] INFO: Polyakov loop = (0.000387824,0.000173392)
# [2024-06-12 17:49:54] INFO: Writing conf to disk...
# [2024-06-12 17:49:54] INFO: writeconf_nersc: Writing NERSC configuration ./conf_s060t20_b0653400_a_U000872000
# [2024-06-12 17:49:57] INFO: Calculated checksum: 215b0259
# [2024-06-12 17:50:06] INFO: Calculated checksum: 1025a9a4
# [2024-06-12 17:50:06] INFO: Writing RNGSTATE file: ./rand_s060t20_b0653400_a_U000872000
# [2024-06-12 17:50:06] INFO: Writing to disk took 11.6638 seconds
# [2024-06-12 17:50:06] INFO: ======================================================================
# [2024-06-12 17:50:06] INFO: Start sweeping...
# [2024-06-12 17:56:48] INFO: It took 401.672 seconds to do 500 HBOR sweeps.
# [2024-06-12 17:56:48] INFO: Plaquette = 0.640922
# [2024-06-12 17:56:48] INFO: Polyakov loop = (0.000153768,-0.000250821)
# [2024-06-12 17:56:48] INFO: Writing conf to disk...
# [2024-06-12 17:56:48] INFO: writeconf_nersc: Writing NERSC configuration ./conf_s060t20_b0653400_a_U000872500
# [2024-06-12 17:56:51] INFO: Calculated checksum: cc5fb44b
# [2024-06-12 17:56:55] INFO: Calculated checksum: 3ce05ea8
# [2024-06-12 17:56:55] INFO: Writing RNGSTATE file: ./rand_s060t20_b0653400_a_U000872500
# [2024-06-12 17:56:55] INFO: Writing to disk took 7.56481 seconds
# [2024-06-12 17:56:55] INFO: ======================================================================
# [2024-06-12 17:56:55] INFO: Start sweeping...
# [2024-06-12 18:03:37] INFO: It took 401.819 seconds to do 500 HBOR sweeps.
# [2024-06-12 18:03:37] INFO: Plaquette = 0.640793
# [2024-06-12 18:03:37] INFO: Polyakov loop = (-0.000273737,0.000542404)
# [2024-06-12 18:03:37] INFO: Writing conf to disk...
# [2024-06-12 18:03:37] INFO: writeconf_nersc: Writing NERSC configuration ./conf_s060t20_b0653400_a_U000873000
# [2024-06-12 18:03:40] INFO: Calculated checksum: aeecf92
# [2024-06-12 18:03:45] INFO: Calculated checksum: 58a2bf9b
# [2024-06-12 18:03:45] INFO: Writing RNGSTATE file: ./rand_s060t20_b0653400_a_U000873000
# [2024-06-12 18:03:45] INFO: Writing to disk took 8.079 seconds
# [2024-06-12 18:03:45] INFO: ======================================================================
# [2024-06-12 18:03:45] INFO: Start sweeping...
# [2024-06-12 18:10:26] INFO: It took 400.987 seconds to do 500 HBOR sweeps.
# [2024-06-12 18:10:26] INFO: Plaquette = 0.64092
# [2024-06-12 18:10:26] INFO: Polyakov loop = (0.000663731,-0.000131872)
# [2024-06-12 18:10:26] INFO: Writing conf to disk...
# [2024-06-12 18:10:26] INFO: writeconf_nersc: Writing NERSC configuration ./conf_s060t20_b0653400_a_U000873500
# [2024-06-12 18:10:29] INFO: Calculated checksum: 13a259c4
# [2024-06-12 18:10:34] INFO: Calculated checksum: 42c33e2c
# [2024-06-12 18:10:34] INFO: Writing RNGSTATE file: ./rand_s060t20_b0653400_a_U000873500
# [2024-06-12 18:10:34] INFO: Writing to disk took 7.5236 seconds
# [2024-06-12 18:10:34] INFO: ======================================================================
# [2024-06-12 18:10:34] INFO: Start sweeping...
# [2024-06-12 18:17:15] INFO: It took 401.412 seconds to do 500 HBOR sweeps.
# [2024-06-12 18:17:15] INFO: Plaquette = 0.640846
# [2024-06-12 18:17:15] INFO: Polyakov loop = (-0.00083372,0.000496912)
# [2024-06-12 18:17:15] INFO: Writing conf to disk...
# [2024-06-12 18:17:15] INFO: writeconf_nersc: Writing NERSC configuration ./conf_s060t20_b0653400_a_U000874000
# [2024-06-12 18:17:18] INFO: Calculated checksum: c4ad56d4
# [2024-06-12 18:17:25] INFO: Calculated checksum: 6050e0c1
# [2024-06-12 18:17:25] INFO: Writing RNGSTATE file: ./rand_s060t20_b0653400_a_U000874000
# [2024-06-12 18:17:25] INFO: Writing to disk took 9.40532 seconds
# [2024-06-12 18:17:25] INFO: ======================================================================
# [2024-06-12 18:17:25] INFO: Start sweeping...
# [2024-06-12 18:24:06] INFO: It took 401.343 seconds to do 500 HBOR sweeps.
# [2024-06-12 18:24:06] INFO: Plaquette = 0.640888
# [2024-06-12 18:24:06] INFO: Polyakov loop = (-0.000410262,0.000163418)
# [2024-06-12 18:24:06] INFO: Writing conf to disk...
# [2024-06-12 18:24:06] INFO: writeconf_nersc: Writing NERSC configuration ./conf_s060t20_b0653400_a_U000874500
# [2024-06-12 18:24:09] INFO: Calculated checksum: 94c8ab22
# [2024-06-12 18:24:14] INFO: Calculated checksum: 528066d2
# [2024-06-12 18:24:14] INFO: Writing RNGSTATE file: ./rand_s060t20_b0653400_a_U000874500
# [2024-06-12 18:24:14] INFO: Writing to disk took 7.60753 seconds
# [2024-06-12 18:24:14] INFO: ======================================================================
# [2024-06-12 18:24:14] INFO: Start sweeping...
# [2024-06-12 18:30:55] INFO: It took 401.386 seconds to do 500 HBOR sweeps.
# [2024-06-12 18:30:55] INFO: Plaquette = 0.640868
# [2024-06-12 18:30:55] INFO: Polyakov loop = (-0.000902385,0.000587164)
# [2024-06-12 18:30:55] INFO: Writing conf to disk...
# [2024-06-12 18:30:55] INFO: writeconf_nersc: Writing NERSC configuration ./conf_s060t20_b0653400_a_U000875000
# [2024-06-12 18:30:58] INFO: Calculated checksum: 9c888bde
# [2024-06-12 18:31:03] INFO: Calculated checksum: 88143352
# [2024-06-12 18:31:03] INFO: Writing RNGSTATE file: ./rand_s060t20_b0653400_a_U000875000
# [2024-06-12 18:31:03] INFO: Writing to disk took 7.67753 seconds
# [2024-06-12 18:31:03] INFO: ======================================================================
# [2024-06-12 18:31:03] INFO: Start sweeping...
# [2024-06-12 18:37:45] INFO: It took 401.914 seconds to do 500 HBOR sweeps.
# [2024-06-12 18:37:45] INFO: Plaquette = 0.640919
# [2024-06-12 18:37:45] INFO: Polyakov loop = (0.000128975,-0.000675279)
# [2024-06-12 18:37:45] INFO: Writing conf to disk...
# [2024-06-12 18:37:45] INFO: writeconf_nersc: Writing NERSC configuration ./conf_s060t20_b0653400_a_U000875500
# [2024-06-12 18:37:48] INFO: Calculated checksum: 766dc30a
# [2024-06-12 18:37:52] INFO: Calculated checksum: d5b12f69
# [2024-06-12 18:37:52] INFO: Writing RNGSTATE file: ./rand_s060t20_b0653400_a_U000875500
# [2024-06-12 18:37:53] INFO: Writing to disk took 7.81244 seconds
# [2024-06-12 18:37:53] INFO: ======================================================================
# [2024-06-12 18:37:53] INFO: Start sweeping...
# [2024-06-12 18:44:34] INFO: It took 401.651 seconds to do 500 HBOR sweeps.
# [2024-06-12 18:44:34] INFO: Plaquette = 0.640916
# [2024-06-12 18:44:34] INFO: Polyakov loop = (1.36386e-05,-0.000463412)
# [2024-06-12 18:44:34] INFO: Writing conf to disk...
# [2024-06-12 18:44:34] INFO: writeconf_nersc: Writing NERSC configuration ./conf_s060t20_b0653400_a_U000876000
# [2024-06-12 18:44:37] INFO: Calculated checksum: c1b969cc
# [2024-06-12 18:44:43] INFO: Calculated checksum: 6d10bfee
# [2024-06-12 18:44:43] INFO: Writing RNGSTATE file: ./rand_s060t20_b0653400_a_U000876000
# [2024-06-12 18:44:43] INFO: Writing to disk took 8.3755 seconds
# [2024-06-12 18:44:43] INFO: ======================================================================
# [2024-06-12 18:44:43] INFO: Start sweeping...
# [2024-06-12 18:51:24] INFO: It took 401.548 seconds to do 500 HBOR sweeps.
# [2024-06-12 18:51:24] INFO: Plaquette = 0.640796
# [2024-06-12 18:51:24] INFO: Polyakov loop = (-0.000176611,-3.59278e-05)
# [2024-06-12 18:51:24] INFO: Writing conf to disk...
# [2024-06-12 18:51:24] INFO: writeconf_nersc: Writing NERSC configuration ./conf_s060t20_b0653400_a_U000876500
# [2024-06-12 18:51:27] INFO: Calculated checksum: 860d2801
# [2024-06-12 18:51:33] INFO: Calculated checksum: 846e2108
# [2024-06-12 18:51:33] INFO: Writing RNGSTATE file: ./rand_s060t20_b0653400_a_U000876500
# [2024-06-12 18:51:33] INFO: Writing to disk took 9.15378 seconds
# [2024-06-12 18:51:33] INFO: ======================================================================
# [2024-06-12 18:51:33] INFO: Start sweeping...
# [2024-06-12 18:58:15] INFO: It took 401.45 seconds to do 500 HBOR sweeps.
# [2024-06-12 18:58:15] INFO: Plaquette = 0.640901
# [2024-06-12 18:58:15] INFO: Polyakov loop = (-0.00104539,-0.000485869)
# [2024-06-12 18:58:15] INFO: Writing conf to disk...
# [2024-06-12 18:58:15] INFO: writeconf_nersc: Writing NERSC configuration ./conf_s060t20_b0653400_a_U000877000
# [2024-06-12 18:58:18] INFO: Calculated checksum: 5fdb6d7
# [2024-06-12 18:58:22] INFO: Calculated checksum: a731c2e1
# [2024-06-12 18:58:22] INFO: Writing RNGSTATE file: ./rand_s060t20_b0653400_a_U000877000
# [2024-06-12 18:58:23] INFO: Writing to disk took 7.63529 seconds
# [2024-06-12 18:58:23] INFO: ======================================================================
# [2024-06-12 18:58:23] INFO: Start sweeping...
# [2024-06-12 19:05:03] INFO: It took 400.432 seconds to do 500 HBOR sweeps.
# [2024-06-12 19:05:03] INFO: Plaquette = 0.640812
# [2024-06-12 19:05:03] INFO: Polyakov loop = (5.52731e-05,0.000713699)
# [2024-06-12 19:05:03] INFO: Writing conf to disk...
# [2024-06-12 19:05:03] INFO: writeconf_nersc: Writing NERSC configuration ./conf_s060t20_b0653400_a_U000877500
# [2024-06-12 19:05:06] INFO: Calculated checksum: 8bc67384
# [2024-06-12 19:05:12] INFO: Calculated checksum: 73e50b93
# [2024-06-12 19:05:12] INFO: Writing RNGSTATE file: ./rand_s060t20_b0653400_a_U000877500
# [2024-06-12 19:05:12] INFO: Writing to disk took 9.10548 seconds
# [2024-06-12 19:05:12] INFO: ======================================================================
# [2024-06-12 19:05:12] INFO: Start sweeping...
# [2024-06-12 19:11:54] INFO: It took 401.667 seconds to do 500 HBOR sweeps.
# [2024-06-12 19:11:54] INFO: Plaquette = 0.640864
# [2024-06-12 19:11:54] INFO: Polyakov loop = (0.000903668,0.000187142)
# [2024-06-12 19:11:54] INFO: Writing conf to disk...
# [2024-06-12 19:11:54] INFO: writeconf_nersc: Writing NERSC configuration ./conf_s060t20_b0653400_a_U000878000
# [2024-06-12 19:11:57] INFO: Calculated checksum: 44e4f80f
# [2024-06-12 19:12:02] INFO: Calculated checksum: 806fa301
# [2024-06-12 19:12:02] INFO: Writing RNGSTATE file: ./rand_s060t20_b0653400_a_U000878000
# [2024-06-12 19:12:02] INFO: Writing to disk took 7.78959 seconds
# [2024-06-12 19:12:02] INFO: ======================================================================
# [2024-06-12 19:12:02] INFO: Start sweeping...
# [2024-06-12 19:18:44] INFO: It took 402.131 seconds to do 500 HBOR sweeps.
# [2024-06-12 19:18:44] INFO: Plaquette = 0.640925
# [2024-06-12 19:18:44] INFO: Polyakov loop = (-0.000446985,-9.76672e-05)
# [2024-06-12 19:18:44] INFO: Writing conf to disk...
# [2024-06-12 19:18:44] INFO: writeconf_nersc: Writing NERSC configuration ./conf_s060t20_b0653400_a_U000878500
# [2024-06-12 19:18:47] INFO: Calculated checksum: 15c5e9d1
# [2024-06-12 19:18:51] INFO: Calculated checksum: b42b3ee3
# [2024-06-12 19:18:51] INFO: Writing RNGSTATE file: ./rand_s060t20_b0653400_a_U000878500
# [2024-06-12 19:18:51] INFO: Writing to disk took 7.59482 seconds
# [2024-06-12 19:18:51] INFO: ======================================================================
# [2024-06-12 19:18:51] INFO: Start sweeping...
# [2024-06-12 19:25:32] INFO: It took 400.622 seconds to do 500 HBOR sweeps.
# [2024-06-12 19:25:32] INFO: Plaquette = 0.640865
# [2024-06-12 19:25:32] INFO: Polyakov loop = (-0.000579444,7.03599e-05)
# [2024-06-12 19:25:32] INFO: Writing conf to disk...
# [2024-06-12 19:25:32] INFO: writeconf_nersc: Writing NERSC configuration ./conf_s060t20_b0653400_a_U000879000
# [2024-06-12 19:25:35] INFO: Calculated checksum: 5935af46
# [2024-06-12 19:25:40] INFO: Calculated checksum: 8c6b488c
# [2024-06-12 19:25:40] INFO: Writing RNGSTATE file: ./rand_s060t20_b0653400_a_U000879000
# [2024-06-12 19:25:40] INFO: Writing to disk took 7.89236 seconds
# [2024-06-12 19:25:40] INFO: ======================================================================
# [2024-06-12 19:25:40] INFO: Start sweeping...
# [2024-06-12 19:32:21] INFO: It took 400.834 seconds to do 500 HBOR sweeps.
# [2024-06-12 19:32:21] INFO: Plaquette = 0.640861
# [2024-06-12 19:32:21] INFO: Polyakov loop = (-0.000445503,0.000705839)
# [2024-06-12 19:32:21] INFO: Writing conf to disk...
# [2024-06-12 19:32:21] INFO: writeconf_nersc: Writing NERSC configuration ./conf_s060t20_b0653400_a_U000879500
# [2024-06-12 19:32:24] INFO: Calculated checksum: bcd7e5d1
# [2024-06-12 19:32:28] INFO: Calculated checksum: 41f75e14
# [2024-06-12 19:32:28] INFO: Writing RNGSTATE file: ./rand_s060t20_b0653400_a_U000879500
# [2024-06-12 19:32:29] INFO: Writing to disk took 7.69244 seconds
# [2024-06-12 19:32:29] INFO: ======================================================================
# [2024-06-12 19:32:29] INFO: Start sweeping...
# [2024-06-12 19:39:10] INFO: It took 401.404 seconds to do 500 HBOR sweeps.
# [2024-06-12 19:39:10] INFO: Plaquette = 0.640883
# [2024-06-12 19:39:10] INFO: Polyakov loop = (0.000344693,0.000220062)
# [2024-06-12 19:39:10] INFO: Writing conf to disk...
# [2024-06-12 19:39:10] INFO: writeconf_nersc: Writing NERSC configuration ./conf_s060t20_b0653400_a_U000880000
# [2024-06-12 19:39:13] INFO: Calculated checksum: 152393db
# [2024-06-12 19:39:18] INFO: Calculated checksum: cce808f2
# [2024-06-12 19:39:18] INFO: Writing RNGSTATE file: ./rand_s060t20_b0653400_a_U000880000
# [2024-06-12 19:39:18] INFO: Writing to disk took 8.11989 seconds
# [2024-06-12 19:39:18] INFO: ======================================================================
# [2024-06-12 19:39:18] INFO: Start sweeping...
# [2024-06-12 19:45:59] INFO: It took 400.745 seconds to do 500 HBOR sweeps.
# [2024-06-12 19:45:59] INFO: Plaquette = 0.640916
# [2024-06-12 19:45:59] INFO: Polyakov loop = (-0.000728923,-0.000374306)
# [2024-06-12 19:45:59] INFO: Writing conf to disk...
# [2024-06-12 19:45:59] INFO: writeconf_nersc: Writing NERSC configuration ./conf_s060t20_b0653400_a_U000880500
# [2024-06-12 19:46:02] INFO: Calculated checksum: c8e9318a
# [2024-06-12 19:46:09] INFO: Calculated checksum: aa4488ce
# [2024-06-12 19:46:09] INFO: Writing RNGSTATE file: ./rand_s060t20_b0653400_a_U000880500
# [2024-06-12 19:46:09] INFO: Writing to disk took 10.0467 seconds
# [2024-06-12 19:46:09] INFO: ======================================================================
# [2024-06-12 19:46:09] INFO: Start sweeping...
# [2024-06-12 19:52:50] INFO: It took 401.114 seconds to do 500 HBOR sweeps.
# [2024-06-12 19:52:50] INFO: Plaquette = 0.640833
# [2024-06-12 19:52:50] INFO: Polyakov loop = (-1.85287e-05,-0.000901177)
# [2024-06-12 19:52:50] INFO: Writing conf to disk...
# [2024-06-12 19:52:50] INFO: writeconf_nersc: Writing NERSC configuration ./conf_s060t20_b0653400_a_U000881000
# [2024-06-12 19:52:53] INFO: Calculated checksum: b2d8768c
# [2024-06-12 19:52:58] INFO: Calculated checksum: 93d187bb
# [2024-06-12 19:52:58] INFO: Writing RNGSTATE file: ./rand_s060t20_b0653400_a_U000881000
# [2024-06-12 19:52:58] INFO: Writing to disk took 7.60499 seconds
# [2024-06-12 19:52:58] INFO: ======================================================================
# [2024-06-12 19:52:58] INFO: Start sweeping...
# [2024-06-12 19:59:39] INFO: It took 401.069 seconds to do 500 HBOR sweeps.
# [2024-06-12 19:59:39] INFO: Plaquette = 0.640974
# [2024-06-12 19:59:39] INFO: Polyakov loop = (0.000404308,0.000823776)
# [2024-06-12 19:59:39] INFO: Writing conf to disk...
# [2024-06-12 19:59:39] INFO: writeconf_nersc: Writing NERSC configuration ./conf_s060t20_b0653400_a_U000881500
# [2024-06-12 19:59:42] INFO: Calculated checksum: 53df292e
# [2024-06-12 19:59:46] INFO: Calculated checksum: c4886c29
# [2024-06-12 19:59:46] INFO: Writing RNGSTATE file: ./rand_s060t20_b0653400_a_U000881500
# [2024-06-12 19:59:46] INFO: Writing to disk took 7.58027 seconds
# [2024-06-12 19:59:46] INFO: ======================================================================
# [2024-06-12 19:59:46] INFO: Start sweeping...
# [2024-06-12 20:06:27] INFO: It took 400.421 seconds to do 500 HBOR sweeps.
# [2024-06-12 20:06:27] INFO: Plaquette = 0.640848
# [2024-06-12 20:06:27] INFO: Polyakov loop = (0.000882717,-0.00063659)
# [2024-06-12 20:06:27] INFO: Writing conf to disk...
# [2024-06-12 20:06:27] INFO: writeconf_nersc: Writing NERSC configuration ./conf_s060t20_b0653400_a_U000882000
# [2024-06-12 20:06:30] INFO: Calculated checksum: 15f9266d
# [2024-06-12 20:06:34] INFO: Calculated checksum: 554aa37e
# [2024-06-12 20:06:34] INFO: Writing RNGSTATE file: ./rand_s060t20_b0653400_a_U000882000
# [2024-06-12 20:06:35] INFO: Writing to disk took 7.66564 seconds
# [2024-06-12 20:06:35] INFO: ======================================================================
# [2024-06-12 20:06:35] INFO: Start sweeping...
# [2024-06-12 20:13:16] INFO: It took 401.628 seconds to do 500 HBOR sweeps.
# [2024-06-12 20:13:16] INFO: Plaquette = 0.640908
# [2024-06-12 20:13:16] INFO: Polyakov loop = (-0.000374581,0.00057281)
# [2024-06-12 20:13:16] INFO: Writing conf to disk...
# [2024-06-12 20:13:16] INFO: writeconf_nersc: Writing NERSC configuration ./conf_s060t20_b0653400_a_U000882500
# [2024-06-12 20:13:19] INFO: Calculated checksum: 447c6466
# [2024-06-12 20:13:24] INFO: Calculated checksum: a74ad99c
# [2024-06-12 20:13:24] INFO: Writing RNGSTATE file: ./rand_s060t20_b0653400_a_U000882500
# [2024-06-12 20:13:24] INFO: Writing to disk took 7.91533 seconds
# [2024-06-12 20:13:24] INFO: ======================================================================
# [2024-06-12 20:13:24] INFO: Start sweeping...
# [2024-06-12 20:20:06] INFO: It took 401.253 seconds to do 500 HBOR sweeps.
# [2024-06-12 20:20:06] INFO: Plaquette = 0.641029
# [2024-06-12 20:20:06] INFO: Polyakov loop = (-0.000232142,-0.000346614)
# [2024-06-12 20:20:06] INFO: Writing conf to disk...
# [2024-06-12 20:20:06] INFO: writeconf_nersc: Writing NERSC configuration ./conf_s060t20_b0653400_a_U000883000
# [2024-06-12 20:20:08] INFO: Calculated checksum: b2df8010
# [2024-06-12 20:20:13] INFO: Calculated checksum: cfc3368f
# [2024-06-12 20:20:13] INFO: Writing RNGSTATE file: ./rand_s060t20_b0653400_a_U000883000
# [2024-06-12 20:20:13] INFO: Writing to disk took 7.52943 seconds
# [2024-06-12 20:20:13] INFO: ======================================================================
# [2024-06-12 20:20:13] INFO: Start sweeping...
# [2024-06-12 20:26:54] INFO: It took 400.976 seconds to do 500 HBOR sweeps.
# [2024-06-12 20:26:54] INFO: Plaquette = 0.640898
# [2024-06-12 20:26:54] INFO: Polyakov loop = (-0.000305096,-0.00050049)
# [2024-06-12 20:26:54] INFO: Writing conf to disk...
# [2024-06-12 20:26:54] INFO: writeconf_nersc: Writing NERSC configuration ./conf_s060t20_b0653400_a_U000883500
# [2024-06-12 20:26:57] INFO: Calculated checksum: 29859c1f
# [2024-06-12 20:27:02] INFO: Calculated checksum: 8bc3596a
# [2024-06-12 20:27:02] INFO: Writing RNGSTATE file: ./rand_s060t20_b0653400_a_U000883500
# [2024-06-12 20:27:02] INFO: Writing to disk took 7.5964 seconds
# [2024-06-12 20:27:02] INFO: ======================================================================
# [2024-06-12 20:27:02] INFO: Start sweeping...
# [2024-06-12 20:33:43] INFO: It took 400.9 seconds to do 500 HBOR sweeps.
# [2024-06-12 20:33:43] INFO: Plaquette = 0.640883
# [2024-06-12 20:33:43] INFO: Polyakov loop = (0.000214079,-0.000415759)
# [2024-06-12 20:33:43] INFO: Writing conf to disk...
# [2024-06-12 20:33:43] INFO: writeconf_nersc: Writing NERSC configuration ./conf_s060t20_b0653400_a_U000884000
# [2024-06-12 20:33:46] INFO: Calculated checksum: e2c25626
# [2024-06-12 20:33:50] INFO: Calculated checksum: 773bfb7d
# [2024-06-12 20:33:50] INFO: Writing RNGSTATE file: ./rand_s060t20_b0653400_a_U000884000
# [2024-06-12 20:33:51] INFO: Writing to disk took 7.90194 seconds
# [2024-06-12 20:33:51] INFO: ======================================================================
# [2024-06-12 20:33:51] INFO: Start sweeping...
# [2024-06-12 20:40:32] INFO: It took 401.171 seconds to do 500 HBOR sweeps.
# [2024-06-12 20:40:32] INFO: Plaquette = 0.640931
# [2024-06-12 20:40:32] INFO: Polyakov loop = (3.20191e-05,0.000141762)
# [2024-06-12 20:40:32] INFO: Writing conf to disk...
# [2024-06-12 20:40:32] INFO: writeconf_nersc: Writing NERSC configuration ./conf_s060t20_b0653400_a_U000884500
# [2024-06-12 20:40:35] INFO: Calculated checksum: d856cd81
# [2024-06-12 20:40:42] INFO: Calculated checksum: 4129d684
# [2024-06-12 20:40:42] INFO: Writing RNGSTATE file: ./rand_s060t20_b0653400_a_U000884500
# [2024-06-12 20:40:43] INFO: Writing to disk took 10.7035 seconds
# [2024-06-12 20:40:43] INFO: ======================================================================
# [2024-06-12 20:40:43] INFO: Start sweeping...
# [2024-06-12 20:47:24] INFO: It took 401.762 seconds to do 500 HBOR sweeps.
# [2024-06-12 20:47:24] INFO: Plaquette = 0.640811
# [2024-06-12 20:47:24] INFO: Polyakov loop = (8.29826e-05,-0.000187139)
# [2024-06-12 20:47:24] INFO: Writing conf to disk...
# [2024-06-12 20:47:24] INFO: writeconf_nersc: Writing NERSC configuration ./conf_s060t20_b0653400_a_U000885000
# [2024-06-12 20:47:27] INFO: Calculated checksum: 7c155af6
# [2024-06-12 20:47:32] INFO: Calculated checksum: a2c9e43b
# [2024-06-12 20:47:32] INFO: Writing RNGSTATE file: ./rand_s060t20_b0653400_a_U000885000
# [2024-06-12 20:47:32] INFO: Writing to disk took 7.892 seconds
# [2024-06-12 20:47:32] INFO: ======================================================================
# [2024-06-12 20:47:32] INFO: Start sweeping...
# [2024-06-12 20:54:14] INFO: It took 401.757 seconds to do 500 HBOR sweeps.
# [2024-06-12 20:54:14] INFO: Plaquette = 0.640887
# [2024-06-12 20:54:14] INFO: Polyakov loop = (0.000858916,-0.000321607)
# [2024-06-12 20:54:14] INFO: Writing conf to disk...
# [2024-06-12 20:54:14] INFO: writeconf_nersc: Writing NERSC configuration ./conf_s060t20_b0653400_a_U000885500
# [2024-06-12 20:54:17] INFO: Calculated checksum: fd478c6d
# [2024-06-12 20:54:24] INFO: Calculated checksum: 6e1bd23e
# [2024-06-12 20:54:24] INFO: Writing RNGSTATE file: ./rand_s060t20_b0653400_a_U000885500
# [2024-06-12 20:54:25] INFO: Writing to disk took 10.5002 seconds
# [2024-06-12 20:54:25] INFO: ======================================================================
# [2024-06-12 20:54:25] INFO: Start sweeping...
# [2024-06-12 21:01:06] INFO: It took 401.223 seconds to do 500 HBOR sweeps.
# [2024-06-12 21:01:06] INFO: Plaquette = 0.640848
# [2024-06-12 21:01:06] INFO: Polyakov loop = (-0.000680607,6.17445e-05)
# [2024-06-12 21:01:06] INFO: Writing conf to disk...
# [2024-06-12 21:01:06] INFO: writeconf_nersc: Writing NERSC configuration ./conf_s060t20_b0653400_a_U000886000
# [2024-06-12 21:01:09] INFO: Calculated checksum: f5e3796f
# [2024-06-12 21:01:13] INFO: Calculated checksum: 285e1e19
# [2024-06-12 21:01:13] INFO: Writing RNGSTATE file: ./rand_s060t20_b0653400_a_U000886000
# [2024-06-12 21:01:14] INFO: Writing to disk took 7.78317 seconds
# [2024-06-12 21:01:14] INFO: ======================================================================
# [2024-06-12 21:01:14] INFO: Start sweeping...
# [2024-06-12 21:07:55] INFO: It took 401.498 seconds to do 500 HBOR sweeps.
# [2024-06-12 21:07:55] INFO: Plaquette = 0.640944
# [2024-06-12 21:07:55] INFO: Polyakov loop = (0.000149076,-0.000254082)
# [2024-06-12 21:07:55] INFO: Writing conf to disk...
# [2024-06-12 21:07:55] INFO: writeconf_nersc: Writing NERSC configuration ./conf_s060t20_b0653400_a_U000886500
# [2024-06-12 21:07:58] INFO: Calculated checksum: baf95f70
# [2024-06-12 21:08:03] INFO: Calculated checksum: eabf7da8
# [2024-06-12 21:08:03] INFO: Writing RNGSTATE file: ./rand_s060t20_b0653400_a_U000886500
# [2024-06-12 21:08:03] INFO: Writing to disk took 8.19449 seconds
# [2024-06-12 21:08:03] INFO: ======================================================================
# [2024-06-12 21:08:03] INFO: Start sweeping...
# [2024-06-12 21:14:45] INFO: It took 401.819 seconds to do 500 HBOR sweeps.
# [2024-06-12 21:14:45] INFO: Plaquette = 0.640877
# [2024-06-12 21:14:45] INFO: Polyakov loop = (0.000426002,0.000190448)
# [2024-06-12 21:14:45] INFO: Writing conf to disk...
# [2024-06-12 21:14:45] INFO: writeconf_nersc: Writing NERSC configuration ./conf_s060t20_b0653400_a_U000887000
# [2024-06-12 21:14:48] INFO: Calculated checksum: 65f087c5
# [2024-06-12 21:14:53] INFO: Calculated checksum: 820c4361
# [2024-06-12 21:14:53] INFO: Writing RNGSTATE file: ./rand_s060t20_b0653400_a_U000887000
# [2024-06-12 21:14:53] INFO: Writing to disk took 7.62465 seconds
# [2024-06-12 21:14:53] INFO: ======================================================================
# [2024-06-12 21:14:53] INFO: Start sweeping...
# [2024-06-12 21:21:34] INFO: It took 401.045 seconds to do 500 HBOR sweeps.
# [2024-06-12 21:21:34] INFO: Plaquette = 0.64077
# [2024-06-12 21:21:34] INFO: Polyakov loop = (0.000586442,-8.7737e-05)
# [2024-06-12 21:21:34] INFO: Writing conf to disk...
# [2024-06-12 21:21:34] INFO: writeconf_nersc: Writing NERSC configuration ./conf_s060t20_b0653400_a_U000887500
# [2024-06-12 21:21:37] INFO: Calculated checksum: a811c70e
# [2024-06-12 21:21:41] INFO: Calculated checksum: 600fdc91
# [2024-06-12 21:21:41] INFO: Writing RNGSTATE file: ./rand_s060t20_b0653400_a_U000887500
# [2024-06-12 21:21:42] INFO: Writing to disk took 7.69514 seconds
# [2024-06-12 21:21:42] INFO: ======================================================================
# [2024-06-12 21:21:42] INFO: Start sweeping...
# [2024-06-12 21:28:22] INFO: It took 400.665 seconds to do 500 HBOR sweeps.
# [2024-06-12 21:28:22] INFO: Plaquette = 0.640854
# [2024-06-12 21:28:22] INFO: Polyakov loop = (-0.000347062,-0.000763169)
# [2024-06-12 21:28:22] INFO: Writing conf to disk...
# [2024-06-12 21:28:22] INFO: writeconf_nersc: Writing NERSC configuration ./conf_s060t20_b0653400_a_U000888000
# [2024-06-12 21:28:25] INFO: Calculated checksum: f204616f
# [2024-06-12 21:28:30] INFO: Calculated checksum: 1c2951cb
# [2024-06-12 21:28:30] INFO: Writing RNGSTATE file: ./rand_s060t20_b0653400_a_U000888000
# [2024-06-12 21:28:30] INFO: Writing to disk took 7.75212 seconds
# [2024-06-12 21:28:30] INFO: ======================================================================
# [2024-06-12 21:28:30] INFO: Start sweeping...
# [2024-06-12 21:35:11] INFO: It took 400.761 seconds to do 500 HBOR sweeps.
# [2024-06-12 21:35:11] INFO: Plaquette = 0.64082
# [2024-06-12 21:35:11] INFO: Polyakov loop = (0.000995083,0.000172307)
# [2024-06-12 21:35:11] INFO: Writing conf to disk...
# [2024-06-12 21:35:11] INFO: writeconf_nersc: Writing NERSC configuration ./conf_s060t20_b0653400_a_U000888500
# [2024-06-12 21:35:14] INFO: Calculated checksum: bcbb5621
# [2024-06-12 21:35:19] INFO: Calculated checksum: bbb0a184
# [2024-06-12 21:35:19] INFO: Writing RNGSTATE file: ./rand_s060t20_b0653400_a_U000888500
# [2024-06-12 21:35:19] INFO: Writing to disk took 8.45291 seconds
# [2024-06-12 21:35:19] INFO: ======================================================================
# [2024-06-12 21:35:19] INFO: Start sweeping...
# [2024-06-12 21:42:00] INFO: It took 401.006 seconds to do 500 HBOR sweeps.
# [2024-06-12 21:42:00] INFO: Plaquette = 0.640922
# [2024-06-12 21:42:00] INFO: Polyakov loop = (1.08273e-05,-7.13874e-05)
# [2024-06-12 21:42:00] INFO: Writing conf to disk...
# [2024-06-12 21:42:00] INFO: writeconf_nersc: Writing NERSC configuration ./conf_s060t20_b0653400_a_U000889000
# [2024-06-12 21:42:03] INFO: Calculated checksum: 9885576a
# [2024-06-12 21:42:08] INFO: Calculated checksum: 4c06d114
# [2024-06-12 21:42:08] INFO: Writing RNGSTATE file: ./rand_s060t20_b0653400_a_U000889000
# [2024-06-12 21:42:08] INFO: Writing to disk took 7.60509 seconds
# [2024-06-12 21:42:08] INFO: ======================================================================
# [2024-06-12 21:42:08] INFO: Start sweeping...
# [2024-06-12 21:48:49] INFO: It took 400.594 seconds to do 500 HBOR sweeps.
# [2024-06-12 21:48:49] INFO: Plaquette = 0.640896
# [2024-06-12 21:48:49] INFO: Polyakov loop = (-0.000866898,9.68185e-05)
# [2024-06-12 21:48:49] INFO: Writing conf to disk...
# [2024-06-12 21:48:49] INFO: writeconf_nersc: Writing NERSC configuration ./conf_s060t20_b0653400_a_U000889500
# [2024-06-12 21:48:52] INFO: Calculated checksum: 9a573045
# [2024-06-12 21:48:56] INFO: Calculated checksum: f6889611
# [2024-06-12 21:48:56] INFO: Writing RNGSTATE file: ./rand_s060t20_b0653400_a_U000889500
# [2024-06-12 21:48:56] INFO: Writing to disk took 7.67419 seconds
# [2024-06-12 21:48:56] INFO: ======================================================================
# [2024-06-12 21:48:56] INFO: Start sweeping...
# [2024-06-12 21:55:37] INFO: It took 400.445 seconds to do 500 HBOR sweeps.
# [2024-06-12 21:55:37] INFO: Plaquette = 0.640825
# [2024-06-12 21:55:37] INFO: Polyakov loop = (0.00106634,0.00218451)
# [2024-06-12 21:55:37] INFO: Writing conf to disk...
# [2024-06-12 21:55:37] INFO: writeconf_nersc: Writing NERSC configuration ./conf_s060t20_b0653400_a_U000890000
# [2024-06-12 21:55:40] INFO: Calculated checksum: 5eb695e5
# [2024-06-12 21:55:44] INFO: Calculated checksum: e00d80a0
# [2024-06-12 21:55:44] INFO: Writing RNGSTATE file: ./rand_s060t20_b0653400_a_U000890000
# [2024-06-12 21:55:44] INFO: Writing to disk took 7.55031 seconds
# [2024-06-12 21:55:44] INFO: ======================================================================
# [2024-06-12 21:55:44] INFO: Start sweeping...
# [2024-06-12 22:02:26] INFO: It took 401.093 seconds to do 500 HBOR sweeps.
# [2024-06-12 22:02:26] INFO: Plaquette = 0.640894
# [2024-06-12 22:02:26] INFO: Polyakov loop = (-0.000407023,-0.00034968)
# [2024-06-12 22:02:26] INFO: Writing conf to disk...
# [2024-06-12 22:02:26] INFO: writeconf_nersc: Writing NERSC configuration ./conf_s060t20_b0653400_a_U000890500
# [2024-06-12 22:02:28] INFO: Calculated checksum: cca397c
# [2024-06-12 22:02:35] INFO: Calculated checksum: ccd8ba8b
# [2024-06-12 22:02:35] INFO: Writing RNGSTATE file: ./rand_s060t20_b0653400_a_U000890500
# [2024-06-12 22:02:35] INFO: Writing to disk took 9.45809 seconds
# [2024-06-12 22:02:35] INFO: ======================================================================
# [2024-06-12 22:02:35] INFO: Start sweeping...
# [2024-06-12 22:09:16] INFO: It took 400.689 seconds to do 500 HBOR sweeps.
# [2024-06-12 22:09:16] INFO: Plaquette = 0.640877
# [2024-06-12 22:09:16] INFO: Polyakov loop = (-0.000563042,0.00118832)
# [2024-06-12 22:09:16] INFO: Writing conf to disk...
# [2024-06-12 22:09:16] INFO: writeconf_nersc: Writing NERSC configuration ./conf_s060t20_b0653400_a_U000891000
# [2024-06-12 22:09:19] INFO: Calculated checksum: 899fed13
# [2024-06-12 22:09:23] INFO: Calculated checksum: b2f2fe42
# [2024-06-12 22:09:23] INFO: Writing RNGSTATE file: ./rand_s060t20_b0653400_a_U000891000
# [2024-06-12 22:09:23] INFO: Writing to disk took 7.52506 seconds
# [2024-06-12 22:09:23] INFO: ======================================================================
# [2024-06-12 22:09:23] INFO: Start sweeping...
# [2024-06-12 22:16:04] INFO: It took 401.106 seconds to do 500 HBOR sweeps.
# [2024-06-12 22:16:04] INFO: Plaquette = 0.640986
# [2024-06-12 22:16:04] INFO: Polyakov loop = (-0.000185861,0.000155088)
# [2024-06-12 22:16:04] INFO: Writing conf to disk...
# [2024-06-12 22:16:04] INFO: writeconf_nersc: Writing NERSC configuration ./conf_s060t20_b0653400_a_U000891500
# [2024-06-12 22:16:07] INFO: Calculated checksum: c7d0a474
# [2024-06-12 22:16:12] INFO: Calculated checksum: 3c17f7bf
# [2024-06-12 22:16:12] INFO: Writing RNGSTATE file: ./rand_s060t20_b0653400_a_U000891500
# [2024-06-12 22:16:12] INFO: Writing to disk took 7.65455 seconds
# [2024-06-12 22:16:12] INFO: ======================================================================
# [2024-06-12 22:16:12] INFO: Start sweeping...
# [2024-06-12 22:22:53] INFO: It took 400.935 seconds to do 500 HBOR sweeps.
# [2024-06-12 22:22:53] INFO: Plaquette = 0.640895
# [2024-06-12 22:22:53] INFO: Polyakov loop = (0.00033011,-0.00064855)
# [2024-06-12 22:22:53] INFO: Writing conf to disk...
# [2024-06-12 22:22:53] INFO: writeconf_nersc: Writing NERSC configuration ./conf_s060t20_b0653400_a_U000892000
# [2024-06-12 22:22:56] INFO: Calculated checksum: b8b90e07
# [2024-06-12 22:23:02] INFO: Calculated checksum: 59bbb3a1
# [2024-06-12 22:23:02] INFO: Writing RNGSTATE file: ./rand_s060t20_b0653400_a_U000892000
# [2024-06-12 22:23:02] INFO: Writing to disk took 8.63686 seconds
# [2024-06-12 22:23:02] INFO: ======================================================================
# [2024-06-12 22:23:02] INFO: Start sweeping...
# [2024-06-12 22:29:43] INFO: It took 401.321 seconds to do 500 HBOR sweeps.
# [2024-06-12 22:29:43] INFO: Plaquette = 0.64098
# [2024-06-12 22:29:43] INFO: Polyakov loop = (-0.000362302,-2.48072e-06)
# [2024-06-12 22:29:43] INFO: Writing conf to disk...
# [2024-06-12 22:29:43] INFO: writeconf_nersc: Writing NERSC configuration ./conf_s060t20_b0653400_a_U000892500
# [2024-06-12 22:29:46] INFO: Calculated checksum: 79df098c
# [2024-06-12 22:29:51] INFO: Calculated checksum: d8b282cc
# [2024-06-12 22:29:51] INFO: Writing RNGSTATE file: ./rand_s060t20_b0653400_a_U000892500
# [2024-06-12 22:29:51] INFO: Writing to disk took 8.08418 seconds
# [2024-06-12 22:29:51] INFO: ======================================================================
# [2024-06-12 22:29:51] INFO: Start sweeping...
# [2024-06-12 22:36:32] INFO: It took 401.162 seconds to do 500 HBOR sweeps.
# [2024-06-12 22:36:32] INFO: Plaquette = 0.640908
# [2024-06-12 22:36:32] INFO: Polyakov loop = (-0.000167982,0.000336567)
# [2024-06-12 22:36:32] INFO: Writing conf to disk...
# [2024-06-12 22:36:32] INFO: writeconf_nersc: Writing NERSC configuration ./conf_s060t20_b0653400_a_U000893000
# [2024-06-12 22:36:35] INFO: Calculated checksum: 1a81f565
# [2024-06-12 22:36:40] INFO: Calculated checksum: bf445768
# [2024-06-12 22:36:40] INFO: Writing RNGSTATE file: ./rand_s060t20_b0653400_a_U000893000
# [2024-06-12 22:36:40] INFO: Writing to disk took 7.59921 seconds
# [2024-06-12 22:36:40] INFO: ======================================================================
# [2024-06-12 22:36:40] INFO: Start sweeping...
# [2024-06-12 22:43:21] INFO: It took 401.346 seconds to do 500 HBOR sweeps.
# [2024-06-12 22:43:21] INFO: Plaquette = 0.640937
# [2024-06-12 22:43:21] INFO: Polyakov loop = (0.000735956,0.000293812)
# [2024-06-12 22:43:21] INFO: Writing conf to disk...
# [2024-06-12 22:43:21] INFO: writeconf_nersc: Writing NERSC configuration ./conf_s060t20_b0653400_a_U000893500
# [2024-06-12 22:43:24] INFO: Calculated checksum: 4bf517c6
# [2024-06-12 22:43:29] INFO: Calculated checksum: ffe2f333
# [2024-06-12 22:43:29] INFO: Writing RNGSTATE file: ./rand_s060t20_b0653400_a_U000893500
# [2024-06-12 22:43:29] INFO: Writing to disk took 7.42554 seconds
# [2024-06-12 22:43:29] INFO: ======================================================================
# [2024-06-12 22:43:29] INFO: Start sweeping...
# [2024-06-12 22:50:10] INFO: It took 400.988 seconds to do 500 HBOR sweeps.
# [2024-06-12 22:50:10] INFO: Plaquette = 0.640928
# [2024-06-12 22:50:10] INFO: Polyakov loop = (0.000394898,-0.000461171)
# [2024-06-12 22:50:10] INFO: Writing conf to disk...
# [2024-06-12 22:50:10] INFO: writeconf_nersc: Writing NERSC configuration ./conf_s060t20_b0653400_a_U000894000
# [2024-06-12 22:50:13] INFO: Calculated checksum: 817a9053
# [2024-06-12 22:50:17] INFO: Calculated checksum: a6f55375
# [2024-06-12 22:50:17] INFO: Writing RNGSTATE file: ./rand_s060t20_b0653400_a_U000894000
# [2024-06-12 22:50:17] INFO: Writing to disk took 7.50429 seconds
# [2024-06-12 22:50:17] INFO: ======================================================================
# [2024-06-12 22:50:17] INFO: Start sweeping...
# [2024-06-12 22:56:58] INFO: It took 400.458 seconds to do 500 HBOR sweeps.
# [2024-06-12 22:56:58] INFO: Plaquette = 0.64084
# [2024-06-12 22:56:58] INFO: Polyakov loop = (0.000228527,-0.000764253)
# [2024-06-12 22:56:58] INFO: Writing conf to disk...
# [2024-06-12 22:56:58] INFO: writeconf_nersc: Writing NERSC configuration ./conf_s060t20_b0653400_a_U000894500
# [2024-06-12 22:57:01] INFO: Calculated checksum: d053cd6d
# [2024-06-12 22:57:05] INFO: Calculated checksum: 98e6173e
# [2024-06-12 22:57:05] INFO: Writing RNGSTATE file: ./rand_s060t20_b0653400_a_U000894500
# [2024-06-12 22:57:05] INFO: Writing to disk took 7.5107 seconds
# [2024-06-12 22:57:05] INFO: ======================================================================
# [2024-06-12 22:57:05] INFO: Start sweeping...
# [2024-06-12 23:03:46] INFO: It took 400.903 seconds to do 500 HBOR sweeps.
# [2024-06-12 23:03:46] INFO: Plaquette = 0.640929
# [2024-06-12 23:03:46] INFO: Polyakov loop = (-0.000727143,0.000516873)
# [2024-06-12 23:03:46] INFO: Writing conf to disk...
# [2024-06-12 23:03:46] INFO: writeconf_nersc: Writing NERSC configuration ./conf_s060t20_b0653400_a_U000895000
# [2024-06-12 23:03:49] INFO: Calculated checksum: 1e94bf7d
# [2024-06-12 23:03:55] INFO: Calculated checksum: 5bb1bc45
# [2024-06-12 23:03:55] INFO: Writing RNGSTATE file: ./rand_s060t20_b0653400_a_U000895000
# [2024-06-12 23:03:55] INFO: Writing to disk took 8.63975 seconds
# [2024-06-12 23:03:55] INFO: ======================================================================
# [2024-06-12 23:03:55] INFO: Start sweeping...
# [2024-06-12 23:10:36] INFO: It took 400.812 seconds to do 500 HBOR sweeps.
# [2024-06-12 23:10:36] INFO: Plaquette = 0.641029
# [2024-06-12 23:10:36] INFO: Polyakov loop = (-3.75299e-05,-0.000173309)
# [2024-06-12 23:10:36] INFO: Writing conf to disk...
# [2024-06-12 23:10:36] INFO: writeconf_nersc: Writing NERSC configuration ./conf_s060t20_b0653400_a_U000895500
# [2024-06-12 23:10:39] INFO: Calculated checksum: edc85dde
# [2024-06-12 23:10:44] INFO: Calculated checksum: 8bc9dd1e
# [2024-06-12 23:10:44] INFO: Writing RNGSTATE file: ./rand_s060t20_b0653400_a_U000895500
# [2024-06-12 23:10:44] INFO: Writing to disk took 8.19062 seconds
# [2024-06-12 23:10:44] INFO: ======================================================================
# [2024-06-12 23:10:44] INFO: Start sweeping...
# [2024-06-12 23:17:25] INFO: It took 400.88 seconds to do 500 HBOR sweeps.
# [2024-06-12 23:17:25] INFO: Plaquette = 0.640887
# [2024-06-12 23:17:25] INFO: Polyakov loop = (0.000227143,0.00099724)
# [2024-06-12 23:17:25] INFO: Writing conf to disk...
# [2024-06-12 23:17:25] INFO: writeconf_nersc: Writing NERSC configuration ./conf_s060t20_b0653400_a_U000896000
# [2024-06-12 23:17:28] INFO: Calculated checksum: a002635a
# [2024-06-12 23:17:33] INFO: Calculated checksum: f1c59b3b
# [2024-06-12 23:17:33] INFO: Writing RNGSTATE file: ./rand_s060t20_b0653400_a_U000896000
# [2024-06-12 23:17:33] INFO: Writing to disk took 7.86484 seconds
# [2024-06-12 23:17:33] INFO: ======================================================================
# [2024-06-12 23:17:33] INFO: Start sweeping...
# [2024-06-12 23:24:14] INFO: It took 401.311 seconds to do 500 HBOR sweeps.
# [2024-06-12 23:24:14] INFO: Plaquette = 0.640925
# [2024-06-12 23:24:14] INFO: Polyakov loop = (-8.76357e-05,-0.000888803)
# [2024-06-12 23:24:14] INFO: Writing conf to disk...
# [2024-06-12 23:24:14] INFO: writeconf_nersc: Writing NERSC configuration ./conf_s060t20_b0653400_a_U000896500
# [2024-06-12 23:24:17] INFO: Calculated checksum: 80589224
# [2024-06-12 23:24:22] INFO: Calculated checksum: 82bfd395
# [2024-06-12 23:24:22] INFO: Writing RNGSTATE file: ./rand_s060t20_b0653400_a_U000896500
# [2024-06-12 23:24:23] INFO: Writing to disk took 8.44106 seconds
# [2024-06-12 23:24:23] INFO: ======================================================================
# [2024-06-12 23:24:23] INFO: Start sweeping...
# [2024-06-12 23:31:03] INFO: It took 400.86 seconds to do 500 HBOR sweeps.
# [2024-06-12 23:31:04] INFO: Plaquette = 0.640908
# [2024-06-12 23:31:04] INFO: Polyakov loop = (-0.000118351,0.000194193)
# [2024-06-12 23:31:04] INFO: Writing conf to disk...
# [2024-06-12 23:31:04] INFO: writeconf_nersc: Writing NERSC configuration ./conf_s060t20_b0653400_a_U000897000
# [2024-06-12 23:31:06] INFO: Calculated checksum: 868ce3c0
# [2024-06-12 23:31:11] INFO: Calculated checksum: 14dd5b8
# [2024-06-12 23:31:11] INFO: Writing RNGSTATE file: ./rand_s060t20_b0653400_a_U000897000
# [2024-06-12 23:31:12] INFO: Writing to disk took 8.04175 seconds
# [2024-06-12 23:31:12] INFO: ======================================================================
# [2024-06-12 23:31:12] INFO: Start sweeping...
# [2024-06-12 23:37:53] INFO: It took 401.215 seconds to do 500 HBOR sweeps.
# [2024-06-12 23:37:53] INFO: Plaquette = 0.640854
# [2024-06-12 23:37:53] INFO: Polyakov loop = (-0.000247776,0.000479624)
# [2024-06-12 23:37:53] INFO: Writing conf to disk...
# [2024-06-12 23:37:53] INFO: writeconf_nersc: Writing NERSC configuration ./conf_s060t20_b0653400_a_U000897500
# [2024-06-12 23:37:56] INFO: Calculated checksum: c3090c18
# [2024-06-12 23:38:00] INFO: Calculated checksum: dfc3dba9
# [2024-06-12 23:38:00] INFO: Writing RNGSTATE file: ./rand_s060t20_b0653400_a_U000897500
# [2024-06-12 23:38:00] INFO: Writing to disk took 7.55033 seconds
# [2024-06-12 23:38:00] INFO: ======================================================================
# [2024-06-12 23:38:00] INFO: Start sweeping...
# [2024-06-12 23:44:41] INFO: It took 401.101 seconds to do 500 HBOR sweeps.
# [2024-06-12 23:44:42] INFO: Plaquette = 0.640888
# [2024-06-12 23:44:42] INFO: Polyakov loop = (0.000883777,-0.000393253)
# [2024-06-12 23:44:42] INFO: Writing conf to disk...
# [2024-06-12 23:44:42] INFO: writeconf_nersc: Writing NERSC configuration ./conf_s060t20_b0653400_a_U000898000
# [2024-06-12 23:44:44] INFO: Calculated checksum: e309740f
# [2024-06-12 23:44:49] INFO: Calculated checksum: 45e446e5
# [2024-06-12 23:44:49] INFO: Writing RNGSTATE file: ./rand_s060t20_b0653400_a_U000898000
# [2024-06-12 23:44:49] INFO: Writing to disk took 7.84466 seconds
# [2024-06-12 23:44:49] INFO: ======================================================================
# [2024-06-12 23:44:49] INFO: Start sweeping...
# [2024-06-12 23:51:30] INFO: It took 400.618 seconds to do 500 HBOR sweeps.
# [2024-06-12 23:51:30] INFO: Plaquette = 0.640887
# [2024-06-12 23:51:30] INFO: Polyakov loop = (0.000480521,0.000168927)
# [2024-06-12 23:51:30] INFO: Writing conf to disk...
# [2024-06-12 23:51:30] INFO: writeconf_nersc: Writing NERSC configuration ./conf_s060t20_b0653400_a_U000898500
# [2024-06-12 23:51:33] INFO: Calculated checksum: 801e9f69
# [2024-06-12 23:51:37] INFO: Calculated checksum: 180f01b2
# [2024-06-12 23:51:37] INFO: Writing RNGSTATE file: ./rand_s060t20_b0653400_a_U000898500
# [2024-06-12 23:51:38] INFO: Writing to disk took 7.56016 seconds
# [2024-06-12 23:51:38] INFO: ======================================================================
# [2024-06-12 23:51:38] INFO: Start sweeping...
# [2024-06-12 23:58:18] INFO: It took 400.797 seconds to do 500 HBOR sweeps.
# [2024-06-12 23:58:18] INFO: Plaquette = 0.640789
# [2024-06-12 23:58:18] INFO: Polyakov loop = (3.16429e-05,0.00030714)
# [2024-06-12 23:58:18] INFO: Writing conf to disk...
# [2024-06-12 23:58:18] INFO: writeconf_nersc: Writing NERSC configuration ./conf_s060t20_b0653400_a_U000899000
# [2024-06-12 23:58:21] INFO: Calculated checksum: f77bafa7
# [2024-06-12 23:58:26] INFO: Calculated checksum: 42d78ade
# [2024-06-12 23:58:26] INFO: Writing RNGSTATE file: ./rand_s060t20_b0653400_a_U000899000
# [2024-06-12 23:58:26] INFO: Writing to disk took 7.62437 seconds
# [2024-06-12 23:58:26] INFO: ======================================================================
# [2024-06-12 23:58:26] INFO: Start sweeping...
# [2024-06-13 00:05:07] INFO: It took 401.132 seconds to do 500 HBOR sweeps.
# [2024-06-13 00:05:07] INFO: Plaquette = 0.640961
# [2024-06-13 00:05:07] INFO: Polyakov loop = (0.000310834,0.000524588)
# [2024-06-13 00:05:07] INFO: Writing conf to disk...
# [2024-06-13 00:05:07] INFO: writeconf_nersc: Writing NERSC configuration ./conf_s060t20_b0653400_a_U000899500
# [2024-06-13 00:05:10] INFO: Calculated checksum: d105fb7c
# [2024-06-13 00:05:15] INFO: Calculated checksum: 7de5d9de
# [2024-06-13 00:05:15] INFO: Writing RNGSTATE file: ./rand_s060t20_b0653400_a_U000899500
# [2024-06-13 00:05:15] INFO: Writing to disk took 7.53519 seconds
# [2024-06-13 00:05:15] INFO: ======================================================================
# [2024-06-13 00:05:15] INFO: Start sweeping...
# [2024-06-13 00:11:55] INFO: It took 400.419 seconds to do 500 HBOR sweeps.
# [2024-06-13 00:11:55] INFO: Plaquette = 0.640866
# [2024-06-13 00:11:55] INFO: Polyakov loop = (-0.000122375,-0.000104032)
# [2024-06-13 00:11:55] INFO: Writing conf to disk...
# [2024-06-13 00:11:55] INFO: writeconf_nersc: Writing NERSC configuration ./conf_s060t20_b0653400_a_U000900000
# [2024-06-13 00:11:58] INFO: Calculated checksum: 5e0f07c8
# [2024-06-13 00:12:09] INFO: Calculated checksum: b4ab7b9b
# [2024-06-13 00:12:09] INFO: Writing RNGSTATE file: ./rand_s060t20_b0653400_a_U000900000
# [2024-06-13 00:12:09] INFO: Writing to disk took 13.85 seconds
# [2024-06-13 00:12:09] INFO: Finalizing MPI
