
Currently Loaded Modules:
  1) chpc/1.0      (S)   3) gcc/8.5.0      5) mpich/3.4.2
  2) python/3.10.3       4) cmake/3.26.0   6) cuda/11.6.2 (g)

  Where:
   S:  Module is Sticky, requires --force to unload or purge
   g:  built for GPU

 

# [2024-06-12 15:23:39] INFO: Running SIMULATeQCD
# [2024-06-12 15:23:39] INFO: Git commit version: 43e2518
# [2024-06-12 15:23:39] INFO: Initializing MPI with (1 proc)
# [2024-06-12 15:23:39] INFO: Reading parameters from file :: GenerateQuenched_b6807.param
# [2024-06-12 15:23:39] INFO: # PARAM :: Lattice = 60 60 60 20 
# [2024-06-12 15:23:39] INFO: # PARAM :: Nodes = 1 1 1 1 
# [2024-06-12 15:23:39] INFO: # PARAM :: Topology = 0 0 0 0  (default)
# [2024-06-12 15:23:39] INFO: # PARAM :: beta = 6.807
# [2024-06-12 15:23:39] INFO: # PARAM :: format = nersc
# [2024-06-12 15:23:39] INFO: # PARAM :: endianness = auto
# [2024-06-12 15:23:39] INFO: # PARAM :: conf_nr = 850000
# [2024-06-12 15:23:39] INFO: # PARAM :: stream = a
# [2024-06-12 15:23:39] INFO: # PARAM :: prec_out = 0 (default)
# [2024-06-12 15:23:39] INFO: # PARAM :: measurements_dir = ./ (default)
# [2024-06-12 15:23:39] INFO: # PARAM :: use_unit_conf = 0 (default)
# [2024-06-12 15:23:39] INFO: # PARAM :: output_dir = .
# [2024-06-12 15:23:39] INFO: # PARAM :: nconfs = 100
# [2024-06-12 15:23:39] INFO: # PARAM :: nsweeps_ORperHB = 4
# [2024-06-12 15:23:39] INFO: # PARAM :: nsweeps_HBwithOR = 500
# [2024-06-12 15:23:39] INFO: # PARAM :: prev_conf = conf_s060t20_b0680700_a_U000850000
# [2024-06-12 15:23:39] INFO: # PARAM :: prev_rand = rand_s060t20_b0680700_a_U000850000
# [2024-06-12 15:23:39] INFO: > Running on:
# [2024-06-12 15:23:39] INFO: [Rank 0] > notch271 CPU_17 GPU_1E; MPI: world_rank=0, node_rank=0, coord: ( 0 0 0 0 )
# [2024-06-12 15:23:39] INFO: > Is MPI CUDA-aware? @compilation 
# [2024-06-12 15:23:39] INFO: > GPU compute capability: 75
# [2024-06-12 15:23:39] INFO: > Checking support for P2P (Peer-to-Peer) and UVA (Unified Virtual Addressing):
# [2024-06-12 15:23:39] INFO: [Rank 0] > notch271 GPU_1E(NVIDIA GeForce RTX 2080 Ti): P2P NO ; UVA YES
# [2024-06-12 15:23:39] INFO: Initialize Indexer with HaloDepth = 1[0;33m[0m
# [2024-06-12 15:23:39] INFO: Resuming previous run.
# [2024-06-12 15:23:39] INFO: readconf_nersc: Reading NERSC configuration conf_s060t20_b0680700_a_U000850000
# [2024-06-12 15:23:49] INFO: Next conf_number will be 850500
# [2024-06-12 15:23:49] INFO: Generating up to 100 confs with a separation of 500 HBOR sweeps (OR/HB = 4) ...
# [2024-06-12 15:23:49] INFO: ======================================================================
# [2024-06-12 15:23:49] INFO: Start sweeping...
# [2024-06-12 15:30:29] INFO: It took 399.94 seconds to do 500 HBOR sweeps.
# [2024-06-12 15:30:29] INFO: Plaquette = 0.659678
# [2024-06-12 15:30:29] INFO: Polyakov loop = (0.0016465,-0.00041718)
# [2024-06-12 15:30:29] INFO: Writing conf to disk...
# [2024-06-12 15:30:29] INFO: writeconf_nersc: Writing NERSC configuration ./conf_s060t20_b0680700_a_U000850500
# [2024-06-12 15:30:31] INFO: Calculated checksum: 378a5b1c
# [2024-06-12 15:30:36] INFO: Calculated checksum: 332f5c5a
# [2024-06-12 15:30:36] INFO: Writing RNGSTATE file: ./rand_s060t20_b0680700_a_U000850500
# [2024-06-12 15:30:36] INFO: Writing to disk took 7.54722 seconds
# [2024-06-12 15:30:36] INFO: ======================================================================
# [2024-06-12 15:30:36] INFO: Start sweeping...
# [2024-06-12 15:37:18] INFO: It took 401.432 seconds to do 500 HBOR sweeps.
# [2024-06-12 15:37:18] INFO: Plaquette = 0.659621
# [2024-06-12 15:37:18] INFO: Polyakov loop = (0.00208056,0.000532359)
# [2024-06-12 15:37:18] INFO: Writing conf to disk...
# [2024-06-12 15:37:18] INFO: writeconf_nersc: Writing NERSC configuration ./conf_s060t20_b0680700_a_U000851000
# [2024-06-12 15:37:21] INFO: Calculated checksum: e7a605b9
# [2024-06-12 15:37:25] INFO: Calculated checksum: baa56f59
# [2024-06-12 15:37:25] INFO: Writing RNGSTATE file: ./rand_s060t20_b0680700_a_U000851000
# [2024-06-12 15:37:26] INFO: Writing to disk took 7.97936 seconds
# [2024-06-12 15:37:26] INFO: ======================================================================
# [2024-06-12 15:37:26] INFO: Start sweeping...
# [2024-06-12 15:44:07] INFO: It took 401.434 seconds to do 500 HBOR sweeps.
# [2024-06-12 15:44:07] INFO: Plaquette = 0.659653
# [2024-06-12 15:44:07] INFO: Polyakov loop = (0.00230713,-0.000416673)
# [2024-06-12 15:44:07] INFO: Writing conf to disk...
# [2024-06-12 15:44:07] INFO: writeconf_nersc: Writing NERSC configuration ./conf_s060t20_b0680700_a_U000851500
# [2024-06-12 15:44:10] INFO: Calculated checksum: 631c8a6f
# [2024-06-12 15:44:15] INFO: Calculated checksum: 9bf1d9e3
# [2024-06-12 15:44:15] INFO: Writing RNGSTATE file: ./rand_s060t20_b0680700_a_U000851500
# [2024-06-12 15:44:15] INFO: Writing to disk took 7.80136 seconds
# [2024-06-12 15:44:15] INFO: ======================================================================
# [2024-06-12 15:44:15] INFO: Start sweeping...
# [2024-06-12 15:50:56] INFO: It took 401.441 seconds to do 500 HBOR sweeps.
# [2024-06-12 15:50:56] INFO: Plaquette = 0.659711
# [2024-06-12 15:50:56] INFO: Polyakov loop = (0.00285864,0.000204283)
# [2024-06-12 15:50:56] INFO: Writing conf to disk...
# [2024-06-12 15:50:56] INFO: writeconf_nersc: Writing NERSC configuration ./conf_s060t20_b0680700_a_U000852000
# [2024-06-12 15:50:59] INFO: Calculated checksum: 31acaf6d
# [2024-06-12 15:51:07] INFO: Calculated checksum: dc5d8a75
# [2024-06-12 15:51:07] INFO: Writing RNGSTATE file: ./rand_s060t20_b0680700_a_U000852000
# [2024-06-12 15:51:07] INFO: Writing to disk took 10.8347 seconds
# [2024-06-12 15:51:07] INFO: ======================================================================
# [2024-06-12 15:51:07] INFO: Start sweeping...
# [2024-06-12 15:57:49] INFO: It took 401.351 seconds to do 500 HBOR sweeps.
# [2024-06-12 15:57:49] INFO: Plaquette = 0.659643
# [2024-06-12 15:57:49] INFO: Polyakov loop = (0.00254497,0.000125863)
# [2024-06-12 15:57:49] INFO: Writing conf to disk...
# [2024-06-12 15:57:49] INFO: writeconf_nersc: Writing NERSC configuration ./conf_s060t20_b0680700_a_U000852500
# [2024-06-12 15:57:52] INFO: Calculated checksum: 80062adf
# [2024-06-12 15:58:04] INFO: Calculated checksum: d0e4f159
# [2024-06-12 15:58:04] INFO: Writing RNGSTATE file: ./rand_s060t20_b0680700_a_U000852500
# [2024-06-12 15:58:05] INFO: Writing to disk took 16.7832 seconds
# [2024-06-12 15:58:05] INFO: ======================================================================
# [2024-06-12 15:58:05] INFO: Start sweeping...
# [2024-06-12 16:04:47] INFO: It took 401.21 seconds to do 500 HBOR sweeps.
# [2024-06-12 16:04:47] INFO: Plaquette = 0.65971
# [2024-06-12 16:04:47] INFO: Polyakov loop = (0.00253028,0.000966212)
# [2024-06-12 16:04:47] INFO: Writing conf to disk...
# [2024-06-12 16:04:47] INFO: writeconf_nersc: Writing NERSC configuration ./conf_s060t20_b0680700_a_U000853000
# [2024-06-12 16:04:50] INFO: Calculated checksum: 6c68efe9
# [2024-06-12 16:04:55] INFO: Calculated checksum: 9be1fd9d
# [2024-06-12 16:04:55] INFO: Writing RNGSTATE file: ./rand_s060t20_b0680700_a_U000853000
# [2024-06-12 16:04:56] INFO: Writing to disk took 8.81892 seconds
# [2024-06-12 16:04:56] INFO: ======================================================================
# [2024-06-12 16:04:56] INFO: Start sweeping...
# [2024-06-12 16:11:37] INFO: It took 401.417 seconds to do 500 HBOR sweeps.
# [2024-06-12 16:11:37] INFO: Plaquette = 0.65969
# [2024-06-12 16:11:37] INFO: Polyakov loop = (0.0016388,-0.000538083)
# [2024-06-12 16:11:37] INFO: Writing conf to disk...
# [2024-06-12 16:11:37] INFO: writeconf_nersc: Writing NERSC configuration ./conf_s060t20_b0680700_a_U000853500
# [2024-06-12 16:11:40] INFO: Calculated checksum: fd735f6f
# [2024-06-12 16:11:55] INFO: Calculated checksum: f2f4962c
# [2024-06-12 16:11:55] INFO: Writing RNGSTATE file: ./rand_s060t20_b0680700_a_U000853500
# [2024-06-12 16:11:55] INFO: Writing to disk took 17.8901 seconds
# [2024-06-12 16:11:55] INFO: ======================================================================
# [2024-06-12 16:11:55] INFO: Start sweeping...
# [2024-06-12 16:18:36] INFO: It took 401.175 seconds to do 500 HBOR sweeps.
# [2024-06-12 16:18:36] INFO: Plaquette = 0.659691
# [2024-06-12 16:18:36] INFO: Polyakov loop = (0.00214714,0.00010869)
# [2024-06-12 16:18:36] INFO: Writing conf to disk...
# [2024-06-12 16:18:36] INFO: writeconf_nersc: Writing NERSC configuration ./conf_s060t20_b0680700_a_U000854000
# [2024-06-12 16:18:39] INFO: Calculated checksum: 81e0122c
# [2024-06-12 16:18:45] INFO: Calculated checksum: 8070147c
# [2024-06-12 16:18:45] INFO: Writing RNGSTATE file: ./rand_s060t20_b0680700_a_U000854000
# [2024-06-12 16:18:46] INFO: Writing to disk took 9.53371 seconds
# [2024-06-12 16:18:46] INFO: ======================================================================
# [2024-06-12 16:18:46] INFO: Start sweeping...
# [2024-06-12 16:25:27] INFO: It took 401.403 seconds to do 500 HBOR sweeps.
# [2024-06-12 16:25:27] INFO: Plaquette = 0.659676
# [2024-06-12 16:25:27] INFO: Polyakov loop = (0.00213217,0.000250733)
# [2024-06-12 16:25:27] INFO: Writing conf to disk...
# [2024-06-12 16:25:27] INFO: writeconf_nersc: Writing NERSC configuration ./conf_s060t20_b0680700_a_U000854500
# [2024-06-12 16:25:30] INFO: Calculated checksum: 14966f3a
# [2024-06-12 16:25:35] INFO: Calculated checksum: 19336bd2
# [2024-06-12 16:25:35] INFO: Writing RNGSTATE file: ./rand_s060t20_b0680700_a_U000854500
# [2024-06-12 16:25:35] INFO: Writing to disk took 8.32683 seconds
# [2024-06-12 16:25:35] INFO: ======================================================================
# [2024-06-12 16:25:35] INFO: Start sweeping...
# [2024-06-12 16:32:17] INFO: It took 401.443 seconds to do 500 HBOR sweeps.
# [2024-06-12 16:32:17] INFO: Plaquette = 0.65966
# [2024-06-12 16:32:17] INFO: Polyakov loop = (0.00154099,-3.94452e-06)
# [2024-06-12 16:32:17] INFO: Writing conf to disk...
# [2024-06-12 16:32:17] INFO: writeconf_nersc: Writing NERSC configuration ./conf_s060t20_b0680700_a_U000855000
# [2024-06-12 16:32:20] INFO: Calculated checksum: 34469dd
# [2024-06-12 16:32:25] INFO: Calculated checksum: 4d77159d
# [2024-06-12 16:32:25] INFO: Writing RNGSTATE file: ./rand_s060t20_b0680700_a_U000855000
# [2024-06-12 16:32:26] INFO: Writing to disk took 8.62513 seconds
# [2024-06-12 16:32:26] INFO: ======================================================================
# [2024-06-12 16:32:26] INFO: Start sweeping...
# [2024-06-12 16:39:07] INFO: It took 401.457 seconds to do 500 HBOR sweeps.
# [2024-06-12 16:39:07] INFO: Plaquette = 0.659675
# [2024-06-12 16:39:07] INFO: Polyakov loop = (0.00246831,0.00017513)
# [2024-06-12 16:39:07] INFO: Writing conf to disk...
# [2024-06-12 16:39:07] INFO: writeconf_nersc: Writing NERSC configuration ./conf_s060t20_b0680700_a_U000855500
# [2024-06-12 16:39:10] INFO: Calculated checksum: d151bb76
# [2024-06-12 16:39:20] INFO: Calculated checksum: 7b0edcc7
# [2024-06-12 16:39:20] INFO: Writing RNGSTATE file: ./rand_s060t20_b0680700_a_U000855500
# [2024-06-12 16:39:21] INFO: Writing to disk took 14.007 seconds
# [2024-06-12 16:39:21] INFO: ======================================================================
# [2024-06-12 16:39:21] INFO: Start sweeping...
# [2024-06-12 16:46:02] INFO: It took 401.281 seconds to do 500 HBOR sweeps.
# [2024-06-12 16:46:02] INFO: Plaquette = 0.659605
# [2024-06-12 16:46:02] INFO: Polyakov loop = (0.00202477,-0.00154047)
# [2024-06-12 16:46:02] INFO: Writing conf to disk...
# [2024-06-12 16:46:02] INFO: writeconf_nersc: Writing NERSC configuration ./conf_s060t20_b0680700_a_U000856000
# [2024-06-12 16:46:05] INFO: Calculated checksum: 29d055e4
# [2024-06-12 16:46:19] INFO: Calculated checksum: 4bb27455
# [2024-06-12 16:46:19] INFO: Writing RNGSTATE file: ./rand_s060t20_b0680700_a_U000856000
# [2024-06-12 16:46:20] INFO: Writing to disk took 17.1035 seconds
# [2024-06-12 16:46:20] INFO: ======================================================================
# [2024-06-12 16:46:20] INFO: Start sweeping...
# [2024-06-12 16:53:01] INFO: It took 401.215 seconds to do 500 HBOR sweeps.
# [2024-06-12 16:53:01] INFO: Plaquette = 0.659606
# [2024-06-12 16:53:01] INFO: Polyakov loop = (0.00239185,4.49616e-05)
# [2024-06-12 16:53:01] INFO: Writing conf to disk...
# [2024-06-12 16:53:01] INFO: writeconf_nersc: Writing NERSC configuration ./conf_s060t20_b0680700_a_U000856500
# [2024-06-12 16:53:04] INFO: Calculated checksum: 7deeb091
# [2024-06-12 16:53:10] INFO: Calculated checksum: b1ad3fca
# [2024-06-12 16:53:10] INFO: Writing RNGSTATE file: ./rand_s060t20_b0680700_a_U000856500
# [2024-06-12 16:53:11] INFO: Writing to disk took 9.68946 seconds
# [2024-06-12 16:53:11] INFO: ======================================================================
# [2024-06-12 16:53:11] INFO: Start sweeping...
# [2024-06-12 16:59:52] INFO: It took 401.426 seconds to do 500 HBOR sweeps.
# [2024-06-12 16:59:52] INFO: Plaquette = 0.659642
# [2024-06-12 16:59:52] INFO: Polyakov loop = (0.00282357,-0.000672034)
# [2024-06-12 16:59:52] INFO: Writing conf to disk...
# [2024-06-12 16:59:52] INFO: writeconf_nersc: Writing NERSC configuration ./conf_s060t20_b0680700_a_U000857000
# [2024-06-12 16:59:55] INFO: Calculated checksum: 49567341
# [2024-06-12 17:00:04] INFO: Calculated checksum: 216fbc85
# [2024-06-12 17:00:04] INFO: Writing RNGSTATE file: ./rand_s060t20_b0680700_a_U000857000
# [2024-06-12 17:00:04] INFO: Writing to disk took 11.5626 seconds
# [2024-06-12 17:00:04] INFO: ======================================================================
# [2024-06-12 17:00:04] INFO: Start sweeping...
# [2024-06-12 17:06:45] INFO: It took 401.32 seconds to do 500 HBOR sweeps.
# [2024-06-12 17:06:45] INFO: Plaquette = 0.659698
# [2024-06-12 17:06:45] INFO: Polyakov loop = (0.00220056,-0.000485096)
# [2024-06-12 17:06:45] INFO: Writing conf to disk...
# [2024-06-12 17:06:45] INFO: writeconf_nersc: Writing NERSC configuration ./conf_s060t20_b0680700_a_U000857500
# [2024-06-12 17:06:48] INFO: Calculated checksum: 544fa2e3
# [2024-06-12 17:06:59] INFO: Calculated checksum: f362c37e
# [2024-06-12 17:06:59] INFO: Writing RNGSTATE file: ./rand_s060t20_b0680700_a_U000857500
# [2024-06-12 17:06:59] INFO: Writing to disk took 14.2201 seconds
# [2024-06-12 17:06:59] INFO: ======================================================================
# [2024-06-12 17:06:59] INFO: Start sweeping...
# [2024-06-12 17:13:41] INFO: It took 401.271 seconds to do 500 HBOR sweeps.
# [2024-06-12 17:13:41] INFO: Plaquette = 0.659718
# [2024-06-12 17:13:41] INFO: Polyakov loop = (0.00187211,-0.000800424)
# [2024-06-12 17:13:41] INFO: Writing conf to disk...
# [2024-06-12 17:13:41] INFO: writeconf_nersc: Writing NERSC configuration ./conf_s060t20_b0680700_a_U000858000
# [2024-06-12 17:13:44] INFO: Calculated checksum: d1a800af
# [2024-06-12 17:13:49] INFO: Calculated checksum: bd9b4c3f
# [2024-06-12 17:13:49] INFO: Writing RNGSTATE file: ./rand_s060t20_b0680700_a_U000858000
# [2024-06-12 17:13:49] INFO: Writing to disk took 8.50689 seconds
# [2024-06-12 17:13:49] INFO: ======================================================================
# [2024-06-12 17:13:49] INFO: Start sweeping...
# [2024-06-12 17:20:31] INFO: It took 401.415 seconds to do 500 HBOR sweeps.
# [2024-06-12 17:20:31] INFO: Plaquette = 0.659662
# [2024-06-12 17:20:31] INFO: Polyakov loop = (0.00245727,0.000575671)
# [2024-06-12 17:20:31] INFO: Writing conf to disk...
# [2024-06-12 17:20:31] INFO: writeconf_nersc: Writing NERSC configuration ./conf_s060t20_b0680700_a_U000858500
# [2024-06-12 17:20:34] INFO: Calculated checksum: 6288e681
# [2024-06-12 17:20:49] INFO: Calculated checksum: 7aaf1a06
# [2024-06-12 17:20:49] INFO: Writing RNGSTATE file: ./rand_s060t20_b0680700_a_U000858500
# [2024-06-12 17:20:50] INFO: Writing to disk took 19.0953 seconds
# [2024-06-12 17:20:50] INFO: ======================================================================
# [2024-06-12 17:20:50] INFO: Start sweeping...
# [2024-06-12 17:27:31] INFO: It took 401.218 seconds to do 500 HBOR sweeps.
# [2024-06-12 17:27:31] INFO: Plaquette = 0.659699
# [2024-06-12 17:27:31] INFO: Polyakov loop = (0.00200781,-8.94909e-05)
# [2024-06-12 17:27:31] INFO: Writing conf to disk...
# [2024-06-12 17:27:31] INFO: writeconf_nersc: Writing NERSC configuration ./conf_s060t20_b0680700_a_U000859000
# [2024-06-12 17:27:34] INFO: Calculated checksum: 5b45f79a
# [2024-06-12 17:27:41] INFO: Calculated checksum: 689723c9
# [2024-06-12 17:27:41] INFO: Writing RNGSTATE file: ./rand_s060t20_b0680700_a_U000859000
# [2024-06-12 17:27:41] INFO: Writing to disk took 9.67188 seconds
# [2024-06-12 17:27:41] INFO: ======================================================================
# [2024-06-12 17:27:41] INFO: Start sweeping...
# [2024-06-12 17:34:22] INFO: It took 401.385 seconds to do 500 HBOR sweeps.
# [2024-06-12 17:34:22] INFO: Plaquette = 0.659583
# [2024-06-12 17:34:22] INFO: Polyakov loop = (0.00310642,0.000588061)
# [2024-06-12 17:34:22] INFO: Writing conf to disk...
# [2024-06-12 17:34:22] INFO: writeconf_nersc: Writing NERSC configuration ./conf_s060t20_b0680700_a_U000859500
# [2024-06-12 17:34:25] INFO: Calculated checksum: 772af905
# [2024-06-12 17:34:40] INFO: Calculated checksum: 3574a274
# [2024-06-12 17:34:40] INFO: Writing RNGSTATE file: ./rand_s060t20_b0680700_a_U000859500
# [2024-06-12 17:34:41] INFO: Writing to disk took 18.3329 seconds
# [2024-06-12 17:34:41] INFO: ======================================================================
# [2024-06-12 17:34:41] INFO: Start sweeping...
# [2024-06-12 17:41:22] INFO: It took 401.199 seconds to do 500 HBOR sweeps.
# [2024-06-12 17:41:22] INFO: Plaquette = 0.659767
# [2024-06-12 17:41:22] INFO: Polyakov loop = (0.00254409,-0.000658304)
# [2024-06-12 17:41:22] INFO: Writing conf to disk...
# [2024-06-12 17:41:22] INFO: writeconf_nersc: Writing NERSC configuration ./conf_s060t20_b0680700_a_U000860000
# [2024-06-12 17:41:25] INFO: Calculated checksum: 706954e2
# [2024-06-12 17:41:33] INFO: Calculated checksum: 1c402ca3
# [2024-06-12 17:41:33] INFO: Writing RNGSTATE file: ./rand_s060t20_b0680700_a_U000860000
# [2024-06-12 17:41:34] INFO: Writing to disk took 11.6309 seconds
# [2024-06-12 17:41:34] INFO: ======================================================================
# [2024-06-12 17:41:34] INFO: Start sweeping...
# [2024-06-12 17:48:15] INFO: It took 401.333 seconds to do 500 HBOR sweeps.
# [2024-06-12 17:48:15] INFO: Plaquette = 0.659675
# [2024-06-12 17:48:15] INFO: Polyakov loop = (0.00194946,5.80853e-06)
# [2024-06-12 17:48:15] INFO: Writing conf to disk...
# [2024-06-12 17:48:15] INFO: writeconf_nersc: Writing NERSC configuration ./conf_s060t20_b0680700_a_U000860500
# [2024-06-12 17:48:18] INFO: Calculated checksum: c5a6d61a
# [2024-06-12 17:48:30] INFO: Calculated checksum: 8594fb27
# [2024-06-12 17:48:30] INFO: Writing RNGSTATE file: ./rand_s060t20_b0680700_a_U000860500
# [2024-06-12 17:48:30] INFO: Writing to disk took 14.9016 seconds
# [2024-06-12 17:48:30] INFO: ======================================================================
# [2024-06-12 17:48:30] INFO: Start sweeping...
# [2024-06-12 17:55:11] INFO: It took 401.279 seconds to do 500 HBOR sweeps.
# [2024-06-12 17:55:11] INFO: Plaquette = 0.659685
# [2024-06-12 17:55:11] INFO: Polyakov loop = (0.0015902,4.56352e-05)
# [2024-06-12 17:55:11] INFO: Writing conf to disk...
# [2024-06-12 17:55:11] INFO: writeconf_nersc: Writing NERSC configuration ./conf_s060t20_b0680700_a_U000861000
# [2024-06-12 17:55:14] INFO: Calculated checksum: 31d392f8
# [2024-06-12 17:55:19] INFO: Calculated checksum: cbb2c06d
# [2024-06-12 17:55:19] INFO: Writing RNGSTATE file: ./rand_s060t20_b0680700_a_U000861000
# [2024-06-12 17:55:19] INFO: Writing to disk took 7.56191 seconds
# [2024-06-12 17:55:19] INFO: ======================================================================
# [2024-06-12 17:55:19] INFO: Start sweeping...
# [2024-06-12 18:02:00] INFO: It took 401.444 seconds to do 500 HBOR sweeps.
# [2024-06-12 18:02:00] INFO: Plaquette = 0.659747
# [2024-06-12 18:02:00] INFO: Polyakov loop = (0.0012298,-0.000146569)
# [2024-06-12 18:02:00] INFO: Writing conf to disk...
# [2024-06-12 18:02:00] INFO: writeconf_nersc: Writing NERSC configuration ./conf_s060t20_b0680700_a_U000861500
# [2024-06-12 18:02:03] INFO: Calculated checksum: b353f6ef
# [2024-06-12 18:02:08] INFO: Calculated checksum: ef5a248
# [2024-06-12 18:02:08] INFO: Writing RNGSTATE file: ./rand_s060t20_b0680700_a_U000861500
# [2024-06-12 18:02:08] INFO: Writing to disk took 7.74418 seconds
# [2024-06-12 18:02:08] INFO: ======================================================================
# [2024-06-12 18:02:08] INFO: Start sweeping...
# [2024-06-12 18:08:49] INFO: It took 401.454 seconds to do 500 HBOR sweeps.
# [2024-06-12 18:08:49] INFO: Plaquette = 0.659613
# [2024-06-12 18:08:49] INFO: Polyakov loop = (0.00254659,0.000194975)
# [2024-06-12 18:08:49] INFO: Writing conf to disk...
# [2024-06-12 18:08:49] INFO: writeconf_nersc: Writing NERSC configuration ./conf_s060t20_b0680700_a_U000862000
# [2024-06-12 18:08:52] INFO: Calculated checksum: 1b17d798
# [2024-06-12 18:08:57] INFO: Calculated checksum: ef8ed464
# [2024-06-12 18:08:57] INFO: Writing RNGSTATE file: ./rand_s060t20_b0680700_a_U000862000
# [2024-06-12 18:08:57] INFO: Writing to disk took 7.50963 seconds
# [2024-06-12 18:08:57] INFO: ======================================================================
# [2024-06-12 18:08:57] INFO: Start sweeping...
# [2024-06-12 18:15:38] INFO: It took 401.429 seconds to do 500 HBOR sweeps.
# [2024-06-12 18:15:38] INFO: Plaquette = 0.659723
# [2024-06-12 18:15:38] INFO: Polyakov loop = (0.00224873,0.000333689)
# [2024-06-12 18:15:38] INFO: Writing conf to disk...
# [2024-06-12 18:15:38] INFO: writeconf_nersc: Writing NERSC configuration ./conf_s060t20_b0680700_a_U000862500
# [2024-06-12 18:15:41] INFO: Calculated checksum: a0da786d
# [2024-06-12 18:15:46] INFO: Calculated checksum: 39941bfd
# [2024-06-12 18:15:46] INFO: Writing RNGSTATE file: ./rand_s060t20_b0680700_a_U000862500
# [2024-06-12 18:15:46] INFO: Writing to disk took 7.47805 seconds
# [2024-06-12 18:15:46] INFO: ======================================================================
# [2024-06-12 18:15:46] INFO: Start sweeping...
# [2024-06-12 18:22:27] INFO: It took 401.465 seconds to do 500 HBOR sweeps.
# [2024-06-12 18:22:27] INFO: Plaquette = 0.659646
# [2024-06-12 18:22:27] INFO: Polyakov loop = (0.00324923,-0.000220397)
# [2024-06-12 18:22:27] INFO: Writing conf to disk...
# [2024-06-12 18:22:27] INFO: writeconf_nersc: Writing NERSC configuration ./conf_s060t20_b0680700_a_U000863000
# [2024-06-12 18:22:30] INFO: Calculated checksum: 9d8da31b
# [2024-06-12 18:22:35] INFO: Calculated checksum: c24457e8
# [2024-06-12 18:22:35] INFO: Writing RNGSTATE file: ./rand_s060t20_b0680700_a_U000863000
# [2024-06-12 18:22:35] INFO: Writing to disk took 7.58552 seconds
# [2024-06-12 18:22:35] INFO: ======================================================================
# [2024-06-12 18:22:35] INFO: Start sweeping...
# [2024-06-12 18:29:16] INFO: It took 401.435 seconds to do 500 HBOR sweeps.
# [2024-06-12 18:29:17] INFO: Plaquette = 0.659684
# [2024-06-12 18:29:17] INFO: Polyakov loop = (0.00189859,-6.25326e-05)
# [2024-06-12 18:29:17] INFO: Writing conf to disk...
# [2024-06-12 18:29:17] INFO: writeconf_nersc: Writing NERSC configuration ./conf_s060t20_b0680700_a_U000863500
# [2024-06-12 18:29:19] INFO: Calculated checksum: 37bf26ca
# [2024-06-12 18:29:24] INFO: Calculated checksum: 64a9c690
# [2024-06-12 18:29:24] INFO: Writing RNGSTATE file: ./rand_s060t20_b0680700_a_U000863500
# [2024-06-12 18:29:24] INFO: Writing to disk took 7.53599 seconds
# [2024-06-12 18:29:24] INFO: ======================================================================
# [2024-06-12 18:29:24] INFO: Start sweeping...
# [2024-06-12 18:36:06] INFO: It took 401.469 seconds to do 500 HBOR sweeps.
# [2024-06-12 18:36:06] INFO: Plaquette = 0.659693
# [2024-06-12 18:36:06] INFO: Polyakov loop = (0.00151843,0.000149231)
# [2024-06-12 18:36:06] INFO: Writing conf to disk...
# [2024-06-12 18:36:06] INFO: writeconf_nersc: Writing NERSC configuration ./conf_s060t20_b0680700_a_U000864000
# [2024-06-12 18:36:08] INFO: Calculated checksum: 589eb6c0
# [2024-06-12 18:36:13] INFO: Calculated checksum: 80312eba
# [2024-06-12 18:36:13] INFO: Writing RNGSTATE file: ./rand_s060t20_b0680700_a_U000864000
# [2024-06-12 18:36:13] INFO: Writing to disk took 7.47934 seconds
# [2024-06-12 18:36:13] INFO: ======================================================================
# [2024-06-12 18:36:13] INFO: Start sweeping...
# [2024-06-12 18:42:55] INFO: It took 401.454 seconds to do 500 HBOR sweeps.
# [2024-06-12 18:42:55] INFO: Plaquette = 0.659634
# [2024-06-12 18:42:55] INFO: Polyakov loop = (0.00181619,0.000614847)
# [2024-06-12 18:42:55] INFO: Writing conf to disk...
# [2024-06-12 18:42:55] INFO: writeconf_nersc: Writing NERSC configuration ./conf_s060t20_b0680700_a_U000864500
# [2024-06-12 18:42:57] INFO: Calculated checksum: 19ceffef
# [2024-06-12 18:43:03] INFO: Calculated checksum: be68257f
# [2024-06-12 18:43:03] INFO: Writing RNGSTATE file: ./rand_s060t20_b0680700_a_U000864500
# [2024-06-12 18:43:03] INFO: Writing to disk took 8.25349 seconds
# [2024-06-12 18:43:03] INFO: ======================================================================
# [2024-06-12 18:43:03] INFO: Start sweeping...
# [2024-06-12 18:49:44] INFO: It took 401.453 seconds to do 500 HBOR sweeps.
# [2024-06-12 18:49:44] INFO: Plaquette = 0.65965
# [2024-06-12 18:49:44] INFO: Polyakov loop = (0.00261647,0.000242921)
# [2024-06-12 18:49:44] INFO: Writing conf to disk...
# [2024-06-12 18:49:44] INFO: writeconf_nersc: Writing NERSC configuration ./conf_s060t20_b0680700_a_U000865000
# [2024-06-12 18:49:47] INFO: Calculated checksum: 13c91572
# [2024-06-12 18:49:52] INFO: Calculated checksum: 1d9e5b1f
# [2024-06-12 18:49:52] INFO: Writing RNGSTATE file: ./rand_s060t20_b0680700_a_U000865000
# [2024-06-12 18:49:52] INFO: Writing to disk took 7.58619 seconds
# [2024-06-12 18:49:52] INFO: ======================================================================
# [2024-06-12 18:49:52] INFO: Start sweeping...
# [2024-06-12 18:56:33] INFO: It took 401.47 seconds to do 500 HBOR sweeps.
# [2024-06-12 18:56:33] INFO: Plaquette = 0.659606
# [2024-06-12 18:56:33] INFO: Polyakov loop = (0.00264009,0.000630794)
# [2024-06-12 18:56:33] INFO: Writing conf to disk...
# [2024-06-12 18:56:33] INFO: writeconf_nersc: Writing NERSC configuration ./conf_s060t20_b0680700_a_U000865500
# [2024-06-12 18:56:36] INFO: Calculated checksum: 25b962f3
# [2024-06-12 18:56:41] INFO: Calculated checksum: 7ffd328f
# [2024-06-12 18:56:41] INFO: Writing RNGSTATE file: ./rand_s060t20_b0680700_a_U000865500
# [2024-06-12 18:56:41] INFO: Writing to disk took 7.76723 seconds
# [2024-06-12 18:56:41] INFO: ======================================================================
# [2024-06-12 18:56:41] INFO: Start sweeping...
# [2024-06-12 19:03:23] INFO: It took 401.452 seconds to do 500 HBOR sweeps.
# [2024-06-12 19:03:23] INFO: Plaquette = 0.659662
# [2024-06-12 19:03:23] INFO: Polyakov loop = (0.00203273,-0.000212657)
# [2024-06-12 19:03:23] INFO: Writing conf to disk...
# [2024-06-12 19:03:23] INFO: writeconf_nersc: Writing NERSC configuration ./conf_s060t20_b0680700_a_U000866000
# [2024-06-12 19:03:26] INFO: Calculated checksum: e9ad78a3
# [2024-06-12 19:03:33] INFO: Calculated checksum: 1f078429
# [2024-06-12 19:03:33] INFO: Writing RNGSTATE file: ./rand_s060t20_b0680700_a_U000866000
# [2024-06-12 19:03:33] INFO: Writing to disk took 10.2908 seconds
# [2024-06-12 19:03:33] INFO: ======================================================================
# [2024-06-12 19:03:33] INFO: Start sweeping...
# [2024-06-12 19:10:14] INFO: It took 401.379 seconds to do 500 HBOR sweeps.
# [2024-06-12 19:10:14] INFO: Plaquette = 0.659709
# [2024-06-12 19:10:14] INFO: Polyakov loop = (0.0020297,-0.00099948)
# [2024-06-12 19:10:14] INFO: Writing conf to disk...
# [2024-06-12 19:10:14] INFO: writeconf_nersc: Writing NERSC configuration ./conf_s060t20_b0680700_a_U000866500
# [2024-06-12 19:10:17] INFO: Calculated checksum: 1cd23ee6
# [2024-06-12 19:10:22] INFO: Calculated checksum: fdb9ffec
# [2024-06-12 19:10:22] INFO: Writing RNGSTATE file: ./rand_s060t20_b0680700_a_U000866500
# [2024-06-12 19:10:22] INFO: Writing to disk took 7.43608 seconds
# [2024-06-12 19:10:22] INFO: ======================================================================
# [2024-06-12 19:10:22] INFO: Start sweeping...
# [2024-06-12 19:17:03] INFO: It took 401.43 seconds to do 500 HBOR sweeps.
# [2024-06-12 19:17:03] INFO: Plaquette = 0.659707
# [2024-06-12 19:17:03] INFO: Polyakov loop = (0.001515,-0.000211893)
# [2024-06-12 19:17:03] INFO: Writing conf to disk...
# [2024-06-12 19:17:03] INFO: writeconf_nersc: Writing NERSC configuration ./conf_s060t20_b0680700_a_U000867000
# [2024-06-12 19:17:06] INFO: Calculated checksum: b862d75f
# [2024-06-12 19:17:11] INFO: Calculated checksum: dfebe379
# [2024-06-12 19:17:11] INFO: Writing RNGSTATE file: ./rand_s060t20_b0680700_a_U000867000
# [2024-06-12 19:17:11] INFO: Writing to disk took 7.55288 seconds
# [2024-06-12 19:17:11] INFO: ======================================================================
# [2024-06-12 19:17:11] INFO: Start sweeping...
# [2024-06-12 19:23:52] INFO: It took 401.472 seconds to do 500 HBOR sweeps.
# [2024-06-12 19:23:52] INFO: Plaquette = 0.659658
# [2024-06-12 19:23:52] INFO: Polyakov loop = (0.00275412,-0.000211467)
# [2024-06-12 19:23:52] INFO: Writing conf to disk...
# [2024-06-12 19:23:52] INFO: writeconf_nersc: Writing NERSC configuration ./conf_s060t20_b0680700_a_U000867500
# [2024-06-12 19:23:55] INFO: Calculated checksum: 18f08ef8
# [2024-06-12 19:24:00] INFO: Calculated checksum: 29d3a97b
# [2024-06-12 19:24:00] INFO: Writing RNGSTATE file: ./rand_s060t20_b0680700_a_U000867500
# [2024-06-12 19:24:00] INFO: Writing to disk took 7.51471 seconds
# [2024-06-12 19:24:00] INFO: ======================================================================
# [2024-06-12 19:24:00] INFO: Start sweeping...
# [2024-06-12 19:30:41] INFO: It took 401.434 seconds to do 500 HBOR sweeps.
# [2024-06-12 19:30:41] INFO: Plaquette = 0.659636
# [2024-06-12 19:30:41] INFO: Polyakov loop = (0.00186151,0.000894135)
# [2024-06-12 19:30:41] INFO: Writing conf to disk...
# [2024-06-12 19:30:41] INFO: writeconf_nersc: Writing NERSC configuration ./conf_s060t20_b0680700_a_U000868000
# [2024-06-12 19:30:44] INFO: Calculated checksum: cabad643
# [2024-06-12 19:30:49] INFO: Calculated checksum: 8b3711fd
# [2024-06-12 19:30:49] INFO: Writing RNGSTATE file: ./rand_s060t20_b0680700_a_U000868000
# [2024-06-12 19:30:49] INFO: Writing to disk took 7.64846 seconds
# [2024-06-12 19:30:49] INFO: ======================================================================
# [2024-06-12 19:30:49] INFO: Start sweeping...
# [2024-06-12 19:37:31] INFO: It took 401.418 seconds to do 500 HBOR sweeps.
# [2024-06-12 19:37:31] INFO: Plaquette = 0.659734
# [2024-06-12 19:37:31] INFO: Polyakov loop = (0.00177969,0.00023036)
# [2024-06-12 19:37:31] INFO: Writing conf to disk...
# [2024-06-12 19:37:31] INFO: writeconf_nersc: Writing NERSC configuration ./conf_s060t20_b0680700_a_U000868500
# [2024-06-12 19:37:33] INFO: Calculated checksum: 856f8a1e
# [2024-06-12 19:37:39] INFO: Calculated checksum: a7df7cc1
# [2024-06-12 19:37:39] INFO: Writing RNGSTATE file: ./rand_s060t20_b0680700_a_U000868500
# [2024-06-12 19:37:40] INFO: Writing to disk took 9.22274 seconds
# [2024-06-12 19:37:40] INFO: ======================================================================
# [2024-06-12 19:37:40] INFO: Start sweeping...
# [2024-06-12 19:44:21] INFO: It took 401.417 seconds to do 500 HBOR sweeps.
# [2024-06-12 19:44:21] INFO: Plaquette = 0.659711
# [2024-06-12 19:44:21] INFO: Polyakov loop = (0.00259114,-0.000574909)
# [2024-06-12 19:44:21] INFO: Writing conf to disk...
# [2024-06-12 19:44:21] INFO: writeconf_nersc: Writing NERSC configuration ./conf_s060t20_b0680700_a_U000869000
# [2024-06-12 19:44:24] INFO: Calculated checksum: 613726ef
# [2024-06-12 19:44:29] INFO: Calculated checksum: 53c6dbb
# [2024-06-12 19:44:29] INFO: Writing RNGSTATE file: ./rand_s060t20_b0680700_a_U000869000
# [2024-06-12 19:44:30] INFO: Writing to disk took 8.27027 seconds
# [2024-06-12 19:44:30] INFO: ======================================================================
# [2024-06-12 19:44:30] INFO: Start sweeping...
# [2024-06-12 19:51:11] INFO: It took 401.421 seconds to do 500 HBOR sweeps.
# [2024-06-12 19:51:11] INFO: Plaquette = 0.65968
# [2024-06-12 19:51:11] INFO: Polyakov loop = (0.00149284,-0.000167558)
# [2024-06-12 19:51:11] INFO: Writing conf to disk...
# [2024-06-12 19:51:11] INFO: writeconf_nersc: Writing NERSC configuration ./conf_s060t20_b0680700_a_U000869500
# [2024-06-12 19:51:14] INFO: Calculated checksum: 4ca774a9
# [2024-06-12 19:51:19] INFO: Calculated checksum: 13a6b5cc
# [2024-06-12 19:51:19] INFO: Writing RNGSTATE file: ./rand_s060t20_b0680700_a_U000869500
# [2024-06-12 19:51:19] INFO: Writing to disk took 8.36406 seconds
# [2024-06-12 19:51:19] INFO: ======================================================================
# [2024-06-12 19:51:19] INFO: Start sweeping...
# [2024-06-12 19:58:01] INFO: It took 401.439 seconds to do 500 HBOR sweeps.
# [2024-06-12 19:58:01] INFO: Plaquette = 0.659679
# [2024-06-12 19:58:01] INFO: Polyakov loop = (0.00269335,9.50296e-05)
# [2024-06-12 19:58:01] INFO: Writing conf to disk...
# [2024-06-12 19:58:01] INFO: writeconf_nersc: Writing NERSC configuration ./conf_s060t20_b0680700_a_U000870000
# [2024-06-12 19:58:04] INFO: Calculated checksum: f5cb74ea
# [2024-06-12 19:58:11] INFO: Calculated checksum: 71202c08
# [2024-06-12 19:58:11] INFO: Writing RNGSTATE file: ./rand_s060t20_b0680700_a_U000870000
# [2024-06-12 19:58:11] INFO: Writing to disk took 10.1105 seconds
# [2024-06-12 19:58:11] INFO: ======================================================================
# [2024-06-12 19:58:11] INFO: Start sweeping...
# [2024-06-12 20:04:52] INFO: It took 401.391 seconds to do 500 HBOR sweeps.
# [2024-06-12 20:04:52] INFO: Plaquette = 0.659624
# [2024-06-12 20:04:52] INFO: Polyakov loop = (0.00271885,5.77996e-05)
# [2024-06-12 20:04:52] INFO: Writing conf to disk...
# [2024-06-12 20:04:52] INFO: writeconf_nersc: Writing NERSC configuration ./conf_s060t20_b0680700_a_U000870500
# [2024-06-12 20:04:55] INFO: Calculated checksum: 662b1490
# [2024-06-12 20:05:01] INFO: Calculated checksum: 5f27e853
# [2024-06-12 20:05:01] INFO: Writing RNGSTATE file: ./rand_s060t20_b0680700_a_U000870500
# [2024-06-12 20:05:01] INFO: Writing to disk took 8.934 seconds
# [2024-06-12 20:05:01] INFO: ======================================================================
# [2024-06-12 20:05:01] INFO: Start sweeping...
# [2024-06-12 20:11:43] INFO: It took 401.467 seconds to do 500 HBOR sweeps.
# [2024-06-12 20:11:43] INFO: Plaquette = 0.659567
# [2024-06-12 20:11:43] INFO: Polyakov loop = (0.00265831,0.000234842)
# [2024-06-12 20:11:43] INFO: Writing conf to disk...
# [2024-06-12 20:11:43] INFO: writeconf_nersc: Writing NERSC configuration ./conf_s060t20_b0680700_a_U000871000
# [2024-06-12 20:11:46] INFO: Calculated checksum: dec6392
# [2024-06-12 20:11:50] INFO: Calculated checksum: 798a193d
# [2024-06-12 20:11:50] INFO: Writing RNGSTATE file: ./rand_s060t20_b0680700_a_U000871000
# [2024-06-12 20:11:51] INFO: Writing to disk took 7.63971 seconds
# [2024-06-12 20:11:51] INFO: ======================================================================
# [2024-06-12 20:11:51] INFO: Start sweeping...
# [2024-06-12 20:18:32] INFO: It took 401.45 seconds to do 500 HBOR sweeps.
# [2024-06-12 20:18:32] INFO: Plaquette = 0.659701
# [2024-06-12 20:18:32] INFO: Polyakov loop = (0.00285345,0.000573623)
# [2024-06-12 20:18:32] INFO: Writing conf to disk...
# [2024-06-12 20:18:32] INFO: writeconf_nersc: Writing NERSC configuration ./conf_s060t20_b0680700_a_U000871500
# [2024-06-12 20:18:35] INFO: Calculated checksum: 508191b3
# [2024-06-12 20:18:40] INFO: Calculated checksum: 8420ab07
# [2024-06-12 20:18:40] INFO: Writing RNGSTATE file: ./rand_s060t20_b0680700_a_U000871500
# [2024-06-12 20:18:40] INFO: Writing to disk took 7.78516 seconds
# [2024-06-12 20:18:40] INFO: ======================================================================
# [2024-06-12 20:18:40] INFO: Start sweeping...
# [2024-06-12 20:25:21] INFO: It took 401.448 seconds to do 500 HBOR sweeps.
# [2024-06-12 20:25:21] INFO: Plaquette = 0.659722
# [2024-06-12 20:25:21] INFO: Polyakov loop = (0.00282815,0.000644329)
# [2024-06-12 20:25:21] INFO: Writing conf to disk...
# [2024-06-12 20:25:21] INFO: writeconf_nersc: Writing NERSC configuration ./conf_s060t20_b0680700_a_U000872000
# [2024-06-12 20:25:24] INFO: Calculated checksum: 60e451fa
# [2024-06-12 20:25:29] INFO: Calculated checksum: d34bcf08
# [2024-06-12 20:25:29] INFO: Writing RNGSTATE file: ./rand_s060t20_b0680700_a_U000872000
# [2024-06-12 20:25:29] INFO: Writing to disk took 7.80179 seconds
# [2024-06-12 20:25:29] INFO: ======================================================================
# [2024-06-12 20:25:29] INFO: Start sweeping...
# [2024-06-12 20:32:11] INFO: It took 401.447 seconds to do 500 HBOR sweeps.
# [2024-06-12 20:32:11] INFO: Plaquette = 0.65964
# [2024-06-12 20:32:11] INFO: Polyakov loop = (0.00220103,-0.000325211)
# [2024-06-12 20:32:11] INFO: Writing conf to disk...
# [2024-06-12 20:32:11] INFO: writeconf_nersc: Writing NERSC configuration ./conf_s060t20_b0680700_a_U000872500
# [2024-06-12 20:32:14] INFO: Calculated checksum: 7edf3b75
# [2024-06-12 20:32:18] INFO: Calculated checksum: 140a936d
# [2024-06-12 20:32:18] INFO: Writing RNGSTATE file: ./rand_s060t20_b0680700_a_U000872500
# [2024-06-12 20:32:18] INFO: Writing to disk took 7.62204 seconds
# [2024-06-12 20:32:18] INFO: ======================================================================
# [2024-06-12 20:32:18] INFO: Start sweeping...
# [2024-06-12 20:39:00] INFO: It took 401.459 seconds to do 500 HBOR sweeps.
# [2024-06-12 20:39:00] INFO: Plaquette = 0.659626
# [2024-06-12 20:39:00] INFO: Polyakov loop = (0.00185063,-0.000949934)
# [2024-06-12 20:39:00] INFO: Writing conf to disk...
# [2024-06-12 20:39:00] INFO: writeconf_nersc: Writing NERSC configuration ./conf_s060t20_b0680700_a_U000873000
# [2024-06-12 20:39:03] INFO: Calculated checksum: 1da64ee4
# [2024-06-12 20:39:07] INFO: Calculated checksum: 7f79b1e7
# [2024-06-12 20:39:07] INFO: Writing RNGSTATE file: ./rand_s060t20_b0680700_a_U000873000
# [2024-06-12 20:39:07] INFO: Writing to disk took 7.71699 seconds
# [2024-06-12 20:39:07] INFO: ======================================================================
# [2024-06-12 20:39:07] INFO: Start sweeping...
# [2024-06-12 20:45:49] INFO: It took 401.451 seconds to do 500 HBOR sweeps.
# [2024-06-12 20:45:49] INFO: Plaquette = 0.659609
# [2024-06-12 20:45:49] INFO: Polyakov loop = (0.00275051,2.67499e-05)
# [2024-06-12 20:45:49] INFO: Writing conf to disk...
# [2024-06-12 20:45:49] INFO: writeconf_nersc: Writing NERSC configuration ./conf_s060t20_b0680700_a_U000873500
# [2024-06-12 20:45:52] INFO: Calculated checksum: f18ba435
# [2024-06-12 20:45:57] INFO: Calculated checksum: d0c9f7c6
# [2024-06-12 20:45:57] INFO: Writing RNGSTATE file: ./rand_s060t20_b0680700_a_U000873500
# [2024-06-12 20:45:57] INFO: Writing to disk took 7.95819 seconds
# [2024-06-12 20:45:57] INFO: ======================================================================
# [2024-06-12 20:45:57] INFO: Start sweeping...
# [2024-06-12 20:52:38] INFO: It took 401.428 seconds to do 500 HBOR sweeps.
# [2024-06-12 20:52:38] INFO: Plaquette = 0.659711
# [2024-06-12 20:52:38] INFO: Polyakov loop = (0.00171287,0.000834846)
# [2024-06-12 20:52:38] INFO: Writing conf to disk...
# [2024-06-12 20:52:38] INFO: writeconf_nersc: Writing NERSC configuration ./conf_s060t20_b0680700_a_U000874000
# [2024-06-12 20:52:41] INFO: Calculated checksum: 900d623c
# [2024-06-12 20:52:47] INFO: Calculated checksum: 961937e8
# [2024-06-12 20:52:47] INFO: Writing RNGSTATE file: ./rand_s060t20_b0680700_a_U000874000
# [2024-06-12 20:52:48] INFO: Writing to disk took 9.45406 seconds
# [2024-06-12 20:52:48] INFO: ======================================================================
# [2024-06-12 20:52:48] INFO: Start sweeping...
# [2024-06-12 20:59:29] INFO: It took 401.402 seconds to do 500 HBOR sweeps.
# [2024-06-12 20:59:29] INFO: Plaquette = 0.65969
# [2024-06-12 20:59:29] INFO: Polyakov loop = (0.00177802,0.000185122)
# [2024-06-12 20:59:29] INFO: Writing conf to disk...
# [2024-06-12 20:59:29] INFO: writeconf_nersc: Writing NERSC configuration ./conf_s060t20_b0680700_a_U000874500
# [2024-06-12 20:59:32] INFO: Calculated checksum: f39a28a6
# [2024-06-12 20:59:39] INFO: Calculated checksum: 34e9f133
# [2024-06-12 20:59:39] INFO: Writing RNGSTATE file: ./rand_s060t20_b0680700_a_U000874500
# [2024-06-12 20:59:39] INFO: Writing to disk took 9.39187 seconds
# [2024-06-12 20:59:39] INFO: ======================================================================
# [2024-06-12 20:59:39] INFO: Start sweeping...
# [2024-06-12 21:06:20] INFO: It took 401.387 seconds to do 500 HBOR sweeps.
# [2024-06-12 21:06:20] INFO: Plaquette = 0.659612
# [2024-06-12 21:06:20] INFO: Polyakov loop = (0.00186499,0.000160958)
# [2024-06-12 21:06:20] INFO: Writing conf to disk...
# [2024-06-12 21:06:20] INFO: writeconf_nersc: Writing NERSC configuration ./conf_s060t20_b0680700_a_U000875000
# [2024-06-12 21:06:23] INFO: Calculated checksum: d2204202
# [2024-06-12 21:06:28] INFO: Calculated checksum: 61dc48e1
# [2024-06-12 21:06:28] INFO: Writing RNGSTATE file: ./rand_s060t20_b0680700_a_U000875000
# [2024-06-12 21:06:28] INFO: Writing to disk took 7.93289 seconds
# [2024-06-12 21:06:28] INFO: ======================================================================
# [2024-06-12 21:06:28] INFO: Start sweeping...
# [2024-06-12 21:13:10] INFO: It took 401.45 seconds to do 500 HBOR sweeps.
# [2024-06-12 21:13:10] INFO: Plaquette = 0.659608
# [2024-06-12 21:13:10] INFO: Polyakov loop = (0.00282922,-3.63839e-06)
# [2024-06-12 21:13:10] INFO: Writing conf to disk...
# [2024-06-12 21:13:10] INFO: writeconf_nersc: Writing NERSC configuration ./conf_s060t20_b0680700_a_U000875500
# [2024-06-12 21:13:13] INFO: Calculated checksum: 2950af7b
# [2024-06-12 21:13:17] INFO: Calculated checksum: 45277d83
# [2024-06-12 21:13:17] INFO: Writing RNGSTATE file: ./rand_s060t20_b0680700_a_U000875500
# [2024-06-12 21:13:17] INFO: Writing to disk took 7.78315 seconds
# [2024-06-12 21:13:17] INFO: ======================================================================
# [2024-06-12 21:13:17] INFO: Start sweeping...
# [2024-06-12 21:19:59] INFO: It took 401.449 seconds to do 500 HBOR sweeps.
# [2024-06-12 21:19:59] INFO: Plaquette = 0.659638
# [2024-06-12 21:19:59] INFO: Polyakov loop = (0.0017138,0.00058874)
# [2024-06-12 21:19:59] INFO: Writing conf to disk...
# [2024-06-12 21:19:59] INFO: writeconf_nersc: Writing NERSC configuration ./conf_s060t20_b0680700_a_U000876000
# [2024-06-12 21:20:02] INFO: Calculated checksum: 53eda739
# [2024-06-12 21:20:06] INFO: Calculated checksum: df4b274f
# [2024-06-12 21:20:06] INFO: Writing RNGSTATE file: ./rand_s060t20_b0680700_a_U000876000
# [2024-06-12 21:20:07] INFO: Writing to disk took 7.71676 seconds
# [2024-06-12 21:20:07] INFO: ======================================================================
# [2024-06-12 21:20:07] INFO: Start sweeping...
# [2024-06-12 21:26:48] INFO: It took 401.446 seconds to do 500 HBOR sweeps.
# [2024-06-12 21:26:48] INFO: Plaquette = 0.659616
# [2024-06-12 21:26:48] INFO: Polyakov loop = (0.00143142,-0.000454008)
# [2024-06-12 21:26:48] INFO: Writing conf to disk...
# [2024-06-12 21:26:48] INFO: writeconf_nersc: Writing NERSC configuration ./conf_s060t20_b0680700_a_U000876500
# [2024-06-12 21:26:51] INFO: Calculated checksum: c2e5b7ec
# [2024-06-12 21:26:56] INFO: Calculated checksum: cac2a68a
# [2024-06-12 21:26:56] INFO: Writing RNGSTATE file: ./rand_s060t20_b0680700_a_U000876500
# [2024-06-12 21:26:56] INFO: Writing to disk took 7.7119 seconds
# [2024-06-12 21:26:56] INFO: ======================================================================
# [2024-06-12 21:26:56] INFO: Start sweeping...
# [2024-06-12 21:33:37] INFO: It took 401.438 seconds to do 500 HBOR sweeps.
# [2024-06-12 21:33:37] INFO: Plaquette = 0.659675
# [2024-06-12 21:33:37] INFO: Polyakov loop = (0.00339618,0.000582342)
# [2024-06-12 21:33:37] INFO: Writing conf to disk...
# [2024-06-12 21:33:37] INFO: writeconf_nersc: Writing NERSC configuration ./conf_s060t20_b0680700_a_U000877000
# [2024-06-12 21:33:40] INFO: Calculated checksum: acb3abe
# [2024-06-12 21:33:46] INFO: Calculated checksum: 9b155c9c
# [2024-06-12 21:33:46] INFO: Writing RNGSTATE file: ./rand_s060t20_b0680700_a_U000877000
# [2024-06-12 21:33:46] INFO: Writing to disk took 9.00201 seconds
# [2024-06-12 21:33:46] INFO: ======================================================================
# [2024-06-12 21:33:46] INFO: Start sweeping...
# [2024-06-12 21:40:28] INFO: It took 401.444 seconds to do 500 HBOR sweeps.
# [2024-06-12 21:40:28] INFO: Plaquette = 0.659752
# [2024-06-12 21:40:28] INFO: Polyakov loop = (0.00264856,-0.000742865)
# [2024-06-12 21:40:28] INFO: Writing conf to disk...
# [2024-06-12 21:40:28] INFO: writeconf_nersc: Writing NERSC configuration ./conf_s060t20_b0680700_a_U000877500
# [2024-06-12 21:40:31] INFO: Calculated checksum: b2e56a7f
# [2024-06-12 21:40:36] INFO: Calculated checksum: 4bc63f94
# [2024-06-12 21:40:36] INFO: Writing RNGSTATE file: ./rand_s060t20_b0680700_a_U000877500
# [2024-06-12 21:40:36] INFO: Writing to disk took 8.53541 seconds
# [2024-06-12 21:40:36] INFO: ======================================================================
# [2024-06-12 21:40:36] INFO: Start sweeping...
# [2024-06-12 21:47:18] INFO: It took 401.451 seconds to do 500 HBOR sweeps.
# [2024-06-12 21:47:18] INFO: Plaquette = 0.659601
# [2024-06-12 21:47:18] INFO: Polyakov loop = (0.00222095,-0.000123739)
# [2024-06-12 21:47:18] INFO: Writing conf to disk...
# [2024-06-12 21:47:18] INFO: writeconf_nersc: Writing NERSC configuration ./conf_s060t20_b0680700_a_U000878000
# [2024-06-12 21:47:21] INFO: Calculated checksum: 12d8db46
# [2024-06-12 21:47:26] INFO: Calculated checksum: df880255
# [2024-06-12 21:47:26] INFO: Writing RNGSTATE file: ./rand_s060t20_b0680700_a_U000878000
# [2024-06-12 21:47:26] INFO: Writing to disk took 7.96852 seconds
# [2024-06-12 21:47:26] INFO: ======================================================================
# [2024-06-12 21:47:26] INFO: Start sweeping...
# [2024-06-12 21:54:07] INFO: It took 401.45 seconds to do 500 HBOR sweeps.
# [2024-06-12 21:54:07] INFO: Plaquette = 0.659588
# [2024-06-12 21:54:07] INFO: Polyakov loop = (0.00172816,0.0013549)
# [2024-06-12 21:54:07] INFO: Writing conf to disk...
# [2024-06-12 21:54:07] INFO: writeconf_nersc: Writing NERSC configuration ./conf_s060t20_b0680700_a_U000878500
# [2024-06-12 21:54:10] INFO: Calculated checksum: 8e1a855e
# [2024-06-12 21:54:16] INFO: Calculated checksum: 9b44d05c
# [2024-06-12 21:54:16] INFO: Writing RNGSTATE file: ./rand_s060t20_b0680700_a_U000878500
# [2024-06-12 21:54:16] INFO: Writing to disk took 8.89428 seconds
# [2024-06-12 21:54:16] INFO: ======================================================================
# [2024-06-12 21:54:16] INFO: Start sweeping...
# [2024-06-12 22:00:58] INFO: It took 401.433 seconds to do 500 HBOR sweeps.
# [2024-06-12 22:00:58] INFO: Plaquette = 0.659718
# [2024-06-12 22:00:58] INFO: Polyakov loop = (0.00180959,-0.000249954)
# [2024-06-12 22:00:58] INFO: Writing conf to disk...
# [2024-06-12 22:00:58] INFO: writeconf_nersc: Writing NERSC configuration ./conf_s060t20_b0680700_a_U000879000
# [2024-06-12 22:01:01] INFO: Calculated checksum: 6468b7e3
# [2024-06-12 22:01:06] INFO: Calculated checksum: d96a60e2
# [2024-06-12 22:01:06] INFO: Writing RNGSTATE file: ./rand_s060t20_b0680700_a_U000879000
# [2024-06-12 22:01:06] INFO: Writing to disk took 8.11439 seconds
# [2024-06-12 22:01:06] INFO: ======================================================================
# [2024-06-12 22:01:06] INFO: Start sweeping...
# [2024-06-12 22:07:47] INFO: It took 401.442 seconds to do 500 HBOR sweeps.
# [2024-06-12 22:07:47] INFO: Plaquette = 0.659643
# [2024-06-12 22:07:47] INFO: Polyakov loop = (0.00272129,-0.00043876)
# [2024-06-12 22:07:47] INFO: Writing conf to disk...
# [2024-06-12 22:07:47] INFO: writeconf_nersc: Writing NERSC configuration ./conf_s060t20_b0680700_a_U000879500
# [2024-06-12 22:07:50] INFO: Calculated checksum: 57b89cd3
# [2024-06-12 22:07:55] INFO: Calculated checksum: 94f71b14
# [2024-06-12 22:07:55] INFO: Writing RNGSTATE file: ./rand_s060t20_b0680700_a_U000879500
# [2024-06-12 22:07:55] INFO: Writing to disk took 7.67449 seconds
# [2024-06-12 22:07:55] INFO: ======================================================================
# [2024-06-12 22:07:55] INFO: Start sweeping...
# [2024-06-12 22:14:36] INFO: It took 401.457 seconds to do 500 HBOR sweeps.
# [2024-06-12 22:14:36] INFO: Plaquette = 0.659698
# [2024-06-12 22:14:36] INFO: Polyakov loop = (0.00205454,-0.000575622)
# [2024-06-12 22:14:36] INFO: Writing conf to disk...
# [2024-06-12 22:14:36] INFO: writeconf_nersc: Writing NERSC configuration ./conf_s060t20_b0680700_a_U000880000
# [2024-06-12 22:14:39] INFO: Calculated checksum: 257059e9
# [2024-06-12 22:14:44] INFO: Calculated checksum: 258b4797
# [2024-06-12 22:14:44] INFO: Writing RNGSTATE file: ./rand_s060t20_b0680700_a_U000880000
# [2024-06-12 22:14:44] INFO: Writing to disk took 7.76054 seconds
# [2024-06-12 22:14:44] INFO: ======================================================================
# [2024-06-12 22:14:44] INFO: Start sweeping...
# [2024-06-12 22:21:26] INFO: It took 401.462 seconds to do 500 HBOR sweeps.
# [2024-06-12 22:21:26] INFO: Plaquette = 0.659625
# [2024-06-12 22:21:26] INFO: Polyakov loop = (0.00279124,-0.000592118)
# [2024-06-12 22:21:26] INFO: Writing conf to disk...
# [2024-06-12 22:21:26] INFO: writeconf_nersc: Writing NERSC configuration ./conf_s060t20_b0680700_a_U000880500
# [2024-06-12 22:21:29] INFO: Calculated checksum: 9563771a
# [2024-06-12 22:21:40] INFO: Calculated checksum: a1176dae
# [2024-06-12 22:21:40] INFO: Writing RNGSTATE file: ./rand_s060t20_b0680700_a_U000880500
# [2024-06-12 22:21:40] INFO: Writing to disk took 14.4411 seconds
# [2024-06-12 22:21:40] INFO: ======================================================================
# [2024-06-12 22:21:40] INFO: Start sweeping...
# [2024-06-12 22:28:22] INFO: It took 401.296 seconds to do 500 HBOR sweeps.
# [2024-06-12 22:28:22] INFO: Plaquette = 0.659688
# [2024-06-12 22:28:22] INFO: Polyakov loop = (0.00300369,-0.000325282)
# [2024-06-12 22:28:22] INFO: Writing conf to disk...
# [2024-06-12 22:28:22] INFO: writeconf_nersc: Writing NERSC configuration ./conf_s060t20_b0680700_a_U000881000
# [2024-06-12 22:28:25] INFO: Calculated checksum: 1f6d8abd
# [2024-06-12 22:28:29] INFO: Calculated checksum: 6d2b4039
# [2024-06-12 22:28:29] INFO: Writing RNGSTATE file: ./rand_s060t20_b0680700_a_U000881000
# [2024-06-12 22:28:30] INFO: Writing to disk took 7.95311 seconds
# [2024-06-12 22:28:30] INFO: ======================================================================
# [2024-06-12 22:28:30] INFO: Start sweeping...
# [2024-06-12 22:35:11] INFO: It took 401.466 seconds to do 500 HBOR sweeps.
# [2024-06-12 22:35:11] INFO: Plaquette = 0.659625
# [2024-06-12 22:35:11] INFO: Polyakov loop = (0.00214243,0.000710691)
# [2024-06-12 22:35:11] INFO: Writing conf to disk...
# [2024-06-12 22:35:11] INFO: writeconf_nersc: Writing NERSC configuration ./conf_s060t20_b0680700_a_U000881500
# [2024-06-12 22:35:14] INFO: Calculated checksum: c742226c
# [2024-06-12 22:35:19] INFO: Calculated checksum: dd2231e9
# [2024-06-12 22:35:19] INFO: Writing RNGSTATE file: ./rand_s060t20_b0680700_a_U000881500
# [2024-06-12 22:35:19] INFO: Writing to disk took 7.62012 seconds
# [2024-06-12 22:35:19] INFO: ======================================================================
# [2024-06-12 22:35:19] INFO: Start sweeping...
# [2024-06-12 22:42:00] INFO: It took 401.443 seconds to do 500 HBOR sweeps.
# [2024-06-12 22:42:00] INFO: Plaquette = 0.659752
# [2024-06-12 22:42:00] INFO: Polyakov loop = (0.00285194,-5.36822e-05)
# [2024-06-12 22:42:00] INFO: Writing conf to disk...
# [2024-06-12 22:42:00] INFO: writeconf_nersc: Writing NERSC configuration ./conf_s060t20_b0680700_a_U000882000
# [2024-06-12 22:42:03] INFO: Calculated checksum: f0f8a05c
# [2024-06-12 22:42:08] INFO: Calculated checksum: 6b1d45d1
# [2024-06-12 22:42:08] INFO: Writing RNGSTATE file: ./rand_s060t20_b0680700_a_U000882000
# [2024-06-12 22:42:08] INFO: Writing to disk took 7.55982 seconds
# [2024-06-12 22:42:08] INFO: ======================================================================
# [2024-06-12 22:42:08] INFO: Start sweeping...
# [2024-06-12 22:48:49] INFO: It took 401.436 seconds to do 500 HBOR sweeps.
# [2024-06-12 22:48:49] INFO: Plaquette = 0.659639
# [2024-06-12 22:48:49] INFO: Polyakov loop = (0.00241765,0.000476789)
# [2024-06-12 22:48:49] INFO: Writing conf to disk...
# [2024-06-12 22:48:49] INFO: writeconf_nersc: Writing NERSC configuration ./conf_s060t20_b0680700_a_U000882500
# [2024-06-12 22:48:52] INFO: Calculated checksum: 40c4b9b8
# [2024-06-12 22:48:57] INFO: Calculated checksum: 1d781ed4
# [2024-06-12 22:48:57] INFO: Writing RNGSTATE file: ./rand_s060t20_b0680700_a_U000882500
# [2024-06-12 22:48:57] INFO: Writing to disk took 7.68457 seconds
# [2024-06-12 22:48:57] INFO: ======================================================================
# [2024-06-12 22:48:57] INFO: Start sweeping...
# [2024-06-12 22:55:38] INFO: It took 401.451 seconds to do 500 HBOR sweeps.
# [2024-06-12 22:55:38] INFO: Plaquette = 0.659565
# [2024-06-12 22:55:38] INFO: Polyakov loop = (0.00294445,0.000330003)
# [2024-06-12 22:55:38] INFO: Writing conf to disk...
# [2024-06-12 22:55:38] INFO: writeconf_nersc: Writing NERSC configuration ./conf_s060t20_b0680700_a_U000883000
# [2024-06-12 22:55:41] INFO: Calculated checksum: 9f1dc612
# [2024-06-12 22:55:47] INFO: Calculated checksum: 5d664046
# [2024-06-12 22:55:47] INFO: Writing RNGSTATE file: ./rand_s060t20_b0680700_a_U000883000
# [2024-06-12 22:55:47] INFO: Writing to disk took 8.1892 seconds
# [2024-06-12 22:55:47] INFO: ======================================================================
# [2024-06-12 22:55:47] INFO: Start sweeping...
# [2024-06-12 23:02:28] INFO: It took 401.476 seconds to do 500 HBOR sweeps.
# [2024-06-12 23:02:28] INFO: Plaquette = 0.659604
# [2024-06-12 23:02:28] INFO: Polyakov loop = (0.00225218,0.000232408)
# [2024-06-12 23:02:28] INFO: Writing conf to disk...
# [2024-06-12 23:02:28] INFO: writeconf_nersc: Writing NERSC configuration ./conf_s060t20_b0680700_a_U000883500
# [2024-06-12 23:02:31] INFO: Calculated checksum: df9b316a
# [2024-06-12 23:02:36] INFO: Calculated checksum: 8a264045
# [2024-06-12 23:02:36] INFO: Writing RNGSTATE file: ./rand_s060t20_b0680700_a_U000883500
# [2024-06-12 23:02:36] INFO: Writing to disk took 7.6297 seconds
# [2024-06-12 23:02:36] INFO: ======================================================================
# [2024-06-12 23:02:36] INFO: Start sweeping...
# [2024-06-12 23:09:17] INFO: It took 401.438 seconds to do 500 HBOR sweeps.
# [2024-06-12 23:09:17] INFO: Plaquette = 0.659614
# [2024-06-12 23:09:17] INFO: Polyakov loop = (0.00335813,0.000584832)
# [2024-06-12 23:09:17] INFO: Writing conf to disk...
# [2024-06-12 23:09:17] INFO: writeconf_nersc: Writing NERSC configuration ./conf_s060t20_b0680700_a_U000884000
# [2024-06-12 23:09:20] INFO: Calculated checksum: bbd36c4e
# [2024-06-12 23:09:25] INFO: Calculated checksum: 57dea4e9
# [2024-06-12 23:09:25] INFO: Writing RNGSTATE file: ./rand_s060t20_b0680700_a_U000884000
# [2024-06-12 23:09:25] INFO: Writing to disk took 8.01758 seconds
# [2024-06-12 23:09:25] INFO: ======================================================================
# [2024-06-12 23:09:25] INFO: Start sweeping...
# [2024-06-12 23:16:07] INFO: It took 401.452 seconds to do 500 HBOR sweeps.
# [2024-06-12 23:16:07] INFO: Plaquette = 0.659566
# [2024-06-12 23:16:07] INFO: Polyakov loop = (0.0019745,0.000348442)
# [2024-06-12 23:16:07] INFO: Writing conf to disk...
# [2024-06-12 23:16:07] INFO: writeconf_nersc: Writing NERSC configuration ./conf_s060t20_b0680700_a_U000884500
# [2024-06-12 23:16:10] INFO: Calculated checksum: a5bfd086
# [2024-06-12 23:16:17] INFO: Calculated checksum: a6694a3e
# [2024-06-12 23:16:17] INFO: Writing RNGSTATE file: ./rand_s060t20_b0680700_a_U000884500
# [2024-06-12 23:16:17] INFO: Writing to disk took 9.86545 seconds
# [2024-06-12 23:16:17] INFO: ======================================================================
# [2024-06-12 23:16:17] INFO: Start sweeping...
# [2024-06-12 23:22:58] INFO: It took 401.445 seconds to do 500 HBOR sweeps.
# [2024-06-12 23:22:58] INFO: Plaquette = 0.659714
# [2024-06-12 23:22:58] INFO: Polyakov loop = (0.00189131,6.27301e-05)
# [2024-06-12 23:22:58] INFO: Writing conf to disk...
# [2024-06-12 23:22:58] INFO: writeconf_nersc: Writing NERSC configuration ./conf_s060t20_b0680700_a_U000885000
# [2024-06-12 23:23:01] INFO: Calculated checksum: a48d1a87
# [2024-06-12 23:23:06] INFO: Calculated checksum: bfa0d09c
# [2024-06-12 23:23:06] INFO: Writing RNGSTATE file: ./rand_s060t20_b0680700_a_U000885000
# [2024-06-12 23:23:06] INFO: Writing to disk took 7.61309 seconds
# [2024-06-12 23:23:06] INFO: ======================================================================
# [2024-06-12 23:23:06] INFO: Start sweeping...
# [2024-06-12 23:29:47] INFO: It took 401.455 seconds to do 500 HBOR sweeps.
# [2024-06-12 23:29:47] INFO: Plaquette = 0.659571
# [2024-06-12 23:29:47] INFO: Polyakov loop = (0.00313605,-0.000411756)
# [2024-06-12 23:29:47] INFO: Writing conf to disk...
# [2024-06-12 23:29:47] INFO: writeconf_nersc: Writing NERSC configuration ./conf_s060t20_b0680700_a_U000885500
# [2024-06-12 23:29:50] INFO: Calculated checksum: 81dc2645
# [2024-06-12 23:29:58] INFO: Calculated checksum: 799fdc93
# [2024-06-12 23:29:58] INFO: Writing RNGSTATE file: ./rand_s060t20_b0680700_a_U000885500
# [2024-06-12 23:29:58] INFO: Writing to disk took 10.8325 seconds
# [2024-06-12 23:29:58] INFO: ======================================================================
# [2024-06-12 23:29:58] INFO: Start sweeping...
# [2024-06-12 23:36:40] INFO: It took 401.404 seconds to do 500 HBOR sweeps.
# [2024-06-12 23:36:40] INFO: Plaquette = 0.659599
# [2024-06-12 23:36:40] INFO: Polyakov loop = (0.00158447,-0.000110275)
# [2024-06-12 23:36:40] INFO: Writing conf to disk...
# [2024-06-12 23:36:40] INFO: writeconf_nersc: Writing NERSC configuration ./conf_s060t20_b0680700_a_U000886000
# [2024-06-12 23:36:42] INFO: Calculated checksum: e9eb66e6
# [2024-06-12 23:36:47] INFO: Calculated checksum: e0c3cec5
# [2024-06-12 23:36:47] INFO: Writing RNGSTATE file: ./rand_s060t20_b0680700_a_U000886000
# [2024-06-12 23:36:48] INFO: Writing to disk took 8.05782 seconds
# [2024-06-12 23:36:48] INFO: ======================================================================
# [2024-06-12 23:36:48] INFO: Start sweeping...
# [2024-06-12 23:43:29] INFO: It took 401.432 seconds to do 500 HBOR sweeps.
# [2024-06-12 23:43:29] INFO: Plaquette = 0.659741
# [2024-06-12 23:43:29] INFO: Polyakov loop = (0.00167029,0.000538355)
# [2024-06-12 23:43:29] INFO: Writing conf to disk...
# [2024-06-12 23:43:29] INFO: writeconf_nersc: Writing NERSC configuration ./conf_s060t20_b0680700_a_U000886500
# [2024-06-12 23:43:32] INFO: Calculated checksum: 83f43e66
# [2024-06-12 23:43:37] INFO: Calculated checksum: ada07d0
# [2024-06-12 23:43:37] INFO: Writing RNGSTATE file: ./rand_s060t20_b0680700_a_U000886500
# [2024-06-12 23:43:37] INFO: Writing to disk took 7.6059 seconds
# [2024-06-12 23:43:37] INFO: ======================================================================
# [2024-06-12 23:43:37] INFO: Start sweeping...
# [2024-06-12 23:50:18] INFO: It took 401.476 seconds to do 500 HBOR sweeps.
# [2024-06-12 23:50:18] INFO: Plaquette = 0.659586
# [2024-06-12 23:50:18] INFO: Polyakov loop = (0.00255354,0.00030265)
# [2024-06-12 23:50:18] INFO: Writing conf to disk...
# [2024-06-12 23:50:18] INFO: writeconf_nersc: Writing NERSC configuration ./conf_s060t20_b0680700_a_U000887000
# [2024-06-12 23:50:21] INFO: Calculated checksum: 4c54cd6f
# [2024-06-12 23:50:28] INFO: Calculated checksum: 45cefe9f
# [2024-06-12 23:50:28] INFO: Writing RNGSTATE file: ./rand_s060t20_b0680700_a_U000887000
# [2024-06-12 23:50:29] INFO: Writing to disk took 10.2362 seconds
# [2024-06-12 23:50:29] INFO: ======================================================================
# [2024-06-12 23:50:29] INFO: Start sweeping...
# [2024-06-12 23:57:10] INFO: It took 401.417 seconds to do 500 HBOR sweeps.
# [2024-06-12 23:57:10] INFO: Plaquette = 0.659628
# [2024-06-12 23:57:10] INFO: Polyakov loop = (0.00221355,0.000409339)
# [2024-06-12 23:57:10] INFO: Writing conf to disk...
# [2024-06-12 23:57:10] INFO: writeconf_nersc: Writing NERSC configuration ./conf_s060t20_b0680700_a_U000887500
# [2024-06-12 23:57:13] INFO: Calculated checksum: 740683ba
# [2024-06-12 23:57:17] INFO: Calculated checksum: 81930a19
# [2024-06-12 23:57:17] INFO: Writing RNGSTATE file: ./rand_s060t20_b0680700_a_U000887500
# [2024-06-12 23:57:18] INFO: Writing to disk took 7.62502 seconds
# [2024-06-12 23:57:18] INFO: ======================================================================
# [2024-06-12 23:57:18] INFO: Start sweeping...
# [2024-06-13 00:03:59] INFO: It took 401.493 seconds to do 500 HBOR sweeps.
# [2024-06-13 00:03:59] INFO: Plaquette = 0.659646
# [2024-06-13 00:03:59] INFO: Polyakov loop = (0.00241449,8.37282e-05)
# [2024-06-13 00:03:59] INFO: Writing conf to disk...
# [2024-06-13 00:03:59] INFO: writeconf_nersc: Writing NERSC configuration ./conf_s060t20_b0680700_a_U000888000
# [2024-06-13 00:04:02] INFO: Calculated checksum: 843a69d1
# [2024-06-13 00:04:07] INFO: Calculated checksum: 81819677
# [2024-06-13 00:04:07] INFO: Writing RNGSTATE file: ./rand_s060t20_b0680700_a_U000888000
# [2024-06-13 00:04:07] INFO: Writing to disk took 7.59212 seconds
# [2024-06-13 00:04:07] INFO: ======================================================================
# [2024-06-13 00:04:07] INFO: Start sweeping...
# [2024-06-13 00:10:48] INFO: It took 401.489 seconds to do 500 HBOR sweeps.
# [2024-06-13 00:10:49] INFO: Plaquette = 0.659732
# [2024-06-13 00:10:49] INFO: Polyakov loop = (0.00227554,-0.000470456)
# [2024-06-13 00:10:49] INFO: Writing conf to disk...
# [2024-06-13 00:10:49] INFO: writeconf_nersc: Writing NERSC configuration ./conf_s060t20_b0680700_a_U000888500
# [2024-06-13 00:10:52] INFO: Calculated checksum: b6641ad6
# [2024-06-13 00:10:58] INFO: Calculated checksum: 2a38ed12
# [2024-06-13 00:10:58] INFO: Writing RNGSTATE file: ./rand_s060t20_b0680700_a_U000888500
# [2024-06-13 00:10:58] INFO: Writing to disk took 9.5952 seconds
# [2024-06-13 00:10:58] INFO: ======================================================================
# [2024-06-13 00:10:58] INFO: Start sweeping...
# [2024-06-13 00:17:40] INFO: It took 401.424 seconds to do 500 HBOR sweeps.
# [2024-06-13 00:17:40] INFO: Plaquette = 0.659713
# [2024-06-13 00:17:40] INFO: Polyakov loop = (0.00317978,0.000813873)
# [2024-06-13 00:17:40] INFO: Writing conf to disk...
# [2024-06-13 00:17:40] INFO: writeconf_nersc: Writing NERSC configuration ./conf_s060t20_b0680700_a_U000889000
# [2024-06-13 00:17:42] INFO: Calculated checksum: 8601fd6c
# [2024-06-13 00:17:47] INFO: Calculated checksum: 38e44a8
# [2024-06-13 00:17:47] INFO: Writing RNGSTATE file: ./rand_s060t20_b0680700_a_U000889000
# [2024-06-13 00:17:47] INFO: Writing to disk took 7.28581 seconds
# [2024-06-13 00:17:47] INFO: ======================================================================
# [2024-06-13 00:17:47] INFO: Start sweeping...
# [2024-06-13 00:24:28] INFO: It took 401.459 seconds to do 500 HBOR sweeps.
# [2024-06-13 00:24:28] INFO: Plaquette = 0.659693
# [2024-06-13 00:24:28] INFO: Polyakov loop = (0.00295815,-7.38443e-05)
# [2024-06-13 00:24:28] INFO: Writing conf to disk...
# [2024-06-13 00:24:28] INFO: writeconf_nersc: Writing NERSC configuration ./conf_s060t20_b0680700_a_U000889500
# [2024-06-13 00:24:31] INFO: Calculated checksum: 9a881007
# [2024-06-13 00:24:36] INFO: Calculated checksum: 4e057ba9
# [2024-06-13 00:24:36] INFO: Writing RNGSTATE file: ./rand_s060t20_b0680700_a_U000889500
# [2024-06-13 00:24:36] INFO: Writing to disk took 7.72442 seconds
# [2024-06-13 00:24:36] INFO: ======================================================================
# [2024-06-13 00:24:36] INFO: Start sweeping...
# [2024-06-13 00:31:18] INFO: It took 401.47 seconds to do 500 HBOR sweeps.
# [2024-06-13 00:31:18] INFO: Plaquette = 0.659622
# [2024-06-13 00:31:18] INFO: Polyakov loop = (0.0031689,-2.00339e-05)
# [2024-06-13 00:31:18] INFO: Writing conf to disk...
# [2024-06-13 00:31:18] INFO: writeconf_nersc: Writing NERSC configuration ./conf_s060t20_b0680700_a_U000890000
# [2024-06-13 00:31:21] INFO: Calculated checksum: fd41da71
# [2024-06-13 00:31:25] INFO: Calculated checksum: d89c3fc3
# [2024-06-13 00:31:26] INFO: Writing RNGSTATE file: ./rand_s060t20_b0680700_a_U000890000
# [2024-06-13 00:31:26] INFO: Writing to disk took 8.51731 seconds
# [2024-06-13 00:31:26] INFO: ======================================================================
# [2024-06-13 00:31:26] INFO: Start sweeping...
# [2024-06-13 00:38:08] INFO: It took 401.468 seconds to do 500 HBOR sweeps.
# [2024-06-13 00:38:08] INFO: Plaquette = 0.659678
# [2024-06-13 00:38:08] INFO: Polyakov loop = (0.00374772,0.000132686)
# [2024-06-13 00:38:08] INFO: Writing conf to disk...
# [2024-06-13 00:38:08] INFO: writeconf_nersc: Writing NERSC configuration ./conf_s060t20_b0680700_a_U000890500
# [2024-06-13 00:38:11] INFO: Calculated checksum: fa8964c9
# [2024-06-13 00:38:15] INFO: Calculated checksum: 9456662c
# [2024-06-13 00:38:15] INFO: Writing RNGSTATE file: ./rand_s060t20_b0680700_a_U000890500
# [2024-06-13 00:38:15] INFO: Writing to disk took 7.46147 seconds
# [2024-06-13 00:38:15] INFO: ======================================================================
# [2024-06-13 00:38:15] INFO: Start sweeping...
# [2024-06-13 00:44:57] INFO: It took 401.468 seconds to do 500 HBOR sweeps.
# [2024-06-13 00:44:57] INFO: Plaquette = 0.659684
# [2024-06-13 00:44:57] INFO: Polyakov loop = (0.00231502,-0.000323182)
# [2024-06-13 00:44:57] INFO: Writing conf to disk...
# [2024-06-13 00:44:57] INFO: writeconf_nersc: Writing NERSC configuration ./conf_s060t20_b0680700_a_U000891000
# [2024-06-13 00:45:00] INFO: Calculated checksum: 8fae130f
# [2024-06-13 00:45:05] INFO: Calculated checksum: 2f594ae8
# [2024-06-13 00:45:05] INFO: Writing RNGSTATE file: ./rand_s060t20_b0680700_a_U000891000
# [2024-06-13 00:45:05] INFO: Writing to disk took 7.98959 seconds
# [2024-06-13 00:45:05] INFO: ======================================================================
# [2024-06-13 00:45:05] INFO: Start sweeping...
# [2024-06-13 00:51:46] INFO: It took 401.444 seconds to do 500 HBOR sweeps.
# [2024-06-13 00:51:46] INFO: Plaquette = 0.659669
# [2024-06-13 00:51:46] INFO: Polyakov loop = (0.00231655,2.51013e-05)
# [2024-06-13 00:51:46] INFO: Writing conf to disk...
# [2024-06-13 00:51:46] INFO: writeconf_nersc: Writing NERSC configuration ./conf_s060t20_b0680700_a_U000891500
# [2024-06-13 00:51:49] INFO: Calculated checksum: a2f80bef
# [2024-06-13 00:51:54] INFO: Calculated checksum: 50eb96df
# [2024-06-13 00:51:54] INFO: Writing RNGSTATE file: ./rand_s060t20_b0680700_a_U000891500
# [2024-06-13 00:51:54] INFO: Writing to disk took 7.71296 seconds
# [2024-06-13 00:51:54] INFO: ======================================================================
# [2024-06-13 00:51:54] INFO: Start sweeping...
# [2024-06-13 00:58:35] INFO: It took 401.455 seconds to do 500 HBOR sweeps.
# [2024-06-13 00:58:35] INFO: Plaquette = 0.659734
# [2024-06-13 00:58:35] INFO: Polyakov loop = (0.00143951,0.00184535)
# [2024-06-13 00:58:35] INFO: Writing conf to disk...
# [2024-06-13 00:58:35] INFO: writeconf_nersc: Writing NERSC configuration ./conf_s060t20_b0680700_a_U000892000
# [2024-06-13 00:58:38] INFO: Calculated checksum: b4b49d18
# [2024-06-13 00:58:43] INFO: Calculated checksum: c364237e
# [2024-06-13 00:58:43] INFO: Writing RNGSTATE file: ./rand_s060t20_b0680700_a_U000892000
# [2024-06-13 00:58:44] INFO: Writing to disk took 8.18223 seconds
# [2024-06-13 00:58:44] INFO: ======================================================================
# [2024-06-13 00:58:44] INFO: Start sweeping...
# [2024-06-13 01:05:25] INFO: It took 401.465 seconds to do 500 HBOR sweeps.
# [2024-06-13 01:05:25] INFO: Plaquette = 0.659696
# [2024-06-13 01:05:25] INFO: Polyakov loop = (0.00202884,-0.000694767)
# [2024-06-13 01:05:25] INFO: Writing conf to disk...
# [2024-06-13 01:05:25] INFO: writeconf_nersc: Writing NERSC configuration ./conf_s060t20_b0680700_a_U000892500
# [2024-06-13 01:05:28] INFO: Calculated checksum: 75d595b7
# [2024-06-13 01:05:34] INFO: Calculated checksum: a4959718
# [2024-06-13 01:05:34] INFO: Writing RNGSTATE file: ./rand_s060t20_b0680700_a_U000892500
# [2024-06-13 01:05:34] INFO: Writing to disk took 8.9081 seconds
# [2024-06-13 01:05:34] INFO: ======================================================================
# [2024-06-13 01:05:34] INFO: Start sweeping...
# [2024-06-13 01:12:15] INFO: It took 401.433 seconds to do 500 HBOR sweeps.
# [2024-06-13 01:12:15] INFO: Plaquette = 0.659685
# [2024-06-13 01:12:15] INFO: Polyakov loop = (0.00213679,0.000176376)
# [2024-06-13 01:12:15] INFO: Writing conf to disk...
# [2024-06-13 01:12:15] INFO: writeconf_nersc: Writing NERSC configuration ./conf_s060t20_b0680700_a_U000893000
# [2024-06-13 01:12:18] INFO: Calculated checksum: 2041eda2
# [2024-06-13 01:12:23] INFO: Calculated checksum: cced455b
# [2024-06-13 01:12:23] INFO: Writing RNGSTATE file: ./rand_s060t20_b0680700_a_U000893000
# [2024-06-13 01:12:24] INFO: Writing to disk took 8.19947 seconds
# [2024-06-13 01:12:24] INFO: ======================================================================
# [2024-06-13 01:12:24] INFO: Start sweeping...
# [2024-06-13 01:19:05] INFO: It took 401.478 seconds to do 500 HBOR sweeps.
# [2024-06-13 01:19:05] INFO: Plaquette = 0.659675
# [2024-06-13 01:19:05] INFO: Polyakov loop = (0.00223902,0.000387169)
# [2024-06-13 01:19:05] INFO: Writing conf to disk...
# [2024-06-13 01:19:05] INFO: writeconf_nersc: Writing NERSC configuration ./conf_s060t20_b0680700_a_U000893500
# [2024-06-13 01:19:08] INFO: Calculated checksum: f4dd2003
# [2024-06-13 01:19:17] INFO: Calculated checksum: 3f3ba131
# [2024-06-13 01:19:17] INFO: Writing RNGSTATE file: ./rand_s060t20_b0680700_a_U000893500
# [2024-06-13 01:19:18] INFO: Writing to disk took 12.5381 seconds
# [2024-06-13 01:19:18] INFO: ======================================================================
# [2024-06-13 01:19:18] INFO: Start sweeping...
# [2024-06-13 01:25:59] INFO: It took 401.346 seconds to do 500 HBOR sweeps.
# [2024-06-13 01:25:59] INFO: Plaquette = 0.659694
# [2024-06-13 01:25:59] INFO: Polyakov loop = (0.00288577,-0.000104613)
# [2024-06-13 01:25:59] INFO: Writing conf to disk...
# [2024-06-13 01:25:59] INFO: writeconf_nersc: Writing NERSC configuration ./conf_s060t20_b0680700_a_U000894000
# [2024-06-13 01:26:02] INFO: Calculated checksum: e6cb68d3
# [2024-06-13 01:26:07] INFO: Calculated checksum: 32dd8596
# [2024-06-13 01:26:07] INFO: Writing RNGSTATE file: ./rand_s060t20_b0680700_a_U000894000
# [2024-06-13 01:26:07] INFO: Writing to disk took 7.73067 seconds
# [2024-06-13 01:26:07] INFO: ======================================================================
# [2024-06-13 01:26:07] INFO: Start sweeping...
# [2024-06-13 01:32:48] INFO: It took 401.481 seconds to do 500 HBOR sweeps.
# [2024-06-13 01:32:49] INFO: Plaquette = 0.659651
# [2024-06-13 01:32:49] INFO: Polyakov loop = (0.0024332,-0.000223658)
# [2024-06-13 01:32:49] INFO: Writing conf to disk...
# [2024-06-13 01:32:49] INFO: writeconf_nersc: Writing NERSC configuration ./conf_s060t20_b0680700_a_U000894500
# [2024-06-13 01:32:52] INFO: Calculated checksum: fd1a5dc4
# [2024-06-13 01:33:03] INFO: Calculated checksum: d84a64a0
# [2024-06-13 01:33:03] INFO: Writing RNGSTATE file: ./rand_s060t20_b0680700_a_U000894500
# [2024-06-13 01:33:03] INFO: Writing to disk took 14.1551 seconds
# [2024-06-13 01:33:03] INFO: ======================================================================
# [2024-06-13 01:33:03] INFO: Start sweeping...
# [2024-06-13 01:39:44] INFO: It took 401.31 seconds to do 500 HBOR sweeps.
# [2024-06-13 01:39:44] INFO: Plaquette = 0.659637
# [2024-06-13 01:39:44] INFO: Polyakov loop = (0.00301784,0.00021007)
# [2024-06-13 01:39:44] INFO: Writing conf to disk...
# [2024-06-13 01:39:44] INFO: writeconf_nersc: Writing NERSC configuration ./conf_s060t20_b0680700_a_U000895000
# [2024-06-13 01:39:47] INFO: Calculated checksum: 1d60ae17
# [2024-06-13 01:39:54] INFO: Calculated checksum: bef10cd6
# [2024-06-13 01:39:54] INFO: Writing RNGSTATE file: ./rand_s060t20_b0680700_a_U000895000
# [2024-06-13 01:39:54] INFO: Writing to disk took 10.1924 seconds
# [2024-06-13 01:39:54] INFO: ======================================================================
# [2024-06-13 01:39:54] INFO: Start sweeping...
# [2024-06-13 01:46:36] INFO: It took 401.428 seconds to do 500 HBOR sweeps.
# [2024-06-13 01:46:36] INFO: Plaquette = 0.659602
# [2024-06-13 01:46:36] INFO: Polyakov loop = (0.00255317,-0.000386789)
# [2024-06-13 01:46:36] INFO: Writing conf to disk...
# [2024-06-13 01:46:36] INFO: writeconf_nersc: Writing NERSC configuration ./conf_s060t20_b0680700_a_U000895500
# [2024-06-13 01:46:39] INFO: Calculated checksum: b4515bc7
# [2024-06-13 01:46:50] INFO: Calculated checksum: e0c5b260
# [2024-06-13 01:46:50] INFO: Writing RNGSTATE file: ./rand_s060t20_b0680700_a_U000895500
# [2024-06-13 01:46:51] INFO: Writing to disk took 14.9959 seconds
# [2024-06-13 01:46:51] INFO: ======================================================================
# [2024-06-13 01:46:51] INFO: Start sweeping...
# [2024-06-13 01:53:32] INFO: It took 401.284 seconds to do 500 HBOR sweeps.
# [2024-06-13 01:53:32] INFO: Plaquette = 0.659696
# [2024-06-13 01:53:32] INFO: Polyakov loop = (0.00193096,-0.000153319)
# [2024-06-13 01:53:32] INFO: Writing conf to disk...
# [2024-06-13 01:53:32] INFO: writeconf_nersc: Writing NERSC configuration ./conf_s060t20_b0680700_a_U000896000
# [2024-06-13 01:53:35] INFO: Calculated checksum: e0781185
# [2024-06-13 01:53:46] INFO: Calculated checksum: 47d84ac9
# [2024-06-13 01:53:46] INFO: Writing RNGSTATE file: ./rand_s060t20_b0680700_a_U000896000
# [2024-06-13 01:53:46] INFO: Writing to disk took 13.8662 seconds
# [2024-06-13 01:53:46] INFO: ======================================================================
# [2024-06-13 01:53:46] INFO: Start sweeping...
# [2024-06-13 02:00:27] INFO: It took 401.306 seconds to do 500 HBOR sweeps.
# [2024-06-13 02:00:27] INFO: Plaquette = 0.659697
# [2024-06-13 02:00:27] INFO: Polyakov loop = (0.00224105,-0.000534982)
# [2024-06-13 02:00:27] INFO: Writing conf to disk...
# [2024-06-13 02:00:27] INFO: writeconf_nersc: Writing NERSC configuration ./conf_s060t20_b0680700_a_U000896500
# [2024-06-13 02:00:30] INFO: Calculated checksum: b786d6b8
# [2024-06-13 02:00:37] INFO: Calculated checksum: 3989d489
# [2024-06-13 02:00:37] INFO: Writing RNGSTATE file: ./rand_s060t20_b0680700_a_U000896500
# [2024-06-13 02:00:37] INFO: Writing to disk took 9.36479 seconds
# [2024-06-13 02:00:37] INFO: ======================================================================
# [2024-06-13 02:00:37] INFO: Start sweeping...
# [2024-06-13 02:07:18] INFO: It took 401.431 seconds to do 500 HBOR sweeps.
# [2024-06-13 02:07:18] INFO: Plaquette = 0.659702
# [2024-06-13 02:07:18] INFO: Polyakov loop = (0.00160019,-0.000363458)
# [2024-06-13 02:07:18] INFO: Writing conf to disk...
# [2024-06-13 02:07:18] INFO: writeconf_nersc: Writing NERSC configuration ./conf_s060t20_b0680700_a_U000897000
# [2024-06-13 02:07:21] INFO: Calculated checksum: bf5e47a2
# [2024-06-13 02:07:38] INFO: Calculated checksum: b504e40d
# [2024-06-13 02:07:38] INFO: Writing RNGSTATE file: ./rand_s060t20_b0680700_a_U000897000
# [2024-06-13 02:07:38] INFO: Writing to disk took 19.8308 seconds
# [2024-06-13 02:07:38] INFO: ======================================================================
# [2024-06-13 02:07:38] INFO: Start sweeping...
# [2024-06-13 02:14:19] INFO: It took 401.204 seconds to do 500 HBOR sweeps.
# [2024-06-13 02:14:19] INFO: Plaquette = 0.659672
# [2024-06-13 02:14:19] INFO: Polyakov loop = (0.00256426,0.00079357)
# [2024-06-13 02:14:19] INFO: Writing conf to disk...
# [2024-06-13 02:14:19] INFO: writeconf_nersc: Writing NERSC configuration ./conf_s060t20_b0680700_a_U000897500
# [2024-06-13 02:14:22] INFO: Calculated checksum: b00b543d
# [2024-06-13 02:14:28] INFO: Calculated checksum: 994e4de7
# [2024-06-13 02:14:28] INFO: Writing RNGSTATE file: ./rand_s060t20_b0680700_a_U000897500
# [2024-06-13 02:14:28] INFO: Writing to disk took 9.04728 seconds
# [2024-06-13 02:14:28] INFO: ======================================================================
# [2024-06-13 02:14:28] INFO: Start sweeping...
# [2024-06-13 02:21:10] INFO: It took 401.452 seconds to do 500 HBOR sweeps.
# [2024-06-13 02:21:10] INFO: Plaquette = 0.659734
# [2024-06-13 02:21:10] INFO: Polyakov loop = (0.00234981,0.000689278)
# [2024-06-13 02:21:10] INFO: Writing conf to disk...
# [2024-06-13 02:21:10] INFO: writeconf_nersc: Writing NERSC configuration ./conf_s060t20_b0680700_a_U000898000
# [2024-06-13 02:21:13] INFO: Calculated checksum: 3a43cbe7
# [2024-06-13 02:21:18] INFO: Calculated checksum: 5af28dcc
# [2024-06-13 02:21:18] INFO: Writing RNGSTATE file: ./rand_s060t20_b0680700_a_U000898000
# [2024-06-13 02:21:18] INFO: Writing to disk took 8.23392 seconds
# [2024-06-13 02:21:18] INFO: ======================================================================
# [2024-06-13 02:21:18] INFO: Start sweeping...
# [2024-06-13 02:28:00] INFO: It took 401.461 seconds to do 500 HBOR sweeps.
# [2024-06-13 02:28:00] INFO: Plaquette = 0.659723
# [2024-06-13 02:28:00] INFO: Polyakov loop = (0.00196855,0.000390888)
# [2024-06-13 02:28:00] INFO: Writing conf to disk...
# [2024-06-13 02:28:00] INFO: writeconf_nersc: Writing NERSC configuration ./conf_s060t20_b0680700_a_U000898500
# [2024-06-13 02:28:03] INFO: Calculated checksum: 7f48d3ee
# [2024-06-13 02:28:09] INFO: Calculated checksum: 75eec691
# [2024-06-13 02:28:09] INFO: Writing RNGSTATE file: ./rand_s060t20_b0680700_a_U000898500
# [2024-06-13 02:28:09] INFO: Writing to disk took 9.18815 seconds
# [2024-06-13 02:28:09] INFO: ======================================================================
# [2024-06-13 02:28:09] INFO: Start sweeping...
# [2024-06-13 02:34:50] INFO: It took 401.456 seconds to do 500 HBOR sweeps.
# [2024-06-13 02:34:50] INFO: Plaquette = 0.659648
# [2024-06-13 02:34:50] INFO: Polyakov loop = (0.00193652,5.61812e-05)
# [2024-06-13 02:34:50] INFO: Writing conf to disk...
# [2024-06-13 02:34:50] INFO: writeconf_nersc: Writing NERSC configuration ./conf_s060t20_b0680700_a_U000899000
# [2024-06-13 02:34:53] INFO: Calculated checksum: 314c5ca0
# [2024-06-13 02:34:58] INFO: Calculated checksum: e64cb2e5
# [2024-06-13 02:34:58] INFO: Writing RNGSTATE file: ./rand_s060t20_b0680700_a_U000899000
# [2024-06-13 02:34:58] INFO: Writing to disk took 7.67746 seconds
# [2024-06-13 02:34:58] INFO: ======================================================================
# [2024-06-13 02:34:58] INFO: Start sweeping...
# [2024-06-13 02:41:40] INFO: It took 401.457 seconds to do 500 HBOR sweeps.
# [2024-06-13 02:41:40] INFO: Plaquette = 0.659733
# [2024-06-13 02:41:40] INFO: Polyakov loop = (0.00241251,-0.000242508)
# [2024-06-13 02:41:40] INFO: Writing conf to disk...
# [2024-06-13 02:41:40] INFO: writeconf_nersc: Writing NERSC configuration ./conf_s060t20_b0680700_a_U000899500
# [2024-06-13 02:41:43] INFO: Calculated checksum: 64e65084
# [2024-06-13 02:41:47] INFO: Calculated checksum: 6ef274da
# [2024-06-13 02:41:47] INFO: Writing RNGSTATE file: ./rand_s060t20_b0680700_a_U000899500
# [2024-06-13 02:41:48] INFO: Writing to disk took 7.98916 seconds
# [2024-06-13 02:41:48] INFO: ======================================================================
# [2024-06-13 02:41:48] INFO: Start sweeping...
# [2024-06-13 02:48:29] INFO: It took 401.446 seconds to do 500 HBOR sweeps.
# [2024-06-13 02:48:29] INFO: Plaquette = 0.659694
# [2024-06-13 02:48:29] INFO: Polyakov loop = (0.00278761,-0.000265253)
# [2024-06-13 02:48:29] INFO: Writing conf to disk...
# [2024-06-13 02:48:29] INFO: writeconf_nersc: Writing NERSC configuration ./conf_s060t20_b0680700_a_U000900000
# [2024-06-13 02:48:32] INFO: Calculated checksum: 734ead50
# [2024-06-13 02:48:37] INFO: Calculated checksum: e8b80172
# [2024-06-13 02:48:37] INFO: Writing RNGSTATE file: ./rand_s060t20_b0680700_a_U000900000
# [2024-06-13 02:48:37] INFO: Writing to disk took 7.80117 seconds
# [2024-06-13 02:48:37] INFO: Finalizing MPI
