
Currently Loaded Modules:
  1) chpc/1.0      (S)   3) gcc/8.5.0      5) mpich/3.4.2
  2) python/3.10.3       4) cmake/3.26.0   6) cuda/11.6.2 (g)

  Where:
   S:  Module is Sticky, requires --force to unload or purge
   g:  built for GPU

 

# [2024-06-12 12:48:38] INFO: Running SIMULATeQCD
# [2024-06-12 12:48:38] INFO: Git commit version: 43e2518
# [2024-06-12 12:48:38] INFO: Initializing MPI with (1 proc)
# [2024-06-12 12:48:38] INFO: Reading parameters from file :: GenerateQuenched_b6663.param
# [2024-06-12 12:48:38] INFO: # PARAM :: Lattice = 60 60 60 20 
# [2024-06-12 12:48:38] INFO: # PARAM :: Nodes = 1 1 1 1 
# [2024-06-12 12:48:38] INFO: # PARAM :: Topology = 0 0 0 0  (default)
# [2024-06-12 12:48:38] INFO: # PARAM :: beta = 6.663
# [2024-06-12 12:48:38] INFO: # PARAM :: format = nersc
# [2024-06-12 12:48:38] INFO: # PARAM :: endianness = auto
# [2024-06-12 12:48:38] INFO: # PARAM :: conf_nr = 850000
# [2024-06-12 12:48:38] INFO: # PARAM :: stream = a
# [2024-06-12 12:48:38] INFO: # PARAM :: prec_out = 0 (default)
# [2024-06-12 12:48:38] INFO: # PARAM :: measurements_dir = ./ (default)
# [2024-06-12 12:48:38] INFO: # PARAM :: use_unit_conf = 0 (default)
# [2024-06-12 12:48:38] INFO: # PARAM :: output_dir = .
# [2024-06-12 12:48:38] INFO: # PARAM :: nconfs = 100
# [2024-06-12 12:48:38] INFO: # PARAM :: nsweeps_ORperHB = 4
# [2024-06-12 12:48:38] INFO: # PARAM :: nsweeps_HBwithOR = 500
# [2024-06-12 12:48:38] INFO: # PARAM :: prev_conf = conf_s060t20_b0666300_a_U000850000
# [2024-06-12 12:48:38] INFO: # PARAM :: prev_rand = rand_s060t20_b0666300_a_U000850000
# [2024-06-12 12:48:39] INFO: > Running on:
# [2024-06-12 12:48:39] INFO: [Rank 0] > notch271 CPU_34 GPU_40; MPI: world_rank=0, node_rank=0, coord: ( 0 0 0 0 )
# [2024-06-12 12:48:39] INFO: > Is MPI CUDA-aware? @compilation 
# [2024-06-12 12:48:39] INFO: > GPU compute capability: 75
# [2024-06-12 12:48:39] INFO: > Checking support for P2P (Peer-to-Peer) and UVA (Unified Virtual Addressing):
# [2024-06-12 12:48:39] INFO: [Rank 0] > notch271 GPU_40(NVIDIA GeForce RTX 2080 Ti): P2P NO ; UVA YES
# [2024-06-12 12:48:39] INFO: Initialize Indexer with HaloDepth = 1[0;33m[0m
# [2024-06-12 12:48:39] INFO: Resuming previous run.
# [2024-06-12 12:48:39] INFO: readconf_nersc: Reading NERSC configuration conf_s060t20_b0666300_a_U000850000
# [2024-06-12 12:48:57] INFO: Next conf_number will be 850500
# [2024-06-12 12:48:57] INFO: Generating up to 100 confs with a separation of 500 HBOR sweeps (OR/HB = 4) ...
# [2024-06-12 12:48:57] INFO: ======================================================================
# [2024-06-12 12:48:57] INFO: Start sweeping...
# [2024-06-12 12:55:34] INFO: It took 396.23 seconds to do 500 HBOR sweeps.
# [2024-06-12 12:55:34] INFO: Plaquette = 0.650045
# [2024-06-12 12:55:34] INFO: Polyakov loop = (0.00069361,-0.00058571)
# [2024-06-12 12:55:34] INFO: Writing conf to disk...
# [2024-06-12 12:55:34] INFO: writeconf_nersc: Writing NERSC configuration ./conf_s060t20_b0666300_a_U000850500
# [2024-06-12 12:55:37] INFO: Calculated checksum: f8fa0ad5
# [2024-06-12 12:55:48] INFO: Calculated checksum: 5e582fe5
# [2024-06-12 12:55:48] INFO: Writing RNGSTATE file: ./rand_s060t20_b0666300_a_U000850500
# [2024-06-12 12:55:49] INFO: Writing to disk took 14.9385 seconds
# [2024-06-12 12:55:49] INFO: ======================================================================
# [2024-06-12 12:55:49] INFO: Start sweeping...
# [2024-06-12 13:02:27] INFO: It took 398.043 seconds to do 500 HBOR sweeps.
# [2024-06-12 13:02:27] INFO: Plaquette = 0.650165
# [2024-06-12 13:02:27] INFO: Polyakov loop = (-0.00118746,-6.27093e-05)
# [2024-06-12 13:02:27] INFO: Writing conf to disk...
# [2024-06-12 13:02:27] INFO: writeconf_nersc: Writing NERSC configuration ./conf_s060t20_b0666300_a_U000851000
# [2024-06-12 13:02:30] INFO: Calculated checksum: e6816708
# [2024-06-12 13:02:38] INFO: Calculated checksum: 6637e3fc
# [2024-06-12 13:02:38] INFO: Writing RNGSTATE file: ./rand_s060t20_b0666300_a_U000851000
# [2024-06-12 13:02:38] INFO: Writing to disk took 11.8564 seconds
# [2024-06-12 13:02:38] INFO: ======================================================================
# [2024-06-12 13:02:38] INFO: Start sweeping...
# [2024-06-12 13:09:17] INFO: It took 398.058 seconds to do 500 HBOR sweeps.
# [2024-06-12 13:09:17] INFO: Plaquette = 0.650155
# [2024-06-12 13:09:17] INFO: Polyakov loop = (0.000308422,-0.000642636)
# [2024-06-12 13:09:17] INFO: Writing conf to disk...
# [2024-06-12 13:09:17] INFO: writeconf_nersc: Writing NERSC configuration ./conf_s060t20_b0666300_a_U000851500
# [2024-06-12 13:09:20] INFO: Calculated checksum: aa749b36
# [2024-06-12 13:09:29] INFO: Calculated checksum: 81dd3447
# [2024-06-12 13:09:29] INFO: Writing RNGSTATE file: ./rand_s060t20_b0666300_a_U000851500
# [2024-06-12 13:09:29] INFO: Writing to disk took 12.4109 seconds
# [2024-06-12 13:09:29] INFO: ======================================================================
# [2024-06-12 13:09:29] INFO: Start sweeping...
# [2024-06-12 13:16:07] INFO: It took 398.108 seconds to do 500 HBOR sweeps.
# [2024-06-12 13:16:07] INFO: Plaquette = 0.650058
# [2024-06-12 13:16:07] INFO: Polyakov loop = (-4.20855e-05,-0.000489737)
# [2024-06-12 13:16:07] INFO: Writing conf to disk...
# [2024-06-12 13:16:07] INFO: writeconf_nersc: Writing NERSC configuration ./conf_s060t20_b0666300_a_U000852000
# [2024-06-12 13:16:10] INFO: Calculated checksum: 7578d34d
# [2024-06-12 13:16:19] INFO: Calculated checksum: 96c7342
# [2024-06-12 13:16:19] INFO: Writing RNGSTATE file: ./rand_s060t20_b0666300_a_U000852000
# [2024-06-12 13:16:19] INFO: Writing to disk took 12.0595 seconds
# [2024-06-12 13:16:19] INFO: ======================================================================
# [2024-06-12 13:16:19] INFO: Start sweeping...
# [2024-06-12 13:22:58] INFO: It took 398.128 seconds to do 500 HBOR sweeps.
# [2024-06-12 13:22:58] INFO: Plaquette = 0.650148
# [2024-06-12 13:22:58] INFO: Polyakov loop = (-0.00149397,0.000998598)
# [2024-06-12 13:22:58] INFO: Writing conf to disk...
# [2024-06-12 13:22:58] INFO: writeconf_nersc: Writing NERSC configuration ./conf_s060t20_b0666300_a_U000852500
# [2024-06-12 13:23:01] INFO: Calculated checksum: bcc01a0a
# [2024-06-12 13:23:09] INFO: Calculated checksum: 8549b935
# [2024-06-12 13:23:09] INFO: Writing RNGSTATE file: ./rand_s060t20_b0666300_a_U000852500
# [2024-06-12 13:23:10] INFO: Writing to disk took 12.5362 seconds
# [2024-06-12 13:23:10] INFO: ======================================================================
# [2024-06-12 13:23:10] INFO: Start sweeping...
# [2024-06-12 13:29:48] INFO: It took 398.148 seconds to do 500 HBOR sweeps.
# [2024-06-12 13:29:48] INFO: Plaquette = 0.650135
# [2024-06-12 13:29:48] INFO: Polyakov loop = (0.000851837,0.00017775)
# [2024-06-12 13:29:48] INFO: Writing conf to disk...
# [2024-06-12 13:29:48] INFO: writeconf_nersc: Writing NERSC configuration ./conf_s060t20_b0666300_a_U000853000
# [2024-06-12 13:29:51] INFO: Calculated checksum: d175714b
# [2024-06-12 13:30:07] INFO: Calculated checksum: 4c412b93
# [2024-06-12 13:30:07] INFO: Writing RNGSTATE file: ./rand_s060t20_b0666300_a_U000853000
# [2024-06-12 13:30:08] INFO: Writing to disk took 19.3775 seconds
# [2024-06-12 13:30:08] INFO: ======================================================================
# [2024-06-12 13:30:08] INFO: Start sweeping...
# [2024-06-12 13:36:45] INFO: It took 397.74 seconds to do 500 HBOR sweeps.
# [2024-06-12 13:36:46] INFO: Plaquette = 0.650049
# [2024-06-12 13:36:46] INFO: Polyakov loop = (-0.000563527,0.000802665)
# [2024-06-12 13:36:46] INFO: Writing conf to disk...
# [2024-06-12 13:36:46] INFO: writeconf_nersc: Writing NERSC configuration ./conf_s060t20_b0666300_a_U000853500
# [2024-06-12 13:36:48] INFO: Calculated checksum: b57cb809
# [2024-06-12 13:36:57] INFO: Calculated checksum: 59522662
# [2024-06-12 13:36:58] INFO: Writing RNGSTATE file: ./rand_s060t20_b0666300_a_U000853500
# [2024-06-12 13:36:58] INFO: Writing to disk took 12.566 seconds
# [2024-06-12 13:36:58] INFO: ======================================================================
# [2024-06-12 13:36:58] INFO: Start sweeping...
# [2024-06-12 13:43:36] INFO: It took 397.952 seconds to do 500 HBOR sweeps.
# [2024-06-12 13:43:36] INFO: Plaquette = 0.650125
# [2024-06-12 13:43:36] INFO: Polyakov loop = (-0.000378525,-0.000360762)
# [2024-06-12 13:43:36] INFO: Writing conf to disk...
# [2024-06-12 13:43:36] INFO: writeconf_nersc: Writing NERSC configuration ./conf_s060t20_b0666300_a_U000854000
# [2024-06-12 13:43:39] INFO: Calculated checksum: 9ba7535f
# [2024-06-12 13:43:46] INFO: Calculated checksum: 319c9472
# [2024-06-12 13:43:47] INFO: Writing RNGSTATE file: ./rand_s060t20_b0666300_a_U000854000
# [2024-06-12 13:43:47] INFO: Writing to disk took 10.8938 seconds
# [2024-06-12 13:43:47] INFO: ======================================================================
# [2024-06-12 13:43:47] INFO: Start sweeping...
# [2024-06-12 13:50:25] INFO: It took 398.017 seconds to do 500 HBOR sweeps.
# [2024-06-12 13:50:25] INFO: Plaquette = 0.650125
# [2024-06-12 13:50:25] INFO: Polyakov loop = (0.000667046,0.000761054)
# [2024-06-12 13:50:25] INFO: Writing conf to disk...
# [2024-06-12 13:50:25] INFO: writeconf_nersc: Writing NERSC configuration ./conf_s060t20_b0666300_a_U000854500
# [2024-06-12 13:50:29] INFO: Calculated checksum: 6ed3653e
# [2024-06-12 13:50:41] INFO: Calculated checksum: 68601dcf
# [2024-06-12 13:50:41] INFO: Writing RNGSTATE file: ./rand_s060t20_b0666300_a_U000854500
# [2024-06-12 13:50:42] INFO: Writing to disk took 16.7215 seconds
# [2024-06-12 13:50:42] INFO: ======================================================================
# [2024-06-12 13:50:42] INFO: Start sweeping...
# [2024-06-12 13:57:20] INFO: It took 397.877 seconds to do 500 HBOR sweeps.
# [2024-06-12 13:57:20] INFO: Plaquette = 0.650074
# [2024-06-12 13:57:20] INFO: Polyakov loop = (-0.00015048,0.000213217)
# [2024-06-12 13:57:20] INFO: Writing conf to disk...
# [2024-06-12 13:57:20] INFO: writeconf_nersc: Writing NERSC configuration ./conf_s060t20_b0666300_a_U000855000
# [2024-06-12 13:57:23] INFO: Calculated checksum: 9c51a65d
# [2024-06-12 13:57:28] INFO: Calculated checksum: bd0a8414
# [2024-06-12 13:57:28] INFO: Writing RNGSTATE file: ./rand_s060t20_b0666300_a_U000855000
# [2024-06-12 13:57:28] INFO: Writing to disk took 8.31076 seconds
# [2024-06-12 13:57:28] INFO: ======================================================================
# [2024-06-12 13:57:28] INFO: Start sweeping...
# [2024-06-12 14:04:06] INFO: It took 398.119 seconds to do 500 HBOR sweeps.
# [2024-06-12 14:04:06] INFO: Plaquette = 0.650067
# [2024-06-12 14:04:06] INFO: Polyakov loop = (0.000243576,-0.000466044)
# [2024-06-12 14:04:06] INFO: Writing conf to disk...
# [2024-06-12 14:04:06] INFO: writeconf_nersc: Writing NERSC configuration ./conf_s060t20_b0666300_a_U000855500
# [2024-06-12 14:04:09] INFO: Calculated checksum: 6308f9ad
# [2024-06-12 14:04:21] INFO: Calculated checksum: 89cd88bb
# [2024-06-12 14:04:21] INFO: Writing RNGSTATE file: ./rand_s060t20_b0666300_a_U000855500
# [2024-06-12 14:04:21] INFO: Writing to disk took 15.155 seconds
# [2024-06-12 14:04:21] INFO: ======================================================================
# [2024-06-12 14:04:21] INFO: Start sweeping...
# [2024-06-12 14:10:59] INFO: It took 397.916 seconds to do 500 HBOR sweeps.
# [2024-06-12 14:10:59] INFO: Plaquette = 0.650071
# [2024-06-12 14:10:59] INFO: Polyakov loop = (-0.000539615,-0.00024312)
# [2024-06-12 14:10:59] INFO: Writing conf to disk...
# [2024-06-12 14:10:59] INFO: writeconf_nersc: Writing NERSC configuration ./conf_s060t20_b0666300_a_U000856000
# [2024-06-12 14:11:02] INFO: Calculated checksum: 4ddbc421
# [2024-06-12 14:11:11] INFO: Calculated checksum: 364b4d0e
# [2024-06-12 14:11:11] INFO: Writing RNGSTATE file: ./rand_s060t20_b0666300_a_U000856000
# [2024-06-12 14:11:17] INFO: Writing to disk took 17.2965 seconds
# [2024-06-12 14:11:17] INFO: ======================================================================
# [2024-06-12 14:11:17] INFO: Start sweeping...
# [2024-06-12 14:17:55] INFO: It took 397.877 seconds to do 500 HBOR sweeps.
# [2024-06-12 14:17:55] INFO: Plaquette = 0.649995
# [2024-06-12 14:17:55] INFO: Polyakov loop = (0.00101776,0.000228514)
# [2024-06-12 14:17:55] INFO: Writing conf to disk...
# [2024-06-12 14:17:55] INFO: writeconf_nersc: Writing NERSC configuration ./conf_s060t20_b0666300_a_U000856500
# [2024-06-12 14:17:57] INFO: Calculated checksum: 1698bd57
# [2024-06-12 14:18:06] INFO: Calculated checksum: b1792577
# [2024-06-12 14:18:06] INFO: Writing RNGSTATE file: ./rand_s060t20_b0666300_a_U000856500
# [2024-06-12 14:18:06] INFO: Writing to disk took 11.8005 seconds
# [2024-06-12 14:18:06] INFO: ======================================================================
# [2024-06-12 14:18:06] INFO: Start sweeping...
# [2024-06-12 14:24:44] INFO: It took 398.074 seconds to do 500 HBOR sweeps.
# [2024-06-12 14:24:44] INFO: Plaquette = 0.650077
# [2024-06-12 14:24:44] INFO: Polyakov loop = (-0.000770905,0.000770657)
# [2024-06-12 14:24:44] INFO: Writing conf to disk...
# [2024-06-12 14:24:44] INFO: writeconf_nersc: Writing NERSC configuration ./conf_s060t20_b0666300_a_U000857000
# [2024-06-12 14:24:47] INFO: Calculated checksum: efe743ae
# [2024-06-12 14:24:55] INFO: Calculated checksum: 90fde465
# [2024-06-12 14:24:55] INFO: Writing RNGSTATE file: ./rand_s060t20_b0666300_a_U000857000
# [2024-06-12 14:24:55] INFO: Writing to disk took 10.4649 seconds
# [2024-06-12 14:24:55] INFO: ======================================================================
# [2024-06-12 14:24:55] INFO: Start sweeping...
# [2024-06-12 14:31:33] INFO: It took 398.126 seconds to do 500 HBOR sweeps.
# [2024-06-12 14:31:33] INFO: Plaquette = 0.65007
# [2024-06-12 14:31:33] INFO: Polyakov loop = (3.05578e-05,-0.000156372)
# [2024-06-12 14:31:33] INFO: Writing conf to disk...
# [2024-06-12 14:31:33] INFO: writeconf_nersc: Writing NERSC configuration ./conf_s060t20_b0666300_a_U000857500
# [2024-06-12 14:31:36] INFO: Calculated checksum: 6996b66c
# [2024-06-12 14:31:44] INFO: Calculated checksum: 3916b4ab
# [2024-06-12 14:31:44] INFO: Writing RNGSTATE file: ./rand_s060t20_b0666300_a_U000857500
# [2024-06-12 14:31:44] INFO: Writing to disk took 11.2163 seconds
# [2024-06-12 14:31:44] INFO: ======================================================================
# [2024-06-12 14:31:44] INFO: Start sweeping...
# [2024-06-12 14:38:22] INFO: It took 398.06 seconds to do 500 HBOR sweeps.
# [2024-06-12 14:38:23] INFO: Plaquette = 0.650095
# [2024-06-12 14:38:23] INFO: Polyakov loop = (0.000834165,-0.000387117)
# [2024-06-12 14:38:23] INFO: Writing conf to disk...
# [2024-06-12 14:38:23] INFO: writeconf_nersc: Writing NERSC configuration ./conf_s060t20_b0666300_a_U000858000
# [2024-06-12 14:38:25] INFO: Calculated checksum: cdf73cc4
# [2024-06-12 14:38:37] INFO: Calculated checksum: d41c3c36
# [2024-06-12 14:38:37] INFO: Writing RNGSTATE file: ./rand_s060t20_b0666300_a_U000858000
# [2024-06-12 14:38:37] INFO: Writing to disk took 14.8216 seconds
# [2024-06-12 14:38:37] INFO: ======================================================================
# [2024-06-12 14:38:37] INFO: Start sweeping...
# [2024-06-12 14:45:15] INFO: It took 397.966 seconds to do 500 HBOR sweeps.
# [2024-06-12 14:45:15] INFO: Plaquette = 0.650129
# [2024-06-12 14:45:15] INFO: Polyakov loop = (0.000663628,-0.000222395)
# [2024-06-12 14:45:15] INFO: Writing conf to disk...
# [2024-06-12 14:45:15] INFO: writeconf_nersc: Writing NERSC configuration ./conf_s060t20_b0666300_a_U000858500
# [2024-06-12 14:45:18] INFO: Calculated checksum: 3070f853
# [2024-06-12 14:45:26] INFO: Calculated checksum: 5168672f
# [2024-06-12 14:45:26] INFO: Writing RNGSTATE file: ./rand_s060t20_b0666300_a_U000858500
# [2024-06-12 14:45:26] INFO: Writing to disk took 10.7446 seconds
# [2024-06-12 14:45:26] INFO: ======================================================================
# [2024-06-12 14:45:26] INFO: Start sweeping...
# [2024-06-12 14:52:04] INFO: It took 398.084 seconds to do 500 HBOR sweeps.
# [2024-06-12 14:52:04] INFO: Plaquette = 0.650036
# [2024-06-12 14:52:04] INFO: Polyakov loop = (-0.0002551,-0.000260656)
# [2024-06-12 14:52:04] INFO: Writing conf to disk...
# [2024-06-12 14:52:04] INFO: writeconf_nersc: Writing NERSC configuration ./conf_s060t20_b0666300_a_U000859000
# [2024-06-12 14:52:07] INFO: Calculated checksum: b7c82d9
# [2024-06-12 14:52:22] INFO: Calculated checksum: 8731f93f
# [2024-06-12 14:52:22] INFO: Writing RNGSTATE file: ./rand_s060t20_b0666300_a_U000859000
# [2024-06-12 14:52:22] INFO: Writing to disk took 17.9318 seconds
# [2024-06-12 14:52:22] INFO: ======================================================================
# [2024-06-12 14:52:22] INFO: Start sweeping...
# [2024-06-12 14:59:00] INFO: It took 397.877 seconds to do 500 HBOR sweeps.
# [2024-06-12 14:59:00] INFO: Plaquette = 0.65004
# [2024-06-12 14:59:00] INFO: Polyakov loop = (0.000168315,-0.000365703)
# [2024-06-12 14:59:00] INFO: Writing conf to disk...
# [2024-06-12 14:59:00] INFO: writeconf_nersc: Writing NERSC configuration ./conf_s060t20_b0666300_a_U000859500
# [2024-06-12 14:59:03] INFO: Calculated checksum: 358abdaf
# [2024-06-12 14:59:10] INFO: Calculated checksum: db5bbb4c
# [2024-06-12 14:59:10] INFO: Writing RNGSTATE file: ./rand_s060t20_b0666300_a_U000859500
# [2024-06-12 14:59:10] INFO: Writing to disk took 9.66806 seconds
# [2024-06-12 14:59:10] INFO: ======================================================================
# [2024-06-12 14:59:10] INFO: Start sweeping...
# [2024-06-12 15:05:48] INFO: It took 398.126 seconds to do 500 HBOR sweeps.
# [2024-06-12 15:05:48] INFO: Plaquette = 0.650114
# [2024-06-12 15:05:48] INFO: Polyakov loop = (0.000246355,-0.000496377)
# [2024-06-12 15:05:48] INFO: Writing conf to disk...
# [2024-06-12 15:05:48] INFO: writeconf_nersc: Writing NERSC configuration ./conf_s060t20_b0666300_a_U000860000
# [2024-06-12 15:05:51] INFO: Calculated checksum: 1ba45e0e
# [2024-06-12 15:05:57] INFO: Calculated checksum: 7c9f8d6c
# [2024-06-12 15:05:57] INFO: Writing RNGSTATE file: ./rand_s060t20_b0666300_a_U000860000
# [2024-06-12 15:05:57] INFO: Writing to disk took 9.4782 seconds
# [2024-06-12 15:05:57] INFO: ======================================================================
# [2024-06-12 15:05:57] INFO: Start sweeping...
# [2024-06-12 15:12:36] INFO: It took 398.122 seconds to do 500 HBOR sweeps.
# [2024-06-12 15:12:36] INFO: Plaquette = 0.65002
# [2024-06-12 15:12:36] INFO: Polyakov loop = (0.000455978,8.3127e-05)
# [2024-06-12 15:12:36] INFO: Writing conf to disk...
# [2024-06-12 15:12:36] INFO: writeconf_nersc: Writing NERSC configuration ./conf_s060t20_b0666300_a_U000860500
# [2024-06-12 15:12:39] INFO: Calculated checksum: 3ba0930f
# [2024-06-12 15:12:45] INFO: Calculated checksum: 54477fec
# [2024-06-12 15:12:45] INFO: Writing RNGSTATE file: ./rand_s060t20_b0666300_a_U000860500
# [2024-06-12 15:12:45] INFO: Writing to disk took 9.24673 seconds
# [2024-06-12 15:12:45] INFO: ======================================================================
# [2024-06-12 15:12:45] INFO: Start sweeping...
# [2024-06-12 15:19:23] INFO: It took 398.173 seconds to do 500 HBOR sweeps.
# [2024-06-12 15:19:23] INFO: Plaquette = 0.650012
# [2024-06-12 15:19:23] INFO: Polyakov loop = (0.000306217,-0.00110444)
# [2024-06-12 15:19:23] INFO: Writing conf to disk...
# [2024-06-12 15:19:23] INFO: writeconf_nersc: Writing NERSC configuration ./conf_s060t20_b0666300_a_U000861000
# [2024-06-12 15:19:26] INFO: Calculated checksum: 84ad0e17
# [2024-06-12 15:19:35] INFO: Calculated checksum: c87cc20c
# [2024-06-12 15:19:35] INFO: Writing RNGSTATE file: ./rand_s060t20_b0666300_a_U000861000
# [2024-06-12 15:19:35] INFO: Writing to disk took 11.9018 seconds
# [2024-06-12 15:19:35] INFO: ======================================================================
# [2024-06-12 15:19:35] INFO: Start sweeping...
# [2024-06-12 15:26:13] INFO: It took 398.09 seconds to do 500 HBOR sweeps.
# [2024-06-12 15:26:13] INFO: Plaquette = 0.650048
# [2024-06-12 15:26:13] INFO: Polyakov loop = (-0.000166695,-0.000216734)
# [2024-06-12 15:26:13] INFO: Writing conf to disk...
# [2024-06-12 15:26:13] INFO: writeconf_nersc: Writing NERSC configuration ./conf_s060t20_b0666300_a_U000861500
# [2024-06-12 15:26:16] INFO: Calculated checksum: 10e4f3f7
# [2024-06-12 15:26:21] INFO: Calculated checksum: 5f5c8b9d
# [2024-06-12 15:26:21] INFO: Writing RNGSTATE file: ./rand_s060t20_b0666300_a_U000861500
# [2024-06-12 15:26:21] INFO: Writing to disk took 7.97102 seconds
# [2024-06-12 15:26:21] INFO: ======================================================================
# [2024-06-12 15:26:21] INFO: Start sweeping...
# [2024-06-12 15:32:59] INFO: It took 398.252 seconds to do 500 HBOR sweeps.
# [2024-06-12 15:32:59] INFO: Plaquette = 0.650126
# [2024-06-12 15:32:59] INFO: Polyakov loop = (0.000427952,-0.000176433)
# [2024-06-12 15:32:59] INFO: Writing conf to disk...
# [2024-06-12 15:32:59] INFO: writeconf_nersc: Writing NERSC configuration ./conf_s060t20_b0666300_a_U000862000
# [2024-06-12 15:33:02] INFO: Calculated checksum: 3166217e
# [2024-06-12 15:33:07] INFO: Calculated checksum: 676ed436
# [2024-06-12 15:33:07] INFO: Writing RNGSTATE file: ./rand_s060t20_b0666300_a_U000862000
# [2024-06-12 15:33:07] INFO: Writing to disk took 7.67839 seconds
# [2024-06-12 15:33:07] INFO: ======================================================================
# [2024-06-12 15:33:07] INFO: Start sweeping...
# [2024-06-12 15:39:45] INFO: It took 398.259 seconds to do 500 HBOR sweeps.
# [2024-06-12 15:39:45] INFO: Plaquette = 0.650043
# [2024-06-12 15:39:45] INFO: Polyakov loop = (-0.000348311,-0.000619879)
# [2024-06-12 15:39:45] INFO: Writing conf to disk...
# [2024-06-12 15:39:45] INFO: writeconf_nersc: Writing NERSC configuration ./conf_s060t20_b0666300_a_U000862500
# [2024-06-12 15:39:48] INFO: Calculated checksum: c5c53280
# [2024-06-12 15:39:54] INFO: Calculated checksum: 89b6426f
# [2024-06-12 15:39:54] INFO: Writing RNGSTATE file: ./rand_s060t20_b0666300_a_U000862500
# [2024-06-12 15:39:54] INFO: Writing to disk took 8.61643 seconds
# [2024-06-12 15:39:54] INFO: ======================================================================
# [2024-06-12 15:39:54] INFO: Start sweeping...
# [2024-06-12 15:46:32] INFO: It took 398.243 seconds to do 500 HBOR sweeps.
# [2024-06-12 15:46:32] INFO: Plaquette = 0.650061
# [2024-06-12 15:46:32] INFO: Polyakov loop = (0.00103196,0.000406869)
# [2024-06-12 15:46:32] INFO: Writing conf to disk...
# [2024-06-12 15:46:32] INFO: writeconf_nersc: Writing NERSC configuration ./conf_s060t20_b0666300_a_U000863000
# [2024-06-12 15:46:35] INFO: Calculated checksum: b3b42fec
# [2024-06-12 15:46:40] INFO: Calculated checksum: 1ebea66
# [2024-06-12 15:46:40] INFO: Writing RNGSTATE file: ./rand_s060t20_b0666300_a_U000863000
# [2024-06-12 15:46:40] INFO: Writing to disk took 7.84577 seconds
# [2024-06-12 15:46:40] INFO: ======================================================================
# [2024-06-12 15:46:40] INFO: Start sweeping...
# [2024-06-12 15:53:18] INFO: It took 398.258 seconds to do 500 HBOR sweeps.
# [2024-06-12 15:53:18] INFO: Plaquette = 0.650046
# [2024-06-12 15:53:18] INFO: Polyakov loop = (-0.000192224,0.000465796)
# [2024-06-12 15:53:18] INFO: Writing conf to disk...
# [2024-06-12 15:53:18] INFO: writeconf_nersc: Writing NERSC configuration ./conf_s060t20_b0666300_a_U000863500
# [2024-06-12 15:53:21] INFO: Calculated checksum: 74d55d7a
# [2024-06-12 15:53:37] INFO: Calculated checksum: 3b72298b
# [2024-06-12 15:53:37] INFO: Writing RNGSTATE file: ./rand_s060t20_b0666300_a_U000863500
# [2024-06-12 15:53:37] INFO: Writing to disk took 18.7514 seconds
# [2024-06-12 15:53:37] INFO: ======================================================================
# [2024-06-12 15:53:37] INFO: Start sweeping...
# [2024-06-12 16:00:15] INFO: It took 397.938 seconds to do 500 HBOR sweeps.
# [2024-06-12 16:00:15] INFO: Plaquette = 0.650046
# [2024-06-12 16:00:15] INFO: Polyakov loop = (-0.00090661,0.0006791)
# [2024-06-12 16:00:15] INFO: Writing conf to disk...
# [2024-06-12 16:00:15] INFO: writeconf_nersc: Writing NERSC configuration ./conf_s060t20_b0666300_a_U000864000
# [2024-06-12 16:00:18] INFO: Calculated checksum: a4ed5042
# [2024-06-12 16:00:24] INFO: Calculated checksum: a0d66cac
# [2024-06-12 16:00:24] INFO: Writing RNGSTATE file: ./rand_s060t20_b0666300_a_U000864000
# [2024-06-12 16:00:24] INFO: Writing to disk took 8.86304 seconds
# [2024-06-12 16:00:24] INFO: ======================================================================
# [2024-06-12 16:00:24] INFO: Start sweeping...
# [2024-06-12 16:07:02] INFO: It took 398.217 seconds to do 500 HBOR sweeps.
# [2024-06-12 16:07:02] INFO: Plaquette = 0.650086
# [2024-06-12 16:07:02] INFO: Polyakov loop = (0.000518396,-0.000173247)
# [2024-06-12 16:07:02] INFO: Writing conf to disk...
# [2024-06-12 16:07:02] INFO: writeconf_nersc: Writing NERSC configuration ./conf_s060t20_b0666300_a_U000864500
# [2024-06-12 16:07:05] INFO: Calculated checksum: cffbe7fd
# [2024-06-12 16:07:22] INFO: Calculated checksum: 5dcdb773
# [2024-06-12 16:07:22] INFO: Writing RNGSTATE file: ./rand_s060t20_b0666300_a_U000864500
# [2024-06-12 16:07:22] INFO: Writing to disk took 19.9522 seconds
# [2024-06-12 16:07:22] INFO: ======================================================================
# [2024-06-12 16:07:22] INFO: Start sweeping...
# [2024-06-12 16:14:00] INFO: It took 397.87 seconds to do 500 HBOR sweeps.
# [2024-06-12 16:14:00] INFO: Plaquette = 0.650121
# [2024-06-12 16:14:00] INFO: Polyakov loop = (-0.000703347,0.000314348)
# [2024-06-12 16:14:00] INFO: Writing conf to disk...
# [2024-06-12 16:14:00] INFO: writeconf_nersc: Writing NERSC configuration ./conf_s060t20_b0666300_a_U000865000
# [2024-06-12 16:14:03] INFO: Calculated checksum: dc6a60ef
# [2024-06-12 16:14:10] INFO: Calculated checksum: 52cd65a4
# [2024-06-12 16:14:10] INFO: Writing RNGSTATE file: ./rand_s060t20_b0666300_a_U000865000
# [2024-06-12 16:14:10] INFO: Writing to disk took 9.66535 seconds
# [2024-06-12 16:14:10] INFO: ======================================================================
# [2024-06-12 16:14:10] INFO: Start sweeping...
# [2024-06-12 16:20:48] INFO: It took 398.187 seconds to do 500 HBOR sweeps.
# [2024-06-12 16:20:48] INFO: Plaquette = 0.650132
# [2024-06-12 16:20:48] INFO: Polyakov loop = (0.0005559,-0.000179348)
# [2024-06-12 16:20:48] INFO: Writing conf to disk...
# [2024-06-12 16:20:48] INFO: writeconf_nersc: Writing NERSC configuration ./conf_s060t20_b0666300_a_U000865500
# [2024-06-12 16:20:51] INFO: Calculated checksum: be055d79
# [2024-06-12 16:21:05] INFO: Calculated checksum: 88e315ec
# [2024-06-12 16:21:05] INFO: Writing RNGSTATE file: ./rand_s060t20_b0666300_a_U000865500
# [2024-06-12 16:21:06] INFO: Writing to disk took 17.5924 seconds
# [2024-06-12 16:21:06] INFO: ======================================================================
# [2024-06-12 16:21:06] INFO: Start sweeping...
# [2024-06-12 16:27:44] INFO: It took 397.983 seconds to do 500 HBOR sweeps.
# [2024-06-12 16:27:44] INFO: Plaquette = 0.650046
# [2024-06-12 16:27:44] INFO: Polyakov loop = (-0.000383427,-0.000435521)
# [2024-06-12 16:27:44] INFO: Writing conf to disk...
# [2024-06-12 16:27:44] INFO: writeconf_nersc: Writing NERSC configuration ./conf_s060t20_b0666300_a_U000866000
# [2024-06-12 16:27:47] INFO: Calculated checksum: de2ccd87
# [2024-06-12 16:27:53] INFO: Calculated checksum: e06b70c5
# [2024-06-12 16:27:53] INFO: Writing RNGSTATE file: ./rand_s060t20_b0666300_a_U000866000
# [2024-06-12 16:27:53] INFO: Writing to disk took 8.88689 seconds
# [2024-06-12 16:27:53] INFO: ======================================================================
# [2024-06-12 16:27:53] INFO: Start sweeping...
# [2024-06-12 16:34:31] INFO: It took 398.202 seconds to do 500 HBOR sweeps.
# [2024-06-12 16:34:31] INFO: Plaquette = 0.650091
# [2024-06-12 16:34:31] INFO: Polyakov loop = (-2.03735e-05,-0.00033991)
# [2024-06-12 16:34:31] INFO: Writing conf to disk...
# [2024-06-12 16:34:31] INFO: writeconf_nersc: Writing NERSC configuration ./conf_s060t20_b0666300_a_U000866500
# [2024-06-12 16:34:34] INFO: Calculated checksum: 1a1c453a
# [2024-06-12 16:34:40] INFO: Calculated checksum: 7a3ade57
# [2024-06-12 16:34:40] INFO: Writing RNGSTATE file: ./rand_s060t20_b0666300_a_U000866500
# [2024-06-12 16:34:40] INFO: Writing to disk took 8.78214 seconds
# [2024-06-12 16:34:40] INFO: ======================================================================
# [2024-06-12 16:34:40] INFO: Start sweeping...
# [2024-06-12 16:41:18] INFO: It took 398.196 seconds to do 500 HBOR sweeps.
# [2024-06-12 16:41:18] INFO: Plaquette = 0.650143
# [2024-06-12 16:41:18] INFO: Polyakov loop = (-0.000215014,0.000506334)
# [2024-06-12 16:41:18] INFO: Writing conf to disk...
# [2024-06-12 16:41:18] INFO: writeconf_nersc: Writing NERSC configuration ./conf_s060t20_b0666300_a_U000867000
# [2024-06-12 16:41:21] INFO: Calculated checksum: c9d41fce
# [2024-06-12 16:41:26] INFO: Calculated checksum: 2b74b25a
# [2024-06-12 16:41:26] INFO: Writing RNGSTATE file: ./rand_s060t20_b0666300_a_U000867000
# [2024-06-12 16:41:26] INFO: Writing to disk took 8.0816 seconds
# [2024-06-12 16:41:26] INFO: ======================================================================
# [2024-06-12 16:41:26] INFO: Start sweeping...
# [2024-06-12 16:48:04] INFO: It took 398.263 seconds to do 500 HBOR sweeps.
# [2024-06-12 16:48:04] INFO: Plaquette = 0.650091
# [2024-06-12 16:48:04] INFO: Polyakov loop = (0.000712264,-0.000476377)
# [2024-06-12 16:48:04] INFO: Writing conf to disk...
# [2024-06-12 16:48:04] INFO: writeconf_nersc: Writing NERSC configuration ./conf_s060t20_b0666300_a_U000867500
# [2024-06-12 16:48:07] INFO: Calculated checksum: 352d2446
# [2024-06-12 16:48:19] INFO: Calculated checksum: 3fbaef6
# [2024-06-12 16:48:19] INFO: Writing RNGSTATE file: ./rand_s060t20_b0666300_a_U000867500
# [2024-06-12 16:48:19] INFO: Writing to disk took 14.9661 seconds
# [2024-06-12 16:48:19] INFO: ======================================================================
# [2024-06-12 16:48:19] INFO: Start sweeping...
# [2024-06-12 16:54:57] INFO: It took 398.06 seconds to do 500 HBOR sweeps.
# [2024-06-12 16:54:57] INFO: Plaquette = 0.650052
# [2024-06-12 16:54:57] INFO: Polyakov loop = (-0.000505271,-7.57273e-05)
# [2024-06-12 16:54:57] INFO: Writing conf to disk...
# [2024-06-12 16:54:57] INFO: writeconf_nersc: Writing NERSC configuration ./conf_s060t20_b0666300_a_U000868000
# [2024-06-12 16:55:00] INFO: Calculated checksum: f310a826
# [2024-06-12 16:55:06] INFO: Calculated checksum: e35fc258
# [2024-06-12 16:55:06] INFO: Writing RNGSTATE file: ./rand_s060t20_b0666300_a_U000868000
# [2024-06-12 16:55:07] INFO: Writing to disk took 9.06086 seconds
# [2024-06-12 16:55:07] INFO: ======================================================================
# [2024-06-12 16:55:07] INFO: Start sweeping...
# [2024-06-12 17:01:45] INFO: It took 398.216 seconds to do 500 HBOR sweeps.
# [2024-06-12 17:01:45] INFO: Plaquette = 0.650108
# [2024-06-12 17:01:45] INFO: Polyakov loop = (-0.000628417,0.000614541)
# [2024-06-12 17:01:45] INFO: Writing conf to disk...
# [2024-06-12 17:01:45] INFO: writeconf_nersc: Writing NERSC configuration ./conf_s060t20_b0666300_a_U000868500
# [2024-06-12 17:01:48] INFO: Calculated checksum: b3429b18
# [2024-06-12 17:01:53] INFO: Calculated checksum: 2223147f
# [2024-06-12 17:01:53] INFO: Writing RNGSTATE file: ./rand_s060t20_b0666300_a_U000868500
# [2024-06-12 17:01:53] INFO: Writing to disk took 7.99557 seconds
# [2024-06-12 17:01:53] INFO: ======================================================================
# [2024-06-12 17:01:53] INFO: Start sweeping...
# [2024-06-12 17:08:31] INFO: It took 398.247 seconds to do 500 HBOR sweeps.
# [2024-06-12 17:08:31] INFO: Plaquette = 0.650008
# [2024-06-12 17:08:31] INFO: Polyakov loop = (0.000681984,-0.000180972)
# [2024-06-12 17:08:31] INFO: Writing conf to disk...
# [2024-06-12 17:08:31] INFO: writeconf_nersc: Writing NERSC configuration ./conf_s060t20_b0666300_a_U000869000
# [2024-06-12 17:08:34] INFO: Calculated checksum: ef8ce017
# [2024-06-12 17:08:39] INFO: Calculated checksum: 42aad2e6
# [2024-06-12 17:08:39] INFO: Writing RNGSTATE file: ./rand_s060t20_b0666300_a_U000869000
# [2024-06-12 17:08:39] INFO: Writing to disk took 7.78993 seconds
# [2024-06-12 17:08:39] INFO: ======================================================================
# [2024-06-12 17:08:39] INFO: Start sweeping...
# [2024-06-12 17:15:17] INFO: It took 398.263 seconds to do 500 HBOR sweeps.
# [2024-06-12 17:15:17] INFO: Plaquette = 0.650071
# [2024-06-12 17:15:17] INFO: Polyakov loop = (-0.000879423,0.00041033)
# [2024-06-12 17:15:17] INFO: Writing conf to disk...
# [2024-06-12 17:15:17] INFO: writeconf_nersc: Writing NERSC configuration ./conf_s060t20_b0666300_a_U000869500
# [2024-06-12 17:15:20] INFO: Calculated checksum: 88a40fb3
# [2024-06-12 17:15:35] INFO: Calculated checksum: 9720c728
# [2024-06-12 17:15:35] INFO: Writing RNGSTATE file: ./rand_s060t20_b0666300_a_U000869500
# [2024-06-12 17:15:35] INFO: Writing to disk took 18.0165 seconds
# [2024-06-12 17:15:35] INFO: ======================================================================
# [2024-06-12 17:15:35] INFO: Start sweeping...
# [2024-06-12 17:22:13] INFO: It took 397.966 seconds to do 500 HBOR sweeps.
# [2024-06-12 17:22:13] INFO: Plaquette = 0.65015
# [2024-06-12 17:22:13] INFO: Polyakov loop = (-0.000717919,0.000479771)
# [2024-06-12 17:22:13] INFO: Writing conf to disk...
# [2024-06-12 17:22:13] INFO: writeconf_nersc: Writing NERSC configuration ./conf_s060t20_b0666300_a_U000870000
# [2024-06-12 17:22:16] INFO: Calculated checksum: 608da245
# [2024-06-12 17:22:23] INFO: Calculated checksum: f1fc10c0
# [2024-06-12 17:22:23] INFO: Writing RNGSTATE file: ./rand_s060t20_b0666300_a_U000870000
# [2024-06-12 17:22:24] INFO: Writing to disk took 10.8468 seconds
# [2024-06-12 17:22:24] INFO: ======================================================================
# [2024-06-12 17:22:24] INFO: Start sweeping...
# [2024-06-12 17:29:02] INFO: It took 398.147 seconds to do 500 HBOR sweeps.
# [2024-06-12 17:29:02] INFO: Plaquette = 0.650124
# [2024-06-12 17:29:02] INFO: Polyakov loop = (0.000909449,0.000559338)
# [2024-06-12 17:29:02] INFO: Writing conf to disk...
# [2024-06-12 17:29:02] INFO: writeconf_nersc: Writing NERSC configuration ./conf_s060t20_b0666300_a_U000870500
# [2024-06-12 17:29:05] INFO: Calculated checksum: 61cff3ee
# [2024-06-12 17:29:21] INFO: Calculated checksum: a8e8fe32
# [2024-06-12 17:29:21] INFO: Writing RNGSTATE file: ./rand_s060t20_b0666300_a_U000870500
# [2024-06-12 17:29:22] INFO: Writing to disk took 19.5398 seconds
# [2024-06-12 17:29:22] INFO: ======================================================================
# [2024-06-12 17:29:22] INFO: Start sweeping...
# [2024-06-12 17:36:00] INFO: It took 397.931 seconds to do 500 HBOR sweeps.
# [2024-06-12 17:36:00] INFO: Plaquette = 0.650055
# [2024-06-12 17:36:00] INFO: Polyakov loop = (0.00163331,0.00087716)
# [2024-06-12 17:36:00] INFO: Writing conf to disk...
# [2024-06-12 17:36:00] INFO: writeconf_nersc: Writing NERSC configuration ./conf_s060t20_b0666300_a_U000871000
# [2024-06-12 17:36:03] INFO: Calculated checksum: 396b1674
# [2024-06-12 17:36:11] INFO: Calculated checksum: ee14130e
# [2024-06-12 17:36:11] INFO: Writing RNGSTATE file: ./rand_s060t20_b0666300_a_U000871000
# [2024-06-12 17:36:12] INFO: Writing to disk took 11.6782 seconds
# [2024-06-12 17:36:12] INFO: ======================================================================
# [2024-06-12 17:36:12] INFO: Start sweeping...
# [2024-06-12 17:42:50] INFO: It took 398.126 seconds to do 500 HBOR sweeps.
# [2024-06-12 17:42:50] INFO: Plaquette = 0.650104
# [2024-06-12 17:42:50] INFO: Polyakov loop = (0.000362152,-0.000140124)
# [2024-06-12 17:42:50] INFO: Writing conf to disk...
# [2024-06-12 17:42:50] INFO: writeconf_nersc: Writing NERSC configuration ./conf_s060t20_b0666300_a_U000871500
# [2024-06-12 17:42:53] INFO: Calculated checksum: 881ec7f2
# [2024-06-12 17:42:58] INFO: Calculated checksum: e9350ea8
# [2024-06-12 17:42:58] INFO: Writing RNGSTATE file: ./rand_s060t20_b0666300_a_U000871500
# [2024-06-12 17:43:00] INFO: Writing to disk took 9.80703 seconds
# [2024-06-12 17:43:00] INFO: ======================================================================
# [2024-06-12 17:43:00] INFO: Start sweeping...
# [2024-06-12 17:49:38] INFO: It took 398.171 seconds to do 500 HBOR sweeps.
# [2024-06-12 17:49:38] INFO: Plaquette = 0.650008
# [2024-06-12 17:49:38] INFO: Polyakov loop = (0.000625303,-0.00130467)
# [2024-06-12 17:49:38] INFO: Writing conf to disk...
# [2024-06-12 17:49:38] INFO: writeconf_nersc: Writing NERSC configuration ./conf_s060t20_b0666300_a_U000872000
# [2024-06-12 17:49:41] INFO: Calculated checksum: c9e1c46c
# [2024-06-12 17:49:49] INFO: Calculated checksum: b6fa0d71
# [2024-06-12 17:49:49] INFO: Writing RNGSTATE file: ./rand_s060t20_b0666300_a_U000872000
# [2024-06-12 17:49:49] INFO: Writing to disk took 11.1039 seconds
# [2024-06-12 17:49:49] INFO: ======================================================================
# [2024-06-12 17:49:49] INFO: Start sweeping...
# [2024-06-12 17:56:27] INFO: It took 398.166 seconds to do 500 HBOR sweeps.
# [2024-06-12 17:56:27] INFO: Plaquette = 0.650056
# [2024-06-12 17:56:27] INFO: Polyakov loop = (0.000708957,0.000160623)
# [2024-06-12 17:56:27] INFO: Writing conf to disk...
# [2024-06-12 17:56:27] INFO: writeconf_nersc: Writing NERSC configuration ./conf_s060t20_b0666300_a_U000872500
# [2024-06-12 17:56:30] INFO: Calculated checksum: eebe8301
# [2024-06-12 17:56:35] INFO: Calculated checksum: fb7494a4
# [2024-06-12 17:56:35] INFO: Writing RNGSTATE file: ./rand_s060t20_b0666300_a_U000872500
# [2024-06-12 17:56:35] INFO: Writing to disk took 8.14689 seconds
# [2024-06-12 17:56:35] INFO: ======================================================================
# [2024-06-12 17:56:35] INFO: Start sweeping...
# [2024-06-12 18:03:13] INFO: It took 398.248 seconds to do 500 HBOR sweeps.
# [2024-06-12 18:03:14] INFO: Plaquette = 0.650124
# [2024-06-12 18:03:14] INFO: Polyakov loop = (-0.00147317,-0.000299988)
# [2024-06-12 18:03:14] INFO: Writing conf to disk...
# [2024-06-12 18:03:14] INFO: writeconf_nersc: Writing NERSC configuration ./conf_s060t20_b0666300_a_U000873000
# [2024-06-12 18:03:16] INFO: Calculated checksum: 195ca3cb
# [2024-06-12 18:03:21] INFO: Calculated checksum: 1efdf477
# [2024-06-12 18:03:21] INFO: Writing RNGSTATE file: ./rand_s060t20_b0666300_a_U000873000
# [2024-06-12 18:03:21] INFO: Writing to disk took 7.76539 seconds
# [2024-06-12 18:03:21] INFO: ======================================================================
# [2024-06-12 18:03:21] INFO: Start sweeping...
# [2024-06-12 18:10:00] INFO: It took 398.26 seconds to do 500 HBOR sweeps.
# [2024-06-12 18:10:00] INFO: Plaquette = 0.650027
# [2024-06-12 18:10:00] INFO: Polyakov loop = (0.000263918,-0.000711559)
# [2024-06-12 18:10:00] INFO: Writing conf to disk...
# [2024-06-12 18:10:00] INFO: writeconf_nersc: Writing NERSC configuration ./conf_s060t20_b0666300_a_U000873500
# [2024-06-12 18:10:03] INFO: Calculated checksum: 6848e012
# [2024-06-12 18:10:07] INFO: Calculated checksum: 67ef5539
# [2024-06-12 18:10:07] INFO: Writing RNGSTATE file: ./rand_s060t20_b0666300_a_U000873500
# [2024-06-12 18:10:07] INFO: Writing to disk took 7.8982 seconds
# [2024-06-12 18:10:07] INFO: ======================================================================
# [2024-06-12 18:10:07] INFO: Start sweeping...
# [2024-06-12 18:16:46] INFO: It took 398.26 seconds to do 500 HBOR sweeps.
# [2024-06-12 18:16:46] INFO: Plaquette = 0.650059
# [2024-06-12 18:16:46] INFO: Polyakov loop = (0.000591016,-7.28536e-05)
# [2024-06-12 18:16:46] INFO: Writing conf to disk...
# [2024-06-12 18:16:46] INFO: writeconf_nersc: Writing NERSC configuration ./conf_s060t20_b0666300_a_U000874000
# [2024-06-12 18:16:49] INFO: Calculated checksum: cd25fd77
# [2024-06-12 18:16:53] INFO: Calculated checksum: 98102b11
# [2024-06-12 18:16:53] INFO: Writing RNGSTATE file: ./rand_s060t20_b0666300_a_U000874000
# [2024-06-12 18:16:53] INFO: Writing to disk took 7.71047 seconds
# [2024-06-12 18:16:53] INFO: ======================================================================
# [2024-06-12 18:16:53] INFO: Start sweeping...
# [2024-06-12 18:23:32] INFO: It took 398.262 seconds to do 500 HBOR sweeps.
# [2024-06-12 18:23:32] INFO: Plaquette = 0.65009
# [2024-06-12 18:23:32] INFO: Polyakov loop = (0.000382051,0.000541893)
# [2024-06-12 18:23:32] INFO: Writing conf to disk...
# [2024-06-12 18:23:32] INFO: writeconf_nersc: Writing NERSC configuration ./conf_s060t20_b0666300_a_U000874500
# [2024-06-12 18:23:35] INFO: Calculated checksum: a1264d50
# [2024-06-12 18:23:40] INFO: Calculated checksum: 2cd24772
# [2024-06-12 18:23:40] INFO: Writing RNGSTATE file: ./rand_s060t20_b0666300_a_U000874500
# [2024-06-12 18:23:40] INFO: Writing to disk took 7.86223 seconds
# [2024-06-12 18:23:40] INFO: ======================================================================
# [2024-06-12 18:23:40] INFO: Start sweeping...
# [2024-06-12 18:30:18] INFO: It took 398.168 seconds to do 500 HBOR sweeps.
# [2024-06-12 18:30:18] INFO: Plaquette = 0.650049
# [2024-06-12 18:30:18] INFO: Polyakov loop = (-0.000981383,-0.000240702)
# [2024-06-12 18:30:18] INFO: Writing conf to disk...
# [2024-06-12 18:30:18] INFO: writeconf_nersc: Writing NERSC configuration ./conf_s060t20_b0666300_a_U000875000
# [2024-06-12 18:30:21] INFO: Calculated checksum: f8acf445
# [2024-06-12 18:30:25] INFO: Calculated checksum: 3e4f049f
# [2024-06-12 18:30:25] INFO: Writing RNGSTATE file: ./rand_s060t20_b0666300_a_U000875000
# [2024-06-12 18:30:26] INFO: Writing to disk took 7.75499 seconds
# [2024-06-12 18:30:26] INFO: ======================================================================
# [2024-06-12 18:30:26] INFO: Start sweeping...
# [2024-06-12 18:37:04] INFO: It took 398.146 seconds to do 500 HBOR sweeps.
# [2024-06-12 18:37:04] INFO: Plaquette = 0.650099
# [2024-06-12 18:37:04] INFO: Polyakov loop = (-0.000530864,0.000968933)
# [2024-06-12 18:37:04] INFO: Writing conf to disk...
# [2024-06-12 18:37:04] INFO: writeconf_nersc: Writing NERSC configuration ./conf_s060t20_b0666300_a_U000875500
# [2024-06-12 18:37:07] INFO: Calculated checksum: b5976cbb
# [2024-06-12 18:37:15] INFO: Calculated checksum: ea06d6c9
# [2024-06-12 18:37:15] INFO: Writing RNGSTATE file: ./rand_s060t20_b0666300_a_U000875500
# [2024-06-12 18:37:15] INFO: Writing to disk took 11.4027 seconds
# [2024-06-12 18:37:15] INFO: ======================================================================
# [2024-06-12 18:37:15] INFO: Start sweeping...
# [2024-06-12 18:43:53] INFO: It took 398.089 seconds to do 500 HBOR sweeps.
# [2024-06-12 18:43:53] INFO: Plaquette = 0.650015
# [2024-06-12 18:43:53] INFO: Polyakov loop = (-0.000553729,0.000481948)
# [2024-06-12 18:43:53] INFO: Writing conf to disk...
# [2024-06-12 18:43:53] INFO: writeconf_nersc: Writing NERSC configuration ./conf_s060t20_b0666300_a_U000876000
# [2024-06-12 18:43:56] INFO: Calculated checksum: 93e0b9db
# [2024-06-12 18:44:01] INFO: Calculated checksum: e8719864
# [2024-06-12 18:44:01] INFO: Writing RNGSTATE file: ./rand_s060t20_b0666300_a_U000876000
# [2024-06-12 18:44:01] INFO: Writing to disk took 7.97518 seconds
# [2024-06-12 18:44:01] INFO: ======================================================================
# [2024-06-12 18:44:01] INFO: Start sweeping...
# [2024-06-12 18:50:40] INFO: It took 398.157 seconds to do 500 HBOR sweeps.
# [2024-06-12 18:50:40] INFO: Plaquette = 0.650129
# [2024-06-12 18:50:40] INFO: Polyakov loop = (0.000202037,-0.000460186)
# [2024-06-12 18:50:40] INFO: Writing conf to disk...
# [2024-06-12 18:50:40] INFO: writeconf_nersc: Writing NERSC configuration ./conf_s060t20_b0666300_a_U000876500
# [2024-06-12 18:50:42] INFO: Calculated checksum: 3004bf26
# [2024-06-12 18:50:48] INFO: Calculated checksum: da4b97b7
# [2024-06-12 18:50:48] INFO: Writing RNGSTATE file: ./rand_s060t20_b0666300_a_U000876500
# [2024-06-12 18:50:48] INFO: Writing to disk took 8.47951 seconds
# [2024-06-12 18:50:48] INFO: ======================================================================
# [2024-06-12 18:50:48] INFO: Start sweeping...
# [2024-06-12 18:57:26] INFO: It took 398.296 seconds to do 500 HBOR sweeps.
# [2024-06-12 18:57:26] INFO: Plaquette = 0.650095
# [2024-06-12 18:57:26] INFO: Polyakov loop = (-0.00010513,-0.00010851)
# [2024-06-12 18:57:26] INFO: Writing conf to disk...
# [2024-06-12 18:57:26] INFO: writeconf_nersc: Writing NERSC configuration ./conf_s060t20_b0666300_a_U000877000
# [2024-06-12 18:57:29] INFO: Calculated checksum: 253a532f
# [2024-06-12 18:57:34] INFO: Calculated checksum: 1bd0b3d7
# [2024-06-12 18:57:34] INFO: Writing RNGSTATE file: ./rand_s060t20_b0666300_a_U000877000
# [2024-06-12 18:57:34] INFO: Writing to disk took 7.7357 seconds
# [2024-06-12 18:57:34] INFO: ======================================================================
# [2024-06-12 18:57:34] INFO: Start sweeping...
# [2024-06-12 19:04:12] INFO: It took 398.25 seconds to do 500 HBOR sweeps.
# [2024-06-12 19:04:12] INFO: Plaquette = 0.650056
# [2024-06-12 19:04:12] INFO: Polyakov loop = (0.000288843,0.000275666)
# [2024-06-12 19:04:12] INFO: Writing conf to disk...
# [2024-06-12 19:04:12] INFO: writeconf_nersc: Writing NERSC configuration ./conf_s060t20_b0666300_a_U000877500
# [2024-06-12 19:04:15] INFO: Calculated checksum: 4b3b2205
# [2024-06-12 19:04:26] INFO: Calculated checksum: 7e12490f
# [2024-06-12 19:04:26] INFO: Writing RNGSTATE file: ./rand_s060t20_b0666300_a_U000877500
# [2024-06-12 19:04:26] INFO: Writing to disk took 13.3845 seconds
# [2024-06-12 19:04:26] INFO: ======================================================================
# [2024-06-12 19:04:26] INFO: Start sweeping...
# [2024-06-12 19:11:04] INFO: It took 398.117 seconds to do 500 HBOR sweeps.
# [2024-06-12 19:11:04] INFO: Plaquette = 0.650002
# [2024-06-12 19:11:04] INFO: Polyakov loop = (1.05207e-05,-0.000190305)
# [2024-06-12 19:11:04] INFO: Writing conf to disk...
# [2024-06-12 19:11:04] INFO: writeconf_nersc: Writing NERSC configuration ./conf_s060t20_b0666300_a_U000878000
# [2024-06-12 19:11:07] INFO: Calculated checksum: 7c501978
# [2024-06-12 19:11:11] INFO: Calculated checksum: c0e2cce9
# [2024-06-12 19:11:11] INFO: Writing RNGSTATE file: ./rand_s060t20_b0666300_a_U000878000
# [2024-06-12 19:11:11] INFO: Writing to disk took 7.31598 seconds
# [2024-06-12 19:11:11] INFO: ======================================================================
# [2024-06-12 19:11:11] INFO: Start sweeping...
# [2024-06-12 19:17:49] INFO: It took 398.178 seconds to do 500 HBOR sweeps.
# [2024-06-12 19:17:49] INFO: Plaquette = 0.650116
# [2024-06-12 19:17:49] INFO: Polyakov loop = (-0.000125827,0.000308523)
# [2024-06-12 19:17:49] INFO: Writing conf to disk...
# [2024-06-12 19:17:49] INFO: writeconf_nersc: Writing NERSC configuration ./conf_s060t20_b0666300_a_U000878500
# [2024-06-12 19:17:52] INFO: Calculated checksum: fb6a75c9
# [2024-06-12 19:17:57] INFO: Calculated checksum: d0c3555b
# [2024-06-12 19:17:57] INFO: Writing RNGSTATE file: ./rand_s060t20_b0666300_a_U000878500
# [2024-06-12 19:17:57] INFO: Writing to disk took 7.51722 seconds
# [2024-06-12 19:17:57] INFO: ======================================================================
# [2024-06-12 19:17:57] INFO: Start sweeping...
# [2024-06-12 19:24:35] INFO: It took 398.27 seconds to do 500 HBOR sweeps.
# [2024-06-12 19:24:35] INFO: Plaquette = 0.650066
# [2024-06-12 19:24:35] INFO: Polyakov loop = (6.84375e-05,-0.000792083)
# [2024-06-12 19:24:35] INFO: Writing conf to disk...
# [2024-06-12 19:24:35] INFO: writeconf_nersc: Writing NERSC configuration ./conf_s060t20_b0666300_a_U000879000
# [2024-06-12 19:24:38] INFO: Calculated checksum: dd43d0af
# [2024-06-12 19:24:43] INFO: Calculated checksum: b64e405e
# [2024-06-12 19:24:43] INFO: Writing RNGSTATE file: ./rand_s060t20_b0666300_a_U000879000
# [2024-06-12 19:24:43] INFO: Writing to disk took 7.667 seconds
# [2024-06-12 19:24:43] INFO: ======================================================================
# [2024-06-12 19:24:43] INFO: Start sweeping...
# [2024-06-12 19:31:21] INFO: It took 398.153 seconds to do 500 HBOR sweeps.
# [2024-06-12 19:31:21] INFO: Plaquette = 0.650157
# [2024-06-12 19:31:21] INFO: Polyakov loop = (0.00085719,-0.000617082)
# [2024-06-12 19:31:21] INFO: Writing conf to disk...
# [2024-06-12 19:31:21] INFO: writeconf_nersc: Writing NERSC configuration ./conf_s060t20_b0666300_a_U000879500
# [2024-06-12 19:31:24] INFO: Calculated checksum: 32cb1c77
# [2024-06-12 19:31:29] INFO: Calculated checksum: aaf8bf1f
# [2024-06-12 19:31:29] INFO: Writing RNGSTATE file: ./rand_s060t20_b0666300_a_U000879500
# [2024-06-12 19:31:29] INFO: Writing to disk took 7.6788 seconds
# [2024-06-12 19:31:29] INFO: ======================================================================
# [2024-06-12 19:31:29] INFO: Start sweeping...
# [2024-06-12 19:38:07] INFO: It took 398.279 seconds to do 500 HBOR sweeps.
# [2024-06-12 19:38:07] INFO: Plaquette = 0.650089
# [2024-06-12 19:38:07] INFO: Polyakov loop = (-0.000545685,0.000518154)
# [2024-06-12 19:38:07] INFO: Writing conf to disk...
# [2024-06-12 19:38:07] INFO: writeconf_nersc: Writing NERSC configuration ./conf_s060t20_b0666300_a_U000880000
# [2024-06-12 19:38:10] INFO: Calculated checksum: cbfcac45
# [2024-06-12 19:38:15] INFO: Calculated checksum: f7e6e4a7
# [2024-06-12 19:38:15] INFO: Writing RNGSTATE file: ./rand_s060t20_b0666300_a_U000880000
# [2024-06-12 19:38:16] INFO: Writing to disk took 8.85584 seconds
# [2024-06-12 19:38:16] INFO: ======================================================================
# [2024-06-12 19:38:16] INFO: Start sweeping...
# [2024-06-12 19:44:54] INFO: It took 398.204 seconds to do 500 HBOR sweeps.
# [2024-06-12 19:44:54] INFO: Plaquette = 0.650161
# [2024-06-12 19:44:54] INFO: Polyakov loop = (-0.000909364,-0.00072282)
# [2024-06-12 19:44:54] INFO: Writing conf to disk...
# [2024-06-12 19:44:54] INFO: writeconf_nersc: Writing NERSC configuration ./conf_s060t20_b0666300_a_U000880500
# [2024-06-12 19:44:57] INFO: Calculated checksum: 35bcdb2f
# [2024-06-12 19:45:02] INFO: Calculated checksum: 61f4a00f
# [2024-06-12 19:45:02] INFO: Writing RNGSTATE file: ./rand_s060t20_b0666300_a_U000880500
# [2024-06-12 19:45:02] INFO: Writing to disk took 7.72649 seconds
# [2024-06-12 19:45:02] INFO: ======================================================================
# [2024-06-12 19:45:02] INFO: Start sweeping...
# [2024-06-12 19:51:40] INFO: It took 398.13 seconds to do 500 HBOR sweeps.
# [2024-06-12 19:51:40] INFO: Plaquette = 0.650035
# [2024-06-12 19:51:40] INFO: Polyakov loop = (-0.00102339,-0.000927495)
# [2024-06-12 19:51:40] INFO: Writing conf to disk...
# [2024-06-12 19:51:40] INFO: writeconf_nersc: Writing NERSC configuration ./conf_s060t20_b0666300_a_U000881000
# [2024-06-12 19:51:43] INFO: Calculated checksum: 74efa2b6
# [2024-06-12 19:51:53] INFO: Calculated checksum: 602a3a42
# [2024-06-12 19:51:53] INFO: Writing RNGSTATE file: ./rand_s060t20_b0666300_a_U000881000
# [2024-06-12 19:51:53] INFO: Writing to disk took 12.7858 seconds
# [2024-06-12 19:51:53] INFO: ======================================================================
# [2024-06-12 19:51:53] INFO: Start sweeping...
# [2024-06-12 19:58:31] INFO: It took 398.003 seconds to do 500 HBOR sweeps.
# [2024-06-12 19:58:31] INFO: Plaquette = 0.650033
# [2024-06-12 19:58:31] INFO: Polyakov loop = (-0.000118265,-0.00116581)
# [2024-06-12 19:58:31] INFO: Writing conf to disk...
# [2024-06-12 19:58:31] INFO: writeconf_nersc: Writing NERSC configuration ./conf_s060t20_b0666300_a_U000881500
# [2024-06-12 19:58:34] INFO: Calculated checksum: 98719daf
# [2024-06-12 19:58:44] INFO: Calculated checksum: e0daa167
# [2024-06-12 19:58:44] INFO: Writing RNGSTATE file: ./rand_s060t20_b0666300_a_U000881500
# [2024-06-12 19:58:44] INFO: Writing to disk took 13.2193 seconds
# [2024-06-12 19:58:44] INFO: ======================================================================
# [2024-06-12 19:58:44] INFO: Start sweeping...
# [2024-06-12 20:05:22] INFO: It took 398.103 seconds to do 500 HBOR sweeps.
# [2024-06-12 20:05:22] INFO: Plaquette = 0.65003
# [2024-06-12 20:05:22] INFO: Polyakov loop = (0.000311152,-0.000132353)
# [2024-06-12 20:05:22] INFO: Writing conf to disk...
# [2024-06-12 20:05:22] INFO: writeconf_nersc: Writing NERSC configuration ./conf_s060t20_b0666300_a_U000882000
# [2024-06-12 20:05:25] INFO: Calculated checksum: 2ffa539f
# [2024-06-12 20:05:30] INFO: Calculated checksum: 334420e0
# [2024-06-12 20:05:30] INFO: Writing RNGSTATE file: ./rand_s060t20_b0666300_a_U000882000
# [2024-06-12 20:05:30] INFO: Writing to disk took 7.71672 seconds
# [2024-06-12 20:05:30] INFO: ======================================================================
# [2024-06-12 20:05:30] INFO: Start sweeping...
# [2024-06-12 20:12:09] INFO: It took 398.354 seconds to do 500 HBOR sweeps.
# [2024-06-12 20:12:09] INFO: Plaquette = 0.650072
# [2024-06-12 20:12:09] INFO: Polyakov loop = (-0.00107559,-0.000164154)
# [2024-06-12 20:12:09] INFO: Writing conf to disk...
# [2024-06-12 20:12:09] INFO: writeconf_nersc: Writing NERSC configuration ./conf_s060t20_b0666300_a_U000882500
# [2024-06-12 20:12:11] INFO: Calculated checksum: 290b5b61
# [2024-06-12 20:12:18] INFO: Calculated checksum: 19c248af
# [2024-06-12 20:12:18] INFO: Writing RNGSTATE file: ./rand_s060t20_b0666300_a_U000882500
# [2024-06-12 20:12:18] INFO: Writing to disk took 9.84184 seconds
# [2024-06-12 20:12:18] INFO: ======================================================================
# [2024-06-12 20:12:18] INFO: Start sweeping...
# [2024-06-12 20:18:57] INFO: It took 398.234 seconds to do 500 HBOR sweeps.
# [2024-06-12 20:18:57] INFO: Plaquette = 0.650174
# [2024-06-12 20:18:57] INFO: Polyakov loop = (-8.477e-05,0.000914069)
# [2024-06-12 20:18:57] INFO: Writing conf to disk...
# [2024-06-12 20:18:57] INFO: writeconf_nersc: Writing NERSC configuration ./conf_s060t20_b0666300_a_U000883000
# [2024-06-12 20:19:00] INFO: Calculated checksum: 690c96c5
# [2024-06-12 20:19:04] INFO: Calculated checksum: 67af300b
# [2024-06-12 20:19:04] INFO: Writing RNGSTATE file: ./rand_s060t20_b0666300_a_U000883000
# [2024-06-12 20:19:05] INFO: Writing to disk took 7.82932 seconds
# [2024-06-12 20:19:05] INFO: ======================================================================
# [2024-06-12 20:19:05] INFO: Start sweeping...
# [2024-06-12 20:25:43] INFO: It took 398.062 seconds to do 500 HBOR sweeps.
# [2024-06-12 20:25:43] INFO: Plaquette = 0.650117
# [2024-06-12 20:25:43] INFO: Polyakov loop = (0.000294637,0.000132218)
# [2024-06-12 20:25:43] INFO: Writing conf to disk...
# [2024-06-12 20:25:43] INFO: writeconf_nersc: Writing NERSC configuration ./conf_s060t20_b0666300_a_U000883500
# [2024-06-12 20:25:46] INFO: Calculated checksum: f81bd1b3
# [2024-06-12 20:25:50] INFO: Calculated checksum: 3578f430
# [2024-06-12 20:25:50] INFO: Writing RNGSTATE file: ./rand_s060t20_b0666300_a_U000883500
# [2024-06-12 20:25:50] INFO: Writing to disk took 7.64545 seconds
# [2024-06-12 20:25:50] INFO: ======================================================================
# [2024-06-12 20:25:50] INFO: Start sweeping...
# [2024-06-12 20:32:28] INFO: It took 398.117 seconds to do 500 HBOR sweeps.
# [2024-06-12 20:32:28] INFO: Plaquette = 0.650146
# [2024-06-12 20:32:28] INFO: Polyakov loop = (-0.000811349,-0.000923308)
# [2024-06-12 20:32:28] INFO: Writing conf to disk...
# [2024-06-12 20:32:28] INFO: writeconf_nersc: Writing NERSC configuration ./conf_s060t20_b0666300_a_U000884000
# [2024-06-12 20:32:32] INFO: Calculated checksum: 98aa9a5a
# [2024-06-12 20:32:36] INFO: Calculated checksum: aced7d98
# [2024-06-12 20:32:36] INFO: Writing RNGSTATE file: ./rand_s060t20_b0666300_a_U000884000
# [2024-06-12 20:32:37] INFO: Writing to disk took 8.05201 seconds
# [2024-06-12 20:32:37] INFO: ======================================================================
# [2024-06-12 20:32:37] INFO: Start sweeping...
# [2024-06-12 20:39:15] INFO: It took 398.154 seconds to do 500 HBOR sweeps.
# [2024-06-12 20:39:15] INFO: Plaquette = 0.650103
# [2024-06-12 20:39:15] INFO: Polyakov loop = (-0.000887562,-0.00107086)
# [2024-06-12 20:39:15] INFO: Writing conf to disk...
# [2024-06-12 20:39:15] INFO: writeconf_nersc: Writing NERSC configuration ./conf_s060t20_b0666300_a_U000884500
# [2024-06-12 20:39:18] INFO: Calculated checksum: 3b83b8e2
# [2024-06-12 20:39:23] INFO: Calculated checksum: 48d5a834
# [2024-06-12 20:39:23] INFO: Writing RNGSTATE file: ./rand_s060t20_b0666300_a_U000884500
# [2024-06-12 20:39:23] INFO: Writing to disk took 8.19675 seconds
# [2024-06-12 20:39:23] INFO: ======================================================================
# [2024-06-12 20:39:23] INFO: Start sweeping...
# [2024-06-12 20:46:01] INFO: It took 398.162 seconds to do 500 HBOR sweeps.
# [2024-06-12 20:46:01] INFO: Plaquette = 0.650146
# [2024-06-12 20:46:01] INFO: Polyakov loop = (0.000409009,-0.000781569)
# [2024-06-12 20:46:01] INFO: Writing conf to disk...
# [2024-06-12 20:46:01] INFO: writeconf_nersc: Writing NERSC configuration ./conf_s060t20_b0666300_a_U000885000
# [2024-06-12 20:46:04] INFO: Calculated checksum: b374f83f
# [2024-06-12 20:46:09] INFO: Calculated checksum: 6c0c0642
# [2024-06-12 20:46:09] INFO: Writing RNGSTATE file: ./rand_s060t20_b0666300_a_U000885000
# [2024-06-12 20:46:09] INFO: Writing to disk took 7.63705 seconds
# [2024-06-12 20:46:09] INFO: ======================================================================
# [2024-06-12 20:46:09] INFO: Start sweeping...
# [2024-06-12 20:52:47] INFO: It took 398.166 seconds to do 500 HBOR sweeps.
# [2024-06-12 20:52:47] INFO: Plaquette = 0.650066
# [2024-06-12 20:52:47] INFO: Polyakov loop = (-0.000365605,-0.000228168)
# [2024-06-12 20:52:47] INFO: Writing conf to disk...
# [2024-06-12 20:52:47] INFO: writeconf_nersc: Writing NERSC configuration ./conf_s060t20_b0666300_a_U000885500
# [2024-06-12 20:52:50] INFO: Calculated checksum: 12c73111
# [2024-06-12 20:52:55] INFO: Calculated checksum: c2cafaa9
# [2024-06-12 20:52:55] INFO: Writing RNGSTATE file: ./rand_s060t20_b0666300_a_U000885500
# [2024-06-12 20:52:55] INFO: Writing to disk took 7.63172 seconds
# [2024-06-12 20:52:55] INFO: ======================================================================
# [2024-06-12 20:52:55] INFO: Start sweeping...
# [2024-06-12 20:59:33] INFO: It took 398.166 seconds to do 500 HBOR sweeps.
# [2024-06-12 20:59:33] INFO: Plaquette = 0.650073
# [2024-06-12 20:59:33] INFO: Polyakov loop = (0.000348271,0.000157822)
# [2024-06-12 20:59:33] INFO: Writing conf to disk...
# [2024-06-12 20:59:33] INFO: writeconf_nersc: Writing NERSC configuration ./conf_s060t20_b0666300_a_U000886000
# [2024-06-12 20:59:36] INFO: Calculated checksum: 57da20e6
# [2024-06-12 20:59:41] INFO: Calculated checksum: fe32e851
# [2024-06-12 20:59:41] INFO: Writing RNGSTATE file: ./rand_s060t20_b0666300_a_U000886000
# [2024-06-12 20:59:41] INFO: Writing to disk took 7.83936 seconds
# [2024-06-12 20:59:41] INFO: ======================================================================
# [2024-06-12 20:59:41] INFO: Start sweeping...
# [2024-06-12 21:06:19] INFO: It took 398.117 seconds to do 500 HBOR sweeps.
# [2024-06-12 21:06:19] INFO: Plaquette = 0.65006
# [2024-06-12 21:06:19] INFO: Polyakov loop = (-0.000442366,9.14347e-05)
# [2024-06-12 21:06:19] INFO: Writing conf to disk...
# [2024-06-12 21:06:19] INFO: writeconf_nersc: Writing NERSC configuration ./conf_s060t20_b0666300_a_U000886500
# [2024-06-12 21:06:22] INFO: Calculated checksum: 1a5d87a6
# [2024-06-12 21:06:26] INFO: Calculated checksum: 2a280e12
# [2024-06-12 21:06:26] INFO: Writing RNGSTATE file: ./rand_s060t20_b0666300_a_U000886500
# [2024-06-12 21:06:26] INFO: Writing to disk took 7.58892 seconds
# [2024-06-12 21:06:26] INFO: ======================================================================
# [2024-06-12 21:06:26] INFO: Start sweeping...
# [2024-06-12 21:13:05] INFO: It took 398.132 seconds to do 500 HBOR sweeps.
# [2024-06-12 21:13:05] INFO: Plaquette = 0.650124
# [2024-06-12 21:13:05] INFO: Polyakov loop = (0.000698007,0.000407893)
# [2024-06-12 21:13:05] INFO: Writing conf to disk...
# [2024-06-12 21:13:05] INFO: writeconf_nersc: Writing NERSC configuration ./conf_s060t20_b0666300_a_U000887000
# [2024-06-12 21:13:08] INFO: Calculated checksum: 4ab7aaf3
# [2024-06-12 21:13:12] INFO: Calculated checksum: 46decb8c
# [2024-06-12 21:13:12] INFO: Writing RNGSTATE file: ./rand_s060t20_b0666300_a_U000887000
# [2024-06-12 21:13:12] INFO: Writing to disk took 7.74406 seconds
# [2024-06-12 21:13:12] INFO: ======================================================================
# [2024-06-12 21:13:12] INFO: Start sweeping...
# [2024-06-12 21:19:51] INFO: It took 398.209 seconds to do 500 HBOR sweeps.
# [2024-06-12 21:19:51] INFO: Plaquette = 0.650007
# [2024-06-12 21:19:51] INFO: Polyakov loop = (-0.000317094,-0.00050051)
# [2024-06-12 21:19:51] INFO: Writing conf to disk...
# [2024-06-12 21:19:51] INFO: writeconf_nersc: Writing NERSC configuration ./conf_s060t20_b0666300_a_U000887500
# [2024-06-12 21:19:54] INFO: Calculated checksum: 83dc0296
# [2024-06-12 21:19:58] INFO: Calculated checksum: b395ab9a
# [2024-06-12 21:19:58] INFO: Writing RNGSTATE file: ./rand_s060t20_b0666300_a_U000887500
# [2024-06-12 21:19:58] INFO: Writing to disk took 7.70182 seconds
# [2024-06-12 21:19:58] INFO: ======================================================================
# [2024-06-12 21:19:58] INFO: Start sweeping...
# [2024-06-12 21:26:37] INFO: It took 398.189 seconds to do 500 HBOR sweeps.
# [2024-06-12 21:26:37] INFO: Plaquette = 0.649976
# [2024-06-12 21:26:37] INFO: Polyakov loop = (0.000295565,0.00033091)
# [2024-06-12 21:26:37] INFO: Writing conf to disk...
# [2024-06-12 21:26:37] INFO: writeconf_nersc: Writing NERSC configuration ./conf_s060t20_b0666300_a_U000888000
# [2024-06-12 21:26:40] INFO: Calculated checksum: 1abbfe7c
# [2024-06-12 21:26:45] INFO: Calculated checksum: 43a7504e
# [2024-06-12 21:26:45] INFO: Writing RNGSTATE file: ./rand_s060t20_b0666300_a_U000888000
# [2024-06-12 21:26:45] INFO: Writing to disk took 8.18625 seconds
# [2024-06-12 21:26:45] INFO: ======================================================================
# [2024-06-12 21:26:45] INFO: Start sweeping...
# [2024-06-12 21:33:23] INFO: It took 398.159 seconds to do 500 HBOR sweeps.
# [2024-06-12 21:33:23] INFO: Plaquette = 0.650018
# [2024-06-12 21:33:23] INFO: Polyakov loop = (-0.000228044,-0.000856544)
# [2024-06-12 21:33:23] INFO: Writing conf to disk...
# [2024-06-12 21:33:23] INFO: writeconf_nersc: Writing NERSC configuration ./conf_s060t20_b0666300_a_U000888500
# [2024-06-12 21:33:26] INFO: Calculated checksum: daf86d9a
# [2024-06-12 21:33:30] INFO: Calculated checksum: 45b1f40a
# [2024-06-12 21:33:30] INFO: Writing RNGSTATE file: ./rand_s060t20_b0666300_a_U000888500
# [2024-06-12 21:33:31] INFO: Writing to disk took 7.5434 seconds
# [2024-06-12 21:33:31] INFO: ======================================================================
# [2024-06-12 21:33:31] INFO: Start sweeping...
# [2024-06-12 21:40:09] INFO: It took 398.19 seconds to do 500 HBOR sweeps.
# [2024-06-12 21:40:09] INFO: Plaquette = 0.650093
# [2024-06-12 21:40:09] INFO: Polyakov loop = (0.000867936,-0.000112165)
# [2024-06-12 21:40:09] INFO: Writing conf to disk...
# [2024-06-12 21:40:09] INFO: writeconf_nersc: Writing NERSC configuration ./conf_s060t20_b0666300_a_U000889000
# [2024-06-12 21:40:12] INFO: Calculated checksum: 864fbc8
# [2024-06-12 21:40:16] INFO: Calculated checksum: 4d7122b0
# [2024-06-12 21:40:16] INFO: Writing RNGSTATE file: ./rand_s060t20_b0666300_a_U000889000
# [2024-06-12 21:40:16] INFO: Writing to disk took 7.63323 seconds
# [2024-06-12 21:40:16] INFO: ======================================================================
# [2024-06-12 21:40:16] INFO: Start sweeping...
# [2024-06-12 21:46:55] INFO: It took 398.201 seconds to do 500 HBOR sweeps.
# [2024-06-12 21:46:55] INFO: Plaquette = 0.650059
# [2024-06-12 21:46:55] INFO: Polyakov loop = (0.000346213,-0.000434439)
# [2024-06-12 21:46:55] INFO: Writing conf to disk...
# [2024-06-12 21:46:55] INFO: writeconf_nersc: Writing NERSC configuration ./conf_s060t20_b0666300_a_U000889500
# [2024-06-12 21:46:58] INFO: Calculated checksum: aa46aa9e
# [2024-06-12 21:47:02] INFO: Calculated checksum: 9d5b1229
# [2024-06-12 21:47:02] INFO: Writing RNGSTATE file: ./rand_s060t20_b0666300_a_U000889500
# [2024-06-12 21:47:02] INFO: Writing to disk took 7.53654 seconds
# [2024-06-12 21:47:02] INFO: ======================================================================
# [2024-06-12 21:47:02] INFO: Start sweeping...
# [2024-06-12 21:53:40] INFO: It took 398.215 seconds to do 500 HBOR sweeps.
# [2024-06-12 21:53:40] INFO: Plaquette = 0.650018
# [2024-06-12 21:53:40] INFO: Polyakov loop = (0.000128986,0.000293091)
# [2024-06-12 21:53:40] INFO: Writing conf to disk...
# [2024-06-12 21:53:40] INFO: writeconf_nersc: Writing NERSC configuration ./conf_s060t20_b0666300_a_U000890000
# [2024-06-12 21:53:44] INFO: Calculated checksum: 19aa381b
# [2024-06-12 21:53:49] INFO: Calculated checksum: c968f608
# [2024-06-12 21:53:49] INFO: Writing RNGSTATE file: ./rand_s060t20_b0666300_a_U000890000
# [2024-06-12 21:53:49] INFO: Writing to disk took 8.2001 seconds
# [2024-06-12 21:53:49] INFO: ======================================================================
# [2024-06-12 21:53:49] INFO: Start sweeping...
# [2024-06-12 22:00:27] INFO: It took 398.146 seconds to do 500 HBOR sweeps.
# [2024-06-12 22:00:27] INFO: Plaquette = 0.650063
# [2024-06-12 22:00:27] INFO: Polyakov loop = (0.000517403,-0.00011381)
# [2024-06-12 22:00:27] INFO: Writing conf to disk...
# [2024-06-12 22:00:27] INFO: writeconf_nersc: Writing NERSC configuration ./conf_s060t20_b0666300_a_U000890500
# [2024-06-12 22:00:30] INFO: Calculated checksum: f1e9d318
# [2024-06-12 22:00:35] INFO: Calculated checksum: 46b3b6f5
# [2024-06-12 22:00:35] INFO: Writing RNGSTATE file: ./rand_s060t20_b0666300_a_U000890500
# [2024-06-12 22:00:35] INFO: Writing to disk took 7.94232 seconds
# [2024-06-12 22:00:35] INFO: ======================================================================
# [2024-06-12 22:00:35] INFO: Start sweeping...
# [2024-06-12 22:07:13] INFO: It took 398.166 seconds to do 500 HBOR sweeps.
# [2024-06-12 22:07:13] INFO: Plaquette = 0.650079
# [2024-06-12 22:07:13] INFO: Polyakov loop = (-0.000905859,-0.000735701)
# [2024-06-12 22:07:13] INFO: Writing conf to disk...
# [2024-06-12 22:07:13] INFO: writeconf_nersc: Writing NERSC configuration ./conf_s060t20_b0666300_a_U000891000
# [2024-06-12 22:07:16] INFO: Calculated checksum: 669cb7c
# [2024-06-12 22:07:21] INFO: Calculated checksum: 26e00eac
# [2024-06-12 22:07:21] INFO: Writing RNGSTATE file: ./rand_s060t20_b0666300_a_U000891000
# [2024-06-12 22:07:21] INFO: Writing to disk took 7.62721 seconds
# [2024-06-12 22:07:21] INFO: ======================================================================
# [2024-06-12 22:07:21] INFO: Start sweeping...
# [2024-06-12 22:13:59] INFO: It took 398.222 seconds to do 500 HBOR sweeps.
# [2024-06-12 22:13:59] INFO: Plaquette = 0.650076
# [2024-06-12 22:13:59] INFO: Polyakov loop = (-0.000155941,-0.000824638)
# [2024-06-12 22:13:59] INFO: Writing conf to disk...
# [2024-06-12 22:13:59] INFO: writeconf_nersc: Writing NERSC configuration ./conf_s060t20_b0666300_a_U000891500
# [2024-06-12 22:14:02] INFO: Calculated checksum: b8d6adcc
# [2024-06-12 22:14:06] INFO: Calculated checksum: 87cbd9f6
# [2024-06-12 22:14:06] INFO: Writing RNGSTATE file: ./rand_s060t20_b0666300_a_U000891500
# [2024-06-12 22:14:07] INFO: Writing to disk took 7.58356 seconds
# [2024-06-12 22:14:07] INFO: ======================================================================
# [2024-06-12 22:14:07] INFO: Start sweeping...
# [2024-06-12 22:20:45] INFO: It took 398.196 seconds to do 500 HBOR sweeps.
# [2024-06-12 22:20:45] INFO: Plaquette = 0.6501
# [2024-06-12 22:20:45] INFO: Polyakov loop = (-0.00109216,0.000284219)
# [2024-06-12 22:20:45] INFO: Writing conf to disk...
# [2024-06-12 22:20:45] INFO: writeconf_nersc: Writing NERSC configuration ./conf_s060t20_b0666300_a_U000892000
# [2024-06-12 22:20:48] INFO: Calculated checksum: f2565224
# [2024-06-12 22:20:52] INFO: Calculated checksum: b9c05606
# [2024-06-12 22:20:52] INFO: Writing RNGSTATE file: ./rand_s060t20_b0666300_a_U000892000
# [2024-06-12 22:20:53] INFO: Writing to disk took 7.76138 seconds
# [2024-06-12 22:20:53] INFO: ======================================================================
# [2024-06-12 22:20:53] INFO: Start sweeping...
# [2024-06-12 22:27:31] INFO: It took 398.206 seconds to do 500 HBOR sweeps.
# [2024-06-12 22:27:31] INFO: Plaquette = 0.65009
# [2024-06-12 22:27:31] INFO: Polyakov loop = (-0.000139774,0.000282437)
# [2024-06-12 22:27:31] INFO: Writing conf to disk...
# [2024-06-12 22:27:31] INFO: writeconf_nersc: Writing NERSC configuration ./conf_s060t20_b0666300_a_U000892500
# [2024-06-12 22:27:34] INFO: Calculated checksum: 9d39e38d
# [2024-06-12 22:27:42] INFO: Calculated checksum: 426fe589
# [2024-06-12 22:27:42] INFO: Writing RNGSTATE file: ./rand_s060t20_b0666300_a_U000892500
# [2024-06-12 22:27:42] INFO: Writing to disk took 11.486 seconds
# [2024-06-12 22:27:42] INFO: ======================================================================
# [2024-06-12 22:27:42] INFO: Start sweeping...
# [2024-06-12 22:34:20] INFO: It took 398.103 seconds to do 500 HBOR sweeps.
# [2024-06-12 22:34:20] INFO: Plaquette = 0.650086
# [2024-06-12 22:34:20] INFO: Polyakov loop = (-0.000757733,0.000113439)
# [2024-06-12 22:34:20] INFO: Writing conf to disk...
# [2024-06-12 22:34:20] INFO: writeconf_nersc: Writing NERSC configuration ./conf_s060t20_b0666300_a_U000893000
# [2024-06-12 22:34:23] INFO: Calculated checksum: 4dde3eba
# [2024-06-12 22:34:28] INFO: Calculated checksum: e0340d31
# [2024-06-12 22:34:28] INFO: Writing RNGSTATE file: ./rand_s060t20_b0666300_a_U000893000
# [2024-06-12 22:34:28] INFO: Writing to disk took 7.58937 seconds
# [2024-06-12 22:34:28] INFO: ======================================================================
# [2024-06-12 22:34:28] INFO: Start sweeping...
# [2024-06-12 22:41:06] INFO: It took 398.263 seconds to do 500 HBOR sweeps.
# [2024-06-12 22:41:06] INFO: Plaquette = 0.650037
# [2024-06-12 22:41:06] INFO: Polyakov loop = (-0.000666941,0.000668732)
# [2024-06-12 22:41:06] INFO: Writing conf to disk...
# [2024-06-12 22:41:06] INFO: writeconf_nersc: Writing NERSC configuration ./conf_s060t20_b0666300_a_U000893500
# [2024-06-12 22:41:09] INFO: Calculated checksum: 1858a5a1
# [2024-06-12 22:41:14] INFO: Calculated checksum: aa9383bf
# [2024-06-12 22:41:14] INFO: Writing RNGSTATE file: ./rand_s060t20_b0666300_a_U000893500
# [2024-06-12 22:41:14] INFO: Writing to disk took 7.67302 seconds
# [2024-06-12 22:41:14] INFO: ======================================================================
# [2024-06-12 22:41:14] INFO: Start sweeping...
# [2024-06-12 22:47:52] INFO: It took 398.259 seconds to do 500 HBOR sweeps.
# [2024-06-12 22:47:52] INFO: Plaquette = 0.65011
# [2024-06-12 22:47:52] INFO: Polyakov loop = (-0.000118394,-0.000658711)
# [2024-06-12 22:47:52] INFO: Writing conf to disk...
# [2024-06-12 22:47:52] INFO: writeconf_nersc: Writing NERSC configuration ./conf_s060t20_b0666300_a_U000894000
# [2024-06-12 22:47:55] INFO: Calculated checksum: c6f65c50
# [2024-06-12 22:48:00] INFO: Calculated checksum: d6b0120c
# [2024-06-12 22:48:00] INFO: Writing RNGSTATE file: ./rand_s060t20_b0666300_a_U000894000
# [2024-06-12 22:48:00] INFO: Writing to disk took 8.00546 seconds
# [2024-06-12 22:48:00] INFO: ======================================================================
# [2024-06-12 22:48:00] INFO: Start sweeping...
# [2024-06-12 22:54:39] INFO: It took 398.241 seconds to do 500 HBOR sweeps.
# [2024-06-12 22:54:39] INFO: Plaquette = 0.650111
# [2024-06-12 22:54:39] INFO: Polyakov loop = (0.00120782,-5.56952e-05)
# [2024-06-12 22:54:39] INFO: Writing conf to disk...
# [2024-06-12 22:54:39] INFO: writeconf_nersc: Writing NERSC configuration ./conf_s060t20_b0666300_a_U000894500
# [2024-06-12 22:54:41] INFO: Calculated checksum: 9133c3a4
# [2024-06-12 22:54:46] INFO: Calculated checksum: 32dbbe45
# [2024-06-12 22:54:46] INFO: Writing RNGSTATE file: ./rand_s060t20_b0666300_a_U000894500
# [2024-06-12 22:54:46] INFO: Writing to disk took 7.79306 seconds
# [2024-06-12 22:54:46] INFO: ======================================================================
# [2024-06-12 22:54:46] INFO: Start sweeping...
# [2024-06-12 23:01:25] INFO: It took 398.279 seconds to do 500 HBOR sweeps.
# [2024-06-12 23:01:25] INFO: Plaquette = 0.649981
# [2024-06-12 23:01:25] INFO: Polyakov loop = (7.77222e-05,-0.00021361)
# [2024-06-12 23:01:25] INFO: Writing conf to disk...
# [2024-06-12 23:01:25] INFO: writeconf_nersc: Writing NERSC configuration ./conf_s060t20_b0666300_a_U000895000
# [2024-06-12 23:01:28] INFO: Calculated checksum: bac7f23e
# [2024-06-12 23:01:32] INFO: Calculated checksum: 46295c32
# [2024-06-12 23:01:32] INFO: Writing RNGSTATE file: ./rand_s060t20_b0666300_a_U000895000
# [2024-06-12 23:01:32] INFO: Writing to disk took 7.64438 seconds
# [2024-06-12 23:01:32] INFO: ======================================================================
# [2024-06-12 23:01:32] INFO: Start sweeping...
# [2024-06-12 23:08:11] INFO: It took 398.265 seconds to do 500 HBOR sweeps.
# [2024-06-12 23:08:11] INFO: Plaquette = 0.650052
# [2024-06-12 23:08:11] INFO: Polyakov loop = (0.00021638,-0.00107648)
# [2024-06-12 23:08:11] INFO: Writing conf to disk...
# [2024-06-12 23:08:11] INFO: writeconf_nersc: Writing NERSC configuration ./conf_s060t20_b0666300_a_U000895500
# [2024-06-12 23:08:14] INFO: Calculated checksum: c825c4d2
# [2024-06-12 23:08:18] INFO: Calculated checksum: 5f119a9f
# [2024-06-12 23:08:18] INFO: Writing RNGSTATE file: ./rand_s060t20_b0666300_a_U000895500
# [2024-06-12 23:08:19] INFO: Writing to disk took 7.95756 seconds
# [2024-06-12 23:08:19] INFO: ======================================================================
# [2024-06-12 23:08:19] INFO: Start sweeping...
# [2024-06-12 23:14:57] INFO: It took 398.258 seconds to do 500 HBOR sweeps.
# [2024-06-12 23:14:57] INFO: Plaquette = 0.650014
# [2024-06-12 23:14:57] INFO: Polyakov loop = (0.000473402,2.86559e-05)
# [2024-06-12 23:14:57] INFO: Writing conf to disk...
# [2024-06-12 23:14:57] INFO: writeconf_nersc: Writing NERSC configuration ./conf_s060t20_b0666300_a_U000896000
# [2024-06-12 23:15:00] INFO: Calculated checksum: 87fb8704
# [2024-06-12 23:15:04] INFO: Calculated checksum: 6ff69055
# [2024-06-12 23:15:04] INFO: Writing RNGSTATE file: ./rand_s060t20_b0666300_a_U000896000
# [2024-06-12 23:15:04] INFO: Writing to disk took 7.4714 seconds
# [2024-06-12 23:15:04] INFO: ======================================================================
# [2024-06-12 23:15:04] INFO: Start sweeping...
# [2024-06-12 23:21:43] INFO: It took 398.293 seconds to do 500 HBOR sweeps.
# [2024-06-12 23:21:43] INFO: Plaquette = 0.650192
# [2024-06-12 23:21:43] INFO: Polyakov loop = (0.000496045,-0.000302291)
# [2024-06-12 23:21:43] INFO: Writing conf to disk...
# [2024-06-12 23:21:43] INFO: writeconf_nersc: Writing NERSC configuration ./conf_s060t20_b0666300_a_U000896500
# [2024-06-12 23:21:46] INFO: Calculated checksum: a56714b
# [2024-06-12 23:21:50] INFO: Calculated checksum: 7c04a6c
# [2024-06-12 23:21:50] INFO: Writing RNGSTATE file: ./rand_s060t20_b0666300_a_U000896500
# [2024-06-12 23:21:51] INFO: Writing to disk took 7.82735 seconds
# [2024-06-12 23:21:51] INFO: ======================================================================
# [2024-06-12 23:21:51] INFO: Start sweeping...
# [2024-06-12 23:28:29] INFO: It took 398.224 seconds to do 500 HBOR sweeps.
# [2024-06-12 23:28:29] INFO: Plaquette = 0.650064
# [2024-06-12 23:28:29] INFO: Polyakov loop = (-6.84881e-05,-0.000139461)
# [2024-06-12 23:28:29] INFO: Writing conf to disk...
# [2024-06-12 23:28:29] INFO: writeconf_nersc: Writing NERSC configuration ./conf_s060t20_b0666300_a_U000897000
# [2024-06-12 23:28:32] INFO: Calculated checksum: ff283717
# [2024-06-12 23:28:37] INFO: Calculated checksum: 99a78dfa
# [2024-06-12 23:28:37] INFO: Writing RNGSTATE file: ./rand_s060t20_b0666300_a_U000897000
# [2024-06-12 23:28:37] INFO: Writing to disk took 7.99479 seconds
# [2024-06-12 23:28:37] INFO: ======================================================================
# [2024-06-12 23:28:37] INFO: Start sweeping...
# [2024-06-12 23:35:15] INFO: It took 398.215 seconds to do 500 HBOR sweeps.
# [2024-06-12 23:35:15] INFO: Plaquette = 0.65008
# [2024-06-12 23:35:15] INFO: Polyakov loop = (-0.000363446,0.000247735)
# [2024-06-12 23:35:15] INFO: Writing conf to disk...
# [2024-06-12 23:35:15] INFO: writeconf_nersc: Writing NERSC configuration ./conf_s060t20_b0666300_a_U000897500
# [2024-06-12 23:35:18] INFO: Calculated checksum: 29247363
# [2024-06-12 23:35:23] INFO: Calculated checksum: fbe76313
# [2024-06-12 23:35:23] INFO: Writing RNGSTATE file: ./rand_s060t20_b0666300_a_U000897500
# [2024-06-12 23:35:23] INFO: Writing to disk took 7.8326 seconds
# [2024-06-12 23:35:23] INFO: ======================================================================
# [2024-06-12 23:35:23] INFO: Start sweeping...
# [2024-06-12 23:42:01] INFO: It took 398.215 seconds to do 500 HBOR sweeps.
# [2024-06-12 23:42:01] INFO: Plaquette = 0.650052
# [2024-06-12 23:42:01] INFO: Polyakov loop = (-6.48663e-05,-0.000487664)
# [2024-06-12 23:42:01] INFO: Writing conf to disk...
# [2024-06-12 23:42:01] INFO: writeconf_nersc: Writing NERSC configuration ./conf_s060t20_b0666300_a_U000898000
# [2024-06-12 23:42:04] INFO: Calculated checksum: 27d47667
# [2024-06-12 23:42:09] INFO: Calculated checksum: 5ee1de58
# [2024-06-12 23:42:09] INFO: Writing RNGSTATE file: ./rand_s060t20_b0666300_a_U000898000
# [2024-06-12 23:42:09] INFO: Writing to disk took 7.79433 seconds
# [2024-06-12 23:42:09] INFO: ======================================================================
# [2024-06-12 23:42:09] INFO: Start sweeping...
# [2024-06-12 23:48:47] INFO: It took 398.243 seconds to do 500 HBOR sweeps.
# [2024-06-12 23:48:47] INFO: Plaquette = 0.65011
# [2024-06-12 23:48:47] INFO: Polyakov loop = (-0.000483048,-9.32761e-05)
# [2024-06-12 23:48:47] INFO: Writing conf to disk...
# [2024-06-12 23:48:47] INFO: writeconf_nersc: Writing NERSC configuration ./conf_s060t20_b0666300_a_U000898500
# [2024-06-12 23:48:50] INFO: Calculated checksum: 1bb5aebd
# [2024-06-12 23:48:55] INFO: Calculated checksum: ec3acd40
# [2024-06-12 23:48:55] INFO: Writing RNGSTATE file: ./rand_s060t20_b0666300_a_U000898500
# [2024-06-12 23:48:55] INFO: Writing to disk took 7.75384 seconds
# [2024-06-12 23:48:55] INFO: ======================================================================
# [2024-06-12 23:48:55] INFO: Start sweeping...
# [2024-06-12 23:55:33] INFO: It took 398.225 seconds to do 500 HBOR sweeps.
# [2024-06-12 23:55:33] INFO: Plaquette = 0.650101
# [2024-06-12 23:55:33] INFO: Polyakov loop = (-3.36362e-05,-0.00115505)
# [2024-06-12 23:55:33] INFO: Writing conf to disk...
# [2024-06-12 23:55:33] INFO: writeconf_nersc: Writing NERSC configuration ./conf_s060t20_b0666300_a_U000899000
# [2024-06-12 23:55:36] INFO: Calculated checksum: fbcef754
# [2024-06-12 23:55:41] INFO: Calculated checksum: b4c75d83
# [2024-06-12 23:55:41] INFO: Writing RNGSTATE file: ./rand_s060t20_b0666300_a_U000899000
# [2024-06-12 23:55:41] INFO: Writing to disk took 7.74398 seconds
# [2024-06-12 23:55:41] INFO: ======================================================================
# [2024-06-12 23:55:41] INFO: Start sweeping...
# [2024-06-13 00:02:19] INFO: It took 398.251 seconds to do 500 HBOR sweeps.
# [2024-06-13 00:02:19] INFO: Plaquette = 0.650225
# [2024-06-13 00:02:19] INFO: Polyakov loop = (0.00123229,-9.69453e-05)
# [2024-06-13 00:02:19] INFO: Writing conf to disk...
# [2024-06-13 00:02:19] INFO: writeconf_nersc: Writing NERSC configuration ./conf_s060t20_b0666300_a_U000899500
# [2024-06-13 00:02:22] INFO: Calculated checksum: 6ffc8768
# [2024-06-13 00:02:34] INFO: Calculated checksum: 1a0d9500
# [2024-06-13 00:02:34] INFO: Writing RNGSTATE file: ./rand_s060t20_b0666300_a_U000899500
# [2024-06-13 00:02:34] INFO: Writing to disk took 14.4223 seconds
# [2024-06-13 00:02:34] INFO: ======================================================================
# [2024-06-13 00:02:34] INFO: Start sweeping...
# [2024-06-13 00:09:12] INFO: It took 398.04 seconds to do 500 HBOR sweeps.
# [2024-06-13 00:09:12] INFO: Plaquette = 0.650127
# [2024-06-13 00:09:12] INFO: Polyakov loop = (0.000699572,0.000321666)
# [2024-06-13 00:09:12] INFO: Writing conf to disk...
# [2024-06-13 00:09:12] INFO: writeconf_nersc: Writing NERSC configuration ./conf_s060t20_b0666300_a_U000900000
# [2024-06-13 00:09:15] INFO: Calculated checksum: f5fc9676
# [2024-06-13 00:09:21] INFO: Calculated checksum: 42140ad3
# [2024-06-13 00:09:21] INFO: Writing RNGSTATE file: ./rand_s060t20_b0666300_a_U000900000
# [2024-06-13 00:09:21] INFO: Writing to disk took 9.28794 seconds
# [2024-06-13 00:09:21] INFO: Finalizing MPI
