
Currently Loaded Modules:
  1) chpc/1.0      (S)   3) gcc/8.5.0      5) mpich/3.4.2
  2) python/3.10.3       4) cmake/3.26.0   6) cuda/11.6.2 (g)

  Where:
   S:  Module is Sticky, requires --force to unload or purge
   g:  built for GPU

 

# [2024-06-12 12:48:38] INFO: Running SIMULATeQCD
# [2024-06-12 12:48:38] INFO: Git commit version: 43e2518
# [2024-06-12 12:48:38] INFO: Initializing MPI with (1 proc)
# [2024-06-12 12:48:38] INFO: Reading parameters from file :: GenerateQuenched_b67132.param
# [2024-06-12 12:48:38] INFO: # PARAM :: Lattice = 60 60 60 20 
# [2024-06-12 12:48:38] INFO: # PARAM :: Nodes = 1 1 1 1 
# [2024-06-12 12:48:38] INFO: # PARAM :: Topology = 0 0 0 0  (default)
# [2024-06-12 12:48:38] INFO: # PARAM :: beta = 6.7132
# [2024-06-12 12:48:38] INFO: # PARAM :: format = nersc
# [2024-06-12 12:48:38] INFO: # PARAM :: endianness = auto
# [2024-06-12 12:48:38] INFO: # PARAM :: conf_nr = 850000
# [2024-06-12 12:48:38] INFO: # PARAM :: stream = a
# [2024-06-12 12:48:38] INFO: # PARAM :: prec_out = 0 (default)
# [2024-06-12 12:48:38] INFO: # PARAM :: measurements_dir = ./ (default)
# [2024-06-12 12:48:38] INFO: # PARAM :: use_unit_conf = 0 (default)
# [2024-06-12 12:48:38] INFO: # PARAM :: output_dir = .
# [2024-06-12 12:48:38] INFO: # PARAM :: nconfs = 100
# [2024-06-12 12:48:38] INFO: # PARAM :: nsweeps_ORperHB = 4
# [2024-06-12 12:48:38] INFO: # PARAM :: nsweeps_HBwithOR = 500
# [2024-06-12 12:48:38] INFO: # PARAM :: prev_conf = conf_s060t20_b0671320_a_U000850000
# [2024-06-12 12:48:38] INFO: # PARAM :: prev_rand = rand_s060t20_b0671320_a_U000850000
# [2024-06-12 12:48:39] INFO: > Running on:
# [2024-06-12 12:48:39] INFO: [Rank 0] > notch271 CPU_75 GPU_41; MPI: world_rank=0, node_rank=0, coord: ( 0 0 0 0 )
# [2024-06-12 12:48:39] INFO: > Is MPI CUDA-aware? @compilation 
# [2024-06-12 12:48:39] INFO: > GPU compute capability: 75
# [2024-06-12 12:48:39] INFO: > Checking support for P2P (Peer-to-Peer) and UVA (Unified Virtual Addressing):
# [2024-06-12 12:48:39] INFO: [Rank 0] > notch271 GPU_41(NVIDIA GeForce RTX 2080 Ti): P2P NO ; UVA YES
# [2024-06-12 12:48:39] INFO: Initialize Indexer with HaloDepth = 1[0;33m[0m
# [2024-06-12 12:48:39] INFO: Resuming previous run.
# [2024-06-12 12:48:39] INFO: readconf_nersc: Reading NERSC configuration conf_s060t20_b0671320_a_U000850000
# [2024-06-12 12:48:58] INFO: Next conf_number will be 850500
# [2024-06-12 12:48:58] INFO: Generating up to 100 confs with a separation of 500 HBOR sweeps (OR/HB = 4) ...
# [2024-06-12 12:48:58] INFO: ======================================================================
# [2024-06-12 12:48:58] INFO: Start sweeping...
# [2024-06-12 12:55:34] INFO: It took 396.223 seconds to do 500 HBOR sweeps.
# [2024-06-12 12:55:34] INFO: Plaquette = 0.653447
# [2024-06-12 12:55:34] INFO: Polyakov loop = (-0.000392271,-0.00102949)
# [2024-06-12 12:55:34] INFO: Writing conf to disk...
# [2024-06-12 12:55:34] INFO: writeconf_nersc: Writing NERSC configuration ./conf_s060t20_b0671320_a_U000850500
# [2024-06-12 12:55:37] INFO: Calculated checksum: 576528b2
# [2024-06-12 12:55:50] INFO: Calculated checksum: d729c36
# [2024-06-12 12:55:50] INFO: Writing RNGSTATE file: ./rand_s060t20_b0671320_a_U000850500
# [2024-06-12 12:55:51] INFO: Writing to disk took 17.3336 seconds
# [2024-06-12 12:55:51] INFO: ======================================================================
# [2024-06-12 12:55:51] INFO: Start sweeping...
# [2024-06-12 13:02:29] INFO: It took 398.101 seconds to do 500 HBOR sweeps.
# [2024-06-12 13:02:29] INFO: Plaquette = 0.653428
# [2024-06-12 13:02:29] INFO: Polyakov loop = (-0.000436492,-0.00155254)
# [2024-06-12 13:02:29] INFO: Writing conf to disk...
# [2024-06-12 13:02:29] INFO: writeconf_nersc: Writing NERSC configuration ./conf_s060t20_b0671320_a_U000851000
# [2024-06-12 13:02:32] INFO: Calculated checksum: f7a11b51
# [2024-06-12 13:02:41] INFO: Calculated checksum: f8dc1d23
# [2024-06-12 13:02:41] INFO: Writing RNGSTATE file: ./rand_s060t20_b0671320_a_U000851000
# [2024-06-12 13:02:42] INFO: Writing to disk took 12.3491 seconds
# [2024-06-12 13:02:42] INFO: ======================================================================
# [2024-06-12 13:02:42] INFO: Start sweeping...
# [2024-06-12 13:09:20] INFO: It took 398.272 seconds to do 500 HBOR sweeps.
# [2024-06-12 13:09:20] INFO: Plaquette = 0.653464
# [2024-06-12 13:09:20] INFO: Polyakov loop = (-6.75874e-05,-0.000340321)
# [2024-06-12 13:09:20] INFO: Writing conf to disk...
# [2024-06-12 13:09:20] INFO: writeconf_nersc: Writing NERSC configuration ./conf_s060t20_b0671320_a_U000851500
# [2024-06-12 13:09:23] INFO: Calculated checksum: 46a44c28
# [2024-06-12 13:09:33] INFO: Calculated checksum: ae1ef795
# [2024-06-12 13:09:33] INFO: Writing RNGSTATE file: ./rand_s060t20_b0671320_a_U000851500
# [2024-06-12 13:09:33] INFO: Writing to disk took 12.7075 seconds
# [2024-06-12 13:09:33] INFO: ======================================================================
# [2024-06-12 13:09:33] INFO: Start sweeping...
# [2024-06-12 13:16:11] INFO: It took 398.24 seconds to do 500 HBOR sweeps.
# [2024-06-12 13:16:11] INFO: Plaquette = 0.653571
# [2024-06-12 13:16:11] INFO: Polyakov loop = (0.00159783,-0.000652238)
# [2024-06-12 13:16:11] INFO: Writing conf to disk...
# [2024-06-12 13:16:11] INFO: writeconf_nersc: Writing NERSC configuration ./conf_s060t20_b0671320_a_U000852000
# [2024-06-12 13:16:14] INFO: Calculated checksum: 18d30fd6
# [2024-06-12 13:16:24] INFO: Calculated checksum: 1ba3df72
# [2024-06-12 13:16:24] INFO: Writing RNGSTATE file: ./rand_s060t20_b0671320_a_U000852000
# [2024-06-12 13:16:24] INFO: Writing to disk took 12.5933 seconds
# [2024-06-12 13:16:24] INFO: ======================================================================
# [2024-06-12 13:16:24] INFO: Start sweeping...
# [2024-06-12 13:23:02] INFO: It took 398.153 seconds to do 500 HBOR sweeps.
# [2024-06-12 13:23:02] INFO: Plaquette = 0.653529
# [2024-06-12 13:23:02] INFO: Polyakov loop = (-0.000295059,-0.000411642)
# [2024-06-12 13:23:02] INFO: Writing conf to disk...
# [2024-06-12 13:23:02] INFO: writeconf_nersc: Writing NERSC configuration ./conf_s060t20_b0671320_a_U000852500
# [2024-06-12 13:23:05] INFO: Calculated checksum: e8b2021
# [2024-06-12 13:23:14] INFO: Calculated checksum: 10f844f2
# [2024-06-12 13:23:14] INFO: Writing RNGSTATE file: ./rand_s060t20_b0671320_a_U000852500
# [2024-06-12 13:23:15] INFO: Writing to disk took 12.7114 seconds
# [2024-06-12 13:23:15] INFO: ======================================================================
# [2024-06-12 13:23:15] INFO: Start sweeping...
# [2024-06-12 13:29:53] INFO: It took 398.216 seconds to do 500 HBOR sweeps.
# [2024-06-12 13:29:53] INFO: Plaquette = 0.653429
# [2024-06-12 13:29:53] INFO: Polyakov loop = (8.10821e-05,0.000683835)
# [2024-06-12 13:29:53] INFO: Writing conf to disk...
# [2024-06-12 13:29:53] INFO: writeconf_nersc: Writing NERSC configuration ./conf_s060t20_b0671320_a_U000853000
# [2024-06-12 13:29:56] INFO: Calculated checksum: 75cfccbf
# [2024-06-12 13:30:10] INFO: Calculated checksum: bd03e6d5
# [2024-06-12 13:30:10] INFO: Writing RNGSTATE file: ./rand_s060t20_b0671320_a_U000853000
# [2024-06-12 13:30:11] INFO: Writing to disk took 17.5907 seconds
# [2024-06-12 13:30:11] INFO: ======================================================================
# [2024-06-12 13:30:11] INFO: Start sweeping...
# [2024-06-12 13:36:49] INFO: It took 398.115 seconds to do 500 HBOR sweeps.
# [2024-06-12 13:36:49] INFO: Plaquette = 0.653532
# [2024-06-12 13:36:49] INFO: Polyakov loop = (0.000250546,0.000290587)
# [2024-06-12 13:36:49] INFO: Writing conf to disk...
# [2024-06-12 13:36:49] INFO: writeconf_nersc: Writing NERSC configuration ./conf_s060t20_b0671320_a_U000853500
# [2024-06-12 13:36:52] INFO: Calculated checksum: 20aa2ffe
# [2024-06-12 13:37:01] INFO: Calculated checksum: 85ec9c2e
# [2024-06-12 13:37:01] INFO: Writing RNGSTATE file: ./rand_s060t20_b0671320_a_U000853500
# [2024-06-12 13:37:02] INFO: Writing to disk took 12.7715 seconds
# [2024-06-12 13:37:02] INFO: ======================================================================
# [2024-06-12 13:37:02] INFO: Start sweeping...
# [2024-06-12 13:43:40] INFO: It took 398.295 seconds to do 500 HBOR sweeps.
# [2024-06-12 13:43:40] INFO: Plaquette = 0.653504
# [2024-06-12 13:43:40] INFO: Polyakov loop = (0.00137292,0.000778018)
# [2024-06-12 13:43:40] INFO: Writing conf to disk...
# [2024-06-12 13:43:40] INFO: writeconf_nersc: Writing NERSC configuration ./conf_s060t20_b0671320_a_U000854000
# [2024-06-12 13:43:43] INFO: Calculated checksum: 53b29603
# [2024-06-12 13:43:50] INFO: Calculated checksum: 7ede9dc2
# [2024-06-12 13:43:50] INFO: Writing RNGSTATE file: ./rand_s060t20_b0671320_a_U000854000
# [2024-06-12 13:43:50] INFO: Writing to disk took 10.5847 seconds
# [2024-06-12 13:43:50] INFO: ======================================================================
# [2024-06-12 13:43:50] INFO: Start sweeping...
# [2024-06-12 13:50:29] INFO: It took 398.341 seconds to do 500 HBOR sweeps.
# [2024-06-12 13:50:29] INFO: Plaquette = 0.653497
# [2024-06-12 13:50:29] INFO: Polyakov loop = (0.000372225,-0.000732567)
# [2024-06-12 13:50:29] INFO: Writing conf to disk...
# [2024-06-12 13:50:29] INFO: writeconf_nersc: Writing NERSC configuration ./conf_s060t20_b0671320_a_U000854500
# [2024-06-12 13:50:32] INFO: Calculated checksum: efdc0356
# [2024-06-12 13:50:42] INFO: Calculated checksum: a015a16f
# [2024-06-12 13:50:42] INFO: Writing RNGSTATE file: ./rand_s060t20_b0671320_a_U000854500
# [2024-06-12 13:50:43] INFO: Writing to disk took 13.6499 seconds
# [2024-06-12 13:50:43] INFO: ======================================================================
# [2024-06-12 13:50:43] INFO: Start sweeping...
# [2024-06-12 13:57:21] INFO: It took 398.276 seconds to do 500 HBOR sweeps.
# [2024-06-12 13:57:21] INFO: Plaquette = 0.65356
# [2024-06-12 13:57:21] INFO: Polyakov loop = (0.00097284,-0.000340008)
# [2024-06-12 13:57:21] INFO: Writing conf to disk...
# [2024-06-12 13:57:21] INFO: writeconf_nersc: Writing NERSC configuration ./conf_s060t20_b0671320_a_U000855000
# [2024-06-12 13:57:24] INFO: Calculated checksum: 1180d4be
# [2024-06-12 13:57:29] INFO: Calculated checksum: a0741783
# [2024-06-12 13:57:29] INFO: Writing RNGSTATE file: ./rand_s060t20_b0671320_a_U000855000
# [2024-06-12 13:57:29] INFO: Writing to disk took 8.1049 seconds
# [2024-06-12 13:57:29] INFO: ======================================================================
# [2024-06-12 13:57:29] INFO: Start sweeping...
# [2024-06-12 14:04:07] INFO: It took 398.439 seconds to do 500 HBOR sweeps.
# [2024-06-12 14:04:07] INFO: Plaquette = 0.653528
# [2024-06-12 14:04:07] INFO: Polyakov loop = (0.00151827,-0.000548563)
# [2024-06-12 14:04:07] INFO: Writing conf to disk...
# [2024-06-12 14:04:07] INFO: writeconf_nersc: Writing NERSC configuration ./conf_s060t20_b0671320_a_U000855500
# [2024-06-12 14:04:10] INFO: Calculated checksum: 3856e3f
# [2024-06-12 14:04:23] INFO: Calculated checksum: 9151fdef
# [2024-06-12 14:04:23] INFO: Writing RNGSTATE file: ./rand_s060t20_b0671320_a_U000855500
# [2024-06-12 14:04:26] INFO: Writing to disk took 18.4182 seconds
# [2024-06-12 14:04:26] INFO: ======================================================================
# [2024-06-12 14:04:26] INFO: Start sweeping...
# [2024-06-12 14:11:04] INFO: It took 398.16 seconds to do 500 HBOR sweeps.
# [2024-06-12 14:11:04] INFO: Plaquette = 0.6535
# [2024-06-12 14:11:04] INFO: Polyakov loop = (0.0018689,0.000882661)
# [2024-06-12 14:11:04] INFO: Writing conf to disk...
# [2024-06-12 14:11:04] INFO: writeconf_nersc: Writing NERSC configuration ./conf_s060t20_b0671320_a_U000856000
# [2024-06-12 14:11:07] INFO: Calculated checksum: e35e00bc
# [2024-06-12 14:11:25] INFO: Calculated checksum: 67b18283
# [2024-06-12 14:11:25] INFO: Writing RNGSTATE file: ./rand_s060t20_b0671320_a_U000856000
# [2024-06-12 14:11:25] INFO: Writing to disk took 21.3257 seconds
# [2024-06-12 14:11:25] INFO: ======================================================================
# [2024-06-12 14:11:25] INFO: Start sweeping...
# [2024-06-12 14:18:04] INFO: It took 398.088 seconds to do 500 HBOR sweeps.
# [2024-06-12 14:18:04] INFO: Plaquette = 0.653558
# [2024-06-12 14:18:04] INFO: Polyakov loop = (0.0023109,0.000739651)
# [2024-06-12 14:18:04] INFO: Writing conf to disk...
# [2024-06-12 14:18:04] INFO: writeconf_nersc: Writing NERSC configuration ./conf_s060t20_b0671320_a_U000856500
# [2024-06-12 14:18:07] INFO: Calculated checksum: d9eeefb
# [2024-06-12 14:18:17] INFO: Calculated checksum: b85c1f78
# [2024-06-12 14:18:17] INFO: Writing RNGSTATE file: ./rand_s060t20_b0671320_a_U000856500
# [2024-06-12 14:18:18] INFO: Writing to disk took 13.9927 seconds
# [2024-06-12 14:18:18] INFO: ======================================================================
# [2024-06-12 14:18:18] INFO: Start sweeping...
# [2024-06-12 14:24:56] INFO: It took 398.293 seconds to do 500 HBOR sweeps.
# [2024-06-12 14:24:56] INFO: Plaquette = 0.653524
# [2024-06-12 14:24:56] INFO: Polyakov loop = (0.000688255,-5.76234e-05)
# [2024-06-12 14:24:56] INFO: Writing conf to disk...
# [2024-06-12 14:24:56] INFO: writeconf_nersc: Writing NERSC configuration ./conf_s060t20_b0671320_a_U000857000
# [2024-06-12 14:24:59] INFO: Calculated checksum: 8a716ff3
# [2024-06-12 14:25:11] INFO: Calculated checksum: 860a917
# [2024-06-12 14:25:11] INFO: Writing RNGSTATE file: ./rand_s060t20_b0671320_a_U000857000
# [2024-06-12 14:25:13] INFO: Writing to disk took 17.2936 seconds
# [2024-06-12 14:25:13] INFO: ======================================================================
# [2024-06-12 14:25:13] INFO: Start sweeping...
# [2024-06-12 14:31:51] INFO: It took 398.23 seconds to do 500 HBOR sweeps.
# [2024-06-12 14:31:52] INFO: Plaquette = 0.653464
# [2024-06-12 14:31:52] INFO: Polyakov loop = (0.00151979,-0.000506664)
# [2024-06-12 14:31:52] INFO: Writing conf to disk...
# [2024-06-12 14:31:52] INFO: writeconf_nersc: Writing NERSC configuration ./conf_s060t20_b0671320_a_U000857500
# [2024-06-12 14:31:54] INFO: Calculated checksum: a11d2e6c
# [2024-06-12 14:32:02] INFO: Calculated checksum: 41ad0acc
# [2024-06-12 14:32:02] INFO: Writing RNGSTATE file: ./rand_s060t20_b0671320_a_U000857500
# [2024-06-12 14:32:03] INFO: Writing to disk took 11.0164 seconds
# [2024-06-12 14:32:03] INFO: ======================================================================
# [2024-06-12 14:32:03] INFO: Start sweeping...
# [2024-06-12 14:38:41] INFO: It took 398.351 seconds to do 500 HBOR sweeps.
# [2024-06-12 14:38:41] INFO: Plaquette = 0.653446
# [2024-06-12 14:38:41] INFO: Polyakov loop = (0.00149634,0.000871467)
# [2024-06-12 14:38:41] INFO: Writing conf to disk...
# [2024-06-12 14:38:41] INFO: writeconf_nersc: Writing NERSC configuration ./conf_s060t20_b0671320_a_U000858000
# [2024-06-12 14:38:44] INFO: Calculated checksum: e8779c20
# [2024-06-12 14:38:55] INFO: Calculated checksum: 9d5a77f9
# [2024-06-12 14:38:55] INFO: Writing RNGSTATE file: ./rand_s060t20_b0671320_a_U000858000
# [2024-06-12 14:38:55] INFO: Writing to disk took 14.5097 seconds
# [2024-06-12 14:38:55] INFO: ======================================================================
# [2024-06-12 14:38:55] INFO: Start sweeping...
# [2024-06-12 14:45:34] INFO: It took 398.259 seconds to do 500 HBOR sweeps.
# [2024-06-12 14:45:34] INFO: Plaquette = 0.653501
# [2024-06-12 14:45:34] INFO: Polyakov loop = (0.00115808,0.000854362)
# [2024-06-12 14:45:34] INFO: Writing conf to disk...
# [2024-06-12 14:45:34] INFO: writeconf_nersc: Writing NERSC configuration ./conf_s060t20_b0671320_a_U000858500
# [2024-06-12 14:45:37] INFO: Calculated checksum: cc0c4e91
# [2024-06-12 14:45:45] INFO: Calculated checksum: 6ef7a801
# [2024-06-12 14:45:45] INFO: Writing RNGSTATE file: ./rand_s060t20_b0671320_a_U000858500
# [2024-06-12 14:45:46] INFO: Writing to disk took 11.78 seconds
# [2024-06-12 14:45:46] INFO: ======================================================================
# [2024-06-12 14:45:46] INFO: Start sweeping...
# [2024-06-12 14:52:24] INFO: It took 398.337 seconds to do 500 HBOR sweeps.
# [2024-06-12 14:52:24] INFO: Plaquette = 0.653458
# [2024-06-12 14:52:24] INFO: Polyakov loop = (0.00130827,0.000274183)
# [2024-06-12 14:52:24] INFO: Writing conf to disk...
# [2024-06-12 14:52:24] INFO: writeconf_nersc: Writing NERSC configuration ./conf_s060t20_b0671320_a_U000859000
# [2024-06-12 14:52:27] INFO: Calculated checksum: b8ae220
# [2024-06-12 14:52:33] INFO: Calculated checksum: 13788d21
# [2024-06-12 14:52:33] INFO: Writing RNGSTATE file: ./rand_s060t20_b0671320_a_U000859000
# [2024-06-12 14:52:34] INFO: Writing to disk took 9.64764 seconds
# [2024-06-12 14:52:34] INFO: ======================================================================
# [2024-06-12 14:52:34] INFO: Start sweeping...
# [2024-06-12 14:59:12] INFO: It took 398.377 seconds to do 500 HBOR sweeps.
# [2024-06-12 14:59:12] INFO: Plaquette = 0.653512
# [2024-06-12 14:59:12] INFO: Polyakov loop = (0.000626944,2.4212e-05)
# [2024-06-12 14:59:12] INFO: Writing conf to disk...
# [2024-06-12 14:59:12] INFO: writeconf_nersc: Writing NERSC configuration ./conf_s060t20_b0671320_a_U000859500
# [2024-06-12 14:59:15] INFO: Calculated checksum: 5dd974e1
# [2024-06-12 14:59:29] INFO: Calculated checksum: d489681
# [2024-06-12 14:59:29] INFO: Writing RNGSTATE file: ./rand_s060t20_b0671320_a_U000859500
# [2024-06-12 14:59:29] INFO: Writing to disk took 17.3977 seconds
# [2024-06-12 14:59:29] INFO: ======================================================================
# [2024-06-12 14:59:29] INFO: Start sweeping...
# [2024-06-12 15:06:08] INFO: It took 398.164 seconds to do 500 HBOR sweeps.
# [2024-06-12 15:06:08] INFO: Plaquette = 0.653488
# [2024-06-12 15:06:08] INFO: Polyakov loop = (0.000625901,0.00031593)
# [2024-06-12 15:06:08] INFO: Writing conf to disk...
# [2024-06-12 15:06:08] INFO: writeconf_nersc: Writing NERSC configuration ./conf_s060t20_b0671320_a_U000860000
# [2024-06-12 15:06:11] INFO: Calculated checksum: ea19ef1f
# [2024-06-12 15:06:17] INFO: Calculated checksum: 99587120
# [2024-06-12 15:06:17] INFO: Writing RNGSTATE file: ./rand_s060t20_b0671320_a_U000860000
# [2024-06-12 15:06:17] INFO: Writing to disk took 9.59442 seconds
# [2024-06-12 15:06:17] INFO: ======================================================================
# [2024-06-12 15:06:17] INFO: Start sweeping...
# [2024-06-12 15:12:56] INFO: It took 398.391 seconds to do 500 HBOR sweeps.
# [2024-06-12 15:12:56] INFO: Plaquette = 0.653461
# [2024-06-12 15:12:56] INFO: Polyakov loop = (0.000702997,-0.00072488)
# [2024-06-12 15:12:56] INFO: Writing conf to disk...
# [2024-06-12 15:12:56] INFO: writeconf_nersc: Writing NERSC configuration ./conf_s060t20_b0671320_a_U000860500
# [2024-06-12 15:12:59] INFO: Calculated checksum: 6f27be7c
# [2024-06-12 15:13:05] INFO: Calculated checksum: 29825cf2
# [2024-06-12 15:13:05] INFO: Writing RNGSTATE file: ./rand_s060t20_b0671320_a_U000860500
# [2024-06-12 15:13:05] INFO: Writing to disk took 9.71705 seconds
# [2024-06-12 15:13:05] INFO: ======================================================================
# [2024-06-12 15:13:05] INFO: Start sweeping...
# [2024-06-12 15:19:44] INFO: It took 398.382 seconds to do 500 HBOR sweeps.
# [2024-06-12 15:19:44] INFO: Plaquette = 0.653494
# [2024-06-12 15:19:44] INFO: Polyakov loop = (0.000519363,-0.00102085)
# [2024-06-12 15:19:44] INFO: Writing conf to disk...
# [2024-06-12 15:19:44] INFO: writeconf_nersc: Writing NERSC configuration ./conf_s060t20_b0671320_a_U000861000
# [2024-06-12 15:19:47] INFO: Calculated checksum: e04f7723
# [2024-06-12 15:20:00] INFO: Calculated checksum: a65de5eb
# [2024-06-12 15:20:00] INFO: Writing RNGSTATE file: ./rand_s060t20_b0671320_a_U000861000
# [2024-06-12 15:20:00] INFO: Writing to disk took 15.9009 seconds
# [2024-06-12 15:20:00] INFO: ======================================================================
# [2024-06-12 15:20:00] INFO: Start sweeping...
# [2024-06-12 15:26:38] INFO: It took 398.259 seconds to do 500 HBOR sweeps.
# [2024-06-12 15:26:38] INFO: Plaquette = 0.653459
# [2024-06-12 15:26:38] INFO: Polyakov loop = (0.00168728,5.46851e-06)
# [2024-06-12 15:26:38] INFO: Writing conf to disk...
# [2024-06-12 15:26:38] INFO: writeconf_nersc: Writing NERSC configuration ./conf_s060t20_b0671320_a_U000861500
# [2024-06-12 15:26:41] INFO: Calculated checksum: 8b71f497
# [2024-06-12 15:26:45] INFO: Calculated checksum: 2ec81aab
# [2024-06-12 15:26:45] INFO: Writing RNGSTATE file: ./rand_s060t20_b0671320_a_U000861500
# [2024-06-12 15:26:45] INFO: Writing to disk took 7.363 seconds
# [2024-06-12 15:26:45] INFO: ======================================================================
# [2024-06-12 15:26:45] INFO: Start sweeping...
# [2024-06-12 15:33:24] INFO: It took 398.472 seconds to do 500 HBOR sweeps.
# [2024-06-12 15:33:24] INFO: Plaquette = 0.653529
# [2024-06-12 15:33:24] INFO: Polyakov loop = (0.00124574,-0.000259633)
# [2024-06-12 15:33:24] INFO: Writing conf to disk...
# [2024-06-12 15:33:24] INFO: writeconf_nersc: Writing NERSC configuration ./conf_s060t20_b0671320_a_U000862000
# [2024-06-12 15:33:27] INFO: Calculated checksum: 61873b1e
# [2024-06-12 15:33:32] INFO: Calculated checksum: 128df7c7
# [2024-06-12 15:33:32] INFO: Writing RNGSTATE file: ./rand_s060t20_b0671320_a_U000862000
# [2024-06-12 15:33:32] INFO: Writing to disk took 7.9 seconds
# [2024-06-12 15:33:32] INFO: ======================================================================
# [2024-06-12 15:33:32] INFO: Start sweeping...
# [2024-06-12 15:40:10] INFO: It took 398.135 seconds to do 500 HBOR sweeps.
# [2024-06-12 15:40:10] INFO: Plaquette = 0.653531
# [2024-06-12 15:40:10] INFO: Polyakov loop = (0.00119773,-0.000681544)
# [2024-06-12 15:40:10] INFO: Writing conf to disk...
# [2024-06-12 15:40:10] INFO: writeconf_nersc: Writing NERSC configuration ./conf_s060t20_b0671320_a_U000862500
# [2024-06-12 15:40:13] INFO: Calculated checksum: f190416b
# [2024-06-12 15:40:20] INFO: Calculated checksum: a0ae299c
# [2024-06-12 15:40:20] INFO: Writing RNGSTATE file: ./rand_s060t20_b0671320_a_U000862500
# [2024-06-12 15:40:20] INFO: Writing to disk took 10.2005 seconds
# [2024-06-12 15:40:20] INFO: ======================================================================
# [2024-06-12 15:40:20] INFO: Start sweeping...
# [2024-06-12 15:46:59] INFO: It took 398.226 seconds to do 500 HBOR sweeps.
# [2024-06-12 15:46:59] INFO: Plaquette = 0.653517
# [2024-06-12 15:46:59] INFO: Polyakov loop = (0.000538924,-9.69958e-05)
# [2024-06-12 15:46:59] INFO: Writing conf to disk...
# [2024-06-12 15:46:59] INFO: writeconf_nersc: Writing NERSC configuration ./conf_s060t20_b0671320_a_U000863000
# [2024-06-12 15:47:02] INFO: Calculated checksum: 32f7e0a5
# [2024-06-12 15:47:07] INFO: Calculated checksum: c276a84a
# [2024-06-12 15:47:07] INFO: Writing RNGSTATE file: ./rand_s060t20_b0671320_a_U000863000
# [2024-06-12 15:47:07] INFO: Writing to disk took 8.38995 seconds
# [2024-06-12 15:47:07] INFO: ======================================================================
# [2024-06-12 15:47:07] INFO: Start sweeping...
# [2024-06-12 15:53:45] INFO: It took 398.168 seconds to do 500 HBOR sweeps.
# [2024-06-12 15:53:45] INFO: Plaquette = 0.653474
# [2024-06-12 15:53:45] INFO: Polyakov loop = (-0.000226805,-8.62484e-05)
# [2024-06-12 15:53:45] INFO: Writing conf to disk...
# [2024-06-12 15:53:45] INFO: writeconf_nersc: Writing NERSC configuration ./conf_s060t20_b0671320_a_U000863500
# [2024-06-12 15:53:48] INFO: Calculated checksum: 158338f4
# [2024-06-12 15:53:53] INFO: Calculated checksum: ab39a629
# [2024-06-12 15:53:53] INFO: Writing RNGSTATE file: ./rand_s060t20_b0671320_a_U000863500
# [2024-06-12 15:53:53] INFO: Writing to disk took 8.16569 seconds
# [2024-06-12 15:53:53] INFO: ======================================================================
# [2024-06-12 15:53:53] INFO: Start sweeping...
# [2024-06-12 16:00:32] INFO: It took 398.146 seconds to do 500 HBOR sweeps.
# [2024-06-12 16:00:32] INFO: Plaquette = 0.653456
# [2024-06-12 16:00:32] INFO: Polyakov loop = (-0.00115939,-0.000569727)
# [2024-06-12 16:00:32] INFO: Writing conf to disk...
# [2024-06-12 16:00:32] INFO: writeconf_nersc: Writing NERSC configuration ./conf_s060t20_b0671320_a_U000864000
# [2024-06-12 16:00:35] INFO: Calculated checksum: 503e2060
# [2024-06-12 16:00:45] INFO: Calculated checksum: 960e146b
# [2024-06-12 16:00:45] INFO: Writing RNGSTATE file: ./rand_s060t20_b0671320_a_U000864000
# [2024-06-12 16:00:45] INFO: Writing to disk took 13.6283 seconds
# [2024-06-12 16:00:45] INFO: ======================================================================
# [2024-06-12 16:00:45] INFO: Start sweeping...
# [2024-06-12 16:07:23] INFO: It took 398.022 seconds to do 500 HBOR sweeps.
# [2024-06-12 16:07:23] INFO: Plaquette = 0.653516
# [2024-06-12 16:07:23] INFO: Polyakov loop = (-0.00034072,-0.000833858)
# [2024-06-12 16:07:23] INFO: Writing conf to disk...
# [2024-06-12 16:07:23] INFO: writeconf_nersc: Writing NERSC configuration ./conf_s060t20_b0671320_a_U000864500
# [2024-06-12 16:07:26] INFO: Calculated checksum: 9b9ec396
# [2024-06-12 16:07:33] INFO: Calculated checksum: 80134150
# [2024-06-12 16:07:33] INFO: Writing RNGSTATE file: ./rand_s060t20_b0671320_a_U000864500
# [2024-06-12 16:07:33] INFO: Writing to disk took 9.32886 seconds
# [2024-06-12 16:07:33] INFO: ======================================================================
# [2024-06-12 16:07:33] INFO: Start sweeping...
# [2024-06-12 16:14:11] INFO: It took 398.095 seconds to do 500 HBOR sweeps.
# [2024-06-12 16:14:11] INFO: Plaquette = 0.653491
# [2024-06-12 16:14:11] INFO: Polyakov loop = (-0.000210857,-0.000164986)
# [2024-06-12 16:14:11] INFO: Writing conf to disk...
# [2024-06-12 16:14:11] INFO: writeconf_nersc: Writing NERSC configuration ./conf_s060t20_b0671320_a_U000865000
# [2024-06-12 16:14:14] INFO: Calculated checksum: 240ffed4
# [2024-06-12 16:14:23] INFO: Calculated checksum: 62468e5f
# [2024-06-12 16:14:23] INFO: Writing RNGSTATE file: ./rand_s060t20_b0671320_a_U000865000
# [2024-06-12 16:14:23] INFO: Writing to disk took 12.4086 seconds
# [2024-06-12 16:14:23] INFO: ======================================================================
# [2024-06-12 16:14:23] INFO: Start sweeping...
# [2024-06-12 16:21:01] INFO: It took 398.022 seconds to do 500 HBOR sweeps.
# [2024-06-12 16:21:02] INFO: Plaquette = 0.653485
# [2024-06-12 16:21:02] INFO: Polyakov loop = (-0.000434702,-0.000906926)
# [2024-06-12 16:21:02] INFO: Writing conf to disk...
# [2024-06-12 16:21:02] INFO: writeconf_nersc: Writing NERSC configuration ./conf_s060t20_b0671320_a_U000865500
# [2024-06-12 16:21:05] INFO: Calculated checksum: 85cd6724
# [2024-06-12 16:21:12] INFO: Calculated checksum: c432973b
# [2024-06-12 16:21:12] INFO: Writing RNGSTATE file: ./rand_s060t20_b0671320_a_U000865500
# [2024-06-12 16:21:12] INFO: Writing to disk took 10.3149 seconds
# [2024-06-12 16:21:12] INFO: ======================================================================
# [2024-06-12 16:21:12] INFO: Start sweeping...
# [2024-06-12 16:27:50] INFO: It took 398.097 seconds to do 500 HBOR sweeps.
# [2024-06-12 16:27:50] INFO: Plaquette = 0.653573
# [2024-06-12 16:27:50] INFO: Polyakov loop = (0.000839634,-0.000487595)
# [2024-06-12 16:27:50] INFO: Writing conf to disk...
# [2024-06-12 16:27:50] INFO: writeconf_nersc: Writing NERSC configuration ./conf_s060t20_b0671320_a_U000866000
# [2024-06-12 16:27:53] INFO: Calculated checksum: 7eec9dc2
# [2024-06-12 16:27:58] INFO: Calculated checksum: 47c40985
# [2024-06-12 16:27:58] INFO: Writing RNGSTATE file: ./rand_s060t20_b0671320_a_U000866000
# [2024-06-12 16:27:59] INFO: Writing to disk took 8.39889 seconds
# [2024-06-12 16:27:59] INFO: ======================================================================
# [2024-06-12 16:27:59] INFO: Start sweeping...
# [2024-06-12 16:34:37] INFO: It took 398.154 seconds to do 500 HBOR sweeps.
# [2024-06-12 16:34:37] INFO: Plaquette = 0.653443
# [2024-06-12 16:34:37] INFO: Polyakov loop = (-0.000311239,5.44229e-05)
# [2024-06-12 16:34:37] INFO: Writing conf to disk...
# [2024-06-12 16:34:37] INFO: writeconf_nersc: Writing NERSC configuration ./conf_s060t20_b0671320_a_U000866500
# [2024-06-12 16:34:40] INFO: Calculated checksum: a77fb1aa
# [2024-06-12 16:34:44] INFO: Calculated checksum: 9b9f428d
# [2024-06-12 16:34:44] INFO: Writing RNGSTATE file: ./rand_s060t20_b0671320_a_U000866500
# [2024-06-12 16:34:44] INFO: Writing to disk took 7.73194 seconds
# [2024-06-12 16:34:44] INFO: ======================================================================
# [2024-06-12 16:34:44] INFO: Start sweeping...
# [2024-06-12 16:41:23] INFO: It took 398.171 seconds to do 500 HBOR sweeps.
# [2024-06-12 16:41:23] INFO: Plaquette = 0.653473
# [2024-06-12 16:41:23] INFO: Polyakov loop = (0.00159264,-0.000450047)
# [2024-06-12 16:41:23] INFO: Writing conf to disk...
# [2024-06-12 16:41:23] INFO: writeconf_nersc: Writing NERSC configuration ./conf_s060t20_b0671320_a_U000867000
# [2024-06-12 16:41:26] INFO: Calculated checksum: 5f9240a
# [2024-06-12 16:41:43] INFO: Calculated checksum: 2a00fa0e
# [2024-06-12 16:41:43] INFO: Writing RNGSTATE file: ./rand_s060t20_b0671320_a_U000867000
# [2024-06-12 16:41:43] INFO: Writing to disk took 20.1702 seconds
# [2024-06-12 16:41:43] INFO: ======================================================================
# [2024-06-12 16:41:43] INFO: Start sweeping...
# [2024-06-12 16:48:21] INFO: It took 397.885 seconds to do 500 HBOR sweeps.
# [2024-06-12 16:48:21] INFO: Plaquette = 0.653518
# [2024-06-12 16:48:21] INFO: Polyakov loop = (0.000760933,0.000415909)
# [2024-06-12 16:48:21] INFO: Writing conf to disk...
# [2024-06-12 16:48:21] INFO: writeconf_nersc: Writing NERSC configuration ./conf_s060t20_b0671320_a_U000867500
# [2024-06-12 16:48:24] INFO: Calculated checksum: 9476c3de
# [2024-06-12 16:48:29] INFO: Calculated checksum: 245ae5b5
# [2024-06-12 16:48:29] INFO: Writing RNGSTATE file: ./rand_s060t20_b0671320_a_U000867500
# [2024-06-12 16:48:30] INFO: Writing to disk took 8.76481 seconds
# [2024-06-12 16:48:30] INFO: ======================================================================
# [2024-06-12 16:48:30] INFO: Start sweeping...
# [2024-06-12 16:55:08] INFO: It took 398.159 seconds to do 500 HBOR sweeps.
# [2024-06-12 16:55:08] INFO: Plaquette = 0.65345
# [2024-06-12 16:55:08] INFO: Polyakov loop = (0.00150565,0.000266307)
# [2024-06-12 16:55:08] INFO: Writing conf to disk...
# [2024-06-12 16:55:08] INFO: writeconf_nersc: Writing NERSC configuration ./conf_s060t20_b0671320_a_U000868000
# [2024-06-12 16:55:11] INFO: Calculated checksum: b5e2389
# [2024-06-12 16:55:24] INFO: Calculated checksum: 5b4c926f
# [2024-06-12 16:55:24] INFO: Writing RNGSTATE file: ./rand_s060t20_b0671320_a_U000868000
# [2024-06-12 16:55:24] INFO: Writing to disk took 16.189 seconds
# [2024-06-12 16:55:24] INFO: ======================================================================
# [2024-06-12 16:55:24] INFO: Start sweeping...
# [2024-06-12 17:02:02] INFO: It took 397.963 seconds to do 500 HBOR sweeps.
# [2024-06-12 17:02:02] INFO: Plaquette = 0.653432
# [2024-06-12 17:02:02] INFO: Polyakov loop = (0.00160714,0.000910361)
# [2024-06-12 17:02:02] INFO: Writing conf to disk...
# [2024-06-12 17:02:02] INFO: writeconf_nersc: Writing NERSC configuration ./conf_s060t20_b0671320_a_U000868500
# [2024-06-12 17:02:05] INFO: Calculated checksum: 949cfbb1
# [2024-06-12 17:02:11] INFO: Calculated checksum: 3e72f085
# [2024-06-12 17:02:11] INFO: Writing RNGSTATE file: ./rand_s060t20_b0671320_a_U000868500
# [2024-06-12 17:02:11] INFO: Writing to disk took 8.94962 seconds
# [2024-06-12 17:02:11] INFO: ======================================================================
# [2024-06-12 17:02:11] INFO: Start sweeping...
# [2024-06-12 17:08:49] INFO: It took 398.13 seconds to do 500 HBOR sweeps.
# [2024-06-12 17:08:49] INFO: Plaquette = 0.653466
# [2024-06-12 17:08:49] INFO: Polyakov loop = (0.000962222,-0.000515952)
# [2024-06-12 17:08:49] INFO: Writing conf to disk...
# [2024-06-12 17:08:49] INFO: writeconf_nersc: Writing NERSC configuration ./conf_s060t20_b0671320_a_U000869000
# [2024-06-12 17:08:52] INFO: Calculated checksum: a6c6cdda
# [2024-06-12 17:08:57] INFO: Calculated checksum: 27046170
# [2024-06-12 17:08:57] INFO: Writing RNGSTATE file: ./rand_s060t20_b0671320_a_U000869000
# [2024-06-12 17:08:57] INFO: Writing to disk took 7.869 seconds
# [2024-06-12 17:08:57] INFO: ======================================================================
# [2024-06-12 17:08:57] INFO: Start sweeping...
# [2024-06-12 17:15:35] INFO: It took 398.178 seconds to do 500 HBOR sweeps.
# [2024-06-12 17:15:35] INFO: Plaquette = 0.65351
# [2024-06-12 17:15:35] INFO: Polyakov loop = (0.0010834,0.000380264)
# [2024-06-12 17:15:35] INFO: Writing conf to disk...
# [2024-06-12 17:15:35] INFO: writeconf_nersc: Writing NERSC configuration ./conf_s060t20_b0671320_a_U000869500
# [2024-06-12 17:15:38] INFO: Calculated checksum: f04758f2
# [2024-06-12 17:15:44] INFO: Calculated checksum: c65c7b0f
# [2024-06-12 17:15:44] INFO: Writing RNGSTATE file: ./rand_s060t20_b0671320_a_U000869500
# [2024-06-12 17:15:44] INFO: Writing to disk took 8.84962 seconds
# [2024-06-12 17:15:44] INFO: ======================================================================
# [2024-06-12 17:15:44] INFO: Start sweeping...
# [2024-06-12 17:22:22] INFO: It took 398.12 seconds to do 500 HBOR sweeps.
# [2024-06-12 17:22:22] INFO: Plaquette = 0.65355
# [2024-06-12 17:22:22] INFO: Polyakov loop = (0.00111496,-0.00106834)
# [2024-06-12 17:22:22] INFO: Writing conf to disk...
# [2024-06-12 17:22:22] INFO: writeconf_nersc: Writing NERSC configuration ./conf_s060t20_b0671320_a_U000870000
# [2024-06-12 17:22:26] INFO: Calculated checksum: 9853c79a
# [2024-06-12 17:22:32] INFO: Calculated checksum: 12e8bd3
# [2024-06-12 17:22:32] INFO: Writing RNGSTATE file: ./rand_s060t20_b0671320_a_U000870000
# [2024-06-12 17:22:32] INFO: Writing to disk took 9.66476 seconds
# [2024-06-12 17:22:32] INFO: ======================================================================
# [2024-06-12 17:22:32] INFO: Start sweeping...
# [2024-06-12 17:29:10] INFO: It took 398.131 seconds to do 500 HBOR sweeps.
# [2024-06-12 17:29:10] INFO: Plaquette = 0.653489
# [2024-06-12 17:29:10] INFO: Polyakov loop = (0.00110488,-0.00034568)
# [2024-06-12 17:29:10] INFO: Writing conf to disk...
# [2024-06-12 17:29:10] INFO: writeconf_nersc: Writing NERSC configuration ./conf_s060t20_b0671320_a_U000870500
# [2024-06-12 17:29:14] INFO: Calculated checksum: 74d39283
# [2024-06-12 17:29:25] INFO: Calculated checksum: 512d2d87
# [2024-06-12 17:29:25] INFO: Writing RNGSTATE file: ./rand_s060t20_b0671320_a_U000870500
# [2024-06-12 17:29:25] INFO: Writing to disk took 14.4374 seconds
# [2024-06-12 17:29:25] INFO: ======================================================================
# [2024-06-12 17:29:25] INFO: Start sweeping...
# [2024-06-12 17:36:03] INFO: It took 398.009 seconds to do 500 HBOR sweeps.
# [2024-06-12 17:36:03] INFO: Plaquette = 0.653534
# [2024-06-12 17:36:03] INFO: Polyakov loop = (0.00133007,-0.000204371)
# [2024-06-12 17:36:03] INFO: Writing conf to disk...
# [2024-06-12 17:36:03] INFO: writeconf_nersc: Writing NERSC configuration ./conf_s060t20_b0671320_a_U000871000
# [2024-06-12 17:36:06] INFO: Calculated checksum: 88993607
# [2024-06-12 17:36:13] INFO: Calculated checksum: 64955d16
# [2024-06-12 17:36:13] INFO: Writing RNGSTATE file: ./rand_s060t20_b0671320_a_U000871000
# [2024-06-12 17:36:13] INFO: Writing to disk took 10.2706 seconds
# [2024-06-12 17:36:13] INFO: ======================================================================
# [2024-06-12 17:36:13] INFO: Start sweeping...
# [2024-06-12 17:42:51] INFO: It took 398.084 seconds to do 500 HBOR sweeps.
# [2024-06-12 17:42:51] INFO: Plaquette = 0.653515
# [2024-06-12 17:42:51] INFO: Polyakov loop = (0.00109543,0.000134532)
# [2024-06-12 17:42:51] INFO: Writing conf to disk...
# [2024-06-12 17:42:51] INFO: writeconf_nersc: Writing NERSC configuration ./conf_s060t20_b0671320_a_U000871500
# [2024-06-12 17:42:54] INFO: Calculated checksum: eb20cb48
# [2024-06-12 17:43:12] INFO: Calculated checksum: 440f550
# [2024-06-12 17:43:12] INFO: Writing RNGSTATE file: ./rand_s060t20_b0671320_a_U000871500
# [2024-06-12 17:43:12] INFO: Writing to disk took 21.0295 seconds
# [2024-06-12 17:43:12] INFO: ======================================================================
# [2024-06-12 17:43:12] INFO: Start sweeping...
# [2024-06-12 17:49:50] INFO: It took 397.861 seconds to do 500 HBOR sweeps.
# [2024-06-12 17:49:50] INFO: Plaquette = 0.653376
# [2024-06-12 17:49:50] INFO: Polyakov loop = (0.00124205,-0.000315801)
# [2024-06-12 17:49:50] INFO: Writing conf to disk...
# [2024-06-12 17:49:50] INFO: writeconf_nersc: Writing NERSC configuration ./conf_s060t20_b0671320_a_U000872000
# [2024-06-12 17:49:53] INFO: Calculated checksum: f9e9f138
# [2024-06-12 17:50:01] INFO: Calculated checksum: cf357dd2
# [2024-06-12 17:50:01] INFO: Writing RNGSTATE file: ./rand_s060t20_b0671320_a_U000872000
# [2024-06-12 17:50:02] INFO: Writing to disk took 12.1501 seconds
# [2024-06-12 17:50:02] INFO: ======================================================================
# [2024-06-12 17:50:02] INFO: Start sweeping...
# [2024-06-12 17:56:40] INFO: It took 398.071 seconds to do 500 HBOR sweeps.
# [2024-06-12 17:56:40] INFO: Plaquette = 0.653526
# [2024-06-12 17:56:40] INFO: Polyakov loop = (0.00138287,0.000638228)
# [2024-06-12 17:56:40] INFO: Writing conf to disk...
# [2024-06-12 17:56:40] INFO: writeconf_nersc: Writing NERSC configuration ./conf_s060t20_b0671320_a_U000872500
# [2024-06-12 17:56:43] INFO: Calculated checksum: 737319a6
# [2024-06-12 17:56:48] INFO: Calculated checksum: a2646da8
# [2024-06-12 17:56:48] INFO: Writing RNGSTATE file: ./rand_s060t20_b0671320_a_U000872500
# [2024-06-12 17:56:48] INFO: Writing to disk took 7.99793 seconds
# [2024-06-12 17:56:48] INFO: ======================================================================
# [2024-06-12 17:56:48] INFO: Start sweeping...
# [2024-06-12 18:03:27] INFO: It took 398.184 seconds to do 500 HBOR sweeps.
# [2024-06-12 18:03:27] INFO: Plaquette = 0.653404
# [2024-06-12 18:03:27] INFO: Polyakov loop = (0.00175551,-0.000581202)
# [2024-06-12 18:03:27] INFO: Writing conf to disk...
# [2024-06-12 18:03:27] INFO: writeconf_nersc: Writing NERSC configuration ./conf_s060t20_b0671320_a_U000873000
# [2024-06-12 18:03:30] INFO: Calculated checksum: 5e084097
# [2024-06-12 18:03:35] INFO: Calculated checksum: 6334b73a
# [2024-06-12 18:03:35] INFO: Writing RNGSTATE file: ./rand_s060t20_b0671320_a_U000873000
# [2024-06-12 18:03:35] INFO: Writing to disk took 7.9641 seconds
# [2024-06-12 18:03:35] INFO: ======================================================================
# [2024-06-12 18:03:35] INFO: Start sweeping...
# [2024-06-12 18:10:13] INFO: It took 398.183 seconds to do 500 HBOR sweeps.
# [2024-06-12 18:10:13] INFO: Plaquette = 0.653411
# [2024-06-12 18:10:13] INFO: Polyakov loop = (0.00173474,-0.000415544)
# [2024-06-12 18:10:13] INFO: Writing conf to disk...
# [2024-06-12 18:10:13] INFO: writeconf_nersc: Writing NERSC configuration ./conf_s060t20_b0671320_a_U000873500
# [2024-06-12 18:10:16] INFO: Calculated checksum: 62a250c2
# [2024-06-12 18:10:21] INFO: Calculated checksum: efbd827d
# [2024-06-12 18:10:21] INFO: Writing RNGSTATE file: ./rand_s060t20_b0671320_a_U000873500
# [2024-06-12 18:10:22] INFO: Writing to disk took 8.68998 seconds
# [2024-06-12 18:10:22] INFO: ======================================================================
# [2024-06-12 18:10:22] INFO: Start sweeping...
# [2024-06-12 18:17:00] INFO: It took 398.16 seconds to do 500 HBOR sweeps.
# [2024-06-12 18:17:00] INFO: Plaquette = 0.653401
# [2024-06-12 18:17:00] INFO: Polyakov loop = (0.000448809,6.65017e-05)
# [2024-06-12 18:17:00] INFO: Writing conf to disk...
# [2024-06-12 18:17:00] INFO: writeconf_nersc: Writing NERSC configuration ./conf_s060t20_b0671320_a_U000874000
# [2024-06-12 18:17:03] INFO: Calculated checksum: 2a4a5f28
# [2024-06-12 18:17:07] INFO: Calculated checksum: 65079a4c
# [2024-06-12 18:17:07] INFO: Writing RNGSTATE file: ./rand_s060t20_b0671320_a_U000874000
# [2024-06-12 18:17:08] INFO: Writing to disk took 7.75275 seconds
# [2024-06-12 18:17:08] INFO: ======================================================================
# [2024-06-12 18:17:08] INFO: Start sweeping...
# [2024-06-12 18:23:46] INFO: It took 398.181 seconds to do 500 HBOR sweeps.
# [2024-06-12 18:23:46] INFO: Plaquette = 0.653546
# [2024-06-12 18:23:46] INFO: Polyakov loop = (0.000118524,2.40819e-05)
# [2024-06-12 18:23:46] INFO: Writing conf to disk...
# [2024-06-12 18:23:46] INFO: writeconf_nersc: Writing NERSC configuration ./conf_s060t20_b0671320_a_U000874500
# [2024-06-12 18:23:49] INFO: Calculated checksum: 5b3577f4
# [2024-06-12 18:23:53] INFO: Calculated checksum: 377d51d8
# [2024-06-12 18:23:53] INFO: Writing RNGSTATE file: ./rand_s060t20_b0671320_a_U000874500
# [2024-06-12 18:23:54] INFO: Writing to disk took 7.74749 seconds
# [2024-06-12 18:23:54] INFO: ======================================================================
# [2024-06-12 18:23:54] INFO: Start sweeping...
# [2024-06-12 18:30:32] INFO: It took 398.167 seconds to do 500 HBOR sweeps.
# [2024-06-12 18:30:32] INFO: Plaquette = 0.653471
# [2024-06-12 18:30:32] INFO: Polyakov loop = (0.000415215,0.000695429)
# [2024-06-12 18:30:32] INFO: Writing conf to disk...
# [2024-06-12 18:30:32] INFO: writeconf_nersc: Writing NERSC configuration ./conf_s060t20_b0671320_a_U000875000
# [2024-06-12 18:30:35] INFO: Calculated checksum: ef4f53b6
# [2024-06-12 18:30:42] INFO: Calculated checksum: ce68d1b7
# [2024-06-12 18:30:42] INFO: Writing RNGSTATE file: ./rand_s060t20_b0671320_a_U000875000
# [2024-06-12 18:30:42] INFO: Writing to disk took 9.86965 seconds
# [2024-06-12 18:30:42] INFO: ======================================================================
# [2024-06-12 18:30:42] INFO: Start sweeping...
# [2024-06-12 18:37:20] INFO: It took 398.127 seconds to do 500 HBOR sweeps.
# [2024-06-12 18:37:20] INFO: Plaquette = 0.65345
# [2024-06-12 18:37:20] INFO: Polyakov loop = (-0.000588885,6.27974e-05)
# [2024-06-12 18:37:20] INFO: Writing conf to disk...
# [2024-06-12 18:37:20] INFO: writeconf_nersc: Writing NERSC configuration ./conf_s060t20_b0671320_a_U000875500
# [2024-06-12 18:37:23] INFO: Calculated checksum: 83561e2e
# [2024-06-12 18:37:29] INFO: Calculated checksum: 71ca0b02
# [2024-06-12 18:37:29] INFO: Writing RNGSTATE file: ./rand_s060t20_b0671320_a_U000875500
# [2024-06-12 18:37:30] INFO: Writing to disk took 9.75267 seconds
# [2024-06-12 18:37:30] INFO: ======================================================================
# [2024-06-12 18:37:30] INFO: Start sweeping...
# [2024-06-12 18:44:08] INFO: It took 398.141 seconds to do 500 HBOR sweeps.
# [2024-06-12 18:44:08] INFO: Plaquette = 0.653415
# [2024-06-12 18:44:08] INFO: Polyakov loop = (-5.19102e-05,0.00150391)
# [2024-06-12 18:44:08] INFO: Writing conf to disk...
# [2024-06-12 18:44:08] INFO: writeconf_nersc: Writing NERSC configuration ./conf_s060t20_b0671320_a_U000876000
# [2024-06-12 18:44:11] INFO: Calculated checksum: 4d17c0b1
# [2024-06-12 18:44:16] INFO: Calculated checksum: 5db1388
# [2024-06-12 18:44:16] INFO: Writing RNGSTATE file: ./rand_s060t20_b0671320_a_U000876000
# [2024-06-12 18:44:16] INFO: Writing to disk took 8.04377 seconds
# [2024-06-12 18:44:16] INFO: ======================================================================
# [2024-06-12 18:44:16] INFO: Start sweeping...
# [2024-06-12 18:50:54] INFO: It took 398.166 seconds to do 500 HBOR sweeps.
# [2024-06-12 18:50:54] INFO: Plaquette = 0.65353
# [2024-06-12 18:50:54] INFO: Polyakov loop = (-0.000927972,0.000557759)
# [2024-06-12 18:50:54] INFO: Writing conf to disk...
# [2024-06-12 18:50:54] INFO: writeconf_nersc: Writing NERSC configuration ./conf_s060t20_b0671320_a_U000876500
# [2024-06-12 18:50:57] INFO: Calculated checksum: d6dd6b70
# [2024-06-12 18:51:02] INFO: Calculated checksum: ed0c53fb
# [2024-06-12 18:51:02] INFO: Writing RNGSTATE file: ./rand_s060t20_b0671320_a_U000876500
# [2024-06-12 18:51:02] INFO: Writing to disk took 7.9037 seconds
# [2024-06-12 18:51:02] INFO: ======================================================================
# [2024-06-12 18:51:02] INFO: Start sweeping...
# [2024-06-12 18:57:40] INFO: It took 398.182 seconds to do 500 HBOR sweeps.
# [2024-06-12 18:57:40] INFO: Plaquette = 0.653476
# [2024-06-12 18:57:40] INFO: Polyakov loop = (-0.000230947,0.000445013)
# [2024-06-12 18:57:40] INFO: Writing conf to disk...
# [2024-06-12 18:57:40] INFO: writeconf_nersc: Writing NERSC configuration ./conf_s060t20_b0671320_a_U000877000
# [2024-06-12 18:57:43] INFO: Calculated checksum: a0185dbd
# [2024-06-12 18:57:51] INFO: Calculated checksum: 965fd630
# [2024-06-12 18:57:51] INFO: Writing RNGSTATE file: ./rand_s060t20_b0671320_a_U000877000
# [2024-06-12 18:57:51] INFO: Writing to disk took 11.261 seconds
# [2024-06-12 18:57:51] INFO: ======================================================================
# [2024-06-12 18:57:51] INFO: Start sweeping...
# [2024-06-12 19:04:30] INFO: It took 398.119 seconds to do 500 HBOR sweeps.
# [2024-06-12 19:04:30] INFO: Plaquette = 0.653541
# [2024-06-12 19:04:30] INFO: Polyakov loop = (0.000279604,0.000763995)
# [2024-06-12 19:04:30] INFO: Writing conf to disk...
# [2024-06-12 19:04:30] INFO: writeconf_nersc: Writing NERSC configuration ./conf_s060t20_b0671320_a_U000877500
# [2024-06-12 19:04:33] INFO: Calculated checksum: 16acd0e0
# [2024-06-12 19:04:37] INFO: Calculated checksum: f5ff7e4b
# [2024-06-12 19:04:37] INFO: Writing RNGSTATE file: ./rand_s060t20_b0671320_a_U000877500
# [2024-06-12 19:04:37] INFO: Writing to disk took 7.61476 seconds
# [2024-06-12 19:04:37] INFO: ======================================================================
# [2024-06-12 19:04:37] INFO: Start sweeping...
# [2024-06-12 19:11:16] INFO: It took 398.193 seconds to do 500 HBOR sweeps.
# [2024-06-12 19:11:16] INFO: Plaquette = 0.653474
# [2024-06-12 19:11:16] INFO: Polyakov loop = (0.000486825,-0.000595878)
# [2024-06-12 19:11:16] INFO: Writing conf to disk...
# [2024-06-12 19:11:16] INFO: writeconf_nersc: Writing NERSC configuration ./conf_s060t20_b0671320_a_U000878000
# [2024-06-12 19:11:19] INFO: Calculated checksum: 1ee9c917
# [2024-06-12 19:11:23] INFO: Calculated checksum: 13f94262
# [2024-06-12 19:11:23] INFO: Writing RNGSTATE file: ./rand_s060t20_b0671320_a_U000878000
# [2024-06-12 19:11:23] INFO: Writing to disk took 7.20256 seconds
# [2024-06-12 19:11:23] INFO: ======================================================================
# [2024-06-12 19:11:23] INFO: Start sweeping...
# [2024-06-12 19:18:01] INFO: It took 398.176 seconds to do 500 HBOR sweeps.
# [2024-06-12 19:18:01] INFO: Plaquette = 0.653421
# [2024-06-12 19:18:01] INFO: Polyakov loop = (0.00107166,-3.13745e-05)
# [2024-06-12 19:18:01] INFO: Writing conf to disk...
# [2024-06-12 19:18:01] INFO: writeconf_nersc: Writing NERSC configuration ./conf_s060t20_b0671320_a_U000878500
# [2024-06-12 19:18:04] INFO: Calculated checksum: b63f5735
# [2024-06-12 19:18:09] INFO: Calculated checksum: d889d5d6
# [2024-06-12 19:18:09] INFO: Writing RNGSTATE file: ./rand_s060t20_b0671320_a_U000878500
# [2024-06-12 19:18:09] INFO: Writing to disk took 7.48907 seconds
# [2024-06-12 19:18:09] INFO: ======================================================================
# [2024-06-12 19:18:09] INFO: Start sweeping...
# [2024-06-12 19:24:47] INFO: It took 398.173 seconds to do 500 HBOR sweeps.
# [2024-06-12 19:24:47] INFO: Plaquette = 0.653447
# [2024-06-12 19:24:47] INFO: Polyakov loop = (0.00159941,0.000670151)
# [2024-06-12 19:24:47] INFO: Writing conf to disk...
# [2024-06-12 19:24:47] INFO: writeconf_nersc: Writing NERSC configuration ./conf_s060t20_b0671320_a_U000879000
# [2024-06-12 19:24:50] INFO: Calculated checksum: f2c29f26
# [2024-06-12 19:24:54] INFO: Calculated checksum: ecec5b6b
# [2024-06-12 19:24:54] INFO: Writing RNGSTATE file: ./rand_s060t20_b0671320_a_U000879000
# [2024-06-12 19:24:54] INFO: Writing to disk took 7.62386 seconds
# [2024-06-12 19:24:54] INFO: ======================================================================
# [2024-06-12 19:24:54] INFO: Start sweeping...
# [2024-06-12 19:31:33] INFO: It took 398.149 seconds to do 500 HBOR sweeps.
# [2024-06-12 19:31:33] INFO: Plaquette = 0.653489
# [2024-06-12 19:31:33] INFO: Polyakov loop = (0.00186188,0.000320044)
# [2024-06-12 19:31:33] INFO: Writing conf to disk...
# [2024-06-12 19:31:33] INFO: writeconf_nersc: Writing NERSC configuration ./conf_s060t20_b0671320_a_U000879500
# [2024-06-12 19:31:36] INFO: Calculated checksum: 4f8b7e69
# [2024-06-12 19:31:41] INFO: Calculated checksum: 9a90de73
# [2024-06-12 19:31:41] INFO: Writing RNGSTATE file: ./rand_s060t20_b0671320_a_U000879500
# [2024-06-12 19:31:41] INFO: Writing to disk took 8.27252 seconds
# [2024-06-12 19:31:41] INFO: ======================================================================
# [2024-06-12 19:31:41] INFO: Start sweeping...
# [2024-06-12 19:38:19] INFO: It took 398.162 seconds to do 500 HBOR sweeps.
# [2024-06-12 19:38:19] INFO: Plaquette = 0.653532
# [2024-06-12 19:38:19] INFO: Polyakov loop = (0.001788,-0.000132416)
# [2024-06-12 19:38:19] INFO: Writing conf to disk...
# [2024-06-12 19:38:19] INFO: writeconf_nersc: Writing NERSC configuration ./conf_s060t20_b0671320_a_U000880000
# [2024-06-12 19:38:22] INFO: Calculated checksum: 66e26e7c
# [2024-06-12 19:38:27] INFO: Calculated checksum: e5a84086
# [2024-06-12 19:38:27] INFO: Writing RNGSTATE file: ./rand_s060t20_b0671320_a_U000880000
# [2024-06-12 19:38:27] INFO: Writing to disk took 7.83465 seconds
# [2024-06-12 19:38:27] INFO: ======================================================================
# [2024-06-12 19:38:27] INFO: Start sweeping...
# [2024-06-12 19:45:05] INFO: It took 398.155 seconds to do 500 HBOR sweeps.
# [2024-06-12 19:45:05] INFO: Plaquette = 0.653525
# [2024-06-12 19:45:05] INFO: Polyakov loop = (0.00231412,-0.00013337)
# [2024-06-12 19:45:05] INFO: Writing conf to disk...
# [2024-06-12 19:45:05] INFO: writeconf_nersc: Writing NERSC configuration ./conf_s060t20_b0671320_a_U000880500
# [2024-06-12 19:45:08] INFO: Calculated checksum: b6cb413d
# [2024-06-12 19:45:19] INFO: Calculated checksum: 39c7954
# [2024-06-12 19:45:19] INFO: Writing RNGSTATE file: ./rand_s060t20_b0671320_a_U000880500
# [2024-06-12 19:45:19] INFO: Writing to disk took 13.6808 seconds
# [2024-06-12 19:45:19] INFO: ======================================================================
# [2024-06-12 19:45:19] INFO: Start sweeping...
# [2024-06-12 19:51:57] INFO: It took 398.034 seconds to do 500 HBOR sweeps.
# [2024-06-12 19:51:57] INFO: Plaquette = 0.653589
# [2024-06-12 19:51:57] INFO: Polyakov loop = (0.000956931,0.00042799)
# [2024-06-12 19:51:57] INFO: Writing conf to disk...
# [2024-06-12 19:51:57] INFO: writeconf_nersc: Writing NERSC configuration ./conf_s060t20_b0671320_a_U000881000
# [2024-06-12 19:52:00] INFO: Calculated checksum: ec3ce041
# [2024-06-12 19:52:05] INFO: Calculated checksum: e25fe4c2
# [2024-06-12 19:52:05] INFO: Writing RNGSTATE file: ./rand_s060t20_b0671320_a_U000881000
# [2024-06-12 19:52:05] INFO: Writing to disk took 7.83205 seconds
# [2024-06-12 19:52:05] INFO: ======================================================================
# [2024-06-12 19:52:05] INFO: Start sweeping...
# [2024-06-12 19:58:43] INFO: It took 398.148 seconds to do 500 HBOR sweeps.
# [2024-06-12 19:58:43] INFO: Plaquette = 0.653528
# [2024-06-12 19:58:43] INFO: Polyakov loop = (0.00077683,0.000112932)
# [2024-06-12 19:58:43] INFO: Writing conf to disk...
# [2024-06-12 19:58:43] INFO: writeconf_nersc: Writing NERSC configuration ./conf_s060t20_b0671320_a_U000881500
# [2024-06-12 19:58:46] INFO: Calculated checksum: 41575f1b
# [2024-06-12 19:58:52] INFO: Calculated checksum: a89414c6
# [2024-06-12 19:58:52] INFO: Writing RNGSTATE file: ./rand_s060t20_b0671320_a_U000881500
# [2024-06-12 19:58:52] INFO: Writing to disk took 9.23855 seconds
# [2024-06-12 19:58:52] INFO: ======================================================================
# [2024-06-12 19:58:52] INFO: Start sweeping...
# [2024-06-12 20:05:31] INFO: It took 398.333 seconds to do 500 HBOR sweeps.
# [2024-06-12 20:05:31] INFO: Plaquette = 0.653466
# [2024-06-12 20:05:31] INFO: Polyakov loop = (0.00262368,6.76808e-05)
# [2024-06-12 20:05:31] INFO: Writing conf to disk...
# [2024-06-12 20:05:31] INFO: writeconf_nersc: Writing NERSC configuration ./conf_s060t20_b0671320_a_U000882000
# [2024-06-12 20:05:34] INFO: Calculated checksum: a224ca27
# [2024-06-12 20:05:38] INFO: Calculated checksum: bb83ca30
# [2024-06-12 20:05:38] INFO: Writing RNGSTATE file: ./rand_s060t20_b0671320_a_U000882000
# [2024-06-12 20:05:38] INFO: Writing to disk took 7.75933 seconds
# [2024-06-12 20:05:38] INFO: ======================================================================
# [2024-06-12 20:05:38] INFO: Start sweeping...
# [2024-06-12 20:12:17] INFO: It took 398.207 seconds to do 500 HBOR sweeps.
# [2024-06-12 20:12:17] INFO: Plaquette = 0.653466
# [2024-06-12 20:12:17] INFO: Polyakov loop = (-5.53571e-05,-0.000400452)
# [2024-06-12 20:12:17] INFO: Writing conf to disk...
# [2024-06-12 20:12:17] INFO: writeconf_nersc: Writing NERSC configuration ./conf_s060t20_b0671320_a_U000882500
# [2024-06-12 20:12:20] INFO: Calculated checksum: 364ea6ff
# [2024-06-12 20:12:24] INFO: Calculated checksum: ff14ec44
# [2024-06-12 20:12:24] INFO: Writing RNGSTATE file: ./rand_s060t20_b0671320_a_U000882500
# [2024-06-12 20:12:25] INFO: Writing to disk took 7.8555 seconds
# [2024-06-12 20:12:25] INFO: ======================================================================
# [2024-06-12 20:12:25] INFO: Start sweeping...
# [2024-06-12 20:19:03] INFO: It took 398.19 seconds to do 500 HBOR sweeps.
# [2024-06-12 20:19:03] INFO: Plaquette = 0.653486
# [2024-06-12 20:19:03] INFO: Polyakov loop = (0.000361562,-0.000348969)
# [2024-06-12 20:19:03] INFO: Writing conf to disk...
# [2024-06-12 20:19:03] INFO: writeconf_nersc: Writing NERSC configuration ./conf_s060t20_b0671320_a_U000883000
# [2024-06-12 20:19:06] INFO: Calculated checksum: 95d7ab89
# [2024-06-12 20:19:12] INFO: Calculated checksum: 9d12de6b
# [2024-06-12 20:19:12] INFO: Writing RNGSTATE file: ./rand_s060t20_b0671320_a_U000883000
# [2024-06-12 20:19:12] INFO: Writing to disk took 9.48299 seconds
# [2024-06-12 20:19:12] INFO: ======================================================================
# [2024-06-12 20:19:12] INFO: Start sweeping...
# [2024-06-12 20:25:50] INFO: It took 398.113 seconds to do 500 HBOR sweeps.
# [2024-06-12 20:25:50] INFO: Plaquette = 0.653445
# [2024-06-12 20:25:50] INFO: Polyakov loop = (-3.23021e-05,0.000361371)
# [2024-06-12 20:25:50] INFO: Writing conf to disk...
# [2024-06-12 20:25:50] INFO: writeconf_nersc: Writing NERSC configuration ./conf_s060t20_b0671320_a_U000883500
# [2024-06-12 20:25:53] INFO: Calculated checksum: 1abecec8
# [2024-06-12 20:25:58] INFO: Calculated checksum: 64a5afb7
# [2024-06-12 20:25:58] INFO: Writing RNGSTATE file: ./rand_s060t20_b0671320_a_U000883500
# [2024-06-12 20:25:58] INFO: Writing to disk took 7.62466 seconds
# [2024-06-12 20:25:58] INFO: ======================================================================
# [2024-06-12 20:25:58] INFO: Start sweeping...
# [2024-06-12 20:32:37] INFO: It took 398.414 seconds to do 500 HBOR sweeps.
# [2024-06-12 20:32:37] INFO: Plaquette = 0.653468
# [2024-06-12 20:32:37] INFO: Polyakov loop = (-0.000967699,-0.000118383)
# [2024-06-12 20:32:37] INFO: Writing conf to disk...
# [2024-06-12 20:32:37] INFO: writeconf_nersc: Writing NERSC configuration ./conf_s060t20_b0671320_a_U000884000
# [2024-06-12 20:32:39] INFO: Calculated checksum: 8a06124a
# [2024-06-12 20:32:44] INFO: Calculated checksum: 7b323553
# [2024-06-12 20:32:44] INFO: Writing RNGSTATE file: ./rand_s060t20_b0671320_a_U000884000
# [2024-06-12 20:32:44] INFO: Writing to disk took 7.88108 seconds
# [2024-06-12 20:32:44] INFO: ======================================================================
# [2024-06-12 20:32:44] INFO: Start sweeping...
# [2024-06-12 20:39:23] INFO: It took 398.515 seconds to do 500 HBOR sweeps.
# [2024-06-12 20:39:23] INFO: Plaquette = 0.653547
# [2024-06-12 20:39:23] INFO: Polyakov loop = (0.000362934,-0.00222392)
# [2024-06-12 20:39:23] INFO: Writing conf to disk...
# [2024-06-12 20:39:23] INFO: writeconf_nersc: Writing NERSC configuration ./conf_s060t20_b0671320_a_U000884500
# [2024-06-12 20:39:26] INFO: Calculated checksum: 5fe766cf
# [2024-06-12 20:39:33] INFO: Calculated checksum: 423336ed
# [2024-06-12 20:39:33] INFO: Writing RNGSTATE file: ./rand_s060t20_b0671320_a_U000884500
# [2024-06-12 20:39:34] INFO: Writing to disk took 10.4805 seconds
# [2024-06-12 20:39:34] INFO: ======================================================================
# [2024-06-12 20:39:34] INFO: Start sweeping...
# [2024-06-12 20:46:12] INFO: It took 398.506 seconds to do 500 HBOR sweeps.
# [2024-06-12 20:46:12] INFO: Plaquette = 0.653457
# [2024-06-12 20:46:12] INFO: Polyakov loop = (-0.000586364,-0.000700399)
# [2024-06-12 20:46:12] INFO: Writing conf to disk...
# [2024-06-12 20:46:12] INFO: writeconf_nersc: Writing NERSC configuration ./conf_s060t20_b0671320_a_U000885000
# [2024-06-12 20:46:15] INFO: Calculated checksum: 2118ccfa
# [2024-06-12 20:46:20] INFO: Calculated checksum: 92227817
# [2024-06-12 20:46:20] INFO: Writing RNGSTATE file: ./rand_s060t20_b0671320_a_U000885000
# [2024-06-12 20:46:21] INFO: Writing to disk took 8.54988 seconds
# [2024-06-12 20:46:21] INFO: ======================================================================
# [2024-06-12 20:46:21] INFO: Start sweeping...
# [2024-06-12 20:52:59] INFO: It took 398.509 seconds to do 500 HBOR sweeps.
# [2024-06-12 20:52:59] INFO: Plaquette = 0.653351
# [2024-06-12 20:52:59] INFO: Polyakov loop = (-0.000491955,-0.00140741)
# [2024-06-12 20:52:59] INFO: Writing conf to disk...
# [2024-06-12 20:52:59] INFO: writeconf_nersc: Writing NERSC configuration ./conf_s060t20_b0671320_a_U000885500
# [2024-06-12 20:53:02] INFO: Calculated checksum: 59bc12c6
# [2024-06-12 20:53:07] INFO: Calculated checksum: 68affd7d
# [2024-06-12 20:53:07] INFO: Writing RNGSTATE file: ./rand_s060t20_b0671320_a_U000885500
# [2024-06-12 20:53:07] INFO: Writing to disk took 7.78772 seconds
# [2024-06-12 20:53:07] INFO: ======================================================================
# [2024-06-12 20:53:07] INFO: Start sweeping...
# [2024-06-12 20:59:45] INFO: It took 398.211 seconds to do 500 HBOR sweeps.
# [2024-06-12 20:59:45] INFO: Plaquette = 0.653485
# [2024-06-12 20:59:45] INFO: Polyakov loop = (-0.00071579,-0.00122655)
# [2024-06-12 20:59:45] INFO: Writing conf to disk...
# [2024-06-12 20:59:45] INFO: writeconf_nersc: Writing NERSC configuration ./conf_s060t20_b0671320_a_U000886000
# [2024-06-12 20:59:49] INFO: Calculated checksum: d4c7701e
# [2024-06-12 20:59:53] INFO: Calculated checksum: 5914fa11
# [2024-06-12 20:59:53] INFO: Writing RNGSTATE file: ./rand_s060t20_b0671320_a_U000886000
# [2024-06-12 20:59:53] INFO: Writing to disk took 8.24054 seconds
# [2024-06-12 20:59:53] INFO: ======================================================================
# [2024-06-12 20:59:53] INFO: Start sweeping...
# [2024-06-12 21:06:32] INFO: It took 398.155 seconds to do 500 HBOR sweeps.
# [2024-06-12 21:06:32] INFO: Plaquette = 0.653551
# [2024-06-12 21:06:32] INFO: Polyakov loop = (-0.000721568,-0.000504928)
# [2024-06-12 21:06:32] INFO: Writing conf to disk...
# [2024-06-12 21:06:32] INFO: writeconf_nersc: Writing NERSC configuration ./conf_s060t20_b0671320_a_U000886500
# [2024-06-12 21:06:35] INFO: Calculated checksum: 9973df88
# [2024-06-12 21:06:40] INFO: Calculated checksum: e3b0414d
# [2024-06-12 21:06:40] INFO: Writing RNGSTATE file: ./rand_s060t20_b0671320_a_U000886500
# [2024-06-12 21:06:40] INFO: Writing to disk took 7.98115 seconds
# [2024-06-12 21:06:40] INFO: ======================================================================
# [2024-06-12 21:06:40] INFO: Start sweeping...
# [2024-06-12 21:13:18] INFO: It took 398.39 seconds to do 500 HBOR sweeps.
# [2024-06-12 21:13:18] INFO: Plaquette = 0.653479
# [2024-06-12 21:13:18] INFO: Polyakov loop = (-0.00122273,-0.00139593)
# [2024-06-12 21:13:18] INFO: Writing conf to disk...
# [2024-06-12 21:13:18] INFO: writeconf_nersc: Writing NERSC configuration ./conf_s060t20_b0671320_a_U000887000
# [2024-06-12 21:13:21] INFO: Calculated checksum: b072fad6
# [2024-06-12 21:13:26] INFO: Calculated checksum: 5f1d93d4
# [2024-06-12 21:13:26] INFO: Writing RNGSTATE file: ./rand_s060t20_b0671320_a_U000887000
# [2024-06-12 21:13:26] INFO: Writing to disk took 7.61242 seconds
# [2024-06-12 21:13:26] INFO: ======================================================================
# [2024-06-12 21:13:26] INFO: Start sweeping...
# [2024-06-12 21:20:04] INFO: It took 398.42 seconds to do 500 HBOR sweeps.
# [2024-06-12 21:20:04] INFO: Plaquette = 0.653526
# [2024-06-12 21:20:04] INFO: Polyakov loop = (-0.00118248,-0.000886993)
# [2024-06-12 21:20:04] INFO: Writing conf to disk...
# [2024-06-12 21:20:04] INFO: writeconf_nersc: Writing NERSC configuration ./conf_s060t20_b0671320_a_U000887500
# [2024-06-12 21:20:07] INFO: Calculated checksum: 7c5823a1
# [2024-06-12 21:20:13] INFO: Calculated checksum: c0f8db0a
# [2024-06-12 21:20:13] INFO: Writing RNGSTATE file: ./rand_s060t20_b0671320_a_U000887500
# [2024-06-12 21:20:13] INFO: Writing to disk took 8.56804 seconds
# [2024-06-12 21:20:13] INFO: ======================================================================
# [2024-06-12 21:20:13] INFO: Start sweeping...
# [2024-06-12 21:26:51] INFO: It took 398.389 seconds to do 500 HBOR sweeps.
# [2024-06-12 21:26:51] INFO: Plaquette = 0.653422
# [2024-06-12 21:26:51] INFO: Polyakov loop = (-0.0012222,-0.000428046)
# [2024-06-12 21:26:51] INFO: Writing conf to disk...
# [2024-06-12 21:26:51] INFO: writeconf_nersc: Writing NERSC configuration ./conf_s060t20_b0671320_a_U000888000
# [2024-06-12 21:26:54] INFO: Calculated checksum: 4cbe1556
# [2024-06-12 21:26:59] INFO: Calculated checksum: 2416ebf8
# [2024-06-12 21:26:59] INFO: Writing RNGSTATE file: ./rand_s060t20_b0671320_a_U000888000
# [2024-06-12 21:26:59] INFO: Writing to disk took 7.68809 seconds
# [2024-06-12 21:26:59] INFO: ======================================================================
# [2024-06-12 21:26:59] INFO: Start sweeping...
# [2024-06-12 21:33:37] INFO: It took 398.382 seconds to do 500 HBOR sweeps.
# [2024-06-12 21:33:37] INFO: Plaquette = 0.653464
# [2024-06-12 21:33:37] INFO: Polyakov loop = (-0.00069695,-0.0013784)
# [2024-06-12 21:33:37] INFO: Writing conf to disk...
# [2024-06-12 21:33:37] INFO: writeconf_nersc: Writing NERSC configuration ./conf_s060t20_b0671320_a_U000888500
# [2024-06-12 21:33:40] INFO: Calculated checksum: 886e53f4
# [2024-06-12 21:33:46] INFO: Calculated checksum: a933b50a
# [2024-06-12 21:33:46] INFO: Writing RNGSTATE file: ./rand_s060t20_b0671320_a_U000888500
# [2024-06-12 21:33:46] INFO: Writing to disk took 8.83619 seconds
# [2024-06-12 21:33:46] INFO: ======================================================================
# [2024-06-12 21:33:46] INFO: Start sweeping...
# [2024-06-12 21:40:24] INFO: It took 398.142 seconds to do 500 HBOR sweeps.
# [2024-06-12 21:40:24] INFO: Plaquette = 0.653475
# [2024-06-12 21:40:24] INFO: Polyakov loop = (-0.000507932,-0.00129305)
# [2024-06-12 21:40:24] INFO: Writing conf to disk...
# [2024-06-12 21:40:24] INFO: writeconf_nersc: Writing NERSC configuration ./conf_s060t20_b0671320_a_U000889000
# [2024-06-12 21:40:27] INFO: Calculated checksum: 28eb3613
# [2024-06-12 21:40:32] INFO: Calculated checksum: e41bc075
# [2024-06-12 21:40:32] INFO: Writing RNGSTATE file: ./rand_s060t20_b0671320_a_U000889000
# [2024-06-12 21:40:32] INFO: Writing to disk took 7.62146 seconds
# [2024-06-12 21:40:32] INFO: ======================================================================
# [2024-06-12 21:40:32] INFO: Start sweeping...
# [2024-06-12 21:47:10] INFO: It took 398.138 seconds to do 500 HBOR sweeps.
# [2024-06-12 21:47:10] INFO: Plaquette = 0.653499
# [2024-06-12 21:47:10] INFO: Polyakov loop = (-0.00107999,-0.00104724)
# [2024-06-12 21:47:10] INFO: Writing conf to disk...
# [2024-06-12 21:47:10] INFO: writeconf_nersc: Writing NERSC configuration ./conf_s060t20_b0671320_a_U000889500
# [2024-06-12 21:47:13] INFO: Calculated checksum: 1981e0a4
# [2024-06-12 21:47:18] INFO: Calculated checksum: 8415f5f0
# [2024-06-12 21:47:18] INFO: Writing RNGSTATE file: ./rand_s060t20_b0671320_a_U000889500
# [2024-06-12 21:47:18] INFO: Writing to disk took 7.85907 seconds
# [2024-06-12 21:47:18] INFO: ======================================================================
# [2024-06-12 21:47:18] INFO: Start sweeping...
# [2024-06-12 21:53:56] INFO: It took 398.146 seconds to do 500 HBOR sweeps.
# [2024-06-12 21:53:56] INFO: Plaquette = 0.65352
# [2024-06-12 21:53:56] INFO: Polyakov loop = (-0.000910194,-0.00191457)
# [2024-06-12 21:53:56] INFO: Writing conf to disk...
# [2024-06-12 21:53:56] INFO: writeconf_nersc: Writing NERSC configuration ./conf_s060t20_b0671320_a_U000890000
# [2024-06-12 21:53:59] INFO: Calculated checksum: 7429d5e9
# [2024-06-12 21:54:04] INFO: Calculated checksum: bb6abb14
# [2024-06-12 21:54:04] INFO: Writing RNGSTATE file: ./rand_s060t20_b0671320_a_U000890000
# [2024-06-12 21:54:04] INFO: Writing to disk took 7.8593 seconds
# [2024-06-12 21:54:04] INFO: ======================================================================
# [2024-06-12 21:54:04] INFO: Start sweeping...
# [2024-06-12 22:00:42] INFO: It took 398.177 seconds to do 500 HBOR sweeps.
# [2024-06-12 22:00:42] INFO: Plaquette = 0.653497
# [2024-06-12 22:00:42] INFO: Polyakov loop = (-0.001163,-0.000696913)
# [2024-06-12 22:00:42] INFO: Writing conf to disk...
# [2024-06-12 22:00:42] INFO: writeconf_nersc: Writing NERSC configuration ./conf_s060t20_b0671320_a_U000890500
# [2024-06-12 22:00:45] INFO: Calculated checksum: 318e4e5b
# [2024-06-12 22:00:50] INFO: Calculated checksum: 26d58cb3
# [2024-06-12 22:00:50] INFO: Writing RNGSTATE file: ./rand_s060t20_b0671320_a_U000890500
# [2024-06-12 22:00:50] INFO: Writing to disk took 7.6007 seconds
# [2024-06-12 22:00:50] INFO: ======================================================================
# [2024-06-12 22:00:50] INFO: Start sweeping...
# [2024-06-12 22:07:28] INFO: It took 398.241 seconds to do 500 HBOR sweeps.
# [2024-06-12 22:07:28] INFO: Plaquette = 0.653483
# [2024-06-12 22:07:28] INFO: Polyakov loop = (-0.000117032,-0.000805886)
# [2024-06-12 22:07:28] INFO: Writing conf to disk...
# [2024-06-12 22:07:28] INFO: writeconf_nersc: Writing NERSC configuration ./conf_s060t20_b0671320_a_U000891000
# [2024-06-12 22:07:31] INFO: Calculated checksum: 96650e02
# [2024-06-12 22:07:36] INFO: Calculated checksum: 89417bc0
# [2024-06-12 22:07:36] INFO: Writing RNGSTATE file: ./rand_s060t20_b0671320_a_U000891000
# [2024-06-12 22:07:36] INFO: Writing to disk took 8.18906 seconds
# [2024-06-12 22:07:36] INFO: ======================================================================
# [2024-06-12 22:07:36] INFO: Start sweeping...
# [2024-06-12 22:14:15] INFO: It took 398.277 seconds to do 500 HBOR sweeps.
# [2024-06-12 22:14:15] INFO: Plaquette = 0.653522
# [2024-06-12 22:14:15] INFO: Polyakov loop = (-0.000298936,-0.000153071)
# [2024-06-12 22:14:15] INFO: Writing conf to disk...
# [2024-06-12 22:14:15] INFO: writeconf_nersc: Writing NERSC configuration ./conf_s060t20_b0671320_a_U000891500
# [2024-06-12 22:14:18] INFO: Calculated checksum: 3739996f
# [2024-06-12 22:14:22] INFO: Calculated checksum: 6007c1b4
# [2024-06-12 22:14:22] INFO: Writing RNGSTATE file: ./rand_s060t20_b0671320_a_U000891500
# [2024-06-12 22:14:22] INFO: Writing to disk took 7.66375 seconds
# [2024-06-12 22:14:22] INFO: ======================================================================
# [2024-06-12 22:14:22] INFO: Start sweeping...
# [2024-06-12 22:21:01] INFO: It took 398.362 seconds to do 500 HBOR sweeps.
# [2024-06-12 22:21:01] INFO: Plaquette = 0.65346
# [2024-06-12 22:21:01] INFO: Polyakov loop = (-0.000302373,-0.000816338)
# [2024-06-12 22:21:01] INFO: Writing conf to disk...
# [2024-06-12 22:21:01] INFO: writeconf_nersc: Writing NERSC configuration ./conf_s060t20_b0671320_a_U000892000
# [2024-06-12 22:21:04] INFO: Calculated checksum: 4c172724
# [2024-06-12 22:21:10] INFO: Calculated checksum: 9ff968c6
# [2024-06-12 22:21:10] INFO: Writing RNGSTATE file: ./rand_s060t20_b0671320_a_U000892000
# [2024-06-12 22:21:11] INFO: Writing to disk took 9.61485 seconds
# [2024-06-12 22:21:11] INFO: ======================================================================
# [2024-06-12 22:21:11] INFO: Start sweeping...
# [2024-06-12 22:27:49] INFO: It took 398.269 seconds to do 500 HBOR sweeps.
# [2024-06-12 22:27:49] INFO: Plaquette = 0.6535
# [2024-06-12 22:27:49] INFO: Polyakov loop = (-0.000200213,-0.000900394)
# [2024-06-12 22:27:49] INFO: Writing conf to disk...
# [2024-06-12 22:27:49] INFO: writeconf_nersc: Writing NERSC configuration ./conf_s060t20_b0671320_a_U000892500
# [2024-06-12 22:27:52] INFO: Calculated checksum: 8fb4237b
# [2024-06-12 22:27:57] INFO: Calculated checksum: 45637d9
# [2024-06-12 22:27:57] INFO: Writing RNGSTATE file: ./rand_s060t20_b0671320_a_U000892500
# [2024-06-12 22:27:57] INFO: Writing to disk took 7.88807 seconds
# [2024-06-12 22:27:57] INFO: ======================================================================
# [2024-06-12 22:27:57] INFO: Start sweeping...
# [2024-06-12 22:34:35] INFO: It took 398.348 seconds to do 500 HBOR sweeps.
# [2024-06-12 22:34:35] INFO: Plaquette = 0.653507
# [2024-06-12 22:34:35] INFO: Polyakov loop = (-0.000745304,-0.00164066)
# [2024-06-12 22:34:35] INFO: Writing conf to disk...
# [2024-06-12 22:34:35] INFO: writeconf_nersc: Writing NERSC configuration ./conf_s060t20_b0671320_a_U000893000
# [2024-06-12 22:34:38] INFO: Calculated checksum: 4834721f
# [2024-06-12 22:34:43] INFO: Calculated checksum: a1276ff7
# [2024-06-12 22:34:43] INFO: Writing RNGSTATE file: ./rand_s060t20_b0671320_a_U000893000
# [2024-06-12 22:34:43] INFO: Writing to disk took 7.97945 seconds
# [2024-06-12 22:34:43] INFO: ======================================================================
# [2024-06-12 22:34:43] INFO: Start sweeping...
# [2024-06-12 22:41:22] INFO: It took 398.322 seconds to do 500 HBOR sweeps.
# [2024-06-12 22:41:22] INFO: Plaquette = 0.653498
# [2024-06-12 22:41:22] INFO: Polyakov loop = (-0.00034025,-0.000878644)
# [2024-06-12 22:41:22] INFO: Writing conf to disk...
# [2024-06-12 22:41:22] INFO: writeconf_nersc: Writing NERSC configuration ./conf_s060t20_b0671320_a_U000893500
# [2024-06-12 22:41:24] INFO: Calculated checksum: a0272506
# [2024-06-12 22:41:29] INFO: Calculated checksum: 919467b1
# [2024-06-12 22:41:29] INFO: Writing RNGSTATE file: ./rand_s060t20_b0671320_a_U000893500
# [2024-06-12 22:41:29] INFO: Writing to disk took 7.89487 seconds
# [2024-06-12 22:41:29] INFO: ======================================================================
# [2024-06-12 22:41:29] INFO: Start sweeping...
# [2024-06-12 22:48:08] INFO: It took 398.332 seconds to do 500 HBOR sweeps.
# [2024-06-12 22:48:08] INFO: Plaquette = 0.65346
# [2024-06-12 22:48:08] INFO: Polyakov loop = (-3.94803e-05,-0.00127503)
# [2024-06-12 22:48:08] INFO: Writing conf to disk...
# [2024-06-12 22:48:08] INFO: writeconf_nersc: Writing NERSC configuration ./conf_s060t20_b0671320_a_U000894000
# [2024-06-12 22:48:11] INFO: Calculated checksum: fe723f8e
# [2024-06-12 22:48:15] INFO: Calculated checksum: c9beab62
# [2024-06-12 22:48:15] INFO: Writing RNGSTATE file: ./rand_s060t20_b0671320_a_U000894000
# [2024-06-12 22:48:16] INFO: Writing to disk took 7.75479 seconds
# [2024-06-12 22:48:16] INFO: ======================================================================
# [2024-06-12 22:48:16] INFO: Start sweeping...
# [2024-06-12 22:54:54] INFO: It took 398.398 seconds to do 500 HBOR sweeps.
# [2024-06-12 22:54:54] INFO: Plaquette = 0.65352
# [2024-06-12 22:54:54] INFO: Polyakov loop = (-7.68211e-05,-0.00162437)
# [2024-06-12 22:54:54] INFO: Writing conf to disk...
# [2024-06-12 22:54:54] INFO: writeconf_nersc: Writing NERSC configuration ./conf_s060t20_b0671320_a_U000894500
# [2024-06-12 22:54:57] INFO: Calculated checksum: 83ab9b24
# [2024-06-12 22:55:02] INFO: Calculated checksum: 2d9408cd
# [2024-06-12 22:55:02] INFO: Writing RNGSTATE file: ./rand_s060t20_b0671320_a_U000894500
# [2024-06-12 22:55:02] INFO: Writing to disk took 7.88817 seconds
# [2024-06-12 22:55:02] INFO: ======================================================================
# [2024-06-12 22:55:02] INFO: Start sweeping...
# [2024-06-12 23:01:40] INFO: It took 398.332 seconds to do 500 HBOR sweeps.
# [2024-06-12 23:01:40] INFO: Plaquette = 0.653508
# [2024-06-12 23:01:40] INFO: Polyakov loop = (-0.000925212,-0.000296774)
# [2024-06-12 23:01:40] INFO: Writing conf to disk...
# [2024-06-12 23:01:40] INFO: writeconf_nersc: Writing NERSC configuration ./conf_s060t20_b0671320_a_U000895000
# [2024-06-12 23:01:43] INFO: Calculated checksum: c8c00869
# [2024-06-12 23:01:48] INFO: Calculated checksum: 57195b
# [2024-06-12 23:01:48] INFO: Writing RNGSTATE file: ./rand_s060t20_b0671320_a_U000895000
# [2024-06-12 23:01:48] INFO: Writing to disk took 7.88234 seconds
# [2024-06-12 23:01:48] INFO: ======================================================================
# [2024-06-12 23:01:48] INFO: Start sweeping...
# [2024-06-12 23:08:27] INFO: It took 398.373 seconds to do 500 HBOR sweeps.
# [2024-06-12 23:08:27] INFO: Plaquette = 0.653554
# [2024-06-12 23:08:27] INFO: Polyakov loop = (3.79954e-07,-0.00153722)
# [2024-06-12 23:08:27] INFO: Writing conf to disk...
# [2024-06-12 23:08:27] INFO: writeconf_nersc: Writing NERSC configuration ./conf_s060t20_b0671320_a_U000895500
# [2024-06-12 23:08:30] INFO: Calculated checksum: aaccdeaa
# [2024-06-12 23:08:34] INFO: Calculated checksum: 25280671
# [2024-06-12 23:08:34] INFO: Writing RNGSTATE file: ./rand_s060t20_b0671320_a_U000895500
# [2024-06-12 23:08:34] INFO: Writing to disk took 7.63071 seconds
# [2024-06-12 23:08:34] INFO: ======================================================================
# [2024-06-12 23:08:34] INFO: Start sweeping...
# [2024-06-12 23:15:13] INFO: It took 398.369 seconds to do 500 HBOR sweeps.
# [2024-06-12 23:15:13] INFO: Plaquette = 0.653465
# [2024-06-12 23:15:13] INFO: Polyakov loop = (-0.000547632,-0.000795958)
# [2024-06-12 23:15:13] INFO: Writing conf to disk...
# [2024-06-12 23:15:13] INFO: writeconf_nersc: Writing NERSC configuration ./conf_s060t20_b0671320_a_U000896000
# [2024-06-12 23:15:16] INFO: Calculated checksum: 65d04bf2
# [2024-06-12 23:15:20] INFO: Calculated checksum: e14e48a5
# [2024-06-12 23:15:20] INFO: Writing RNGSTATE file: ./rand_s060t20_b0671320_a_U000896000
# [2024-06-12 23:15:20] INFO: Writing to disk took 7.63392 seconds
# [2024-06-12 23:15:20] INFO: ======================================================================
# [2024-06-12 23:15:20] INFO: Start sweeping...
# [2024-06-12 23:21:59] INFO: It took 398.406 seconds to do 500 HBOR sweeps.
# [2024-06-12 23:21:59] INFO: Plaquette = 0.653502
# [2024-06-12 23:21:59] INFO: Polyakov loop = (2.70718e-05,-0.000760063)
# [2024-06-12 23:21:59] INFO: Writing conf to disk...
# [2024-06-12 23:21:59] INFO: writeconf_nersc: Writing NERSC configuration ./conf_s060t20_b0671320_a_U000896500
# [2024-06-12 23:22:02] INFO: Calculated checksum: 5e902ed1
# [2024-06-12 23:22:07] INFO: Calculated checksum: eedc89f2
# [2024-06-12 23:22:07] INFO: Writing RNGSTATE file: ./rand_s060t20_b0671320_a_U000896500
# [2024-06-12 23:22:08] INFO: Writing to disk took 9.31154 seconds
# [2024-06-12 23:22:08] INFO: ======================================================================
# [2024-06-12 23:22:08] INFO: Start sweeping...
# [2024-06-12 23:28:46] INFO: It took 398.33 seconds to do 500 HBOR sweeps.
# [2024-06-12 23:28:46] INFO: Plaquette = 0.653453
# [2024-06-12 23:28:46] INFO: Polyakov loop = (-0.00138517,-0.000581265)
# [2024-06-12 23:28:46] INFO: Writing conf to disk...
# [2024-06-12 23:28:46] INFO: writeconf_nersc: Writing NERSC configuration ./conf_s060t20_b0671320_a_U000897000
# [2024-06-12 23:28:49] INFO: Calculated checksum: 8a9daaee
# [2024-06-12 23:28:55] INFO: Calculated checksum: f437b407
# [2024-06-12 23:28:55] INFO: Writing RNGSTATE file: ./rand_s060t20_b0671320_a_U000897000
# [2024-06-12 23:28:55] INFO: Writing to disk took 8.81472 seconds
# [2024-06-12 23:28:55] INFO: ======================================================================
# [2024-06-12 23:28:55] INFO: Start sweeping...
# [2024-06-12 23:35:34] INFO: It took 398.343 seconds to do 500 HBOR sweeps.
# [2024-06-12 23:35:34] INFO: Plaquette = 0.653419
# [2024-06-12 23:35:34] INFO: Polyakov loop = (-0.00115659,-0.000658978)
# [2024-06-12 23:35:34] INFO: Writing conf to disk...
# [2024-06-12 23:35:34] INFO: writeconf_nersc: Writing NERSC configuration ./conf_s060t20_b0671320_a_U000897500
# [2024-06-12 23:35:37] INFO: Calculated checksum: ee74247b
# [2024-06-12 23:35:41] INFO: Calculated checksum: 4fa07c18
# [2024-06-12 23:35:41] INFO: Writing RNGSTATE file: ./rand_s060t20_b0671320_a_U000897500
# [2024-06-12 23:35:41] INFO: Writing to disk took 7.74962 seconds
# [2024-06-12 23:35:41] INFO: ======================================================================
# [2024-06-12 23:35:41] INFO: Start sweeping...
# [2024-06-12 23:42:20] INFO: It took 398.406 seconds to do 500 HBOR sweeps.
# [2024-06-12 23:42:20] INFO: Plaquette = 0.653561
# [2024-06-12 23:42:20] INFO: Polyakov loop = (0.000129547,-0.000499059)
# [2024-06-12 23:42:20] INFO: Writing conf to disk...
# [2024-06-12 23:42:20] INFO: writeconf_nersc: Writing NERSC configuration ./conf_s060t20_b0671320_a_U000898000
# [2024-06-12 23:42:23] INFO: Calculated checksum: f8c8ccf8
# [2024-06-12 23:42:28] INFO: Calculated checksum: bae712bf
# [2024-06-12 23:42:28] INFO: Writing RNGSTATE file: ./rand_s060t20_b0671320_a_U000898000
# [2024-06-12 23:42:28] INFO: Writing to disk took 7.92751 seconds
# [2024-06-12 23:42:28] INFO: ======================================================================
# [2024-06-12 23:42:28] INFO: Start sweeping...
# [2024-06-12 23:49:06] INFO: It took 398.433 seconds to do 500 HBOR sweeps.
# [2024-06-12 23:49:06] INFO: Plaquette = 0.653543
# [2024-06-12 23:49:06] INFO: Polyakov loop = (0.00151059,-0.000691664)
# [2024-06-12 23:49:06] INFO: Writing conf to disk...
# [2024-06-12 23:49:06] INFO: writeconf_nersc: Writing NERSC configuration ./conf_s060t20_b0671320_a_U000898500
# [2024-06-12 23:49:09] INFO: Calculated checksum: 486f5ab9
# [2024-06-12 23:49:14] INFO: Calculated checksum: b71373d7
# [2024-06-12 23:49:14] INFO: Writing RNGSTATE file: ./rand_s060t20_b0671320_a_U000898500
# [2024-06-12 23:49:14] INFO: Writing to disk took 8.04516 seconds
# [2024-06-12 23:49:14] INFO: ======================================================================
# [2024-06-12 23:49:14] INFO: Start sweeping...
# [2024-06-12 23:55:53] INFO: It took 398.38 seconds to do 500 HBOR sweeps.
# [2024-06-12 23:55:53] INFO: Plaquette = 0.653498
# [2024-06-12 23:55:53] INFO: Polyakov loop = (0.00058612,-0.000241479)
# [2024-06-12 23:55:53] INFO: Writing conf to disk...
# [2024-06-12 23:55:53] INFO: writeconf_nersc: Writing NERSC configuration ./conf_s060t20_b0671320_a_U000899000
# [2024-06-12 23:55:56] INFO: Calculated checksum: 648f95c8
# [2024-06-12 23:56:00] INFO: Calculated checksum: f58066a
# [2024-06-12 23:56:00] INFO: Writing RNGSTATE file: ./rand_s060t20_b0671320_a_U000899000
# [2024-06-12 23:56:01] INFO: Writing to disk took 7.73352 seconds
# [2024-06-12 23:56:01] INFO: ======================================================================
# [2024-06-12 23:56:01] INFO: Start sweeping...
# [2024-06-13 00:02:39] INFO: It took 398.378 seconds to do 500 HBOR sweeps.
# [2024-06-13 00:02:39] INFO: Plaquette = 0.653514
# [2024-06-13 00:02:39] INFO: Polyakov loop = (0.000487408,-0.00135184)
# [2024-06-13 00:02:39] INFO: Writing conf to disk...
# [2024-06-13 00:02:39] INFO: writeconf_nersc: Writing NERSC configuration ./conf_s060t20_b0671320_a_U000899500
# [2024-06-13 00:02:42] INFO: Calculated checksum: f2733150
# [2024-06-13 00:02:47] INFO: Calculated checksum: f335d655
# [2024-06-13 00:02:47] INFO: Writing RNGSTATE file: ./rand_s060t20_b0671320_a_U000899500
# [2024-06-13 00:02:47] INFO: Writing to disk took 7.77424 seconds
# [2024-06-13 00:02:47] INFO: ======================================================================
# [2024-06-13 00:02:47] INFO: Start sweeping...
# [2024-06-13 00:09:25] INFO: It took 398.41 seconds to do 500 HBOR sweeps.
# [2024-06-13 00:09:25] INFO: Plaquette = 0.653452
# [2024-06-13 00:09:25] INFO: Polyakov loop = (0.000735451,0.000104888)
# [2024-06-13 00:09:25] INFO: Writing conf to disk...
# [2024-06-13 00:09:25] INFO: writeconf_nersc: Writing NERSC configuration ./conf_s060t20_b0671320_a_U000900000
# [2024-06-13 00:09:29] INFO: Calculated checksum: 3caea73e
# [2024-06-13 00:09:33] INFO: Calculated checksum: 7804389c
# [2024-06-13 00:09:33] INFO: Writing RNGSTATE file: ./rand_s060t20_b0671320_a_U000900000
# [2024-06-13 00:09:34] INFO: Writing to disk took 8.23765 seconds
# [2024-06-13 00:09:34] INFO: Finalizing MPI
