
Currently Loaded Modules:
  1) chpc/1.0      (S)   3) gcc/8.5.0      5) mpich/3.4.2
  2) python/3.10.3       4) cmake/3.26.0   6) cuda/11.6.2 (g)

  Where:
   S:  Module is Sticky, requires --force to unload or purge
   g:  built for GPU

 

# [2024-06-12 12:48:38] INFO: Running SIMULATeQCD
# [2024-06-12 12:48:38] INFO: Git commit version: 43e2518
# [2024-06-12 12:48:38] INFO: Initializing MPI with (1 proc)
# [2024-06-12 12:48:38] INFO: Reading parameters from file :: GenerateQuenched_b6373.param
# [2024-06-12 12:48:38] INFO: # PARAM :: Lattice = 60 60 60 20 
# [2024-06-12 12:48:38] INFO: # PARAM :: Nodes = 1 1 1 1 
# [2024-06-12 12:48:38] INFO: # PARAM :: Topology = 0 0 0 0  (default)
# [2024-06-12 12:48:38] INFO: # PARAM :: beta = 6.373
# [2024-06-12 12:48:38] INFO: # PARAM :: format = nersc
# [2024-06-12 12:48:38] INFO: # PARAM :: endianness = auto
# [2024-06-12 12:48:38] INFO: # PARAM :: conf_nr = 850000
# [2024-06-12 12:48:38] INFO: # PARAM :: stream = a
# [2024-06-12 12:48:38] INFO: # PARAM :: prec_out = 0 (default)
# [2024-06-12 12:48:38] INFO: # PARAM :: measurements_dir = ./ (default)
# [2024-06-12 12:48:38] INFO: # PARAM :: use_unit_conf = 0 (default)
# [2024-06-12 12:48:38] INFO: # PARAM :: output_dir = .
# [2024-06-12 12:48:38] INFO: # PARAM :: nconfs = 100
# [2024-06-12 12:48:38] INFO: # PARAM :: nsweeps_ORperHB = 4
# [2024-06-12 12:48:38] INFO: # PARAM :: nsweeps_HBwithOR = 500
# [2024-06-12 12:48:38] INFO: # PARAM :: prev_conf = conf_s060t20_b0637300_a_U000850000
# [2024-06-12 12:48:38] INFO: # PARAM :: prev_rand = rand_s060t20_b0637300_a_U000850000
# [2024-06-12 12:48:38] INFO: > Running on:
# [2024-06-12 12:48:38] INFO: [Rank 0] > notch086 CPU_21 GPU_AF; MPI: world_rank=0, node_rank=0, coord: ( 0 0 0 0 )
# [2024-06-12 12:48:38] INFO: > Is MPI CUDA-aware? @compilation 
# [2024-06-12 12:48:38] INFO: > GPU compute capability: 75
# [2024-06-12 12:48:38] INFO: > Checking support for P2P (Peer-to-Peer) and UVA (Unified Virtual Addressing):
# [2024-06-12 12:48:38] INFO: [Rank 0] > notch086 GPU_AF(NVIDIA GeForce RTX 2080 Ti): P2P NO ; UVA YES
# [2024-06-12 12:48:38] INFO: Initialize Indexer with HaloDepth = 1[0;33m[0m
# [2024-06-12 12:48:38] INFO: Resuming previous run.
# [2024-06-12 12:48:38] INFO: readconf_nersc: Reading NERSC configuration conf_s060t20_b0637300_a_U000850000
# [2024-06-12 12:48:50] INFO: Next conf_number will be 850500
# [2024-06-12 12:48:50] INFO: Generating up to 100 confs with a separation of 500 HBOR sweeps (OR/HB = 4) ...
# [2024-06-12 12:48:50] INFO: ======================================================================
# [2024-06-12 12:48:50] INFO: Start sweeping...
# [2024-06-12 12:56:18] INFO: It took 448.152 seconds to do 500 HBOR sweeps.
# [2024-06-12 12:56:18] INFO: Plaquette = 0.628523
# [2024-06-12 12:56:18] INFO: Polyakov loop = (0.000155942,-0.000244455)
# [2024-06-12 12:56:18] INFO: Writing conf to disk...
# [2024-06-12 12:56:18] INFO: writeconf_nersc: Writing NERSC configuration ./conf_s060t20_b0637300_a_U000850500
# [2024-06-12 12:56:21] INFO: Calculated checksum: 1e50fbdd
# [2024-06-12 12:56:29] INFO: Calculated checksum: e75e1ab7
# [2024-06-12 12:56:29] INFO: Writing RNGSTATE file: ./rand_s060t20_b0637300_a_U000850500
# [2024-06-12 12:56:29] INFO: Writing to disk took 10.798 seconds
# [2024-06-12 12:56:29] INFO: ======================================================================
# [2024-06-12 12:56:29] INFO: Start sweeping...
# [2024-06-12 13:04:07] INFO: It took 457.25 seconds to do 500 HBOR sweeps.
# [2024-06-12 13:04:07] INFO: Plaquette = 0.62845
# [2024-06-12 13:04:07] INFO: Polyakov loop = (-0.000177473,-0.000646001)
# [2024-06-12 13:04:07] INFO: Writing conf to disk...
# [2024-06-12 13:04:07] INFO: writeconf_nersc: Writing NERSC configuration ./conf_s060t20_b0637300_a_U000851000
# [2024-06-12 13:04:09] INFO: Calculated checksum: 2291fe97
# [2024-06-12 13:04:22] INFO: Calculated checksum: 36f19bbd
# [2024-06-12 13:04:22] INFO: Writing RNGSTATE file: ./rand_s060t20_b0637300_a_U000851000
# [2024-06-12 13:04:22] INFO: Writing to disk took 15.6231 seconds
# [2024-06-12 13:04:22] INFO: ======================================================================
# [2024-06-12 13:04:22] INFO: Start sweeping...
# [2024-06-12 13:12:02] INFO: It took 459.536 seconds to do 500 HBOR sweeps.
# [2024-06-12 13:12:02] INFO: Plaquette = 0.628507
# [2024-06-12 13:12:02] INFO: Polyakov loop = (0.000365434,0.0013261)
# [2024-06-12 13:12:02] INFO: Writing conf to disk...
# [2024-06-12 13:12:02] INFO: writeconf_nersc: Writing NERSC configuration ./conf_s060t20_b0637300_a_U000851500
# [2024-06-12 13:12:05] INFO: Calculated checksum: 3f1b9302
# [2024-06-12 13:12:18] INFO: Calculated checksum: 1c6ed225
# [2024-06-12 13:12:18] INFO: Writing RNGSTATE file: ./rand_s060t20_b0637300_a_U000851500
# [2024-06-12 13:12:18] INFO: Writing to disk took 16.5162 seconds
# [2024-06-12 13:12:18] INFO: ======================================================================
# [2024-06-12 13:12:18] INFO: Start sweeping...
# [2024-06-12 13:19:57] INFO: It took 458.836 seconds to do 500 HBOR sweeps.
# [2024-06-12 13:19:57] INFO: Plaquette = 0.628489
# [2024-06-12 13:19:57] INFO: Polyakov loop = (-0.000583529,-3.36099e-05)
# [2024-06-12 13:19:57] INFO: Writing conf to disk...
# [2024-06-12 13:19:57] INFO: writeconf_nersc: Writing NERSC configuration ./conf_s060t20_b0637300_a_U000852000
# [2024-06-12 13:20:00] INFO: Calculated checksum: 96f92203
# [2024-06-12 13:20:12] INFO: Calculated checksum: 9e380b
# [2024-06-12 13:20:12] INFO: Writing RNGSTATE file: ./rand_s060t20_b0637300_a_U000852000
# [2024-06-12 13:20:13] INFO: Writing to disk took 15.2896 seconds
# [2024-06-12 13:20:13] INFO: ======================================================================
# [2024-06-12 13:20:13] INFO: Start sweeping...
# [2024-06-12 13:27:51] INFO: It took 458.89 seconds to do 500 HBOR sweeps.
# [2024-06-12 13:27:52] INFO: Plaquette = 0.628462
# [2024-06-12 13:27:52] INFO: Polyakov loop = (-0.000265873,0.000597733)
# [2024-06-12 13:27:52] INFO: Writing conf to disk...
# [2024-06-12 13:27:52] INFO: writeconf_nersc: Writing NERSC configuration ./conf_s060t20_b0637300_a_U000852500
# [2024-06-12 13:27:55] INFO: Calculated checksum: d4050879
# [2024-06-12 13:28:04] INFO: Calculated checksum: 98ed79e5
# [2024-06-12 13:28:04] INFO: Writing RNGSTATE file: ./rand_s060t20_b0637300_a_U000852500
# [2024-06-12 13:28:04] INFO: Writing to disk took 12.6202 seconds
# [2024-06-12 13:28:04] INFO: ======================================================================
# [2024-06-12 13:28:04] INFO: Start sweeping...
# [2024-06-12 13:35:43] INFO: It took 458.076 seconds to do 500 HBOR sweeps.
# [2024-06-12 13:35:43] INFO: Plaquette = 0.628396
# [2024-06-12 13:35:43] INFO: Polyakov loop = (0.000667515,-0.000517905)
# [2024-06-12 13:35:43] INFO: Writing conf to disk...
# [2024-06-12 13:35:43] INFO: writeconf_nersc: Writing NERSC configuration ./conf_s060t20_b0637300_a_U000853000
# [2024-06-12 13:35:46] INFO: Calculated checksum: cba2721c
# [2024-06-12 13:35:54] INFO: Calculated checksum: 93bbc01c
# [2024-06-12 13:35:54] INFO: Writing RNGSTATE file: ./rand_s060t20_b0637300_a_U000853000
# [2024-06-12 13:35:55] INFO: Writing to disk took 11.7731 seconds
# [2024-06-12 13:35:55] INFO: ======================================================================
# [2024-06-12 13:35:55] INFO: Start sweeping...
# [2024-06-12 13:43:33] INFO: It took 458.172 seconds to do 500 HBOR sweeps.
# [2024-06-12 13:43:33] INFO: Plaquette = 0.628488
# [2024-06-12 13:43:33] INFO: Polyakov loop = (-0.000123137,0.000390155)
# [2024-06-12 13:43:33] INFO: Writing conf to disk...
# [2024-06-12 13:43:33] INFO: writeconf_nersc: Writing NERSC configuration ./conf_s060t20_b0637300_a_U000853500
# [2024-06-12 13:43:36] INFO: Calculated checksum: d15424da
# [2024-06-12 13:43:43] INFO: Calculated checksum: f1a45711
# [2024-06-12 13:43:43] INFO: Writing RNGSTATE file: ./rand_s060t20_b0637300_a_U000853500
# [2024-06-12 13:43:43] INFO: Writing to disk took 10.3141 seconds
# [2024-06-12 13:43:43] INFO: ======================================================================
# [2024-06-12 13:43:43] INFO: Start sweeping...
# [2024-06-12 13:51:21] INFO: It took 457.625 seconds to do 500 HBOR sweeps.
# [2024-06-12 13:51:21] INFO: Plaquette = 0.628333
# [2024-06-12 13:51:21] INFO: Polyakov loop = (-0.00125067,-0.000367598)
# [2024-06-12 13:51:21] INFO: Writing conf to disk...
# [2024-06-12 13:51:21] INFO: writeconf_nersc: Writing NERSC configuration ./conf_s060t20_b0637300_a_U000854000
# [2024-06-12 13:51:24] INFO: Calculated checksum: b60e0a0f
# [2024-06-12 13:51:30] INFO: Calculated checksum: ae4e1568
# [2024-06-12 13:51:30] INFO: Writing RNGSTATE file: ./rand_s060t20_b0637300_a_U000854000
# [2024-06-12 13:51:31] INFO: Writing to disk took 9.67279 seconds
# [2024-06-12 13:51:31] INFO: ======================================================================
# [2024-06-12 13:51:31] INFO: Start sweeping...
# [2024-06-12 13:59:07] INFO: It took 456.816 seconds to do 500 HBOR sweeps.
# [2024-06-12 13:59:07] INFO: Plaquette = 0.6285
# [2024-06-12 13:59:07] INFO: Polyakov loop = (0.00041731,0.000138881)
# [2024-06-12 13:59:07] INFO: Writing conf to disk...
# [2024-06-12 13:59:07] INFO: writeconf_nersc: Writing NERSC configuration ./conf_s060t20_b0637300_a_U000854500
# [2024-06-12 13:59:10] INFO: Calculated checksum: ea3a9aef
# [2024-06-12 13:59:16] INFO: Calculated checksum: b9fe918
# [2024-06-12 13:59:16] INFO: Writing RNGSTATE file: ./rand_s060t20_b0637300_a_U000854500
# [2024-06-12 13:59:16] INFO: Writing to disk took 8.17582 seconds
# [2024-06-12 13:59:16] INFO: ======================================================================
# [2024-06-12 13:59:16] INFO: Start sweeping...
# [2024-06-12 14:06:52] INFO: It took 455.951 seconds to do 500 HBOR sweeps.
# [2024-06-12 14:06:52] INFO: Plaquette = 0.628305
# [2024-06-12 14:06:52] INFO: Polyakov loop = (0.000355208,0.00073465)
# [2024-06-12 14:06:52] INFO: Writing conf to disk...
# [2024-06-12 14:06:52] INFO: writeconf_nersc: Writing NERSC configuration ./conf_s060t20_b0637300_a_U000855000
# [2024-06-12 14:06:55] INFO: Calculated checksum: 3a5596ee
# [2024-06-12 14:07:03] INFO: Calculated checksum: e3343649
# [2024-06-12 14:07:03] INFO: Writing RNGSTATE file: ./rand_s060t20_b0637300_a_U000855000
# [2024-06-12 14:07:10] INFO: Writing to disk took 18.2359 seconds
# [2024-06-12 14:07:10] INFO: ======================================================================
# [2024-06-12 14:07:10] INFO: Start sweeping...
# [2024-06-12 14:14:51] INFO: It took 460.71 seconds to do 500 HBOR sweeps.
# [2024-06-12 14:14:51] INFO: Plaquette = 0.628488
# [2024-06-12 14:14:51] INFO: Polyakov loop = (0.000855402,0.000452686)
# [2024-06-12 14:14:51] INFO: Writing conf to disk...
# [2024-06-12 14:14:51] INFO: writeconf_nersc: Writing NERSC configuration ./conf_s060t20_b0637300_a_U000855500
# [2024-06-12 14:14:54] INFO: Calculated checksum: ee632b1d
# [2024-06-12 14:15:01] INFO: Calculated checksum: b7e12d36
# [2024-06-12 14:15:01] INFO: Writing RNGSTATE file: ./rand_s060t20_b0637300_a_U000855500
# [2024-06-12 14:15:01] INFO: Writing to disk took 10.6111 seconds
# [2024-06-12 14:15:01] INFO: ======================================================================
# [2024-06-12 14:15:01] INFO: Start sweeping...
# [2024-06-12 14:22:40] INFO: It took 458.408 seconds to do 500 HBOR sweeps.
# [2024-06-12 14:22:40] INFO: Plaquette = 0.628505
# [2024-06-12 14:22:40] INFO: Polyakov loop = (-0.000395947,0.000198207)
# [2024-06-12 14:22:40] INFO: Writing conf to disk...
# [2024-06-12 14:22:40] INFO: writeconf_nersc: Writing NERSC configuration ./conf_s060t20_b0637300_a_U000856000
# [2024-06-12 14:22:43] INFO: Calculated checksum: b838482b
# [2024-06-12 14:22:50] INFO: Calculated checksum: 6b65259d
# [2024-06-12 14:22:50] INFO: Writing RNGSTATE file: ./rand_s060t20_b0637300_a_U000856000
# [2024-06-12 14:22:50] INFO: Writing to disk took 10.7106 seconds
# [2024-06-12 14:22:50] INFO: ======================================================================
# [2024-06-12 14:22:50] INFO: Start sweeping...
# [2024-06-12 14:30:29] INFO: It took 458.198 seconds to do 500 HBOR sweeps.
# [2024-06-12 14:30:29] INFO: Plaquette = 0.628509
# [2024-06-12 14:30:29] INFO: Polyakov loop = (-0.000510303,-0.000376609)
# [2024-06-12 14:30:29] INFO: Writing conf to disk...
# [2024-06-12 14:30:29] INFO: writeconf_nersc: Writing NERSC configuration ./conf_s060t20_b0637300_a_U000856500
# [2024-06-12 14:30:32] INFO: Calculated checksum: e12c4c1a
# [2024-06-12 14:30:39] INFO: Calculated checksum: eadac9bb
# [2024-06-12 14:30:39] INFO: Writing RNGSTATE file: ./rand_s060t20_b0637300_a_U000856500
# [2024-06-12 14:30:39] INFO: Writing to disk took 10.0104 seconds
# [2024-06-12 14:30:39] INFO: ======================================================================
# [2024-06-12 14:30:39] INFO: Start sweeping...
# [2024-06-12 14:38:15] INFO: It took 456.607 seconds to do 500 HBOR sweeps.
# [2024-06-12 14:38:15] INFO: Plaquette = 0.628542
# [2024-06-12 14:38:15] INFO: Polyakov loop = (-0.00055449,0.000365176)
# [2024-06-12 14:38:15] INFO: Writing conf to disk...
# [2024-06-12 14:38:15] INFO: writeconf_nersc: Writing NERSC configuration ./conf_s060t20_b0637300_a_U000857000
# [2024-06-12 14:38:18] INFO: Calculated checksum: b32d780b
# [2024-06-12 14:38:34] INFO: Calculated checksum: b39046c0
# [2024-06-12 14:38:34] INFO: Writing RNGSTATE file: ./rand_s060t20_b0637300_a_U000857000
# [2024-06-12 14:38:34] INFO: Writing to disk took 18.495 seconds
# [2024-06-12 14:38:34] INFO: ======================================================================
# [2024-06-12 14:38:34] INFO: Start sweeping...
# [2024-06-12 14:46:14] INFO: It took 459.88 seconds to do 500 HBOR sweeps.
# [2024-06-12 14:46:14] INFO: Plaquette = 0.628407
# [2024-06-12 14:46:14] INFO: Polyakov loop = (-0.0010217,0.000361268)
# [2024-06-12 14:46:14] INFO: Writing conf to disk...
# [2024-06-12 14:46:14] INFO: writeconf_nersc: Writing NERSC configuration ./conf_s060t20_b0637300_a_U000857500
# [2024-06-12 14:46:18] INFO: Calculated checksum: 87a5ce1
# [2024-06-12 14:46:28] INFO: Calculated checksum: d4ebcfb7
# [2024-06-12 14:46:28] INFO: Writing RNGSTATE file: ./rand_s060t20_b0637300_a_U000857500
# [2024-06-12 14:46:28] INFO: Writing to disk took 14.1861 seconds
# [2024-06-12 14:46:28] INFO: ======================================================================
# [2024-06-12 14:46:28] INFO: Start sweeping...
# [2024-06-12 14:54:08] INFO: It took 459.621 seconds to do 500 HBOR sweeps.
# [2024-06-12 14:54:08] INFO: Plaquette = 0.628462
# [2024-06-12 14:54:08] INFO: Polyakov loop = (0.000295294,-0.00032655)
# [2024-06-12 14:54:08] INFO: Writing conf to disk...
# [2024-06-12 14:54:08] INFO: writeconf_nersc: Writing NERSC configuration ./conf_s060t20_b0637300_a_U000858000
# [2024-06-12 14:54:11] INFO: Calculated checksum: 28216d5d
# [2024-06-12 14:54:17] INFO: Calculated checksum: 580eab59
# [2024-06-12 14:54:17] INFO: Writing RNGSTATE file: ./rand_s060t20_b0637300_a_U000858000
# [2024-06-12 14:54:18] INFO: Writing to disk took 9.80044 seconds
# [2024-06-12 14:54:18] INFO: ======================================================================
# [2024-06-12 14:54:18] INFO: Start sweeping...
# [2024-06-12 15:01:55] INFO: It took 457.528 seconds to do 500 HBOR sweeps.
# [2024-06-12 15:01:55] INFO: Plaquette = 0.628523
# [2024-06-12 15:01:55] INFO: Polyakov loop = (-0.00105902,0.000743233)
# [2024-06-12 15:01:55] INFO: Writing conf to disk...
# [2024-06-12 15:01:55] INFO: writeconf_nersc: Writing NERSC configuration ./conf_s060t20_b0637300_a_U000858500
# [2024-06-12 15:01:58] INFO: Calculated checksum: bef89537
# [2024-06-12 15:02:05] INFO: Calculated checksum: 7ae65e01
# [2024-06-12 15:02:05] INFO: Writing RNGSTATE file: ./rand_s060t20_b0637300_a_U000858500
# [2024-06-12 15:02:06] INFO: Writing to disk took 10.4936 seconds
# [2024-06-12 15:02:06] INFO: ======================================================================
# [2024-06-12 15:02:06] INFO: Start sweeping...
# [2024-06-12 15:09:43] INFO: It took 457.07 seconds to do 500 HBOR sweeps.
# [2024-06-12 15:09:43] INFO: Plaquette = 0.628472
# [2024-06-12 15:09:43] INFO: Polyakov loop = (-0.000554164,0.000200633)
# [2024-06-12 15:09:43] INFO: Writing conf to disk...
# [2024-06-12 15:09:43] INFO: writeconf_nersc: Writing NERSC configuration ./conf_s060t20_b0637300_a_U000859000
# [2024-06-12 15:09:46] INFO: Calculated checksum: 3fa7411a
# [2024-06-12 15:09:52] INFO: Calculated checksum: 687c4d75
# [2024-06-12 15:09:52] INFO: Writing RNGSTATE file: ./rand_s060t20_b0637300_a_U000859000
# [2024-06-12 15:09:52] INFO: Writing to disk took 9.30017 seconds
# [2024-06-12 15:09:52] INFO: ======================================================================
# [2024-06-12 15:09:52] INFO: Start sweeping...
# [2024-06-12 15:17:29] INFO: It took 456.637 seconds to do 500 HBOR sweeps.
# [2024-06-12 15:17:29] INFO: Plaquette = 0.62847
# [2024-06-12 15:17:29] INFO: Polyakov loop = (-0.000119008,-8.18983e-06)
# [2024-06-12 15:17:29] INFO: Writing conf to disk...
# [2024-06-12 15:17:29] INFO: writeconf_nersc: Writing NERSC configuration ./conf_s060t20_b0637300_a_U000859500
# [2024-06-12 15:17:32] INFO: Calculated checksum: da46e685
# [2024-06-12 15:17:46] INFO: Calculated checksum: b79fd28
# [2024-06-12 15:17:46] INFO: Writing RNGSTATE file: ./rand_s060t20_b0637300_a_U000859500
# [2024-06-12 15:17:47] INFO: Writing to disk took 17.8124 seconds
# [2024-06-12 15:17:47] INFO: ======================================================================
# [2024-06-12 15:17:47] INFO: Start sweeping...
# [2024-06-12 15:25:27] INFO: It took 460.302 seconds to do 500 HBOR sweeps.
# [2024-06-12 15:25:27] INFO: Plaquette = 0.628433
# [2024-06-12 15:25:27] INFO: Polyakov loop = (-0.000178776,-0.000698485)
# [2024-06-12 15:25:27] INFO: Writing conf to disk...
# [2024-06-12 15:25:27] INFO: writeconf_nersc: Writing NERSC configuration ./conf_s060t20_b0637300_a_U000860000
# [2024-06-12 15:25:30] INFO: Calculated checksum: 399e7aff
# [2024-06-12 15:25:36] INFO: Calculated checksum: 301252f3
# [2024-06-12 15:25:36] INFO: Writing RNGSTATE file: ./rand_s060t20_b0637300_a_U000860000
# [2024-06-12 15:25:36] INFO: Writing to disk took 9.16041 seconds
# [2024-06-12 15:25:36] INFO: ======================================================================
# [2024-06-12 15:25:36] INFO: Start sweeping...
# [2024-06-12 15:33:14] INFO: It took 457.523 seconds to do 500 HBOR sweeps.
# [2024-06-12 15:33:14] INFO: Plaquette = 0.628454
# [2024-06-12 15:33:14] INFO: Polyakov loop = (0.00016087,0.000633634)
# [2024-06-12 15:33:14] INFO: Writing conf to disk...
# [2024-06-12 15:33:14] INFO: writeconf_nersc: Writing NERSC configuration ./conf_s060t20_b0637300_a_U000860500
# [2024-06-12 15:33:17] INFO: Calculated checksum: 551b1ccb
# [2024-06-12 15:33:21] INFO: Calculated checksum: daf0fa63
# [2024-06-12 15:33:21] INFO: Writing RNGSTATE file: ./rand_s060t20_b0637300_a_U000860500
# [2024-06-12 15:33:21] INFO: Writing to disk took 7.46125 seconds
# [2024-06-12 15:33:21] INFO: ======================================================================
# [2024-06-12 15:33:21] INFO: Start sweeping...
# [2024-06-12 15:40:58] INFO: It took 456.674 seconds to do 500 HBOR sweeps.
# [2024-06-12 15:40:58] INFO: Plaquette = 0.628473
# [2024-06-12 15:40:58] INFO: Polyakov loop = (0.000250737,0.000267673)
# [2024-06-12 15:40:58] INFO: Writing conf to disk...
# [2024-06-12 15:40:58] INFO: writeconf_nersc: Writing NERSC configuration ./conf_s060t20_b0637300_a_U000861000
# [2024-06-12 15:41:01] INFO: Calculated checksum: be681479
# [2024-06-12 15:41:06] INFO: Calculated checksum: ca352c15
# [2024-06-12 15:41:06] INFO: Writing RNGSTATE file: ./rand_s060t20_b0637300_a_U000861000
# [2024-06-12 15:41:06] INFO: Writing to disk took 8.01921 seconds
# [2024-06-12 15:41:06] INFO: ======================================================================
# [2024-06-12 15:41:06] INFO: Start sweeping...
# [2024-06-12 15:48:43] INFO: It took 457.418 seconds to do 500 HBOR sweeps.
# [2024-06-12 15:48:43] INFO: Plaquette = 0.628399
# [2024-06-12 15:48:43] INFO: Polyakov loop = (-0.000511709,-0.000584896)
# [2024-06-12 15:48:43] INFO: Writing conf to disk...
# [2024-06-12 15:48:43] INFO: writeconf_nersc: Writing NERSC configuration ./conf_s060t20_b0637300_a_U000861500
# [2024-06-12 15:48:46] INFO: Calculated checksum: e68c49ba
# [2024-06-12 15:48:53] INFO: Calculated checksum: 5d9a2660
# [2024-06-12 15:48:53] INFO: Writing RNGSTATE file: ./rand_s060t20_b0637300_a_U000861500
# [2024-06-12 15:48:53] INFO: Writing to disk took 9.48726 seconds
# [2024-06-12 15:48:53] INFO: ======================================================================
# [2024-06-12 15:48:53] INFO: Start sweeping...
# [2024-06-12 15:56:31] INFO: It took 458.007 seconds to do 500 HBOR sweeps.
# [2024-06-12 15:56:31] INFO: Plaquette = 0.628537
# [2024-06-12 15:56:31] INFO: Polyakov loop = (7.74685e-05,-0.000233255)
# [2024-06-12 15:56:31] INFO: Writing conf to disk...
# [2024-06-12 15:56:31] INFO: writeconf_nersc: Writing NERSC configuration ./conf_s060t20_b0637300_a_U000862000
# [2024-06-12 15:56:34] INFO: Calculated checksum: 6bf8dd19
# [2024-06-12 15:56:42] INFO: Calculated checksum: 6db0c72
# [2024-06-12 15:56:42] INFO: Writing RNGSTATE file: ./rand_s060t20_b0637300_a_U000862000
# [2024-06-12 15:56:43] INFO: Writing to disk took 12.3963 seconds
# [2024-06-12 15:56:43] INFO: ======================================================================
# [2024-06-12 15:56:43] INFO: Start sweeping...
# [2024-06-12 16:04:21] INFO: It took 457.903 seconds to do 500 HBOR sweeps.
# [2024-06-12 16:04:21] INFO: Plaquette = 0.628455
# [2024-06-12 16:04:21] INFO: Polyakov loop = (-0.000351982,-2.0148e-05)
# [2024-06-12 16:04:21] INFO: Writing conf to disk...
# [2024-06-12 16:04:21] INFO: writeconf_nersc: Writing NERSC configuration ./conf_s060t20_b0637300_a_U000862500
# [2024-06-12 16:04:24] INFO: Calculated checksum: b0c9b076
# [2024-06-12 16:04:31] INFO: Calculated checksum: e92c03aa
# [2024-06-12 16:04:31] INFO: Writing RNGSTATE file: ./rand_s060t20_b0637300_a_U000862500
# [2024-06-12 16:04:31] INFO: Writing to disk took 9.47238 seconds
# [2024-06-12 16:04:31] INFO: ======================================================================
# [2024-06-12 16:04:31] INFO: Start sweeping...
# [2024-06-12 16:12:07] INFO: It took 455.914 seconds to do 500 HBOR sweeps.
# [2024-06-12 16:12:07] INFO: Plaquette = 0.628387
# [2024-06-12 16:12:07] INFO: Polyakov loop = (-0.00136647,-0.000552333)
# [2024-06-12 16:12:07] INFO: Writing conf to disk...
# [2024-06-12 16:12:07] INFO: writeconf_nersc: Writing NERSC configuration ./conf_s060t20_b0637300_a_U000863000
# [2024-06-12 16:12:10] INFO: Calculated checksum: 77dff8c4
# [2024-06-12 16:12:26] INFO: Calculated checksum: e7cb3fd0
# [2024-06-12 16:12:26] INFO: Writing RNGSTATE file: ./rand_s060t20_b0637300_a_U000863000
# [2024-06-12 16:12:27] INFO: Writing to disk took 19.6757 seconds
# [2024-06-12 16:12:27] INFO: ======================================================================
# [2024-06-12 16:12:27] INFO: Start sweeping...
# [2024-06-12 16:20:06] INFO: It took 459.058 seconds to do 500 HBOR sweeps.
# [2024-06-12 16:20:06] INFO: Plaquette = 0.628443
# [2024-06-12 16:20:06] INFO: Polyakov loop = (-0.000644261,0.000340525)
# [2024-06-12 16:20:06] INFO: Writing conf to disk...
# [2024-06-12 16:20:06] INFO: writeconf_nersc: Writing NERSC configuration ./conf_s060t20_b0637300_a_U000863500
# [2024-06-12 16:20:08] INFO: Calculated checksum: 24236e64
# [2024-06-12 16:20:15] INFO: Calculated checksum: 62f271bd
# [2024-06-12 16:20:15] INFO: Writing RNGSTATE file: ./rand_s060t20_b0637300_a_U000863500
# [2024-06-12 16:20:15] INFO: Writing to disk took 9.7422 seconds
# [2024-06-12 16:20:15] INFO: ======================================================================
# [2024-06-12 16:20:15] INFO: Start sweeping...
# [2024-06-12 16:27:53] INFO: It took 457.835 seconds to do 500 HBOR sweeps.
# [2024-06-12 16:27:53] INFO: Plaquette = 0.628473
# [2024-06-12 16:27:53] INFO: Polyakov loop = (0.00125489,0.000341116)
# [2024-06-12 16:27:53] INFO: Writing conf to disk...
# [2024-06-12 16:27:53] INFO: writeconf_nersc: Writing NERSC configuration ./conf_s060t20_b0637300_a_U000864000
# [2024-06-12 16:27:56] INFO: Calculated checksum: 22835846
# [2024-06-12 16:28:11] INFO: Calculated checksum: bc78a0c4
# [2024-06-12 16:28:11] INFO: Writing RNGSTATE file: ./rand_s060t20_b0637300_a_U000864000
# [2024-06-12 16:28:11] INFO: Writing to disk took 17.5417 seconds
# [2024-06-12 16:28:11] INFO: ======================================================================
# [2024-06-12 16:28:11] INFO: Start sweeping...
# [2024-06-12 16:35:52] INFO: It took 461.186 seconds to do 500 HBOR sweeps.
# [2024-06-12 16:35:52] INFO: Plaquette = 0.628445
# [2024-06-12 16:35:52] INFO: Polyakov loop = (0.000161207,-7.88344e-05)
# [2024-06-12 16:35:52] INFO: Writing conf to disk...
# [2024-06-12 16:35:52] INFO: writeconf_nersc: Writing NERSC configuration ./conf_s060t20_b0637300_a_U000864500
# [2024-06-12 16:35:55] INFO: Calculated checksum: 44f23ca1
# [2024-06-12 16:36:00] INFO: Calculated checksum: 237421e6
# [2024-06-12 16:36:00] INFO: Writing RNGSTATE file: ./rand_s060t20_b0637300_a_U000864500
# [2024-06-12 16:36:00] INFO: Writing to disk took 7.80112 seconds
# [2024-06-12 16:36:00] INFO: ======================================================================
# [2024-06-12 16:36:00] INFO: Start sweeping...
# [2024-06-12 16:43:38] INFO: It took 457.639 seconds to do 500 HBOR sweeps.
# [2024-06-12 16:43:38] INFO: Plaquette = 0.628436
# [2024-06-12 16:43:38] INFO: Polyakov loop = (4.24144e-05,0.000567637)
# [2024-06-12 16:43:38] INFO: Writing conf to disk...
# [2024-06-12 16:43:38] INFO: writeconf_nersc: Writing NERSC configuration ./conf_s060t20_b0637300_a_U000865000
# [2024-06-12 16:43:41] INFO: Calculated checksum: c292f310
# [2024-06-12 16:43:47] INFO: Calculated checksum: cf0664db
# [2024-06-12 16:43:47] INFO: Writing RNGSTATE file: ./rand_s060t20_b0637300_a_U000865000
# [2024-06-12 16:43:47] INFO: Writing to disk took 9.12236 seconds
# [2024-06-12 16:43:47] INFO: ======================================================================
# [2024-06-12 16:43:47] INFO: Start sweeping...
# [2024-06-12 16:51:24] INFO: It took 457.29 seconds to do 500 HBOR sweeps.
# [2024-06-12 16:51:24] INFO: Plaquette = 0.628453
# [2024-06-12 16:51:24] INFO: Polyakov loop = (-0.000272577,0.000783644)
# [2024-06-12 16:51:24] INFO: Writing conf to disk...
# [2024-06-12 16:51:24] INFO: writeconf_nersc: Writing NERSC configuration ./conf_s060t20_b0637300_a_U000865500
# [2024-06-12 16:51:27] INFO: Calculated checksum: 7e3e3f2a
# [2024-06-12 16:51:36] INFO: Calculated checksum: 58e5437c
# [2024-06-12 16:51:36] INFO: Writing RNGSTATE file: ./rand_s060t20_b0637300_a_U000865500
# [2024-06-12 16:51:36] INFO: Writing to disk took 12.0422 seconds
# [2024-06-12 16:51:36] INFO: ======================================================================
# [2024-06-12 16:51:36] INFO: Start sweeping...
# [2024-06-12 16:59:15] INFO: It took 458.859 seconds to do 500 HBOR sweeps.
# [2024-06-12 16:59:15] INFO: Plaquette = 0.628471
# [2024-06-12 16:59:15] INFO: Polyakov loop = (-2.22079e-05,-0.00033695)
# [2024-06-12 16:59:15] INFO: Writing conf to disk...
# [2024-06-12 16:59:15] INFO: writeconf_nersc: Writing NERSC configuration ./conf_s060t20_b0637300_a_U000866000
# [2024-06-12 16:59:18] INFO: Calculated checksum: 5e45ef4c
# [2024-06-12 16:59:31] INFO: Calculated checksum: 650eccb6
# [2024-06-12 16:59:31] INFO: Writing RNGSTATE file: ./rand_s060t20_b0637300_a_U000866000
# [2024-06-12 16:59:32] INFO: Writing to disk took 16.253 seconds
# [2024-06-12 16:59:32] INFO: ======================================================================
# [2024-06-12 16:59:32] INFO: Start sweeping...
# [2024-06-12 17:07:12] INFO: It took 460.946 seconds to do 500 HBOR sweeps.
# [2024-06-12 17:07:12] INFO: Plaquette = 0.628445
# [2024-06-12 17:07:13] INFO: Polyakov loop = (4.69041e-05,1.79717e-05)
# [2024-06-12 17:07:13] INFO: Writing conf to disk...
# [2024-06-12 17:07:13] INFO: writeconf_nersc: Writing NERSC configuration ./conf_s060t20_b0637300_a_U000866500
# [2024-06-12 17:07:15] INFO: Calculated checksum: f695818
# [2024-06-12 17:07:25] INFO: Calculated checksum: a3560f93
# [2024-06-12 17:07:25] INFO: Writing RNGSTATE file: ./rand_s060t20_b0637300_a_U000866500
# [2024-06-12 17:07:26] INFO: Writing to disk took 13.1133 seconds
# [2024-06-12 17:07:26] INFO: ======================================================================
# [2024-06-12 17:07:26] INFO: Start sweeping...
# [2024-06-12 17:15:06] INFO: It took 460.771 seconds to do 500 HBOR sweeps.
# [2024-06-12 17:15:06] INFO: Plaquette = 0.62851
# [2024-06-12 17:15:06] INFO: Polyakov loop = (0.00032288,0.000464317)
# [2024-06-12 17:15:06] INFO: Writing conf to disk...
# [2024-06-12 17:15:06] INFO: writeconf_nersc: Writing NERSC configuration ./conf_s060t20_b0637300_a_U000867000
# [2024-06-12 17:15:09] INFO: Calculated checksum: b1c7429c
# [2024-06-12 17:15:15] INFO: Calculated checksum: 8973b2c1
# [2024-06-12 17:15:15] INFO: Writing RNGSTATE file: ./rand_s060t20_b0637300_a_U000867000
# [2024-06-12 17:15:15] INFO: Writing to disk took 8.89429 seconds
# [2024-06-12 17:15:15] INFO: ======================================================================
# [2024-06-12 17:15:15] INFO: Start sweeping...
# [2024-06-12 17:22:54] INFO: It took 458.652 seconds to do 500 HBOR sweeps.
# [2024-06-12 17:22:54] INFO: Plaquette = 0.628448
# [2024-06-12 17:22:54] INFO: Polyakov loop = (0.000892618,-1.89044e-05)
# [2024-06-12 17:22:54] INFO: Writing conf to disk...
# [2024-06-12 17:22:54] INFO: writeconf_nersc: Writing NERSC configuration ./conf_s060t20_b0637300_a_U000867500
# [2024-06-12 17:22:57] INFO: Calculated checksum: 1b69c5ca
# [2024-06-12 17:23:03] INFO: Calculated checksum: cc3aba8c
# [2024-06-12 17:23:03] INFO: Writing RNGSTATE file: ./rand_s060t20_b0637300_a_U000867500
# [2024-06-12 17:23:03] INFO: Writing to disk took 8.78575 seconds
# [2024-06-12 17:23:03] INFO: ======================================================================
# [2024-06-12 17:23:03] INFO: Start sweeping...
# [2024-06-12 17:30:40] INFO: It took 457.423 seconds to do 500 HBOR sweeps.
# [2024-06-12 17:30:40] INFO: Plaquette = 0.628619
# [2024-06-12 17:30:40] INFO: Polyakov loop = (-0.00115446,0.000211728)
# [2024-06-12 17:30:40] INFO: Writing conf to disk...
# [2024-06-12 17:30:40] INFO: writeconf_nersc: Writing NERSC configuration ./conf_s060t20_b0637300_a_U000868000
# [2024-06-12 17:30:43] INFO: Calculated checksum: e915d771
# [2024-06-12 17:30:58] INFO: Calculated checksum: 2dd3cc4a
# [2024-06-12 17:30:58] INFO: Writing RNGSTATE file: ./rand_s060t20_b0637300_a_U000868000
# [2024-06-12 17:30:58] INFO: Writing to disk took 17.6983 seconds
# [2024-06-12 17:30:58] INFO: ======================================================================
# [2024-06-12 17:30:58] INFO: Start sweeping...
# [2024-06-12 17:38:39] INFO: It took 461.265 seconds to do 500 HBOR sweeps.
# [2024-06-12 17:38:39] INFO: Plaquette = 0.628505
# [2024-06-12 17:38:39] INFO: Polyakov loop = (0.000101955,0.00052843)
# [2024-06-12 17:38:39] INFO: Writing conf to disk...
# [2024-06-12 17:38:39] INFO: writeconf_nersc: Writing NERSC configuration ./conf_s060t20_b0637300_a_U000868500
# [2024-06-12 17:38:42] INFO: Calculated checksum: d2424fd7
# [2024-06-12 17:38:48] INFO: Calculated checksum: 9fbc7551
# [2024-06-12 17:38:48] INFO: Writing RNGSTATE file: ./rand_s060t20_b0637300_a_U000868500
# [2024-06-12 17:38:48] INFO: Writing to disk took 8.79632 seconds
# [2024-06-12 17:38:48] INFO: ======================================================================
# [2024-06-12 17:38:48] INFO: Start sweeping...
# [2024-06-12 17:46:26] INFO: It took 458.124 seconds to do 500 HBOR sweeps.
# [2024-06-12 17:46:26] INFO: Plaquette = 0.628424
# [2024-06-12 17:46:26] INFO: Polyakov loop = (4.23165e-05,-0.00126313)
# [2024-06-12 17:46:26] INFO: Writing conf to disk...
# [2024-06-12 17:46:26] INFO: writeconf_nersc: Writing NERSC configuration ./conf_s060t20_b0637300_a_U000869000
# [2024-06-12 17:46:29] INFO: Calculated checksum: 604bc4b1
# [2024-06-12 17:46:45] INFO: Calculated checksum: 9fb05ea8
# [2024-06-12 17:46:45] INFO: Writing RNGSTATE file: ./rand_s060t20_b0637300_a_U000869000
# [2024-06-12 17:46:45] INFO: Writing to disk took 18.4783 seconds
# [2024-06-12 17:46:45] INFO: ======================================================================
# [2024-06-12 17:46:45] INFO: Start sweeping...
# [2024-06-12 17:54:26] INFO: It took 460.927 seconds to do 500 HBOR sweeps.
# [2024-06-12 17:54:26] INFO: Plaquette = 0.62838
# [2024-06-12 17:54:26] INFO: Polyakov loop = (-0.000380004,0.000585484)
# [2024-06-12 17:54:26] INFO: Writing conf to disk...
# [2024-06-12 17:54:26] INFO: writeconf_nersc: Writing NERSC configuration ./conf_s060t20_b0637300_a_U000869500
# [2024-06-12 17:54:29] INFO: Calculated checksum: 28e8cde7
# [2024-06-12 17:54:34] INFO: Calculated checksum: 73686613
# [2024-06-12 17:54:34] INFO: Writing RNGSTATE file: ./rand_s060t20_b0637300_a_U000869500
# [2024-06-12 17:54:34] INFO: Writing to disk took 7.79693 seconds
# [2024-06-12 17:54:34] INFO: ======================================================================
# [2024-06-12 17:54:34] INFO: Start sweeping...
# [2024-06-12 18:02:11] INFO: It took 457.2 seconds to do 500 HBOR sweeps.
# [2024-06-12 18:02:11] INFO: Plaquette = 0.628428
# [2024-06-12 18:02:11] INFO: Polyakov loop = (0.000887926,0.000134009)
# [2024-06-12 18:02:11] INFO: Writing conf to disk...
# [2024-06-12 18:02:11] INFO: writeconf_nersc: Writing NERSC configuration ./conf_s060t20_b0637300_a_U000870000
# [2024-06-12 18:02:14] INFO: Calculated checksum: 67e377de
# [2024-06-12 18:02:18] INFO: Calculated checksum: 53c9c907
# [2024-06-12 18:02:18] INFO: Writing RNGSTATE file: ./rand_s060t20_b0637300_a_U000870000
# [2024-06-12 18:02:19] INFO: Writing to disk took 7.73697 seconds
# [2024-06-12 18:02:19] INFO: ======================================================================
# [2024-06-12 18:02:19] INFO: Start sweeping...
# [2024-06-12 18:09:55] INFO: It took 456.38 seconds to do 500 HBOR sweeps.
# [2024-06-12 18:09:55] INFO: Plaquette = 0.628398
# [2024-06-12 18:09:55] INFO: Polyakov loop = (-0.000678883,2.81346e-05)
# [2024-06-12 18:09:55] INFO: Writing conf to disk...
# [2024-06-12 18:09:55] INFO: writeconf_nersc: Writing NERSC configuration ./conf_s060t20_b0637300_a_U000870500
# [2024-06-12 18:09:58] INFO: Calculated checksum: a51a1bb3
# [2024-06-12 18:10:03] INFO: Calculated checksum: 2fe2521b
# [2024-06-12 18:10:03] INFO: Writing RNGSTATE file: ./rand_s060t20_b0637300_a_U000870500
# [2024-06-12 18:10:03] INFO: Writing to disk took 7.8786 seconds
# [2024-06-12 18:10:03] INFO: ======================================================================
# [2024-06-12 18:10:03] INFO: Start sweeping...
# [2024-06-12 18:17:39] INFO: It took 456.206 seconds to do 500 HBOR sweeps.
# [2024-06-12 18:17:39] INFO: Plaquette = 0.628481
# [2024-06-12 18:17:39] INFO: Polyakov loop = (-0.00077806,0.000476981)
# [2024-06-12 18:17:39] INFO: Writing conf to disk...
# [2024-06-12 18:17:39] INFO: writeconf_nersc: Writing NERSC configuration ./conf_s060t20_b0637300_a_U000871000
# [2024-06-12 18:17:42] INFO: Calculated checksum: a506b338
# [2024-06-12 18:17:47] INFO: Calculated checksum: 557406ec
# [2024-06-12 18:17:47] INFO: Writing RNGSTATE file: ./rand_s060t20_b0637300_a_U000871000
# [2024-06-12 18:17:47] INFO: Writing to disk took 7.56299 seconds
# [2024-06-12 18:17:47] INFO: ======================================================================
# [2024-06-12 18:17:47] INFO: Start sweeping...
# [2024-06-12 18:25:23] INFO: It took 455.975 seconds to do 500 HBOR sweeps.
# [2024-06-12 18:25:23] INFO: Plaquette = 0.628358
# [2024-06-12 18:25:23] INFO: Polyakov loop = (-0.00056454,0.000170209)
# [2024-06-12 18:25:23] INFO: Writing conf to disk...
# [2024-06-12 18:25:23] INFO: writeconf_nersc: Writing NERSC configuration ./conf_s060t20_b0637300_a_U000871500
# [2024-06-12 18:25:26] INFO: Calculated checksum: 10f6c889
# [2024-06-12 18:25:30] INFO: Calculated checksum: 24525bc
# [2024-06-12 18:25:30] INFO: Writing RNGSTATE file: ./rand_s060t20_b0637300_a_U000871500
# [2024-06-12 18:25:30] INFO: Writing to disk took 7.61535 seconds
# [2024-06-12 18:25:30] INFO: ======================================================================
# [2024-06-12 18:25:30] INFO: Start sweeping...
# [2024-06-12 18:33:06] INFO: It took 455.839 seconds to do 500 HBOR sweeps.
# [2024-06-12 18:33:06] INFO: Plaquette = 0.628492
# [2024-06-12 18:33:06] INFO: Polyakov loop = (0.000238145,0.000115395)
# [2024-06-12 18:33:06] INFO: Writing conf to disk...
# [2024-06-12 18:33:06] INFO: writeconf_nersc: Writing NERSC configuration ./conf_s060t20_b0637300_a_U000872000
# [2024-06-12 18:33:09] INFO: Calculated checksum: ade47935
# [2024-06-12 18:33:14] INFO: Calculated checksum: e67bae63
# [2024-06-12 18:33:14] INFO: Writing RNGSTATE file: ./rand_s060t20_b0637300_a_U000872000
# [2024-06-12 18:33:14] INFO: Writing to disk took 7.72499 seconds
# [2024-06-12 18:33:14] INFO: ======================================================================
# [2024-06-12 18:33:14] INFO: Start sweeping...
# [2024-06-12 18:40:50] INFO: It took 456.132 seconds to do 500 HBOR sweeps.
# [2024-06-12 18:40:50] INFO: Plaquette = 0.628455
# [2024-06-12 18:40:50] INFO: Polyakov loop = (0.000227042,5.36419e-05)
# [2024-06-12 18:40:50] INFO: Writing conf to disk...
# [2024-06-12 18:40:50] INFO: writeconf_nersc: Writing NERSC configuration ./conf_s060t20_b0637300_a_U000872500
# [2024-06-12 18:40:53] INFO: Calculated checksum: fcf7e055
# [2024-06-12 18:40:58] INFO: Calculated checksum: 47bd0042
# [2024-06-12 18:40:58] INFO: Writing RNGSTATE file: ./rand_s060t20_b0637300_a_U000872500
# [2024-06-12 18:40:58] INFO: Writing to disk took 7.75822 seconds
# [2024-06-12 18:40:58] INFO: ======================================================================
# [2024-06-12 18:40:58] INFO: Start sweeping...
# [2024-06-12 18:48:35] INFO: It took 456.924 seconds to do 500 HBOR sweeps.
# [2024-06-12 18:48:35] INFO: Plaquette = 0.628442
# [2024-06-12 18:48:35] INFO: Polyakov loop = (-0.000465867,-0.000410699)
# [2024-06-12 18:48:35] INFO: Writing conf to disk...
# [2024-06-12 18:48:35] INFO: writeconf_nersc: Writing NERSC configuration ./conf_s060t20_b0637300_a_U000873000
# [2024-06-12 18:48:38] INFO: Calculated checksum: f5e65b48
# [2024-06-12 18:48:43] INFO: Calculated checksum: 63dbd9b
# [2024-06-12 18:48:43] INFO: Writing RNGSTATE file: ./rand_s060t20_b0637300_a_U000873000
# [2024-06-12 18:48:43] INFO: Writing to disk took 7.83646 seconds
# [2024-06-12 18:48:43] INFO: ======================================================================
# [2024-06-12 18:48:43] INFO: Start sweeping...
# [2024-06-12 18:56:20] INFO: It took 457.089 seconds to do 500 HBOR sweeps.
# [2024-06-12 18:56:20] INFO: Plaquette = 0.628537
# [2024-06-12 18:56:20] INFO: Polyakov loop = (-0.000142766,0.000503412)
# [2024-06-12 18:56:20] INFO: Writing conf to disk...
# [2024-06-12 18:56:20] INFO: writeconf_nersc: Writing NERSC configuration ./conf_s060t20_b0637300_a_U000873500
# [2024-06-12 18:56:23] INFO: Calculated checksum: 7a66d929
# [2024-06-12 18:56:28] INFO: Calculated checksum: 7887cb97
# [2024-06-12 18:56:28] INFO: Writing RNGSTATE file: ./rand_s060t20_b0637300_a_U000873500
# [2024-06-12 18:56:28] INFO: Writing to disk took 8.0173 seconds
# [2024-06-12 18:56:28] INFO: ======================================================================
# [2024-06-12 18:56:28] INFO: Start sweeping...
# [2024-06-12 19:04:05] INFO: It took 457.383 seconds to do 500 HBOR sweeps.
# [2024-06-12 19:04:05] INFO: Plaquette = 0.628448
# [2024-06-12 19:04:05] INFO: Polyakov loop = (-0.000100089,0.000444036)
# [2024-06-12 19:04:05] INFO: Writing conf to disk...
# [2024-06-12 19:04:05] INFO: writeconf_nersc: Writing NERSC configuration ./conf_s060t20_b0637300_a_U000874000
# [2024-06-12 19:04:08] INFO: Calculated checksum: b3aa1421
# [2024-06-12 19:04:13] INFO: Calculated checksum: 89f631b4
# [2024-06-12 19:04:13] INFO: Writing RNGSTATE file: ./rand_s060t20_b0637300_a_U000874000
# [2024-06-12 19:04:14] INFO: Writing to disk took 8.12584 seconds
# [2024-06-12 19:04:14] INFO: ======================================================================
# [2024-06-12 19:04:14] INFO: Start sweeping...
# [2024-06-12 19:11:51] INFO: It took 457.485 seconds to do 500 HBOR sweeps.
# [2024-06-12 19:11:51] INFO: Plaquette = 0.628577
# [2024-06-12 19:11:51] INFO: Polyakov loop = (-0.000481528,6.30839e-05)
# [2024-06-12 19:11:51] INFO: Writing conf to disk...
# [2024-06-12 19:11:51] INFO: writeconf_nersc: Writing NERSC configuration ./conf_s060t20_b0637300_a_U000874500
# [2024-06-12 19:11:54] INFO: Calculated checksum: 931a293e
# [2024-06-12 19:12:00] INFO: Calculated checksum: fc7a9723
# [2024-06-12 19:12:00] INFO: Writing RNGSTATE file: ./rand_s060t20_b0637300_a_U000874500
# [2024-06-12 19:12:00] INFO: Writing to disk took 9.14025 seconds
# [2024-06-12 19:12:00] INFO: ======================================================================
# [2024-06-12 19:12:00] INFO: Start sweeping...
# [2024-06-12 19:19:38] INFO: It took 457.498 seconds to do 500 HBOR sweeps.
# [2024-06-12 19:19:38] INFO: Plaquette = 0.628417
# [2024-06-12 19:19:38] INFO: Polyakov loop = (0.000215953,0.000338865)
# [2024-06-12 19:19:38] INFO: Writing conf to disk...
# [2024-06-12 19:19:38] INFO: writeconf_nersc: Writing NERSC configuration ./conf_s060t20_b0637300_a_U000875000
# [2024-06-12 19:19:41] INFO: Calculated checksum: eb3bd3e2
# [2024-06-12 19:19:45] INFO: Calculated checksum: fdddd970
# [2024-06-12 19:19:45] INFO: Writing RNGSTATE file: ./rand_s060t20_b0637300_a_U000875000
# [2024-06-12 19:19:45] INFO: Writing to disk took 7.61607 seconds
# [2024-06-12 19:19:45] INFO: ======================================================================
# [2024-06-12 19:19:45] INFO: Start sweeping...
# [2024-06-12 19:27:22] INFO: It took 456.372 seconds to do 500 HBOR sweeps.
# [2024-06-12 19:27:22] INFO: Plaquette = 0.628465
# [2024-06-12 19:27:22] INFO: Polyakov loop = (-9.78709e-05,-0.00031149)
# [2024-06-12 19:27:22] INFO: Writing conf to disk...
# [2024-06-12 19:27:22] INFO: writeconf_nersc: Writing NERSC configuration ./conf_s060t20_b0637300_a_U000875500
# [2024-06-12 19:27:25] INFO: Calculated checksum: bc0482a2
# [2024-06-12 19:27:30] INFO: Calculated checksum: 5c55748c
# [2024-06-12 19:27:30] INFO: Writing RNGSTATE file: ./rand_s060t20_b0637300_a_U000875500
# [2024-06-12 19:27:30] INFO: Writing to disk took 7.84078 seconds
# [2024-06-12 19:27:30] INFO: ======================================================================
# [2024-06-12 19:27:30] INFO: Start sweeping...
# [2024-06-12 19:35:06] INFO: It took 456.034 seconds to do 500 HBOR sweeps.
# [2024-06-12 19:35:06] INFO: Plaquette = 0.62852
# [2024-06-12 19:35:06] INFO: Polyakov loop = (-6.32558e-05,0.000244301)
# [2024-06-12 19:35:06] INFO: Writing conf to disk...
# [2024-06-12 19:35:06] INFO: writeconf_nersc: Writing NERSC configuration ./conf_s060t20_b0637300_a_U000876000
# [2024-06-12 19:35:09] INFO: Calculated checksum: 4e5e4eee
# [2024-06-12 19:35:13] INFO: Calculated checksum: ae7bab99
# [2024-06-12 19:35:13] INFO: Writing RNGSTATE file: ./rand_s060t20_b0637300_a_U000876000
# [2024-06-12 19:35:13] INFO: Writing to disk took 7.57268 seconds
# [2024-06-12 19:35:13] INFO: ======================================================================
# [2024-06-12 19:35:13] INFO: Start sweeping...
# [2024-06-12 19:42:49] INFO: It took 455.762 seconds to do 500 HBOR sweeps.
# [2024-06-12 19:42:49] INFO: Plaquette = 0.628419
# [2024-06-12 19:42:49] INFO: Polyakov loop = (-0.000438967,1.50854e-06)
# [2024-06-12 19:42:49] INFO: Writing conf to disk...
# [2024-06-12 19:42:49] INFO: writeconf_nersc: Writing NERSC configuration ./conf_s060t20_b0637300_a_U000876500
# [2024-06-12 19:42:52] INFO: Calculated checksum: f6881fb0
# [2024-06-12 19:42:59] INFO: Calculated checksum: 70295bab
# [2024-06-12 19:42:59] INFO: Writing RNGSTATE file: ./rand_s060t20_b0637300_a_U000876500
# [2024-06-12 19:43:00] INFO: Writing to disk took 10.5015 seconds
# [2024-06-12 19:43:00] INFO: ======================================================================
# [2024-06-12 19:43:00] INFO: Start sweeping...
# [2024-06-12 19:50:36] INFO: It took 456.765 seconds to do 500 HBOR sweeps.
# [2024-06-12 19:50:37] INFO: Plaquette = 0.628461
# [2024-06-12 19:50:37] INFO: Polyakov loop = (-7.34728e-05,-0.00126701)
# [2024-06-12 19:50:37] INFO: Writing conf to disk...
# [2024-06-12 19:50:37] INFO: writeconf_nersc: Writing NERSC configuration ./conf_s060t20_b0637300_a_U000877000
# [2024-06-12 19:50:40] INFO: Calculated checksum: b3c29054
# [2024-06-12 19:50:46] INFO: Calculated checksum: 16018d83
# [2024-06-12 19:50:46] INFO: Writing RNGSTATE file: ./rand_s060t20_b0637300_a_U000877000
# [2024-06-12 19:50:47] INFO: Writing to disk took 10.1407 seconds
# [2024-06-12 19:50:47] INFO: ======================================================================
# [2024-06-12 19:50:47] INFO: Start sweeping...
# [2024-06-12 19:58:24] INFO: It took 457.284 seconds to do 500 HBOR sweeps.
# [2024-06-12 19:58:24] INFO: Plaquette = 0.628461
# [2024-06-12 19:58:24] INFO: Polyakov loop = (-0.000155374,0.000191003)
# [2024-06-12 19:58:24] INFO: Writing conf to disk...
# [2024-06-12 19:58:24] INFO: writeconf_nersc: Writing NERSC configuration ./conf_s060t20_b0637300_a_U000877500
# [2024-06-12 19:58:27] INFO: Calculated checksum: 7dcd4b34
# [2024-06-12 19:58:32] INFO: Calculated checksum: 68635485
# [2024-06-12 19:58:32] INFO: Writing RNGSTATE file: ./rand_s060t20_b0637300_a_U000877500
# [2024-06-12 19:58:33] INFO: Writing to disk took 8.44227 seconds
# [2024-06-12 19:58:33] INFO: ======================================================================
# [2024-06-12 19:58:33] INFO: Start sweeping...
# [2024-06-12 20:06:11] INFO: It took 458.041 seconds to do 500 HBOR sweeps.
# [2024-06-12 20:06:11] INFO: Plaquette = 0.628514
# [2024-06-12 20:06:11] INFO: Polyakov loop = (-0.000219782,0.000513311)
# [2024-06-12 20:06:11] INFO: Writing conf to disk...
# [2024-06-12 20:06:11] INFO: writeconf_nersc: Writing NERSC configuration ./conf_s060t20_b0637300_a_U000878000
# [2024-06-12 20:06:14] INFO: Calculated checksum: d7b9cc53
# [2024-06-12 20:06:18] INFO: Calculated checksum: 5e8a3a61
# [2024-06-12 20:06:18] INFO: Writing RNGSTATE file: ./rand_s060t20_b0637300_a_U000878000
# [2024-06-12 20:06:18] INFO: Writing to disk took 7.78275 seconds
# [2024-06-12 20:06:18] INFO: ======================================================================
# [2024-06-12 20:06:18] INFO: Start sweeping...
# [2024-06-12 20:13:56] INFO: It took 457.658 seconds to do 500 HBOR sweeps.
# [2024-06-12 20:13:56] INFO: Plaquette = 0.628426
# [2024-06-12 20:13:56] INFO: Polyakov loop = (8.89276e-05,0.0004953)
# [2024-06-12 20:13:56] INFO: Writing conf to disk...
# [2024-06-12 20:13:56] INFO: writeconf_nersc: Writing NERSC configuration ./conf_s060t20_b0637300_a_U000878500
# [2024-06-12 20:13:59] INFO: Calculated checksum: 98851849
# [2024-06-12 20:14:04] INFO: Calculated checksum: 3fcd7aa2
# [2024-06-12 20:14:04] INFO: Writing RNGSTATE file: ./rand_s060t20_b0637300_a_U000878500
# [2024-06-12 20:14:04] INFO: Writing to disk took 7.64993 seconds
# [2024-06-12 20:14:04] INFO: ======================================================================
# [2024-06-12 20:14:04] INFO: Start sweeping...
# [2024-06-12 20:21:39] INFO: It took 455.287 seconds to do 500 HBOR sweeps.
# [2024-06-12 20:21:39] INFO: Plaquette = 0.62845
# [2024-06-12 20:21:39] INFO: Polyakov loop = (0.000194554,2.31661e-05)
# [2024-06-12 20:21:39] INFO: Writing conf to disk...
# [2024-06-12 20:21:39] INFO: writeconf_nersc: Writing NERSC configuration ./conf_s060t20_b0637300_a_U000879000
# [2024-06-12 20:21:42] INFO: Calculated checksum: 9ac1a5a
# [2024-06-12 20:21:47] INFO: Calculated checksum: 62308584
# [2024-06-12 20:21:47] INFO: Writing RNGSTATE file: ./rand_s060t20_b0637300_a_U000879000
# [2024-06-12 20:21:47] INFO: Writing to disk took 7.77167 seconds
# [2024-06-12 20:21:47] INFO: ======================================================================
# [2024-06-12 20:21:47] INFO: Start sweeping...
# [2024-06-12 20:29:22] INFO: It took 455.214 seconds to do 500 HBOR sweeps.
# [2024-06-12 20:29:22] INFO: Plaquette = 0.628436
# [2024-06-12 20:29:22] INFO: Polyakov loop = (-0.000900529,0.000277227)
# [2024-06-12 20:29:22] INFO: Writing conf to disk...
# [2024-06-12 20:29:22] INFO: writeconf_nersc: Writing NERSC configuration ./conf_s060t20_b0637300_a_U000879500
# [2024-06-12 20:29:25] INFO: Calculated checksum: 8920f7f4
# [2024-06-12 20:29:30] INFO: Calculated checksum: 9ba0657b
# [2024-06-12 20:29:30] INFO: Writing RNGSTATE file: ./rand_s060t20_b0637300_a_U000879500
# [2024-06-12 20:29:30] INFO: Writing to disk took 7.73288 seconds
# [2024-06-12 20:29:30] INFO: ======================================================================
# [2024-06-12 20:29:30] INFO: Start sweeping...
# [2024-06-12 20:37:07] INFO: It took 457.032 seconds to do 500 HBOR sweeps.
# [2024-06-12 20:37:07] INFO: Plaquette = 0.628446
# [2024-06-12 20:37:07] INFO: Polyakov loop = (0.000377984,0.000394301)
# [2024-06-12 20:37:07] INFO: Writing conf to disk...
# [2024-06-12 20:37:07] INFO: writeconf_nersc: Writing NERSC configuration ./conf_s060t20_b0637300_a_U000880000
# [2024-06-12 20:37:10] INFO: Calculated checksum: 87c547af
# [2024-06-12 20:37:16] INFO: Calculated checksum: cea9d160
# [2024-06-12 20:37:16] INFO: Writing RNGSTATE file: ./rand_s060t20_b0637300_a_U000880000
# [2024-06-12 20:37:17] INFO: Writing to disk took 9.67676 seconds
# [2024-06-12 20:37:17] INFO: ======================================================================
# [2024-06-12 20:37:17] INFO: Start sweeping...
# [2024-06-12 20:44:55] INFO: It took 458.311 seconds to do 500 HBOR sweeps.
# [2024-06-12 20:44:55] INFO: Plaquette = 0.628419
# [2024-06-12 20:44:55] INFO: Polyakov loop = (-0.000167059,-0.000919604)
# [2024-06-12 20:44:55] INFO: Writing conf to disk...
# [2024-06-12 20:44:55] INFO: writeconf_nersc: Writing NERSC configuration ./conf_s060t20_b0637300_a_U000880500
# [2024-06-12 20:44:58] INFO: Calculated checksum: 64535d8d
# [2024-06-12 20:45:04] INFO: Calculated checksum: 885fe6c0
# [2024-06-12 20:45:04] INFO: Writing RNGSTATE file: ./rand_s060t20_b0637300_a_U000880500
# [2024-06-12 20:45:04] INFO: Writing to disk took 9.11948 seconds
# [2024-06-12 20:45:04] INFO: ======================================================================
# [2024-06-12 20:45:04] INFO: Start sweeping...
# [2024-06-12 20:52:42] INFO: It took 457.39 seconds to do 500 HBOR sweeps.
# [2024-06-12 20:52:42] INFO: Plaquette = 0.628611
# [2024-06-12 20:52:42] INFO: Polyakov loop = (0.000415412,0.000428533)
# [2024-06-12 20:52:42] INFO: Writing conf to disk...
# [2024-06-12 20:52:42] INFO: writeconf_nersc: Writing NERSC configuration ./conf_s060t20_b0637300_a_U000881000
# [2024-06-12 20:52:44] INFO: Calculated checksum: 560011e0
# [2024-06-12 20:52:50] INFO: Calculated checksum: f32fa4a7
# [2024-06-12 20:52:50] INFO: Writing RNGSTATE file: ./rand_s060t20_b0637300_a_U000881000
# [2024-06-12 20:52:50] INFO: Writing to disk took 8.14034 seconds
# [2024-06-12 20:52:50] INFO: ======================================================================
# [2024-06-12 20:52:50] INFO: Start sweeping...
# [2024-06-12 21:00:25] INFO: It took 455.308 seconds to do 500 HBOR sweeps.
# [2024-06-12 21:00:25] INFO: Plaquette = 0.628482
# [2024-06-12 21:00:25] INFO: Polyakov loop = (0.000199313,0.000232712)
# [2024-06-12 21:00:25] INFO: Writing conf to disk...
# [2024-06-12 21:00:25] INFO: writeconf_nersc: Writing NERSC configuration ./conf_s060t20_b0637300_a_U000881500
# [2024-06-12 21:00:28] INFO: Calculated checksum: 580127b5
# [2024-06-12 21:00:32] INFO: Calculated checksum: d557c138
# [2024-06-12 21:00:32] INFO: Writing RNGSTATE file: ./rand_s060t20_b0637300_a_U000881500
# [2024-06-12 21:00:32] INFO: Writing to disk took 7.22482 seconds
# [2024-06-12 21:00:32] INFO: ======================================================================
# [2024-06-12 21:00:32] INFO: Start sweeping...
# [2024-06-12 21:08:07] INFO: It took 455.056 seconds to do 500 HBOR sweeps.
# [2024-06-12 21:08:07] INFO: Plaquette = 0.628557
# [2024-06-12 21:08:07] INFO: Polyakov loop = (-2.69276e-05,0.000928562)
# [2024-06-12 21:08:07] INFO: Writing conf to disk...
# [2024-06-12 21:08:07] INFO: writeconf_nersc: Writing NERSC configuration ./conf_s060t20_b0637300_a_U000882000
# [2024-06-12 21:08:10] INFO: Calculated checksum: ea870cbd
# [2024-06-12 21:08:16] INFO: Calculated checksum: c98426aa
# [2024-06-12 21:08:16] INFO: Writing RNGSTATE file: ./rand_s060t20_b0637300_a_U000882000
# [2024-06-12 21:08:16] INFO: Writing to disk took 8.68308 seconds
# [2024-06-12 21:08:16] INFO: ======================================================================
# [2024-06-12 21:08:16] INFO: Start sweeping...
# [2024-06-12 21:15:53] INFO: It took 456.5 seconds to do 500 HBOR sweeps.
# [2024-06-12 21:15:53] INFO: Plaquette = 0.628412
# [2024-06-12 21:15:53] INFO: Polyakov loop = (0.000140978,0.000191578)
# [2024-06-12 21:15:53] INFO: Writing conf to disk...
# [2024-06-12 21:15:53] INFO: writeconf_nersc: Writing NERSC configuration ./conf_s060t20_b0637300_a_U000882500
# [2024-06-12 21:15:56] INFO: Calculated checksum: 1e8c59fc
# [2024-06-12 21:16:00] INFO: Calculated checksum: 6d33ee80
# [2024-06-12 21:16:00] INFO: Writing RNGSTATE file: ./rand_s060t20_b0637300_a_U000882500
# [2024-06-12 21:16:00] INFO: Writing to disk took 7.77561 seconds
# [2024-06-12 21:16:00] INFO: ======================================================================
# [2024-06-12 21:16:00] INFO: Start sweeping...
# [2024-06-12 21:23:38] INFO: It took 457.165 seconds to do 500 HBOR sweeps.
# [2024-06-12 21:23:38] INFO: Plaquette = 0.628416
# [2024-06-12 21:23:38] INFO: Polyakov loop = (-0.000131097,0.000317716)
# [2024-06-12 21:23:38] INFO: Writing conf to disk...
# [2024-06-12 21:23:38] INFO: writeconf_nersc: Writing NERSC configuration ./conf_s060t20_b0637300_a_U000883000
# [2024-06-12 21:23:41] INFO: Calculated checksum: 3b4bf404
# [2024-06-12 21:23:45] INFO: Calculated checksum: 9168eeda
# [2024-06-12 21:23:45] INFO: Writing RNGSTATE file: ./rand_s060t20_b0637300_a_U000883000
# [2024-06-12 21:23:45] INFO: Writing to disk took 7.58617 seconds
# [2024-06-12 21:23:45] INFO: ======================================================================
# [2024-06-12 21:23:45] INFO: Start sweeping...
# [2024-06-12 21:31:23] INFO: It took 457.219 seconds to do 500 HBOR sweeps.
# [2024-06-12 21:31:23] INFO: Plaquette = 0.62841
# [2024-06-12 21:31:23] INFO: Polyakov loop = (-0.000245803,-0.000744607)
# [2024-06-12 21:31:23] INFO: Writing conf to disk...
# [2024-06-12 21:31:23] INFO: writeconf_nersc: Writing NERSC configuration ./conf_s060t20_b0637300_a_U000883500
# [2024-06-12 21:31:26] INFO: Calculated checksum: 6dcad4e4
# [2024-06-12 21:31:31] INFO: Calculated checksum: ad4d1a7e
# [2024-06-12 21:31:31] INFO: Writing RNGSTATE file: ./rand_s060t20_b0637300_a_U000883500
# [2024-06-12 21:31:31] INFO: Writing to disk took 8.66971 seconds
# [2024-06-12 21:31:31] INFO: ======================================================================
# [2024-06-12 21:31:31] INFO: Start sweeping...
# [2024-06-12 21:39:08] INFO: It took 456.701 seconds to do 500 HBOR sweeps.
# [2024-06-12 21:39:08] INFO: Plaquette = 0.628442
# [2024-06-12 21:39:08] INFO: Polyakov loop = (-2.83456e-05,-0.000250251)
# [2024-06-12 21:39:08] INFO: Writing conf to disk...
# [2024-06-12 21:39:08] INFO: writeconf_nersc: Writing NERSC configuration ./conf_s060t20_b0637300_a_U000884000
# [2024-06-12 21:39:11] INFO: Calculated checksum: c18b9176
# [2024-06-12 21:39:16] INFO: Calculated checksum: a541758c
# [2024-06-12 21:39:16] INFO: Writing RNGSTATE file: ./rand_s060t20_b0637300_a_U000884000
# [2024-06-12 21:39:16] INFO: Writing to disk took 7.65581 seconds
# [2024-06-12 21:39:16] INFO: ======================================================================
# [2024-06-12 21:39:16] INFO: Start sweeping...
# [2024-06-12 21:46:52] INFO: It took 455.998 seconds to do 500 HBOR sweeps.
# [2024-06-12 21:46:52] INFO: Plaquette = 0.62852
# [2024-06-12 21:46:52] INFO: Polyakov loop = (0.00056854,-0.000971743)
# [2024-06-12 21:46:52] INFO: Writing conf to disk...
# [2024-06-12 21:46:52] INFO: writeconf_nersc: Writing NERSC configuration ./conf_s060t20_b0637300_a_U000884500
# [2024-06-12 21:46:55] INFO: Calculated checksum: b267746
# [2024-06-12 21:46:59] INFO: Calculated checksum: d953ae57
# [2024-06-12 21:46:59] INFO: Writing RNGSTATE file: ./rand_s060t20_b0637300_a_U000884500
# [2024-06-12 21:46:59] INFO: Writing to disk took 7.62787 seconds
# [2024-06-12 21:46:59] INFO: ======================================================================
# [2024-06-12 21:46:59] INFO: Start sweeping...
# [2024-06-12 21:54:35] INFO: It took 455.862 seconds to do 500 HBOR sweeps.
# [2024-06-12 21:54:35] INFO: Plaquette = 0.628455
# [2024-06-12 21:54:35] INFO: Polyakov loop = (0.000508932,-0.000117781)
# [2024-06-12 21:54:35] INFO: Writing conf to disk...
# [2024-06-12 21:54:35] INFO: writeconf_nersc: Writing NERSC configuration ./conf_s060t20_b0637300_a_U000885000
# [2024-06-12 21:54:38] INFO: Calculated checksum: e9d48e06
# [2024-06-12 21:54:44] INFO: Calculated checksum: ddebb4c8
# [2024-06-12 21:54:44] INFO: Writing RNGSTATE file: ./rand_s060t20_b0637300_a_U000885000
# [2024-06-12 21:54:44] INFO: Writing to disk took 8.68886 seconds
# [2024-06-12 21:54:44] INFO: ======================================================================
# [2024-06-12 21:54:44] INFO: Start sweeping...
# [2024-06-12 22:02:20] INFO: It took 456.18 seconds to do 500 HBOR sweeps.
# [2024-06-12 22:02:20] INFO: Plaquette = 0.628394
# [2024-06-12 22:02:20] INFO: Polyakov loop = (-0.000163081,0.000762423)
# [2024-06-12 22:02:20] INFO: Writing conf to disk...
# [2024-06-12 22:02:20] INFO: writeconf_nersc: Writing NERSC configuration ./conf_s060t20_b0637300_a_U000885500
# [2024-06-12 22:02:23] INFO: Calculated checksum: 59875cb8
# [2024-06-12 22:02:28] INFO: Calculated checksum: a09b33b3
# [2024-06-12 22:02:28] INFO: Writing RNGSTATE file: ./rand_s060t20_b0637300_a_U000885500
# [2024-06-12 22:02:29] INFO: Writing to disk took 8.21769 seconds
# [2024-06-12 22:02:29] INFO: ======================================================================
# [2024-06-12 22:02:29] INFO: Start sweeping...
# [2024-06-12 22:10:04] INFO: It took 455.786 seconds to do 500 HBOR sweeps.
# [2024-06-12 22:10:04] INFO: Plaquette = 0.628527
# [2024-06-12 22:10:04] INFO: Polyakov loop = (-0.000854281,-2.98735e-05)
# [2024-06-12 22:10:04] INFO: Writing conf to disk...
# [2024-06-12 22:10:04] INFO: writeconf_nersc: Writing NERSC configuration ./conf_s060t20_b0637300_a_U000886000
# [2024-06-12 22:10:07] INFO: Calculated checksum: 6972d8b0
# [2024-06-12 22:10:11] INFO: Calculated checksum: 6fe119c2
# [2024-06-12 22:10:11] INFO: Writing RNGSTATE file: ./rand_s060t20_b0637300_a_U000886000
# [2024-06-12 22:10:12] INFO: Writing to disk took 7.20937 seconds
# [2024-06-12 22:10:12] INFO: ======================================================================
# [2024-06-12 22:10:12] INFO: Start sweeping...
# [2024-06-12 22:17:48] INFO: It took 455.989 seconds to do 500 HBOR sweeps.
# [2024-06-12 22:17:48] INFO: Plaquette = 0.628593
# [2024-06-12 22:17:48] INFO: Polyakov loop = (0.000408042,0.000225336)
# [2024-06-12 22:17:48] INFO: Writing conf to disk...
# [2024-06-12 22:17:48] INFO: writeconf_nersc: Writing NERSC configuration ./conf_s060t20_b0637300_a_U000886500
# [2024-06-12 22:17:50] INFO: Calculated checksum: 26091ccc
# [2024-06-12 22:17:55] INFO: Calculated checksum: e77f0a6c
# [2024-06-12 22:17:55] INFO: Writing RNGSTATE file: ./rand_s060t20_b0637300_a_U000886500
# [2024-06-12 22:17:55] INFO: Writing to disk took 7.63026 seconds
# [2024-06-12 22:17:55] INFO: ======================================================================
# [2024-06-12 22:17:55] INFO: Start sweeping...
# [2024-06-12 22:25:31] INFO: It took 455.634 seconds to do 500 HBOR sweeps.
# [2024-06-12 22:25:31] INFO: Plaquette = 0.628492
# [2024-06-12 22:25:31] INFO: Polyakov loop = (0.000265594,-0.000315411)
# [2024-06-12 22:25:31] INFO: Writing conf to disk...
# [2024-06-12 22:25:31] INFO: writeconf_nersc: Writing NERSC configuration ./conf_s060t20_b0637300_a_U000887000
# [2024-06-12 22:25:34] INFO: Calculated checksum: eeef7d27
# [2024-06-12 22:25:40] INFO: Calculated checksum: 3fb3573d
# [2024-06-12 22:25:40] INFO: Writing RNGSTATE file: ./rand_s060t20_b0637300_a_U000887000
# [2024-06-12 22:25:40] INFO: Writing to disk took 9.00549 seconds
# [2024-06-12 22:25:40] INFO: ======================================================================
# [2024-06-12 22:25:40] INFO: Start sweeping...
# [2024-06-12 22:33:16] INFO: It took 455.995 seconds to do 500 HBOR sweeps.
# [2024-06-12 22:33:16] INFO: Plaquette = 0.62849
# [2024-06-12 22:33:16] INFO: Polyakov loop = (0.00133983,-2.35033e-06)
# [2024-06-12 22:33:16] INFO: Writing conf to disk...
# [2024-06-12 22:33:16] INFO: writeconf_nersc: Writing NERSC configuration ./conf_s060t20_b0637300_a_U000887500
# [2024-06-12 22:33:19] INFO: Calculated checksum: 31c08dd7
# [2024-06-12 22:33:30] INFO: Calculated checksum: 50c878fb
# [2024-06-12 22:33:30] INFO: Writing RNGSTATE file: ./rand_s060t20_b0637300_a_U000887500
# [2024-06-12 22:33:31] INFO: Writing to disk took 15.2075 seconds
# [2024-06-12 22:33:31] INFO: ======================================================================
# [2024-06-12 22:33:31] INFO: Start sweeping...
# [2024-06-12 22:41:11] INFO: It took 460.059 seconds to do 500 HBOR sweeps.
# [2024-06-12 22:41:11] INFO: Plaquette = 0.628437
# [2024-06-12 22:41:11] INFO: Polyakov loop = (-0.000389025,0.000291137)
# [2024-06-12 22:41:11] INFO: Writing conf to disk...
# [2024-06-12 22:41:11] INFO: writeconf_nersc: Writing NERSC configuration ./conf_s060t20_b0637300_a_U000888000
# [2024-06-12 22:41:14] INFO: Calculated checksum: ce0936a8
# [2024-06-12 22:41:19] INFO: Calculated checksum: bb0f336d
# [2024-06-12 22:41:19] INFO: Writing RNGSTATE file: ./rand_s060t20_b0637300_a_U000888000
# [2024-06-12 22:41:19] INFO: Writing to disk took 7.6306 seconds
# [2024-06-12 22:41:19] INFO: ======================================================================
# [2024-06-12 22:41:19] INFO: Start sweeping...
# [2024-06-12 22:48:56] INFO: It took 457.317 seconds to do 500 HBOR sweeps.
# [2024-06-12 22:48:56] INFO: Plaquette = 0.628506
# [2024-06-12 22:48:56] INFO: Polyakov loop = (0.000578489,-0.00101345)
# [2024-06-12 22:48:56] INFO: Writing conf to disk...
# [2024-06-12 22:48:56] INFO: writeconf_nersc: Writing NERSC configuration ./conf_s060t20_b0637300_a_U000888500
# [2024-06-12 22:48:59] INFO: Calculated checksum: ddbc4bb9
# [2024-06-12 22:49:04] INFO: Calculated checksum: 5a4a03f7
# [2024-06-12 22:49:04] INFO: Writing RNGSTATE file: ./rand_s060t20_b0637300_a_U000888500
# [2024-06-12 22:49:04] INFO: Writing to disk took 7.62645 seconds
# [2024-06-12 22:49:04] INFO: ======================================================================
# [2024-06-12 22:49:04] INFO: Start sweeping...
# [2024-06-12 22:56:41] INFO: It took 456.665 seconds to do 500 HBOR sweeps.
# [2024-06-12 22:56:41] INFO: Plaquette = 0.628406
# [2024-06-12 22:56:41] INFO: Polyakov loop = (0.000402807,0.000224787)
# [2024-06-12 22:56:41] INFO: Writing conf to disk...
# [2024-06-12 22:56:41] INFO: writeconf_nersc: Writing NERSC configuration ./conf_s060t20_b0637300_a_U000889000
# [2024-06-12 22:56:44] INFO: Calculated checksum: 244e766f
# [2024-06-12 22:56:49] INFO: Calculated checksum: 4ac3a8ab
# [2024-06-12 22:56:49] INFO: Writing RNGSTATE file: ./rand_s060t20_b0637300_a_U000889000
# [2024-06-12 22:56:49] INFO: Writing to disk took 8.56455 seconds
# [2024-06-12 22:56:49] INFO: ======================================================================
# [2024-06-12 22:56:49] INFO: Start sweeping...
# [2024-06-12 23:04:26] INFO: It took 457.071 seconds to do 500 HBOR sweeps.
# [2024-06-12 23:04:26] INFO: Plaquette = 0.62852
# [2024-06-12 23:04:26] INFO: Polyakov loop = (-0.000385854,0.000754686)
# [2024-06-12 23:04:26] INFO: Writing conf to disk...
# [2024-06-12 23:04:26] INFO: writeconf_nersc: Writing NERSC configuration ./conf_s060t20_b0637300_a_U000889500
# [2024-06-12 23:04:29] INFO: Calculated checksum: 17a2e397
# [2024-06-12 23:04:34] INFO: Calculated checksum: fa562150
# [2024-06-12 23:04:34] INFO: Writing RNGSTATE file: ./rand_s060t20_b0637300_a_U000889500
# [2024-06-12 23:04:34] INFO: Writing to disk took 7.64172 seconds
# [2024-06-12 23:04:34] INFO: ======================================================================
# [2024-06-12 23:04:34] INFO: Start sweeping...
# [2024-06-12 23:12:10] INFO: It took 456.409 seconds to do 500 HBOR sweeps.
# [2024-06-12 23:12:10] INFO: Plaquette = 0.628454
# [2024-06-12 23:12:10] INFO: Polyakov loop = (-0.000273697,5.17292e-06)
# [2024-06-12 23:12:10] INFO: Writing conf to disk...
# [2024-06-12 23:12:10] INFO: writeconf_nersc: Writing NERSC configuration ./conf_s060t20_b0637300_a_U000890000
# [2024-06-12 23:12:13] INFO: Calculated checksum: 32b0b46e
# [2024-06-12 23:12:18] INFO: Calculated checksum: fe35e96a
# [2024-06-12 23:12:18] INFO: Writing RNGSTATE file: ./rand_s060t20_b0637300_a_U000890000
# [2024-06-12 23:12:18] INFO: Writing to disk took 7.75911 seconds
# [2024-06-12 23:12:18] INFO: ======================================================================
# [2024-06-12 23:12:18] INFO: Start sweeping...
# [2024-06-12 23:19:55] INFO: It took 456.244 seconds to do 500 HBOR sweeps.
# [2024-06-12 23:19:55] INFO: Plaquette = 0.628557
# [2024-06-12 23:19:55] INFO: Polyakov loop = (0.000238174,-0.000288085)
# [2024-06-12 23:19:55] INFO: Writing conf to disk...
# [2024-06-12 23:19:55] INFO: writeconf_nersc: Writing NERSC configuration ./conf_s060t20_b0637300_a_U000890500
# [2024-06-12 23:19:57] INFO: Calculated checksum: 91c5d5af
# [2024-06-12 23:20:02] INFO: Calculated checksum: 54bbefe
# [2024-06-12 23:20:03] INFO: Writing RNGSTATE file: ./rand_s060t20_b0637300_a_U000890500
# [2024-06-12 23:20:03] INFO: Writing to disk took 8.56429 seconds
# [2024-06-12 23:20:03] INFO: ======================================================================
# [2024-06-12 23:20:03] INFO: Start sweeping...
# [2024-06-12 23:27:40] INFO: It took 456.471 seconds to do 500 HBOR sweeps.
# [2024-06-12 23:27:40] INFO: Plaquette = 0.628438
# [2024-06-12 23:27:40] INFO: Polyakov loop = (-0.000501314,0.000147518)
# [2024-06-12 23:27:40] INFO: Writing conf to disk...
# [2024-06-12 23:27:40] INFO: writeconf_nersc: Writing NERSC configuration ./conf_s060t20_b0637300_a_U000891000
# [2024-06-12 23:27:43] INFO: Calculated checksum: 228bec44
# [2024-06-12 23:27:48] INFO: Calculated checksum: 172cb826
# [2024-06-12 23:27:48] INFO: Writing RNGSTATE file: ./rand_s060t20_b0637300_a_U000891000
# [2024-06-12 23:27:49] INFO: Writing to disk took 8.9502 seconds
# [2024-06-12 23:27:49] INFO: ======================================================================
# [2024-06-12 23:27:49] INFO: Start sweeping...
# [2024-06-12 23:35:25] INFO: It took 456.562 seconds to do 500 HBOR sweeps.
# [2024-06-12 23:35:25] INFO: Plaquette = 0.62846
# [2024-06-12 23:35:25] INFO: Polyakov loop = (-0.000543103,-0.000567544)
# [2024-06-12 23:35:25] INFO: Writing conf to disk...
# [2024-06-12 23:35:25] INFO: writeconf_nersc: Writing NERSC configuration ./conf_s060t20_b0637300_a_U000891500
# [2024-06-12 23:35:28] INFO: Calculated checksum: ec65f239
# [2024-06-12 23:35:33] INFO: Calculated checksum: de7cda7c
# [2024-06-12 23:35:33] INFO: Writing RNGSTATE file: ./rand_s060t20_b0637300_a_U000891500
# [2024-06-12 23:35:34] INFO: Writing to disk took 8.12669 seconds
# [2024-06-12 23:35:34] INFO: ======================================================================
# [2024-06-12 23:35:34] INFO: Start sweeping...
# [2024-06-12 23:43:10] INFO: It took 456.242 seconds to do 500 HBOR sweeps.
# [2024-06-12 23:43:10] INFO: Plaquette = 0.628474
# [2024-06-12 23:43:10] INFO: Polyakov loop = (1.26645e-05,-0.00012256)
# [2024-06-12 23:43:10] INFO: Writing conf to disk...
# [2024-06-12 23:43:10] INFO: writeconf_nersc: Writing NERSC configuration ./conf_s060t20_b0637300_a_U000892000
# [2024-06-12 23:43:13] INFO: Calculated checksum: bb9c8833
# [2024-06-12 23:43:17] INFO: Calculated checksum: f19121b
# [2024-06-12 23:43:17] INFO: Writing RNGSTATE file: ./rand_s060t20_b0637300_a_U000892000
# [2024-06-12 23:43:18] INFO: Writing to disk took 7.6755 seconds
# [2024-06-12 23:43:18] INFO: ======================================================================
# [2024-06-12 23:43:18] INFO: Start sweeping...
# [2024-06-12 23:50:54] INFO: It took 456.721 seconds to do 500 HBOR sweeps.
# [2024-06-12 23:50:54] INFO: Plaquette = 0.628576
# [2024-06-12 23:50:54] INFO: Polyakov loop = (-0.000819235,0.000298438)
# [2024-06-12 23:50:54] INFO: Writing conf to disk...
# [2024-06-12 23:50:54] INFO: writeconf_nersc: Writing NERSC configuration ./conf_s060t20_b0637300_a_U000892500
# [2024-06-12 23:50:57] INFO: Calculated checksum: c3414bd3
# [2024-06-12 23:51:06] INFO: Calculated checksum: 439c8e6d
# [2024-06-12 23:51:06] INFO: Writing RNGSTATE file: ./rand_s060t20_b0637300_a_U000892500
# [2024-06-12 23:51:06] INFO: Writing to disk took 11.5951 seconds
# [2024-06-12 23:51:06] INFO: ======================================================================
# [2024-06-12 23:51:06] INFO: Start sweeping...
# [2024-06-12 23:58:43] INFO: It took 457.431 seconds to do 500 HBOR sweeps.
# [2024-06-12 23:58:43] INFO: Plaquette = 0.628527
# [2024-06-12 23:58:43] INFO: Polyakov loop = (-0.00074857,-0.000631029)
# [2024-06-12 23:58:43] INFO: Writing conf to disk...
# [2024-06-12 23:58:43] INFO: writeconf_nersc: Writing NERSC configuration ./conf_s060t20_b0637300_a_U000893000
# [2024-06-12 23:58:46] INFO: Calculated checksum: 8f0ea377
# [2024-06-12 23:58:52] INFO: Calculated checksum: 20bcf368
# [2024-06-12 23:58:52] INFO: Writing RNGSTATE file: ./rand_s060t20_b0637300_a_U000893000
# [2024-06-12 23:58:52] INFO: Writing to disk took 8.43458 seconds
# [2024-06-12 23:58:52] INFO: ======================================================================
# [2024-06-12 23:58:52] INFO: Start sweeping...
# [2024-06-13 00:06:28] INFO: It took 455.764 seconds to do 500 HBOR sweeps.
# [2024-06-13 00:06:28] INFO: Plaquette = 0.628396
# [2024-06-13 00:06:28] INFO: Polyakov loop = (-0.000230753,-4.94535e-05)
# [2024-06-13 00:06:28] INFO: Writing conf to disk...
# [2024-06-13 00:06:28] INFO: writeconf_nersc: Writing NERSC configuration ./conf_s060t20_b0637300_a_U000893500
# [2024-06-13 00:06:31] INFO: Calculated checksum: ad60d489
# [2024-06-13 00:06:35] INFO: Calculated checksum: a874d1e8
# [2024-06-13 00:06:35] INFO: Writing RNGSTATE file: ./rand_s060t20_b0637300_a_U000893500
# [2024-06-13 00:06:36] INFO: Writing to disk took 7.88736 seconds
# [2024-06-13 00:06:36] INFO: ======================================================================
# [2024-06-13 00:06:36] INFO: Start sweeping...
# [2024-06-13 00:14:11] INFO: It took 455.076 seconds to do 500 HBOR sweeps.
# [2024-06-13 00:14:11] INFO: Plaquette = 0.628383
# [2024-06-13 00:14:11] INFO: Polyakov loop = (-0.00049956,-0.000126926)
# [2024-06-13 00:14:11] INFO: Writing conf to disk...
# [2024-06-13 00:14:11] INFO: writeconf_nersc: Writing NERSC configuration ./conf_s060t20_b0637300_a_U000894000
# [2024-06-13 00:14:14] INFO: Calculated checksum: 68b159c
# [2024-06-13 00:14:18] INFO: Calculated checksum: d9b2bdbc
# [2024-06-13 00:14:18] INFO: Writing RNGSTATE file: ./rand_s060t20_b0637300_a_U000894000
# [2024-06-13 00:14:18] INFO: Writing to disk took 7.61547 seconds
# [2024-06-13 00:14:18] INFO: ======================================================================
# [2024-06-13 00:14:18] INFO: Start sweeping...
# [2024-06-13 00:21:53] INFO: It took 454.765 seconds to do 500 HBOR sweeps.
# [2024-06-13 00:21:53] INFO: Plaquette = 0.628447
# [2024-06-13 00:21:53] INFO: Polyakov loop = (-0.000577037,-0.000495711)
# [2024-06-13 00:21:53] INFO: Writing conf to disk...
# [2024-06-13 00:21:53] INFO: writeconf_nersc: Writing NERSC configuration ./conf_s060t20_b0637300_a_U000894500
# [2024-06-13 00:21:56] INFO: Calculated checksum: 2f73c705
# [2024-06-13 00:22:01] INFO: Calculated checksum: 9659eb9
# [2024-06-13 00:22:01] INFO: Writing RNGSTATE file: ./rand_s060t20_b0637300_a_U000894500
# [2024-06-13 00:22:01] INFO: Writing to disk took 8.23222 seconds
# [2024-06-13 00:22:01] INFO: ======================================================================
# [2024-06-13 00:22:01] INFO: Start sweeping...
# [2024-06-13 00:29:36] INFO: It took 454.929 seconds to do 500 HBOR sweeps.
# [2024-06-13 00:29:36] INFO: Plaquette = 0.628392
# [2024-06-13 00:29:36] INFO: Polyakov loop = (-0.00104481,-0.00110126)
# [2024-06-13 00:29:36] INFO: Writing conf to disk...
# [2024-06-13 00:29:36] INFO: writeconf_nersc: Writing NERSC configuration ./conf_s060t20_b0637300_a_U000895000
# [2024-06-13 00:29:39] INFO: Calculated checksum: f75df748
# [2024-06-13 00:29:46] INFO: Calculated checksum: 710e4893
# [2024-06-13 00:29:46] INFO: Writing RNGSTATE file: ./rand_s060t20_b0637300_a_U000895000
# [2024-06-13 00:29:47] INFO: Writing to disk took 10.1493 seconds
# [2024-06-13 00:29:47] INFO: ======================================================================
# [2024-06-13 00:29:47] INFO: Start sweeping...
# [2024-06-13 00:37:22] INFO: It took 455.901 seconds to do 500 HBOR sweeps.
# [2024-06-13 00:37:23] INFO: Plaquette = 0.628428
# [2024-06-13 00:37:23] INFO: Polyakov loop = (0.000127092,-0.000224184)
# [2024-06-13 00:37:23] INFO: Writing conf to disk...
# [2024-06-13 00:37:23] INFO: writeconf_nersc: Writing NERSC configuration ./conf_s060t20_b0637300_a_U000895500
# [2024-06-13 00:37:25] INFO: Calculated checksum: 794a9bd5
# [2024-06-13 00:37:30] INFO: Calculated checksum: a6103b66
# [2024-06-13 00:37:30] INFO: Writing RNGSTATE file: ./rand_s060t20_b0637300_a_U000895500
# [2024-06-13 00:37:30] INFO: Writing to disk took 7.55062 seconds
# [2024-06-13 00:37:30] INFO: ======================================================================
# [2024-06-13 00:37:30] INFO: Start sweeping...
# [2024-06-13 00:45:05] INFO: It took 455.097 seconds to do 500 HBOR sweeps.
# [2024-06-13 00:45:05] INFO: Plaquette = 0.628378
# [2024-06-13 00:45:05] INFO: Polyakov loop = (0.000422066,0.000290519)
# [2024-06-13 00:45:05] INFO: Writing conf to disk...
# [2024-06-13 00:45:05] INFO: writeconf_nersc: Writing NERSC configuration ./conf_s060t20_b0637300_a_U000896000
# [2024-06-13 00:45:08] INFO: Calculated checksum: b18e47d3
# [2024-06-13 00:45:13] INFO: Calculated checksum: 6e6af393
# [2024-06-13 00:45:13] INFO: Writing RNGSTATE file: ./rand_s060t20_b0637300_a_U000896000
# [2024-06-13 00:45:13] INFO: Writing to disk took 7.76971 seconds
# [2024-06-13 00:45:13] INFO: ======================================================================
# [2024-06-13 00:45:13] INFO: Start sweeping...
# [2024-06-13 00:52:48] INFO: It took 455.475 seconds to do 500 HBOR sweeps.
# [2024-06-13 00:52:49] INFO: Plaquette = 0.628506
# [2024-06-13 00:52:49] INFO: Polyakov loop = (-7.68384e-05,0.000868973)
# [2024-06-13 00:52:49] INFO: Writing conf to disk...
# [2024-06-13 00:52:49] INFO: writeconf_nersc: Writing NERSC configuration ./conf_s060t20_b0637300_a_U000896500
# [2024-06-13 00:52:51] INFO: Calculated checksum: 10295909
# [2024-06-13 00:52:56] INFO: Calculated checksum: d4920c0f
# [2024-06-13 00:52:56] INFO: Writing RNGSTATE file: ./rand_s060t20_b0637300_a_U000896500
# [2024-06-13 00:52:56] INFO: Writing to disk took 7.65076 seconds
# [2024-06-13 00:52:56] INFO: ======================================================================
# [2024-06-13 00:52:56] INFO: Start sweeping...
# [2024-06-13 01:00:31] INFO: It took 455.322 seconds to do 500 HBOR sweeps.
# [2024-06-13 01:00:32] INFO: Plaquette = 0.628527
# [2024-06-13 01:00:32] INFO: Polyakov loop = (-6.85022e-05,-0.000120392)
# [2024-06-13 01:00:32] INFO: Writing conf to disk...
# [2024-06-13 01:00:32] INFO: writeconf_nersc: Writing NERSC configuration ./conf_s060t20_b0637300_a_U000897000
# [2024-06-13 01:00:34] INFO: Calculated checksum: 1837e76e
# [2024-06-13 01:00:39] INFO: Calculated checksum: f55b2427
# [2024-06-13 01:00:39] INFO: Writing RNGSTATE file: ./rand_s060t20_b0637300_a_U000897000
# [2024-06-13 01:00:39] INFO: Writing to disk took 7.71347 seconds
# [2024-06-13 01:00:39] INFO: ======================================================================
# [2024-06-13 01:00:39] INFO: Start sweeping...
# [2024-06-13 01:08:14] INFO: It took 454.549 seconds to do 500 HBOR sweeps.
# [2024-06-13 01:08:14] INFO: Plaquette = 0.628485
# [2024-06-13 01:08:14] INFO: Polyakov loop = (-0.000564851,-0.000241383)
# [2024-06-13 01:08:14] INFO: Writing conf to disk...
# [2024-06-13 01:08:14] INFO: writeconf_nersc: Writing NERSC configuration ./conf_s060t20_b0637300_a_U000897500
# [2024-06-13 01:08:17] INFO: Calculated checksum: c4e01a48
# [2024-06-13 01:08:22] INFO: Calculated checksum: 1be87fdc
# [2024-06-13 01:08:22] INFO: Writing RNGSTATE file: ./rand_s060t20_b0637300_a_U000897500
# [2024-06-13 01:08:23] INFO: Writing to disk took 9.06695 seconds
# [2024-06-13 01:08:23] INFO: ======================================================================
# [2024-06-13 01:08:23] INFO: Start sweeping...
# [2024-06-13 01:15:58] INFO: It took 454.882 seconds to do 500 HBOR sweeps.
# [2024-06-13 01:15:58] INFO: Plaquette = 0.628461
# [2024-06-13 01:15:58] INFO: Polyakov loop = (0.000165516,3.8148e-06)
# [2024-06-13 01:15:58] INFO: Writing conf to disk...
# [2024-06-13 01:15:58] INFO: writeconf_nersc: Writing NERSC configuration ./conf_s060t20_b0637300_a_U000898000
# [2024-06-13 01:16:01] INFO: Calculated checksum: e17d92f4
# [2024-06-13 01:16:13] INFO: Calculated checksum: d61582ee
# [2024-06-13 01:16:13] INFO: Writing RNGSTATE file: ./rand_s060t20_b0637300_a_U000898000
# [2024-06-13 01:16:13] INFO: Writing to disk took 15.1666 seconds
# [2024-06-13 01:16:13] INFO: ======================================================================
# [2024-06-13 01:16:13] INFO: Start sweeping...
# [2024-06-13 01:23:51] INFO: It took 458.243 seconds to do 500 HBOR sweeps.
# [2024-06-13 01:23:51] INFO: Plaquette = 0.628489
# [2024-06-13 01:23:51] INFO: Polyakov loop = (-0.000245297,-1.62804e-05)
# [2024-06-13 01:23:51] INFO: Writing conf to disk...
# [2024-06-13 01:23:51] INFO: writeconf_nersc: Writing NERSC configuration ./conf_s060t20_b0637300_a_U000898500
# [2024-06-13 01:23:54] INFO: Calculated checksum: 38fc1e9a
# [2024-06-13 01:24:02] INFO: Calculated checksum: baa4f919
# [2024-06-13 01:24:02] INFO: Writing RNGSTATE file: ./rand_s060t20_b0637300_a_U000898500
# [2024-06-13 01:24:03] INFO: Writing to disk took 11.2531 seconds
# [2024-06-13 01:24:03] INFO: ======================================================================
# [2024-06-13 01:24:03] INFO: Start sweeping...
# [2024-06-13 01:31:39] INFO: It took 456.812 seconds to do 500 HBOR sweeps.
# [2024-06-13 01:31:39] INFO: Plaquette = 0.628524
# [2024-06-13 01:31:39] INFO: Polyakov loop = (-0.000512844,0.000303871)
# [2024-06-13 01:31:39] INFO: Writing conf to disk...
# [2024-06-13 01:31:39] INFO: writeconf_nersc: Writing NERSC configuration ./conf_s060t20_b0637300_a_U000899000
# [2024-06-13 01:31:42] INFO: Calculated checksum: e01c9b40
# [2024-06-13 01:32:01] INFO: Calculated checksum: 3eaa7273
# [2024-06-13 01:32:01] INFO: Writing RNGSTATE file: ./rand_s060t20_b0637300_a_U000899000
# [2024-06-13 01:32:01] INFO: Writing to disk took 21.7878 seconds
# [2024-06-13 01:32:01] INFO: ======================================================================
# [2024-06-13 01:32:01] INFO: Start sweeping...
# [2024-06-13 01:39:38] INFO: It took 456.798 seconds to do 500 HBOR sweeps.
# [2024-06-13 01:39:38] INFO: Plaquette = 0.628428
# [2024-06-13 01:39:38] INFO: Polyakov loop = (0.000215076,-0.000431158)
# [2024-06-13 01:39:38] INFO: Writing conf to disk...
# [2024-06-13 01:39:38] INFO: writeconf_nersc: Writing NERSC configuration ./conf_s060t20_b0637300_a_U000899500
# [2024-06-13 01:39:41] INFO: Calculated checksum: 731a1a64
# [2024-06-13 01:39:48] INFO: Calculated checksum: e4861ade
# [2024-06-13 01:39:48] INFO: Writing RNGSTATE file: ./rand_s060t20_b0637300_a_U000899500
# [2024-06-13 01:39:49] INFO: Writing to disk took 10.4076 seconds
# [2024-06-13 01:39:49] INFO: ======================================================================
# [2024-06-13 01:39:49] INFO: Start sweeping...
# [2024-06-13 01:47:24] INFO: It took 455.71 seconds to do 500 HBOR sweeps.
# [2024-06-13 01:47:24] INFO: Plaquette = 0.628468
# [2024-06-13 01:47:24] INFO: Polyakov loop = (-0.000179865,1.21896e-05)
# [2024-06-13 01:47:24] INFO: Writing conf to disk...
# [2024-06-13 01:47:24] INFO: writeconf_nersc: Writing NERSC configuration ./conf_s060t20_b0637300_a_U000900000
# [2024-06-13 01:47:27] INFO: Calculated checksum: d76cb723
# [2024-06-13 01:47:33] INFO: Calculated checksum: b0ef0fab
# [2024-06-13 01:47:33] INFO: Writing RNGSTATE file: ./rand_s060t20_b0637300_a_U000900000
# [2024-06-13 01:47:34] INFO: Writing to disk took 9.39158 seconds
# [2024-06-13 01:47:34] INFO: Finalizing MPI
