
Currently Loaded Modules:
  1) chpc/1.0      (S)   3) gcc/8.5.0      5) mpich/3.4.2
  2) python/3.10.3       4) cmake/3.26.0   6) cuda/11.6.2 (g)

  Where:
   S:  Module is Sticky, requires --force to unload or purge
   g:  built for GPU

 

# [2024-04-13 08:35:55] INFO: Running SIMULATeQCD
# [2024-04-13 08:35:55] INFO: Git commit version: 43e2518
# [2024-04-13 08:35:55] INFO: Initializing MPI with (1 proc)
# [2024-04-13 08:35:55] INFO: Reading parameters from file :: GenerateQuenched_b6663.param
# [2024-04-13 08:35:55] INFO: # PARAM :: Lattice = 60 60 60 20 
# [2024-04-13 08:35:55] INFO: # PARAM :: Nodes = 1 1 1 1 
# [2024-04-13 08:35:55] INFO: # PARAM :: Topology = 0 0 0 0  (default)
# [2024-04-13 08:35:55] INFO: # PARAM :: beta = 6.663
# [2024-04-13 08:35:55] INFO: # PARAM :: format = nersc
# [2024-04-13 08:35:55] INFO: # PARAM :: endianness = auto
# [2024-04-13 08:35:55] INFO: # PARAM :: conf_nr = 250000
# [2024-04-13 08:35:55] INFO: # PARAM :: stream = a
# [2024-04-13 08:35:55] INFO: # PARAM :: prec_out = 0 (default)
# [2024-04-13 08:35:55] INFO: # PARAM :: measurements_dir = ./ (default)
# [2024-04-13 08:35:55] INFO: # PARAM :: use_unit_conf = 0 (default)
# [2024-04-13 08:35:55] INFO: # PARAM :: output_dir = .
# [2024-04-13 08:35:55] INFO: # PARAM :: nconfs = 100
# [2024-04-13 08:35:55] INFO: # PARAM :: nsweeps_ORperHB = 4
# [2024-04-13 08:35:55] INFO: # PARAM :: nsweeps_HBwithOR = 500
# [2024-04-13 08:35:55] INFO: # PARAM :: prev_conf = conf_s060t20_b0666300_a_U000250000
# [2024-04-13 08:35:55] INFO: # PARAM :: prev_rand = rand_s060t20_b0666300_a_U000250000
# [2024-04-13 08:35:55] INFO: > Running on:
# [2024-04-13 08:35:55] INFO: [Rank 0] > notch271 CPU_15 GPU_40; MPI: world_rank=0, node_rank=0, coord: ( 0 0 0 0 )
# [2024-04-13 08:35:55] INFO: > Is MPI CUDA-aware? @compilation 
# [2024-04-13 08:35:55] INFO: > GPU compute capability: 75
# [2024-04-13 08:35:55] INFO: > Checking support for P2P (Peer-to-Peer) and UVA (Unified Virtual Addressing):
# [2024-04-13 08:35:55] INFO: [Rank 0] > notch271 GPU_40(NVIDIA GeForce RTX 2080 Ti): P2P NO ; UVA YES
# [2024-04-13 08:35:55] INFO: Initialize Indexer with HaloDepth = 1[0;33m[0m
# [2024-04-13 08:35:55] INFO: Resuming previous run.
# [2024-04-13 08:35:55] INFO: readconf_nersc: Reading NERSC configuration conf_s060t20_b0666300_a_U000250000
# [2024-04-13 08:36:04] INFO: Next conf_number will be 250500
# [2024-04-13 08:36:04] INFO: Generating up to 100 confs with a separation of 500 HBOR sweeps (OR/HB = 4) ...
# [2024-04-13 08:36:04] INFO: ======================================================================
# [2024-04-13 08:36:04] INFO: Start sweeping...
# [2024-04-13 08:42:40] INFO: It took 396.213 seconds to do 500 HBOR sweeps.
# [2024-04-13 08:42:40] INFO: Plaquette = 0.650112
# [2024-04-13 08:42:40] INFO: Polyakov loop = (0.000607105,0.00020645)
# [2024-04-13 08:42:40] INFO: Writing conf to disk...
# [2024-04-13 08:42:40] INFO: writeconf_nersc: Writing NERSC configuration ./conf_s060t20_b0666300_a_U000250500
# [2024-04-13 08:42:43] INFO: Calculated checksum: b70ab6d0
# [2024-04-13 08:42:48] INFO: Calculated checksum: 12214960
# [2024-04-13 08:42:48] INFO: Writing RNGSTATE file: ./rand_s060t20_b0666300_a_U000250500
# [2024-04-13 08:42:48] INFO: Writing to disk took 7.75576 seconds
# [2024-04-13 08:42:48] INFO: ======================================================================
# [2024-04-13 08:42:48] INFO: Start sweeping...
# [2024-04-13 08:49:26] INFO: It took 398.228 seconds to do 500 HBOR sweeps.
# [2024-04-13 08:49:26] INFO: Plaquette = 0.650068
# [2024-04-13 08:49:26] INFO: Polyakov loop = (-0.000391775,0.000103852)
# [2024-04-13 08:49:26] INFO: Writing conf to disk...
# [2024-04-13 08:49:26] INFO: writeconf_nersc: Writing NERSC configuration ./conf_s060t20_b0666300_a_U000251000
# [2024-04-13 08:49:29] INFO: Calculated checksum: c9a64ccd
# [2024-04-13 08:49:34] INFO: Calculated checksum: 6fcd941
# [2024-04-13 08:49:34] INFO: Writing RNGSTATE file: ./rand_s060t20_b0666300_a_U000251000
# [2024-04-13 08:49:34] INFO: Writing to disk took 8.14862 seconds
# [2024-04-13 08:49:34] INFO: ======================================================================
# [2024-04-13 08:49:34] INFO: Start sweeping...
# [2024-04-13 08:56:13] INFO: It took 398.202 seconds to do 500 HBOR sweeps.
# [2024-04-13 08:56:13] INFO: Plaquette = 0.650137
# [2024-04-13 08:56:13] INFO: Polyakov loop = (-0.000187274,-6.80476e-06)
# [2024-04-13 08:56:13] INFO: Writing conf to disk...
# [2024-04-13 08:56:13] INFO: writeconf_nersc: Writing NERSC configuration ./conf_s060t20_b0666300_a_U000251500
# [2024-04-13 08:56:16] INFO: Calculated checksum: 11ac0f62
# [2024-04-13 08:56:21] INFO: Calculated checksum: 5fd4ca5e
# [2024-04-13 08:56:21] INFO: Writing RNGSTATE file: ./rand_s060t20_b0666300_a_U000251500
# [2024-04-13 08:56:21] INFO: Writing to disk took 8.38788 seconds
# [2024-04-13 08:56:21] INFO: ======================================================================
# [2024-04-13 08:56:21] INFO: Start sweeping...
# [2024-04-13 09:02:59] INFO: It took 398.148 seconds to do 500 HBOR sweeps.
# [2024-04-13 09:02:59] INFO: Plaquette = 0.650066
# [2024-04-13 09:02:59] INFO: Polyakov loop = (0.000277619,0.000426184)
# [2024-04-13 09:02:59] INFO: Writing conf to disk...
# [2024-04-13 09:02:59] INFO: writeconf_nersc: Writing NERSC configuration ./conf_s060t20_b0666300_a_U000252000
# [2024-04-13 09:03:02] INFO: Calculated checksum: e776fa1a
# [2024-04-13 09:03:08] INFO: Calculated checksum: 576549cd
# [2024-04-13 09:03:08] INFO: Writing RNGSTATE file: ./rand_s060t20_b0666300_a_U000252000
# [2024-04-13 09:03:08] INFO: Writing to disk took 8.60838 seconds
# [2024-04-13 09:03:08] INFO: ======================================================================
# [2024-04-13 09:03:08] INFO: Start sweeping...
# [2024-04-13 09:09:46] INFO: It took 398.15 seconds to do 500 HBOR sweeps.
# [2024-04-13 09:09:46] INFO: Plaquette = 0.650181
# [2024-04-13 09:09:46] INFO: Polyakov loop = (-3.11934e-05,0.000252687)
# [2024-04-13 09:09:46] INFO: Writing conf to disk...
# [2024-04-13 09:09:46] INFO: writeconf_nersc: Writing NERSC configuration ./conf_s060t20_b0666300_a_U000252500
# [2024-04-13 09:09:49] INFO: Calculated checksum: 4baa14dd
# [2024-04-13 09:09:55] INFO: Calculated checksum: 3f7b22b7
# [2024-04-13 09:09:55] INFO: Writing RNGSTATE file: ./rand_s060t20_b0666300_a_U000252500
# [2024-04-13 09:09:55] INFO: Writing to disk took 8.84449 seconds
# [2024-04-13 09:09:55] INFO: ======================================================================
# [2024-04-13 09:09:55] INFO: Start sweeping...
# [2024-04-13 09:16:33] INFO: It took 398.182 seconds to do 500 HBOR sweeps.
# [2024-04-13 09:16:33] INFO: Plaquette = 0.650024
# [2024-04-13 09:16:33] INFO: Polyakov loop = (-0.000376576,-0.000151664)
# [2024-04-13 09:16:33] INFO: Writing conf to disk...
# [2024-04-13 09:16:33] INFO: writeconf_nersc: Writing NERSC configuration ./conf_s060t20_b0666300_a_U000253000
# [2024-04-13 09:16:36] INFO: Calculated checksum: 8d13392
# [2024-04-13 09:16:41] INFO: Calculated checksum: b461e5d7
# [2024-04-13 09:16:41] INFO: Writing RNGSTATE file: ./rand_s060t20_b0666300_a_U000253000
# [2024-04-13 09:16:42] INFO: Writing to disk took 8.35034 seconds
# [2024-04-13 09:16:42] INFO: ======================================================================
# [2024-04-13 09:16:42] INFO: Start sweeping...
# [2024-04-13 09:23:20] INFO: It took 398.176 seconds to do 500 HBOR sweeps.
# [2024-04-13 09:23:20] INFO: Plaquette = 0.650028
# [2024-04-13 09:23:20] INFO: Polyakov loop = (-0.000581635,0.000422304)
# [2024-04-13 09:23:20] INFO: Writing conf to disk...
# [2024-04-13 09:23:20] INFO: writeconf_nersc: Writing NERSC configuration ./conf_s060t20_b0666300_a_U000253500
# [2024-04-13 09:23:23] INFO: Calculated checksum: df36bb2c
# [2024-04-13 09:23:28] INFO: Calculated checksum: b8e02391
# [2024-04-13 09:23:28] INFO: Writing RNGSTATE file: ./rand_s060t20_b0666300_a_U000253500
# [2024-04-13 09:23:28] INFO: Writing to disk took 8.34682 seconds
# [2024-04-13 09:23:28] INFO: ======================================================================
# [2024-04-13 09:23:28] INFO: Start sweeping...
# [2024-04-13 09:30:06] INFO: It took 398.179 seconds to do 500 HBOR sweeps.
# [2024-04-13 09:30:06] INFO: Plaquette = 0.650098
# [2024-04-13 09:30:06] INFO: Polyakov loop = (0.00105627,0.000284601)
# [2024-04-13 09:30:06] INFO: Writing conf to disk...
# [2024-04-13 09:30:06] INFO: writeconf_nersc: Writing NERSC configuration ./conf_s060t20_b0666300_a_U000254000
# [2024-04-13 09:30:09] INFO: Calculated checksum: 61c79d1f
# [2024-04-13 09:30:14] INFO: Calculated checksum: 1a1a6442
# [2024-04-13 09:30:14] INFO: Writing RNGSTATE file: ./rand_s060t20_b0666300_a_U000254000
# [2024-04-13 09:30:15] INFO: Writing to disk took 8.22163 seconds
# [2024-04-13 09:30:15] INFO: ======================================================================
# [2024-04-13 09:30:15] INFO: Start sweeping...
# [2024-04-13 09:36:53] INFO: It took 398.214 seconds to do 500 HBOR sweeps.
# [2024-04-13 09:36:53] INFO: Plaquette = 0.649962
# [2024-04-13 09:36:53] INFO: Polyakov loop = (-0.00111316,-0.000151098)
# [2024-04-13 09:36:53] INFO: Writing conf to disk...
# [2024-04-13 09:36:53] INFO: writeconf_nersc: Writing NERSC configuration ./conf_s060t20_b0666300_a_U000254500
# [2024-04-13 09:36:56] INFO: Calculated checksum: a2c67fa0
# [2024-04-13 09:37:01] INFO: Calculated checksum: 39ec1528
# [2024-04-13 09:37:01] INFO: Writing RNGSTATE file: ./rand_s060t20_b0666300_a_U000254500
# [2024-04-13 09:37:01] INFO: Writing to disk took 8.26433 seconds
# [2024-04-13 09:37:01] INFO: ======================================================================
# [2024-04-13 09:37:01] INFO: Start sweeping...
# [2024-04-13 09:43:39] INFO: It took 398.163 seconds to do 500 HBOR sweeps.
# [2024-04-13 09:43:39] INFO: Plaquette = 0.650052
# [2024-04-13 09:43:39] INFO: Polyakov loop = (0.000865578,-0.00048981)
# [2024-04-13 09:43:39] INFO: Writing conf to disk...
# [2024-04-13 09:43:39] INFO: writeconf_nersc: Writing NERSC configuration ./conf_s060t20_b0666300_a_U000255000
# [2024-04-13 09:43:42] INFO: Calculated checksum: 42e9fdaf
# [2024-04-13 09:43:47] INFO: Calculated checksum: 8537f050
# [2024-04-13 09:43:47] INFO: Writing RNGSTATE file: ./rand_s060t20_b0666300_a_U000255000
# [2024-04-13 09:43:47] INFO: Writing to disk took 8.18346 seconds
# [2024-04-13 09:43:47] INFO: ======================================================================
# [2024-04-13 09:43:47] INFO: Start sweeping...
# [2024-04-13 09:50:26] INFO: It took 398.112 seconds to do 500 HBOR sweeps.
# [2024-04-13 09:50:26] INFO: Plaquette = 0.650124
# [2024-04-13 09:50:26] INFO: Polyakov loop = (0.000239934,-0.00108788)
# [2024-04-13 09:50:26] INFO: Writing conf to disk...
# [2024-04-13 09:50:26] INFO: writeconf_nersc: Writing NERSC configuration ./conf_s060t20_b0666300_a_U000255500
# [2024-04-13 09:50:29] INFO: Calculated checksum: 14808fdb
# [2024-04-13 09:50:34] INFO: Calculated checksum: f17515d5
# [2024-04-13 09:50:34] INFO: Writing RNGSTATE file: ./rand_s060t20_b0666300_a_U000255500
# [2024-04-13 09:50:34] INFO: Writing to disk took 8.29513 seconds
# [2024-04-13 09:50:34] INFO: ======================================================================
# [2024-04-13 09:50:34] INFO: Start sweeping...
# [2024-04-13 09:57:12] INFO: It took 398.095 seconds to do 500 HBOR sweeps.
# [2024-04-13 09:57:12] INFO: Plaquette = 0.650033
# [2024-04-13 09:57:12] INFO: Polyakov loop = (0.000263491,-0.00100039)
# [2024-04-13 09:57:12] INFO: Writing conf to disk...
# [2024-04-13 09:57:12] INFO: writeconf_nersc: Writing NERSC configuration ./conf_s060t20_b0666300_a_U000256000
# [2024-04-13 09:57:15] INFO: Calculated checksum: cd4528e4
# [2024-04-13 09:57:20] INFO: Calculated checksum: 459c0739
# [2024-04-13 09:57:20] INFO: Writing RNGSTATE file: ./rand_s060t20_b0666300_a_U000256000
# [2024-04-13 09:57:21] INFO: Writing to disk took 8.50523 seconds
# [2024-04-13 09:57:21] INFO: ======================================================================
# [2024-04-13 09:57:21] INFO: Start sweeping...
# [2024-04-13 10:03:59] INFO: It took 398.123 seconds to do 500 HBOR sweeps.
# [2024-04-13 10:03:59] INFO: Plaquette = 0.650089
# [2024-04-13 10:03:59] INFO: Polyakov loop = (0.000763563,-0.000562112)
# [2024-04-13 10:03:59] INFO: Writing conf to disk...
# [2024-04-13 10:03:59] INFO: writeconf_nersc: Writing NERSC configuration ./conf_s060t20_b0666300_a_U000256500
# [2024-04-13 10:04:02] INFO: Calculated checksum: 17c52d79
# [2024-04-13 10:04:07] INFO: Calculated checksum: 5834d3b1
# [2024-04-13 10:04:07] INFO: Writing RNGSTATE file: ./rand_s060t20_b0666300_a_U000256500
# [2024-04-13 10:04:07] INFO: Writing to disk took 8.22815 seconds
# [2024-04-13 10:04:07] INFO: ======================================================================
# [2024-04-13 10:04:07] INFO: Start sweeping...
# [2024-04-13 10:10:45] INFO: It took 398.165 seconds to do 500 HBOR sweeps.
# [2024-04-13 10:10:45] INFO: Plaquette = 0.650119
# [2024-04-13 10:10:45] INFO: Polyakov loop = (0.000637405,-6.51036e-05)
# [2024-04-13 10:10:45] INFO: Writing conf to disk...
# [2024-04-13 10:10:45] INFO: writeconf_nersc: Writing NERSC configuration ./conf_s060t20_b0666300_a_U000257000
# [2024-04-13 10:10:48] INFO: Calculated checksum: 9930db04
# [2024-04-13 10:10:53] INFO: Calculated checksum: 335f6f73
# [2024-04-13 10:10:53] INFO: Writing RNGSTATE file: ./rand_s060t20_b0666300_a_U000257000
# [2024-04-13 10:10:53] INFO: Writing to disk took 8.23145 seconds
# [2024-04-13 10:10:53] INFO: ======================================================================
# [2024-04-13 10:10:53] INFO: Start sweeping...
# [2024-04-13 10:17:32] INFO: It took 398.11 seconds to do 500 HBOR sweeps.
# [2024-04-13 10:17:32] INFO: Plaquette = 0.650087
# [2024-04-13 10:17:32] INFO: Polyakov loop = (-0.000239775,-0.000516245)
# [2024-04-13 10:17:32] INFO: Writing conf to disk...
# [2024-04-13 10:17:32] INFO: writeconf_nersc: Writing NERSC configuration ./conf_s060t20_b0666300_a_U000257500
# [2024-04-13 10:17:35] INFO: Calculated checksum: 1573628e
# [2024-04-13 10:17:40] INFO: Calculated checksum: fdc8c054
# [2024-04-13 10:17:40] INFO: Writing RNGSTATE file: ./rand_s060t20_b0666300_a_U000257500
# [2024-04-13 10:17:40] INFO: Writing to disk took 8.39603 seconds
# [2024-04-13 10:17:40] INFO: ======================================================================
# [2024-04-13 10:17:40] INFO: Start sweeping...
# [2024-04-13 10:24:18] INFO: It took 398.122 seconds to do 500 HBOR sweeps.
# [2024-04-13 10:24:18] INFO: Plaquette = 0.6501
# [2024-04-13 10:24:18] INFO: Polyakov loop = (0.000675153,-0.000344281)
# [2024-04-13 10:24:18] INFO: Writing conf to disk...
# [2024-04-13 10:24:18] INFO: writeconf_nersc: Writing NERSC configuration ./conf_s060t20_b0666300_a_U000258000
# [2024-04-13 10:24:21] INFO: Calculated checksum: e59511be
# [2024-04-13 10:24:26] INFO: Calculated checksum: aeed76c9
# [2024-04-13 10:24:26] INFO: Writing RNGSTATE file: ./rand_s060t20_b0666300_a_U000258000
# [2024-04-13 10:24:27] INFO: Writing to disk took 8.4276 seconds
# [2024-04-13 10:24:27] INFO: ======================================================================
# [2024-04-13 10:24:27] INFO: Start sweeping...
# [2024-04-13 10:31:05] INFO: It took 398.09 seconds to do 500 HBOR sweeps.
# [2024-04-13 10:31:05] INFO: Plaquette = 0.650007
# [2024-04-13 10:31:05] INFO: Polyakov loop = (-0.000141676,0.000641853)
# [2024-04-13 10:31:05] INFO: Writing conf to disk...
# [2024-04-13 10:31:05] INFO: writeconf_nersc: Writing NERSC configuration ./conf_s060t20_b0666300_a_U000258500
# [2024-04-13 10:31:08] INFO: Calculated checksum: 9628f889
# [2024-04-13 10:31:13] INFO: Calculated checksum: 1f4868cc
# [2024-04-13 10:31:13] INFO: Writing RNGSTATE file: ./rand_s060t20_b0666300_a_U000258500
# [2024-04-13 10:31:13] INFO: Writing to disk took 8.45547 seconds
# [2024-04-13 10:31:13] INFO: ======================================================================
# [2024-04-13 10:31:13] INFO: Start sweeping...
# [2024-04-13 10:37:51] INFO: It took 398.09 seconds to do 500 HBOR sweeps.
# [2024-04-13 10:37:51] INFO: Plaquette = 0.650079
# [2024-04-13 10:37:51] INFO: Polyakov loop = (4.36953e-06,-0.000932873)
# [2024-04-13 10:37:51] INFO: Writing conf to disk...
# [2024-04-13 10:37:51] INFO: writeconf_nersc: Writing NERSC configuration ./conf_s060t20_b0666300_a_U000259000
# [2024-04-13 10:37:54] INFO: Calculated checksum: c50a6103
# [2024-04-13 10:37:59] INFO: Calculated checksum: 46256438
# [2024-04-13 10:37:59] INFO: Writing RNGSTATE file: ./rand_s060t20_b0666300_a_U000259000
# [2024-04-13 10:38:00] INFO: Writing to disk took 8.25348 seconds
# [2024-04-13 10:38:00] INFO: ======================================================================
# [2024-04-13 10:38:00] INFO: Start sweeping...
# [2024-04-13 10:44:38] INFO: It took 398.081 seconds to do 500 HBOR sweeps.
# [2024-04-13 10:44:38] INFO: Plaquette = 0.650048
# [2024-04-13 10:44:38] INFO: Polyakov loop = (0.000787089,-0.000522054)
# [2024-04-13 10:44:38] INFO: Writing conf to disk...
# [2024-04-13 10:44:38] INFO: writeconf_nersc: Writing NERSC configuration ./conf_s060t20_b0666300_a_U000259500
# [2024-04-13 10:44:41] INFO: Calculated checksum: b0e039fa
# [2024-04-13 10:44:46] INFO: Calculated checksum: d12da7e4
# [2024-04-13 10:44:46] INFO: Writing RNGSTATE file: ./rand_s060t20_b0666300_a_U000259500
# [2024-04-13 10:44:46] INFO: Writing to disk took 8.51829 seconds
# [2024-04-13 10:44:46] INFO: ======================================================================
# [2024-04-13 10:44:46] INFO: Start sweeping...
# [2024-04-13 10:51:24] INFO: It took 398.117 seconds to do 500 HBOR sweeps.
# [2024-04-13 10:51:24] INFO: Plaquette = 0.650086
# [2024-04-13 10:51:24] INFO: Polyakov loop = (-0.000592657,-0.000532811)
# [2024-04-13 10:51:24] INFO: Writing conf to disk...
# [2024-04-13 10:51:24] INFO: writeconf_nersc: Writing NERSC configuration ./conf_s060t20_b0666300_a_U000260000
# [2024-04-13 10:51:27] INFO: Calculated checksum: 88efd26b
# [2024-04-13 10:51:33] INFO: Calculated checksum: 7d89f259
# [2024-04-13 10:51:33] INFO: Writing RNGSTATE file: ./rand_s060t20_b0666300_a_U000260000
# [2024-04-13 10:51:33] INFO: Writing to disk took 8.50649 seconds
# [2024-04-13 10:51:33] INFO: ======================================================================
# [2024-04-13 10:51:33] INFO: Start sweeping...
# [2024-04-13 10:58:11] INFO: It took 398.152 seconds to do 500 HBOR sweeps.
# [2024-04-13 10:58:11] INFO: Plaquette = 0.650028
# [2024-04-13 10:58:11] INFO: Polyakov loop = (0.000805469,4.31224e-05)
# [2024-04-13 10:58:11] INFO: Writing conf to disk...
# [2024-04-13 10:58:11] INFO: writeconf_nersc: Writing NERSC configuration ./conf_s060t20_b0666300_a_U000260500
# [2024-04-13 10:58:14] INFO: Calculated checksum: f56cfa9f
# [2024-04-13 10:58:19] INFO: Calculated checksum: 480298e5
# [2024-04-13 10:58:19] INFO: Writing RNGSTATE file: ./rand_s060t20_b0666300_a_U000260500
# [2024-04-13 10:58:19] INFO: Writing to disk took 8.24686 seconds
# [2024-04-13 10:58:19] INFO: ======================================================================
# [2024-04-13 10:58:19] INFO: Start sweeping...
# [2024-04-13 11:04:57] INFO: It took 398.147 seconds to do 500 HBOR sweeps.
# [2024-04-13 11:04:57] INFO: Plaquette = 0.650059
# [2024-04-13 11:04:57] INFO: Polyakov loop = (-0.00079993,0.00037441)
# [2024-04-13 11:04:57] INFO: Writing conf to disk...
# [2024-04-13 11:04:57] INFO: writeconf_nersc: Writing NERSC configuration ./conf_s060t20_b0666300_a_U000261000
# [2024-04-13 11:05:00] INFO: Calculated checksum: d005ec72
# [2024-04-13 11:05:06] INFO: Calculated checksum: 957c253d
# [2024-04-13 11:05:06] INFO: Writing RNGSTATE file: ./rand_s060t20_b0666300_a_U000261000
# [2024-04-13 11:05:06] INFO: Writing to disk took 8.28088 seconds
# [2024-04-13 11:05:06] INFO: ======================================================================
# [2024-04-13 11:05:06] INFO: Start sweeping...
# [2024-04-13 11:11:44] INFO: It took 398.181 seconds to do 500 HBOR sweeps.
# [2024-04-13 11:11:44] INFO: Plaquette = 0.650135
# [2024-04-13 11:11:44] INFO: Polyakov loop = (-0.000768701,0.000679638)
# [2024-04-13 11:11:44] INFO: Writing conf to disk...
# [2024-04-13 11:11:44] INFO: writeconf_nersc: Writing NERSC configuration ./conf_s060t20_b0666300_a_U000261500
# [2024-04-13 11:11:47] INFO: Calculated checksum: ff4ea5ea
# [2024-04-13 11:11:52] INFO: Calculated checksum: 9601d1c6
# [2024-04-13 11:11:52] INFO: Writing RNGSTATE file: ./rand_s060t20_b0666300_a_U000261500
# [2024-04-13 11:11:52] INFO: Writing to disk took 8.46611 seconds
# [2024-04-13 11:11:52] INFO: ======================================================================
# [2024-04-13 11:11:52] INFO: Start sweeping...
# [2024-04-13 11:18:31] INFO: It took 398.139 seconds to do 500 HBOR sweeps.
# [2024-04-13 11:18:31] INFO: Plaquette = 0.650049
# [2024-04-13 11:18:31] INFO: Polyakov loop = (-0.000347378,0.000374016)
# [2024-04-13 11:18:31] INFO: Writing conf to disk...
# [2024-04-13 11:18:31] INFO: writeconf_nersc: Writing NERSC configuration ./conf_s060t20_b0666300_a_U000262000
# [2024-04-13 11:18:34] INFO: Calculated checksum: 217c365f
# [2024-04-13 11:18:39] INFO: Calculated checksum: f2936a1d
# [2024-04-13 11:18:39] INFO: Writing RNGSTATE file: ./rand_s060t20_b0666300_a_U000262000
# [2024-04-13 11:18:39] INFO: Writing to disk took 8.00836 seconds
# [2024-04-13 11:18:39] INFO: ======================================================================
# [2024-04-13 11:18:39] INFO: Start sweeping...
# [2024-04-13 11:25:17] INFO: It took 398.17 seconds to do 500 HBOR sweeps.
# [2024-04-13 11:25:17] INFO: Plaquette = 0.650073
# [2024-04-13 11:25:17] INFO: Polyakov loop = (-0.00143587,0.00124646)
# [2024-04-13 11:25:17] INFO: Writing conf to disk...
# [2024-04-13 11:25:17] INFO: writeconf_nersc: Writing NERSC configuration ./conf_s060t20_b0666300_a_U000262500
# [2024-04-13 11:25:20] INFO: Calculated checksum: f448186e
# [2024-04-13 11:25:25] INFO: Calculated checksum: c0cc754d
# [2024-04-13 11:25:25] INFO: Writing RNGSTATE file: ./rand_s060t20_b0666300_a_U000262500
# [2024-04-13 11:25:25] INFO: Writing to disk took 8.15285 seconds
# [2024-04-13 11:25:25] INFO: ======================================================================
# [2024-04-13 11:25:25] INFO: Start sweeping...
# [2024-04-13 11:32:03] INFO: It took 398.135 seconds to do 500 HBOR sweeps.
# [2024-04-13 11:32:03] INFO: Plaquette = 0.65003
# [2024-04-13 11:32:03] INFO: Polyakov loop = (-0.000646422,0.00129201)
# [2024-04-13 11:32:03] INFO: Writing conf to disk...
# [2024-04-13 11:32:03] INFO: writeconf_nersc: Writing NERSC configuration ./conf_s060t20_b0666300_a_U000263000
# [2024-04-13 11:32:06] INFO: Calculated checksum: d129bd6f
# [2024-04-13 11:32:12] INFO: Calculated checksum: 16aa6a3b
# [2024-04-13 11:32:12] INFO: Writing RNGSTATE file: ./rand_s060t20_b0666300_a_U000263000
# [2024-04-13 11:32:12] INFO: Writing to disk took 8.91531 seconds
# [2024-04-13 11:32:12] INFO: ======================================================================
# [2024-04-13 11:32:12] INFO: Start sweeping...
# [2024-04-13 11:38:50] INFO: It took 398.145 seconds to do 500 HBOR sweeps.
# [2024-04-13 11:38:50] INFO: Plaquette = 0.650171
# [2024-04-13 11:38:50] INFO: Polyakov loop = (-0.000149996,0.00128936)
# [2024-04-13 11:38:50] INFO: Writing conf to disk...
# [2024-04-13 11:38:50] INFO: writeconf_nersc: Writing NERSC configuration ./conf_s060t20_b0666300_a_U000263500
# [2024-04-13 11:38:53] INFO: Calculated checksum: f98f5584
# [2024-04-13 11:38:59] INFO: Calculated checksum: ed925552
# [2024-04-13 11:38:59] INFO: Writing RNGSTATE file: ./rand_s060t20_b0666300_a_U000263500
# [2024-04-13 11:38:59] INFO: Writing to disk took 8.51948 seconds
# [2024-04-13 11:38:59] INFO: ======================================================================
# [2024-04-13 11:38:59] INFO: Start sweeping...
# [2024-04-13 11:45:37] INFO: It took 398.184 seconds to do 500 HBOR sweeps.
# [2024-04-13 11:45:37] INFO: Plaquette = 0.650073
# [2024-04-13 11:45:37] INFO: Polyakov loop = (-0.00035644,-0.000335465)
# [2024-04-13 11:45:37] INFO: Writing conf to disk...
# [2024-04-13 11:45:37] INFO: writeconf_nersc: Writing NERSC configuration ./conf_s060t20_b0666300_a_U000264000
# [2024-04-13 11:45:40] INFO: Calculated checksum: b6f8c68a
# [2024-04-13 11:45:45] INFO: Calculated checksum: 40131dbb
# [2024-04-13 11:45:45] INFO: Writing RNGSTATE file: ./rand_s060t20_b0666300_a_U000264000
# [2024-04-13 11:45:46] INFO: Writing to disk took 8.49816 seconds
# [2024-04-13 11:45:46] INFO: ======================================================================
# [2024-04-13 11:45:46] INFO: Start sweeping...
# [2024-04-13 11:52:24] INFO: It took 398.263 seconds to do 500 HBOR sweeps.
# [2024-04-13 11:52:24] INFO: Plaquette = 0.649988
# [2024-04-13 11:52:24] INFO: Polyakov loop = (-0.000182438,0.000573929)
# [2024-04-13 11:52:24] INFO: Writing conf to disk...
# [2024-04-13 11:52:24] INFO: writeconf_nersc: Writing NERSC configuration ./conf_s060t20_b0666300_a_U000264500
# [2024-04-13 11:52:27] INFO: Calculated checksum: 7daa36cf
# [2024-04-13 11:52:33] INFO: Calculated checksum: 4e906bff
# [2024-04-13 11:52:33] INFO: Writing RNGSTATE file: ./rand_s060t20_b0666300_a_U000264500
# [2024-04-13 11:52:33] INFO: Writing to disk took 9.51795 seconds
# [2024-04-13 11:52:33] INFO: ======================================================================
# [2024-04-13 11:52:33] INFO: Start sweeping...
# [2024-04-13 11:59:12] INFO: It took 398.265 seconds to do 500 HBOR sweeps.
# [2024-04-13 11:59:12] INFO: Plaquette = 0.650173
# [2024-04-13 11:59:12] INFO: Polyakov loop = (-0.000344718,3.82669e-06)
# [2024-04-13 11:59:12] INFO: Writing conf to disk...
# [2024-04-13 11:59:12] INFO: writeconf_nersc: Writing NERSC configuration ./conf_s060t20_b0666300_a_U000265000
# [2024-04-13 11:59:15] INFO: Calculated checksum: 605288a2
# [2024-04-13 11:59:20] INFO: Calculated checksum: 7df1ab66
# [2024-04-13 11:59:20] INFO: Writing RNGSTATE file: ./rand_s060t20_b0666300_a_U000265000
# [2024-04-13 11:59:20] INFO: Writing to disk took 8.42419 seconds
# [2024-04-13 11:59:20] INFO: ======================================================================
# [2024-04-13 11:59:20] INFO: Start sweeping...
# [2024-04-13 12:05:58] INFO: It took 398.27 seconds to do 500 HBOR sweeps.
# [2024-04-13 12:05:58] INFO: Plaquette = 0.650096
# [2024-04-13 12:05:58] INFO: Polyakov loop = (-0.000373933,-0.00121459)
# [2024-04-13 12:05:58] INFO: Writing conf to disk...
# [2024-04-13 12:05:58] INFO: writeconf_nersc: Writing NERSC configuration ./conf_s060t20_b0666300_a_U000265500
# [2024-04-13 12:06:01] INFO: Calculated checksum: b82e3f0
# [2024-04-13 12:06:07] INFO: Calculated checksum: 906198b2
# [2024-04-13 12:06:07] INFO: Writing RNGSTATE file: ./rand_s060t20_b0666300_a_U000265500
# [2024-04-13 12:06:07] INFO: Writing to disk took 8.57919 seconds
# [2024-04-13 12:06:07] INFO: ======================================================================
# [2024-04-13 12:06:07] INFO: Start sweeping...
# [2024-04-13 12:12:45] INFO: It took 398.166 seconds to do 500 HBOR sweeps.
# [2024-04-13 12:12:45] INFO: Plaquette = 0.650043
# [2024-04-13 12:12:45] INFO: Polyakov loop = (-0.000691455,-0.000108891)
# [2024-04-13 12:12:45] INFO: Writing conf to disk...
# [2024-04-13 12:12:45] INFO: writeconf_nersc: Writing NERSC configuration ./conf_s060t20_b0666300_a_U000266000
# [2024-04-13 12:12:48] INFO: Calculated checksum: f7771e34
# [2024-04-13 12:12:53] INFO: Calculated checksum: ff7e8eea
# [2024-04-13 12:12:53] INFO: Writing RNGSTATE file: ./rand_s060t20_b0666300_a_U000266000
# [2024-04-13 12:12:53] INFO: Writing to disk took 8.17109 seconds
# [2024-04-13 12:12:53] INFO: ======================================================================
# [2024-04-13 12:12:53] INFO: Start sweeping...
# [2024-04-13 12:19:32] INFO: It took 398.283 seconds to do 500 HBOR sweeps.
# [2024-04-13 12:19:32] INFO: Plaquette = 0.650143
# [2024-04-13 12:19:32] INFO: Polyakov loop = (0.00129472,-0.000181264)
# [2024-04-13 12:19:32] INFO: Writing conf to disk...
# [2024-04-13 12:19:32] INFO: writeconf_nersc: Writing NERSC configuration ./conf_s060t20_b0666300_a_U000266500
# [2024-04-13 12:19:35] INFO: Calculated checksum: 28e0eeb3
# [2024-04-13 12:19:40] INFO: Calculated checksum: 5da92168
# [2024-04-13 12:19:40] INFO: Writing RNGSTATE file: ./rand_s060t20_b0666300_a_U000266500
# [2024-04-13 12:19:40] INFO: Writing to disk took 8.15394 seconds
# [2024-04-13 12:19:40] INFO: ======================================================================
# [2024-04-13 12:19:40] INFO: Start sweeping...
# [2024-04-13 12:26:18] INFO: It took 398.292 seconds to do 500 HBOR sweeps.
# [2024-04-13 12:26:18] INFO: Plaquette = 0.650041
# [2024-04-13 12:26:18] INFO: Polyakov loop = (0.00145817,-0.000386931)
# [2024-04-13 12:26:18] INFO: Writing conf to disk...
# [2024-04-13 12:26:18] INFO: writeconf_nersc: Writing NERSC configuration ./conf_s060t20_b0666300_a_U000267000
# [2024-04-13 12:26:21] INFO: Calculated checksum: 4b07b8e7
# [2024-04-13 12:26:26] INFO: Calculated checksum: 816036a1
# [2024-04-13 12:26:26] INFO: Writing RNGSTATE file: ./rand_s060t20_b0666300_a_U000267000
# [2024-04-13 12:26:26] INFO: Writing to disk took 7.98574 seconds
# [2024-04-13 12:26:26] INFO: ======================================================================
# [2024-04-13 12:26:26] INFO: Start sweeping...
# [2024-04-13 12:33:05] INFO: It took 398.272 seconds to do 500 HBOR sweeps.
# [2024-04-13 12:33:05] INFO: Plaquette = 0.65002
# [2024-04-13 12:33:05] INFO: Polyakov loop = (0.000130892,0.00019066)
# [2024-04-13 12:33:05] INFO: Writing conf to disk...
# [2024-04-13 12:33:05] INFO: writeconf_nersc: Writing NERSC configuration ./conf_s060t20_b0666300_a_U000267500
# [2024-04-13 12:33:07] INFO: Calculated checksum: d1c04bc5
# [2024-04-13 12:33:13] INFO: Calculated checksum: 9eae1ee6
# [2024-04-13 12:33:13] INFO: Writing RNGSTATE file: ./rand_s060t20_b0666300_a_U000267500
# [2024-04-13 12:33:13] INFO: Writing to disk took 8.30975 seconds
# [2024-04-13 12:33:13] INFO: ======================================================================
# [2024-04-13 12:33:13] INFO: Start sweeping...
# [2024-04-13 12:39:51] INFO: It took 398.283 seconds to do 500 HBOR sweeps.
# [2024-04-13 12:39:51] INFO: Plaquette = 0.650065
# [2024-04-13 12:39:51] INFO: Polyakov loop = (-0.000358522,-0.0008969)
# [2024-04-13 12:39:51] INFO: Writing conf to disk...
# [2024-04-13 12:39:51] INFO: writeconf_nersc: Writing NERSC configuration ./conf_s060t20_b0666300_a_U000268000
# [2024-04-13 12:39:54] INFO: Calculated checksum: b226b3d9
# [2024-04-13 12:39:59] INFO: Calculated checksum: 5196af5b
# [2024-04-13 12:39:59] INFO: Writing RNGSTATE file: ./rand_s060t20_b0666300_a_U000268000
# [2024-04-13 12:39:59] INFO: Writing to disk took 7.77771 seconds
# [2024-04-13 12:39:59] INFO: ======================================================================
# [2024-04-13 12:39:59] INFO: Start sweeping...
# [2024-04-13 12:46:37] INFO: It took 398.3 seconds to do 500 HBOR sweeps.
# [2024-04-13 12:46:37] INFO: Plaquette = 0.650015
# [2024-04-13 12:46:37] INFO: Polyakov loop = (3.4586e-05,-0.00111645)
# [2024-04-13 12:46:37] INFO: Writing conf to disk...
# [2024-04-13 12:46:37] INFO: writeconf_nersc: Writing NERSC configuration ./conf_s060t20_b0666300_a_U000268500
# [2024-04-13 12:46:40] INFO: Calculated checksum: a5480cea
# [2024-04-13 12:46:45] INFO: Calculated checksum: d969bd66
# [2024-04-13 12:46:45] INFO: Writing RNGSTATE file: ./rand_s060t20_b0666300_a_U000268500
# [2024-04-13 12:46:45] INFO: Writing to disk took 7.87139 seconds
# [2024-04-13 12:46:45] INFO: ======================================================================
# [2024-04-13 12:46:45] INFO: Start sweeping...
# [2024-04-13 12:53:23] INFO: It took 398.302 seconds to do 500 HBOR sweeps.
# [2024-04-13 12:53:24] INFO: Plaquette = 0.65004
# [2024-04-13 12:53:24] INFO: Polyakov loop = (-0.000745439,0.000165968)
# [2024-04-13 12:53:24] INFO: Writing conf to disk...
# [2024-04-13 12:53:24] INFO: writeconf_nersc: Writing NERSC configuration ./conf_s060t20_b0666300_a_U000269000
# [2024-04-13 12:53:26] INFO: Calculated checksum: 140c258d
# [2024-04-13 12:53:31] INFO: Calculated checksum: 79ebff6f
# [2024-04-13 12:53:31] INFO: Writing RNGSTATE file: ./rand_s060t20_b0666300_a_U000269000
# [2024-04-13 12:53:31] INFO: Writing to disk took 7.89155 seconds
# [2024-04-13 12:53:31] INFO: ======================================================================
# [2024-04-13 12:53:31] INFO: Start sweeping...
# [2024-04-13 13:00:10] INFO: It took 398.273 seconds to do 500 HBOR sweeps.
# [2024-04-13 13:00:10] INFO: Plaquette = 0.650124
# [2024-04-13 13:00:10] INFO: Polyakov loop = (-0.000707169,0.00088298)
# [2024-04-13 13:00:10] INFO: Writing conf to disk...
# [2024-04-13 13:00:10] INFO: writeconf_nersc: Writing NERSC configuration ./conf_s060t20_b0666300_a_U000269500
# [2024-04-13 13:00:13] INFO: Calculated checksum: 2d4b7e1
# [2024-04-13 13:00:17] INFO: Calculated checksum: 6d47680b
# [2024-04-13 13:00:17] INFO: Writing RNGSTATE file: ./rand_s060t20_b0666300_a_U000269500
# [2024-04-13 13:00:18] INFO: Writing to disk took 7.85437 seconds
# [2024-04-13 13:00:18] INFO: ======================================================================
# [2024-04-13 13:00:18] INFO: Start sweeping...
# [2024-04-13 13:06:56] INFO: It took 398.203 seconds to do 500 HBOR sweeps.
# [2024-04-13 13:06:56] INFO: Plaquette = 0.650068
# [2024-04-13 13:06:56] INFO: Polyakov loop = (-0.00129854,-7.85291e-05)
# [2024-04-13 13:06:56] INFO: Writing conf to disk...
# [2024-04-13 13:06:56] INFO: writeconf_nersc: Writing NERSC configuration ./conf_s060t20_b0666300_a_U000270000
# [2024-04-13 13:06:59] INFO: Calculated checksum: 51a179e2
# [2024-04-13 13:07:04] INFO: Calculated checksum: 36be3d1a
# [2024-04-13 13:07:04] INFO: Writing RNGSTATE file: ./rand_s060t20_b0666300_a_U000270000
# [2024-04-13 13:07:04] INFO: Writing to disk took 7.88961 seconds
# [2024-04-13 13:07:04] INFO: ======================================================================
# [2024-04-13 13:07:04] INFO: Start sweeping...
# [2024-04-13 13:13:42] INFO: It took 398.181 seconds to do 500 HBOR sweeps.
# [2024-04-13 13:13:42] INFO: Plaquette = 0.650031
# [2024-04-13 13:13:42] INFO: Polyakov loop = (-0.000429749,-0.000767)
# [2024-04-13 13:13:42] INFO: Writing conf to disk...
# [2024-04-13 13:13:42] INFO: writeconf_nersc: Writing NERSC configuration ./conf_s060t20_b0666300_a_U000270500
# [2024-04-13 13:13:45] INFO: Calculated checksum: eea08f8d
# [2024-04-13 13:13:50] INFO: Calculated checksum: 554c527f
# [2024-04-13 13:13:50] INFO: Writing RNGSTATE file: ./rand_s060t20_b0666300_a_U000270500
# [2024-04-13 13:13:50] INFO: Writing to disk took 7.97913 seconds
# [2024-04-13 13:13:50] INFO: ======================================================================
# [2024-04-13 13:13:50] INFO: Start sweeping...
# [2024-04-13 13:20:28] INFO: It took 398.254 seconds to do 500 HBOR sweeps.
# [2024-04-13 13:20:28] INFO: Plaquette = 0.650075
# [2024-04-13 13:20:28] INFO: Polyakov loop = (-0.00052173,9.05162e-05)
# [2024-04-13 13:20:28] INFO: Writing conf to disk...
# [2024-04-13 13:20:28] INFO: writeconf_nersc: Writing NERSC configuration ./conf_s060t20_b0666300_a_U000271000
# [2024-04-13 13:20:32] INFO: Calculated checksum: 507b9014
# [2024-04-13 13:20:37] INFO: Calculated checksum: 98f7fbbc
# [2024-04-13 13:20:37] INFO: Writing RNGSTATE file: ./rand_s060t20_b0666300_a_U000271000
# [2024-04-13 13:20:37] INFO: Writing to disk took 8.80401 seconds
# [2024-04-13 13:20:37] INFO: ======================================================================
# [2024-04-13 13:20:37] INFO: Start sweeping...
# [2024-04-13 13:27:15] INFO: It took 398.258 seconds to do 500 HBOR sweeps.
# [2024-04-13 13:27:15] INFO: Plaquette = 0.650178
# [2024-04-13 13:27:15] INFO: Polyakov loop = (0.000351736,0.00130125)
# [2024-04-13 13:27:15] INFO: Writing conf to disk...
# [2024-04-13 13:27:15] INFO: writeconf_nersc: Writing NERSC configuration ./conf_s060t20_b0666300_a_U000271500
# [2024-04-13 13:27:18] INFO: Calculated checksum: f9339137
# [2024-04-13 13:27:23] INFO: Calculated checksum: 1f91b444
# [2024-04-13 13:27:23] INFO: Writing RNGSTATE file: ./rand_s060t20_b0666300_a_U000271500
# [2024-04-13 13:27:23] INFO: Writing to disk took 7.78909 seconds
# [2024-04-13 13:27:23] INFO: ======================================================================
# [2024-04-13 13:27:23] INFO: Start sweeping...
# [2024-04-13 13:34:01] INFO: It took 398.289 seconds to do 500 HBOR sweeps.
# [2024-04-13 13:34:01] INFO: Plaquette = 0.650118
# [2024-04-13 13:34:01] INFO: Polyakov loop = (-0.000157216,-0.000631023)
# [2024-04-13 13:34:01] INFO: Writing conf to disk...
# [2024-04-13 13:34:01] INFO: writeconf_nersc: Writing NERSC configuration ./conf_s060t20_b0666300_a_U000272000
# [2024-04-13 13:34:04] INFO: Calculated checksum: a9db24a0
# [2024-04-13 13:34:15] INFO: Calculated checksum: ae5442ab
# [2024-04-13 13:34:15] INFO: Writing RNGSTATE file: ./rand_s060t20_b0666300_a_U000272000
# [2024-04-13 13:34:15] INFO: Writing to disk took 13.7763 seconds
# [2024-04-13 13:34:15] INFO: ======================================================================
# [2024-04-13 13:34:15] INFO: Start sweeping...
# [2024-04-13 13:40:53] INFO: It took 398.058 seconds to do 500 HBOR sweeps.
# [2024-04-13 13:40:53] INFO: Plaquette = 0.650082
# [2024-04-13 13:40:53] INFO: Polyakov loop = (-0.000194477,-0.000624329)
# [2024-04-13 13:40:53] INFO: Writing conf to disk...
# [2024-04-13 13:40:53] INFO: writeconf_nersc: Writing NERSC configuration ./conf_s060t20_b0666300_a_U000272500
# [2024-04-13 13:40:56] INFO: Calculated checksum: 5b5f66cb
# [2024-04-13 13:41:02] INFO: Calculated checksum: cbc4c143
# [2024-04-13 13:41:02] INFO: Writing RNGSTATE file: ./rand_s060t20_b0666300_a_U000272500
# [2024-04-13 13:41:02] INFO: Writing to disk took 8.88933 seconds
# [2024-04-13 13:41:02] INFO: ======================================================================
# [2024-04-13 13:41:02] INFO: Start sweeping...
# [2024-04-13 13:47:41] INFO: It took 398.274 seconds to do 500 HBOR sweeps.
# [2024-04-13 13:47:41] INFO: Plaquette = 0.650029
# [2024-04-13 13:47:41] INFO: Polyakov loop = (0.00132435,9.9035e-05)
# [2024-04-13 13:47:41] INFO: Writing conf to disk...
# [2024-04-13 13:47:41] INFO: writeconf_nersc: Writing NERSC configuration ./conf_s060t20_b0666300_a_U000273000
# [2024-04-13 13:47:44] INFO: Calculated checksum: 3d12b039
# [2024-04-13 13:47:51] INFO: Calculated checksum: f58bc667
# [2024-04-13 13:47:51] INFO: Writing RNGSTATE file: ./rand_s060t20_b0666300_a_U000273000
# [2024-04-13 13:47:51] INFO: Writing to disk took 10.1305 seconds
# [2024-04-13 13:47:51] INFO: ======================================================================
# [2024-04-13 13:47:51] INFO: Start sweeping...
# [2024-04-13 13:54:29] INFO: It took 397.979 seconds to do 500 HBOR sweeps.
# [2024-04-13 13:54:29] INFO: Plaquette = 0.650062
# [2024-04-13 13:54:29] INFO: Polyakov loop = (0.000135182,0.000470875)
# [2024-04-13 13:54:29] INFO: Writing conf to disk...
# [2024-04-13 13:54:29] INFO: writeconf_nersc: Writing NERSC configuration ./conf_s060t20_b0666300_a_U000273500
# [2024-04-13 13:54:32] INFO: Calculated checksum: 7be00d48
# [2024-04-13 13:54:37] INFO: Calculated checksum: ac08ccdd
# [2024-04-13 13:54:37] INFO: Writing RNGSTATE file: ./rand_s060t20_b0666300_a_U000273500
# [2024-04-13 13:54:37] INFO: Writing to disk took 8.27794 seconds
# [2024-04-13 13:54:37] INFO: ======================================================================
# [2024-04-13 13:54:37] INFO: Start sweeping...
# [2024-04-13 14:01:15] INFO: It took 398.06 seconds to do 500 HBOR sweeps.
# [2024-04-13 14:01:15] INFO: Plaquette = 0.650155
# [2024-04-13 14:01:15] INFO: Polyakov loop = (0.00045572,0.000286734)
# [2024-04-13 14:01:15] INFO: Writing conf to disk...
# [2024-04-13 14:01:15] INFO: writeconf_nersc: Writing NERSC configuration ./conf_s060t20_b0666300_a_U000274000
# [2024-04-13 14:01:18] INFO: Calculated checksum: f69517d8
# [2024-04-13 14:01:23] INFO: Calculated checksum: e0e5dbb1
# [2024-04-13 14:01:23] INFO: Writing RNGSTATE file: ./rand_s060t20_b0666300_a_U000274000
# [2024-04-13 14:01:23] INFO: Writing to disk took 8.35529 seconds
# [2024-04-13 14:01:23] INFO: ======================================================================
# [2024-04-13 14:01:23] INFO: Start sweeping...
# [2024-04-13 14:08:02] INFO: It took 398.059 seconds to do 500 HBOR sweeps.
# [2024-04-13 14:08:02] INFO: Plaquette = 0.6501
# [2024-04-13 14:08:02] INFO: Polyakov loop = (0.000817751,0.00034846)
# [2024-04-13 14:08:02] INFO: Writing conf to disk...
# [2024-04-13 14:08:02] INFO: writeconf_nersc: Writing NERSC configuration ./conf_s060t20_b0666300_a_U000274500
# [2024-04-13 14:08:05] INFO: Calculated checksum: 980c1a12
# [2024-04-13 14:08:10] INFO: Calculated checksum: cdd463d0
# [2024-04-13 14:08:10] INFO: Writing RNGSTATE file: ./rand_s060t20_b0666300_a_U000274500
# [2024-04-13 14:08:10] INFO: Writing to disk took 8.65538 seconds
# [2024-04-13 14:08:10] INFO: ======================================================================
# [2024-04-13 14:08:10] INFO: Start sweeping...
# [2024-04-13 14:14:48] INFO: It took 398.027 seconds to do 500 HBOR sweeps.
# [2024-04-13 14:14:48] INFO: Plaquette = 0.650158
# [2024-04-13 14:14:48] INFO: Polyakov loop = (0.00044269,-0.000224647)
# [2024-04-13 14:14:48] INFO: Writing conf to disk...
# [2024-04-13 14:14:48] INFO: writeconf_nersc: Writing NERSC configuration ./conf_s060t20_b0666300_a_U000275000
# [2024-04-13 14:14:51] INFO: Calculated checksum: b19dbd43
# [2024-04-13 14:14:57] INFO: Calculated checksum: 35a55472
# [2024-04-13 14:14:57] INFO: Writing RNGSTATE file: ./rand_s060t20_b0666300_a_U000275000
# [2024-04-13 14:14:57] INFO: Writing to disk took 8.48327 seconds
# [2024-04-13 14:14:57] INFO: ======================================================================
# [2024-04-13 14:14:57] INFO: Start sweeping...
# [2024-04-13 14:21:35] INFO: It took 398.056 seconds to do 500 HBOR sweeps.
# [2024-04-13 14:21:35] INFO: Plaquette = 0.650106
# [2024-04-13 14:21:35] INFO: Polyakov loop = (0.000764491,0.000221832)
# [2024-04-13 14:21:35] INFO: Writing conf to disk...
# [2024-04-13 14:21:35] INFO: writeconf_nersc: Writing NERSC configuration ./conf_s060t20_b0666300_a_U000275500
# [2024-04-13 14:21:38] INFO: Calculated checksum: fabc20a6
# [2024-04-13 14:21:43] INFO: Calculated checksum: 722e3d1d
# [2024-04-13 14:21:43] INFO: Writing RNGSTATE file: ./rand_s060t20_b0666300_a_U000275500
# [2024-04-13 14:21:44] INFO: Writing to disk took 8.7111 seconds
# [2024-04-13 14:21:44] INFO: ======================================================================
# [2024-04-13 14:21:44] INFO: Start sweeping...
# [2024-04-13 14:28:22] INFO: It took 398.07 seconds to do 500 HBOR sweeps.
# [2024-04-13 14:28:22] INFO: Plaquette = 0.65015
# [2024-04-13 14:28:22] INFO: Polyakov loop = (-0.000217765,-0.00020683)
# [2024-04-13 14:28:22] INFO: Writing conf to disk...
# [2024-04-13 14:28:22] INFO: writeconf_nersc: Writing NERSC configuration ./conf_s060t20_b0666300_a_U000276000
# [2024-04-13 14:28:25] INFO: Calculated checksum: 39b3fe6e
# [2024-04-13 14:28:31] INFO: Calculated checksum: 27b2706e
# [2024-04-13 14:28:31] INFO: Writing RNGSTATE file: ./rand_s060t20_b0666300_a_U000276000
# [2024-04-13 14:28:31] INFO: Writing to disk took 9.05396 seconds
# [2024-04-13 14:28:31] INFO: ======================================================================
# [2024-04-13 14:28:31] INFO: Start sweeping...
# [2024-04-13 14:35:09] INFO: It took 398.107 seconds to do 500 HBOR sweeps.
# [2024-04-13 14:35:09] INFO: Plaquette = 0.650053
# [2024-04-13 14:35:09] INFO: Polyakov loop = (0.00125656,0.000219157)
# [2024-04-13 14:35:09] INFO: Writing conf to disk...
# [2024-04-13 14:35:09] INFO: writeconf_nersc: Writing NERSC configuration ./conf_s060t20_b0666300_a_U000276500
# [2024-04-13 14:35:12] INFO: Calculated checksum: cc7195ae
# [2024-04-13 14:35:18] INFO: Calculated checksum: 562e4942
# [2024-04-13 14:35:18] INFO: Writing RNGSTATE file: ./rand_s060t20_b0666300_a_U000276500
# [2024-04-13 14:35:18] INFO: Writing to disk took 8.7538 seconds
# [2024-04-13 14:35:18] INFO: ======================================================================
# [2024-04-13 14:35:18] INFO: Start sweeping...
# [2024-04-13 14:41:56] INFO: It took 398.13 seconds to do 500 HBOR sweeps.
# [2024-04-13 14:41:56] INFO: Plaquette = 0.650025
# [2024-04-13 14:41:56] INFO: Polyakov loop = (0.00135918,0.00146862)
# [2024-04-13 14:41:56] INFO: Writing conf to disk...
# [2024-04-13 14:41:56] INFO: writeconf_nersc: Writing NERSC configuration ./conf_s060t20_b0666300_a_U000277000
# [2024-04-13 14:41:59] INFO: Calculated checksum: 1abf68b1
# [2024-04-13 14:42:04] INFO: Calculated checksum: e33b991c
# [2024-04-13 14:42:04] INFO: Writing RNGSTATE file: ./rand_s060t20_b0666300_a_U000277000
# [2024-04-13 14:42:04] INFO: Writing to disk took 8.61848 seconds
# [2024-04-13 14:42:04] INFO: ======================================================================
# [2024-04-13 14:42:04] INFO: Start sweeping...
# [2024-04-13 14:48:43] INFO: It took 398.166 seconds to do 500 HBOR sweeps.
# [2024-04-13 14:48:43] INFO: Plaquette = 0.65
# [2024-04-13 14:48:43] INFO: Polyakov loop = (0.000689799,-7.81732e-05)
# [2024-04-13 14:48:43] INFO: Writing conf to disk...
# [2024-04-13 14:48:43] INFO: writeconf_nersc: Writing NERSC configuration ./conf_s060t20_b0666300_a_U000277500
# [2024-04-13 14:48:46] INFO: Calculated checksum: 3c4b1464
# [2024-04-13 14:48:52] INFO: Calculated checksum: 49efa3f9
# [2024-04-13 14:48:52] INFO: Writing RNGSTATE file: ./rand_s060t20_b0666300_a_U000277500
# [2024-04-13 14:48:52] INFO: Writing to disk took 9.02934 seconds
# [2024-04-13 14:48:52] INFO: ======================================================================
# [2024-04-13 14:48:52] INFO: Start sweeping...
# [2024-04-13 14:55:30] INFO: It took 398.15 seconds to do 500 HBOR sweeps.
# [2024-04-13 14:55:30] INFO: Plaquette = 0.650068
# [2024-04-13 14:55:30] INFO: Polyakov loop = (0.000510787,0.00116018)
# [2024-04-13 14:55:30] INFO: Writing conf to disk...
# [2024-04-13 14:55:30] INFO: writeconf_nersc: Writing NERSC configuration ./conf_s060t20_b0666300_a_U000278000
# [2024-04-13 14:55:33] INFO: Calculated checksum: a29fb81
# [2024-04-13 14:55:39] INFO: Calculated checksum: b1be0b70
# [2024-04-13 14:55:39] INFO: Writing RNGSTATE file: ./rand_s060t20_b0666300_a_U000278000
# [2024-04-13 14:55:39] INFO: Writing to disk took 8.88282 seconds
# [2024-04-13 14:55:39] INFO: ======================================================================
# [2024-04-13 14:55:39] INFO: Start sweeping...
# [2024-04-13 15:02:17] INFO: It took 398.108 seconds to do 500 HBOR sweeps.
# [2024-04-13 15:02:17] INFO: Plaquette = 0.650042
# [2024-04-13 15:02:17] INFO: Polyakov loop = (-0.000916262,0.000705556)
# [2024-04-13 15:02:17] INFO: Writing conf to disk...
# [2024-04-13 15:02:17] INFO: writeconf_nersc: Writing NERSC configuration ./conf_s060t20_b0666300_a_U000278500
# [2024-04-13 15:02:20] INFO: Calculated checksum: ca502006
# [2024-04-13 15:02:25] INFO: Calculated checksum: d124f675
# [2024-04-13 15:02:25] INFO: Writing RNGSTATE file: ./rand_s060t20_b0666300_a_U000278500
# [2024-04-13 15:02:26] INFO: Writing to disk took 8.62069 seconds
# [2024-04-13 15:02:26] INFO: ======================================================================
# [2024-04-13 15:02:26] INFO: Start sweeping...
# [2024-04-13 15:09:04] INFO: It took 398.117 seconds to do 500 HBOR sweeps.
# [2024-04-13 15:09:04] INFO: Plaquette = 0.650092
# [2024-04-13 15:09:04] INFO: Polyakov loop = (-0.00104367,-0.00084949)
# [2024-04-13 15:09:04] INFO: Writing conf to disk...
# [2024-04-13 15:09:04] INFO: writeconf_nersc: Writing NERSC configuration ./conf_s060t20_b0666300_a_U000279000
# [2024-04-13 15:09:07] INFO: Calculated checksum: b687aea9
# [2024-04-13 15:09:13] INFO: Calculated checksum: 7f21317
# [2024-04-13 15:09:13] INFO: Writing RNGSTATE file: ./rand_s060t20_b0666300_a_U000279000
# [2024-04-13 15:09:13] INFO: Writing to disk took 9.14511 seconds
# [2024-04-13 15:09:13] INFO: ======================================================================
# [2024-04-13 15:09:13] INFO: Start sweeping...
# [2024-04-13 15:15:51] INFO: It took 398.099 seconds to do 500 HBOR sweeps.
# [2024-04-13 15:15:51] INFO: Plaquette = 0.650056
# [2024-04-13 15:15:51] INFO: Polyakov loop = (-0.000152497,-0.000165521)
# [2024-04-13 15:15:51] INFO: Writing conf to disk...
# [2024-04-13 15:15:51] INFO: writeconf_nersc: Writing NERSC configuration ./conf_s060t20_b0666300_a_U000279500
# [2024-04-13 15:15:54] INFO: Calculated checksum: 43c1e264
# [2024-04-13 15:16:00] INFO: Calculated checksum: 9d58851b
# [2024-04-13 15:16:00] INFO: Writing RNGSTATE file: ./rand_s060t20_b0666300_a_U000279500
# [2024-04-13 15:16:00] INFO: Writing to disk took 8.71233 seconds
# [2024-04-13 15:16:00] INFO: ======================================================================
# [2024-04-13 15:16:00] INFO: Start sweeping...
# [2024-04-13 15:22:38] INFO: It took 398.187 seconds to do 500 HBOR sweeps.
# [2024-04-13 15:22:38] INFO: Plaquette = 0.650135
# [2024-04-13 15:22:38] INFO: Polyakov loop = (0.000228379,-0.000837735)
# [2024-04-13 15:22:38] INFO: Writing conf to disk...
# [2024-04-13 15:22:38] INFO: writeconf_nersc: Writing NERSC configuration ./conf_s060t20_b0666300_a_U000280000
# [2024-04-13 15:22:41] INFO: Calculated checksum: ccbe8b26
# [2024-04-13 15:22:47] INFO: Calculated checksum: d1796934
# [2024-04-13 15:22:47] INFO: Writing RNGSTATE file: ./rand_s060t20_b0666300_a_U000280000
# [2024-04-13 15:22:47] INFO: Writing to disk took 9.25289 seconds
# [2024-04-13 15:22:47] INFO: ======================================================================
# [2024-04-13 15:22:47] INFO: Start sweeping...
# [2024-04-13 15:29:25] INFO: It took 398.166 seconds to do 500 HBOR sweeps.
# [2024-04-13 15:29:25] INFO: Plaquette = 0.650015
# [2024-04-13 15:29:25] INFO: Polyakov loop = (0.000795617,7.11457e-05)
# [2024-04-13 15:29:25] INFO: Writing conf to disk...
# [2024-04-13 15:29:25] INFO: writeconf_nersc: Writing NERSC configuration ./conf_s060t20_b0666300_a_U000280500
# [2024-04-13 15:29:28] INFO: Calculated checksum: 2eb70f9c
# [2024-04-13 15:29:34] INFO: Calculated checksum: ab798e4d
# [2024-04-13 15:29:34] INFO: Writing RNGSTATE file: ./rand_s060t20_b0666300_a_U000280500
# [2024-04-13 15:29:34] INFO: Writing to disk took 8.56946 seconds
# [2024-04-13 15:29:34] INFO: ======================================================================
# [2024-04-13 15:29:34] INFO: Start sweeping...
# [2024-04-13 15:36:12] INFO: It took 398.153 seconds to do 500 HBOR sweeps.
# [2024-04-13 15:36:12] INFO: Plaquette = 0.650093
# [2024-04-13 15:36:12] INFO: Polyakov loop = (0.000290887,-0.00086013)
# [2024-04-13 15:36:12] INFO: Writing conf to disk...
# [2024-04-13 15:36:12] INFO: writeconf_nersc: Writing NERSC configuration ./conf_s060t20_b0666300_a_U000281000
# [2024-04-13 15:36:15] INFO: Calculated checksum: 980b4c03
# [2024-04-13 15:36:21] INFO: Calculated checksum: ad93f86f
# [2024-04-13 15:36:21] INFO: Writing RNGSTATE file: ./rand_s060t20_b0666300_a_U000281000
# [2024-04-13 15:36:21] INFO: Writing to disk took 8.57408 seconds
# [2024-04-13 15:36:21] INFO: ======================================================================
# [2024-04-13 15:36:21] INFO: Start sweeping...
# [2024-04-13 15:42:59] INFO: It took 398.172 seconds to do 500 HBOR sweeps.
# [2024-04-13 15:42:59] INFO: Plaquette = 0.650068
# [2024-04-13 15:42:59] INFO: Polyakov loop = (0.000502946,-2.18199e-05)
# [2024-04-13 15:42:59] INFO: Writing conf to disk...
# [2024-04-13 15:42:59] INFO: writeconf_nersc: Writing NERSC configuration ./conf_s060t20_b0666300_a_U000281500
# [2024-04-13 15:43:02] INFO: Calculated checksum: 529ac62e
# [2024-04-13 15:43:07] INFO: Calculated checksum: 6b3abc8e
# [2024-04-13 15:43:07] INFO: Writing RNGSTATE file: ./rand_s060t20_b0666300_a_U000281500
# [2024-04-13 15:43:07] INFO: Writing to disk took 8.41247 seconds
# [2024-04-13 15:43:07] INFO: ======================================================================
# [2024-04-13 15:43:07] INFO: Start sweeping...
# [2024-04-13 15:49:46] INFO: It took 398.164 seconds to do 500 HBOR sweeps.
# [2024-04-13 15:49:46] INFO: Plaquette = 0.650012
# [2024-04-13 15:49:46] INFO: Polyakov loop = (-0.000456252,0.00125764)
# [2024-04-13 15:49:46] INFO: Writing conf to disk...
# [2024-04-13 15:49:46] INFO: writeconf_nersc: Writing NERSC configuration ./conf_s060t20_b0666300_a_U000282000
# [2024-04-13 15:49:49] INFO: Calculated checksum: 53a82418
# [2024-04-13 15:49:53] INFO: Calculated checksum: f6fa95bd
# [2024-04-13 15:49:53] INFO: Writing RNGSTATE file: ./rand_s060t20_b0666300_a_U000282000
# [2024-04-13 15:49:54] INFO: Writing to disk took 7.92626 seconds
# [2024-04-13 15:49:54] INFO: ======================================================================
# [2024-04-13 15:49:54] INFO: Start sweeping...
# [2024-04-13 15:56:32] INFO: It took 398.15 seconds to do 500 HBOR sweeps.
# [2024-04-13 15:56:32] INFO: Plaquette = 0.650062
# [2024-04-13 15:56:32] INFO: Polyakov loop = (0.000682171,-0.00112234)
# [2024-04-13 15:56:32] INFO: Writing conf to disk...
# [2024-04-13 15:56:32] INFO: writeconf_nersc: Writing NERSC configuration ./conf_s060t20_b0666300_a_U000282500
# [2024-04-13 15:56:35] INFO: Calculated checksum: 884feaa6
# [2024-04-13 15:56:40] INFO: Calculated checksum: 8e3fd7db
# [2024-04-13 15:56:40] INFO: Writing RNGSTATE file: ./rand_s060t20_b0666300_a_U000282500
# [2024-04-13 15:56:40] INFO: Writing to disk took 8.05021 seconds
# [2024-04-13 15:56:40] INFO: ======================================================================
# [2024-04-13 15:56:40] INFO: Start sweeping...
# [2024-04-13 16:03:18] INFO: It took 398.199 seconds to do 500 HBOR sweeps.
# [2024-04-13 16:03:18] INFO: Plaquette = 0.650043
# [2024-04-13 16:03:18] INFO: Polyakov loop = (0.00096217,0.000264312)
# [2024-04-13 16:03:18] INFO: Writing conf to disk...
# [2024-04-13 16:03:18] INFO: writeconf_nersc: Writing NERSC configuration ./conf_s060t20_b0666300_a_U000283000
# [2024-04-13 16:03:21] INFO: Calculated checksum: 9cd7f291
# [2024-04-13 16:03:27] INFO: Calculated checksum: f38170f6
# [2024-04-13 16:03:27] INFO: Writing RNGSTATE file: ./rand_s060t20_b0666300_a_U000283000
# [2024-04-13 16:03:27] INFO: Writing to disk took 8.70505 seconds
# [2024-04-13 16:03:27] INFO: ======================================================================
# [2024-04-13 16:03:27] INFO: Start sweeping...
# [2024-04-13 16:10:05] INFO: It took 398.166 seconds to do 500 HBOR sweeps.
# [2024-04-13 16:10:05] INFO: Plaquette = 0.65013
# [2024-04-13 16:10:05] INFO: Polyakov loop = (4.90644e-05,0.000149789)
# [2024-04-13 16:10:05] INFO: Writing conf to disk...
# [2024-04-13 16:10:05] INFO: writeconf_nersc: Writing NERSC configuration ./conf_s060t20_b0666300_a_U000283500
# [2024-04-13 16:10:08] INFO: Calculated checksum: 1904f2c1
# [2024-04-13 16:10:14] INFO: Calculated checksum: 8b901473
# [2024-04-13 16:10:14] INFO: Writing RNGSTATE file: ./rand_s060t20_b0666300_a_U000283500
# [2024-04-13 16:10:14] INFO: Writing to disk took 8.83634 seconds
# [2024-04-13 16:10:14] INFO: ======================================================================
# [2024-04-13 16:10:14] INFO: Start sweeping...
# [2024-04-13 16:16:52] INFO: It took 398.126 seconds to do 500 HBOR sweeps.
# [2024-04-13 16:16:52] INFO: Plaquette = 0.650082
# [2024-04-13 16:16:52] INFO: Polyakov loop = (0.000544223,0.000357078)
# [2024-04-13 16:16:52] INFO: Writing conf to disk...
# [2024-04-13 16:16:52] INFO: writeconf_nersc: Writing NERSC configuration ./conf_s060t20_b0666300_a_U000284000
# [2024-04-13 16:16:55] INFO: Calculated checksum: f32b54c8
# [2024-04-13 16:17:00] INFO: Calculated checksum: cc0132c7
# [2024-04-13 16:17:00] INFO: Writing RNGSTATE file: ./rand_s060t20_b0666300_a_U000284000
# [2024-04-13 16:17:00] INFO: Writing to disk took 8.19588 seconds
# [2024-04-13 16:17:00] INFO: ======================================================================
# [2024-04-13 16:17:00] INFO: Start sweeping...
# [2024-04-13 16:23:38] INFO: It took 398.138 seconds to do 500 HBOR sweeps.
# [2024-04-13 16:23:38] INFO: Plaquette = 0.650145
# [2024-04-13 16:23:38] INFO: Polyakov loop = (0.00153461,-0.000229884)
# [2024-04-13 16:23:38] INFO: Writing conf to disk...
# [2024-04-13 16:23:38] INFO: writeconf_nersc: Writing NERSC configuration ./conf_s060t20_b0666300_a_U000284500
# [2024-04-13 16:23:41] INFO: Calculated checksum: 35dbeda5
# [2024-04-13 16:23:47] INFO: Calculated checksum: 6d1405d4
# [2024-04-13 16:23:47] INFO: Writing RNGSTATE file: ./rand_s060t20_b0666300_a_U000284500
# [2024-04-13 16:23:47] INFO: Writing to disk took 9.06031 seconds
# [2024-04-13 16:23:47] INFO: ======================================================================
# [2024-04-13 16:23:47] INFO: Start sweeping...
# [2024-04-13 16:30:26] INFO: It took 398.156 seconds to do 500 HBOR sweeps.
# [2024-04-13 16:30:26] INFO: Plaquette = 0.650052
# [2024-04-13 16:30:26] INFO: Polyakov loop = (0.0011543,0.000736207)
# [2024-04-13 16:30:26] INFO: Writing conf to disk...
# [2024-04-13 16:30:26] INFO: writeconf_nersc: Writing NERSC configuration ./conf_s060t20_b0666300_a_U000285000
# [2024-04-13 16:30:29] INFO: Calculated checksum: 8f602c9f
# [2024-04-13 16:30:33] INFO: Calculated checksum: e230d2dc
# [2024-04-13 16:30:33] INFO: Writing RNGSTATE file: ./rand_s060t20_b0666300_a_U000285000
# [2024-04-13 16:30:34] INFO: Writing to disk took 7.90149 seconds
# [2024-04-13 16:30:34] INFO: ======================================================================
# [2024-04-13 16:30:34] INFO: Start sweeping...
# [2024-04-13 16:37:12] INFO: It took 398.152 seconds to do 500 HBOR sweeps.
# [2024-04-13 16:37:12] INFO: Plaquette = 0.65008
# [2024-04-13 16:37:12] INFO: Polyakov loop = (0.000487404,0.000782815)
# [2024-04-13 16:37:12] INFO: Writing conf to disk...
# [2024-04-13 16:37:12] INFO: writeconf_nersc: Writing NERSC configuration ./conf_s060t20_b0666300_a_U000285500
# [2024-04-13 16:37:15] INFO: Calculated checksum: 10a0b324
# [2024-04-13 16:37:20] INFO: Calculated checksum: c987f2c3
# [2024-04-13 16:37:20] INFO: Writing RNGSTATE file: ./rand_s060t20_b0666300_a_U000285500
# [2024-04-13 16:37:20] INFO: Writing to disk took 8.27263 seconds
# [2024-04-13 16:37:20] INFO: ======================================================================
# [2024-04-13 16:37:20] INFO: Start sweeping...
# [2024-04-13 16:43:58] INFO: It took 398.136 seconds to do 500 HBOR sweeps.
# [2024-04-13 16:43:58] INFO: Plaquette = 0.650125
# [2024-04-13 16:43:58] INFO: Polyakov loop = (0.000640358,-1.55181e-05)
# [2024-04-13 16:43:58] INFO: Writing conf to disk...
# [2024-04-13 16:43:58] INFO: writeconf_nersc: Writing NERSC configuration ./conf_s060t20_b0666300_a_U000286000
# [2024-04-13 16:44:01] INFO: Calculated checksum: 2f011a85
# [2024-04-13 16:44:06] INFO: Calculated checksum: c0086118
# [2024-04-13 16:44:06] INFO: Writing RNGSTATE file: ./rand_s060t20_b0666300_a_U000286000
# [2024-04-13 16:44:07] INFO: Writing to disk took 8.71271 seconds
# [2024-04-13 16:44:07] INFO: ======================================================================
# [2024-04-13 16:44:07] INFO: Start sweeping...
# [2024-04-13 16:50:45] INFO: It took 398.158 seconds to do 500 HBOR sweeps.
# [2024-04-13 16:50:45] INFO: Plaquette = 0.650134
# [2024-04-13 16:50:45] INFO: Polyakov loop = (0.000312036,-0.00019214)
# [2024-04-13 16:50:45] INFO: Writing conf to disk...
# [2024-04-13 16:50:45] INFO: writeconf_nersc: Writing NERSC configuration ./conf_s060t20_b0666300_a_U000286500
# [2024-04-13 16:50:48] INFO: Calculated checksum: 8313e69a
# [2024-04-13 16:50:53] INFO: Calculated checksum: 72d132f4
# [2024-04-13 16:50:53] INFO: Writing RNGSTATE file: ./rand_s060t20_b0666300_a_U000286500
# [2024-04-13 16:50:53] INFO: Writing to disk took 7.70801 seconds
# [2024-04-13 16:50:53] INFO: ======================================================================
# [2024-04-13 16:50:53] INFO: Start sweeping...
# [2024-04-13 16:57:31] INFO: It took 398.188 seconds to do 500 HBOR sweeps.
# [2024-04-13 16:57:31] INFO: Plaquette = 0.650205
# [2024-04-13 16:57:31] INFO: Polyakov loop = (0.000410144,0.000177249)
# [2024-04-13 16:57:31] INFO: Writing conf to disk...
# [2024-04-13 16:57:31] INFO: writeconf_nersc: Writing NERSC configuration ./conf_s060t20_b0666300_a_U000287000
# [2024-04-13 16:57:34] INFO: Calculated checksum: f4e95849
# [2024-04-13 16:57:39] INFO: Calculated checksum: 634a259d
# [2024-04-13 16:57:39] INFO: Writing RNGSTATE file: ./rand_s060t20_b0666300_a_U000287000
# [2024-04-13 16:57:39] INFO: Writing to disk took 7.87117 seconds
# [2024-04-13 16:57:39] INFO: ======================================================================
# [2024-04-13 16:57:39] INFO: Start sweeping...
# [2024-04-13 17:04:17] INFO: It took 398.2 seconds to do 500 HBOR sweeps.
# [2024-04-13 17:04:17] INFO: Plaquette = 0.65
# [2024-04-13 17:04:17] INFO: Polyakov loop = (-0.000107519,-0.000112662)
# [2024-04-13 17:04:17] INFO: Writing conf to disk...
# [2024-04-13 17:04:17] INFO: writeconf_nersc: Writing NERSC configuration ./conf_s060t20_b0666300_a_U000287500
# [2024-04-13 17:04:20] INFO: Calculated checksum: aa0d2171
# [2024-04-13 17:04:25] INFO: Calculated checksum: 7c153dc
# [2024-04-13 17:04:25] INFO: Writing RNGSTATE file: ./rand_s060t20_b0666300_a_U000287500
# [2024-04-13 17:04:25] INFO: Writing to disk took 7.60446 seconds
# [2024-04-13 17:04:25] INFO: ======================================================================
# [2024-04-13 17:04:25] INFO: Start sweeping...
# [2024-04-13 17:11:03] INFO: It took 398.244 seconds to do 500 HBOR sweeps.
# [2024-04-13 17:11:03] INFO: Plaquette = 0.649979
# [2024-04-13 17:11:03] INFO: Polyakov loop = (-0.000558843,0.000274174)
# [2024-04-13 17:11:03] INFO: Writing conf to disk...
# [2024-04-13 17:11:03] INFO: writeconf_nersc: Writing NERSC configuration ./conf_s060t20_b0666300_a_U000288000
# [2024-04-13 17:11:06] INFO: Calculated checksum: 46cebe06
# [2024-04-13 17:11:11] INFO: Calculated checksum: e324e9eb
# [2024-04-13 17:11:11] INFO: Writing RNGSTATE file: ./rand_s060t20_b0666300_a_U000288000
# [2024-04-13 17:11:11] INFO: Writing to disk took 7.82634 seconds
# [2024-04-13 17:11:11] INFO: ======================================================================
# [2024-04-13 17:11:11] INFO: Start sweeping...
# [2024-04-13 17:17:49] INFO: It took 398.14 seconds to do 500 HBOR sweeps.
# [2024-04-13 17:17:49] INFO: Plaquette = 0.650094
# [2024-04-13 17:17:49] INFO: Polyakov loop = (-0.000355219,-0.000959176)
# [2024-04-13 17:17:49] INFO: Writing conf to disk...
# [2024-04-13 17:17:49] INFO: writeconf_nersc: Writing NERSC configuration ./conf_s060t20_b0666300_a_U000288500
# [2024-04-13 17:17:52] INFO: Calculated checksum: 733b93cc
# [2024-04-13 17:17:57] INFO: Calculated checksum: a6661317
# [2024-04-13 17:17:57] INFO: Writing RNGSTATE file: ./rand_s060t20_b0666300_a_U000288500
# [2024-04-13 17:17:57] INFO: Writing to disk took 7.86196 seconds
# [2024-04-13 17:17:57] INFO: ======================================================================
# [2024-04-13 17:17:57] INFO: Start sweeping...
# [2024-04-13 17:24:35] INFO: It took 398.17 seconds to do 500 HBOR sweeps.
# [2024-04-13 17:24:35] INFO: Plaquette = 0.650009
# [2024-04-13 17:24:35] INFO: Polyakov loop = (-0.000268401,-1.71477e-05)
# [2024-04-13 17:24:35] INFO: Writing conf to disk...
# [2024-04-13 17:24:35] INFO: writeconf_nersc: Writing NERSC configuration ./conf_s060t20_b0666300_a_U000289000
# [2024-04-13 17:24:38] INFO: Calculated checksum: 26fdbfd3
# [2024-04-13 17:24:43] INFO: Calculated checksum: 5e24a4e7
# [2024-04-13 17:24:43] INFO: Writing RNGSTATE file: ./rand_s060t20_b0666300_a_U000289000
# [2024-04-13 17:24:43] INFO: Writing to disk took 7.96209 seconds
# [2024-04-13 17:24:43] INFO: ======================================================================
# [2024-04-13 17:24:43] INFO: Start sweeping...
# [2024-04-13 17:31:21] INFO: It took 398.105 seconds to do 500 HBOR sweeps.
# [2024-04-13 17:31:21] INFO: Plaquette = 0.650007
# [2024-04-13 17:31:21] INFO: Polyakov loop = (0.000233574,0.000707856)
# [2024-04-13 17:31:21] INFO: Writing conf to disk...
# [2024-04-13 17:31:21] INFO: writeconf_nersc: Writing NERSC configuration ./conf_s060t20_b0666300_a_U000289500
# [2024-04-13 17:31:24] INFO: Calculated checksum: 390d3e09
# [2024-04-13 17:31:30] INFO: Calculated checksum: a21be75a
# [2024-04-13 17:31:30] INFO: Writing RNGSTATE file: ./rand_s060t20_b0666300_a_U000289500
# [2024-04-13 17:31:30] INFO: Writing to disk took 9.0769 seconds
# [2024-04-13 17:31:30] INFO: ======================================================================
# [2024-04-13 17:31:30] INFO: Start sweeping...
# [2024-04-13 17:38:08] INFO: It took 398.091 seconds to do 500 HBOR sweeps.
# [2024-04-13 17:38:08] INFO: Plaquette = 0.650079
# [2024-04-13 17:38:08] INFO: Polyakov loop = (0.000145962,0.000664496)
# [2024-04-13 17:38:08] INFO: Writing conf to disk...
# [2024-04-13 17:38:08] INFO: writeconf_nersc: Writing NERSC configuration ./conf_s060t20_b0666300_a_U000290000
# [2024-04-13 17:38:11] INFO: Calculated checksum: 701acc8d
# [2024-04-13 17:38:16] INFO: Calculated checksum: 17bd8ba7
# [2024-04-13 17:38:16] INFO: Writing RNGSTATE file: ./rand_s060t20_b0666300_a_U000290000
# [2024-04-13 17:38:16] INFO: Writing to disk took 7.73302 seconds
# [2024-04-13 17:38:16] INFO: ======================================================================
# [2024-04-13 17:38:16] INFO: Start sweeping...
# [2024-04-13 17:44:54] INFO: It took 398.156 seconds to do 500 HBOR sweeps.
# [2024-04-13 17:44:55] INFO: Plaquette = 0.650047
# [2024-04-13 17:44:55] INFO: Polyakov loop = (0.00112081,-0.000283738)
# [2024-04-13 17:44:55] INFO: Writing conf to disk...
# [2024-04-13 17:44:55] INFO: writeconf_nersc: Writing NERSC configuration ./conf_s060t20_b0666300_a_U000290500
# [2024-04-13 17:44:58] INFO: Calculated checksum: 5a5b09be
# [2024-04-13 17:45:02] INFO: Calculated checksum: c8c242fb
# [2024-04-13 17:45:02] INFO: Writing RNGSTATE file: ./rand_s060t20_b0666300_a_U000290500
# [2024-04-13 17:45:02] INFO: Writing to disk took 7.76979 seconds
# [2024-04-13 17:45:02] INFO: ======================================================================
# [2024-04-13 17:45:02] INFO: Start sweeping...
# [2024-04-13 17:51:41] INFO: It took 398.132 seconds to do 500 HBOR sweeps.
# [2024-04-13 17:51:41] INFO: Plaquette = 0.650046
# [2024-04-13 17:51:41] INFO: Polyakov loop = (0.000817748,-0.000425315)
# [2024-04-13 17:51:41] INFO: Writing conf to disk...
# [2024-04-13 17:51:41] INFO: writeconf_nersc: Writing NERSC configuration ./conf_s060t20_b0666300_a_U000291000
# [2024-04-13 17:51:44] INFO: Calculated checksum: be1d631e
# [2024-04-13 17:51:48] INFO: Calculated checksum: 580f59e2
# [2024-04-13 17:51:48] INFO: Writing RNGSTATE file: ./rand_s060t20_b0666300_a_U000291000
# [2024-04-13 17:51:48] INFO: Writing to disk took 7.84505 seconds
# [2024-04-13 17:51:48] INFO: ======================================================================
# [2024-04-13 17:51:48] INFO: Start sweeping...
# [2024-04-13 17:58:27] INFO: It took 398.138 seconds to do 500 HBOR sweeps.
# [2024-04-13 17:58:27] INFO: Plaquette = 0.650235
# [2024-04-13 17:58:27] INFO: Polyakov loop = (0.000284193,-0.000199347)
# [2024-04-13 17:58:27] INFO: Writing conf to disk...
# [2024-04-13 17:58:27] INFO: writeconf_nersc: Writing NERSC configuration ./conf_s060t20_b0666300_a_U000291500
# [2024-04-13 17:58:30] INFO: Calculated checksum: 7d68debc
# [2024-04-13 17:58:34] INFO: Calculated checksum: 8848174f
# [2024-04-13 17:58:34] INFO: Writing RNGSTATE file: ./rand_s060t20_b0666300_a_U000291500
# [2024-04-13 17:58:35] INFO: Writing to disk took 7.95251 seconds
# [2024-04-13 17:58:35] INFO: ======================================================================
# [2024-04-13 17:58:35] INFO: Start sweeping...
# [2024-04-13 18:05:13] INFO: It took 398.155 seconds to do 500 HBOR sweeps.
# [2024-04-13 18:05:13] INFO: Plaquette = 0.650035
# [2024-04-13 18:05:13] INFO: Polyakov loop = (0.000370823,-7.26598e-06)
# [2024-04-13 18:05:13] INFO: Writing conf to disk...
# [2024-04-13 18:05:13] INFO: writeconf_nersc: Writing NERSC configuration ./conf_s060t20_b0666300_a_U000292000
# [2024-04-13 18:05:16] INFO: Calculated checksum: bfb05d8f
# [2024-04-13 18:05:21] INFO: Calculated checksum: 3a08a72
# [2024-04-13 18:05:22] INFO: Writing RNGSTATE file: ./rand_s060t20_b0666300_a_U000292000
# [2024-04-13 18:05:23] INFO: Writing to disk took 10.5471 seconds
# [2024-04-13 18:05:23] INFO: ======================================================================
# [2024-04-13 18:05:23] INFO: Start sweeping...
# [2024-04-13 18:12:01] INFO: It took 398.07 seconds to do 500 HBOR sweeps.
# [2024-04-13 18:12:01] INFO: Plaquette = 0.650112
# [2024-04-13 18:12:01] INFO: Polyakov loop = (9.91328e-05,0.000384208)
# [2024-04-13 18:12:01] INFO: Writing conf to disk...
# [2024-04-13 18:12:01] INFO: writeconf_nersc: Writing NERSC configuration ./conf_s060t20_b0666300_a_U000292500
# [2024-04-13 18:12:04] INFO: Calculated checksum: 2b99924f
# [2024-04-13 18:12:09] INFO: Calculated checksum: 95841720
# [2024-04-13 18:12:09] INFO: Writing RNGSTATE file: ./rand_s060t20_b0666300_a_U000292500
# [2024-04-13 18:12:09] INFO: Writing to disk took 7.8168 seconds
# [2024-04-13 18:12:09] INFO: ======================================================================
# [2024-04-13 18:12:09] INFO: Start sweeping...
# [2024-04-13 18:18:47] INFO: It took 398.179 seconds to do 500 HBOR sweeps.
# [2024-04-13 18:18:47] INFO: Plaquette = 0.650221
# [2024-04-13 18:18:47] INFO: Polyakov loop = (-0.000404582,0.000602624)
# [2024-04-13 18:18:47] INFO: Writing conf to disk...
# [2024-04-13 18:18:47] INFO: writeconf_nersc: Writing NERSC configuration ./conf_s060t20_b0666300_a_U000293000
# [2024-04-13 18:18:50] INFO: Calculated checksum: 68119863
# [2024-04-13 18:18:55] INFO: Calculated checksum: 5a6079c2
# [2024-04-13 18:18:55] INFO: Writing RNGSTATE file: ./rand_s060t20_b0666300_a_U000293000
# [2024-04-13 18:18:56] INFO: Writing to disk took 8.04915 seconds
# [2024-04-13 18:18:56] INFO: ======================================================================
# [2024-04-13 18:18:56] INFO: Start sweeping...
# [2024-04-13 18:25:34] INFO: It took 398.156 seconds to do 500 HBOR sweeps.
# [2024-04-13 18:25:34] INFO: Plaquette = 0.650156
# [2024-04-13 18:25:34] INFO: Polyakov loop = (-9.59283e-05,-0.000274277)
# [2024-04-13 18:25:34] INFO: Writing conf to disk...
# [2024-04-13 18:25:34] INFO: writeconf_nersc: Writing NERSC configuration ./conf_s060t20_b0666300_a_U000293500
# [2024-04-13 18:25:37] INFO: Calculated checksum: d587f9ee
# [2024-04-13 18:25:41] INFO: Calculated checksum: c8d00653
# [2024-04-13 18:25:41] INFO: Writing RNGSTATE file: ./rand_s060t20_b0666300_a_U000293500
# [2024-04-13 18:25:42] INFO: Writing to disk took 7.81061 seconds
# [2024-04-13 18:25:42] INFO: ======================================================================
# [2024-04-13 18:25:42] INFO: Start sweeping...
# [2024-04-13 18:32:20] INFO: It took 398.167 seconds to do 500 HBOR sweeps.
# [2024-04-13 18:32:20] INFO: Plaquette = 0.650042
# [2024-04-13 18:32:20] INFO: Polyakov loop = (-9.28001e-05,-0.000816844)
# [2024-04-13 18:32:20] INFO: Writing conf to disk...
# [2024-04-13 18:32:20] INFO: writeconf_nersc: Writing NERSC configuration ./conf_s060t20_b0666300_a_U000294000
# [2024-04-13 18:32:23] INFO: Calculated checksum: b23b204a
# [2024-04-13 18:32:28] INFO: Calculated checksum: 474c96c6
# [2024-04-13 18:32:28] INFO: Writing RNGSTATE file: ./rand_s060t20_b0666300_a_U000294000
# [2024-04-13 18:32:28] INFO: Writing to disk took 8.09898 seconds
# [2024-04-13 18:32:28] INFO: ======================================================================
# [2024-04-13 18:32:28] INFO: Start sweeping...
# [2024-04-13 18:39:06] INFO: It took 398.163 seconds to do 500 HBOR sweeps.
# [2024-04-13 18:39:06] INFO: Plaquette = 0.650095
# [2024-04-13 18:39:06] INFO: Polyakov loop = (-0.000652834,-0.0013533)
# [2024-04-13 18:39:06] INFO: Writing conf to disk...
# [2024-04-13 18:39:06] INFO: writeconf_nersc: Writing NERSC configuration ./conf_s060t20_b0666300_a_U000294500
# [2024-04-13 18:39:09] INFO: Calculated checksum: a83e114e
# [2024-04-13 18:39:14] INFO: Calculated checksum: 6d6b9b9f
# [2024-04-13 18:39:14] INFO: Writing RNGSTATE file: ./rand_s060t20_b0666300_a_U000294500
# [2024-04-13 18:39:14] INFO: Writing to disk took 7.99996 seconds
# [2024-04-13 18:39:14] INFO: ======================================================================
# [2024-04-13 18:39:14] INFO: Start sweeping...
# [2024-04-13 18:45:52] INFO: It took 398.181 seconds to do 500 HBOR sweeps.
# [2024-04-13 18:45:52] INFO: Plaquette = 0.650032
# [2024-04-13 18:45:52] INFO: Polyakov loop = (-0.00100638,-0.000400356)
# [2024-04-13 18:45:52] INFO: Writing conf to disk...
# [2024-04-13 18:45:52] INFO: writeconf_nersc: Writing NERSC configuration ./conf_s060t20_b0666300_a_U000295000
# [2024-04-13 18:45:55] INFO: Calculated checksum: 9f457c4f
# [2024-04-13 18:46:00] INFO: Calculated checksum: 287baa9b
# [2024-04-13 18:46:00] INFO: Writing RNGSTATE file: ./rand_s060t20_b0666300_a_U000295000
# [2024-04-13 18:46:01] INFO: Writing to disk took 8.3299 seconds
# [2024-04-13 18:46:01] INFO: ======================================================================
# [2024-04-13 18:46:01] INFO: Start sweeping...
# [2024-04-13 18:52:39] INFO: It took 398.152 seconds to do 500 HBOR sweeps.
# [2024-04-13 18:52:39] INFO: Plaquette = 0.650132
# [2024-04-13 18:52:39] INFO: Polyakov loop = (-8.27764e-05,-0.0015833)
# [2024-04-13 18:52:39] INFO: Writing conf to disk...
# [2024-04-13 18:52:39] INFO: writeconf_nersc: Writing NERSC configuration ./conf_s060t20_b0666300_a_U000295500
# [2024-04-13 18:52:42] INFO: Calculated checksum: f2650dd3
# [2024-04-13 18:52:47] INFO: Calculated checksum: 93b9c8a4
# [2024-04-13 18:52:47] INFO: Writing RNGSTATE file: ./rand_s060t20_b0666300_a_U000295500
# [2024-04-13 18:52:47] INFO: Writing to disk took 7.84795 seconds
# [2024-04-13 18:52:47] INFO: ======================================================================
# [2024-04-13 18:52:47] INFO: Start sweeping...
# [2024-04-13 18:59:25] INFO: It took 398.156 seconds to do 500 HBOR sweeps.
# [2024-04-13 18:59:25] INFO: Plaquette = 0.650113
# [2024-04-13 18:59:25] INFO: Polyakov loop = (-0.0011479,-0.000828059)
# [2024-04-13 18:59:25] INFO: Writing conf to disk...
# [2024-04-13 18:59:25] INFO: writeconf_nersc: Writing NERSC configuration ./conf_s060t20_b0666300_a_U000296000
# [2024-04-13 18:59:28] INFO: Calculated checksum: 1fc842e1
# [2024-04-13 18:59:34] INFO: Calculated checksum: b5ffca27
# [2024-04-13 18:59:34] INFO: Writing RNGSTATE file: ./rand_s060t20_b0666300_a_U000296000
# [2024-04-13 18:59:34] INFO: Writing to disk took 9.44655 seconds
# [2024-04-13 18:59:34] INFO: ======================================================================
# [2024-04-13 18:59:34] INFO: Start sweeping...
# [2024-04-13 19:06:12] INFO: It took 398.138 seconds to do 500 HBOR sweeps.
# [2024-04-13 19:06:13] INFO: Plaquette = 0.650106
# [2024-04-13 19:06:13] INFO: Polyakov loop = (-0.000710194,-0.000156302)
# [2024-04-13 19:06:13] INFO: Writing conf to disk...
# [2024-04-13 19:06:13] INFO: writeconf_nersc: Writing NERSC configuration ./conf_s060t20_b0666300_a_U000296500
# [2024-04-13 19:06:15] INFO: Calculated checksum: c603a69d
# [2024-04-13 19:06:20] INFO: Calculated checksum: 5bd83b05
# [2024-04-13 19:06:20] INFO: Writing RNGSTATE file: ./rand_s060t20_b0666300_a_U000296500
# [2024-04-13 19:06:20] INFO: Writing to disk took 7.96275 seconds
# [2024-04-13 19:06:20] INFO: ======================================================================
# [2024-04-13 19:06:20] INFO: Start sweeping...
# [2024-04-13 19:12:59] INFO: It took 398.144 seconds to do 500 HBOR sweeps.
# [2024-04-13 19:12:59] INFO: Plaquette = 0.650083
# [2024-04-13 19:12:59] INFO: Polyakov loop = (0.000447812,-0.000186539)
# [2024-04-13 19:12:59] INFO: Writing conf to disk...
# [2024-04-13 19:12:59] INFO: writeconf_nersc: Writing NERSC configuration ./conf_s060t20_b0666300_a_U000297000
# [2024-04-13 19:13:02] INFO: Calculated checksum: b5361c0
# [2024-04-13 19:13:06] INFO: Calculated checksum: 11d3a75e
# [2024-04-13 19:13:06] INFO: Writing RNGSTATE file: ./rand_s060t20_b0666300_a_U000297000
# [2024-04-13 19:13:07] INFO: Writing to disk took 7.86232 seconds
# [2024-04-13 19:13:07] INFO: ======================================================================
# [2024-04-13 19:13:07] INFO: Start sweeping...
# [2024-04-13 19:19:45] INFO: It took 398.175 seconds to do 500 HBOR sweeps.
# [2024-04-13 19:19:45] INFO: Plaquette = 0.65008
# [2024-04-13 19:19:45] INFO: Polyakov loop = (0.00123247,-0.000907296)
# [2024-04-13 19:19:45] INFO: Writing conf to disk...
# [2024-04-13 19:19:45] INFO: writeconf_nersc: Writing NERSC configuration ./conf_s060t20_b0666300_a_U000297500
# [2024-04-13 19:19:48] INFO: Calculated checksum: 92717b8
# [2024-04-13 19:19:52] INFO: Calculated checksum: 8a9aef68
# [2024-04-13 19:19:52] INFO: Writing RNGSTATE file: ./rand_s060t20_b0666300_a_U000297500
# [2024-04-13 19:19:53] INFO: Writing to disk took 7.79967 seconds
# [2024-04-13 19:19:53] INFO: ======================================================================
# [2024-04-13 19:19:53] INFO: Start sweeping...
# [2024-04-13 19:26:31] INFO: It took 398.141 seconds to do 500 HBOR sweeps.
# [2024-04-13 19:26:31] INFO: Plaquette = 0.650047
# [2024-04-13 19:26:31] INFO: Polyakov loop = (-0.000914589,0.000472082)
# [2024-04-13 19:26:31] INFO: Writing conf to disk...
# [2024-04-13 19:26:31] INFO: writeconf_nersc: Writing NERSC configuration ./conf_s060t20_b0666300_a_U000298000
# [2024-04-13 19:26:34] INFO: Calculated checksum: 58dc368b
# [2024-04-13 19:26:38] INFO: Calculated checksum: edf746be
# [2024-04-13 19:26:38] INFO: Writing RNGSTATE file: ./rand_s060t20_b0666300_a_U000298000
# [2024-04-13 19:26:38] INFO: Writing to disk took 7.7584 seconds
# [2024-04-13 19:26:38] INFO: ======================================================================
# [2024-04-13 19:26:38] INFO: Start sweeping...
# [2024-04-13 19:33:17] INFO: It took 398.189 seconds to do 500 HBOR sweeps.
# [2024-04-13 19:33:17] INFO: Plaquette = 0.650131
# [2024-04-13 19:33:17] INFO: Polyakov loop = (0.000910962,0.00011215)
# [2024-04-13 19:33:17] INFO: Writing conf to disk...
# [2024-04-13 19:33:17] INFO: writeconf_nersc: Writing NERSC configuration ./conf_s060t20_b0666300_a_U000298500
# [2024-04-13 19:33:20] INFO: Calculated checksum: 113b6850
# [2024-04-13 19:33:25] INFO: Calculated checksum: 75010e93
# [2024-04-13 19:33:25] INFO: Writing RNGSTATE file: ./rand_s060t20_b0666300_a_U000298500
# [2024-04-13 19:33:26] INFO: Writing to disk took 8.92726 seconds
# [2024-04-13 19:33:26] INFO: ======================================================================
# [2024-04-13 19:33:26] INFO: Start sweeping...
# [2024-04-13 19:40:04] INFO: It took 398.126 seconds to do 500 HBOR sweeps.
# [2024-04-13 19:40:04] INFO: Plaquette = 0.650045
# [2024-04-13 19:40:04] INFO: Polyakov loop = (0.00125806,-9.10852e-06)
# [2024-04-13 19:40:04] INFO: Writing conf to disk...
# [2024-04-13 19:40:04] INFO: writeconf_nersc: Writing NERSC configuration ./conf_s060t20_b0666300_a_U000299000
# [2024-04-13 19:40:07] INFO: Calculated checksum: 72f7bcbe
# [2024-04-13 19:40:12] INFO: Calculated checksum: dbca5123
# [2024-04-13 19:40:12] INFO: Writing RNGSTATE file: ./rand_s060t20_b0666300_a_U000299000
# [2024-04-13 19:40:12] INFO: Writing to disk took 7.91256 seconds
# [2024-04-13 19:40:12] INFO: ======================================================================
# [2024-04-13 19:40:12] INFO: Start sweeping...
# [2024-04-13 19:46:50] INFO: It took 398.174 seconds to do 500 HBOR sweeps.
# [2024-04-13 19:46:50] INFO: Plaquette = 0.650008
# [2024-04-13 19:46:50] INFO: Polyakov loop = (0.00118491,0.00075869)
# [2024-04-13 19:46:50] INFO: Writing conf to disk...
# [2024-04-13 19:46:50] INFO: writeconf_nersc: Writing NERSC configuration ./conf_s060t20_b0666300_a_U000299500
# [2024-04-13 19:46:53] INFO: Calculated checksum: 9381cf65
# [2024-04-13 19:46:59] INFO: Calculated checksum: 9bb5b80
# [2024-04-13 19:46:59] INFO: Writing RNGSTATE file: ./rand_s060t20_b0666300_a_U000299500
# [2024-04-13 19:46:59] INFO: Writing to disk took 8.963 seconds
# [2024-04-13 19:46:59] INFO: ======================================================================
# [2024-04-13 19:46:59] INFO: Start sweeping...
# [2024-04-13 19:53:37] INFO: It took 398.118 seconds to do 500 HBOR sweeps.
# [2024-04-13 19:53:37] INFO: Plaquette = 0.650021
# [2024-04-13 19:53:37] INFO: Polyakov loop = (-0.000336364,-0.000781831)
# [2024-04-13 19:53:37] INFO: Writing conf to disk...
# [2024-04-13 19:53:37] INFO: writeconf_nersc: Writing NERSC configuration ./conf_s060t20_b0666300_a_U000300000
# [2024-04-13 19:53:40] INFO: Calculated checksum: 42b9a3ff
# [2024-04-13 19:53:45] INFO: Calculated checksum: b5dd68de
# [2024-04-13 19:53:45] INFO: Writing RNGSTATE file: ./rand_s060t20_b0666300_a_U000300000
# [2024-04-13 19:53:45] INFO: Writing to disk took 7.86022 seconds
# [2024-04-13 19:53:45] INFO: Finalizing MPI
