
Currently Loaded Modules:
  1) chpc/1.0      (S)   3) gcc/8.5.0      5) mpich/3.4.2
  2) python/3.10.3       4) cmake/3.26.0   6) cuda/11.6.2 (g)

  Where:
   S:  Module is Sticky, requires --force to unload or purge
   g:  built for GPU

 

# [2024-04-15 05:47:03] INFO: Running SIMULATeQCD
# [2024-04-15 05:47:03] INFO: Git commit version: 43e2518
# [2024-04-15 05:47:03] INFO: Initializing MPI with (1 proc)
# [2024-04-15 05:47:03] INFO: Reading parameters from file :: GenerateQuenched_b6600.param
# [2024-04-15 05:47:03] INFO: # PARAM :: Lattice = 60 60 60 20 
# [2024-04-15 05:47:03] INFO: # PARAM :: Nodes = 1 1 1 1 
# [2024-04-15 05:47:03] INFO: # PARAM :: Topology = 0 0 0 0  (default)
# [2024-04-15 05:47:03] INFO: # PARAM :: beta = 6.6
# [2024-04-15 05:47:03] INFO: # PARAM :: format = nersc
# [2024-04-15 05:47:03] INFO: # PARAM :: endianness = auto
# [2024-04-15 05:47:03] INFO: # PARAM :: conf_nr = 300000
# [2024-04-15 05:47:03] INFO: # PARAM :: stream = a
# [2024-04-15 05:47:03] INFO: # PARAM :: prec_out = 0 (default)
# [2024-04-15 05:47:03] INFO: # PARAM :: measurements_dir = ./ (default)
# [2024-04-15 05:47:03] INFO: # PARAM :: use_unit_conf = 0 (default)
# [2024-04-15 05:47:03] INFO: # PARAM :: output_dir = .
# [2024-04-15 05:47:03] INFO: # PARAM :: nconfs = 100
# [2024-04-15 05:47:03] INFO: # PARAM :: nsweeps_ORperHB = 4
# [2024-04-15 05:47:03] INFO: # PARAM :: nsweeps_HBwithOR = 500
# [2024-04-15 05:47:03] INFO: # PARAM :: prev_conf = conf_s060t20_b0660000_a_U000300000
# [2024-04-15 05:47:03] INFO: # PARAM :: prev_rand = rand_s060t20_b0660000_a_U000300000
# [2024-04-15 05:47:03] INFO: > Running on:
# [2024-04-15 05:47:03] INFO: [Rank 0] > notch271 CPU_3 GPU_1E; MPI: world_rank=0, node_rank=0, coord: ( 0 0 0 0 )
# [2024-04-15 05:47:03] INFO: > Is MPI CUDA-aware? @compilation 
# [2024-04-15 05:47:03] INFO: > GPU compute capability: 75
# [2024-04-15 05:47:03] INFO: > Checking support for P2P (Peer-to-Peer) and UVA (Unified Virtual Addressing):
# [2024-04-15 05:47:03] INFO: [Rank 0] > notch271 GPU_1E(NVIDIA GeForce RTX 2080 Ti): P2P NO ; UVA YES
# [2024-04-15 05:47:04] INFO: Initialize Indexer with HaloDepth = 1[0;33m[0m
# [2024-04-15 05:47:04] INFO: Resuming previous run.
# [2024-04-15 05:47:04] INFO: readconf_nersc: Reading NERSC configuration conf_s060t20_b0660000_a_U000300000
# [2024-04-15 05:47:15] INFO: Next conf_number will be 300500
# [2024-04-15 05:47:15] INFO: Generating up to 100 confs with a separation of 500 HBOR sweeps (OR/HB = 4) ...
# [2024-04-15 05:47:15] INFO: ======================================================================
# [2024-04-15 05:47:15] INFO: Start sweeping...
# [2024-04-15 05:53:58] INFO: It took 402.804 seconds to do 500 HBOR sweeps.
# [2024-04-15 05:53:58] INFO: Plaquette = 0.645712
# [2024-04-15 05:53:58] INFO: Polyakov loop = (0.000774134,0.000647954)
# [2024-04-15 05:53:58] INFO: Writing conf to disk...
# [2024-04-15 05:53:58] INFO: writeconf_nersc: Writing NERSC configuration ./conf_s060t20_b0660000_a_U000300500
# [2024-04-15 05:54:01] INFO: Calculated checksum: c7886023
# [2024-04-15 05:54:05] INFO: Calculated checksum: 70f3dcd1
# [2024-04-15 05:54:05] INFO: Writing RNGSTATE file: ./rand_s060t20_b0660000_a_U000300500
# [2024-04-15 05:54:05] INFO: Writing to disk took 7.18129 seconds
# [2024-04-15 05:54:05] INFO: ======================================================================
# [2024-04-15 05:54:05] INFO: Start sweeping...
# [2024-04-15 06:00:50] INFO: It took 404.695 seconds to do 500 HBOR sweeps.
# [2024-04-15 06:00:50] INFO: Plaquette = 0.645672
# [2024-04-15 06:00:50] INFO: Polyakov loop = (0.000804035,4.71035e-05)
# [2024-04-15 06:00:50] INFO: Writing conf to disk...
# [2024-04-15 06:00:50] INFO: writeconf_nersc: Writing NERSC configuration ./conf_s060t20_b0660000_a_U000301000
# [2024-04-15 06:00:53] INFO: Calculated checksum: d7131e9
# [2024-04-15 06:00:58] INFO: Calculated checksum: c6bcdb53
# [2024-04-15 06:00:58] INFO: Writing RNGSTATE file: ./rand_s060t20_b0660000_a_U000301000
# [2024-04-15 06:00:58] INFO: Writing to disk took 8.06804 seconds
# [2024-04-15 06:00:58] INFO: ======================================================================
# [2024-04-15 06:00:58] INFO: Start sweeping...
# [2024-04-15 06:07:43] INFO: It took 404.67 seconds to do 500 HBOR sweeps.
# [2024-04-15 06:07:43] INFO: Plaquette = 0.645698
# [2024-04-15 06:07:43] INFO: Polyakov loop = (0.000288106,-0.000518842)
# [2024-04-15 06:07:43] INFO: Writing conf to disk...
# [2024-04-15 06:07:43] INFO: writeconf_nersc: Writing NERSC configuration ./conf_s060t20_b0660000_a_U000301500
# [2024-04-15 06:07:46] INFO: Calculated checksum: 3020bc1f
# [2024-04-15 06:07:50] INFO: Calculated checksum: f0893837
# [2024-04-15 06:07:50] INFO: Writing RNGSTATE file: ./rand_s060t20_b0660000_a_U000301500
# [2024-04-15 06:07:50] INFO: Writing to disk took 7.12356 seconds
# [2024-04-15 06:07:50] INFO: ======================================================================
# [2024-04-15 06:07:50] INFO: Start sweeping...
# [2024-04-15 06:14:34] INFO: It took 404.591 seconds to do 500 HBOR sweeps.
# [2024-04-15 06:14:34] INFO: Plaquette = 0.645581
# [2024-04-15 06:14:34] INFO: Polyakov loop = (0.000789297,0.00052248)
# [2024-04-15 06:14:34] INFO: Writing conf to disk...
# [2024-04-15 06:14:34] INFO: writeconf_nersc: Writing NERSC configuration ./conf_s060t20_b0660000_a_U000302000
# [2024-04-15 06:14:37] INFO: Calculated checksum: a2b85dbc
# [2024-04-15 06:14:42] INFO: Calculated checksum: 94bdbf24
# [2024-04-15 06:14:42] INFO: Writing RNGSTATE file: ./rand_s060t20_b0660000_a_U000302000
# [2024-04-15 06:14:42] INFO: Writing to disk took 7.7061 seconds
# [2024-04-15 06:14:42] INFO: ======================================================================
# [2024-04-15 06:14:42] INFO: Start sweeping...
# [2024-04-15 06:21:27] INFO: It took 404.578 seconds to do 500 HBOR sweeps.
# [2024-04-15 06:21:27] INFO: Plaquette = 0.645631
# [2024-04-15 06:21:27] INFO: Polyakov loop = (-0.000108317,0.000524425)
# [2024-04-15 06:21:27] INFO: Writing conf to disk...
# [2024-04-15 06:21:27] INFO: writeconf_nersc: Writing NERSC configuration ./conf_s060t20_b0660000_a_U000302500
# [2024-04-15 06:21:30] INFO: Calculated checksum: 38d675c9
# [2024-04-15 06:21:34] INFO: Calculated checksum: bf106ca
# [2024-04-15 06:21:34] INFO: Writing RNGSTATE file: ./rand_s060t20_b0660000_a_U000302500
# [2024-04-15 06:21:35] INFO: Writing to disk took 7.8094 seconds
# [2024-04-15 06:21:35] INFO: ======================================================================
# [2024-04-15 06:21:35] INFO: Start sweeping...
# [2024-04-15 06:28:19] INFO: It took 404.597 seconds to do 500 HBOR sweeps.
# [2024-04-15 06:28:19] INFO: Plaquette = 0.645617
# [2024-04-15 06:28:19] INFO: Polyakov loop = (-0.000331868,-0.000294991)
# [2024-04-15 06:28:19] INFO: Writing conf to disk...
# [2024-04-15 06:28:19] INFO: writeconf_nersc: Writing NERSC configuration ./conf_s060t20_b0660000_a_U000303000
# [2024-04-15 06:28:23] INFO: Calculated checksum: ed7b3c09
# [2024-04-15 06:28:28] INFO: Calculated checksum: 3c8eb324
# [2024-04-15 06:28:28] INFO: Writing RNGSTATE file: ./rand_s060t20_b0660000_a_U000303000
# [2024-04-15 06:28:28] INFO: Writing to disk took 8.71478 seconds
# [2024-04-15 06:28:28] INFO: ======================================================================
# [2024-04-15 06:28:28] INFO: Start sweeping...
# [2024-04-15 06:35:12] INFO: It took 404.507 seconds to do 500 HBOR sweeps.
# [2024-04-15 06:35:12] INFO: Plaquette = 0.645658
# [2024-04-15 06:35:12] INFO: Polyakov loop = (3.29629e-05,0.000274852)
# [2024-04-15 06:35:12] INFO: Writing conf to disk...
# [2024-04-15 06:35:12] INFO: writeconf_nersc: Writing NERSC configuration ./conf_s060t20_b0660000_a_U000303500
# [2024-04-15 06:35:16] INFO: Calculated checksum: 319d61f7
# [2024-04-15 06:35:21] INFO: Calculated checksum: 94bceaf5
# [2024-04-15 06:35:21] INFO: Writing RNGSTATE file: ./rand_s060t20_b0660000_a_U000303500
# [2024-04-15 06:35:21] INFO: Writing to disk took 8.14369 seconds
# [2024-04-15 06:35:21] INFO: ======================================================================
# [2024-04-15 06:35:21] INFO: Start sweeping...
# [2024-04-15 06:42:04] INFO: It took 403.23 seconds to do 500 HBOR sweeps.
# [2024-04-15 06:42:04] INFO: Plaquette = 0.645698
# [2024-04-15 06:42:04] INFO: Polyakov loop = (-0.000211447,-0.000861684)
# [2024-04-15 06:42:04] INFO: Writing conf to disk...
# [2024-04-15 06:42:04] INFO: writeconf_nersc: Writing NERSC configuration ./conf_s060t20_b0660000_a_U000304000
# [2024-04-15 06:42:08] INFO: Calculated checksum: 1d06e821
# [2024-04-15 06:42:12] INFO: Calculated checksum: bf11cee2
# [2024-04-15 06:42:12] INFO: Writing RNGSTATE file: ./rand_s060t20_b0660000_a_U000304000
# [2024-04-15 06:42:12] INFO: Writing to disk took 8.16775 seconds
# [2024-04-15 06:42:12] INFO: ======================================================================
# [2024-04-15 06:42:12] INFO: Start sweeping...
# [2024-04-15 06:48:55] INFO: It took 403.327 seconds to do 500 HBOR sweeps.
# [2024-04-15 06:48:55] INFO: Plaquette = 0.645672
# [2024-04-15 06:48:55] INFO: Polyakov loop = (-0.000613451,0.000228469)
# [2024-04-15 06:48:55] INFO: Writing conf to disk...
# [2024-04-15 06:48:55] INFO: writeconf_nersc: Writing NERSC configuration ./conf_s060t20_b0660000_a_U000304500
# [2024-04-15 06:49:01] INFO: Calculated checksum: 74aa5cd1
# [2024-04-15 06:49:05] INFO: Calculated checksum: 21da4ec8
# [2024-04-15 06:49:05] INFO: Writing RNGSTATE file: ./rand_s060t20_b0660000_a_U000304500
# [2024-04-15 06:49:05] INFO: Writing to disk took 9.35745 seconds
# [2024-04-15 06:49:05] INFO: ======================================================================
# [2024-04-15 06:49:05] INFO: Start sweeping...
# [2024-04-15 06:55:48] INFO: It took 403.354 seconds to do 500 HBOR sweeps.
# [2024-04-15 06:55:48] INFO: Plaquette = 0.645696
# [2024-04-15 06:55:48] INFO: Polyakov loop = (-0.00082312,0.000104304)
# [2024-04-15 06:55:48] INFO: Writing conf to disk...
# [2024-04-15 06:55:48] INFO: writeconf_nersc: Writing NERSC configuration ./conf_s060t20_b0660000_a_U000305000
# [2024-04-15 06:55:52] INFO: Calculated checksum: 867e5017
# [2024-04-15 06:55:57] INFO: Calculated checksum: 88a91031
# [2024-04-15 06:55:57] INFO: Writing RNGSTATE file: ./rand_s060t20_b0660000_a_U000305000
# [2024-04-15 06:55:57] INFO: Writing to disk took 8.49543 seconds
# [2024-04-15 06:55:57] INFO: ======================================================================
# [2024-04-15 06:55:57] INFO: Start sweeping...
# [2024-04-15 07:02:40] INFO: It took 403.356 seconds to do 500 HBOR sweeps.
# [2024-04-15 07:02:40] INFO: Plaquette = 0.645644
# [2024-04-15 07:02:40] INFO: Polyakov loop = (0.000476874,0.000455757)
# [2024-04-15 07:02:40] INFO: Writing conf to disk...
# [2024-04-15 07:02:40] INFO: writeconf_nersc: Writing NERSC configuration ./conf_s060t20_b0660000_a_U000305500
# [2024-04-15 07:02:43] INFO: Calculated checksum: 6cfb5f7
# [2024-04-15 07:02:48] INFO: Calculated checksum: b704c999
# [2024-04-15 07:02:48] INFO: Writing RNGSTATE file: ./rand_s060t20_b0660000_a_U000305500
# [2024-04-15 07:02:48] INFO: Writing to disk took 7.74862 seconds
# [2024-04-15 07:02:48] INFO: ======================================================================
# [2024-04-15 07:02:48] INFO: Start sweeping...
# [2024-04-15 07:09:31] INFO: It took 403.374 seconds to do 500 HBOR sweeps.
# [2024-04-15 07:09:31] INFO: Plaquette = 0.645663
# [2024-04-15 07:09:31] INFO: Polyakov loop = (-0.000151498,0.000714802)
# [2024-04-15 07:09:31] INFO: Writing conf to disk...
# [2024-04-15 07:09:31] INFO: writeconf_nersc: Writing NERSC configuration ./conf_s060t20_b0660000_a_U000306000
# [2024-04-15 07:09:35] INFO: Calculated checksum: 5d9df887
# [2024-04-15 07:09:40] INFO: Calculated checksum: e2043d8b
# [2024-04-15 07:09:40] INFO: Writing RNGSTATE file: ./rand_s060t20_b0660000_a_U000306000
# [2024-04-15 07:09:40] INFO: Writing to disk took 8.79985 seconds
# [2024-04-15 07:09:40] INFO: ======================================================================
# [2024-04-15 07:09:40] INFO: Start sweeping...
# [2024-04-15 07:16:24] INFO: It took 403.404 seconds to do 500 HBOR sweeps.
# [2024-04-15 07:16:24] INFO: Plaquette = 0.645837
# [2024-04-15 07:16:24] INFO: Polyakov loop = (0.00101466,3.66521e-06)
# [2024-04-15 07:16:24] INFO: Writing conf to disk...
# [2024-04-15 07:16:24] INFO: writeconf_nersc: Writing NERSC configuration ./conf_s060t20_b0660000_a_U000306500
# [2024-04-15 07:16:28] INFO: Calculated checksum: c6c05ebb
# [2024-04-15 07:16:32] INFO: Calculated checksum: e4b302b5
# [2024-04-15 07:16:32] INFO: Writing RNGSTATE file: ./rand_s060t20_b0660000_a_U000306500
# [2024-04-15 07:16:32] INFO: Writing to disk took 8.81422 seconds
# [2024-04-15 07:16:32] INFO: ======================================================================
# [2024-04-15 07:16:32] INFO: Start sweeping...
# [2024-04-15 07:23:14] INFO: It took 401.507 seconds to do 500 HBOR sweeps.
# [2024-04-15 07:23:14] INFO: Plaquette = 0.645633
# [2024-04-15 07:23:14] INFO: Polyakov loop = (0.00058662,4.96111e-05)
# [2024-04-15 07:23:14] INFO: Writing conf to disk...
# [2024-04-15 07:23:14] INFO: writeconf_nersc: Writing NERSC configuration ./conf_s060t20_b0660000_a_U000307000
# [2024-04-15 07:23:18] INFO: Calculated checksum: bf32ff81
# [2024-04-15 07:23:22] INFO: Calculated checksum: e55ebe49
# [2024-04-15 07:23:22] INFO: Writing RNGSTATE file: ./rand_s060t20_b0660000_a_U000307000
# [2024-04-15 07:23:22] INFO: Writing to disk took 8.225 seconds
# [2024-04-15 07:23:22] INFO: ======================================================================
# [2024-04-15 07:23:22] INFO: Start sweeping...
# [2024-04-15 07:30:04] INFO: It took 401.506 seconds to do 500 HBOR sweeps.
# [2024-04-15 07:30:04] INFO: Plaquette = 0.645594
# [2024-04-15 07:30:04] INFO: Polyakov loop = (-0.000400339,0.000106107)
# [2024-04-15 07:30:04] INFO: Writing conf to disk...
# [2024-04-15 07:30:04] INFO: writeconf_nersc: Writing NERSC configuration ./conf_s060t20_b0660000_a_U000307500
# [2024-04-15 07:30:08] INFO: Calculated checksum: c4b9b3ea
# [2024-04-15 07:30:13] INFO: Calculated checksum: 2e483183
# [2024-04-15 07:30:13] INFO: Writing RNGSTATE file: ./rand_s060t20_b0660000_a_U000307500
# [2024-04-15 07:30:13] INFO: Writing to disk took 8.85888 seconds
# [2024-04-15 07:30:13] INFO: ======================================================================
# [2024-04-15 07:30:13] INFO: Start sweeping...
# [2024-04-15 07:36:54] INFO: It took 401.537 seconds to do 500 HBOR sweeps.
# [2024-04-15 07:36:54] INFO: Plaquette = 0.645662
# [2024-04-15 07:36:54] INFO: Polyakov loop = (0.000418247,0.000200113)
# [2024-04-15 07:36:54] INFO: Writing conf to disk...
# [2024-04-15 07:36:54] INFO: writeconf_nersc: Writing NERSC configuration ./conf_s060t20_b0660000_a_U000308000
# [2024-04-15 07:36:57] INFO: Calculated checksum: d67e9202
# [2024-04-15 07:37:01] INFO: Calculated checksum: f7ee8aa
# [2024-04-15 07:37:01] INFO: Writing RNGSTATE file: ./rand_s060t20_b0660000_a_U000308000
# [2024-04-15 07:37:02] INFO: Writing to disk took 7.32605 seconds
# [2024-04-15 07:37:02] INFO: ======================================================================
# [2024-04-15 07:37:02] INFO: Start sweeping...
# [2024-04-15 07:43:43] INFO: It took 401.505 seconds to do 500 HBOR sweeps.
# [2024-04-15 07:43:43] INFO: Plaquette = 0.645551
# [2024-04-15 07:43:43] INFO: Polyakov loop = (-0.00051685,0.000485307)
# [2024-04-15 07:43:43] INFO: Writing conf to disk...
# [2024-04-15 07:43:43] INFO: writeconf_nersc: Writing NERSC configuration ./conf_s060t20_b0660000_a_U000308500
# [2024-04-15 07:43:46] INFO: Calculated checksum: 4d752cd1
# [2024-04-15 07:43:51] INFO: Calculated checksum: ae48abd2
# [2024-04-15 07:43:51] INFO: Writing RNGSTATE file: ./rand_s060t20_b0660000_a_U000308500
# [2024-04-15 07:43:51] INFO: Writing to disk took 7.63165 seconds
# [2024-04-15 07:43:51] INFO: ======================================================================
# [2024-04-15 07:43:51] INFO: Start sweeping...
# [2024-04-15 07:50:32] INFO: It took 401.507 seconds to do 500 HBOR sweeps.
# [2024-04-15 07:50:32] INFO: Plaquette = 0.64564
# [2024-04-15 07:50:32] INFO: Polyakov loop = (3.20655e-05,0.000558678)
# [2024-04-15 07:50:32] INFO: Writing conf to disk...
# [2024-04-15 07:50:32] INFO: writeconf_nersc: Writing NERSC configuration ./conf_s060t20_b0660000_a_U000309000
# [2024-04-15 07:50:35] INFO: Calculated checksum: 73f7d49
# [2024-04-15 07:50:40] INFO: Calculated checksum: a530ceee
# [2024-04-15 07:50:40] INFO: Writing RNGSTATE file: ./rand_s060t20_b0660000_a_U000309000
# [2024-04-15 07:50:40] INFO: Writing to disk took 7.72504 seconds
# [2024-04-15 07:50:40] INFO: ======================================================================
# [2024-04-15 07:50:40] INFO: Start sweeping...
# [2024-04-15 07:57:22] INFO: It took 401.539 seconds to do 500 HBOR sweeps.
# [2024-04-15 07:57:22] INFO: Plaquette = 0.645705
# [2024-04-15 07:57:22] INFO: Polyakov loop = (0.000503087,0.000204677)
# [2024-04-15 07:57:22] INFO: Writing conf to disk...
# [2024-04-15 07:57:22] INFO: writeconf_nersc: Writing NERSC configuration ./conf_s060t20_b0660000_a_U000309500
# [2024-04-15 07:57:25] INFO: Calculated checksum: f67f9584
# [2024-04-15 07:57:29] INFO: Calculated checksum: ffd9ad2d
# [2024-04-15 07:57:29] INFO: Writing RNGSTATE file: ./rand_s060t20_b0660000_a_U000309500
# [2024-04-15 07:57:29] INFO: Writing to disk took 7.71836 seconds
# [2024-04-15 07:57:29] INFO: ======================================================================
# [2024-04-15 07:57:29] INFO: Start sweeping...
# [2024-04-15 08:04:11] INFO: It took 401.52 seconds to do 500 HBOR sweeps.
# [2024-04-15 08:04:11] INFO: Plaquette = 0.6456
# [2024-04-15 08:04:11] INFO: Polyakov loop = (0.000489179,-0.000151144)
# [2024-04-15 08:04:11] INFO: Writing conf to disk...
# [2024-04-15 08:04:11] INFO: writeconf_nersc: Writing NERSC configuration ./conf_s060t20_b0660000_a_U000310000
# [2024-04-15 08:04:14] INFO: Calculated checksum: 68590d2b
# [2024-04-15 08:04:19] INFO: Calculated checksum: cc371bb4
# [2024-04-15 08:04:19] INFO: Writing RNGSTATE file: ./rand_s060t20_b0660000_a_U000310000
# [2024-04-15 08:04:19] INFO: Writing to disk took 7.77611 seconds
# [2024-04-15 08:04:19] INFO: ======================================================================
# [2024-04-15 08:04:19] INFO: Start sweeping...
# [2024-04-15 08:11:00] INFO: It took 401.544 seconds to do 500 HBOR sweeps.
# [2024-04-15 08:11:00] INFO: Plaquette = 0.645667
# [2024-04-15 08:11:00] INFO: Polyakov loop = (0.000919033,-0.000129006)
# [2024-04-15 08:11:00] INFO: Writing conf to disk...
# [2024-04-15 08:11:00] INFO: writeconf_nersc: Writing NERSC configuration ./conf_s060t20_b0660000_a_U000310500
# [2024-04-15 08:11:03] INFO: Calculated checksum: c7b1d7df
# [2024-04-15 08:11:08] INFO: Calculated checksum: a566ae87
# [2024-04-15 08:11:08] INFO: Writing RNGSTATE file: ./rand_s060t20_b0660000_a_U000310500
# [2024-04-15 08:11:08] INFO: Writing to disk took 7.88308 seconds
# [2024-04-15 08:11:08] INFO: ======================================================================
# [2024-04-15 08:11:08] INFO: Start sweeping...
# [2024-04-15 08:17:50] INFO: It took 401.529 seconds to do 500 HBOR sweeps.
# [2024-04-15 08:17:50] INFO: Plaquette = 0.645594
# [2024-04-15 08:17:50] INFO: Polyakov loop = (-0.000896545,-0.000964412)
# [2024-04-15 08:17:50] INFO: Writing conf to disk...
# [2024-04-15 08:17:50] INFO: writeconf_nersc: Writing NERSC configuration ./conf_s060t20_b0660000_a_U000311000
# [2024-04-15 08:17:53] INFO: Calculated checksum: 837d866d
# [2024-04-15 08:17:58] INFO: Calculated checksum: 81c4d001
# [2024-04-15 08:17:58] INFO: Writing RNGSTATE file: ./rand_s060t20_b0660000_a_U000311000
# [2024-04-15 08:17:58] INFO: Writing to disk took 7.93817 seconds
# [2024-04-15 08:17:58] INFO: ======================================================================
# [2024-04-15 08:17:58] INFO: Start sweeping...
# [2024-04-15 08:24:39] INFO: It took 401.534 seconds to do 500 HBOR sweeps.
# [2024-04-15 08:24:39] INFO: Plaquette = 0.645679
# [2024-04-15 08:24:39] INFO: Polyakov loop = (-0.00016839,-0.000629596)
# [2024-04-15 08:24:39] INFO: Writing conf to disk...
# [2024-04-15 08:24:39] INFO: writeconf_nersc: Writing NERSC configuration ./conf_s060t20_b0660000_a_U000311500
# [2024-04-15 08:24:42] INFO: Calculated checksum: 36dd9240
# [2024-04-15 08:24:47] INFO: Calculated checksum: 6bf9dbf0
# [2024-04-15 08:24:47] INFO: Writing RNGSTATE file: ./rand_s060t20_b0660000_a_U000311500
# [2024-04-15 08:24:47] INFO: Writing to disk took 7.72372 seconds
# [2024-04-15 08:24:47] INFO: ======================================================================
# [2024-04-15 08:24:47] INFO: Start sweeping...
# [2024-04-15 08:31:29] INFO: It took 401.551 seconds to do 500 HBOR sweeps.
# [2024-04-15 08:31:29] INFO: Plaquette = 0.645604
# [2024-04-15 08:31:29] INFO: Polyakov loop = (-0.000245822,6.04602e-05)
# [2024-04-15 08:31:29] INFO: Writing conf to disk...
# [2024-04-15 08:31:29] INFO: writeconf_nersc: Writing NERSC configuration ./conf_s060t20_b0660000_a_U000312000
# [2024-04-15 08:31:31] INFO: Calculated checksum: 87b9055d
# [2024-04-15 08:31:36] INFO: Calculated checksum: 513700ca
# [2024-04-15 08:31:36] INFO: Writing RNGSTATE file: ./rand_s060t20_b0660000_a_U000312000
# [2024-04-15 08:31:36] INFO: Writing to disk took 7.73315 seconds
# [2024-04-15 08:31:36] INFO: ======================================================================
# [2024-04-15 08:31:36] INFO: Start sweeping...
# [2024-04-15 08:38:18] INFO: It took 401.516 seconds to do 500 HBOR sweeps.
# [2024-04-15 08:38:18] INFO: Plaquette = 0.645676
# [2024-04-15 08:38:18] INFO: Polyakov loop = (-0.000517612,-0.000140618)
# [2024-04-15 08:38:18] INFO: Writing conf to disk...
# [2024-04-15 08:38:18] INFO: writeconf_nersc: Writing NERSC configuration ./conf_s060t20_b0660000_a_U000312500
# [2024-04-15 08:38:21] INFO: Calculated checksum: f0ee50e3
# [2024-04-15 08:38:25] INFO: Calculated checksum: 4a7d0b54
# [2024-04-15 08:38:25] INFO: Writing RNGSTATE file: ./rand_s060t20_b0660000_a_U000312500
# [2024-04-15 08:38:26] INFO: Writing to disk took 7.68128 seconds
# [2024-04-15 08:38:26] INFO: ======================================================================
# [2024-04-15 08:38:26] INFO: Start sweeping...
# [2024-04-15 08:45:07] INFO: It took 401.532 seconds to do 500 HBOR sweeps.
# [2024-04-15 08:45:07] INFO: Plaquette = 0.645673
# [2024-04-15 08:45:07] INFO: Polyakov loop = (-0.000758542,-0.000682401)
# [2024-04-15 08:45:07] INFO: Writing conf to disk...
# [2024-04-15 08:45:07] INFO: writeconf_nersc: Writing NERSC configuration ./conf_s060t20_b0660000_a_U000313000
# [2024-04-15 08:45:10] INFO: Calculated checksum: c334c443
# [2024-04-15 08:45:15] INFO: Calculated checksum: 3688e881
# [2024-04-15 08:45:15] INFO: Writing RNGSTATE file: ./rand_s060t20_b0660000_a_U000313000
# [2024-04-15 08:45:15] INFO: Writing to disk took 7.75583 seconds
# [2024-04-15 08:45:15] INFO: ======================================================================
# [2024-04-15 08:45:15] INFO: Start sweeping...
# [2024-04-15 08:51:57] INFO: It took 402.381 seconds to do 500 HBOR sweeps.
# [2024-04-15 08:51:57] INFO: Plaquette = 0.645824
# [2024-04-15 08:51:57] INFO: Polyakov loop = (-0.00036924,-0.000256567)
# [2024-04-15 08:51:57] INFO: Writing conf to disk...
# [2024-04-15 08:51:57] INFO: writeconf_nersc: Writing NERSC configuration ./conf_s060t20_b0660000_a_U000313500
# [2024-04-15 08:52:00] INFO: Calculated checksum: 6e07b507
# [2024-04-15 08:52:05] INFO: Calculated checksum: fdd46597
# [2024-04-15 08:52:05] INFO: Writing RNGSTATE file: ./rand_s060t20_b0660000_a_U000313500
# [2024-04-15 08:52:05] INFO: Writing to disk took 7.67979 seconds
# [2024-04-15 08:52:05] INFO: ======================================================================
# [2024-04-15 08:52:05] INFO: Start sweeping...
# [2024-04-15 08:58:48] INFO: It took 402.888 seconds to do 500 HBOR sweeps.
# [2024-04-15 08:58:48] INFO: Plaquette = 0.645629
# [2024-04-15 08:58:48] INFO: Polyakov loop = (-0.000376234,-0.000902432)
# [2024-04-15 08:58:48] INFO: Writing conf to disk...
# [2024-04-15 08:58:48] INFO: writeconf_nersc: Writing NERSC configuration ./conf_s060t20_b0660000_a_U000314000
# [2024-04-15 08:58:51] INFO: Calculated checksum: 5edd1c2
# [2024-04-15 08:58:56] INFO: Calculated checksum: ffdb6e04
# [2024-04-15 08:58:56] INFO: Writing RNGSTATE file: ./rand_s060t20_b0660000_a_U000314000
# [2024-04-15 08:58:56] INFO: Writing to disk took 7.6673 seconds
# [2024-04-15 08:58:56] INFO: ======================================================================
# [2024-04-15 08:58:56] INFO: Start sweeping...
# [2024-04-15 09:05:39] INFO: It took 403.066 seconds to do 500 HBOR sweeps.
# [2024-04-15 09:05:39] INFO: Plaquette = 0.645709
# [2024-04-15 09:05:39] INFO: Polyakov loop = (0.000555091,0.000117983)
# [2024-04-15 09:05:39] INFO: Writing conf to disk...
# [2024-04-15 09:05:39] INFO: writeconf_nersc: Writing NERSC configuration ./conf_s060t20_b0660000_a_U000314500
# [2024-04-15 09:05:42] INFO: Calculated checksum: dbd293a2
# [2024-04-15 09:05:46] INFO: Calculated checksum: a4252b2
# [2024-04-15 09:05:46] INFO: Writing RNGSTATE file: ./rand_s060t20_b0660000_a_U000314500
# [2024-04-15 09:05:46] INFO: Writing to disk took 7.68013 seconds
# [2024-04-15 09:05:46] INFO: ======================================================================
# [2024-04-15 09:05:46] INFO: Start sweeping...
# [2024-04-15 09:12:30] INFO: It took 403.358 seconds to do 500 HBOR sweeps.
# [2024-04-15 09:12:30] INFO: Plaquette = 0.645626
# [2024-04-15 09:12:30] INFO: Polyakov loop = (-9.83939e-05,-0.000309346)
# [2024-04-15 09:12:30] INFO: Writing conf to disk...
# [2024-04-15 09:12:30] INFO: writeconf_nersc: Writing NERSC configuration ./conf_s060t20_b0660000_a_U000315000
# [2024-04-15 09:12:33] INFO: Calculated checksum: d1591829
# [2024-04-15 09:12:37] INFO: Calculated checksum: 24d17b42
# [2024-04-15 09:12:37] INFO: Writing RNGSTATE file: ./rand_s060t20_b0660000_a_U000315000
# [2024-04-15 09:12:38] INFO: Writing to disk took 7.69997 seconds
# [2024-04-15 09:12:38] INFO: ======================================================================
# [2024-04-15 09:12:38] INFO: Start sweeping...
# [2024-04-15 09:19:21] INFO: It took 403.832 seconds to do 500 HBOR sweeps.
# [2024-04-15 09:19:21] INFO: Plaquette = 0.645806
# [2024-04-15 09:19:21] INFO: Polyakov loop = (0.000467349,0.00158943)
# [2024-04-15 09:19:21] INFO: Writing conf to disk...
# [2024-04-15 09:19:21] INFO: writeconf_nersc: Writing NERSC configuration ./conf_s060t20_b0660000_a_U000315500
# [2024-04-15 09:19:24] INFO: Calculated checksum: c8a77453
# [2024-04-15 09:19:29] INFO: Calculated checksum: 3903ffef
# [2024-04-15 09:19:29] INFO: Writing RNGSTATE file: ./rand_s060t20_b0660000_a_U000315500
# [2024-04-15 09:19:29] INFO: Writing to disk took 7.68501 seconds
# [2024-04-15 09:19:29] INFO: ======================================================================
# [2024-04-15 09:19:29] INFO: Start sweeping...
# [2024-04-15 09:26:13] INFO: It took 403.877 seconds to do 500 HBOR sweeps.
# [2024-04-15 09:26:13] INFO: Plaquette = 0.645747
# [2024-04-15 09:26:13] INFO: Polyakov loop = (-0.000356417,4.61027e-06)
# [2024-04-15 09:26:13] INFO: Writing conf to disk...
# [2024-04-15 09:26:13] INFO: writeconf_nersc: Writing NERSC configuration ./conf_s060t20_b0660000_a_U000316000
# [2024-04-15 09:26:16] INFO: Calculated checksum: cb7e14a4
# [2024-04-15 09:26:21] INFO: Calculated checksum: 6d3ec290
# [2024-04-15 09:26:21] INFO: Writing RNGSTATE file: ./rand_s060t20_b0660000_a_U000316000
# [2024-04-15 09:26:21] INFO: Writing to disk took 7.75578 seconds
# [2024-04-15 09:26:21] INFO: ======================================================================
# [2024-04-15 09:26:21] INFO: Start sweeping...
# [2024-04-15 09:33:05] INFO: It took 403.987 seconds to do 500 HBOR sweeps.
# [2024-04-15 09:33:05] INFO: Plaquette = 0.645707
# [2024-04-15 09:33:05] INFO: Polyakov loop = (-0.000245889,-0.000853527)
# [2024-04-15 09:33:05] INFO: Writing conf to disk...
# [2024-04-15 09:33:05] INFO: writeconf_nersc: Writing NERSC configuration ./conf_s060t20_b0660000_a_U000316500
# [2024-04-15 09:33:08] INFO: Calculated checksum: 4ae63ace
# [2024-04-15 09:33:12] INFO: Calculated checksum: d5800f78
# [2024-04-15 09:33:12] INFO: Writing RNGSTATE file: ./rand_s060t20_b0660000_a_U000316500
# [2024-04-15 09:33:13] INFO: Writing to disk took 7.7322 seconds
# [2024-04-15 09:33:13] INFO: ======================================================================
# [2024-04-15 09:33:13] INFO: Start sweeping...
# [2024-04-15 09:39:57] INFO: It took 404.038 seconds to do 500 HBOR sweeps.
# [2024-04-15 09:39:57] INFO: Plaquette = 0.645552
# [2024-04-15 09:39:57] INFO: Polyakov loop = (-0.000491288,-0.000385266)
# [2024-04-15 09:39:57] INFO: Writing conf to disk...
# [2024-04-15 09:39:57] INFO: writeconf_nersc: Writing NERSC configuration ./conf_s060t20_b0660000_a_U000317000
# [2024-04-15 09:40:00] INFO: Calculated checksum: 87cd39a8
# [2024-04-15 09:40:04] INFO: Calculated checksum: 1a642525
# [2024-04-15 09:40:04] INFO: Writing RNGSTATE file: ./rand_s060t20_b0660000_a_U000317000
# [2024-04-15 09:40:04] INFO: Writing to disk took 7.79039 seconds
# [2024-04-15 09:40:04] INFO: ======================================================================
# [2024-04-15 09:40:04] INFO: Start sweeping...
# [2024-04-15 09:46:48] INFO: It took 403.973 seconds to do 500 HBOR sweeps.
# [2024-04-15 09:46:48] INFO: Plaquette = 0.645695
# [2024-04-15 09:46:48] INFO: Polyakov loop = (-0.000291294,-7.74863e-05)
# [2024-04-15 09:46:48] INFO: Writing conf to disk...
# [2024-04-15 09:46:48] INFO: writeconf_nersc: Writing NERSC configuration ./conf_s060t20_b0660000_a_U000317500
# [2024-04-15 09:46:51] INFO: Calculated checksum: d477c1cb
# [2024-04-15 09:46:56] INFO: Calculated checksum: 78d931d5
# [2024-04-15 09:46:56] INFO: Writing RNGSTATE file: ./rand_s060t20_b0660000_a_U000317500
# [2024-04-15 09:46:56] INFO: Writing to disk took 7.70297 seconds
# [2024-04-15 09:46:56] INFO: ======================================================================
# [2024-04-15 09:46:56] INFO: Start sweeping...
# [2024-04-15 09:53:40] INFO: It took 403.921 seconds to do 500 HBOR sweeps.
# [2024-04-15 09:53:40] INFO: Plaquette = 0.645756
# [2024-04-15 09:53:40] INFO: Polyakov loop = (0.000284552,-0.000250154)
# [2024-04-15 09:53:40] INFO: Writing conf to disk...
# [2024-04-15 09:53:40] INFO: writeconf_nersc: Writing NERSC configuration ./conf_s060t20_b0660000_a_U000318000
# [2024-04-15 09:53:43] INFO: Calculated checksum: 52a6599c
# [2024-04-15 09:53:48] INFO: Calculated checksum: f13580f3
# [2024-04-15 09:53:48] INFO: Writing RNGSTATE file: ./rand_s060t20_b0660000_a_U000318000
# [2024-04-15 09:53:48] INFO: Writing to disk took 7.67131 seconds
# [2024-04-15 09:53:48] INFO: ======================================================================
# [2024-04-15 09:53:48] INFO: Start sweeping...
# [2024-04-15 10:00:32] INFO: It took 403.92 seconds to do 500 HBOR sweeps.
# [2024-04-15 10:00:32] INFO: Plaquette = 0.645695
# [2024-04-15 10:00:32] INFO: Polyakov loop = (0.000566152,-0.000901313)
# [2024-04-15 10:00:32] INFO: Writing conf to disk...
# [2024-04-15 10:00:32] INFO: writeconf_nersc: Writing NERSC configuration ./conf_s060t20_b0660000_a_U000318500
# [2024-04-15 10:00:35] INFO: Calculated checksum: aa9df281
# [2024-04-15 10:00:39] INFO: Calculated checksum: d4e66cb
# [2024-04-15 10:00:39] INFO: Writing RNGSTATE file: ./rand_s060t20_b0660000_a_U000318500
# [2024-04-15 10:00:40] INFO: Writing to disk took 7.7772 seconds
# [2024-04-15 10:00:40] INFO: ======================================================================
# [2024-04-15 10:00:40] INFO: Start sweeping...
# [2024-04-15 10:07:24] INFO: It took 404.076 seconds to do 500 HBOR sweeps.
# [2024-04-15 10:07:24] INFO: Plaquette = 0.645656
# [2024-04-15 10:07:24] INFO: Polyakov loop = (0.000383181,0.00138583)
# [2024-04-15 10:07:24] INFO: Writing conf to disk...
# [2024-04-15 10:07:24] INFO: writeconf_nersc: Writing NERSC configuration ./conf_s060t20_b0660000_a_U000319000
# [2024-04-15 10:07:27] INFO: Calculated checksum: 5ddbb7ef
# [2024-04-15 10:07:31] INFO: Calculated checksum: 173b792c
# [2024-04-15 10:07:31] INFO: Writing RNGSTATE file: ./rand_s060t20_b0660000_a_U000319000
# [2024-04-15 10:07:31] INFO: Writing to disk took 7.73471 seconds
# [2024-04-15 10:07:31] INFO: ======================================================================
# [2024-04-15 10:07:31] INFO: Start sweeping...
# [2024-04-15 10:14:15] INFO: It took 403.973 seconds to do 500 HBOR sweeps.
# [2024-04-15 10:14:15] INFO: Plaquette = 0.64567
# [2024-04-15 10:14:15] INFO: Polyakov loop = (0.000335549,-0.000473685)
# [2024-04-15 10:14:15] INFO: Writing conf to disk...
# [2024-04-15 10:14:15] INFO: writeconf_nersc: Writing NERSC configuration ./conf_s060t20_b0660000_a_U000319500
# [2024-04-15 10:14:18] INFO: Calculated checksum: 2ed777c3
# [2024-04-15 10:14:23] INFO: Calculated checksum: f29c1a84
# [2024-04-15 10:14:23] INFO: Writing RNGSTATE file: ./rand_s060t20_b0660000_a_U000319500
# [2024-04-15 10:14:23] INFO: Writing to disk took 7.72461 seconds
# [2024-04-15 10:14:23] INFO: ======================================================================
# [2024-04-15 10:14:23] INFO: Start sweeping...
# [2024-04-15 10:21:07] INFO: It took 404.135 seconds to do 500 HBOR sweeps.
# [2024-04-15 10:21:07] INFO: Plaquette = 0.645679
# [2024-04-15 10:21:07] INFO: Polyakov loop = (0.000640856,0.000807537)
# [2024-04-15 10:21:07] INFO: Writing conf to disk...
# [2024-04-15 10:21:07] INFO: writeconf_nersc: Writing NERSC configuration ./conf_s060t20_b0660000_a_U000320000
# [2024-04-15 10:21:10] INFO: Calculated checksum: 7075a4ed
# [2024-04-15 10:21:15] INFO: Calculated checksum: e2cebd53
# [2024-04-15 10:21:15] INFO: Writing RNGSTATE file: ./rand_s060t20_b0660000_a_U000320000
# [2024-04-15 10:21:15] INFO: Writing to disk took 7.79615 seconds
# [2024-04-15 10:21:15] INFO: ======================================================================
# [2024-04-15 10:21:15] INFO: Start sweeping...
# [2024-04-15 10:27:59] INFO: It took 404.137 seconds to do 500 HBOR sweeps.
# [2024-04-15 10:27:59] INFO: Plaquette = 0.645504
# [2024-04-15 10:27:59] INFO: Polyakov loop = (-0.000218559,-0.00042085)
# [2024-04-15 10:27:59] INFO: Writing conf to disk...
# [2024-04-15 10:27:59] INFO: writeconf_nersc: Writing NERSC configuration ./conf_s060t20_b0660000_a_U000320500
# [2024-04-15 10:28:02] INFO: Calculated checksum: b7af7833
# [2024-04-15 10:28:07] INFO: Calculated checksum: 9c20383c
# [2024-04-15 10:28:07] INFO: Writing RNGSTATE file: ./rand_s060t20_b0660000_a_U000320500
# [2024-04-15 10:28:07] INFO: Writing to disk took 7.71124 seconds
# [2024-04-15 10:28:07] INFO: ======================================================================
# [2024-04-15 10:28:07] INFO: Start sweeping...
# [2024-04-15 10:34:51] INFO: It took 404.095 seconds to do 500 HBOR sweeps.
# [2024-04-15 10:34:51] INFO: Plaquette = 0.645717
# [2024-04-15 10:34:51] INFO: Polyakov loop = (0.00025024,9.40108e-05)
# [2024-04-15 10:34:51] INFO: Writing conf to disk...
# [2024-04-15 10:34:51] INFO: writeconf_nersc: Writing NERSC configuration ./conf_s060t20_b0660000_a_U000321000
# [2024-04-15 10:34:54] INFO: Calculated checksum: 379e15dc
# [2024-04-15 10:34:59] INFO: Calculated checksum: 3bf22d93
# [2024-04-15 10:34:59] INFO: Writing RNGSTATE file: ./rand_s060t20_b0660000_a_U000321000
# [2024-04-15 10:34:59] INFO: Writing to disk took 7.70622 seconds
# [2024-04-15 10:34:59] INFO: ======================================================================
# [2024-04-15 10:34:59] INFO: Start sweeping...
# [2024-04-15 10:41:43] INFO: It took 404.173 seconds to do 500 HBOR sweeps.
# [2024-04-15 10:41:43] INFO: Plaquette = 0.645696
# [2024-04-15 10:41:43] INFO: Polyakov loop = (0.000643532,-0.0011905)
# [2024-04-15 10:41:43] INFO: Writing conf to disk...
# [2024-04-15 10:41:43] INFO: writeconf_nersc: Writing NERSC configuration ./conf_s060t20_b0660000_a_U000321500
# [2024-04-15 10:41:46] INFO: Calculated checksum: 7b8735ac
# [2024-04-15 10:41:51] INFO: Calculated checksum: ec363c97
# [2024-04-15 10:41:51] INFO: Writing RNGSTATE file: ./rand_s060t20_b0660000_a_U000321500
# [2024-04-15 10:41:51] INFO: Writing to disk took 7.78699 seconds
# [2024-04-15 10:41:51] INFO: ======================================================================
# [2024-04-15 10:41:51] INFO: Start sweeping...
# [2024-04-15 10:48:35] INFO: It took 404.201 seconds to do 500 HBOR sweeps.
# [2024-04-15 10:48:35] INFO: Plaquette = 0.645638
# [2024-04-15 10:48:35] INFO: Polyakov loop = (-0.000139073,-0.000145468)
# [2024-04-15 10:48:35] INFO: Writing conf to disk...
# [2024-04-15 10:48:35] INFO: writeconf_nersc: Writing NERSC configuration ./conf_s060t20_b0660000_a_U000322000
# [2024-04-15 10:48:38] INFO: Calculated checksum: 82bdf6c3
# [2024-04-15 10:48:43] INFO: Calculated checksum: c9856682
# [2024-04-15 10:48:43] INFO: Writing RNGSTATE file: ./rand_s060t20_b0660000_a_U000322000
# [2024-04-15 10:48:43] INFO: Writing to disk took 8.21006 seconds
# [2024-04-15 10:48:43] INFO: ======================================================================
# [2024-04-15 10:48:43] INFO: Start sweeping...
# [2024-04-15 10:55:28] INFO: It took 404.255 seconds to do 500 HBOR sweeps.
# [2024-04-15 10:55:28] INFO: Plaquette = 0.645762
# [2024-04-15 10:55:28] INFO: Polyakov loop = (0.000207728,0.00058089)
# [2024-04-15 10:55:28] INFO: Writing conf to disk...
# [2024-04-15 10:55:28] INFO: writeconf_nersc: Writing NERSC configuration ./conf_s060t20_b0660000_a_U000322500
# [2024-04-15 10:55:31] INFO: Calculated checksum: 315cd5ad
# [2024-04-15 10:55:35] INFO: Calculated checksum: 112a473e
# [2024-04-15 10:55:35] INFO: Writing RNGSTATE file: ./rand_s060t20_b0660000_a_U000322500
# [2024-04-15 10:55:35] INFO: Writing to disk took 7.59991 seconds
# [2024-04-15 10:55:35] INFO: ======================================================================
# [2024-04-15 10:55:35] INFO: Start sweeping...
# [2024-04-15 11:02:19] INFO: It took 404.01 seconds to do 500 HBOR sweeps.
# [2024-04-15 11:02:19] INFO: Plaquette = 0.645586
# [2024-04-15 11:02:19] INFO: Polyakov loop = (0.000226049,1.97419e-05)
# [2024-04-15 11:02:19] INFO: Writing conf to disk...
# [2024-04-15 11:02:19] INFO: writeconf_nersc: Writing NERSC configuration ./conf_s060t20_b0660000_a_U000323000
# [2024-04-15 11:02:22] INFO: Calculated checksum: e1d8c3b9
# [2024-04-15 11:02:27] INFO: Calculated checksum: ab4af3e6
# [2024-04-15 11:02:27] INFO: Writing RNGSTATE file: ./rand_s060t20_b0660000_a_U000323000
# [2024-04-15 11:02:27] INFO: Writing to disk took 7.75974 seconds
# [2024-04-15 11:02:27] INFO: ======================================================================
# [2024-04-15 11:02:27] INFO: Start sweeping...
# [2024-04-15 11:09:11] INFO: It took 403.914 seconds to do 500 HBOR sweeps.
# [2024-04-15 11:09:11] INFO: Plaquette = 0.645644
# [2024-04-15 11:09:11] INFO: Polyakov loop = (0.00015403,-0.00043547)
# [2024-04-15 11:09:11] INFO: Writing conf to disk...
# [2024-04-15 11:09:11] INFO: writeconf_nersc: Writing NERSC configuration ./conf_s060t20_b0660000_a_U000323500
# [2024-04-15 11:09:14] INFO: Calculated checksum: 314cb5bd
# [2024-04-15 11:09:18] INFO: Calculated checksum: 91d59454
# [2024-04-15 11:09:18] INFO: Writing RNGSTATE file: ./rand_s060t20_b0660000_a_U000323500
# [2024-04-15 11:09:18] INFO: Writing to disk took 7.05967 seconds
# [2024-04-15 11:09:18] INFO: ======================================================================
# [2024-04-15 11:09:18] INFO: Start sweeping...
# [2024-04-15 11:16:02] INFO: It took 403.773 seconds to do 500 HBOR sweeps.
# [2024-04-15 11:16:02] INFO: Plaquette = 0.64567
# [2024-04-15 11:16:02] INFO: Polyakov loop = (-7.03649e-05,0.000169068)
# [2024-04-15 11:16:02] INFO: Writing conf to disk...
# [2024-04-15 11:16:02] INFO: writeconf_nersc: Writing NERSC configuration ./conf_s060t20_b0660000_a_U000324000
# [2024-04-15 11:16:05] INFO: Calculated checksum: 8937b985
# [2024-04-15 11:16:09] INFO: Calculated checksum: bd196ee
# [2024-04-15 11:16:09] INFO: Writing RNGSTATE file: ./rand_s060t20_b0660000_a_U000324000
# [2024-04-15 11:16:09] INFO: Writing to disk took 7.48086 seconds
# [2024-04-15 11:16:09] INFO: ======================================================================
# [2024-04-15 11:16:09] INFO: Start sweeping...
# [2024-04-15 11:22:53] INFO: It took 403.761 seconds to do 500 HBOR sweeps.
# [2024-04-15 11:22:53] INFO: Plaquette = 0.645755
# [2024-04-15 11:22:53] INFO: Polyakov loop = (0.000483722,-0.000989567)
# [2024-04-15 11:22:53] INFO: Writing conf to disk...
# [2024-04-15 11:22:53] INFO: writeconf_nersc: Writing NERSC configuration ./conf_s060t20_b0660000_a_U000324500
# [2024-04-15 11:22:56] INFO: Calculated checksum: 72379f10
# [2024-04-15 11:23:01] INFO: Calculated checksum: 77d1c8b6
# [2024-04-15 11:23:01] INFO: Writing RNGSTATE file: ./rand_s060t20_b0660000_a_U000324500
# [2024-04-15 11:23:01] INFO: Writing to disk took 7.56868 seconds
# [2024-04-15 11:23:01] INFO: ======================================================================
# [2024-04-15 11:23:01] INFO: Start sweeping...
# [2024-04-15 11:29:45] INFO: It took 403.774 seconds to do 500 HBOR sweeps.
# [2024-04-15 11:29:45] INFO: Plaquette = 0.645599
# [2024-04-15 11:29:45] INFO: Polyakov loop = (0.000305948,0.000164069)
# [2024-04-15 11:29:45] INFO: Writing conf to disk...
# [2024-04-15 11:29:45] INFO: writeconf_nersc: Writing NERSC configuration ./conf_s060t20_b0660000_a_U000325000
# [2024-04-15 11:29:48] INFO: Calculated checksum: 75191fa3
# [2024-04-15 11:29:52] INFO: Calculated checksum: 32988066
# [2024-04-15 11:29:52] INFO: Writing RNGSTATE file: ./rand_s060t20_b0660000_a_U000325000
# [2024-04-15 11:29:52] INFO: Writing to disk took 7.54837 seconds
# [2024-04-15 11:29:52] INFO: ======================================================================
# [2024-04-15 11:29:52] INFO: Start sweeping...
# [2024-04-15 11:36:36] INFO: It took 403.928 seconds to do 500 HBOR sweeps.
# [2024-04-15 11:36:36] INFO: Plaquette = 0.645634
# [2024-04-15 11:36:36] INFO: Polyakov loop = (0.00039922,-0.000398371)
# [2024-04-15 11:36:36] INFO: Writing conf to disk...
# [2024-04-15 11:36:36] INFO: writeconf_nersc: Writing NERSC configuration ./conf_s060t20_b0660000_a_U000325500
# [2024-04-15 11:36:39] INFO: Calculated checksum: dc1ed0d3
# [2024-04-15 11:36:44] INFO: Calculated checksum: b0d1e52c
# [2024-04-15 11:36:44] INFO: Writing RNGSTATE file: ./rand_s060t20_b0660000_a_U000325500
# [2024-04-15 11:36:44] INFO: Writing to disk took 7.65078 seconds
# [2024-04-15 11:36:44] INFO: ======================================================================
# [2024-04-15 11:36:44] INFO: Start sweeping...
# [2024-04-15 11:43:28] INFO: It took 403.95 seconds to do 500 HBOR sweeps.
# [2024-04-15 11:43:28] INFO: Plaquette = 0.645609
# [2024-04-15 11:43:28] INFO: Polyakov loop = (0.00048105,-0.000628194)
# [2024-04-15 11:43:28] INFO: Writing conf to disk...
# [2024-04-15 11:43:28] INFO: writeconf_nersc: Writing NERSC configuration ./conf_s060t20_b0660000_a_U000326000
# [2024-04-15 11:43:31] INFO: Calculated checksum: 489bd956
# [2024-04-15 11:43:35] INFO: Calculated checksum: 57a9e17
# [2024-04-15 11:43:35] INFO: Writing RNGSTATE file: ./rand_s060t20_b0660000_a_U000326000
# [2024-04-15 11:43:35] INFO: Writing to disk took 7.49681 seconds
# [2024-04-15 11:43:35] INFO: ======================================================================
# [2024-04-15 11:43:35] INFO: Start sweeping...
# [2024-04-15 11:50:19] INFO: It took 404.123 seconds to do 500 HBOR sweeps.
# [2024-04-15 11:50:20] INFO: Plaquette = 0.645661
# [2024-04-15 11:50:20] INFO: Polyakov loop = (-0.000210288,-0.000197172)
# [2024-04-15 11:50:20] INFO: Writing conf to disk...
# [2024-04-15 11:50:20] INFO: writeconf_nersc: Writing NERSC configuration ./conf_s060t20_b0660000_a_U000326500
# [2024-04-15 11:50:22] INFO: Calculated checksum: 787c8004
# [2024-04-15 11:50:27] INFO: Calculated checksum: 9099a041
# [2024-04-15 11:50:27] INFO: Writing RNGSTATE file: ./rand_s060t20_b0660000_a_U000326500
# [2024-04-15 11:50:27] INFO: Writing to disk took 7.64835 seconds
# [2024-04-15 11:50:27] INFO: ======================================================================
# [2024-04-15 11:50:27] INFO: Start sweeping...
# [2024-04-15 11:57:11] INFO: It took 404.099 seconds to do 500 HBOR sweeps.
# [2024-04-15 11:57:11] INFO: Plaquette = 0.645713
# [2024-04-15 11:57:11] INFO: Polyakov loop = (-8.64159e-06,-0.000537723)
# [2024-04-15 11:57:11] INFO: Writing conf to disk...
# [2024-04-15 11:57:11] INFO: writeconf_nersc: Writing NERSC configuration ./conf_s060t20_b0660000_a_U000327000
# [2024-04-15 11:57:15] INFO: Calculated checksum: 6ff6f3ee
# [2024-04-15 11:57:19] INFO: Calculated checksum: bc45cba8
# [2024-04-15 11:57:19] INFO: Writing RNGSTATE file: ./rand_s060t20_b0660000_a_U000327000
# [2024-04-15 11:57:19] INFO: Writing to disk took 7.73981 seconds
# [2024-04-15 11:57:19] INFO: ======================================================================
# [2024-04-15 11:57:19] INFO: Start sweeping...
# [2024-04-15 12:04:03] INFO: It took 404.251 seconds to do 500 HBOR sweeps.
# [2024-04-15 12:04:03] INFO: Plaquette = 0.645531
# [2024-04-15 12:04:03] INFO: Polyakov loop = (0.000453222,0.000195301)
# [2024-04-15 12:04:03] INFO: Writing conf to disk...
# [2024-04-15 12:04:03] INFO: writeconf_nersc: Writing NERSC configuration ./conf_s060t20_b0660000_a_U000327500
# [2024-04-15 12:04:06] INFO: Calculated checksum: 39662015
# [2024-04-15 12:04:11] INFO: Calculated checksum: 577a4429
# [2024-04-15 12:04:11] INFO: Writing RNGSTATE file: ./rand_s060t20_b0660000_a_U000327500
# [2024-04-15 12:04:11] INFO: Writing to disk took 7.27875 seconds
# [2024-04-15 12:04:11] INFO: ======================================================================
# [2024-04-15 12:04:11] INFO: Start sweeping...
# [2024-04-15 12:10:55] INFO: It took 404.223 seconds to do 500 HBOR sweeps.
# [2024-04-15 12:10:55] INFO: Plaquette = 0.645691
# [2024-04-15 12:10:55] INFO: Polyakov loop = (-0.000549034,-0.000671676)
# [2024-04-15 12:10:55] INFO: Writing conf to disk...
# [2024-04-15 12:10:55] INFO: writeconf_nersc: Writing NERSC configuration ./conf_s060t20_b0660000_a_U000328000
# [2024-04-15 12:10:58] INFO: Calculated checksum: 78b5045
# [2024-04-15 12:11:02] INFO: Calculated checksum: 28c9c301
# [2024-04-15 12:11:02] INFO: Writing RNGSTATE file: ./rand_s060t20_b0660000_a_U000328000
# [2024-04-15 12:11:02] INFO: Writing to disk took 7.55912 seconds
# [2024-04-15 12:11:02] INFO: ======================================================================
# [2024-04-15 12:11:02] INFO: Start sweeping...
# [2024-04-15 12:17:47] INFO: It took 404.238 seconds to do 500 HBOR sweeps.
# [2024-04-15 12:17:47] INFO: Plaquette = 0.645615
# [2024-04-15 12:17:47] INFO: Polyakov loop = (0.000521806,0.00034113)
# [2024-04-15 12:17:47] INFO: Writing conf to disk...
# [2024-04-15 12:17:47] INFO: writeconf_nersc: Writing NERSC configuration ./conf_s060t20_b0660000_a_U000328500
# [2024-04-15 12:17:50] INFO: Calculated checksum: 94ef1963
# [2024-04-15 12:17:54] INFO: Calculated checksum: 23c1fcfe
# [2024-04-15 12:17:54] INFO: Writing RNGSTATE file: ./rand_s060t20_b0660000_a_U000328500
# [2024-04-15 12:17:54] INFO: Writing to disk took 7.22159 seconds
# [2024-04-15 12:17:54] INFO: ======================================================================
# [2024-04-15 12:17:54] INFO: Start sweeping...
# [2024-04-15 12:24:38] INFO: It took 404.229 seconds to do 500 HBOR sweeps.
# [2024-04-15 12:24:38] INFO: Plaquette = 0.645692
# [2024-04-15 12:24:38] INFO: Polyakov loop = (0.00156837,-0.000251863)
# [2024-04-15 12:24:38] INFO: Writing conf to disk...
# [2024-04-15 12:24:38] INFO: writeconf_nersc: Writing NERSC configuration ./conf_s060t20_b0660000_a_U000329000
# [2024-04-15 12:24:43] INFO: Calculated checksum: 51ebc1a0
# [2024-04-15 12:24:47] INFO: Calculated checksum: 30030413
# [2024-04-15 12:24:47] INFO: Writing RNGSTATE file: ./rand_s060t20_b0660000_a_U000329000
# [2024-04-15 12:24:48] INFO: Writing to disk took 9.32441 seconds
# [2024-04-15 12:24:48] INFO: ======================================================================
# [2024-04-15 12:24:48] INFO: Start sweeping...
# [2024-04-15 12:31:32] INFO: It took 404.341 seconds to do 500 HBOR sweeps.
# [2024-04-15 12:31:32] INFO: Plaquette = 0.645626
# [2024-04-15 12:31:32] INFO: Polyakov loop = (2.87877e-05,-0.00119297)
# [2024-04-15 12:31:32] INFO: Writing conf to disk...
# [2024-04-15 12:31:32] INFO: writeconf_nersc: Writing NERSC configuration ./conf_s060t20_b0660000_a_U000329500
# [2024-04-15 12:31:35] INFO: Calculated checksum: 2ebe2a46
# [2024-04-15 12:31:40] INFO: Calculated checksum: 7ebfa43f
# [2024-04-15 12:31:40] INFO: Writing RNGSTATE file: ./rand_s060t20_b0660000_a_U000329500
# [2024-04-15 12:31:40] INFO: Writing to disk took 7.66307 seconds
# [2024-04-15 12:31:40] INFO: ======================================================================
# [2024-04-15 12:31:40] INFO: Start sweeping...
# [2024-04-15 12:38:24] INFO: It took 404.599 seconds to do 500 HBOR sweeps.
# [2024-04-15 12:38:24] INFO: Plaquette = 0.645537
# [2024-04-15 12:38:24] INFO: Polyakov loop = (-2.72809e-05,-0.000177937)
# [2024-04-15 12:38:24] INFO: Writing conf to disk...
# [2024-04-15 12:38:24] INFO: writeconf_nersc: Writing NERSC configuration ./conf_s060t20_b0660000_a_U000330000
# [2024-04-15 12:38:29] INFO: Calculated checksum: 17be4b7d
# [2024-04-15 12:38:34] INFO: Calculated checksum: 82e83d8a
# [2024-04-15 12:38:34] INFO: Writing RNGSTATE file: ./rand_s060t20_b0660000_a_U000330000
# [2024-04-15 12:38:34] INFO: Writing to disk took 9.74691 seconds
# [2024-04-15 12:38:34] INFO: ======================================================================
# [2024-04-15 12:38:34] INFO: Start sweeping...
# [2024-04-15 12:45:19] INFO: It took 404.526 seconds to do 500 HBOR sweeps.
# [2024-04-15 12:45:19] INFO: Plaquette = 0.645678
# [2024-04-15 12:45:19] INFO: Polyakov loop = (0.00035831,0.000178173)
# [2024-04-15 12:45:19] INFO: Writing conf to disk...
# [2024-04-15 12:45:19] INFO: writeconf_nersc: Writing NERSC configuration ./conf_s060t20_b0660000_a_U000330500
# [2024-04-15 12:45:22] INFO: Calculated checksum: 8fea7bd9
# [2024-04-15 12:45:26] INFO: Calculated checksum: 34c257d9
# [2024-04-15 12:45:26] INFO: Writing RNGSTATE file: ./rand_s060t20_b0660000_a_U000330500
# [2024-04-15 12:45:26] INFO: Writing to disk took 7.57242 seconds
# [2024-04-15 12:45:26] INFO: ======================================================================
# [2024-04-15 12:45:26] INFO: Start sweeping...
# [2024-04-15 12:52:10] INFO: It took 403.309 seconds to do 500 HBOR sweeps.
# [2024-04-15 12:52:10] INFO: Plaquette = 0.645669
# [2024-04-15 12:52:10] INFO: Polyakov loop = (-0.000521712,-0.000191327)
# [2024-04-15 12:52:10] INFO: Writing conf to disk...
# [2024-04-15 12:52:10] INFO: writeconf_nersc: Writing NERSC configuration ./conf_s060t20_b0660000_a_U000331000
# [2024-04-15 12:52:13] INFO: Calculated checksum: 893177da
# [2024-04-15 12:52:17] INFO: Calculated checksum: 5a4b21a3
# [2024-04-15 12:52:17] INFO: Writing RNGSTATE file: ./rand_s060t20_b0660000_a_U000331000
# [2024-04-15 12:52:17] INFO: Writing to disk took 7.68399 seconds
# [2024-04-15 12:52:17] INFO: ======================================================================
# [2024-04-15 12:52:17] INFO: Start sweeping...
# [2024-04-15 12:59:01] INFO: It took 403.459 seconds to do 500 HBOR sweeps.
# [2024-04-15 12:59:01] INFO: Plaquette = 0.645654
# [2024-04-15 12:59:01] INFO: Polyakov loop = (-0.000169273,-0.000735661)
# [2024-04-15 12:59:01] INFO: Writing conf to disk...
# [2024-04-15 12:59:01] INFO: writeconf_nersc: Writing NERSC configuration ./conf_s060t20_b0660000_a_U000331500
# [2024-04-15 12:59:04] INFO: Calculated checksum: 9ecc310
# [2024-04-15 12:59:08] INFO: Calculated checksum: 69843458
# [2024-04-15 12:59:08] INFO: Writing RNGSTATE file: ./rand_s060t20_b0660000_a_U000331500
# [2024-04-15 12:59:08] INFO: Writing to disk took 7.18978 seconds
# [2024-04-15 12:59:08] INFO: ======================================================================
# [2024-04-15 12:59:08] INFO: Start sweeping...
# [2024-04-15 13:05:51] INFO: It took 403.469 seconds to do 500 HBOR sweeps.
# [2024-04-15 13:05:51] INFO: Plaquette = 0.645688
# [2024-04-15 13:05:51] INFO: Polyakov loop = (-0.000282674,-0.000241804)
# [2024-04-15 13:05:51] INFO: Writing conf to disk...
# [2024-04-15 13:05:51] INFO: writeconf_nersc: Writing NERSC configuration ./conf_s060t20_b0660000_a_U000332000
# [2024-04-15 13:05:54] INFO: Calculated checksum: ba0d5181
# [2024-04-15 13:05:59] INFO: Calculated checksum: 68257ff1
# [2024-04-15 13:05:59] INFO: Writing RNGSTATE file: ./rand_s060t20_b0660000_a_U000332000
# [2024-04-15 13:05:59] INFO: Writing to disk took 7.48519 seconds
# [2024-04-15 13:05:59] INFO: ======================================================================
# [2024-04-15 13:05:59] INFO: Start sweeping...
# [2024-04-15 13:12:42] INFO: It took 403.413 seconds to do 500 HBOR sweeps.
# [2024-04-15 13:12:42] INFO: Plaquette = 0.645629
# [2024-04-15 13:12:42] INFO: Polyakov loop = (0.00015334,-0.000324794)
# [2024-04-15 13:12:42] INFO: Writing conf to disk...
# [2024-04-15 13:12:42] INFO: writeconf_nersc: Writing NERSC configuration ./conf_s060t20_b0660000_a_U000332500
# [2024-04-15 13:12:45] INFO: Calculated checksum: 2a693f7c
# [2024-04-15 13:12:50] INFO: Calculated checksum: 45c119ba
# [2024-04-15 13:12:50] INFO: Writing RNGSTATE file: ./rand_s060t20_b0660000_a_U000332500
# [2024-04-15 13:12:51] INFO: Writing to disk took 8.17117 seconds
# [2024-04-15 13:12:51] INFO: ======================================================================
# [2024-04-15 13:12:51] INFO: Start sweeping...
# [2024-04-15 13:19:34] INFO: It took 403.283 seconds to do 500 HBOR sweeps.
# [2024-04-15 13:19:34] INFO: Plaquette = 0.645608
# [2024-04-15 13:19:34] INFO: Polyakov loop = (-0.00021829,-9.30038e-05)
# [2024-04-15 13:19:34] INFO: Writing conf to disk...
# [2024-04-15 13:19:34] INFO: writeconf_nersc: Writing NERSC configuration ./conf_s060t20_b0660000_a_U000333000
# [2024-04-15 13:19:37] INFO: Calculated checksum: c8bd66c7
# [2024-04-15 13:19:41] INFO: Calculated checksum: a9246f6f
# [2024-04-15 13:19:41] INFO: Writing RNGSTATE file: ./rand_s060t20_b0660000_a_U000333000
# [2024-04-15 13:19:42] INFO: Writing to disk took 8.02226 seconds
# [2024-04-15 13:19:42] INFO: ======================================================================
# [2024-04-15 13:19:42] INFO: Start sweeping...
# [2024-04-15 13:26:25] INFO: It took 403.289 seconds to do 500 HBOR sweeps.
# [2024-04-15 13:26:25] INFO: Plaquette = 0.645637
# [2024-04-15 13:26:25] INFO: Polyakov loop = (-0.000555988,0.00123112)
# [2024-04-15 13:26:25] INFO: Writing conf to disk...
# [2024-04-15 13:26:25] INFO: writeconf_nersc: Writing NERSC configuration ./conf_s060t20_b0660000_a_U000333500
# [2024-04-15 13:26:29] INFO: Calculated checksum: 5505a9fd
# [2024-04-15 13:26:35] INFO: Calculated checksum: c79cc99f
# [2024-04-15 13:26:35] INFO: Writing RNGSTATE file: ./rand_s060t20_b0660000_a_U000333500
# [2024-04-15 13:26:35] INFO: Writing to disk took 9.86162 seconds
# [2024-04-15 13:26:35] INFO: ======================================================================
# [2024-04-15 13:26:35] INFO: Start sweeping...
# [2024-04-15 13:33:17] INFO: It took 401.543 seconds to do 500 HBOR sweeps.
# [2024-04-15 13:33:17] INFO: Plaquette = 0.645642
# [2024-04-15 13:33:17] INFO: Polyakov loop = (0.00152812,0.000173772)
# [2024-04-15 13:33:17] INFO: Writing conf to disk...
# [2024-04-15 13:33:17] INFO: writeconf_nersc: Writing NERSC configuration ./conf_s060t20_b0660000_a_U000334000
# [2024-04-15 13:33:21] INFO: Calculated checksum: 5c10862b
# [2024-04-15 13:33:29] INFO: Calculated checksum: df8219a0
# [2024-04-15 13:33:29] INFO: Writing RNGSTATE file: ./rand_s060t20_b0660000_a_U000334000
# [2024-04-15 13:33:29] INFO: Writing to disk took 12.7078 seconds
# [2024-04-15 13:33:29] INFO: ======================================================================
# [2024-04-15 13:33:29] INFO: Start sweeping...
# [2024-04-15 13:40:11] INFO: It took 401.517 seconds to do 500 HBOR sweeps.
# [2024-04-15 13:40:12] INFO: Plaquette = 0.645623
# [2024-04-15 13:40:12] INFO: Polyakov loop = (0.000172504,2.75698e-05)
# [2024-04-15 13:40:12] INFO: Writing conf to disk...
# [2024-04-15 13:40:12] INFO: writeconf_nersc: Writing NERSC configuration ./conf_s060t20_b0660000_a_U000334500
# [2024-04-15 13:40:16] INFO: Calculated checksum: 6b4760d2
# [2024-04-15 13:40:21] INFO: Calculated checksum: 8b0d7d1d
# [2024-04-15 13:40:21] INFO: Writing RNGSTATE file: ./rand_s060t20_b0660000_a_U000334500
# [2024-04-15 13:40:21] INFO: Writing to disk took 9.27217 seconds
# [2024-04-15 13:40:21] INFO: ======================================================================
# [2024-04-15 13:40:21] INFO: Start sweeping...
# [2024-04-15 13:47:02] INFO: It took 401.554 seconds to do 500 HBOR sweeps.
# [2024-04-15 13:47:03] INFO: Plaquette = 0.645621
# [2024-04-15 13:47:03] INFO: Polyakov loop = (0.000458281,-0.000768169)
# [2024-04-15 13:47:03] INFO: Writing conf to disk...
# [2024-04-15 13:47:03] INFO: writeconf_nersc: Writing NERSC configuration ./conf_s060t20_b0660000_a_U000335000
# [2024-04-15 13:47:05] INFO: Calculated checksum: 2cfae937
# [2024-04-15 13:47:10] INFO: Calculated checksum: 1a92a988
# [2024-04-15 13:47:10] INFO: Writing RNGSTATE file: ./rand_s060t20_b0660000_a_U000335000
# [2024-04-15 13:47:10] INFO: Writing to disk took 7.16548 seconds
# [2024-04-15 13:47:10] INFO: ======================================================================
# [2024-04-15 13:47:10] INFO: Start sweeping...
# [2024-04-15 13:53:51] INFO: It took 401.553 seconds to do 500 HBOR sweeps.
# [2024-04-15 13:53:51] INFO: Plaquette = 0.64569
# [2024-04-15 13:53:51] INFO: Polyakov loop = (-0.000190935,0.000493221)
# [2024-04-15 13:53:51] INFO: Writing conf to disk...
# [2024-04-15 13:53:51] INFO: writeconf_nersc: Writing NERSC configuration ./conf_s060t20_b0660000_a_U000335500
# [2024-04-15 13:53:54] INFO: Calculated checksum: e13b56cb
# [2024-04-15 13:53:59] INFO: Calculated checksum: adfe4ba6
# [2024-04-15 13:53:59] INFO: Writing RNGSTATE file: ./rand_s060t20_b0660000_a_U000335500
# [2024-04-15 13:53:59] INFO: Writing to disk took 7.63726 seconds
# [2024-04-15 13:53:59] INFO: ======================================================================
# [2024-04-15 13:53:59] INFO: Start sweeping...
# [2024-04-15 14:00:40] INFO: It took 401.529 seconds to do 500 HBOR sweeps.
# [2024-04-15 14:00:41] INFO: Plaquette = 0.645634
# [2024-04-15 14:00:41] INFO: Polyakov loop = (-0.000193975,-0.000113342)
# [2024-04-15 14:00:41] INFO: Writing conf to disk...
# [2024-04-15 14:00:41] INFO: writeconf_nersc: Writing NERSC configuration ./conf_s060t20_b0660000_a_U000336000
# [2024-04-15 14:00:43] INFO: Calculated checksum: db1c294e
# [2024-04-15 14:00:48] INFO: Calculated checksum: 29abcb7
# [2024-04-15 14:00:48] INFO: Writing RNGSTATE file: ./rand_s060t20_b0660000_a_U000336000
# [2024-04-15 14:00:48] INFO: Writing to disk took 7.65729 seconds
# [2024-04-15 14:00:48] INFO: ======================================================================
# [2024-04-15 14:00:48] INFO: Start sweeping...
# [2024-04-15 14:07:30] INFO: It took 401.546 seconds to do 500 HBOR sweeps.
# [2024-04-15 14:07:30] INFO: Plaquette = 0.645713
# [2024-04-15 14:07:30] INFO: Polyakov loop = (-0.00124428,-0.000532589)
# [2024-04-15 14:07:30] INFO: Writing conf to disk...
# [2024-04-15 14:07:30] INFO: writeconf_nersc: Writing NERSC configuration ./conf_s060t20_b0660000_a_U000336500
# [2024-04-15 14:07:33] INFO: Calculated checksum: d623e4f4
# [2024-04-15 14:07:37] INFO: Calculated checksum: cc80f6c3
# [2024-04-15 14:07:37] INFO: Writing RNGSTATE file: ./rand_s060t20_b0660000_a_U000336500
# [2024-04-15 14:07:37] INFO: Writing to disk took 7.60197 seconds
# [2024-04-15 14:07:37] INFO: ======================================================================
# [2024-04-15 14:07:37] INFO: Start sweeping...
# [2024-04-15 14:14:19] INFO: It took 401.542 seconds to do 500 HBOR sweeps.
# [2024-04-15 14:14:19] INFO: Plaquette = 0.645708
# [2024-04-15 14:14:19] INFO: Polyakov loop = (0.000576592,0.000694075)
# [2024-04-15 14:14:19] INFO: Writing conf to disk...
# [2024-04-15 14:14:19] INFO: writeconf_nersc: Writing NERSC configuration ./conf_s060t20_b0660000_a_U000337000
# [2024-04-15 14:14:22] INFO: Calculated checksum: cb8d9148
# [2024-04-15 14:14:26] INFO: Calculated checksum: 3bbfa025
# [2024-04-15 14:14:26] INFO: Writing RNGSTATE file: ./rand_s060t20_b0660000_a_U000337000
# [2024-04-15 14:14:27] INFO: Writing to disk took 7.6139 seconds
# [2024-04-15 14:14:27] INFO: ======================================================================
# [2024-04-15 14:14:27] INFO: Start sweeping...
# [2024-04-15 14:21:08] INFO: It took 401.532 seconds to do 500 HBOR sweeps.
# [2024-04-15 14:21:08] INFO: Plaquette = 0.645615
# [2024-04-15 14:21:08] INFO: Polyakov loop = (0.00118314,0.000647378)
# [2024-04-15 14:21:08] INFO: Writing conf to disk...
# [2024-04-15 14:21:08] INFO: writeconf_nersc: Writing NERSC configuration ./conf_s060t20_b0660000_a_U000337500
# [2024-04-15 14:21:11] INFO: Calculated checksum: fafecf04
# [2024-04-15 14:21:16] INFO: Calculated checksum: bc2115af
# [2024-04-15 14:21:16] INFO: Writing RNGSTATE file: ./rand_s060t20_b0660000_a_U000337500
# [2024-04-15 14:21:16] INFO: Writing to disk took 7.74579 seconds
# [2024-04-15 14:21:16] INFO: ======================================================================
# [2024-04-15 14:21:16] INFO: Start sweeping...
# [2024-04-15 14:27:57] INFO: It took 401.543 seconds to do 500 HBOR sweeps.
# [2024-04-15 14:27:57] INFO: Plaquette = 0.645677
# [2024-04-15 14:27:57] INFO: Polyakov loop = (0.00013599,-0.00086118)
# [2024-04-15 14:27:57] INFO: Writing conf to disk...
# [2024-04-15 14:27:57] INFO: writeconf_nersc: Writing NERSC configuration ./conf_s060t20_b0660000_a_U000338000
# [2024-04-15 14:28:00] INFO: Calculated checksum: d6b301e7
# [2024-04-15 14:28:05] INFO: Calculated checksum: 9a3a767a
# [2024-04-15 14:28:05] INFO: Writing RNGSTATE file: ./rand_s060t20_b0660000_a_U000338000
# [2024-04-15 14:28:05] INFO: Writing to disk took 7.62044 seconds
# [2024-04-15 14:28:05] INFO: ======================================================================
# [2024-04-15 14:28:05] INFO: Start sweeping...
# [2024-04-15 14:34:47] INFO: It took 401.528 seconds to do 500 HBOR sweeps.
# [2024-04-15 14:34:47] INFO: Plaquette = 0.645642
# [2024-04-15 14:34:47] INFO: Polyakov loop = (0.000447489,-0.00072748)
# [2024-04-15 14:34:47] INFO: Writing conf to disk...
# [2024-04-15 14:34:47] INFO: writeconf_nersc: Writing NERSC configuration ./conf_s060t20_b0660000_a_U000338500
# [2024-04-15 14:34:50] INFO: Calculated checksum: d0aa31e6
# [2024-04-15 14:34:54] INFO: Calculated checksum: 3001a44f
# [2024-04-15 14:34:54] INFO: Writing RNGSTATE file: ./rand_s060t20_b0660000_a_U000338500
# [2024-04-15 14:34:54] INFO: Writing to disk took 7.63881 seconds
# [2024-04-15 14:34:54] INFO: ======================================================================
# [2024-04-15 14:34:54] INFO: Start sweeping...
# [2024-04-15 14:41:36] INFO: It took 401.513 seconds to do 500 HBOR sweeps.
# [2024-04-15 14:41:36] INFO: Plaquette = 0.645618
# [2024-04-15 14:41:36] INFO: Polyakov loop = (0.000225286,0.000817569)
# [2024-04-15 14:41:36] INFO: Writing conf to disk...
# [2024-04-15 14:41:36] INFO: writeconf_nersc: Writing NERSC configuration ./conf_s060t20_b0660000_a_U000339000
# [2024-04-15 14:41:39] INFO: Calculated checksum: 3a70cc57
# [2024-04-15 14:41:44] INFO: Calculated checksum: e90424e6
# [2024-04-15 14:41:44] INFO: Writing RNGSTATE file: ./rand_s060t20_b0660000_a_U000339000
# [2024-04-15 14:41:44] INFO: Writing to disk took 7.85268 seconds
# [2024-04-15 14:41:44] INFO: ======================================================================
# [2024-04-15 14:41:44] INFO: Start sweeping...
# [2024-04-15 14:48:25] INFO: It took 401.54 seconds to do 500 HBOR sweeps.
# [2024-04-15 14:48:25] INFO: Plaquette = 0.64565
# [2024-04-15 14:48:25] INFO: Polyakov loop = (-5.46497e-06,0.000151053)
# [2024-04-15 14:48:25] INFO: Writing conf to disk...
# [2024-04-15 14:48:25] INFO: writeconf_nersc: Writing NERSC configuration ./conf_s060t20_b0660000_a_U000339500
# [2024-04-15 14:48:28] INFO: Calculated checksum: 6e326ca7
# [2024-04-15 14:48:33] INFO: Calculated checksum: 55a0399e
# [2024-04-15 14:48:33] INFO: Writing RNGSTATE file: ./rand_s060t20_b0660000_a_U000339500
# [2024-04-15 14:48:33] INFO: Writing to disk took 7.65806 seconds
# [2024-04-15 14:48:33] INFO: ======================================================================
# [2024-04-15 14:48:33] INFO: Start sweeping...
# [2024-04-15 14:55:15] INFO: It took 401.529 seconds to do 500 HBOR sweeps.
# [2024-04-15 14:55:15] INFO: Plaquette = 0.645732
# [2024-04-15 14:55:15] INFO: Polyakov loop = (0.000527161,-4.40291e-05)
# [2024-04-15 14:55:15] INFO: Writing conf to disk...
# [2024-04-15 14:55:15] INFO: writeconf_nersc: Writing NERSC configuration ./conf_s060t20_b0660000_a_U000340000
# [2024-04-15 14:55:17] INFO: Calculated checksum: ddeadb8c
# [2024-04-15 14:55:22] INFO: Calculated checksum: a1585d0d
# [2024-04-15 14:55:22] INFO: Writing RNGSTATE file: ./rand_s060t20_b0660000_a_U000340000
# [2024-04-15 14:55:22] INFO: Writing to disk took 7.67898 seconds
# [2024-04-15 14:55:22] INFO: ======================================================================
# [2024-04-15 14:55:22] INFO: Start sweeping...
# [2024-04-15 15:02:04] INFO: It took 401.508 seconds to do 500 HBOR sweeps.
# [2024-04-15 15:02:04] INFO: Plaquette = 0.645613
# [2024-04-15 15:02:04] INFO: Polyakov loop = (-0.000527913,0.000500414)
# [2024-04-15 15:02:04] INFO: Writing conf to disk...
# [2024-04-15 15:02:04] INFO: writeconf_nersc: Writing NERSC configuration ./conf_s060t20_b0660000_a_U000340500
# [2024-04-15 15:02:07] INFO: Calculated checksum: 1ce567eb
# [2024-04-15 15:02:11] INFO: Calculated checksum: 141cb2f5
# [2024-04-15 15:02:11] INFO: Writing RNGSTATE file: ./rand_s060t20_b0660000_a_U000340500
# [2024-04-15 15:02:11] INFO: Writing to disk took 7.50555 seconds
# [2024-04-15 15:02:11] INFO: ======================================================================
# [2024-04-15 15:02:11] INFO: Start sweeping...
# [2024-04-15 15:08:53] INFO: It took 401.528 seconds to do 500 HBOR sweeps.
# [2024-04-15 15:08:53] INFO: Plaquette = 0.645756
# [2024-04-15 15:08:53] INFO: Polyakov loop = (-2.74356e-05,0.000691684)
# [2024-04-15 15:08:53] INFO: Writing conf to disk...
# [2024-04-15 15:08:53] INFO: writeconf_nersc: Writing NERSC configuration ./conf_s060t20_b0660000_a_U000341000
# [2024-04-15 15:08:56] INFO: Calculated checksum: f384c635
# [2024-04-15 15:09:01] INFO: Calculated checksum: 21ae13d5
# [2024-04-15 15:09:01] INFO: Writing RNGSTATE file: ./rand_s060t20_b0660000_a_U000341000
# [2024-04-15 15:09:01] INFO: Writing to disk took 7.7286 seconds
# [2024-04-15 15:09:01] INFO: ======================================================================
# [2024-04-15 15:09:01] INFO: Start sweeping...
# [2024-04-15 15:15:42] INFO: It took 401.542 seconds to do 500 HBOR sweeps.
# [2024-04-15 15:15:42] INFO: Plaquette = 0.645744
# [2024-04-15 15:15:42] INFO: Polyakov loop = (0.00126285,0.000325577)
# [2024-04-15 15:15:42] INFO: Writing conf to disk...
# [2024-04-15 15:15:42] INFO: writeconf_nersc: Writing NERSC configuration ./conf_s060t20_b0660000_a_U000341500
# [2024-04-15 15:15:45] INFO: Calculated checksum: c5350834
# [2024-04-15 15:15:50] INFO: Calculated checksum: 5d6811d4
# [2024-04-15 15:15:50] INFO: Writing RNGSTATE file: ./rand_s060t20_b0660000_a_U000341500
# [2024-04-15 15:15:50] INFO: Writing to disk took 7.80461 seconds
# [2024-04-15 15:15:50] INFO: ======================================================================
# [2024-04-15 15:15:50] INFO: Start sweeping...
# [2024-04-15 15:22:32] INFO: It took 401.53 seconds to do 500 HBOR sweeps.
# [2024-04-15 15:22:32] INFO: Plaquette = 0.645694
# [2024-04-15 15:22:32] INFO: Polyakov loop = (0.000519369,0.000474608)
# [2024-04-15 15:22:32] INFO: Writing conf to disk...
# [2024-04-15 15:22:32] INFO: writeconf_nersc: Writing NERSC configuration ./conf_s060t20_b0660000_a_U000342000
# [2024-04-15 15:22:35] INFO: Calculated checksum: 64bc4090
# [2024-04-15 15:22:39] INFO: Calculated checksum: d3dbb802
# [2024-04-15 15:22:39] INFO: Writing RNGSTATE file: ./rand_s060t20_b0660000_a_U000342000
# [2024-04-15 15:22:39] INFO: Writing to disk took 7.64537 seconds
# [2024-04-15 15:22:39] INFO: ======================================================================
# [2024-04-15 15:22:39] INFO: Start sweeping...
# [2024-04-15 15:29:21] INFO: It took 401.515 seconds to do 500 HBOR sweeps.
# [2024-04-15 15:29:21] INFO: Plaquette = 0.645709
# [2024-04-15 15:29:21] INFO: Polyakov loop = (-0.000390493,0.000925468)
# [2024-04-15 15:29:21] INFO: Writing conf to disk...
# [2024-04-15 15:29:21] INFO: writeconf_nersc: Writing NERSC configuration ./conf_s060t20_b0660000_a_U000342500
# [2024-04-15 15:29:24] INFO: Calculated checksum: 81a53a99
# [2024-04-15 15:29:28] INFO: Calculated checksum: 37820e2f
# [2024-04-15 15:29:28] INFO: Writing RNGSTATE file: ./rand_s060t20_b0660000_a_U000342500
# [2024-04-15 15:29:29] INFO: Writing to disk took 7.76461 seconds
# [2024-04-15 15:29:29] INFO: ======================================================================
# [2024-04-15 15:29:29] INFO: Start sweeping...
# [2024-04-15 15:36:10] INFO: It took 401.53 seconds to do 500 HBOR sweeps.
# [2024-04-15 15:36:10] INFO: Plaquette = 0.645632
# [2024-04-15 15:36:10] INFO: Polyakov loop = (-0.000129236,0.00026355)
# [2024-04-15 15:36:10] INFO: Writing conf to disk...
# [2024-04-15 15:36:10] INFO: writeconf_nersc: Writing NERSC configuration ./conf_s060t20_b0660000_a_U000343000
# [2024-04-15 15:36:13] INFO: Calculated checksum: 7844c027
# [2024-04-15 15:36:18] INFO: Calculated checksum: 16c06c56
# [2024-04-15 15:36:18] INFO: Writing RNGSTATE file: ./rand_s060t20_b0660000_a_U000343000
# [2024-04-15 15:36:18] INFO: Writing to disk took 7.81528 seconds
# [2024-04-15 15:36:18] INFO: ======================================================================
# [2024-04-15 15:36:18] INFO: Start sweeping...
# [2024-04-15 15:43:00] INFO: It took 401.523 seconds to do 500 HBOR sweeps.
# [2024-04-15 15:43:00] INFO: Plaquette = 0.645632
# [2024-04-15 15:43:00] INFO: Polyakov loop = (0.000270903,-0.00114432)
# [2024-04-15 15:43:00] INFO: Writing conf to disk...
# [2024-04-15 15:43:00] INFO: writeconf_nersc: Writing NERSC configuration ./conf_s060t20_b0660000_a_U000343500
# [2024-04-15 15:43:02] INFO: Calculated checksum: 7ec1d1a7
# [2024-04-15 15:43:07] INFO: Calculated checksum: da36b737
# [2024-04-15 15:43:07] INFO: Writing RNGSTATE file: ./rand_s060t20_b0660000_a_U000343500
# [2024-04-15 15:43:07] INFO: Writing to disk took 7.67943 seconds
# [2024-04-15 15:43:07] INFO: ======================================================================
# [2024-04-15 15:43:07] INFO: Start sweeping...
# [2024-04-15 15:49:49] INFO: It took 401.554 seconds to do 500 HBOR sweeps.
# [2024-04-15 15:49:49] INFO: Plaquette = 0.645741
# [2024-04-15 15:49:49] INFO: Polyakov loop = (0.00024662,2.30174e-05)
# [2024-04-15 15:49:49] INFO: Writing conf to disk...
# [2024-04-15 15:49:49] INFO: writeconf_nersc: Writing NERSC configuration ./conf_s060t20_b0660000_a_U000344000
# [2024-04-15 15:49:52] INFO: Calculated checksum: 9578ea2a
# [2024-04-15 15:49:57] INFO: Calculated checksum: 38caa088
# [2024-04-15 15:49:57] INFO: Writing RNGSTATE file: ./rand_s060t20_b0660000_a_U000344000
# [2024-04-15 15:49:57] INFO: Writing to disk took 7.81792 seconds
# [2024-04-15 15:49:57] INFO: ======================================================================
# [2024-04-15 15:49:57] INFO: Start sweeping...
# [2024-04-15 15:56:38] INFO: It took 401.545 seconds to do 500 HBOR sweeps.
# [2024-04-15 15:56:38] INFO: Plaquette = 0.645677
# [2024-04-15 15:56:38] INFO: Polyakov loop = (0.000253753,0.000226302)
# [2024-04-15 15:56:38] INFO: Writing conf to disk...
# [2024-04-15 15:56:38] INFO: writeconf_nersc: Writing NERSC configuration ./conf_s060t20_b0660000_a_U000344500
# [2024-04-15 15:56:41] INFO: Calculated checksum: a3001b9f
# [2024-04-15 15:56:46] INFO: Calculated checksum: 5b99a7d2
# [2024-04-15 15:56:46] INFO: Writing RNGSTATE file: ./rand_s060t20_b0660000_a_U000344500
# [2024-04-15 15:56:46] INFO: Writing to disk took 7.70332 seconds
# [2024-04-15 15:56:46] INFO: ======================================================================
# [2024-04-15 15:56:46] INFO: Start sweeping...
# [2024-04-15 16:03:29] INFO: It took 403.133 seconds to do 500 HBOR sweeps.
# [2024-04-15 16:03:29] INFO: Plaquette = 0.645697
# [2024-04-15 16:03:29] INFO: Polyakov loop = (-0.0002062,-5.27843e-05)
# [2024-04-15 16:03:29] INFO: Writing conf to disk...
# [2024-04-15 16:03:29] INFO: writeconf_nersc: Writing NERSC configuration ./conf_s060t20_b0660000_a_U000345000
# [2024-04-15 16:03:32] INFO: Calculated checksum: 3910be92
# [2024-04-15 16:03:37] INFO: Calculated checksum: cfb9510e
# [2024-04-15 16:03:37] INFO: Writing RNGSTATE file: ./rand_s060t20_b0660000_a_U000345000
# [2024-04-15 16:03:37] INFO: Writing to disk took 7.65032 seconds
# [2024-04-15 16:03:37] INFO: ======================================================================
# [2024-04-15 16:03:37] INFO: Start sweeping...
# [2024-04-15 16:10:20] INFO: It took 403.428 seconds to do 500 HBOR sweeps.
# [2024-04-15 16:10:20] INFO: Plaquette = 0.645687
# [2024-04-15 16:10:20] INFO: Polyakov loop = (-0.000631307,-0.000389563)
# [2024-04-15 16:10:20] INFO: Writing conf to disk...
# [2024-04-15 16:10:20] INFO: writeconf_nersc: Writing NERSC configuration ./conf_s060t20_b0660000_a_U000345500
# [2024-04-15 16:10:23] INFO: Calculated checksum: 6b61ffb2
# [2024-04-15 16:10:28] INFO: Calculated checksum: b9645107
# [2024-04-15 16:10:28] INFO: Writing RNGSTATE file: ./rand_s060t20_b0660000_a_U000345500
# [2024-04-15 16:10:28] INFO: Writing to disk took 7.67835 seconds
# [2024-04-15 16:10:28] INFO: ======================================================================
# [2024-04-15 16:10:28] INFO: Start sweeping...
# [2024-04-15 16:17:11] INFO: It took 403.494 seconds to do 500 HBOR sweeps.
# [2024-04-15 16:17:12] INFO: Plaquette = 0.64568
# [2024-04-15 16:17:12] INFO: Polyakov loop = (0.000582962,-0.000314281)
# [2024-04-15 16:17:12] INFO: Writing conf to disk...
# [2024-04-15 16:17:12] INFO: writeconf_nersc: Writing NERSC configuration ./conf_s060t20_b0660000_a_U000346000
# [2024-04-15 16:17:14] INFO: Calculated checksum: 99d7c9d5
# [2024-04-15 16:17:19] INFO: Calculated checksum: 50ccf28f
# [2024-04-15 16:17:19] INFO: Writing RNGSTATE file: ./rand_s060t20_b0660000_a_U000346000
# [2024-04-15 16:17:19] INFO: Writing to disk took 7.67767 seconds
# [2024-04-15 16:17:19] INFO: ======================================================================
# [2024-04-15 16:17:19] INFO: Start sweeping...
# [2024-04-15 16:24:03] INFO: It took 403.51 seconds to do 500 HBOR sweeps.
# [2024-04-15 16:24:03] INFO: Plaquette = 0.645656
# [2024-04-15 16:24:03] INFO: Polyakov loop = (7.98033e-05,0.000317756)
# [2024-04-15 16:24:03] INFO: Writing conf to disk...
# [2024-04-15 16:24:03] INFO: writeconf_nersc: Writing NERSC configuration ./conf_s060t20_b0660000_a_U000346500
# [2024-04-15 16:24:06] INFO: Calculated checksum: 6a49fdca
# [2024-04-15 16:24:11] INFO: Calculated checksum: 21b8ddb1
# [2024-04-15 16:24:11] INFO: Writing RNGSTATE file: ./rand_s060t20_b0660000_a_U000346500
# [2024-04-15 16:24:11] INFO: Writing to disk took 8.14405 seconds
# [2024-04-15 16:24:11] INFO: ======================================================================
# [2024-04-15 16:24:11] INFO: Start sweeping...
# [2024-04-15 16:30:55] INFO: It took 403.774 seconds to do 500 HBOR sweeps.
# [2024-04-15 16:30:55] INFO: Plaquette = 0.645641
# [2024-04-15 16:30:55] INFO: Polyakov loop = (-0.000173004,-0.000361491)
# [2024-04-15 16:30:55] INFO: Writing conf to disk...
# [2024-04-15 16:30:55] INFO: writeconf_nersc: Writing NERSC configuration ./conf_s060t20_b0660000_a_U000347000
# [2024-04-15 16:30:58] INFO: Calculated checksum: 243338b2
# [2024-04-15 16:31:02] INFO: Calculated checksum: f2058b40
# [2024-04-15 16:31:02] INFO: Writing RNGSTATE file: ./rand_s060t20_b0660000_a_U000347000
# [2024-04-15 16:31:02] INFO: Writing to disk took 7.71111 seconds
# [2024-04-15 16:31:02] INFO: ======================================================================
# [2024-04-15 16:31:02] INFO: Start sweeping...
# [2024-04-15 16:37:46] INFO: It took 403.816 seconds to do 500 HBOR sweeps.
# [2024-04-15 16:37:46] INFO: Plaquette = 0.64561
# [2024-04-15 16:37:46] INFO: Polyakov loop = (0.000796508,0.00010933)
# [2024-04-15 16:37:46] INFO: Writing conf to disk...
# [2024-04-15 16:37:46] INFO: writeconf_nersc: Writing NERSC configuration ./conf_s060t20_b0660000_a_U000347500
# [2024-04-15 16:37:49] INFO: Calculated checksum: 6cd0a1e6
# [2024-04-15 16:37:54] INFO: Calculated checksum: aa83fd40
# [2024-04-15 16:37:54] INFO: Writing RNGSTATE file: ./rand_s060t20_b0660000_a_U000347500
# [2024-04-15 16:37:54] INFO: Writing to disk took 7.68751 seconds
# [2024-04-15 16:37:54] INFO: ======================================================================
# [2024-04-15 16:37:54] INFO: Start sweeping...
# [2024-04-15 16:44:38] INFO: It took 403.982 seconds to do 500 HBOR sweeps.
# [2024-04-15 16:44:38] INFO: Plaquette = 0.645621
# [2024-04-15 16:44:38] INFO: Polyakov loop = (0.000497948,-0.0003993)
# [2024-04-15 16:44:38] INFO: Writing conf to disk...
# [2024-04-15 16:44:38] INFO: writeconf_nersc: Writing NERSC configuration ./conf_s060t20_b0660000_a_U000348000
# [2024-04-15 16:44:41] INFO: Calculated checksum: 456c0075
# [2024-04-15 16:44:46] INFO: Calculated checksum: 264891be
# [2024-04-15 16:44:46] INFO: Writing RNGSTATE file: ./rand_s060t20_b0660000_a_U000348000
# [2024-04-15 16:44:46] INFO: Writing to disk took 7.64366 seconds
# [2024-04-15 16:44:46] INFO: ======================================================================
# [2024-04-15 16:44:46] INFO: Start sweeping...
# [2024-04-15 16:51:30] INFO: It took 403.861 seconds to do 500 HBOR sweeps.
# [2024-04-15 16:51:30] INFO: Plaquette = 0.64558
# [2024-04-15 16:51:30] INFO: Polyakov loop = (0.000193256,-0.000730323)
# [2024-04-15 16:51:30] INFO: Writing conf to disk...
# [2024-04-15 16:51:30] INFO: writeconf_nersc: Writing NERSC configuration ./conf_s060t20_b0660000_a_U000348500
# [2024-04-15 16:51:32] INFO: Calculated checksum: c27f1a90
# [2024-04-15 16:51:37] INFO: Calculated checksum: 15f9c181
# [2024-04-15 16:51:37] INFO: Writing RNGSTATE file: ./rand_s060t20_b0660000_a_U000348500
# [2024-04-15 16:51:37] INFO: Writing to disk took 7.68351 seconds
# [2024-04-15 16:51:37] INFO: ======================================================================
# [2024-04-15 16:51:37] INFO: Start sweeping...
# [2024-04-15 16:58:21] INFO: It took 403.986 seconds to do 500 HBOR sweeps.
# [2024-04-15 16:58:21] INFO: Plaquette = 0.645605
# [2024-04-15 16:58:21] INFO: Polyakov loop = (-6.06614e-05,0.000604791)
# [2024-04-15 16:58:21] INFO: Writing conf to disk...
# [2024-04-15 16:58:21] INFO: writeconf_nersc: Writing NERSC configuration ./conf_s060t20_b0660000_a_U000349000
# [2024-04-15 16:58:24] INFO: Calculated checksum: 2856c28c
# [2024-04-15 16:58:28] INFO: Calculated checksum: ca0cf2f3
# [2024-04-15 16:58:28] INFO: Writing RNGSTATE file: ./rand_s060t20_b0660000_a_U000349000
# [2024-04-15 16:58:29] INFO: Writing to disk took 7.28722 seconds
# [2024-04-15 16:58:29] INFO: ======================================================================
# [2024-04-15 16:58:29] INFO: Start sweeping...
# [2024-04-15 17:05:13] INFO: It took 404.005 seconds to do 500 HBOR sweeps.
# [2024-04-15 17:05:13] INFO: Plaquette = 0.645668
# [2024-04-15 17:05:13] INFO: Polyakov loop = (-0.000340588,-6.13139e-05)
# [2024-04-15 17:05:13] INFO: Writing conf to disk...
# [2024-04-15 17:05:13] INFO: writeconf_nersc: Writing NERSC configuration ./conf_s060t20_b0660000_a_U000349500
# [2024-04-15 17:05:16] INFO: Calculated checksum: 20682f28
# [2024-04-15 17:05:20] INFO: Calculated checksum: fc9443ca
# [2024-04-15 17:05:20] INFO: Writing RNGSTATE file: ./rand_s060t20_b0660000_a_U000349500
# [2024-04-15 17:05:20] INFO: Writing to disk took 7.26729 seconds
# [2024-04-15 17:05:20] INFO: ======================================================================
# [2024-04-15 17:05:20] INFO: Start sweeping...
# [2024-04-15 17:12:01] INFO: It took 401.528 seconds to do 500 HBOR sweeps.
# [2024-04-15 17:12:01] INFO: Plaquette = 0.645641
# [2024-04-15 17:12:01] INFO: Polyakov loop = (0.000402968,0.000826692)
# [2024-04-15 17:12:01] INFO: Writing conf to disk...
# [2024-04-15 17:12:01] INFO: writeconf_nersc: Writing NERSC configuration ./conf_s060t20_b0660000_a_U000350000
# [2024-04-15 17:12:04] INFO: Calculated checksum: d3f6fd8
# [2024-04-15 17:12:09] INFO: Calculated checksum: 8ba5c638
# [2024-04-15 17:12:09] INFO: Writing RNGSTATE file: ./rand_s060t20_b0660000_a_U000350000
# [2024-04-15 17:12:09] INFO: Writing to disk took 7.4265 seconds
# [2024-04-15 17:12:09] INFO: Finalizing MPI
