
Currently Loaded Modules:
  1) chpc/1.0      (S)   3) gcc/8.5.0      5) mpich/3.4.2
  2) python/3.10.3       4) cmake/3.26.0   6) cuda/11.6.2 (g)

  Where:
   S:  Module is Sticky, requires --force to unload or purge
   g:  built for GPU

 

# [2024-04-15 05:47:03] INFO: Running SIMULATeQCD
# [2024-04-15 05:47:03] INFO: Git commit version: 43e2518
# [2024-04-15 05:47:03] INFO: Initializing MPI with (1 proc)
# [2024-04-15 05:47:03] INFO: Reading parameters from file :: GenerateQuenched_b67132.param
# [2024-04-15 05:47:03] INFO: # PARAM :: Lattice = 60 60 60 20 
# [2024-04-15 05:47:03] INFO: # PARAM :: Nodes = 1 1 1 1 
# [2024-04-15 05:47:03] INFO: # PARAM :: Topology = 0 0 0 0  (default)
# [2024-04-15 05:47:03] INFO: # PARAM :: beta = 6.7132
# [2024-04-15 05:47:03] INFO: # PARAM :: format = nersc
# [2024-04-15 05:47:03] INFO: # PARAM :: endianness = auto
# [2024-04-15 05:47:03] INFO: # PARAM :: conf_nr = 300000
# [2024-04-15 05:47:03] INFO: # PARAM :: stream = a
# [2024-04-15 05:47:03] INFO: # PARAM :: prec_out = 0 (default)
# [2024-04-15 05:47:03] INFO: # PARAM :: measurements_dir = ./ (default)
# [2024-04-15 05:47:03] INFO: # PARAM :: use_unit_conf = 0 (default)
# [2024-04-15 05:47:03] INFO: # PARAM :: output_dir = .
# [2024-04-15 05:47:03] INFO: # PARAM :: nconfs = 100
# [2024-04-15 05:47:03] INFO: # PARAM :: nsweeps_ORperHB = 4
# [2024-04-15 05:47:03] INFO: # PARAM :: nsweeps_HBwithOR = 500
# [2024-04-15 05:47:03] INFO: # PARAM :: prev_conf = conf_s060t20_b0671320_a_U000300000
# [2024-04-15 05:47:03] INFO: # PARAM :: prev_rand = rand_s060t20_b0671320_a_U000300000
# [2024-04-15 05:47:03] INFO: > Running on:
# [2024-04-15 05:47:03] INFO: [Rank 0] > notch271 CPU_5 GPU_3F; MPI: world_rank=0, node_rank=0, coord: ( 0 0 0 0 )
# [2024-04-15 05:47:03] INFO: > Is MPI CUDA-aware? @compilation 
# [2024-04-15 05:47:03] INFO: > GPU compute capability: 75
# [2024-04-15 05:47:03] INFO: > Checking support for P2P (Peer-to-Peer) and UVA (Unified Virtual Addressing):
# [2024-04-15 05:47:03] INFO: [Rank 0] > notch271 GPU_3F(NVIDIA GeForce RTX 2080 Ti): P2P NO ; UVA YES
# [2024-04-15 05:47:04] INFO: Initialize Indexer with HaloDepth = 1[0;33m[0m
# [2024-04-15 05:47:04] INFO: Resuming previous run.
# [2024-04-15 05:47:04] INFO: readconf_nersc: Reading NERSC configuration conf_s060t20_b0671320_a_U000300000
# [2024-04-15 05:47:15] INFO: Next conf_number will be 300500
# [2024-04-15 05:47:15] INFO: Generating up to 100 confs with a separation of 500 HBOR sweeps (OR/HB = 4) ...
# [2024-04-15 05:47:15] INFO: ======================================================================
# [2024-04-15 05:47:15] INFO: Start sweeping...
# [2024-04-15 05:53:54] INFO: It took 399.916 seconds to do 500 HBOR sweeps.
# [2024-04-15 05:53:54] INFO: Plaquette = 0.653491
# [2024-04-15 05:53:54] INFO: Polyakov loop = (-0.000849884,-0.000434995)
# [2024-04-15 05:53:54] INFO: Writing conf to disk...
# [2024-04-15 05:53:54] INFO: writeconf_nersc: Writing NERSC configuration ./conf_s060t20_b0671320_a_U000300500
# [2024-04-15 05:53:57] INFO: Calculated checksum: d3f95069
# [2024-04-15 05:54:02] INFO: Calculated checksum: ce8a0643
# [2024-04-15 05:54:02] INFO: Writing RNGSTATE file: ./rand_s060t20_b0671320_a_U000300500
# [2024-04-15 05:54:02] INFO: Writing to disk took 7.3841 seconds
# [2024-04-15 05:54:02] INFO: ======================================================================
# [2024-04-15 05:54:02] INFO: Start sweeping...
# [2024-04-15 06:00:43] INFO: It took 401.486 seconds to do 500 HBOR sweeps.
# [2024-04-15 06:00:43] INFO: Plaquette = 0.653545
# [2024-04-15 06:00:43] INFO: Polyakov loop = (7.06855e-05,-0.00148094)
# [2024-04-15 06:00:43] INFO: Writing conf to disk...
# [2024-04-15 06:00:43] INFO: writeconf_nersc: Writing NERSC configuration ./conf_s060t20_b0671320_a_U000301000
# [2024-04-15 06:00:47] INFO: Calculated checksum: bec3fe99
# [2024-04-15 06:00:51] INFO: Calculated checksum: 77c0c512
# [2024-04-15 06:00:51] INFO: Writing RNGSTATE file: ./rand_s060t20_b0671320_a_U000301000
# [2024-04-15 06:00:51] INFO: Writing to disk took 7.8617 seconds
# [2024-04-15 06:00:51] INFO: ======================================================================
# [2024-04-15 06:00:51] INFO: Start sweeping...
# [2024-04-15 06:07:33] INFO: It took 401.473 seconds to do 500 HBOR sweeps.
# [2024-04-15 06:07:33] INFO: Plaquette = 0.653493
# [2024-04-15 06:07:33] INFO: Polyakov loop = (-0.000860018,-0.000458776)
# [2024-04-15 06:07:33] INFO: Writing conf to disk...
# [2024-04-15 06:07:33] INFO: writeconf_nersc: Writing NERSC configuration ./conf_s060t20_b0671320_a_U000301500
# [2024-04-15 06:07:36] INFO: Calculated checksum: 718b1e7d
# [2024-04-15 06:07:40] INFO: Calculated checksum: 1df9c763
# [2024-04-15 06:07:40] INFO: Writing RNGSTATE file: ./rand_s060t20_b0671320_a_U000301500
# [2024-04-15 06:07:40] INFO: Writing to disk took 7.36659 seconds
# [2024-04-15 06:07:40] INFO: ======================================================================
# [2024-04-15 06:07:40] INFO: Start sweeping...
# [2024-04-15 06:14:22] INFO: It took 401.5 seconds to do 500 HBOR sweeps.
# [2024-04-15 06:14:22] INFO: Plaquette = 0.653533
# [2024-04-15 06:14:22] INFO: Polyakov loop = (-0.000768144,-0.000910471)
# [2024-04-15 06:14:22] INFO: Writing conf to disk...
# [2024-04-15 06:14:22] INFO: writeconf_nersc: Writing NERSC configuration ./conf_s060t20_b0671320_a_U000302000
# [2024-04-15 06:14:26] INFO: Calculated checksum: ae744d26
# [2024-04-15 06:14:31] INFO: Calculated checksum: d4eaf18f
# [2024-04-15 06:14:31] INFO: Writing RNGSTATE file: ./rand_s060t20_b0671320_a_U000302000
# [2024-04-15 06:14:31] INFO: Writing to disk took 9.24664 seconds
# [2024-04-15 06:14:31] INFO: ======================================================================
# [2024-04-15 06:14:31] INFO: Start sweeping...
# [2024-04-15 06:21:12] INFO: It took 401.452 seconds to do 500 HBOR sweeps.
# [2024-04-15 06:21:12] INFO: Plaquette = 0.653481
# [2024-04-15 06:21:12] INFO: Polyakov loop = (-0.000355798,-0.00130447)
# [2024-04-15 06:21:12] INFO: Writing conf to disk...
# [2024-04-15 06:21:12] INFO: writeconf_nersc: Writing NERSC configuration ./conf_s060t20_b0671320_a_U000302500
# [2024-04-15 06:21:18] INFO: Calculated checksum: 692dc935
# [2024-04-15 06:21:22] INFO: Calculated checksum: 92f129a7
# [2024-04-15 06:21:22] INFO: Writing RNGSTATE file: ./rand_s060t20_b0671320_a_U000302500
# [2024-04-15 06:21:22] INFO: Writing to disk took 9.93417 seconds
# [2024-04-15 06:21:22] INFO: ======================================================================
# [2024-04-15 06:21:22] INFO: Start sweeping...
# [2024-04-15 06:28:04] INFO: It took 401.42 seconds to do 500 HBOR sweeps.
# [2024-04-15 06:28:04] INFO: Plaquette = 0.653556
# [2024-04-15 06:28:04] INFO: Polyakov loop = (-0.000582421,-0.000742315)
# [2024-04-15 06:28:04] INFO: Writing conf to disk...
# [2024-04-15 06:28:04] INFO: writeconf_nersc: Writing NERSC configuration ./conf_s060t20_b0671320_a_U000303000
# [2024-04-15 06:28:08] INFO: Calculated checksum: f2b95d2d
# [2024-04-15 06:28:13] INFO: Calculated checksum: e0c25c12
# [2024-04-15 06:28:13] INFO: Writing RNGSTATE file: ./rand_s060t20_b0671320_a_U000303000
# [2024-04-15 06:28:14] INFO: Writing to disk took 9.72 seconds
# [2024-04-15 06:28:14] INFO: ======================================================================
# [2024-04-15 06:28:14] INFO: Start sweeping...
# [2024-04-15 06:34:55] INFO: It took 401.416 seconds to do 500 HBOR sweeps.
# [2024-04-15 06:34:55] INFO: Plaquette = 0.653415
# [2024-04-15 06:34:55] INFO: Polyakov loop = (-0.000426666,-0.00219258)
# [2024-04-15 06:34:55] INFO: Writing conf to disk...
# [2024-04-15 06:34:55] INFO: writeconf_nersc: Writing NERSC configuration ./conf_s060t20_b0671320_a_U000303500
# [2024-04-15 06:35:01] INFO: Calculated checksum: 6965ec63
# [2024-04-15 06:35:06] INFO: Calculated checksum: c0b63bef
# [2024-04-15 06:35:06] INFO: Writing RNGSTATE file: ./rand_s060t20_b0671320_a_U000303500
# [2024-04-15 06:35:06] INFO: Writing to disk took 10.9604 seconds
# [2024-04-15 06:35:06] INFO: ======================================================================
# [2024-04-15 06:35:06] INFO: Start sweeping...
# [2024-04-15 06:41:47] INFO: It took 401.374 seconds to do 500 HBOR sweeps.
# [2024-04-15 06:41:47] INFO: Plaquette = 0.653515
# [2024-04-15 06:41:47] INFO: Polyakov loop = (-0.000693465,-0.0014914)
# [2024-04-15 06:41:47] INFO: Writing conf to disk...
# [2024-04-15 06:41:47] INFO: writeconf_nersc: Writing NERSC configuration ./conf_s060t20_b0671320_a_U000304000
# [2024-04-15 06:41:54] INFO: Calculated checksum: 6515c722
# [2024-04-15 06:41:59] INFO: Calculated checksum: e6f7b259
# [2024-04-15 06:41:59] INFO: Writing RNGSTATE file: ./rand_s060t20_b0671320_a_U000304000
# [2024-04-15 06:41:59] INFO: Writing to disk took 11.4284 seconds
# [2024-04-15 06:41:59] INFO: ======================================================================
# [2024-04-15 06:41:59] INFO: Start sweeping...
# [2024-04-15 06:48:40] INFO: It took 401.369 seconds to do 500 HBOR sweeps.
# [2024-04-15 06:48:40] INFO: Plaquette = 0.653445
# [2024-04-15 06:48:40] INFO: Polyakov loop = (-2.14223e-05,-0.00189405)
# [2024-04-15 06:48:40] INFO: Writing conf to disk...
# [2024-04-15 06:48:40] INFO: writeconf_nersc: Writing NERSC configuration ./conf_s060t20_b0671320_a_U000304500
# [2024-04-15 06:48:47] INFO: Calculated checksum: 4e58fa46
# [2024-04-15 06:48:52] INFO: Calculated checksum: ee79d56e
# [2024-04-15 06:48:52] INFO: Writing RNGSTATE file: ./rand_s060t20_b0671320_a_U000304500
# [2024-04-15 06:48:52] INFO: Writing to disk took 11.75 seconds
# [2024-04-15 06:48:52] INFO: ======================================================================
# [2024-04-15 06:48:52] INFO: Start sweeping...
# [2024-04-15 06:55:33] INFO: It took 401.39 seconds to do 500 HBOR sweeps.
# [2024-04-15 06:55:33] INFO: Plaquette = 0.653605
# [2024-04-15 06:55:33] INFO: Polyakov loop = (-0.00157804,-0.00100253)
# [2024-04-15 06:55:33] INFO: Writing conf to disk...
# [2024-04-15 06:55:33] INFO: writeconf_nersc: Writing NERSC configuration ./conf_s060t20_b0671320_a_U000305000
# [2024-04-15 06:55:37] INFO: Calculated checksum: b1109fe8
# [2024-04-15 06:55:42] INFO: Calculated checksum: 3138e6be
# [2024-04-15 06:55:42] INFO: Writing RNGSTATE file: ./rand_s060t20_b0671320_a_U000305000
# [2024-04-15 06:55:42] INFO: Writing to disk took 8.22079 seconds
# [2024-04-15 06:55:42] INFO: ======================================================================
# [2024-04-15 06:55:42] INFO: Start sweeping...
# [2024-04-15 07:02:23] INFO: It took 401.5 seconds to do 500 HBOR sweeps.
# [2024-04-15 07:02:23] INFO: Plaquette = 0.653521
# [2024-04-15 07:02:23] INFO: Polyakov loop = (-0.000272461,-0.000578102)
# [2024-04-15 07:02:23] INFO: Writing conf to disk...
# [2024-04-15 07:02:23] INFO: writeconf_nersc: Writing NERSC configuration ./conf_s060t20_b0671320_a_U000305500
# [2024-04-15 07:02:30] INFO: Calculated checksum: 43339f5e
# [2024-04-15 07:02:34] INFO: Calculated checksum: 4496e1e9
# [2024-04-15 07:02:34] INFO: Writing RNGSTATE file: ./rand_s060t20_b0671320_a_U000305500
# [2024-04-15 07:02:34] INFO: Writing to disk took 11.2287 seconds
# [2024-04-15 07:02:34] INFO: ======================================================================
# [2024-04-15 07:02:34] INFO: Start sweeping...
# [2024-04-15 07:09:16] INFO: It took 401.435 seconds to do 500 HBOR sweeps.
# [2024-04-15 07:09:16] INFO: Plaquette = 0.653592
# [2024-04-15 07:09:16] INFO: Polyakov loop = (-0.00180069,-0.00103136)
# [2024-04-15 07:09:16] INFO: Writing conf to disk...
# [2024-04-15 07:09:16] INFO: writeconf_nersc: Writing NERSC configuration ./conf_s060t20_b0671320_a_U000306000
# [2024-04-15 07:09:22] INFO: Calculated checksum: 73f8a4c4
# [2024-04-15 07:09:28] INFO: Calculated checksum: 4e5e49fc
# [2024-04-15 07:09:28] INFO: Writing RNGSTATE file: ./rand_s060t20_b0671320_a_U000306000
# [2024-04-15 07:09:28] INFO: Writing to disk took 11.7759 seconds
# [2024-04-15 07:09:28] INFO: ======================================================================
# [2024-04-15 07:09:28] INFO: Start sweeping...
# [2024-04-15 07:16:09] INFO: It took 401.409 seconds to do 500 HBOR sweeps.
# [2024-04-15 07:16:09] INFO: Plaquette = 0.653567
# [2024-04-15 07:16:09] INFO: Polyakov loop = (-0.00147822,-0.001731)
# [2024-04-15 07:16:09] INFO: Writing conf to disk...
# [2024-04-15 07:16:09] INFO: writeconf_nersc: Writing NERSC configuration ./conf_s060t20_b0671320_a_U000306500
# [2024-04-15 07:16:16] INFO: Calculated checksum: 663211ca
# [2024-04-15 07:16:20] INFO: Calculated checksum: aba9e868
# [2024-04-15 07:16:20] INFO: Writing RNGSTATE file: ./rand_s060t20_b0671320_a_U000306500
# [2024-04-15 07:16:20] INFO: Writing to disk took 11.1829 seconds
# [2024-04-15 07:16:20] INFO: ======================================================================
# [2024-04-15 07:16:20] INFO: Start sweeping...
# [2024-04-15 07:23:02] INFO: It took 401.416 seconds to do 500 HBOR sweeps.
# [2024-04-15 07:23:02] INFO: Plaquette = 0.653601
# [2024-04-15 07:23:02] INFO: Polyakov loop = (-0.000507411,-0.000894088)
# [2024-04-15 07:23:02] INFO: Writing conf to disk...
# [2024-04-15 07:23:02] INFO: writeconf_nersc: Writing NERSC configuration ./conf_s060t20_b0671320_a_U000307000
# [2024-04-15 07:23:08] INFO: Calculated checksum: 52041b17
# [2024-04-15 07:23:13] INFO: Calculated checksum: ab2e47ad
# [2024-04-15 07:23:13] INFO: Writing RNGSTATE file: ./rand_s060t20_b0671320_a_U000307000
# [2024-04-15 07:23:13] INFO: Writing to disk took 11.5486 seconds
# [2024-04-15 07:23:13] INFO: ======================================================================
# [2024-04-15 07:23:13] INFO: Start sweeping...
# [2024-04-15 07:29:55] INFO: It took 401.417 seconds to do 500 HBOR sweeps.
# [2024-04-15 07:29:55] INFO: Plaquette = 0.653457
# [2024-04-15 07:29:55] INFO: Polyakov loop = (-0.000964368,-0.00157083)
# [2024-04-15 07:29:55] INFO: Writing conf to disk...
# [2024-04-15 07:29:55] INFO: writeconf_nersc: Writing NERSC configuration ./conf_s060t20_b0671320_a_U000307500
# [2024-04-15 07:30:01] INFO: Calculated checksum: b3f990ed
# [2024-04-15 07:30:06] INFO: Calculated checksum: 93bf6178
# [2024-04-15 07:30:06] INFO: Writing RNGSTATE file: ./rand_s060t20_b0671320_a_U000307500
# [2024-04-15 07:30:06] INFO: Writing to disk took 11.1721 seconds
# [2024-04-15 07:30:06] INFO: ======================================================================
# [2024-04-15 07:30:06] INFO: Start sweeping...
# [2024-04-15 07:36:48] INFO: It took 401.439 seconds to do 500 HBOR sweeps.
# [2024-04-15 07:36:48] INFO: Plaquette = 0.653576
# [2024-04-15 07:36:48] INFO: Polyakov loop = (-0.000306702,-0.00034626)
# [2024-04-15 07:36:48] INFO: Writing conf to disk...
# [2024-04-15 07:36:48] INFO: writeconf_nersc: Writing NERSC configuration ./conf_s060t20_b0671320_a_U000308000
# [2024-04-15 07:36:50] INFO: Calculated checksum: 1d1fbd0b
# [2024-04-15 07:36:55] INFO: Calculated checksum: dba7ecdb
# [2024-04-15 07:36:55] INFO: Writing RNGSTATE file: ./rand_s060t20_b0671320_a_U000308000
# [2024-04-15 07:36:55] INFO: Writing to disk took 7.18866 seconds
# [2024-04-15 07:36:55] INFO: ======================================================================
# [2024-04-15 07:36:55] INFO: Start sweeping...
# [2024-04-15 07:43:36] INFO: It took 401.493 seconds to do 500 HBOR sweeps.
# [2024-04-15 07:43:36] INFO: Plaquette = 0.653448
# [2024-04-15 07:43:36] INFO: Polyakov loop = (-0.000849266,-0.00118171)
# [2024-04-15 07:43:36] INFO: Writing conf to disk...
# [2024-04-15 07:43:36] INFO: writeconf_nersc: Writing NERSC configuration ./conf_s060t20_b0671320_a_U000308500
# [2024-04-15 07:43:39] INFO: Calculated checksum: 84ec3045
# [2024-04-15 07:43:44] INFO: Calculated checksum: 43e67a4e
# [2024-04-15 07:43:44] INFO: Writing RNGSTATE file: ./rand_s060t20_b0671320_a_U000308500
# [2024-04-15 07:43:44] INFO: Writing to disk took 7.48008 seconds
# [2024-04-15 07:43:44] INFO: ======================================================================
# [2024-04-15 07:43:44] INFO: Start sweeping...
# [2024-04-15 07:50:25] INFO: It took 401.51 seconds to do 500 HBOR sweeps.
# [2024-04-15 07:50:25] INFO: Plaquette = 0.653523
# [2024-04-15 07:50:25] INFO: Polyakov loop = (-0.000403057,-0.00158633)
# [2024-04-15 07:50:25] INFO: Writing conf to disk...
# [2024-04-15 07:50:25] INFO: writeconf_nersc: Writing NERSC configuration ./conf_s060t20_b0671320_a_U000309000
# [2024-04-15 07:50:28] INFO: Calculated checksum: faf7a1a4
# [2024-04-15 07:50:33] INFO: Calculated checksum: f32fa8a5
# [2024-04-15 07:50:33] INFO: Writing RNGSTATE file: ./rand_s060t20_b0671320_a_U000309000
# [2024-04-15 07:50:33] INFO: Writing to disk took 7.5238 seconds
# [2024-04-15 07:50:33] INFO: ======================================================================
# [2024-04-15 07:50:33] INFO: Start sweeping...
# [2024-04-15 07:57:14] INFO: It took 401.477 seconds to do 500 HBOR sweeps.
# [2024-04-15 07:57:14] INFO: Plaquette = 0.653579
# [2024-04-15 07:57:14] INFO: Polyakov loop = (-0.000140232,-0.000632174)
# [2024-04-15 07:57:14] INFO: Writing conf to disk...
# [2024-04-15 07:57:14] INFO: writeconf_nersc: Writing NERSC configuration ./conf_s060t20_b0671320_a_U000309500
# [2024-04-15 07:57:17] INFO: Calculated checksum: 3325e86c
# [2024-04-15 07:57:22] INFO: Calculated checksum: 21bf0a1d
# [2024-04-15 07:57:22] INFO: Writing RNGSTATE file: ./rand_s060t20_b0671320_a_U000309500
# [2024-04-15 07:57:22] INFO: Writing to disk took 7.5084 seconds
# [2024-04-15 07:57:22] INFO: ======================================================================
# [2024-04-15 07:57:22] INFO: Start sweeping...
# [2024-04-15 08:04:03] INFO: It took 401.478 seconds to do 500 HBOR sweeps.
# [2024-04-15 08:04:03] INFO: Plaquette = 0.653528
# [2024-04-15 08:04:03] INFO: Polyakov loop = (-0.000199591,-0.00118602)
# [2024-04-15 08:04:03] INFO: Writing conf to disk...
# [2024-04-15 08:04:03] INFO: writeconf_nersc: Writing NERSC configuration ./conf_s060t20_b0671320_a_U000310000
# [2024-04-15 08:04:06] INFO: Calculated checksum: cb10715
# [2024-04-15 08:04:11] INFO: Calculated checksum: 39710a47
# [2024-04-15 08:04:11] INFO: Writing RNGSTATE file: ./rand_s060t20_b0671320_a_U000310000
# [2024-04-15 08:04:11] INFO: Writing to disk took 7.70739 seconds
# [2024-04-15 08:04:11] INFO: ======================================================================
# [2024-04-15 08:04:11] INFO: Start sweeping...
# [2024-04-15 08:10:53] INFO: It took 401.503 seconds to do 500 HBOR sweeps.
# [2024-04-15 08:10:53] INFO: Plaquette = 0.653393
# [2024-04-15 08:10:53] INFO: Polyakov loop = (-0.000114487,2.59701e-05)
# [2024-04-15 08:10:53] INFO: Writing conf to disk...
# [2024-04-15 08:10:53] INFO: writeconf_nersc: Writing NERSC configuration ./conf_s060t20_b0671320_a_U000310500
# [2024-04-15 08:10:56] INFO: Calculated checksum: d788ec6c
# [2024-04-15 08:11:00] INFO: Calculated checksum: 7475ea54
# [2024-04-15 08:11:00] INFO: Writing RNGSTATE file: ./rand_s060t20_b0671320_a_U000310500
# [2024-04-15 08:11:00] INFO: Writing to disk took 7.6698 seconds
# [2024-04-15 08:11:00] INFO: ======================================================================
# [2024-04-15 08:11:00] INFO: Start sweeping...
# [2024-04-15 08:17:42] INFO: It took 401.494 seconds to do 500 HBOR sweeps.
# [2024-04-15 08:17:42] INFO: Plaquette = 0.653469
# [2024-04-15 08:17:42] INFO: Polyakov loop = (0.000713417,0.000742521)
# [2024-04-15 08:17:42] INFO: Writing conf to disk...
# [2024-04-15 08:17:42] INFO: writeconf_nersc: Writing NERSC configuration ./conf_s060t20_b0671320_a_U000311000
# [2024-04-15 08:17:45] INFO: Calculated checksum: 90ca9c9d
# [2024-04-15 08:17:50] INFO: Calculated checksum: a1d6fbb5
# [2024-04-15 08:17:50] INFO: Writing RNGSTATE file: ./rand_s060t20_b0671320_a_U000311000
# [2024-04-15 08:17:50] INFO: Writing to disk took 7.78996 seconds
# [2024-04-15 08:17:50] INFO: ======================================================================
# [2024-04-15 08:17:50] INFO: Start sweeping...
# [2024-04-15 08:24:31] INFO: It took 401.505 seconds to do 500 HBOR sweeps.
# [2024-04-15 08:24:31] INFO: Plaquette = 0.65345
# [2024-04-15 08:24:31] INFO: Polyakov loop = (-0.000465074,-0.000116398)
# [2024-04-15 08:24:31] INFO: Writing conf to disk...
# [2024-04-15 08:24:31] INFO: writeconf_nersc: Writing NERSC configuration ./conf_s060t20_b0671320_a_U000311500
# [2024-04-15 08:24:34] INFO: Calculated checksum: 6c2a823b
# [2024-04-15 08:24:39] INFO: Calculated checksum: 47e28616
# [2024-04-15 08:24:39] INFO: Writing RNGSTATE file: ./rand_s060t20_b0671320_a_U000311500
# [2024-04-15 08:24:39] INFO: Writing to disk took 7.75467 seconds
# [2024-04-15 08:24:39] INFO: ======================================================================
# [2024-04-15 08:24:39] INFO: Start sweeping...
# [2024-04-15 08:31:20] INFO: It took 401.474 seconds to do 500 HBOR sweeps.
# [2024-04-15 08:31:21] INFO: Plaquette = 0.653485
# [2024-04-15 08:31:21] INFO: Polyakov loop = (-0.000291737,-5.71423e-05)
# [2024-04-15 08:31:21] INFO: Writing conf to disk...
# [2024-04-15 08:31:21] INFO: writeconf_nersc: Writing NERSC configuration ./conf_s060t20_b0671320_a_U000312000
# [2024-04-15 08:31:23] INFO: Calculated checksum: 7f1f2a71
# [2024-04-15 08:31:28] INFO: Calculated checksum: 371887a7
# [2024-04-15 08:31:28] INFO: Writing RNGSTATE file: ./rand_s060t20_b0671320_a_U000312000
# [2024-04-15 08:31:28] INFO: Writing to disk took 7.7306 seconds
# [2024-04-15 08:31:28] INFO: ======================================================================
# [2024-04-15 08:31:28] INFO: Start sweeping...
# [2024-04-15 08:38:10] INFO: It took 401.498 seconds to do 500 HBOR sweeps.
# [2024-04-15 08:38:10] INFO: Plaquette = 0.653552
# [2024-04-15 08:38:10] INFO: Polyakov loop = (0.000685485,-0.000484595)
# [2024-04-15 08:38:10] INFO: Writing conf to disk...
# [2024-04-15 08:38:10] INFO: writeconf_nersc: Writing NERSC configuration ./conf_s060t20_b0671320_a_U000312500
# [2024-04-15 08:38:13] INFO: Calculated checksum: 66a801b7
# [2024-04-15 08:38:17] INFO: Calculated checksum: 3eb63025
# [2024-04-15 08:38:17] INFO: Writing RNGSTATE file: ./rand_s060t20_b0671320_a_U000312500
# [2024-04-15 08:38:17] INFO: Writing to disk took 7.65267 seconds
# [2024-04-15 08:38:17] INFO: ======================================================================
# [2024-04-15 08:38:17] INFO: Start sweeping...
# [2024-04-15 08:44:59] INFO: It took 401.492 seconds to do 500 HBOR sweeps.
# [2024-04-15 08:44:59] INFO: Plaquette = 0.653535
# [2024-04-15 08:44:59] INFO: Polyakov loop = (0.000583533,0.000100603)
# [2024-04-15 08:44:59] INFO: Writing conf to disk...
# [2024-04-15 08:44:59] INFO: writeconf_nersc: Writing NERSC configuration ./conf_s060t20_b0671320_a_U000313000
# [2024-04-15 08:45:02] INFO: Calculated checksum: 1a0d9df7
# [2024-04-15 08:45:06] INFO: Calculated checksum: e68ea55
# [2024-04-15 08:45:06] INFO: Writing RNGSTATE file: ./rand_s060t20_b0671320_a_U000313000
# [2024-04-15 08:45:07] INFO: Writing to disk took 7.54795 seconds
# [2024-04-15 08:45:07] INFO: ======================================================================
# [2024-04-15 08:45:07] INFO: Start sweeping...
# [2024-04-15 08:51:48] INFO: It took 401.517 seconds to do 500 HBOR sweeps.
# [2024-04-15 08:51:48] INFO: Plaquette = 0.653516
# [2024-04-15 08:51:48] INFO: Polyakov loop = (-0.000142172,0.00130354)
# [2024-04-15 08:51:48] INFO: Writing conf to disk...
# [2024-04-15 08:51:48] INFO: writeconf_nersc: Writing NERSC configuration ./conf_s060t20_b0671320_a_U000313500
# [2024-04-15 08:51:51] INFO: Calculated checksum: ceaf0d14
# [2024-04-15 08:51:56] INFO: Calculated checksum: 5b0e7a2c
# [2024-04-15 08:51:56] INFO: Writing RNGSTATE file: ./rand_s060t20_b0671320_a_U000313500
# [2024-04-15 08:51:56] INFO: Writing to disk took 7.64282 seconds
# [2024-04-15 08:51:56] INFO: ======================================================================
# [2024-04-15 08:51:56] INFO: Start sweeping...
# [2024-04-15 08:58:37] INFO: It took 401.51 seconds to do 500 HBOR sweeps.
# [2024-04-15 08:58:37] INFO: Plaquette = 0.653377
# [2024-04-15 08:58:37] INFO: Polyakov loop = (-0.000433315,-8.04178e-06)
# [2024-04-15 08:58:37] INFO: Writing conf to disk...
# [2024-04-15 08:58:37] INFO: writeconf_nersc: Writing NERSC configuration ./conf_s060t20_b0671320_a_U000314000
# [2024-04-15 08:58:40] INFO: Calculated checksum: 44572d87
# [2024-04-15 08:58:45] INFO: Calculated checksum: df42592f
# [2024-04-15 08:58:45] INFO: Writing RNGSTATE file: ./rand_s060t20_b0671320_a_U000314000
# [2024-04-15 08:58:45] INFO: Writing to disk took 7.67801 seconds
# [2024-04-15 08:58:45] INFO: ======================================================================
# [2024-04-15 08:58:45] INFO: Start sweeping...
# [2024-04-15 09:05:26] INFO: It took 401.487 seconds to do 500 HBOR sweeps.
# [2024-04-15 09:05:27] INFO: Plaquette = 0.653488
# [2024-04-15 09:05:27] INFO: Polyakov loop = (-0.000960885,0.000805652)
# [2024-04-15 09:05:27] INFO: Writing conf to disk...
# [2024-04-15 09:05:27] INFO: writeconf_nersc: Writing NERSC configuration ./conf_s060t20_b0671320_a_U000314500
# [2024-04-15 09:05:29] INFO: Calculated checksum: 98600b40
# [2024-04-15 09:05:34] INFO: Calculated checksum: 3d08319e
# [2024-04-15 09:05:34] INFO: Writing RNGSTATE file: ./rand_s060t20_b0671320_a_U000314500
# [2024-04-15 09:05:34] INFO: Writing to disk took 7.72001 seconds
# [2024-04-15 09:05:34] INFO: ======================================================================
# [2024-04-15 09:05:34] INFO: Start sweeping...
# [2024-04-15 09:12:16] INFO: It took 401.502 seconds to do 500 HBOR sweeps.
# [2024-04-15 09:12:16] INFO: Plaquette = 0.653508
# [2024-04-15 09:12:16] INFO: Polyakov loop = (-0.000274601,0.0031318)
# [2024-04-15 09:12:16] INFO: Writing conf to disk...
# [2024-04-15 09:12:16] INFO: writeconf_nersc: Writing NERSC configuration ./conf_s060t20_b0671320_a_U000315000
# [2024-04-15 09:12:19] INFO: Calculated checksum: ba1cbe3d
# [2024-04-15 09:12:23] INFO: Calculated checksum: 2a6717f0
# [2024-04-15 09:12:23] INFO: Writing RNGSTATE file: ./rand_s060t20_b0671320_a_U000315000
# [2024-04-15 09:12:23] INFO: Writing to disk took 7.57782 seconds
# [2024-04-15 09:12:23] INFO: ======================================================================
# [2024-04-15 09:12:23] INFO: Start sweeping...
# [2024-04-15 09:19:05] INFO: It took 401.493 seconds to do 500 HBOR sweeps.
# [2024-04-15 09:19:05] INFO: Plaquette = 0.653503
# [2024-04-15 09:19:05] INFO: Polyakov loop = (-0.000994838,0.00165789)
# [2024-04-15 09:19:05] INFO: Writing conf to disk...
# [2024-04-15 09:19:05] INFO: writeconf_nersc: Writing NERSC configuration ./conf_s060t20_b0671320_a_U000315500
# [2024-04-15 09:19:08] INFO: Calculated checksum: b275f071
# [2024-04-15 09:19:12] INFO: Calculated checksum: 81bf8375
# [2024-04-15 09:19:12] INFO: Writing RNGSTATE file: ./rand_s060t20_b0671320_a_U000315500
# [2024-04-15 09:19:13] INFO: Writing to disk took 7.68766 seconds
# [2024-04-15 09:19:13] INFO: ======================================================================
# [2024-04-15 09:19:13] INFO: Start sweeping...
# [2024-04-15 09:25:54] INFO: It took 401.519 seconds to do 500 HBOR sweeps.
# [2024-04-15 09:25:54] INFO: Plaquette = 0.653507
# [2024-04-15 09:25:54] INFO: Polyakov loop = (-0.00075135,0.000815347)
# [2024-04-15 09:25:54] INFO: Writing conf to disk...
# [2024-04-15 09:25:54] INFO: writeconf_nersc: Writing NERSC configuration ./conf_s060t20_b0671320_a_U000316000
# [2024-04-15 09:25:57] INFO: Calculated checksum: fd2c31e2
# [2024-04-15 09:26:02] INFO: Calculated checksum: 192b0d3
# [2024-04-15 09:26:02] INFO: Writing RNGSTATE file: ./rand_s060t20_b0671320_a_U000316000
# [2024-04-15 09:26:02] INFO: Writing to disk took 7.45601 seconds
# [2024-04-15 09:26:02] INFO: ======================================================================
# [2024-04-15 09:26:02] INFO: Start sweeping...
# [2024-04-15 09:32:43] INFO: It took 401.517 seconds to do 500 HBOR sweeps.
# [2024-04-15 09:32:43] INFO: Plaquette = 0.653627
# [2024-04-15 09:32:43] INFO: Polyakov loop = (-0.000671921,0.00102526)
# [2024-04-15 09:32:43] INFO: Writing conf to disk...
# [2024-04-15 09:32:43] INFO: writeconf_nersc: Writing NERSC configuration ./conf_s060t20_b0671320_a_U000316500
# [2024-04-15 09:32:46] INFO: Calculated checksum: e52462e9
# [2024-04-15 09:32:51] INFO: Calculated checksum: e8b4c47b
# [2024-04-15 09:32:51] INFO: Writing RNGSTATE file: ./rand_s060t20_b0671320_a_U000316500
# [2024-04-15 09:32:51] INFO: Writing to disk took 7.59771 seconds
# [2024-04-15 09:32:51] INFO: ======================================================================
# [2024-04-15 09:32:51] INFO: Start sweeping...
# [2024-04-15 09:39:32] INFO: It took 401.366 seconds to do 500 HBOR sweeps.
# [2024-04-15 09:39:32] INFO: Plaquette = 0.653539
# [2024-04-15 09:39:32] INFO: Polyakov loop = (-0.00085533,0.000688622)
# [2024-04-15 09:39:32] INFO: Writing conf to disk...
# [2024-04-15 09:39:32] INFO: writeconf_nersc: Writing NERSC configuration ./conf_s060t20_b0671320_a_U000317000
# [2024-04-15 09:39:35] INFO: Calculated checksum: 6f8b4ee8
# [2024-04-15 09:39:40] INFO: Calculated checksum: 18b8d1df
# [2024-04-15 09:39:40] INFO: Writing RNGSTATE file: ./rand_s060t20_b0671320_a_U000317000
# [2024-04-15 09:39:40] INFO: Writing to disk took 7.9678 seconds
# [2024-04-15 09:39:40] INFO: ======================================================================
# [2024-04-15 09:39:40] INFO: Start sweeping...
# [2024-04-15 09:46:21] INFO: It took 401.197 seconds to do 500 HBOR sweeps.
# [2024-04-15 09:46:21] INFO: Plaquette = 0.653439
# [2024-04-15 09:46:21] INFO: Polyakov loop = (-0.000633168,0.00146189)
# [2024-04-15 09:46:21] INFO: Writing conf to disk...
# [2024-04-15 09:46:21] INFO: writeconf_nersc: Writing NERSC configuration ./conf_s060t20_b0671320_a_U000317500
# [2024-04-15 09:46:24] INFO: Calculated checksum: 3c7d2955
# [2024-04-15 09:46:29] INFO: Calculated checksum: 36a6c26d
# [2024-04-15 09:46:29] INFO: Writing RNGSTATE file: ./rand_s060t20_b0671320_a_U000317500
# [2024-04-15 09:46:29] INFO: Writing to disk took 7.48494 seconds
# [2024-04-15 09:46:29] INFO: ======================================================================
# [2024-04-15 09:46:29] INFO: Start sweeping...
# [2024-04-15 09:53:10] INFO: It took 401.226 seconds to do 500 HBOR sweeps.
# [2024-04-15 09:53:10] INFO: Plaquette = 0.653529
# [2024-04-15 09:53:10] INFO: Polyakov loop = (0.000279489,0.000705883)
# [2024-04-15 09:53:10] INFO: Writing conf to disk...
# [2024-04-15 09:53:10] INFO: writeconf_nersc: Writing NERSC configuration ./conf_s060t20_b0671320_a_U000318000
# [2024-04-15 09:53:13] INFO: Calculated checksum: ee078cf8
# [2024-04-15 09:53:18] INFO: Calculated checksum: 76ce6833
# [2024-04-15 09:53:18] INFO: Writing RNGSTATE file: ./rand_s060t20_b0671320_a_U000318000
# [2024-04-15 09:53:18] INFO: Writing to disk took 7.66786 seconds
# [2024-04-15 09:53:18] INFO: ======================================================================
# [2024-04-15 09:53:18] INFO: Start sweeping...
# [2024-04-15 09:59:59] INFO: It took 401.202 seconds to do 500 HBOR sweeps.
# [2024-04-15 09:59:59] INFO: Plaquette = 0.653429
# [2024-04-15 09:59:59] INFO: Polyakov loop = (-0.000812497,0.00155058)
# [2024-04-15 09:59:59] INFO: Writing conf to disk...
# [2024-04-15 09:59:59] INFO: writeconf_nersc: Writing NERSC configuration ./conf_s060t20_b0671320_a_U000318500
# [2024-04-15 10:00:02] INFO: Calculated checksum: 307f3ccc
# [2024-04-15 10:00:07] INFO: Calculated checksum: 97845b34
# [2024-04-15 10:00:07] INFO: Writing RNGSTATE file: ./rand_s060t20_b0671320_a_U000318500
# [2024-04-15 10:00:07] INFO: Writing to disk took 7.76387 seconds
# [2024-04-15 10:00:07] INFO: ======================================================================
# [2024-04-15 10:00:07] INFO: Start sweeping...
# [2024-04-15 10:06:48] INFO: It took 401.322 seconds to do 500 HBOR sweeps.
# [2024-04-15 10:06:48] INFO: Plaquette = 0.653323
# [2024-04-15 10:06:48] INFO: Polyakov loop = (-0.000286028,0.000799439)
# [2024-04-15 10:06:48] INFO: Writing conf to disk...
# [2024-04-15 10:06:48] INFO: writeconf_nersc: Writing NERSC configuration ./conf_s060t20_b0671320_a_U000319000
# [2024-04-15 10:06:51] INFO: Calculated checksum: 3516a5c0
# [2024-04-15 10:06:56] INFO: Calculated checksum: 2abe0723
# [2024-04-15 10:06:56] INFO: Writing RNGSTATE file: ./rand_s060t20_b0671320_a_U000319000
# [2024-04-15 10:06:56] INFO: Writing to disk took 7.72917 seconds
# [2024-04-15 10:06:56] INFO: ======================================================================
# [2024-04-15 10:06:56] INFO: Start sweeping...
# [2024-04-15 10:13:37] INFO: It took 401.216 seconds to do 500 HBOR sweeps.
# [2024-04-15 10:13:37] INFO: Plaquette = 0.653512
# [2024-04-15 10:13:37] INFO: Polyakov loop = (-0.00135611,-0.000306855)
# [2024-04-15 10:13:37] INFO: Writing conf to disk...
# [2024-04-15 10:13:37] INFO: writeconf_nersc: Writing NERSC configuration ./conf_s060t20_b0671320_a_U000319500
# [2024-04-15 10:13:40] INFO: Calculated checksum: a3509995
# [2024-04-15 10:13:45] INFO: Calculated checksum: 70d296e3
# [2024-04-15 10:13:45] INFO: Writing RNGSTATE file: ./rand_s060t20_b0671320_a_U000319500
# [2024-04-15 10:13:45] INFO: Writing to disk took 7.75039 seconds
# [2024-04-15 10:13:45] INFO: ======================================================================
# [2024-04-15 10:13:45] INFO: Start sweeping...
# [2024-04-15 10:20:26] INFO: It took 401.265 seconds to do 500 HBOR sweeps.
# [2024-04-15 10:20:26] INFO: Plaquette = 0.653563
# [2024-04-15 10:20:26] INFO: Polyakov loop = (-0.00152154,-0.00212182)
# [2024-04-15 10:20:26] INFO: Writing conf to disk...
# [2024-04-15 10:20:26] INFO: writeconf_nersc: Writing NERSC configuration ./conf_s060t20_b0671320_a_U000320000
# [2024-04-15 10:20:29] INFO: Calculated checksum: 8d4c035
# [2024-04-15 10:20:34] INFO: Calculated checksum: 4559e869
# [2024-04-15 10:20:34] INFO: Writing RNGSTATE file: ./rand_s060t20_b0671320_a_U000320000
# [2024-04-15 10:20:34] INFO: Writing to disk took 7.75799 seconds
# [2024-04-15 10:20:34] INFO: ======================================================================
# [2024-04-15 10:20:34] INFO: Start sweeping...
# [2024-04-15 10:27:15] INFO: It took 401.262 seconds to do 500 HBOR sweeps.
# [2024-04-15 10:27:15] INFO: Plaquette = 0.653501
# [2024-04-15 10:27:15] INFO: Polyakov loop = (-0.00100196,-0.00124737)
# [2024-04-15 10:27:15] INFO: Writing conf to disk...
# [2024-04-15 10:27:15] INFO: writeconf_nersc: Writing NERSC configuration ./conf_s060t20_b0671320_a_U000320500
# [2024-04-15 10:27:18] INFO: Calculated checksum: dfc73721
# [2024-04-15 10:27:23] INFO: Calculated checksum: 61d041b8
# [2024-04-15 10:27:23] INFO: Writing RNGSTATE file: ./rand_s060t20_b0671320_a_U000320500
# [2024-04-15 10:27:23] INFO: Writing to disk took 7.73597 seconds
# [2024-04-15 10:27:23] INFO: ======================================================================
# [2024-04-15 10:27:23] INFO: Start sweeping...
# [2024-04-15 10:34:04] INFO: It took 401.27 seconds to do 500 HBOR sweeps.
# [2024-04-15 10:34:04] INFO: Plaquette = 0.653473
# [2024-04-15 10:34:04] INFO: Polyakov loop = (0.000292897,-0.000465824)
# [2024-04-15 10:34:04] INFO: Writing conf to disk...
# [2024-04-15 10:34:04] INFO: writeconf_nersc: Writing NERSC configuration ./conf_s060t20_b0671320_a_U000321000
# [2024-04-15 10:34:07] INFO: Calculated checksum: 471ba7b6
# [2024-04-15 10:34:12] INFO: Calculated checksum: 637dbf6f
# [2024-04-15 10:34:12] INFO: Writing RNGSTATE file: ./rand_s060t20_b0671320_a_U000321000
# [2024-04-15 10:34:12] INFO: Writing to disk took 7.57768 seconds
# [2024-04-15 10:34:12] INFO: ======================================================================
# [2024-04-15 10:34:12] INFO: Start sweeping...
# [2024-04-15 10:40:53] INFO: It took 401.282 seconds to do 500 HBOR sweeps.
# [2024-04-15 10:40:53] INFO: Plaquette = 0.65339
# [2024-04-15 10:40:53] INFO: Polyakov loop = (-0.0002087,-0.00211688)
# [2024-04-15 10:40:53] INFO: Writing conf to disk...
# [2024-04-15 10:40:53] INFO: writeconf_nersc: Writing NERSC configuration ./conf_s060t20_b0671320_a_U000321500
# [2024-04-15 10:40:56] INFO: Calculated checksum: 1eef9fd1
# [2024-04-15 10:41:01] INFO: Calculated checksum: c709d4b8
# [2024-04-15 10:41:01] INFO: Writing RNGSTATE file: ./rand_s060t20_b0671320_a_U000321500
# [2024-04-15 10:41:01] INFO: Writing to disk took 7.65035 seconds
# [2024-04-15 10:41:01] INFO: ======================================================================
# [2024-04-15 10:41:01] INFO: Start sweeping...
# [2024-04-15 10:47:42] INFO: It took 401.305 seconds to do 500 HBOR sweeps.
# [2024-04-15 10:47:42] INFO: Plaquette = 0.653492
# [2024-04-15 10:47:42] INFO: Polyakov loop = (-0.000800301,-0.000713469)
# [2024-04-15 10:47:42] INFO: Writing conf to disk...
# [2024-04-15 10:47:42] INFO: writeconf_nersc: Writing NERSC configuration ./conf_s060t20_b0671320_a_U000322000
# [2024-04-15 10:47:45] INFO: Calculated checksum: 106ae6b
# [2024-04-15 10:47:50] INFO: Calculated checksum: 56e812d7
# [2024-04-15 10:47:50] INFO: Writing RNGSTATE file: ./rand_s060t20_b0671320_a_U000322000
# [2024-04-15 10:47:50] INFO: Writing to disk took 7.78555 seconds
# [2024-04-15 10:47:50] INFO: ======================================================================
# [2024-04-15 10:47:50] INFO: Start sweeping...
# [2024-04-15 10:54:31] INFO: It took 401.303 seconds to do 500 HBOR sweeps.
# [2024-04-15 10:54:32] INFO: Plaquette = 0.653531
# [2024-04-15 10:54:32] INFO: Polyakov loop = (-0.000299,-0.00160773)
# [2024-04-15 10:54:32] INFO: Writing conf to disk...
# [2024-04-15 10:54:32] INFO: writeconf_nersc: Writing NERSC configuration ./conf_s060t20_b0671320_a_U000322500
# [2024-04-15 10:54:34] INFO: Calculated checksum: f105093b
# [2024-04-15 10:54:39] INFO: Calculated checksum: 740c1a49
# [2024-04-15 10:54:39] INFO: Writing RNGSTATE file: ./rand_s060t20_b0671320_a_U000322500
# [2024-04-15 10:54:39] INFO: Writing to disk took 7.65836 seconds
# [2024-04-15 10:54:39] INFO: ======================================================================
# [2024-04-15 10:54:39] INFO: Start sweeping...
# [2024-04-15 11:01:21] INFO: It took 401.312 seconds to do 500 HBOR sweeps.
# [2024-04-15 11:01:21] INFO: Plaquette = 0.653484
# [2024-04-15 11:01:21] INFO: Polyakov loop = (0.000269462,-0.00047035)
# [2024-04-15 11:01:21] INFO: Writing conf to disk...
# [2024-04-15 11:01:21] INFO: writeconf_nersc: Writing NERSC configuration ./conf_s060t20_b0671320_a_U000323000
# [2024-04-15 11:01:23] INFO: Calculated checksum: 6b2a311f
# [2024-04-15 11:01:28] INFO: Calculated checksum: 6a5ca4d6
# [2024-04-15 11:01:28] INFO: Writing RNGSTATE file: ./rand_s060t20_b0671320_a_U000323000
# [2024-04-15 11:01:28] INFO: Writing to disk took 7.68857 seconds
# [2024-04-15 11:01:28] INFO: ======================================================================
# [2024-04-15 11:01:28] INFO: Start sweeping...
# [2024-04-15 11:08:10] INFO: It took 401.327 seconds to do 500 HBOR sweeps.
# [2024-04-15 11:08:10] INFO: Plaquette = 0.653499
# [2024-04-15 11:08:10] INFO: Polyakov loop = (0.000348808,-0.000989928)
# [2024-04-15 11:08:10] INFO: Writing conf to disk...
# [2024-04-15 11:08:10] INFO: writeconf_nersc: Writing NERSC configuration ./conf_s060t20_b0671320_a_U000323500
# [2024-04-15 11:08:13] INFO: Calculated checksum: 7fc623d
# [2024-04-15 11:08:17] INFO: Calculated checksum: ab7c327b
# [2024-04-15 11:08:17] INFO: Writing RNGSTATE file: ./rand_s060t20_b0671320_a_U000323500
# [2024-04-15 11:08:17] INFO: Writing to disk took 7.10012 seconds
# [2024-04-15 11:08:17] INFO: ======================================================================
# [2024-04-15 11:08:17] INFO: Start sweeping...
# [2024-04-15 11:14:58] INFO: It took 401.373 seconds to do 500 HBOR sweeps.
# [2024-04-15 11:14:58] INFO: Plaquette = 0.65351
# [2024-04-15 11:14:58] INFO: Polyakov loop = (8.09962e-05,-0.000203887)
# [2024-04-15 11:14:58] INFO: Writing conf to disk...
# [2024-04-15 11:14:58] INFO: writeconf_nersc: Writing NERSC configuration ./conf_s060t20_b0671320_a_U000324000
# [2024-04-15 11:15:01] INFO: Calculated checksum: 92ae04cc
# [2024-04-15 11:15:05] INFO: Calculated checksum: 60afde8f
# [2024-04-15 11:15:05] INFO: Writing RNGSTATE file: ./rand_s060t20_b0671320_a_U000324000
# [2024-04-15 11:15:05] INFO: Writing to disk took 7.35539 seconds
# [2024-04-15 11:15:05] INFO: ======================================================================
# [2024-04-15 11:15:05] INFO: Start sweeping...
# [2024-04-15 11:21:47] INFO: It took 401.374 seconds to do 500 HBOR sweeps.
# [2024-04-15 11:21:47] INFO: Plaquette = 0.653456
# [2024-04-15 11:21:47] INFO: Polyakov loop = (-7.69381e-05,-0.000535206)
# [2024-04-15 11:21:47] INFO: Writing conf to disk...
# [2024-04-15 11:21:47] INFO: writeconf_nersc: Writing NERSC configuration ./conf_s060t20_b0671320_a_U000324500
# [2024-04-15 11:21:50] INFO: Calculated checksum: 266a88b
# [2024-04-15 11:21:54] INFO: Calculated checksum: 93075e3e
# [2024-04-15 11:21:54] INFO: Writing RNGSTATE file: ./rand_s060t20_b0671320_a_U000324500
# [2024-04-15 11:21:54] INFO: Writing to disk took 7.39468 seconds
# [2024-04-15 11:21:54] INFO: ======================================================================
# [2024-04-15 11:21:54] INFO: Start sweeping...
# [2024-04-15 11:28:36] INFO: It took 401.352 seconds to do 500 HBOR sweeps.
# [2024-04-15 11:28:36] INFO: Plaquette = 0.653523
# [2024-04-15 11:28:36] INFO: Polyakov loop = (-0.00106844,-0.000787406)
# [2024-04-15 11:28:36] INFO: Writing conf to disk...
# [2024-04-15 11:28:36] INFO: writeconf_nersc: Writing NERSC configuration ./conf_s060t20_b0671320_a_U000325000
# [2024-04-15 11:28:39] INFO: Calculated checksum: 96565b96
# [2024-04-15 11:28:43] INFO: Calculated checksum: c7bd1106
# [2024-04-15 11:28:43] INFO: Writing RNGSTATE file: ./rand_s060t20_b0671320_a_U000325000
# [2024-04-15 11:28:43] INFO: Writing to disk took 7.61599 seconds
# [2024-04-15 11:28:43] INFO: ======================================================================
# [2024-04-15 11:28:43] INFO: Start sweeping...
# [2024-04-15 11:35:25] INFO: It took 401.382 seconds to do 500 HBOR sweeps.
# [2024-04-15 11:35:25] INFO: Plaquette = 0.65353
# [2024-04-15 11:35:25] INFO: Polyakov loop = (-0.00117179,-0.000305917)
# [2024-04-15 11:35:25] INFO: Writing conf to disk...
# [2024-04-15 11:35:25] INFO: writeconf_nersc: Writing NERSC configuration ./conf_s060t20_b0671320_a_U000325500
# [2024-04-15 11:35:28] INFO: Calculated checksum: 67244e04
# [2024-04-15 11:35:32] INFO: Calculated checksum: 3252d0c
# [2024-04-15 11:35:32] INFO: Writing RNGSTATE file: ./rand_s060t20_b0671320_a_U000325500
# [2024-04-15 11:35:32] INFO: Writing to disk took 7.55586 seconds
# [2024-04-15 11:35:32] INFO: ======================================================================
# [2024-04-15 11:35:32] INFO: Start sweeping...
# [2024-04-15 11:42:14] INFO: It took 401.379 seconds to do 500 HBOR sweeps.
# [2024-04-15 11:42:14] INFO: Plaquette = 0.653476
# [2024-04-15 11:42:14] INFO: Polyakov loop = (-0.000560389,0.000790577)
# [2024-04-15 11:42:14] INFO: Writing conf to disk...
# [2024-04-15 11:42:14] INFO: writeconf_nersc: Writing NERSC configuration ./conf_s060t20_b0671320_a_U000326000
# [2024-04-15 11:42:17] INFO: Calculated checksum: dada7b13
# [2024-04-15 11:42:21] INFO: Calculated checksum: ab2155d8
# [2024-04-15 11:42:21] INFO: Writing RNGSTATE file: ./rand_s060t20_b0671320_a_U000326000
# [2024-04-15 11:42:21] INFO: Writing to disk took 7.50646 seconds
# [2024-04-15 11:42:21] INFO: ======================================================================
# [2024-04-15 11:42:21] INFO: Start sweeping...
# [2024-04-15 11:49:03] INFO: It took 401.404 seconds to do 500 HBOR sweeps.
# [2024-04-15 11:49:03] INFO: Plaquette = 0.653474
# [2024-04-15 11:49:03] INFO: Polyakov loop = (-0.00125732,0.00118618)
# [2024-04-15 11:49:03] INFO: Writing conf to disk...
# [2024-04-15 11:49:03] INFO: writeconf_nersc: Writing NERSC configuration ./conf_s060t20_b0671320_a_U000326500
# [2024-04-15 11:49:06] INFO: Calculated checksum: ee96a582
# [2024-04-15 11:49:10] INFO: Calculated checksum: 5b5a25d
# [2024-04-15 11:49:10] INFO: Writing RNGSTATE file: ./rand_s060t20_b0671320_a_U000326500
# [2024-04-15 11:49:10] INFO: Writing to disk took 7.57587 seconds
# [2024-04-15 11:49:10] INFO: ======================================================================
# [2024-04-15 11:49:10] INFO: Start sweeping...
# [2024-04-15 11:55:52] INFO: It took 401.383 seconds to do 500 HBOR sweeps.
# [2024-04-15 11:55:52] INFO: Plaquette = 0.653484
# [2024-04-15 11:55:52] INFO: Polyakov loop = (-0.00117838,0.000771005)
# [2024-04-15 11:55:52] INFO: Writing conf to disk...
# [2024-04-15 11:55:52] INFO: writeconf_nersc: Writing NERSC configuration ./conf_s060t20_b0671320_a_U000327000
# [2024-04-15 11:55:55] INFO: Calculated checksum: fcc94391
# [2024-04-15 11:55:59] INFO: Calculated checksum: a4f4d6c6
# [2024-04-15 11:55:59] INFO: Writing RNGSTATE file: ./rand_s060t20_b0671320_a_U000327000
# [2024-04-15 11:55:59] INFO: Writing to disk took 7.46245 seconds
# [2024-04-15 11:55:59] INFO: ======================================================================
# [2024-04-15 11:55:59] INFO: Start sweeping...
# [2024-04-15 12:02:41] INFO: It took 401.427 seconds to do 500 HBOR sweeps.
# [2024-04-15 12:02:41] INFO: Plaquette = 0.653498
# [2024-04-15 12:02:41] INFO: Polyakov loop = (-0.000508476,0.00105576)
# [2024-04-15 12:02:41] INFO: Writing conf to disk...
# [2024-04-15 12:02:41] INFO: writeconf_nersc: Writing NERSC configuration ./conf_s060t20_b0671320_a_U000327500
# [2024-04-15 12:02:44] INFO: Calculated checksum: f1bac69f
# [2024-04-15 12:02:49] INFO: Calculated checksum: 64dc8123
# [2024-04-15 12:02:49] INFO: Writing RNGSTATE file: ./rand_s060t20_b0671320_a_U000327500
# [2024-04-15 12:02:49] INFO: Writing to disk took 8.01264 seconds
# [2024-04-15 12:02:49] INFO: ======================================================================
# [2024-04-15 12:02:49] INFO: Start sweeping...
# [2024-04-15 12:09:30] INFO: It took 401.411 seconds to do 500 HBOR sweeps.
# [2024-04-15 12:09:30] INFO: Plaquette = 0.653536
# [2024-04-15 12:09:30] INFO: Polyakov loop = (-0.00120903,0.0023899)
# [2024-04-15 12:09:30] INFO: Writing conf to disk...
# [2024-04-15 12:09:30] INFO: writeconf_nersc: Writing NERSC configuration ./conf_s060t20_b0671320_a_U000328000
# [2024-04-15 12:09:33] INFO: Calculated checksum: a2da18ce
# [2024-04-15 12:09:37] INFO: Calculated checksum: 7f80b8c7
# [2024-04-15 12:09:37] INFO: Writing RNGSTATE file: ./rand_s060t20_b0671320_a_U000328000
# [2024-04-15 12:09:38] INFO: Writing to disk took 7.45743 seconds
# [2024-04-15 12:09:38] INFO: ======================================================================
# [2024-04-15 12:09:38] INFO: Start sweeping...
# [2024-04-15 12:16:19] INFO: It took 401.451 seconds to do 500 HBOR sweeps.
# [2024-04-15 12:16:19] INFO: Plaquette = 0.653553
# [2024-04-15 12:16:19] INFO: Polyakov loop = (-0.000843373,0.00225029)
# [2024-04-15 12:16:19] INFO: Writing conf to disk...
# [2024-04-15 12:16:19] INFO: writeconf_nersc: Writing NERSC configuration ./conf_s060t20_b0671320_a_U000328500
# [2024-04-15 12:16:22] INFO: Calculated checksum: f8a37dbb
# [2024-04-15 12:16:26] INFO: Calculated checksum: cf7741a4
# [2024-04-15 12:16:26] INFO: Writing RNGSTATE file: ./rand_s060t20_b0671320_a_U000328500
# [2024-04-15 12:16:26] INFO: Writing to disk took 7.12721 seconds
# [2024-04-15 12:16:26] INFO: ======================================================================
# [2024-04-15 12:16:26] INFO: Start sweeping...
# [2024-04-15 12:23:08] INFO: It took 401.475 seconds to do 500 HBOR sweeps.
# [2024-04-15 12:23:08] INFO: Plaquette = 0.65345
# [2024-04-15 12:23:08] INFO: Polyakov loop = (3.96581e-05,0.00173278)
# [2024-04-15 12:23:08] INFO: Writing conf to disk...
# [2024-04-15 12:23:08] INFO: writeconf_nersc: Writing NERSC configuration ./conf_s060t20_b0671320_a_U000329000
# [2024-04-15 12:23:13] INFO: Calculated checksum: 73566be9
# [2024-04-15 12:23:17] INFO: Calculated checksum: c41662b
# [2024-04-15 12:23:17] INFO: Writing RNGSTATE file: ./rand_s060t20_b0671320_a_U000329000
# [2024-04-15 12:23:17] INFO: Writing to disk took 9.2238 seconds
# [2024-04-15 12:23:17] INFO: ======================================================================
# [2024-04-15 12:23:17] INFO: Start sweeping...
# [2024-04-15 12:29:58] INFO: It took 401.375 seconds to do 500 HBOR sweeps.
# [2024-04-15 12:29:58] INFO: Plaquette = 0.653524
# [2024-04-15 12:29:58] INFO: Polyakov loop = (-0.000109099,0.00100472)
# [2024-04-15 12:29:58] INFO: Writing conf to disk...
# [2024-04-15 12:29:58] INFO: writeconf_nersc: Writing NERSC configuration ./conf_s060t20_b0671320_a_U000329500
# [2024-04-15 12:30:02] INFO: Calculated checksum: 1f6c248
# [2024-04-15 12:30:06] INFO: Calculated checksum: 4fa3c898
# [2024-04-15 12:30:06] INFO: Writing RNGSTATE file: ./rand_s060t20_b0671320_a_U000329500
# [2024-04-15 12:30:07] INFO: Writing to disk took 8.17122 seconds
# [2024-04-15 12:30:07] INFO: ======================================================================
# [2024-04-15 12:30:07] INFO: Start sweeping...
# [2024-04-15 12:36:48] INFO: It took 401.436 seconds to do 500 HBOR sweeps.
# [2024-04-15 12:36:48] INFO: Plaquette = 0.653573
# [2024-04-15 12:36:48] INFO: Polyakov loop = (-0.00121121,0.00203635)
# [2024-04-15 12:36:48] INFO: Writing conf to disk...
# [2024-04-15 12:36:48] INFO: writeconf_nersc: Writing NERSC configuration ./conf_s060t20_b0671320_a_U000330000
# [2024-04-15 12:36:51] INFO: Calculated checksum: cac68a5a
# [2024-04-15 12:36:56] INFO: Calculated checksum: c9743d2d
# [2024-04-15 12:36:56] INFO: Writing RNGSTATE file: ./rand_s060t20_b0671320_a_U000330000
# [2024-04-15 12:36:56] INFO: Writing to disk took 7.60406 seconds
# [2024-04-15 12:36:56] INFO: ======================================================================
# [2024-04-15 12:36:56] INFO: Start sweeping...
# [2024-04-15 12:43:37] INFO: It took 401.446 seconds to do 500 HBOR sweeps.
# [2024-04-15 12:43:37] INFO: Plaquette = 0.653438
# [2024-04-15 12:43:37] INFO: Polyakov loop = (0.000212604,0.00149857)
# [2024-04-15 12:43:37] INFO: Writing conf to disk...
# [2024-04-15 12:43:37] INFO: writeconf_nersc: Writing NERSC configuration ./conf_s060t20_b0671320_a_U000330500
# [2024-04-15 12:43:41] INFO: Calculated checksum: bf45838e
# [2024-04-15 12:43:45] INFO: Calculated checksum: 635188bf
# [2024-04-15 12:43:45] INFO: Writing RNGSTATE file: ./rand_s060t20_b0671320_a_U000330500
# [2024-04-15 12:43:45] INFO: Writing to disk took 7.95432 seconds
# [2024-04-15 12:43:45] INFO: ======================================================================
# [2024-04-15 12:43:45] INFO: Start sweeping...
# [2024-04-15 12:50:27] INFO: It took 401.436 seconds to do 500 HBOR sweeps.
# [2024-04-15 12:50:27] INFO: Plaquette = 0.653453
# [2024-04-15 12:50:27] INFO: Polyakov loop = (-0.00101412,0.00113018)
# [2024-04-15 12:50:27] INFO: Writing conf to disk...
# [2024-04-15 12:50:27] INFO: writeconf_nersc: Writing NERSC configuration ./conf_s060t20_b0671320_a_U000331000
# [2024-04-15 12:50:31] INFO: Calculated checksum: 508df20f
# [2024-04-15 12:50:35] INFO: Calculated checksum: b296e77
# [2024-04-15 12:50:35] INFO: Writing RNGSTATE file: ./rand_s060t20_b0671320_a_U000331000
# [2024-04-15 12:50:35] INFO: Writing to disk took 8.46636 seconds
# [2024-04-15 12:50:35] INFO: ======================================================================
# [2024-04-15 12:50:35] INFO: Start sweeping...
# [2024-04-15 12:57:17] INFO: It took 401.419 seconds to do 500 HBOR sweeps.
# [2024-04-15 12:57:17] INFO: Plaquette = 0.653586
# [2024-04-15 12:57:17] INFO: Polyakov loop = (-0.000385497,-0.000212055)
# [2024-04-15 12:57:17] INFO: Writing conf to disk...
# [2024-04-15 12:57:17] INFO: writeconf_nersc: Writing NERSC configuration ./conf_s060t20_b0671320_a_U000331500
# [2024-04-15 12:57:19] INFO: Calculated checksum: d26f38dd
# [2024-04-15 12:57:24] INFO: Calculated checksum: 4ddfc1e2
# [2024-04-15 12:57:24] INFO: Writing RNGSTATE file: ./rand_s060t20_b0671320_a_U000331500
# [2024-04-15 12:57:24] INFO: Writing to disk took 7.32158 seconds
# [2024-04-15 12:57:24] INFO: ======================================================================
# [2024-04-15 12:57:24] INFO: Start sweeping...
# [2024-04-15 13:04:05] INFO: It took 401.453 seconds to do 500 HBOR sweeps.
# [2024-04-15 13:04:05] INFO: Plaquette = 0.653562
# [2024-04-15 13:04:05] INFO: Polyakov loop = (-8.88023e-05,0.000701083)
# [2024-04-15 13:04:05] INFO: Writing conf to disk...
# [2024-04-15 13:04:05] INFO: writeconf_nersc: Writing NERSC configuration ./conf_s060t20_b0671320_a_U000332000
# [2024-04-15 13:04:08] INFO: Calculated checksum: 3048ecf7
# [2024-04-15 13:04:13] INFO: Calculated checksum: e14d185d
# [2024-04-15 13:04:13] INFO: Writing RNGSTATE file: ./rand_s060t20_b0671320_a_U000332000
# [2024-04-15 13:04:13] INFO: Writing to disk took 7.49678 seconds
# [2024-04-15 13:04:13] INFO: ======================================================================
# [2024-04-15 13:04:13] INFO: Start sweeping...
# [2024-04-15 13:10:54] INFO: It took 401.441 seconds to do 500 HBOR sweeps.
# [2024-04-15 13:10:54] INFO: Plaquette = 0.65346
# [2024-04-15 13:10:54] INFO: Polyakov loop = (-0.000556639,0.00106912)
# [2024-04-15 13:10:54] INFO: Writing conf to disk...
# [2024-04-15 13:10:54] INFO: writeconf_nersc: Writing NERSC configuration ./conf_s060t20_b0671320_a_U000332500
# [2024-04-15 13:10:57] INFO: Calculated checksum: 30e385c9
# [2024-04-15 13:11:02] INFO: Calculated checksum: 8205ea82
# [2024-04-15 13:11:02] INFO: Writing RNGSTATE file: ./rand_s060t20_b0671320_a_U000332500
# [2024-04-15 13:11:02] INFO: Writing to disk took 7.56224 seconds
# [2024-04-15 13:11:02] INFO: ======================================================================
# [2024-04-15 13:11:02] INFO: Start sweeping...
# [2024-04-15 13:17:43] INFO: It took 401.412 seconds to do 500 HBOR sweeps.
# [2024-04-15 13:17:43] INFO: Plaquette = 0.653596
# [2024-04-15 13:17:43] INFO: Polyakov loop = (-0.000291383,-4.31669e-05)
# [2024-04-15 13:17:43] INFO: Writing conf to disk...
# [2024-04-15 13:17:43] INFO: writeconf_nersc: Writing NERSC configuration ./conf_s060t20_b0671320_a_U000333000
# [2024-04-15 13:17:46] INFO: Calculated checksum: 499bdd9a
# [2024-04-15 13:17:51] INFO: Calculated checksum: 12a9b788
# [2024-04-15 13:17:51] INFO: Writing RNGSTATE file: ./rand_s060t20_b0671320_a_U000333000
# [2024-04-15 13:17:51] INFO: Writing to disk took 7.95794 seconds
# [2024-04-15 13:17:51] INFO: ======================================================================
# [2024-04-15 13:17:51] INFO: Start sweeping...
# [2024-04-15 13:24:33] INFO: It took 401.409 seconds to do 500 HBOR sweeps.
# [2024-04-15 13:24:33] INFO: Plaquette = 0.653446
# [2024-04-15 13:24:33] INFO: Polyakov loop = (-0.00141433,0.00106837)
# [2024-04-15 13:24:33] INFO: Writing conf to disk...
# [2024-04-15 13:24:33] INFO: writeconf_nersc: Writing NERSC configuration ./conf_s060t20_b0671320_a_U000333500
# [2024-04-15 13:24:36] INFO: Calculated checksum: 47241002
# [2024-04-15 13:24:41] INFO: Calculated checksum: a54cab91
# [2024-04-15 13:24:41] INFO: Writing RNGSTATE file: ./rand_s060t20_b0671320_a_U000333500
# [2024-04-15 13:24:41] INFO: Writing to disk took 8.03315 seconds
# [2024-04-15 13:24:41] INFO: ======================================================================
# [2024-04-15 13:24:41] INFO: Start sweeping...
# [2024-04-15 13:31:22] INFO: It took 401.406 seconds to do 500 HBOR sweeps.
# [2024-04-15 13:31:22] INFO: Plaquette = 0.653452
# [2024-04-15 13:31:22] INFO: Polyakov loop = (-0.000587363,0.00127624)
# [2024-04-15 13:31:22] INFO: Writing conf to disk...
# [2024-04-15 13:31:22] INFO: writeconf_nersc: Writing NERSC configuration ./conf_s060t20_b0671320_a_U000334000
# [2024-04-15 13:31:26] INFO: Calculated checksum: a7971dd1
# [2024-04-15 13:31:38] INFO: Calculated checksum: d8d47859
# [2024-04-15 13:31:38] INFO: Writing RNGSTATE file: ./rand_s060t20_b0671320_a_U000334000
# [2024-04-15 13:31:38] INFO: Writing to disk took 15.8007 seconds
# [2024-04-15 13:31:38] INFO: ======================================================================
# [2024-04-15 13:31:38] INFO: Start sweeping...
# [2024-04-15 13:38:19] INFO: It took 401.174 seconds to do 500 HBOR sweeps.
# [2024-04-15 13:38:19] INFO: Plaquette = 0.65356
# [2024-04-15 13:38:19] INFO: Polyakov loop = (-8.17124e-06,0.00055864)
# [2024-04-15 13:38:19] INFO: Writing conf to disk...
# [2024-04-15 13:38:19] INFO: writeconf_nersc: Writing NERSC configuration ./conf_s060t20_b0671320_a_U000334500
# [2024-04-15 13:38:23] INFO: Calculated checksum: 9b4b24a7
# [2024-04-15 13:38:34] INFO: Calculated checksum: abbf8d5
# [2024-04-15 13:38:34] INFO: Writing RNGSTATE file: ./rand_s060t20_b0671320_a_U000334500
# [2024-04-15 13:38:34] INFO: Writing to disk took 15.0164 seconds
# [2024-04-15 13:38:34] INFO: ======================================================================
# [2024-04-15 13:38:34] INFO: Start sweeping...
# [2024-04-15 13:45:16] INFO: It took 401.223 seconds to do 500 HBOR sweeps.
# [2024-04-15 13:45:16] INFO: Plaquette = 0.653444
# [2024-04-15 13:45:16] INFO: Polyakov loop = (-3.33978e-06,0.00114859)
# [2024-04-15 13:45:16] INFO: Writing conf to disk...
# [2024-04-15 13:45:16] INFO: writeconf_nersc: Writing NERSC configuration ./conf_s060t20_b0671320_a_U000335000
# [2024-04-15 13:45:19] INFO: Calculated checksum: 3bb2f6b8
# [2024-04-15 13:45:23] INFO: Calculated checksum: 7c8fa033
# [2024-04-15 13:45:23] INFO: Writing RNGSTATE file: ./rand_s060t20_b0671320_a_U000335000
# [2024-04-15 13:45:23] INFO: Writing to disk took 7.19219 seconds
# [2024-04-15 13:45:23] INFO: ======================================================================
# [2024-04-15 13:45:23] INFO: Start sweeping...
# [2024-04-15 13:52:04] INFO: It took 401.449 seconds to do 500 HBOR sweeps.
# [2024-04-15 13:52:04] INFO: Plaquette = 0.653451
# [2024-04-15 13:52:04] INFO: Polyakov loop = (-0.00059537,0.000780293)
# [2024-04-15 13:52:04] INFO: Writing conf to disk...
# [2024-04-15 13:52:04] INFO: writeconf_nersc: Writing NERSC configuration ./conf_s060t20_b0671320_a_U000335500
# [2024-04-15 13:52:07] INFO: Calculated checksum: 6ddcec10
# [2024-04-15 13:52:12] INFO: Calculated checksum: c180cff1
# [2024-04-15 13:52:12] INFO: Writing RNGSTATE file: ./rand_s060t20_b0671320_a_U000335500
# [2024-04-15 13:52:12] INFO: Writing to disk took 7.69553 seconds
# [2024-04-15 13:52:12] INFO: ======================================================================
# [2024-04-15 13:52:12] INFO: Start sweeping...
# [2024-04-15 13:58:54] INFO: It took 401.436 seconds to do 500 HBOR sweeps.
# [2024-04-15 13:58:54] INFO: Plaquette = 0.653471
# [2024-04-15 13:58:54] INFO: Polyakov loop = (-0.00122278,0.00133266)
# [2024-04-15 13:58:54] INFO: Writing conf to disk...
# [2024-04-15 13:58:54] INFO: writeconf_nersc: Writing NERSC configuration ./conf_s060t20_b0671320_a_U000336000
# [2024-04-15 13:58:56] INFO: Calculated checksum: ac283103
# [2024-04-15 13:59:02] INFO: Calculated checksum: 6c1d2d27
# [2024-04-15 13:59:02] INFO: Writing RNGSTATE file: ./rand_s060t20_b0671320_a_U000336000
# [2024-04-15 13:59:02] INFO: Writing to disk took 8.59363 seconds
# [2024-04-15 13:59:02] INFO: ======================================================================
# [2024-04-15 13:59:02] INFO: Start sweeping...
# [2024-04-15 14:05:44] INFO: It took 401.434 seconds to do 500 HBOR sweeps.
# [2024-04-15 14:05:44] INFO: Plaquette = 0.65352
# [2024-04-15 14:05:44] INFO: Polyakov loop = (-0.00135175,0.00183833)
# [2024-04-15 14:05:44] INFO: Writing conf to disk...
# [2024-04-15 14:05:44] INFO: writeconf_nersc: Writing NERSC configuration ./conf_s060t20_b0671320_a_U000336500
# [2024-04-15 14:05:47] INFO: Calculated checksum: 1e225404
# [2024-04-15 14:05:51] INFO: Calculated checksum: 6f27aec2
# [2024-04-15 14:05:51] INFO: Writing RNGSTATE file: ./rand_s060t20_b0671320_a_U000336500
# [2024-04-15 14:05:51] INFO: Writing to disk took 7.79681 seconds
# [2024-04-15 14:05:51] INFO: ======================================================================
# [2024-04-15 14:05:51] INFO: Start sweeping...
# [2024-04-15 14:12:33] INFO: It took 401.459 seconds to do 500 HBOR sweeps.
# [2024-04-15 14:12:33] INFO: Plaquette = 0.653457
# [2024-04-15 14:12:33] INFO: Polyakov loop = (-0.000731249,0.00134574)
# [2024-04-15 14:12:33] INFO: Writing conf to disk...
# [2024-04-15 14:12:33] INFO: writeconf_nersc: Writing NERSC configuration ./conf_s060t20_b0671320_a_U000337000
# [2024-04-15 14:12:36] INFO: Calculated checksum: 3bbf09e5
# [2024-04-15 14:12:40] INFO: Calculated checksum: edea9324
# [2024-04-15 14:12:40] INFO: Writing RNGSTATE file: ./rand_s060t20_b0671320_a_U000337000
# [2024-04-15 14:12:41] INFO: Writing to disk took 7.6004 seconds
# [2024-04-15 14:12:41] INFO: ======================================================================
# [2024-04-15 14:12:41] INFO: Start sweeping...
# [2024-04-15 14:19:22] INFO: It took 401.464 seconds to do 500 HBOR sweeps.
# [2024-04-15 14:19:22] INFO: Plaquette = 0.653498
# [2024-04-15 14:19:22] INFO: Polyakov loop = (-0.000863941,0.000248541)
# [2024-04-15 14:19:22] INFO: Writing conf to disk...
# [2024-04-15 14:19:22] INFO: writeconf_nersc: Writing NERSC configuration ./conf_s060t20_b0671320_a_U000337500
# [2024-04-15 14:19:25] INFO: Calculated checksum: 8bbe84b1
# [2024-04-15 14:19:30] INFO: Calculated checksum: 9cc58858
# [2024-04-15 14:19:30] INFO: Writing RNGSTATE file: ./rand_s060t20_b0671320_a_U000337500
# [2024-04-15 14:19:30] INFO: Writing to disk took 7.59101 seconds
# [2024-04-15 14:19:30] INFO: ======================================================================
# [2024-04-15 14:19:30] INFO: Start sweeping...
# [2024-04-15 14:26:11] INFO: It took 401.463 seconds to do 500 HBOR sweeps.
# [2024-04-15 14:26:11] INFO: Plaquette = 0.653547
# [2024-04-15 14:26:11] INFO: Polyakov loop = (-0.000550268,0.00164324)
# [2024-04-15 14:26:11] INFO: Writing conf to disk...
# [2024-04-15 14:26:11] INFO: writeconf_nersc: Writing NERSC configuration ./conf_s060t20_b0671320_a_U000338000
# [2024-04-15 14:26:14] INFO: Calculated checksum: 5527040
# [2024-04-15 14:26:20] INFO: Calculated checksum: 4b723ffc
# [2024-04-15 14:26:20] INFO: Writing RNGSTATE file: ./rand_s060t20_b0671320_a_U000338000
# [2024-04-15 14:26:20] INFO: Writing to disk took 8.48699 seconds
# [2024-04-15 14:26:20] INFO: ======================================================================
# [2024-04-15 14:26:20] INFO: Start sweeping...
# [2024-04-15 14:33:01] INFO: It took 401.424 seconds to do 500 HBOR sweeps.
# [2024-04-15 14:33:01] INFO: Plaquette = 0.653461
# [2024-04-15 14:33:01] INFO: Polyakov loop = (-0.00114396,-0.000413851)
# [2024-04-15 14:33:01] INFO: Writing conf to disk...
# [2024-04-15 14:33:01] INFO: writeconf_nersc: Writing NERSC configuration ./conf_s060t20_b0671320_a_U000338500
# [2024-04-15 14:33:04] INFO: Calculated checksum: 755c4b65
# [2024-04-15 14:33:09] INFO: Calculated checksum: 1c40002a
# [2024-04-15 14:33:09] INFO: Writing RNGSTATE file: ./rand_s060t20_b0671320_a_U000338500
# [2024-04-15 14:33:09] INFO: Writing to disk took 7.54361 seconds
# [2024-04-15 14:33:09] INFO: ======================================================================
# [2024-04-15 14:33:09] INFO: Start sweeping...
# [2024-04-15 14:39:50] INFO: It took 401.439 seconds to do 500 HBOR sweeps.
# [2024-04-15 14:39:50] INFO: Plaquette = 0.653568
# [2024-04-15 14:39:50] INFO: Polyakov loop = (-0.000699034,0.001413)
# [2024-04-15 14:39:50] INFO: Writing conf to disk...
# [2024-04-15 14:39:50] INFO: writeconf_nersc: Writing NERSC configuration ./conf_s060t20_b0671320_a_U000339000
# [2024-04-15 14:39:53] INFO: Calculated checksum: 85f5a783
# [2024-04-15 14:39:58] INFO: Calculated checksum: d2dbe2ab
# [2024-04-15 14:39:58] INFO: Writing RNGSTATE file: ./rand_s060t20_b0671320_a_U000339000
# [2024-04-15 14:39:58] INFO: Writing to disk took 7.61896 seconds
# [2024-04-15 14:39:58] INFO: ======================================================================
# [2024-04-15 14:39:58] INFO: Start sweeping...
# [2024-04-15 14:46:39] INFO: It took 401.44 seconds to do 500 HBOR sweeps.
# [2024-04-15 14:46:39] INFO: Plaquette = 0.653445
# [2024-04-15 14:46:39] INFO: Polyakov loop = (-0.00145946,0.00155468)
# [2024-04-15 14:46:39] INFO: Writing conf to disk...
# [2024-04-15 14:46:39] INFO: writeconf_nersc: Writing NERSC configuration ./conf_s060t20_b0671320_a_U000339500
# [2024-04-15 14:46:42] INFO: Calculated checksum: db222642
# [2024-04-15 14:46:47] INFO: Calculated checksum: e5bcafab
# [2024-04-15 14:46:47] INFO: Writing RNGSTATE file: ./rand_s060t20_b0671320_a_U000339500
# [2024-04-15 14:46:47] INFO: Writing to disk took 7.61885 seconds
# [2024-04-15 14:46:47] INFO: ======================================================================
# [2024-04-15 14:46:47] INFO: Start sweeping...
# [2024-04-15 14:53:28] INFO: It took 401.454 seconds to do 500 HBOR sweeps.
# [2024-04-15 14:53:28] INFO: Plaquette = 0.653538
# [2024-04-15 14:53:28] INFO: Polyakov loop = (-0.00054938,0.00185104)
# [2024-04-15 14:53:28] INFO: Writing conf to disk...
# [2024-04-15 14:53:28] INFO: writeconf_nersc: Writing NERSC configuration ./conf_s060t20_b0671320_a_U000340000
# [2024-04-15 14:53:31] INFO: Calculated checksum: a397e5e
# [2024-04-15 14:53:36] INFO: Calculated checksum: f1a44eb2
# [2024-04-15 14:53:36] INFO: Writing RNGSTATE file: ./rand_s060t20_b0671320_a_U000340000
# [2024-04-15 14:53:36] INFO: Writing to disk took 7.5705 seconds
# [2024-04-15 14:53:36] INFO: ======================================================================
# [2024-04-15 14:53:36] INFO: Start sweeping...
# [2024-04-15 15:00:17] INFO: It took 401.435 seconds to do 500 HBOR sweeps.
# [2024-04-15 15:00:18] INFO: Plaquette = 0.653469
# [2024-04-15 15:00:18] INFO: Polyakov loop = (-0.000951878,0.00167687)
# [2024-04-15 15:00:18] INFO: Writing conf to disk...
# [2024-04-15 15:00:18] INFO: writeconf_nersc: Writing NERSC configuration ./conf_s060t20_b0671320_a_U000340500
# [2024-04-15 15:00:20] INFO: Calculated checksum: b6e8ec09
# [2024-04-15 15:00:25] INFO: Calculated checksum: 14e9c25d
# [2024-04-15 15:00:25] INFO: Writing RNGSTATE file: ./rand_s060t20_b0671320_a_U000340500
# [2024-04-15 15:00:25] INFO: Writing to disk took 7.61669 seconds
# [2024-04-15 15:00:25] INFO: ======================================================================
# [2024-04-15 15:00:25] INFO: Start sweeping...
# [2024-04-15 15:07:07] INFO: It took 401.472 seconds to do 500 HBOR sweeps.
# [2024-04-15 15:07:07] INFO: Plaquette = 0.653468
# [2024-04-15 15:07:07] INFO: Polyakov loop = (-0.000626528,0.00124595)
# [2024-04-15 15:07:07] INFO: Writing conf to disk...
# [2024-04-15 15:07:07] INFO: writeconf_nersc: Writing NERSC configuration ./conf_s060t20_b0671320_a_U000341000
# [2024-04-15 15:07:10] INFO: Calculated checksum: 70e7f866
# [2024-04-15 15:07:14] INFO: Calculated checksum: a597060
# [2024-04-15 15:07:14] INFO: Writing RNGSTATE file: ./rand_s060t20_b0671320_a_U000341000
# [2024-04-15 15:07:14] INFO: Writing to disk took 7.63588 seconds
# [2024-04-15 15:07:14] INFO: ======================================================================
# [2024-04-15 15:07:14] INFO: Start sweeping...
# [2024-04-15 15:13:56] INFO: It took 401.471 seconds to do 500 HBOR sweeps.
# [2024-04-15 15:13:56] INFO: Plaquette = 0.653474
# [2024-04-15 15:13:56] INFO: Polyakov loop = (-0.000385315,0.00101446)
# [2024-04-15 15:13:56] INFO: Writing conf to disk...
# [2024-04-15 15:13:56] INFO: writeconf_nersc: Writing NERSC configuration ./conf_s060t20_b0671320_a_U000341500
# [2024-04-15 15:13:59] INFO: Calculated checksum: 23024a64
# [2024-04-15 15:14:03] INFO: Calculated checksum: 3629fbb9
# [2024-04-15 15:14:03] INFO: Writing RNGSTATE file: ./rand_s060t20_b0671320_a_U000341500
# [2024-04-15 15:14:03] INFO: Writing to disk took 7.61372 seconds
# [2024-04-15 15:14:03] INFO: ======================================================================
# [2024-04-15 15:14:03] INFO: Start sweeping...
# [2024-04-15 15:20:45] INFO: It took 401.456 seconds to do 500 HBOR sweeps.
# [2024-04-15 15:20:45] INFO: Plaquette = 0.653385
# [2024-04-15 15:20:45] INFO: Polyakov loop = (-0.000680683,0.000108315)
# [2024-04-15 15:20:45] INFO: Writing conf to disk...
# [2024-04-15 15:20:45] INFO: writeconf_nersc: Writing NERSC configuration ./conf_s060t20_b0671320_a_U000342000
# [2024-04-15 15:20:48] INFO: Calculated checksum: f8d9602c
# [2024-04-15 15:20:52] INFO: Calculated checksum: f15dc294
# [2024-04-15 15:20:52] INFO: Writing RNGSTATE file: ./rand_s060t20_b0671320_a_U000342000
# [2024-04-15 15:20:53] INFO: Writing to disk took 7.68065 seconds
# [2024-04-15 15:20:53] INFO: ======================================================================
# [2024-04-15 15:20:53] INFO: Start sweeping...
# [2024-04-15 15:27:34] INFO: It took 401.455 seconds to do 500 HBOR sweeps.
# [2024-04-15 15:27:34] INFO: Plaquette = 0.653488
# [2024-04-15 15:27:34] INFO: Polyakov loop = (-3.56476e-05,-8.27578e-05)
# [2024-04-15 15:27:34] INFO: Writing conf to disk...
# [2024-04-15 15:27:34] INFO: writeconf_nersc: Writing NERSC configuration ./conf_s060t20_b0671320_a_U000342500
# [2024-04-15 15:27:37] INFO: Calculated checksum: 2d60915
# [2024-04-15 15:27:42] INFO: Calculated checksum: f6df9a5a
# [2024-04-15 15:27:42] INFO: Writing RNGSTATE file: ./rand_s060t20_b0671320_a_U000342500
# [2024-04-15 15:27:42] INFO: Writing to disk took 7.78288 seconds
# [2024-04-15 15:27:42] INFO: ======================================================================
# [2024-04-15 15:27:42] INFO: Start sweeping...
# [2024-04-15 15:34:23] INFO: It took 401.474 seconds to do 500 HBOR sweeps.
# [2024-04-15 15:34:23] INFO: Plaquette = 0.653509
# [2024-04-15 15:34:23] INFO: Polyakov loop = (-0.00047332,3.17413e-05)
# [2024-04-15 15:34:23] INFO: Writing conf to disk...
# [2024-04-15 15:34:23] INFO: writeconf_nersc: Writing NERSC configuration ./conf_s060t20_b0671320_a_U000343000
# [2024-04-15 15:34:26] INFO: Calculated checksum: 75e6775a
# [2024-04-15 15:34:31] INFO: Calculated checksum: d3b7b026
# [2024-04-15 15:34:31] INFO: Writing RNGSTATE file: ./rand_s060t20_b0671320_a_U000343000
# [2024-04-15 15:34:31] INFO: Writing to disk took 7.89419 seconds
# [2024-04-15 15:34:31] INFO: ======================================================================
# [2024-04-15 15:34:31] INFO: Start sweeping...
# [2024-04-15 15:41:13] INFO: It took 401.472 seconds to do 500 HBOR sweeps.
# [2024-04-15 15:41:13] INFO: Plaquette = 0.653551
# [2024-04-15 15:41:13] INFO: Polyakov loop = (-8.37036e-05,0.000927934)
# [2024-04-15 15:41:13] INFO: Writing conf to disk...
# [2024-04-15 15:41:13] INFO: writeconf_nersc: Writing NERSC configuration ./conf_s060t20_b0671320_a_U000343500
# [2024-04-15 15:41:16] INFO: Calculated checksum: 91e22437
# [2024-04-15 15:41:20] INFO: Calculated checksum: d811db6
# [2024-04-15 15:41:20] INFO: Writing RNGSTATE file: ./rand_s060t20_b0671320_a_U000343500
# [2024-04-15 15:41:21] INFO: Writing to disk took 7.6831 seconds
# [2024-04-15 15:41:21] INFO: ======================================================================
# [2024-04-15 15:41:21] INFO: Start sweeping...
# [2024-04-15 15:48:02] INFO: It took 401.437 seconds to do 500 HBOR sweeps.
# [2024-04-15 15:48:02] INFO: Plaquette = 0.653445
# [2024-04-15 15:48:02] INFO: Polyakov loop = (-0.00145767,0.000696971)
# [2024-04-15 15:48:02] INFO: Writing conf to disk...
# [2024-04-15 15:48:02] INFO: writeconf_nersc: Writing NERSC configuration ./conf_s060t20_b0671320_a_U000344000
# [2024-04-15 15:48:05] INFO: Calculated checksum: cf900b6f
# [2024-04-15 15:48:10] INFO: Calculated checksum: b407c4ac
# [2024-04-15 15:48:10] INFO: Writing RNGSTATE file: ./rand_s060t20_b0671320_a_U000344000
# [2024-04-15 15:48:10] INFO: Writing to disk took 8.04399 seconds
# [2024-04-15 15:48:10] INFO: ======================================================================
# [2024-04-15 15:48:10] INFO: Start sweeping...
# [2024-04-15 15:54:52] INFO: It took 401.471 seconds to do 500 HBOR sweeps.
# [2024-04-15 15:54:52] INFO: Plaquette = 0.653448
# [2024-04-15 15:54:52] INFO: Polyakov loop = (0.000323406,0.00107564)
# [2024-04-15 15:54:52] INFO: Writing conf to disk...
# [2024-04-15 15:54:52] INFO: writeconf_nersc: Writing NERSC configuration ./conf_s060t20_b0671320_a_U000344500
# [2024-04-15 15:54:54] INFO: Calculated checksum: b6fce891
# [2024-04-15 15:54:59] INFO: Calculated checksum: 6ce3c018
# [2024-04-15 15:54:59] INFO: Writing RNGSTATE file: ./rand_s060t20_b0671320_a_U000344500
# [2024-04-15 15:54:59] INFO: Writing to disk took 7.65897 seconds
# [2024-04-15 15:54:59] INFO: ======================================================================
# [2024-04-15 15:54:59] INFO: Start sweeping...
# [2024-04-15 16:01:41] INFO: It took 401.46 seconds to do 500 HBOR sweeps.
# [2024-04-15 16:01:41] INFO: Plaquette = 0.653484
# [2024-04-15 16:01:41] INFO: Polyakov loop = (-0.000602366,-7.93575e-06)
# [2024-04-15 16:01:41] INFO: Writing conf to disk...
# [2024-04-15 16:01:41] INFO: writeconf_nersc: Writing NERSC configuration ./conf_s060t20_b0671320_a_U000345000
# [2024-04-15 16:01:44] INFO: Calculated checksum: 76f1d612
# [2024-04-15 16:01:48] INFO: Calculated checksum: a243c89
# [2024-04-15 16:01:48] INFO: Writing RNGSTATE file: ./rand_s060t20_b0671320_a_U000345000
# [2024-04-15 16:01:48] INFO: Writing to disk took 7.6635 seconds
# [2024-04-15 16:01:48] INFO: ======================================================================
# [2024-04-15 16:01:48] INFO: Start sweeping...
# [2024-04-15 16:08:30] INFO: It took 401.497 seconds to do 500 HBOR sweeps.
# [2024-04-15 16:08:30] INFO: Plaquette = 0.653508
# [2024-04-15 16:08:30] INFO: Polyakov loop = (-0.000468367,-0.000286674)
# [2024-04-15 16:08:30] INFO: Writing conf to disk...
# [2024-04-15 16:08:30] INFO: writeconf_nersc: Writing NERSC configuration ./conf_s060t20_b0671320_a_U000345500
# [2024-04-15 16:08:33] INFO: Calculated checksum: 207aee69
# [2024-04-15 16:08:37] INFO: Calculated checksum: 570115c9
# [2024-04-15 16:08:37] INFO: Writing RNGSTATE file: ./rand_s060t20_b0671320_a_U000345500
# [2024-04-15 16:08:38] INFO: Writing to disk took 7.63481 seconds
# [2024-04-15 16:08:38] INFO: ======================================================================
# [2024-04-15 16:08:38] INFO: Start sweeping...
# [2024-04-15 16:15:19] INFO: It took 401.47 seconds to do 500 HBOR sweeps.
# [2024-04-15 16:15:19] INFO: Plaquette = 0.653503
# [2024-04-15 16:15:19] INFO: Polyakov loop = (-0.000451298,0.000973862)
# [2024-04-15 16:15:19] INFO: Writing conf to disk...
# [2024-04-15 16:15:19] INFO: writeconf_nersc: Writing NERSC configuration ./conf_s060t20_b0671320_a_U000346000
# [2024-04-15 16:15:22] INFO: Calculated checksum: 617fd2be
# [2024-04-15 16:15:27] INFO: Calculated checksum: 6e214de5
# [2024-04-15 16:15:27] INFO: Writing RNGSTATE file: ./rand_s060t20_b0671320_a_U000346000
# [2024-04-15 16:15:27] INFO: Writing to disk took 7.83755 seconds
# [2024-04-15 16:15:27] INFO: ======================================================================
# [2024-04-15 16:15:27] INFO: Start sweeping...
# [2024-04-15 16:22:08] INFO: It took 401.495 seconds to do 500 HBOR sweeps.
# [2024-04-15 16:22:09] INFO: Plaquette = 0.653586
# [2024-04-15 16:22:09] INFO: Polyakov loop = (0.000465362,0.000436601)
# [2024-04-15 16:22:09] INFO: Writing conf to disk...
# [2024-04-15 16:22:09] INFO: writeconf_nersc: Writing NERSC configuration ./conf_s060t20_b0671320_a_U000346500
# [2024-04-15 16:22:11] INFO: Calculated checksum: 5f2a102
# [2024-04-15 16:22:16] INFO: Calculated checksum: 9fd6cabb
# [2024-04-15 16:22:16] INFO: Writing RNGSTATE file: ./rand_s060t20_b0671320_a_U000346500
# [2024-04-15 16:22:16] INFO: Writing to disk took 7.80887 seconds
# [2024-04-15 16:22:16] INFO: ======================================================================
# [2024-04-15 16:22:16] INFO: Start sweeping...
# [2024-04-15 16:28:58] INFO: It took 401.463 seconds to do 500 HBOR sweeps.
# [2024-04-15 16:28:58] INFO: Plaquette = 0.653631
# [2024-04-15 16:28:58] INFO: Polyakov loop = (0.000670281,0.000749563)
# [2024-04-15 16:28:58] INFO: Writing conf to disk...
# [2024-04-15 16:28:58] INFO: writeconf_nersc: Writing NERSC configuration ./conf_s060t20_b0671320_a_U000347000
# [2024-04-15 16:29:01] INFO: Calculated checksum: eabfcf5f
# [2024-04-15 16:29:06] INFO: Calculated checksum: 186b66b2
# [2024-04-15 16:29:06] INFO: Writing RNGSTATE file: ./rand_s060t20_b0671320_a_U000347000
# [2024-04-15 16:29:06] INFO: Writing to disk took 7.94265 seconds
# [2024-04-15 16:29:06] INFO: ======================================================================
# [2024-04-15 16:29:06] INFO: Start sweeping...
# [2024-04-15 16:35:47] INFO: It took 401.461 seconds to do 500 HBOR sweeps.
# [2024-04-15 16:35:47] INFO: Plaquette = 0.653487
# [2024-04-15 16:35:47] INFO: Polyakov loop = (0.000910619,-0.00125837)
# [2024-04-15 16:35:47] INFO: Writing conf to disk...
# [2024-04-15 16:35:47] INFO: writeconf_nersc: Writing NERSC configuration ./conf_s060t20_b0671320_a_U000347500
# [2024-04-15 16:35:50] INFO: Calculated checksum: bc07106f
# [2024-04-15 16:35:55] INFO: Calculated checksum: 55522195
# [2024-04-15 16:35:55] INFO: Writing RNGSTATE file: ./rand_s060t20_b0671320_a_U000347500
# [2024-04-15 16:35:55] INFO: Writing to disk took 7.69074 seconds
# [2024-04-15 16:35:55] INFO: ======================================================================
# [2024-04-15 16:35:55] INFO: Start sweeping...
# [2024-04-15 16:42:36] INFO: It took 401.488 seconds to do 500 HBOR sweeps.
# [2024-04-15 16:42:37] INFO: Plaquette = 0.653523
# [2024-04-15 16:42:37] INFO: Polyakov loop = (0.000762293,-0.000261744)
# [2024-04-15 16:42:37] INFO: Writing conf to disk...
# [2024-04-15 16:42:37] INFO: writeconf_nersc: Writing NERSC configuration ./conf_s060t20_b0671320_a_U000348000
# [2024-04-15 16:42:39] INFO: Calculated checksum: 3ae4d8ad
# [2024-04-15 16:42:44] INFO: Calculated checksum: a9e684c0
# [2024-04-15 16:42:44] INFO: Writing RNGSTATE file: ./rand_s060t20_b0671320_a_U000348000
# [2024-04-15 16:42:44] INFO: Writing to disk took 7.66282 seconds
# [2024-04-15 16:42:44] INFO: ======================================================================
# [2024-04-15 16:42:44] INFO: Start sweeping...
# [2024-04-15 16:49:26] INFO: It took 401.505 seconds to do 500 HBOR sweeps.
# [2024-04-15 16:49:26] INFO: Plaquette = 0.653431
# [2024-04-15 16:49:26] INFO: Polyakov loop = (0.000223742,0.000233705)
# [2024-04-15 16:49:26] INFO: Writing conf to disk...
# [2024-04-15 16:49:26] INFO: writeconf_nersc: Writing NERSC configuration ./conf_s060t20_b0671320_a_U000348500
# [2024-04-15 16:49:29] INFO: Calculated checksum: 64e4e447
# [2024-04-15 16:49:33] INFO: Calculated checksum: 75b9897d
# [2024-04-15 16:49:33] INFO: Writing RNGSTATE file: ./rand_s060t20_b0671320_a_U000348500
# [2024-04-15 16:49:33] INFO: Writing to disk took 7.62899 seconds
# [2024-04-15 16:49:33] INFO: ======================================================================
# [2024-04-15 16:49:33] INFO: Start sweeping...
# [2024-04-15 16:56:15] INFO: It took 401.502 seconds to do 500 HBOR sweeps.
# [2024-04-15 16:56:15] INFO: Plaquette = 0.653537
# [2024-04-15 16:56:15] INFO: Polyakov loop = (0.000348357,-0.000289706)
# [2024-04-15 16:56:15] INFO: Writing conf to disk...
# [2024-04-15 16:56:15] INFO: writeconf_nersc: Writing NERSC configuration ./conf_s060t20_b0671320_a_U000349000
# [2024-04-15 16:56:18] INFO: Calculated checksum: 11b919c4
# [2024-04-15 16:56:22] INFO: Calculated checksum: 8c523573
# [2024-04-15 16:56:22] INFO: Writing RNGSTATE file: ./rand_s060t20_b0671320_a_U000349000
# [2024-04-15 16:56:22] INFO: Writing to disk took 7.34624 seconds
# [2024-04-15 16:56:22] INFO: ======================================================================
# [2024-04-15 16:56:22] INFO: Start sweeping...
# [2024-04-15 17:03:05] INFO: It took 402.366 seconds to do 500 HBOR sweeps.
# [2024-04-15 17:03:05] INFO: Plaquette = 0.653509
# [2024-04-15 17:03:05] INFO: Polyakov loop = (0.000182921,-0.000903336)
# [2024-04-15 17:03:05] INFO: Writing conf to disk...
# [2024-04-15 17:03:05] INFO: writeconf_nersc: Writing NERSC configuration ./conf_s060t20_b0671320_a_U000349500
# [2024-04-15 17:03:08] INFO: Calculated checksum: 6ba5d543
# [2024-04-15 17:03:12] INFO: Calculated checksum: 2978a8a7
# [2024-04-15 17:03:12] INFO: Writing RNGSTATE file: ./rand_s060t20_b0671320_a_U000349500
# [2024-04-15 17:03:12] INFO: Writing to disk took 7.40675 seconds
# [2024-04-15 17:03:12] INFO: ======================================================================
# [2024-04-15 17:03:12] INFO: Start sweeping...
# [2024-04-15 17:09:54] INFO: It took 401.443 seconds to do 500 HBOR sweeps.
# [2024-04-15 17:09:54] INFO: Plaquette = 0.653451
# [2024-04-15 17:09:54] INFO: Polyakov loop = (-0.000216276,-0.000430648)
# [2024-04-15 17:09:54] INFO: Writing conf to disk...
# [2024-04-15 17:09:54] INFO: writeconf_nersc: Writing NERSC configuration ./conf_s060t20_b0671320_a_U000350000
# [2024-04-15 17:09:56] INFO: Calculated checksum: 843c7b32
# [2024-04-15 17:10:01] INFO: Calculated checksum: 27630bf
# [2024-04-15 17:10:01] INFO: Writing RNGSTATE file: ./rand_s060t20_b0671320_a_U000350000
# [2024-04-15 17:10:01] INFO: Writing to disk took 7.54331 seconds
# [2024-04-15 17:10:01] INFO: Finalizing MPI
