
Currently Loaded Modules:
  1) chpc/1.0      (S)   3) gcc/8.5.0      5) mpich/3.4.2
  2) python/3.10.3       4) cmake/3.26.0   6) cuda/11.6.2 (g)

  Where:
   S:  Module is Sticky, requires --force to unload or purge
   g:  built for GPU

 

# [2024-04-15 05:47:03] INFO: Running SIMULATeQCD
# [2024-04-15 05:47:03] INFO: Git commit version: 43e2518
# [2024-04-15 05:47:03] INFO: Initializing MPI with (1 proc)
# [2024-04-15 05:47:03] INFO: Reading parameters from file :: GenerateQuenched_b6663.param
# [2024-04-15 05:47:03] INFO: # PARAM :: Lattice = 60 60 60 20 
# [2024-04-15 05:47:03] INFO: # PARAM :: Nodes = 1 1 1 1 
# [2024-04-15 05:47:03] INFO: # PARAM :: Topology = 0 0 0 0  (default)
# [2024-04-15 05:47:03] INFO: # PARAM :: beta = 6.663
# [2024-04-15 05:47:03] INFO: # PARAM :: format = nersc
# [2024-04-15 05:47:03] INFO: # PARAM :: endianness = auto
# [2024-04-15 05:47:03] INFO: # PARAM :: conf_nr = 300000
# [2024-04-15 05:47:03] INFO: # PARAM :: stream = a
# [2024-04-15 05:47:03] INFO: # PARAM :: prec_out = 0 (default)
# [2024-04-15 05:47:03] INFO: # PARAM :: measurements_dir = ./ (default)
# [2024-04-15 05:47:03] INFO: # PARAM :: use_unit_conf = 0 (default)
# [2024-04-15 05:47:03] INFO: # PARAM :: output_dir = .
# [2024-04-15 05:47:03] INFO: # PARAM :: nconfs = 100
# [2024-04-15 05:47:03] INFO: # PARAM :: nsweeps_ORperHB = 4
# [2024-04-15 05:47:03] INFO: # PARAM :: nsweeps_HBwithOR = 500
# [2024-04-15 05:47:03] INFO: # PARAM :: prev_conf = conf_s060t20_b0666300_a_U000300000
# [2024-04-15 05:47:03] INFO: # PARAM :: prev_rand = rand_s060t20_b0666300_a_U000300000
# [2024-04-15 05:47:03] INFO: > Running on:
# [2024-04-15 05:47:03] INFO: [Rank 0] > notch271 CPU_4 GPU_3D; MPI: world_rank=0, node_rank=0, coord: ( 0 0 0 0 )
# [2024-04-15 05:47:03] INFO: > Is MPI CUDA-aware? @compilation 
# [2024-04-15 05:47:03] INFO: > GPU compute capability: 75
# [2024-04-15 05:47:03] INFO: > Checking support for P2P (Peer-to-Peer) and UVA (Unified Virtual Addressing):
# [2024-04-15 05:47:03] INFO: [Rank 0] > notch271 GPU_3D(NVIDIA GeForce RTX 2080 Ti): P2P NO ; UVA YES
# [2024-04-15 05:47:04] INFO: Initialize Indexer with HaloDepth = 1[0;33m[0m
# [2024-04-15 05:47:04] INFO: Resuming previous run.
# [2024-04-15 05:47:04] INFO: readconf_nersc: Reading NERSC configuration conf_s060t20_b0666300_a_U000300000
# [2024-04-15 05:47:15] INFO: Next conf_number will be 300500
# [2024-04-15 05:47:15] INFO: Generating up to 100 confs with a separation of 500 HBOR sweeps (OR/HB = 4) ...
# [2024-04-15 05:47:15] INFO: ======================================================================
# [2024-04-15 05:47:15] INFO: Start sweeping...
# [2024-04-15 05:53:56] INFO: It took 400.808 seconds to do 500 HBOR sweeps.
# [2024-04-15 05:53:56] INFO: Plaquette = 0.650015
# [2024-04-15 05:53:56] INFO: Polyakov loop = (-1.35487e-05,-0.000451681)
# [2024-04-15 05:53:56] INFO: Writing conf to disk...
# [2024-04-15 05:53:56] INFO: writeconf_nersc: Writing NERSC configuration ./conf_s060t20_b0666300_a_U000300500
# [2024-04-15 05:53:59] INFO: Calculated checksum: ce5260
# [2024-04-15 05:54:03] INFO: Calculated checksum: 56b240e4
# [2024-04-15 05:54:03] INFO: Writing RNGSTATE file: ./rand_s060t20_b0666300_a_U000300500
# [2024-04-15 05:54:03] INFO: Writing to disk took 7.30492 seconds
# [2024-04-15 05:54:03] INFO: ======================================================================
# [2024-04-15 05:54:03] INFO: Start sweeping...
# [2024-04-15 06:00:45] INFO: It took 401.502 seconds to do 500 HBOR sweeps.
# [2024-04-15 06:00:45] INFO: Plaquette = 0.650122
# [2024-04-15 06:00:45] INFO: Polyakov loop = (0.00016042,-0.0010758)
# [2024-04-15 06:00:45] INFO: Writing conf to disk...
# [2024-04-15 06:00:45] INFO: writeconf_nersc: Writing NERSC configuration ./conf_s060t20_b0666300_a_U000301000
# [2024-04-15 06:00:48] INFO: Calculated checksum: c89a54b2
# [2024-04-15 06:00:52] INFO: Calculated checksum: faf99fc4
# [2024-04-15 06:00:52] INFO: Writing RNGSTATE file: ./rand_s060t20_b0666300_a_U000301000
# [2024-04-15 06:00:52] INFO: Writing to disk took 7.87203 seconds
# [2024-04-15 06:00:52] INFO: ======================================================================
# [2024-04-15 06:00:52] INFO: Start sweeping...
# [2024-04-15 06:07:34] INFO: It took 401.481 seconds to do 500 HBOR sweeps.
# [2024-04-15 06:07:34] INFO: Plaquette = 0.650052
# [2024-04-15 06:07:34] INFO: Polyakov loop = (0.000203758,-0.000289716)
# [2024-04-15 06:07:34] INFO: Writing conf to disk...
# [2024-04-15 06:07:34] INFO: writeconf_nersc: Writing NERSC configuration ./conf_s060t20_b0666300_a_U000301500
# [2024-04-15 06:07:38] INFO: Calculated checksum: 3e507b98
# [2024-04-15 06:07:42] INFO: Calculated checksum: eaae2335
# [2024-04-15 06:07:42] INFO: Writing RNGSTATE file: ./rand_s060t20_b0666300_a_U000301500
# [2024-04-15 06:07:42] INFO: Writing to disk took 7.96058 seconds
# [2024-04-15 06:07:42] INFO: ======================================================================
# [2024-04-15 06:07:42] INFO: Start sweeping...
# [2024-04-15 06:14:23] INFO: It took 401.499 seconds to do 500 HBOR sweeps.
# [2024-04-15 06:14:24] INFO: Plaquette = 0.650139
# [2024-04-15 06:14:24] INFO: Polyakov loop = (0.00049301,-1.95533e-05)
# [2024-04-15 06:14:24] INFO: Writing conf to disk...
# [2024-04-15 06:14:24] INFO: writeconf_nersc: Writing NERSC configuration ./conf_s060t20_b0666300_a_U000302000
# [2024-04-15 06:14:27] INFO: Calculated checksum: 1c9f3b98
# [2024-04-15 06:14:32] INFO: Calculated checksum: 88a24a03
# [2024-04-15 06:14:32] INFO: Writing RNGSTATE file: ./rand_s060t20_b0666300_a_U000302000
# [2024-04-15 06:14:32] INFO: Writing to disk took 8.61017 seconds
# [2024-04-15 06:14:32] INFO: ======================================================================
# [2024-04-15 06:14:32] INFO: Start sweeping...
# [2024-04-15 06:21:14] INFO: It took 401.495 seconds to do 500 HBOR sweeps.
# [2024-04-15 06:21:14] INFO: Plaquette = 0.650038
# [2024-04-15 06:21:14] INFO: Polyakov loop = (0.000531712,-0.000627276)
# [2024-04-15 06:21:14] INFO: Writing conf to disk...
# [2024-04-15 06:21:14] INFO: writeconf_nersc: Writing NERSC configuration ./conf_s060t20_b0666300_a_U000302500
# [2024-04-15 06:21:19] INFO: Calculated checksum: ed332efe
# [2024-04-15 06:21:23] INFO: Calculated checksum: e7bc5411
# [2024-04-15 06:21:23] INFO: Writing RNGSTATE file: ./rand_s060t20_b0666300_a_U000302500
# [2024-04-15 06:21:24] INFO: Writing to disk took 9.85247 seconds
# [2024-04-15 06:21:24] INFO: ======================================================================
# [2024-04-15 06:21:24] INFO: Start sweeping...
# [2024-04-15 06:28:05] INFO: It took 401.463 seconds to do 500 HBOR sweeps.
# [2024-04-15 06:28:05] INFO: Plaquette = 0.650084
# [2024-04-15 06:28:05] INFO: Polyakov loop = (0.000388869,0.000102855)
# [2024-04-15 06:28:05] INFO: Writing conf to disk...
# [2024-04-15 06:28:05] INFO: writeconf_nersc: Writing NERSC configuration ./conf_s060t20_b0666300_a_U000303000
# [2024-04-15 06:28:11] INFO: Calculated checksum: 153faaf
# [2024-04-15 06:28:15] INFO: Calculated checksum: 9c93333f
# [2024-04-15 06:28:15] INFO: Writing RNGSTATE file: ./rand_s060t20_b0666300_a_U000303000
# [2024-04-15 06:28:16] INFO: Writing to disk took 10.6528 seconds
# [2024-04-15 06:28:16] INFO: ======================================================================
# [2024-04-15 06:28:16] INFO: Start sweeping...
# [2024-04-15 06:34:57] INFO: It took 401.468 seconds to do 500 HBOR sweeps.
# [2024-04-15 06:34:57] INFO: Plaquette = 0.649965
# [2024-04-15 06:34:57] INFO: Polyakov loop = (7.50621e-05,-0.000657121)
# [2024-04-15 06:34:57] INFO: Writing conf to disk...
# [2024-04-15 06:34:57] INFO: writeconf_nersc: Writing NERSC configuration ./conf_s060t20_b0666300_a_U000303500
# [2024-04-15 06:35:04] INFO: Calculated checksum: f8e4e662
# [2024-04-15 06:35:09] INFO: Calculated checksum: 5e7cdacf
# [2024-04-15 06:35:09] INFO: Writing RNGSTATE file: ./rand_s060t20_b0666300_a_U000303500
# [2024-04-15 06:35:09] INFO: Writing to disk took 11.4126 seconds
# [2024-04-15 06:35:09] INFO: ======================================================================
# [2024-04-15 06:35:09] INFO: Start sweeping...
# [2024-04-15 06:41:50] INFO: It took 401.477 seconds to do 500 HBOR sweeps.
# [2024-04-15 06:41:50] INFO: Plaquette = 0.650111
# [2024-04-15 06:41:50] INFO: Polyakov loop = (-0.000697964,0.00023608)
# [2024-04-15 06:41:50] INFO: Writing conf to disk...
# [2024-04-15 06:41:50] INFO: writeconf_nersc: Writing NERSC configuration ./conf_s060t20_b0666300_a_U000304000
# [2024-04-15 06:41:57] INFO: Calculated checksum: 932049ef
# [2024-04-15 06:42:01] INFO: Calculated checksum: 652580b9
# [2024-04-15 06:42:01] INFO: Writing RNGSTATE file: ./rand_s060t20_b0666300_a_U000304000
# [2024-04-15 06:42:02] INFO: Writing to disk took 11.4724 seconds
# [2024-04-15 06:42:02] INFO: ======================================================================
# [2024-04-15 06:42:02] INFO: Start sweeping...
# [2024-04-15 06:48:43] INFO: It took 401.33 seconds to do 500 HBOR sweeps.
# [2024-04-15 06:48:43] INFO: Plaquette = 0.650146
# [2024-04-15 06:48:43] INFO: Polyakov loop = (0.000151944,0.000448487)
# [2024-04-15 06:48:43] INFO: Writing conf to disk...
# [2024-04-15 06:48:43] INFO: writeconf_nersc: Writing NERSC configuration ./conf_s060t20_b0666300_a_U000304500
# [2024-04-15 06:48:50] INFO: Calculated checksum: d67b9102
# [2024-04-15 06:48:54] INFO: Calculated checksum: 5aae8b42
# [2024-04-15 06:48:54] INFO: Writing RNGSTATE file: ./rand_s060t20_b0666300_a_U000304500
# [2024-04-15 06:48:55] INFO: Writing to disk took 11.5903 seconds
# [2024-04-15 06:48:55] INFO: ======================================================================
# [2024-04-15 06:48:55] INFO: Start sweeping...
# [2024-04-15 06:55:36] INFO: It took 401.357 seconds to do 500 HBOR sweeps.
# [2024-04-15 06:55:36] INFO: Plaquette = 0.650068
# [2024-04-15 06:55:36] INFO: Polyakov loop = (0.000926891,-0.000530029)
# [2024-04-15 06:55:36] INFO: Writing conf to disk...
# [2024-04-15 06:55:36] INFO: writeconf_nersc: Writing NERSC configuration ./conf_s060t20_b0666300_a_U000305000
# [2024-04-15 06:55:42] INFO: Calculated checksum: 3063e315
# [2024-04-15 06:55:46] INFO: Calculated checksum: 36850393
# [2024-04-15 06:55:46] INFO: Writing RNGSTATE file: ./rand_s060t20_b0666300_a_U000305000
# [2024-04-15 06:55:47] INFO: Writing to disk took 10.532 seconds
# [2024-04-15 06:55:47] INFO: ======================================================================
# [2024-04-15 06:55:47] INFO: Start sweeping...
# [2024-04-15 07:02:28] INFO: It took 401.208 seconds to do 500 HBOR sweeps.
# [2024-04-15 07:02:28] INFO: Plaquette = 0.650027
# [2024-04-15 07:02:28] INFO: Polyakov loop = (0.000736809,-0.000146667)
# [2024-04-15 07:02:28] INFO: Writing conf to disk...
# [2024-04-15 07:02:28] INFO: writeconf_nersc: Writing NERSC configuration ./conf_s060t20_b0666300_a_U000305500
# [2024-04-15 07:02:33] INFO: Calculated checksum: ab9e2556
# [2024-04-15 07:02:38] INFO: Calculated checksum: a2b93d94
# [2024-04-15 07:02:38] INFO: Writing RNGSTATE file: ./rand_s060t20_b0666300_a_U000305500
# [2024-04-15 07:02:38] INFO: Writing to disk took 9.83456 seconds
# [2024-04-15 07:02:38] INFO: ======================================================================
# [2024-04-15 07:02:38] INFO: Start sweeping...
# [2024-04-15 07:09:19] INFO: It took 401.295 seconds to do 500 HBOR sweeps.
# [2024-04-15 07:09:19] INFO: Plaquette = 0.650106
# [2024-04-15 07:09:19] INFO: Polyakov loop = (0.00151031,-5.11349e-05)
# [2024-04-15 07:09:19] INFO: Writing conf to disk...
# [2024-04-15 07:09:19] INFO: writeconf_nersc: Writing NERSC configuration ./conf_s060t20_b0666300_a_U000306000
# [2024-04-15 07:09:26] INFO: Calculated checksum: 485b7f97
# [2024-04-15 07:09:30] INFO: Calculated checksum: 437fcfa4
# [2024-04-15 07:09:30] INFO: Writing RNGSTATE file: ./rand_s060t20_b0666300_a_U000306000
# [2024-04-15 07:09:30] INFO: Writing to disk took 11.2551 seconds
# [2024-04-15 07:09:30] INFO: ======================================================================
# [2024-04-15 07:09:30] INFO: Start sweeping...
# [2024-04-15 07:16:11] INFO: It took 401.198 seconds to do 500 HBOR sweeps.
# [2024-04-15 07:16:11] INFO: Plaquette = 0.650042
# [2024-04-15 07:16:11] INFO: Polyakov loop = (0.00201592,-1.44615e-05)
# [2024-04-15 07:16:11] INFO: Writing conf to disk...
# [2024-04-15 07:16:11] INFO: writeconf_nersc: Writing NERSC configuration ./conf_s060t20_b0666300_a_U000306500
# [2024-04-15 07:16:18] INFO: Calculated checksum: cb51e043
# [2024-04-15 07:16:23] INFO: Calculated checksum: 9250fd04
# [2024-04-15 07:16:23] INFO: Writing RNGSTATE file: ./rand_s060t20_b0666300_a_U000306500
# [2024-04-15 07:16:23] INFO: Writing to disk took 11.1412 seconds
# [2024-04-15 07:16:23] INFO: ======================================================================
# [2024-04-15 07:16:23] INFO: Start sweeping...
# [2024-04-15 07:23:04] INFO: It took 401.267 seconds to do 500 HBOR sweeps.
# [2024-04-15 07:23:04] INFO: Plaquette = 0.65003
# [2024-04-15 07:23:04] INFO: Polyakov loop = (0.000118641,-0.000786639)
# [2024-04-15 07:23:04] INFO: Writing conf to disk...
# [2024-04-15 07:23:04] INFO: writeconf_nersc: Writing NERSC configuration ./conf_s060t20_b0666300_a_U000307000
# [2024-04-15 07:23:11] INFO: Calculated checksum: 64eb40a4
# [2024-04-15 07:23:15] INFO: Calculated checksum: 27cffb25
# [2024-04-15 07:23:15] INFO: Writing RNGSTATE file: ./rand_s060t20_b0666300_a_U000307000
# [2024-04-15 07:23:15] INFO: Writing to disk took 11.4129 seconds
# [2024-04-15 07:23:15] INFO: ======================================================================
# [2024-04-15 07:23:15] INFO: Start sweeping...
# [2024-04-15 07:29:57] INFO: It took 401.263 seconds to do 500 HBOR sweeps.
# [2024-04-15 07:29:57] INFO: Plaquette = 0.650061
# [2024-04-15 07:29:57] INFO: Polyakov loop = (0.00103916,0.000477785)
# [2024-04-15 07:29:57] INFO: Writing conf to disk...
# [2024-04-15 07:29:57] INFO: writeconf_nersc: Writing NERSC configuration ./conf_s060t20_b0666300_a_U000307500
# [2024-04-15 07:30:04] INFO: Calculated checksum: c405467b
# [2024-04-15 07:30:08] INFO: Calculated checksum: 496ecd84
# [2024-04-15 07:30:08] INFO: Writing RNGSTATE file: ./rand_s060t20_b0666300_a_U000307500
# [2024-04-15 07:30:09] INFO: Writing to disk took 11.8369 seconds
# [2024-04-15 07:30:09] INFO: ======================================================================
# [2024-04-15 07:30:09] INFO: Start sweeping...
# [2024-04-15 07:36:50] INFO: It took 401.225 seconds to do 500 HBOR sweeps.
# [2024-04-15 07:36:50] INFO: Plaquette = 0.649965
# [2024-04-15 07:36:50] INFO: Polyakov loop = (-0.000287867,-0.000669452)
# [2024-04-15 07:36:50] INFO: Writing conf to disk...
# [2024-04-15 07:36:50] INFO: writeconf_nersc: Writing NERSC configuration ./conf_s060t20_b0666300_a_U000308000
# [2024-04-15 07:36:53] INFO: Calculated checksum: c9b65ba1
# [2024-04-15 07:36:57] INFO: Calculated checksum: 547441c3
# [2024-04-15 07:36:57] INFO: Writing RNGSTATE file: ./rand_s060t20_b0666300_a_U000308000
# [2024-04-15 07:36:57] INFO: Writing to disk took 7.29911 seconds
# [2024-04-15 07:36:57] INFO: ======================================================================
# [2024-04-15 07:36:57] INFO: Start sweeping...
# [2024-04-15 07:43:38] INFO: It took 401.388 seconds to do 500 HBOR sweeps.
# [2024-04-15 07:43:39] INFO: Plaquette = 0.649976
# [2024-04-15 07:43:39] INFO: Polyakov loop = (-0.000794823,0.000681989)
# [2024-04-15 07:43:39] INFO: Writing conf to disk...
# [2024-04-15 07:43:39] INFO: writeconf_nersc: Writing NERSC configuration ./conf_s060t20_b0666300_a_U000308500
# [2024-04-15 07:43:41] INFO: Calculated checksum: 220eb250
# [2024-04-15 07:43:46] INFO: Calculated checksum: 3caf74a1
# [2024-04-15 07:43:46] INFO: Writing RNGSTATE file: ./rand_s060t20_b0666300_a_U000308500
# [2024-04-15 07:43:46] INFO: Writing to disk took 7.57119 seconds
# [2024-04-15 07:43:46] INFO: ======================================================================
# [2024-04-15 07:43:46] INFO: Start sweeping...
# [2024-04-15 07:50:27] INFO: It took 401.388 seconds to do 500 HBOR sweeps.
# [2024-04-15 07:50:28] INFO: Plaquette = 0.649995
# [2024-04-15 07:50:28] INFO: Polyakov loop = (-6.34079e-05,7.69465e-05)
# [2024-04-15 07:50:28] INFO: Writing conf to disk...
# [2024-04-15 07:50:28] INFO: writeconf_nersc: Writing NERSC configuration ./conf_s060t20_b0666300_a_U000309000
# [2024-04-15 07:50:30] INFO: Calculated checksum: 5db82ae0
# [2024-04-15 07:50:35] INFO: Calculated checksum: d5e29522
# [2024-04-15 07:50:35] INFO: Writing RNGSTATE file: ./rand_s060t20_b0666300_a_U000309000
# [2024-04-15 07:50:35] INFO: Writing to disk took 7.66042 seconds
# [2024-04-15 07:50:35] INFO: ======================================================================
# [2024-04-15 07:50:35] INFO: Start sweeping...
# [2024-04-15 07:57:17] INFO: It took 401.406 seconds to do 500 HBOR sweeps.
# [2024-04-15 07:57:17] INFO: Plaquette = 0.649973
# [2024-04-15 07:57:17] INFO: Polyakov loop = (-0.000285073,0.000867652)
# [2024-04-15 07:57:17] INFO: Writing conf to disk...
# [2024-04-15 07:57:17] INFO: writeconf_nersc: Writing NERSC configuration ./conf_s060t20_b0666300_a_U000309500
# [2024-04-15 07:57:20] INFO: Calculated checksum: b55c9136
# [2024-04-15 07:57:24] INFO: Calculated checksum: 3aa7f4f5
# [2024-04-15 07:57:24] INFO: Writing RNGSTATE file: ./rand_s060t20_b0666300_a_U000309500
# [2024-04-15 07:57:24] INFO: Writing to disk took 7.65341 seconds
# [2024-04-15 07:57:24] INFO: ======================================================================
# [2024-04-15 07:57:24] INFO: Start sweeping...
# [2024-04-15 08:04:06] INFO: It took 401.401 seconds to do 500 HBOR sweeps.
# [2024-04-15 08:04:06] INFO: Plaquette = 0.650098
# [2024-04-15 08:04:06] INFO: Polyakov loop = (0.000197464,-0.000120278)
# [2024-04-15 08:04:06] INFO: Writing conf to disk...
# [2024-04-15 08:04:06] INFO: writeconf_nersc: Writing NERSC configuration ./conf_s060t20_b0666300_a_U000310000
# [2024-04-15 08:04:09] INFO: Calculated checksum: 520f7176
# [2024-04-15 08:04:13] INFO: Calculated checksum: f6b4dbbc
# [2024-04-15 08:04:13] INFO: Writing RNGSTATE file: ./rand_s060t20_b0666300_a_U000310000
# [2024-04-15 08:04:13] INFO: Writing to disk took 7.62226 seconds
# [2024-04-15 08:04:13] INFO: ======================================================================
# [2024-04-15 08:04:13] INFO: Start sweeping...
# [2024-04-15 08:10:55] INFO: It took 401.428 seconds to do 500 HBOR sweeps.
# [2024-04-15 08:10:55] INFO: Plaquette = 0.65007
# [2024-04-15 08:10:55] INFO: Polyakov loop = (-0.000815489,0.00135068)
# [2024-04-15 08:10:55] INFO: Writing conf to disk...
# [2024-04-15 08:10:55] INFO: writeconf_nersc: Writing NERSC configuration ./conf_s060t20_b0666300_a_U000310500
# [2024-04-15 08:10:58] INFO: Calculated checksum: 16f6d2f8
# [2024-04-15 08:11:02] INFO: Calculated checksum: c46e53aa
# [2024-04-15 08:11:02] INFO: Writing RNGSTATE file: ./rand_s060t20_b0666300_a_U000310500
# [2024-04-15 08:11:03] INFO: Writing to disk took 7.65351 seconds
# [2024-04-15 08:11:03] INFO: ======================================================================
# [2024-04-15 08:11:03] INFO: Start sweeping...
# [2024-04-15 08:17:44] INFO: It took 401.445 seconds to do 500 HBOR sweeps.
# [2024-04-15 08:17:44] INFO: Plaquette = 0.650088
# [2024-04-15 08:17:44] INFO: Polyakov loop = (-0.000684217,0.000632549)
# [2024-04-15 08:17:44] INFO: Writing conf to disk...
# [2024-04-15 08:17:44] INFO: writeconf_nersc: Writing NERSC configuration ./conf_s060t20_b0666300_a_U000311000
# [2024-04-15 08:17:47] INFO: Calculated checksum: 9c7b5b7f
# [2024-04-15 08:17:52] INFO: Calculated checksum: d3fbb1f
# [2024-04-15 08:17:52] INFO: Writing RNGSTATE file: ./rand_s060t20_b0666300_a_U000311000
# [2024-04-15 08:17:52] INFO: Writing to disk took 7.93292 seconds
# [2024-04-15 08:17:52] INFO: ======================================================================
# [2024-04-15 08:17:52] INFO: Start sweeping...
# [2024-04-15 08:24:33] INFO: It took 401.418 seconds to do 500 HBOR sweeps.
# [2024-04-15 08:24:33] INFO: Plaquette = 0.650074
# [2024-04-15 08:24:33] INFO: Polyakov loop = (-0.000504526,0.000657648)
# [2024-04-15 08:24:33] INFO: Writing conf to disk...
# [2024-04-15 08:24:33] INFO: writeconf_nersc: Writing NERSC configuration ./conf_s060t20_b0666300_a_U000311500
# [2024-04-15 08:24:36] INFO: Calculated checksum: e9294d87
# [2024-04-15 08:24:41] INFO: Calculated checksum: 558326c7
# [2024-04-15 08:24:41] INFO: Writing RNGSTATE file: ./rand_s060t20_b0666300_a_U000311500
# [2024-04-15 08:24:41] INFO: Writing to disk took 7.70219 seconds
# [2024-04-15 08:24:41] INFO: ======================================================================
# [2024-04-15 08:24:41] INFO: Start sweeping...
# [2024-04-15 08:31:23] INFO: It took 401.434 seconds to do 500 HBOR sweeps.
# [2024-04-15 08:31:23] INFO: Plaquette = 0.650046
# [2024-04-15 08:31:23] INFO: Polyakov loop = (-2.21288e-05,0.000852745)
# [2024-04-15 08:31:23] INFO: Writing conf to disk...
# [2024-04-15 08:31:23] INFO: writeconf_nersc: Writing NERSC configuration ./conf_s060t20_b0666300_a_U000312000
# [2024-04-15 08:31:25] INFO: Calculated checksum: 33b935ef
# [2024-04-15 08:31:30] INFO: Calculated checksum: c6adfdda
# [2024-04-15 08:31:30] INFO: Writing RNGSTATE file: ./rand_s060t20_b0666300_a_U000312000
# [2024-04-15 08:31:30] INFO: Writing to disk took 7.72617 seconds
# [2024-04-15 08:31:30] INFO: ======================================================================
# [2024-04-15 08:31:30] INFO: Start sweeping...
# [2024-04-15 08:38:12] INFO: It took 401.412 seconds to do 500 HBOR sweeps.
# [2024-04-15 08:38:12] INFO: Plaquette = 0.650099
# [2024-04-15 08:38:12] INFO: Polyakov loop = (-5.61298e-05,-0.000348955)
# [2024-04-15 08:38:12] INFO: Writing conf to disk...
# [2024-04-15 08:38:12] INFO: writeconf_nersc: Writing NERSC configuration ./conf_s060t20_b0666300_a_U000312500
# [2024-04-15 08:38:15] INFO: Calculated checksum: 57c52dae
# [2024-04-15 08:38:19] INFO: Calculated checksum: f33a0f23
# [2024-04-15 08:38:19] INFO: Writing RNGSTATE file: ./rand_s060t20_b0666300_a_U000312500
# [2024-04-15 08:38:19] INFO: Writing to disk took 7.69537 seconds
# [2024-04-15 08:38:19] INFO: ======================================================================
# [2024-04-15 08:38:19] INFO: Start sweeping...
# [2024-04-15 08:45:01] INFO: It took 401.417 seconds to do 500 HBOR sweeps.
# [2024-04-15 08:45:01] INFO: Plaquette = 0.650085
# [2024-04-15 08:45:01] INFO: Polyakov loop = (0.000642887,5.33944e-05)
# [2024-04-15 08:45:01] INFO: Writing conf to disk...
# [2024-04-15 08:45:01] INFO: writeconf_nersc: Writing NERSC configuration ./conf_s060t20_b0666300_a_U000313000
# [2024-04-15 08:45:04] INFO: Calculated checksum: 76bd1318
# [2024-04-15 08:45:09] INFO: Calculated checksum: e5bc212e
# [2024-04-15 08:45:09] INFO: Writing RNGSTATE file: ./rand_s060t20_b0666300_a_U000313000
# [2024-04-15 08:45:09] INFO: Writing to disk took 7.75564 seconds
# [2024-04-15 08:45:09] INFO: ======================================================================
# [2024-04-15 08:45:09] INFO: Start sweeping...
# [2024-04-15 08:51:51] INFO: It took 401.861 seconds to do 500 HBOR sweeps.
# [2024-04-15 08:51:51] INFO: Plaquette = 0.65006
# [2024-04-15 08:51:51] INFO: Polyakov loop = (-3.3839e-05,-0.00025941)
# [2024-04-15 08:51:51] INFO: Writing conf to disk...
# [2024-04-15 08:51:51] INFO: writeconf_nersc: Writing NERSC configuration ./conf_s060t20_b0666300_a_U000313500
# [2024-04-15 08:51:53] INFO: Calculated checksum: cbd51758
# [2024-04-15 08:51:58] INFO: Calculated checksum: 9128e1f2
# [2024-04-15 08:51:58] INFO: Writing RNGSTATE file: ./rand_s060t20_b0666300_a_U000313500
# [2024-04-15 08:51:58] INFO: Writing to disk took 7.81372 seconds
# [2024-04-15 08:51:58] INFO: ======================================================================
# [2024-04-15 08:51:58] INFO: Start sweeping...
# [2024-04-15 08:58:40] INFO: It took 401.474 seconds to do 500 HBOR sweeps.
# [2024-04-15 08:58:40] INFO: Plaquette = 0.650027
# [2024-04-15 08:58:40] INFO: Polyakov loop = (-0.00108094,-4.681e-05)
# [2024-04-15 08:58:40] INFO: Writing conf to disk...
# [2024-04-15 08:58:40] INFO: writeconf_nersc: Writing NERSC configuration ./conf_s060t20_b0666300_a_U000314000
# [2024-04-15 08:58:43] INFO: Calculated checksum: aa643e67
# [2024-04-15 08:58:48] INFO: Calculated checksum: 71e58724
# [2024-04-15 08:58:48] INFO: Writing RNGSTATE file: ./rand_s060t20_b0666300_a_U000314000
# [2024-04-15 08:58:48] INFO: Writing to disk took 7.68498 seconds
# [2024-04-15 08:58:48] INFO: ======================================================================
# [2024-04-15 08:58:48] INFO: Start sweeping...
# [2024-04-15 09:05:29] INFO: It took 401.507 seconds to do 500 HBOR sweeps.
# [2024-04-15 09:05:29] INFO: Plaquette = 0.650075
# [2024-04-15 09:05:29] INFO: Polyakov loop = (-0.000621222,0.000879477)
# [2024-04-15 09:05:29] INFO: Writing conf to disk...
# [2024-04-15 09:05:29] INFO: writeconf_nersc: Writing NERSC configuration ./conf_s060t20_b0666300_a_U000314500
# [2024-04-15 09:05:32] INFO: Calculated checksum: 2914d270
# [2024-04-15 09:05:37] INFO: Calculated checksum: 6c1842d6
# [2024-04-15 09:05:37] INFO: Writing RNGSTATE file: ./rand_s060t20_b0666300_a_U000314500
# [2024-04-15 09:05:37] INFO: Writing to disk took 7.71143 seconds
# [2024-04-15 09:05:37] INFO: ======================================================================
# [2024-04-15 09:05:37] INFO: Start sweeping...
# [2024-04-15 09:12:18] INFO: It took 401.484 seconds to do 500 HBOR sweeps.
# [2024-04-15 09:12:18] INFO: Plaquette = 0.650162
# [2024-04-15 09:12:18] INFO: Polyakov loop = (-0.0004689,0.000701983)
# [2024-04-15 09:12:18] INFO: Writing conf to disk...
# [2024-04-15 09:12:18] INFO: writeconf_nersc: Writing NERSC configuration ./conf_s060t20_b0666300_a_U000315000
# [2024-04-15 09:12:21] INFO: Calculated checksum: 3160ff34
# [2024-04-15 09:12:26] INFO: Calculated checksum: 18ad8d64
# [2024-04-15 09:12:26] INFO: Writing RNGSTATE file: ./rand_s060t20_b0666300_a_U000315000
# [2024-04-15 09:12:26] INFO: Writing to disk took 7.67922 seconds
# [2024-04-15 09:12:26] INFO: ======================================================================
# [2024-04-15 09:12:26] INFO: Start sweeping...
# [2024-04-15 09:19:08] INFO: It took 401.489 seconds to do 500 HBOR sweeps.
# [2024-04-15 09:19:08] INFO: Plaquette = 0.650122
# [2024-04-15 09:19:08] INFO: Polyakov loop = (0.000206487,0.00180421)
# [2024-04-15 09:19:08] INFO: Writing conf to disk...
# [2024-04-15 09:19:08] INFO: writeconf_nersc: Writing NERSC configuration ./conf_s060t20_b0666300_a_U000315500
# [2024-04-15 09:19:11] INFO: Calculated checksum: 8ad87df0
# [2024-04-15 09:19:15] INFO: Calculated checksum: cc3de09c
# [2024-04-15 09:19:15] INFO: Writing RNGSTATE file: ./rand_s060t20_b0666300_a_U000315500
# [2024-04-15 09:19:15] INFO: Writing to disk took 7.67286 seconds
# [2024-04-15 09:19:15] INFO: ======================================================================
# [2024-04-15 09:19:15] INFO: Start sweeping...
# [2024-04-15 09:25:57] INFO: It took 401.51 seconds to do 500 HBOR sweeps.
# [2024-04-15 09:25:57] INFO: Plaquette = 0.650201
# [2024-04-15 09:25:57] INFO: Polyakov loop = (0.000833783,0.000118146)
# [2024-04-15 09:25:57] INFO: Writing conf to disk...
# [2024-04-15 09:25:57] INFO: writeconf_nersc: Writing NERSC configuration ./conf_s060t20_b0666300_a_U000316000
# [2024-04-15 09:26:00] INFO: Calculated checksum: 5ebb3ef7
# [2024-04-15 09:26:04] INFO: Calculated checksum: 9ec05d08
# [2024-04-15 09:26:04] INFO: Writing RNGSTATE file: ./rand_s060t20_b0666300_a_U000316000
# [2024-04-15 09:26:05] INFO: Writing to disk took 7.70346 seconds
# [2024-04-15 09:26:05] INFO: ======================================================================
# [2024-04-15 09:26:05] INFO: Start sweeping...
# [2024-04-15 09:32:46] INFO: It took 401.524 seconds to do 500 HBOR sweeps.
# [2024-04-15 09:32:46] INFO: Plaquette = 0.650095
# [2024-04-15 09:32:46] INFO: Polyakov loop = (-0.000509927,0.000290589)
# [2024-04-15 09:32:46] INFO: Writing conf to disk...
# [2024-04-15 09:32:46] INFO: writeconf_nersc: Writing NERSC configuration ./conf_s060t20_b0666300_a_U000316500
# [2024-04-15 09:32:49] INFO: Calculated checksum: 47906110
# [2024-04-15 09:32:54] INFO: Calculated checksum: 4623a6e9
# [2024-04-15 09:32:54] INFO: Writing RNGSTATE file: ./rand_s060t20_b0666300_a_U000316500
# [2024-04-15 09:32:54] INFO: Writing to disk took 7.7215 seconds
# [2024-04-15 09:32:54] INFO: ======================================================================
# [2024-04-15 09:32:54] INFO: Start sweeping...
# [2024-04-15 09:39:35] INFO: It took 401.546 seconds to do 500 HBOR sweeps.
# [2024-04-15 09:39:35] INFO: Plaquette = 0.650037
# [2024-04-15 09:39:35] INFO: Polyakov loop = (0.000848053,-0.000399021)
# [2024-04-15 09:39:35] INFO: Writing conf to disk...
# [2024-04-15 09:39:35] INFO: writeconf_nersc: Writing NERSC configuration ./conf_s060t20_b0666300_a_U000317000
# [2024-04-15 09:39:38] INFO: Calculated checksum: f4710927
# [2024-04-15 09:39:43] INFO: Calculated checksum: 4d9a1cb1
# [2024-04-15 09:39:43] INFO: Writing RNGSTATE file: ./rand_s060t20_b0666300_a_U000317000
# [2024-04-15 09:39:43] INFO: Writing to disk took 7.71866 seconds
# [2024-04-15 09:39:43] INFO: ======================================================================
# [2024-04-15 09:39:43] INFO: Start sweeping...
# [2024-04-15 09:46:25] INFO: It took 401.516 seconds to do 500 HBOR sweeps.
# [2024-04-15 09:46:25] INFO: Plaquette = 0.650054
# [2024-04-15 09:46:25] INFO: Polyakov loop = (0.000593408,-0.000809287)
# [2024-04-15 09:46:25] INFO: Writing conf to disk...
# [2024-04-15 09:46:25] INFO: writeconf_nersc: Writing NERSC configuration ./conf_s060t20_b0666300_a_U000317500
# [2024-04-15 09:46:28] INFO: Calculated checksum: 8b0e2d92
# [2024-04-15 09:46:32] INFO: Calculated checksum: 502d79d8
# [2024-04-15 09:46:32] INFO: Writing RNGSTATE file: ./rand_s060t20_b0666300_a_U000317500
# [2024-04-15 09:46:33] INFO: Writing to disk took 8.37583 seconds
# [2024-04-15 09:46:33] INFO: ======================================================================
# [2024-04-15 09:46:33] INFO: Start sweeping...
# [2024-04-15 09:53:15] INFO: It took 401.531 seconds to do 500 HBOR sweeps.
# [2024-04-15 09:53:15] INFO: Plaquette = 0.650035
# [2024-04-15 09:53:15] INFO: Polyakov loop = (0.000388578,0.000483768)
# [2024-04-15 09:53:15] INFO: Writing conf to disk...
# [2024-04-15 09:53:15] INFO: writeconf_nersc: Writing NERSC configuration ./conf_s060t20_b0666300_a_U000318000
# [2024-04-15 09:53:18] INFO: Calculated checksum: b674328a
# [2024-04-15 09:53:22] INFO: Calculated checksum: d88e1c00
# [2024-04-15 09:53:22] INFO: Writing RNGSTATE file: ./rand_s060t20_b0666300_a_U000318000
# [2024-04-15 09:53:22] INFO: Writing to disk took 7.66902 seconds
# [2024-04-15 09:53:22] INFO: ======================================================================
# [2024-04-15 09:53:22] INFO: Start sweeping...
# [2024-04-15 10:00:04] INFO: It took 401.526 seconds to do 500 HBOR sweeps.
# [2024-04-15 10:00:04] INFO: Plaquette = 0.650125
# [2024-04-15 10:00:04] INFO: Polyakov loop = (-2.46698e-05,0.000427402)
# [2024-04-15 10:00:04] INFO: Writing conf to disk...
# [2024-04-15 10:00:04] INFO: writeconf_nersc: Writing NERSC configuration ./conf_s060t20_b0666300_a_U000318500
# [2024-04-15 10:00:07] INFO: Calculated checksum: d3351773
# [2024-04-15 10:00:12] INFO: Calculated checksum: e90cf781
# [2024-04-15 10:00:12] INFO: Writing RNGSTATE file: ./rand_s060t20_b0666300_a_U000318500
# [2024-04-15 10:00:12] INFO: Writing to disk took 7.65631 seconds
# [2024-04-15 10:00:12] INFO: ======================================================================
# [2024-04-15 10:00:12] INFO: Start sweeping...
# [2024-04-15 10:06:53] INFO: It took 401.498 seconds to do 500 HBOR sweeps.
# [2024-04-15 10:06:53] INFO: Plaquette = 0.650102
# [2024-04-15 10:06:53] INFO: Polyakov loop = (0.000147681,0.000411496)
# [2024-04-15 10:06:53] INFO: Writing conf to disk...
# [2024-04-15 10:06:53] INFO: writeconf_nersc: Writing NERSC configuration ./conf_s060t20_b0666300_a_U000319000
# [2024-04-15 10:06:56] INFO: Calculated checksum: 8233751f
# [2024-04-15 10:07:01] INFO: Calculated checksum: 2c7785d1
# [2024-04-15 10:07:01] INFO: Writing RNGSTATE file: ./rand_s060t20_b0666300_a_U000319000
# [2024-04-15 10:07:01] INFO: Writing to disk took 7.71237 seconds
# [2024-04-15 10:07:01] INFO: ======================================================================
# [2024-04-15 10:07:01] INFO: Start sweeping...
# [2024-04-15 10:13:42] INFO: It took 401.517 seconds to do 500 HBOR sweeps.
# [2024-04-15 10:13:42] INFO: Plaquette = 0.650123
# [2024-04-15 10:13:42] INFO: Polyakov loop = (-0.000394054,-0.000340139)
# [2024-04-15 10:13:42] INFO: Writing conf to disk...
# [2024-04-15 10:13:42] INFO: writeconf_nersc: Writing NERSC configuration ./conf_s060t20_b0666300_a_U000319500
# [2024-04-15 10:13:45] INFO: Calculated checksum: bc613f30
# [2024-04-15 10:13:50] INFO: Calculated checksum: c86e216c
# [2024-04-15 10:13:50] INFO: Writing RNGSTATE file: ./rand_s060t20_b0666300_a_U000319500
# [2024-04-15 10:13:50] INFO: Writing to disk took 7.93435 seconds
# [2024-04-15 10:13:50] INFO: ======================================================================
# [2024-04-15 10:13:50] INFO: Start sweeping...
# [2024-04-15 10:20:32] INFO: It took 401.507 seconds to do 500 HBOR sweeps.
# [2024-04-15 10:20:32] INFO: Plaquette = 0.649971
# [2024-04-15 10:20:32] INFO: Polyakov loop = (0.000337822,-0.000551768)
# [2024-04-15 10:20:32] INFO: Writing conf to disk...
# [2024-04-15 10:20:32] INFO: writeconf_nersc: Writing NERSC configuration ./conf_s060t20_b0666300_a_U000320000
# [2024-04-15 10:20:35] INFO: Calculated checksum: 7a1a613d
# [2024-04-15 10:20:40] INFO: Calculated checksum: 1c34b7a4
# [2024-04-15 10:20:40] INFO: Writing RNGSTATE file: ./rand_s060t20_b0666300_a_U000320000
# [2024-04-15 10:20:40] INFO: Writing to disk took 7.80801 seconds
# [2024-04-15 10:20:40] INFO: ======================================================================
# [2024-04-15 10:20:40] INFO: Start sweeping...
# [2024-04-15 10:27:21] INFO: It took 401.538 seconds to do 500 HBOR sweeps.
# [2024-04-15 10:27:21] INFO: Plaquette = 0.650114
# [2024-04-15 10:27:21] INFO: Polyakov loop = (-0.000777121,-0.000936955)
# [2024-04-15 10:27:21] INFO: Writing conf to disk...
# [2024-04-15 10:27:21] INFO: writeconf_nersc: Writing NERSC configuration ./conf_s060t20_b0666300_a_U000320500
# [2024-04-15 10:27:24] INFO: Calculated checksum: 2e97558d
# [2024-04-15 10:27:29] INFO: Calculated checksum: 61222478
# [2024-04-15 10:27:29] INFO: Writing RNGSTATE file: ./rand_s060t20_b0666300_a_U000320500
# [2024-04-15 10:27:29] INFO: Writing to disk took 7.73356 seconds
# [2024-04-15 10:27:29] INFO: ======================================================================
# [2024-04-15 10:27:29] INFO: Start sweeping...
# [2024-04-15 10:34:11] INFO: It took 401.53 seconds to do 500 HBOR sweeps.
# [2024-04-15 10:34:11] INFO: Plaquette = 0.65006
# [2024-04-15 10:34:11] INFO: Polyakov loop = (-0.000789722,-0.000757738)
# [2024-04-15 10:34:11] INFO: Writing conf to disk...
# [2024-04-15 10:34:11] INFO: writeconf_nersc: Writing NERSC configuration ./conf_s060t20_b0666300_a_U000321000
# [2024-04-15 10:34:14] INFO: Calculated checksum: d46d085e
# [2024-04-15 10:34:18] INFO: Calculated checksum: 512e2ac7
# [2024-04-15 10:34:18] INFO: Writing RNGSTATE file: ./rand_s060t20_b0666300_a_U000321000
# [2024-04-15 10:34:18] INFO: Writing to disk took 7.80874 seconds
# [2024-04-15 10:34:18] INFO: ======================================================================
# [2024-04-15 10:34:18] INFO: Start sweeping...
# [2024-04-15 10:41:00] INFO: It took 401.514 seconds to do 500 HBOR sweeps.
# [2024-04-15 10:41:00] INFO: Plaquette = 0.65008
# [2024-04-15 10:41:00] INFO: Polyakov loop = (0.000643944,-0.000457524)
# [2024-04-15 10:41:00] INFO: Writing conf to disk...
# [2024-04-15 10:41:00] INFO: writeconf_nersc: Writing NERSC configuration ./conf_s060t20_b0666300_a_U000321500
# [2024-04-15 10:41:03] INFO: Calculated checksum: e3f26b25
# [2024-04-15 10:41:08] INFO: Calculated checksum: a5ca5e38
# [2024-04-15 10:41:08] INFO: Writing RNGSTATE file: ./rand_s060t20_b0666300_a_U000321500
# [2024-04-15 10:41:08] INFO: Writing to disk took 7.72563 seconds
# [2024-04-15 10:41:08] INFO: ======================================================================
# [2024-04-15 10:41:08] INFO: Start sweeping...
# [2024-04-15 10:47:49] INFO: It took 401.531 seconds to do 500 HBOR sweeps.
# [2024-04-15 10:47:49] INFO: Plaquette = 0.650124
# [2024-04-15 10:47:49] INFO: Polyakov loop = (-0.000138005,-0.000911398)
# [2024-04-15 10:47:49] INFO: Writing conf to disk...
# [2024-04-15 10:47:49] INFO: writeconf_nersc: Writing NERSC configuration ./conf_s060t20_b0666300_a_U000322000
# [2024-04-15 10:47:52] INFO: Calculated checksum: 50cd317a
# [2024-04-15 10:47:57] INFO: Calculated checksum: 8a0a6565
# [2024-04-15 10:47:57] INFO: Writing RNGSTATE file: ./rand_s060t20_b0666300_a_U000322000
# [2024-04-15 10:47:57] INFO: Writing to disk took 7.82243 seconds
# [2024-04-15 10:47:57] INFO: ======================================================================
# [2024-04-15 10:47:57] INFO: Start sweeping...
# [2024-04-15 10:54:39] INFO: It took 401.54 seconds to do 500 HBOR sweeps.
# [2024-04-15 10:54:39] INFO: Plaquette = 0.650102
# [2024-04-15 10:54:39] INFO: Polyakov loop = (-0.000270266,-0.000772013)
# [2024-04-15 10:54:39] INFO: Writing conf to disk...
# [2024-04-15 10:54:39] INFO: writeconf_nersc: Writing NERSC configuration ./conf_s060t20_b0666300_a_U000322500
# [2024-04-15 10:54:42] INFO: Calculated checksum: e06612a7
# [2024-04-15 10:54:46] INFO: Calculated checksum: 90b7692d
# [2024-04-15 10:54:46] INFO: Writing RNGSTATE file: ./rand_s060t20_b0666300_a_U000322500
# [2024-04-15 10:54:47] INFO: Writing to disk took 7.75279 seconds
# [2024-04-15 10:54:47] INFO: ======================================================================
# [2024-04-15 10:54:47] INFO: Start sweeping...
# [2024-04-15 11:01:28] INFO: It took 401.513 seconds to do 500 HBOR sweeps.
# [2024-04-15 11:01:28] INFO: Plaquette = 0.650149
# [2024-04-15 11:01:28] INFO: Polyakov loop = (0.000393119,0.000577048)
# [2024-04-15 11:01:28] INFO: Writing conf to disk...
# [2024-04-15 11:01:28] INFO: writeconf_nersc: Writing NERSC configuration ./conf_s060t20_b0666300_a_U000323000
# [2024-04-15 11:01:31] INFO: Calculated checksum: 63837152
# [2024-04-15 11:01:36] INFO: Calculated checksum: 1e134850
# [2024-04-15 11:01:36] INFO: Writing RNGSTATE file: ./rand_s060t20_b0666300_a_U000323000
# [2024-04-15 11:01:36] INFO: Writing to disk took 7.80781 seconds
# [2024-04-15 11:01:36] INFO: ======================================================================
# [2024-04-15 11:01:36] INFO: Start sweeping...
# [2024-04-15 11:08:17] INFO: It took 401.516 seconds to do 500 HBOR sweeps.
# [2024-04-15 11:08:17] INFO: Plaquette = 0.650082
# [2024-04-15 11:08:17] INFO: Polyakov loop = (-0.000113287,0.000551093)
# [2024-04-15 11:08:17] INFO: Writing conf to disk...
# [2024-04-15 11:08:17] INFO: writeconf_nersc: Writing NERSC configuration ./conf_s060t20_b0666300_a_U000323500
# [2024-04-15 11:08:20] INFO: Calculated checksum: 53e1386b
# [2024-04-15 11:08:25] INFO: Calculated checksum: 6cdd2a1f
# [2024-04-15 11:08:25] INFO: Writing RNGSTATE file: ./rand_s060t20_b0666300_a_U000323500
# [2024-04-15 11:08:25] INFO: Writing to disk took 7.25712 seconds
# [2024-04-15 11:08:25] INFO: ======================================================================
# [2024-04-15 11:08:25] INFO: Start sweeping...
# [2024-04-15 11:15:06] INFO: It took 401.519 seconds to do 500 HBOR sweeps.
# [2024-04-15 11:15:06] INFO: Plaquette = 0.650115
# [2024-04-15 11:15:06] INFO: Polyakov loop = (0.000249615,0.000244736)
# [2024-04-15 11:15:06] INFO: Writing conf to disk...
# [2024-04-15 11:15:06] INFO: writeconf_nersc: Writing NERSC configuration ./conf_s060t20_b0666300_a_U000324000
# [2024-04-15 11:15:09] INFO: Calculated checksum: 7fec5d7c
# [2024-04-15 11:15:14] INFO: Calculated checksum: cf4fb540
# [2024-04-15 11:15:14] INFO: Writing RNGSTATE file: ./rand_s060t20_b0666300_a_U000324000
# [2024-04-15 11:15:14] INFO: Writing to disk took 7.49935 seconds
# [2024-04-15 11:15:14] INFO: ======================================================================
# [2024-04-15 11:15:14] INFO: Start sweeping...
# [2024-04-15 11:21:55] INFO: It took 401.518 seconds to do 500 HBOR sweeps.
# [2024-04-15 11:21:55] INFO: Plaquette = 0.650114
# [2024-04-15 11:21:55] INFO: Polyakov loop = (-0.000570683,-0.0009985)
# [2024-04-15 11:21:55] INFO: Writing conf to disk...
# [2024-04-15 11:21:55] INFO: writeconf_nersc: Writing NERSC configuration ./conf_s060t20_b0666300_a_U000324500
# [2024-04-15 11:21:58] INFO: Calculated checksum: 6a88b9c4
# [2024-04-15 11:22:03] INFO: Calculated checksum: 84b5f6b5
# [2024-04-15 11:22:03] INFO: Writing RNGSTATE file: ./rand_s060t20_b0666300_a_U000324500
# [2024-04-15 11:22:03] INFO: Writing to disk took 7.57724 seconds
# [2024-04-15 11:22:03] INFO: ======================================================================
# [2024-04-15 11:22:03] INFO: Start sweeping...
# [2024-04-15 11:28:44] INFO: It took 401.507 seconds to do 500 HBOR sweeps.
# [2024-04-15 11:28:44] INFO: Plaquette = 0.650058
# [2024-04-15 11:28:44] INFO: Polyakov loop = (0.00025561,-0.000327948)
# [2024-04-15 11:28:44] INFO: Writing conf to disk...
# [2024-04-15 11:28:44] INFO: writeconf_nersc: Writing NERSC configuration ./conf_s060t20_b0666300_a_U000325000
# [2024-04-15 11:28:47] INFO: Calculated checksum: e9a1a6d9
# [2024-04-15 11:28:52] INFO: Calculated checksum: 58ed006d
# [2024-04-15 11:28:52] INFO: Writing RNGSTATE file: ./rand_s060t20_b0666300_a_U000325000
# [2024-04-15 11:28:52] INFO: Writing to disk took 7.5775 seconds
# [2024-04-15 11:28:52] INFO: ======================================================================
# [2024-04-15 11:28:52] INFO: Start sweeping...
# [2024-04-15 11:35:34] INFO: It took 401.513 seconds to do 500 HBOR sweeps.
# [2024-04-15 11:35:34] INFO: Plaquette = 0.650163
# [2024-04-15 11:35:34] INFO: Polyakov loop = (-0.00010591,0.000884273)
# [2024-04-15 11:35:34] INFO: Writing conf to disk...
# [2024-04-15 11:35:34] INFO: writeconf_nersc: Writing NERSC configuration ./conf_s060t20_b0666300_a_U000325500
# [2024-04-15 11:35:37] INFO: Calculated checksum: 9d95a2e1
# [2024-04-15 11:35:41] INFO: Calculated checksum: 90bd2b10
# [2024-04-15 11:35:41] INFO: Writing RNGSTATE file: ./rand_s060t20_b0666300_a_U000325500
# [2024-04-15 11:35:41] INFO: Writing to disk took 7.6574 seconds
# [2024-04-15 11:35:41] INFO: ======================================================================
# [2024-04-15 11:35:41] INFO: Start sweeping...
# [2024-04-15 11:42:23] INFO: It took 401.535 seconds to do 500 HBOR sweeps.
# [2024-04-15 11:42:23] INFO: Plaquette = 0.650161
# [2024-04-15 11:42:23] INFO: Polyakov loop = (-0.00021847,0.000374279)
# [2024-04-15 11:42:23] INFO: Writing conf to disk...
# [2024-04-15 11:42:23] INFO: writeconf_nersc: Writing NERSC configuration ./conf_s060t20_b0666300_a_U000326000
# [2024-04-15 11:42:26] INFO: Calculated checksum: f6ea2e2b
# [2024-04-15 11:42:30] INFO: Calculated checksum: 2e57c763
# [2024-04-15 11:42:30] INFO: Writing RNGSTATE file: ./rand_s060t20_b0666300_a_U000326000
# [2024-04-15 11:42:30] INFO: Writing to disk took 7.59625 seconds
# [2024-04-15 11:42:30] INFO: ======================================================================
# [2024-04-15 11:42:30] INFO: Start sweeping...
# [2024-04-15 11:49:12] INFO: It took 401.523 seconds to do 500 HBOR sweeps.
# [2024-04-15 11:49:12] INFO: Plaquette = 0.650012
# [2024-04-15 11:49:12] INFO: Polyakov loop = (0.000242144,0.000456845)
# [2024-04-15 11:49:12] INFO: Writing conf to disk...
# [2024-04-15 11:49:12] INFO: writeconf_nersc: Writing NERSC configuration ./conf_s060t20_b0666300_a_U000326500
# [2024-04-15 11:49:15] INFO: Calculated checksum: bfe2106e
# [2024-04-15 11:49:20] INFO: Calculated checksum: 80c66921
# [2024-04-15 11:49:20] INFO: Writing RNGSTATE file: ./rand_s060t20_b0666300_a_U000326500
# [2024-04-15 11:49:20] INFO: Writing to disk took 7.58571 seconds
# [2024-04-15 11:49:20] INFO: ======================================================================
# [2024-04-15 11:49:20] INFO: Start sweeping...
# [2024-04-15 11:56:01] INFO: It took 401.503 seconds to do 500 HBOR sweeps.
# [2024-04-15 11:56:01] INFO: Plaquette = 0.650118
# [2024-04-15 11:56:01] INFO: Polyakov loop = (-0.000176552,0.00026379)
# [2024-04-15 11:56:01] INFO: Writing conf to disk...
# [2024-04-15 11:56:01] INFO: writeconf_nersc: Writing NERSC configuration ./conf_s060t20_b0666300_a_U000327000
# [2024-04-15 11:56:04] INFO: Calculated checksum: 4d00530
# [2024-04-15 11:56:09] INFO: Calculated checksum: c8cbd12
# [2024-04-15 11:56:09] INFO: Writing RNGSTATE file: ./rand_s060t20_b0666300_a_U000327000
# [2024-04-15 11:56:09] INFO: Writing to disk took 7.59434 seconds
# [2024-04-15 11:56:09] INFO: ======================================================================
# [2024-04-15 11:56:09] INFO: Start sweeping...
# [2024-04-15 12:02:50] INFO: It took 401.532 seconds to do 500 HBOR sweeps.
# [2024-04-15 12:02:50] INFO: Plaquette = 0.650103
# [2024-04-15 12:02:50] INFO: Polyakov loop = (0.000421701,-0.00145587)
# [2024-04-15 12:02:50] INFO: Writing conf to disk...
# [2024-04-15 12:02:50] INFO: writeconf_nersc: Writing NERSC configuration ./conf_s060t20_b0666300_a_U000327500
# [2024-04-15 12:02:54] INFO: Calculated checksum: b56d9e1c
# [2024-04-15 12:02:58] INFO: Calculated checksum: dbebcc8c
# [2024-04-15 12:02:58] INFO: Writing RNGSTATE file: ./rand_s060t20_b0666300_a_U000327500
# [2024-04-15 12:02:58] INFO: Writing to disk took 7.71247 seconds
# [2024-04-15 12:02:58] INFO: ======================================================================
# [2024-04-15 12:02:58] INFO: Start sweeping...
# [2024-04-15 12:09:40] INFO: It took 401.527 seconds to do 500 HBOR sweeps.
# [2024-04-15 12:09:40] INFO: Plaquette = 0.650063
# [2024-04-15 12:09:40] INFO: Polyakov loop = (-0.00015927,-0.000980459)
# [2024-04-15 12:09:40] INFO: Writing conf to disk...
# [2024-04-15 12:09:40] INFO: writeconf_nersc: Writing NERSC configuration ./conf_s060t20_b0666300_a_U000328000
# [2024-04-15 12:09:43] INFO: Calculated checksum: 174412d1
# [2024-04-15 12:09:47] INFO: Calculated checksum: 21050f04
# [2024-04-15 12:09:47] INFO: Writing RNGSTATE file: ./rand_s060t20_b0666300_a_U000328000
# [2024-04-15 12:09:48] INFO: Writing to disk took 7.84451 seconds
# [2024-04-15 12:09:48] INFO: ======================================================================
# [2024-04-15 12:09:48] INFO: Start sweeping...
# [2024-04-15 12:16:29] INFO: It took 401.526 seconds to do 500 HBOR sweeps.
# [2024-04-15 12:16:29] INFO: Plaquette = 0.650074
# [2024-04-15 12:16:29] INFO: Polyakov loop = (-9.94833e-05,-0.000673032)
# [2024-04-15 12:16:29] INFO: Writing conf to disk...
# [2024-04-15 12:16:29] INFO: writeconf_nersc: Writing NERSC configuration ./conf_s060t20_b0666300_a_U000328500
# [2024-04-15 12:16:32] INFO: Calculated checksum: 9cad17a5
# [2024-04-15 12:16:36] INFO: Calculated checksum: 860abb05
# [2024-04-15 12:16:36] INFO: Writing RNGSTATE file: ./rand_s060t20_b0666300_a_U000328500
# [2024-04-15 12:16:36] INFO: Writing to disk took 7.2779 seconds
# [2024-04-15 12:16:36] INFO: ======================================================================
# [2024-04-15 12:16:36] INFO: Start sweeping...
# [2024-04-15 12:23:18] INFO: It took 401.526 seconds to do 500 HBOR sweeps.
# [2024-04-15 12:23:18] INFO: Plaquette = 0.650076
# [2024-04-15 12:23:18] INFO: Polyakov loop = (-0.000105515,8.68008e-05)
# [2024-04-15 12:23:18] INFO: Writing conf to disk...
# [2024-04-15 12:23:18] INFO: writeconf_nersc: Writing NERSC configuration ./conf_s060t20_b0666300_a_U000329000
# [2024-04-15 12:23:21] INFO: Calculated checksum: 999095d1
# [2024-04-15 12:23:25] INFO: Calculated checksum: c8b8b727
# [2024-04-15 12:23:25] INFO: Writing RNGSTATE file: ./rand_s060t20_b0666300_a_U000329000
# [2024-04-15 12:23:25] INFO: Writing to disk took 7.37872 seconds
# [2024-04-15 12:23:25] INFO: ======================================================================
# [2024-04-15 12:23:25] INFO: Start sweeping...
# [2024-04-15 12:30:07] INFO: It took 401.51 seconds to do 500 HBOR sweeps.
# [2024-04-15 12:30:07] INFO: Plaquette = 0.650164
# [2024-04-15 12:30:07] INFO: Polyakov loop = (-0.000990941,-0.0013396)
# [2024-04-15 12:30:07] INFO: Writing conf to disk...
# [2024-04-15 12:30:07] INFO: writeconf_nersc: Writing NERSC configuration ./conf_s060t20_b0666300_a_U000329500
# [2024-04-15 12:30:10] INFO: Calculated checksum: 1d64ec58
# [2024-04-15 12:30:14] INFO: Calculated checksum: d7376310
# [2024-04-15 12:30:14] INFO: Writing RNGSTATE file: ./rand_s060t20_b0666300_a_U000329500
# [2024-04-15 12:30:14] INFO: Writing to disk took 7.11489 seconds
# [2024-04-15 12:30:14] INFO: ======================================================================
# [2024-04-15 12:30:14] INFO: Start sweeping...
# [2024-04-15 12:36:56] INFO: It took 401.507 seconds to do 500 HBOR sweeps.
# [2024-04-15 12:36:56] INFO: Plaquette = 0.650076
# [2024-04-15 12:36:56] INFO: Polyakov loop = (0.000140488,-0.000358385)
# [2024-04-15 12:36:56] INFO: Writing conf to disk...
# [2024-04-15 12:36:56] INFO: writeconf_nersc: Writing NERSC configuration ./conf_s060t20_b0666300_a_U000330000
# [2024-04-15 12:36:59] INFO: Calculated checksum: 41372a6d
# [2024-04-15 12:37:02] INFO: Calculated checksum: 21a3139c
# [2024-04-15 12:37:02] INFO: Writing RNGSTATE file: ./rand_s060t20_b0666300_a_U000330000
# [2024-04-15 12:37:03] INFO: Writing to disk took 7.04854 seconds
# [2024-04-15 12:37:03] INFO: ======================================================================
# [2024-04-15 12:37:03] INFO: Start sweeping...
# [2024-04-15 12:43:44] INFO: It took 401.505 seconds to do 500 HBOR sweeps.
# [2024-04-15 12:43:44] INFO: Plaquette = 0.65007
# [2024-04-15 12:43:44] INFO: Polyakov loop = (-0.000920434,-0.000388346)
# [2024-04-15 12:43:44] INFO: Writing conf to disk...
# [2024-04-15 12:43:44] INFO: writeconf_nersc: Writing NERSC configuration ./conf_s060t20_b0666300_a_U000330500
# [2024-04-15 12:43:47] INFO: Calculated checksum: 6ee4b54f
# [2024-04-15 12:43:52] INFO: Calculated checksum: ed575366
# [2024-04-15 12:43:52] INFO: Writing RNGSTATE file: ./rand_s060t20_b0666300_a_U000330500
# [2024-04-15 12:43:52] INFO: Writing to disk took 8.12942 seconds
# [2024-04-15 12:43:52] INFO: ======================================================================
# [2024-04-15 12:43:52] INFO: Start sweeping...
# [2024-04-15 12:50:34] INFO: It took 401.523 seconds to do 500 HBOR sweeps.
# [2024-04-15 12:50:34] INFO: Plaquette = 0.649995
# [2024-04-15 12:50:34] INFO: Polyakov loop = (0.000271681,-0.00169581)
# [2024-04-15 12:50:34] INFO: Writing conf to disk...
# [2024-04-15 12:50:34] INFO: writeconf_nersc: Writing NERSC configuration ./conf_s060t20_b0666300_a_U000331000
# [2024-04-15 12:50:37] INFO: Calculated checksum: ea276c8a
# [2024-04-15 12:50:41] INFO: Calculated checksum: df690c41
# [2024-04-15 12:50:41] INFO: Writing RNGSTATE file: ./rand_s060t20_b0666300_a_U000331000
# [2024-04-15 12:50:41] INFO: Writing to disk took 7.18464 seconds
# [2024-04-15 12:50:41] INFO: ======================================================================
# [2024-04-15 12:50:41] INFO: Start sweeping...
# [2024-04-15 12:57:23] INFO: It took 401.518 seconds to do 500 HBOR sweeps.
# [2024-04-15 12:57:23] INFO: Plaquette = 0.649964
# [2024-04-15 12:57:23] INFO: Polyakov loop = (-0.000383402,-0.000387633)
# [2024-04-15 12:57:23] INFO: Writing conf to disk...
# [2024-04-15 12:57:23] INFO: writeconf_nersc: Writing NERSC configuration ./conf_s060t20_b0666300_a_U000331500
# [2024-04-15 12:57:26] INFO: Calculated checksum: 2a945c8f
# [2024-04-15 12:57:30] INFO: Calculated checksum: 5a48d8d7
# [2024-04-15 12:57:30] INFO: Writing RNGSTATE file: ./rand_s060t20_b0666300_a_U000331500
# [2024-04-15 12:57:30] INFO: Writing to disk took 7.2676 seconds
# [2024-04-15 12:57:30] INFO: ======================================================================
# [2024-04-15 12:57:30] INFO: Start sweeping...
# [2024-04-15 13:04:11] INFO: It took 401.511 seconds to do 500 HBOR sweeps.
# [2024-04-15 13:04:11] INFO: Plaquette = 0.650054
# [2024-04-15 13:04:11] INFO: Polyakov loop = (-0.00078022,-0.000832337)
# [2024-04-15 13:04:11] INFO: Writing conf to disk...
# [2024-04-15 13:04:11] INFO: writeconf_nersc: Writing NERSC configuration ./conf_s060t20_b0666300_a_U000332000
# [2024-04-15 13:04:14] INFO: Calculated checksum: a3c25aeb
# [2024-04-15 13:04:19] INFO: Calculated checksum: da5b2409
# [2024-04-15 13:04:19] INFO: Writing RNGSTATE file: ./rand_s060t20_b0666300_a_U000332000
# [2024-04-15 13:04:19] INFO: Writing to disk took 7.43324 seconds
# [2024-04-15 13:04:19] INFO: ======================================================================
# [2024-04-15 13:04:19] INFO: Start sweeping...
# [2024-04-15 13:11:00] INFO: It took 401.511 seconds to do 500 HBOR sweeps.
# [2024-04-15 13:11:00] INFO: Plaquette = 0.650028
# [2024-04-15 13:11:00] INFO: Polyakov loop = (0.000422755,0.00080882)
# [2024-04-15 13:11:00] INFO: Writing conf to disk...
# [2024-04-15 13:11:00] INFO: writeconf_nersc: Writing NERSC configuration ./conf_s060t20_b0666300_a_U000332500
# [2024-04-15 13:11:03] INFO: Calculated checksum: 348b1068
# [2024-04-15 13:11:08] INFO: Calculated checksum: 564ffbea
# [2024-04-15 13:11:08] INFO: Writing RNGSTATE file: ./rand_s060t20_b0666300_a_U000332500
# [2024-04-15 13:11:08] INFO: Writing to disk took 7.79421 seconds
# [2024-04-15 13:11:08] INFO: ======================================================================
# [2024-04-15 13:11:08] INFO: Start sweeping...
# [2024-04-15 13:17:50] INFO: It took 401.494 seconds to do 500 HBOR sweeps.
# [2024-04-15 13:17:50] INFO: Plaquette = 0.650085
# [2024-04-15 13:17:50] INFO: Polyakov loop = (-0.000165225,-0.00140262)
# [2024-04-15 13:17:50] INFO: Writing conf to disk...
# [2024-04-15 13:17:50] INFO: writeconf_nersc: Writing NERSC configuration ./conf_s060t20_b0666300_a_U000333000
# [2024-04-15 13:17:53] INFO: Calculated checksum: 6e75c020
# [2024-04-15 13:17:58] INFO: Calculated checksum: a868f2
# [2024-04-15 13:17:58] INFO: Writing RNGSTATE file: ./rand_s060t20_b0666300_a_U000333000
# [2024-04-15 13:17:58] INFO: Writing to disk took 7.94994 seconds
# [2024-04-15 13:17:58] INFO: ======================================================================
# [2024-04-15 13:17:58] INFO: Start sweeping...
# [2024-04-15 13:24:39] INFO: It took 401.487 seconds to do 500 HBOR sweeps.
# [2024-04-15 13:24:39] INFO: Plaquette = 0.650181
# [2024-04-15 13:24:39] INFO: Polyakov loop = (-0.000140316,-0.000803901)
# [2024-04-15 13:24:39] INFO: Writing conf to disk...
# [2024-04-15 13:24:39] INFO: writeconf_nersc: Writing NERSC configuration ./conf_s060t20_b0666300_a_U000333500
# [2024-04-15 13:24:42] INFO: Calculated checksum: da504aa2
# [2024-04-15 13:24:47] INFO: Calculated checksum: 2e7877da
# [2024-04-15 13:24:47] INFO: Writing RNGSTATE file: ./rand_s060t20_b0666300_a_U000333500
# [2024-04-15 13:24:47] INFO: Writing to disk took 7.60378 seconds
# [2024-04-15 13:24:47] INFO: ======================================================================
# [2024-04-15 13:24:47] INFO: Start sweeping...
# [2024-04-15 13:31:28] INFO: It took 401.506 seconds to do 500 HBOR sweeps.
# [2024-04-15 13:31:28] INFO: Plaquette = 0.649978
# [2024-04-15 13:31:28] INFO: Polyakov loop = (-2.67438e-05,0.00136014)
# [2024-04-15 13:31:28] INFO: Writing conf to disk...
# [2024-04-15 13:31:28] INFO: writeconf_nersc: Writing NERSC configuration ./conf_s060t20_b0666300_a_U000334000
# [2024-04-15 13:31:33] INFO: Calculated checksum: e95ab21c
# [2024-04-15 13:31:38] INFO: Calculated checksum: aa3b9d4d
# [2024-04-15 13:31:38] INFO: Writing RNGSTATE file: ./rand_s060t20_b0666300_a_U000334000
# [2024-04-15 13:31:38] INFO: Writing to disk took 9.90043 seconds
# [2024-04-15 13:31:38] INFO: ======================================================================
# [2024-04-15 13:31:38] INFO: Start sweeping...
# [2024-04-15 13:38:20] INFO: It took 401.489 seconds to do 500 HBOR sweeps.
# [2024-04-15 13:38:20] INFO: Plaquette = 0.650063
# [2024-04-15 13:38:20] INFO: Polyakov loop = (0.000695652,-0.000203215)
# [2024-04-15 13:38:20] INFO: Writing conf to disk...
# [2024-04-15 13:38:20] INFO: writeconf_nersc: Writing NERSC configuration ./conf_s060t20_b0666300_a_U000334500
# [2024-04-15 13:38:23] INFO: Calculated checksum: adb1791b
# [2024-04-15 13:38:34] INFO: Calculated checksum: 9c95c2a4
# [2024-04-15 13:38:34] INFO: Writing RNGSTATE file: ./rand_s060t20_b0666300_a_U000334500
# [2024-04-15 13:38:34] INFO: Writing to disk took 14.3961 seconds
# [2024-04-15 13:38:34] INFO: ======================================================================
# [2024-04-15 13:38:34] INFO: Start sweeping...
# [2024-04-15 13:45:18] INFO: It took 403.631 seconds to do 500 HBOR sweeps.
# [2024-04-15 13:45:18] INFO: Plaquette = 0.650029
# [2024-04-15 13:45:18] INFO: Polyakov loop = (-3.5315e-05,-0.000497131)
# [2024-04-15 13:45:18] INFO: Writing conf to disk...
# [2024-04-15 13:45:18] INFO: writeconf_nersc: Writing NERSC configuration ./conf_s060t20_b0666300_a_U000335000
# [2024-04-15 13:45:21] INFO: Calculated checksum: 512005bd
# [2024-04-15 13:45:25] INFO: Calculated checksum: 751263d
# [2024-04-15 13:45:25] INFO: Writing RNGSTATE file: ./rand_s060t20_b0666300_a_U000335000
# [2024-04-15 13:45:25] INFO: Writing to disk took 7.41959 seconds
# [2024-04-15 13:45:25] INFO: ======================================================================
# [2024-04-15 13:45:25] INFO: Start sweeping...
# [2024-04-15 13:52:07] INFO: It took 401.501 seconds to do 500 HBOR sweeps.
# [2024-04-15 13:52:07] INFO: Plaquette = 0.650104
# [2024-04-15 13:52:07] INFO: Polyakov loop = (-0.000536047,-0.000740704)
# [2024-04-15 13:52:07] INFO: Writing conf to disk...
# [2024-04-15 13:52:07] INFO: writeconf_nersc: Writing NERSC configuration ./conf_s060t20_b0666300_a_U000335500
# [2024-04-15 13:52:10] INFO: Calculated checksum: 3ab49f1d
# [2024-04-15 13:52:14] INFO: Calculated checksum: e971a92a
# [2024-04-15 13:52:14] INFO: Writing RNGSTATE file: ./rand_s060t20_b0666300_a_U000335500
# [2024-04-15 13:52:14] INFO: Writing to disk took 7.50708 seconds
# [2024-04-15 13:52:14] INFO: ======================================================================
# [2024-04-15 13:52:14] INFO: Start sweeping...
# [2024-04-15 13:58:57] INFO: It took 402.937 seconds to do 500 HBOR sweeps.
# [2024-04-15 13:58:57] INFO: Plaquette = 0.650186
# [2024-04-15 13:58:57] INFO: Polyakov loop = (0.000711687,0.00021994)
# [2024-04-15 13:58:57] INFO: Writing conf to disk...
# [2024-04-15 13:58:57] INFO: writeconf_nersc: Writing NERSC configuration ./conf_s060t20_b0666300_a_U000336000
# [2024-04-15 13:59:00] INFO: Calculated checksum: 59f5dd16
# [2024-04-15 13:59:05] INFO: Calculated checksum: 77e76bb0
# [2024-04-15 13:59:05] INFO: Writing RNGSTATE file: ./rand_s060t20_b0666300_a_U000336000
# [2024-04-15 13:59:05] INFO: Writing to disk took 7.68074 seconds
# [2024-04-15 13:59:05] INFO: ======================================================================
# [2024-04-15 13:59:05] INFO: Start sweeping...
# [2024-04-15 14:05:48] INFO: It took 402.949 seconds to do 500 HBOR sweeps.
# [2024-04-15 14:05:48] INFO: Plaquette = 0.650079
# [2024-04-15 14:05:48] INFO: Polyakov loop = (0.000641183,-0.000122115)
# [2024-04-15 14:05:48] INFO: Writing conf to disk...
# [2024-04-15 14:05:48] INFO: writeconf_nersc: Writing NERSC configuration ./conf_s060t20_b0666300_a_U000336500
# [2024-04-15 14:05:51] INFO: Calculated checksum: 9f06f130
# [2024-04-15 14:05:56] INFO: Calculated checksum: 943f814e
# [2024-04-15 14:05:56] INFO: Writing RNGSTATE file: ./rand_s060t20_b0666300_a_U000336500
# [2024-04-15 14:05:56] INFO: Writing to disk took 7.75317 seconds
# [2024-04-15 14:05:56] INFO: ======================================================================
# [2024-04-15 14:05:56] INFO: Start sweeping...
# [2024-04-15 14:12:39] INFO: It took 403.025 seconds to do 500 HBOR sweeps.
# [2024-04-15 14:12:39] INFO: Plaquette = 0.650087
# [2024-04-15 14:12:39] INFO: Polyakov loop = (0.00031154,0.000220969)
# [2024-04-15 14:12:39] INFO: Writing conf to disk...
# [2024-04-15 14:12:39] INFO: writeconf_nersc: Writing NERSC configuration ./conf_s060t20_b0666300_a_U000337000
# [2024-04-15 14:12:42] INFO: Calculated checksum: d7844f00
# [2024-04-15 14:12:47] INFO: Calculated checksum: 6392b593
# [2024-04-15 14:12:47] INFO: Writing RNGSTATE file: ./rand_s060t20_b0666300_a_U000337000
# [2024-04-15 14:12:47] INFO: Writing to disk took 8.1688 seconds
# [2024-04-15 14:12:47] INFO: ======================================================================
# [2024-04-15 14:12:47] INFO: Start sweeping...
# [2024-04-15 14:19:30] INFO: It took 402.879 seconds to do 500 HBOR sweeps.
# [2024-04-15 14:19:30] INFO: Plaquette = 0.650092
# [2024-04-15 14:19:30] INFO: Polyakov loop = (0.000622383,-0.000121639)
# [2024-04-15 14:19:30] INFO: Writing conf to disk...
# [2024-04-15 14:19:30] INFO: writeconf_nersc: Writing NERSC configuration ./conf_s060t20_b0666300_a_U000337500
# [2024-04-15 14:19:33] INFO: Calculated checksum: 72c8e77c
# [2024-04-15 14:19:38] INFO: Calculated checksum: 7fcc9693
# [2024-04-15 14:19:38] INFO: Writing RNGSTATE file: ./rand_s060t20_b0666300_a_U000337500
# [2024-04-15 14:19:38] INFO: Writing to disk took 7.62706 seconds
# [2024-04-15 14:19:38] INFO: ======================================================================
# [2024-04-15 14:19:38] INFO: Start sweeping...
# [2024-04-15 14:26:20] INFO: It took 402.752 seconds to do 500 HBOR sweeps.
# [2024-04-15 14:26:20] INFO: Plaquette = 0.650146
# [2024-04-15 14:26:21] INFO: Polyakov loop = (0.000129772,-0.000318289)
# [2024-04-15 14:26:21] INFO: Writing conf to disk...
# [2024-04-15 14:26:21] INFO: writeconf_nersc: Writing NERSC configuration ./conf_s060t20_b0666300_a_U000338000
# [2024-04-15 14:26:23] INFO: Calculated checksum: 4ecb164b
# [2024-04-15 14:26:28] INFO: Calculated checksum: 21250d48
# [2024-04-15 14:26:28] INFO: Writing RNGSTATE file: ./rand_s060t20_b0666300_a_U000338000
# [2024-04-15 14:26:28] INFO: Writing to disk took 7.71152 seconds
# [2024-04-15 14:26:28] INFO: ======================================================================
# [2024-04-15 14:26:28] INFO: Start sweeping...
# [2024-04-15 14:33:10] INFO: It took 401.504 seconds to do 500 HBOR sweeps.
# [2024-04-15 14:33:10] INFO: Plaquette = 0.650099
# [2024-04-15 14:33:10] INFO: Polyakov loop = (0.000379588,-0.00110383)
# [2024-04-15 14:33:10] INFO: Writing conf to disk...
# [2024-04-15 14:33:10] INFO: writeconf_nersc: Writing NERSC configuration ./conf_s060t20_b0666300_a_U000338500
# [2024-04-15 14:33:13] INFO: Calculated checksum: 27760a01
# [2024-04-15 14:33:17] INFO: Calculated checksum: 684a43fb
# [2024-04-15 14:33:17] INFO: Writing RNGSTATE file: ./rand_s060t20_b0666300_a_U000338500
# [2024-04-15 14:33:17] INFO: Writing to disk took 7.63852 seconds
# [2024-04-15 14:33:17] INFO: ======================================================================
# [2024-04-15 14:33:17] INFO: Start sweeping...
# [2024-04-15 14:40:00] INFO: It took 402.469 seconds to do 500 HBOR sweeps.
# [2024-04-15 14:40:00] INFO: Plaquette = 0.650131
# [2024-04-15 14:40:00] INFO: Polyakov loop = (0.000160096,0.000622199)
# [2024-04-15 14:40:00] INFO: Writing conf to disk...
# [2024-04-15 14:40:00] INFO: writeconf_nersc: Writing NERSC configuration ./conf_s060t20_b0666300_a_U000339000
# [2024-04-15 14:40:03] INFO: Calculated checksum: caff9f82
# [2024-04-15 14:40:08] INFO: Calculated checksum: d4c72c0f
# [2024-04-15 14:40:08] INFO: Writing RNGSTATE file: ./rand_s060t20_b0666300_a_U000339000
# [2024-04-15 14:40:08] INFO: Writing to disk took 7.70244 seconds
# [2024-04-15 14:40:08] INFO: ======================================================================
# [2024-04-15 14:40:08] INFO: Start sweeping...
# [2024-04-15 14:46:51] INFO: It took 402.868 seconds to do 500 HBOR sweeps.
# [2024-04-15 14:46:51] INFO: Plaquette = 0.650117
# [2024-04-15 14:46:51] INFO: Polyakov loop = (-8.80468e-05,-0.000390053)
# [2024-04-15 14:46:51] INFO: Writing conf to disk...
# [2024-04-15 14:46:51] INFO: writeconf_nersc: Writing NERSC configuration ./conf_s060t20_b0666300_a_U000339500
# [2024-04-15 14:46:53] INFO: Calculated checksum: 463a91dd
# [2024-04-15 14:46:58] INFO: Calculated checksum: 52469d8c
# [2024-04-15 14:46:58] INFO: Writing RNGSTATE file: ./rand_s060t20_b0666300_a_U000339500
# [2024-04-15 14:46:58] INFO: Writing to disk took 7.63507 seconds
# [2024-04-15 14:46:58] INFO: ======================================================================
# [2024-04-15 14:46:58] INFO: Start sweeping...
# [2024-04-15 14:53:42] INFO: It took 404.014 seconds to do 500 HBOR sweeps.
# [2024-04-15 14:53:42] INFO: Plaquette = 0.650082
# [2024-04-15 14:53:42] INFO: Polyakov loop = (-0.000443874,0.000323162)
# [2024-04-15 14:53:42] INFO: Writing conf to disk...
# [2024-04-15 14:53:42] INFO: writeconf_nersc: Writing NERSC configuration ./conf_s060t20_b0666300_a_U000340000
# [2024-04-15 14:53:45] INFO: Calculated checksum: 2e92fcfa
# [2024-04-15 14:53:50] INFO: Calculated checksum: 1efbc851
# [2024-04-15 14:53:50] INFO: Writing RNGSTATE file: ./rand_s060t20_b0666300_a_U000340000
# [2024-04-15 14:53:50] INFO: Writing to disk took 7.90835 seconds
# [2024-04-15 14:53:50] INFO: ======================================================================
# [2024-04-15 14:53:50] INFO: Start sweeping...
# [2024-04-15 15:00:33] INFO: It took 402.682 seconds to do 500 HBOR sweeps.
# [2024-04-15 15:00:33] INFO: Plaquette = 0.650051
# [2024-04-15 15:00:33] INFO: Polyakov loop = (0.000360287,-0.000202278)
# [2024-04-15 15:00:33] INFO: Writing conf to disk...
# [2024-04-15 15:00:33] INFO: writeconf_nersc: Writing NERSC configuration ./conf_s060t20_b0666300_a_U000340500
# [2024-04-15 15:00:36] INFO: Calculated checksum: 257449b5
# [2024-04-15 15:00:40] INFO: Calculated checksum: 174e5d51
# [2024-04-15 15:00:40] INFO: Writing RNGSTATE file: ./rand_s060t20_b0666300_a_U000340500
# [2024-04-15 15:00:41] INFO: Writing to disk took 7.69006 seconds
# [2024-04-15 15:00:41] INFO: ======================================================================
# [2024-04-15 15:00:41] INFO: Start sweeping...
# [2024-04-15 15:07:22] INFO: It took 401.521 seconds to do 500 HBOR sweeps.
# [2024-04-15 15:07:22] INFO: Plaquette = 0.650084
# [2024-04-15 15:07:22] INFO: Polyakov loop = (-0.000782598,-0.000625783)
# [2024-04-15 15:07:22] INFO: Writing conf to disk...
# [2024-04-15 15:07:22] INFO: writeconf_nersc: Writing NERSC configuration ./conf_s060t20_b0666300_a_U000341000
# [2024-04-15 15:07:25] INFO: Calculated checksum: a2d942e
# [2024-04-15 15:07:30] INFO: Calculated checksum: 1a778540
# [2024-04-15 15:07:30] INFO: Writing RNGSTATE file: ./rand_s060t20_b0666300_a_U000341000
# [2024-04-15 15:07:30] INFO: Writing to disk took 7.68568 seconds
# [2024-04-15 15:07:30] INFO: ======================================================================
# [2024-04-15 15:07:30] INFO: Start sweeping...
# [2024-04-15 15:14:13] INFO: It took 402.684 seconds to do 500 HBOR sweeps.
# [2024-04-15 15:14:13] INFO: Plaquette = 0.650066
# [2024-04-15 15:14:13] INFO: Polyakov loop = (2.14696e-05,-0.000623335)
# [2024-04-15 15:14:13] INFO: Writing conf to disk...
# [2024-04-15 15:14:13] INFO: writeconf_nersc: Writing NERSC configuration ./conf_s060t20_b0666300_a_U000341500
# [2024-04-15 15:14:15] INFO: Calculated checksum: fc0729bd
# [2024-04-15 15:14:20] INFO: Calculated checksum: 81cee6d0
# [2024-04-15 15:14:20] INFO: Writing RNGSTATE file: ./rand_s060t20_b0666300_a_U000341500
# [2024-04-15 15:14:20] INFO: Writing to disk took 7.82173 seconds
# [2024-04-15 15:14:20] INFO: ======================================================================
# [2024-04-15 15:14:20] INFO: Start sweeping...
# [2024-04-15 15:21:05] INFO: It took 404.116 seconds to do 500 HBOR sweeps.
# [2024-04-15 15:21:05] INFO: Plaquette = 0.649963
# [2024-04-15 15:21:05] INFO: Polyakov loop = (5.19409e-05,-0.000876721)
# [2024-04-15 15:21:05] INFO: Writing conf to disk...
# [2024-04-15 15:21:05] INFO: writeconf_nersc: Writing NERSC configuration ./conf_s060t20_b0666300_a_U000342000
# [2024-04-15 15:21:07] INFO: Calculated checksum: e9b36df0
# [2024-04-15 15:21:12] INFO: Calculated checksum: c5d4a13e
# [2024-04-15 15:21:12] INFO: Writing RNGSTATE file: ./rand_s060t20_b0666300_a_U000342000
# [2024-04-15 15:21:12] INFO: Writing to disk took 7.65124 seconds
# [2024-04-15 15:21:12] INFO: ======================================================================
# [2024-04-15 15:21:12] INFO: Start sweeping...
# [2024-04-15 15:27:55] INFO: It took 402.829 seconds to do 500 HBOR sweeps.
# [2024-04-15 15:27:55] INFO: Plaquette = 0.650077
# [2024-04-15 15:27:55] INFO: Polyakov loop = (-0.000758581,-0.000110375)
# [2024-04-15 15:27:55] INFO: Writing conf to disk...
# [2024-04-15 15:27:55] INFO: writeconf_nersc: Writing NERSC configuration ./conf_s060t20_b0666300_a_U000342500
# [2024-04-15 15:27:58] INFO: Calculated checksum: 2c66c5fc
# [2024-04-15 15:28:03] INFO: Calculated checksum: d6394ad
# [2024-04-15 15:28:03] INFO: Writing RNGSTATE file: ./rand_s060t20_b0666300_a_U000342500
# [2024-04-15 15:28:03] INFO: Writing to disk took 7.64412 seconds
# [2024-04-15 15:28:03] INFO: ======================================================================
# [2024-04-15 15:28:03] INFO: Start sweeping...
# [2024-04-15 15:34:46] INFO: It took 402.9 seconds to do 500 HBOR sweeps.
# [2024-04-15 15:34:46] INFO: Plaquette = 0.650074
# [2024-04-15 15:34:46] INFO: Polyakov loop = (-4.65365e-05,0.00011781)
# [2024-04-15 15:34:46] INFO: Writing conf to disk...
# [2024-04-15 15:34:46] INFO: writeconf_nersc: Writing NERSC configuration ./conf_s060t20_b0666300_a_U000343000
# [2024-04-15 15:34:49] INFO: Calculated checksum: fa1d3fb0
# [2024-04-15 15:34:53] INFO: Calculated checksum: 3bbf1a20
# [2024-04-15 15:34:53] INFO: Writing RNGSTATE file: ./rand_s060t20_b0666300_a_U000343000
# [2024-04-15 15:34:53] INFO: Writing to disk took 7.70216 seconds
# [2024-04-15 15:34:53] INFO: ======================================================================
# [2024-04-15 15:34:53] INFO: Start sweeping...
# [2024-04-15 15:41:37] INFO: It took 404.032 seconds to do 500 HBOR sweeps.
# [2024-04-15 15:41:37] INFO: Plaquette = 0.650098
# [2024-04-15 15:41:37] INFO: Polyakov loop = (-0.000216139,-0.00065619)
# [2024-04-15 15:41:37] INFO: Writing conf to disk...
# [2024-04-15 15:41:37] INFO: writeconf_nersc: Writing NERSC configuration ./conf_s060t20_b0666300_a_U000343500
# [2024-04-15 15:41:40] INFO: Calculated checksum: c5402d84
# [2024-04-15 15:41:45] INFO: Calculated checksum: 2ae9d8fe
# [2024-04-15 15:41:45] INFO: Writing RNGSTATE file: ./rand_s060t20_b0666300_a_U000343500
# [2024-04-15 15:41:45] INFO: Writing to disk took 7.73903 seconds
# [2024-04-15 15:41:45] INFO: ======================================================================
# [2024-04-15 15:41:45] INFO: Start sweeping...
# [2024-04-15 15:48:28] INFO: It took 402.68 seconds to do 500 HBOR sweeps.
# [2024-04-15 15:48:28] INFO: Plaquette = 0.650109
# [2024-04-15 15:48:28] INFO: Polyakov loop = (-1.6568e-05,0.000348833)
# [2024-04-15 15:48:28] INFO: Writing conf to disk...
# [2024-04-15 15:48:28] INFO: writeconf_nersc: Writing NERSC configuration ./conf_s060t20_b0666300_a_U000344000
# [2024-04-15 15:48:31] INFO: Calculated checksum: 22528549
# [2024-04-15 15:48:36] INFO: Calculated checksum: f774df1d
# [2024-04-15 15:48:36] INFO: Writing RNGSTATE file: ./rand_s060t20_b0666300_a_U000344000
# [2024-04-15 15:48:36] INFO: Writing to disk took 7.69605 seconds
# [2024-04-15 15:48:36] INFO: ======================================================================
# [2024-04-15 15:48:36] INFO: Start sweeping...
# [2024-04-15 15:55:18] INFO: It took 402.775 seconds to do 500 HBOR sweeps.
# [2024-04-15 15:55:18] INFO: Plaquette = 0.650141
# [2024-04-15 15:55:18] INFO: Polyakov loop = (-0.00068748,0.000676735)
# [2024-04-15 15:55:18] INFO: Writing conf to disk...
# [2024-04-15 15:55:18] INFO: writeconf_nersc: Writing NERSC configuration ./conf_s060t20_b0666300_a_U000344500
# [2024-04-15 15:55:21] INFO: Calculated checksum: 7eff44a2
# [2024-04-15 15:55:26] INFO: Calculated checksum: 6431f54f
# [2024-04-15 15:55:26] INFO: Writing RNGSTATE file: ./rand_s060t20_b0666300_a_U000344500
# [2024-04-15 15:55:26] INFO: Writing to disk took 7.63483 seconds
# [2024-04-15 15:55:26] INFO: ======================================================================
# [2024-04-15 15:55:26] INFO: Start sweeping...
# [2024-04-15 16:02:09] INFO: It took 402.682 seconds to do 500 HBOR sweeps.
# [2024-04-15 16:02:09] INFO: Plaquette = 0.650066
# [2024-04-15 16:02:09] INFO: Polyakov loop = (-3.73236e-05,9.40022e-05)
# [2024-04-15 16:02:09] INFO: Writing conf to disk...
# [2024-04-15 16:02:09] INFO: writeconf_nersc: Writing NERSC configuration ./conf_s060t20_b0666300_a_U000345000
# [2024-04-15 16:02:12] INFO: Calculated checksum: 722622b9
# [2024-04-15 16:02:16] INFO: Calculated checksum: 31578387
# [2024-04-15 16:02:16] INFO: Writing RNGSTATE file: ./rand_s060t20_b0666300_a_U000345000
# [2024-04-15 16:02:17] INFO: Writing to disk took 7.71914 seconds
# [2024-04-15 16:02:17] INFO: ======================================================================
# [2024-04-15 16:02:17] INFO: Start sweeping...
# [2024-04-15 16:09:00] INFO: It took 403.022 seconds to do 500 HBOR sweeps.
# [2024-04-15 16:09:00] INFO: Plaquette = 0.650079
# [2024-04-15 16:09:00] INFO: Polyakov loop = (-0.000630497,-0.000350394)
# [2024-04-15 16:09:00] INFO: Writing conf to disk...
# [2024-04-15 16:09:00] INFO: writeconf_nersc: Writing NERSC configuration ./conf_s060t20_b0666300_a_U000345500
# [2024-04-15 16:09:03] INFO: Calculated checksum: 1fdd285a
# [2024-04-15 16:09:07] INFO: Calculated checksum: 661896e9
# [2024-04-15 16:09:07] INFO: Writing RNGSTATE file: ./rand_s060t20_b0666300_a_U000345500
# [2024-04-15 16:09:07] INFO: Writing to disk took 7.72549 seconds
# [2024-04-15 16:09:07] INFO: ======================================================================
# [2024-04-15 16:09:07] INFO: Start sweeping...
# [2024-04-15 16:15:50] INFO: It took 403.073 seconds to do 500 HBOR sweeps.
# [2024-04-15 16:15:50] INFO: Plaquette = 0.65006
# [2024-04-15 16:15:50] INFO: Polyakov loop = (0.000380861,-2.97836e-05)
# [2024-04-15 16:15:50] INFO: Writing conf to disk...
# [2024-04-15 16:15:50] INFO: writeconf_nersc: Writing NERSC configuration ./conf_s060t20_b0666300_a_U000346000
# [2024-04-15 16:15:53] INFO: Calculated checksum: c100cd80
# [2024-04-15 16:15:58] INFO: Calculated checksum: 956abb8c
# [2024-04-15 16:15:58] INFO: Writing RNGSTATE file: ./rand_s060t20_b0666300_a_U000346000
# [2024-04-15 16:15:58] INFO: Writing to disk took 7.71479 seconds
# [2024-04-15 16:15:58] INFO: ======================================================================
# [2024-04-15 16:15:58] INFO: Start sweeping...
# [2024-04-15 16:22:41] INFO: It took 402.849 seconds to do 500 HBOR sweeps.
# [2024-04-15 16:22:41] INFO: Plaquette = 0.650023
# [2024-04-15 16:22:41] INFO: Polyakov loop = (0.000384721,9.35131e-05)
# [2024-04-15 16:22:41] INFO: Writing conf to disk...
# [2024-04-15 16:22:41] INFO: writeconf_nersc: Writing NERSC configuration ./conf_s060t20_b0666300_a_U000346500
# [2024-04-15 16:22:44] INFO: Calculated checksum: cc56a018
# [2024-04-15 16:22:49] INFO: Calculated checksum: c3192c37
# [2024-04-15 16:22:49] INFO: Writing RNGSTATE file: ./rand_s060t20_b0666300_a_U000346500
# [2024-04-15 16:22:49] INFO: Writing to disk took 8.08453 seconds
# [2024-04-15 16:22:49] INFO: ======================================================================
# [2024-04-15 16:22:49] INFO: Start sweeping...
# [2024-04-15 16:29:32] INFO: It took 402.939 seconds to do 500 HBOR sweeps.
# [2024-04-15 16:29:32] INFO: Plaquette = 0.650092
# [2024-04-15 16:29:32] INFO: Polyakov loop = (0.00127146,0.000142566)
# [2024-04-15 16:29:32] INFO: Writing conf to disk...
# [2024-04-15 16:29:32] INFO: writeconf_nersc: Writing NERSC configuration ./conf_s060t20_b0666300_a_U000347000
# [2024-04-15 16:29:35] INFO: Calculated checksum: 63462f4d
# [2024-04-15 16:29:40] INFO: Calculated checksum: 24a82a66
# [2024-04-15 16:29:40] INFO: Writing RNGSTATE file: ./rand_s060t20_b0666300_a_U000347000
# [2024-04-15 16:29:40] INFO: Writing to disk took 7.83466 seconds
# [2024-04-15 16:29:40] INFO: ======================================================================
# [2024-04-15 16:29:40] INFO: Start sweeping...
# [2024-04-15 16:36:23] INFO: It took 402.764 seconds to do 500 HBOR sweeps.
# [2024-04-15 16:36:23] INFO: Plaquette = 0.650007
# [2024-04-15 16:36:23] INFO: Polyakov loop = (0.000187939,0.000393179)
# [2024-04-15 16:36:23] INFO: Writing conf to disk...
# [2024-04-15 16:36:23] INFO: writeconf_nersc: Writing NERSC configuration ./conf_s060t20_b0666300_a_U000347500
# [2024-04-15 16:36:26] INFO: Calculated checksum: 143be486
# [2024-04-15 16:36:30] INFO: Calculated checksum: a5fd0bd6
# [2024-04-15 16:36:30] INFO: Writing RNGSTATE file: ./rand_s060t20_b0666300_a_U000347500
# [2024-04-15 16:36:30] INFO: Writing to disk took 7.66801 seconds
# [2024-04-15 16:36:30] INFO: ======================================================================
# [2024-04-15 16:36:30] INFO: Start sweeping...
# [2024-04-15 16:43:12] INFO: It took 401.513 seconds to do 500 HBOR sweeps.
# [2024-04-15 16:43:12] INFO: Plaquette = 0.650083
# [2024-04-15 16:43:12] INFO: Polyakov loop = (-0.000440317,-0.000122841)
# [2024-04-15 16:43:12] INFO: Writing conf to disk...
# [2024-04-15 16:43:12] INFO: writeconf_nersc: Writing NERSC configuration ./conf_s060t20_b0666300_a_U000348000
# [2024-04-15 16:43:15] INFO: Calculated checksum: 59fd6b38
# [2024-04-15 16:43:20] INFO: Calculated checksum: 3f59f540
# [2024-04-15 16:43:20] INFO: Writing RNGSTATE file: ./rand_s060t20_b0666300_a_U000348000
# [2024-04-15 16:43:20] INFO: Writing to disk took 8.06202 seconds
# [2024-04-15 16:43:20] INFO: ======================================================================
# [2024-04-15 16:43:20] INFO: Start sweeping...
# [2024-04-15 16:50:02] INFO: It took 401.496 seconds to do 500 HBOR sweeps.
# [2024-04-15 16:50:02] INFO: Plaquette = 0.650061
# [2024-04-15 16:50:02] INFO: Polyakov loop = (-0.000897998,0.000360731)
# [2024-04-15 16:50:02] INFO: Writing conf to disk...
# [2024-04-15 16:50:02] INFO: writeconf_nersc: Writing NERSC configuration ./conf_s060t20_b0666300_a_U000348500
# [2024-04-15 16:50:05] INFO: Calculated checksum: 5fcb46f4
# [2024-04-15 16:50:09] INFO: Calculated checksum: e499f581
# [2024-04-15 16:50:09] INFO: Writing RNGSTATE file: ./rand_s060t20_b0666300_a_U000348500
# [2024-04-15 16:50:09] INFO: Writing to disk took 7.66497 seconds
# [2024-04-15 16:50:09] INFO: ======================================================================
# [2024-04-15 16:50:09] INFO: Start sweeping...
# [2024-04-15 16:56:51] INFO: It took 401.521 seconds to do 500 HBOR sweeps.
# [2024-04-15 16:56:51] INFO: Plaquette = 0.650111
# [2024-04-15 16:56:51] INFO: Polyakov loop = (8.87415e-05,0.00109713)
# [2024-04-15 16:56:51] INFO: Writing conf to disk...
# [2024-04-15 16:56:51] INFO: writeconf_nersc: Writing NERSC configuration ./conf_s060t20_b0666300_a_U000349000
# [2024-04-15 16:56:54] INFO: Calculated checksum: e0c548fe
# [2024-04-15 16:56:58] INFO: Calculated checksum: 9095213
# [2024-04-15 16:56:58] INFO: Writing RNGSTATE file: ./rand_s060t20_b0666300_a_U000349000
# [2024-04-15 16:56:58] INFO: Writing to disk took 7.22749 seconds
# [2024-04-15 16:56:58] INFO: ======================================================================
# [2024-04-15 16:56:58] INFO: Start sweeping...
# [2024-04-15 17:03:41] INFO: It took 403.006 seconds to do 500 HBOR sweeps.
# [2024-04-15 17:03:41] INFO: Plaquette = 0.650036
# [2024-04-15 17:03:41] INFO: Polyakov loop = (-0.000180152,0.000322681)
# [2024-04-15 17:03:41] INFO: Writing conf to disk...
# [2024-04-15 17:03:41] INFO: writeconf_nersc: Writing NERSC configuration ./conf_s060t20_b0666300_a_U000349500
# [2024-04-15 17:03:44] INFO: Calculated checksum: c2fedd45
# [2024-04-15 17:03:48] INFO: Calculated checksum: 3860f9ce
# [2024-04-15 17:03:48] INFO: Writing RNGSTATE file: ./rand_s060t20_b0666300_a_U000349500
# [2024-04-15 17:03:48] INFO: Writing to disk took 7.27971 seconds
# [2024-04-15 17:03:48] INFO: ======================================================================
# [2024-04-15 17:03:48] INFO: Start sweeping...
# [2024-04-15 17:10:31] INFO: It took 402.867 seconds to do 500 HBOR sweeps.
# [2024-04-15 17:10:31] INFO: Plaquette = 0.650089
# [2024-04-15 17:10:31] INFO: Polyakov loop = (0.00110836,-0.000654167)
# [2024-04-15 17:10:31] INFO: Writing conf to disk...
# [2024-04-15 17:10:31] INFO: writeconf_nersc: Writing NERSC configuration ./conf_s060t20_b0666300_a_U000350000
# [2024-04-15 17:10:34] INFO: Calculated checksum: 2e93beec
# [2024-04-15 17:10:39] INFO: Calculated checksum: 396a2661
# [2024-04-15 17:10:39] INFO: Writing RNGSTATE file: ./rand_s060t20_b0666300_a_U000350000
# [2024-04-15 17:10:39] INFO: Writing to disk took 7.25112 seconds
# [2024-04-15 17:10:39] INFO: Finalizing MPI
