
Currently Loaded Modules:
  1) chpc/1.0      (S)   3) gcc/8.5.0      5) mpich/3.4.2
  2) python/3.10.3       4) cmake/3.26.0   6) cuda/11.6.2 (g)

  Where:
   S:  Module is Sticky, requires --force to unload or purge
   g:  built for GPU

 

# [2024-04-22 23:47:15] INFO: Running SIMULATeQCD
# [2024-04-22 23:47:15] INFO: Git commit version: 43e2518
# [2024-04-22 23:47:15] INFO: Initializing MPI with (1 proc)
# [2024-04-22 23:47:15] INFO: Reading parameters from file :: GenerateQuenched_b6807.param
# [2024-04-22 23:47:15] INFO: # PARAM :: Lattice = 60 60 60 20 
# [2024-04-22 23:47:15] INFO: # PARAM :: Nodes = 1 1 1 1 
# [2024-04-22 23:47:15] INFO: # PARAM :: Topology = 0 0 0 0  (default)
# [2024-04-22 23:47:15] INFO: # PARAM :: beta = 6.807
# [2024-04-22 23:47:15] INFO: # PARAM :: format = nersc
# [2024-04-22 23:47:15] INFO: # PARAM :: endianness = auto
# [2024-04-22 23:47:15] INFO: # PARAM :: conf_nr = 350000
# [2024-04-22 23:47:15] INFO: # PARAM :: stream = a
# [2024-04-22 23:47:15] INFO: # PARAM :: prec_out = 0 (default)
# [2024-04-22 23:47:15] INFO: # PARAM :: measurements_dir = ./ (default)
# [2024-04-22 23:47:15] INFO: # PARAM :: use_unit_conf = 0 (default)
# [2024-04-22 23:47:15] INFO: # PARAM :: output_dir = .
# [2024-04-22 23:47:15] INFO: # PARAM :: nconfs = 100
# [2024-04-22 23:47:15] INFO: # PARAM :: nsweeps_ORperHB = 4
# [2024-04-22 23:47:15] INFO: # PARAM :: nsweeps_HBwithOR = 500
# [2024-04-22 23:47:15] INFO: # PARAM :: prev_conf = conf_s060t20_b0680700_a_U000350000
# [2024-04-22 23:47:15] INFO: # PARAM :: prev_rand = rand_s060t20_b0680700_a_U000350000
# [2024-04-22 23:47:15] INFO: > Running on:
# [2024-04-22 23:47:15] INFO: [Rank 0] > notch088 CPU_41 GPU_3B; MPI: world_rank=0, node_rank=0, coord: ( 0 0 0 0 )
# [2024-04-22 23:47:15] INFO: > Is MPI CUDA-aware? @compilation 
# [2024-04-22 23:47:15] INFO: > GPU compute capability: 75
# [2024-04-22 23:47:15] INFO: > Checking support for P2P (Peer-to-Peer) and UVA (Unified Virtual Addressing):
# [2024-04-22 23:47:15] INFO: [Rank 0] > notch088 GPU_3B(NVIDIA GeForce RTX 2080 Ti): P2P NO ; UVA YES
# [2024-04-22 23:47:15] INFO: Initialize Indexer with HaloDepth = 1[0;33m[0m
# [2024-04-22 23:47:15] INFO: Resuming previous run.
# [2024-04-22 23:47:15] INFO: readconf_nersc: Reading NERSC configuration conf_s060t20_b0680700_a_U000350000
# [2024-04-22 23:47:31] INFO: Next conf_number will be 350500
# [2024-04-22 23:47:31] INFO: Generating up to 100 confs with a separation of 500 HBOR sweeps (OR/HB = 4) ...
# [2024-04-22 23:47:31] INFO: ======================================================================
# [2024-04-22 23:47:31] INFO: Start sweeping...
# [2024-04-22 23:54:27] INFO: It took 415.32 seconds to do 500 HBOR sweeps.
# [2024-04-22 23:54:27] INFO: Plaquette = 0.659676
# [2024-04-22 23:54:27] INFO: Polyakov loop = (0.00134571,-0.000422913)
# [2024-04-22 23:54:27] INFO: Writing conf to disk...
# [2024-04-22 23:54:27] INFO: writeconf_nersc: Writing NERSC configuration ./conf_s060t20_b0680700_a_U000350500
# [2024-04-22 23:54:30] INFO: Calculated checksum: ff106285
# [2024-04-22 23:54:37] INFO: Calculated checksum: 25ffe47d
# [2024-04-22 23:54:37] INFO: Writing RNGSTATE file: ./rand_s060t20_b0680700_a_U000350500
# [2024-04-22 23:54:37] INFO: Writing to disk took 10.2225 seconds
# [2024-04-22 23:54:37] INFO: ======================================================================
# [2024-04-22 23:54:37] INFO: Start sweeping...
# [2024-04-23 00:01:34] INFO: It took 416.544 seconds to do 500 HBOR sweeps.
# [2024-04-23 00:01:34] INFO: Plaquette = 0.659665
# [2024-04-23 00:01:34] INFO: Polyakov loop = (0.00347356,8.83803e-05)
# [2024-04-23 00:01:34] INFO: Writing conf to disk...
# [2024-04-23 00:01:34] INFO: writeconf_nersc: Writing NERSC configuration ./conf_s060t20_b0680700_a_U000351000
# [2024-04-23 00:01:36] INFO: Calculated checksum: 46ff29cf
# [2024-04-23 00:01:45] INFO: Calculated checksum: 5d076407
# [2024-04-23 00:01:45] INFO: Writing RNGSTATE file: ./rand_s060t20_b0680700_a_U000351000
# [2024-04-23 00:01:45] INFO: Writing to disk took 11.2527 seconds
# [2024-04-23 00:01:45] INFO: ======================================================================
# [2024-04-23 00:01:45] INFO: Start sweeping...
# [2024-04-23 00:08:36] INFO: It took 411.08 seconds to do 500 HBOR sweeps.
# [2024-04-23 00:08:36] INFO: Plaquette = 0.659659
# [2024-04-23 00:08:36] INFO: Polyakov loop = (0.00221709,-0.00102996)
# [2024-04-23 00:08:36] INFO: Writing conf to disk...
# [2024-04-23 00:08:36] INFO: writeconf_nersc: Writing NERSC configuration ./conf_s060t20_b0680700_a_U000351500
# [2024-04-23 00:08:39] INFO: Calculated checksum: a85996de
# [2024-04-23 00:08:48] INFO: Calculated checksum: 87483106
# [2024-04-23 00:08:48] INFO: Writing RNGSTATE file: ./rand_s060t20_b0680700_a_U000351500
# [2024-04-23 00:08:48] INFO: Writing to disk took 12.2531 seconds
# [2024-04-23 00:08:48] INFO: ======================================================================
# [2024-04-23 00:08:48] INFO: Start sweeping...
# [2024-04-23 00:15:46] INFO: It took 418.174 seconds to do 500 HBOR sweeps.
# [2024-04-23 00:15:46] INFO: Plaquette = 0.659674
# [2024-04-23 00:15:46] INFO: Polyakov loop = (0.00241858,-0.000530858)
# [2024-04-23 00:15:46] INFO: Writing conf to disk...
# [2024-04-23 00:15:46] INFO: writeconf_nersc: Writing NERSC configuration ./conf_s060t20_b0680700_a_U000352000
# [2024-04-23 00:15:49] INFO: Calculated checksum: cab2c657
# [2024-04-23 00:16:00] INFO: Calculated checksum: 91a9a3fe
# [2024-04-23 00:16:00] INFO: Writing RNGSTATE file: ./rand_s060t20_b0680700_a_U000352000
# [2024-04-23 00:16:04] INFO: Writing to disk took 17.5041 seconds
# [2024-04-23 00:16:04] INFO: ======================================================================
# [2024-04-23 00:16:04] INFO: Start sweeping...
# [2024-04-23 00:23:02] INFO: It took 417.721 seconds to do 500 HBOR sweeps.
# [2024-04-23 00:23:02] INFO: Plaquette = 0.659614
# [2024-04-23 00:23:02] INFO: Polyakov loop = (0.00181983,-0.000538031)
# [2024-04-23 00:23:02] INFO: Writing conf to disk...
# [2024-04-23 00:23:02] INFO: writeconf_nersc: Writing NERSC configuration ./conf_s060t20_b0680700_a_U000352500
# [2024-04-23 00:23:05] INFO: Calculated checksum: 91474705
# [2024-04-23 00:23:13] INFO: Calculated checksum: 11848561
# [2024-04-23 00:23:13] INFO: Writing RNGSTATE file: ./rand_s060t20_b0680700_a_U000352500
# [2024-04-23 00:23:14] INFO: Writing to disk took 12.048 seconds
# [2024-04-23 00:23:14] INFO: ======================================================================
# [2024-04-23 00:23:14] INFO: Start sweeping...
# [2024-04-23 00:30:12] INFO: It took 418.12 seconds to do 500 HBOR sweeps.
# [2024-04-23 00:30:12] INFO: Plaquette = 0.659602
# [2024-04-23 00:30:12] INFO: Polyakov loop = (0.00342753,-0.000775566)
# [2024-04-23 00:30:12] INFO: Writing conf to disk...
# [2024-04-23 00:30:12] INFO: writeconf_nersc: Writing NERSC configuration ./conf_s060t20_b0680700_a_U000353000
# [2024-04-23 00:30:15] INFO: Calculated checksum: 40b1e8a7
# [2024-04-23 00:30:30] INFO: Calculated checksum: 32067d11
# [2024-04-23 00:30:30] INFO: Writing RNGSTATE file: ./rand_s060t20_b0680700_a_U000353000
# [2024-04-23 00:30:31] INFO: Writing to disk took 18.7608 seconds
# [2024-04-23 00:30:31] INFO: ======================================================================
# [2024-04-23 00:30:31] INFO: Start sweeping...
# [2024-04-23 00:37:27] INFO: It took 416.048 seconds to do 500 HBOR sweeps.
# [2024-04-23 00:37:27] INFO: Plaquette = 0.659622
# [2024-04-23 00:37:27] INFO: Polyakov loop = (0.00182758,-0.000306179)
# [2024-04-23 00:37:27] INFO: Writing conf to disk...
# [2024-04-23 00:37:27] INFO: writeconf_nersc: Writing NERSC configuration ./conf_s060t20_b0680700_a_U000353500
# [2024-04-23 00:37:30] INFO: Calculated checksum: 4ed4507e
# [2024-04-23 00:37:43] INFO: Calculated checksum: 4822173d
# [2024-04-23 00:37:43] INFO: Writing RNGSTATE file: ./rand_s060t20_b0680700_a_U000353500
# [2024-04-23 00:37:44] INFO: Writing to disk took 16.9629 seconds
# [2024-04-23 00:37:44] INFO: ======================================================================
# [2024-04-23 00:37:44] INFO: Start sweeping...
# [2024-04-23 00:44:38] INFO: It took 413.797 seconds to do 500 HBOR sweeps.
# [2024-04-23 00:44:38] INFO: Plaquette = 0.659711
# [2024-04-23 00:44:38] INFO: Polyakov loop = (0.00277734,0.00102312)
# [2024-04-23 00:44:38] INFO: Writing conf to disk...
# [2024-04-23 00:44:38] INFO: writeconf_nersc: Writing NERSC configuration ./conf_s060t20_b0680700_a_U000354000
# [2024-04-23 00:44:40] INFO: Calculated checksum: 3d902586
# [2024-04-23 00:44:54] INFO: Calculated checksum: d5166acd
# [2024-04-23 00:44:54] INFO: Writing RNGSTATE file: ./rand_s060t20_b0680700_a_U000354000
# [2024-04-23 00:44:56] INFO: Writing to disk took 18.8208 seconds
# [2024-04-23 00:44:56] INFO: ======================================================================
# [2024-04-23 00:44:56] INFO: Start sweeping...
# [2024-04-23 00:51:50] INFO: It took 413.174 seconds to do 500 HBOR sweeps.
# [2024-04-23 00:51:50] INFO: Plaquette = 0.659676
# [2024-04-23 00:51:50] INFO: Polyakov loop = (0.00225638,0.000239557)
# [2024-04-23 00:51:50] INFO: Writing conf to disk...
# [2024-04-23 00:51:50] INFO: writeconf_nersc: Writing NERSC configuration ./conf_s060t20_b0680700_a_U000354500
# [2024-04-23 00:51:54] INFO: Calculated checksum: 929e3f3e
# [2024-04-23 00:52:03] INFO: Calculated checksum: af682c88
# [2024-04-23 00:52:03] INFO: Writing RNGSTATE file: ./rand_s060t20_b0680700_a_U000354500
# [2024-04-23 00:52:03] INFO: Writing to disk took 13.4561 seconds
# [2024-04-23 00:52:03] INFO: ======================================================================
# [2024-04-23 00:52:03] INFO: Start sweeping...
# [2024-04-23 00:58:52] INFO: It took 408.98 seconds to do 500 HBOR sweeps.
# [2024-04-23 00:58:52] INFO: Plaquette = 0.659755
# [2024-04-23 00:58:52] INFO: Polyakov loop = (0.00308246,-0.000579678)
# [2024-04-23 00:58:52] INFO: Writing conf to disk...
# [2024-04-23 00:58:52] INFO: writeconf_nersc: Writing NERSC configuration ./conf_s060t20_b0680700_a_U000355000
# [2024-04-23 00:58:55] INFO: Calculated checksum: b38afb41
# [2024-04-23 00:59:10] INFO: Calculated checksum: c2bb29bf
# [2024-04-23 00:59:10] INFO: Writing RNGSTATE file: ./rand_s060t20_b0680700_a_U000355000
# [2024-04-23 00:59:10] INFO: Writing to disk took 17.5226 seconds
# [2024-04-23 00:59:10] INFO: ======================================================================
# [2024-04-23 00:59:10] INFO: Start sweeping...
# [2024-04-23 01:06:00] INFO: It took 409.867 seconds to do 500 HBOR sweeps.
# [2024-04-23 01:06:00] INFO: Plaquette = 0.659694
# [2024-04-23 01:06:00] INFO: Polyakov loop = (0.00239987,-0.000504344)
# [2024-04-23 01:06:00] INFO: Writing conf to disk...
# [2024-04-23 01:06:00] INFO: writeconf_nersc: Writing NERSC configuration ./conf_s060t20_b0680700_a_U000355500
# [2024-04-23 01:06:03] INFO: Calculated checksum: 1ed45218
# [2024-04-23 01:06:15] INFO: Calculated checksum: 8c156303
# [2024-04-23 01:06:15] INFO: Writing RNGSTATE file: ./rand_s060t20_b0680700_a_U000355500
# [2024-04-23 01:06:16] INFO: Writing to disk took 15.6852 seconds
# [2024-04-23 01:06:16] INFO: ======================================================================
# [2024-04-23 01:06:16] INFO: Start sweeping...
# [2024-04-23 01:13:04] INFO: It took 408.929 seconds to do 500 HBOR sweeps.
# [2024-04-23 01:13:05] INFO: Plaquette = 0.659666
# [2024-04-23 01:13:05] INFO: Polyakov loop = (0.00296195,-0.000610329)
# [2024-04-23 01:13:05] INFO: Writing conf to disk...
# [2024-04-23 01:13:05] INFO: writeconf_nersc: Writing NERSC configuration ./conf_s060t20_b0680700_a_U000356000
# [2024-04-23 01:13:07] INFO: Calculated checksum: d5e7d6eb
# [2024-04-23 01:13:14] INFO: Calculated checksum: de834449
# [2024-04-23 01:13:14] INFO: Writing RNGSTATE file: ./rand_s060t20_b0680700_a_U000356000
# [2024-04-23 01:13:15] INFO: Writing to disk took 9.98088 seconds
# [2024-04-23 01:13:15] INFO: ======================================================================
# [2024-04-23 01:13:15] INFO: Start sweeping...
# [2024-04-23 01:20:04] INFO: It took 409.767 seconds to do 500 HBOR sweeps.
# [2024-04-23 01:20:04] INFO: Plaquette = 0.659772
# [2024-04-23 01:20:04] INFO: Polyakov loop = (0.00236762,-0.000288805)
# [2024-04-23 01:20:04] INFO: Writing conf to disk...
# [2024-04-23 01:20:04] INFO: writeconf_nersc: Writing NERSC configuration ./conf_s060t20_b0680700_a_U000356500
# [2024-04-23 01:20:07] INFO: Calculated checksum: 2a7d2f1a
# [2024-04-23 01:20:27] INFO: Calculated checksum: 91bdb6b7
# [2024-04-23 01:20:27] INFO: Writing RNGSTATE file: ./rand_s060t20_b0680700_a_U000356500
# [2024-04-23 01:20:27] INFO: Writing to disk took 22.6932 seconds
# [2024-04-23 01:20:27] INFO: ======================================================================
# [2024-04-23 01:20:27] INFO: Start sweeping...
# [2024-04-23 01:27:19] INFO: It took 411.422 seconds to do 500 HBOR sweeps.
# [2024-04-23 01:27:19] INFO: Plaquette = 0.65968
# [2024-04-23 01:27:19] INFO: Polyakov loop = (0.00205539,-0.000584451)
# [2024-04-23 01:27:19] INFO: Writing conf to disk...
# [2024-04-23 01:27:19] INFO: writeconf_nersc: Writing NERSC configuration ./conf_s060t20_b0680700_a_U000357000
# [2024-04-23 01:27:21] INFO: Calculated checksum: 3d7b7d7e
# [2024-04-23 01:27:28] INFO: Calculated checksum: 833aa8a
# [2024-04-23 01:27:28] INFO: Writing RNGSTATE file: ./rand_s060t20_b0680700_a_U000357000
# [2024-04-23 01:27:28] INFO: Writing to disk took 9.42042 seconds
# [2024-04-23 01:27:28] INFO: ======================================================================
# [2024-04-23 01:27:28] INFO: Start sweeping...
# [2024-04-23 01:34:19] INFO: It took 411.359 seconds to do 500 HBOR sweeps.
# [2024-04-23 01:34:19] INFO: Plaquette = 0.65971
# [2024-04-23 01:34:19] INFO: Polyakov loop = (0.0017275,0.000333695)
# [2024-04-23 01:34:19] INFO: Writing conf to disk...
# [2024-04-23 01:34:19] INFO: writeconf_nersc: Writing NERSC configuration ./conf_s060t20_b0680700_a_U000357500
# [2024-04-23 01:34:22] INFO: Calculated checksum: e1bde3a0
# [2024-04-23 01:34:31] INFO: Calculated checksum: 71b4e8df
# [2024-04-23 01:34:31] INFO: Writing RNGSTATE file: ./rand_s060t20_b0680700_a_U000357500
# [2024-04-23 01:34:32] INFO: Writing to disk took 12.1434 seconds
# [2024-04-23 01:34:32] INFO: ======================================================================
# [2024-04-23 01:34:32] INFO: Start sweeping...
# [2024-04-23 01:41:24] INFO: It took 412.711 seconds to do 500 HBOR sweeps.
# [2024-04-23 01:41:24] INFO: Plaquette = 0.659618
# [2024-04-23 01:41:24] INFO: Polyakov loop = (0.0029286,-7.96573e-05)
# [2024-04-23 01:41:24] INFO: Writing conf to disk...
# [2024-04-23 01:41:24] INFO: writeconf_nersc: Writing NERSC configuration ./conf_s060t20_b0680700_a_U000358000
# [2024-04-23 01:41:27] INFO: Calculated checksum: a465e664
# [2024-04-23 01:41:35] INFO: Calculated checksum: 10156238
# [2024-04-23 01:41:35] INFO: Writing RNGSTATE file: ./rand_s060t20_b0680700_a_U000358000
# [2024-04-23 01:41:35] INFO: Writing to disk took 10.4432 seconds
# [2024-04-23 01:41:35] INFO: ======================================================================
# [2024-04-23 01:41:35] INFO: Start sweeping...
# [2024-04-23 01:48:27] INFO: It took 412.188 seconds to do 500 HBOR sweeps.
# [2024-04-23 01:48:27] INFO: Plaquette = 0.659604
# [2024-04-23 01:48:27] INFO: Polyakov loop = (0.0031644,0.000250643)
# [2024-04-23 01:48:27] INFO: Writing conf to disk...
# [2024-04-23 01:48:27] INFO: writeconf_nersc: Writing NERSC configuration ./conf_s060t20_b0680700_a_U000358500
# [2024-04-23 01:48:30] INFO: Calculated checksum: a3c9beab
# [2024-04-23 01:48:36] INFO: Calculated checksum: 34c7adea
# [2024-04-23 01:48:36] INFO: Writing RNGSTATE file: ./rand_s060t20_b0680700_a_U000358500
# [2024-04-23 01:48:36] INFO: Writing to disk took 9.42246 seconds
# [2024-04-23 01:48:36] INFO: ======================================================================
# [2024-04-23 01:48:36] INFO: Start sweeping...
# [2024-04-23 01:55:28] INFO: It took 411.065 seconds to do 500 HBOR sweeps.
# [2024-04-23 01:55:28] INFO: Plaquette = 0.659706
# [2024-04-23 01:55:28] INFO: Polyakov loop = (0.00292584,0.00065908)
# [2024-04-23 01:55:28] INFO: Writing conf to disk...
# [2024-04-23 01:55:28] INFO: writeconf_nersc: Writing NERSC configuration ./conf_s060t20_b0680700_a_U000359000
# [2024-04-23 01:55:30] INFO: Calculated checksum: 9eddc71c
# [2024-04-23 01:55:47] INFO: Calculated checksum: e50a4d93
# [2024-04-23 01:55:47] INFO: Writing RNGSTATE file: ./rand_s060t20_b0680700_a_U000359000
# [2024-04-23 01:55:47] INFO: Writing to disk took 19.4388 seconds
# [2024-04-23 01:55:47] INFO: ======================================================================
# [2024-04-23 01:55:47] INFO: Start sweeping...
# [2024-04-23 02:02:37] INFO: It took 410.221 seconds to do 500 HBOR sweeps.
# [2024-04-23 02:02:37] INFO: Plaquette = 0.659648
# [2024-04-23 02:02:37] INFO: Polyakov loop = (0.00123534,0.000415051)
# [2024-04-23 02:02:37] INFO: Writing conf to disk...
# [2024-04-23 02:02:37] INFO: writeconf_nersc: Writing NERSC configuration ./conf_s060t20_b0680700_a_U000359500
# [2024-04-23 02:02:40] INFO: Calculated checksum: 580e9f4
# [2024-04-23 02:02:49] INFO: Calculated checksum: 239185f4
# [2024-04-23 02:02:49] INFO: Writing RNGSTATE file: ./rand_s060t20_b0680700_a_U000359500
# [2024-04-23 02:02:50] INFO: Writing to disk took 12.7714 seconds
# [2024-04-23 02:02:50] INFO: ======================================================================
# [2024-04-23 02:02:50] INFO: Start sweeping...
# [2024-04-23 02:09:41] INFO: It took 411.175 seconds to do 500 HBOR sweeps.
# [2024-04-23 02:09:41] INFO: Plaquette = 0.659708
# [2024-04-23 02:09:41] INFO: Polyakov loop = (0.00300625,0.000180185)
# [2024-04-23 02:09:41] INFO: Writing conf to disk...
# [2024-04-23 02:09:41] INFO: writeconf_nersc: Writing NERSC configuration ./conf_s060t20_b0680700_a_U000360000
# [2024-04-23 02:09:44] INFO: Calculated checksum: d08833da
# [2024-04-23 02:09:50] INFO: Calculated checksum: d278e0c6
# [2024-04-23 02:09:50] INFO: Writing RNGSTATE file: ./rand_s060t20_b0680700_a_U000360000
# [2024-04-23 02:09:50] INFO: Writing to disk took 9.12288 seconds
# [2024-04-23 02:09:50] INFO: ======================================================================
# [2024-04-23 02:09:50] INFO: Start sweeping...
# [2024-04-23 02:16:41] INFO: It took 410.312 seconds to do 500 HBOR sweeps.
# [2024-04-23 02:16:41] INFO: Plaquette = 0.659729
# [2024-04-23 02:16:41] INFO: Polyakov loop = (0.00192886,0.000779186)
# [2024-04-23 02:16:41] INFO: Writing conf to disk...
# [2024-04-23 02:16:41] INFO: writeconf_nersc: Writing NERSC configuration ./conf_s060t20_b0680700_a_U000360500
# [2024-04-23 02:16:44] INFO: Calculated checksum: 61888d55
# [2024-04-23 02:16:50] INFO: Calculated checksum: 79219064
# [2024-04-23 02:16:50] INFO: Writing RNGSTATE file: ./rand_s060t20_b0680700_a_U000360500
# [2024-04-23 02:16:50] INFO: Writing to disk took 9.46049 seconds
# [2024-04-23 02:16:50] INFO: ======================================================================
# [2024-04-23 02:16:50] INFO: Start sweeping...
# [2024-04-23 02:23:40] INFO: It took 410.149 seconds to do 500 HBOR sweeps.
# [2024-04-23 02:23:40] INFO: Plaquette = 0.659575
# [2024-04-23 02:23:40] INFO: Polyakov loop = (0.00198389,0.000526051)
# [2024-04-23 02:23:40] INFO: Writing conf to disk...
# [2024-04-23 02:23:40] INFO: writeconf_nersc: Writing NERSC configuration ./conf_s060t20_b0680700_a_U000361000
# [2024-04-23 02:23:43] INFO: Calculated checksum: 8bb9646c
# [2024-04-23 02:23:48] INFO: Calculated checksum: fcca1647
# [2024-04-23 02:23:48] INFO: Writing RNGSTATE file: ./rand_s060t20_b0680700_a_U000361000
# [2024-04-23 02:23:48] INFO: Writing to disk took 7.71723 seconds
# [2024-04-23 02:23:48] INFO: ======================================================================
# [2024-04-23 02:23:48] INFO: Start sweeping...
# [2024-04-23 02:30:41] INFO: It took 412.472 seconds to do 500 HBOR sweeps.
# [2024-04-23 02:30:41] INFO: Plaquette = 0.659681
# [2024-04-23 02:30:41] INFO: Polyakov loop = (0.00301006,0.000271691)
# [2024-04-23 02:30:41] INFO: Writing conf to disk...
# [2024-04-23 02:30:41] INFO: writeconf_nersc: Writing NERSC configuration ./conf_s060t20_b0680700_a_U000361500
# [2024-04-23 02:30:43] INFO: Calculated checksum: f62d89ef
# [2024-04-23 02:30:48] INFO: Calculated checksum: f3a9458a
# [2024-04-23 02:30:48] INFO: Writing RNGSTATE file: ./rand_s060t20_b0680700_a_U000361500
# [2024-04-23 02:30:48] INFO: Writing to disk took 7.5776 seconds
# [2024-04-23 02:30:48] INFO: ======================================================================
# [2024-04-23 02:30:48] INFO: Start sweeping...
# [2024-04-23 02:37:39] INFO: It took 410.692 seconds to do 500 HBOR sweeps.
# [2024-04-23 02:37:39] INFO: Plaquette = 0.659738
# [2024-04-23 02:37:39] INFO: Polyakov loop = (0.00142184,-0.000228638)
# [2024-04-23 02:37:39] INFO: Writing conf to disk...
# [2024-04-23 02:37:39] INFO: writeconf_nersc: Writing NERSC configuration ./conf_s060t20_b0680700_a_U000362000
# [2024-04-23 02:37:42] INFO: Calculated checksum: 224dd11a
# [2024-04-23 02:37:47] INFO: Calculated checksum: 60f76d11
# [2024-04-23 02:37:47] INFO: Writing RNGSTATE file: ./rand_s060t20_b0680700_a_U000362000
# [2024-04-23 02:37:47] INFO: Writing to disk took 7.69186 seconds
# [2024-04-23 02:37:47] INFO: ======================================================================
# [2024-04-23 02:37:47] INFO: Start sweeping...
# [2024-04-23 02:44:37] INFO: It took 410.739 seconds to do 500 HBOR sweeps.
# [2024-04-23 02:44:37] INFO: Plaquette = 0.659694
# [2024-04-23 02:44:37] INFO: Polyakov loop = (0.00264337,0.000720661)
# [2024-04-23 02:44:37] INFO: Writing conf to disk...
# [2024-04-23 02:44:37] INFO: writeconf_nersc: Writing NERSC configuration ./conf_s060t20_b0680700_a_U000362500
# [2024-04-23 02:44:40] INFO: Calculated checksum: 61c67ad5
# [2024-04-23 02:44:45] INFO: Calculated checksum: a1803417
# [2024-04-23 02:44:45] INFO: Writing RNGSTATE file: ./rand_s060t20_b0680700_a_U000362500
# [2024-04-23 02:44:45] INFO: Writing to disk took 7.63105 seconds
# [2024-04-23 02:44:45] INFO: ======================================================================
# [2024-04-23 02:44:45] INFO: Start sweeping...
# [2024-04-23 02:51:36] INFO: It took 410.873 seconds to do 500 HBOR sweeps.
# [2024-04-23 02:51:36] INFO: Plaquette = 0.65967
# [2024-04-23 02:51:36] INFO: Polyakov loop = (0.00253685,0.000130799)
# [2024-04-23 02:51:36] INFO: Writing conf to disk...
# [2024-04-23 02:51:36] INFO: writeconf_nersc: Writing NERSC configuration ./conf_s060t20_b0680700_a_U000363000
# [2024-04-23 02:51:39] INFO: Calculated checksum: f3bd5d18
# [2024-04-23 02:51:44] INFO: Calculated checksum: 44c5bdbd
# [2024-04-23 02:51:44] INFO: Writing RNGSTATE file: ./rand_s060t20_b0680700_a_U000363000
# [2024-04-23 02:51:44] INFO: Writing to disk took 7.87336 seconds
# [2024-04-23 02:51:44] INFO: ======================================================================
# [2024-04-23 02:51:44] INFO: Start sweeping...
# [2024-04-23 02:58:34] INFO: It took 409.877 seconds to do 500 HBOR sweeps.
# [2024-04-23 02:58:34] INFO: Plaquette = 0.659684
# [2024-04-23 02:58:34] INFO: Polyakov loop = (0.0030552,-0.000717653)
# [2024-04-23 02:58:34] INFO: Writing conf to disk...
# [2024-04-23 02:58:34] INFO: writeconf_nersc: Writing NERSC configuration ./conf_s060t20_b0680700_a_U000363500
# [2024-04-23 02:58:37] INFO: Calculated checksum: 6d4452af
# [2024-04-23 02:58:41] INFO: Calculated checksum: 76cb27eb
# [2024-04-23 02:58:41] INFO: Writing RNGSTATE file: ./rand_s060t20_b0680700_a_U000363500
# [2024-04-23 02:58:41] INFO: Writing to disk took 7.65176 seconds
# [2024-04-23 02:58:41] INFO: ======================================================================
# [2024-04-23 02:58:41] INFO: Start sweeping...
# [2024-04-23 03:05:31] INFO: It took 410.02 seconds to do 500 HBOR sweeps.
# [2024-04-23 03:05:32] INFO: Plaquette = 0.659647
# [2024-04-23 03:05:32] INFO: Polyakov loop = (0.00267359,2.9859e-05)
# [2024-04-23 03:05:32] INFO: Writing conf to disk...
# [2024-04-23 03:05:32] INFO: writeconf_nersc: Writing NERSC configuration ./conf_s060t20_b0680700_a_U000364000
# [2024-04-23 03:05:34] INFO: Calculated checksum: e08bb0cf
# [2024-04-23 03:05:39] INFO: Calculated checksum: 36a0ec3b
# [2024-04-23 03:05:39] INFO: Writing RNGSTATE file: ./rand_s060t20_b0680700_a_U000364000
# [2024-04-23 03:05:39] INFO: Writing to disk took 7.60857 seconds
# [2024-04-23 03:05:39] INFO: ======================================================================
# [2024-04-23 03:05:39] INFO: Start sweeping...
# [2024-04-23 03:12:31] INFO: It took 411.462 seconds to do 500 HBOR sweeps.
# [2024-04-23 03:12:31] INFO: Plaquette = 0.659774
# [2024-04-23 03:12:31] INFO: Polyakov loop = (0.00209545,-0.000219227)
# [2024-04-23 03:12:31] INFO: Writing conf to disk...
# [2024-04-23 03:12:31] INFO: writeconf_nersc: Writing NERSC configuration ./conf_s060t20_b0680700_a_U000364500
# [2024-04-23 03:12:33] INFO: Calculated checksum: e927e8d6
# [2024-04-23 03:12:38] INFO: Calculated checksum: 730a4125
# [2024-04-23 03:12:38] INFO: Writing RNGSTATE file: ./rand_s060t20_b0680700_a_U000364500
# [2024-04-23 03:12:38] INFO: Writing to disk took 7.73221 seconds
# [2024-04-23 03:12:38] INFO: ======================================================================
# [2024-04-23 03:12:38] INFO: Start sweeping...
# [2024-04-23 03:19:29] INFO: It took 410.924 seconds to do 500 HBOR sweeps.
# [2024-04-23 03:19:29] INFO: Plaquette = 0.659698
# [2024-04-23 03:19:29] INFO: Polyakov loop = (0.00262429,0.000289435)
# [2024-04-23 03:19:29] INFO: Writing conf to disk...
# [2024-04-23 03:19:29] INFO: writeconf_nersc: Writing NERSC configuration ./conf_s060t20_b0680700_a_U000365000
# [2024-04-23 03:19:32] INFO: Calculated checksum: fef02c0
# [2024-04-23 03:19:37] INFO: Calculated checksum: d80c1ada
# [2024-04-23 03:19:37] INFO: Writing RNGSTATE file: ./rand_s060t20_b0680700_a_U000365000
# [2024-04-23 03:19:37] INFO: Writing to disk took 7.77177 seconds
# [2024-04-23 03:19:37] INFO: ======================================================================
# [2024-04-23 03:19:37] INFO: Start sweeping...
# [2024-04-23 03:26:28] INFO: It took 411.061 seconds to do 500 HBOR sweeps.
# [2024-04-23 03:26:28] INFO: Plaquette = 0.65976
# [2024-04-23 03:26:28] INFO: Polyakov loop = (0.00225638,-0.000394925)
# [2024-04-23 03:26:28] INFO: Writing conf to disk...
# [2024-04-23 03:26:28] INFO: writeconf_nersc: Writing NERSC configuration ./conf_s060t20_b0680700_a_U000365500
# [2024-04-23 03:26:31] INFO: Calculated checksum: 710c8c2c
# [2024-04-23 03:26:36] INFO: Calculated checksum: a2c28f92
# [2024-04-23 03:26:36] INFO: Writing RNGSTATE file: ./rand_s060t20_b0680700_a_U000365500
# [2024-04-23 03:26:36] INFO: Writing to disk took 7.72046 seconds
# [2024-04-23 03:26:36] INFO: ======================================================================
# [2024-04-23 03:26:36] INFO: Start sweeping...
# [2024-04-23 03:33:28] INFO: It took 411.807 seconds to do 500 HBOR sweeps.
# [2024-04-23 03:33:28] INFO: Plaquette = 0.659713
# [2024-04-23 03:33:28] INFO: Polyakov loop = (0.00204531,-0.000818592)
# [2024-04-23 03:33:28] INFO: Writing conf to disk...
# [2024-04-23 03:33:28] INFO: writeconf_nersc: Writing NERSC configuration ./conf_s060t20_b0680700_a_U000366000
# [2024-04-23 03:33:31] INFO: Calculated checksum: 6650edfe
# [2024-04-23 03:33:35] INFO: Calculated checksum: 9cb1b1c2
# [2024-04-23 03:33:35] INFO: Writing RNGSTATE file: ./rand_s060t20_b0680700_a_U000366000
# [2024-04-23 03:33:35] INFO: Writing to disk took 7.68163 seconds
# [2024-04-23 03:33:35] INFO: ======================================================================
# [2024-04-23 03:33:35] INFO: Start sweeping...
# [2024-04-23 03:40:32] INFO: It took 416.76 seconds to do 500 HBOR sweeps.
# [2024-04-23 03:40:32] INFO: Plaquette = 0.65965
# [2024-04-23 03:40:32] INFO: Polyakov loop = (0.00249278,-9.70711e-05)
# [2024-04-23 03:40:32] INFO: Writing conf to disk...
# [2024-04-23 03:40:32] INFO: writeconf_nersc: Writing NERSC configuration ./conf_s060t20_b0680700_a_U000366500
# [2024-04-23 03:40:35] INFO: Calculated checksum: cc8a215c
# [2024-04-23 03:40:41] INFO: Calculated checksum: a3a84fb2
# [2024-04-23 03:40:41] INFO: Writing RNGSTATE file: ./rand_s060t20_b0680700_a_U000366500
# [2024-04-23 03:40:41] INFO: Writing to disk took 8.44229 seconds
# [2024-04-23 03:40:41] INFO: ======================================================================
# [2024-04-23 03:40:41] INFO: Start sweeping...
# [2024-04-23 03:47:34] INFO: It took 413.351 seconds to do 500 HBOR sweeps.
# [2024-04-23 03:47:34] INFO: Plaquette = 0.659663
# [2024-04-23 03:47:34] INFO: Polyakov loop = (0.00180471,3.76575e-05)
# [2024-04-23 03:47:34] INFO: Writing conf to disk...
# [2024-04-23 03:47:34] INFO: writeconf_nersc: Writing NERSC configuration ./conf_s060t20_b0680700_a_U000367000
# [2024-04-23 03:47:37] INFO: Calculated checksum: b0f3ebdc
# [2024-04-23 03:47:42] INFO: Calculated checksum: 3e1a83f5
# [2024-04-23 03:47:42] INFO: Writing RNGSTATE file: ./rand_s060t20_b0680700_a_U000367000
# [2024-04-23 03:47:42] INFO: Writing to disk took 7.65147 seconds
# [2024-04-23 03:47:42] INFO: ======================================================================
# [2024-04-23 03:47:42] INFO: Start sweeping...
# [2024-04-23 03:54:38] INFO: It took 415.803 seconds to do 500 HBOR sweeps.
# [2024-04-23 03:54:38] INFO: Plaquette = 0.659697
# [2024-04-23 03:54:38] INFO: Polyakov loop = (0.00280163,-0.000251361)
# [2024-04-23 03:54:38] INFO: Writing conf to disk...
# [2024-04-23 03:54:38] INFO: writeconf_nersc: Writing NERSC configuration ./conf_s060t20_b0680700_a_U000367500
# [2024-04-23 03:54:40] INFO: Calculated checksum: 30dbe752
# [2024-04-23 03:54:45] INFO: Calculated checksum: 29da1903
# [2024-04-23 03:54:45] INFO: Writing RNGSTATE file: ./rand_s060t20_b0680700_a_U000367500
# [2024-04-23 03:54:45] INFO: Writing to disk took 7.18155 seconds
# [2024-04-23 03:54:45] INFO: ======================================================================
# [2024-04-23 03:54:45] INFO: Start sweeping...
# [2024-04-23 04:01:38] INFO: It took 413.16 seconds to do 500 HBOR sweeps.
# [2024-04-23 04:01:38] INFO: Plaquette = 0.659658
# [2024-04-23 04:01:38] INFO: Polyakov loop = (0.00263839,-0.000358301)
# [2024-04-23 04:01:38] INFO: Writing conf to disk...
# [2024-04-23 04:01:38] INFO: writeconf_nersc: Writing NERSC configuration ./conf_s060t20_b0680700_a_U000368000
# [2024-04-23 04:01:41] INFO: Calculated checksum: 5ba03675
# [2024-04-23 04:01:46] INFO: Calculated checksum: a1508f60
# [2024-04-23 04:01:46] INFO: Writing RNGSTATE file: ./rand_s060t20_b0680700_a_U000368000
# [2024-04-23 04:01:46] INFO: Writing to disk took 8.01667 seconds
# [2024-04-23 04:01:46] INFO: ======================================================================
# [2024-04-23 04:01:46] INFO: Start sweeping...
# [2024-04-23 04:08:42] INFO: It took 415.496 seconds to do 500 HBOR sweeps.
# [2024-04-23 04:08:42] INFO: Plaquette = 0.659704
# [2024-04-23 04:08:42] INFO: Polyakov loop = (0.0015967,0.000586485)
# [2024-04-23 04:08:42] INFO: Writing conf to disk...
# [2024-04-23 04:08:42] INFO: writeconf_nersc: Writing NERSC configuration ./conf_s060t20_b0680700_a_U000368500
# [2024-04-23 04:08:45] INFO: Calculated checksum: 71b3678b
# [2024-04-23 04:08:49] INFO: Calculated checksum: 5e8614e0
# [2024-04-23 04:08:49] INFO: Writing RNGSTATE file: ./rand_s060t20_b0680700_a_U000368500
# [2024-04-23 04:08:50] INFO: Writing to disk took 7.97829 seconds
# [2024-04-23 04:08:50] INFO: ======================================================================
# [2024-04-23 04:08:50] INFO: Start sweeping...
# [2024-04-23 04:15:45] INFO: It took 415.048 seconds to do 500 HBOR sweeps.
# [2024-04-23 04:15:45] INFO: Plaquette = 0.659639
# [2024-04-23 04:15:45] INFO: Polyakov loop = (0.00306241,-0.000150697)
# [2024-04-23 04:15:45] INFO: Writing conf to disk...
# [2024-04-23 04:15:45] INFO: writeconf_nersc: Writing NERSC configuration ./conf_s060t20_b0680700_a_U000369000
# [2024-04-23 04:15:48] INFO: Calculated checksum: 27bccc0
# [2024-04-23 04:15:53] INFO: Calculated checksum: aba88528
# [2024-04-23 04:15:53] INFO: Writing RNGSTATE file: ./rand_s060t20_b0680700_a_U000369000
# [2024-04-23 04:15:53] INFO: Writing to disk took 8.46419 seconds
# [2024-04-23 04:15:53] INFO: ======================================================================
# [2024-04-23 04:15:53] INFO: Start sweeping...
# [2024-04-23 04:22:45] INFO: It took 412.167 seconds to do 500 HBOR sweeps.
# [2024-04-23 04:22:45] INFO: Plaquette = 0.659711
# [2024-04-23 04:22:45] INFO: Polyakov loop = (0.00361312,0.000351436)
# [2024-04-23 04:22:45] INFO: Writing conf to disk...
# [2024-04-23 04:22:45] INFO: writeconf_nersc: Writing NERSC configuration ./conf_s060t20_b0680700_a_U000369500
# [2024-04-23 04:22:49] INFO: Calculated checksum: 43e41b99
# [2024-04-23 04:22:53] INFO: Calculated checksum: 6cbfbdd3
# [2024-04-23 04:22:53] INFO: Writing RNGSTATE file: ./rand_s060t20_b0680700_a_U000369500
# [2024-04-23 04:22:53] INFO: Writing to disk took 7.92965 seconds
# [2024-04-23 04:22:53] INFO: ======================================================================
# [2024-04-23 04:22:53] INFO: Start sweeping...
# [2024-04-23 04:29:48] INFO: It took 414.827 seconds to do 500 HBOR sweeps.
# [2024-04-23 04:29:48] INFO: Plaquette = 0.659592
# [2024-04-23 04:29:48] INFO: Polyakov loop = (0.00271892,-0.000965321)
# [2024-04-23 04:29:48] INFO: Writing conf to disk...
# [2024-04-23 04:29:48] INFO: writeconf_nersc: Writing NERSC configuration ./conf_s060t20_b0680700_a_U000370000
# [2024-04-23 04:29:51] INFO: Calculated checksum: d5aa49aa
# [2024-04-23 04:29:56] INFO: Calculated checksum: 9ba8ef77
# [2024-04-23 04:29:56] INFO: Writing RNGSTATE file: ./rand_s060t20_b0680700_a_U000370000
# [2024-04-23 04:29:57] INFO: Writing to disk took 8.44937 seconds
# [2024-04-23 04:29:57] INFO: ======================================================================
# [2024-04-23 04:29:57] INFO: Start sweeping...
# [2024-04-23 04:36:51] INFO: It took 414.737 seconds to do 500 HBOR sweeps.
# [2024-04-23 04:36:51] INFO: Plaquette = 0.659773
# [2024-04-23 04:36:51] INFO: Polyakov loop = (0.00187388,5.4665e-05)
# [2024-04-23 04:36:51] INFO: Writing conf to disk...
# [2024-04-23 04:36:51] INFO: writeconf_nersc: Writing NERSC configuration ./conf_s060t20_b0680700_a_U000370500
# [2024-04-23 04:36:55] INFO: Calculated checksum: 2fbd8ffa
# [2024-04-23 04:36:59] INFO: Calculated checksum: 44d2e0d9
# [2024-04-23 04:36:59] INFO: Writing RNGSTATE file: ./rand_s060t20_b0680700_a_U000370500
# [2024-04-23 04:37:00] INFO: Writing to disk took 8.17619 seconds
# [2024-04-23 04:37:00] INFO: ======================================================================
# [2024-04-23 04:37:00] INFO: Start sweeping...
# [2024-04-23 04:43:54] INFO: It took 414.697 seconds to do 500 HBOR sweeps.
# [2024-04-23 04:43:54] INFO: Plaquette = 0.659738
# [2024-04-23 04:43:54] INFO: Polyakov loop = (0.00256509,0.000226115)
# [2024-04-23 04:43:54] INFO: Writing conf to disk...
# [2024-04-23 04:43:54] INFO: writeconf_nersc: Writing NERSC configuration ./conf_s060t20_b0680700_a_U000371000
# [2024-04-23 04:43:57] INFO: Calculated checksum: 907b7da3
# [2024-04-23 04:44:01] INFO: Calculated checksum: 59452cc7
# [2024-04-23 04:44:01] INFO: Writing RNGSTATE file: ./rand_s060t20_b0680700_a_U000371000
# [2024-04-23 04:44:02] INFO: Writing to disk took 7.26321 seconds
# [2024-04-23 04:44:02] INFO: ======================================================================
# [2024-04-23 04:44:02] INFO: Start sweeping...
# [2024-04-23 04:50:54] INFO: It took 412.65 seconds to do 500 HBOR sweeps.
# [2024-04-23 04:50:54] INFO: Plaquette = 0.659588
# [2024-04-23 04:50:54] INFO: Polyakov loop = (0.00351562,-0.000507973)
# [2024-04-23 04:50:54] INFO: Writing conf to disk...
# [2024-04-23 04:50:54] INFO: writeconf_nersc: Writing NERSC configuration ./conf_s060t20_b0680700_a_U000371500
# [2024-04-23 04:50:57] INFO: Calculated checksum: 758ebbff
# [2024-04-23 04:51:02] INFO: Calculated checksum: 82fcc16
# [2024-04-23 04:51:02] INFO: Writing RNGSTATE file: ./rand_s060t20_b0680700_a_U000371500
# [2024-04-23 04:51:02] INFO: Writing to disk took 7.50292 seconds
# [2024-04-23 04:51:02] INFO: ======================================================================
# [2024-04-23 04:51:02] INFO: Start sweeping...
# [2024-04-23 04:57:55] INFO: It took 413.397 seconds to do 500 HBOR sweeps.
# [2024-04-23 04:57:55] INFO: Plaquette = 0.65967
# [2024-04-23 04:57:55] INFO: Polyakov loop = (0.00238155,1.27686e-06)
# [2024-04-23 04:57:55] INFO: Writing conf to disk...
# [2024-04-23 04:57:55] INFO: writeconf_nersc: Writing NERSC configuration ./conf_s060t20_b0680700_a_U000372000
# [2024-04-23 04:57:59] INFO: Calculated checksum: 1547e6ee
# [2024-04-23 04:58:04] INFO: Calculated checksum: bebaa292
# [2024-04-23 04:58:04] INFO: Writing RNGSTATE file: ./rand_s060t20_b0680700_a_U000372000
# [2024-04-23 04:58:04] INFO: Writing to disk took 8.61113 seconds
# [2024-04-23 04:58:04] INFO: ======================================================================
# [2024-04-23 04:58:04] INFO: Start sweeping...
# [2024-04-23 05:04:55] INFO: It took 410.948 seconds to do 500 HBOR sweeps.
# [2024-04-23 05:04:55] INFO: Plaquette = 0.659712
# [2024-04-23 05:04:55] INFO: Polyakov loop = (0.00294034,0.000269045)
# [2024-04-23 05:04:55] INFO: Writing conf to disk...
# [2024-04-23 05:04:55] INFO: writeconf_nersc: Writing NERSC configuration ./conf_s060t20_b0680700_a_U000372500
# [2024-04-23 05:04:58] INFO: Calculated checksum: 83cbd8a
# [2024-04-23 05:05:02] INFO: Calculated checksum: f0b933d
# [2024-04-23 05:05:02] INFO: Writing RNGSTATE file: ./rand_s060t20_b0680700_a_U000372500
# [2024-04-23 05:05:02] INFO: Writing to disk took 7.53288 seconds
# [2024-04-23 05:05:02] INFO: ======================================================================
# [2024-04-23 05:05:02] INFO: Start sweeping...
# [2024-04-23 05:11:50] INFO: It took 407.244 seconds to do 500 HBOR sweeps.
# [2024-04-23 05:11:50] INFO: Plaquette = 0.659706
# [2024-04-23 05:11:50] INFO: Polyakov loop = (0.0012552,-0.000113483)
# [2024-04-23 05:11:50] INFO: Writing conf to disk...
# [2024-04-23 05:11:50] INFO: writeconf_nersc: Writing NERSC configuration ./conf_s060t20_b0680700_a_U000373000
# [2024-04-23 05:11:52] INFO: Calculated checksum: 6dc756b6
# [2024-04-23 05:11:57] INFO: Calculated checksum: 540f7fdf
# [2024-04-23 05:11:57] INFO: Writing RNGSTATE file: ./rand_s060t20_b0680700_a_U000373000
# [2024-04-23 05:11:57] INFO: Writing to disk took 7.53318 seconds
# [2024-04-23 05:11:57] INFO: ======================================================================
# [2024-04-23 05:11:57] INFO: Start sweeping...
# [2024-04-23 05:18:45] INFO: It took 407.717 seconds to do 500 HBOR sweeps.
# [2024-04-23 05:18:45] INFO: Plaquette = 0.659634
# [2024-04-23 05:18:45] INFO: Polyakov loop = (0.00220605,0.000830931)
# [2024-04-23 05:18:45] INFO: Writing conf to disk...
# [2024-04-23 05:18:45] INFO: writeconf_nersc: Writing NERSC configuration ./conf_s060t20_b0680700_a_U000373500
# [2024-04-23 05:18:48] INFO: Calculated checksum: a84acbc6
# [2024-04-23 05:18:52] INFO: Calculated checksum: 4059688b
# [2024-04-23 05:18:52] INFO: Writing RNGSTATE file: ./rand_s060t20_b0680700_a_U000373500
# [2024-04-23 05:18:53] INFO: Writing to disk took 7.67153 seconds
# [2024-04-23 05:18:53] INFO: ======================================================================
# [2024-04-23 05:18:53] INFO: Start sweeping...
# [2024-04-23 05:25:40] INFO: It took 407.109 seconds to do 500 HBOR sweeps.
# [2024-04-23 05:25:40] INFO: Plaquette = 0.659729
# [2024-04-23 05:25:40] INFO: Polyakov loop = (0.00141489,-0.000702916)
# [2024-04-23 05:25:40] INFO: Writing conf to disk...
# [2024-04-23 05:25:40] INFO: writeconf_nersc: Writing NERSC configuration ./conf_s060t20_b0680700_a_U000374000
# [2024-04-23 05:25:43] INFO: Calculated checksum: ec15d7d0
# [2024-04-23 05:25:47] INFO: Calculated checksum: c434e0df
# [2024-04-23 05:25:47] INFO: Writing RNGSTATE file: ./rand_s060t20_b0680700_a_U000374000
# [2024-04-23 05:25:47] INFO: Writing to disk took 7.64408 seconds
# [2024-04-23 05:25:47] INFO: ======================================================================
# [2024-04-23 05:25:47] INFO: Start sweeping...
# [2024-04-23 05:32:40] INFO: It took 412.453 seconds to do 500 HBOR sweeps.
# [2024-04-23 05:32:40] INFO: Plaquette = 0.659664
# [2024-04-23 05:32:40] INFO: Polyakov loop = (0.0024333,0.00103592)
# [2024-04-23 05:32:40] INFO: Writing conf to disk...
# [2024-04-23 05:32:40] INFO: writeconf_nersc: Writing NERSC configuration ./conf_s060t20_b0680700_a_U000374500
# [2024-04-23 05:32:43] INFO: Calculated checksum: f516fcd4
# [2024-04-23 05:32:47] INFO: Calculated checksum: be07be02
# [2024-04-23 05:32:47] INFO: Writing RNGSTATE file: ./rand_s060t20_b0680700_a_U000374500
# [2024-04-23 05:32:48] INFO: Writing to disk took 7.69622 seconds
# [2024-04-23 05:32:48] INFO: ======================================================================
# [2024-04-23 05:32:48] INFO: Start sweeping...
# [2024-04-23 05:39:40] INFO: It took 412.678 seconds to do 500 HBOR sweeps.
# [2024-04-23 05:39:40] INFO: Plaquette = 0.659653
# [2024-04-23 05:39:40] INFO: Polyakov loop = (0.00253397,0.000365159)
# [2024-04-23 05:39:40] INFO: Writing conf to disk...
# [2024-04-23 05:39:40] INFO: writeconf_nersc: Writing NERSC configuration ./conf_s060t20_b0680700_a_U000375000
# [2024-04-23 05:39:43] INFO: Calculated checksum: 26b67e09
# [2024-04-23 05:39:48] INFO: Calculated checksum: 124882fc
# [2024-04-23 05:39:48] INFO: Writing RNGSTATE file: ./rand_s060t20_b0680700_a_U000375000
# [2024-04-23 05:39:48] INFO: Writing to disk took 7.71725 seconds
# [2024-04-23 05:39:48] INFO: ======================================================================
# [2024-04-23 05:39:48] INFO: Start sweeping...
# [2024-04-23 05:46:35] INFO: It took 406.85 seconds to do 500 HBOR sweeps.
# [2024-04-23 05:46:35] INFO: Plaquette = 0.659604
# [2024-04-23 05:46:35] INFO: Polyakov loop = (0.00151583,0.000213462)
# [2024-04-23 05:46:35] INFO: Writing conf to disk...
# [2024-04-23 05:46:35] INFO: writeconf_nersc: Writing NERSC configuration ./conf_s060t20_b0680700_a_U000375500
# [2024-04-23 05:46:38] INFO: Calculated checksum: 37cede72
# [2024-04-23 05:46:42] INFO: Calculated checksum: b38ee7fd
# [2024-04-23 05:46:42] INFO: Writing RNGSTATE file: ./rand_s060t20_b0680700_a_U000375500
# [2024-04-23 05:46:43] INFO: Writing to disk took 7.62884 seconds
# [2024-04-23 05:46:43] INFO: ======================================================================
# [2024-04-23 05:46:43] INFO: Start sweeping...
# [2024-04-23 05:53:33] INFO: It took 410.047 seconds to do 500 HBOR sweeps.
# [2024-04-23 05:53:33] INFO: Plaquette = 0.659689
# [2024-04-23 05:53:33] INFO: Polyakov loop = (0.00157569,0.000154483)
# [2024-04-23 05:53:33] INFO: Writing conf to disk...
# [2024-04-23 05:53:33] INFO: writeconf_nersc: Writing NERSC configuration ./conf_s060t20_b0680700_a_U000376000
# [2024-04-23 05:53:35] INFO: Calculated checksum: 41c359f3
# [2024-04-23 05:53:40] INFO: Calculated checksum: 35681c3
# [2024-04-23 05:53:40] INFO: Writing RNGSTATE file: ./rand_s060t20_b0680700_a_U000376000
# [2024-04-23 05:53:40] INFO: Writing to disk took 7.64074 seconds
# [2024-04-23 05:53:40] INFO: ======================================================================
# [2024-04-23 05:53:40] INFO: Start sweeping...
# [2024-04-23 06:00:27] INFO: It took 406.747 seconds to do 500 HBOR sweeps.
# [2024-04-23 06:00:27] INFO: Plaquette = 0.659643
# [2024-04-23 06:00:27] INFO: Polyakov loop = (0.00219494,-0.0005819)
# [2024-04-23 06:00:27] INFO: Writing conf to disk...
# [2024-04-23 06:00:27] INFO: writeconf_nersc: Writing NERSC configuration ./conf_s060t20_b0680700_a_U000376500
# [2024-04-23 06:00:30] INFO: Calculated checksum: db4fe80d
# [2024-04-23 06:00:35] INFO: Calculated checksum: 3277484
# [2024-04-23 06:00:35] INFO: Writing RNGSTATE file: ./rand_s060t20_b0680700_a_U000376500
# [2024-04-23 06:00:35] INFO: Writing to disk took 7.72453 seconds
# [2024-04-23 06:00:35] INFO: ======================================================================
# [2024-04-23 06:00:35] INFO: Start sweeping...
# [2024-04-23 06:07:22] INFO: It took 406.875 seconds to do 500 HBOR sweeps.
# [2024-04-23 06:07:22] INFO: Plaquette = 0.659616
# [2024-04-23 06:07:22] INFO: Polyakov loop = (0.00157616,0.000202419)
# [2024-04-23 06:07:22] INFO: Writing conf to disk...
# [2024-04-23 06:07:22] INFO: writeconf_nersc: Writing NERSC configuration ./conf_s060t20_b0680700_a_U000377000
# [2024-04-23 06:07:25] INFO: Calculated checksum: 9669b386
# [2024-04-23 06:07:29] INFO: Calculated checksum: 6e09441b
# [2024-04-23 06:07:29] INFO: Writing RNGSTATE file: ./rand_s060t20_b0680700_a_U000377000
# [2024-04-23 06:07:29] INFO: Writing to disk took 7.73329 seconds
# [2024-04-23 06:07:29] INFO: ======================================================================
# [2024-04-23 06:07:29] INFO: Start sweeping...
# [2024-04-23 06:14:17] INFO: It took 407.133 seconds to do 500 HBOR sweeps.
# [2024-04-23 06:14:17] INFO: Plaquette = 0.659701
# [2024-04-23 06:14:17] INFO: Polyakov loop = (0.00228113,0.00041241)
# [2024-04-23 06:14:17] INFO: Writing conf to disk...
# [2024-04-23 06:14:17] INFO: writeconf_nersc: Writing NERSC configuration ./conf_s060t20_b0680700_a_U000377500
# [2024-04-23 06:14:19] INFO: Calculated checksum: a9d50f0c
# [2024-04-23 06:14:24] INFO: Calculated checksum: d52dc76e
# [2024-04-23 06:14:24] INFO: Writing RNGSTATE file: ./rand_s060t20_b0680700_a_U000377500
# [2024-04-23 06:14:24] INFO: Writing to disk took 7.70861 seconds
# [2024-04-23 06:14:24] INFO: ======================================================================
# [2024-04-23 06:14:24] INFO: Start sweeping...
# [2024-04-23 06:21:12] INFO: It took 407.98 seconds to do 500 HBOR sweeps.
# [2024-04-23 06:21:12] INFO: Plaquette = 0.659573
# [2024-04-23 06:21:12] INFO: Polyakov loop = (0.0024907,-0.000106192)
# [2024-04-23 06:21:12] INFO: Writing conf to disk...
# [2024-04-23 06:21:12] INFO: writeconf_nersc: Writing NERSC configuration ./conf_s060t20_b0680700_a_U000378000
# [2024-04-23 06:21:15] INFO: Calculated checksum: 2cb61911
# [2024-04-23 06:21:20] INFO: Calculated checksum: 60dcf2fe
# [2024-04-23 06:21:20] INFO: Writing RNGSTATE file: ./rand_s060t20_b0680700_a_U000378000
# [2024-04-23 06:21:20] INFO: Writing to disk took 7.4921 seconds
# [2024-04-23 06:21:20] INFO: ======================================================================
# [2024-04-23 06:21:20] INFO: Start sweeping...
# [2024-04-23 06:28:12] INFO: It took 411.74 seconds to do 500 HBOR sweeps.
# [2024-04-23 06:28:12] INFO: Plaquette = 0.659766
# [2024-04-23 06:28:12] INFO: Polyakov loop = (0.00229453,-0.000252075)
# [2024-04-23 06:28:12] INFO: Writing conf to disk...
# [2024-04-23 06:28:12] INFO: writeconf_nersc: Writing NERSC configuration ./conf_s060t20_b0680700_a_U000378500
# [2024-04-23 06:28:14] INFO: Calculated checksum: f28443bf
# [2024-04-23 06:28:19] INFO: Calculated checksum: af583d36
# [2024-04-23 06:28:19] INFO: Writing RNGSTATE file: ./rand_s060t20_b0680700_a_U000378500
# [2024-04-23 06:28:19] INFO: Writing to disk took 7.78977 seconds
# [2024-04-23 06:28:19] INFO: ======================================================================
# [2024-04-23 06:28:19] INFO: Start sweeping...
# [2024-04-23 06:35:13] INFO: It took 413.822 seconds to do 500 HBOR sweeps.
# [2024-04-23 06:35:13] INFO: Plaquette = 0.659764
# [2024-04-23 06:35:13] INFO: Polyakov loop = (0.00285494,-8.20451e-05)
# [2024-04-23 06:35:13] INFO: Writing conf to disk...
# [2024-04-23 06:35:13] INFO: writeconf_nersc: Writing NERSC configuration ./conf_s060t20_b0680700_a_U000379000
# [2024-04-23 06:35:16] INFO: Calculated checksum: 865cebc3
# [2024-04-23 06:35:21] INFO: Calculated checksum: c6bf13a3
# [2024-04-23 06:35:21] INFO: Writing RNGSTATE file: ./rand_s060t20_b0680700_a_U000379000
# [2024-04-23 06:35:21] INFO: Writing to disk took 7.80039 seconds
# [2024-04-23 06:35:21] INFO: ======================================================================
# [2024-04-23 06:35:21] INFO: Start sweeping...
# [2024-04-23 06:42:17] INFO: It took 415.781 seconds to do 500 HBOR sweeps.
# [2024-04-23 06:42:17] INFO: Plaquette = 0.65969
# [2024-04-23 06:42:17] INFO: Polyakov loop = (0.0022847,-0.000145948)
# [2024-04-23 06:42:17] INFO: Writing conf to disk...
# [2024-04-23 06:42:17] INFO: writeconf_nersc: Writing NERSC configuration ./conf_s060t20_b0680700_a_U000379500
# [2024-04-23 06:42:20] INFO: Calculated checksum: 7dfbfcff
# [2024-04-23 06:42:24] INFO: Calculated checksum: 6e36386c
# [2024-04-23 06:42:24] INFO: Writing RNGSTATE file: ./rand_s060t20_b0680700_a_U000379500
# [2024-04-23 06:42:25] INFO: Writing to disk took 7.59569 seconds
# [2024-04-23 06:42:25] INFO: ======================================================================
# [2024-04-23 06:42:25] INFO: Start sweeping...
# [2024-04-23 06:49:20] INFO: It took 415.401 seconds to do 500 HBOR sweeps.
# [2024-04-23 06:49:20] INFO: Plaquette = 0.659629
# [2024-04-23 06:49:20] INFO: Polyakov loop = (0.00165967,0.000721499)
# [2024-04-23 06:49:20] INFO: Writing conf to disk...
# [2024-04-23 06:49:20] INFO: writeconf_nersc: Writing NERSC configuration ./conf_s060t20_b0680700_a_U000380000
# [2024-04-23 06:49:23] INFO: Calculated checksum: 7c7fd76b
# [2024-04-23 06:49:28] INFO: Calculated checksum: fc293f5c
# [2024-04-23 06:49:28] INFO: Writing RNGSTATE file: ./rand_s060t20_b0680700_a_U000380000
# [2024-04-23 06:49:28] INFO: Writing to disk took 7.65684 seconds
# [2024-04-23 06:49:28] INFO: ======================================================================
# [2024-04-23 06:49:28] INFO: Start sweeping...
# [2024-04-23 06:56:22] INFO: It took 414.322 seconds to do 500 HBOR sweeps.
# [2024-04-23 06:56:22] INFO: Plaquette = 0.659619
# [2024-04-23 06:56:22] INFO: Polyakov loop = (0.00199865,-0.00041903)
# [2024-04-23 06:56:22] INFO: Writing conf to disk...
# [2024-04-23 06:56:22] INFO: writeconf_nersc: Writing NERSC configuration ./conf_s060t20_b0680700_a_U000380500
# [2024-04-23 06:56:25] INFO: Calculated checksum: 5b0e3757
# [2024-04-23 06:56:30] INFO: Calculated checksum: 9822347d
# [2024-04-23 06:56:30] INFO: Writing RNGSTATE file: ./rand_s060t20_b0680700_a_U000380500
# [2024-04-23 06:56:30] INFO: Writing to disk took 7.64735 seconds
# [2024-04-23 06:56:30] INFO: ======================================================================
# [2024-04-23 06:56:30] INFO: Start sweeping...
# [2024-04-23 07:03:25] INFO: It took 415.833 seconds to do 500 HBOR sweeps.
# [2024-04-23 07:03:26] INFO: Plaquette = 0.659686
# [2024-04-23 07:03:26] INFO: Polyakov loop = (0.00222707,-0.000654828)
# [2024-04-23 07:03:26] INFO: Writing conf to disk...
# [2024-04-23 07:03:26] INFO: writeconf_nersc: Writing NERSC configuration ./conf_s060t20_b0680700_a_U000381000
# [2024-04-23 07:03:28] INFO: Calculated checksum: 725d5605
# [2024-04-23 07:03:33] INFO: Calculated checksum: 263fe412
# [2024-04-23 07:03:33] INFO: Writing RNGSTATE file: ./rand_s060t20_b0680700_a_U000381000
# [2024-04-23 07:03:33] INFO: Writing to disk took 7.66107 seconds
# [2024-04-23 07:03:33] INFO: ======================================================================
# [2024-04-23 07:03:33] INFO: Start sweeping...
# [2024-04-23 07:10:24] INFO: It took 410.463 seconds to do 500 HBOR sweeps.
# [2024-04-23 07:10:24] INFO: Plaquette = 0.659595
# [2024-04-23 07:10:24] INFO: Polyakov loop = (0.00199055,-0.000333921)
# [2024-04-23 07:10:24] INFO: Writing conf to disk...
# [2024-04-23 07:10:24] INFO: writeconf_nersc: Writing NERSC configuration ./conf_s060t20_b0680700_a_U000381500
# [2024-04-23 07:10:27] INFO: Calculated checksum: 2adb8993
# [2024-04-23 07:10:31] INFO: Calculated checksum: cccd3551
# [2024-04-23 07:10:31] INFO: Writing RNGSTATE file: ./rand_s060t20_b0680700_a_U000381500
# [2024-04-23 07:10:31] INFO: Writing to disk took 7.57008 seconds
# [2024-04-23 07:10:31] INFO: ======================================================================
# [2024-04-23 07:10:31] INFO: Start sweeping...
# [2024-04-23 07:17:21] INFO: It took 409.82 seconds to do 500 HBOR sweeps.
# [2024-04-23 07:17:21] INFO: Plaquette = 0.659679
# [2024-04-23 07:17:21] INFO: Polyakov loop = (0.00237293,1.2301e-05)
# [2024-04-23 07:17:21] INFO: Writing conf to disk...
# [2024-04-23 07:17:21] INFO: writeconf_nersc: Writing NERSC configuration ./conf_s060t20_b0680700_a_U000382000
# [2024-04-23 07:17:24] INFO: Calculated checksum: 5f9ad7cd
# [2024-04-23 07:17:29] INFO: Calculated checksum: f3451aa6
# [2024-04-23 07:17:29] INFO: Writing RNGSTATE file: ./rand_s060t20_b0680700_a_U000382000
# [2024-04-23 07:17:29] INFO: Writing to disk took 7.59432 seconds
# [2024-04-23 07:17:29] INFO: ======================================================================
# [2024-04-23 07:17:29] INFO: Start sweeping...
# [2024-04-23 07:24:20] INFO: It took 411.658 seconds to do 500 HBOR sweeps.
# [2024-04-23 07:24:20] INFO: Plaquette = 0.659698
# [2024-04-23 07:24:20] INFO: Polyakov loop = (0.0029299,0.000483597)
# [2024-04-23 07:24:20] INFO: Writing conf to disk...
# [2024-04-23 07:24:20] INFO: writeconf_nersc: Writing NERSC configuration ./conf_s060t20_b0680700_a_U000382500
# [2024-04-23 07:24:23] INFO: Calculated checksum: 3d254bc1
# [2024-04-23 07:24:28] INFO: Calculated checksum: b2b15959
# [2024-04-23 07:24:28] INFO: Writing RNGSTATE file: ./rand_s060t20_b0680700_a_U000382500
# [2024-04-23 07:24:28] INFO: Writing to disk took 7.68749 seconds
# [2024-04-23 07:24:28] INFO: ======================================================================
# [2024-04-23 07:24:28] INFO: Start sweeping...
# [2024-04-23 07:31:24] INFO: It took 416.092 seconds to do 500 HBOR sweeps.
# [2024-04-23 07:31:24] INFO: Plaquette = 0.659637
# [2024-04-23 07:31:24] INFO: Polyakov loop = (0.000808044,0.000518588)
# [2024-04-23 07:31:24] INFO: Writing conf to disk...
# [2024-04-23 07:31:24] INFO: writeconf_nersc: Writing NERSC configuration ./conf_s060t20_b0680700_a_U000383000
# [2024-04-23 07:31:28] INFO: Calculated checksum: 7677c77d
# [2024-04-23 07:31:32] INFO: Calculated checksum: b098c21
# [2024-04-23 07:31:32] INFO: Writing RNGSTATE file: ./rand_s060t20_b0680700_a_U000383000
# [2024-04-23 07:31:33] INFO: Writing to disk took 8.28802 seconds
# [2024-04-23 07:31:33] INFO: ======================================================================
# [2024-04-23 07:31:33] INFO: Start sweeping...
# [2024-04-23 07:38:28] INFO: It took 415.361 seconds to do 500 HBOR sweeps.
# [2024-04-23 07:38:28] INFO: Plaquette = 0.659587
# [2024-04-23 07:38:28] INFO: Polyakov loop = (0.00213209,0.000579565)
# [2024-04-23 07:38:28] INFO: Writing conf to disk...
# [2024-04-23 07:38:28] INFO: writeconf_nersc: Writing NERSC configuration ./conf_s060t20_b0680700_a_U000383500
# [2024-04-23 07:38:31] INFO: Calculated checksum: 26e713df
# [2024-04-23 07:38:35] INFO: Calculated checksum: 4c2e258b
# [2024-04-23 07:38:35] INFO: Writing RNGSTATE file: ./rand_s060t20_b0680700_a_U000383500
# [2024-04-23 07:38:36] INFO: Writing to disk took 7.58201 seconds
# [2024-04-23 07:38:36] INFO: ======================================================================
# [2024-04-23 07:38:36] INFO: Start sweeping...
# [2024-04-23 07:45:31] INFO: It took 415.632 seconds to do 500 HBOR sweeps.
# [2024-04-23 07:45:31] INFO: Plaquette = 0.6597
# [2024-04-23 07:45:31] INFO: Polyakov loop = (0.00260932,0.000232023)
# [2024-04-23 07:45:31] INFO: Writing conf to disk...
# [2024-04-23 07:45:31] INFO: writeconf_nersc: Writing NERSC configuration ./conf_s060t20_b0680700_a_U000384000
# [2024-04-23 07:45:34] INFO: Calculated checksum: b825d756
# [2024-04-23 07:45:42] INFO: Calculated checksum: e7d9bed9
# [2024-04-23 07:45:42] INFO: Writing RNGSTATE file: ./rand_s060t20_b0680700_a_U000384000
# [2024-04-23 07:45:42] INFO: Writing to disk took 10.9667 seconds
# [2024-04-23 07:45:42] INFO: ======================================================================
# [2024-04-23 07:45:42] INFO: Start sweeping...
# [2024-04-23 07:52:38] INFO: It took 415.884 seconds to do 500 HBOR sweeps.
# [2024-04-23 07:52:38] INFO: Plaquette = 0.659646
# [2024-04-23 07:52:38] INFO: Polyakov loop = (0.00244604,0.000249852)
# [2024-04-23 07:52:38] INFO: Writing conf to disk...
# [2024-04-23 07:52:38] INFO: writeconf_nersc: Writing NERSC configuration ./conf_s060t20_b0680700_a_U000384500
# [2024-04-23 07:52:41] INFO: Calculated checksum: 27f93e05
# [2024-04-23 07:52:46] INFO: Calculated checksum: 2665ccf6
# [2024-04-23 07:52:46] INFO: Writing RNGSTATE file: ./rand_s060t20_b0680700_a_U000384500
# [2024-04-23 07:52:46] INFO: Writing to disk took 7.71022 seconds
# [2024-04-23 07:52:46] INFO: ======================================================================
# [2024-04-23 07:52:46] INFO: Start sweeping...
# [2024-04-23 07:59:34] INFO: It took 408.619 seconds to do 500 HBOR sweeps.
# [2024-04-23 07:59:34] INFO: Plaquette = 0.659573
# [2024-04-23 07:59:34] INFO: Polyakov loop = (0.00262512,-0.000378327)
# [2024-04-23 07:59:34] INFO: Writing conf to disk...
# [2024-04-23 07:59:34] INFO: writeconf_nersc: Writing NERSC configuration ./conf_s060t20_b0680700_a_U000385000
# [2024-04-23 07:59:37] INFO: Calculated checksum: b7ebc921
# [2024-04-23 07:59:42] INFO: Calculated checksum: 1693d159
# [2024-04-23 07:59:42] INFO: Writing RNGSTATE file: ./rand_s060t20_b0680700_a_U000385000
# [2024-04-23 07:59:42] INFO: Writing to disk took 7.65861 seconds
# [2024-04-23 07:59:42] INFO: ======================================================================
# [2024-04-23 07:59:42] INFO: Start sweeping...
# [2024-04-23 08:06:30] INFO: It took 407.899 seconds to do 500 HBOR sweeps.
# [2024-04-23 08:06:30] INFO: Plaquette = 0.659775
# [2024-04-23 08:06:30] INFO: Polyakov loop = (0.00211287,-0.000589604)
# [2024-04-23 08:06:30] INFO: Writing conf to disk...
# [2024-04-23 08:06:30] INFO: writeconf_nersc: Writing NERSC configuration ./conf_s060t20_b0680700_a_U000385500
# [2024-04-23 08:06:33] INFO: Calculated checksum: b2f64175
# [2024-04-23 08:06:37] INFO: Calculated checksum: db58cd7b
# [2024-04-23 08:06:37] INFO: Writing RNGSTATE file: ./rand_s060t20_b0680700_a_U000385500
# [2024-04-23 08:06:38] INFO: Writing to disk took 7.51538 seconds
# [2024-04-23 08:06:38] INFO: ======================================================================
# [2024-04-23 08:06:38] INFO: Start sweeping...
# [2024-04-23 08:13:25] INFO: It took 407.089 seconds to do 500 HBOR sweeps.
# [2024-04-23 08:13:25] INFO: Plaquette = 0.659785
# [2024-04-23 08:13:25] INFO: Polyakov loop = (0.00209139,0.000766919)
# [2024-04-23 08:13:25] INFO: Writing conf to disk...
# [2024-04-23 08:13:25] INFO: writeconf_nersc: Writing NERSC configuration ./conf_s060t20_b0680700_a_U000386000
# [2024-04-23 08:13:28] INFO: Calculated checksum: f6d9b02e
# [2024-04-23 08:13:32] INFO: Calculated checksum: 8f3b8dce
# [2024-04-23 08:13:32] INFO: Writing RNGSTATE file: ./rand_s060t20_b0680700_a_U000386000
# [2024-04-23 08:13:32] INFO: Writing to disk took 7.71102 seconds
# [2024-04-23 08:13:32] INFO: ======================================================================
# [2024-04-23 08:13:32] INFO: Start sweeping...
# [2024-04-23 08:20:21] INFO: It took 408.103 seconds to do 500 HBOR sweeps.
# [2024-04-23 08:20:21] INFO: Plaquette = 0.659745
# [2024-04-23 08:20:21] INFO: Polyakov loop = (0.00214544,0.000360042)
# [2024-04-23 08:20:21] INFO: Writing conf to disk...
# [2024-04-23 08:20:21] INFO: writeconf_nersc: Writing NERSC configuration ./conf_s060t20_b0680700_a_U000386500
# [2024-04-23 08:20:23] INFO: Calculated checksum: a94f132a
# [2024-04-23 08:20:28] INFO: Calculated checksum: 2747cebc
# [2024-04-23 08:20:28] INFO: Writing RNGSTATE file: ./rand_s060t20_b0680700_a_U000386500
# [2024-04-23 08:20:28] INFO: Writing to disk took 7.53194 seconds
# [2024-04-23 08:20:28] INFO: ======================================================================
# [2024-04-23 08:20:28] INFO: Start sweeping...
# [2024-04-23 08:27:18] INFO: It took 409.427 seconds to do 500 HBOR sweeps.
# [2024-04-23 08:27:18] INFO: Plaquette = 0.659682
# [2024-04-23 08:27:18] INFO: Polyakov loop = (0.00333515,3.92311e-05)
# [2024-04-23 08:27:18] INFO: Writing conf to disk...
# [2024-04-23 08:27:18] INFO: writeconf_nersc: Writing NERSC configuration ./conf_s060t20_b0680700_a_U000387000
# [2024-04-23 08:27:20] INFO: Calculated checksum: a3709e16
# [2024-04-23 08:27:25] INFO: Calculated checksum: aed478f1
# [2024-04-23 08:27:25] INFO: Writing RNGSTATE file: ./rand_s060t20_b0680700_a_U000387000
# [2024-04-23 08:27:25] INFO: Writing to disk took 7.73224 seconds
# [2024-04-23 08:27:25] INFO: ======================================================================
# [2024-04-23 08:27:25] INFO: Start sweeping...
# [2024-04-23 08:34:13] INFO: It took 407.621 seconds to do 500 HBOR sweeps.
# [2024-04-23 08:34:13] INFO: Plaquette = 0.659613
# [2024-04-23 08:34:13] INFO: Polyakov loop = (0.000569031,-0.00060799)
# [2024-04-23 08:34:13] INFO: Writing conf to disk...
# [2024-04-23 08:34:13] INFO: writeconf_nersc: Writing NERSC configuration ./conf_s060t20_b0680700_a_U000387500
# [2024-04-23 08:34:16] INFO: Calculated checksum: 75b7dd1f
# [2024-04-23 08:34:21] INFO: Calculated checksum: d13cdae5
# [2024-04-23 08:34:21] INFO: Writing RNGSTATE file: ./rand_s060t20_b0680700_a_U000387500
# [2024-04-23 08:34:21] INFO: Writing to disk took 7.6377 seconds
# [2024-04-23 08:34:21] INFO: ======================================================================
# [2024-04-23 08:34:21] INFO: Start sweeping...
# [2024-04-23 08:41:13] INFO: It took 412.022 seconds to do 500 HBOR sweeps.
# [2024-04-23 08:41:13] INFO: Plaquette = 0.659643
# [2024-04-23 08:41:13] INFO: Polyakov loop = (0.000937479,-5.12835e-05)
# [2024-04-23 08:41:13] INFO: Writing conf to disk...
# [2024-04-23 08:41:13] INFO: writeconf_nersc: Writing NERSC configuration ./conf_s060t20_b0680700_a_U000388000
# [2024-04-23 08:41:16] INFO: Calculated checksum: 9ad72c92
# [2024-04-23 08:41:20] INFO: Calculated checksum: 86dc947d
# [2024-04-23 08:41:20] INFO: Writing RNGSTATE file: ./rand_s060t20_b0680700_a_U000388000
# [2024-04-23 08:41:20] INFO: Writing to disk took 7.68141 seconds
# [2024-04-23 08:41:20] INFO: ======================================================================
# [2024-04-23 08:41:20] INFO: Start sweeping...
# [2024-04-23 08:48:08] INFO: It took 407.879 seconds to do 500 HBOR sweeps.
# [2024-04-23 08:48:08] INFO: Plaquette = 0.659613
# [2024-04-23 08:48:08] INFO: Polyakov loop = (0.00270846,-9.59679e-05)
# [2024-04-23 08:48:08] INFO: Writing conf to disk...
# [2024-04-23 08:48:08] INFO: writeconf_nersc: Writing NERSC configuration ./conf_s060t20_b0680700_a_U000388500
# [2024-04-23 08:48:11] INFO: Calculated checksum: c5a1d870
# [2024-04-23 08:48:16] INFO: Calculated checksum: cf90a234
# [2024-04-23 08:48:16] INFO: Writing RNGSTATE file: ./rand_s060t20_b0680700_a_U000388500
# [2024-04-23 08:48:16] INFO: Writing to disk took 7.7015 seconds
# [2024-04-23 08:48:16] INFO: ======================================================================
# [2024-04-23 08:48:16] INFO: Start sweeping...
# [2024-04-23 08:55:04] INFO: It took 407.773 seconds to do 500 HBOR sweeps.
# [2024-04-23 08:55:04] INFO: Plaquette = 0.65963
# [2024-04-23 08:55:04] INFO: Polyakov loop = (0.00260583,-0.000189043)
# [2024-04-23 08:55:04] INFO: Writing conf to disk...
# [2024-04-23 08:55:04] INFO: writeconf_nersc: Writing NERSC configuration ./conf_s060t20_b0680700_a_U000389000
# [2024-04-23 08:55:07] INFO: Calculated checksum: e159058b
# [2024-04-23 08:55:11] INFO: Calculated checksum: 558d33ad
# [2024-04-23 08:55:11] INFO: Writing RNGSTATE file: ./rand_s060t20_b0680700_a_U000389000
# [2024-04-23 08:55:12] INFO: Writing to disk took 7.78683 seconds
# [2024-04-23 08:55:12] INFO: ======================================================================
# [2024-04-23 08:55:12] INFO: Start sweeping...
# [2024-04-23 09:02:00] INFO: It took 408.19 seconds to do 500 HBOR sweeps.
# [2024-04-23 09:02:00] INFO: Plaquette = 0.659635
# [2024-04-23 09:02:00] INFO: Polyakov loop = (0.00154029,2.7231e-05)
# [2024-04-23 09:02:00] INFO: Writing conf to disk...
# [2024-04-23 09:02:00] INFO: writeconf_nersc: Writing NERSC configuration ./conf_s060t20_b0680700_a_U000389500
# [2024-04-23 09:02:03] INFO: Calculated checksum: 4809afd0
# [2024-04-23 09:02:07] INFO: Calculated checksum: c68d64bf
# [2024-04-23 09:02:07] INFO: Writing RNGSTATE file: ./rand_s060t20_b0680700_a_U000389500
# [2024-04-23 09:02:07] INFO: Writing to disk took 7.63329 seconds
# [2024-04-23 09:02:07] INFO: ======================================================================
# [2024-04-23 09:02:07] INFO: Start sweeping...
# [2024-04-23 09:09:02] INFO: It took 414.799 seconds to do 500 HBOR sweeps.
# [2024-04-23 09:09:02] INFO: Plaquette = 0.659669
# [2024-04-23 09:09:02] INFO: Polyakov loop = (0.00143134,0.000354516)
# [2024-04-23 09:09:02] INFO: Writing conf to disk...
# [2024-04-23 09:09:02] INFO: writeconf_nersc: Writing NERSC configuration ./conf_s060t20_b0680700_a_U000390000
# [2024-04-23 09:09:05] INFO: Calculated checksum: 3d9264fa
# [2024-04-23 09:09:10] INFO: Calculated checksum: 68acae51
# [2024-04-23 09:09:10] INFO: Writing RNGSTATE file: ./rand_s060t20_b0680700_a_U000390000
# [2024-04-23 09:09:10] INFO: Writing to disk took 7.78408 seconds
# [2024-04-23 09:09:10] INFO: ======================================================================
# [2024-04-23 09:09:10] INFO: Start sweeping...
# [2024-04-23 09:16:03] INFO: It took 412.623 seconds to do 500 HBOR sweeps.
# [2024-04-23 09:16:03] INFO: Plaquette = 0.659639
# [2024-04-23 09:16:03] INFO: Polyakov loop = (0.00162802,0.000678489)
# [2024-04-23 09:16:03] INFO: Writing conf to disk...
# [2024-04-23 09:16:03] INFO: writeconf_nersc: Writing NERSC configuration ./conf_s060t20_b0680700_a_U000390500
# [2024-04-23 09:16:06] INFO: Calculated checksum: bbd7c58a
# [2024-04-23 09:16:10] INFO: Calculated checksum: 1a123bb0
# [2024-04-23 09:16:10] INFO: Writing RNGSTATE file: ./rand_s060t20_b0680700_a_U000390500
# [2024-04-23 09:16:10] INFO: Writing to disk took 7.69482 seconds
# [2024-04-23 09:16:10] INFO: ======================================================================
# [2024-04-23 09:16:10] INFO: Start sweeping...
# [2024-04-23 09:23:03] INFO: It took 412.481 seconds to do 500 HBOR sweeps.
# [2024-04-23 09:23:03] INFO: Plaquette = 0.659618
# [2024-04-23 09:23:03] INFO: Polyakov loop = (0.00225978,-0.000945148)
# [2024-04-23 09:23:03] INFO: Writing conf to disk...
# [2024-04-23 09:23:03] INFO: writeconf_nersc: Writing NERSC configuration ./conf_s060t20_b0680700_a_U000391000
# [2024-04-23 09:23:06] INFO: Calculated checksum: b484dca4
# [2024-04-23 09:23:10] INFO: Calculated checksum: 3ba0a642
# [2024-04-23 09:23:10] INFO: Writing RNGSTATE file: ./rand_s060t20_b0680700_a_U000391000
# [2024-04-23 09:23:11] INFO: Writing to disk took 7.5939 seconds
# [2024-04-23 09:23:11] INFO: ======================================================================
# [2024-04-23 09:23:11] INFO: Start sweeping...
# [2024-04-23 09:30:03] INFO: It took 412.747 seconds to do 500 HBOR sweeps.
# [2024-04-23 09:30:03] INFO: Plaquette = 0.659628
# [2024-04-23 09:30:03] INFO: Polyakov loop = (0.00275745,-0.000434873)
# [2024-04-23 09:30:03] INFO: Writing conf to disk...
# [2024-04-23 09:30:03] INFO: writeconf_nersc: Writing NERSC configuration ./conf_s060t20_b0680700_a_U000391500
# [2024-04-23 09:30:06] INFO: Calculated checksum: 3e997b5b
# [2024-04-23 09:30:11] INFO: Calculated checksum: 28d407c7
# [2024-04-23 09:30:11] INFO: Writing RNGSTATE file: ./rand_s060t20_b0680700_a_U000391500
# [2024-04-23 09:30:11] INFO: Writing to disk took 7.69484 seconds
# [2024-04-23 09:30:11] INFO: ======================================================================
# [2024-04-23 09:30:11] INFO: Start sweeping...
# [2024-04-23 09:37:05] INFO: It took 413.762 seconds to do 500 HBOR sweeps.
# [2024-04-23 09:37:05] INFO: Plaquette = 0.659623
# [2024-04-23 09:37:05] INFO: Polyakov loop = (0.00241932,-0.000926352)
# [2024-04-23 09:37:05] INFO: Writing conf to disk...
# [2024-04-23 09:37:05] INFO: writeconf_nersc: Writing NERSC configuration ./conf_s060t20_b0680700_a_U000392000
# [2024-04-23 09:37:08] INFO: Calculated checksum: f3912510
# [2024-04-23 09:37:13] INFO: Calculated checksum: 4438cb3a
# [2024-04-23 09:37:13] INFO: Writing RNGSTATE file: ./rand_s060t20_b0680700_a_U000392000
# [2024-04-23 09:37:13] INFO: Writing to disk took 7.87279 seconds
# [2024-04-23 09:37:13] INFO: ======================================================================
# [2024-04-23 09:37:13] INFO: Start sweeping...
# [2024-04-23 09:44:02] INFO: It took 409.15 seconds to do 500 HBOR sweeps.
# [2024-04-23 09:44:02] INFO: Plaquette = 0.659736
# [2024-04-23 09:44:02] INFO: Polyakov loop = (0.00226945,-0.000371125)
# [2024-04-23 09:44:02] INFO: Writing conf to disk...
# [2024-04-23 09:44:02] INFO: writeconf_nersc: Writing NERSC configuration ./conf_s060t20_b0680700_a_U000392500
# [2024-04-23 09:44:05] INFO: Calculated checksum: 68734584
# [2024-04-23 09:44:10] INFO: Calculated checksum: b0b4cb97
# [2024-04-23 09:44:10] INFO: Writing RNGSTATE file: ./rand_s060t20_b0680700_a_U000392500
# [2024-04-23 09:44:10] INFO: Writing to disk took 7.88417 seconds
# [2024-04-23 09:44:10] INFO: ======================================================================
# [2024-04-23 09:44:10] INFO: Start sweeping...
# [2024-04-23 09:51:01] INFO: It took 410.789 seconds to do 500 HBOR sweeps.
# [2024-04-23 09:51:01] INFO: Plaquette = 0.659701
# [2024-04-23 09:51:01] INFO: Polyakov loop = (0.00277899,0.000283595)
# [2024-04-23 09:51:01] INFO: Writing conf to disk...
# [2024-04-23 09:51:01] INFO: writeconf_nersc: Writing NERSC configuration ./conf_s060t20_b0680700_a_U000393000
# [2024-04-23 09:51:03] INFO: Calculated checksum: 177100a3
# [2024-04-23 09:51:08] INFO: Calculated checksum: df055a93
# [2024-04-23 09:51:08] INFO: Writing RNGSTATE file: ./rand_s060t20_b0680700_a_U000393000
# [2024-04-23 09:51:08] INFO: Writing to disk took 7.65999 seconds
# [2024-04-23 09:51:08] INFO: ======================================================================
# [2024-04-23 09:51:08] INFO: Start sweeping...
# [2024-04-23 09:58:04] INFO: It took 415.33 seconds to do 500 HBOR sweeps.
# [2024-04-23 09:58:04] INFO: Plaquette = 0.65967
# [2024-04-23 09:58:04] INFO: Polyakov loop = (0.00289049,7.90172e-05)
# [2024-04-23 09:58:04] INFO: Writing conf to disk...
# [2024-04-23 09:58:04] INFO: writeconf_nersc: Writing NERSC configuration ./conf_s060t20_b0680700_a_U000393500
# [2024-04-23 09:58:07] INFO: Calculated checksum: 4cabbf1d
# [2024-04-23 09:58:11] INFO: Calculated checksum: 160cd2bc
# [2024-04-23 09:58:11] INFO: Writing RNGSTATE file: ./rand_s060t20_b0680700_a_U000393500
# [2024-04-23 09:58:11] INFO: Writing to disk took 7.70475 seconds
# [2024-04-23 09:58:11] INFO: ======================================================================
# [2024-04-23 09:58:11] INFO: Start sweeping...
# [2024-04-23 10:05:05] INFO: It took 413.921 seconds to do 500 HBOR sweeps.
# [2024-04-23 10:05:05] INFO: Plaquette = 0.659721
# [2024-04-23 10:05:05] INFO: Polyakov loop = (0.00203438,-0.000121965)
# [2024-04-23 10:05:05] INFO: Writing conf to disk...
# [2024-04-23 10:05:05] INFO: writeconf_nersc: Writing NERSC configuration ./conf_s060t20_b0680700_a_U000394000
# [2024-04-23 10:05:08] INFO: Calculated checksum: ce09105
# [2024-04-23 10:05:13] INFO: Calculated checksum: 87959725
# [2024-04-23 10:05:13] INFO: Writing RNGSTATE file: ./rand_s060t20_b0680700_a_U000394000
# [2024-04-23 10:05:13] INFO: Writing to disk took 7.68356 seconds
# [2024-04-23 10:05:13] INFO: ======================================================================
# [2024-04-23 10:05:13] INFO: Start sweeping...
# [2024-04-23 10:12:07] INFO: It took 413.974 seconds to do 500 HBOR sweeps.
# [2024-04-23 10:12:07] INFO: Plaquette = 0.659657
# [2024-04-23 10:12:07] INFO: Polyakov loop = (0.00247915,0.000740012)
# [2024-04-23 10:12:07] INFO: Writing conf to disk...
# [2024-04-23 10:12:07] INFO: writeconf_nersc: Writing NERSC configuration ./conf_s060t20_b0680700_a_U000394500
# [2024-04-23 10:12:10] INFO: Calculated checksum: b85f6737
# [2024-04-23 10:12:15] INFO: Calculated checksum: 66eff973
# [2024-04-23 10:12:15] INFO: Writing RNGSTATE file: ./rand_s060t20_b0680700_a_U000394500
# [2024-04-23 10:12:15] INFO: Writing to disk took 7.81376 seconds
# [2024-04-23 10:12:15] INFO: ======================================================================
# [2024-04-23 10:12:15] INFO: Start sweeping...
# [2024-04-23 10:19:05] INFO: It took 410.211 seconds to do 500 HBOR sweeps.
# [2024-04-23 10:19:05] INFO: Plaquette = 0.659779
# [2024-04-23 10:19:05] INFO: Polyakov loop = (0.00195455,-0.000448304)
# [2024-04-23 10:19:05] INFO: Writing conf to disk...
# [2024-04-23 10:19:05] INFO: writeconf_nersc: Writing NERSC configuration ./conf_s060t20_b0680700_a_U000395000
# [2024-04-23 10:19:08] INFO: Calculated checksum: b9e1cd14
# [2024-04-23 10:19:13] INFO: Calculated checksum: 4ae202d9
# [2024-04-23 10:19:13] INFO: Writing RNGSTATE file: ./rand_s060t20_b0680700_a_U000395000
# [2024-04-23 10:19:13] INFO: Writing to disk took 7.68696 seconds
# [2024-04-23 10:19:13] INFO: ======================================================================
# [2024-04-23 10:19:13] INFO: Start sweeping...
# [2024-04-23 10:26:07] INFO: It took 414.213 seconds to do 500 HBOR sweeps.
# [2024-04-23 10:26:07] INFO: Plaquette = 0.65961
# [2024-04-23 10:26:07] INFO: Polyakov loop = (0.000684166,-0.000837025)
# [2024-04-23 10:26:07] INFO: Writing conf to disk...
# [2024-04-23 10:26:07] INFO: writeconf_nersc: Writing NERSC configuration ./conf_s060t20_b0680700_a_U000395500
# [2024-04-23 10:26:10] INFO: Calculated checksum: 120ffb49
# [2024-04-23 10:26:15] INFO: Calculated checksum: e59f9238
# [2024-04-23 10:26:15] INFO: Writing RNGSTATE file: ./rand_s060t20_b0680700_a_U000395500
# [2024-04-23 10:26:15] INFO: Writing to disk took 7.73557 seconds
# [2024-04-23 10:26:15] INFO: ======================================================================
# [2024-04-23 10:26:15] INFO: Start sweeping...
# [2024-04-23 10:33:09] INFO: It took 413.738 seconds to do 500 HBOR sweeps.
# [2024-04-23 10:33:09] INFO: Plaquette = 0.65966
# [2024-04-23 10:33:09] INFO: Polyakov loop = (0.00229161,-0.000247782)
# [2024-04-23 10:33:09] INFO: Writing conf to disk...
# [2024-04-23 10:33:09] INFO: writeconf_nersc: Writing NERSC configuration ./conf_s060t20_b0680700_a_U000396000
# [2024-04-23 10:33:11] INFO: Calculated checksum: 15d8f8e2
# [2024-04-23 10:33:16] INFO: Calculated checksum: d964930
# [2024-04-23 10:33:16] INFO: Writing RNGSTATE file: ./rand_s060t20_b0680700_a_U000396000
# [2024-04-23 10:33:16] INFO: Writing to disk took 7.64928 seconds
# [2024-04-23 10:33:16] INFO: ======================================================================
# [2024-04-23 10:33:16] INFO: Start sweeping...
# [2024-04-23 10:40:12] INFO: It took 415.622 seconds to do 500 HBOR sweeps.
# [2024-04-23 10:40:12] INFO: Plaquette = 0.659603
# [2024-04-23 10:40:12] INFO: Polyakov loop = (0.00231645,-0.000396165)
# [2024-04-23 10:40:12] INFO: Writing conf to disk...
# [2024-04-23 10:40:12] INFO: writeconf_nersc: Writing NERSC configuration ./conf_s060t20_b0680700_a_U000396500
# [2024-04-23 10:40:15] INFO: Calculated checksum: d8e72880
# [2024-04-23 10:40:19] INFO: Calculated checksum: c2d5dfd5
# [2024-04-23 10:40:19] INFO: Writing RNGSTATE file: ./rand_s060t20_b0680700_a_U000396500
# [2024-04-23 10:40:20] INFO: Writing to disk took 7.66703 seconds
# [2024-04-23 10:40:20] INFO: ======================================================================
# [2024-04-23 10:40:20] INFO: Start sweeping...
# [2024-04-23 10:47:14] INFO: It took 414.019 seconds to do 500 HBOR sweeps.
# [2024-04-23 10:47:14] INFO: Plaquette = 0.659643
# [2024-04-23 10:47:14] INFO: Polyakov loop = (0.00244024,0.000384944)
# [2024-04-23 10:47:14] INFO: Writing conf to disk...
# [2024-04-23 10:47:14] INFO: writeconf_nersc: Writing NERSC configuration ./conf_s060t20_b0680700_a_U000397000
# [2024-04-23 10:47:16] INFO: Calculated checksum: 116e26e2
# [2024-04-23 10:47:21] INFO: Calculated checksum: 293093ca
# [2024-04-23 10:47:21] INFO: Writing RNGSTATE file: ./rand_s060t20_b0680700_a_U000397000
# [2024-04-23 10:47:21] INFO: Writing to disk took 7.6123 seconds
# [2024-04-23 10:47:21] INFO: ======================================================================
# [2024-04-23 10:47:21] INFO: Start sweeping...
# [2024-04-23 10:54:16] INFO: It took 414.23 seconds to do 500 HBOR sweeps.
# [2024-04-23 10:54:16] INFO: Plaquette = 0.659682
# [2024-04-23 10:54:16] INFO: Polyakov loop = (0.00259971,-0.000485324)
# [2024-04-23 10:54:16] INFO: Writing conf to disk...
# [2024-04-23 10:54:16] INFO: writeconf_nersc: Writing NERSC configuration ./conf_s060t20_b0680700_a_U000397500
# [2024-04-23 10:54:18] INFO: Calculated checksum: e578a5ae
# [2024-04-23 10:54:23] INFO: Calculated checksum: a335ac09
# [2024-04-23 10:54:23] INFO: Writing RNGSTATE file: ./rand_s060t20_b0680700_a_U000397500
# [2024-04-23 10:54:23] INFO: Writing to disk took 7.61613 seconds
# [2024-04-23 10:54:23] INFO: ======================================================================
# [2024-04-23 10:54:23] INFO: Start sweeping...
# [2024-04-23 11:01:17] INFO: It took 414.018 seconds to do 500 HBOR sweeps.
# [2024-04-23 11:01:17] INFO: Plaquette = 0.659714
# [2024-04-23 11:01:17] INFO: Polyakov loop = (0.00282515,0.000627684)
# [2024-04-23 11:01:17] INFO: Writing conf to disk...
# [2024-04-23 11:01:17] INFO: writeconf_nersc: Writing NERSC configuration ./conf_s060t20_b0680700_a_U000398000
# [2024-04-23 11:01:20] INFO: Calculated checksum: 4c7593ef
# [2024-04-23 11:01:25] INFO: Calculated checksum: 3c2d595
# [2024-04-23 11:01:25] INFO: Writing RNGSTATE file: ./rand_s060t20_b0680700_a_U000398000
# [2024-04-23 11:01:25] INFO: Writing to disk took 7.79024 seconds
# [2024-04-23 11:01:25] INFO: ======================================================================
# [2024-04-23 11:01:25] INFO: Start sweeping...
# [2024-04-23 11:08:19] INFO: It took 413.456 seconds to do 500 HBOR sweeps.
# [2024-04-23 11:08:19] INFO: Plaquette = 0.659724
# [2024-04-23 11:08:19] INFO: Polyakov loop = (0.00329705,0.000159045)
# [2024-04-23 11:08:19] INFO: Writing conf to disk...
# [2024-04-23 11:08:19] INFO: writeconf_nersc: Writing NERSC configuration ./conf_s060t20_b0680700_a_U000398500
# [2024-04-23 11:08:21] INFO: Calculated checksum: ab31a161
# [2024-04-23 11:08:26] INFO: Calculated checksum: 9c06bf90
# [2024-04-23 11:08:26] INFO: Writing RNGSTATE file: ./rand_s060t20_b0680700_a_U000398500
# [2024-04-23 11:08:26] INFO: Writing to disk took 7.66496 seconds
# [2024-04-23 11:08:26] INFO: ======================================================================
# [2024-04-23 11:08:26] INFO: Start sweeping...
# [2024-04-23 11:15:25] INFO: It took 418.35 seconds to do 500 HBOR sweeps.
# [2024-04-23 11:15:25] INFO: Plaquette = 0.659628
# [2024-04-23 11:15:25] INFO: Polyakov loop = (0.00205642,0.000544276)
# [2024-04-23 11:15:25] INFO: Writing conf to disk...
# [2024-04-23 11:15:25] INFO: writeconf_nersc: Writing NERSC configuration ./conf_s060t20_b0680700_a_U000399000
# [2024-04-23 11:15:27] INFO: Calculated checksum: 1c778c6d
# [2024-04-23 11:15:32] INFO: Calculated checksum: f16c7b78
# [2024-04-23 11:15:32] INFO: Writing RNGSTATE file: ./rand_s060t20_b0680700_a_U000399000
# [2024-04-23 11:15:32] INFO: Writing to disk took 7.70508 seconds
# [2024-04-23 11:15:32] INFO: ======================================================================
# [2024-04-23 11:15:32] INFO: Start sweeping...
# [2024-04-23 11:22:26] INFO: It took 413.273 seconds to do 500 HBOR sweeps.
# [2024-04-23 11:22:26] INFO: Plaquette = 0.659628
# [2024-04-23 11:22:26] INFO: Polyakov loop = (0.00262418,0.000404218)
# [2024-04-23 11:22:26] INFO: Writing conf to disk...
# [2024-04-23 11:22:26] INFO: writeconf_nersc: Writing NERSC configuration ./conf_s060t20_b0680700_a_U000399500
# [2024-04-23 11:22:28] INFO: Calculated checksum: fabf0e7c
# [2024-04-23 11:22:33] INFO: Calculated checksum: a3cc4c96
# [2024-04-23 11:22:33] INFO: Writing RNGSTATE file: ./rand_s060t20_b0680700_a_U000399500
# [2024-04-23 11:22:33] INFO: Writing to disk took 7.24713 seconds
# [2024-04-23 11:22:33] INFO: ======================================================================
# [2024-04-23 11:22:33] INFO: Start sweeping...
# [2024-04-23 11:29:25] INFO: It took 412.325 seconds to do 500 HBOR sweeps.
# [2024-04-23 11:29:25] INFO: Plaquette = 0.659741
# [2024-04-23 11:29:25] INFO: Polyakov loop = (0.0015417,-0.000472639)
# [2024-04-23 11:29:25] INFO: Writing conf to disk...
# [2024-04-23 11:29:25] INFO: writeconf_nersc: Writing NERSC configuration ./conf_s060t20_b0680700_a_U000400000
# [2024-04-23 11:29:28] INFO: Calculated checksum: bd7658e1
# [2024-04-23 11:29:32] INFO: Calculated checksum: 8e142037
# [2024-04-23 11:29:32] INFO: Writing RNGSTATE file: ./rand_s060t20_b0680700_a_U000400000
# [2024-04-23 11:29:32] INFO: Writing to disk took 7.21626 seconds
# [2024-04-23 11:29:32] INFO: Finalizing MPI
