
Currently Loaded Modules:
  1) chpc/1.0      (S)   3) gcc/8.5.0      5) mpich/3.4.2
  2) python/3.10.3       4) cmake/3.26.0   6) cuda/11.6.2 (g)

  Where:
   S:  Module is Sticky, requires --force to unload or purge
   g:  built for GPU

 

# [2024-04-22 11:52:55] INFO: Running SIMULATeQCD
# [2024-04-22 11:52:55] INFO: Git commit version: 43e2518
# [2024-04-22 11:52:55] INFO: Initializing MPI with (1 proc)
# [2024-04-22 11:52:55] INFO: Reading parameters from file :: GenerateQuenched_b6600.param
# [2024-04-22 11:52:55] INFO: # PARAM :: Lattice = 60 60 60 20 
# [2024-04-22 11:52:55] INFO: # PARAM :: Nodes = 1 1 1 1 
# [2024-04-22 11:52:55] INFO: # PARAM :: Topology = 0 0 0 0  (default)
# [2024-04-22 11:52:55] INFO: # PARAM :: beta = 6.6
# [2024-04-22 11:52:55] INFO: # PARAM :: format = nersc
# [2024-04-22 11:52:55] INFO: # PARAM :: endianness = auto
# [2024-04-22 11:52:55] INFO: # PARAM :: conf_nr = 350000
# [2024-04-22 11:52:55] INFO: # PARAM :: stream = a
# [2024-04-22 11:52:55] INFO: # PARAM :: prec_out = 0 (default)
# [2024-04-22 11:52:55] INFO: # PARAM :: measurements_dir = ./ (default)
# [2024-04-22 11:52:55] INFO: # PARAM :: use_unit_conf = 0 (default)
# [2024-04-22 11:52:55] INFO: # PARAM :: output_dir = .
# [2024-04-22 11:52:55] INFO: # PARAM :: nconfs = 100
# [2024-04-22 11:52:55] INFO: # PARAM :: nsweeps_ORperHB = 4
# [2024-04-22 11:52:55] INFO: # PARAM :: nsweeps_HBwithOR = 500
# [2024-04-22 11:52:55] INFO: # PARAM :: prev_conf = conf_s060t20_b0660000_a_U000350000
# [2024-04-22 11:52:55] INFO: # PARAM :: prev_rand = rand_s060t20_b0660000_a_U000350000
# [2024-04-22 11:52:56] INFO: > Running on:
# [2024-04-22 11:52:56] INFO: [Rank 0] > notch088 CPU_21 GPU_AF; MPI: world_rank=0, node_rank=0, coord: ( 0 0 0 0 )
# [2024-04-22 11:52:56] INFO: > Is MPI CUDA-aware? @compilation 
# [2024-04-22 11:52:56] INFO: > GPU compute capability: 75
# [2024-04-22 11:52:56] INFO: > Checking support for P2P (Peer-to-Peer) and UVA (Unified Virtual Addressing):
# [2024-04-22 11:52:56] INFO: [Rank 0] > notch088 GPU_AF(NVIDIA GeForce RTX 2080 Ti): P2P NO ; UVA YES
# [2024-04-22 11:52:56] INFO: Initialize Indexer with HaloDepth = 1[0;33m[0m
# [2024-04-22 11:52:56] INFO: Resuming previous run.
# [2024-04-22 11:52:56] INFO: readconf_nersc: Reading NERSC configuration conf_s060t20_b0660000_a_U000350000
# [2024-04-22 11:53:24] INFO: Next conf_number will be 350500
# [2024-04-22 11:53:24] INFO: Generating up to 100 confs with a separation of 500 HBOR sweeps (OR/HB = 4) ...
# [2024-04-22 11:53:24] INFO: ======================================================================
# [2024-04-22 11:53:24] INFO: Start sweeping...
# [2024-04-22 12:00:12] INFO: It took 408.327 seconds to do 500 HBOR sweeps.
# [2024-04-22 12:00:12] INFO: Plaquette = 0.645734
# [2024-04-22 12:00:12] INFO: Polyakov loop = (-0.000184813,0.000464148)
# [2024-04-22 12:00:12] INFO: Writing conf to disk...
# [2024-04-22 12:00:12] INFO: writeconf_nersc: Writing NERSC configuration ./conf_s060t20_b0660000_a_U000350500
# [2024-04-22 12:00:15] INFO: Calculated checksum: e06930ba
# [2024-04-22 12:00:31] INFO: Calculated checksum: cf186ba
# [2024-04-22 12:00:31] INFO: Writing RNGSTATE file: ./rand_s060t20_b0660000_a_U000350500
# [2024-04-22 12:00:31] INFO: Writing to disk took 19.0651 seconds
# [2024-04-22 12:00:31] INFO: ======================================================================
# [2024-04-22 12:00:31] INFO: Start sweeping...
# [2024-04-22 12:07:23] INFO: It took 411.628 seconds to do 500 HBOR sweeps.
# [2024-04-22 12:07:23] INFO: Plaquette = 0.645615
# [2024-04-22 12:07:23] INFO: Polyakov loop = (-0.00102447,0.0013315)
# [2024-04-22 12:07:23] INFO: Writing conf to disk...
# [2024-04-22 12:07:23] INFO: writeconf_nersc: Writing NERSC configuration ./conf_s060t20_b0660000_a_U000351000
# [2024-04-22 12:07:26] INFO: Calculated checksum: 6e026e9c
# [2024-04-22 12:07:47] INFO: Calculated checksum: b15957bd
# [2024-04-22 12:07:47] INFO: Writing RNGSTATE file: ./rand_s060t20_b0660000_a_U000351000
# [2024-04-22 12:07:47] INFO: Writing to disk took 24.536 seconds
# [2024-04-22 12:07:47] INFO: ======================================================================
# [2024-04-22 12:07:47] INFO: Start sweeping...
# [2024-04-22 12:14:38] INFO: It took 410.31 seconds to do 500 HBOR sweeps.
# [2024-04-22 12:14:38] INFO: Plaquette = 0.645668
# [2024-04-22 12:14:38] INFO: Polyakov loop = (0.0013254,0.000728956)
# [2024-04-22 12:14:38] INFO: Writing conf to disk...
# [2024-04-22 12:14:38] INFO: writeconf_nersc: Writing NERSC configuration ./conf_s060t20_b0660000_a_U000351500
# [2024-04-22 12:14:41] INFO: Calculated checksum: fc9a562f
# [2024-04-22 12:14:53] INFO: Calculated checksum: efe632a2
# [2024-04-22 12:14:53] INFO: Writing RNGSTATE file: ./rand_s060t20_b0660000_a_U000351500
# [2024-04-22 12:14:55] INFO: Writing to disk took 17.3666 seconds
# [2024-04-22 12:14:55] INFO: ======================================================================
# [2024-04-22 12:14:55] INFO: Start sweeping...
# [2024-04-22 12:21:46] INFO: It took 410.949 seconds to do 500 HBOR sweeps.
# [2024-04-22 12:21:46] INFO: Plaquette = 0.645585
# [2024-04-22 12:21:46] INFO: Polyakov loop = (0.000268058,0.000177872)
# [2024-04-22 12:21:46] INFO: Writing conf to disk...
# [2024-04-22 12:21:46] INFO: writeconf_nersc: Writing NERSC configuration ./conf_s060t20_b0660000_a_U000352000
# [2024-04-22 12:21:49] INFO: Calculated checksum: 44947fd0
# [2024-04-22 12:21:57] INFO: Calculated checksum: b919df43
# [2024-04-22 12:21:57] INFO: Writing RNGSTATE file: ./rand_s060t20_b0660000_a_U000352000
# [2024-04-22 12:21:57] INFO: Writing to disk took 10.8081 seconds
# [2024-04-22 12:21:57] INFO: ======================================================================
# [2024-04-22 12:21:57] INFO: Start sweeping...
# [2024-04-22 12:28:48] INFO: It took 411.495 seconds to do 500 HBOR sweeps.
# [2024-04-22 12:28:49] INFO: Plaquette = 0.645606
# [2024-04-22 12:28:49] INFO: Polyakov loop = (-0.000198121,-0.000474002)
# [2024-04-22 12:28:49] INFO: Writing conf to disk...
# [2024-04-22 12:28:49] INFO: writeconf_nersc: Writing NERSC configuration ./conf_s060t20_b0660000_a_U000352500
# [2024-04-22 12:28:51] INFO: Calculated checksum: c9094aa6
# [2024-04-22 12:29:00] INFO: Calculated checksum: b0cb1887
# [2024-04-22 12:29:00] INFO: Writing RNGSTATE file: ./rand_s060t20_b0660000_a_U000352500
# [2024-04-22 12:29:00] INFO: Writing to disk took 11.4223 seconds
# [2024-04-22 12:29:00] INFO: ======================================================================
# [2024-04-22 12:29:00] INFO: Start sweeping...
# [2024-04-22 12:35:50] INFO: It took 410.178 seconds to do 500 HBOR sweeps.
# [2024-04-22 12:35:50] INFO: Plaquette = 0.645629
# [2024-04-22 12:35:50] INFO: Polyakov loop = (0.000189942,0.000809237)
# [2024-04-22 12:35:50] INFO: Writing conf to disk...
# [2024-04-22 12:35:50] INFO: writeconf_nersc: Writing NERSC configuration ./conf_s060t20_b0660000_a_U000353000
# [2024-04-22 12:35:53] INFO: Calculated checksum: 355c0cd9
# [2024-04-22 12:36:04] INFO: Calculated checksum: 51b09fc4
# [2024-04-22 12:36:04] INFO: Writing RNGSTATE file: ./rand_s060t20_b0660000_a_U000353000
# [2024-04-22 12:36:04] INFO: Writing to disk took 14.0535 seconds
# [2024-04-22 12:36:04] INFO: ======================================================================
# [2024-04-22 12:36:04] INFO: Start sweeping...
# [2024-04-22 12:42:56] INFO: It took 411.329 seconds to do 500 HBOR sweeps.
# [2024-04-22 12:42:56] INFO: Plaquette = 0.645611
# [2024-04-22 12:42:56] INFO: Polyakov loop = (0.000564119,0.000488954)
# [2024-04-22 12:42:56] INFO: Writing conf to disk...
# [2024-04-22 12:42:56] INFO: writeconf_nersc: Writing NERSC configuration ./conf_s060t20_b0660000_a_U000353500
# [2024-04-22 12:42:59] INFO: Calculated checksum: 29c8e4e9
# [2024-04-22 12:43:07] INFO: Calculated checksum: 8ef35135
# [2024-04-22 12:43:07] INFO: Writing RNGSTATE file: ./rand_s060t20_b0660000_a_U000353500
# [2024-04-22 12:43:07] INFO: Writing to disk took 11.3547 seconds
# [2024-04-22 12:43:07] INFO: ======================================================================
# [2024-04-22 12:43:07] INFO: Start sweeping...
# [2024-04-22 12:49:59] INFO: It took 411.634 seconds to do 500 HBOR sweeps.
# [2024-04-22 12:49:59] INFO: Plaquette = 0.645633
# [2024-04-22 12:49:59] INFO: Polyakov loop = (-0.000167487,-0.000735039)
# [2024-04-22 12:49:59] INFO: Writing conf to disk...
# [2024-04-22 12:49:59] INFO: writeconf_nersc: Writing NERSC configuration ./conf_s060t20_b0660000_a_U000354000
# [2024-04-22 12:50:02] INFO: Calculated checksum: d7b7306
# [2024-04-22 12:50:10] INFO: Calculated checksum: 135b9d3
# [2024-04-22 12:50:10] INFO: Writing RNGSTATE file: ./rand_s060t20_b0660000_a_U000354000
# [2024-04-22 12:50:11] INFO: Writing to disk took 12.0219 seconds
# [2024-04-22 12:50:11] INFO: ======================================================================
# [2024-04-22 12:50:11] INFO: Start sweeping...
# [2024-04-22 12:57:02] INFO: It took 411.33 seconds to do 500 HBOR sweeps.
# [2024-04-22 12:57:02] INFO: Plaquette = 0.645729
# [2024-04-22 12:57:02] INFO: Polyakov loop = (0.000224625,0.000886919)
# [2024-04-22 12:57:02] INFO: Writing conf to disk...
# [2024-04-22 12:57:02] INFO: writeconf_nersc: Writing NERSC configuration ./conf_s060t20_b0660000_a_U000354500
# [2024-04-22 12:57:05] INFO: Calculated checksum: 89610158
# [2024-04-22 12:57:12] INFO: Calculated checksum: 6752cb26
# [2024-04-22 12:57:12] INFO: Writing RNGSTATE file: ./rand_s060t20_b0660000_a_U000354500
# [2024-04-22 12:57:12] INFO: Writing to disk took 10.2014 seconds
# [2024-04-22 12:57:12] INFO: ======================================================================
# [2024-04-22 12:57:12] INFO: Start sweeping...
# [2024-04-22 13:04:04] INFO: It took 411.63 seconds to do 500 HBOR sweeps.
# [2024-04-22 13:04:04] INFO: Plaquette = 0.645624
# [2024-04-22 13:04:04] INFO: Polyakov loop = (-0.00162193,0.000799373)
# [2024-04-22 13:04:04] INFO: Writing conf to disk...
# [2024-04-22 13:04:04] INFO: writeconf_nersc: Writing NERSC configuration ./conf_s060t20_b0660000_a_U000355000
# [2024-04-22 13:04:07] INFO: Calculated checksum: 2caea553
# [2024-04-22 13:04:14] INFO: Calculated checksum: fc304847
# [2024-04-22 13:04:14] INFO: Writing RNGSTATE file: ./rand_s060t20_b0660000_a_U000355000
# [2024-04-22 13:04:15] INFO: Writing to disk took 10.5131 seconds
# [2024-04-22 13:04:15] INFO: ======================================================================
# [2024-04-22 13:04:15] INFO: Start sweeping...
# [2024-04-22 13:11:06] INFO: It took 411.751 seconds to do 500 HBOR sweeps.
# [2024-04-22 13:11:06] INFO: Plaquette = 0.645625
# [2024-04-22 13:11:06] INFO: Polyakov loop = (-0.000515473,-0.000199207)
# [2024-04-22 13:11:06] INFO: Writing conf to disk...
# [2024-04-22 13:11:06] INFO: writeconf_nersc: Writing NERSC configuration ./conf_s060t20_b0660000_a_U000355500
# [2024-04-22 13:11:09] INFO: Calculated checksum: 89b15a87
# [2024-04-22 13:11:20] INFO: Calculated checksum: b978ccf8
# [2024-04-22 13:11:20] INFO: Writing RNGSTATE file: ./rand_s060t20_b0660000_a_U000355500
# [2024-04-22 13:11:21] INFO: Writing to disk took 14.3816 seconds
# [2024-04-22 13:11:21] INFO: ======================================================================
# [2024-04-22 13:11:21] INFO: Start sweeping...
# [2024-04-22 13:18:12] INFO: It took 411.725 seconds to do 500 HBOR sweeps.
# [2024-04-22 13:18:13] INFO: Plaquette = 0.645618
# [2024-04-22 13:18:13] INFO: Polyakov loop = (0.000611666,-0.000883761)
# [2024-04-22 13:18:13] INFO: Writing conf to disk...
# [2024-04-22 13:18:13] INFO: writeconf_nersc: Writing NERSC configuration ./conf_s060t20_b0660000_a_U000356000
# [2024-04-22 13:18:16] INFO: Calculated checksum: b3056854
# [2024-04-22 13:18:24] INFO: Calculated checksum: 412a3ebd
# [2024-04-22 13:18:24] INFO: Writing RNGSTATE file: ./rand_s060t20_b0660000_a_U000356000
# [2024-04-22 13:18:25] INFO: Writing to disk took 12.1739 seconds
# [2024-04-22 13:18:25] INFO: ======================================================================
# [2024-04-22 13:18:25] INFO: Start sweeping...
# [2024-04-22 13:25:15] INFO: It took 410.327 seconds to do 500 HBOR sweeps.
# [2024-04-22 13:25:15] INFO: Plaquette = 0.645695
# [2024-04-22 13:25:15] INFO: Polyakov loop = (0.00108386,0.000384999)
# [2024-04-22 13:25:15] INFO: Writing conf to disk...
# [2024-04-22 13:25:15] INFO: writeconf_nersc: Writing NERSC configuration ./conf_s060t20_b0660000_a_U000356500
# [2024-04-22 13:25:18] INFO: Calculated checksum: 46875d59
# [2024-04-22 13:25:34] INFO: Calculated checksum: 6826921b
# [2024-04-22 13:25:34] INFO: Writing RNGSTATE file: ./rand_s060t20_b0660000_a_U000356500
# [2024-04-22 13:25:34] INFO: Writing to disk took 19.2397 seconds
# [2024-04-22 13:25:34] INFO: ======================================================================
# [2024-04-22 13:25:34] INFO: Start sweeping...
# [2024-04-22 13:32:26] INFO: It took 411.646 seconds to do 500 HBOR sweeps.
# [2024-04-22 13:32:26] INFO: Plaquette = 0.645652
# [2024-04-22 13:32:26] INFO: Polyakov loop = (0.000519323,0.000570667)
# [2024-04-22 13:32:26] INFO: Writing conf to disk...
# [2024-04-22 13:32:26] INFO: writeconf_nersc: Writing NERSC configuration ./conf_s060t20_b0660000_a_U000357000
# [2024-04-22 13:32:29] INFO: Calculated checksum: 6d5db2f9
# [2024-04-22 13:32:40] INFO: Calculated checksum: 3e551af6
# [2024-04-22 13:32:40] INFO: Writing RNGSTATE file: ./rand_s060t20_b0660000_a_U000357000
# [2024-04-22 13:32:40] INFO: Writing to disk took 14.0646 seconds
# [2024-04-22 13:32:40] INFO: ======================================================================
# [2024-04-22 13:32:40] INFO: Start sweeping...
# [2024-04-22 13:39:30] INFO: It took 410.25 seconds to do 500 HBOR sweeps.
# [2024-04-22 13:39:30] INFO: Plaquette = 0.645725
# [2024-04-22 13:39:30] INFO: Polyakov loop = (0.00091845,0.000172474)
# [2024-04-22 13:39:30] INFO: Writing conf to disk...
# [2024-04-22 13:39:30] INFO: writeconf_nersc: Writing NERSC configuration ./conf_s060t20_b0660000_a_U000357500
# [2024-04-22 13:39:33] INFO: Calculated checksum: 2d143df9
# [2024-04-22 13:39:40] INFO: Calculated checksum: 9157dd4c
# [2024-04-22 13:39:40] INFO: Writing RNGSTATE file: ./rand_s060t20_b0660000_a_U000357500
# [2024-04-22 13:39:40] INFO: Writing to disk took 10.1303 seconds
# [2024-04-22 13:39:40] INFO: ======================================================================
# [2024-04-22 13:39:40] INFO: Start sweeping...
# [2024-04-22 13:46:32] INFO: It took 411.709 seconds to do 500 HBOR sweeps.
# [2024-04-22 13:46:32] INFO: Plaquette = 0.645543
# [2024-04-22 13:46:32] INFO: Polyakov loop = (-0.000279632,0.000755583)
# [2024-04-22 13:46:32] INFO: Writing conf to disk...
# [2024-04-22 13:46:32] INFO: writeconf_nersc: Writing NERSC configuration ./conf_s060t20_b0660000_a_U000358000
# [2024-04-22 13:46:35] INFO: Calculated checksum: 4cdeb0f5
# [2024-04-22 13:46:55] INFO: Calculated checksum: cdc8f536
# [2024-04-22 13:46:55] INFO: Writing RNGSTATE file: ./rand_s060t20_b0660000_a_U000358000
# [2024-04-22 13:46:55] INFO: Writing to disk took 23.0146 seconds
# [2024-04-22 13:46:55] INFO: ======================================================================
# [2024-04-22 13:46:55] INFO: Start sweeping...
# [2024-04-22 13:53:46] INFO: It took 410.304 seconds to do 500 HBOR sweeps.
# [2024-04-22 13:53:46] INFO: Plaquette = 0.645615
# [2024-04-22 13:53:46] INFO: Polyakov loop = (-0.000560641,-0.000149888)
# [2024-04-22 13:53:46] INFO: Writing conf to disk...
# [2024-04-22 13:53:46] INFO: writeconf_nersc: Writing NERSC configuration ./conf_s060t20_b0660000_a_U000358500
# [2024-04-22 13:53:48] INFO: Calculated checksum: 4a79a8d
# [2024-04-22 13:54:08] INFO: Calculated checksum: af65d123
# [2024-04-22 13:54:08] INFO: Writing RNGSTATE file: ./rand_s060t20_b0660000_a_U000358500
# [2024-04-22 13:54:09] INFO: Writing to disk took 23.4861 seconds
# [2024-04-22 13:54:09] INFO: ======================================================================
# [2024-04-22 13:54:09] INFO: Start sweeping...
# [2024-04-22 14:01:00] INFO: It took 410.457 seconds to do 500 HBOR sweeps.
# [2024-04-22 14:01:00] INFO: Plaquette = 0.645691
# [2024-04-22 14:01:00] INFO: Polyakov loop = (-0.00044787,-0.000331631)
# [2024-04-22 14:01:00] INFO: Writing conf to disk...
# [2024-04-22 14:01:00] INFO: writeconf_nersc: Writing NERSC configuration ./conf_s060t20_b0660000_a_U000359000
# [2024-04-22 14:01:03] INFO: Calculated checksum: 2b36963a
# [2024-04-22 14:01:11] INFO: Calculated checksum: eca7bc43
# [2024-04-22 14:01:11] INFO: Writing RNGSTATE file: ./rand_s060t20_b0660000_a_U000359000
# [2024-04-22 14:01:11] INFO: Writing to disk took 11.1149 seconds
# [2024-04-22 14:01:11] INFO: ======================================================================
# [2024-04-22 14:01:11] INFO: Start sweeping...
# [2024-04-22 14:08:02] INFO: It took 411.47 seconds to do 500 HBOR sweeps.
# [2024-04-22 14:08:02] INFO: Plaquette = 0.645701
# [2024-04-22 14:08:02] INFO: Polyakov loop = (-0.000176789,-0.000670795)
# [2024-04-22 14:08:02] INFO: Writing conf to disk...
# [2024-04-22 14:08:02] INFO: writeconf_nersc: Writing NERSC configuration ./conf_s060t20_b0660000_a_U000359500
# [2024-04-22 14:08:05] INFO: Calculated checksum: 66e6f2dc
# [2024-04-22 14:08:24] INFO: Calculated checksum: ce1a600d
# [2024-04-22 14:08:24] INFO: Writing RNGSTATE file: ./rand_s060t20_b0660000_a_U000359500
# [2024-04-22 14:08:25] INFO: Writing to disk took 22.4251 seconds
# [2024-04-22 14:08:25] INFO: ======================================================================
# [2024-04-22 14:08:25] INFO: Start sweeping...
# [2024-04-22 14:15:15] INFO: It took 410.651 seconds to do 500 HBOR sweeps.
# [2024-04-22 14:15:15] INFO: Plaquette = 0.645548
# [2024-04-22 14:15:15] INFO: Polyakov loop = (-0.000186658,0.000371999)
# [2024-04-22 14:15:15] INFO: Writing conf to disk...
# [2024-04-22 14:15:15] INFO: writeconf_nersc: Writing NERSC configuration ./conf_s060t20_b0660000_a_U000360000
# [2024-04-22 14:15:18] INFO: Calculated checksum: b0168bb4
# [2024-04-22 14:15:26] INFO: Calculated checksum: 78e43f65
# [2024-04-22 14:15:26] INFO: Writing RNGSTATE file: ./rand_s060t20_b0660000_a_U000360000
# [2024-04-22 14:15:26] INFO: Writing to disk took 10.803 seconds
# [2024-04-22 14:15:26] INFO: ======================================================================
# [2024-04-22 14:15:26] INFO: Start sweeping...
# [2024-04-22 14:22:18] INFO: It took 411.554 seconds to do 500 HBOR sweeps.
# [2024-04-22 14:22:18] INFO: Plaquette = 0.645681
# [2024-04-22 14:22:18] INFO: Polyakov loop = (-0.000670163,0.000121958)
# [2024-04-22 14:22:18] INFO: Writing conf to disk...
# [2024-04-22 14:22:18] INFO: writeconf_nersc: Writing NERSC configuration ./conf_s060t20_b0660000_a_U000360500
# [2024-04-22 14:22:21] INFO: Calculated checksum: e4efe56d
# [2024-04-22 14:22:30] INFO: Calculated checksum: 26ec3e51
# [2024-04-22 14:22:30] INFO: Writing RNGSTATE file: ./rand_s060t20_b0660000_a_U000360500
# [2024-04-22 14:22:34] INFO: Writing to disk took 16.0223 seconds
# [2024-04-22 14:22:34] INFO: ======================================================================
# [2024-04-22 14:22:34] INFO: Start sweeping...
# [2024-04-22 14:29:25] INFO: It took 411.491 seconds to do 500 HBOR sweeps.
# [2024-04-22 14:29:25] INFO: Plaquette = 0.645634
# [2024-04-22 14:29:25] INFO: Polyakov loop = (-0.000126746,0.000297088)
# [2024-04-22 14:29:25] INFO: Writing conf to disk...
# [2024-04-22 14:29:25] INFO: writeconf_nersc: Writing NERSC configuration ./conf_s060t20_b0660000_a_U000361000
# [2024-04-22 14:29:28] INFO: Calculated checksum: e3a40634
# [2024-04-22 14:29:37] INFO: Calculated checksum: b1b24f6d
# [2024-04-22 14:29:37] INFO: Writing RNGSTATE file: ./rand_s060t20_b0660000_a_U000361000
# [2024-04-22 14:29:37] INFO: Writing to disk took 11.7879 seconds
# [2024-04-22 14:29:37] INFO: ======================================================================
# [2024-04-22 14:29:37] INFO: Start sweeping...
# [2024-04-22 14:36:29] INFO: It took 411.615 seconds to do 500 HBOR sweeps.
# [2024-04-22 14:36:29] INFO: Plaquette = 0.645701
# [2024-04-22 14:36:29] INFO: Polyakov loop = (0.000464861,-0.000435641)
# [2024-04-22 14:36:29] INFO: Writing conf to disk...
# [2024-04-22 14:36:29] INFO: writeconf_nersc: Writing NERSC configuration ./conf_s060t20_b0660000_a_U000361500
# [2024-04-22 14:36:32] INFO: Calculated checksum: 3a516b6a
# [2024-04-22 14:36:40] INFO: Calculated checksum: ccdc95c4
# [2024-04-22 14:36:40] INFO: Writing RNGSTATE file: ./rand_s060t20_b0660000_a_U000361500
# [2024-04-22 14:36:41] INFO: Writing to disk took 11.8319 seconds
# [2024-04-22 14:36:41] INFO: ======================================================================
# [2024-04-22 14:36:41] INFO: Start sweeping...
# [2024-04-22 14:43:33] INFO: It took 411.823 seconds to do 500 HBOR sweeps.
# [2024-04-22 14:43:33] INFO: Plaquette = 0.645672
# [2024-04-22 14:43:33] INFO: Polyakov loop = (0.000168028,0.00120835)
# [2024-04-22 14:43:33] INFO: Writing conf to disk...
# [2024-04-22 14:43:33] INFO: writeconf_nersc: Writing NERSC configuration ./conf_s060t20_b0660000_a_U000362000
# [2024-04-22 14:43:35] INFO: Calculated checksum: 93b0f1ac
# [2024-04-22 14:43:43] INFO: Calculated checksum: d28f4bb
# [2024-04-22 14:43:43] INFO: Writing RNGSTATE file: ./rand_s060t20_b0660000_a_U000362000
# [2024-04-22 14:43:44] INFO: Writing to disk took 10.9687 seconds
# [2024-04-22 14:43:44] INFO: ======================================================================
# [2024-04-22 14:43:44] INFO: Start sweeping...
# [2024-04-22 14:50:34] INFO: It took 410.207 seconds to do 500 HBOR sweeps.
# [2024-04-22 14:50:34] INFO: Plaquette = 0.645656
# [2024-04-22 14:50:34] INFO: Polyakov loop = (0.000815726,3.91249e-05)
# [2024-04-22 14:50:34] INFO: Writing conf to disk...
# [2024-04-22 14:50:34] INFO: writeconf_nersc: Writing NERSC configuration ./conf_s060t20_b0660000_a_U000362500
# [2024-04-22 14:50:37] INFO: Calculated checksum: 61a75b79
# [2024-04-22 14:50:45] INFO: Calculated checksum: d0f66563
# [2024-04-22 14:50:45] INFO: Writing RNGSTATE file: ./rand_s060t20_b0660000_a_U000362500
# [2024-04-22 14:50:46] INFO: Writing to disk took 11.6736 seconds
# [2024-04-22 14:50:46] INFO: ======================================================================
# [2024-04-22 14:50:46] INFO: Start sweeping...
# [2024-04-22 14:57:36] INFO: It took 410.472 seconds to do 500 HBOR sweeps.
# [2024-04-22 14:57:36] INFO: Plaquette = 0.645684
# [2024-04-22 14:57:36] INFO: Polyakov loop = (1.75915e-06,-1.65831e-05)
# [2024-04-22 14:57:36] INFO: Writing conf to disk...
# [2024-04-22 14:57:36] INFO: writeconf_nersc: Writing NERSC configuration ./conf_s060t20_b0660000_a_U000363000
# [2024-04-22 14:57:39] INFO: Calculated checksum: fa1db5a4
# [2024-04-22 14:57:52] INFO: Calculated checksum: cec62bd8
# [2024-04-22 14:57:52] INFO: Writing RNGSTATE file: ./rand_s060t20_b0660000_a_U000363000
# [2024-04-22 14:57:52] INFO: Writing to disk took 15.8619 seconds
# [2024-04-22 14:57:52] INFO: ======================================================================
# [2024-04-22 14:57:52] INFO: Start sweeping...
# [2024-04-22 15:04:42] INFO: It took 410.37 seconds to do 500 HBOR sweeps.
# [2024-04-22 15:04:42] INFO: Plaquette = 0.645627
# [2024-04-22 15:04:42] INFO: Polyakov loop = (0.000667663,-0.000235809)
# [2024-04-22 15:04:42] INFO: Writing conf to disk...
# [2024-04-22 15:04:42] INFO: writeconf_nersc: Writing NERSC configuration ./conf_s060t20_b0660000_a_U000363500
# [2024-04-22 15:04:45] INFO: Calculated checksum: f835d8dc
# [2024-04-22 15:04:58] INFO: Calculated checksum: fdb4bf61
# [2024-04-22 15:04:58] INFO: Writing RNGSTATE file: ./rand_s060t20_b0660000_a_U000363500
# [2024-04-22 15:04:59] INFO: Writing to disk took 16.208 seconds
# [2024-04-22 15:04:59] INFO: ======================================================================
# [2024-04-22 15:04:59] INFO: Start sweeping...
# [2024-04-22 15:11:50] INFO: It took 411.65 seconds to do 500 HBOR sweeps.
# [2024-04-22 15:11:50] INFO: Plaquette = 0.645656
# [2024-04-22 15:11:50] INFO: Polyakov loop = (-0.000642003,-0.000175083)
# [2024-04-22 15:11:50] INFO: Writing conf to disk...
# [2024-04-22 15:11:50] INFO: writeconf_nersc: Writing NERSC configuration ./conf_s060t20_b0660000_a_U000364000
# [2024-04-22 15:11:53] INFO: Calculated checksum: 126cb5c
# [2024-04-22 15:12:00] INFO: Calculated checksum: 7c195a8c
# [2024-04-22 15:12:00] INFO: Writing RNGSTATE file: ./rand_s060t20_b0660000_a_U000364000
# [2024-04-22 15:12:00] INFO: Writing to disk took 10.0479 seconds
# [2024-04-22 15:12:00] INFO: ======================================================================
# [2024-04-22 15:12:00] INFO: Start sweeping...
# [2024-04-22 15:18:52] INFO: It took 411.765 seconds to do 500 HBOR sweeps.
# [2024-04-22 15:18:52] INFO: Plaquette = 0.645722
# [2024-04-22 15:18:52] INFO: Polyakov loop = (-0.00127584,0.000477853)
# [2024-04-22 15:18:52] INFO: Writing conf to disk...
# [2024-04-22 15:18:52] INFO: writeconf_nersc: Writing NERSC configuration ./conf_s060t20_b0660000_a_U000364500
# [2024-04-22 15:18:55] INFO: Calculated checksum: a92225cb
# [2024-04-22 15:19:03] INFO: Calculated checksum: 41e6fffe
# [2024-04-22 15:19:03] INFO: Writing RNGSTATE file: ./rand_s060t20_b0660000_a_U000364500
# [2024-04-22 15:19:04] INFO: Writing to disk took 11.4875 seconds
# [2024-04-22 15:19:04] INFO: ======================================================================
# [2024-04-22 15:19:04] INFO: Start sweeping...
# [2024-04-22 15:25:55] INFO: It took 411.631 seconds to do 500 HBOR sweeps.
# [2024-04-22 15:25:56] INFO: Plaquette = 0.645646
# [2024-04-22 15:25:56] INFO: Polyakov loop = (-0.000253772,0.000689463)
# [2024-04-22 15:25:56] INFO: Writing conf to disk...
# [2024-04-22 15:25:56] INFO: writeconf_nersc: Writing NERSC configuration ./conf_s060t20_b0660000_a_U000365000
# [2024-04-22 15:25:58] INFO: Calculated checksum: cfeef56e
# [2024-04-22 15:26:06] INFO: Calculated checksum: e4e46e47
# [2024-04-22 15:26:06] INFO: Writing RNGSTATE file: ./rand_s060t20_b0660000_a_U000365000
# [2024-04-22 15:26:06] INFO: Writing to disk took 10.7365 seconds
# [2024-04-22 15:26:06] INFO: ======================================================================
# [2024-04-22 15:26:06] INFO: Start sweeping...
# [2024-04-22 15:32:58] INFO: It took 411.919 seconds to do 500 HBOR sweeps.
# [2024-04-22 15:32:58] INFO: Plaquette = 0.645701
# [2024-04-22 15:32:58] INFO: Polyakov loop = (0.00122767,0.000975644)
# [2024-04-22 15:32:58] INFO: Writing conf to disk...
# [2024-04-22 15:32:58] INFO: writeconf_nersc: Writing NERSC configuration ./conf_s060t20_b0660000_a_U000365500
# [2024-04-22 15:33:01] INFO: Calculated checksum: f1187454
# [2024-04-22 15:33:15] INFO: Calculated checksum: 898e7f44
# [2024-04-22 15:33:15] INFO: Writing RNGSTATE file: ./rand_s060t20_b0660000_a_U000365500
# [2024-04-22 15:33:15] INFO: Writing to disk took 17.1447 seconds
# [2024-04-22 15:33:15] INFO: ======================================================================
# [2024-04-22 15:33:15] INFO: Start sweeping...
# [2024-04-22 15:40:06] INFO: It took 410.251 seconds to do 500 HBOR sweeps.
# [2024-04-22 15:40:06] INFO: Plaquette = 0.645633
# [2024-04-22 15:40:06] INFO: Polyakov loop = (-0.000174726,0.000686252)
# [2024-04-22 15:40:06] INFO: Writing conf to disk...
# [2024-04-22 15:40:06] INFO: writeconf_nersc: Writing NERSC configuration ./conf_s060t20_b0660000_a_U000366000
# [2024-04-22 15:40:09] INFO: Calculated checksum: 67f4b44b
# [2024-04-22 15:40:15] INFO: Calculated checksum: 27215ba7
# [2024-04-22 15:40:15] INFO: Writing RNGSTATE file: ./rand_s060t20_b0660000_a_U000366000
# [2024-04-22 15:40:16] INFO: Writing to disk took 9.83288 seconds
# [2024-04-22 15:40:16] INFO: ======================================================================
# [2024-04-22 15:40:16] INFO: Start sweeping...
# [2024-04-22 15:47:06] INFO: It took 410.152 seconds to do 500 HBOR sweeps.
# [2024-04-22 15:47:06] INFO: Plaquette = 0.645713
# [2024-04-22 15:47:06] INFO: Polyakov loop = (3.63209e-05,0.000133157)
# [2024-04-22 15:47:06] INFO: Writing conf to disk...
# [2024-04-22 15:47:06] INFO: writeconf_nersc: Writing NERSC configuration ./conf_s060t20_b0660000_a_U000366500
# [2024-04-22 15:47:09] INFO: Calculated checksum: de93a6a6
# [2024-04-22 15:47:19] INFO: Calculated checksum: 1d316123
# [2024-04-22 15:47:19] INFO: Writing RNGSTATE file: ./rand_s060t20_b0660000_a_U000366500
# [2024-04-22 15:47:19] INFO: Writing to disk took 13.4507 seconds
# [2024-04-22 15:47:19] INFO: ======================================================================
# [2024-04-22 15:47:19] INFO: Start sweeping...
# [2024-04-22 15:54:09] INFO: It took 410.152 seconds to do 500 HBOR sweeps.
# [2024-04-22 15:54:09] INFO: Plaquette = 0.645728
# [2024-04-22 15:54:09] INFO: Polyakov loop = (-0.000389393,0.000225934)
# [2024-04-22 15:54:09] INFO: Writing conf to disk...
# [2024-04-22 15:54:09] INFO: writeconf_nersc: Writing NERSC configuration ./conf_s060t20_b0660000_a_U000367000
# [2024-04-22 15:54:12] INFO: Calculated checksum: 6960d17
# [2024-04-22 15:54:22] INFO: Calculated checksum: 111d5c22
# [2024-04-22 15:54:22] INFO: Writing RNGSTATE file: ./rand_s060t20_b0660000_a_U000367000
# [2024-04-22 15:54:22] INFO: Writing to disk took 12.8598 seconds
# [2024-04-22 15:54:22] INFO: ======================================================================
# [2024-04-22 15:54:22] INFO: Start sweeping...
# [2024-04-22 16:01:14] INFO: It took 411.783 seconds to do 500 HBOR sweeps.
# [2024-04-22 16:01:14] INFO: Plaquette = 0.645672
# [2024-04-22 16:01:14] INFO: Polyakov loop = (-0.000351867,0.00035469)
# [2024-04-22 16:01:14] INFO: Writing conf to disk...
# [2024-04-22 16:01:14] INFO: writeconf_nersc: Writing NERSC configuration ./conf_s060t20_b0660000_a_U000367500
# [2024-04-22 16:01:17] INFO: Calculated checksum: 504065fa
# [2024-04-22 16:01:24] INFO: Calculated checksum: 6c59a744
# [2024-04-22 16:01:25] INFO: Writing RNGSTATE file: ./rand_s060t20_b0660000_a_U000367500
# [2024-04-22 16:01:26] INFO: Writing to disk took 11.4577 seconds
# [2024-04-22 16:01:26] INFO: ======================================================================
# [2024-04-22 16:01:26] INFO: Start sweeping...
# [2024-04-22 16:08:17] INFO: It took 411.652 seconds to do 500 HBOR sweeps.
# [2024-04-22 16:08:17] INFO: Plaquette = 0.6456
# [2024-04-22 16:08:17] INFO: Polyakov loop = (-0.000332265,0.000176115)
# [2024-04-22 16:08:17] INFO: Writing conf to disk...
# [2024-04-22 16:08:17] INFO: writeconf_nersc: Writing NERSC configuration ./conf_s060t20_b0660000_a_U000368000
# [2024-04-22 16:08:21] INFO: Calculated checksum: aab9f7de
# [2024-04-22 16:08:29] INFO: Calculated checksum: d7fea409
# [2024-04-22 16:08:29] INFO: Writing RNGSTATE file: ./rand_s060t20_b0660000_a_U000368000
# [2024-04-22 16:08:29] INFO: Writing to disk took 11.7717 seconds
# [2024-04-22 16:08:29] INFO: ======================================================================
# [2024-04-22 16:08:29] INFO: Start sweeping...
# [2024-04-22 16:15:21] INFO: It took 411.691 seconds to do 500 HBOR sweeps.
# [2024-04-22 16:15:21] INFO: Plaquette = 0.645657
# [2024-04-22 16:15:21] INFO: Polyakov loop = (-0.000704303,0.00136232)
# [2024-04-22 16:15:21] INFO: Writing conf to disk...
# [2024-04-22 16:15:21] INFO: writeconf_nersc: Writing NERSC configuration ./conf_s060t20_b0660000_a_U000368500
# [2024-04-22 16:15:24] INFO: Calculated checksum: d74c2272
# [2024-04-22 16:15:34] INFO: Calculated checksum: 8685fe06
# [2024-04-22 16:15:34] INFO: Writing RNGSTATE file: ./rand_s060t20_b0660000_a_U000368500
# [2024-04-22 16:15:34] INFO: Writing to disk took 13.209 seconds
# [2024-04-22 16:15:34] INFO: ======================================================================
# [2024-04-22 16:15:34] INFO: Start sweeping...
# [2024-04-22 16:22:26] INFO: It took 411.558 seconds to do 500 HBOR sweeps.
# [2024-04-22 16:22:26] INFO: Plaquette = 0.645742
# [2024-04-22 16:22:26] INFO: Polyakov loop = (0.000837367,-0.000271614)
# [2024-04-22 16:22:26] INFO: Writing conf to disk...
# [2024-04-22 16:22:26] INFO: writeconf_nersc: Writing NERSC configuration ./conf_s060t20_b0660000_a_U000369000
# [2024-04-22 16:22:29] INFO: Calculated checksum: 16cd923
# [2024-04-22 16:22:34] INFO: Calculated checksum: 8d6818db
# [2024-04-22 16:22:34] INFO: Writing RNGSTATE file: ./rand_s060t20_b0660000_a_U000369000
# [2024-04-22 16:22:35] INFO: Writing to disk took 8.81581 seconds
# [2024-04-22 16:22:35] INFO: ======================================================================
# [2024-04-22 16:22:35] INFO: Start sweeping...
# [2024-04-22 16:29:26] INFO: It took 411.914 seconds to do 500 HBOR sweeps.
# [2024-04-22 16:29:26] INFO: Plaquette = 0.645644
# [2024-04-22 16:29:26] INFO: Polyakov loop = (-0.000662156,-0.000657366)
# [2024-04-22 16:29:26] INFO: Writing conf to disk...
# [2024-04-22 16:29:26] INFO: writeconf_nersc: Writing NERSC configuration ./conf_s060t20_b0660000_a_U000369500
# [2024-04-22 16:29:29] INFO: Calculated checksum: 5b92d7ae
# [2024-04-22 16:29:36] INFO: Calculated checksum: 2e3689fd
# [2024-04-22 16:29:36] INFO: Writing RNGSTATE file: ./rand_s060t20_b0660000_a_U000369500
# [2024-04-22 16:29:36] INFO: Writing to disk took 9.28939 seconds
# [2024-04-22 16:29:36] INFO: ======================================================================
# [2024-04-22 16:29:36] INFO: Start sweeping...
# [2024-04-22 16:36:28] INFO: It took 411.88 seconds to do 500 HBOR sweeps.
# [2024-04-22 16:36:28] INFO: Plaquette = 0.645702
# [2024-04-22 16:36:28] INFO: Polyakov loop = (-0.000383281,-0.000330874)
# [2024-04-22 16:36:28] INFO: Writing conf to disk...
# [2024-04-22 16:36:28] INFO: writeconf_nersc: Writing NERSC configuration ./conf_s060t20_b0660000_a_U000370000
# [2024-04-22 16:36:31] INFO: Calculated checksum: 2e5a7105
# [2024-04-22 16:36:42] INFO: Calculated checksum: ad05cded
# [2024-04-22 16:36:42] INFO: Writing RNGSTATE file: ./rand_s060t20_b0660000_a_U000370000
# [2024-04-22 16:36:42] INFO: Writing to disk took 14.1558 seconds
# [2024-04-22 16:36:42] INFO: ======================================================================
# [2024-04-22 16:36:42] INFO: Start sweeping...
# [2024-04-22 16:43:32] INFO: It took 410.247 seconds to do 500 HBOR sweeps.
# [2024-04-22 16:43:32] INFO: Plaquette = 0.645635
# [2024-04-22 16:43:32] INFO: Polyakov loop = (-0.000207294,0.000305923)
# [2024-04-22 16:43:32] INFO: Writing conf to disk...
# [2024-04-22 16:43:32] INFO: writeconf_nersc: Writing NERSC configuration ./conf_s060t20_b0660000_a_U000370500
# [2024-04-22 16:43:35] INFO: Calculated checksum: 283e4ee1
# [2024-04-22 16:43:46] INFO: Calculated checksum: 52a19625
# [2024-04-22 16:43:46] INFO: Writing RNGSTATE file: ./rand_s060t20_b0660000_a_U000370500
# [2024-04-22 16:43:47] INFO: Writing to disk took 14.4866 seconds
# [2024-04-22 16:43:47] INFO: ======================================================================
# [2024-04-22 16:43:47] INFO: Start sweeping...
# [2024-04-22 16:50:37] INFO: It took 410.258 seconds to do 500 HBOR sweeps.
# [2024-04-22 16:50:37] INFO: Plaquette = 0.645657
# [2024-04-22 16:50:37] INFO: Polyakov loop = (-0.000215071,0.000303381)
# [2024-04-22 16:50:37] INFO: Writing conf to disk...
# [2024-04-22 16:50:37] INFO: writeconf_nersc: Writing NERSC configuration ./conf_s060t20_b0660000_a_U000371000
# [2024-04-22 16:50:40] INFO: Calculated checksum: 80a23e10
# [2024-04-22 16:50:49] INFO: Calculated checksum: 81eb78c8
# [2024-04-22 16:50:49] INFO: Writing RNGSTATE file: ./rand_s060t20_b0660000_a_U000371000
# [2024-04-22 16:50:51] INFO: Writing to disk took 13.5912 seconds
# [2024-04-22 16:50:51] INFO: ======================================================================
# [2024-04-22 16:50:51] INFO: Start sweeping...
# [2024-04-22 16:57:41] INFO: It took 410.414 seconds to do 500 HBOR sweeps.
# [2024-04-22 16:57:41] INFO: Plaquette = 0.645629
# [2024-04-22 16:57:41] INFO: Polyakov loop = (-0.000663218,-0.000390306)
# [2024-04-22 16:57:41] INFO: Writing conf to disk...
# [2024-04-22 16:57:41] INFO: writeconf_nersc: Writing NERSC configuration ./conf_s060t20_b0660000_a_U000371500
# [2024-04-22 16:57:44] INFO: Calculated checksum: 6bf294c3
# [2024-04-22 16:57:50] INFO: Calculated checksum: e7d15687
# [2024-04-22 16:57:50] INFO: Writing RNGSTATE file: ./rand_s060t20_b0660000_a_U000371500
# [2024-04-22 16:57:51] INFO: Writing to disk took 9.55994 seconds
# [2024-04-22 16:57:51] INFO: ======================================================================
# [2024-04-22 16:57:51] INFO: Start sweeping...
# [2024-04-22 17:04:41] INFO: It took 410.339 seconds to do 500 HBOR sweeps.
# [2024-04-22 17:04:41] INFO: Plaquette = 0.645733
# [2024-04-22 17:04:41] INFO: Polyakov loop = (0.00052255,0.000756218)
# [2024-04-22 17:04:41] INFO: Writing conf to disk...
# [2024-04-22 17:04:41] INFO: writeconf_nersc: Writing NERSC configuration ./conf_s060t20_b0660000_a_U000372000
# [2024-04-22 17:04:44] INFO: Calculated checksum: b6789ca7
# [2024-04-22 17:04:50] INFO: Calculated checksum: adc9b89a
# [2024-04-22 17:04:50] INFO: Writing RNGSTATE file: ./rand_s060t20_b0660000_a_U000372000
# [2024-04-22 17:04:51] INFO: Writing to disk took 10.3959 seconds
# [2024-04-22 17:04:51] INFO: ======================================================================
# [2024-04-22 17:04:51] INFO: Start sweeping...
# [2024-04-22 17:11:43] INFO: It took 411.677 seconds to do 500 HBOR sweeps.
# [2024-04-22 17:11:43] INFO: Plaquette = 0.645703
# [2024-04-22 17:11:43] INFO: Polyakov loop = (-3.86228e-05,0.000277141)
# [2024-04-22 17:11:43] INFO: Writing conf to disk...
# [2024-04-22 17:11:43] INFO: writeconf_nersc: Writing NERSC configuration ./conf_s060t20_b0660000_a_U000372500
# [2024-04-22 17:11:46] INFO: Calculated checksum: cd3f9b64
# [2024-04-22 17:11:52] INFO: Calculated checksum: 69d73648
# [2024-04-22 17:11:52] INFO: Writing RNGSTATE file: ./rand_s060t20_b0660000_a_U000372500
# [2024-04-22 17:11:52] INFO: Writing to disk took 8.95579 seconds
# [2024-04-22 17:11:52] INFO: ======================================================================
# [2024-04-22 17:11:52] INFO: Start sweeping...
# [2024-04-22 17:18:44] INFO: It took 411.745 seconds to do 500 HBOR sweeps.
# [2024-04-22 17:18:44] INFO: Plaquette = 0.645761
# [2024-04-22 17:18:44] INFO: Polyakov loop = (-0.000596891,-0.000176672)
# [2024-04-22 17:18:44] INFO: Writing conf to disk...
# [2024-04-22 17:18:44] INFO: writeconf_nersc: Writing NERSC configuration ./conf_s060t20_b0660000_a_U000373000
# [2024-04-22 17:18:47] INFO: Calculated checksum: c764702d
# [2024-04-22 17:18:52] INFO: Calculated checksum: af2244e2
# [2024-04-22 17:18:52] INFO: Writing RNGSTATE file: ./rand_s060t20_b0660000_a_U000373000
# [2024-04-22 17:18:53] INFO: Writing to disk took 8.76653 seconds
# [2024-04-22 17:18:53] INFO: ======================================================================
# [2024-04-22 17:18:53] INFO: Start sweeping...
# [2024-04-22 17:25:44] INFO: It took 411.558 seconds to do 500 HBOR sweeps.
# [2024-04-22 17:25:44] INFO: Plaquette = 0.64566
# [2024-04-22 17:25:44] INFO: Polyakov loop = (-0.000184686,-0.000771115)
# [2024-04-22 17:25:44] INFO: Writing conf to disk...
# [2024-04-22 17:25:44] INFO: writeconf_nersc: Writing NERSC configuration ./conf_s060t20_b0660000_a_U000373500
# [2024-04-22 17:25:47] INFO: Calculated checksum: c2c6483e
# [2024-04-22 17:25:54] INFO: Calculated checksum: 1bf5cdf
# [2024-04-22 17:25:54] INFO: Writing RNGSTATE file: ./rand_s060t20_b0660000_a_U000373500
# [2024-04-22 17:25:54] INFO: Writing to disk took 10.0964 seconds
# [2024-04-22 17:25:54] INFO: ======================================================================
# [2024-04-22 17:25:54] INFO: Start sweeping...
# [2024-04-22 17:32:46] INFO: It took 411.613 seconds to do 500 HBOR sweeps.
# [2024-04-22 17:32:46] INFO: Plaquette = 0.645728
# [2024-04-22 17:32:46] INFO: Polyakov loop = (-0.000270227,8.76694e-08)
# [2024-04-22 17:32:46] INFO: Writing conf to disk...
# [2024-04-22 17:32:46] INFO: writeconf_nersc: Writing NERSC configuration ./conf_s060t20_b0660000_a_U000374000
# [2024-04-22 17:32:49] INFO: Calculated checksum: 7af41e4c
# [2024-04-22 17:32:54] INFO: Calculated checksum: d7084c18
# [2024-04-22 17:32:54] INFO: Writing RNGSTATE file: ./rand_s060t20_b0660000_a_U000374000
# [2024-04-22 17:32:55] INFO: Writing to disk took 8.54355 seconds
# [2024-04-22 17:32:55] INFO: ======================================================================
# [2024-04-22 17:32:55] INFO: Start sweeping...
# [2024-04-22 17:39:46] INFO: It took 411.616 seconds to do 500 HBOR sweeps.
# [2024-04-22 17:39:46] INFO: Plaquette = 0.645735
# [2024-04-22 17:39:46] INFO: Polyakov loop = (0.000543226,-0.000402176)
# [2024-04-22 17:39:46] INFO: Writing conf to disk...
# [2024-04-22 17:39:46] INFO: writeconf_nersc: Writing NERSC configuration ./conf_s060t20_b0660000_a_U000374500
# [2024-04-22 17:39:49] INFO: Calculated checksum: 39bd8d0a
# [2024-04-22 17:39:56] INFO: Calculated checksum: 959915d5
# [2024-04-22 17:39:56] INFO: Writing RNGSTATE file: ./rand_s060t20_b0660000_a_U000374500
# [2024-04-22 17:39:57] INFO: Writing to disk took 10.4169 seconds
# [2024-04-22 17:39:57] INFO: ======================================================================
# [2024-04-22 17:39:57] INFO: Start sweeping...
# [2024-04-22 17:46:47] INFO: It took 410.292 seconds to do 500 HBOR sweeps.
# [2024-04-22 17:46:47] INFO: Plaquette = 0.645712
# [2024-04-22 17:46:47] INFO: Polyakov loop = (0.000461612,-0.00022607)
# [2024-04-22 17:46:47] INFO: Writing conf to disk...
# [2024-04-22 17:46:47] INFO: writeconf_nersc: Writing NERSC configuration ./conf_s060t20_b0660000_a_U000375000
# [2024-04-22 17:46:50] INFO: Calculated checksum: eb599993
# [2024-04-22 17:46:57] INFO: Calculated checksum: 487b6e5b
# [2024-04-22 17:46:57] INFO: Writing RNGSTATE file: ./rand_s060t20_b0660000_a_U000375000
# [2024-04-22 17:46:57] INFO: Writing to disk took 9.91502 seconds
# [2024-04-22 17:46:57] INFO: ======================================================================
# [2024-04-22 17:46:57] INFO: Start sweeping...
# [2024-04-22 17:53:47] INFO: It took 410.27 seconds to do 500 HBOR sweeps.
# [2024-04-22 17:53:47] INFO: Plaquette = 0.645731
# [2024-04-22 17:53:47] INFO: Polyakov loop = (0.000779188,-0.000283336)
# [2024-04-22 17:53:47] INFO: Writing conf to disk...
# [2024-04-22 17:53:47] INFO: writeconf_nersc: Writing NERSC configuration ./conf_s060t20_b0660000_a_U000375500
# [2024-04-22 17:53:50] INFO: Calculated checksum: b091cacc
# [2024-04-22 17:53:59] INFO: Calculated checksum: d5d33b03
# [2024-04-22 17:53:59] INFO: Writing RNGSTATE file: ./rand_s060t20_b0660000_a_U000375500
# [2024-04-22 17:53:59] INFO: Writing to disk took 11.9816 seconds
# [2024-04-22 17:53:59] INFO: ======================================================================
# [2024-04-22 17:53:59] INFO: Start sweeping...
# [2024-04-22 18:00:51] INFO: It took 411.776 seconds to do 500 HBOR sweeps.
# [2024-04-22 18:00:51] INFO: Plaquette = 0.645722
# [2024-04-22 18:00:51] INFO: Polyakov loop = (0.00026048,0.00028208)
# [2024-04-22 18:00:51] INFO: Writing conf to disk...
# [2024-04-22 18:00:51] INFO: writeconf_nersc: Writing NERSC configuration ./conf_s060t20_b0660000_a_U000376000
# [2024-04-22 18:00:54] INFO: Calculated checksum: fd21c845
# [2024-04-22 18:01:00] INFO: Calculated checksum: 137db7f1
# [2024-04-22 18:01:00] INFO: Writing RNGSTATE file: ./rand_s060t20_b0660000_a_U000376000
# [2024-04-22 18:01:00] INFO: Writing to disk took 9.34833 seconds
# [2024-04-22 18:01:00] INFO: ======================================================================
# [2024-04-22 18:01:00] INFO: Start sweeping...
# [2024-04-22 18:07:51] INFO: It took 410.517 seconds to do 500 HBOR sweeps.
# [2024-04-22 18:07:51] INFO: Plaquette = 0.64561
# [2024-04-22 18:07:51] INFO: Polyakov loop = (-0.000469906,-0.000600351)
# [2024-04-22 18:07:51] INFO: Writing conf to disk...
# [2024-04-22 18:07:51] INFO: writeconf_nersc: Writing NERSC configuration ./conf_s060t20_b0660000_a_U000376500
# [2024-04-22 18:07:54] INFO: Calculated checksum: 76a9fdb9
# [2024-04-22 18:08:05] INFO: Calculated checksum: 140f588e
# [2024-04-22 18:08:05] INFO: Writing RNGSTATE file: ./rand_s060t20_b0660000_a_U000376500
# [2024-04-22 18:08:06] INFO: Writing to disk took 14.944 seconds
# [2024-04-22 18:08:06] INFO: ======================================================================
# [2024-04-22 18:08:06] INFO: Start sweeping...
# [2024-04-22 18:14:56] INFO: It took 410.495 seconds to do 500 HBOR sweeps.
# [2024-04-22 18:14:56] INFO: Plaquette = 0.645735
# [2024-04-22 18:14:56] INFO: Polyakov loop = (4.45805e-05,0.000258303)
# [2024-04-22 18:14:56] INFO: Writing conf to disk...
# [2024-04-22 18:14:56] INFO: writeconf_nersc: Writing NERSC configuration ./conf_s060t20_b0660000_a_U000377000
# [2024-04-22 18:14:59] INFO: Calculated checksum: d9a38b0f
# [2024-04-22 18:15:06] INFO: Calculated checksum: c077a12
# [2024-04-22 18:15:06] INFO: Writing RNGSTATE file: ./rand_s060t20_b0660000_a_U000377000
# [2024-04-22 18:15:06] INFO: Writing to disk took 9.71885 seconds
# [2024-04-22 18:15:06] INFO: ======================================================================
# [2024-04-22 18:15:06] INFO: Start sweeping...
# [2024-04-22 18:21:58] INFO: It took 412.016 seconds to do 500 HBOR sweeps.
# [2024-04-22 18:21:58] INFO: Plaquette = 0.645726
# [2024-04-22 18:21:58] INFO: Polyakov loop = (-0.00119385,-8.10049e-05)
# [2024-04-22 18:21:58] INFO: Writing conf to disk...
# [2024-04-22 18:21:58] INFO: writeconf_nersc: Writing NERSC configuration ./conf_s060t20_b0660000_a_U000377500
# [2024-04-22 18:22:01] INFO: Calculated checksum: 56be7347
# [2024-04-22 18:22:15] INFO: Calculated checksum: fd9bd2b0
# [2024-04-22 18:22:15] INFO: Writing RNGSTATE file: ./rand_s060t20_b0660000_a_U000377500
# [2024-04-22 18:22:15] INFO: Writing to disk took 17.2769 seconds
# [2024-04-22 18:22:15] INFO: ======================================================================
# [2024-04-22 18:22:15] INFO: Start sweeping...
# [2024-04-22 18:29:06] INFO: It took 410.693 seconds to do 500 HBOR sweeps.
# [2024-04-22 18:29:06] INFO: Plaquette = 0.645605
# [2024-04-22 18:29:06] INFO: Polyakov loop = (0.000263627,0.000579603)
# [2024-04-22 18:29:06] INFO: Writing conf to disk...
# [2024-04-22 18:29:06] INFO: writeconf_nersc: Writing NERSC configuration ./conf_s060t20_b0660000_a_U000378000
# [2024-04-22 18:29:09] INFO: Calculated checksum: a4636f01
# [2024-04-22 18:29:16] INFO: Calculated checksum: ea7f6aa1
# [2024-04-22 18:29:16] INFO: Writing RNGSTATE file: ./rand_s060t20_b0660000_a_U000378000
# [2024-04-22 18:29:16] INFO: Writing to disk took 9.77753 seconds
# [2024-04-22 18:29:16] INFO: ======================================================================
# [2024-04-22 18:29:16] INFO: Start sweeping...
# [2024-04-22 18:36:08] INFO: It took 412.029 seconds to do 500 HBOR sweeps.
# [2024-04-22 18:36:08] INFO: Plaquette = 0.645558
# [2024-04-22 18:36:08] INFO: Polyakov loop = (0.00023872,-0.000362084)
# [2024-04-22 18:36:08] INFO: Writing conf to disk...
# [2024-04-22 18:36:08] INFO: writeconf_nersc: Writing NERSC configuration ./conf_s060t20_b0660000_a_U000378500
# [2024-04-22 18:36:11] INFO: Calculated checksum: 16615078
# [2024-04-22 18:36:23] INFO: Calculated checksum: 9223a792
# [2024-04-22 18:36:23] INFO: Writing RNGSTATE file: ./rand_s060t20_b0660000_a_U000378500
# [2024-04-22 18:36:23] INFO: Writing to disk took 15.273 seconds
# [2024-04-22 18:36:23] INFO: ======================================================================
# [2024-04-22 18:36:23] INFO: Start sweeping...
# [2024-04-22 18:43:15] INFO: It took 411.892 seconds to do 500 HBOR sweeps.
# [2024-04-22 18:43:15] INFO: Plaquette = 0.6457
# [2024-04-22 18:43:15] INFO: Polyakov loop = (0.000374221,-0.000742575)
# [2024-04-22 18:43:15] INFO: Writing conf to disk...
# [2024-04-22 18:43:15] INFO: writeconf_nersc: Writing NERSC configuration ./conf_s060t20_b0660000_a_U000379000
# [2024-04-22 18:43:18] INFO: Calculated checksum: 587a1247
# [2024-04-22 18:43:25] INFO: Calculated checksum: 40ce9560
# [2024-04-22 18:43:25] INFO: Writing RNGSTATE file: ./rand_s060t20_b0660000_a_U000379000
# [2024-04-22 18:43:25] INFO: Writing to disk took 9.45549 seconds
# [2024-04-22 18:43:25] INFO: ======================================================================
# [2024-04-22 18:43:25] INFO: Start sweeping...
# [2024-04-22 18:50:17] INFO: It took 411.974 seconds to do 500 HBOR sweeps.
# [2024-04-22 18:50:17] INFO: Plaquette = 0.645597
# [2024-04-22 18:50:17] INFO: Polyakov loop = (-0.000201875,-0.0002273)
# [2024-04-22 18:50:17] INFO: Writing conf to disk...
# [2024-04-22 18:50:17] INFO: writeconf_nersc: Writing NERSC configuration ./conf_s060t20_b0660000_a_U000379500
# [2024-04-22 18:50:20] INFO: Calculated checksum: 465f539
# [2024-04-22 18:50:31] INFO: Calculated checksum: 9eef90cd
# [2024-04-22 18:50:31] INFO: Writing RNGSTATE file: ./rand_s060t20_b0660000_a_U000379500
# [2024-04-22 18:50:31] INFO: Writing to disk took 14.4322 seconds
# [2024-04-22 18:50:31] INFO: ======================================================================
# [2024-04-22 18:50:31] INFO: Start sweeping...
# [2024-04-22 18:57:23] INFO: It took 411.704 seconds to do 500 HBOR sweeps.
# [2024-04-22 18:57:23] INFO: Plaquette = 0.645638
# [2024-04-22 18:57:23] INFO: Polyakov loop = (-0.000219237,-0.000645873)
# [2024-04-22 18:57:23] INFO: Writing conf to disk...
# [2024-04-22 18:57:23] INFO: writeconf_nersc: Writing NERSC configuration ./conf_s060t20_b0660000_a_U000380000
# [2024-04-22 18:57:26] INFO: Calculated checksum: 7c14e2d8
# [2024-04-22 18:57:34] INFO: Calculated checksum: 1345d8a8
# [2024-04-22 18:57:34] INFO: Writing RNGSTATE file: ./rand_s060t20_b0660000_a_U000380000
# [2024-04-22 18:57:34] INFO: Writing to disk took 11.1295 seconds
# [2024-04-22 18:57:34] INFO: ======================================================================
# [2024-04-22 18:57:34] INFO: Start sweeping...
# [2024-04-22 19:04:25] INFO: It took 410.399 seconds to do 500 HBOR sweeps.
# [2024-04-22 19:04:25] INFO: Plaquette = 0.645713
# [2024-04-22 19:04:25] INFO: Polyakov loop = (-0.000389108,-0.000288898)
# [2024-04-22 19:04:25] INFO: Writing conf to disk...
# [2024-04-22 19:04:25] INFO: writeconf_nersc: Writing NERSC configuration ./conf_s060t20_b0660000_a_U000380500
# [2024-04-22 19:04:27] INFO: Calculated checksum: ec8ce33c
# [2024-04-22 19:04:41] INFO: Calculated checksum: db62c081
# [2024-04-22 19:04:41] INFO: Writing RNGSTATE file: ./rand_s060t20_b0660000_a_U000380500
# [2024-04-22 19:04:41] INFO: Writing to disk took 16.5689 seconds
# [2024-04-22 19:04:41] INFO: ======================================================================
# [2024-04-22 19:04:41] INFO: Start sweeping...
# [2024-04-22 19:11:32] INFO: It took 410.366 seconds to do 500 HBOR sweeps.
# [2024-04-22 19:11:32] INFO: Plaquette = 0.645741
# [2024-04-22 19:11:32] INFO: Polyakov loop = (-0.000109646,-0.000157154)
# [2024-04-22 19:11:32] INFO: Writing conf to disk...
# [2024-04-22 19:11:32] INFO: writeconf_nersc: Writing NERSC configuration ./conf_s060t20_b0660000_a_U000381000
# [2024-04-22 19:11:35] INFO: Calculated checksum: f1a6597d
# [2024-04-22 19:11:43] INFO: Calculated checksum: b8cf4437
# [2024-04-22 19:11:43] INFO: Writing RNGSTATE file: ./rand_s060t20_b0660000_a_U000381000
# [2024-04-22 19:11:43] INFO: Writing to disk took 11.5378 seconds
# [2024-04-22 19:11:43] INFO: ======================================================================
# [2024-04-22 19:11:43] INFO: Start sweeping...
# [2024-04-22 19:18:34] INFO: It took 410.578 seconds to do 500 HBOR sweeps.
# [2024-04-22 19:18:34] INFO: Plaquette = 0.645637
# [2024-04-22 19:18:34] INFO: Polyakov loop = (-8.97389e-05,-0.000781733)
# [2024-04-22 19:18:34] INFO: Writing conf to disk...
# [2024-04-22 19:18:34] INFO: writeconf_nersc: Writing NERSC configuration ./conf_s060t20_b0660000_a_U000381500
# [2024-04-22 19:18:37] INFO: Calculated checksum: 3e9f6f11
# [2024-04-22 19:18:49] INFO: Calculated checksum: c7cdce84
# [2024-04-22 19:18:49] INFO: Writing RNGSTATE file: ./rand_s060t20_b0660000_a_U000381500
# [2024-04-22 19:18:49] INFO: Writing to disk took 15.3214 seconds
# [2024-04-22 19:18:49] INFO: ======================================================================
# [2024-04-22 19:18:49] INFO: Start sweeping...
# [2024-04-22 19:25:41] INFO: It took 411.875 seconds to do 500 HBOR sweeps.
# [2024-04-22 19:25:41] INFO: Plaquette = 0.645622
# [2024-04-22 19:25:41] INFO: Polyakov loop = (-0.000328094,0.00112115)
# [2024-04-22 19:25:41] INFO: Writing conf to disk...
# [2024-04-22 19:25:41] INFO: writeconf_nersc: Writing NERSC configuration ./conf_s060t20_b0660000_a_U000382000
# [2024-04-22 19:25:44] INFO: Calculated checksum: ee59cfd3
# [2024-04-22 19:25:54] INFO: Calculated checksum: 7f10cb8f
# [2024-04-22 19:25:54] INFO: Writing RNGSTATE file: ./rand_s060t20_b0660000_a_U000382000
# [2024-04-22 19:25:54] INFO: Writing to disk took 13.467 seconds
# [2024-04-22 19:25:54] INFO: ======================================================================
# [2024-04-22 19:25:54] INFO: Start sweeping...
# [2024-04-22 19:32:46] INFO: It took 411.828 seconds to do 500 HBOR sweeps.
# [2024-04-22 19:32:46] INFO: Plaquette = 0.645666
# [2024-04-22 19:32:46] INFO: Polyakov loop = (0.0012634,-7.00262e-05)
# [2024-04-22 19:32:46] INFO: Writing conf to disk...
# [2024-04-22 19:32:46] INFO: writeconf_nersc: Writing NERSC configuration ./conf_s060t20_b0660000_a_U000382500
# [2024-04-22 19:32:49] INFO: Calculated checksum: 7f3790a6
# [2024-04-22 19:32:56] INFO: Calculated checksum: e580fa23
# [2024-04-22 19:32:56] INFO: Writing RNGSTATE file: ./rand_s060t20_b0660000_a_U000382500
# [2024-04-22 19:32:56] INFO: Writing to disk took 10.0568 seconds
# [2024-04-22 19:32:56] INFO: ======================================================================
# [2024-04-22 19:32:56] INFO: Start sweeping...
# [2024-04-22 19:39:48] INFO: It took 411.846 seconds to do 500 HBOR sweeps.
# [2024-04-22 19:39:48] INFO: Plaquette = 0.645579
# [2024-04-22 19:39:48] INFO: Polyakov loop = (-0.000928858,0.00048729)
# [2024-04-22 19:39:48] INFO: Writing conf to disk...
# [2024-04-22 19:39:48] INFO: writeconf_nersc: Writing NERSC configuration ./conf_s060t20_b0660000_a_U000383000
# [2024-04-22 19:39:51] INFO: Calculated checksum: d85b548f
# [2024-04-22 19:39:59] INFO: Calculated checksum: da7afa39
# [2024-04-22 19:39:59] INFO: Writing RNGSTATE file: ./rand_s060t20_b0660000_a_U000383000
# [2024-04-22 19:39:59] INFO: Writing to disk took 10.8608 seconds
# [2024-04-22 19:39:59] INFO: ======================================================================
# [2024-04-22 19:39:59] INFO: Start sweeping...
# [2024-04-22 19:46:50] INFO: It took 410.445 seconds to do 500 HBOR sweeps.
# [2024-04-22 19:46:50] INFO: Plaquette = 0.645662
# [2024-04-22 19:46:50] INFO: Polyakov loop = (-0.000565394,0.000172458)
# [2024-04-22 19:46:50] INFO: Writing conf to disk...
# [2024-04-22 19:46:50] INFO: writeconf_nersc: Writing NERSC configuration ./conf_s060t20_b0660000_a_U000383500
# [2024-04-22 19:46:53] INFO: Calculated checksum: e7febe6d
# [2024-04-22 19:47:00] INFO: Calculated checksum: 43b7079c
# [2024-04-22 19:47:01] INFO: Writing RNGSTATE file: ./rand_s060t20_b0660000_a_U000383500
# [2024-04-22 19:47:01] INFO: Writing to disk took 11.1365 seconds
# [2024-04-22 19:47:01] INFO: ======================================================================
# [2024-04-22 19:47:01] INFO: Start sweeping...
# [2024-04-22 19:53:51] INFO: It took 410.112 seconds to do 500 HBOR sweeps.
# [2024-04-22 19:53:51] INFO: Plaquette = 0.645677
# [2024-04-22 19:53:51] INFO: Polyakov loop = (0.00029621,0.000210687)
# [2024-04-22 19:53:51] INFO: Writing conf to disk...
# [2024-04-22 19:53:51] INFO: writeconf_nersc: Writing NERSC configuration ./conf_s060t20_b0660000_a_U000384000
# [2024-04-22 19:53:54] INFO: Calculated checksum: c942433a
# [2024-04-22 19:54:02] INFO: Calculated checksum: b68af0c7
# [2024-04-22 19:54:02] INFO: Writing RNGSTATE file: ./rand_s060t20_b0660000_a_U000384000
# [2024-04-22 19:54:02] INFO: Writing to disk took 11.0805 seconds
# [2024-04-22 19:54:02] INFO: ======================================================================
# [2024-04-22 19:54:02] INFO: Start sweeping...
# [2024-04-22 20:00:54] INFO: It took 411.567 seconds to do 500 HBOR sweeps.
# [2024-04-22 20:00:54] INFO: Plaquette = 0.645682
# [2024-04-22 20:00:54] INFO: Polyakov loop = (0.000392779,0.000342317)
# [2024-04-22 20:00:54] INFO: Writing conf to disk...
# [2024-04-22 20:00:54] INFO: writeconf_nersc: Writing NERSC configuration ./conf_s060t20_b0660000_a_U000384500
# [2024-04-22 20:00:57] INFO: Calculated checksum: e36669cc
# [2024-04-22 20:01:09] INFO: Calculated checksum: 8170dae1
# [2024-04-22 20:01:10] INFO: Writing RNGSTATE file: ./rand_s060t20_b0660000_a_U000384500
# [2024-04-22 20:01:10] INFO: Writing to disk took 16.2139 seconds
# [2024-04-22 20:01:10] INFO: ======================================================================
# [2024-04-22 20:01:10] INFO: Start sweeping...
# [2024-04-22 20:08:02] INFO: It took 411.686 seconds to do 500 HBOR sweeps.
# [2024-04-22 20:08:02] INFO: Plaquette = 0.645765
# [2024-04-22 20:08:02] INFO: Polyakov loop = (2.00925e-05,0.000520737)
# [2024-04-22 20:08:02] INFO: Writing conf to disk...
# [2024-04-22 20:08:02] INFO: writeconf_nersc: Writing NERSC configuration ./conf_s060t20_b0660000_a_U000385000
# [2024-04-22 20:08:04] INFO: Calculated checksum: 820ef5d1
# [2024-04-22 20:08:21] INFO: Calculated checksum: f035dd5d
# [2024-04-22 20:08:21] INFO: Writing RNGSTATE file: ./rand_s060t20_b0660000_a_U000385000
# [2024-04-22 20:08:22] INFO: Writing to disk took 20.0351 seconds
# [2024-04-22 20:08:22] INFO: ======================================================================
# [2024-04-22 20:08:22] INFO: Start sweeping...
# [2024-04-22 20:15:13] INFO: It took 411.573 seconds to do 500 HBOR sweeps.
# [2024-04-22 20:15:13] INFO: Plaquette = 0.64554
# [2024-04-22 20:15:13] INFO: Polyakov loop = (-0.000291192,0.000711983)
# [2024-04-22 20:15:13] INFO: Writing conf to disk...
# [2024-04-22 20:15:13] INFO: writeconf_nersc: Writing NERSC configuration ./conf_s060t20_b0660000_a_U000385500
# [2024-04-22 20:15:16] INFO: Calculated checksum: f50d2330
# [2024-04-22 20:15:25] INFO: Calculated checksum: 294142b0
# [2024-04-22 20:15:25] INFO: Writing RNGSTATE file: ./rand_s060t20_b0660000_a_U000385500
# [2024-04-22 20:15:26] INFO: Writing to disk took 12.2779 seconds
# [2024-04-22 20:15:26] INFO: ======================================================================
# [2024-04-22 20:15:26] INFO: Start sweeping...
# [2024-04-22 20:22:17] INFO: It took 411.64 seconds to do 500 HBOR sweeps.
# [2024-04-22 20:22:17] INFO: Plaquette = 0.645715
# [2024-04-22 20:22:17] INFO: Polyakov loop = (-0.000107778,-8.64077e-05)
# [2024-04-22 20:22:17] INFO: Writing conf to disk...
# [2024-04-22 20:22:17] INFO: writeconf_nersc: Writing NERSC configuration ./conf_s060t20_b0660000_a_U000386000
# [2024-04-22 20:22:20] INFO: Calculated checksum: e8c383fc
# [2024-04-22 20:22:29] INFO: Calculated checksum: 165d90be
# [2024-04-22 20:22:29] INFO: Writing RNGSTATE file: ./rand_s060t20_b0660000_a_U000386000
# [2024-04-22 20:22:30] INFO: Writing to disk took 12.411 seconds
# [2024-04-22 20:22:30] INFO: ======================================================================
# [2024-04-22 20:22:30] INFO: Start sweeping...
# [2024-04-22 20:29:21] INFO: It took 411.643 seconds to do 500 HBOR sweeps.
# [2024-04-22 20:29:21] INFO: Plaquette = 0.645717
# [2024-04-22 20:29:21] INFO: Polyakov loop = (-2.03627e-05,0.000331281)
# [2024-04-22 20:29:21] INFO: Writing conf to disk...
# [2024-04-22 20:29:21] INFO: writeconf_nersc: Writing NERSC configuration ./conf_s060t20_b0660000_a_U000386500
# [2024-04-22 20:29:24] INFO: Calculated checksum: c913919a
# [2024-04-22 20:29:37] INFO: Calculated checksum: f60d45c6
# [2024-04-22 20:29:37] INFO: Writing RNGSTATE file: ./rand_s060t20_b0660000_a_U000386500
# [2024-04-22 20:29:37] INFO: Writing to disk took 15.3338 seconds
# [2024-04-22 20:29:37] INFO: ======================================================================
# [2024-04-22 20:29:37] INFO: Start sweeping...
# [2024-04-22 20:36:28] INFO: It took 411.709 seconds to do 500 HBOR sweeps.
# [2024-04-22 20:36:29] INFO: Plaquette = 0.645686
# [2024-04-22 20:36:29] INFO: Polyakov loop = (-0.000162904,-0.000229953)
# [2024-04-22 20:36:29] INFO: Writing conf to disk...
# [2024-04-22 20:36:29] INFO: writeconf_nersc: Writing NERSC configuration ./conf_s060t20_b0660000_a_U000387000
# [2024-04-22 20:36:31] INFO: Calculated checksum: 4f0785d9
# [2024-04-22 20:36:38] INFO: Calculated checksum: c448eb85
# [2024-04-22 20:36:38] INFO: Writing RNGSTATE file: ./rand_s060t20_b0660000_a_U000387000
# [2024-04-22 20:36:39] INFO: Writing to disk took 10.0195 seconds
# [2024-04-22 20:36:39] INFO: ======================================================================
# [2024-04-22 20:36:39] INFO: Start sweeping...
# [2024-04-22 20:43:30] INFO: It took 411.726 seconds to do 500 HBOR sweeps.
# [2024-04-22 20:43:30] INFO: Plaquette = 0.645565
# [2024-04-22 20:43:30] INFO: Polyakov loop = (-0.000122847,-0.000685562)
# [2024-04-22 20:43:30] INFO: Writing conf to disk...
# [2024-04-22 20:43:30] INFO: writeconf_nersc: Writing NERSC configuration ./conf_s060t20_b0660000_a_U000387500
# [2024-04-22 20:43:33] INFO: Calculated checksum: a544f40c
# [2024-04-22 20:43:44] INFO: Calculated checksum: fbb9081b
# [2024-04-22 20:43:44] INFO: Writing RNGSTATE file: ./rand_s060t20_b0660000_a_U000387500
# [2024-04-22 20:43:45] INFO: Writing to disk took 14.3755 seconds
# [2024-04-22 20:43:45] INFO: ======================================================================
# [2024-04-22 20:43:45] INFO: Start sweeping...
# [2024-04-22 20:50:36] INFO: It took 411.6 seconds to do 500 HBOR sweeps.
# [2024-04-22 20:50:36] INFO: Plaquette = 0.645566
# [2024-04-22 20:50:36] INFO: Polyakov loop = (-0.000625049,-2.56297e-05)
# [2024-04-22 20:50:36] INFO: Writing conf to disk...
# [2024-04-22 20:50:36] INFO: writeconf_nersc: Writing NERSC configuration ./conf_s060t20_b0660000_a_U000388000
# [2024-04-22 20:50:39] INFO: Calculated checksum: 5f44a147
# [2024-04-22 20:50:46] INFO: Calculated checksum: 9ea5051
# [2024-04-22 20:50:46] INFO: Writing RNGSTATE file: ./rand_s060t20_b0660000_a_U000388000
# [2024-04-22 20:50:46] INFO: Writing to disk took 9.73969 seconds
# [2024-04-22 20:50:46] INFO: ======================================================================
# [2024-04-22 20:50:46] INFO: Start sweeping...
# [2024-04-22 20:57:38] INFO: It took 412.02 seconds to do 500 HBOR sweeps.
# [2024-04-22 20:57:38] INFO: Plaquette = 0.645656
# [2024-04-22 20:57:38] INFO: Polyakov loop = (0.000162014,0.00127161)
# [2024-04-22 20:57:38] INFO: Writing conf to disk...
# [2024-04-22 20:57:38] INFO: writeconf_nersc: Writing NERSC configuration ./conf_s060t20_b0660000_a_U000388500
# [2024-04-22 20:57:41] INFO: Calculated checksum: 66094c24
# [2024-04-22 20:57:48] INFO: Calculated checksum: 9ea0c458
# [2024-04-22 20:57:48] INFO: Writing RNGSTATE file: ./rand_s060t20_b0660000_a_U000388500
# [2024-04-22 20:57:48] INFO: Writing to disk took 9.93939 seconds
# [2024-04-22 20:57:48] INFO: ======================================================================
# [2024-04-22 20:57:48] INFO: Start sweeping...
# [2024-04-22 21:04:40] INFO: It took 411.995 seconds to do 500 HBOR sweeps.
# [2024-04-22 21:04:40] INFO: Plaquette = 0.645714
# [2024-04-22 21:04:40] INFO: Polyakov loop = (-0.000520406,-0.000515212)
# [2024-04-22 21:04:40] INFO: Writing conf to disk...
# [2024-04-22 21:04:40] INFO: writeconf_nersc: Writing NERSC configuration ./conf_s060t20_b0660000_a_U000389000
# [2024-04-22 21:04:43] INFO: Calculated checksum: ea5b6e34
# [2024-04-22 21:04:50] INFO: Calculated checksum: 76ae3754
# [2024-04-22 21:04:50] INFO: Writing RNGSTATE file: ./rand_s060t20_b0660000_a_U000389000
# [2024-04-22 21:04:51] INFO: Writing to disk took 10.5167 seconds
# [2024-04-22 21:04:51] INFO: ======================================================================
# [2024-04-22 21:04:51] INFO: Start sweeping...
# [2024-04-22 21:11:41] INFO: It took 410.269 seconds to do 500 HBOR sweeps.
# [2024-04-22 21:11:41] INFO: Plaquette = 0.645682
# [2024-04-22 21:11:41] INFO: Polyakov loop = (0.000247291,-0.000395502)
# [2024-04-22 21:11:41] INFO: Writing conf to disk...
# [2024-04-22 21:11:41] INFO: writeconf_nersc: Writing NERSC configuration ./conf_s060t20_b0660000_a_U000389500
# [2024-04-22 21:11:44] INFO: Calculated checksum: 431aacc1
# [2024-04-22 21:11:54] INFO: Calculated checksum: d8658dc4
# [2024-04-22 21:11:54] INFO: Writing RNGSTATE file: ./rand_s060t20_b0660000_a_U000389500
# [2024-04-22 21:11:55] INFO: Writing to disk took 13.443 seconds
# [2024-04-22 21:11:55] INFO: ======================================================================
# [2024-04-22 21:11:55] INFO: Start sweeping...
# [2024-04-22 21:18:45] INFO: It took 410.226 seconds to do 500 HBOR sweeps.
# [2024-04-22 21:18:45] INFO: Plaquette = 0.645672
# [2024-04-22 21:18:45] INFO: Polyakov loop = (0.00158679,-0.000374462)
# [2024-04-22 21:18:45] INFO: Writing conf to disk...
# [2024-04-22 21:18:45] INFO: writeconf_nersc: Writing NERSC configuration ./conf_s060t20_b0660000_a_U000390000
# [2024-04-22 21:18:48] INFO: Calculated checksum: a506517b
# [2024-04-22 21:18:56] INFO: Calculated checksum: 8a757a63
# [2024-04-22 21:18:56] INFO: Writing RNGSTATE file: ./rand_s060t20_b0660000_a_U000390000
# [2024-04-22 21:18:56] INFO: Writing to disk took 10.954 seconds
# [2024-04-22 21:18:56] INFO: ======================================================================
# [2024-04-22 21:18:56] INFO: Start sweeping...
# [2024-04-22 21:25:46] INFO: It took 410.505 seconds to do 500 HBOR sweeps.
# [2024-04-22 21:25:46] INFO: Plaquette = 0.645626
# [2024-04-22 21:25:46] INFO: Polyakov loop = (-0.000139795,0.00037347)
# [2024-04-22 21:25:46] INFO: Writing conf to disk...
# [2024-04-22 21:25:46] INFO: writeconf_nersc: Writing NERSC configuration ./conf_s060t20_b0660000_a_U000390500
# [2024-04-22 21:25:49] INFO: Calculated checksum: fc4e93b7
# [2024-04-22 21:25:59] INFO: Calculated checksum: 1fd01517
# [2024-04-22 21:25:59] INFO: Writing RNGSTATE file: ./rand_s060t20_b0660000_a_U000390500
# [2024-04-22 21:25:59] INFO: Writing to disk took 12.4471 seconds
# [2024-04-22 21:25:59] INFO: ======================================================================
# [2024-04-22 21:25:59] INFO: Start sweeping...
# [2024-04-22 21:32:49] INFO: It took 410.123 seconds to do 500 HBOR sweeps.
# [2024-04-22 21:32:49] INFO: Plaquette = 0.645721
# [2024-04-22 21:32:49] INFO: Polyakov loop = (3.47834e-07,-0.000575587)
# [2024-04-22 21:32:49] INFO: Writing conf to disk...
# [2024-04-22 21:32:49] INFO: writeconf_nersc: Writing NERSC configuration ./conf_s060t20_b0660000_a_U000391000
# [2024-04-22 21:32:52] INFO: Calculated checksum: c5c753d7
# [2024-04-22 21:32:58] INFO: Calculated checksum: 2d057772
# [2024-04-22 21:32:58] INFO: Writing RNGSTATE file: ./rand_s060t20_b0660000_a_U000391000
# [2024-04-22 21:32:59] INFO: Writing to disk took 9.6322 seconds
# [2024-04-22 21:32:59] INFO: ======================================================================
# [2024-04-22 21:32:59] INFO: Start sweeping...
# [2024-04-22 21:39:50] INFO: It took 411.585 seconds to do 500 HBOR sweeps.
# [2024-04-22 21:39:50] INFO: Plaquette = 0.64568
# [2024-04-22 21:39:50] INFO: Polyakov loop = (0.000235948,-0.000852898)
# [2024-04-22 21:39:50] INFO: Writing conf to disk...
# [2024-04-22 21:39:50] INFO: writeconf_nersc: Writing NERSC configuration ./conf_s060t20_b0660000_a_U000391500
# [2024-04-22 21:39:54] INFO: Calculated checksum: 47bdf7f4
# [2024-04-22 21:40:04] INFO: Calculated checksum: c6cb5fec
# [2024-04-22 21:40:04] INFO: Writing RNGSTATE file: ./rand_s060t20_b0660000_a_U000391500
# [2024-04-22 21:40:04] INFO: Writing to disk took 13.6147 seconds
# [2024-04-22 21:40:04] INFO: ======================================================================
# [2024-04-22 21:40:04] INFO: Start sweeping...
# [2024-04-22 21:46:54] INFO: It took 410.101 seconds to do 500 HBOR sweeps.
# [2024-04-22 21:46:54] INFO: Plaquette = 0.645702
# [2024-04-22 21:46:54] INFO: Polyakov loop = (-0.000181771,0.000531482)
# [2024-04-22 21:46:54] INFO: Writing conf to disk...
# [2024-04-22 21:46:54] INFO: writeconf_nersc: Writing NERSC configuration ./conf_s060t20_b0660000_a_U000392000
# [2024-04-22 21:46:57] INFO: Calculated checksum: 7bad0994
# [2024-04-22 21:47:09] INFO: Calculated checksum: aeed1f18
# [2024-04-22 21:47:10] INFO: Writing RNGSTATE file: ./rand_s060t20_b0660000_a_U000392000
# [2024-04-22 21:47:11] INFO: Writing to disk took 17.1238 seconds
# [2024-04-22 21:47:11] INFO: ======================================================================
# [2024-04-22 21:47:11] INFO: Start sweeping...
# [2024-04-22 21:54:02] INFO: It took 410.205 seconds to do 500 HBOR sweeps.
# [2024-04-22 21:54:02] INFO: Plaquette = 0.645645
# [2024-04-22 21:54:02] INFO: Polyakov loop = (-0.000298748,9.33093e-05)
# [2024-04-22 21:54:02] INFO: Writing conf to disk...
# [2024-04-22 21:54:02] INFO: writeconf_nersc: Writing NERSC configuration ./conf_s060t20_b0660000_a_U000392500
# [2024-04-22 21:54:04] INFO: Calculated checksum: bff408e8
# [2024-04-22 21:54:20] INFO: Calculated checksum: 51ec8a2b
# [2024-04-22 21:54:20] INFO: Writing RNGSTATE file: ./rand_s060t20_b0660000_a_U000392500
# [2024-04-22 21:54:20] INFO: Writing to disk took 18.1887 seconds
# [2024-04-22 21:54:20] INFO: ======================================================================
# [2024-04-22 21:54:20] INFO: Start sweeping...
# [2024-04-22 22:01:10] INFO: It took 410.255 seconds to do 500 HBOR sweeps.
# [2024-04-22 22:01:10] INFO: Plaquette = 0.645657
# [2024-04-22 22:01:10] INFO: Polyakov loop = (0.000652761,0.00036954)
# [2024-04-22 22:01:10] INFO: Writing conf to disk...
# [2024-04-22 22:01:10] INFO: writeconf_nersc: Writing NERSC configuration ./conf_s060t20_b0660000_a_U000393000
# [2024-04-22 22:01:13] INFO: Calculated checksum: b2a78fdd
# [2024-04-22 22:01:19] INFO: Calculated checksum: 20098017
# [2024-04-22 22:01:19] INFO: Writing RNGSTATE file: ./rand_s060t20_b0660000_a_U000393000
# [2024-04-22 22:01:19] INFO: Writing to disk took 9.15144 seconds
# [2024-04-22 22:01:19] INFO: ======================================================================
# [2024-04-22 22:01:19] INFO: Start sweeping...
# [2024-04-22 22:08:11] INFO: It took 411.723 seconds to do 500 HBOR sweeps.
# [2024-04-22 22:08:11] INFO: Plaquette = 0.645651
# [2024-04-22 22:08:11] INFO: Polyakov loop = (-7.0739e-06,-0.000133361)
# [2024-04-22 22:08:11] INFO: Writing conf to disk...
# [2024-04-22 22:08:11] INFO: writeconf_nersc: Writing NERSC configuration ./conf_s060t20_b0660000_a_U000393500
# [2024-04-22 22:08:14] INFO: Calculated checksum: 44ebc3c0
# [2024-04-22 22:08:25] INFO: Calculated checksum: ba77660a
# [2024-04-22 22:08:25] INFO: Writing RNGSTATE file: ./rand_s060t20_b0660000_a_U000393500
# [2024-04-22 22:08:25] INFO: Writing to disk took 14.2215 seconds
# [2024-04-22 22:08:25] INFO: ======================================================================
# [2024-04-22 22:08:25] INFO: Start sweeping...
# [2024-04-22 22:15:17] INFO: It took 411.49 seconds to do 500 HBOR sweeps.
# [2024-04-22 22:15:17] INFO: Plaquette = 0.645747
# [2024-04-22 22:15:17] INFO: Polyakov loop = (0.000154013,-0.000507573)
# [2024-04-22 22:15:17] INFO: Writing conf to disk...
# [2024-04-22 22:15:17] INFO: writeconf_nersc: Writing NERSC configuration ./conf_s060t20_b0660000_a_U000394000
# [2024-04-22 22:15:20] INFO: Calculated checksum: c0b742a
# [2024-04-22 22:15:26] INFO: Calculated checksum: c11de62a
# [2024-04-22 22:15:26] INFO: Writing RNGSTATE file: ./rand_s060t20_b0660000_a_U000394000
# [2024-04-22 22:15:26] INFO: Writing to disk took 9.35186 seconds
# [2024-04-22 22:15:26] INFO: ======================================================================
# [2024-04-22 22:15:26] INFO: Start sweeping...
# [2024-04-22 22:22:18] INFO: It took 411.846 seconds to do 500 HBOR sweeps.
# [2024-04-22 22:22:18] INFO: Plaquette = 0.645743
# [2024-04-22 22:22:18] INFO: Polyakov loop = (0.000415656,-0.00056608)
# [2024-04-22 22:22:18] INFO: Writing conf to disk...
# [2024-04-22 22:22:18] INFO: writeconf_nersc: Writing NERSC configuration ./conf_s060t20_b0660000_a_U000394500
# [2024-04-22 22:22:21] INFO: Calculated checksum: b5b57932
# [2024-04-22 22:22:30] INFO: Calculated checksum: f4a8837f
# [2024-04-22 22:22:30] INFO: Writing RNGSTATE file: ./rand_s060t20_b0660000_a_U000394500
# [2024-04-22 22:22:31] INFO: Writing to disk took 12.4704 seconds
# [2024-04-22 22:22:31] INFO: ======================================================================
# [2024-04-22 22:22:31] INFO: Start sweeping...
# [2024-04-22 22:29:22] INFO: It took 411.515 seconds to do 500 HBOR sweeps.
# [2024-04-22 22:29:22] INFO: Plaquette = 0.645716
# [2024-04-22 22:29:22] INFO: Polyakov loop = (-8.02549e-05,-0.000100061)
# [2024-04-22 22:29:22] INFO: Writing conf to disk...
# [2024-04-22 22:29:22] INFO: writeconf_nersc: Writing NERSC configuration ./conf_s060t20_b0660000_a_U000395000
# [2024-04-22 22:29:25] INFO: Calculated checksum: 74321d7d
# [2024-04-22 22:29:31] INFO: Calculated checksum: dc2273b3
# [2024-04-22 22:29:31] INFO: Writing RNGSTATE file: ./rand_s060t20_b0660000_a_U000395000
# [2024-04-22 22:29:32] INFO: Writing to disk took 9.47744 seconds
# [2024-04-22 22:29:32] INFO: ======================================================================
# [2024-04-22 22:29:32] INFO: Start sweeping...
# [2024-04-22 22:36:23] INFO: It took 411.625 seconds to do 500 HBOR sweeps.
# [2024-04-22 22:36:23] INFO: Plaquette = 0.645535
# [2024-04-22 22:36:23] INFO: Polyakov loop = (0.000261453,-0.000124167)
# [2024-04-22 22:36:23] INFO: Writing conf to disk...
# [2024-04-22 22:36:23] INFO: writeconf_nersc: Writing NERSC configuration ./conf_s060t20_b0660000_a_U000395500
# [2024-04-22 22:36:26] INFO: Calculated checksum: bf1ddbcb
# [2024-04-22 22:36:33] INFO: Calculated checksum: c37ab54b
# [2024-04-22 22:36:33] INFO: Writing RNGSTATE file: ./rand_s060t20_b0660000_a_U000395500
# [2024-04-22 22:36:33] INFO: Writing to disk took 10.1013 seconds
# [2024-04-22 22:36:33] INFO: ======================================================================
# [2024-04-22 22:36:33] INFO: Start sweeping...
# [2024-04-22 22:43:25] INFO: It took 411.758 seconds to do 500 HBOR sweeps.
# [2024-04-22 22:43:25] INFO: Plaquette = 0.645688
# [2024-04-22 22:43:25] INFO: Polyakov loop = (6.80149e-05,-0.000894992)
# [2024-04-22 22:43:25] INFO: Writing conf to disk...
# [2024-04-22 22:43:25] INFO: writeconf_nersc: Writing NERSC configuration ./conf_s060t20_b0660000_a_U000396000
# [2024-04-22 22:43:28] INFO: Calculated checksum: 5f05fe8a
# [2024-04-22 22:43:36] INFO: Calculated checksum: e7d57eae
# [2024-04-22 22:43:36] INFO: Writing RNGSTATE file: ./rand_s060t20_b0660000_a_U000396000
# [2024-04-22 22:43:36] INFO: Writing to disk took 11.0614 seconds
# [2024-04-22 22:43:36] INFO: ======================================================================
# [2024-04-22 22:43:36] INFO: Start sweeping...
# [2024-04-22 22:50:28] INFO: It took 411.578 seconds to do 500 HBOR sweeps.
# [2024-04-22 22:50:28] INFO: Plaquette = 0.645605
# [2024-04-22 22:50:28] INFO: Polyakov loop = (-0.000758239,-0.000122602)
# [2024-04-22 22:50:28] INFO: Writing conf to disk...
# [2024-04-22 22:50:28] INFO: writeconf_nersc: Writing NERSC configuration ./conf_s060t20_b0660000_a_U000396500
# [2024-04-22 22:50:31] INFO: Calculated checksum: 9be2a8b3
# [2024-04-22 22:50:38] INFO: Calculated checksum: 4403b87c
# [2024-04-22 22:50:38] INFO: Writing RNGSTATE file: ./rand_s060t20_b0660000_a_U000396500
# [2024-04-22 22:50:38] INFO: Writing to disk took 10.2 seconds
# [2024-04-22 22:50:38] INFO: ======================================================================
# [2024-04-22 22:50:38] INFO: Start sweeping...
# [2024-04-22 22:57:30] INFO: It took 411.855 seconds to do 500 HBOR sweeps.
# [2024-04-22 22:57:30] INFO: Plaquette = 0.645853
# [2024-04-22 22:57:30] INFO: Polyakov loop = (-0.000827208,-0.000198106)
# [2024-04-22 22:57:30] INFO: Writing conf to disk...
# [2024-04-22 22:57:30] INFO: writeconf_nersc: Writing NERSC configuration ./conf_s060t20_b0660000_a_U000397000
# [2024-04-22 22:57:33] INFO: Calculated checksum: aa68aa21
# [2024-04-22 22:57:40] INFO: Calculated checksum: 1f539fa2
# [2024-04-22 22:57:40] INFO: Writing RNGSTATE file: ./rand_s060t20_b0660000_a_U000397000
# [2024-04-22 22:57:40] INFO: Writing to disk took 10.2792 seconds
# [2024-04-22 22:57:40] INFO: ======================================================================
# [2024-04-22 22:57:40] INFO: Start sweeping...
# [2024-04-22 23:04:31] INFO: It took 410.608 seconds to do 500 HBOR sweeps.
# [2024-04-22 23:04:31] INFO: Plaquette = 0.645639
# [2024-04-22 23:04:31] INFO: Polyakov loop = (-0.000125494,-2.99763e-05)
# [2024-04-22 23:04:31] INFO: Writing conf to disk...
# [2024-04-22 23:04:31] INFO: writeconf_nersc: Writing NERSC configuration ./conf_s060t20_b0660000_a_U000397500
# [2024-04-22 23:04:34] INFO: Calculated checksum: c0bec60c
# [2024-04-22 23:04:41] INFO: Calculated checksum: a80a5796
# [2024-04-22 23:04:41] INFO: Writing RNGSTATE file: ./rand_s060t20_b0660000_a_U000397500
# [2024-04-22 23:04:41] INFO: Writing to disk took 9.9473 seconds
# [2024-04-22 23:04:41] INFO: ======================================================================
# [2024-04-22 23:04:41] INFO: Start sweeping...
# [2024-04-22 23:11:31] INFO: It took 410.445 seconds to do 500 HBOR sweeps.
# [2024-04-22 23:11:32] INFO: Plaquette = 0.645739
# [2024-04-22 23:11:32] INFO: Polyakov loop = (0.00031342,-0.000585497)
# [2024-04-22 23:11:32] INFO: Writing conf to disk...
# [2024-04-22 23:11:32] INFO: writeconf_nersc: Writing NERSC configuration ./conf_s060t20_b0660000_a_U000398000
# [2024-04-22 23:11:34] INFO: Calculated checksum: a343da22
# [2024-04-22 23:11:43] INFO: Calculated checksum: 96482235
# [2024-04-22 23:11:43] INFO: Writing RNGSTATE file: ./rand_s060t20_b0660000_a_U000398000
# [2024-04-22 23:11:43] INFO: Writing to disk took 11.4674 seconds
# [2024-04-22 23:11:43] INFO: ======================================================================
# [2024-04-22 23:11:43] INFO: Start sweeping...
# [2024-04-22 23:18:35] INFO: It took 411.71 seconds to do 500 HBOR sweeps.
# [2024-04-22 23:18:35] INFO: Plaquette = 0.645734
# [2024-04-22 23:18:35] INFO: Polyakov loop = (-0.000586377,-0.000280203)
# [2024-04-22 23:18:35] INFO: Writing conf to disk...
# [2024-04-22 23:18:35] INFO: writeconf_nersc: Writing NERSC configuration ./conf_s060t20_b0660000_a_U000398500
# [2024-04-22 23:18:38] INFO: Calculated checksum: de3f7797
# [2024-04-22 23:18:45] INFO: Calculated checksum: fb29f1e9
# [2024-04-22 23:18:45] INFO: Writing RNGSTATE file: ./rand_s060t20_b0660000_a_U000398500
# [2024-04-22 23:18:45] INFO: Writing to disk took 10.4774 seconds
# [2024-04-22 23:18:45] INFO: ======================================================================
# [2024-04-22 23:18:45] INFO: Start sweeping...
# [2024-04-22 23:25:36] INFO: It took 410.463 seconds to do 500 HBOR sweeps.
# [2024-04-22 23:25:36] INFO: Plaquette = 0.645607
# [2024-04-22 23:25:36] INFO: Polyakov loop = (0.000109949,-0.000441576)
# [2024-04-22 23:25:36] INFO: Writing conf to disk...
# [2024-04-22 23:25:36] INFO: writeconf_nersc: Writing NERSC configuration ./conf_s060t20_b0660000_a_U000399000
# [2024-04-22 23:25:39] INFO: Calculated checksum: d42e4e96
# [2024-04-22 23:25:49] INFO: Calculated checksum: 80274172
# [2024-04-22 23:25:49] INFO: Writing RNGSTATE file: ./rand_s060t20_b0660000_a_U000399000
# [2024-04-22 23:25:50] INFO: Writing to disk took 13.8468 seconds
# [2024-04-22 23:25:50] INFO: ======================================================================
# [2024-04-22 23:25:50] INFO: Start sweeping...
# [2024-04-22 23:32:40] INFO: It took 410.259 seconds to do 500 HBOR sweeps.
# [2024-04-22 23:32:40] INFO: Plaquette = 0.645679
# [2024-04-22 23:32:40] INFO: Polyakov loop = (-0.000619678,-0.000306302)
# [2024-04-22 23:32:40] INFO: Writing conf to disk...
# [2024-04-22 23:32:40] INFO: writeconf_nersc: Writing NERSC configuration ./conf_s060t20_b0660000_a_U000399500
# [2024-04-22 23:32:43] INFO: Calculated checksum: 67531221
# [2024-04-22 23:32:50] INFO: Calculated checksum: 1c13afe9
# [2024-04-22 23:32:50] INFO: Writing RNGSTATE file: ./rand_s060t20_b0660000_a_U000399500
# [2024-04-22 23:32:51] INFO: Writing to disk took 10.6861 seconds
# [2024-04-22 23:32:51] INFO: ======================================================================
# [2024-04-22 23:32:51] INFO: Start sweeping...
# [2024-04-22 23:39:42] INFO: It took 411.68 seconds to do 500 HBOR sweeps.
# [2024-04-22 23:39:42] INFO: Plaquette = 0.645634
# [2024-04-22 23:39:42] INFO: Polyakov loop = (0.000343665,0.000116135)
# [2024-04-22 23:39:42] INFO: Writing conf to disk...
# [2024-04-22 23:39:42] INFO: writeconf_nersc: Writing NERSC configuration ./conf_s060t20_b0660000_a_U000400000
# [2024-04-22 23:39:45] INFO: Calculated checksum: 4f01cf1d
# [2024-04-22 23:40:01] INFO: Calculated checksum: 5a3f7bb5
# [2024-04-22 23:40:01] INFO: Writing RNGSTATE file: ./rand_s060t20_b0660000_a_U000400000
# [2024-04-22 23:40:01] INFO: Writing to disk took 18.6746 seconds
# [2024-04-22 23:40:01] INFO: Finalizing MPI
