
Currently Loaded Modules:
  1) chpc/1.0      (S)   3) gcc/8.5.0      5) mpich/3.4.2
  2) python/3.10.3       4) cmake/3.26.0   6) cuda/11.6.2 (g)

  Where:
   S:  Module is Sticky, requires --force to unload or purge
   g:  built for GPU

 

# [2024-04-22 11:52:55] INFO: Running SIMULATeQCD
# [2024-04-22 11:52:55] INFO: Git commit version: 43e2518
# [2024-04-22 11:52:55] INFO: Initializing MPI with (1 proc)
# [2024-04-22 11:52:55] INFO: Reading parameters from file :: GenerateQuenched_b6373.param
# [2024-04-22 11:52:55] INFO: # PARAM :: Lattice = 60 60 60 20 
# [2024-04-22 11:52:55] INFO: # PARAM :: Nodes = 1 1 1 1 
# [2024-04-22 11:52:55] INFO: # PARAM :: Topology = 0 0 0 0  (default)
# [2024-04-22 11:52:55] INFO: # PARAM :: beta = 6.373
# [2024-04-22 11:52:55] INFO: # PARAM :: format = nersc
# [2024-04-22 11:52:55] INFO: # PARAM :: endianness = auto
# [2024-04-22 11:52:55] INFO: # PARAM :: conf_nr = 350000
# [2024-04-22 11:52:55] INFO: # PARAM :: stream = a
# [2024-04-22 11:52:55] INFO: # PARAM :: prec_out = 0 (default)
# [2024-04-22 11:52:55] INFO: # PARAM :: measurements_dir = ./ (default)
# [2024-04-22 11:52:55] INFO: # PARAM :: use_unit_conf = 0 (default)
# [2024-04-22 11:52:55] INFO: # PARAM :: output_dir = .
# [2024-04-22 11:52:55] INFO: # PARAM :: nconfs = 100
# [2024-04-22 11:52:55] INFO: # PARAM :: nsweeps_ORperHB = 4
# [2024-04-22 11:52:55] INFO: # PARAM :: nsweeps_HBwithOR = 500
# [2024-04-22 11:52:55] INFO: # PARAM :: prev_conf = conf_s060t20_b0637300_a_U000350000
# [2024-04-22 11:52:55] INFO: # PARAM :: prev_rand = rand_s060t20_b0637300_a_U000350000
# [2024-04-22 11:52:56] INFO: > Running on:
# [2024-04-22 11:52:56] INFO: [Rank 0] > notch088 CPU_60 GPU_86; MPI: world_rank=0, node_rank=0, coord: ( 0 0 0 0 )
# [2024-04-22 11:52:56] INFO: > Is MPI CUDA-aware? @compilation 
# [2024-04-22 11:52:56] INFO: > GPU compute capability: 75
# [2024-04-22 11:52:56] INFO: > Checking support for P2P (Peer-to-Peer) and UVA (Unified Virtual Addressing):
# [2024-04-22 11:52:56] INFO: [Rank 0] > notch088 GPU_86(NVIDIA GeForce RTX 2080 Ti): P2P NO ; UVA YES
# [2024-04-22 11:52:56] INFO: Initialize Indexer with HaloDepth = 1[0;33m[0m
# [2024-04-22 11:52:56] INFO: Resuming previous run.
# [2024-04-22 11:52:56] INFO: readconf_nersc: Reading NERSC configuration conf_s060t20_b0637300_a_U000350000
# [2024-04-22 11:53:24] INFO: Next conf_number will be 350500
# [2024-04-22 11:53:24] INFO: Generating up to 100 confs with a separation of 500 HBOR sweeps (OR/HB = 4) ...
# [2024-04-22 11:53:24] INFO: ======================================================================
# [2024-04-22 11:53:24] INFO: Start sweeping...
# [2024-04-22 12:00:14] INFO: It took 410.681 seconds to do 500 HBOR sweeps.
# [2024-04-22 12:00:14] INFO: Plaquette = 0.62841
# [2024-04-22 12:00:14] INFO: Polyakov loop = (0.000646808,4.73291e-05)
# [2024-04-22 12:00:14] INFO: Writing conf to disk...
# [2024-04-22 12:00:14] INFO: writeconf_nersc: Writing NERSC configuration ./conf_s060t20_b0637300_a_U000350500
# [2024-04-22 12:00:17] INFO: Calculated checksum: 335a7063
# [2024-04-22 12:00:33] INFO: Calculated checksum: cdafddf6
# [2024-04-22 12:00:33] INFO: Writing RNGSTATE file: ./rand_s060t20_b0637300_a_U000350500
# [2024-04-22 12:00:33] INFO: Writing to disk took 18.7042 seconds
# [2024-04-22 12:00:33] INFO: ======================================================================
# [2024-04-22 12:00:33] INFO: Start sweeping...
# [2024-04-22 12:07:27] INFO: It took 413.432 seconds to do 500 HBOR sweeps.
# [2024-04-22 12:07:27] INFO: Plaquette = 0.6285
# [2024-04-22 12:07:27] INFO: Polyakov loop = (0.00063762,-8.38948e-05)
# [2024-04-22 12:07:27] INFO: Writing conf to disk...
# [2024-04-22 12:07:27] INFO: writeconf_nersc: Writing NERSC configuration ./conf_s060t20_b0637300_a_U000351000
# [2024-04-22 12:07:31] INFO: Calculated checksum: 3fd983a0
# [2024-04-22 12:07:48] INFO: Calculated checksum: b06ae188
# [2024-04-22 12:07:48] INFO: Writing RNGSTATE file: ./rand_s060t20_b0637300_a_U000351000
# [2024-04-22 12:07:48] INFO: Writing to disk took 20.6045 seconds
# [2024-04-22 12:07:48] INFO: ======================================================================
# [2024-04-22 12:07:48] INFO: Start sweeping...
# [2024-04-22 12:14:38] INFO: It took 410.347 seconds to do 500 HBOR sweeps.
# [2024-04-22 12:14:39] INFO: Plaquette = 0.628324
# [2024-04-22 12:14:39] INFO: Polyakov loop = (0.000154915,-0.000612776)
# [2024-04-22 12:14:39] INFO: Writing conf to disk...
# [2024-04-22 12:14:39] INFO: writeconf_nersc: Writing NERSC configuration ./conf_s060t20_b0637300_a_U000351500
# [2024-04-22 12:14:42] INFO: Calculated checksum: df1386ce
# [2024-04-22 12:15:00] INFO: Calculated checksum: 58afcb94
# [2024-04-22 12:15:00] INFO: Writing RNGSTATE file: ./rand_s060t20_b0637300_a_U000351500
# [2024-04-22 12:15:00] INFO: Writing to disk took 21.7594 seconds
# [2024-04-22 12:15:00] INFO: ======================================================================
# [2024-04-22 12:15:00] INFO: Start sweeping...
# [2024-04-22 12:21:51] INFO: It took 410.862 seconds to do 500 HBOR sweeps.
# [2024-04-22 12:21:51] INFO: Plaquette = 0.628435
# [2024-04-22 12:21:51] INFO: Polyakov loop = (-0.000863465,0.000515529)
# [2024-04-22 12:21:51] INFO: Writing conf to disk...
# [2024-04-22 12:21:51] INFO: writeconf_nersc: Writing NERSC configuration ./conf_s060t20_b0637300_a_U000352000
# [2024-04-22 12:21:54] INFO: Calculated checksum: 4be1ed5e
# [2024-04-22 12:22:13] INFO: Calculated checksum: 1b21ab10
# [2024-04-22 12:22:13] INFO: Writing RNGSTATE file: ./rand_s060t20_b0637300_a_U000352000
# [2024-04-22 12:22:14] INFO: Writing to disk took 22.7533 seconds
# [2024-04-22 12:22:14] INFO: ======================================================================
# [2024-04-22 12:22:14] INFO: Start sweeping...
# [2024-04-22 12:29:05] INFO: It took 411.021 seconds to do 500 HBOR sweeps.
# [2024-04-22 12:29:05] INFO: Plaquette = 0.628461
# [2024-04-22 12:29:05] INFO: Polyakov loop = (-0.000472656,-0.000805278)
# [2024-04-22 12:29:05] INFO: Writing conf to disk...
# [2024-04-22 12:29:05] INFO: writeconf_nersc: Writing NERSC configuration ./conf_s060t20_b0637300_a_U000352500
# [2024-04-22 12:29:08] INFO: Calculated checksum: d2a26544
# [2024-04-22 12:29:15] INFO: Calculated checksum: 52412c40
# [2024-04-22 12:29:15] INFO: Writing RNGSTATE file: ./rand_s060t20_b0637300_a_U000352500
# [2024-04-22 12:29:16] INFO: Writing to disk took 10.9158 seconds
# [2024-04-22 12:29:16] INFO: ======================================================================
# [2024-04-22 12:29:16] INFO: Start sweeping...
# [2024-04-22 12:36:07] INFO: It took 411.379 seconds to do 500 HBOR sweeps.
# [2024-04-22 12:36:07] INFO: Plaquette = 0.628398
# [2024-04-22 12:36:07] INFO: Polyakov loop = (0.000754734,0.000910715)
# [2024-04-22 12:36:07] INFO: Writing conf to disk...
# [2024-04-22 12:36:07] INFO: writeconf_nersc: Writing NERSC configuration ./conf_s060t20_b0637300_a_U000353000
# [2024-04-22 12:36:10] INFO: Calculated checksum: 667fedd0
# [2024-04-22 12:36:18] INFO: Calculated checksum: e521704
# [2024-04-22 12:36:18] INFO: Writing RNGSTATE file: ./rand_s060t20_b0637300_a_U000353000
# [2024-04-22 12:36:19] INFO: Writing to disk took 11.2608 seconds
# [2024-04-22 12:36:19] INFO: ======================================================================
# [2024-04-22 12:36:19] INFO: Start sweeping...
# [2024-04-22 12:43:10] INFO: It took 411.214 seconds to do 500 HBOR sweeps.
# [2024-04-22 12:43:10] INFO: Plaquette = 0.628421
# [2024-04-22 12:43:10] INFO: Polyakov loop = (0.000275512,0.000141386)
# [2024-04-22 12:43:10] INFO: Writing conf to disk...
# [2024-04-22 12:43:10] INFO: writeconf_nersc: Writing NERSC configuration ./conf_s060t20_b0637300_a_U000353500
# [2024-04-22 12:43:13] INFO: Calculated checksum: f592c684
# [2024-04-22 12:43:25] INFO: Calculated checksum: 8238d587
# [2024-04-22 12:43:25] INFO: Writing RNGSTATE file: ./rand_s060t20_b0637300_a_U000353500
# [2024-04-22 12:43:26] INFO: Writing to disk took 15.6558 seconds
# [2024-04-22 12:43:26] INFO: ======================================================================
# [2024-04-22 12:43:26] INFO: Start sweeping...
# [2024-04-22 12:50:17] INFO: It took 411.381 seconds to do 500 HBOR sweeps.
# [2024-04-22 12:50:17] INFO: Plaquette = 0.628475
# [2024-04-22 12:50:17] INFO: Polyakov loop = (0.000173159,-0.000598177)
# [2024-04-22 12:50:17] INFO: Writing conf to disk...
# [2024-04-22 12:50:17] INFO: writeconf_nersc: Writing NERSC configuration ./conf_s060t20_b0637300_a_U000354000
# [2024-04-22 12:50:20] INFO: Calculated checksum: 752c40c3
# [2024-04-22 12:50:30] INFO: Calculated checksum: c9846933
# [2024-04-22 12:50:30] INFO: Writing RNGSTATE file: ./rand_s060t20_b0637300_a_U000354000
# [2024-04-22 12:50:31] INFO: Writing to disk took 13.5943 seconds
# [2024-04-22 12:50:31] INFO: ======================================================================
# [2024-04-22 12:50:31] INFO: Start sweeping...
# [2024-04-22 12:57:22] INFO: It took 410.97 seconds to do 500 HBOR sweeps.
# [2024-04-22 12:57:22] INFO: Plaquette = 0.628558
# [2024-04-22 12:57:22] INFO: Polyakov loop = (5.81916e-05,-0.000625125)
# [2024-04-22 12:57:22] INFO: Writing conf to disk...
# [2024-04-22 12:57:22] INFO: writeconf_nersc: Writing NERSC configuration ./conf_s060t20_b0637300_a_U000354500
# [2024-04-22 12:57:25] INFO: Calculated checksum: 3a02527
# [2024-04-22 12:57:32] INFO: Calculated checksum: 10b87546
# [2024-04-22 12:57:32] INFO: Writing RNGSTATE file: ./rand_s060t20_b0637300_a_U000354500
# [2024-04-22 12:57:32] INFO: Writing to disk took 10.4761 seconds
# [2024-04-22 12:57:32] INFO: ======================================================================
# [2024-04-22 12:57:32] INFO: Start sweeping...
# [2024-04-22 13:04:23] INFO: It took 411.075 seconds to do 500 HBOR sweeps.
# [2024-04-22 13:04:23] INFO: Plaquette = 0.628504
# [2024-04-22 13:04:23] INFO: Polyakov loop = (0.000522689,0.000464858)
# [2024-04-22 13:04:23] INFO: Writing conf to disk...
# [2024-04-22 13:04:23] INFO: writeconf_nersc: Writing NERSC configuration ./conf_s060t20_b0637300_a_U000355000
# [2024-04-22 13:04:26] INFO: Calculated checksum: 78f82576
# [2024-04-22 13:04:39] INFO: Calculated checksum: 80e1fc3
# [2024-04-22 13:04:39] INFO: Writing RNGSTATE file: ./rand_s060t20_b0637300_a_U000355000
# [2024-04-22 13:04:39] INFO: Writing to disk took 15.7219 seconds
# [2024-04-22 13:04:39] INFO: ======================================================================
# [2024-04-22 13:04:39] INFO: Start sweeping...
# [2024-04-22 13:11:30] INFO: It took 411.33 seconds to do 500 HBOR sweeps.
# [2024-04-22 13:11:30] INFO: Plaquette = 0.628478
# [2024-04-22 13:11:30] INFO: Polyakov loop = (-0.000721966,-4.69391e-05)
# [2024-04-22 13:11:30] INFO: Writing conf to disk...
# [2024-04-22 13:11:30] INFO: writeconf_nersc: Writing NERSC configuration ./conf_s060t20_b0637300_a_U000355500
# [2024-04-22 13:11:33] INFO: Calculated checksum: 38f12414
# [2024-04-22 13:11:41] INFO: Calculated checksum: e90113ac
# [2024-04-22 13:11:41] INFO: Writing RNGSTATE file: ./rand_s060t20_b0637300_a_U000355500
# [2024-04-22 13:11:41] INFO: Writing to disk took 10.4634 seconds
# [2024-04-22 13:11:41] INFO: ======================================================================
# [2024-04-22 13:11:41] INFO: Start sweeping...
# [2024-04-22 13:18:32] INFO: It took 411.321 seconds to do 500 HBOR sweeps.
# [2024-04-22 13:18:32] INFO: Plaquette = 0.628488
# [2024-04-22 13:18:32] INFO: Polyakov loop = (-0.000177956,-0.000644895)
# [2024-04-22 13:18:32] INFO: Writing conf to disk...
# [2024-04-22 13:18:32] INFO: writeconf_nersc: Writing NERSC configuration ./conf_s060t20_b0637300_a_U000356000
# [2024-04-22 13:18:35] INFO: Calculated checksum: 6c5bbeef
# [2024-04-22 13:18:49] INFO: Calculated checksum: ced3d8d6
# [2024-04-22 13:18:49] INFO: Writing RNGSTATE file: ./rand_s060t20_b0637300_a_U000356000
# [2024-04-22 13:18:50] INFO: Writing to disk took 17.2812 seconds
# [2024-04-22 13:18:50] INFO: ======================================================================
# [2024-04-22 13:18:50] INFO: Start sweeping...
# [2024-04-22 13:25:41] INFO: It took 411.103 seconds to do 500 HBOR sweeps.
# [2024-04-22 13:25:41] INFO: Plaquette = 0.628472
# [2024-04-22 13:25:41] INFO: Polyakov loop = (-0.000481366,0.000152406)
# [2024-04-22 13:25:41] INFO: Writing conf to disk...
# [2024-04-22 13:25:41] INFO: writeconf_nersc: Writing NERSC configuration ./conf_s060t20_b0637300_a_U000356500
# [2024-04-22 13:25:44] INFO: Calculated checksum: 78954ace
# [2024-04-22 13:25:56] INFO: Calculated checksum: 193ec7eb
# [2024-04-22 13:25:56] INFO: Writing RNGSTATE file: ./rand_s060t20_b0637300_a_U000356500
# [2024-04-22 13:25:58] INFO: Writing to disk took 17.1577 seconds
# [2024-04-22 13:25:58] INFO: ======================================================================
# [2024-04-22 13:25:58] INFO: Start sweeping...
# [2024-04-22 13:32:49] INFO: It took 411.201 seconds to do 500 HBOR sweeps.
# [2024-04-22 13:32:49] INFO: Plaquette = 0.628457
# [2024-04-22 13:32:49] INFO: Polyakov loop = (-0.00030748,0.000210581)
# [2024-04-22 13:32:49] INFO: Writing conf to disk...
# [2024-04-22 13:32:49] INFO: writeconf_nersc: Writing NERSC configuration ./conf_s060t20_b0637300_a_U000357000
# [2024-04-22 13:32:52] INFO: Calculated checksum: e0d6f8ef
# [2024-04-22 13:33:06] INFO: Calculated checksum: 8790c516
# [2024-04-22 13:33:06] INFO: Writing RNGSTATE file: ./rand_s060t20_b0637300_a_U000357000
# [2024-04-22 13:33:07] INFO: Writing to disk took 17.4997 seconds
# [2024-04-22 13:33:07] INFO: ======================================================================
# [2024-04-22 13:33:07] INFO: Start sweeping...
# [2024-04-22 13:39:58] INFO: It took 411.183 seconds to do 500 HBOR sweeps.
# [2024-04-22 13:39:58] INFO: Plaquette = 0.628421
# [2024-04-22 13:39:58] INFO: Polyakov loop = (0.000121293,4.04515e-06)
# [2024-04-22 13:39:58] INFO: Writing conf to disk...
# [2024-04-22 13:39:58] INFO: writeconf_nersc: Writing NERSC configuration ./conf_s060t20_b0637300_a_U000357500
# [2024-04-22 13:40:01] INFO: Calculated checksum: 9919c447
# [2024-04-22 13:40:09] INFO: Calculated checksum: 80cbbf31
# [2024-04-22 13:40:09] INFO: Writing RNGSTATE file: ./rand_s060t20_b0637300_a_U000357500
# [2024-04-22 13:40:10] INFO: Writing to disk took 11.7538 seconds
# [2024-04-22 13:40:10] INFO: ======================================================================
# [2024-04-22 13:40:10] INFO: Start sweeping...
# [2024-04-22 13:47:01] INFO: It took 411.211 seconds to do 500 HBOR sweeps.
# [2024-04-22 13:47:01] INFO: Plaquette = 0.628508
# [2024-04-22 13:47:01] INFO: Polyakov loop = (8.86373e-05,-0.000690883)
# [2024-04-22 13:47:01] INFO: Writing conf to disk...
# [2024-04-22 13:47:01] INFO: writeconf_nersc: Writing NERSC configuration ./conf_s060t20_b0637300_a_U000358000
# [2024-04-22 13:47:04] INFO: Calculated checksum: 4e4be95a
# [2024-04-22 13:47:11] INFO: Calculated checksum: 5da11ce6
# [2024-04-22 13:47:11] INFO: Writing RNGSTATE file: ./rand_s060t20_b0637300_a_U000358000
# [2024-04-22 13:47:12] INFO: Writing to disk took 10.7454 seconds
# [2024-04-22 13:47:12] INFO: ======================================================================
# [2024-04-22 13:47:12] INFO: Start sweeping...
# [2024-04-22 13:54:03] INFO: It took 410.987 seconds to do 500 HBOR sweeps.
# [2024-04-22 13:54:03] INFO: Plaquette = 0.62852
# [2024-04-22 13:54:03] INFO: Polyakov loop = (-0.000246237,-0.000188354)
# [2024-04-22 13:54:03] INFO: Writing conf to disk...
# [2024-04-22 13:54:03] INFO: writeconf_nersc: Writing NERSC configuration ./conf_s060t20_b0637300_a_U000358500
# [2024-04-22 13:54:08] INFO: Calculated checksum: bdeccdcb
# [2024-04-22 13:54:16] INFO: Calculated checksum: c1ac79f3
# [2024-04-22 13:54:16] INFO: Writing RNGSTATE file: ./rand_s060t20_b0637300_a_U000358500
# [2024-04-22 13:54:16] INFO: Writing to disk took 12.991 seconds
# [2024-04-22 13:54:16] INFO: ======================================================================
# [2024-04-22 13:54:16] INFO: Start sweeping...
# [2024-04-22 14:01:07] INFO: It took 410.842 seconds to do 500 HBOR sweeps.
# [2024-04-22 14:01:07] INFO: Plaquette = 0.628516
# [2024-04-22 14:01:07] INFO: Polyakov loop = (0.000205948,-4.10337e-05)
# [2024-04-22 14:01:07] INFO: Writing conf to disk...
# [2024-04-22 14:01:07] INFO: writeconf_nersc: Writing NERSC configuration ./conf_s060t20_b0637300_a_U000359000
# [2024-04-22 14:01:10] INFO: Calculated checksum: 557aba0
# [2024-04-22 14:01:17] INFO: Calculated checksum: 8a631093
# [2024-04-22 14:01:17] INFO: Writing RNGSTATE file: ./rand_s060t20_b0637300_a_U000359000
# [2024-04-22 14:01:18] INFO: Writing to disk took 10.8022 seconds
# [2024-04-22 14:01:18] INFO: ======================================================================
# [2024-04-22 14:01:18] INFO: Start sweeping...
# [2024-04-22 14:08:09] INFO: It took 411.166 seconds to do 500 HBOR sweeps.
# [2024-04-22 14:08:09] INFO: Plaquette = 0.628387
# [2024-04-22 14:08:09] INFO: Polyakov loop = (-7.30933e-05,-0.000381338)
# [2024-04-22 14:08:09] INFO: Writing conf to disk...
# [2024-04-22 14:08:09] INFO: writeconf_nersc: Writing NERSC configuration ./conf_s060t20_b0637300_a_U000359500
# [2024-04-22 14:08:12] INFO: Calculated checksum: 2e1a9de3
# [2024-04-22 14:08:28] INFO: Calculated checksum: 4e169798
# [2024-04-22 14:08:28] INFO: Writing RNGSTATE file: ./rand_s060t20_b0637300_a_U000359500
# [2024-04-22 14:08:28] INFO: Writing to disk took 19.3167 seconds
# [2024-04-22 14:08:28] INFO: ======================================================================
# [2024-04-22 14:08:28] INFO: Start sweeping...
# [2024-04-22 14:15:20] INFO: It took 411.353 seconds to do 500 HBOR sweeps.
# [2024-04-22 14:15:20] INFO: Plaquette = 0.628471
# [2024-04-22 14:15:20] INFO: Polyakov loop = (0.00124588,-0.000493364)
# [2024-04-22 14:15:20] INFO: Writing conf to disk...
# [2024-04-22 14:15:20] INFO: writeconf_nersc: Writing NERSC configuration ./conf_s060t20_b0637300_a_U000360000
# [2024-04-22 14:15:23] INFO: Calculated checksum: b614e2de
# [2024-04-22 14:15:31] INFO: Calculated checksum: 2d285f41
# [2024-04-22 14:15:31] INFO: Writing RNGSTATE file: ./rand_s060t20_b0637300_a_U000360000
# [2024-04-22 14:15:32] INFO: Writing to disk took 11.9538 seconds
# [2024-04-22 14:15:32] INFO: ======================================================================
# [2024-04-22 14:15:32] INFO: Start sweeping...
# [2024-04-22 14:22:23] INFO: It took 411.213 seconds to do 500 HBOR sweeps.
# [2024-04-22 14:22:23] INFO: Plaquette = 0.628564
# [2024-04-22 14:22:23] INFO: Polyakov loop = (0.00051207,-0.000162874)
# [2024-04-22 14:22:23] INFO: Writing conf to disk...
# [2024-04-22 14:22:23] INFO: writeconf_nersc: Writing NERSC configuration ./conf_s060t20_b0637300_a_U000360500
# [2024-04-22 14:22:26] INFO: Calculated checksum: 6ee0cf5c
# [2024-04-22 14:22:42] INFO: Calculated checksum: cdf4b24e
# [2024-04-22 14:22:42] INFO: Writing RNGSTATE file: ./rand_s060t20_b0637300_a_U000360500
# [2024-04-22 14:22:43] INFO: Writing to disk took 19.656 seconds
# [2024-04-22 14:22:43] INFO: ======================================================================
# [2024-04-22 14:22:43] INFO: Start sweeping...
# [2024-04-22 14:29:33] INFO: It took 410.702 seconds to do 500 HBOR sweeps.
# [2024-04-22 14:29:33] INFO: Plaquette = 0.628436
# [2024-04-22 14:29:33] INFO: Polyakov loop = (-0.000774469,0.000443029)
# [2024-04-22 14:29:33] INFO: Writing conf to disk...
# [2024-04-22 14:29:33] INFO: writeconf_nersc: Writing NERSC configuration ./conf_s060t20_b0637300_a_U000361000
# [2024-04-22 14:29:36] INFO: Calculated checksum: 6137c81c
# [2024-04-22 14:29:46] INFO: Calculated checksum: aa97bcd8
# [2024-04-22 14:29:46] INFO: Writing RNGSTATE file: ./rand_s060t20_b0637300_a_U000361000
# [2024-04-22 14:29:46] INFO: Writing to disk took 12.4465 seconds
# [2024-04-22 14:29:46] INFO: ======================================================================
# [2024-04-22 14:29:46] INFO: Start sweeping...
# [2024-04-22 14:36:37] INFO: It took 410.844 seconds to do 500 HBOR sweeps.
# [2024-04-22 14:36:37] INFO: Plaquette = 0.628428
# [2024-04-22 14:36:37] INFO: Polyakov loop = (-0.000213811,9.21558e-05)
# [2024-04-22 14:36:37] INFO: Writing conf to disk...
# [2024-04-22 14:36:37] INFO: writeconf_nersc: Writing NERSC configuration ./conf_s060t20_b0637300_a_U000361500
# [2024-04-22 14:36:40] INFO: Calculated checksum: a3e5b3cd
# [2024-04-22 14:36:53] INFO: Calculated checksum: bb8bf4b2
# [2024-04-22 14:36:53] INFO: Writing RNGSTATE file: ./rand_s060t20_b0637300_a_U000361500
# [2024-04-22 14:36:53] INFO: Writing to disk took 16.6108 seconds
# [2024-04-22 14:36:53] INFO: ======================================================================
# [2024-04-22 14:36:53] INFO: Start sweeping...
# [2024-04-22 14:43:44] INFO: It took 410.966 seconds to do 500 HBOR sweeps.
# [2024-04-22 14:43:44] INFO: Plaquette = 0.628432
# [2024-04-22 14:43:44] INFO: Polyakov loop = (0.000411313,-0.00077947)
# [2024-04-22 14:43:44] INFO: Writing conf to disk...
# [2024-04-22 14:43:44] INFO: writeconf_nersc: Writing NERSC configuration ./conf_s060t20_b0637300_a_U000362000
# [2024-04-22 14:43:47] INFO: Calculated checksum: 77227bb4
# [2024-04-22 14:44:00] INFO: Calculated checksum: b3ec5e91
# [2024-04-22 14:44:00] INFO: Writing RNGSTATE file: ./rand_s060t20_b0637300_a_U000362000
# [2024-04-22 14:44:01] INFO: Writing to disk took 16.5877 seconds
# [2024-04-22 14:44:01] INFO: ======================================================================
# [2024-04-22 14:44:01] INFO: Start sweeping...
# [2024-04-22 14:50:53] INFO: It took 412.45 seconds to do 500 HBOR sweeps.
# [2024-04-22 14:50:54] INFO: Plaquette = 0.628534
# [2024-04-22 14:50:54] INFO: Polyakov loop = (-0.000326,-0.000384282)
# [2024-04-22 14:50:54] INFO: Writing conf to disk...
# [2024-04-22 14:50:54] INFO: writeconf_nersc: Writing NERSC configuration ./conf_s060t20_b0637300_a_U000362500
# [2024-04-22 14:50:57] INFO: Calculated checksum: 806ac134
# [2024-04-22 14:51:09] INFO: Calculated checksum: 315e75d1
# [2024-04-22 14:51:09] INFO: Writing RNGSTATE file: ./rand_s060t20_b0637300_a_U000362500
# [2024-04-22 14:51:09] INFO: Writing to disk took 15.78 seconds
# [2024-04-22 14:51:09] INFO: ======================================================================
# [2024-04-22 14:51:09] INFO: Start sweeping...
# [2024-04-22 14:58:00] INFO: It took 410.927 seconds to do 500 HBOR sweeps.
# [2024-04-22 14:58:00] INFO: Plaquette = 0.628462
# [2024-04-22 14:58:00] INFO: Polyakov loop = (-8.51818e-05,0.000385548)
# [2024-04-22 14:58:00] INFO: Writing conf to disk...
# [2024-04-22 14:58:00] INFO: writeconf_nersc: Writing NERSC configuration ./conf_s060t20_b0637300_a_U000363000
# [2024-04-22 14:58:03] INFO: Calculated checksum: 8956d15c
# [2024-04-22 14:58:11] INFO: Calculated checksum: bbc9ae79
# [2024-04-22 14:58:11] INFO: Writing RNGSTATE file: ./rand_s060t20_b0637300_a_U000363000
# [2024-04-22 14:58:12] INFO: Writing to disk took 11.2818 seconds
# [2024-04-22 14:58:12] INFO: ======================================================================
# [2024-04-22 14:58:12] INFO: Start sweeping...
# [2024-04-22 15:05:02] INFO: It took 410.868 seconds to do 500 HBOR sweeps.
# [2024-04-22 15:05:02] INFO: Plaquette = 0.628339
# [2024-04-22 15:05:02] INFO: Polyakov loop = (-4.47665e-05,-0.000141507)
# [2024-04-22 15:05:02] INFO: Writing conf to disk...
# [2024-04-22 15:05:02] INFO: writeconf_nersc: Writing NERSC configuration ./conf_s060t20_b0637300_a_U000363500
# [2024-04-22 15:05:05] INFO: Calculated checksum: cac16807
# [2024-04-22 15:05:13] INFO: Calculated checksum: 51610725
# [2024-04-22 15:05:13] INFO: Writing RNGSTATE file: ./rand_s060t20_b0637300_a_U000363500
# [2024-04-22 15:05:13] INFO: Writing to disk took 10.4546 seconds
# [2024-04-22 15:05:13] INFO: ======================================================================
# [2024-04-22 15:05:13] INFO: Start sweeping...
# [2024-04-22 15:12:04] INFO: It took 411.455 seconds to do 500 HBOR sweeps.
# [2024-04-22 15:12:04] INFO: Plaquette = 0.628458
# [2024-04-22 15:12:04] INFO: Polyakov loop = (0.000120231,-0.000724454)
# [2024-04-22 15:12:04] INFO: Writing conf to disk...
# [2024-04-22 15:12:04] INFO: writeconf_nersc: Writing NERSC configuration ./conf_s060t20_b0637300_a_U000364000
# [2024-04-22 15:12:07] INFO: Calculated checksum: db7d863e
# [2024-04-22 15:12:19] INFO: Calculated checksum: 4482b0ae
# [2024-04-22 15:12:19] INFO: Writing RNGSTATE file: ./rand_s060t20_b0637300_a_U000364000
# [2024-04-22 15:12:20] INFO: Writing to disk took 15.2425 seconds
# [2024-04-22 15:12:20] INFO: ======================================================================
# [2024-04-22 15:12:20] INFO: Start sweeping...
# [2024-04-22 15:19:11] INFO: It took 411.279 seconds to do 500 HBOR sweeps.
# [2024-04-22 15:19:11] INFO: Plaquette = 0.628447
# [2024-04-22 15:19:11] INFO: Polyakov loop = (-6.63917e-06,0.000290103)
# [2024-04-22 15:19:11] INFO: Writing conf to disk...
# [2024-04-22 15:19:11] INFO: writeconf_nersc: Writing NERSC configuration ./conf_s060t20_b0637300_a_U000364500
# [2024-04-22 15:19:14] INFO: Calculated checksum: 83f28659
# [2024-04-22 15:19:19] INFO: Calculated checksum: 6a608019
# [2024-04-22 15:19:19] INFO: Writing RNGSTATE file: ./rand_s060t20_b0637300_a_U000364500
# [2024-04-22 15:19:20] INFO: Writing to disk took 8.60079 seconds
# [2024-04-22 15:19:20] INFO: ======================================================================
# [2024-04-22 15:19:20] INFO: Start sweeping...
# [2024-04-22 15:26:11] INFO: It took 411.379 seconds to do 500 HBOR sweeps.
# [2024-04-22 15:26:11] INFO: Plaquette = 0.628404
# [2024-04-22 15:26:11] INFO: Polyakov loop = (0.00017681,-0.000476052)
# [2024-04-22 15:26:11] INFO: Writing conf to disk...
# [2024-04-22 15:26:11] INFO: writeconf_nersc: Writing NERSC configuration ./conf_s060t20_b0637300_a_U000365000
# [2024-04-22 15:26:14] INFO: Calculated checksum: bcba541
# [2024-04-22 15:26:20] INFO: Calculated checksum: 8671a3
# [2024-04-22 15:26:20] INFO: Writing RNGSTATE file: ./rand_s060t20_b0637300_a_U000365000
# [2024-04-22 15:26:20] INFO: Writing to disk took 8.71333 seconds
# [2024-04-22 15:26:20] INFO: ======================================================================
# [2024-04-22 15:26:20] INFO: Start sweeping...
# [2024-04-22 15:33:11] INFO: It took 411.169 seconds to do 500 HBOR sweeps.
# [2024-04-22 15:33:11] INFO: Plaquette = 0.6285
# [2024-04-22 15:33:11] INFO: Polyakov loop = (0.000421599,8.39799e-05)
# [2024-04-22 15:33:11] INFO: Writing conf to disk...
# [2024-04-22 15:33:11] INFO: writeconf_nersc: Writing NERSC configuration ./conf_s060t20_b0637300_a_U000365500
# [2024-04-22 15:33:14] INFO: Calculated checksum: 347bfe7b
# [2024-04-22 15:33:20] INFO: Calculated checksum: e7ba3311
# [2024-04-22 15:33:20] INFO: Writing RNGSTATE file: ./rand_s060t20_b0637300_a_U000365500
# [2024-04-22 15:33:20] INFO: Writing to disk took 9.19417 seconds
# [2024-04-22 15:33:20] INFO: ======================================================================
# [2024-04-22 15:33:20] INFO: Start sweeping...
# [2024-04-22 15:40:11] INFO: It took 411.031 seconds to do 500 HBOR sweeps.
# [2024-04-22 15:40:11] INFO: Plaquette = 0.62842
# [2024-04-22 15:40:11] INFO: Polyakov loop = (-0.000198282,0.000453202)
# [2024-04-22 15:40:11] INFO: Writing conf to disk...
# [2024-04-22 15:40:11] INFO: writeconf_nersc: Writing NERSC configuration ./conf_s060t20_b0637300_a_U000366000
# [2024-04-22 15:40:14] INFO: Calculated checksum: 123c691e
# [2024-04-22 15:40:28] INFO: Calculated checksum: 2e5546f2
# [2024-04-22 15:40:28] INFO: Writing RNGSTATE file: ./rand_s060t20_b0637300_a_U000366000
# [2024-04-22 15:40:28] INFO: Writing to disk took 16.5216 seconds
# [2024-04-22 15:40:28] INFO: ======================================================================
# [2024-04-22 15:40:28] INFO: Start sweeping...
# [2024-04-22 15:47:19] INFO: It took 410.918 seconds to do 500 HBOR sweeps.
# [2024-04-22 15:47:19] INFO: Plaquette = 0.628444
# [2024-04-22 15:47:19] INFO: Polyakov loop = (-0.000332102,-0.00013853)
# [2024-04-22 15:47:19] INFO: Writing conf to disk...
# [2024-04-22 15:47:19] INFO: writeconf_nersc: Writing NERSC configuration ./conf_s060t20_b0637300_a_U000366500
# [2024-04-22 15:47:22] INFO: Calculated checksum: 44f87abd
# [2024-04-22 15:47:28] INFO: Calculated checksum: bf10cc6c
# [2024-04-22 15:47:28] INFO: Writing RNGSTATE file: ./rand_s060t20_b0637300_a_U000366500
# [2024-04-22 15:47:28] INFO: Writing to disk took 9.35968 seconds
# [2024-04-22 15:47:28] INFO: ======================================================================
# [2024-04-22 15:47:28] INFO: Start sweeping...
# [2024-04-22 15:54:19] INFO: It took 410.989 seconds to do 500 HBOR sweeps.
# [2024-04-22 15:54:19] INFO: Plaquette = 0.628403
# [2024-04-22 15:54:19] INFO: Polyakov loop = (-0.000425198,8.73644e-05)
# [2024-04-22 15:54:19] INFO: Writing conf to disk...
# [2024-04-22 15:54:19] INFO: writeconf_nersc: Writing NERSC configuration ./conf_s060t20_b0637300_a_U000367000
# [2024-04-22 15:54:22] INFO: Calculated checksum: ad4aa638
# [2024-04-22 15:54:28] INFO: Calculated checksum: 1a3327fa
# [2024-04-22 15:54:28] INFO: Writing RNGSTATE file: ./rand_s060t20_b0637300_a_U000367000
# [2024-04-22 15:54:28] INFO: Writing to disk took 9.08853 seconds
# [2024-04-22 15:54:28] INFO: ======================================================================
# [2024-04-22 15:54:28] INFO: Start sweeping...
# [2024-04-22 16:01:20] INFO: It took 411.142 seconds to do 500 HBOR sweeps.
# [2024-04-22 16:01:20] INFO: Plaquette = 0.628428
# [2024-04-22 16:01:20] INFO: Polyakov loop = (-0.000740666,-6.48002e-05)
# [2024-04-22 16:01:20] INFO: Writing conf to disk...
# [2024-04-22 16:01:20] INFO: writeconf_nersc: Writing NERSC configuration ./conf_s060t20_b0637300_a_U000367500
# [2024-04-22 16:01:23] INFO: Calculated checksum: 68100d34
# [2024-04-22 16:01:35] INFO: Calculated checksum: dfd8eb03
# [2024-04-22 16:01:35] INFO: Writing RNGSTATE file: ./rand_s060t20_b0637300_a_U000367500
# [2024-04-22 16:01:35] INFO: Writing to disk took 15.4214 seconds
# [2024-04-22 16:01:35] INFO: ======================================================================
# [2024-04-22 16:01:35] INFO: Start sweeping...
# [2024-04-22 16:08:27] INFO: It took 411.489 seconds to do 500 HBOR sweeps.
# [2024-04-22 16:08:27] INFO: Plaquette = 0.628567
# [2024-04-22 16:08:27] INFO: Polyakov loop = (0.000355243,0.000395704)
# [2024-04-22 16:08:27] INFO: Writing conf to disk...
# [2024-04-22 16:08:27] INFO: writeconf_nersc: Writing NERSC configuration ./conf_s060t20_b0637300_a_U000368000
# [2024-04-22 16:08:29] INFO: Calculated checksum: a95dbe7a
# [2024-04-22 16:08:39] INFO: Calculated checksum: 4a6606fe
# [2024-04-22 16:08:39] INFO: Writing RNGSTATE file: ./rand_s060t20_b0637300_a_U000368000
# [2024-04-22 16:08:40] INFO: Writing to disk took 13.1273 seconds
# [2024-04-22 16:08:40] INFO: ======================================================================
# [2024-04-22 16:08:40] INFO: Start sweeping...
# [2024-04-22 16:15:33] INFO: It took 413.739 seconds to do 500 HBOR sweeps.
# [2024-04-22 16:15:33] INFO: Plaquette = 0.628394
# [2024-04-22 16:15:33] INFO: Polyakov loop = (-0.00084033,-0.000108923)
# [2024-04-22 16:15:33] INFO: Writing conf to disk...
# [2024-04-22 16:15:33] INFO: writeconf_nersc: Writing NERSC configuration ./conf_s060t20_b0637300_a_U000368500
# [2024-04-22 16:15:36] INFO: Calculated checksum: 3c867120
# [2024-04-22 16:15:45] INFO: Calculated checksum: e16c9550
# [2024-04-22 16:15:45] INFO: Writing RNGSTATE file: ./rand_s060t20_b0637300_a_U000368500
# [2024-04-22 16:15:45] INFO: Writing to disk took 11.5907 seconds
# [2024-04-22 16:15:45] INFO: ======================================================================
# [2024-04-22 16:15:45] INFO: Start sweeping...
# [2024-04-22 16:22:36] INFO: It took 411.286 seconds to do 500 HBOR sweeps.
# [2024-04-22 16:22:36] INFO: Plaquette = 0.628481
# [2024-04-22 16:22:36] INFO: Polyakov loop = (-0.000820653,-1.12719e-05)
# [2024-04-22 16:22:36] INFO: Writing conf to disk...
# [2024-04-22 16:22:36] INFO: writeconf_nersc: Writing NERSC configuration ./conf_s060t20_b0637300_a_U000369000
# [2024-04-22 16:22:39] INFO: Calculated checksum: da773b5b
# [2024-04-22 16:22:55] INFO: Calculated checksum: 1068e4c9
# [2024-04-22 16:22:55] INFO: Writing RNGSTATE file: ./rand_s060t20_b0637300_a_U000369000
# [2024-04-22 16:22:55] INFO: Writing to disk took 18.7576 seconds
# [2024-04-22 16:22:55] INFO: ======================================================================
# [2024-04-22 16:22:55] INFO: Start sweeping...
# [2024-04-22 16:29:47] INFO: It took 411.38 seconds to do 500 HBOR sweeps.
# [2024-04-22 16:29:47] INFO: Plaquette = 0.62849
# [2024-04-22 16:29:47] INFO: Polyakov loop = (0.000551944,0.000153138)
# [2024-04-22 16:29:47] INFO: Writing conf to disk...
# [2024-04-22 16:29:47] INFO: writeconf_nersc: Writing NERSC configuration ./conf_s060t20_b0637300_a_U000369500
# [2024-04-22 16:29:50] INFO: Calculated checksum: 43724fad
# [2024-04-22 16:29:59] INFO: Calculated checksum: 96f245fa
# [2024-04-22 16:29:59] INFO: Writing RNGSTATE file: ./rand_s060t20_b0637300_a_U000369500
# [2024-04-22 16:29:59] INFO: Writing to disk took 12.454 seconds
# [2024-04-22 16:29:59] INFO: ======================================================================
# [2024-04-22 16:29:59] INFO: Start sweeping...
# [2024-04-22 16:36:50] INFO: It took 411.166 seconds to do 500 HBOR sweeps.
# [2024-04-22 16:36:50] INFO: Plaquette = 0.628383
# [2024-04-22 16:36:50] INFO: Polyakov loop = (-0.000543243,-0.00089572)
# [2024-04-22 16:36:50] INFO: Writing conf to disk...
# [2024-04-22 16:36:50] INFO: writeconf_nersc: Writing NERSC configuration ./conf_s060t20_b0637300_a_U000370000
# [2024-04-22 16:36:53] INFO: Calculated checksum: 49a6db30
# [2024-04-22 16:36:59] INFO: Calculated checksum: d0cfa86
# [2024-04-22 16:36:59] INFO: Writing RNGSTATE file: ./rand_s060t20_b0637300_a_U000370000
# [2024-04-22 16:36:59] INFO: Writing to disk took 8.86258 seconds
# [2024-04-22 16:36:59] INFO: ======================================================================
# [2024-04-22 16:36:59] INFO: Start sweeping...
# [2024-04-22 16:43:50] INFO: It took 411.061 seconds to do 500 HBOR sweeps.
# [2024-04-22 16:43:50] INFO: Plaquette = 0.628567
# [2024-04-22 16:43:50] INFO: Polyakov loop = (-0.000844621,-0.000443096)
# [2024-04-22 16:43:50] INFO: Writing conf to disk...
# [2024-04-22 16:43:50] INFO: writeconf_nersc: Writing NERSC configuration ./conf_s060t20_b0637300_a_U000370500
# [2024-04-22 16:43:53] INFO: Calculated checksum: 6d54d4da
# [2024-04-22 16:43:59] INFO: Calculated checksum: 23514d9e
# [2024-04-22 16:43:59] INFO: Writing RNGSTATE file: ./rand_s060t20_b0637300_a_U000370500
# [2024-04-22 16:43:59] INFO: Writing to disk took 9.18823 seconds
# [2024-04-22 16:43:59] INFO: ======================================================================
# [2024-04-22 16:43:59] INFO: Start sweeping...
# [2024-04-22 16:50:50] INFO: It took 410.953 seconds to do 500 HBOR sweeps.
# [2024-04-22 16:50:51] INFO: Plaquette = 0.628468
# [2024-04-22 16:50:51] INFO: Polyakov loop = (-0.000541099,0.00037147)
# [2024-04-22 16:50:51] INFO: Writing conf to disk...
# [2024-04-22 16:50:51] INFO: writeconf_nersc: Writing NERSC configuration ./conf_s060t20_b0637300_a_U000371000
# [2024-04-22 16:50:53] INFO: Calculated checksum: 5891e9e9
# [2024-04-22 16:51:00] INFO: Calculated checksum: 907dec92
# [2024-04-22 16:51:00] INFO: Writing RNGSTATE file: ./rand_s060t20_b0637300_a_U000371000
# [2024-04-22 16:51:00] INFO: Writing to disk took 9.42398 seconds
# [2024-04-22 16:51:00] INFO: ======================================================================
# [2024-04-22 16:51:00] INFO: Start sweeping...
# [2024-04-22 16:57:51] INFO: It took 411.281 seconds to do 500 HBOR sweeps.
# [2024-04-22 16:57:51] INFO: Plaquette = 0.628421
# [2024-04-22 16:57:51] INFO: Polyakov loop = (-0.000488784,0.000263298)
# [2024-04-22 16:57:51] INFO: Writing conf to disk...
# [2024-04-22 16:57:51] INFO: writeconf_nersc: Writing NERSC configuration ./conf_s060t20_b0637300_a_U000371500
# [2024-04-22 16:57:54] INFO: Calculated checksum: d0218c23
# [2024-04-22 16:58:05] INFO: Calculated checksum: 5a9daef6
# [2024-04-22 16:58:05] INFO: Writing RNGSTATE file: ./rand_s060t20_b0637300_a_U000371500
# [2024-04-22 16:58:06] INFO: Writing to disk took 14.3135 seconds
# [2024-04-22 16:58:06] INFO: ======================================================================
# [2024-04-22 16:58:06] INFO: Start sweeping...
# [2024-04-22 17:04:57] INFO: It took 411.216 seconds to do 500 HBOR sweeps.
# [2024-04-22 17:04:57] INFO: Plaquette = 0.628511
# [2024-04-22 17:04:57] INFO: Polyakov loop = (-0.000213741,0.000637357)
# [2024-04-22 17:04:57] INFO: Writing conf to disk...
# [2024-04-22 17:04:57] INFO: writeconf_nersc: Writing NERSC configuration ./conf_s060t20_b0637300_a_U000372000
# [2024-04-22 17:05:00] INFO: Calculated checksum: 814cef3f
# [2024-04-22 17:05:05] INFO: Calculated checksum: 39963846
# [2024-04-22 17:05:05] INFO: Writing RNGSTATE file: ./rand_s060t20_b0637300_a_U000372000
# [2024-04-22 17:05:06] INFO: Writing to disk took 8.70801 seconds
# [2024-04-22 17:05:06] INFO: ======================================================================
# [2024-04-22 17:05:06] INFO: Start sweeping...
# [2024-04-22 17:11:57] INFO: It took 411.189 seconds to do 500 HBOR sweeps.
# [2024-04-22 17:11:57] INFO: Plaquette = 0.628423
# [2024-04-22 17:11:57] INFO: Polyakov loop = (-0.000328166,0.00061553)
# [2024-04-22 17:11:57] INFO: Writing conf to disk...
# [2024-04-22 17:11:57] INFO: writeconf_nersc: Writing NERSC configuration ./conf_s060t20_b0637300_a_U000372500
# [2024-04-22 17:12:00] INFO: Calculated checksum: 9cf8cbb5
# [2024-04-22 17:12:12] INFO: Calculated checksum: 53f712c8
# [2024-04-22 17:12:12] INFO: Writing RNGSTATE file: ./rand_s060t20_b0637300_a_U000372500
# [2024-04-22 17:12:12] INFO: Writing to disk took 15.2755 seconds
# [2024-04-22 17:12:12] INFO: ======================================================================
# [2024-04-22 17:12:12] INFO: Start sweeping...
# [2024-04-22 17:19:03] INFO: It took 411.124 seconds to do 500 HBOR sweeps.
# [2024-04-22 17:19:03] INFO: Plaquette = 0.628333
# [2024-04-22 17:19:03] INFO: Polyakov loop = (-0.000374229,0.000469703)
# [2024-04-22 17:19:03] INFO: Writing conf to disk...
# [2024-04-22 17:19:03] INFO: writeconf_nersc: Writing NERSC configuration ./conf_s060t20_b0637300_a_U000373000
# [2024-04-22 17:19:06] INFO: Calculated checksum: b9100ac0
# [2024-04-22 17:19:12] INFO: Calculated checksum: c12eed22
# [2024-04-22 17:19:12] INFO: Writing RNGSTATE file: ./rand_s060t20_b0637300_a_U000373000
# [2024-04-22 17:19:12] INFO: Writing to disk took 8.74874 seconds
# [2024-04-22 17:19:12] INFO: ======================================================================
# [2024-04-22 17:19:12] INFO: Start sweeping...
# [2024-04-22 17:26:04] INFO: It took 411.409 seconds to do 500 HBOR sweeps.
# [2024-04-22 17:26:04] INFO: Plaquette = 0.628509
# [2024-04-22 17:26:04] INFO: Polyakov loop = (0.000588175,-0.000251416)
# [2024-04-22 17:26:04] INFO: Writing conf to disk...
# [2024-04-22 17:26:04] INFO: writeconf_nersc: Writing NERSC configuration ./conf_s060t20_b0637300_a_U000373500
# [2024-04-22 17:26:06] INFO: Calculated checksum: 7e3870af
# [2024-04-22 17:26:17] INFO: Calculated checksum: 4ed5692a
# [2024-04-22 17:26:17] INFO: Writing RNGSTATE file: ./rand_s060t20_b0637300_a_U000373500
# [2024-04-22 17:26:18] INFO: Writing to disk took 14.0639 seconds
# [2024-04-22 17:26:18] INFO: ======================================================================
# [2024-04-22 17:26:18] INFO: Start sweeping...
# [2024-04-22 17:33:09] INFO: It took 411.056 seconds to do 500 HBOR sweeps.
# [2024-04-22 17:33:09] INFO: Plaquette = 0.628342
# [2024-04-22 17:33:09] INFO: Polyakov loop = (-7.65041e-05,0.000363221)
# [2024-04-22 17:33:09] INFO: Writing conf to disk...
# [2024-04-22 17:33:09] INFO: writeconf_nersc: Writing NERSC configuration ./conf_s060t20_b0637300_a_U000374000
# [2024-04-22 17:33:12] INFO: Calculated checksum: 7f3720e3
# [2024-04-22 17:33:19] INFO: Calculated checksum: e2d46bea
# [2024-04-22 17:33:19] INFO: Writing RNGSTATE file: ./rand_s060t20_b0637300_a_U000374000
# [2024-04-22 17:33:19] INFO: Writing to disk took 10.614 seconds
# [2024-04-22 17:33:19] INFO: ======================================================================
# [2024-04-22 17:33:19] INFO: Start sweeping...
# [2024-04-22 17:40:11] INFO: It took 411.142 seconds to do 500 HBOR sweeps.
# [2024-04-22 17:40:11] INFO: Plaquette = 0.628477
# [2024-04-22 17:40:11] INFO: Polyakov loop = (-0.0011882,0.000710266)
# [2024-04-22 17:40:11] INFO: Writing conf to disk...
# [2024-04-22 17:40:11] INFO: writeconf_nersc: Writing NERSC configuration ./conf_s060t20_b0637300_a_U000374500
# [2024-04-22 17:40:13] INFO: Calculated checksum: da7a85dd
# [2024-04-22 17:40:19] INFO: Calculated checksum: d11c61e2
# [2024-04-22 17:40:19] INFO: Writing RNGSTATE file: ./rand_s060t20_b0637300_a_U000374500
# [2024-04-22 17:40:19] INFO: Writing to disk took 8.63564 seconds
# [2024-04-22 17:40:19] INFO: ======================================================================
# [2024-04-22 17:40:19] INFO: Start sweeping...
# [2024-04-22 17:47:10] INFO: It took 410.966 seconds to do 500 HBOR sweeps.
# [2024-04-22 17:47:10] INFO: Plaquette = 0.628434
# [2024-04-22 17:47:10] INFO: Polyakov loop = (-0.00019538,-0.00034585)
# [2024-04-22 17:47:10] INFO: Writing conf to disk...
# [2024-04-22 17:47:10] INFO: writeconf_nersc: Writing NERSC configuration ./conf_s060t20_b0637300_a_U000375000
# [2024-04-22 17:47:13] INFO: Calculated checksum: 51c9321b
# [2024-04-22 17:47:19] INFO: Calculated checksum: b55464cc
# [2024-04-22 17:47:19] INFO: Writing RNGSTATE file: ./rand_s060t20_b0637300_a_U000375000
# [2024-04-22 17:47:19] INFO: Writing to disk took 9.14993 seconds
# [2024-04-22 17:47:19] INFO: ======================================================================
# [2024-04-22 17:47:19] INFO: Start sweeping...
# [2024-04-22 17:54:11] INFO: It took 411.294 seconds to do 500 HBOR sweeps.
# [2024-04-22 17:54:11] INFO: Plaquette = 0.628554
# [2024-04-22 17:54:11] INFO: Polyakov loop = (-0.000768877,7.11577e-05)
# [2024-04-22 17:54:11] INFO: Writing conf to disk...
# [2024-04-22 17:54:11] INFO: writeconf_nersc: Writing NERSC configuration ./conf_s060t20_b0637300_a_U000375500
# [2024-04-22 17:54:14] INFO: Calculated checksum: e72e5173
# [2024-04-22 17:54:28] INFO: Calculated checksum: a6ab44c7
# [2024-04-22 17:54:28] INFO: Writing RNGSTATE file: ./rand_s060t20_b0637300_a_U000375500
# [2024-04-22 17:54:28] INFO: Writing to disk took 17.3969 seconds
# [2024-04-22 17:54:28] INFO: ======================================================================
# [2024-04-22 17:54:28] INFO: Start sweeping...
# [2024-04-22 18:01:19] INFO: It took 410.942 seconds to do 500 HBOR sweeps.
# [2024-04-22 18:01:19] INFO: Plaquette = 0.628555
# [2024-04-22 18:01:19] INFO: Polyakov loop = (-0.000958496,-0.00057327)
# [2024-04-22 18:01:19] INFO: Writing conf to disk...
# [2024-04-22 18:01:19] INFO: writeconf_nersc: Writing NERSC configuration ./conf_s060t20_b0637300_a_U000376000
# [2024-04-22 18:01:22] INFO: Calculated checksum: 49ab9213
# [2024-04-22 18:01:28] INFO: Calculated checksum: dca6502b
# [2024-04-22 18:01:28] INFO: Writing RNGSTATE file: ./rand_s060t20_b0637300_a_U000376000
# [2024-04-22 18:01:28] INFO: Writing to disk took 9.29086 seconds
# [2024-04-22 18:01:28] INFO: ======================================================================
# [2024-04-22 18:01:28] INFO: Start sweeping...
# [2024-04-22 18:08:20] INFO: It took 411.332 seconds to do 500 HBOR sweeps.
# [2024-04-22 18:08:20] INFO: Plaquette = 0.628541
# [2024-04-22 18:08:20] INFO: Polyakov loop = (0.000387605,0.0010447)
# [2024-04-22 18:08:20] INFO: Writing conf to disk...
# [2024-04-22 18:08:20] INFO: writeconf_nersc: Writing NERSC configuration ./conf_s060t20_b0637300_a_U000376500
# [2024-04-22 18:08:23] INFO: Calculated checksum: 9b8f0bfb
# [2024-04-22 18:08:29] INFO: Calculated checksum: 921e9d7d
# [2024-04-22 18:08:29] INFO: Writing RNGSTATE file: ./rand_s060t20_b0637300_a_U000376500
# [2024-04-22 18:08:29] INFO: Writing to disk took 9.2661 seconds
# [2024-04-22 18:08:29] INFO: ======================================================================
# [2024-04-22 18:08:29] INFO: Start sweeping...
# [2024-04-22 18:15:20] INFO: It took 410.969 seconds to do 500 HBOR sweeps.
# [2024-04-22 18:15:20] INFO: Plaquette = 0.628362
# [2024-04-22 18:15:20] INFO: Polyakov loop = (-0.00103545,9.16742e-05)
# [2024-04-22 18:15:20] INFO: Writing conf to disk...
# [2024-04-22 18:15:20] INFO: writeconf_nersc: Writing NERSC configuration ./conf_s060t20_b0637300_a_U000377000
# [2024-04-22 18:15:23] INFO: Calculated checksum: 5f716e9
# [2024-04-22 18:15:39] INFO: Calculated checksum: c9231838
# [2024-04-22 18:15:39] INFO: Writing RNGSTATE file: ./rand_s060t20_b0637300_a_U000377000
# [2024-04-22 18:15:39] INFO: Writing to disk took 18.6879 seconds
# [2024-04-22 18:15:39] INFO: ======================================================================
# [2024-04-22 18:15:39] INFO: Start sweeping...
# [2024-04-22 18:22:30] INFO: It took 411.142 seconds to do 500 HBOR sweeps.
# [2024-04-22 18:22:30] INFO: Plaquette = 0.628452
# [2024-04-22 18:22:30] INFO: Polyakov loop = (-2.50492e-05,-0.00120684)
# [2024-04-22 18:22:30] INFO: Writing conf to disk...
# [2024-04-22 18:22:30] INFO: writeconf_nersc: Writing NERSC configuration ./conf_s060t20_b0637300_a_U000377500
# [2024-04-22 18:22:33] INFO: Calculated checksum: a27c8e3b
# [2024-04-22 18:22:50] INFO: Calculated checksum: e3fa5355
# [2024-04-22 18:22:51] INFO: Writing RNGSTATE file: ./rand_s060t20_b0637300_a_U000377500
# [2024-04-22 18:22:51] INFO: Writing to disk took 20.7629 seconds
# [2024-04-22 18:22:51] INFO: ======================================================================
# [2024-04-22 18:22:51] INFO: Start sweeping...
# [2024-04-22 18:29:42] INFO: It took 411.281 seconds to do 500 HBOR sweeps.
# [2024-04-22 18:29:42] INFO: Plaquette = 0.628406
# [2024-04-22 18:29:42] INFO: Polyakov loop = (0.00103903,-0.000380342)
# [2024-04-22 18:29:42] INFO: Writing conf to disk...
# [2024-04-22 18:29:42] INFO: writeconf_nersc: Writing NERSC configuration ./conf_s060t20_b0637300_a_U000378000
# [2024-04-22 18:29:45] INFO: Calculated checksum: 1e1511df
# [2024-04-22 18:29:51] INFO: Calculated checksum: 7f5dd8c6
# [2024-04-22 18:29:51] INFO: Writing RNGSTATE file: ./rand_s060t20_b0637300_a_U000378000
# [2024-04-22 18:29:52] INFO: Writing to disk took 9.44017 seconds
# [2024-04-22 18:29:52] INFO: ======================================================================
# [2024-04-22 18:29:52] INFO: Start sweeping...
# [2024-04-22 18:36:43] INFO: It took 411.242 seconds to do 500 HBOR sweeps.
# [2024-04-22 18:36:43] INFO: Plaquette = 0.628403
# [2024-04-22 18:36:43] INFO: Polyakov loop = (-0.000485639,0.000409647)
# [2024-04-22 18:36:43] INFO: Writing conf to disk...
# [2024-04-22 18:36:43] INFO: writeconf_nersc: Writing NERSC configuration ./conf_s060t20_b0637300_a_U000378500
# [2024-04-22 18:36:46] INFO: Calculated checksum: 5d627be7
# [2024-04-22 18:36:55] INFO: Calculated checksum: 8874ff96
# [2024-04-22 18:36:55] INFO: Writing RNGSTATE file: ./rand_s060t20_b0637300_a_U000378500
# [2024-04-22 18:36:55] INFO: Writing to disk took 12.1723 seconds
# [2024-04-22 18:36:55] INFO: ======================================================================
# [2024-04-22 18:36:55] INFO: Start sweeping...
# [2024-04-22 18:43:47] INFO: It took 411.617 seconds to do 500 HBOR sweeps.
# [2024-04-22 18:43:47] INFO: Plaquette = 0.628513
# [2024-04-22 18:43:47] INFO: Polyakov loop = (0.000323253,9.80938e-05)
# [2024-04-22 18:43:47] INFO: Writing conf to disk...
# [2024-04-22 18:43:47] INFO: writeconf_nersc: Writing NERSC configuration ./conf_s060t20_b0637300_a_U000379000
# [2024-04-22 18:43:50] INFO: Calculated checksum: 37039505
# [2024-04-22 18:44:01] INFO: Calculated checksum: 6fada293
# [2024-04-22 18:44:01] INFO: Writing RNGSTATE file: ./rand_s060t20_b0637300_a_U000379000
# [2024-04-22 18:44:01] INFO: Writing to disk took 14.0839 seconds
# [2024-04-22 18:44:01] INFO: ======================================================================
# [2024-04-22 18:44:01] INFO: Start sweeping...
# [2024-04-22 18:50:52] INFO: It took 411.345 seconds to do 500 HBOR sweeps.
# [2024-04-22 18:50:52] INFO: Plaquette = 0.628424
# [2024-04-22 18:50:52] INFO: Polyakov loop = (-0.000454717,-0.00018361)
# [2024-04-22 18:50:52] INFO: Writing conf to disk...
# [2024-04-22 18:50:52] INFO: writeconf_nersc: Writing NERSC configuration ./conf_s060t20_b0637300_a_U000379500
# [2024-04-22 18:50:55] INFO: Calculated checksum: f286ea3b
# [2024-04-22 18:51:10] INFO: Calculated checksum: b7f1ffe0
# [2024-04-22 18:51:10] INFO: Writing RNGSTATE file: ./rand_s060t20_b0637300_a_U000379500
# [2024-04-22 18:51:10] INFO: Writing to disk took 18.0475 seconds
# [2024-04-22 18:51:10] INFO: ======================================================================
# [2024-04-22 18:51:10] INFO: Start sweeping...
# [2024-04-22 18:58:01] INFO: It took 410.784 seconds to do 500 HBOR sweeps.
# [2024-04-22 18:58:01] INFO: Plaquette = 0.628489
# [2024-04-22 18:58:01] INFO: Polyakov loop = (8.14022e-05,-9.54017e-05)
# [2024-04-22 18:58:01] INFO: Writing conf to disk...
# [2024-04-22 18:58:01] INFO: writeconf_nersc: Writing NERSC configuration ./conf_s060t20_b0637300_a_U000380000
# [2024-04-22 18:58:04] INFO: Calculated checksum: 8c893482
# [2024-04-22 18:58:10] INFO: Calculated checksum: 4fd604dd
# [2024-04-22 18:58:10] INFO: Writing RNGSTATE file: ./rand_s060t20_b0637300_a_U000380000
# [2024-04-22 18:58:10] INFO: Writing to disk took 9.30234 seconds
# [2024-04-22 18:58:10] INFO: ======================================================================
# [2024-04-22 18:58:10] INFO: Start sweeping...
# [2024-04-22 19:05:02] INFO: It took 411.155 seconds to do 500 HBOR sweeps.
# [2024-04-22 19:05:02] INFO: Plaquette = 0.628477
# [2024-04-22 19:05:02] INFO: Polyakov loop = (-2.72852e-05,-0.000383092)
# [2024-04-22 19:05:02] INFO: Writing conf to disk...
# [2024-04-22 19:05:02] INFO: writeconf_nersc: Writing NERSC configuration ./conf_s060t20_b0637300_a_U000380500
# [2024-04-22 19:05:04] INFO: Calculated checksum: 2376972a
# [2024-04-22 19:05:11] INFO: Calculated checksum: 9291eb5
# [2024-04-22 19:05:11] INFO: Writing RNGSTATE file: ./rand_s060t20_b0637300_a_U000380500
# [2024-04-22 19:05:11] INFO: Writing to disk took 9.72451 seconds
# [2024-04-22 19:05:11] INFO: ======================================================================
# [2024-04-22 19:05:11] INFO: Start sweeping...
# [2024-04-22 19:12:03] INFO: It took 411.436 seconds to do 500 HBOR sweeps.
# [2024-04-22 19:12:03] INFO: Plaquette = 0.628444
# [2024-04-22 19:12:03] INFO: Polyakov loop = (-0.00087836,-0.000216218)
# [2024-04-22 19:12:03] INFO: Writing conf to disk...
# [2024-04-22 19:12:03] INFO: writeconf_nersc: Writing NERSC configuration ./conf_s060t20_b0637300_a_U000381000
# [2024-04-22 19:12:06] INFO: Calculated checksum: 819945bc
# [2024-04-22 19:12:12] INFO: Calculated checksum: dcc231d8
# [2024-04-22 19:12:12] INFO: Writing RNGSTATE file: ./rand_s060t20_b0637300_a_U000381000
# [2024-04-22 19:12:12] INFO: Writing to disk took 9.6199 seconds
# [2024-04-22 19:12:12] INFO: ======================================================================
# [2024-04-22 19:12:12] INFO: Start sweeping...
# [2024-04-22 19:19:04] INFO: It took 411.706 seconds to do 500 HBOR sweeps.
# [2024-04-22 19:19:04] INFO: Plaquette = 0.628436
# [2024-04-22 19:19:04] INFO: Polyakov loop = (-9.17459e-05,0.000584884)
# [2024-04-22 19:19:04] INFO: Writing conf to disk...
# [2024-04-22 19:19:04] INFO: writeconf_nersc: Writing NERSC configuration ./conf_s060t20_b0637300_a_U000381500
# [2024-04-22 19:19:07] INFO: Calculated checksum: 78c2fc96
# [2024-04-22 19:19:19] INFO: Calculated checksum: 7d91f47b
# [2024-04-22 19:19:19] INFO: Writing RNGSTATE file: ./rand_s060t20_b0637300_a_U000381500
# [2024-04-22 19:19:20] INFO: Writing to disk took 15.4675 seconds
# [2024-04-22 19:19:20] INFO: ======================================================================
# [2024-04-22 19:19:20] INFO: Start sweeping...
# [2024-04-22 19:26:10] INFO: It took 410.74 seconds to do 500 HBOR sweeps.
# [2024-04-22 19:26:11] INFO: Plaquette = 0.628523
# [2024-04-22 19:26:11] INFO: Polyakov loop = (0.000514068,0.000205175)
# [2024-04-22 19:26:11] INFO: Writing conf to disk...
# [2024-04-22 19:26:11] INFO: writeconf_nersc: Writing NERSC configuration ./conf_s060t20_b0637300_a_U000382000
# [2024-04-22 19:26:13] INFO: Calculated checksum: f568bb9
# [2024-04-22 19:26:21] INFO: Calculated checksum: 929347ab
# [2024-04-22 19:26:21] INFO: Writing RNGSTATE file: ./rand_s060t20_b0637300_a_U000382000
# [2024-04-22 19:26:21] INFO: Writing to disk took 10.3362 seconds
# [2024-04-22 19:26:21] INFO: ======================================================================
# [2024-04-22 19:26:21] INFO: Start sweeping...
# [2024-04-22 19:33:12] INFO: It took 410.807 seconds to do 500 HBOR sweeps.
# [2024-04-22 19:33:12] INFO: Plaquette = 0.628416
# [2024-04-22 19:33:12] INFO: Polyakov loop = (0.000756794,4.1552e-05)
# [2024-04-22 19:33:12] INFO: Writing conf to disk...
# [2024-04-22 19:33:12] INFO: writeconf_nersc: Writing NERSC configuration ./conf_s060t20_b0637300_a_U000382500
# [2024-04-22 19:33:15] INFO: Calculated checksum: 7973c5e1
# [2024-04-22 19:33:21] INFO: Calculated checksum: c6947b38
# [2024-04-22 19:33:21] INFO: Writing RNGSTATE file: ./rand_s060t20_b0637300_a_U000382500
# [2024-04-22 19:33:21] INFO: Writing to disk took 9.56466 seconds
# [2024-04-22 19:33:21] INFO: ======================================================================
# [2024-04-22 19:33:21] INFO: Start sweeping...
# [2024-04-22 19:40:13] INFO: It took 411.3 seconds to do 500 HBOR sweeps.
# [2024-04-22 19:40:13] INFO: Plaquette = 0.628492
# [2024-04-22 19:40:13] INFO: Polyakov loop = (-0.000480706,0.00142852)
# [2024-04-22 19:40:13] INFO: Writing conf to disk...
# [2024-04-22 19:40:13] INFO: writeconf_nersc: Writing NERSC configuration ./conf_s060t20_b0637300_a_U000383000
# [2024-04-22 19:40:16] INFO: Calculated checksum: cba4cd5b
# [2024-04-22 19:40:23] INFO: Calculated checksum: 432b3b27
# [2024-04-22 19:40:23] INFO: Writing RNGSTATE file: ./rand_s060t20_b0637300_a_U000383000
# [2024-04-22 19:40:23] INFO: Writing to disk took 10.7187 seconds
# [2024-04-22 19:40:23] INFO: ======================================================================
# [2024-04-22 19:40:23] INFO: Start sweeping...
# [2024-04-22 19:47:14] INFO: It took 410.76 seconds to do 500 HBOR sweeps.
# [2024-04-22 19:47:14] INFO: Plaquette = 0.628497
# [2024-04-22 19:47:14] INFO: Polyakov loop = (-0.0005853,-0.000202313)
# [2024-04-22 19:47:14] INFO: Writing conf to disk...
# [2024-04-22 19:47:14] INFO: writeconf_nersc: Writing NERSC configuration ./conf_s060t20_b0637300_a_U000383500
# [2024-04-22 19:47:17] INFO: Calculated checksum: 7920424
# [2024-04-22 19:47:26] INFO: Calculated checksum: b8bd6198
# [2024-04-22 19:47:26] INFO: Writing RNGSTATE file: ./rand_s060t20_b0637300_a_U000383500
# [2024-04-22 19:47:26] INFO: Writing to disk took 11.5928 seconds
# [2024-04-22 19:47:26] INFO: ======================================================================
# [2024-04-22 19:47:26] INFO: Start sweeping...
# [2024-04-22 19:54:17] INFO: It took 411.375 seconds to do 500 HBOR sweeps.
# [2024-04-22 19:54:17] INFO: Plaquette = 0.628489
# [2024-04-22 19:54:17] INFO: Polyakov loop = (-0.00106201,0.00099338)
# [2024-04-22 19:54:17] INFO: Writing conf to disk...
# [2024-04-22 19:54:17] INFO: writeconf_nersc: Writing NERSC configuration ./conf_s060t20_b0637300_a_U000384000
# [2024-04-22 19:54:20] INFO: Calculated checksum: 1b9ebf08
# [2024-04-22 19:54:29] INFO: Calculated checksum: b744358a
# [2024-04-22 19:54:29] INFO: Writing RNGSTATE file: ./rand_s060t20_b0637300_a_U000384000
# [2024-04-22 19:54:29] INFO: Writing to disk took 11.9904 seconds
# [2024-04-22 19:54:29] INFO: ======================================================================
# [2024-04-22 19:54:29] INFO: Start sweeping...
# [2024-04-22 20:01:20] INFO: It took 411.206 seconds to do 500 HBOR sweeps.
# [2024-04-22 20:01:21] INFO: Plaquette = 0.628555
# [2024-04-22 20:01:21] INFO: Polyakov loop = (0.000583846,-0.000315695)
# [2024-04-22 20:01:21] INFO: Writing conf to disk...
# [2024-04-22 20:01:21] INFO: writeconf_nersc: Writing NERSC configuration ./conf_s060t20_b0637300_a_U000384500
# [2024-04-22 20:01:23] INFO: Calculated checksum: 6676c82
# [2024-04-22 20:01:43] INFO: Calculated checksum: ec9ace89
# [2024-04-22 20:01:43] INFO: Writing RNGSTATE file: ./rand_s060t20_b0637300_a_U000384500
# [2024-04-22 20:01:43] INFO: Writing to disk took 22.5723 seconds
# [2024-04-22 20:01:43] INFO: ======================================================================
# [2024-04-22 20:01:43] INFO: Start sweeping...
# [2024-04-22 20:08:34] INFO: It took 411.068 seconds to do 500 HBOR sweeps.
# [2024-04-22 20:08:34] INFO: Plaquette = 0.628435
# [2024-04-22 20:08:34] INFO: Polyakov loop = (-0.000804037,0.000328036)
# [2024-04-22 20:08:34] INFO: Writing conf to disk...
# [2024-04-22 20:08:34] INFO: writeconf_nersc: Writing NERSC configuration ./conf_s060t20_b0637300_a_U000385000
# [2024-04-22 20:08:37] INFO: Calculated checksum: 53a479e0
# [2024-04-22 20:09:01] INFO: Calculated checksum: e11a40cf
# [2024-04-22 20:09:01] INFO: Writing RNGSTATE file: ./rand_s060t20_b0637300_a_U000385000
# [2024-04-22 20:09:04] INFO: Writing to disk took 29.5649 seconds
# [2024-04-22 20:09:04] INFO: ======================================================================
# [2024-04-22 20:09:04] INFO: Start sweeping...
# [2024-04-22 20:15:55] INFO: It took 410.899 seconds to do 500 HBOR sweeps.
# [2024-04-22 20:15:55] INFO: Plaquette = 0.628493
# [2024-04-22 20:15:55] INFO: Polyakov loop = (0.00140434,0.000421732)
# [2024-04-22 20:15:55] INFO: Writing conf to disk...
# [2024-04-22 20:15:55] INFO: writeconf_nersc: Writing NERSC configuration ./conf_s060t20_b0637300_a_U000385500
# [2024-04-22 20:15:58] INFO: Calculated checksum: 889a70a
# [2024-04-22 20:16:06] INFO: Calculated checksum: cefd5fa3
# [2024-04-22 20:16:06] INFO: Writing RNGSTATE file: ./rand_s060t20_b0637300_a_U000385500
# [2024-04-22 20:16:07] INFO: Writing to disk took 11.7112 seconds
# [2024-04-22 20:16:07] INFO: ======================================================================
# [2024-04-22 20:16:07] INFO: Start sweeping...
# [2024-04-22 20:22:58] INFO: It took 411.268 seconds to do 500 HBOR sweeps.
# [2024-04-22 20:22:58] INFO: Plaquette = 0.628428
# [2024-04-22 20:22:58] INFO: Polyakov loop = (-0.000437594,-0.000709915)
# [2024-04-22 20:22:58] INFO: Writing conf to disk...
# [2024-04-22 20:22:58] INFO: writeconf_nersc: Writing NERSC configuration ./conf_s060t20_b0637300_a_U000386000
# [2024-04-22 20:23:01] INFO: Calculated checksum: b06dbb73
# [2024-04-22 20:23:09] INFO: Calculated checksum: 56cf064d
# [2024-04-22 20:23:09] INFO: Writing RNGSTATE file: ./rand_s060t20_b0637300_a_U000386000
# [2024-04-22 20:23:09] INFO: Writing to disk took 11.2739 seconds
# [2024-04-22 20:23:09] INFO: ======================================================================
# [2024-04-22 20:23:09] INFO: Start sweeping...
# [2024-04-22 20:30:00] INFO: It took 410.973 seconds to do 500 HBOR sweeps.
# [2024-04-22 20:30:00] INFO: Plaquette = 0.628506
# [2024-04-22 20:30:00] INFO: Polyakov loop = (-0.000949915,8.29981e-05)
# [2024-04-22 20:30:00] INFO: Writing conf to disk...
# [2024-04-22 20:30:00] INFO: writeconf_nersc: Writing NERSC configuration ./conf_s060t20_b0637300_a_U000386500
# [2024-04-22 20:30:03] INFO: Calculated checksum: eb2d3546
# [2024-04-22 20:30:14] INFO: Calculated checksum: ded9139d
# [2024-04-22 20:30:14] INFO: Writing RNGSTATE file: ./rand_s060t20_b0637300_a_U000386500
# [2024-04-22 20:30:15] INFO: Writing to disk took 14.2314 seconds
# [2024-04-22 20:30:15] INFO: ======================================================================
# [2024-04-22 20:30:15] INFO: Start sweeping...
# [2024-04-22 20:37:06] INFO: It took 411.427 seconds to do 500 HBOR sweeps.
# [2024-04-22 20:37:06] INFO: Plaquette = 0.628475
# [2024-04-22 20:37:06] INFO: Polyakov loop = (-0.00040606,-0.000104266)
# [2024-04-22 20:37:06] INFO: Writing conf to disk...
# [2024-04-22 20:37:06] INFO: writeconf_nersc: Writing NERSC configuration ./conf_s060t20_b0637300_a_U000387000
# [2024-04-22 20:37:09] INFO: Calculated checksum: 544ea56e
# [2024-04-22 20:37:18] INFO: Calculated checksum: 93d9edcd
# [2024-04-22 20:37:18] INFO: Writing RNGSTATE file: ./rand_s060t20_b0637300_a_U000387000
# [2024-04-22 20:37:18] INFO: Writing to disk took 12.1998 seconds
# [2024-04-22 20:37:18] INFO: ======================================================================
# [2024-04-22 20:37:18] INFO: Start sweeping...
# [2024-04-22 20:44:10] INFO: It took 411.329 seconds to do 500 HBOR sweeps.
# [2024-04-22 20:44:10] INFO: Plaquette = 0.628423
# [2024-04-22 20:44:10] INFO: Polyakov loop = (-0.000811381,0.000479149)
# [2024-04-22 20:44:10] INFO: Writing conf to disk...
# [2024-04-22 20:44:10] INFO: writeconf_nersc: Writing NERSC configuration ./conf_s060t20_b0637300_a_U000387500
# [2024-04-22 20:44:13] INFO: Calculated checksum: 448e389d
# [2024-04-22 20:44:20] INFO: Calculated checksum: 7db98a42
# [2024-04-22 20:44:20] INFO: Writing RNGSTATE file: ./rand_s060t20_b0637300_a_U000387500
# [2024-04-22 20:44:21] INFO: Writing to disk took 10.8395 seconds
# [2024-04-22 20:44:21] INFO: ======================================================================
# [2024-04-22 20:44:21] INFO: Start sweeping...
# [2024-04-22 20:51:12] INFO: It took 411.226 seconds to do 500 HBOR sweeps.
# [2024-04-22 20:51:12] INFO: Plaquette = 0.628408
# [2024-04-22 20:51:12] INFO: Polyakov loop = (0.000751986,-0.000613993)
# [2024-04-22 20:51:12] INFO: Writing conf to disk...
# [2024-04-22 20:51:12] INFO: writeconf_nersc: Writing NERSC configuration ./conf_s060t20_b0637300_a_U000388000
# [2024-04-22 20:51:15] INFO: Calculated checksum: bada80c
# [2024-04-22 20:51:21] INFO: Calculated checksum: 70a0cea3
# [2024-04-22 20:51:21] INFO: Writing RNGSTATE file: ./rand_s060t20_b0637300_a_U000388000
# [2024-04-22 20:51:22] INFO: Writing to disk took 9.84037 seconds
# [2024-04-22 20:51:22] INFO: ======================================================================
# [2024-04-22 20:51:22] INFO: Start sweeping...
# [2024-04-22 20:58:13] INFO: It took 411.173 seconds to do 500 HBOR sweeps.
# [2024-04-22 20:58:13] INFO: Plaquette = 0.628601
# [2024-04-22 20:58:13] INFO: Polyakov loop = (-0.000485715,0.000679725)
# [2024-04-22 20:58:13] INFO: Writing conf to disk...
# [2024-04-22 20:58:13] INFO: writeconf_nersc: Writing NERSC configuration ./conf_s060t20_b0637300_a_U000388500
# [2024-04-22 20:58:16] INFO: Calculated checksum: 1363edcd
# [2024-04-22 20:58:23] INFO: Calculated checksum: c62b5105
# [2024-04-22 20:58:23] INFO: Writing RNGSTATE file: ./rand_s060t20_b0637300_a_U000388500
# [2024-04-22 20:58:23] INFO: Writing to disk took 10.0974 seconds
# [2024-04-22 20:58:23] INFO: ======================================================================
# [2024-04-22 20:58:23] INFO: Start sweeping...
# [2024-04-22 21:05:14] INFO: It took 411.37 seconds to do 500 HBOR sweeps.
# [2024-04-22 21:05:14] INFO: Plaquette = 0.628521
# [2024-04-22 21:05:14] INFO: Polyakov loop = (-0.000621624,-0.000176684)
# [2024-04-22 21:05:14] INFO: Writing conf to disk...
# [2024-04-22 21:05:14] INFO: writeconf_nersc: Writing NERSC configuration ./conf_s060t20_b0637300_a_U000389000
# [2024-04-22 21:05:17] INFO: Calculated checksum: ddf14dfa
# [2024-04-22 21:05:31] INFO: Calculated checksum: bda234d8
# [2024-04-22 21:05:31] INFO: Writing RNGSTATE file: ./rand_s060t20_b0637300_a_U000389000
# [2024-04-22 21:05:32] INFO: Writing to disk took 17.1803 seconds
# [2024-04-22 21:05:32] INFO: ======================================================================
# [2024-04-22 21:05:32] INFO: Start sweeping...
# [2024-04-22 21:12:23] INFO: It took 411.484 seconds to do 500 HBOR sweeps.
# [2024-04-22 21:12:23] INFO: Plaquette = 0.628482
# [2024-04-22 21:12:23] INFO: Polyakov loop = (7.68656e-05,0.000309476)
# [2024-04-22 21:12:23] INFO: Writing conf to disk...
# [2024-04-22 21:12:23] INFO: writeconf_nersc: Writing NERSC configuration ./conf_s060t20_b0637300_a_U000389500
# [2024-04-22 21:12:26] INFO: Calculated checksum: cb8073b6
# [2024-04-22 21:12:34] INFO: Calculated checksum: 1505d7ee
# [2024-04-22 21:12:34] INFO: Writing RNGSTATE file: ./rand_s060t20_b0637300_a_U000389500
# [2024-04-22 21:12:34] INFO: Writing to disk took 10.7411 seconds
# [2024-04-22 21:12:34] INFO: ======================================================================
# [2024-04-22 21:12:34] INFO: Start sweeping...
# [2024-04-22 21:19:25] INFO: It took 410.827 seconds to do 500 HBOR sweeps.
# [2024-04-22 21:19:25] INFO: Plaquette = 0.628492
# [2024-04-22 21:19:25] INFO: Polyakov loop = (-0.000593648,0.000444905)
# [2024-04-22 21:19:25] INFO: Writing conf to disk...
# [2024-04-22 21:19:25] INFO: writeconf_nersc: Writing NERSC configuration ./conf_s060t20_b0637300_a_U000390000
# [2024-04-22 21:19:28] INFO: Calculated checksum: 68e07220
# [2024-04-22 21:19:36] INFO: Calculated checksum: 66948c40
# [2024-04-22 21:19:36] INFO: Writing RNGSTATE file: ./rand_s060t20_b0637300_a_U000390000
# [2024-04-22 21:19:36] INFO: Writing to disk took 11.573 seconds
# [2024-04-22 21:19:36] INFO: ======================================================================
# [2024-04-22 21:19:36] INFO: Start sweeping...
# [2024-04-22 21:26:27] INFO: It took 410.847 seconds to do 500 HBOR sweeps.
# [2024-04-22 21:26:27] INFO: Plaquette = 0.628475
# [2024-04-22 21:26:27] INFO: Polyakov loop = (-0.000255144,-0.000483525)
# [2024-04-22 21:26:27] INFO: Writing conf to disk...
# [2024-04-22 21:26:27] INFO: writeconf_nersc: Writing NERSC configuration ./conf_s060t20_b0637300_a_U000390500
# [2024-04-22 21:26:30] INFO: Calculated checksum: ccaf923b
# [2024-04-22 21:26:37] INFO: Calculated checksum: ee306741
# [2024-04-22 21:26:37] INFO: Writing RNGSTATE file: ./rand_s060t20_b0637300_a_U000390500
# [2024-04-22 21:26:37] INFO: Writing to disk took 9.96177 seconds
# [2024-04-22 21:26:37] INFO: ======================================================================
# [2024-04-22 21:26:37] INFO: Start sweeping...
# [2024-04-22 21:33:28] INFO: It took 410.972 seconds to do 500 HBOR sweeps.
# [2024-04-22 21:33:28] INFO: Plaquette = 0.62851
# [2024-04-22 21:33:28] INFO: Polyakov loop = (0.000175871,-0.00043811)
# [2024-04-22 21:33:28] INFO: Writing conf to disk...
# [2024-04-22 21:33:28] INFO: writeconf_nersc: Writing NERSC configuration ./conf_s060t20_b0637300_a_U000391000
# [2024-04-22 21:33:31] INFO: Calculated checksum: d6ca8d02
# [2024-04-22 21:33:39] INFO: Calculated checksum: dd9fc9e3
# [2024-04-22 21:33:39] INFO: Writing RNGSTATE file: ./rand_s060t20_b0637300_a_U000391000
# [2024-04-22 21:33:39] INFO: Writing to disk took 10.3837 seconds
# [2024-04-22 21:33:39] INFO: ======================================================================
# [2024-04-22 21:33:39] INFO: Start sweeping...
# [2024-04-22 21:40:30] INFO: It took 410.958 seconds to do 500 HBOR sweeps.
# [2024-04-22 21:40:30] INFO: Plaquette = 0.628431
# [2024-04-22 21:40:30] INFO: Polyakov loop = (0.000134655,-0.000261164)
# [2024-04-22 21:40:30] INFO: Writing conf to disk...
# [2024-04-22 21:40:30] INFO: writeconf_nersc: Writing NERSC configuration ./conf_s060t20_b0637300_a_U000391500
# [2024-04-22 21:40:33] INFO: Calculated checksum: 786a05cf
# [2024-04-22 21:40:44] INFO: Calculated checksum: e4b70851
# [2024-04-22 21:40:45] INFO: Writing RNGSTATE file: ./rand_s060t20_b0637300_a_U000391500
# [2024-04-22 21:40:45] INFO: Writing to disk took 15.1449 seconds
# [2024-04-22 21:40:45] INFO: ======================================================================
# [2024-04-22 21:40:45] INFO: Start sweeping...
# [2024-04-22 21:47:36] INFO: It took 411.215 seconds to do 500 HBOR sweeps.
# [2024-04-22 21:47:36] INFO: Plaquette = 0.628532
# [2024-04-22 21:47:36] INFO: Polyakov loop = (0.00059705,-0.00033491)
# [2024-04-22 21:47:36] INFO: Writing conf to disk...
# [2024-04-22 21:47:36] INFO: writeconf_nersc: Writing NERSC configuration ./conf_s060t20_b0637300_a_U000392000
# [2024-04-22 21:47:39] INFO: Calculated checksum: 6752c8c2
# [2024-04-22 21:47:52] INFO: Calculated checksum: 1ef0d727
# [2024-04-22 21:47:52] INFO: Writing RNGSTATE file: ./rand_s060t20_b0637300_a_U000392000
# [2024-04-22 21:47:52] INFO: Writing to disk took 15.6751 seconds
# [2024-04-22 21:47:52] INFO: ======================================================================
# [2024-04-22 21:47:52] INFO: Start sweeping...
# [2024-04-22 21:54:43] INFO: It took 410.706 seconds to do 500 HBOR sweeps.
# [2024-04-22 21:54:43] INFO: Plaquette = 0.628478
# [2024-04-22 21:54:43] INFO: Polyakov loop = (0.00013421,-0.00032166)
# [2024-04-22 21:54:43] INFO: Writing conf to disk...
# [2024-04-22 21:54:43] INFO: writeconf_nersc: Writing NERSC configuration ./conf_s060t20_b0637300_a_U000392500
# [2024-04-22 21:54:46] INFO: Calculated checksum: c9408f3a
# [2024-04-22 21:54:53] INFO: Calculated checksum: bd4d0ac0
# [2024-04-22 21:54:53] INFO: Writing RNGSTATE file: ./rand_s060t20_b0637300_a_U000392500
# [2024-04-22 21:54:53] INFO: Writing to disk took 10.1967 seconds
# [2024-04-22 21:54:53] INFO: ======================================================================
# [2024-04-22 21:54:53] INFO: Start sweeping...
# [2024-04-22 22:01:44] INFO: It took 411.257 seconds to do 500 HBOR sweeps.
# [2024-04-22 22:01:44] INFO: Plaquette = 0.628413
# [2024-04-22 22:01:44] INFO: Polyakov loop = (0.000675214,5.50098e-05)
# [2024-04-22 22:01:44] INFO: Writing conf to disk...
# [2024-04-22 22:01:44] INFO: writeconf_nersc: Writing NERSC configuration ./conf_s060t20_b0637300_a_U000393000
# [2024-04-22 22:01:47] INFO: Calculated checksum: 47a1f0bf
# [2024-04-22 22:01:59] INFO: Calculated checksum: 4f5ca441
# [2024-04-22 22:01:59] INFO: Writing RNGSTATE file: ./rand_s060t20_b0637300_a_U000393000
# [2024-04-22 22:02:00] INFO: Writing to disk took 15.2617 seconds
# [2024-04-22 22:02:00] INFO: ======================================================================
# [2024-04-22 22:02:00] INFO: Start sweeping...
# [2024-04-22 22:08:51] INFO: It took 411.332 seconds to do 500 HBOR sweeps.
# [2024-04-22 22:08:51] INFO: Plaquette = 0.628416
# [2024-04-22 22:08:51] INFO: Polyakov loop = (0.000735985,-2.98891e-05)
# [2024-04-22 22:08:51] INFO: Writing conf to disk...
# [2024-04-22 22:08:51] INFO: writeconf_nersc: Writing NERSC configuration ./conf_s060t20_b0637300_a_U000393500
# [2024-04-22 22:08:54] INFO: Calculated checksum: a87032a4
# [2024-04-22 22:09:00] INFO: Calculated checksum: 36267f32
# [2024-04-22 22:09:00] INFO: Writing RNGSTATE file: ./rand_s060t20_b0637300_a_U000393500
# [2024-04-22 22:09:00] INFO: Writing to disk took 9.54472 seconds
# [2024-04-22 22:09:00] INFO: ======================================================================
# [2024-04-22 22:09:00] INFO: Start sweeping...
# [2024-04-22 22:15:52] INFO: It took 411.488 seconds to do 500 HBOR sweeps.
# [2024-04-22 22:15:52] INFO: Plaquette = 0.62848
# [2024-04-22 22:15:52] INFO: Polyakov loop = (-0.00048161,0.000586194)
# [2024-04-22 22:15:52] INFO: Writing conf to disk...
# [2024-04-22 22:15:52] INFO: writeconf_nersc: Writing NERSC configuration ./conf_s060t20_b0637300_a_U000394000
# [2024-04-22 22:15:55] INFO: Calculated checksum: 96d76a08
# [2024-04-22 22:16:01] INFO: Calculated checksum: ee8e3651
# [2024-04-22 22:16:01] INFO: Writing RNGSTATE file: ./rand_s060t20_b0637300_a_U000394000
# [2024-04-22 22:16:01] INFO: Writing to disk took 9.36078 seconds
# [2024-04-22 22:16:01] INFO: ======================================================================
# [2024-04-22 22:16:01] INFO: Start sweeping...
# [2024-04-22 22:22:53] INFO: It took 411.346 seconds to do 500 HBOR sweeps.
# [2024-04-22 22:22:53] INFO: Plaquette = 0.62853
# [2024-04-22 22:22:53] INFO: Polyakov loop = (0.00060731,0.000640704)
# [2024-04-22 22:22:53] INFO: Writing conf to disk...
# [2024-04-22 22:22:53] INFO: writeconf_nersc: Writing NERSC configuration ./conf_s060t20_b0637300_a_U000394500
# [2024-04-22 22:22:56] INFO: Calculated checksum: fe94dc2e
# [2024-04-22 22:23:02] INFO: Calculated checksum: d6ebf5
# [2024-04-22 22:23:02] INFO: Writing RNGSTATE file: ./rand_s060t20_b0637300_a_U000394500
# [2024-04-22 22:23:03] INFO: Writing to disk took 10.1835 seconds
# [2024-04-22 22:23:03] INFO: ======================================================================
# [2024-04-22 22:23:03] INFO: Start sweeping...
# [2024-04-22 22:29:54] INFO: It took 411.334 seconds to do 500 HBOR sweeps.
# [2024-04-22 22:29:54] INFO: Plaquette = 0.628492
# [2024-04-22 22:29:54] INFO: Polyakov loop = (-0.000227302,-2.05462e-05)
# [2024-04-22 22:29:54] INFO: Writing conf to disk...
# [2024-04-22 22:29:54] INFO: writeconf_nersc: Writing NERSC configuration ./conf_s060t20_b0637300_a_U000395000
# [2024-04-22 22:29:57] INFO: Calculated checksum: f2ec09b3
# [2024-04-22 22:30:04] INFO: Calculated checksum: 32a5a646
# [2024-04-22 22:30:04] INFO: Writing RNGSTATE file: ./rand_s060t20_b0637300_a_U000395000
# [2024-04-22 22:30:04] INFO: Writing to disk took 9.52987 seconds
# [2024-04-22 22:30:04] INFO: ======================================================================
# [2024-04-22 22:30:04] INFO: Start sweeping...
# [2024-04-22 22:36:55] INFO: It took 411.015 seconds to do 500 HBOR sweeps.
# [2024-04-22 22:36:55] INFO: Plaquette = 0.628561
# [2024-04-22 22:36:55] INFO: Polyakov loop = (0.000547709,0.000325378)
# [2024-04-22 22:36:55] INFO: Writing conf to disk...
# [2024-04-22 22:36:55] INFO: writeconf_nersc: Writing NERSC configuration ./conf_s060t20_b0637300_a_U000395500
# [2024-04-22 22:36:58] INFO: Calculated checksum: f1d282a0
# [2024-04-22 22:37:05] INFO: Calculated checksum: 780b1031
# [2024-04-22 22:37:05] INFO: Writing RNGSTATE file: ./rand_s060t20_b0637300_a_U000395500
# [2024-04-22 22:37:06] INFO: Writing to disk took 11.0777 seconds
# [2024-04-22 22:37:06] INFO: ======================================================================
# [2024-04-22 22:37:06] INFO: Start sweeping...
# [2024-04-22 22:43:57] INFO: It took 411.309 seconds to do 500 HBOR sweeps.
# [2024-04-22 22:43:57] INFO: Plaquette = 0.628441
# [2024-04-22 22:43:57] INFO: Polyakov loop = (0.000144869,0.0002266)
# [2024-04-22 22:43:57] INFO: Writing conf to disk...
# [2024-04-22 22:43:57] INFO: writeconf_nersc: Writing NERSC configuration ./conf_s060t20_b0637300_a_U000396000
# [2024-04-22 22:44:00] INFO: Calculated checksum: a2ae095e
# [2024-04-22 22:44:10] INFO: Calculated checksum: b7116ec5
# [2024-04-22 22:44:10] INFO: Writing RNGSTATE file: ./rand_s060t20_b0637300_a_U000396000
# [2024-04-22 22:44:11] INFO: Writing to disk took 13.4344 seconds
# [2024-04-22 22:44:11] INFO: ======================================================================
# [2024-04-22 22:44:11] INFO: Start sweeping...
# [2024-04-22 22:51:02] INFO: It took 410.767 seconds to do 500 HBOR sweeps.
# [2024-04-22 22:51:02] INFO: Plaquette = 0.628627
# [2024-04-22 22:51:02] INFO: Polyakov loop = (-0.000160223,-0.000143399)
# [2024-04-22 22:51:02] INFO: Writing conf to disk...
# [2024-04-22 22:51:02] INFO: writeconf_nersc: Writing NERSC configuration ./conf_s060t20_b0637300_a_U000396500
# [2024-04-22 22:51:05] INFO: Calculated checksum: b15343d5
# [2024-04-22 22:51:19] INFO: Calculated checksum: b272ee6d
# [2024-04-22 22:51:19] INFO: Writing RNGSTATE file: ./rand_s060t20_b0637300_a_U000396500
# [2024-04-22 22:51:19] INFO: Writing to disk took 17.379 seconds
# [2024-04-22 22:51:19] INFO: ======================================================================
# [2024-04-22 22:51:19] INFO: Start sweeping...
# [2024-04-22 22:58:10] INFO: It took 411.149 seconds to do 500 HBOR sweeps.
# [2024-04-22 22:58:10] INFO: Plaquette = 0.628542
# [2024-04-22 22:58:10] INFO: Polyakov loop = (-0.000727743,0.000485808)
# [2024-04-22 22:58:10] INFO: Writing conf to disk...
# [2024-04-22 22:58:10] INFO: writeconf_nersc: Writing NERSC configuration ./conf_s060t20_b0637300_a_U000397000
# [2024-04-22 22:58:13] INFO: Calculated checksum: d418598
# [2024-04-22 22:58:20] INFO: Calculated checksum: ce96551b
# [2024-04-22 22:58:20] INFO: Writing RNGSTATE file: ./rand_s060t20_b0637300_a_U000397000
# [2024-04-22 22:58:20] INFO: Writing to disk took 9.44059 seconds
# [2024-04-22 22:58:20] INFO: ======================================================================
# [2024-04-22 22:58:20] INFO: Start sweeping...
# [2024-04-22 23:05:11] INFO: It took 411.233 seconds to do 500 HBOR sweeps.
# [2024-04-22 23:05:11] INFO: Plaquette = 0.628501
# [2024-04-22 23:05:11] INFO: Polyakov loop = (-0.000897827,0.000936534)
# [2024-04-22 23:05:11] INFO: Writing conf to disk...
# [2024-04-22 23:05:11] INFO: writeconf_nersc: Writing NERSC configuration ./conf_s060t20_b0637300_a_U000397500
# [2024-04-22 23:05:14] INFO: Calculated checksum: 87434c29
# [2024-04-22 23:05:26] INFO: Calculated checksum: 98c7c860
# [2024-04-22 23:05:26] INFO: Writing RNGSTATE file: ./rand_s060t20_b0637300_a_U000397500
# [2024-04-22 23:05:26] INFO: Writing to disk took 15.0536 seconds
# [2024-04-22 23:05:26] INFO: ======================================================================
# [2024-04-22 23:05:26] INFO: Start sweeping...
# [2024-04-22 23:12:17] INFO: It took 410.66 seconds to do 500 HBOR sweeps.
# [2024-04-22 23:12:17] INFO: Plaquette = 0.628514
# [2024-04-22 23:12:17] INFO: Polyakov loop = (-0.000270268,-0.000873674)
# [2024-04-22 23:12:17] INFO: Writing conf to disk...
# [2024-04-22 23:12:17] INFO: writeconf_nersc: Writing NERSC configuration ./conf_s060t20_b0637300_a_U000398000
# [2024-04-22 23:12:20] INFO: Calculated checksum: edc5c705
# [2024-04-22 23:12:26] INFO: Calculated checksum: 35fc54b1
# [2024-04-22 23:12:27] INFO: Writing RNGSTATE file: ./rand_s060t20_b0637300_a_U000398000
# [2024-04-22 23:12:27] INFO: Writing to disk took 9.89002 seconds
# [2024-04-22 23:12:27] INFO: ======================================================================
# [2024-04-22 23:12:27] INFO: Start sweeping...
# [2024-04-22 23:19:18] INFO: It took 411.251 seconds to do 500 HBOR sweeps.
# [2024-04-22 23:19:18] INFO: Plaquette = 0.62846
# [2024-04-22 23:19:18] INFO: Polyakov loop = (0.000540035,0.000449102)
# [2024-04-22 23:19:18] INFO: Writing conf to disk...
# [2024-04-22 23:19:18] INFO: writeconf_nersc: Writing NERSC configuration ./conf_s060t20_b0637300_a_U000398500
# [2024-04-22 23:19:21] INFO: Calculated checksum: 3a608fe1
# [2024-04-22 23:19:28] INFO: Calculated checksum: 9ca7cf8a
# [2024-04-22 23:19:28] INFO: Writing RNGSTATE file: ./rand_s060t20_b0637300_a_U000398500
# [2024-04-22 23:19:28] INFO: Writing to disk took 10.1123 seconds
# [2024-04-22 23:19:28] INFO: ======================================================================
# [2024-04-22 23:19:28] INFO: Start sweeping...
# [2024-04-22 23:26:19] INFO: It took 411.307 seconds to do 500 HBOR sweeps.
# [2024-04-22 23:26:20] INFO: Plaquette = 0.628387
# [2024-04-22 23:26:20] INFO: Polyakov loop = (-0.000186626,-0.000285572)
# [2024-04-22 23:26:20] INFO: Writing conf to disk...
# [2024-04-22 23:26:20] INFO: writeconf_nersc: Writing NERSC configuration ./conf_s060t20_b0637300_a_U000399000
# [2024-04-22 23:26:22] INFO: Calculated checksum: 875004f6
# [2024-04-22 23:26:31] INFO: Calculated checksum: 80a22d1f
# [2024-04-22 23:26:31] INFO: Writing RNGSTATE file: ./rand_s060t20_b0637300_a_U000399000
# [2024-04-22 23:26:31] INFO: Writing to disk took 11.6014 seconds
# [2024-04-22 23:26:31] INFO: ======================================================================
# [2024-04-22 23:26:31] INFO: Start sweeping...
# [2024-04-22 23:33:22] INFO: It took 411.261 seconds to do 500 HBOR sweeps.
# [2024-04-22 23:33:22] INFO: Plaquette = 0.628495
# [2024-04-22 23:33:22] INFO: Polyakov loop = (0.000712879,-0.000316057)
# [2024-04-22 23:33:22] INFO: Writing conf to disk...
# [2024-04-22 23:33:22] INFO: writeconf_nersc: Writing NERSC configuration ./conf_s060t20_b0637300_a_U000399500
# [2024-04-22 23:33:25] INFO: Calculated checksum: fed06390
# [2024-04-22 23:33:40] INFO: Calculated checksum: 46800819
# [2024-04-22 23:33:40] INFO: Writing RNGSTATE file: ./rand_s060t20_b0637300_a_U000399500
# [2024-04-22 23:33:40] INFO: Writing to disk took 17.6177 seconds
# [2024-04-22 23:33:40] INFO: ======================================================================
# [2024-04-22 23:33:40] INFO: Start sweeping...
# [2024-04-22 23:40:31] INFO: It took 411.065 seconds to do 500 HBOR sweeps.
# [2024-04-22 23:40:31] INFO: Plaquette = 0.628396
# [2024-04-22 23:40:31] INFO: Polyakov loop = (0.000677196,-0.000626923)
# [2024-04-22 23:40:31] INFO: Writing conf to disk...
# [2024-04-22 23:40:31] INFO: writeconf_nersc: Writing NERSC configuration ./conf_s060t20_b0637300_a_U000400000
# [2024-04-22 23:40:34] INFO: Calculated checksum: ac0dd4d3
# [2024-04-22 23:40:42] INFO: Calculated checksum: fc8400b1
# [2024-04-22 23:40:42] INFO: Writing RNGSTATE file: ./rand_s060t20_b0637300_a_U000400000
# [2024-04-22 23:40:42] INFO: Writing to disk took 11.1526 seconds
# [2024-04-22 23:40:42] INFO: Finalizing MPI
