
Currently Loaded Modules:
  1) chpc/1.0      (S)   3) gcc/8.5.0      5) mpich/3.4.2
  2) python/3.10.3       4) cmake/3.26.0   6) cuda/11.6.2 (g)

  Where:
   S:  Module is Sticky, requires --force to unload or purge
   g:  built for GPU

 

# [2024-04-24 02:20:15] INFO: Running SIMULATeQCD
# [2024-04-24 02:20:15] INFO: Git commit version: 43e2518
# [2024-04-24 02:20:15] INFO: Initializing MPI with (1 proc)
# [2024-04-24 02:20:15] INFO: Reading parameters from file :: GenerateQuenched_b6755.param
# [2024-04-24 02:20:15] INFO: # PARAM :: Lattice = 60 60 60 20 
# [2024-04-24 02:20:15] INFO: # PARAM :: Nodes = 1 1 1 1 
# [2024-04-24 02:20:15] INFO: # PARAM :: Topology = 0 0 0 0  (default)
# [2024-04-24 02:20:15] INFO: # PARAM :: beta = 6.755
# [2024-04-24 02:20:15] INFO: # PARAM :: format = nersc
# [2024-04-24 02:20:15] INFO: # PARAM :: endianness = auto
# [2024-04-24 02:20:15] INFO: # PARAM :: conf_nr = 400000
# [2024-04-24 02:20:15] INFO: # PARAM :: stream = a
# [2024-04-24 02:20:15] INFO: # PARAM :: prec_out = 0 (default)
# [2024-04-24 02:20:15] INFO: # PARAM :: measurements_dir = ./ (default)
# [2024-04-24 02:20:15] INFO: # PARAM :: use_unit_conf = 0 (default)
# [2024-04-24 02:20:15] INFO: # PARAM :: output_dir = .
# [2024-04-24 02:20:15] INFO: # PARAM :: nconfs = 100
# [2024-04-24 02:20:15] INFO: # PARAM :: nsweeps_ORperHB = 4
# [2024-04-24 02:20:15] INFO: # PARAM :: nsweeps_HBwithOR = 500
# [2024-04-24 02:20:15] INFO: # PARAM :: prev_conf = conf_s060t20_b0675500_a_U000400000
# [2024-04-24 02:20:15] INFO: # PARAM :: prev_rand = rand_s060t20_b0675500_a_U000400000
# [2024-04-24 02:20:16] INFO: > Running on:
# [2024-04-24 02:20:16] INFO: [Rank 0] > notch088 CPU_0 GPU_18; MPI: world_rank=0, node_rank=0, coord: ( 0 0 0 0 )
# [2024-04-24 02:20:16] INFO: > Is MPI CUDA-aware? @compilation 
# [2024-04-24 02:20:16] INFO: > GPU compute capability: 75
# [2024-04-24 02:20:16] INFO: > Checking support for P2P (Peer-to-Peer) and UVA (Unified Virtual Addressing):
# [2024-04-24 02:20:16] INFO: [Rank 0] > notch088 GPU_18(NVIDIA GeForce RTX 2080 Ti): P2P NO ; UVA YES
# [2024-04-24 02:20:16] INFO: Initialize Indexer with HaloDepth = 1[0;33m[0m
# [2024-04-24 02:20:16] INFO: Resuming previous run.
# [2024-04-24 02:20:16] INFO: readconf_nersc: Reading NERSC configuration conf_s060t20_b0675500_a_U000400000
# [2024-04-24 02:20:27] INFO: Next conf_number will be 400500
# [2024-04-24 02:20:27] INFO: Generating up to 100 confs with a separation of 500 HBOR sweeps (OR/HB = 4) ...
# [2024-04-24 02:20:27] INFO: ======================================================================
# [2024-04-24 02:20:27] INFO: Start sweeping...
# [2024-04-24 02:27:35] INFO: It took 427.54 seconds to do 500 HBOR sweeps.
# [2024-04-24 02:27:35] INFO: Plaquette = 0.656307
# [2024-04-24 02:27:35] INFO: Polyakov loop = (-0.00111329,0.0014727)
# [2024-04-24 02:27:35] INFO: Writing conf to disk...
# [2024-04-24 02:27:35] INFO: writeconf_nersc: Writing NERSC configuration ./conf_s060t20_b0675500_a_U000400500
# [2024-04-24 02:27:38] INFO: Calculated checksum: 2a60208e
# [2024-04-24 02:27:44] INFO: Calculated checksum: 3362d985
# [2024-04-24 02:27:44] INFO: Writing RNGSTATE file: ./rand_s060t20_b0675500_a_U000400500
# [2024-04-24 02:27:44] INFO: Writing to disk took 8.87387 seconds
# [2024-04-24 02:27:44] INFO: ======================================================================
# [2024-04-24 02:27:44] INFO: Start sweeping...
# [2024-04-24 02:34:46] INFO: It took 422.369 seconds to do 500 HBOR sweeps.
# [2024-04-24 02:34:46] INFO: Plaquette = 0.656335
# [2024-04-24 02:34:46] INFO: Polyakov loop = (-0.000445311,0.00133569)
# [2024-04-24 02:34:46] INFO: Writing conf to disk...
# [2024-04-24 02:34:46] INFO: writeconf_nersc: Writing NERSC configuration ./conf_s060t20_b0675500_a_U000401000
# [2024-04-24 02:34:49] INFO: Calculated checksum: eb25a613
# [2024-04-24 02:34:57] INFO: Calculated checksum: fe36fbbd
# [2024-04-24 02:34:57] INFO: Writing RNGSTATE file: ./rand_s060t20_b0675500_a_U000401000
# [2024-04-24 02:34:57] INFO: Writing to disk took 10.796 seconds
# [2024-04-24 02:34:57] INFO: ======================================================================
# [2024-04-24 02:34:57] INFO: Start sweeping...
# [2024-04-24 02:42:02] INFO: It took 424.872 seconds to do 500 HBOR sweeps.
# [2024-04-24 02:42:02] INFO: Plaquette = 0.656273
# [2024-04-24 02:42:02] INFO: Polyakov loop = (-0.000926631,0.000831394)
# [2024-04-24 02:42:02] INFO: Writing conf to disk...
# [2024-04-24 02:42:02] INFO: writeconf_nersc: Writing NERSC configuration ./conf_s060t20_b0675500_a_U000401500
# [2024-04-24 02:42:05] INFO: Calculated checksum: c08deacd
# [2024-04-24 02:42:16] INFO: Calculated checksum: 98c8abc3
# [2024-04-24 02:42:16] INFO: Writing RNGSTATE file: ./rand_s060t20_b0675500_a_U000401500
# [2024-04-24 02:42:17] INFO: Writing to disk took 14.7525 seconds
# [2024-04-24 02:42:17] INFO: ======================================================================
# [2024-04-24 02:42:17] INFO: Start sweeping...
# [2024-04-24 02:49:21] INFO: It took 424.445 seconds to do 500 HBOR sweeps.
# [2024-04-24 02:49:21] INFO: Plaquette = 0.656336
# [2024-04-24 02:49:21] INFO: Polyakov loop = (-0.000843631,0.00115742)
# [2024-04-24 02:49:21] INFO: Writing conf to disk...
# [2024-04-24 02:49:21] INFO: writeconf_nersc: Writing NERSC configuration ./conf_s060t20_b0675500_a_U000402000
# [2024-04-24 02:49:24] INFO: Calculated checksum: 747eb92a
# [2024-04-24 02:49:30] INFO: Calculated checksum: 11423d5f
# [2024-04-24 02:49:30] INFO: Writing RNGSTATE file: ./rand_s060t20_b0675500_a_U000402000
# [2024-04-24 02:49:30] INFO: Writing to disk took 9.13154 seconds
# [2024-04-24 02:49:30] INFO: ======================================================================
# [2024-04-24 02:49:30] INFO: Start sweeping...
# [2024-04-24 02:56:37] INFO: It took 426.194 seconds to do 500 HBOR sweeps.
# [2024-04-24 02:56:37] INFO: Plaquette = 0.656258
# [2024-04-24 02:56:37] INFO: Polyakov loop = (-0.00129287,0.0012456)
# [2024-04-24 02:56:37] INFO: Writing conf to disk...
# [2024-04-24 02:56:37] INFO: writeconf_nersc: Writing NERSC configuration ./conf_s060t20_b0675500_a_U000402500
# [2024-04-24 02:56:39] INFO: Calculated checksum: dc865484
# [2024-04-24 02:56:46] INFO: Calculated checksum: 99d6ee02
# [2024-04-24 02:56:46] INFO: Writing RNGSTATE file: ./rand_s060t20_b0675500_a_U000402500
# [2024-04-24 02:56:46] INFO: Writing to disk took 9.74939 seconds
# [2024-04-24 02:56:46] INFO: ======================================================================
# [2024-04-24 02:56:46] INFO: Start sweeping...
# [2024-04-24 03:03:52] INFO: It took 425.563 seconds to do 500 HBOR sweeps.
# [2024-04-24 03:03:52] INFO: Plaquette = 0.656303
# [2024-04-24 03:03:52] INFO: Polyakov loop = (-0.00100064,0.00109075)
# [2024-04-24 03:03:52] INFO: Writing conf to disk...
# [2024-04-24 03:03:52] INFO: writeconf_nersc: Writing NERSC configuration ./conf_s060t20_b0675500_a_U000403000
# [2024-04-24 03:03:55] INFO: Calculated checksum: b80dde9d
# [2024-04-24 03:04:03] INFO: Calculated checksum: 7d1489c7
# [2024-04-24 03:04:03] INFO: Writing RNGSTATE file: ./rand_s060t20_b0675500_a_U000403000
# [2024-04-24 03:04:03] INFO: Writing to disk took 10.743 seconds
# [2024-04-24 03:04:03] INFO: ======================================================================
# [2024-04-24 03:04:03] INFO: Start sweeping...
# [2024-04-24 03:11:02] INFO: It took 419.395 seconds to do 500 HBOR sweeps.
# [2024-04-24 03:11:02] INFO: Plaquette = 0.656361
# [2024-04-24 03:11:02] INFO: Polyakov loop = (-0.000382341,0.00115899)
# [2024-04-24 03:11:02] INFO: Writing conf to disk...
# [2024-04-24 03:11:02] INFO: writeconf_nersc: Writing NERSC configuration ./conf_s060t20_b0675500_a_U000403500
# [2024-04-24 03:11:05] INFO: Calculated checksum: c6448f0d
# [2024-04-24 03:11:12] INFO: Calculated checksum: fc2469d
# [2024-04-24 03:11:12] INFO: Writing RNGSTATE file: ./rand_s060t20_b0675500_a_U000403500
# [2024-04-24 03:11:12] INFO: Writing to disk took 9.57995 seconds
# [2024-04-24 03:11:12] INFO: ======================================================================
# [2024-04-24 03:11:12] INFO: Start sweeping...
# [2024-04-24 03:18:18] INFO: It took 426.705 seconds to do 500 HBOR sweeps.
# [2024-04-24 03:18:19] INFO: Plaquette = 0.656289
# [2024-04-24 03:18:19] INFO: Polyakov loop = (-0.000299424,0.00116425)
# [2024-04-24 03:18:19] INFO: Writing conf to disk...
# [2024-04-24 03:18:19] INFO: writeconf_nersc: Writing NERSC configuration ./conf_s060t20_b0675500_a_U000404000
# [2024-04-24 03:18:21] INFO: Calculated checksum: 25f1add
# [2024-04-24 03:18:27] INFO: Calculated checksum: ad81c4d2
# [2024-04-24 03:18:27] INFO: Writing RNGSTATE file: ./rand_s060t20_b0675500_a_U000404000
# [2024-04-24 03:18:27] INFO: Writing to disk took 8.76911 seconds
# [2024-04-24 03:18:27] INFO: ======================================================================
# [2024-04-24 03:18:27] INFO: Start sweeping...
# [2024-04-24 03:25:36] INFO: It took 429.018 seconds to do 500 HBOR sweeps.
# [2024-04-24 03:25:36] INFO: Plaquette = 0.656282
# [2024-04-24 03:25:36] INFO: Polyakov loop = (-0.000514049,0.00192758)
# [2024-04-24 03:25:36] INFO: Writing conf to disk...
# [2024-04-24 03:25:36] INFO: writeconf_nersc: Writing NERSC configuration ./conf_s060t20_b0675500_a_U000404500
# [2024-04-24 03:25:39] INFO: Calculated checksum: a9c3b27a
# [2024-04-24 03:25:45] INFO: Calculated checksum: d7331d0f
# [2024-04-24 03:25:45] INFO: Writing RNGSTATE file: ./rand_s060t20_b0675500_a_U000404500
# [2024-04-24 03:25:45] INFO: Writing to disk took 8.9546 seconds
# [2024-04-24 03:25:45] INFO: ======================================================================
# [2024-04-24 03:25:45] INFO: Start sweeping...
# [2024-04-24 03:32:52] INFO: It took 426.576 seconds to do 500 HBOR sweeps.
# [2024-04-24 03:32:52] INFO: Plaquette = 0.656333
# [2024-04-24 03:32:52] INFO: Polyakov loop = (-0.00134064,0.00282741)
# [2024-04-24 03:32:52] INFO: Writing conf to disk...
# [2024-04-24 03:32:52] INFO: writeconf_nersc: Writing NERSC configuration ./conf_s060t20_b0675500_a_U000405000
# [2024-04-24 03:32:55] INFO: Calculated checksum: 7ea344d7
# [2024-04-24 03:33:05] INFO: Calculated checksum: 7d4a8987
# [2024-04-24 03:33:05] INFO: Writing RNGSTATE file: ./rand_s060t20_b0675500_a_U000405000
# [2024-04-24 03:33:05] INFO: Writing to disk took 13.1515 seconds
# [2024-04-24 03:33:05] INFO: ======================================================================
# [2024-04-24 03:33:05] INFO: Start sweeping...
# [2024-04-24 03:40:12] INFO: It took 426.418 seconds to do 500 HBOR sweeps.
# [2024-04-24 03:40:12] INFO: Plaquette = 0.656252
# [2024-04-24 03:40:12] INFO: Polyakov loop = (-0.000766069,0.001286)
# [2024-04-24 03:40:12] INFO: Writing conf to disk...
# [2024-04-24 03:40:12] INFO: writeconf_nersc: Writing NERSC configuration ./conf_s060t20_b0675500_a_U000405500
# [2024-04-24 03:40:14] INFO: Calculated checksum: a37c3716
# [2024-04-24 03:40:27] INFO: Calculated checksum: 2950d518
# [2024-04-24 03:40:27] INFO: Writing RNGSTATE file: ./rand_s060t20_b0675500_a_U000405500
# [2024-04-24 03:40:27] INFO: Writing to disk took 15.8271 seconds
# [2024-04-24 03:40:27] INFO: ======================================================================
# [2024-04-24 03:40:27] INFO: Start sweeping...
# [2024-04-24 03:47:34] INFO: It took 426.788 seconds to do 500 HBOR sweeps.
# [2024-04-24 03:47:34] INFO: Plaquette = 0.65629
# [2024-04-24 03:47:34] INFO: Polyakov loop = (-0.00143741,0.00156517)
# [2024-04-24 03:47:34] INFO: Writing conf to disk...
# [2024-04-24 03:47:34] INFO: writeconf_nersc: Writing NERSC configuration ./conf_s060t20_b0675500_a_U000406000
# [2024-04-24 03:47:37] INFO: Calculated checksum: 36b780e6
# [2024-04-24 03:47:44] INFO: Calculated checksum: 973b4615
# [2024-04-24 03:47:44] INFO: Writing RNGSTATE file: ./rand_s060t20_b0675500_a_U000406000
# [2024-04-24 03:47:45] INFO: Writing to disk took 10.3324 seconds
# [2024-04-24 03:47:45] INFO: ======================================================================
# [2024-04-24 03:47:45] INFO: Start sweeping...
# [2024-04-24 03:54:50] INFO: It took 425.239 seconds to do 500 HBOR sweeps.
# [2024-04-24 03:54:50] INFO: Plaquette = 0.656259
# [2024-04-24 03:54:50] INFO: Polyakov loop = (-0.000740342,0.00134497)
# [2024-04-24 03:54:50] INFO: Writing conf to disk...
# [2024-04-24 03:54:50] INFO: writeconf_nersc: Writing NERSC configuration ./conf_s060t20_b0675500_a_U000406500
# [2024-04-24 03:54:53] INFO: Calculated checksum: 1442fa13
# [2024-04-24 03:54:59] INFO: Calculated checksum: 4630f9a8
# [2024-04-24 03:54:59] INFO: Writing RNGSTATE file: ./rand_s060t20_b0675500_a_U000406500
# [2024-04-24 03:54:59] INFO: Writing to disk took 9.58299 seconds
# [2024-04-24 03:54:59] INFO: ======================================================================
# [2024-04-24 03:54:59] INFO: Start sweeping...
# [2024-04-24 04:02:05] INFO: It took 425.877 seconds to do 500 HBOR sweeps.
# [2024-04-24 04:02:05] INFO: Plaquette = 0.656298
# [2024-04-24 04:02:05] INFO: Polyakov loop = (-0.00167937,0.00211422)
# [2024-04-24 04:02:05] INFO: Writing conf to disk...
# [2024-04-24 04:02:05] INFO: writeconf_nersc: Writing NERSC configuration ./conf_s060t20_b0675500_a_U000407000
# [2024-04-24 04:02:08] INFO: Calculated checksum: 3e9b0f30
# [2024-04-24 04:02:18] INFO: Calculated checksum: c72f655d
# [2024-04-24 04:02:18] INFO: Writing RNGSTATE file: ./rand_s060t20_b0675500_a_U000407000
# [2024-04-24 04:02:18] INFO: Writing to disk took 12.7558 seconds
# [2024-04-24 04:02:18] INFO: ======================================================================
# [2024-04-24 04:02:18] INFO: Start sweeping...
# [2024-04-24 04:09:23] INFO: It took 424.861 seconds to do 500 HBOR sweeps.
# [2024-04-24 04:09:23] INFO: Plaquette = 0.65624
# [2024-04-24 04:09:23] INFO: Polyakov loop = (-0.0014211,0.00187395)
# [2024-04-24 04:09:23] INFO: Writing conf to disk...
# [2024-04-24 04:09:23] INFO: writeconf_nersc: Writing NERSC configuration ./conf_s060t20_b0675500_a_U000407500
# [2024-04-24 04:09:26] INFO: Calculated checksum: 9a3fa8eb
# [2024-04-24 04:09:34] INFO: Calculated checksum: 52230f4a
# [2024-04-24 04:09:34] INFO: Writing RNGSTATE file: ./rand_s060t20_b0675500_a_U000407500
# [2024-04-24 04:09:34] INFO: Writing to disk took 10.7469 seconds
# [2024-04-24 04:09:34] INFO: ======================================================================
# [2024-04-24 04:09:34] INFO: Start sweeping...
# [2024-04-24 04:16:37] INFO: It took 423.322 seconds to do 500 HBOR sweeps.
# [2024-04-24 04:16:37] INFO: Plaquette = 0.656258
# [2024-04-24 04:16:37] INFO: Polyakov loop = (-0.000451436,0.00158144)
# [2024-04-24 04:16:37] INFO: Writing conf to disk...
# [2024-04-24 04:16:37] INFO: writeconf_nersc: Writing NERSC configuration ./conf_s060t20_b0675500_a_U000408000
# [2024-04-24 04:16:40] INFO: Calculated checksum: 6dbf09e4
# [2024-04-24 04:16:47] INFO: Calculated checksum: 79dc0cd4
# [2024-04-24 04:16:47] INFO: Writing RNGSTATE file: ./rand_s060t20_b0675500_a_U000408000
# [2024-04-24 04:16:48] INFO: Writing to disk took 10.4222 seconds
# [2024-04-24 04:16:48] INFO: ======================================================================
# [2024-04-24 04:16:48] INFO: Start sweeping...
# [2024-04-24 04:23:56] INFO: It took 428.45 seconds to do 500 HBOR sweeps.
# [2024-04-24 04:23:56] INFO: Plaquette = 0.656293
# [2024-04-24 04:23:56] INFO: Polyakov loop = (-0.000663728,0.0017384)
# [2024-04-24 04:23:56] INFO: Writing conf to disk...
# [2024-04-24 04:23:56] INFO: writeconf_nersc: Writing NERSC configuration ./conf_s060t20_b0675500_a_U000408500
# [2024-04-24 04:23:59] INFO: Calculated checksum: fff4f0f6
# [2024-04-24 04:24:07] INFO: Calculated checksum: 55dfe0fd
# [2024-04-24 04:24:07] INFO: Writing RNGSTATE file: ./rand_s060t20_b0675500_a_U000408500
# [2024-04-24 04:24:07] INFO: Writing to disk took 11.0742 seconds
# [2024-04-24 04:24:07] INFO: ======================================================================
# [2024-04-24 04:24:07] INFO: Start sweeping...
# [2024-04-24 04:31:12] INFO: It took 424.569 seconds to do 500 HBOR sweeps.
# [2024-04-24 04:31:12] INFO: Plaquette = 0.656184
# [2024-04-24 04:31:12] INFO: Polyakov loop = (-0.00097274,0.00098941)
# [2024-04-24 04:31:12] INFO: Writing conf to disk...
# [2024-04-24 04:31:12] INFO: writeconf_nersc: Writing NERSC configuration ./conf_s060t20_b0675500_a_U000409000
# [2024-04-24 04:31:15] INFO: Calculated checksum: affd80b6
# [2024-04-24 04:31:25] INFO: Calculated checksum: 85219d79
# [2024-04-24 04:31:25] INFO: Writing RNGSTATE file: ./rand_s060t20_b0675500_a_U000409000
# [2024-04-24 04:31:25] INFO: Writing to disk took 13.3436 seconds
# [2024-04-24 04:31:25] INFO: ======================================================================
# [2024-04-24 04:31:25] INFO: Start sweeping...
# [2024-04-24 04:38:32] INFO: It took 427.247 seconds to do 500 HBOR sweeps.
# [2024-04-24 04:38:32] INFO: Plaquette = 0.656356
# [2024-04-24 04:38:32] INFO: Polyakov loop = (-0.00110459,0.000872615)
# [2024-04-24 04:38:32] INFO: Writing conf to disk...
# [2024-04-24 04:38:32] INFO: writeconf_nersc: Writing NERSC configuration ./conf_s060t20_b0675500_a_U000409500
# [2024-04-24 04:38:35] INFO: Calculated checksum: b9766a0
# [2024-04-24 04:38:42] INFO: Calculated checksum: 9d4bae88
# [2024-04-24 04:38:42] INFO: Writing RNGSTATE file: ./rand_s060t20_b0675500_a_U000409500
# [2024-04-24 04:38:45] INFO: Writing to disk took 12.327 seconds
# [2024-04-24 04:38:45] INFO: ======================================================================
# [2024-04-24 04:38:45] INFO: Start sweeping...
# [2024-04-24 04:45:51] INFO: It took 426.613 seconds to do 500 HBOR sweeps.
# [2024-04-24 04:45:51] INFO: Plaquette = 0.656265
# [2024-04-24 04:45:51] INFO: Polyakov loop = (0.000172653,0.00124744)
# [2024-04-24 04:45:51] INFO: Writing conf to disk...
# [2024-04-24 04:45:51] INFO: writeconf_nersc: Writing NERSC configuration ./conf_s060t20_b0675500_a_U000410000
# [2024-04-24 04:45:55] INFO: Calculated checksum: fac3a6a4
# [2024-04-24 04:46:04] INFO: Calculated checksum: ff78bebb
# [2024-04-24 04:46:04] INFO: Writing RNGSTATE file: ./rand_s060t20_b0675500_a_U000410000
# [2024-04-24 04:46:05] INFO: Writing to disk took 13.2387 seconds
# [2024-04-24 04:46:05] INFO: ======================================================================
# [2024-04-24 04:46:05] INFO: Start sweeping...
# [2024-04-24 04:53:03] INFO: It took 418.42 seconds to do 500 HBOR sweeps.
# [2024-04-24 04:53:03] INFO: Plaquette = 0.656172
# [2024-04-24 04:53:03] INFO: Polyakov loop = (-0.000884683,0.00168647)
# [2024-04-24 04:53:03] INFO: Writing conf to disk...
# [2024-04-24 04:53:03] INFO: writeconf_nersc: Writing NERSC configuration ./conf_s060t20_b0675500_a_U000410500
# [2024-04-24 04:53:06] INFO: Calculated checksum: d3113996
# [2024-04-24 04:53:18] INFO: Calculated checksum: 16bc9bc1
# [2024-04-24 04:53:18] INFO: Writing RNGSTATE file: ./rand_s060t20_b0675500_a_U000410500
# [2024-04-24 04:53:18] INFO: Writing to disk took 14.8935 seconds
# [2024-04-24 04:53:18] INFO: ======================================================================
# [2024-04-24 04:53:18] INFO: Start sweeping...
# [2024-04-24 05:00:18] INFO: It took 420.097 seconds to do 500 HBOR sweeps.
# [2024-04-24 05:00:18] INFO: Plaquette = 0.656243
# [2024-04-24 05:00:18] INFO: Polyakov loop = (-0.00157291,0.00169856)
# [2024-04-24 05:00:18] INFO: Writing conf to disk...
# [2024-04-24 05:00:18] INFO: writeconf_nersc: Writing NERSC configuration ./conf_s060t20_b0675500_a_U000411000
# [2024-04-24 05:00:21] INFO: Calculated checksum: f9b8ce3b
# [2024-04-24 05:00:28] INFO: Calculated checksum: f3ac5c18
# [2024-04-24 05:00:28] INFO: Writing RNGSTATE file: ./rand_s060t20_b0675500_a_U000411000
# [2024-04-24 05:00:28] INFO: Writing to disk took 10.0466 seconds
# [2024-04-24 05:00:28] INFO: ======================================================================
# [2024-04-24 05:00:28] INFO: Start sweeping...
# [2024-04-24 05:07:35] INFO: It took 426.472 seconds to do 500 HBOR sweeps.
# [2024-04-24 05:07:35] INFO: Plaquette = 0.656358
# [2024-04-24 05:07:35] INFO: Polyakov loop = (-0.000461452,0.00228384)
# [2024-04-24 05:07:35] INFO: Writing conf to disk...
# [2024-04-24 05:07:35] INFO: writeconf_nersc: Writing NERSC configuration ./conf_s060t20_b0675500_a_U000411500
# [2024-04-24 05:07:38] INFO: Calculated checksum: 187c5f3
# [2024-04-24 05:07:45] INFO: Calculated checksum: 805eb9e8
# [2024-04-24 05:07:45] INFO: Writing RNGSTATE file: ./rand_s060t20_b0675500_a_U000411500
# [2024-04-24 05:07:45] INFO: Writing to disk took 10.1507 seconds
# [2024-04-24 05:07:45] INFO: ======================================================================
# [2024-04-24 05:07:45] INFO: Start sweeping...
# [2024-04-24 05:14:43] INFO: It took 418.018 seconds to do 500 HBOR sweeps.
# [2024-04-24 05:14:43] INFO: Plaquette = 0.656301
# [2024-04-24 05:14:43] INFO: Polyakov loop = (-0.000910094,0.00156088)
# [2024-04-24 05:14:43] INFO: Writing conf to disk...
# [2024-04-24 05:14:43] INFO: writeconf_nersc: Writing NERSC configuration ./conf_s060t20_b0675500_a_U000412000
# [2024-04-24 05:14:46] INFO: Calculated checksum: e1943b90
# [2024-04-24 05:14:53] INFO: Calculated checksum: 53ff6e6e
# [2024-04-24 05:14:53] INFO: Writing RNGSTATE file: ./rand_s060t20_b0675500_a_U000412000
# [2024-04-24 05:14:53] INFO: Writing to disk took 9.69776 seconds
# [2024-04-24 05:14:53] INFO: ======================================================================
# [2024-04-24 05:14:53] INFO: Start sweeping...
# [2024-04-24 05:21:49] INFO: It took 416.543 seconds to do 500 HBOR sweeps.
# [2024-04-24 05:21:49] INFO: Plaquette = 0.656261
# [2024-04-24 05:21:49] INFO: Polyakov loop = (-0.000852921,0.002354)
# [2024-04-24 05:21:49] INFO: Writing conf to disk...
# [2024-04-24 05:21:49] INFO: writeconf_nersc: Writing NERSC configuration ./conf_s060t20_b0675500_a_U000412500
# [2024-04-24 05:21:52] INFO: Calculated checksum: 8c3d422a
# [2024-04-24 05:21:59] INFO: Calculated checksum: a30321a9
# [2024-04-24 05:21:59] INFO: Writing RNGSTATE file: ./rand_s060t20_b0675500_a_U000412500
# [2024-04-24 05:21:59] INFO: Writing to disk took 9.59907 seconds
# [2024-04-24 05:21:59] INFO: ======================================================================
# [2024-04-24 05:21:59] INFO: Start sweeping...
# [2024-04-24 05:29:01] INFO: It took 422.3 seconds to do 500 HBOR sweeps.
# [2024-04-24 05:29:01] INFO: Plaquette = 0.656252
# [2024-04-24 05:29:01] INFO: Polyakov loop = (-0.00200397,0.00176789)
# [2024-04-24 05:29:01] INFO: Writing conf to disk...
# [2024-04-24 05:29:01] INFO: writeconf_nersc: Writing NERSC configuration ./conf_s060t20_b0675500_a_U000413000
# [2024-04-24 05:29:04] INFO: Calculated checksum: dbfd1ff1
# [2024-04-24 05:29:12] INFO: Calculated checksum: ae94ef66
# [2024-04-24 05:29:12] INFO: Writing RNGSTATE file: ./rand_s060t20_b0675500_a_U000413000
# [2024-04-24 05:29:13] INFO: Writing to disk took 11.4776 seconds
# [2024-04-24 05:29:13] INFO: ======================================================================
# [2024-04-24 05:29:13] INFO: Start sweeping...
# [2024-04-24 05:36:12] INFO: It took 419.362 seconds to do 500 HBOR sweeps.
# [2024-04-24 05:36:12] INFO: Plaquette = 0.656281
# [2024-04-24 05:36:12] INFO: Polyakov loop = (-0.0008,0.00175419)
# [2024-04-24 05:36:12] INFO: Writing conf to disk...
# [2024-04-24 05:36:12] INFO: writeconf_nersc: Writing NERSC configuration ./conf_s060t20_b0675500_a_U000413500
# [2024-04-24 05:36:15] INFO: Calculated checksum: f8de0a0f
# [2024-04-24 05:36:22] INFO: Calculated checksum: 7245d2c2
# [2024-04-24 05:36:22] INFO: Writing RNGSTATE file: ./rand_s060t20_b0675500_a_U000413500
# [2024-04-24 05:36:23] INFO: Writing to disk took 10.294 seconds
# [2024-04-24 05:36:23] INFO: ======================================================================
# [2024-04-24 05:36:23] INFO: Start sweeping...
# [2024-04-24 05:43:28] INFO: It took 425.006 seconds to do 500 HBOR sweeps.
# [2024-04-24 05:43:28] INFO: Plaquette = 0.656246
# [2024-04-24 05:43:28] INFO: Polyakov loop = (-0.00222807,0.00261855)
# [2024-04-24 05:43:28] INFO: Writing conf to disk...
# [2024-04-24 05:43:28] INFO: writeconf_nersc: Writing NERSC configuration ./conf_s060t20_b0675500_a_U000414000
# [2024-04-24 05:43:30] INFO: Calculated checksum: ba0edd35
# [2024-04-24 05:43:37] INFO: Calculated checksum: 1a44c639
# [2024-04-24 05:43:37] INFO: Writing RNGSTATE file: ./rand_s060t20_b0675500_a_U000414000
# [2024-04-24 05:43:37] INFO: Writing to disk took 9.57008 seconds
# [2024-04-24 05:43:37] INFO: ======================================================================
# [2024-04-24 05:43:37] INFO: Start sweeping...
# [2024-04-24 05:50:42] INFO: It took 425.069 seconds to do 500 HBOR sweeps.
# [2024-04-24 05:50:42] INFO: Plaquette = 0.656288
# [2024-04-24 05:50:42] INFO: Polyakov loop = (-0.00183593,0.00199464)
# [2024-04-24 05:50:42] INFO: Writing conf to disk...
# [2024-04-24 05:50:42] INFO: writeconf_nersc: Writing NERSC configuration ./conf_s060t20_b0675500_a_U000414500
# [2024-04-24 05:50:45] INFO: Calculated checksum: d9ccdec0
# [2024-04-24 05:50:52] INFO: Calculated checksum: 3003ba6e
# [2024-04-24 05:50:52] INFO: Writing RNGSTATE file: ./rand_s060t20_b0675500_a_U000414500
# [2024-04-24 05:50:52] INFO: Writing to disk took 9.46429 seconds
# [2024-04-24 05:50:52] INFO: ======================================================================
# [2024-04-24 05:50:52] INFO: Start sweeping...
# [2024-04-24 05:57:56] INFO: It took 423.923 seconds to do 500 HBOR sweeps.
# [2024-04-24 05:57:56] INFO: Plaquette = 0.656354
# [2024-04-24 05:57:56] INFO: Polyakov loop = (-0.00143901,0.00150871)
# [2024-04-24 05:57:56] INFO: Writing conf to disk...
# [2024-04-24 05:57:56] INFO: writeconf_nersc: Writing NERSC configuration ./conf_s060t20_b0675500_a_U000415000
# [2024-04-24 05:57:59] INFO: Calculated checksum: 45f8be9d
# [2024-04-24 05:58:06] INFO: Calculated checksum: b8e7990b
# [2024-04-24 05:58:06] INFO: Writing RNGSTATE file: ./rand_s060t20_b0675500_a_U000415000
# [2024-04-24 05:58:07] INFO: Writing to disk took 10.9687 seconds
# [2024-04-24 05:58:07] INFO: ======================================================================
# [2024-04-24 05:58:07] INFO: Start sweeping...
# [2024-04-24 06:05:04] INFO: It took 417.7 seconds to do 500 HBOR sweeps.
# [2024-04-24 06:05:05] INFO: Plaquette = 0.656343
# [2024-04-24 06:05:05] INFO: Polyakov loop = (-0.000117913,0.0010939)
# [2024-04-24 06:05:05] INFO: Writing conf to disk...
# [2024-04-24 06:05:05] INFO: writeconf_nersc: Writing NERSC configuration ./conf_s060t20_b0675500_a_U000415500
# [2024-04-24 06:05:07] INFO: Calculated checksum: de34ae2f
# [2024-04-24 06:05:15] INFO: Calculated checksum: a896581
# [2024-04-24 06:05:15] INFO: Writing RNGSTATE file: ./rand_s060t20_b0675500_a_U000415500
# [2024-04-24 06:05:15] INFO: Writing to disk took 10.3107 seconds
# [2024-04-24 06:05:15] INFO: ======================================================================
# [2024-04-24 06:05:15] INFO: Start sweeping...
# [2024-04-24 06:12:17] INFO: It took 422.263 seconds to do 500 HBOR sweeps.
# [2024-04-24 06:12:17] INFO: Plaquette = 0.656335
# [2024-04-24 06:12:17] INFO: Polyakov loop = (-0.00102789,0.00212777)
# [2024-04-24 06:12:17] INFO: Writing conf to disk...
# [2024-04-24 06:12:17] INFO: writeconf_nersc: Writing NERSC configuration ./conf_s060t20_b0675500_a_U000416000
# [2024-04-24 06:12:20] INFO: Calculated checksum: a9570d5f
# [2024-04-24 06:12:27] INFO: Calculated checksum: 137775f7
# [2024-04-24 06:12:27] INFO: Writing RNGSTATE file: ./rand_s060t20_b0675500_a_U000416000
# [2024-04-24 06:12:27] INFO: Writing to disk took 10.1826 seconds
# [2024-04-24 06:12:27] INFO: ======================================================================
# [2024-04-24 06:12:27] INFO: Start sweeping...
# [2024-04-24 06:19:30] INFO: It took 422.912 seconds to do 500 HBOR sweeps.
# [2024-04-24 06:19:30] INFO: Plaquette = 0.656198
# [2024-04-24 06:19:30] INFO: Polyakov loop = (-0.00095071,0.000546928)
# [2024-04-24 06:19:30] INFO: Writing conf to disk...
# [2024-04-24 06:19:30] INFO: writeconf_nersc: Writing NERSC configuration ./conf_s060t20_b0675500_a_U000416500
# [2024-04-24 06:19:33] INFO: Calculated checksum: 98889da2
# [2024-04-24 06:19:47] INFO: Calculated checksum: f054bb3b
# [2024-04-24 06:19:47] INFO: Writing RNGSTATE file: ./rand_s060t20_b0675500_a_U000416500
# [2024-04-24 06:19:49] INFO: Writing to disk took 18.2818 seconds
# [2024-04-24 06:19:49] INFO: ======================================================================
# [2024-04-24 06:19:49] INFO: Start sweeping...
# [2024-04-24 06:26:47] INFO: It took 418.774 seconds to do 500 HBOR sweeps.
# [2024-04-24 06:26:47] INFO: Plaquette = 0.656211
# [2024-04-24 06:26:47] INFO: Polyakov loop = (-0.00104832,0.00115485)
# [2024-04-24 06:26:47] INFO: Writing conf to disk...
# [2024-04-24 06:26:47] INFO: writeconf_nersc: Writing NERSC configuration ./conf_s060t20_b0675500_a_U000417000
# [2024-04-24 06:26:51] INFO: Calculated checksum: c1ecd473
# [2024-04-24 06:27:01] INFO: Calculated checksum: b17ed8a4
# [2024-04-24 06:27:01] INFO: Writing RNGSTATE file: ./rand_s060t20_b0675500_a_U000417000
# [2024-04-24 06:27:01] INFO: Writing to disk took 13.7449 seconds
# [2024-04-24 06:27:01] INFO: ======================================================================
# [2024-04-24 06:27:01] INFO: Start sweeping...
# [2024-04-24 06:34:03] INFO: It took 421.801 seconds to do 500 HBOR sweeps.
# [2024-04-24 06:34:03] INFO: Plaquette = 0.656231
# [2024-04-24 06:34:03] INFO: Polyakov loop = (-0.00132042,0.00232725)
# [2024-04-24 06:34:03] INFO: Writing conf to disk...
# [2024-04-24 06:34:03] INFO: writeconf_nersc: Writing NERSC configuration ./conf_s060t20_b0675500_a_U000417500
# [2024-04-24 06:34:06] INFO: Calculated checksum: c83a490c
# [2024-04-24 06:34:17] INFO: Calculated checksum: f18fb5a8
# [2024-04-24 06:34:17] INFO: Writing RNGSTATE file: ./rand_s060t20_b0675500_a_U000417500
# [2024-04-24 06:34:17] INFO: Writing to disk took 13.8439 seconds
# [2024-04-24 06:34:17] INFO: ======================================================================
# [2024-04-24 06:34:17] INFO: Start sweeping...
# [2024-04-24 06:41:13] INFO: It took 416.596 seconds to do 500 HBOR sweeps.
# [2024-04-24 06:41:14] INFO: Plaquette = 0.656273
# [2024-04-24 06:41:14] INFO: Polyakov loop = (-0.00213724,0.00307136)
# [2024-04-24 06:41:14] INFO: Writing conf to disk...
# [2024-04-24 06:41:14] INFO: writeconf_nersc: Writing NERSC configuration ./conf_s060t20_b0675500_a_U000418000
# [2024-04-24 06:41:16] INFO: Calculated checksum: 74088cea
# [2024-04-24 06:41:26] INFO: Calculated checksum: a20d6a10
# [2024-04-24 06:41:26] INFO: Writing RNGSTATE file: ./rand_s060t20_b0675500_a_U000418000
# [2024-04-24 06:41:27] INFO: Writing to disk took 13.5052 seconds
# [2024-04-24 06:41:27] INFO: ======================================================================
# [2024-04-24 06:41:27] INFO: Start sweeping...
# [2024-04-24 06:48:29] INFO: It took 421.815 seconds to do 500 HBOR sweeps.
# [2024-04-24 06:48:29] INFO: Plaquette = 0.656269
# [2024-04-24 06:48:29] INFO: Polyakov loop = (-0.00115765,0.00262704)
# [2024-04-24 06:48:29] INFO: Writing conf to disk...
# [2024-04-24 06:48:29] INFO: writeconf_nersc: Writing NERSC configuration ./conf_s060t20_b0675500_a_U000418500
# [2024-04-24 06:48:32] INFO: Calculated checksum: 9950d743
# [2024-04-24 06:48:40] INFO: Calculated checksum: 8af9c32e
# [2024-04-24 06:48:40] INFO: Writing RNGSTATE file: ./rand_s060t20_b0675500_a_U000418500
# [2024-04-24 06:48:41] INFO: Writing to disk took 11.6763 seconds
# [2024-04-24 06:48:41] INFO: ======================================================================
# [2024-04-24 06:48:41] INFO: Start sweeping...
# [2024-04-24 06:55:43] INFO: It took 422.499 seconds to do 500 HBOR sweeps.
# [2024-04-24 06:55:43] INFO: Plaquette = 0.656318
# [2024-04-24 06:55:43] INFO: Polyakov loop = (-0.000588817,0.000935994)
# [2024-04-24 06:55:43] INFO: Writing conf to disk...
# [2024-04-24 06:55:43] INFO: writeconf_nersc: Writing NERSC configuration ./conf_s060t20_b0675500_a_U000419000
# [2024-04-24 06:55:46] INFO: Calculated checksum: ecccb56b
# [2024-04-24 06:55:59] INFO: Calculated checksum: e5293eb3
# [2024-04-24 06:55:59] INFO: Writing RNGSTATE file: ./rand_s060t20_b0675500_a_U000419000
# [2024-04-24 06:55:59] INFO: Writing to disk took 15.8837 seconds
# [2024-04-24 06:55:59] INFO: ======================================================================
# [2024-04-24 06:55:59] INFO: Start sweeping...
# [2024-04-24 07:03:02] INFO: It took 423.452 seconds to do 500 HBOR sweeps.
# [2024-04-24 07:03:03] INFO: Plaquette = 0.656268
# [2024-04-24 07:03:03] INFO: Polyakov loop = (-0.000378906,0.00147834)
# [2024-04-24 07:03:03] INFO: Writing conf to disk...
# [2024-04-24 07:03:03] INFO: writeconf_nersc: Writing NERSC configuration ./conf_s060t20_b0675500_a_U000419500
# [2024-04-24 07:03:05] INFO: Calculated checksum: 934b51b9
# [2024-04-24 07:03:16] INFO: Calculated checksum: e085a15c
# [2024-04-24 07:03:16] INFO: Writing RNGSTATE file: ./rand_s060t20_b0675500_a_U000419500
# [2024-04-24 07:03:16] INFO: Writing to disk took 13.3398 seconds
# [2024-04-24 07:03:16] INFO: ======================================================================
# [2024-04-24 07:03:16] INFO: Start sweeping...
# [2024-04-24 07:10:18] INFO: It took 422.378 seconds to do 500 HBOR sweeps.
# [2024-04-24 07:10:18] INFO: Plaquette = 0.656285
# [2024-04-24 07:10:18] INFO: Polyakov loop = (-0.00118178,0.00114619)
# [2024-04-24 07:10:18] INFO: Writing conf to disk...
# [2024-04-24 07:10:18] INFO: writeconf_nersc: Writing NERSC configuration ./conf_s060t20_b0675500_a_U000420000
# [2024-04-24 07:10:21] INFO: Calculated checksum: 8589b7f1
# [2024-04-24 07:10:29] INFO: Calculated checksum: e90229b6
# [2024-04-24 07:10:29] INFO: Writing RNGSTATE file: ./rand_s060t20_b0675500_a_U000420000
# [2024-04-24 07:10:29] INFO: Writing to disk took 10.5359 seconds
# [2024-04-24 07:10:29] INFO: ======================================================================
# [2024-04-24 07:10:29] INFO: Start sweeping...
# [2024-04-24 07:17:31] INFO: It took 422.2 seconds to do 500 HBOR sweeps.
# [2024-04-24 07:17:31] INFO: Plaquette = 0.656304
# [2024-04-24 07:17:31] INFO: Polyakov loop = (-0.000612786,0.00170605)
# [2024-04-24 07:17:31] INFO: Writing conf to disk...
# [2024-04-24 07:17:31] INFO: writeconf_nersc: Writing NERSC configuration ./conf_s060t20_b0675500_a_U000420500
# [2024-04-24 07:17:34] INFO: Calculated checksum: 1db46e05
# [2024-04-24 07:17:43] INFO: Calculated checksum: f1e291a9
# [2024-04-24 07:17:43] INFO: Writing RNGSTATE file: ./rand_s060t20_b0675500_a_U000420500
# [2024-04-24 07:17:44] INFO: Writing to disk took 12.5552 seconds
# [2024-04-24 07:17:44] INFO: ======================================================================
# [2024-04-24 07:17:44] INFO: Start sweeping...
# [2024-04-24 07:24:45] INFO: It took 421.131 seconds to do 500 HBOR sweeps.
# [2024-04-24 07:24:45] INFO: Plaquette = 0.656268
# [2024-04-24 07:24:45] INFO: Polyakov loop = (-0.000232621,0.000911784)
# [2024-04-24 07:24:45] INFO: Writing conf to disk...
# [2024-04-24 07:24:45] INFO: writeconf_nersc: Writing NERSC configuration ./conf_s060t20_b0675500_a_U000421000
# [2024-04-24 07:24:48] INFO: Calculated checksum: f75445ac
# [2024-04-24 07:24:54] INFO: Calculated checksum: dfcac4ac
# [2024-04-24 07:24:54] INFO: Writing RNGSTATE file: ./rand_s060t20_b0675500_a_U000421000
# [2024-04-24 07:24:54] INFO: Writing to disk took 9.66301 seconds
# [2024-04-24 07:24:54] INFO: ======================================================================
# [2024-04-24 07:24:54] INFO: Start sweeping...
# [2024-04-24 07:31:56] INFO: It took 421.041 seconds to do 500 HBOR sweeps.
# [2024-04-24 07:31:56] INFO: Plaquette = 0.656263
# [2024-04-24 07:31:56] INFO: Polyakov loop = (-0.00126862,0.00145866)
# [2024-04-24 07:31:56] INFO: Writing conf to disk...
# [2024-04-24 07:31:56] INFO: writeconf_nersc: Writing NERSC configuration ./conf_s060t20_b0675500_a_U000421500
# [2024-04-24 07:31:58] INFO: Calculated checksum: f988f20d
# [2024-04-24 07:32:13] INFO: Calculated checksum: 793cb175
# [2024-04-24 07:32:13] INFO: Writing RNGSTATE file: ./rand_s060t20_b0675500_a_U000421500
# [2024-04-24 07:32:14] INFO: Writing to disk took 18.0905 seconds
# [2024-04-24 07:32:14] INFO: ======================================================================
# [2024-04-24 07:32:14] INFO: Start sweeping...
# [2024-04-24 07:39:21] INFO: It took 427.637 seconds to do 500 HBOR sweeps.
# [2024-04-24 07:39:21] INFO: Plaquette = 0.656263
# [2024-04-24 07:39:21] INFO: Polyakov loop = (-0.00117906,0.00132012)
# [2024-04-24 07:39:21] INFO: Writing conf to disk...
# [2024-04-24 07:39:21] INFO: writeconf_nersc: Writing NERSC configuration ./conf_s060t20_b0675500_a_U000422000
# [2024-04-24 07:39:24] INFO: Calculated checksum: ab90d21e
# [2024-04-24 07:39:44] INFO: Calculated checksum: 80fca56e
# [2024-04-24 07:39:44] INFO: Writing RNGSTATE file: ./rand_s060t20_b0675500_a_U000422000
# [2024-04-24 07:39:44] INFO: Writing to disk took 22.8031 seconds
# [2024-04-24 07:39:44] INFO: ======================================================================
# [2024-04-24 07:39:44] INFO: Start sweeping...
# [2024-04-24 07:46:49] INFO: It took 424.803 seconds to do 500 HBOR sweeps.
# [2024-04-24 07:46:49] INFO: Plaquette = 0.656258
# [2024-04-24 07:46:49] INFO: Polyakov loop = (-0.00127985,0.000577277)
# [2024-04-24 07:46:49] INFO: Writing conf to disk...
# [2024-04-24 07:46:49] INFO: writeconf_nersc: Writing NERSC configuration ./conf_s060t20_b0675500_a_U000422500
# [2024-04-24 07:46:52] INFO: Calculated checksum: 39ead85b
# [2024-04-24 07:47:10] INFO: Calculated checksum: f27d8b23
# [2024-04-24 07:47:10] INFO: Writing RNGSTATE file: ./rand_s060t20_b0675500_a_U000422500
# [2024-04-24 07:47:10] INFO: Writing to disk took 21.1092 seconds
# [2024-04-24 07:47:10] INFO: ======================================================================
# [2024-04-24 07:47:10] INFO: Start sweeping...
# [2024-04-24 07:54:13] INFO: It took 423.031 seconds to do 500 HBOR sweeps.
# [2024-04-24 07:54:13] INFO: Plaquette = 0.656295
# [2024-04-24 07:54:13] INFO: Polyakov loop = (-0.000884701,0.00180349)
# [2024-04-24 07:54:13] INFO: Writing conf to disk...
# [2024-04-24 07:54:13] INFO: writeconf_nersc: Writing NERSC configuration ./conf_s060t20_b0675500_a_U000423000
# [2024-04-24 07:54:16] INFO: Calculated checksum: f80b51f9
# [2024-04-24 07:54:30] INFO: Calculated checksum: 6a8807e8
# [2024-04-24 07:54:30] INFO: Writing RNGSTATE file: ./rand_s060t20_b0675500_a_U000423000
# [2024-04-24 07:54:30] INFO: Writing to disk took 17.0913 seconds
# [2024-04-24 07:54:30] INFO: ======================================================================
# [2024-04-24 07:54:30] INFO: Start sweeping...
# [2024-04-24 08:01:30] INFO: It took 419.724 seconds to do 500 HBOR sweeps.
# [2024-04-24 08:01:30] INFO: Plaquette = 0.656267
# [2024-04-24 08:01:30] INFO: Polyakov loop = (-0.000396218,0.00114768)
# [2024-04-24 08:01:30] INFO: Writing conf to disk...
# [2024-04-24 08:01:30] INFO: writeconf_nersc: Writing NERSC configuration ./conf_s060t20_b0675500_a_U000423500
# [2024-04-24 08:01:33] INFO: Calculated checksum: 1265bf43
# [2024-04-24 08:01:41] INFO: Calculated checksum: 1d3fadf9
# [2024-04-24 08:01:41] INFO: Writing RNGSTATE file: ./rand_s060t20_b0675500_a_U000423500
# [2024-04-24 08:01:41] INFO: Writing to disk took 11.2331 seconds
# [2024-04-24 08:01:41] INFO: ======================================================================
# [2024-04-24 08:01:41] INFO: Start sweeping...
# [2024-04-24 08:08:39] INFO: It took 417.606 seconds to do 500 HBOR sweeps.
# [2024-04-24 08:08:39] INFO: Plaquette = 0.656272
# [2024-04-24 08:08:39] INFO: Polyakov loop = (-5.33593e-05,0.00110332)
# [2024-04-24 08:08:39] INFO: Writing conf to disk...
# [2024-04-24 08:08:39] INFO: writeconf_nersc: Writing NERSC configuration ./conf_s060t20_b0675500_a_U000424000
# [2024-04-24 08:08:42] INFO: Calculated checksum: 258b7cd3
# [2024-04-24 08:08:51] INFO: Calculated checksum: d1f9c0f4
# [2024-04-24 08:08:51] INFO: Writing RNGSTATE file: ./rand_s060t20_b0675500_a_U000424000
# [2024-04-24 08:08:52] INFO: Writing to disk took 12.6251 seconds
# [2024-04-24 08:08:52] INFO: ======================================================================
# [2024-04-24 08:08:52] INFO: Start sweeping...
# [2024-04-24 08:15:57] INFO: It took 425.138 seconds to do 500 HBOR sweeps.
# [2024-04-24 08:15:57] INFO: Plaquette = 0.656278
# [2024-04-24 08:15:57] INFO: Polyakov loop = (-0.000559489,-0.00101555)
# [2024-04-24 08:15:57] INFO: Writing conf to disk...
# [2024-04-24 08:15:57] INFO: writeconf_nersc: Writing NERSC configuration ./conf_s060t20_b0675500_a_U000424500
# [2024-04-24 08:16:00] INFO: Calculated checksum: 96fff344
# [2024-04-24 08:16:08] INFO: Calculated checksum: cd65f380
# [2024-04-24 08:16:08] INFO: Writing RNGSTATE file: ./rand_s060t20_b0675500_a_U000424500
# [2024-04-24 08:16:08] INFO: Writing to disk took 11.1722 seconds
# [2024-04-24 08:16:08] INFO: ======================================================================
# [2024-04-24 08:16:08] INFO: Start sweeping...
# [2024-04-24 08:23:05] INFO: It took 417.198 seconds to do 500 HBOR sweeps.
# [2024-04-24 08:23:05] INFO: Plaquette = 0.656327
# [2024-04-24 08:23:05] INFO: Polyakov loop = (-0.00142205,-0.000834656)
# [2024-04-24 08:23:05] INFO: Writing conf to disk...
# [2024-04-24 08:23:05] INFO: writeconf_nersc: Writing NERSC configuration ./conf_s060t20_b0675500_a_U000425000
# [2024-04-24 08:23:08] INFO: Calculated checksum: 35b4ddb5
# [2024-04-24 08:23:15] INFO: Calculated checksum: 4c1be5ea
# [2024-04-24 08:23:15] INFO: Writing RNGSTATE file: ./rand_s060t20_b0675500_a_U000425000
# [2024-04-24 08:23:15] INFO: Writing to disk took 9.95705 seconds
# [2024-04-24 08:23:15] INFO: ======================================================================
# [2024-04-24 08:23:15] INFO: Start sweeping...
# [2024-04-24 08:30:13] INFO: It took 417.677 seconds to do 500 HBOR sweeps.
# [2024-04-24 08:30:13] INFO: Plaquette = 0.656296
# [2024-04-24 08:30:13] INFO: Polyakov loop = (-0.00092952,-0.00251099)
# [2024-04-24 08:30:13] INFO: Writing conf to disk...
# [2024-04-24 08:30:13] INFO: writeconf_nersc: Writing NERSC configuration ./conf_s060t20_b0675500_a_U000425500
# [2024-04-24 08:30:16] INFO: Calculated checksum: 58fa57f
# [2024-04-24 08:30:22] INFO: Calculated checksum: c75fb92b
# [2024-04-24 08:30:22] INFO: Writing RNGSTATE file: ./rand_s060t20_b0675500_a_U000425500
# [2024-04-24 08:30:23] INFO: Writing to disk took 10.0979 seconds
# [2024-04-24 08:30:23] INFO: ======================================================================
# [2024-04-24 08:30:23] INFO: Start sweeping...
# [2024-04-24 08:37:25] INFO: It took 422.098 seconds to do 500 HBOR sweeps.
# [2024-04-24 08:37:25] INFO: Plaquette = 0.656254
# [2024-04-24 08:37:25] INFO: Polyakov loop = (-0.000726187,-0.00137466)
# [2024-04-24 08:37:25] INFO: Writing conf to disk...
# [2024-04-24 08:37:25] INFO: writeconf_nersc: Writing NERSC configuration ./conf_s060t20_b0675500_a_U000426000
# [2024-04-24 08:37:28] INFO: Calculated checksum: edfa396c
# [2024-04-24 08:37:38] INFO: Calculated checksum: b0f7059e
# [2024-04-24 08:37:38] INFO: Writing RNGSTATE file: ./rand_s060t20_b0675500_a_U000426000
# [2024-04-24 08:37:38] INFO: Writing to disk took 13.1716 seconds
# [2024-04-24 08:37:38] INFO: ======================================================================
# [2024-04-24 08:37:38] INFO: Start sweeping...
# [2024-04-24 08:44:35] INFO: It took 417.1 seconds to do 500 HBOR sweeps.
# [2024-04-24 08:44:36] INFO: Plaquette = 0.656221
# [2024-04-24 08:44:36] INFO: Polyakov loop = (-0.000806845,-0.0018457)
# [2024-04-24 08:44:36] INFO: Writing conf to disk...
# [2024-04-24 08:44:36] INFO: writeconf_nersc: Writing NERSC configuration ./conf_s060t20_b0675500_a_U000426500
# [2024-04-24 08:44:38] INFO: Calculated checksum: 2b07c3a5
# [2024-04-24 08:44:45] INFO: Calculated checksum: a5fd69e8
# [2024-04-24 08:44:45] INFO: Writing RNGSTATE file: ./rand_s060t20_b0675500_a_U000426500
# [2024-04-24 08:44:45] INFO: Writing to disk took 9.89586 seconds
# [2024-04-24 08:44:45] INFO: ======================================================================
# [2024-04-24 08:44:45] INFO: Start sweeping...
# [2024-04-24 08:51:45] INFO: It took 419.481 seconds to do 500 HBOR sweeps.
# [2024-04-24 08:51:45] INFO: Plaquette = 0.656251
# [2024-04-24 08:51:45] INFO: Polyakov loop = (-0.00167581,-0.000960258)
# [2024-04-24 08:51:45] INFO: Writing conf to disk...
# [2024-04-24 08:51:45] INFO: writeconf_nersc: Writing NERSC configuration ./conf_s060t20_b0675500_a_U000427000
# [2024-04-24 08:51:48] INFO: Calculated checksum: 66ee9c6c
# [2024-04-24 08:51:56] INFO: Calculated checksum: bad0e42d
# [2024-04-24 08:51:56] INFO: Writing RNGSTATE file: ./rand_s060t20_b0675500_a_U000427000
# [2024-04-24 08:51:56] INFO: Writing to disk took 11.1695 seconds
# [2024-04-24 08:51:56] INFO: ======================================================================
# [2024-04-24 08:51:56] INFO: Start sweeping...
# [2024-04-24 08:58:54] INFO: It took 418.305 seconds to do 500 HBOR sweeps.
# [2024-04-24 08:58:55] INFO: Plaquette = 0.656321
# [2024-04-24 08:58:55] INFO: Polyakov loop = (-0.000392615,-0.00122383)
# [2024-04-24 08:58:55] INFO: Writing conf to disk...
# [2024-04-24 08:58:55] INFO: writeconf_nersc: Writing NERSC configuration ./conf_s060t20_b0675500_a_U000427500
# [2024-04-24 08:58:57] INFO: Calculated checksum: 439926ab
# [2024-04-24 08:59:04] INFO: Calculated checksum: d0e0bc51
# [2024-04-24 08:59:04] INFO: Writing RNGSTATE file: ./rand_s060t20_b0675500_a_U000427500
# [2024-04-24 08:59:04] INFO: Writing to disk took 9.66851 seconds
# [2024-04-24 08:59:04] INFO: ======================================================================
# [2024-04-24 08:59:04] INFO: Start sweeping...
# [2024-04-24 09:06:09] INFO: It took 425.111 seconds to do 500 HBOR sweeps.
# [2024-04-24 09:06:10] INFO: Plaquette = 0.656236
# [2024-04-24 09:06:10] INFO: Polyakov loop = (-0.00154996,-0.00237732)
# [2024-04-24 09:06:10] INFO: Writing conf to disk...
# [2024-04-24 09:06:10] INFO: writeconf_nersc: Writing NERSC configuration ./conf_s060t20_b0675500_a_U000428000
# [2024-04-24 09:06:12] INFO: Calculated checksum: 2366de18
# [2024-04-24 09:06:19] INFO: Calculated checksum: 26ba5c73
# [2024-04-24 09:06:19] INFO: Writing RNGSTATE file: ./rand_s060t20_b0675500_a_U000428000
# [2024-04-24 09:06:20] INFO: Writing to disk took 10.1037 seconds
# [2024-04-24 09:06:20] INFO: ======================================================================
# [2024-04-24 09:06:20] INFO: Start sweeping...
# [2024-04-24 09:13:25] INFO: It took 425.06 seconds to do 500 HBOR sweeps.
# [2024-04-24 09:13:25] INFO: Plaquette = 0.656227
# [2024-04-24 09:13:25] INFO: Polyakov loop = (-0.000891603,-0.00175654)
# [2024-04-24 09:13:25] INFO: Writing conf to disk...
# [2024-04-24 09:13:25] INFO: writeconf_nersc: Writing NERSC configuration ./conf_s060t20_b0675500_a_U000428500
# [2024-04-24 09:13:28] INFO: Calculated checksum: 4540b8a7
# [2024-04-24 09:13:34] INFO: Calculated checksum: 54e00f9b
# [2024-04-24 09:13:34] INFO: Writing RNGSTATE file: ./rand_s060t20_b0675500_a_U000428500
# [2024-04-24 09:13:35] INFO: Writing to disk took 9.8408 seconds
# [2024-04-24 09:13:35] INFO: ======================================================================
# [2024-04-24 09:13:35] INFO: Start sweeping...
# [2024-04-24 09:20:40] INFO: It took 425.098 seconds to do 500 HBOR sweeps.
# [2024-04-24 09:20:40] INFO: Plaquette = 0.65624
# [2024-04-24 09:20:40] INFO: Polyakov loop = (-0.00244449,-0.00217768)
# [2024-04-24 09:20:40] INFO: Writing conf to disk...
# [2024-04-24 09:20:40] INFO: writeconf_nersc: Writing NERSC configuration ./conf_s060t20_b0675500_a_U000429000
# [2024-04-24 09:20:43] INFO: Calculated checksum: a234474e
# [2024-04-24 09:20:50] INFO: Calculated checksum: d3f2d53
# [2024-04-24 09:20:50] INFO: Writing RNGSTATE file: ./rand_s060t20_b0675500_a_U000429000
# [2024-04-24 09:20:50] INFO: Writing to disk took 10.1652 seconds
# [2024-04-24 09:20:50] INFO: ======================================================================
# [2024-04-24 09:20:50] INFO: Start sweeping...
# [2024-04-24 09:27:54] INFO: It took 424.251 seconds to do 500 HBOR sweeps.
# [2024-04-24 09:27:54] INFO: Plaquette = 0.656209
# [2024-04-24 09:27:54] INFO: Polyakov loop = (-0.00165349,-0.00135886)
# [2024-04-24 09:27:54] INFO: Writing conf to disk...
# [2024-04-24 09:27:54] INFO: writeconf_nersc: Writing NERSC configuration ./conf_s060t20_b0675500_a_U000429500
# [2024-04-24 09:27:57] INFO: Calculated checksum: 2e08008b
# [2024-04-24 09:28:14] INFO: Calculated checksum: 724351e
# [2024-04-24 09:28:14] INFO: Writing RNGSTATE file: ./rand_s060t20_b0675500_a_U000429500
# [2024-04-24 09:28:14] INFO: Writing to disk took 20.0061 seconds
# [2024-04-24 09:28:14] INFO: ======================================================================
# [2024-04-24 09:28:14] INFO: Start sweeping...
# [2024-04-24 09:35:20] INFO: It took 425.332 seconds to do 500 HBOR sweeps.
# [2024-04-24 09:35:20] INFO: Plaquette = 0.656273
# [2024-04-24 09:35:20] INFO: Polyakov loop = (-0.000777197,-0.00116208)
# [2024-04-24 09:35:20] INFO: Writing conf to disk...
# [2024-04-24 09:35:20] INFO: writeconf_nersc: Writing NERSC configuration ./conf_s060t20_b0675500_a_U000430000
# [2024-04-24 09:35:22] INFO: Calculated checksum: f55989a1
# [2024-04-24 09:35:32] INFO: Calculated checksum: 80fa0ffb
# [2024-04-24 09:35:33] INFO: Writing RNGSTATE file: ./rand_s060t20_b0675500_a_U000430000
# [2024-04-24 09:35:33] INFO: Writing to disk took 13.8718 seconds
# [2024-04-24 09:35:33] INFO: ======================================================================
# [2024-04-24 09:35:33] INFO: Start sweeping...
# [2024-04-24 09:42:35] INFO: It took 421.849 seconds to do 500 HBOR sweeps.
# [2024-04-24 09:42:35] INFO: Plaquette = 0.656336
# [2024-04-24 09:42:35] INFO: Polyakov loop = (-0.001498,-0.00167455)
# [2024-04-24 09:42:35] INFO: Writing conf to disk...
# [2024-04-24 09:42:35] INFO: writeconf_nersc: Writing NERSC configuration ./conf_s060t20_b0675500_a_U000430500
# [2024-04-24 09:42:38] INFO: Calculated checksum: 3cfff1a7
# [2024-04-24 09:42:45] INFO: Calculated checksum: 74cadc49
# [2024-04-24 09:42:45] INFO: Writing RNGSTATE file: ./rand_s060t20_b0675500_a_U000430500
# [2024-04-24 09:42:45] INFO: Writing to disk took 9.769 seconds
# [2024-04-24 09:42:45] INFO: ======================================================================
# [2024-04-24 09:42:45] INFO: Start sweeping...
# [2024-04-24 09:49:44] INFO: It took 418.93 seconds to do 500 HBOR sweeps.
# [2024-04-24 09:49:44] INFO: Plaquette = 0.656323
# [2024-04-24 09:49:44] INFO: Polyakov loop = (-0.0012523,-0.00139744)
# [2024-04-24 09:49:44] INFO: Writing conf to disk...
# [2024-04-24 09:49:44] INFO: writeconf_nersc: Writing NERSC configuration ./conf_s060t20_b0675500_a_U000431000
# [2024-04-24 09:49:47] INFO: Calculated checksum: 4e6eb8f5
# [2024-04-24 09:49:59] INFO: Calculated checksum: be3ea000
# [2024-04-24 09:49:59] INFO: Writing RNGSTATE file: ./rand_s060t20_b0675500_a_U000431000
# [2024-04-24 09:50:00] INFO: Writing to disk took 15.6697 seconds
# [2024-04-24 09:50:00] INFO: ======================================================================
# [2024-04-24 09:50:00] INFO: Start sweeping...
# [2024-04-24 09:56:57] INFO: It took 417.432 seconds to do 500 HBOR sweeps.
# [2024-04-24 09:56:57] INFO: Plaquette = 0.656282
# [2024-04-24 09:56:57] INFO: Polyakov loop = (-0.000755255,-0.00216258)
# [2024-04-24 09:56:57] INFO: Writing conf to disk...
# [2024-04-24 09:56:57] INFO: writeconf_nersc: Writing NERSC configuration ./conf_s060t20_b0675500_a_U000431500
# [2024-04-24 09:57:00] INFO: Calculated checksum: 314f20c3
# [2024-04-24 09:57:07] INFO: Calculated checksum: e46947ed
# [2024-04-24 09:57:07] INFO: Writing RNGSTATE file: ./rand_s060t20_b0675500_a_U000431500
# [2024-04-24 09:57:07] INFO: Writing to disk took 10.1358 seconds
# [2024-04-24 09:57:07] INFO: ======================================================================
# [2024-04-24 09:57:07] INFO: Start sweeping...
# [2024-04-24 10:04:12] INFO: It took 424.352 seconds to do 500 HBOR sweeps.
# [2024-04-24 10:04:12] INFO: Plaquette = 0.656293
# [2024-04-24 10:04:12] INFO: Polyakov loop = (-0.00114576,-0.00182318)
# [2024-04-24 10:04:12] INFO: Writing conf to disk...
# [2024-04-24 10:04:12] INFO: writeconf_nersc: Writing NERSC configuration ./conf_s060t20_b0675500_a_U000432000
# [2024-04-24 10:04:15] INFO: Calculated checksum: 35a4dd44
# [2024-04-24 10:04:22] INFO: Calculated checksum: b8b93efb
# [2024-04-24 10:04:22] INFO: Writing RNGSTATE file: ./rand_s060t20_b0675500_a_U000432000
# [2024-04-24 10:04:22] INFO: Writing to disk took 10.4322 seconds
# [2024-04-24 10:04:22] INFO: ======================================================================
# [2024-04-24 10:04:22] INFO: Start sweeping...
# [2024-04-24 10:11:25] INFO: It took 423.185 seconds to do 500 HBOR sweeps.
# [2024-04-24 10:11:25] INFO: Plaquette = 0.656372
# [2024-04-24 10:11:25] INFO: Polyakov loop = (-0.000521115,-0.00121716)
# [2024-04-24 10:11:25] INFO: Writing conf to disk...
# [2024-04-24 10:11:25] INFO: writeconf_nersc: Writing NERSC configuration ./conf_s060t20_b0675500_a_U000432500
# [2024-04-24 10:11:28] INFO: Calculated checksum: db1b1947
# [2024-04-24 10:11:44] INFO: Calculated checksum: 46bf1d85
# [2024-04-24 10:11:44] INFO: Writing RNGSTATE file: ./rand_s060t20_b0675500_a_U000432500
# [2024-04-24 10:11:44] INFO: Writing to disk took 18.4411 seconds
# [2024-04-24 10:11:44] INFO: ======================================================================
# [2024-04-24 10:11:44] INFO: Start sweeping...
# [2024-04-24 10:18:43] INFO: It took 418.738 seconds to do 500 HBOR sweeps.
# [2024-04-24 10:18:43] INFO: Plaquette = 0.656323
# [2024-04-24 10:18:43] INFO: Polyakov loop = (-0.00039871,-0.0020949)
# [2024-04-24 10:18:43] INFO: Writing conf to disk...
# [2024-04-24 10:18:43] INFO: writeconf_nersc: Writing NERSC configuration ./conf_s060t20_b0675500_a_U000433000
# [2024-04-24 10:18:46] INFO: Calculated checksum: 1e71743
# [2024-04-24 10:18:53] INFO: Calculated checksum: bb33e63c
# [2024-04-24 10:18:53] INFO: Writing RNGSTATE file: ./rand_s060t20_b0675500_a_U000433000
# [2024-04-24 10:18:53] INFO: Writing to disk took 10.1408 seconds
# [2024-04-24 10:18:53] INFO: ======================================================================
# [2024-04-24 10:18:53] INFO: Start sweeping...
# [2024-04-24 10:25:51] INFO: It took 418.513 seconds to do 500 HBOR sweeps.
# [2024-04-24 10:25:51] INFO: Plaquette = 0.656245
# [2024-04-24 10:25:51] INFO: Polyakov loop = (-0.00041834,-0.00275508)
# [2024-04-24 10:25:51] INFO: Writing conf to disk...
# [2024-04-24 10:25:51] INFO: writeconf_nersc: Writing NERSC configuration ./conf_s060t20_b0675500_a_U000433500
# [2024-04-24 10:25:54] INFO: Calculated checksum: 9d122ae7
# [2024-04-24 10:26:03] INFO: Calculated checksum: f3c363fc
# [2024-04-24 10:26:03] INFO: Writing RNGSTATE file: ./rand_s060t20_b0675500_a_U000433500
# [2024-04-24 10:26:04] INFO: Writing to disk took 12.736 seconds
# [2024-04-24 10:26:04] INFO: ======================================================================
# [2024-04-24 10:26:04] INFO: Start sweeping...
# [2024-04-24 10:33:07] INFO: It took 422.777 seconds to do 500 HBOR sweeps.
# [2024-04-24 10:33:07] INFO: Plaquette = 0.65639
# [2024-04-24 10:33:07] INFO: Polyakov loop = (-0.000966988,-0.00279019)
# [2024-04-24 10:33:07] INFO: Writing conf to disk...
# [2024-04-24 10:33:07] INFO: writeconf_nersc: Writing NERSC configuration ./conf_s060t20_b0675500_a_U000434000
# [2024-04-24 10:33:10] INFO: Calculated checksum: 7ea4cc39
# [2024-04-24 10:33:25] INFO: Calculated checksum: 60efd784
# [2024-04-24 10:33:25] INFO: Writing RNGSTATE file: ./rand_s060t20_b0675500_a_U000434000
# [2024-04-24 10:33:25] INFO: Writing to disk took 18.4332 seconds
# [2024-04-24 10:33:25] INFO: ======================================================================
# [2024-04-24 10:33:25] INFO: Start sweeping...
# [2024-04-24 10:40:23] INFO: It took 417.297 seconds to do 500 HBOR sweeps.
# [2024-04-24 10:40:23] INFO: Plaquette = 0.656254
# [2024-04-24 10:40:23] INFO: Polyakov loop = (-0.000404642,-0.00144314)
# [2024-04-24 10:40:23] INFO: Writing conf to disk...
# [2024-04-24 10:40:23] INFO: writeconf_nersc: Writing NERSC configuration ./conf_s060t20_b0675500_a_U000434500
# [2024-04-24 10:40:26] INFO: Calculated checksum: 8fb7a6b1
# [2024-04-24 10:40:33] INFO: Calculated checksum: d3f38f74
# [2024-04-24 10:40:33] INFO: Writing RNGSTATE file: ./rand_s060t20_b0675500_a_U000434500
# [2024-04-24 10:40:34] INFO: Writing to disk took 11.3348 seconds
# [2024-04-24 10:40:34] INFO: ======================================================================
# [2024-04-24 10:40:34] INFO: Start sweeping...
# [2024-04-24 10:47:35] INFO: It took 421.288 seconds to do 500 HBOR sweeps.
# [2024-04-24 10:47:35] INFO: Plaquette = 0.656259
# [2024-04-24 10:47:35] INFO: Polyakov loop = (-0.00151542,-0.00158291)
# [2024-04-24 10:47:35] INFO: Writing conf to disk...
# [2024-04-24 10:47:35] INFO: writeconf_nersc: Writing NERSC configuration ./conf_s060t20_b0675500_a_U000435000
# [2024-04-24 10:47:38] INFO: Calculated checksum: 9a9fd014
# [2024-04-24 10:47:48] INFO: Calculated checksum: 594a7ffe
# [2024-04-24 10:47:48] INFO: Writing RNGSTATE file: ./rand_s060t20_b0675500_a_U000435000
# [2024-04-24 10:47:49] INFO: Writing to disk took 13.088 seconds
# [2024-04-24 10:47:49] INFO: ======================================================================
# [2024-04-24 10:47:49] INFO: Start sweeping...
# [2024-04-24 10:54:46] INFO: It took 417.326 seconds to do 500 HBOR sweeps.
# [2024-04-24 10:54:46] INFO: Plaquette = 0.656299
# [2024-04-24 10:54:46] INFO: Polyakov loop = (-0.00132739,-0.00178957)
# [2024-04-24 10:54:46] INFO: Writing conf to disk...
# [2024-04-24 10:54:46] INFO: writeconf_nersc: Writing NERSC configuration ./conf_s060t20_b0675500_a_U000435500
# [2024-04-24 10:54:49] INFO: Calculated checksum: a1a4edc7
# [2024-04-24 10:55:01] INFO: Calculated checksum: e35695b6
# [2024-04-24 10:55:01] INFO: Writing RNGSTATE file: ./rand_s060t20_b0675500_a_U000435500
# [2024-04-24 10:55:01] INFO: Writing to disk took 15.3681 seconds
# [2024-04-24 10:55:01] INFO: ======================================================================
# [2024-04-24 10:55:01] INFO: Start sweeping...
# [2024-04-24 11:01:59] INFO: It took 417.535 seconds to do 500 HBOR sweeps.
# [2024-04-24 11:01:59] INFO: Plaquette = 0.656267
# [2024-04-24 11:01:59] INFO: Polyakov loop = (-0.000780992,-0.00152532)
# [2024-04-24 11:01:59] INFO: Writing conf to disk...
# [2024-04-24 11:01:59] INFO: writeconf_nersc: Writing NERSC configuration ./conf_s060t20_b0675500_a_U000436000
# [2024-04-24 11:02:02] INFO: Calculated checksum: 4fed312
# [2024-04-24 11:02:13] INFO: Calculated checksum: 90af0d95
# [2024-04-24 11:02:13] INFO: Writing RNGSTATE file: ./rand_s060t20_b0675500_a_U000436000
# [2024-04-24 11:02:13] INFO: Writing to disk took 14.4554 seconds
# [2024-04-24 11:02:13] INFO: ======================================================================
# [2024-04-24 11:02:13] INFO: Start sweeping...
# [2024-04-24 11:09:09] INFO: It took 415.595 seconds to do 500 HBOR sweeps.
# [2024-04-24 11:09:09] INFO: Plaquette = 0.656326
# [2024-04-24 11:09:09] INFO: Polyakov loop = (-0.000924733,-0.00105912)
# [2024-04-24 11:09:09] INFO: Writing conf to disk...
# [2024-04-24 11:09:09] INFO: writeconf_nersc: Writing NERSC configuration ./conf_s060t20_b0675500_a_U000436500
# [2024-04-24 11:09:12] INFO: Calculated checksum: b93d5d3c
# [2024-04-24 11:09:19] INFO: Calculated checksum: 7b65947c
# [2024-04-24 11:09:19] INFO: Writing RNGSTATE file: ./rand_s060t20_b0675500_a_U000436500
# [2024-04-24 11:09:19] INFO: Writing to disk took 9.87231 seconds
# [2024-04-24 11:09:19] INFO: ======================================================================
# [2024-04-24 11:09:19] INFO: Start sweeping...
# [2024-04-24 11:16:19] INFO: It took 419.872 seconds to do 500 HBOR sweeps.
# [2024-04-24 11:16:19] INFO: Plaquette = 0.656302
# [2024-04-24 11:16:19] INFO: Polyakov loop = (-0.00184995,-0.00225488)
# [2024-04-24 11:16:19] INFO: Writing conf to disk...
# [2024-04-24 11:16:19] INFO: writeconf_nersc: Writing NERSC configuration ./conf_s060t20_b0675500_a_U000437000
# [2024-04-24 11:16:22] INFO: Calculated checksum: 5a4ed9e3
# [2024-04-24 11:16:29] INFO: Calculated checksum: e10308d9
# [2024-04-24 11:16:29] INFO: Writing RNGSTATE file: ./rand_s060t20_b0675500_a_U000437000
# [2024-04-24 11:16:30] INFO: Writing to disk took 10.894 seconds
# [2024-04-24 11:16:30] INFO: ======================================================================
# [2024-04-24 11:16:30] INFO: Start sweeping...
# [2024-04-24 11:23:30] INFO: It took 420.244 seconds to do 500 HBOR sweeps.
# [2024-04-24 11:23:30] INFO: Plaquette = 0.656418
# [2024-04-24 11:23:30] INFO: Polyakov loop = (-0.000578461,-0.00139738)
# [2024-04-24 11:23:30] INFO: Writing conf to disk...
# [2024-04-24 11:23:30] INFO: writeconf_nersc: Writing NERSC configuration ./conf_s060t20_b0675500_a_U000437500
# [2024-04-24 11:23:33] INFO: Calculated checksum: ab81f1b6
# [2024-04-24 11:23:41] INFO: Calculated checksum: bbcbd8c4
# [2024-04-24 11:23:41] INFO: Writing RNGSTATE file: ./rand_s060t20_b0675500_a_U000437500
# [2024-04-24 11:23:44] INFO: Writing to disk took 14.3545 seconds
# [2024-04-24 11:23:44] INFO: ======================================================================
# [2024-04-24 11:23:44] INFO: Start sweeping...
# [2024-04-24 11:30:44] INFO: It took 420.175 seconds to do 500 HBOR sweeps.
# [2024-04-24 11:30:45] INFO: Plaquette = 0.656407
# [2024-04-24 11:30:45] INFO: Polyakov loop = (-0.00108548,-0.00124413)
# [2024-04-24 11:30:45] INFO: Writing conf to disk...
# [2024-04-24 11:30:45] INFO: writeconf_nersc: Writing NERSC configuration ./conf_s060t20_b0675500_a_U000438000
# [2024-04-24 11:30:47] INFO: Calculated checksum: 7240ca0
# [2024-04-24 11:31:07] INFO: Calculated checksum: d9641130
# [2024-04-24 11:31:07] INFO: Writing RNGSTATE file: ./rand_s060t20_b0675500_a_U000438000
# [2024-04-24 11:31:07] INFO: Writing to disk took 22.3371 seconds
# [2024-04-24 11:31:07] INFO: ======================================================================
# [2024-04-24 11:31:07] INFO: Start sweeping...
# [2024-04-24 11:38:07] INFO: It took 420.314 seconds to do 500 HBOR sweeps.
# [2024-04-24 11:38:07] INFO: Plaquette = 0.656333
# [2024-04-24 11:38:07] INFO: Polyakov loop = (-0.00163956,-0.00241458)
# [2024-04-24 11:38:07] INFO: Writing conf to disk...
# [2024-04-24 11:38:07] INFO: writeconf_nersc: Writing NERSC configuration ./conf_s060t20_b0675500_a_U000438500
# [2024-04-24 11:38:10] INFO: Calculated checksum: d28409a1
# [2024-04-24 11:38:18] INFO: Calculated checksum: 2f16efce
# [2024-04-24 11:38:18] INFO: Writing RNGSTATE file: ./rand_s060t20_b0675500_a_U000438500
# [2024-04-24 11:38:18] INFO: Writing to disk took 10.9439 seconds
# [2024-04-24 11:38:18] INFO: ======================================================================
# [2024-04-24 11:38:18] INFO: Start sweeping...
# [2024-04-24 11:45:20] INFO: It took 421.619 seconds to do 500 HBOR sweeps.
# [2024-04-24 11:45:20] INFO: Plaquette = 0.656252
# [2024-04-24 11:45:20] INFO: Polyakov loop = (-0.000902208,-0.00110711)
# [2024-04-24 11:45:20] INFO: Writing conf to disk...
# [2024-04-24 11:45:20] INFO: writeconf_nersc: Writing NERSC configuration ./conf_s060t20_b0675500_a_U000439000
# [2024-04-24 11:45:23] INFO: Calculated checksum: 508197d6
# [2024-04-24 11:45:36] INFO: Calculated checksum: ec5ab596
# [2024-04-24 11:45:36] INFO: Writing RNGSTATE file: ./rand_s060t20_b0675500_a_U000439000
# [2024-04-24 11:45:36] INFO: Writing to disk took 16.4198 seconds
# [2024-04-24 11:45:36] INFO: ======================================================================
# [2024-04-24 11:45:36] INFO: Start sweeping...
# [2024-04-24 11:52:38] INFO: It took 421.688 seconds to do 500 HBOR sweeps.
# [2024-04-24 11:52:38] INFO: Plaquette = 0.656354
# [2024-04-24 11:52:38] INFO: Polyakov loop = (8.69779e-07,-0.00194744)
# [2024-04-24 11:52:38] INFO: Writing conf to disk...
# [2024-04-24 11:52:38] INFO: writeconf_nersc: Writing NERSC configuration ./conf_s060t20_b0675500_a_U000439500
# [2024-04-24 11:52:41] INFO: Calculated checksum: e6e920fb
# [2024-04-24 11:52:48] INFO: Calculated checksum: 2bfd830d
# [2024-04-24 11:52:48] INFO: Writing RNGSTATE file: ./rand_s060t20_b0675500_a_U000439500
# [2024-04-24 11:52:48] INFO: Writing to disk took 10.1092 seconds
# [2024-04-24 11:52:48] INFO: ======================================================================
# [2024-04-24 11:52:48] INFO: Start sweeping...
# [2024-04-24 11:59:47] INFO: It took 418.539 seconds to do 500 HBOR sweeps.
# [2024-04-24 11:59:47] INFO: Plaquette = 0.656297
# [2024-04-24 11:59:47] INFO: Polyakov loop = (-0.00152053,-0.00212023)
# [2024-04-24 11:59:47] INFO: Writing conf to disk...
# [2024-04-24 11:59:47] INFO: writeconf_nersc: Writing NERSC configuration ./conf_s060t20_b0675500_a_U000440000
# [2024-04-24 11:59:51] INFO: Calculated checksum: 844d68c2
# [2024-04-24 11:59:59] INFO: Calculated checksum: 2010d29c
# [2024-04-24 11:59:59] INFO: Writing RNGSTATE file: ./rand_s060t20_b0675500_a_U000440000
# [2024-04-24 12:00:00] INFO: Writing to disk took 12.6279 seconds
# [2024-04-24 12:00:00] INFO: ======================================================================
# [2024-04-24 12:00:00] INFO: Start sweeping...
# [2024-04-24 12:07:02] INFO: It took 422.26 seconds to do 500 HBOR sweeps.
# [2024-04-24 12:07:02] INFO: Plaquette = 0.656272
# [2024-04-24 12:07:02] INFO: Polyakov loop = (-0.000774437,-0.00150247)
# [2024-04-24 12:07:02] INFO: Writing conf to disk...
# [2024-04-24 12:07:02] INFO: writeconf_nersc: Writing NERSC configuration ./conf_s060t20_b0675500_a_U000440500
# [2024-04-24 12:07:05] INFO: Calculated checksum: 49405f3
# [2024-04-24 12:07:16] INFO: Calculated checksum: b6c27512
# [2024-04-24 12:07:16] INFO: Writing RNGSTATE file: ./rand_s060t20_b0675500_a_U000440500
# [2024-04-24 12:07:16] INFO: Writing to disk took 14.2485 seconds
# [2024-04-24 12:07:16] INFO: ======================================================================
# [2024-04-24 12:07:16] INFO: Start sweeping...
# [2024-04-24 12:14:14] INFO: It took 417.539 seconds to do 500 HBOR sweeps.
# [2024-04-24 12:14:14] INFO: Plaquette = 0.656219
# [2024-04-24 12:14:14] INFO: Polyakov loop = (-0.00175676,-0.00157822)
# [2024-04-24 12:14:14] INFO: Writing conf to disk...
# [2024-04-24 12:14:14] INFO: writeconf_nersc: Writing NERSC configuration ./conf_s060t20_b0675500_a_U000441000
# [2024-04-24 12:14:17] INFO: Calculated checksum: f45c54ad
# [2024-04-24 12:14:29] INFO: Calculated checksum: d41e278b
# [2024-04-24 12:14:29] INFO: Writing RNGSTATE file: ./rand_s060t20_b0675500_a_U000441000
# [2024-04-24 12:14:29] INFO: Writing to disk took 15.5196 seconds
# [2024-04-24 12:14:29] INFO: ======================================================================
# [2024-04-24 12:14:29] INFO: Start sweeping...
# [2024-04-24 12:21:31] INFO: It took 421.44 seconds to do 500 HBOR sweeps.
# [2024-04-24 12:21:31] INFO: Plaquette = 0.656242
# [2024-04-24 12:21:31] INFO: Polyakov loop = (-0.000311215,-0.00219314)
# [2024-04-24 12:21:31] INFO: Writing conf to disk...
# [2024-04-24 12:21:31] INFO: writeconf_nersc: Writing NERSC configuration ./conf_s060t20_b0675500_a_U000441500
# [2024-04-24 12:21:34] INFO: Calculated checksum: 9b51175c
# [2024-04-24 12:21:43] INFO: Calculated checksum: 2d0a62ef
# [2024-04-24 12:21:43] INFO: Writing RNGSTATE file: ./rand_s060t20_b0675500_a_U000441500
# [2024-04-24 12:21:43] INFO: Writing to disk took 12.0343 seconds
# [2024-04-24 12:21:43] INFO: ======================================================================
# [2024-04-24 12:21:43] INFO: Start sweeping...
# [2024-04-24 12:28:44] INFO: It took 421.139 seconds to do 500 HBOR sweeps.
# [2024-04-24 12:28:44] INFO: Plaquette = 0.656317
# [2024-04-24 12:28:44] INFO: Polyakov loop = (-0.00156713,-0.0023081)
# [2024-04-24 12:28:44] INFO: Writing conf to disk...
# [2024-04-24 12:28:44] INFO: writeconf_nersc: Writing NERSC configuration ./conf_s060t20_b0675500_a_U000442000
# [2024-04-24 12:28:47] INFO: Calculated checksum: ca4a4a6c
# [2024-04-24 12:28:58] INFO: Calculated checksum: a3806bd8
# [2024-04-24 12:28:58] INFO: Writing RNGSTATE file: ./rand_s060t20_b0675500_a_U000442000
# [2024-04-24 12:28:59] INFO: Writing to disk took 14.6882 seconds
# [2024-04-24 12:28:59] INFO: ======================================================================
# [2024-04-24 12:28:59] INFO: Start sweeping...
# [2024-04-24 12:36:01] INFO: It took 422.151 seconds to do 500 HBOR sweeps.
# [2024-04-24 12:36:01] INFO: Plaquette = 0.656315
# [2024-04-24 12:36:01] INFO: Polyakov loop = (-0.00037951,-0.000772053)
# [2024-04-24 12:36:01] INFO: Writing conf to disk...
# [2024-04-24 12:36:01] INFO: writeconf_nersc: Writing NERSC configuration ./conf_s060t20_b0675500_a_U000442500
# [2024-04-24 12:36:04] INFO: Calculated checksum: 702f88fc
# [2024-04-24 12:36:23] INFO: Calculated checksum: 8f4365c
# [2024-04-24 12:36:23] INFO: Writing RNGSTATE file: ./rand_s060t20_b0675500_a_U000442500
# [2024-04-24 12:36:23] INFO: Writing to disk took 22.5451 seconds
# [2024-04-24 12:36:23] INFO: ======================================================================
# [2024-04-24 12:36:23] INFO: Start sweeping...
# [2024-04-24 12:43:26] INFO: It took 422.175 seconds to do 500 HBOR sweeps.
# [2024-04-24 12:43:26] INFO: Plaquette = 0.656253
# [2024-04-24 12:43:26] INFO: Polyakov loop = (-0.000993147,-0.00139391)
# [2024-04-24 12:43:26] INFO: Writing conf to disk...
# [2024-04-24 12:43:26] INFO: writeconf_nersc: Writing NERSC configuration ./conf_s060t20_b0675500_a_U000443000
# [2024-04-24 12:43:29] INFO: Calculated checksum: e8883d49
# [2024-04-24 12:43:42] INFO: Calculated checksum: 4270fd8f
# [2024-04-24 12:43:42] INFO: Writing RNGSTATE file: ./rand_s060t20_b0675500_a_U000443000
# [2024-04-24 12:43:42] INFO: Writing to disk took 16.7422 seconds
# [2024-04-24 12:43:42] INFO: ======================================================================
# [2024-04-24 12:43:42] INFO: Start sweeping...
# [2024-04-24 12:50:42] INFO: It took 419.867 seconds to do 500 HBOR sweeps.
# [2024-04-24 12:50:42] INFO: Plaquette = 0.656213
# [2024-04-24 12:50:42] INFO: Polyakov loop = (-0.00135924,-0.00179082)
# [2024-04-24 12:50:42] INFO: Writing conf to disk...
# [2024-04-24 12:50:42] INFO: writeconf_nersc: Writing NERSC configuration ./conf_s060t20_b0675500_a_U000443500
# [2024-04-24 12:50:45] INFO: Calculated checksum: f24a7b5b
# [2024-04-24 12:51:02] INFO: Calculated checksum: 9538c994
# [2024-04-24 12:51:02] INFO: Writing RNGSTATE file: ./rand_s060t20_b0675500_a_U000443500
# [2024-04-24 12:51:03] INFO: Writing to disk took 20.2611 seconds
# [2024-04-24 12:51:03] INFO: ======================================================================
# [2024-04-24 12:51:03] INFO: Start sweeping...
# [2024-04-24 12:58:02] INFO: It took 419.327 seconds to do 500 HBOR sweeps.
# [2024-04-24 12:58:02] INFO: Plaquette = 0.656195
# [2024-04-24 12:58:02] INFO: Polyakov loop = (-0.000838145,-0.00226979)
# [2024-04-24 12:58:02] INFO: Writing conf to disk...
# [2024-04-24 12:58:02] INFO: writeconf_nersc: Writing NERSC configuration ./conf_s060t20_b0675500_a_U000444000
# [2024-04-24 12:58:05] INFO: Calculated checksum: 68a9f6a0
# [2024-04-24 12:58:17] INFO: Calculated checksum: 5ba7f126
# [2024-04-24 12:58:17] INFO: Writing RNGSTATE file: ./rand_s060t20_b0675500_a_U000444000
# [2024-04-24 12:58:18] INFO: Writing to disk took 15.6846 seconds
# [2024-04-24 12:58:18] INFO: ======================================================================
# [2024-04-24 12:58:18] INFO: Start sweeping...
# [2024-04-24 13:05:18] INFO: It took 420.242 seconds to do 500 HBOR sweeps.
# [2024-04-24 13:05:18] INFO: Plaquette = 0.656306
# [2024-04-24 13:05:18] INFO: Polyakov loop = (-0.0014355,-0.00219126)
# [2024-04-24 13:05:18] INFO: Writing conf to disk...
# [2024-04-24 13:05:18] INFO: writeconf_nersc: Writing NERSC configuration ./conf_s060t20_b0675500_a_U000444500
# [2024-04-24 13:05:22] INFO: Calculated checksum: e0bd2cef
# [2024-04-24 13:05:35] INFO: Calculated checksum: 47166b21
# [2024-04-24 13:05:35] INFO: Writing RNGSTATE file: ./rand_s060t20_b0675500_a_U000444500
# [2024-04-24 13:05:35] INFO: Writing to disk took 16.6437 seconds
# [2024-04-24 13:05:35] INFO: ======================================================================
# [2024-04-24 13:05:35] INFO: Start sweeping...
# [2024-04-24 13:12:37] INFO: It took 421.652 seconds to do 500 HBOR sweeps.
# [2024-04-24 13:12:37] INFO: Plaquette = 0.656261
# [2024-04-24 13:12:37] INFO: Polyakov loop = (-0.00158032,-0.00207974)
# [2024-04-24 13:12:37] INFO: Writing conf to disk...
# [2024-04-24 13:12:37] INFO: writeconf_nersc: Writing NERSC configuration ./conf_s060t20_b0675500_a_U000445000
# [2024-04-24 13:12:40] INFO: Calculated checksum: b87adc88
# [2024-04-24 13:12:56] INFO: Calculated checksum: 652cf35
# [2024-04-24 13:12:56] INFO: Writing RNGSTATE file: ./rand_s060t20_b0675500_a_U000445000
# [2024-04-24 13:12:56] INFO: Writing to disk took 19.16 seconds
# [2024-04-24 13:12:56] INFO: ======================================================================
# [2024-04-24 13:12:56] INFO: Start sweeping...
# [2024-04-24 13:19:54] INFO: It took 417.842 seconds to do 500 HBOR sweeps.
# [2024-04-24 13:19:54] INFO: Plaquette = 0.656274
# [2024-04-24 13:19:54] INFO: Polyakov loop = (-0.000860873,-0.00210393)
# [2024-04-24 13:19:54] INFO: Writing conf to disk...
# [2024-04-24 13:19:54] INFO: writeconf_nersc: Writing NERSC configuration ./conf_s060t20_b0675500_a_U000445500
# [2024-04-24 13:19:57] INFO: Calculated checksum: 486f4792
# [2024-04-24 13:20:13] INFO: Calculated checksum: 2a844fbe
# [2024-04-24 13:20:13] INFO: Writing RNGSTATE file: ./rand_s060t20_b0675500_a_U000445500
# [2024-04-24 13:20:13] INFO: Writing to disk took 19.5956 seconds
# [2024-04-24 13:20:13] INFO: ======================================================================
# [2024-04-24 13:20:13] INFO: Start sweeping...
# [2024-04-24 13:27:11] INFO: It took 417.439 seconds to do 500 HBOR sweeps.
# [2024-04-24 13:27:11] INFO: Plaquette = 0.656179
# [2024-04-24 13:27:11] INFO: Polyakov loop = (-0.000498077,-0.0011033)
# [2024-04-24 13:27:11] INFO: Writing conf to disk...
# [2024-04-24 13:27:11] INFO: writeconf_nersc: Writing NERSC configuration ./conf_s060t20_b0675500_a_U000446000
# [2024-04-24 13:27:14] INFO: Calculated checksum: a4f689e2
# [2024-04-24 13:27:24] INFO: Calculated checksum: 58d08b99
# [2024-04-24 13:27:24] INFO: Writing RNGSTATE file: ./rand_s060t20_b0675500_a_U000446000
# [2024-04-24 13:27:25] INFO: Writing to disk took 13.7205 seconds
# [2024-04-24 13:27:25] INFO: ======================================================================
# [2024-04-24 13:27:25] INFO: Start sweeping...
# [2024-04-24 13:34:26] INFO: It took 420.903 seconds to do 500 HBOR sweeps.
# [2024-04-24 13:34:26] INFO: Plaquette = 0.656225
# [2024-04-24 13:34:26] INFO: Polyakov loop = (-0.000964086,-0.00170522)
# [2024-04-24 13:34:26] INFO: Writing conf to disk...
# [2024-04-24 13:34:26] INFO: writeconf_nersc: Writing NERSC configuration ./conf_s060t20_b0675500_a_U000446500
# [2024-04-24 13:34:28] INFO: Calculated checksum: a3117ae0
# [2024-04-24 13:34:37] INFO: Calculated checksum: 6e27bb21
# [2024-04-24 13:34:37] INFO: Writing RNGSTATE file: ./rand_s060t20_b0675500_a_U000446500
# [2024-04-24 13:34:38] INFO: Writing to disk took 12.4984 seconds
# [2024-04-24 13:34:38] INFO: ======================================================================
# [2024-04-24 13:34:38] INFO: Start sweeping...
# [2024-04-24 13:41:34] INFO: It took 416.069 seconds to do 500 HBOR sweeps.
# [2024-04-24 13:41:34] INFO: Plaquette = 0.656259
# [2024-04-24 13:41:34] INFO: Polyakov loop = (-0.0013619,-0.00221568)
# [2024-04-24 13:41:34] INFO: Writing conf to disk...
# [2024-04-24 13:41:34] INFO: writeconf_nersc: Writing NERSC configuration ./conf_s060t20_b0675500_a_U000447000
# [2024-04-24 13:41:37] INFO: Calculated checksum: d29b2c1d
# [2024-04-24 13:41:49] INFO: Calculated checksum: 773f33b9
# [2024-04-24 13:41:50] INFO: Writing RNGSTATE file: ./rand_s060t20_b0675500_a_U000447000
# [2024-04-24 13:41:53] INFO: Writing to disk took 18.5269 seconds
# [2024-04-24 13:41:53] INFO: ======================================================================
# [2024-04-24 13:41:53] INFO: Start sweeping...
# [2024-04-24 13:48:50] INFO: It took 417.634 seconds to do 500 HBOR sweeps.
# [2024-04-24 13:48:50] INFO: Plaquette = 0.656325
# [2024-04-24 13:48:50] INFO: Polyakov loop = (-0.000529462,-0.00157815)
# [2024-04-24 13:48:50] INFO: Writing conf to disk...
# [2024-04-24 13:48:50] INFO: writeconf_nersc: Writing NERSC configuration ./conf_s060t20_b0675500_a_U000447500
# [2024-04-24 13:48:54] INFO: Calculated checksum: 7103f756
# [2024-04-24 13:49:04] INFO: Calculated checksum: f9ddf9bd
# [2024-04-24 13:49:04] INFO: Writing RNGSTATE file: ./rand_s060t20_b0675500_a_U000447500
# [2024-04-24 13:49:04] INFO: Writing to disk took 13.5206 seconds
# [2024-04-24 13:49:04] INFO: ======================================================================
# [2024-04-24 13:49:04] INFO: Start sweeping...
# [2024-04-24 13:56:07] INFO: It took 422.698 seconds to do 500 HBOR sweeps.
# [2024-04-24 13:56:07] INFO: Plaquette = 0.656275
# [2024-04-24 13:56:07] INFO: Polyakov loop = (-0.000558069,-0.00153496)
# [2024-04-24 13:56:07] INFO: Writing conf to disk...
# [2024-04-24 13:56:07] INFO: writeconf_nersc: Writing NERSC configuration ./conf_s060t20_b0675500_a_U000448000
# [2024-04-24 13:56:10] INFO: Calculated checksum: a8ce397d
# [2024-04-24 13:56:27] INFO: Calculated checksum: fd20f550
# [2024-04-24 13:56:27] INFO: Writing RNGSTATE file: ./rand_s060t20_b0675500_a_U000448000
# [2024-04-24 13:56:27] INFO: Writing to disk took 20.139 seconds
# [2024-04-24 13:56:27] INFO: ======================================================================
# [2024-04-24 13:56:27] INFO: Start sweeping...
# [2024-04-24 14:03:29] INFO: It took 422.114 seconds to do 500 HBOR sweeps.
# [2024-04-24 14:03:29] INFO: Plaquette = 0.656212
# [2024-04-24 14:03:29] INFO: Polyakov loop = (-0.000681831,-0.00238941)
# [2024-04-24 14:03:29] INFO: Writing conf to disk...
# [2024-04-24 14:03:29] INFO: writeconf_nersc: Writing NERSC configuration ./conf_s060t20_b0675500_a_U000448500
# [2024-04-24 14:03:32] INFO: Calculated checksum: 82577d72
# [2024-04-24 14:03:46] INFO: Calculated checksum: 72b2a2c0
# [2024-04-24 14:03:46] INFO: Writing RNGSTATE file: ./rand_s060t20_b0675500_a_U000448500
# [2024-04-24 14:03:46] INFO: Writing to disk took 17.1028 seconds
# [2024-04-24 14:03:46] INFO: ======================================================================
# [2024-04-24 14:03:46] INFO: Start sweeping...
# [2024-04-24 14:10:50] INFO: It took 423.609 seconds to do 500 HBOR sweeps.
# [2024-04-24 14:10:50] INFO: Plaquette = 0.656271
# [2024-04-24 14:10:50] INFO: Polyakov loop = (-0.000485356,-0.00192178)
# [2024-04-24 14:10:50] INFO: Writing conf to disk...
# [2024-04-24 14:10:50] INFO: writeconf_nersc: Writing NERSC configuration ./conf_s060t20_b0675500_a_U000449000
# [2024-04-24 14:10:54] INFO: Calculated checksum: 744b2497
# [2024-04-24 14:11:06] INFO: Calculated checksum: 6d429bd3
# [2024-04-24 14:11:06] INFO: Writing RNGSTATE file: ./rand_s060t20_b0675500_a_U000449000
# [2024-04-24 14:11:06] INFO: Writing to disk took 15.9935 seconds
# [2024-04-24 14:11:06] INFO: ======================================================================
# [2024-04-24 14:11:06] INFO: Start sweeping...
# [2024-04-24 14:18:10] INFO: It took 424.265 seconds to do 500 HBOR sweeps.
# [2024-04-24 14:18:10] INFO: Plaquette = 0.656376
# [2024-04-24 14:18:10] INFO: Polyakov loop = (-0.00112476,-0.00188451)
# [2024-04-24 14:18:10] INFO: Writing conf to disk...
# [2024-04-24 14:18:10] INFO: writeconf_nersc: Writing NERSC configuration ./conf_s060t20_b0675500_a_U000449500
# [2024-04-24 14:18:13] INFO: Calculated checksum: d7d78451
# [2024-04-24 14:18:21] INFO: Calculated checksum: 503f6261
# [2024-04-24 14:18:21] INFO: Writing RNGSTATE file: ./rand_s060t20_b0675500_a_U000449500
# [2024-04-24 14:18:21] INFO: Writing to disk took 10.7069 seconds
# [2024-04-24 14:18:21] INFO: ======================================================================
# [2024-04-24 14:18:21] INFO: Start sweeping...
# [2024-04-24 14:25:25] INFO: It took 423.909 seconds to do 500 HBOR sweeps.
# [2024-04-24 14:25:25] INFO: Plaquette = 0.6563
# [2024-04-24 14:25:25] INFO: Polyakov loop = (-0.000581685,-0.00277433)
# [2024-04-24 14:25:25] INFO: Writing conf to disk...
# [2024-04-24 14:25:25] INFO: writeconf_nersc: Writing NERSC configuration ./conf_s060t20_b0675500_a_U000450000
# [2024-04-24 14:25:28] INFO: Calculated checksum: 4d3d0f7b
# [2024-04-24 14:25:36] INFO: Calculated checksum: 6d51bad3
# [2024-04-24 14:25:36] INFO: Writing RNGSTATE file: ./rand_s060t20_b0675500_a_U000450000
# [2024-04-24 14:25:36] INFO: Writing to disk took 10.7922 seconds
# [2024-04-24 14:25:36] INFO: Finalizing MPI
