
Currently Loaded Modules:
  1) chpc/1.0      (S)   3) gcc/8.5.0      5) mpich/3.4.2
  2) python/3.10.3       4) cmake/3.26.0   6) cuda/11.6.2 (g)

  Where:
   S:  Module is Sticky, requires --force to unload or purge
   g:  built for GPU

 

# [2024-04-23 15:13:25] INFO: Running SIMULATeQCD
# [2024-04-23 15:13:25] INFO: Git commit version: 43e2518
# [2024-04-23 15:13:25] INFO: Initializing MPI with (1 proc)
# [2024-04-23 15:13:25] INFO: Reading parameters from file :: GenerateQuenched_b6534.param
# [2024-04-23 15:13:25] INFO: # PARAM :: Lattice = 60 60 60 20 
# [2024-04-23 15:13:25] INFO: # PARAM :: Nodes = 1 1 1 1 
# [2024-04-23 15:13:25] INFO: # PARAM :: Topology = 0 0 0 0  (default)
# [2024-04-23 15:13:25] INFO: # PARAM :: beta = 6.534
# [2024-04-23 15:13:25] INFO: # PARAM :: format = nersc
# [2024-04-23 15:13:25] INFO: # PARAM :: endianness = auto
# [2024-04-23 15:13:25] INFO: # PARAM :: conf_nr = 400000
# [2024-04-23 15:13:25] INFO: # PARAM :: stream = a
# [2024-04-23 15:13:25] INFO: # PARAM :: prec_out = 0 (default)
# [2024-04-23 15:13:25] INFO: # PARAM :: measurements_dir = ./ (default)
# [2024-04-23 15:13:25] INFO: # PARAM :: use_unit_conf = 0 (default)
# [2024-04-23 15:13:25] INFO: # PARAM :: output_dir = .
# [2024-04-23 15:13:25] INFO: # PARAM :: nconfs = 100
# [2024-04-23 15:13:25] INFO: # PARAM :: nsweeps_ORperHB = 4
# [2024-04-23 15:13:25] INFO: # PARAM :: nsweeps_HBwithOR = 500
# [2024-04-23 15:13:25] INFO: # PARAM :: prev_conf = conf_s060t20_b0653400_a_U000400000
# [2024-04-23 15:13:25] INFO: # PARAM :: prev_rand = rand_s060t20_b0653400_a_U000400000
# [2024-04-23 15:13:25] INFO: > Running on:
# [2024-04-23 15:13:25] INFO: [Rank 0] > notch271 CPU_44 GPU_3F; MPI: world_rank=0, node_rank=0, coord: ( 0 0 0 0 )
# [2024-04-23 15:13:25] INFO: > Is MPI CUDA-aware? @compilation 
# [2024-04-23 15:13:25] INFO: > GPU compute capability: 75
# [2024-04-23 15:13:25] INFO: > Checking support for P2P (Peer-to-Peer) and UVA (Unified Virtual Addressing):
# [2024-04-23 15:13:25] INFO: [Rank 0] > notch271 GPU_3F(NVIDIA GeForce RTX 2080 Ti): P2P NO ; UVA YES
# [2024-04-23 15:13:26] INFO: Initialize Indexer with HaloDepth = 1[0;33m[0m
# [2024-04-23 15:13:26] INFO: Resuming previous run.
# [2024-04-23 15:13:26] INFO: readconf_nersc: Reading NERSC configuration conf_s060t20_b0653400_a_U000400000
# [2024-04-23 15:13:37] INFO: Next conf_number will be 400500
# [2024-04-23 15:13:37] INFO: Generating up to 100 confs with a separation of 500 HBOR sweeps (OR/HB = 4) ...
# [2024-04-23 15:13:37] INFO: ======================================================================
# [2024-04-23 15:13:37] INFO: Start sweeping...
# [2024-04-23 15:20:17] INFO: It took 399.927 seconds to do 500 HBOR sweeps.
# [2024-04-23 15:20:17] INFO: Plaquette = 0.640863
# [2024-04-23 15:20:17] INFO: Polyakov loop = (-0.000490606,-0.000494265)
# [2024-04-23 15:20:17] INFO: Writing conf to disk...
# [2024-04-23 15:20:17] INFO: writeconf_nersc: Writing NERSC configuration ./conf_s060t20_b0653400_a_U000400500
# [2024-04-23 15:20:19] INFO: Calculated checksum: 236d892c
# [2024-04-23 15:20:25] INFO: Calculated checksum: 8abde3e5
# [2024-04-23 15:20:25] INFO: Writing RNGSTATE file: ./rand_s060t20_b0653400_a_U000400500
# [2024-04-23 15:20:25] INFO: Writing to disk took 8.17591 seconds
# [2024-04-23 15:20:25] INFO: ======================================================================
# [2024-04-23 15:20:25] INFO: Start sweeping...
# [2024-04-23 15:27:06] INFO: It took 401.368 seconds to do 500 HBOR sweeps.
# [2024-04-23 15:27:06] INFO: Plaquette = 0.640936
# [2024-04-23 15:27:06] INFO: Polyakov loop = (0.000763151,5.79979e-05)
# [2024-04-23 15:27:06] INFO: Writing conf to disk...
# [2024-04-23 15:27:06] INFO: writeconf_nersc: Writing NERSC configuration ./conf_s060t20_b0653400_a_U000401000
# [2024-04-23 15:27:09] INFO: Calculated checksum: ca67e74
# [2024-04-23 15:27:18] INFO: Calculated checksum: 3fe19141
# [2024-04-23 15:27:18] INFO: Writing RNGSTATE file: ./rand_s060t20_b0653400_a_U000401000
# [2024-04-23 15:27:19] INFO: Writing to disk took 12.4074 seconds
# [2024-04-23 15:27:19] INFO: ======================================================================
# [2024-04-23 15:27:19] INFO: Start sweeping...
# [2024-04-23 15:34:00] INFO: It took 401.319 seconds to do 500 HBOR sweeps.
# [2024-04-23 15:34:00] INFO: Plaquette = 0.640852
# [2024-04-23 15:34:00] INFO: Polyakov loop = (0.00028798,-0.000145294)
# [2024-04-23 15:34:00] INFO: Writing conf to disk...
# [2024-04-23 15:34:00] INFO: writeconf_nersc: Writing NERSC configuration ./conf_s060t20_b0653400_a_U000401500
# [2024-04-23 15:34:03] INFO: Calculated checksum: 5fdfa441
# [2024-04-23 15:34:17] INFO: Calculated checksum: e2193284
# [2024-04-23 15:34:17] INFO: Writing RNGSTATE file: ./rand_s060t20_b0653400_a_U000401500
# [2024-04-23 15:34:18] INFO: Writing to disk took 17.6904 seconds
# [2024-04-23 15:34:18] INFO: ======================================================================
# [2024-04-23 15:34:18] INFO: Start sweeping...
# [2024-04-23 15:40:59] INFO: It took 401.228 seconds to do 500 HBOR sweeps.
# [2024-04-23 15:40:59] INFO: Plaquette = 0.640977
# [2024-04-23 15:40:59] INFO: Polyakov loop = (0.000774952,0.000560834)
# [2024-04-23 15:40:59] INFO: Writing conf to disk...
# [2024-04-23 15:40:59] INFO: writeconf_nersc: Writing NERSC configuration ./conf_s060t20_b0653400_a_U000402000
# [2024-04-23 15:41:02] INFO: Calculated checksum: 127b14ef
# [2024-04-23 15:41:10] INFO: Calculated checksum: d4cdeff4
# [2024-04-23 15:41:10] INFO: Writing RNGSTATE file: ./rand_s060t20_b0653400_a_U000402000
# [2024-04-23 15:41:10] INFO: Writing to disk took 10.7621 seconds
# [2024-04-23 15:41:10] INFO: ======================================================================
# [2024-04-23 15:41:10] INFO: Start sweeping...
# [2024-04-23 15:47:51] INFO: It took 401.267 seconds to do 500 HBOR sweeps.
# [2024-04-23 15:47:51] INFO: Plaquette = 0.640848
# [2024-04-23 15:47:51] INFO: Polyakov loop = (0.000439656,0.000584003)
# [2024-04-23 15:47:51] INFO: Writing conf to disk...
# [2024-04-23 15:47:51] INFO: writeconf_nersc: Writing NERSC configuration ./conf_s060t20_b0653400_a_U000402500
# [2024-04-23 15:47:54] INFO: Calculated checksum: 45a756ce
# [2024-04-23 15:47:59] INFO: Calculated checksum: 64880164
# [2024-04-23 15:47:59] INFO: Writing RNGSTATE file: ./rand_s060t20_b0653400_a_U000402500
# [2024-04-23 15:47:59] INFO: Writing to disk took 8.2543 seconds
# [2024-04-23 15:47:59] INFO: ======================================================================
# [2024-04-23 15:47:59] INFO: Start sweeping...
# [2024-04-23 15:54:41] INFO: It took 401.333 seconds to do 500 HBOR sweeps.
# [2024-04-23 15:54:41] INFO: Plaquette = 0.64088
# [2024-04-23 15:54:41] INFO: Polyakov loop = (0.000358426,-0.000577691)
# [2024-04-23 15:54:41] INFO: Writing conf to disk...
# [2024-04-23 15:54:41] INFO: writeconf_nersc: Writing NERSC configuration ./conf_s060t20_b0653400_a_U000403000
# [2024-04-23 15:54:44] INFO: Calculated checksum: c3c8b459
# [2024-04-23 15:54:50] INFO: Calculated checksum: 203505a5
# [2024-04-23 15:54:50] INFO: Writing RNGSTATE file: ./rand_s060t20_b0653400_a_U000403000
# [2024-04-23 15:54:50] INFO: Writing to disk took 9.4498 seconds
# [2024-04-23 15:54:50] INFO: ======================================================================
# [2024-04-23 15:54:50] INFO: Start sweeping...
# [2024-04-23 16:01:32] INFO: It took 401.303 seconds to do 500 HBOR sweeps.
# [2024-04-23 16:01:32] INFO: Plaquette = 0.640879
# [2024-04-23 16:01:32] INFO: Polyakov loop = (-0.000607023,-0.000143048)
# [2024-04-23 16:01:32] INFO: Writing conf to disk...
# [2024-04-23 16:01:32] INFO: writeconf_nersc: Writing NERSC configuration ./conf_s060t20_b0653400_a_U000403500
# [2024-04-23 16:01:35] INFO: Calculated checksum: 5e82a18a
# [2024-04-23 16:01:49] INFO: Calculated checksum: 44bd3158
# [2024-04-23 16:01:49] INFO: Writing RNGSTATE file: ./rand_s060t20_b0653400_a_U000403500
# [2024-04-23 16:01:49] INFO: Writing to disk took 17.1671 seconds
# [2024-04-23 16:01:49] INFO: ======================================================================
# [2024-04-23 16:01:49] INFO: Start sweeping...
# [2024-04-23 16:08:30] INFO: It took 401.083 seconds to do 500 HBOR sweeps.
# [2024-04-23 16:08:30] INFO: Plaquette = 0.640795
# [2024-04-23 16:08:30] INFO: Polyakov loop = (0.000283425,-0.000501067)
# [2024-04-23 16:08:30] INFO: Writing conf to disk...
# [2024-04-23 16:08:30] INFO: writeconf_nersc: Writing NERSC configuration ./conf_s060t20_b0653400_a_U000404000
# [2024-04-23 16:08:33] INFO: Calculated checksum: df245259
# [2024-04-23 16:08:42] INFO: Calculated checksum: b6ad2cad
# [2024-04-23 16:08:42] INFO: Writing RNGSTATE file: ./rand_s060t20_b0653400_a_U000404000
# [2024-04-23 16:08:42] INFO: Writing to disk took 12.2775 seconds
# [2024-04-23 16:08:42] INFO: ======================================================================
# [2024-04-23 16:08:42] INFO: Start sweeping...
# [2024-04-23 16:15:23] INFO: It took 401.166 seconds to do 500 HBOR sweeps.
# [2024-04-23 16:15:23] INFO: Plaquette = 0.640814
# [2024-04-23 16:15:23] INFO: Polyakov loop = (-0.000339151,-0.000454716)
# [2024-04-23 16:15:23] INFO: Writing conf to disk...
# [2024-04-23 16:15:23] INFO: writeconf_nersc: Writing NERSC configuration ./conf_s060t20_b0653400_a_U000404500
# [2024-04-23 16:15:26] INFO: Calculated checksum: 626520c6
# [2024-04-23 16:15:33] INFO: Calculated checksum: 4260c906
# [2024-04-23 16:15:33] INFO: Writing RNGSTATE file: ./rand_s060t20_b0653400_a_U000404500
# [2024-04-23 16:15:34] INFO: Writing to disk took 10.1334 seconds
# [2024-04-23 16:15:34] INFO: ======================================================================
# [2024-04-23 16:15:34] INFO: Start sweeping...
# [2024-04-23 16:22:15] INFO: It took 401.302 seconds to do 500 HBOR sweeps.
# [2024-04-23 16:22:15] INFO: Plaquette = 0.640908
# [2024-04-23 16:22:15] INFO: Polyakov loop = (-0.000963648,-0.0008589)
# [2024-04-23 16:22:15] INFO: Writing conf to disk...
# [2024-04-23 16:22:15] INFO: writeconf_nersc: Writing NERSC configuration ./conf_s060t20_b0653400_a_U000405000
# [2024-04-23 16:22:18] INFO: Calculated checksum: 3e046d07
# [2024-04-23 16:22:28] INFO: Calculated checksum: 4761765d
# [2024-04-23 16:22:28] INFO: Writing RNGSTATE file: ./rand_s060t20_b0653400_a_U000405000
# [2024-04-23 16:22:29] INFO: Writing to disk took 13.7209 seconds
# [2024-04-23 16:22:29] INFO: ======================================================================
# [2024-04-23 16:22:29] INFO: Start sweeping...
# [2024-04-23 16:29:10] INFO: It took 401.208 seconds to do 500 HBOR sweeps.
# [2024-04-23 16:29:10] INFO: Plaquette = 0.641023
# [2024-04-23 16:29:10] INFO: Polyakov loop = (0.000631717,0.000525484)
# [2024-04-23 16:29:10] INFO: Writing conf to disk...
# [2024-04-23 16:29:10] INFO: writeconf_nersc: Writing NERSC configuration ./conf_s060t20_b0653400_a_U000405500
# [2024-04-23 16:29:13] INFO: Calculated checksum: adc3b053
# [2024-04-23 16:29:27] INFO: Calculated checksum: 132891c3
# [2024-04-23 16:29:27] INFO: Writing RNGSTATE file: ./rand_s060t20_b0653400_a_U000405500
# [2024-04-23 16:29:27] INFO: Writing to disk took 17.0581 seconds
# [2024-04-23 16:29:27] INFO: ======================================================================
# [2024-04-23 16:29:27] INFO: Start sweeping...
# [2024-04-23 16:36:08] INFO: It took 401.091 seconds to do 500 HBOR sweeps.
# [2024-04-23 16:36:09] INFO: Plaquette = 0.640897
# [2024-04-23 16:36:09] INFO: Polyakov loop = (-0.000887621,0.000464889)
# [2024-04-23 16:36:09] INFO: Writing conf to disk...
# [2024-04-23 16:36:09] INFO: writeconf_nersc: Writing NERSC configuration ./conf_s060t20_b0653400_a_U000406000
# [2024-04-23 16:36:12] INFO: Calculated checksum: 33d6803
# [2024-04-23 16:36:18] INFO: Calculated checksum: 7bf611de
# [2024-04-23 16:36:18] INFO: Writing RNGSTATE file: ./rand_s060t20_b0653400_a_U000406000
# [2024-04-23 16:36:19] INFO: Writing to disk took 10.0843 seconds
# [2024-04-23 16:36:19] INFO: ======================================================================
# [2024-04-23 16:36:19] INFO: Start sweeping...
# [2024-04-23 16:43:00] INFO: It took 401.224 seconds to do 500 HBOR sweeps.
# [2024-04-23 16:43:00] INFO: Plaquette = 0.640882
# [2024-04-23 16:43:00] INFO: Polyakov loop = (-0.000801167,0.000146254)
# [2024-04-23 16:43:00] INFO: Writing conf to disk...
# [2024-04-23 16:43:00] INFO: writeconf_nersc: Writing NERSC configuration ./conf_s060t20_b0653400_a_U000406500
# [2024-04-23 16:43:03] INFO: Calculated checksum: 6d50bab5
# [2024-04-23 16:43:09] INFO: Calculated checksum: 4465b08b
# [2024-04-23 16:43:09] INFO: Writing RNGSTATE file: ./rand_s060t20_b0653400_a_U000406500
# [2024-04-23 16:43:09] INFO: Writing to disk took 9.32843 seconds
# [2024-04-23 16:43:09] INFO: ======================================================================
# [2024-04-23 16:43:09] INFO: Start sweeping...
# [2024-04-23 16:49:51] INFO: It took 401.251 seconds to do 500 HBOR sweeps.
# [2024-04-23 16:49:51] INFO: Plaquette = 0.6409
# [2024-04-23 16:49:51] INFO: Polyakov loop = (0.000826575,0.000278035)
# [2024-04-23 16:49:51] INFO: Writing conf to disk...
# [2024-04-23 16:49:51] INFO: writeconf_nersc: Writing NERSC configuration ./conf_s060t20_b0653400_a_U000407000
# [2024-04-23 16:49:53] INFO: Calculated checksum: 6cd5d90e
# [2024-04-23 16:50:08] INFO: Calculated checksum: da91acaf
# [2024-04-23 16:50:08] INFO: Writing RNGSTATE file: ./rand_s060t20_b0653400_a_U000407000
# [2024-04-23 16:50:08] INFO: Writing to disk took 17.7505 seconds
# [2024-04-23 16:50:08] INFO: ======================================================================
# [2024-04-23 16:50:08] INFO: Start sweeping...
# [2024-04-23 16:56:49] INFO: It took 401.104 seconds to do 500 HBOR sweeps.
# [2024-04-23 16:56:49] INFO: Plaquette = 0.640892
# [2024-04-23 16:56:49] INFO: Polyakov loop = (-0.000336643,0.000208166)
# [2024-04-23 16:56:49] INFO: Writing conf to disk...
# [2024-04-23 16:56:49] INFO: writeconf_nersc: Writing NERSC configuration ./conf_s060t20_b0653400_a_U000407500
# [2024-04-23 16:56:52] INFO: Calculated checksum: d6ffdae9
# [2024-04-23 16:56:59] INFO: Calculated checksum: d6dc90e1
# [2024-04-23 16:56:59] INFO: Writing RNGSTATE file: ./rand_s060t20_b0653400_a_U000407500
# [2024-04-23 16:56:59] INFO: Writing to disk took 9.8032 seconds
# [2024-04-23 16:56:59] INFO: ======================================================================
# [2024-04-23 16:56:59] INFO: Start sweeping...
# [2024-04-23 17:03:41] INFO: It took 401.286 seconds to do 500 HBOR sweeps.
# [2024-04-23 17:03:41] INFO: Plaquette = 0.640947
# [2024-04-23 17:03:41] INFO: Polyakov loop = (-0.00108584,-0.000405685)
# [2024-04-23 17:03:41] INFO: Writing conf to disk...
# [2024-04-23 17:03:41] INFO: writeconf_nersc: Writing NERSC configuration ./conf_s060t20_b0653400_a_U000408000
# [2024-04-23 17:03:44] INFO: Calculated checksum: c53ff83f
# [2024-04-23 17:03:58] INFO: Calculated checksum: c8847efa
# [2024-04-23 17:03:58] INFO: Writing RNGSTATE file: ./rand_s060t20_b0653400_a_U000408000
# [2024-04-23 17:03:58] INFO: Writing to disk took 17.5278 seconds
# [2024-04-23 17:03:58] INFO: ======================================================================
# [2024-04-23 17:03:58] INFO: Start sweeping...
# [2024-04-23 17:10:39] INFO: It took 401.322 seconds to do 500 HBOR sweeps.
# [2024-04-23 17:10:40] INFO: Plaquette = 0.640877
# [2024-04-23 17:10:40] INFO: Polyakov loop = (-0.000463219,-0.000472966)
# [2024-04-23 17:10:40] INFO: Writing conf to disk...
# [2024-04-23 17:10:40] INFO: writeconf_nersc: Writing NERSC configuration ./conf_s060t20_b0653400_a_U000408500
# [2024-04-23 17:10:43] INFO: Calculated checksum: 848abf80
# [2024-04-23 17:10:52] INFO: Calculated checksum: a2e4a8e3
# [2024-04-23 17:10:52] INFO: Writing RNGSTATE file: ./rand_s060t20_b0653400_a_U000408500
# [2024-04-23 17:10:52] INFO: Writing to disk took 12.4386 seconds
# [2024-04-23 17:10:52] INFO: ======================================================================
# [2024-04-23 17:10:52] INFO: Start sweeping...
# [2024-04-23 17:17:33] INFO: It took 401.249 seconds to do 500 HBOR sweeps.
# [2024-04-23 17:17:33] INFO: Plaquette = 0.640899
# [2024-04-23 17:17:33] INFO: Polyakov loop = (-0.000201411,-0.00119921)
# [2024-04-23 17:17:33] INFO: Writing conf to disk...
# [2024-04-23 17:17:33] INFO: writeconf_nersc: Writing NERSC configuration ./conf_s060t20_b0653400_a_U000409000
# [2024-04-23 17:17:36] INFO: Calculated checksum: 3c451261
# [2024-04-23 17:17:44] INFO: Calculated checksum: d19c00be
# [2024-04-23 17:17:44] INFO: Writing RNGSTATE file: ./rand_s060t20_b0653400_a_U000409000
# [2024-04-23 17:17:45] INFO: Writing to disk took 11.3647 seconds
# [2024-04-23 17:17:45] INFO: ======================================================================
# [2024-04-23 17:17:45] INFO: Start sweeping...
# [2024-04-23 17:24:26] INFO: It took 401.3 seconds to do 500 HBOR sweeps.
# [2024-04-23 17:24:26] INFO: Plaquette = 0.640842
# [2024-04-23 17:24:26] INFO: Polyakov loop = (-0.00117724,-0.00100499)
# [2024-04-23 17:24:26] INFO: Writing conf to disk...
# [2024-04-23 17:24:26] INFO: writeconf_nersc: Writing NERSC configuration ./conf_s060t20_b0653400_a_U000409500
# [2024-04-23 17:24:29] INFO: Calculated checksum: 85b4bd85
# [2024-04-23 17:24:37] INFO: Calculated checksum: bf768da1
# [2024-04-23 17:24:37] INFO: Writing RNGSTATE file: ./rand_s060t20_b0653400_a_U000409500
# [2024-04-23 17:24:38] INFO: Writing to disk took 11.447 seconds
# [2024-04-23 17:24:38] INFO: ======================================================================
# [2024-04-23 17:24:38] INFO: Start sweeping...
# [2024-04-23 17:31:19] INFO: It took 401.349 seconds to do 500 HBOR sweeps.
# [2024-04-23 17:31:19] INFO: Plaquette = 0.64085
# [2024-04-23 17:31:19] INFO: Polyakov loop = (-0.00026684,-0.000452593)
# [2024-04-23 17:31:19] INFO: Writing conf to disk...
# [2024-04-23 17:31:19] INFO: writeconf_nersc: Writing NERSC configuration ./conf_s060t20_b0653400_a_U000410000
# [2024-04-23 17:31:23] INFO: Calculated checksum: 938303b8
# [2024-04-23 17:31:31] INFO: Calculated checksum: af772ab6
# [2024-04-23 17:31:31] INFO: Writing RNGSTATE file: ./rand_s060t20_b0653400_a_U000410000
# [2024-04-23 17:31:31] INFO: Writing to disk took 12.2778 seconds
# [2024-04-23 17:31:31] INFO: ======================================================================
# [2024-04-23 17:31:31] INFO: Start sweeping...
# [2024-04-23 17:38:13] INFO: It took 401.334 seconds to do 500 HBOR sweeps.
# [2024-04-23 17:38:13] INFO: Plaquette = 0.640857
# [2024-04-23 17:38:13] INFO: Polyakov loop = (0.000221482,0.000426267)
# [2024-04-23 17:38:13] INFO: Writing conf to disk...
# [2024-04-23 17:38:13] INFO: writeconf_nersc: Writing NERSC configuration ./conf_s060t20_b0653400_a_U000410500
# [2024-04-23 17:38:16] INFO: Calculated checksum: 552a9f6e
# [2024-04-23 17:38:24] INFO: Calculated checksum: baebf3ec
# [2024-04-23 17:38:24] INFO: Writing RNGSTATE file: ./rand_s060t20_b0653400_a_U000410500
# [2024-04-23 17:38:24] INFO: Writing to disk took 11.4165 seconds
# [2024-04-23 17:38:24] INFO: ======================================================================
# [2024-04-23 17:38:24] INFO: Start sweeping...
# [2024-04-23 17:45:05] INFO: It took 401.212 seconds to do 500 HBOR sweeps.
# [2024-04-23 17:45:05] INFO: Plaquette = 0.640908
# [2024-04-23 17:45:05] INFO: Polyakov loop = (-0.000133433,8.11872e-05)
# [2024-04-23 17:45:05] INFO: Writing conf to disk...
# [2024-04-23 17:45:05] INFO: writeconf_nersc: Writing NERSC configuration ./conf_s060t20_b0653400_a_U000411000
# [2024-04-23 17:45:08] INFO: Calculated checksum: 59a50890
# [2024-04-23 17:45:19] INFO: Calculated checksum: bae2a627
# [2024-04-23 17:45:19] INFO: Writing RNGSTATE file: ./rand_s060t20_b0653400_a_U000411000
# [2024-04-23 17:45:20] INFO: Writing to disk took 14.2027 seconds
# [2024-04-23 17:45:20] INFO: ======================================================================
# [2024-04-23 17:45:20] INFO: Start sweeping...
# [2024-04-23 17:52:01] INFO: It took 401.348 seconds to do 500 HBOR sweeps.
# [2024-04-23 17:52:01] INFO: Plaquette = 0.641013
# [2024-04-23 17:52:01] INFO: Polyakov loop = (-0.000723895,-2.66085e-06)
# [2024-04-23 17:52:01] INFO: Writing conf to disk...
# [2024-04-23 17:52:01] INFO: writeconf_nersc: Writing NERSC configuration ./conf_s060t20_b0653400_a_U000411500
# [2024-04-23 17:52:04] INFO: Calculated checksum: 93f68bcb
# [2024-04-23 17:52:09] INFO: Calculated checksum: 6e0a1698
# [2024-04-23 17:52:09] INFO: Writing RNGSTATE file: ./rand_s060t20_b0653400_a_U000411500
# [2024-04-23 17:52:09] INFO: Writing to disk took 8.30367 seconds
# [2024-04-23 17:52:09] INFO: ======================================================================
# [2024-04-23 17:52:09] INFO: Start sweeping...
# [2024-04-23 17:58:51] INFO: It took 401.44 seconds to do 500 HBOR sweeps.
# [2024-04-23 17:58:51] INFO: Plaquette = 0.640922
# [2024-04-23 17:58:51] INFO: Polyakov loop = (-2.28149e-05,0.000271858)
# [2024-04-23 17:58:51] INFO: Writing conf to disk...
# [2024-04-23 17:58:51] INFO: writeconf_nersc: Writing NERSC configuration ./conf_s060t20_b0653400_a_U000412000
# [2024-04-23 17:58:54] INFO: Calculated checksum: d12b7364
# [2024-04-23 17:59:00] INFO: Calculated checksum: f4def30d
# [2024-04-23 17:59:00] INFO: Writing RNGSTATE file: ./rand_s060t20_b0653400_a_U000412000
# [2024-04-23 17:59:00] INFO: Writing to disk took 9.14375 seconds
# [2024-04-23 17:59:00] INFO: ======================================================================
# [2024-04-23 17:59:00] INFO: Start sweeping...
# [2024-04-23 18:05:41] INFO: It took 401.403 seconds to do 500 HBOR sweeps.
# [2024-04-23 18:05:41] INFO: Plaquette = 0.640873
# [2024-04-23 18:05:41] INFO: Polyakov loop = (0.000318874,-0.000273837)
# [2024-04-23 18:05:41] INFO: Writing conf to disk...
# [2024-04-23 18:05:41] INFO: writeconf_nersc: Writing NERSC configuration ./conf_s060t20_b0653400_a_U000412500
# [2024-04-23 18:05:44] INFO: Calculated checksum: 24058efd
# [2024-04-23 18:05:49] INFO: Calculated checksum: e0a3eda8
# [2024-04-23 18:05:49] INFO: Writing RNGSTATE file: ./rand_s060t20_b0653400_a_U000412500
# [2024-04-23 18:05:49] INFO: Writing to disk took 8.05242 seconds
# [2024-04-23 18:05:49] INFO: ======================================================================
# [2024-04-23 18:05:49] INFO: Start sweeping...
# [2024-04-23 18:12:31] INFO: It took 401.431 seconds to do 500 HBOR sweeps.
# [2024-04-23 18:12:31] INFO: Plaquette = 0.640886
# [2024-04-23 18:12:31] INFO: Polyakov loop = (0.000717477,7.70202e-06)
# [2024-04-23 18:12:31] INFO: Writing conf to disk...
# [2024-04-23 18:12:31] INFO: writeconf_nersc: Writing NERSC configuration ./conf_s060t20_b0653400_a_U000413000
# [2024-04-23 18:12:34] INFO: Calculated checksum: d7077df
# [2024-04-23 18:12:42] INFO: Calculated checksum: 869a688b
# [2024-04-23 18:12:42] INFO: Writing RNGSTATE file: ./rand_s060t20_b0653400_a_U000413000
# [2024-04-23 18:12:42] INFO: Writing to disk took 11.255 seconds
# [2024-04-23 18:12:42] INFO: ======================================================================
# [2024-04-23 18:12:42] INFO: Start sweeping...
# [2024-04-23 18:19:23] INFO: It took 401.254 seconds to do 500 HBOR sweeps.
# [2024-04-23 18:19:24] INFO: Plaquette = 0.640863
# [2024-04-23 18:19:24] INFO: Polyakov loop = (0.000226637,6.79154e-05)
# [2024-04-23 18:19:24] INFO: Writing conf to disk...
# [2024-04-23 18:19:24] INFO: writeconf_nersc: Writing NERSC configuration ./conf_s060t20_b0653400_a_U000413500
# [2024-04-23 18:19:27] INFO: Calculated checksum: e7941bce
# [2024-04-23 18:19:34] INFO: Calculated checksum: 9c08b72c
# [2024-04-23 18:19:34] INFO: Writing RNGSTATE file: ./rand_s060t20_b0653400_a_U000413500
# [2024-04-23 18:19:34] INFO: Writing to disk took 10.34 seconds
# [2024-04-23 18:19:34] INFO: ======================================================================
# [2024-04-23 18:19:34] INFO: Start sweeping...
# [2024-04-23 18:26:15] INFO: It took 401.299 seconds to do 500 HBOR sweeps.
# [2024-04-23 18:26:15] INFO: Plaquette = 0.64095
# [2024-04-23 18:26:15] INFO: Polyakov loop = (0.000336968,1.85034e-05)
# [2024-04-23 18:26:15] INFO: Writing conf to disk...
# [2024-04-23 18:26:15] INFO: writeconf_nersc: Writing NERSC configuration ./conf_s060t20_b0653400_a_U000414000
# [2024-04-23 18:26:18] INFO: Calculated checksum: 39ee2d90
# [2024-04-23 18:26:33] INFO: Calculated checksum: 779df75f
# [2024-04-23 18:26:33] INFO: Writing RNGSTATE file: ./rand_s060t20_b0653400_a_U000414000
# [2024-04-23 18:26:33] INFO: Writing to disk took 17.649 seconds
# [2024-04-23 18:26:33] INFO: ======================================================================
# [2024-04-23 18:26:33] INFO: Start sweeping...
# [2024-04-23 18:33:14] INFO: It took 401.135 seconds to do 500 HBOR sweeps.
# [2024-04-23 18:33:14] INFO: Plaquette = 0.640863
# [2024-04-23 18:33:14] INFO: Polyakov loop = (-0.000169483,6.6776e-05)
# [2024-04-23 18:33:14] INFO: Writing conf to disk...
# [2024-04-23 18:33:14] INFO: writeconf_nersc: Writing NERSC configuration ./conf_s060t20_b0653400_a_U000414500
# [2024-04-23 18:33:17] INFO: Calculated checksum: 5b8295e0
# [2024-04-23 18:33:24] INFO: Calculated checksum: 1b40c591
# [2024-04-23 18:33:24] INFO: Writing RNGSTATE file: ./rand_s060t20_b0653400_a_U000414500
# [2024-04-23 18:33:24] INFO: Writing to disk took 9.73799 seconds
# [2024-04-23 18:33:24] INFO: ======================================================================
# [2024-04-23 18:33:24] INFO: Start sweeping...
# [2024-04-23 18:40:05] INFO: It took 401.355 seconds to do 500 HBOR sweeps.
# [2024-04-23 18:40:05] INFO: Plaquette = 0.640833
# [2024-04-23 18:40:05] INFO: Polyakov loop = (-0.000978661,0.000321807)
# [2024-04-23 18:40:05] INFO: Writing conf to disk...
# [2024-04-23 18:40:05] INFO: writeconf_nersc: Writing NERSC configuration ./conf_s060t20_b0653400_a_U000415000
# [2024-04-23 18:40:08] INFO: Calculated checksum: 7154d53f
# [2024-04-23 18:40:15] INFO: Calculated checksum: cb6fd85
# [2024-04-23 18:40:15] INFO: Writing RNGSTATE file: ./rand_s060t20_b0653400_a_U000415000
# [2024-04-23 18:40:15] INFO: Writing to disk took 9.78754 seconds
# [2024-04-23 18:40:15] INFO: ======================================================================
# [2024-04-23 18:40:15] INFO: Start sweeping...
# [2024-04-23 18:46:56] INFO: It took 401.34 seconds to do 500 HBOR sweeps.
# [2024-04-23 18:46:56] INFO: Plaquette = 0.640765
# [2024-04-23 18:46:56] INFO: Polyakov loop = (-0.000375721,0.000722443)
# [2024-04-23 18:46:56] INFO: Writing conf to disk...
# [2024-04-23 18:46:56] INFO: writeconf_nersc: Writing NERSC configuration ./conf_s060t20_b0653400_a_U000415500
# [2024-04-23 18:46:59] INFO: Calculated checksum: d852f9fe
# [2024-04-23 18:47:11] INFO: Calculated checksum: aa3ca906
# [2024-04-23 18:47:11] INFO: Writing RNGSTATE file: ./rand_s060t20_b0653400_a_U000415500
# [2024-04-23 18:47:12] INFO: Writing to disk took 15.9367 seconds
# [2024-04-23 18:47:12] INFO: ======================================================================
# [2024-04-23 18:47:12] INFO: Start sweeping...
# [2024-04-23 18:53:54] INFO: It took 401.198 seconds to do 500 HBOR sweeps.
# [2024-04-23 18:53:54] INFO: Plaquette = 0.64087
# [2024-04-23 18:53:56] INFO: Polyakov loop = (-0.000229667,0.000959091)
# [2024-04-23 18:53:56] INFO: Writing conf to disk...
# [2024-04-23 18:53:56] INFO: writeconf_nersc: Writing NERSC configuration ./conf_s060t20_b0653400_a_U000416000
# [2024-04-23 18:53:59] INFO: Calculated checksum: 142013e9
# [2024-04-23 18:54:07] INFO: Calculated checksum: 5d89563c
# [2024-04-23 18:54:07] INFO: Writing RNGSTATE file: ./rand_s060t20_b0653400_a_U000416000
# [2024-04-23 18:54:07] INFO: Writing to disk took 10.7297 seconds
# [2024-04-23 18:54:07] INFO: ======================================================================
# [2024-04-23 18:54:07] INFO: Start sweeping...
# [2024-04-23 19:00:48] INFO: It took 401.266 seconds to do 500 HBOR sweeps.
# [2024-04-23 19:00:48] INFO: Plaquette = 0.64093
# [2024-04-23 19:00:48] INFO: Polyakov loop = (-0.000459281,0.000529984)
# [2024-04-23 19:00:48] INFO: Writing conf to disk...
# [2024-04-23 19:00:48] INFO: writeconf_nersc: Writing NERSC configuration ./conf_s060t20_b0653400_a_U000416500
# [2024-04-23 19:00:51] INFO: Calculated checksum: 9e614fdd
# [2024-04-23 19:01:00] INFO: Calculated checksum: 52114ff2
# [2024-04-23 19:01:00] INFO: Writing RNGSTATE file: ./rand_s060t20_b0653400_a_U000416500
# [2024-04-23 19:01:01] INFO: Writing to disk took 12.4132 seconds
# [2024-04-23 19:01:01] INFO: ======================================================================
# [2024-04-23 19:01:01] INFO: Start sweeping...
# [2024-04-23 19:07:42] INFO: It took 401.298 seconds to do 500 HBOR sweeps.
# [2024-04-23 19:07:42] INFO: Plaquette = 0.640896
# [2024-04-23 19:07:42] INFO: Polyakov loop = (-0.000573695,0.000260886)
# [2024-04-23 19:07:42] INFO: Writing conf to disk...
# [2024-04-23 19:07:42] INFO: writeconf_nersc: Writing NERSC configuration ./conf_s060t20_b0653400_a_U000417000
# [2024-04-23 19:07:45] INFO: Calculated checksum: da115a7b
# [2024-04-23 19:07:52] INFO: Calculated checksum: ab5d024c
# [2024-04-23 19:07:52] INFO: Writing RNGSTATE file: ./rand_s060t20_b0653400_a_U000417000
# [2024-04-23 19:07:52] INFO: Writing to disk took 10.1472 seconds
# [2024-04-23 19:07:52] INFO: ======================================================================
# [2024-04-23 19:07:52] INFO: Start sweeping...
# [2024-04-23 19:14:34] INFO: It took 401.369 seconds to do 500 HBOR sweeps.
# [2024-04-23 19:14:34] INFO: Plaquette = 0.640951
# [2024-04-23 19:14:34] INFO: Polyakov loop = (0.000504317,-0.000570739)
# [2024-04-23 19:14:34] INFO: Writing conf to disk...
# [2024-04-23 19:14:34] INFO: writeconf_nersc: Writing NERSC configuration ./conf_s060t20_b0653400_a_U000417500
# [2024-04-23 19:14:37] INFO: Calculated checksum: 5895f889
# [2024-04-23 19:14:43] INFO: Calculated checksum: c2a63ae7
# [2024-04-23 19:14:43] INFO: Writing RNGSTATE file: ./rand_s060t20_b0653400_a_U000417500
# [2024-04-23 19:14:44] INFO: Writing to disk took 10.0682 seconds
# [2024-04-23 19:14:44] INFO: ======================================================================
# [2024-04-23 19:14:44] INFO: Start sweeping...
# [2024-04-23 19:21:25] INFO: It took 401.384 seconds to do 500 HBOR sweeps.
# [2024-04-23 19:21:25] INFO: Plaquette = 0.640924
# [2024-04-23 19:21:25] INFO: Polyakov loop = (-7.01697e-05,0.000275059)
# [2024-04-23 19:21:25] INFO: Writing conf to disk...
# [2024-04-23 19:21:25] INFO: writeconf_nersc: Writing NERSC configuration ./conf_s060t20_b0653400_a_U000418000
# [2024-04-23 19:21:28] INFO: Calculated checksum: 56c5f399
# [2024-04-23 19:21:35] INFO: Calculated checksum: d1ccf8e9
# [2024-04-23 19:21:35] INFO: Writing RNGSTATE file: ./rand_s060t20_b0653400_a_U000418000
# [2024-04-23 19:21:35] INFO: Writing to disk took 10.104 seconds
# [2024-04-23 19:21:35] INFO: ======================================================================
# [2024-04-23 19:21:35] INFO: Start sweeping...
# [2024-04-23 19:28:17] INFO: It took 401.38 seconds to do 500 HBOR sweeps.
# [2024-04-23 19:28:17] INFO: Plaquette = 0.640793
# [2024-04-23 19:28:17] INFO: Polyakov loop = (-0.000606281,0.00116815)
# [2024-04-23 19:28:17] INFO: Writing conf to disk...
# [2024-04-23 19:28:17] INFO: writeconf_nersc: Writing NERSC configuration ./conf_s060t20_b0653400_a_U000418500
# [2024-04-23 19:28:20] INFO: Calculated checksum: 32f13acc
# [2024-04-23 19:28:26] INFO: Calculated checksum: 6eac1c4e
# [2024-04-23 19:28:26] INFO: Writing RNGSTATE file: ./rand_s060t20_b0653400_a_U000418500
# [2024-04-23 19:28:26] INFO: Writing to disk took 9.03176 seconds
# [2024-04-23 19:28:26] INFO: ======================================================================
# [2024-04-23 19:28:26] INFO: Start sweeping...
# [2024-04-23 19:35:07] INFO: It took 401.409 seconds to do 500 HBOR sweeps.
# [2024-04-23 19:35:07] INFO: Plaquette = 0.640837
# [2024-04-23 19:35:07] INFO: Polyakov loop = (-0.000198271,0.000534143)
# [2024-04-23 19:35:07] INFO: Writing conf to disk...
# [2024-04-23 19:35:07] INFO: writeconf_nersc: Writing NERSC configuration ./conf_s060t20_b0653400_a_U000419000
# [2024-04-23 19:35:10] INFO: Calculated checksum: 7d34f970
# [2024-04-23 19:35:24] INFO: Calculated checksum: 60f5bc9
# [2024-04-23 19:35:24] INFO: Writing RNGSTATE file: ./rand_s060t20_b0653400_a_U000419000
# [2024-04-23 19:35:25] INFO: Writing to disk took 17.2683 seconds
# [2024-04-23 19:35:25] INFO: ======================================================================
# [2024-04-23 19:35:25] INFO: Start sweeping...
# [2024-04-23 19:42:06] INFO: It took 401.25 seconds to do 500 HBOR sweeps.
# [2024-04-23 19:42:06] INFO: Plaquette = 0.640884
# [2024-04-23 19:42:06] INFO: Polyakov loop = (-0.00051873,0.000377908)
# [2024-04-23 19:42:06] INFO: Writing conf to disk...
# [2024-04-23 19:42:06] INFO: writeconf_nersc: Writing NERSC configuration ./conf_s060t20_b0653400_a_U000419500
# [2024-04-23 19:42:09] INFO: Calculated checksum: 36a58214
# [2024-04-23 19:42:21] INFO: Calculated checksum: fcee062b
# [2024-04-23 19:42:21] INFO: Writing RNGSTATE file: ./rand_s060t20_b0653400_a_U000419500
# [2024-04-23 19:42:21] INFO: Writing to disk took 15.2081 seconds
# [2024-04-23 19:42:21] INFO: ======================================================================
# [2024-04-23 19:42:21] INFO: Start sweeping...
# [2024-04-23 19:49:02] INFO: It took 401.307 seconds to do 500 HBOR sweeps.
# [2024-04-23 19:49:02] INFO: Plaquette = 0.640959
# [2024-04-23 19:49:02] INFO: Polyakov loop = (0.00064283,-0.00095241)
# [2024-04-23 19:49:02] INFO: Writing conf to disk...
# [2024-04-23 19:49:02] INFO: writeconf_nersc: Writing NERSC configuration ./conf_s060t20_b0653400_a_U000420000
# [2024-04-23 19:49:05] INFO: Calculated checksum: a779abe
# [2024-04-23 19:49:18] INFO: Calculated checksum: 89e5b445
# [2024-04-23 19:49:18] INFO: Writing RNGSTATE file: ./rand_s060t20_b0653400_a_U000420000
# [2024-04-23 19:49:18] INFO: Writing to disk took 15.4305 seconds
# [2024-04-23 19:49:18] INFO: ======================================================================
# [2024-04-23 19:49:18] INFO: Start sweeping...
# [2024-04-23 19:55:59] INFO: It took 401.3 seconds to do 500 HBOR sweeps.
# [2024-04-23 19:55:59] INFO: Plaquette = 0.640891
# [2024-04-23 19:55:59] INFO: Polyakov loop = (0.00033284,0.00088509)
# [2024-04-23 19:55:59] INFO: Writing conf to disk...
# [2024-04-23 19:55:59] INFO: writeconf_nersc: Writing NERSC configuration ./conf_s060t20_b0653400_a_U000420500
# [2024-04-23 19:56:02] INFO: Calculated checksum: fe2f00bc
# [2024-04-23 19:56:10] INFO: Calculated checksum: 5617c871
# [2024-04-23 19:56:10] INFO: Writing RNGSTATE file: ./rand_s060t20_b0653400_a_U000420500
# [2024-04-23 19:56:13] INFO: Writing to disk took 14.2767 seconds
# [2024-04-23 19:56:13] INFO: ======================================================================
# [2024-04-23 19:56:13] INFO: Start sweeping...
# [2024-04-23 20:02:55] INFO: It took 401.313 seconds to do 500 HBOR sweeps.
# [2024-04-23 20:02:55] INFO: Plaquette = 0.640986
# [2024-04-23 20:02:55] INFO: Polyakov loop = (0.000246029,-0.00023188)
# [2024-04-23 20:02:55] INFO: Writing conf to disk...
# [2024-04-23 20:02:55] INFO: writeconf_nersc: Writing NERSC configuration ./conf_s060t20_b0653400_a_U000421000
# [2024-04-23 20:02:58] INFO: Calculated checksum: a3f79130
# [2024-04-23 20:03:06] INFO: Calculated checksum: a51f26a
# [2024-04-23 20:03:06] INFO: Writing RNGSTATE file: ./rand_s060t20_b0653400_a_U000421000
# [2024-04-23 20:03:06] INFO: Writing to disk took 10.9473 seconds
# [2024-04-23 20:03:06] INFO: ======================================================================
# [2024-04-23 20:03:06] INFO: Start sweeping...
# [2024-04-23 20:09:47] INFO: It took 401.388 seconds to do 500 HBOR sweeps.
# [2024-04-23 20:09:47] INFO: Plaquette = 0.640993
# [2024-04-23 20:09:47] INFO: Polyakov loop = (-0.000795935,-0.000179293)
# [2024-04-23 20:09:47] INFO: Writing conf to disk...
# [2024-04-23 20:09:47] INFO: writeconf_nersc: Writing NERSC configuration ./conf_s060t20_b0653400_a_U000421500
# [2024-04-23 20:09:50] INFO: Calculated checksum: d6b78452
# [2024-04-23 20:10:05] INFO: Calculated checksum: fcc298c0
# [2024-04-23 20:10:05] INFO: Writing RNGSTATE file: ./rand_s060t20_b0653400_a_U000421500
# [2024-04-23 20:10:05] INFO: Writing to disk took 17.593 seconds
# [2024-04-23 20:10:05] INFO: ======================================================================
# [2024-04-23 20:10:05] INFO: Start sweeping...
# [2024-04-23 20:16:46] INFO: It took 401.267 seconds to do 500 HBOR sweeps.
# [2024-04-23 20:16:46] INFO: Plaquette = 0.640889
# [2024-04-23 20:16:46] INFO: Polyakov loop = (-0.000464369,0.000492428)
# [2024-04-23 20:16:46] INFO: Writing conf to disk...
# [2024-04-23 20:16:46] INFO: writeconf_nersc: Writing NERSC configuration ./conf_s060t20_b0653400_a_U000422000
# [2024-04-23 20:16:49] INFO: Calculated checksum: 4b0ac265
# [2024-04-23 20:16:55] INFO: Calculated checksum: 14db288f
# [2024-04-23 20:16:55] INFO: Writing RNGSTATE file: ./rand_s060t20_b0653400_a_U000422000
# [2024-04-23 20:16:55] INFO: Writing to disk took 9.11603 seconds
# [2024-04-23 20:16:55] INFO: ======================================================================
# [2024-04-23 20:16:55] INFO: Start sweeping...
# [2024-04-23 20:23:37] INFO: It took 401.422 seconds to do 500 HBOR sweeps.
# [2024-04-23 20:23:37] INFO: Plaquette = 0.640904
# [2024-04-23 20:23:37] INFO: Polyakov loop = (-0.000131301,0.000388584)
# [2024-04-23 20:23:37] INFO: Writing conf to disk...
# [2024-04-23 20:23:37] INFO: writeconf_nersc: Writing NERSC configuration ./conf_s060t20_b0653400_a_U000422500
# [2024-04-23 20:23:40] INFO: Calculated checksum: f7731617
# [2024-04-23 20:23:54] INFO: Calculated checksum: 70cd4a4c
# [2024-04-23 20:23:54] INFO: Writing RNGSTATE file: ./rand_s060t20_b0653400_a_U000422500
# [2024-04-23 20:23:54] INFO: Writing to disk took 17.5748 seconds
# [2024-04-23 20:23:54] INFO: ======================================================================
# [2024-04-23 20:23:54] INFO: Start sweeping...
# [2024-04-23 20:30:36] INFO: It took 401.268 seconds to do 500 HBOR sweeps.
# [2024-04-23 20:30:36] INFO: Plaquette = 0.640844
# [2024-04-23 20:30:36] INFO: Polyakov loop = (0.000571388,0.000503411)
# [2024-04-23 20:30:36] INFO: Writing conf to disk...
# [2024-04-23 20:30:36] INFO: writeconf_nersc: Writing NERSC configuration ./conf_s060t20_b0653400_a_U000423000
# [2024-04-23 20:30:39] INFO: Calculated checksum: a08c81e2
# [2024-04-23 20:30:45] INFO: Calculated checksum: 57de7ee7
# [2024-04-23 20:30:45] INFO: Writing RNGSTATE file: ./rand_s060t20_b0653400_a_U000423000
# [2024-04-23 20:30:45] INFO: Writing to disk took 9.74574 seconds
# [2024-04-23 20:30:45] INFO: ======================================================================
# [2024-04-23 20:30:45] INFO: Start sweeping...
# [2024-04-23 20:37:27] INFO: It took 401.405 seconds to do 500 HBOR sweeps.
# [2024-04-23 20:37:27] INFO: Plaquette = 0.640872
# [2024-04-23 20:37:27] INFO: Polyakov loop = (0.000354583,0.000266287)
# [2024-04-23 20:37:27] INFO: Writing conf to disk...
# [2024-04-23 20:37:27] INFO: writeconf_nersc: Writing NERSC configuration ./conf_s060t20_b0653400_a_U000423500
# [2024-04-23 20:37:30] INFO: Calculated checksum: 9dc5c73c
# [2024-04-23 20:37:38] INFO: Calculated checksum: 52f3fa53
# [2024-04-23 20:37:38] INFO: Writing RNGSTATE file: ./rand_s060t20_b0653400_a_U000423500
# [2024-04-23 20:37:38] INFO: Writing to disk took 11.5711 seconds
# [2024-04-23 20:37:38] INFO: ======================================================================
# [2024-04-23 20:37:38] INFO: Start sweeping...
# [2024-04-23 20:44:20] INFO: It took 401.352 seconds to do 500 HBOR sweeps.
# [2024-04-23 20:44:20] INFO: Plaquette = 0.640909
# [2024-04-23 20:44:20] INFO: Polyakov loop = (0.000371364,-0.000792009)
# [2024-04-23 20:44:20] INFO: Writing conf to disk...
# [2024-04-23 20:44:20] INFO: writeconf_nersc: Writing NERSC configuration ./conf_s060t20_b0653400_a_U000424000
# [2024-04-23 20:44:23] INFO: Calculated checksum: 52a788a0
# [2024-04-23 20:44:30] INFO: Calculated checksum: 4c297828
# [2024-04-23 20:44:30] INFO: Writing RNGSTATE file: ./rand_s060t20_b0653400_a_U000424000
# [2024-04-23 20:44:30] INFO: Writing to disk took 9.65508 seconds
# [2024-04-23 20:44:30] INFO: ======================================================================
# [2024-04-23 20:44:30] INFO: Start sweeping...
# [2024-04-23 20:51:11] INFO: It took 401.393 seconds to do 500 HBOR sweeps.
# [2024-04-23 20:51:11] INFO: Plaquette = 0.640837
# [2024-04-23 20:51:11] INFO: Polyakov loop = (-0.000287691,-0.00022659)
# [2024-04-23 20:51:11] INFO: Writing conf to disk...
# [2024-04-23 20:51:11] INFO: writeconf_nersc: Writing NERSC configuration ./conf_s060t20_b0653400_a_U000424500
# [2024-04-23 20:51:14] INFO: Calculated checksum: ad070cea
# [2024-04-23 20:51:25] INFO: Calculated checksum: 3efe105a
# [2024-04-23 20:51:25] INFO: Writing RNGSTATE file: ./rand_s060t20_b0653400_a_U000424500
# [2024-04-23 20:51:25] INFO: Writing to disk took 13.9169 seconds
# [2024-04-23 20:51:25] INFO: ======================================================================
# [2024-04-23 20:51:25] INFO: Start sweeping...
# [2024-04-23 20:58:06] INFO: It took 401.306 seconds to do 500 HBOR sweeps.
# [2024-04-23 20:58:06] INFO: Plaquette = 0.640848
# [2024-04-23 20:58:06] INFO: Polyakov loop = (0.000410664,-0.000180409)
# [2024-04-23 20:58:06] INFO: Writing conf to disk...
# [2024-04-23 20:58:06] INFO: writeconf_nersc: Writing NERSC configuration ./conf_s060t20_b0653400_a_U000425000
# [2024-04-23 20:58:09] INFO: Calculated checksum: c6bada18
# [2024-04-23 20:58:15] INFO: Calculated checksum: 47b6d737
# [2024-04-23 20:58:15] INFO: Writing RNGSTATE file: ./rand_s060t20_b0653400_a_U000425000
# [2024-04-23 20:58:16] INFO: Writing to disk took 9.15078 seconds
# [2024-04-23 20:58:16] INFO: ======================================================================
# [2024-04-23 20:58:16] INFO: Start sweeping...
# [2024-04-23 21:04:57] INFO: It took 401.407 seconds to do 500 HBOR sweeps.
# [2024-04-23 21:04:57] INFO: Plaquette = 0.640847
# [2024-04-23 21:04:57] INFO: Polyakov loop = (-2.05938e-05,-5.48276e-05)
# [2024-04-23 21:04:57] INFO: Writing conf to disk...
# [2024-04-23 21:04:57] INFO: writeconf_nersc: Writing NERSC configuration ./conf_s060t20_b0653400_a_U000425500
# [2024-04-23 21:05:00] INFO: Calculated checksum: fdc6b7a9
# [2024-04-23 21:05:06] INFO: Calculated checksum: 51ee564c
# [2024-04-23 21:05:06] INFO: Writing RNGSTATE file: ./rand_s060t20_b0653400_a_U000425500
# [2024-04-23 21:05:06] INFO: Writing to disk took 8.8865 seconds
# [2024-04-23 21:05:06] INFO: ======================================================================
# [2024-04-23 21:05:06] INFO: Start sweeping...
# [2024-04-23 21:11:47] INFO: It took 401.405 seconds to do 500 HBOR sweeps.
# [2024-04-23 21:11:47] INFO: Plaquette = 0.640843
# [2024-04-23 21:11:47] INFO: Polyakov loop = (-0.000365045,-0.000266378)
# [2024-04-23 21:11:47] INFO: Writing conf to disk...
# [2024-04-23 21:11:47] INFO: writeconf_nersc: Writing NERSC configuration ./conf_s060t20_b0653400_a_U000426000
# [2024-04-23 21:11:50] INFO: Calculated checksum: d0f02a30
# [2024-04-23 21:12:00] INFO: Calculated checksum: b184226
# [2024-04-23 21:12:00] INFO: Writing RNGSTATE file: ./rand_s060t20_b0653400_a_U000426000
# [2024-04-23 21:12:00] INFO: Writing to disk took 12.9385 seconds
# [2024-04-23 21:12:00] INFO: ======================================================================
# [2024-04-23 21:12:00] INFO: Start sweeping...
# [2024-04-23 21:18:42] INFO: It took 401.308 seconds to do 500 HBOR sweeps.
# [2024-04-23 21:18:42] INFO: Plaquette = 0.640862
# [2024-04-23 21:18:42] INFO: Polyakov loop = (-0.000371724,-0.000568951)
# [2024-04-23 21:18:42] INFO: Writing conf to disk...
# [2024-04-23 21:18:42] INFO: writeconf_nersc: Writing NERSC configuration ./conf_s060t20_b0653400_a_U000426500
# [2024-04-23 21:18:45] INFO: Calculated checksum: 3017645d
# [2024-04-23 21:18:53] INFO: Calculated checksum: e43d9551
# [2024-04-23 21:18:53] INFO: Writing RNGSTATE file: ./rand_s060t20_b0653400_a_U000426500
# [2024-04-23 21:18:54] INFO: Writing to disk took 11.9169 seconds
# [2024-04-23 21:18:54] INFO: ======================================================================
# [2024-04-23 21:18:54] INFO: Start sweeping...
# [2024-04-23 21:25:35] INFO: It took 401.373 seconds to do 500 HBOR sweeps.
# [2024-04-23 21:25:35] INFO: Plaquette = 0.640854
# [2024-04-23 21:25:35] INFO: Polyakov loop = (-7.78476e-05,0.000397926)
# [2024-04-23 21:25:35] INFO: Writing conf to disk...
# [2024-04-23 21:25:35] INFO: writeconf_nersc: Writing NERSC configuration ./conf_s060t20_b0653400_a_U000427000
# [2024-04-23 21:25:38] INFO: Calculated checksum: a1677d36
# [2024-04-23 21:25:50] INFO: Calculated checksum: f8bb2213
# [2024-04-23 21:25:50] INFO: Writing RNGSTATE file: ./rand_s060t20_b0653400_a_U000427000
# [2024-04-23 21:25:50] INFO: Writing to disk took 15.0319 seconds
# [2024-04-23 21:25:50] INFO: ======================================================================
# [2024-04-23 21:25:50] INFO: Start sweeping...
# [2024-04-23 21:32:31] INFO: It took 401.278 seconds to do 500 HBOR sweeps.
# [2024-04-23 21:32:31] INFO: Plaquette = 0.640794
# [2024-04-23 21:32:31] INFO: Polyakov loop = (-0.000651755,-0.000256948)
# [2024-04-23 21:32:31] INFO: Writing conf to disk...
# [2024-04-23 21:32:31] INFO: writeconf_nersc: Writing NERSC configuration ./conf_s060t20_b0653400_a_U000427500
# [2024-04-23 21:32:34] INFO: Calculated checksum: 3af3bbfd
# [2024-04-23 21:32:40] INFO: Calculated checksum: 7ec819cc
# [2024-04-23 21:32:40] INFO: Writing RNGSTATE file: ./rand_s060t20_b0653400_a_U000427500
# [2024-04-23 21:32:40] INFO: Writing to disk took 8.92234 seconds
# [2024-04-23 21:32:40] INFO: ======================================================================
# [2024-04-23 21:32:40] INFO: Start sweeping...
# [2024-04-23 21:39:22] INFO: It took 401.431 seconds to do 500 HBOR sweeps.
# [2024-04-23 21:39:22] INFO: Plaquette = 0.640861
# [2024-04-23 21:39:22] INFO: Polyakov loop = (0.00012503,-0.000352844)
# [2024-04-23 21:39:22] INFO: Writing conf to disk...
# [2024-04-23 21:39:22] INFO: writeconf_nersc: Writing NERSC configuration ./conf_s060t20_b0653400_a_U000428000
# [2024-04-23 21:39:25] INFO: Calculated checksum: bee015a4
# [2024-04-23 21:39:32] INFO: Calculated checksum: b6bff3cd
# [2024-04-23 21:39:32] INFO: Writing RNGSTATE file: ./rand_s060t20_b0653400_a_U000428000
# [2024-04-23 21:39:32] INFO: Writing to disk took 10.2541 seconds
# [2024-04-23 21:39:32] INFO: ======================================================================
# [2024-04-23 21:39:32] INFO: Start sweeping...
# [2024-04-23 21:46:14] INFO: It took 401.42 seconds to do 500 HBOR sweeps.
# [2024-04-23 21:46:14] INFO: Plaquette = 0.640978
# [2024-04-23 21:46:14] INFO: Polyakov loop = (0.00114998,-0.000680345)
# [2024-04-23 21:46:14] INFO: Writing conf to disk...
# [2024-04-23 21:46:14] INFO: writeconf_nersc: Writing NERSC configuration ./conf_s060t20_b0653400_a_U000428500
# [2024-04-23 21:46:17] INFO: Calculated checksum: 1b541381
# [2024-04-23 21:46:27] INFO: Calculated checksum: 91000e7d
# [2024-04-23 21:46:27] INFO: Writing RNGSTATE file: ./rand_s060t20_b0653400_a_U000428500
# [2024-04-23 21:46:27] INFO: Writing to disk took 13.4887 seconds
# [2024-04-23 21:46:27] INFO: ======================================================================
# [2024-04-23 21:46:27] INFO: Start sweeping...
# [2024-04-23 21:53:08] INFO: It took 401.298 seconds to do 500 HBOR sweeps.
# [2024-04-23 21:53:08] INFO: Plaquette = 0.64086
# [2024-04-23 21:53:08] INFO: Polyakov loop = (-6.01667e-05,0.000130054)
# [2024-04-23 21:53:08] INFO: Writing conf to disk...
# [2024-04-23 21:53:08] INFO: writeconf_nersc: Writing NERSC configuration ./conf_s060t20_b0653400_a_U000429000
# [2024-04-23 21:53:11] INFO: Calculated checksum: 19190025
# [2024-04-23 21:53:21] INFO: Calculated checksum: 14c335f
# [2024-04-23 21:53:21] INFO: Writing RNGSTATE file: ./rand_s060t20_b0653400_a_U000429000
# [2024-04-23 21:53:21] INFO: Writing to disk took 12.2986 seconds
# [2024-04-23 21:53:21] INFO: ======================================================================
# [2024-04-23 21:53:21] INFO: Start sweeping...
# [2024-04-23 22:00:02] INFO: It took 401.265 seconds to do 500 HBOR sweeps.
# [2024-04-23 22:00:02] INFO: Plaquette = 0.640841
# [2024-04-23 22:00:02] INFO: Polyakov loop = (-0.00057086,0.0002138)
# [2024-04-23 22:00:02] INFO: Writing conf to disk...
# [2024-04-23 22:00:02] INFO: writeconf_nersc: Writing NERSC configuration ./conf_s060t20_b0653400_a_U000429500
# [2024-04-23 22:00:05] INFO: Calculated checksum: 22845b18
# [2024-04-23 22:00:10] INFO: Calculated checksum: 4dfc07db
# [2024-04-23 22:00:10] INFO: Writing RNGSTATE file: ./rand_s060t20_b0653400_a_U000429500
# [2024-04-23 22:00:10] INFO: Writing to disk took 8.35503 seconds
# [2024-04-23 22:00:10] INFO: ======================================================================
# [2024-04-23 22:00:10] INFO: Start sweeping...
# [2024-04-23 22:06:52] INFO: It took 401.345 seconds to do 500 HBOR sweeps.
# [2024-04-23 22:06:52] INFO: Plaquette = 0.640927
# [2024-04-23 22:06:52] INFO: Polyakov loop = (0.000575322,0.000215655)
# [2024-04-23 22:06:52] INFO: Writing conf to disk...
# [2024-04-23 22:06:52] INFO: writeconf_nersc: Writing NERSC configuration ./conf_s060t20_b0653400_a_U000430000
# [2024-04-23 22:06:55] INFO: Calculated checksum: 1b8e48d1
# [2024-04-23 22:07:02] INFO: Calculated checksum: bf5fb1ac
# [2024-04-23 22:07:02] INFO: Writing RNGSTATE file: ./rand_s060t20_b0653400_a_U000430000
# [2024-04-23 22:07:02] INFO: Writing to disk took 10.2086 seconds
# [2024-04-23 22:07:02] INFO: ======================================================================
# [2024-04-23 22:07:02] INFO: Start sweeping...
# [2024-04-23 22:13:43] INFO: It took 401.261 seconds to do 500 HBOR sweeps.
# [2024-04-23 22:13:43] INFO: Plaquette = 0.640819
# [2024-04-23 22:13:43] INFO: Polyakov loop = (-0.000776454,0.000623309)
# [2024-04-23 22:13:43] INFO: Writing conf to disk...
# [2024-04-23 22:13:43] INFO: writeconf_nersc: Writing NERSC configuration ./conf_s060t20_b0653400_a_U000430500
# [2024-04-23 22:13:46] INFO: Calculated checksum: a1e1e19
# [2024-04-23 22:13:57] INFO: Calculated checksum: 1ada2887
# [2024-04-23 22:13:57] INFO: Writing RNGSTATE file: ./rand_s060t20_b0653400_a_U000430500
# [2024-04-23 22:13:57] INFO: Writing to disk took 14.0224 seconds
# [2024-04-23 22:13:57] INFO: ======================================================================
# [2024-04-23 22:13:57] INFO: Start sweeping...
# [2024-04-23 22:20:39] INFO: It took 401.148 seconds to do 500 HBOR sweeps.
# [2024-04-23 22:20:39] INFO: Plaquette = 0.640991
# [2024-04-23 22:20:39] INFO: Polyakov loop = (0.000679664,0.000990828)
# [2024-04-23 22:20:39] INFO: Writing conf to disk...
# [2024-04-23 22:20:39] INFO: writeconf_nersc: Writing NERSC configuration ./conf_s060t20_b0653400_a_U000431000
# [2024-04-23 22:20:42] INFO: Calculated checksum: e561310
# [2024-04-23 22:20:48] INFO: Calculated checksum: a5012cc3
# [2024-04-23 22:20:48] INFO: Writing RNGSTATE file: ./rand_s060t20_b0653400_a_U000431000
# [2024-04-23 22:20:48] INFO: Writing to disk took 9.29822 seconds
# [2024-04-23 22:20:48] INFO: ======================================================================
# [2024-04-23 22:20:48] INFO: Start sweeping...
# [2024-04-23 22:27:29] INFO: It took 401.307 seconds to do 500 HBOR sweeps.
# [2024-04-23 22:27:29] INFO: Plaquette = 0.640917
# [2024-04-23 22:27:29] INFO: Polyakov loop = (0.000440305,0.000522256)
# [2024-04-23 22:27:29] INFO: Writing conf to disk...
# [2024-04-23 22:27:29] INFO: writeconf_nersc: Writing NERSC configuration ./conf_s060t20_b0653400_a_U000431500
# [2024-04-23 22:27:32] INFO: Calculated checksum: 94da84f6
# [2024-04-23 22:27:38] INFO: Calculated checksum: 1352a74e
# [2024-04-23 22:27:38] INFO: Writing RNGSTATE file: ./rand_s060t20_b0653400_a_U000431500
# [2024-04-23 22:27:38] INFO: Writing to disk took 8.70237 seconds
# [2024-04-23 22:27:38] INFO: ======================================================================
# [2024-04-23 22:27:38] INFO: Start sweeping...
# [2024-04-23 22:34:19] INFO: It took 401.339 seconds to do 500 HBOR sweeps.
# [2024-04-23 22:34:19] INFO: Plaquette = 0.640877
# [2024-04-23 22:34:19] INFO: Polyakov loop = (1.42681e-05,-0.000761286)
# [2024-04-23 22:34:19] INFO: Writing conf to disk...
# [2024-04-23 22:34:19] INFO: writeconf_nersc: Writing NERSC configuration ./conf_s060t20_b0653400_a_U000432000
# [2024-04-23 22:34:22] INFO: Calculated checksum: 11d07f33
# [2024-04-23 22:34:29] INFO: Calculated checksum: 7e6bff1b
# [2024-04-23 22:34:29] INFO: Writing RNGSTATE file: ./rand_s060t20_b0653400_a_U000432000
# [2024-04-23 22:34:30] INFO: Writing to disk took 10.2767 seconds
# [2024-04-23 22:34:30] INFO: ======================================================================
# [2024-04-23 22:34:30] INFO: Start sweeping...
# [2024-04-23 22:41:11] INFO: It took 401.302 seconds to do 500 HBOR sweeps.
# [2024-04-23 22:41:11] INFO: Plaquette = 0.640929
# [2024-04-23 22:41:11] INFO: Polyakov loop = (5.92174e-05,0.000429491)
# [2024-04-23 22:41:11] INFO: Writing conf to disk...
# [2024-04-23 22:41:11] INFO: writeconf_nersc: Writing NERSC configuration ./conf_s060t20_b0653400_a_U000432500
# [2024-04-23 22:41:14] INFO: Calculated checksum: e8d9fd72
# [2024-04-23 22:41:27] INFO: Calculated checksum: 92061366
# [2024-04-23 22:41:27] INFO: Writing RNGSTATE file: ./rand_s060t20_b0653400_a_U000432500
# [2024-04-23 22:41:27] INFO: Writing to disk took 16.2832 seconds
# [2024-04-23 22:41:27] INFO: ======================================================================
# [2024-04-23 22:41:27] INFO: Start sweeping...
# [2024-04-23 22:48:09] INFO: It took 401.197 seconds to do 500 HBOR sweeps.
# [2024-04-23 22:48:09] INFO: Plaquette = 0.640911
# [2024-04-23 22:48:09] INFO: Polyakov loop = (-0.000113031,-0.000168657)
# [2024-04-23 22:48:09] INFO: Writing conf to disk...
# [2024-04-23 22:48:09] INFO: writeconf_nersc: Writing NERSC configuration ./conf_s060t20_b0653400_a_U000433000
# [2024-04-23 22:48:11] INFO: Calculated checksum: c154dc77
# [2024-04-23 22:48:24] INFO: Calculated checksum: 64d9af9b
# [2024-04-23 22:48:24] INFO: Writing RNGSTATE file: ./rand_s060t20_b0653400_a_U000433000
# [2024-04-23 22:48:24] INFO: Writing to disk took 15.1974 seconds
# [2024-04-23 22:48:24] INFO: ======================================================================
# [2024-04-23 22:48:24] INFO: Start sweeping...
# [2024-04-23 22:55:05] INFO: It took 401.165 seconds to do 500 HBOR sweeps.
# [2024-04-23 22:55:05] INFO: Plaquette = 0.640995
# [2024-04-23 22:55:05] INFO: Polyakov loop = (0.000303791,-0.000345019)
# [2024-04-23 22:55:05] INFO: Writing conf to disk...
# [2024-04-23 22:55:05] INFO: writeconf_nersc: Writing NERSC configuration ./conf_s060t20_b0653400_a_U000433500
# [2024-04-23 22:55:08] INFO: Calculated checksum: fb6e79ee
# [2024-04-23 22:55:14] INFO: Calculated checksum: 7b3b5d50
# [2024-04-23 22:55:14] INFO: Writing RNGSTATE file: ./rand_s060t20_b0653400_a_U000433500
# [2024-04-23 22:55:14] INFO: Writing to disk took 9.17985 seconds
# [2024-04-23 22:55:14] INFO: ======================================================================
# [2024-04-23 22:55:14] INFO: Start sweeping...
# [2024-04-23 23:01:56] INFO: It took 401.321 seconds to do 500 HBOR sweeps.
# [2024-04-23 23:01:56] INFO: Plaquette = 0.640927
# [2024-04-23 23:01:56] INFO: Polyakov loop = (0.00060196,5.83388e-05)
# [2024-04-23 23:01:56] INFO: Writing conf to disk...
# [2024-04-23 23:01:56] INFO: writeconf_nersc: Writing NERSC configuration ./conf_s060t20_b0653400_a_U000434000
# [2024-04-23 23:01:59] INFO: Calculated checksum: c1c524b7
# [2024-04-23 23:02:07] INFO: Calculated checksum: b5e76145
# [2024-04-23 23:02:07] INFO: Writing RNGSTATE file: ./rand_s060t20_b0653400_a_U000434000
# [2024-04-23 23:02:07] INFO: Writing to disk took 11.4556 seconds
# [2024-04-23 23:02:07] INFO: ======================================================================
# [2024-04-23 23:02:07] INFO: Start sweeping...
# [2024-04-23 23:08:48] INFO: It took 401.211 seconds to do 500 HBOR sweeps.
# [2024-04-23 23:08:48] INFO: Plaquette = 0.640914
# [2024-04-23 23:08:48] INFO: Polyakov loop = (-0.000150687,-0.00118818)
# [2024-04-23 23:08:48] INFO: Writing conf to disk...
# [2024-04-23 23:08:48] INFO: writeconf_nersc: Writing NERSC configuration ./conf_s060t20_b0653400_a_U000434500
# [2024-04-23 23:08:51] INFO: Calculated checksum: f1bb25b6
# [2024-04-23 23:09:01] INFO: Calculated checksum: ae50b699
# [2024-04-23 23:09:01] INFO: Writing RNGSTATE file: ./rand_s060t20_b0653400_a_U000434500
# [2024-04-23 23:09:01] INFO: Writing to disk took 12.5136 seconds
# [2024-04-23 23:09:01] INFO: ======================================================================
# [2024-04-23 23:09:01] INFO: Start sweeping...
# [2024-04-23 23:15:42] INFO: It took 401.221 seconds to do 500 HBOR sweeps.
# [2024-04-23 23:15:42] INFO: Plaquette = 0.640935
# [2024-04-23 23:15:42] INFO: Polyakov loop = (0.000751124,0.00021008)
# [2024-04-23 23:15:42] INFO: Writing conf to disk...
# [2024-04-23 23:15:42] INFO: writeconf_nersc: Writing NERSC configuration ./conf_s060t20_b0653400_a_U000435000
# [2024-04-23 23:15:45] INFO: Calculated checksum: 37499bc
# [2024-04-23 23:15:55] INFO: Calculated checksum: c2eda887
# [2024-04-23 23:15:55] INFO: Writing RNGSTATE file: ./rand_s060t20_b0653400_a_U000435000
# [2024-04-23 23:15:55] INFO: Writing to disk took 12.6726 seconds
# [2024-04-23 23:15:55] INFO: ======================================================================
# [2024-04-23 23:15:55] INFO: Start sweeping...
# [2024-04-23 23:22:36] INFO: It took 401.22 seconds to do 500 HBOR sweeps.
# [2024-04-23 23:22:36] INFO: Plaquette = 0.640816
# [2024-04-23 23:22:36] INFO: Polyakov loop = (-0.000166407,0.000687434)
# [2024-04-23 23:22:36] INFO: Writing conf to disk...
# [2024-04-23 23:22:36] INFO: writeconf_nersc: Writing NERSC configuration ./conf_s060t20_b0653400_a_U000435500
# [2024-04-23 23:22:39] INFO: Calculated checksum: d6c3fad6
# [2024-04-23 23:22:46] INFO: Calculated checksum: 79d9472d
# [2024-04-23 23:22:46] INFO: Writing RNGSTATE file: ./rand_s060t20_b0653400_a_U000435500
# [2024-04-23 23:22:46] INFO: Writing to disk took 9.85917 seconds
# [2024-04-23 23:22:46] INFO: ======================================================================
# [2024-04-23 23:22:46] INFO: Start sweeping...
# [2024-04-23 23:29:27] INFO: It took 401.344 seconds to do 500 HBOR sweeps.
# [2024-04-23 23:29:27] INFO: Plaquette = 0.640904
# [2024-04-23 23:29:27] INFO: Polyakov loop = (0.000854629,-0.000317535)
# [2024-04-23 23:29:27] INFO: Writing conf to disk...
# [2024-04-23 23:29:27] INFO: writeconf_nersc: Writing NERSC configuration ./conf_s060t20_b0653400_a_U000436000
# [2024-04-23 23:29:31] INFO: Calculated checksum: 590e0eac
# [2024-04-23 23:29:36] INFO: Calculated checksum: 1a6685e4
# [2024-04-23 23:29:36] INFO: Writing RNGSTATE file: ./rand_s060t20_b0653400_a_U000436000
# [2024-04-23 23:29:37] INFO: Writing to disk took 9.43738 seconds
# [2024-04-23 23:29:37] INFO: ======================================================================
# [2024-04-23 23:29:37] INFO: Start sweeping...
# [2024-04-23 23:36:18] INFO: It took 401.325 seconds to do 500 HBOR sweeps.
# [2024-04-23 23:36:18] INFO: Plaquette = 0.640858
# [2024-04-23 23:36:18] INFO: Polyakov loop = (0.000855769,0.000639343)
# [2024-04-23 23:36:18] INFO: Writing conf to disk...
# [2024-04-23 23:36:18] INFO: writeconf_nersc: Writing NERSC configuration ./conf_s060t20_b0653400_a_U000436500
# [2024-04-23 23:36:21] INFO: Calculated checksum: d6c48704
# [2024-04-23 23:36:28] INFO: Calculated checksum: 2b745f4
# [2024-04-23 23:36:28] INFO: Writing RNGSTATE file: ./rand_s060t20_b0653400_a_U000436500
# [2024-04-23 23:36:28] INFO: Writing to disk took 9.41757 seconds
# [2024-04-23 23:36:28] INFO: ======================================================================
# [2024-04-23 23:36:28] INFO: Start sweeping...
# [2024-04-23 23:43:09] INFO: It took 401.353 seconds to do 500 HBOR sweeps.
# [2024-04-23 23:43:09] INFO: Plaquette = 0.640943
# [2024-04-23 23:43:09] INFO: Polyakov loop = (0.000766031,0.000177484)
# [2024-04-23 23:43:09] INFO: Writing conf to disk...
# [2024-04-23 23:43:09] INFO: writeconf_nersc: Writing NERSC configuration ./conf_s060t20_b0653400_a_U000437000
# [2024-04-23 23:43:12] INFO: Calculated checksum: a7690b6b
# [2024-04-23 23:43:23] INFO: Calculated checksum: f0287156
# [2024-04-23 23:43:23] INFO: Writing RNGSTATE file: ./rand_s060t20_b0653400_a_U000437000
# [2024-04-23 23:43:24] INFO: Writing to disk took 14.4282 seconds
# [2024-04-23 23:43:24] INFO: ======================================================================
# [2024-04-23 23:43:24] INFO: Start sweeping...
# [2024-04-23 23:50:05] INFO: It took 401.205 seconds to do 500 HBOR sweeps.
# [2024-04-23 23:50:05] INFO: Plaquette = 0.640791
# [2024-04-23 23:50:05] INFO: Polyakov loop = (0.000109006,0.00133954)
# [2024-04-23 23:50:05] INFO: Writing conf to disk...
# [2024-04-23 23:50:05] INFO: writeconf_nersc: Writing NERSC configuration ./conf_s060t20_b0653400_a_U000437500
# [2024-04-23 23:50:08] INFO: Calculated checksum: d97d4a12
# [2024-04-23 23:50:14] INFO: Calculated checksum: 81598784
# [2024-04-23 23:50:14] INFO: Writing RNGSTATE file: ./rand_s060t20_b0653400_a_U000437500
# [2024-04-23 23:50:15] INFO: Writing to disk took 9.64544 seconds
# [2024-04-23 23:50:15] INFO: ======================================================================
# [2024-04-23 23:50:15] INFO: Start sweeping...
# [2024-04-23 23:56:56] INFO: It took 401.316 seconds to do 500 HBOR sweeps.
# [2024-04-23 23:56:56] INFO: Plaquette = 0.640828
# [2024-04-23 23:56:56] INFO: Polyakov loop = (0.000678684,-0.000470661)
# [2024-04-23 23:56:56] INFO: Writing conf to disk...
# [2024-04-23 23:56:56] INFO: writeconf_nersc: Writing NERSC configuration ./conf_s060t20_b0653400_a_U000438000
# [2024-04-23 23:56:59] INFO: Calculated checksum: debe0425
# [2024-04-23 23:57:05] INFO: Calculated checksum: 932014a0
# [2024-04-23 23:57:05] INFO: Writing RNGSTATE file: ./rand_s060t20_b0653400_a_U000438000
# [2024-04-23 23:57:05] INFO: Writing to disk took 9.51324 seconds
# [2024-04-23 23:57:05] INFO: ======================================================================
# [2024-04-23 23:57:05] INFO: Start sweeping...
# [2024-04-24 00:03:47] INFO: It took 401.322 seconds to do 500 HBOR sweeps.
# [2024-04-24 00:03:47] INFO: Plaquette = 0.640839
# [2024-04-24 00:03:47] INFO: Polyakov loop = (0.000782586,-0.000120733)
# [2024-04-24 00:03:47] INFO: Writing conf to disk...
# [2024-04-24 00:03:47] INFO: writeconf_nersc: Writing NERSC configuration ./conf_s060t20_b0653400_a_U000438500
# [2024-04-24 00:03:50] INFO: Calculated checksum: 894a9470
# [2024-04-24 00:03:57] INFO: Calculated checksum: 9f1e072f
# [2024-04-24 00:03:57] INFO: Writing RNGSTATE file: ./rand_s060t20_b0653400_a_U000438500
# [2024-04-24 00:03:57] INFO: Writing to disk took 9.88322 seconds
# [2024-04-24 00:03:57] INFO: ======================================================================
# [2024-04-24 00:03:57] INFO: Start sweeping...
# [2024-04-24 00:10:38] INFO: It took 401.317 seconds to do 500 HBOR sweeps.
# [2024-04-24 00:10:38] INFO: Plaquette = 0.640854
# [2024-04-24 00:10:38] INFO: Polyakov loop = (-4.3434e-05,-7.08585e-05)
# [2024-04-24 00:10:38] INFO: Writing conf to disk...
# [2024-04-24 00:10:38] INFO: writeconf_nersc: Writing NERSC configuration ./conf_s060t20_b0653400_a_U000439000
# [2024-04-24 00:10:41] INFO: Calculated checksum: 183cedd9
# [2024-04-24 00:10:47] INFO: Calculated checksum: 916e99a8
# [2024-04-24 00:10:47] INFO: Writing RNGSTATE file: ./rand_s060t20_b0653400_a_U000439000
# [2024-04-24 00:10:47] INFO: Writing to disk took 9.09908 seconds
# [2024-04-24 00:10:47] INFO: ======================================================================
# [2024-04-24 00:10:47] INFO: Start sweeping...
# [2024-04-24 00:17:29] INFO: It took 401.337 seconds to do 500 HBOR sweeps.
# [2024-04-24 00:17:29] INFO: Plaquette = 0.640896
# [2024-04-24 00:17:29] INFO: Polyakov loop = (-0.000404458,-0.00027381)
# [2024-04-24 00:17:29] INFO: Writing conf to disk...
# [2024-04-24 00:17:29] INFO: writeconf_nersc: Writing NERSC configuration ./conf_s060t20_b0653400_a_U000439500
# [2024-04-24 00:17:32] INFO: Calculated checksum: 36e8c693
# [2024-04-24 00:17:41] INFO: Calculated checksum: dac1dc0d
# [2024-04-24 00:17:41] INFO: Writing RNGSTATE file: ./rand_s060t20_b0653400_a_U000439500
# [2024-04-24 00:17:42] INFO: Writing to disk took 12.9083 seconds
# [2024-04-24 00:17:42] INFO: ======================================================================
# [2024-04-24 00:17:42] INFO: Start sweeping...
# [2024-04-24 00:24:23] INFO: It took 401.285 seconds to do 500 HBOR sweeps.
# [2024-04-24 00:24:23] INFO: Plaquette = 0.640913
# [2024-04-24 00:24:23] INFO: Polyakov loop = (-1.05273e-05,0.000564658)
# [2024-04-24 00:24:23] INFO: Writing conf to disk...
# [2024-04-24 00:24:23] INFO: writeconf_nersc: Writing NERSC configuration ./conf_s060t20_b0653400_a_U000440000
# [2024-04-24 00:24:26] INFO: Calculated checksum: 68dd29b8
# [2024-04-24 00:24:32] INFO: Calculated checksum: f970c007
# [2024-04-24 00:24:32] INFO: Writing RNGSTATE file: ./rand_s060t20_b0653400_a_U000440000
# [2024-04-24 00:24:32] INFO: Writing to disk took 9.54239 seconds
# [2024-04-24 00:24:32] INFO: ======================================================================
# [2024-04-24 00:24:32] INFO: Start sweeping...
# [2024-04-24 00:31:14] INFO: It took 401.352 seconds to do 500 HBOR sweeps.
# [2024-04-24 00:31:14] INFO: Plaquette = 0.640852
# [2024-04-24 00:31:14] INFO: Polyakov loop = (0.000698316,-0.000764453)
# [2024-04-24 00:31:14] INFO: Writing conf to disk...
# [2024-04-24 00:31:14] INFO: writeconf_nersc: Writing NERSC configuration ./conf_s060t20_b0653400_a_U000440500
# [2024-04-24 00:31:17] INFO: Calculated checksum: 2766a14e
# [2024-04-24 00:31:31] INFO: Calculated checksum: 31b243f3
# [2024-04-24 00:31:31] INFO: Writing RNGSTATE file: ./rand_s060t20_b0653400_a_U000440500
# [2024-04-24 00:31:31] INFO: Writing to disk took 17.0338 seconds
# [2024-04-24 00:31:31] INFO: ======================================================================
# [2024-04-24 00:31:31] INFO: Start sweeping...
# [2024-04-24 00:38:12] INFO: It took 401.172 seconds to do 500 HBOR sweeps.
# [2024-04-24 00:38:12] INFO: Plaquette = 0.640877
# [2024-04-24 00:38:12] INFO: Polyakov loop = (-0.000365384,-0.000434742)
# [2024-04-24 00:38:12] INFO: Writing conf to disk...
# [2024-04-24 00:38:12] INFO: writeconf_nersc: Writing NERSC configuration ./conf_s060t20_b0653400_a_U000441000
# [2024-04-24 00:38:15] INFO: Calculated checksum: 74265cbf
# [2024-04-24 00:38:30] INFO: Calculated checksum: 63417210
# [2024-04-24 00:38:30] INFO: Writing RNGSTATE file: ./rand_s060t20_b0653400_a_U000441000
# [2024-04-24 00:38:31] INFO: Writing to disk took 18.5826 seconds
# [2024-04-24 00:38:31] INFO: ======================================================================
# [2024-04-24 00:38:31] INFO: Start sweeping...
# [2024-04-24 00:45:12] INFO: It took 401.177 seconds to do 500 HBOR sweeps.
# [2024-04-24 00:45:12] INFO: Plaquette = 0.640853
# [2024-04-24 00:45:12] INFO: Polyakov loop = (-5.52856e-05,-0.000273793)
# [2024-04-24 00:45:12] INFO: Writing conf to disk...
# [2024-04-24 00:45:12] INFO: writeconf_nersc: Writing NERSC configuration ./conf_s060t20_b0653400_a_U000441500
# [2024-04-24 00:45:15] INFO: Calculated checksum: dd0d5551
# [2024-04-24 00:45:21] INFO: Calculated checksum: 4982101b
# [2024-04-24 00:45:21] INFO: Writing RNGSTATE file: ./rand_s060t20_b0653400_a_U000441500
# [2024-04-24 00:45:21] INFO: Writing to disk took 9.41128 seconds
# [2024-04-24 00:45:21] INFO: ======================================================================
# [2024-04-24 00:45:21] INFO: Start sweeping...
# [2024-04-24 00:52:03] INFO: It took 401.35 seconds to do 500 HBOR sweeps.
# [2024-04-24 00:52:03] INFO: Plaquette = 0.640868
# [2024-04-24 00:52:03] INFO: Polyakov loop = (0.000639317,-0.000371771)
# [2024-04-24 00:52:03] INFO: Writing conf to disk...
# [2024-04-24 00:52:03] INFO: writeconf_nersc: Writing NERSC configuration ./conf_s060t20_b0653400_a_U000442000
# [2024-04-24 00:52:06] INFO: Calculated checksum: 17bab949
# [2024-04-24 00:52:13] INFO: Calculated checksum: f6771c00
# [2024-04-24 00:52:13] INFO: Writing RNGSTATE file: ./rand_s060t20_b0653400_a_U000442000
# [2024-04-24 00:52:13] INFO: Writing to disk took 10.3164 seconds
# [2024-04-24 00:52:13] INFO: ======================================================================
# [2024-04-24 00:52:13] INFO: Start sweeping...
# [2024-04-24 00:58:54] INFO: It took 401.319 seconds to do 500 HBOR sweeps.
# [2024-04-24 00:58:54] INFO: Plaquette = 0.640827
# [2024-04-24 00:58:54] INFO: Polyakov loop = (0.00142944,0.000298076)
# [2024-04-24 00:58:54] INFO: Writing conf to disk...
# [2024-04-24 00:58:54] INFO: writeconf_nersc: Writing NERSC configuration ./conf_s060t20_b0653400_a_U000442500
# [2024-04-24 00:58:57] INFO: Calculated checksum: 213210ee
# [2024-04-24 00:59:11] INFO: Calculated checksum: da4c3bed
# [2024-04-24 00:59:11] INFO: Writing RNGSTATE file: ./rand_s060t20_b0653400_a_U000442500
# [2024-04-24 00:59:11] INFO: Writing to disk took 16.8337 seconds
# [2024-04-24 00:59:11] INFO: ======================================================================
# [2024-04-24 00:59:11] INFO: Start sweeping...
# [2024-04-24 01:05:53] INFO: It took 401.212 seconds to do 500 HBOR sweeps.
# [2024-04-24 01:05:53] INFO: Plaquette = 0.640907
# [2024-04-24 01:05:53] INFO: Polyakov loop = (0.000196171,0.000204823)
# [2024-04-24 01:05:53] INFO: Writing conf to disk...
# [2024-04-24 01:05:53] INFO: writeconf_nersc: Writing NERSC configuration ./conf_s060t20_b0653400_a_U000443000
# [2024-04-24 01:05:55] INFO: Calculated checksum: 14b1e4ba
# [2024-04-24 01:06:04] INFO: Calculated checksum: 4abab5b1
# [2024-04-24 01:06:04] INFO: Writing RNGSTATE file: ./rand_s060t20_b0653400_a_U000443000
# [2024-04-24 01:06:05] INFO: Writing to disk took 12.0866 seconds
# [2024-04-24 01:06:05] INFO: ======================================================================
# [2024-04-24 01:06:05] INFO: Start sweeping...
# [2024-04-24 01:12:46] INFO: It took 401.301 seconds to do 500 HBOR sweeps.
# [2024-04-24 01:12:46] INFO: Plaquette = 0.64099
# [2024-04-24 01:12:46] INFO: Polyakov loop = (-0.000509007,0.000501243)
# [2024-04-24 01:12:46] INFO: Writing conf to disk...
# [2024-04-24 01:12:46] INFO: writeconf_nersc: Writing NERSC configuration ./conf_s060t20_b0653400_a_U000443500
# [2024-04-24 01:12:49] INFO: Calculated checksum: ff7d7cbb
# [2024-04-24 01:12:55] INFO: Calculated checksum: 66b97b05
# [2024-04-24 01:12:55] INFO: Writing RNGSTATE file: ./rand_s060t20_b0653400_a_U000443500
# [2024-04-24 01:12:55] INFO: Writing to disk took 9.03717 seconds
# [2024-04-24 01:12:55] INFO: ======================================================================
# [2024-04-24 01:12:55] INFO: Start sweeping...
# [2024-04-24 01:19:37] INFO: It took 401.477 seconds to do 500 HBOR sweeps.
# [2024-04-24 01:19:37] INFO: Plaquette = 0.640825
# [2024-04-24 01:19:37] INFO: Polyakov loop = (0.000529189,-1.44709e-05)
# [2024-04-24 01:19:37] INFO: Writing conf to disk...
# [2024-04-24 01:19:37] INFO: writeconf_nersc: Writing NERSC configuration ./conf_s060t20_b0653400_a_U000444000
# [2024-04-24 01:19:39] INFO: Calculated checksum: 186dd844
# [2024-04-24 01:19:45] INFO: Calculated checksum: 1bc57272
# [2024-04-24 01:19:46] INFO: Writing RNGSTATE file: ./rand_s060t20_b0653400_a_U000444000
# [2024-04-24 01:19:46] INFO: Writing to disk took 9.13475 seconds
# [2024-04-24 01:19:46] INFO: ======================================================================
# [2024-04-24 01:19:46] INFO: Start sweeping...
# [2024-04-24 01:26:27] INFO: It took 401.464 seconds to do 500 HBOR sweeps.
# [2024-04-24 01:26:27] INFO: Plaquette = 0.640865
# [2024-04-24 01:26:27] INFO: Polyakov loop = (-0.000287613,0.000601279)
# [2024-04-24 01:26:27] INFO: Writing conf to disk...
# [2024-04-24 01:26:27] INFO: writeconf_nersc: Writing NERSC configuration ./conf_s060t20_b0653400_a_U000444500
# [2024-04-24 01:26:30] INFO: Calculated checksum: 55605473
# [2024-04-24 01:26:39] INFO: Calculated checksum: 86a45585
# [2024-04-24 01:26:39] INFO: Writing RNGSTATE file: ./rand_s060t20_b0653400_a_U000444500
# [2024-04-24 01:26:40] INFO: Writing to disk took 12.3636 seconds
# [2024-04-24 01:26:40] INFO: ======================================================================
# [2024-04-24 01:26:40] INFO: Start sweeping...
# [2024-04-24 01:33:21] INFO: It took 401.421 seconds to do 500 HBOR sweeps.
# [2024-04-24 01:33:21] INFO: Plaquette = 0.640849
# [2024-04-24 01:33:21] INFO: Polyakov loop = (-0.000311072,0.000508363)
# [2024-04-24 01:33:21] INFO: Writing conf to disk...
# [2024-04-24 01:33:21] INFO: writeconf_nersc: Writing NERSC configuration ./conf_s060t20_b0653400_a_U000445000
# [2024-04-24 01:33:25] INFO: Calculated checksum: fd52afb8
# [2024-04-24 01:33:39] INFO: Calculated checksum: 13eb44ee
# [2024-04-24 01:33:39] INFO: Writing RNGSTATE file: ./rand_s060t20_b0653400_a_U000445000
# [2024-04-24 01:33:39] INFO: Writing to disk took 17.9498 seconds
# [2024-04-24 01:33:39] INFO: ======================================================================
# [2024-04-24 01:33:39] INFO: Start sweeping...
# [2024-04-24 01:40:20] INFO: It took 401.294 seconds to do 500 HBOR sweeps.
# [2024-04-24 01:40:20] INFO: Plaquette = 0.640975
# [2024-04-24 01:40:20] INFO: Polyakov loop = (-0.000395031,-7.49284e-05)
# [2024-04-24 01:40:20] INFO: Writing conf to disk...
# [2024-04-24 01:40:20] INFO: writeconf_nersc: Writing NERSC configuration ./conf_s060t20_b0653400_a_U000445500
# [2024-04-24 01:40:23] INFO: Calculated checksum: 11999b12
# [2024-04-24 01:40:38] INFO: Calculated checksum: ceb3c575
# [2024-04-24 01:40:38] INFO: Writing RNGSTATE file: ./rand_s060t20_b0653400_a_U000445500
# [2024-04-24 01:40:38] INFO: Writing to disk took 17.6926 seconds
# [2024-04-24 01:40:38] INFO: ======================================================================
# [2024-04-24 01:40:38] INFO: Start sweeping...
# [2024-04-24 01:47:20] INFO: It took 401.348 seconds to do 500 HBOR sweeps.
# [2024-04-24 01:47:20] INFO: Plaquette = 0.640886
# [2024-04-24 01:47:20] INFO: Polyakov loop = (6.07609e-05,3.69034e-05)
# [2024-04-24 01:47:20] INFO: Writing conf to disk...
# [2024-04-24 01:47:20] INFO: writeconf_nersc: Writing NERSC configuration ./conf_s060t20_b0653400_a_U000446000
# [2024-04-24 01:47:23] INFO: Calculated checksum: 4548c721
# [2024-04-24 01:47:29] INFO: Calculated checksum: 291a5ed
# [2024-04-24 01:47:29] INFO: Writing RNGSTATE file: ./rand_s060t20_b0653400_a_U000446000
# [2024-04-24 01:47:29] INFO: Writing to disk took 9.58603 seconds
# [2024-04-24 01:47:29] INFO: ======================================================================
# [2024-04-24 01:47:29] INFO: Start sweeping...
# [2024-04-24 01:54:11] INFO: It took 401.49 seconds to do 500 HBOR sweeps.
# [2024-04-24 01:54:11] INFO: Plaquette = 0.640969
# [2024-04-24 01:54:11] INFO: Polyakov loop = (-0.000735266,-0.00100528)
# [2024-04-24 01:54:11] INFO: Writing conf to disk...
# [2024-04-24 01:54:11] INFO: writeconf_nersc: Writing NERSC configuration ./conf_s060t20_b0653400_a_U000446500
# [2024-04-24 01:54:14] INFO: Calculated checksum: 32f6fa94
# [2024-04-24 01:54:22] INFO: Calculated checksum: 930e0aff
# [2024-04-24 01:54:22] INFO: Writing RNGSTATE file: ./rand_s060t20_b0653400_a_U000446500
# [2024-04-24 01:54:23] INFO: Writing to disk took 12.0901 seconds
# [2024-04-24 01:54:23] INFO: ======================================================================
# [2024-04-24 01:54:23] INFO: Start sweeping...
# [2024-04-24 02:01:04] INFO: It took 401.392 seconds to do 500 HBOR sweeps.
# [2024-04-24 02:01:04] INFO: Plaquette = 0.640847
# [2024-04-24 02:01:04] INFO: Polyakov loop = (0.000223409,0.000362169)
# [2024-04-24 02:01:04] INFO: Writing conf to disk...
# [2024-04-24 02:01:04] INFO: writeconf_nersc: Writing NERSC configuration ./conf_s060t20_b0653400_a_U000447000
# [2024-04-24 02:01:07] INFO: Calculated checksum: 60f58164
# [2024-04-24 02:01:15] INFO: Calculated checksum: 13c97442
# [2024-04-24 02:01:15] INFO: Writing RNGSTATE file: ./rand_s060t20_b0653400_a_U000447000
# [2024-04-24 02:01:15] INFO: Writing to disk took 10.5214 seconds
# [2024-04-24 02:01:15] INFO: ======================================================================
# [2024-04-24 02:01:15] INFO: Start sweeping...
# [2024-04-24 02:07:56] INFO: It took 401.44 seconds to do 500 HBOR sweeps.
# [2024-04-24 02:07:56] INFO: Plaquette = 0.640913
# [2024-04-24 02:07:56] INFO: Polyakov loop = (0.000173228,0.000462205)
# [2024-04-24 02:07:56] INFO: Writing conf to disk...
# [2024-04-24 02:07:56] INFO: writeconf_nersc: Writing NERSC configuration ./conf_s060t20_b0653400_a_U000447500
# [2024-04-24 02:07:59] INFO: Calculated checksum: c3ad4677
# [2024-04-24 02:08:06] INFO: Calculated checksum: 21a7eb26
# [2024-04-24 02:08:06] INFO: Writing RNGSTATE file: ./rand_s060t20_b0653400_a_U000447500
# [2024-04-24 02:08:06] INFO: Writing to disk took 10.0086 seconds
# [2024-04-24 02:08:06] INFO: ======================================================================
# [2024-04-24 02:08:06] INFO: Start sweeping...
# [2024-04-24 02:14:48] INFO: It took 401.45 seconds to do 500 HBOR sweeps.
# [2024-04-24 02:14:48] INFO: Plaquette = 0.640927
# [2024-04-24 02:14:48] INFO: Polyakov loop = (0.000859018,-0.000611119)
# [2024-04-24 02:14:48] INFO: Writing conf to disk...
# [2024-04-24 02:14:48] INFO: writeconf_nersc: Writing NERSC configuration ./conf_s060t20_b0653400_a_U000448000
# [2024-04-24 02:14:51] INFO: Calculated checksum: 24c97e3c
# [2024-04-24 02:15:03] INFO: Calculated checksum: 8831395d
# [2024-04-24 02:15:03] INFO: Writing RNGSTATE file: ./rand_s060t20_b0653400_a_U000448000
# [2024-04-24 02:15:03] INFO: Writing to disk took 15.0384 seconds
# [2024-04-24 02:15:03] INFO: ======================================================================
# [2024-04-24 02:15:03] INFO: Start sweeping...
# [2024-04-24 02:21:44] INFO: It took 401.399 seconds to do 500 HBOR sweeps.
# [2024-04-24 02:21:44] INFO: Plaquette = 0.640785
# [2024-04-24 02:21:44] INFO: Polyakov loop = (-0.000143536,-0.000351537)
# [2024-04-24 02:21:44] INFO: Writing conf to disk...
# [2024-04-24 02:21:44] INFO: writeconf_nersc: Writing NERSC configuration ./conf_s060t20_b0653400_a_U000448500
# [2024-04-24 02:21:47] INFO: Calculated checksum: d72217de
# [2024-04-24 02:21:54] INFO: Calculated checksum: 73b31ba1
# [2024-04-24 02:21:54] INFO: Writing RNGSTATE file: ./rand_s060t20_b0653400_a_U000448500
# [2024-04-24 02:21:54] INFO: Writing to disk took 9.50158 seconds
# [2024-04-24 02:21:54] INFO: ======================================================================
# [2024-04-24 02:21:54] INFO: Start sweeping...
# [2024-04-24 02:28:35] INFO: It took 401.352 seconds to do 500 HBOR sweeps.
# [2024-04-24 02:28:35] INFO: Plaquette = 0.640879
# [2024-04-24 02:28:35] INFO: Polyakov loop = (-0.000106262,-0.000514281)
# [2024-04-24 02:28:35] INFO: Writing conf to disk...
# [2024-04-24 02:28:35] INFO: writeconf_nersc: Writing NERSC configuration ./conf_s060t20_b0653400_a_U000449000
# [2024-04-24 02:28:38] INFO: Calculated checksum: dd2b9b32
# [2024-04-24 02:28:44] INFO: Calculated checksum: a3d7b776
# [2024-04-24 02:28:44] INFO: Writing RNGSTATE file: ./rand_s060t20_b0653400_a_U000449000
# [2024-04-24 02:28:44] INFO: Writing to disk took 9.00971 seconds
# [2024-04-24 02:28:44] INFO: ======================================================================
# [2024-04-24 02:28:44] INFO: Start sweeping...
# [2024-04-24 02:35:26] INFO: It took 401.406 seconds to do 500 HBOR sweeps.
# [2024-04-24 02:35:26] INFO: Plaquette = 0.64082
# [2024-04-24 02:35:26] INFO: Polyakov loop = (-0.000606499,-0.000149096)
# [2024-04-24 02:35:26] INFO: Writing conf to disk...
# [2024-04-24 02:35:26] INFO: writeconf_nersc: Writing NERSC configuration ./conf_s060t20_b0653400_a_U000449500
# [2024-04-24 02:35:29] INFO: Calculated checksum: 5ab5ea40
# [2024-04-24 02:35:35] INFO: Calculated checksum: a105b454
# [2024-04-24 02:35:35] INFO: Writing RNGSTATE file: ./rand_s060t20_b0653400_a_U000449500
# [2024-04-24 02:35:35] INFO: Writing to disk took 9.40012 seconds
# [2024-04-24 02:35:35] INFO: ======================================================================
# [2024-04-24 02:35:35] INFO: Start sweeping...
# [2024-04-24 02:42:16] INFO: It took 401.377 seconds to do 500 HBOR sweeps.
# [2024-04-24 02:42:16] INFO: Plaquette = 0.640907
# [2024-04-24 02:42:16] INFO: Polyakov loop = (-0.000231109,-3.56538e-05)
# [2024-04-24 02:42:16] INFO: Writing conf to disk...
# [2024-04-24 02:42:16] INFO: writeconf_nersc: Writing NERSC configuration ./conf_s060t20_b0653400_a_U000450000
# [2024-04-24 02:42:19] INFO: Calculated checksum: 18ae267e
# [2024-04-24 02:42:25] INFO: Calculated checksum: 2b638bb7
# [2024-04-24 02:42:25] INFO: Writing RNGSTATE file: ./rand_s060t20_b0653400_a_U000450000
# [2024-04-24 02:42:25] INFO: Writing to disk took 8.96842 seconds
# [2024-04-24 02:42:25] INFO: Finalizing MPI
