
Currently Loaded Modules:
  1) chpc/1.0      (S)   3) gcc/8.5.0      5) mpich/3.4.2
  2) python/3.10.3       4) cmake/3.26.0   6) cuda/11.6.2 (g)

  Where:
   S:  Module is Sticky, requires --force to unload or purge
   g:  built for GPU

 

# [2024-04-24 02:43:46] INFO: Running SIMULATeQCD
# [2024-04-24 02:43:46] INFO: Git commit version: 43e2518
# [2024-04-24 02:43:46] INFO: Initializing MPI with (1 proc)
# [2024-04-24 02:43:46] INFO: Reading parameters from file :: GenerateQuenched_b6807.param
# [2024-04-24 02:43:47] INFO: # PARAM :: Lattice = 60 60 60 20 
# [2024-04-24 02:43:47] INFO: # PARAM :: Nodes = 1 1 1 1 
# [2024-04-24 02:43:47] INFO: # PARAM :: Topology = 0 0 0 0  (default)
# [2024-04-24 02:43:47] INFO: # PARAM :: beta = 6.807
# [2024-04-24 02:43:47] INFO: # PARAM :: format = nersc
# [2024-04-24 02:43:47] INFO: # PARAM :: endianness = auto
# [2024-04-24 02:43:47] INFO: # PARAM :: conf_nr = 400000
# [2024-04-24 02:43:47] INFO: # PARAM :: stream = a
# [2024-04-24 02:43:47] INFO: # PARAM :: prec_out = 0 (default)
# [2024-04-24 02:43:47] INFO: # PARAM :: measurements_dir = ./ (default)
# [2024-04-24 02:43:47] INFO: # PARAM :: use_unit_conf = 0 (default)
# [2024-04-24 02:43:47] INFO: # PARAM :: output_dir = .
# [2024-04-24 02:43:47] INFO: # PARAM :: nconfs = 100
# [2024-04-24 02:43:47] INFO: # PARAM :: nsweeps_ORperHB = 4
# [2024-04-24 02:43:47] INFO: # PARAM :: nsweeps_HBwithOR = 500
# [2024-04-24 02:43:47] INFO: # PARAM :: prev_conf = conf_s060t20_b0680700_a_U000400000
# [2024-04-24 02:43:47] INFO: # PARAM :: prev_rand = rand_s060t20_b0680700_a_U000400000
# [2024-04-24 02:43:47] INFO: > Running on:
# [2024-04-24 02:43:47] INFO: [Rank 0] > notch087 CPU_21 GPU_AF; MPI: world_rank=0, node_rank=0, coord: ( 0 0 0 0 )
# [2024-04-24 02:43:47] INFO: > Is MPI CUDA-aware? @compilation 
# [2024-04-24 02:43:47] INFO: > GPU compute capability: 75
# [2024-04-24 02:43:47] INFO: > Checking support for P2P (Peer-to-Peer) and UVA (Unified Virtual Addressing):
# [2024-04-24 02:43:47] INFO: [Rank 0] > notch087 GPU_AF(NVIDIA GeForce RTX 2080 Ti): P2P NO ; UVA YES
# [2024-04-24 02:43:47] INFO: Initialize Indexer with HaloDepth = 1[0;33m[0m
# [2024-04-24 02:43:47] INFO: Resuming previous run.
# [2024-04-24 02:43:47] INFO: readconf_nersc: Reading NERSC configuration conf_s060t20_b0680700_a_U000400000
# [2024-04-24 02:43:56] INFO: Next conf_number will be 400500
# [2024-04-24 02:43:56] INFO: Generating up to 100 confs with a separation of 500 HBOR sweeps (OR/HB = 4) ...
# [2024-04-24 02:43:56] INFO: ======================================================================
# [2024-04-24 02:43:56] INFO: Start sweeping...
# [2024-04-24 02:50:35] INFO: It took 398.635 seconds to do 500 HBOR sweeps.
# [2024-04-24 02:50:35] INFO: Plaquette = 0.659702
# [2024-04-24 02:50:35] INFO: Polyakov loop = (0.00162488,2.58981e-05)
# [2024-04-24 02:50:35] INFO: Writing conf to disk...
# [2024-04-24 02:50:35] INFO: writeconf_nersc: Writing NERSC configuration ./conf_s060t20_b0680700_a_U000400500
# [2024-04-24 02:50:38] INFO: Calculated checksum: cedbf92a
# [2024-04-24 02:50:51] INFO: Calculated checksum: 1645f867
# [2024-04-24 02:50:51] INFO: Writing RNGSTATE file: ./rand_s060t20_b0680700_a_U000400500
# [2024-04-24 02:50:52] INFO: Writing to disk took 16.8675 seconds
# [2024-04-24 02:50:52] INFO: ======================================================================
# [2024-04-24 02:50:52] INFO: Start sweeping...
# [2024-04-24 02:57:33] INFO: It took 400.934 seconds to do 500 HBOR sweeps.
# [2024-04-24 02:57:33] INFO: Plaquette = 0.659803
# [2024-04-24 02:57:33] INFO: Polyakov loop = (0.00219835,0.00111526)
# [2024-04-24 02:57:33] INFO: Writing conf to disk...
# [2024-04-24 02:57:33] INFO: writeconf_nersc: Writing NERSC configuration ./conf_s060t20_b0680700_a_U000401000
# [2024-04-24 02:57:35] INFO: Calculated checksum: df77024e
# [2024-04-24 02:57:42] INFO: Calculated checksum: 72c3fbf6
# [2024-04-24 02:57:42] INFO: Writing RNGSTATE file: ./rand_s060t20_b0680700_a_U000401000
# [2024-04-24 02:57:42] INFO: Writing to disk took 9.60122 seconds
# [2024-04-24 02:57:42] INFO: ======================================================================
# [2024-04-24 02:57:42] INFO: Start sweeping...
# [2024-04-24 03:04:24] INFO: It took 401.502 seconds to do 500 HBOR sweeps.
# [2024-04-24 03:04:24] INFO: Plaquette = 0.659711
# [2024-04-24 03:04:24] INFO: Polyakov loop = (0.00217893,-0.000227901)
# [2024-04-24 03:04:24] INFO: Writing conf to disk...
# [2024-04-24 03:04:24] INFO: writeconf_nersc: Writing NERSC configuration ./conf_s060t20_b0680700_a_U000401500
# [2024-04-24 03:04:27] INFO: Calculated checksum: 3a89bb4f
# [2024-04-24 03:04:41] INFO: Calculated checksum: 23e15a62
# [2024-04-24 03:04:41] INFO: Writing RNGSTATE file: ./rand_s060t20_b0680700_a_U000401500
# [2024-04-24 03:04:41] INFO: Writing to disk took 17.4455 seconds
# [2024-04-24 03:04:41] INFO: ======================================================================
# [2024-04-24 03:04:41] INFO: Start sweeping...
# [2024-04-24 03:11:23] INFO: It took 401.695 seconds to do 500 HBOR sweeps.
# [2024-04-24 03:11:23] INFO: Plaquette = 0.659664
# [2024-04-24 03:11:23] INFO: Polyakov loop = (0.00308237,-0.000752085)
# [2024-04-24 03:11:23] INFO: Writing conf to disk...
# [2024-04-24 03:11:23] INFO: writeconf_nersc: Writing NERSC configuration ./conf_s060t20_b0680700_a_U000402000
# [2024-04-24 03:11:26] INFO: Calculated checksum: 1b84195
# [2024-04-24 03:11:34] INFO: Calculated checksum: ef5ece4e
# [2024-04-24 03:11:34] INFO: Writing RNGSTATE file: ./rand_s060t20_b0680700_a_U000402000
# [2024-04-24 03:11:35] INFO: Writing to disk took 11.9571 seconds
# [2024-04-24 03:11:35] INFO: ======================================================================
# [2024-04-24 03:11:35] INFO: Start sweeping...
# [2024-04-24 03:18:16] INFO: It took 400.963 seconds to do 500 HBOR sweeps.
# [2024-04-24 03:18:16] INFO: Plaquette = 0.659753
# [2024-04-24 03:18:16] INFO: Polyakov loop = (0.00322999,6.23958e-05)
# [2024-04-24 03:18:16] INFO: Writing conf to disk...
# [2024-04-24 03:18:16] INFO: writeconf_nersc: Writing NERSC configuration ./conf_s060t20_b0680700_a_U000402500
# [2024-04-24 03:18:19] INFO: Calculated checksum: 56b34ed8
# [2024-04-24 03:18:25] INFO: Calculated checksum: bc7acb68
# [2024-04-24 03:18:25] INFO: Writing RNGSTATE file: ./rand_s060t20_b0680700_a_U000402500
# [2024-04-24 03:18:25] INFO: Writing to disk took 9.24334 seconds
# [2024-04-24 03:18:25] INFO: ======================================================================
# [2024-04-24 03:18:25] INFO: Start sweeping...
# [2024-04-24 03:25:05] INFO: It took 400.198 seconds to do 500 HBOR sweeps.
# [2024-04-24 03:25:05] INFO: Plaquette = 0.659756
# [2024-04-24 03:25:05] INFO: Polyakov loop = (0.00187066,-0.00072058)
# [2024-04-24 03:25:05] INFO: Writing conf to disk...
# [2024-04-24 03:25:05] INFO: writeconf_nersc: Writing NERSC configuration ./conf_s060t20_b0680700_a_U000403000
# [2024-04-24 03:25:09] INFO: Calculated checksum: 56b8d3ee
# [2024-04-24 03:25:16] INFO: Calculated checksum: 7eee479c
# [2024-04-24 03:25:16] INFO: Writing RNGSTATE file: ./rand_s060t20_b0680700_a_U000403000
# [2024-04-24 03:25:16] INFO: Writing to disk took 10.3821 seconds
# [2024-04-24 03:25:16] INFO: ======================================================================
# [2024-04-24 03:25:16] INFO: Start sweeping...
# [2024-04-24 03:31:56] INFO: It took 399.812 seconds to do 500 HBOR sweeps.
# [2024-04-24 03:31:56] INFO: Plaquette = 0.659694
# [2024-04-24 03:31:56] INFO: Polyakov loop = (0.00184219,7.77834e-05)
# [2024-04-24 03:31:56] INFO: Writing conf to disk...
# [2024-04-24 03:31:56] INFO: writeconf_nersc: Writing NERSC configuration ./conf_s060t20_b0680700_a_U000403500
# [2024-04-24 03:32:00] INFO: Calculated checksum: 52fde4c3
# [2024-04-24 03:32:06] INFO: Calculated checksum: 1d6ed6ae
# [2024-04-24 03:32:06] INFO: Writing RNGSTATE file: ./rand_s060t20_b0680700_a_U000403500
# [2024-04-24 03:32:06] INFO: Writing to disk took 10.4818 seconds
# [2024-04-24 03:32:06] INFO: ======================================================================
# [2024-04-24 03:32:06] INFO: Start sweeping...
# [2024-04-24 03:38:46] INFO: It took 399.852 seconds to do 500 HBOR sweeps.
# [2024-04-24 03:38:46] INFO: Plaquette = 0.659725
# [2024-04-24 03:38:46] INFO: Polyakov loop = (0.00273585,-0.0013633)
# [2024-04-24 03:38:46] INFO: Writing conf to disk...
# [2024-04-24 03:38:46] INFO: writeconf_nersc: Writing NERSC configuration ./conf_s060t20_b0680700_a_U000404000
# [2024-04-24 03:38:50] INFO: Calculated checksum: 7bfa5f31
# [2024-04-24 03:39:01] INFO: Calculated checksum: b98b713f
# [2024-04-24 03:39:01] INFO: Writing RNGSTATE file: ./rand_s060t20_b0680700_a_U000404000
# [2024-04-24 03:39:01] INFO: Writing to disk took 14.9895 seconds
# [2024-04-24 03:39:01] INFO: ======================================================================
# [2024-04-24 03:39:01] INFO: Start sweeping...
# [2024-04-24 03:45:37] INFO: It took 396.372 seconds to do 500 HBOR sweeps.
# [2024-04-24 03:45:37] INFO: Plaquette = 0.659698
# [2024-04-24 03:45:37] INFO: Polyakov loop = (0.00185427,0.000292036)
# [2024-04-24 03:45:37] INFO: Writing conf to disk...
# [2024-04-24 03:45:37] INFO: writeconf_nersc: Writing NERSC configuration ./conf_s060t20_b0680700_a_U000404500
# [2024-04-24 03:45:42] INFO: Calculated checksum: 3794b99c
# [2024-04-24 03:45:50] INFO: Calculated checksum: 8e8af076
# [2024-04-24 03:45:50] INFO: Writing RNGSTATE file: ./rand_s060t20_b0680700_a_U000404500
# [2024-04-24 03:45:50] INFO: Writing to disk took 12.3676 seconds
# [2024-04-24 03:45:50] INFO: ======================================================================
# [2024-04-24 03:45:50] INFO: Start sweeping...
# [2024-04-24 03:52:26] INFO: It took 396.404 seconds to do 500 HBOR sweeps.
# [2024-04-24 03:52:26] INFO: Plaquette = 0.659681
# [2024-04-24 03:52:26] INFO: Polyakov loop = (0.00170037,4.1479e-05)
# [2024-04-24 03:52:26] INFO: Writing conf to disk...
# [2024-04-24 03:52:26] INFO: writeconf_nersc: Writing NERSC configuration ./conf_s060t20_b0680700_a_U000405000
# [2024-04-24 03:52:30] INFO: Calculated checksum: b00697cd
# [2024-04-24 03:52:37] INFO: Calculated checksum: 722d38b5
# [2024-04-24 03:52:37] INFO: Writing RNGSTATE file: ./rand_s060t20_b0680700_a_U000405000
# [2024-04-24 03:52:37] INFO: Writing to disk took 10.4862 seconds
# [2024-04-24 03:52:37] INFO: ======================================================================
# [2024-04-24 03:52:37] INFO: Start sweeping...
# [2024-04-24 03:59:13] INFO: It took 396.432 seconds to do 500 HBOR sweeps.
# [2024-04-24 03:59:13] INFO: Plaquette = 0.659664
# [2024-04-24 03:59:13] INFO: Polyakov loop = (0.0017871,-0.000269269)
# [2024-04-24 03:59:13] INFO: Writing conf to disk...
# [2024-04-24 03:59:13] INFO: writeconf_nersc: Writing NERSC configuration ./conf_s060t20_b0680700_a_U000405500
# [2024-04-24 03:59:17] INFO: Calculated checksum: f383db6c
# [2024-04-24 03:59:24] INFO: Calculated checksum: f45bbe78
# [2024-04-24 03:59:24] INFO: Writing RNGSTATE file: ./rand_s060t20_b0680700_a_U000405500
# [2024-04-24 03:59:25] INFO: Writing to disk took 11.2455 seconds
# [2024-04-24 03:59:25] INFO: ======================================================================
# [2024-04-24 03:59:25] INFO: Start sweeping...
# [2024-04-24 04:06:04] INFO: It took 399.858 seconds to do 500 HBOR sweeps.
# [2024-04-24 04:06:04] INFO: Plaquette = 0.659667
# [2024-04-24 04:06:04] INFO: Polyakov loop = (0.00211073,0.000704389)
# [2024-04-24 04:06:04] INFO: Writing conf to disk...
# [2024-04-24 04:06:04] INFO: writeconf_nersc: Writing NERSC configuration ./conf_s060t20_b0680700_a_U000406000
# [2024-04-24 04:06:08] INFO: Calculated checksum: ab2cf33
# [2024-04-24 04:06:15] INFO: Calculated checksum: 840dd9a1
# [2024-04-24 04:06:15] INFO: Writing RNGSTATE file: ./rand_s060t20_b0680700_a_U000406000
# [2024-04-24 04:06:15] INFO: Writing to disk took 10.8785 seconds
# [2024-04-24 04:06:15] INFO: ======================================================================
# [2024-04-24 04:06:15] INFO: Start sweeping...
# [2024-04-24 04:12:55] INFO: It took 399.728 seconds to do 500 HBOR sweeps.
# [2024-04-24 04:12:55] INFO: Plaquette = 0.659659
# [2024-04-24 04:12:55] INFO: Polyakov loop = (0.00176817,0.000436848)
# [2024-04-24 04:12:55] INFO: Writing conf to disk...
# [2024-04-24 04:12:55] INFO: writeconf_nersc: Writing NERSC configuration ./conf_s060t20_b0680700_a_U000406500
# [2024-04-24 04:12:59] INFO: Calculated checksum: f8387dbe
# [2024-04-24 04:13:10] INFO: Calculated checksum: fece979a
# [2024-04-24 04:13:10] INFO: Writing RNGSTATE file: ./rand_s060t20_b0680700_a_U000406500
# [2024-04-24 04:13:10] INFO: Writing to disk took 14.9772 seconds
# [2024-04-24 04:13:10] INFO: ======================================================================
# [2024-04-24 04:13:10] INFO: Start sweeping...
# [2024-04-24 04:19:51] INFO: It took 400.523 seconds to do 500 HBOR sweeps.
# [2024-04-24 04:19:51] INFO: Plaquette = 0.659614
# [2024-04-24 04:19:51] INFO: Polyakov loop = (0.00166136,-0.00011917)
# [2024-04-24 04:19:51] INFO: Writing conf to disk...
# [2024-04-24 04:19:51] INFO: writeconf_nersc: Writing NERSC configuration ./conf_s060t20_b0680700_a_U000407000
# [2024-04-24 04:19:55] INFO: Calculated checksum: 321bb7ed
# [2024-04-24 04:20:02] INFO: Calculated checksum: 62a8560c
# [2024-04-24 04:20:02] INFO: Writing RNGSTATE file: ./rand_s060t20_b0680700_a_U000407000
# [2024-04-24 04:20:02] INFO: Writing to disk took 11.6419 seconds
# [2024-04-24 04:20:02] INFO: ======================================================================
# [2024-04-24 04:20:02] INFO: Start sweeping...
# [2024-04-24 04:26:42] INFO: It took 399.803 seconds to do 500 HBOR sweeps.
# [2024-04-24 04:26:42] INFO: Plaquette = 0.65971
# [2024-04-24 04:26:42] INFO: Polyakov loop = (0.00205412,-0.000341812)
# [2024-04-24 04:26:42] INFO: Writing conf to disk...
# [2024-04-24 04:26:42] INFO: writeconf_nersc: Writing NERSC configuration ./conf_s060t20_b0680700_a_U000407500
# [2024-04-24 04:26:46] INFO: Calculated checksum: 54bb0c79
# [2024-04-24 04:26:54] INFO: Calculated checksum: 64bea028
# [2024-04-24 04:26:54] INFO: Writing RNGSTATE file: ./rand_s060t20_b0680700_a_U000407500
# [2024-04-24 04:26:54] INFO: Writing to disk took 12.1438 seconds
# [2024-04-24 04:26:54] INFO: ======================================================================
# [2024-04-24 04:26:54] INFO: Start sweeping...
# [2024-04-24 04:33:34] INFO: It took 399.577 seconds to do 500 HBOR sweeps.
# [2024-04-24 04:33:34] INFO: Plaquette = 0.659683
# [2024-04-24 04:33:34] INFO: Polyakov loop = (0.0018344,-0.000396572)
# [2024-04-24 04:33:34] INFO: Writing conf to disk...
# [2024-04-24 04:33:34] INFO: writeconf_nersc: Writing NERSC configuration ./conf_s060t20_b0680700_a_U000408000
# [2024-04-24 04:33:38] INFO: Calculated checksum: d6536248
# [2024-04-24 04:33:46] INFO: Calculated checksum: 59b83fe9
# [2024-04-24 04:33:46] INFO: Writing RNGSTATE file: ./rand_s060t20_b0680700_a_U000408000
# [2024-04-24 04:33:46] INFO: Writing to disk took 12.1803 seconds
# [2024-04-24 04:33:46] INFO: ======================================================================
# [2024-04-24 04:33:46] INFO: Start sweeping...
# [2024-04-24 04:40:26] INFO: It took 399.603 seconds to do 500 HBOR sweeps.
# [2024-04-24 04:40:26] INFO: Plaquette = 0.659659
# [2024-04-24 04:40:26] INFO: Polyakov loop = (0.00275964,-3.85129e-05)
# [2024-04-24 04:40:26] INFO: Writing conf to disk...
# [2024-04-24 04:40:26] INFO: writeconf_nersc: Writing NERSC configuration ./conf_s060t20_b0680700_a_U000408500
# [2024-04-24 04:40:30] INFO: Calculated checksum: d8745a73
# [2024-04-24 04:40:37] INFO: Calculated checksum: f5bd23d2
# [2024-04-24 04:40:37] INFO: Writing RNGSTATE file: ./rand_s060t20_b0680700_a_U000408500
# [2024-04-24 04:40:37] INFO: Writing to disk took 11.3408 seconds
# [2024-04-24 04:40:37] INFO: ======================================================================
# [2024-04-24 04:40:37] INFO: Start sweeping...
# [2024-04-24 04:47:17] INFO: It took 399.633 seconds to do 500 HBOR sweeps.
# [2024-04-24 04:47:17] INFO: Plaquette = 0.659638
# [2024-04-24 04:47:17] INFO: Polyakov loop = (0.00226545,-0.000250878)
# [2024-04-24 04:47:17] INFO: Writing conf to disk...
# [2024-04-24 04:47:17] INFO: writeconf_nersc: Writing NERSC configuration ./conf_s060t20_b0680700_a_U000409000
# [2024-04-24 04:47:20] INFO: Calculated checksum: 75effbd3
# [2024-04-24 04:47:31] INFO: Calculated checksum: 2eab96d1
# [2024-04-24 04:47:31] INFO: Writing RNGSTATE file: ./rand_s060t20_b0680700_a_U000409000
# [2024-04-24 04:47:32] INFO: Writing to disk took 14.8047 seconds
# [2024-04-24 04:47:32] INFO: ======================================================================
# [2024-04-24 04:47:32] INFO: Start sweeping...
# [2024-04-24 04:54:08] INFO: It took 396.392 seconds to do 500 HBOR sweeps.
# [2024-04-24 04:54:08] INFO: Plaquette = 0.659561
# [2024-04-24 04:54:08] INFO: Polyakov loop = (0.00311175,-2.09694e-06)
# [2024-04-24 04:54:08] INFO: Writing conf to disk...
# [2024-04-24 04:54:08] INFO: writeconf_nersc: Writing NERSC configuration ./conf_s060t20_b0680700_a_U000409500
# [2024-04-24 04:54:12] INFO: Calculated checksum: f5d4c0a3
# [2024-04-24 04:54:22] INFO: Calculated checksum: cdc48d02
# [2024-04-24 04:54:22] INFO: Writing RNGSTATE file: ./rand_s060t20_b0680700_a_U000409500
# [2024-04-24 04:54:24] INFO: Writing to disk took 15.6286 seconds
# [2024-04-24 04:54:24] INFO: ======================================================================
# [2024-04-24 04:54:24] INFO: Start sweeping...
# [2024-04-24 05:01:03] INFO: It took 399.684 seconds to do 500 HBOR sweeps.
# [2024-04-24 05:01:03] INFO: Plaquette = 0.659682
# [2024-04-24 05:01:03] INFO: Polyakov loop = (0.00201174,-0.000758724)
# [2024-04-24 05:01:03] INFO: Writing conf to disk...
# [2024-04-24 05:01:03] INFO: writeconf_nersc: Writing NERSC configuration ./conf_s060t20_b0680700_a_U000410000
# [2024-04-24 05:01:08] INFO: Calculated checksum: e6d7a858
# [2024-04-24 05:01:14] INFO: Calculated checksum: c0efcdc2
# [2024-04-24 05:01:14] INFO: Writing RNGSTATE file: ./rand_s060t20_b0680700_a_U000410000
# [2024-04-24 05:01:14] INFO: Writing to disk took 11.0462 seconds
# [2024-04-24 05:01:14] INFO: ======================================================================
# [2024-04-24 05:01:14] INFO: Start sweeping...
# [2024-04-24 05:07:54] INFO: It took 399.812 seconds to do 500 HBOR sweeps.
# [2024-04-24 05:07:54] INFO: Plaquette = 0.65963
# [2024-04-24 05:07:54] INFO: Polyakov loop = (0.0021566,0.000222965)
# [2024-04-24 05:07:54] INFO: Writing conf to disk...
# [2024-04-24 05:07:54] INFO: writeconf_nersc: Writing NERSC configuration ./conf_s060t20_b0680700_a_U000410500
# [2024-04-24 05:07:59] INFO: Calculated checksum: 8acdd4c9
# [2024-04-24 05:08:05] INFO: Calculated checksum: 5412b65
# [2024-04-24 05:08:05] INFO: Writing RNGSTATE file: ./rand_s060t20_b0680700_a_U000410500
# [2024-04-24 05:08:05] INFO: Writing to disk took 11.1369 seconds
# [2024-04-24 05:08:05] INFO: ======================================================================
# [2024-04-24 05:08:05] INFO: Start sweeping...
# [2024-04-24 05:14:45] INFO: It took 399.682 seconds to do 500 HBOR sweeps.
# [2024-04-24 05:14:45] INFO: Plaquette = 0.65977
# [2024-04-24 05:14:45] INFO: Polyakov loop = (0.0027693,0.00107781)
# [2024-04-24 05:14:45] INFO: Writing conf to disk...
# [2024-04-24 05:14:45] INFO: writeconf_nersc: Writing NERSC configuration ./conf_s060t20_b0680700_a_U000411000
# [2024-04-24 05:14:50] INFO: Calculated checksum: 33b9e475
# [2024-04-24 05:15:05] INFO: Calculated checksum: 54a7ba64
# [2024-04-24 05:15:05] INFO: Writing RNGSTATE file: ./rand_s060t20_b0680700_a_U000411000
# [2024-04-24 05:15:06] INFO: Writing to disk took 20.3285 seconds
# [2024-04-24 05:15:06] INFO: ======================================================================
# [2024-04-24 05:15:06] INFO: Start sweeping...
# [2024-04-24 05:21:45] INFO: It took 399.941 seconds to do 500 HBOR sweeps.
# [2024-04-24 05:21:46] INFO: Plaquette = 0.659687
# [2024-04-24 05:21:46] INFO: Polyakov loop = (0.00204597,0.000151456)
# [2024-04-24 05:21:46] INFO: Writing conf to disk...
# [2024-04-24 05:21:46] INFO: writeconf_nersc: Writing NERSC configuration ./conf_s060t20_b0680700_a_U000411500
# [2024-04-24 05:21:50] INFO: Calculated checksum: 33c0fcbc
# [2024-04-24 05:21:58] INFO: Calculated checksum: 492839fe
# [2024-04-24 05:21:58] INFO: Writing RNGSTATE file: ./rand_s060t20_b0680700_a_U000411500
# [2024-04-24 05:21:58] INFO: Writing to disk took 12.3297 seconds
# [2024-04-24 05:21:58] INFO: ======================================================================
# [2024-04-24 05:21:58] INFO: Start sweeping...
# [2024-04-24 05:28:34] INFO: It took 396.434 seconds to do 500 HBOR sweeps.
# [2024-04-24 05:28:34] INFO: Plaquette = 0.659652
# [2024-04-24 05:28:34] INFO: Polyakov loop = (0.00208909,-0.000372324)
# [2024-04-24 05:28:34] INFO: Writing conf to disk...
# [2024-04-24 05:28:34] INFO: writeconf_nersc: Writing NERSC configuration ./conf_s060t20_b0680700_a_U000412000
# [2024-04-24 05:28:38] INFO: Calculated checksum: bb047971
# [2024-04-24 05:28:47] INFO: Calculated checksum: 45392248
# [2024-04-24 05:28:47] INFO: Writing RNGSTATE file: ./rand_s060t20_b0680700_a_U000412000
# [2024-04-24 05:28:48] INFO: Writing to disk took 13.2959 seconds
# [2024-04-24 05:28:48] INFO: ======================================================================
# [2024-04-24 05:28:48] INFO: Start sweeping...
# [2024-04-24 05:35:24] INFO: It took 396.471 seconds to do 500 HBOR sweeps.
# [2024-04-24 05:35:24] INFO: Plaquette = 0.659728
# [2024-04-24 05:35:24] INFO: Polyakov loop = (0.000945584,0.00067653)
# [2024-04-24 05:35:24] INFO: Writing conf to disk...
# [2024-04-24 05:35:24] INFO: writeconf_nersc: Writing NERSC configuration ./conf_s060t20_b0680700_a_U000412500
# [2024-04-24 05:35:29] INFO: Calculated checksum: a2b1fddc
# [2024-04-24 05:35:39] INFO: Calculated checksum: 711c8ad8
# [2024-04-24 05:35:39] INFO: Writing RNGSTATE file: ./rand_s060t20_b0680700_a_U000412500
# [2024-04-24 05:35:39] INFO: Writing to disk took 14.9543 seconds
# [2024-04-24 05:35:39] INFO: ======================================================================
# [2024-04-24 05:35:39] INFO: Start sweeping...
# [2024-04-24 05:42:19] INFO: It took 400.094 seconds to do 500 HBOR sweeps.
# [2024-04-24 05:42:19] INFO: Plaquette = 0.659584
# [2024-04-24 05:42:19] INFO: Polyakov loop = (0.00263452,0.00105472)
# [2024-04-24 05:42:19] INFO: Writing conf to disk...
# [2024-04-24 05:42:19] INFO: writeconf_nersc: Writing NERSC configuration ./conf_s060t20_b0680700_a_U000413000
# [2024-04-24 05:42:23] INFO: Calculated checksum: 2b024b31
# [2024-04-24 05:42:31] INFO: Calculated checksum: 5eb5fce3
# [2024-04-24 05:42:31] INFO: Writing RNGSTATE file: ./rand_s060t20_b0680700_a_U000413000
# [2024-04-24 05:42:31] INFO: Writing to disk took 11.6653 seconds
# [2024-04-24 05:42:31] INFO: ======================================================================
# [2024-04-24 05:42:31] INFO: Start sweeping...
# [2024-04-24 05:49:07] INFO: It took 396.446 seconds to do 500 HBOR sweeps.
# [2024-04-24 05:49:07] INFO: Plaquette = 0.65966
# [2024-04-24 05:49:07] INFO: Polyakov loop = (0.00336694,-0.000220113)
# [2024-04-24 05:49:07] INFO: Writing conf to disk...
# [2024-04-24 05:49:07] INFO: writeconf_nersc: Writing NERSC configuration ./conf_s060t20_b0680700_a_U000413500
# [2024-04-24 05:49:11] INFO: Calculated checksum: c32bce8c
# [2024-04-24 05:49:24] INFO: Calculated checksum: 32d3b31a
# [2024-04-24 05:49:24] INFO: Writing RNGSTATE file: ./rand_s060t20_b0680700_a_U000413500
# [2024-04-24 05:49:24] INFO: Writing to disk took 16.9833 seconds
# [2024-04-24 05:49:24] INFO: ======================================================================
# [2024-04-24 05:49:24] INFO: Start sweeping...
# [2024-04-24 05:56:04] INFO: It took 399.657 seconds to do 500 HBOR sweeps.
# [2024-04-24 05:56:04] INFO: Plaquette = 0.659843
# [2024-04-24 05:56:04] INFO: Polyakov loop = (0.0024489,-2.9644e-05)
# [2024-04-24 05:56:04] INFO: Writing conf to disk...
# [2024-04-24 05:56:04] INFO: writeconf_nersc: Writing NERSC configuration ./conf_s060t20_b0680700_a_U000414000
# [2024-04-24 05:56:08] INFO: Calculated checksum: 169482e
# [2024-04-24 05:56:15] INFO: Calculated checksum: a3b06432
# [2024-04-24 05:56:15] INFO: Writing RNGSTATE file: ./rand_s060t20_b0680700_a_U000414000
# [2024-04-24 05:56:16] INFO: Writing to disk took 11.54 seconds
# [2024-04-24 05:56:16] INFO: ======================================================================
# [2024-04-24 05:56:16] INFO: Start sweeping...
# [2024-04-24 06:02:55] INFO: It took 399.779 seconds to do 500 HBOR sweeps.
# [2024-04-24 06:02:55] INFO: Plaquette = 0.659646
# [2024-04-24 06:02:55] INFO: Polyakov loop = (0.00119949,-0.000427554)
# [2024-04-24 06:02:55] INFO: Writing conf to disk...
# [2024-04-24 06:02:55] INFO: writeconf_nersc: Writing NERSC configuration ./conf_s060t20_b0680700_a_U000414500
# [2024-04-24 06:03:00] INFO: Calculated checksum: 876a368c
# [2024-04-24 06:03:07] INFO: Calculated checksum: 75cb4266
# [2024-04-24 06:03:07] INFO: Writing RNGSTATE file: ./rand_s060t20_b0680700_a_U000414500
# [2024-04-24 06:03:07] INFO: Writing to disk took 11.5737 seconds
# [2024-04-24 06:03:07] INFO: ======================================================================
# [2024-04-24 06:03:07] INFO: Start sweeping...
# [2024-04-24 06:09:47] INFO: It took 399.576 seconds to do 500 HBOR sweeps.
# [2024-04-24 06:09:47] INFO: Plaquette = 0.659674
# [2024-04-24 06:09:47] INFO: Polyakov loop = (0.00249471,0.000518733)
# [2024-04-24 06:09:47] INFO: Writing conf to disk...
# [2024-04-24 06:09:47] INFO: writeconf_nersc: Writing NERSC configuration ./conf_s060t20_b0680700_a_U000415000
# [2024-04-24 06:09:50] INFO: Calculated checksum: 3f7695a
# [2024-04-24 06:10:00] INFO: Calculated checksum: c22b86b2
# [2024-04-24 06:10:00] INFO: Writing RNGSTATE file: ./rand_s060t20_b0680700_a_U000415000
# [2024-04-24 06:10:00] INFO: Writing to disk took 13.3057 seconds
# [2024-04-24 06:10:00] INFO: ======================================================================
# [2024-04-24 06:10:00] INFO: Start sweeping...
# [2024-04-24 06:16:40] INFO: It took 399.766 seconds to do 500 HBOR sweeps.
# [2024-04-24 06:16:40] INFO: Plaquette = 0.659698
# [2024-04-24 06:16:40] INFO: Polyakov loop = (0.00187433,-1.14203e-05)
# [2024-04-24 06:16:40] INFO: Writing conf to disk...
# [2024-04-24 06:16:40] INFO: writeconf_nersc: Writing NERSC configuration ./conf_s060t20_b0680700_a_U000415500
# [2024-04-24 06:16:43] INFO: Calculated checksum: e82eac0b
# [2024-04-24 06:16:54] INFO: Calculated checksum: bd76d4a
# [2024-04-24 06:16:54] INFO: Writing RNGSTATE file: ./rand_s060t20_b0680700_a_U000415500
# [2024-04-24 06:16:55] INFO: Writing to disk took 14.9112 seconds
# [2024-04-24 06:16:55] INFO: ======================================================================
# [2024-04-24 06:16:55] INFO: Start sweeping...
# [2024-04-24 06:23:35] INFO: It took 400.05 seconds to do 500 HBOR sweeps.
# [2024-04-24 06:23:35] INFO: Plaquette = 0.659714
# [2024-04-24 06:23:35] INFO: Polyakov loop = (0.00248036,-0.000185472)
# [2024-04-24 06:23:35] INFO: Writing conf to disk...
# [2024-04-24 06:23:35] INFO: writeconf_nersc: Writing NERSC configuration ./conf_s060t20_b0680700_a_U000416000
# [2024-04-24 06:23:38] INFO: Calculated checksum: 6d846766
# [2024-04-24 06:23:50] INFO: Calculated checksum: d070e48b
# [2024-04-24 06:23:50] INFO: Writing RNGSTATE file: ./rand_s060t20_b0680700_a_U000416000
# [2024-04-24 06:23:50] INFO: Writing to disk took 15.3339 seconds
# [2024-04-24 06:23:50] INFO: ======================================================================
# [2024-04-24 06:23:50] INFO: Start sweeping...
# [2024-04-24 06:30:30] INFO: It took 399.87 seconds to do 500 HBOR sweeps.
# [2024-04-24 06:30:30] INFO: Plaquette = 0.659609
# [2024-04-24 06:30:30] INFO: Polyakov loop = (0.00166515,0.000169954)
# [2024-04-24 06:30:30] INFO: Writing conf to disk...
# [2024-04-24 06:30:30] INFO: writeconf_nersc: Writing NERSC configuration ./conf_s060t20_b0680700_a_U000416500
# [2024-04-24 06:30:34] INFO: Calculated checksum: 959005ae
# [2024-04-24 06:30:45] INFO: Calculated checksum: 212bf9a1
# [2024-04-24 06:30:45] INFO: Writing RNGSTATE file: ./rand_s060t20_b0680700_a_U000416500
# [2024-04-24 06:30:47] INFO: Writing to disk took 16.7023 seconds
# [2024-04-24 06:30:47] INFO: ======================================================================
# [2024-04-24 06:30:47] INFO: Start sweeping...
# [2024-04-24 06:37:27] INFO: It took 399.874 seconds to do 500 HBOR sweeps.
# [2024-04-24 06:37:27] INFO: Plaquette = 0.659704
# [2024-04-24 06:37:27] INFO: Polyakov loop = (0.00322708,-0.000254255)
# [2024-04-24 06:37:27] INFO: Writing conf to disk...
# [2024-04-24 06:37:27] INFO: writeconf_nersc: Writing NERSC configuration ./conf_s060t20_b0680700_a_U000417000
# [2024-04-24 06:37:30] INFO: Calculated checksum: 70db3c8a
# [2024-04-24 06:37:38] INFO: Calculated checksum: 57966ba5
# [2024-04-24 06:37:38] INFO: Writing RNGSTATE file: ./rand_s060t20_b0680700_a_U000417000
# [2024-04-24 06:37:38] INFO: Writing to disk took 11.7237 seconds
# [2024-04-24 06:37:38] INFO: ======================================================================
# [2024-04-24 06:37:38] INFO: Start sweeping...
# [2024-04-24 06:44:15] INFO: It took 396.419 seconds to do 500 HBOR sweeps.
# [2024-04-24 06:44:15] INFO: Plaquette = 0.659756
# [2024-04-24 06:44:15] INFO: Polyakov loop = (0.00285232,0.000162413)
# [2024-04-24 06:44:15] INFO: Writing conf to disk...
# [2024-04-24 06:44:15] INFO: writeconf_nersc: Writing NERSC configuration ./conf_s060t20_b0680700_a_U000417500
# [2024-04-24 06:44:21] INFO: Calculated checksum: 4587a83
# [2024-04-24 06:44:35] INFO: Calculated checksum: 80cb142b
# [2024-04-24 06:44:35] INFO: Writing RNGSTATE file: ./rand_s060t20_b0680700_a_U000417500
# [2024-04-24 06:44:35] INFO: Writing to disk took 20.2501 seconds
# [2024-04-24 06:44:35] INFO: ======================================================================
# [2024-04-24 06:44:35] INFO: Start sweeping...
# [2024-04-24 06:51:15] INFO: It took 399.772 seconds to do 500 HBOR sweeps.
# [2024-04-24 06:51:15] INFO: Plaquette = 0.659727
# [2024-04-24 06:51:15] INFO: Polyakov loop = (0.0026531,0.00062774)
# [2024-04-24 06:51:15] INFO: Writing conf to disk...
# [2024-04-24 06:51:15] INFO: writeconf_nersc: Writing NERSC configuration ./conf_s060t20_b0680700_a_U000418000
# [2024-04-24 06:51:18] INFO: Calculated checksum: 77110d8f
# [2024-04-24 06:51:26] INFO: Calculated checksum: 862315af
# [2024-04-24 06:51:26] INFO: Writing RNGSTATE file: ./rand_s060t20_b0680700_a_U000418000
# [2024-04-24 06:51:27] INFO: Writing to disk took 11.6074 seconds
# [2024-04-24 06:51:27] INFO: ======================================================================
# [2024-04-24 06:51:27] INFO: Start sweeping...
# [2024-04-24 06:58:06] INFO: It took 399.496 seconds to do 500 HBOR sweeps.
# [2024-04-24 06:58:06] INFO: Plaquette = 0.659631
# [2024-04-24 06:58:06] INFO: Polyakov loop = (0.00286426,-0.000826514)
# [2024-04-24 06:58:06] INFO: Writing conf to disk...
# [2024-04-24 06:58:06] INFO: writeconf_nersc: Writing NERSC configuration ./conf_s060t20_b0680700_a_U000418500
# [2024-04-24 06:58:10] INFO: Calculated checksum: ba913234
# [2024-04-24 06:58:17] INFO: Calculated checksum: 3777d1bb
# [2024-04-24 06:58:17] INFO: Writing RNGSTATE file: ./rand_s060t20_b0680700_a_U000418500
# [2024-04-24 06:58:18] INFO: Writing to disk took 11.4535 seconds
# [2024-04-24 06:58:18] INFO: ======================================================================
# [2024-04-24 06:58:18] INFO: Start sweeping...
# [2024-04-24 07:04:58] INFO: It took 400.548 seconds to do 500 HBOR sweeps.
# [2024-04-24 07:04:58] INFO: Plaquette = 0.659671
# [2024-04-24 07:04:58] INFO: Polyakov loop = (0.00321231,6.49722e-05)
# [2024-04-24 07:04:58] INFO: Writing conf to disk...
# [2024-04-24 07:04:58] INFO: writeconf_nersc: Writing NERSC configuration ./conf_s060t20_b0680700_a_U000419000
# [2024-04-24 07:05:01] INFO: Calculated checksum: 3ba15d2e
# [2024-04-24 07:05:09] INFO: Calculated checksum: cdd693e8
# [2024-04-24 07:05:09] INFO: Writing RNGSTATE file: ./rand_s060t20_b0680700_a_U000419000
# [2024-04-24 07:05:09] INFO: Writing to disk took 10.7582 seconds
# [2024-04-24 07:05:09] INFO: ======================================================================
# [2024-04-24 07:05:09] INFO: Start sweeping...
# [2024-04-24 07:11:49] INFO: It took 399.598 seconds to do 500 HBOR sweeps.
# [2024-04-24 07:11:49] INFO: Plaquette = 0.659647
# [2024-04-24 07:11:49] INFO: Polyakov loop = (0.00191641,-0.000588829)
# [2024-04-24 07:11:49] INFO: Writing conf to disk...
# [2024-04-24 07:11:49] INFO: writeconf_nersc: Writing NERSC configuration ./conf_s060t20_b0680700_a_U000419500
# [2024-04-24 07:11:52] INFO: Calculated checksum: c1439741
# [2024-04-24 07:12:02] INFO: Calculated checksum: ce715438
# [2024-04-24 07:12:02] INFO: Writing RNGSTATE file: ./rand_s060t20_b0680700_a_U000419500
# [2024-04-24 07:12:02] INFO: Writing to disk took 13.7593 seconds
# [2024-04-24 07:12:02] INFO: ======================================================================
# [2024-04-24 07:12:02] INFO: Start sweeping...
# [2024-04-24 07:18:42] INFO: It took 399.702 seconds to do 500 HBOR sweeps.
# [2024-04-24 07:18:42] INFO: Plaquette = 0.659698
# [2024-04-24 07:18:42] INFO: Polyakov loop = (0.00239423,6.68256e-05)
# [2024-04-24 07:18:42] INFO: Writing conf to disk...
# [2024-04-24 07:18:42] INFO: writeconf_nersc: Writing NERSC configuration ./conf_s060t20_b0680700_a_U000420000
# [2024-04-24 07:18:45] INFO: Calculated checksum: 626def0a
# [2024-04-24 07:18:52] INFO: Calculated checksum: e8d8ae22
# [2024-04-24 07:18:52] INFO: Writing RNGSTATE file: ./rand_s060t20_b0680700_a_U000420000
# [2024-04-24 07:18:52] INFO: Writing to disk took 10.1507 seconds
# [2024-04-24 07:18:52] INFO: ======================================================================
# [2024-04-24 07:18:52] INFO: Start sweeping...
# [2024-04-24 07:25:32] INFO: It took 399.692 seconds to do 500 HBOR sweeps.
# [2024-04-24 07:25:32] INFO: Plaquette = 0.659645
# [2024-04-24 07:25:32] INFO: Polyakov loop = (0.00232634,-0.000142965)
# [2024-04-24 07:25:32] INFO: Writing conf to disk...
# [2024-04-24 07:25:32] INFO: writeconf_nersc: Writing NERSC configuration ./conf_s060t20_b0680700_a_U000420500
# [2024-04-24 07:25:37] INFO: Calculated checksum: 2259e519
# [2024-04-24 07:26:18] INFO: Calculated checksum: 79aef0eb
# [2024-04-24 07:26:18] INFO: Writing RNGSTATE file: ./rand_s060t20_b0680700_a_U000420500
# [2024-04-24 07:26:18] INFO: Writing to disk took 45.8611 seconds
# [2024-04-24 07:26:18] INFO: ======================================================================
# [2024-04-24 07:26:18] INFO: Start sweeping...
# [2024-04-24 07:32:57] INFO: It took 399.48 seconds to do 500 HBOR sweeps.
# [2024-04-24 07:32:57] INFO: Plaquette = 0.659688
# [2024-04-24 07:32:57] INFO: Polyakov loop = (0.00164557,8.8724e-05)
# [2024-04-24 07:32:57] INFO: Writing conf to disk...
# [2024-04-24 07:32:57] INFO: writeconf_nersc: Writing NERSC configuration ./conf_s060t20_b0680700_a_U000421000
# [2024-04-24 07:33:00] INFO: Calculated checksum: 54f79c2d
# [2024-04-24 07:33:07] INFO: Calculated checksum: ed9ffe3d
# [2024-04-24 07:33:07] INFO: Writing RNGSTATE file: ./rand_s060t20_b0680700_a_U000421000
# [2024-04-24 07:33:07] INFO: Writing to disk took 9.769 seconds
# [2024-04-24 07:33:07] INFO: ======================================================================
# [2024-04-24 07:33:07] INFO: Start sweeping...
# [2024-04-24 07:39:47] INFO: It took 399.555 seconds to do 500 HBOR sweeps.
# [2024-04-24 07:39:47] INFO: Plaquette = 0.659663
# [2024-04-24 07:39:47] INFO: Polyakov loop = (0.00214825,0.000757011)
# [2024-04-24 07:39:47] INFO: Writing conf to disk...
# [2024-04-24 07:39:47] INFO: writeconf_nersc: Writing NERSC configuration ./conf_s060t20_b0680700_a_U000421500
# [2024-04-24 07:39:51] INFO: Calculated checksum: 95969ba9
# [2024-04-24 07:40:03] INFO: Calculated checksum: e019ce38
# [2024-04-24 07:40:03] INFO: Writing RNGSTATE file: ./rand_s060t20_b0680700_a_U000421500
# [2024-04-24 07:40:05] INFO: Writing to disk took 18.5512 seconds
# [2024-04-24 07:40:05] INFO: ======================================================================
# [2024-04-24 07:40:05] INFO: Start sweeping...
# [2024-04-24 07:46:45] INFO: It took 399.789 seconds to do 500 HBOR sweeps.
# [2024-04-24 07:46:45] INFO: Plaquette = 0.659624
# [2024-04-24 07:46:45] INFO: Polyakov loop = (0.00258868,-0.000425962)
# [2024-04-24 07:46:45] INFO: Writing conf to disk...
# [2024-04-24 07:46:45] INFO: writeconf_nersc: Writing NERSC configuration ./conf_s060t20_b0680700_a_U000422000
# [2024-04-24 07:46:49] INFO: Calculated checksum: 7a9d3f6
# [2024-04-24 07:47:01] INFO: Calculated checksum: 7b593897
# [2024-04-24 07:47:01] INFO: Writing RNGSTATE file: ./rand_s060t20_b0680700_a_U000422000
# [2024-04-24 07:47:02] INFO: Writing to disk took 16.9388 seconds
# [2024-04-24 07:47:02] INFO: ======================================================================
# [2024-04-24 07:47:02] INFO: Start sweeping...
# [2024-04-24 07:53:42] INFO: It took 399.879 seconds to do 500 HBOR sweeps.
# [2024-04-24 07:53:42] INFO: Plaquette = 0.659721
# [2024-04-24 07:53:42] INFO: Polyakov loop = (0.00262048,-0.000294274)
# [2024-04-24 07:53:42] INFO: Writing conf to disk...
# [2024-04-24 07:53:42] INFO: writeconf_nersc: Writing NERSC configuration ./conf_s060t20_b0680700_a_U000422500
# [2024-04-24 07:53:47] INFO: Calculated checksum: 9a84948a
# [2024-04-24 07:53:54] INFO: Calculated checksum: a650b3e0
# [2024-04-24 07:53:54] INFO: Writing RNGSTATE file: ./rand_s060t20_b0680700_a_U000422500
# [2024-04-24 07:53:54] INFO: Writing to disk took 11.7936 seconds
# [2024-04-24 07:53:54] INFO: ======================================================================
# [2024-04-24 07:53:54] INFO: Start sweeping...
# [2024-04-24 08:00:34] INFO: It took 399.918 seconds to do 500 HBOR sweeps.
# [2024-04-24 08:00:34] INFO: Plaquette = 0.659663
# [2024-04-24 08:00:34] INFO: Polyakov loop = (0.00107543,-0.000969706)
# [2024-04-24 08:00:34] INFO: Writing conf to disk...
# [2024-04-24 08:00:34] INFO: writeconf_nersc: Writing NERSC configuration ./conf_s060t20_b0680700_a_U000423000
# [2024-04-24 08:00:37] INFO: Calculated checksum: 7d784bae
# [2024-04-24 08:00:45] INFO: Calculated checksum: c42cafab
# [2024-04-24 08:00:45] INFO: Writing RNGSTATE file: ./rand_s060t20_b0680700_a_U000423000
# [2024-04-24 08:00:45] INFO: Writing to disk took 11.1666 seconds
# [2024-04-24 08:00:45] INFO: ======================================================================
# [2024-04-24 08:00:45] INFO: Start sweeping...
# [2024-04-24 08:07:22] INFO: It took 396.46 seconds to do 500 HBOR sweeps.
# [2024-04-24 08:07:22] INFO: Plaquette = 0.659663
# [2024-04-24 08:07:22] INFO: Polyakov loop = (0.00231728,-0.000572256)
# [2024-04-24 08:07:22] INFO: Writing conf to disk...
# [2024-04-24 08:07:22] INFO: writeconf_nersc: Writing NERSC configuration ./conf_s060t20_b0680700_a_U000423500
# [2024-04-24 08:07:25] INFO: Calculated checksum: 4a83b66d
# [2024-04-24 08:07:33] INFO: Calculated checksum: 8a88d64e
# [2024-04-24 08:07:33] INFO: Writing RNGSTATE file: ./rand_s060t20_b0680700_a_U000423500
# [2024-04-24 08:07:33] INFO: Writing to disk took 11.32 seconds
# [2024-04-24 08:07:33] INFO: ======================================================================
# [2024-04-24 08:07:33] INFO: Start sweeping...
# [2024-04-24 08:14:12] INFO: It took 399.47 seconds to do 500 HBOR sweeps.
# [2024-04-24 08:14:12] INFO: Plaquette = 0.65967
# [2024-04-24 08:14:12] INFO: Polyakov loop = (0.00181588,0.000367525)
# [2024-04-24 08:14:12] INFO: Writing conf to disk...
# [2024-04-24 08:14:12] INFO: writeconf_nersc: Writing NERSC configuration ./conf_s060t20_b0680700_a_U000424000
# [2024-04-24 08:14:16] INFO: Calculated checksum: cbdee7fe
# [2024-04-24 08:14:28] INFO: Calculated checksum: b7f3f1c4
# [2024-04-24 08:14:28] INFO: Writing RNGSTATE file: ./rand_s060t20_b0680700_a_U000424000
# [2024-04-24 08:14:28] INFO: Writing to disk took 15.6143 seconds
# [2024-04-24 08:14:28] INFO: ======================================================================
# [2024-04-24 08:14:28] INFO: Start sweeping...
# [2024-04-24 08:21:08] INFO: It took 399.825 seconds to do 500 HBOR sweeps.
# [2024-04-24 08:21:08] INFO: Plaquette = 0.659673
# [2024-04-24 08:21:08] INFO: Polyakov loop = (0.00290192,0.00110311)
# [2024-04-24 08:21:08] INFO: Writing conf to disk...
# [2024-04-24 08:21:08] INFO: writeconf_nersc: Writing NERSC configuration ./conf_s060t20_b0680700_a_U000424500
# [2024-04-24 08:21:11] INFO: Calculated checksum: d99e0928
# [2024-04-24 08:21:21] INFO: Calculated checksum: 77b493a8
# [2024-04-24 08:21:21] INFO: Writing RNGSTATE file: ./rand_s060t20_b0680700_a_U000424500
# [2024-04-24 08:21:21] INFO: Writing to disk took 13.3674 seconds
# [2024-04-24 08:21:21] INFO: ======================================================================
# [2024-04-24 08:21:21] INFO: Start sweeping...
# [2024-04-24 08:28:01] INFO: It took 399.722 seconds to do 500 HBOR sweeps.
# [2024-04-24 08:28:01] INFO: Plaquette = 0.659672
# [2024-04-24 08:28:01] INFO: Polyakov loop = (0.00221702,0.000185735)
# [2024-04-24 08:28:01] INFO: Writing conf to disk...
# [2024-04-24 08:28:01] INFO: writeconf_nersc: Writing NERSC configuration ./conf_s060t20_b0680700_a_U000425000
# [2024-04-24 08:28:04] INFO: Calculated checksum: ac060c02
# [2024-04-24 08:28:11] INFO: Calculated checksum: c9013cea
# [2024-04-24 08:28:11] INFO: Writing RNGSTATE file: ./rand_s060t20_b0680700_a_U000425000
# [2024-04-24 08:28:12] INFO: Writing to disk took 10.5069 seconds
# [2024-04-24 08:28:12] INFO: ======================================================================
# [2024-04-24 08:28:12] INFO: Start sweeping...
# [2024-04-24 08:34:51] INFO: It took 399.891 seconds to do 500 HBOR sweeps.
# [2024-04-24 08:34:52] INFO: Plaquette = 0.659632
# [2024-04-24 08:34:52] INFO: Polyakov loop = (0.00232967,0.000493398)
# [2024-04-24 08:34:52] INFO: Writing conf to disk...
# [2024-04-24 08:34:52] INFO: writeconf_nersc: Writing NERSC configuration ./conf_s060t20_b0680700_a_U000425500
# [2024-04-24 08:34:55] INFO: Calculated checksum: 6bea5edf
# [2024-04-24 08:35:01] INFO: Calculated checksum: c73c82c8
# [2024-04-24 08:35:01] INFO: Writing RNGSTATE file: ./rand_s060t20_b0680700_a_U000425500
# [2024-04-24 08:35:01] INFO: Writing to disk took 9.83586 seconds
# [2024-04-24 08:35:01] INFO: ======================================================================
# [2024-04-24 08:35:01] INFO: Start sweeping...
# [2024-04-24 08:41:41] INFO: It took 399.901 seconds to do 500 HBOR sweeps.
# [2024-04-24 08:41:41] INFO: Plaquette = 0.659788
# [2024-04-24 08:41:41] INFO: Polyakov loop = (0.00177603,-0.00011402)
# [2024-04-24 08:41:41] INFO: Writing conf to disk...
# [2024-04-24 08:41:41] INFO: writeconf_nersc: Writing NERSC configuration ./conf_s060t20_b0680700_a_U000426000
# [2024-04-24 08:41:44] INFO: Calculated checksum: 4e65c52b
# [2024-04-24 08:41:51] INFO: Calculated checksum: 737c511b
# [2024-04-24 08:41:51] INFO: Writing RNGSTATE file: ./rand_s060t20_b0680700_a_U000426000
# [2024-04-24 08:41:51] INFO: Writing to disk took 9.70491 seconds
# [2024-04-24 08:41:51] INFO: ======================================================================
# [2024-04-24 08:41:51] INFO: Start sweeping...
# [2024-04-24 08:48:31] INFO: It took 399.808 seconds to do 500 HBOR sweeps.
# [2024-04-24 08:48:31] INFO: Plaquette = 0.659693
# [2024-04-24 08:48:31] INFO: Polyakov loop = (0.00181247,-0.000173236)
# [2024-04-24 08:48:31] INFO: Writing conf to disk...
# [2024-04-24 08:48:31] INFO: writeconf_nersc: Writing NERSC configuration ./conf_s060t20_b0680700_a_U000426500
# [2024-04-24 08:48:34] INFO: Calculated checksum: b642f647
# [2024-04-24 08:48:41] INFO: Calculated checksum: 14563dfa
# [2024-04-24 08:48:41] INFO: Writing RNGSTATE file: ./rand_s060t20_b0680700_a_U000426500
# [2024-04-24 08:48:42] INFO: Writing to disk took 10.7676 seconds
# [2024-04-24 08:48:42] INFO: ======================================================================
# [2024-04-24 08:48:42] INFO: Start sweeping...
# [2024-04-24 08:55:22] INFO: It took 399.863 seconds to do 500 HBOR sweeps.
# [2024-04-24 08:55:22] INFO: Plaquette = 0.659685
# [2024-04-24 08:55:22] INFO: Polyakov loop = (0.00222996,-0.000364802)
# [2024-04-24 08:55:22] INFO: Writing conf to disk...
# [2024-04-24 08:55:22] INFO: writeconf_nersc: Writing NERSC configuration ./conf_s060t20_b0680700_a_U000427000
# [2024-04-24 08:55:25] INFO: Calculated checksum: b6ca8cf6
# [2024-04-24 08:55:31] INFO: Calculated checksum: 2e65765e
# [2024-04-24 08:55:31] INFO: Writing RNGSTATE file: ./rand_s060t20_b0680700_a_U000427000
# [2024-04-24 08:55:31] INFO: Writing to disk took 9.65608 seconds
# [2024-04-24 08:55:31] INFO: ======================================================================
# [2024-04-24 08:55:31] INFO: Start sweeping...
# [2024-04-24 09:02:11] INFO: It took 399.75 seconds to do 500 HBOR sweeps.
# [2024-04-24 09:02:11] INFO: Plaquette = 0.659651
# [2024-04-24 09:02:11] INFO: Polyakov loop = (0.00190432,0.000284923)
# [2024-04-24 09:02:11] INFO: Writing conf to disk...
# [2024-04-24 09:02:11] INFO: writeconf_nersc: Writing NERSC configuration ./conf_s060t20_b0680700_a_U000427500
# [2024-04-24 09:02:14] INFO: Calculated checksum: 88c1406f
# [2024-04-24 09:02:21] INFO: Calculated checksum: 737db216
# [2024-04-24 09:02:21] INFO: Writing RNGSTATE file: ./rand_s060t20_b0680700_a_U000427500
# [2024-04-24 09:02:21] INFO: Writing to disk took 9.94524 seconds
# [2024-04-24 09:02:21] INFO: ======================================================================
# [2024-04-24 09:02:21] INFO: Start sweeping...
# [2024-04-24 09:09:01] INFO: It took 399.842 seconds to do 500 HBOR sweeps.
# [2024-04-24 09:09:01] INFO: Plaquette = 0.659703
# [2024-04-24 09:09:01] INFO: Polyakov loop = (0.00196336,-0.000208524)
# [2024-04-24 09:09:01] INFO: Writing conf to disk...
# [2024-04-24 09:09:01] INFO: writeconf_nersc: Writing NERSC configuration ./conf_s060t20_b0680700_a_U000428000
# [2024-04-24 09:09:04] INFO: Calculated checksum: f8c3f313
# [2024-04-24 09:09:10] INFO: Calculated checksum: bae3841f
# [2024-04-24 09:09:10] INFO: Writing RNGSTATE file: ./rand_s060t20_b0680700_a_U000428000
# [2024-04-24 09:09:11] INFO: Writing to disk took 9.8342 seconds
# [2024-04-24 09:09:11] INFO: ======================================================================
# [2024-04-24 09:09:11] INFO: Start sweeping...
# [2024-04-24 09:15:50] INFO: It took 399.777 seconds to do 500 HBOR sweeps.
# [2024-04-24 09:15:51] INFO: Plaquette = 0.659729
# [2024-04-24 09:15:51] INFO: Polyakov loop = (0.0025203,0.000812357)
# [2024-04-24 09:15:51] INFO: Writing conf to disk...
# [2024-04-24 09:15:51] INFO: writeconf_nersc: Writing NERSC configuration ./conf_s060t20_b0680700_a_U000428500
# [2024-04-24 09:15:54] INFO: Calculated checksum: 28fa3250
# [2024-04-24 09:16:04] INFO: Calculated checksum: 482432da
# [2024-04-24 09:16:04] INFO: Writing RNGSTATE file: ./rand_s060t20_b0680700_a_U000428500
# [2024-04-24 09:16:04] INFO: Writing to disk took 13.5535 seconds
# [2024-04-24 09:16:04] INFO: ======================================================================
# [2024-04-24 09:16:04] INFO: Start sweeping...
# [2024-04-24 09:22:41] INFO: It took 396.497 seconds to do 500 HBOR sweeps.
# [2024-04-24 09:22:41] INFO: Plaquette = 0.659617
# [2024-04-24 09:22:41] INFO: Polyakov loop = (0.0028178,4.04952e-05)
# [2024-04-24 09:22:41] INFO: Writing conf to disk...
# [2024-04-24 09:22:41] INFO: writeconf_nersc: Writing NERSC configuration ./conf_s060t20_b0680700_a_U000429000
# [2024-04-24 09:22:44] INFO: Calculated checksum: 366542cc
# [2024-04-24 09:22:57] INFO: Calculated checksum: 21dceedd
# [2024-04-24 09:22:57] INFO: Writing RNGSTATE file: ./rand_s060t20_b0680700_a_U000429000
# [2024-04-24 09:22:58] INFO: Writing to disk took 17.1071 seconds
# [2024-04-24 09:22:58] INFO: ======================================================================
# [2024-04-24 09:22:58] INFO: Start sweeping...
# [2024-04-24 09:29:34] INFO: It took 396.476 seconds to do 500 HBOR sweeps.
# [2024-04-24 09:29:34] INFO: Plaquette = 0.65975
# [2024-04-24 09:29:34] INFO: Polyakov loop = (0.00225372,0.000980938)
# [2024-04-24 09:29:34] INFO: Writing conf to disk...
# [2024-04-24 09:29:34] INFO: writeconf_nersc: Writing NERSC configuration ./conf_s060t20_b0680700_a_U000429500
# [2024-04-24 09:29:37] INFO: Calculated checksum: 6a211ec5
# [2024-04-24 09:29:44] INFO: Calculated checksum: 4ad311c4
# [2024-04-24 09:29:44] INFO: Writing RNGSTATE file: ./rand_s060t20_b0680700_a_U000429500
# [2024-04-24 09:29:44] INFO: Writing to disk took 10.195 seconds
# [2024-04-24 09:29:44] INFO: ======================================================================
# [2024-04-24 09:29:44] INFO: Start sweeping...
# [2024-04-24 09:36:24] INFO: It took 399.886 seconds to do 500 HBOR sweeps.
# [2024-04-24 09:36:24] INFO: Plaquette = 0.65962
# [2024-04-24 09:36:24] INFO: Polyakov loop = (0.00276553,0.000144245)
# [2024-04-24 09:36:24] INFO: Writing conf to disk...
# [2024-04-24 09:36:24] INFO: writeconf_nersc: Writing NERSC configuration ./conf_s060t20_b0680700_a_U000430000
# [2024-04-24 09:36:28] INFO: Calculated checksum: 611d376d
# [2024-04-24 09:36:36] INFO: Calculated checksum: cee7f271
# [2024-04-24 09:36:36] INFO: Writing RNGSTATE file: ./rand_s060t20_b0680700_a_U000430000
# [2024-04-24 09:36:37] INFO: Writing to disk took 12.3088 seconds
# [2024-04-24 09:36:37] INFO: ======================================================================
# [2024-04-24 09:36:37] INFO: Start sweeping...
# [2024-04-24 09:43:16] INFO: It took 399.682 seconds to do 500 HBOR sweeps.
# [2024-04-24 09:43:16] INFO: Plaquette = 0.659671
# [2024-04-24 09:43:16] INFO: Polyakov loop = (0.00258637,3.43703e-05)
# [2024-04-24 09:43:16] INFO: Writing conf to disk...
# [2024-04-24 09:43:16] INFO: writeconf_nersc: Writing NERSC configuration ./conf_s060t20_b0680700_a_U000430500
# [2024-04-24 09:43:20] INFO: Calculated checksum: 25b19a91
# [2024-04-24 09:43:27] INFO: Calculated checksum: 6e9865f7
# [2024-04-24 09:43:27] INFO: Writing RNGSTATE file: ./rand_s060t20_b0680700_a_U000430500
# [2024-04-24 09:43:27] INFO: Writing to disk took 10.4384 seconds
# [2024-04-24 09:43:27] INFO: ======================================================================
# [2024-04-24 09:43:27] INFO: Start sweeping...
# [2024-04-24 09:50:06] INFO: It took 399.538 seconds to do 500 HBOR sweeps.
# [2024-04-24 09:50:06] INFO: Plaquette = 0.659552
# [2024-04-24 09:50:06] INFO: Polyakov loop = (0.00101399,0.00134485)
# [2024-04-24 09:50:06] INFO: Writing conf to disk...
# [2024-04-24 09:50:06] INFO: writeconf_nersc: Writing NERSC configuration ./conf_s060t20_b0680700_a_U000431000
# [2024-04-24 09:50:10] INFO: Calculated checksum: 97aacc56
# [2024-04-24 09:50:17] INFO: Calculated checksum: 2504480c
# [2024-04-24 09:50:17] INFO: Writing RNGSTATE file: ./rand_s060t20_b0680700_a_U000431000
# [2024-04-24 09:50:17] INFO: Writing to disk took 10.6004 seconds
# [2024-04-24 09:50:17] INFO: ======================================================================
# [2024-04-24 09:50:17] INFO: Start sweeping...
# [2024-04-24 09:56:57] INFO: It took 399.64 seconds to do 500 HBOR sweeps.
# [2024-04-24 09:56:57] INFO: Plaquette = 0.659712
# [2024-04-24 09:56:57] INFO: Polyakov loop = (0.00385331,-0.000302624)
# [2024-04-24 09:56:57] INFO: Writing conf to disk...
# [2024-04-24 09:56:57] INFO: writeconf_nersc: Writing NERSC configuration ./conf_s060t20_b0680700_a_U000431500
# [2024-04-24 09:57:00] INFO: Calculated checksum: ef5c10f1
# [2024-04-24 09:57:06] INFO: Calculated checksum: 5811d699
# [2024-04-24 09:57:06] INFO: Writing RNGSTATE file: ./rand_s060t20_b0680700_a_U000431500
# [2024-04-24 09:57:07] INFO: Writing to disk took 9.85398 seconds
# [2024-04-24 09:57:07] INFO: ======================================================================
# [2024-04-24 09:57:07] INFO: Start sweeping...
# [2024-04-24 10:03:46] INFO: It took 399.497 seconds to do 500 HBOR sweeps.
# [2024-04-24 10:03:46] INFO: Plaquette = 0.659662
# [2024-04-24 10:03:46] INFO: Polyakov loop = (0.0020842,0.000647488)
# [2024-04-24 10:03:46] INFO: Writing conf to disk...
# [2024-04-24 10:03:46] INFO: writeconf_nersc: Writing NERSC configuration ./conf_s060t20_b0680700_a_U000432000
# [2024-04-24 10:03:49] INFO: Calculated checksum: 61621092
# [2024-04-24 10:03:55] INFO: Calculated checksum: aeea5ac6
# [2024-04-24 10:03:55] INFO: Writing RNGSTATE file: ./rand_s060t20_b0680700_a_U000432000
# [2024-04-24 10:03:56] INFO: Writing to disk took 9.55322 seconds
# [2024-04-24 10:03:56] INFO: ======================================================================
# [2024-04-24 10:03:56] INFO: Start sweeping...
# [2024-04-24 10:10:35] INFO: It took 399.474 seconds to do 500 HBOR sweeps.
# [2024-04-24 10:10:35] INFO: Plaquette = 0.659638
# [2024-04-24 10:10:35] INFO: Polyakov loop = (0.00149926,-0.000586375)
# [2024-04-24 10:10:35] INFO: Writing conf to disk...
# [2024-04-24 10:10:35] INFO: writeconf_nersc: Writing NERSC configuration ./conf_s060t20_b0680700_a_U000432500
# [2024-04-24 10:10:39] INFO: Calculated checksum: c33ea60f
# [2024-04-24 10:10:46] INFO: Calculated checksum: dccc9895
# [2024-04-24 10:10:46] INFO: Writing RNGSTATE file: ./rand_s060t20_b0680700_a_U000432500
# [2024-04-24 10:10:46] INFO: Writing to disk took 10.9465 seconds
# [2024-04-24 10:10:46] INFO: ======================================================================
# [2024-04-24 10:10:46] INFO: Start sweeping...
# [2024-04-24 10:17:26] INFO: It took 399.579 seconds to do 500 HBOR sweeps.
# [2024-04-24 10:17:26] INFO: Plaquette = 0.659659
# [2024-04-24 10:17:26] INFO: Polyakov loop = (0.0027689,-2.21879e-07)
# [2024-04-24 10:17:26] INFO: Writing conf to disk...
# [2024-04-24 10:17:26] INFO: writeconf_nersc: Writing NERSC configuration ./conf_s060t20_b0680700_a_U000433000
# [2024-04-24 10:17:29] INFO: Calculated checksum: f83252f6
# [2024-04-24 10:17:37] INFO: Calculated checksum: 8de6f077
# [2024-04-24 10:17:37] INFO: Writing RNGSTATE file: ./rand_s060t20_b0680700_a_U000433000
# [2024-04-24 10:17:38] INFO: Writing to disk took 11.6787 seconds
# [2024-04-24 10:17:38] INFO: ======================================================================
# [2024-04-24 10:17:38] INFO: Start sweeping...
# [2024-04-24 10:24:17] INFO: It took 399.848 seconds to do 500 HBOR sweeps.
# [2024-04-24 10:24:17] INFO: Plaquette = 0.659562
# [2024-04-24 10:24:17] INFO: Polyakov loop = (0.00219668,0.000337738)
# [2024-04-24 10:24:17] INFO: Writing conf to disk...
# [2024-04-24 10:24:17] INFO: writeconf_nersc: Writing NERSC configuration ./conf_s060t20_b0680700_a_U000433500
# [2024-04-24 10:24:20] INFO: Calculated checksum: 9a933bb8
# [2024-04-24 10:24:28] INFO: Calculated checksum: ad20a17d
# [2024-04-24 10:24:28] INFO: Writing RNGSTATE file: ./rand_s060t20_b0680700_a_U000433500
# [2024-04-24 10:24:28] INFO: Writing to disk took 10.8872 seconds
# [2024-04-24 10:24:28] INFO: ======================================================================
# [2024-04-24 10:24:28] INFO: Start sweeping...
# [2024-04-24 10:31:09] INFO: It took 400.188 seconds to do 500 HBOR sweeps.
# [2024-04-24 10:31:09] INFO: Plaquette = 0.65956
# [2024-04-24 10:31:09] INFO: Polyakov loop = (0.00244389,-0.000394501)
# [2024-04-24 10:31:09] INFO: Writing conf to disk...
# [2024-04-24 10:31:09] INFO: writeconf_nersc: Writing NERSC configuration ./conf_s060t20_b0680700_a_U000434000
# [2024-04-24 10:31:11] INFO: Calculated checksum: baac7b7b
# [2024-04-24 10:31:19] INFO: Calculated checksum: 198ac0d6
# [2024-04-24 10:31:19] INFO: Writing RNGSTATE file: ./rand_s060t20_b0680700_a_U000434000
# [2024-04-24 10:31:19] INFO: Writing to disk took 10.6822 seconds
# [2024-04-24 10:31:19] INFO: ======================================================================
# [2024-04-24 10:31:19] INFO: Start sweeping...
# [2024-04-24 10:37:59] INFO: It took 399.921 seconds to do 500 HBOR sweeps.
# [2024-04-24 10:37:59] INFO: Plaquette = 0.659668
# [2024-04-24 10:37:59] INFO: Polyakov loop = (0.00238517,-7.26653e-05)
# [2024-04-24 10:37:59] INFO: Writing conf to disk...
# [2024-04-24 10:37:59] INFO: writeconf_nersc: Writing NERSC configuration ./conf_s060t20_b0680700_a_U000434500
# [2024-04-24 10:38:02] INFO: Calculated checksum: 2fefc8ca
# [2024-04-24 10:38:09] INFO: Calculated checksum: eefdeb22
# [2024-04-24 10:38:09] INFO: Writing RNGSTATE file: ./rand_s060t20_b0680700_a_U000434500
# [2024-04-24 10:38:09] INFO: Writing to disk took 9.87171 seconds
# [2024-04-24 10:38:09] INFO: ======================================================================
# [2024-04-24 10:38:09] INFO: Start sweeping...
# [2024-04-24 10:44:49] INFO: It took 399.704 seconds to do 500 HBOR sweeps.
# [2024-04-24 10:44:49] INFO: Plaquette = 0.659656
# [2024-04-24 10:44:49] INFO: Polyakov loop = (0.00267016,-0.000534509)
# [2024-04-24 10:44:49] INFO: Writing conf to disk...
# [2024-04-24 10:44:49] INFO: writeconf_nersc: Writing NERSC configuration ./conf_s060t20_b0680700_a_U000435000
# [2024-04-24 10:44:52] INFO: Calculated checksum: d6641094
# [2024-04-24 10:44:59] INFO: Calculated checksum: 47d2f73f
# [2024-04-24 10:44:59] INFO: Writing RNGSTATE file: ./rand_s060t20_b0680700_a_U000435000
# [2024-04-24 10:45:00] INFO: Writing to disk took 10.6341 seconds
# [2024-04-24 10:45:00] INFO: ======================================================================
# [2024-04-24 10:45:00] INFO: Start sweeping...
# [2024-04-24 10:51:39] INFO: It took 399.555 seconds to do 500 HBOR sweeps.
# [2024-04-24 10:51:39] INFO: Plaquette = 0.659625
# [2024-04-24 10:51:39] INFO: Polyakov loop = (0.00229873,-0.000157756)
# [2024-04-24 10:51:39] INFO: Writing conf to disk...
# [2024-04-24 10:51:39] INFO: writeconf_nersc: Writing NERSC configuration ./conf_s060t20_b0680700_a_U000435500
# [2024-04-24 10:51:42] INFO: Calculated checksum: d806faaa
# [2024-04-24 10:51:55] INFO: Calculated checksum: 7b7570c2
# [2024-04-24 10:51:55] INFO: Writing RNGSTATE file: ./rand_s060t20_b0680700_a_U000435500
# [2024-04-24 10:51:56] INFO: Writing to disk took 16.962 seconds
# [2024-04-24 10:51:56] INFO: ======================================================================
# [2024-04-24 10:51:56] INFO: Start sweeping...
# [2024-04-24 10:58:36] INFO: It took 399.548 seconds to do 500 HBOR sweeps.
# [2024-04-24 10:58:36] INFO: Plaquette = 0.659619
# [2024-04-24 10:58:36] INFO: Polyakov loop = (0.00187602,0.000149792)
# [2024-04-24 10:58:36] INFO: Writing conf to disk...
# [2024-04-24 10:58:36] INFO: writeconf_nersc: Writing NERSC configuration ./conf_s060t20_b0680700_a_U000436000
# [2024-04-24 10:58:39] INFO: Calculated checksum: 40a2aeee
# [2024-04-24 10:58:46] INFO: Calculated checksum: fd880301
# [2024-04-24 10:58:46] INFO: Writing RNGSTATE file: ./rand_s060t20_b0680700_a_U000436000
# [2024-04-24 10:58:47] INFO: Writing to disk took 10.9031 seconds
# [2024-04-24 10:58:47] INFO: ======================================================================
# [2024-04-24 10:58:47] INFO: Start sweeping...
# [2024-04-24 11:05:26] INFO: It took 399.574 seconds to do 500 HBOR sweeps.
# [2024-04-24 11:05:26] INFO: Plaquette = 0.659632
# [2024-04-24 11:05:26] INFO: Polyakov loop = (0.00210861,-4.91578e-05)
# [2024-04-24 11:05:26] INFO: Writing conf to disk...
# [2024-04-24 11:05:26] INFO: writeconf_nersc: Writing NERSC configuration ./conf_s060t20_b0680700_a_U000436500
# [2024-04-24 11:05:29] INFO: Calculated checksum: 37d727a4
# [2024-04-24 11:05:36] INFO: Calculated checksum: 6a23ee00
# [2024-04-24 11:05:36] INFO: Writing RNGSTATE file: ./rand_s060t20_b0680700_a_U000436500
# [2024-04-24 11:05:38] INFO: Writing to disk took 11.5033 seconds
# [2024-04-24 11:05:38] INFO: ======================================================================
# [2024-04-24 11:05:38] INFO: Start sweeping...
# [2024-04-24 11:12:17] INFO: It took 399.573 seconds to do 500 HBOR sweeps.
# [2024-04-24 11:12:17] INFO: Plaquette = 0.659593
# [2024-04-24 11:12:17] INFO: Polyakov loop = (0.00098961,0.000544904)
# [2024-04-24 11:12:17] INFO: Writing conf to disk...
# [2024-04-24 11:12:17] INFO: writeconf_nersc: Writing NERSC configuration ./conf_s060t20_b0680700_a_U000437000
# [2024-04-24 11:12:20] INFO: Calculated checksum: 5741546c
# [2024-04-24 11:12:32] INFO: Calculated checksum: 59438e2d
# [2024-04-24 11:12:32] INFO: Writing RNGSTATE file: ./rand_s060t20_b0680700_a_U000437000
# [2024-04-24 11:12:32] INFO: Writing to disk took 14.5387 seconds
# [2024-04-24 11:12:32] INFO: ======================================================================
# [2024-04-24 11:12:32] INFO: Start sweeping...
# [2024-04-24 11:19:08] INFO: It took 396.307 seconds to do 500 HBOR sweeps.
# [2024-04-24 11:19:08] INFO: Plaquette = 0.659747
# [2024-04-24 11:19:08] INFO: Polyakov loop = (0.00259064,-0.000216079)
# [2024-04-24 11:19:08] INFO: Writing conf to disk...
# [2024-04-24 11:19:08] INFO: writeconf_nersc: Writing NERSC configuration ./conf_s060t20_b0680700_a_U000437500
# [2024-04-24 11:19:11] INFO: Calculated checksum: 8004bcba
# [2024-04-24 11:19:19] INFO: Calculated checksum: 5e366000
# [2024-04-24 11:19:19] INFO: Writing RNGSTATE file: ./rand_s060t20_b0680700_a_U000437500
# [2024-04-24 11:19:19] INFO: Writing to disk took 11.1755 seconds
# [2024-04-24 11:19:19] INFO: ======================================================================
# [2024-04-24 11:19:19] INFO: Start sweeping...
# [2024-04-24 11:25:59] INFO: It took 399.465 seconds to do 500 HBOR sweeps.
# [2024-04-24 11:25:59] INFO: Plaquette = 0.659678
# [2024-04-24 11:25:59] INFO: Polyakov loop = (0.00140515,-0.000630953)
# [2024-04-24 11:25:59] INFO: Writing conf to disk...
# [2024-04-24 11:25:59] INFO: writeconf_nersc: Writing NERSC configuration ./conf_s060t20_b0680700_a_U000438000
# [2024-04-24 11:26:02] INFO: Calculated checksum: 37be7bd0
# [2024-04-24 11:26:09] INFO: Calculated checksum: eb1bc262
# [2024-04-24 11:26:09] INFO: Writing RNGSTATE file: ./rand_s060t20_b0680700_a_U000438000
# [2024-04-24 11:26:10] INFO: Writing to disk took 10.5451 seconds
# [2024-04-24 11:26:10] INFO: ======================================================================
# [2024-04-24 11:26:10] INFO: Start sweeping...
# [2024-04-24 11:32:49] INFO: It took 399.869 seconds to do 500 HBOR sweeps.
# [2024-04-24 11:32:50] INFO: Plaquette = 0.659666
# [2024-04-24 11:32:50] INFO: Polyakov loop = (0.00324357,-0.000196889)
# [2024-04-24 11:32:50] INFO: Writing conf to disk...
# [2024-04-24 11:32:50] INFO: writeconf_nersc: Writing NERSC configuration ./conf_s060t20_b0680700_a_U000438500
# [2024-04-24 11:32:52] INFO: Calculated checksum: bfa7c8fb
# [2024-04-24 11:33:00] INFO: Calculated checksum: 61b28fba
# [2024-04-24 11:33:00] INFO: Writing RNGSTATE file: ./rand_s060t20_b0680700_a_U000438500
# [2024-04-24 11:33:00] INFO: Writing to disk took 10.5785 seconds
# [2024-04-24 11:33:00] INFO: ======================================================================
# [2024-04-24 11:33:00] INFO: Start sweeping...
# [2024-04-24 11:39:36] INFO: It took 396.371 seconds to do 500 HBOR sweeps.
# [2024-04-24 11:39:37] INFO: Plaquette = 0.659665
# [2024-04-24 11:39:37] INFO: Polyakov loop = (0.00273874,0.000909354)
# [2024-04-24 11:39:37] INFO: Writing conf to disk...
# [2024-04-24 11:39:37] INFO: writeconf_nersc: Writing NERSC configuration ./conf_s060t20_b0680700_a_U000439000
# [2024-04-24 11:39:39] INFO: Calculated checksum: 908a866d
# [2024-04-24 11:39:53] INFO: Calculated checksum: 2be5419f
# [2024-04-24 11:39:53] INFO: Writing RNGSTATE file: ./rand_s060t20_b0680700_a_U000439000
# [2024-04-24 11:39:54] INFO: Writing to disk took 16.9871 seconds
# [2024-04-24 11:39:54] INFO: ======================================================================
# [2024-04-24 11:39:54] INFO: Start sweeping...
# [2024-04-24 11:46:30] INFO: It took 396.389 seconds to do 500 HBOR sweeps.
# [2024-04-24 11:46:30] INFO: Plaquette = 0.65966
# [2024-04-24 11:46:30] INFO: Polyakov loop = (0.00193986,-0.000720652)
# [2024-04-24 11:46:30] INFO: Writing conf to disk...
# [2024-04-24 11:46:30] INFO: writeconf_nersc: Writing NERSC configuration ./conf_s060t20_b0680700_a_U000439500
# [2024-04-24 11:46:33] INFO: Calculated checksum: 5a0333df
# [2024-04-24 11:46:43] INFO: Calculated checksum: 7447a93d
# [2024-04-24 11:46:43] INFO: Writing RNGSTATE file: ./rand_s060t20_b0680700_a_U000439500
# [2024-04-24 11:46:43] INFO: Writing to disk took 13.3231 seconds
# [2024-04-24 11:46:43] INFO: ======================================================================
# [2024-04-24 11:46:43] INFO: Start sweeping...
# [2024-04-24 11:53:23] INFO: It took 399.648 seconds to do 500 HBOR sweeps.
# [2024-04-24 11:53:23] INFO: Plaquette = 0.659745
# [2024-04-24 11:53:23] INFO: Polyakov loop = (0.00201304,0.000255911)
# [2024-04-24 11:53:23] INFO: Writing conf to disk...
# [2024-04-24 11:53:23] INFO: writeconf_nersc: Writing NERSC configuration ./conf_s060t20_b0680700_a_U000440000
# [2024-04-24 11:53:26] INFO: Calculated checksum: a806d9d2
# [2024-04-24 11:53:34] INFO: Calculated checksum: 748dd1c6
# [2024-04-24 11:53:34] INFO: Writing RNGSTATE file: ./rand_s060t20_b0680700_a_U000440000
# [2024-04-24 11:53:36] INFO: Writing to disk took 12.8968 seconds
# [2024-04-24 11:53:36] INFO: ======================================================================
# [2024-04-24 11:53:36] INFO: Start sweeping...
# [2024-04-24 12:00:16] INFO: It took 399.608 seconds to do 500 HBOR sweeps.
# [2024-04-24 12:00:16] INFO: Plaquette = 0.65959
# [2024-04-24 12:00:16] INFO: Polyakov loop = (0.00175977,2.68817e-05)
# [2024-04-24 12:00:16] INFO: Writing conf to disk...
# [2024-04-24 12:00:16] INFO: writeconf_nersc: Writing NERSC configuration ./conf_s060t20_b0680700_a_U000440500
# [2024-04-24 12:00:19] INFO: Calculated checksum: 97be8495
# [2024-04-24 12:00:30] INFO: Calculated checksum: aec6c677
# [2024-04-24 12:00:30] INFO: Writing RNGSTATE file: ./rand_s060t20_b0680700_a_U000440500
# [2024-04-24 12:00:31] INFO: Writing to disk took 14.9504 seconds
# [2024-04-24 12:00:31] INFO: ======================================================================
# [2024-04-24 12:00:31] INFO: Start sweeping...
# [2024-04-24 12:07:11] INFO: It took 400.158 seconds to do 500 HBOR sweeps.
# [2024-04-24 12:07:11] INFO: Plaquette = 0.659714
# [2024-04-24 12:07:11] INFO: Polyakov loop = (0.00223771,0.000315109)
# [2024-04-24 12:07:11] INFO: Writing conf to disk...
# [2024-04-24 12:07:11] INFO: writeconf_nersc: Writing NERSC configuration ./conf_s060t20_b0680700_a_U000441000
# [2024-04-24 12:07:14] INFO: Calculated checksum: c6a0b457
# [2024-04-24 12:07:21] INFO: Calculated checksum: 53c9b931
# [2024-04-24 12:07:21] INFO: Writing RNGSTATE file: ./rand_s060t20_b0680700_a_U000441000
# [2024-04-24 12:07:22] INFO: Writing to disk took 10.4618 seconds
# [2024-04-24 12:07:22] INFO: ======================================================================
# [2024-04-24 12:07:22] INFO: Start sweeping...
# [2024-04-24 12:14:01] INFO: It took 399.792 seconds to do 500 HBOR sweeps.
# [2024-04-24 12:14:02] INFO: Plaquette = 0.659592
# [2024-04-24 12:14:02] INFO: Polyakov loop = (0.00129577,0.000290133)
# [2024-04-24 12:14:02] INFO: Writing conf to disk...
# [2024-04-24 12:14:02] INFO: writeconf_nersc: Writing NERSC configuration ./conf_s060t20_b0680700_a_U000441500
# [2024-04-24 12:14:04] INFO: Calculated checksum: 84719b76
# [2024-04-24 12:14:11] INFO: Calculated checksum: 6bc876b
# [2024-04-24 12:14:11] INFO: Writing RNGSTATE file: ./rand_s060t20_b0680700_a_U000441500
# [2024-04-24 12:14:11] INFO: Writing to disk took 9.82819 seconds
# [2024-04-24 12:14:11] INFO: ======================================================================
# [2024-04-24 12:14:11] INFO: Start sweeping...
# [2024-04-24 12:20:51] INFO: It took 399.605 seconds to do 500 HBOR sweeps.
# [2024-04-24 12:20:51] INFO: Plaquette = 0.65962
# [2024-04-24 12:20:51] INFO: Polyakov loop = (0.00186321,0.000463927)
# [2024-04-24 12:20:51] INFO: Writing conf to disk...
# [2024-04-24 12:20:51] INFO: writeconf_nersc: Writing NERSC configuration ./conf_s060t20_b0680700_a_U000442000
# [2024-04-24 12:20:54] INFO: Calculated checksum: ecea2e4e
# [2024-04-24 12:21:01] INFO: Calculated checksum: 4f5a0fa8
# [2024-04-24 12:21:01] INFO: Writing RNGSTATE file: ./rand_s060t20_b0680700_a_U000442000
# [2024-04-24 12:21:01] INFO: Writing to disk took 10.194 seconds
# [2024-04-24 12:21:01] INFO: ======================================================================
# [2024-04-24 12:21:01] INFO: Start sweeping...
# [2024-04-24 12:27:41] INFO: It took 399.55 seconds to do 500 HBOR sweeps.
# [2024-04-24 12:27:41] INFO: Plaquette = 0.659713
# [2024-04-24 12:27:41] INFO: Polyakov loop = (0.00340843,0.000338411)
# [2024-04-24 12:27:41] INFO: Writing conf to disk...
# [2024-04-24 12:27:41] INFO: writeconf_nersc: Writing NERSC configuration ./conf_s060t20_b0680700_a_U000442500
# [2024-04-24 12:27:44] INFO: Calculated checksum: f8d6a51a
# [2024-04-24 12:28:01] INFO: Calculated checksum: d2ee6cf9
# [2024-04-24 12:28:01] INFO: Writing RNGSTATE file: ./rand_s060t20_b0680700_a_U000442500
# [2024-04-24 12:28:01] INFO: Writing to disk took 20.2579 seconds
# [2024-04-24 12:28:01] INFO: ======================================================================
# [2024-04-24 12:28:01] INFO: Start sweeping...
# [2024-04-24 12:34:41] INFO: It took 399.815 seconds to do 500 HBOR sweeps.
# [2024-04-24 12:34:41] INFO: Plaquette = 0.659734
# [2024-04-24 12:34:41] INFO: Polyakov loop = (0.00163845,5.42958e-06)
# [2024-04-24 12:34:41] INFO: Writing conf to disk...
# [2024-04-24 12:34:41] INFO: writeconf_nersc: Writing NERSC configuration ./conf_s060t20_b0680700_a_U000443000
# [2024-04-24 12:34:44] INFO: Calculated checksum: 2fc5caef
# [2024-04-24 12:34:51] INFO: Calculated checksum: d4037e5b
# [2024-04-24 12:34:51] INFO: Writing RNGSTATE file: ./rand_s060t20_b0680700_a_U000443000
# [2024-04-24 12:34:52] INFO: Writing to disk took 11.0611 seconds
# [2024-04-24 12:34:52] INFO: ======================================================================
# [2024-04-24 12:34:52] INFO: Start sweeping...
# [2024-04-24 12:41:32] INFO: It took 399.97 seconds to do 500 HBOR sweeps.
# [2024-04-24 12:41:32] INFO: Plaquette = 0.659728
# [2024-04-24 12:41:32] INFO: Polyakov loop = (0.00167588,0.00104776)
# [2024-04-24 12:41:32] INFO: Writing conf to disk...
# [2024-04-24 12:41:32] INFO: writeconf_nersc: Writing NERSC configuration ./conf_s060t20_b0680700_a_U000443500
# [2024-04-24 12:41:35] INFO: Calculated checksum: a2688804
# [2024-04-24 12:41:42] INFO: Calculated checksum: b65c4bf2
# [2024-04-24 12:41:42] INFO: Writing RNGSTATE file: ./rand_s060t20_b0680700_a_U000443500
# [2024-04-24 12:41:42] INFO: Writing to disk took 10.2549 seconds
# [2024-04-24 12:41:42] INFO: ======================================================================
# [2024-04-24 12:41:42] INFO: Start sweeping...
# [2024-04-24 12:48:22] INFO: It took 399.769 seconds to do 500 HBOR sweeps.
# [2024-04-24 12:48:22] INFO: Plaquette = 0.659593
# [2024-04-24 12:48:22] INFO: Polyakov loop = (0.00163373,0.001192)
# [2024-04-24 12:48:22] INFO: Writing conf to disk...
# [2024-04-24 12:48:22] INFO: writeconf_nersc: Writing NERSC configuration ./conf_s060t20_b0680700_a_U000444000
# [2024-04-24 12:48:25] INFO: Calculated checksum: 42d9d26a
# [2024-04-24 12:48:42] INFO: Calculated checksum: f76af431
# [2024-04-24 12:48:42] INFO: Writing RNGSTATE file: ./rand_s060t20_b0680700_a_U000444000
# [2024-04-24 12:48:42] INFO: Writing to disk took 20.1627 seconds
# [2024-04-24 12:48:42] INFO: ======================================================================
# [2024-04-24 12:48:42] INFO: Start sweeping...
# [2024-04-24 12:55:22] INFO: It took 399.57 seconds to do 500 HBOR sweeps.
# [2024-04-24 12:55:22] INFO: Plaquette = 0.659636
# [2024-04-24 12:55:22] INFO: Polyakov loop = (0.00187075,0.000246179)
# [2024-04-24 12:55:22] INFO: Writing conf to disk...
# [2024-04-24 12:55:22] INFO: writeconf_nersc: Writing NERSC configuration ./conf_s060t20_b0680700_a_U000444500
# [2024-04-24 12:55:25] INFO: Calculated checksum: f9531f55
# [2024-04-24 12:55:36] INFO: Calculated checksum: a1b509a3
# [2024-04-24 12:55:36] INFO: Writing RNGSTATE file: ./rand_s060t20_b0680700_a_U000444500
# [2024-04-24 12:55:37] INFO: Writing to disk took 15.2051 seconds
# [2024-04-24 12:55:37] INFO: ======================================================================
# [2024-04-24 12:55:37] INFO: Start sweeping...
# [2024-04-24 13:02:17] INFO: It took 400.04 seconds to do 500 HBOR sweeps.
# [2024-04-24 13:02:17] INFO: Plaquette = 0.659715
# [2024-04-24 13:02:17] INFO: Polyakov loop = (0.00194633,-0.000777179)
# [2024-04-24 13:02:17] INFO: Writing conf to disk...
# [2024-04-24 13:02:17] INFO: writeconf_nersc: Writing NERSC configuration ./conf_s060t20_b0680700_a_U000445000
# [2024-04-24 13:02:20] INFO: Calculated checksum: 7e725c6d
# [2024-04-24 13:02:34] INFO: Calculated checksum: eca1cbec
# [2024-04-24 13:02:34] INFO: Writing RNGSTATE file: ./rand_s060t20_b0680700_a_U000445000
# [2024-04-24 13:02:34] INFO: Writing to disk took 16.9947 seconds
# [2024-04-24 13:02:34] INFO: ======================================================================
# [2024-04-24 13:02:34] INFO: Start sweeping...
# [2024-04-24 13:09:14] INFO: It took 399.568 seconds to do 500 HBOR sweeps.
# [2024-04-24 13:09:14] INFO: Plaquette = 0.659661
# [2024-04-24 13:09:14] INFO: Polyakov loop = (0.0014949,-0.000406163)
# [2024-04-24 13:09:14] INFO: Writing conf to disk...
# [2024-04-24 13:09:14] INFO: writeconf_nersc: Writing NERSC configuration ./conf_s060t20_b0680700_a_U000445500
# [2024-04-24 13:09:17] INFO: Calculated checksum: c0b54815
# [2024-04-24 13:09:24] INFO: Calculated checksum: e9f54888
# [2024-04-24 13:09:24] INFO: Writing RNGSTATE file: ./rand_s060t20_b0680700_a_U000445500
# [2024-04-24 13:09:24] INFO: Writing to disk took 10.4138 seconds
# [2024-04-24 13:09:24] INFO: ======================================================================
# [2024-04-24 13:09:24] INFO: Start sweeping...
# [2024-04-24 13:16:04] INFO: It took 399.792 seconds to do 500 HBOR sweeps.
# [2024-04-24 13:16:04] INFO: Plaquette = 0.65972
# [2024-04-24 13:16:04] INFO: Polyakov loop = (0.00145125,7.41487e-05)
# [2024-04-24 13:16:04] INFO: Writing conf to disk...
# [2024-04-24 13:16:04] INFO: writeconf_nersc: Writing NERSC configuration ./conf_s060t20_b0680700_a_U000446000
# [2024-04-24 13:16:07] INFO: Calculated checksum: 2f725f47
# [2024-04-24 13:16:15] INFO: Calculated checksum: ac0c676e
# [2024-04-24 13:16:15] INFO: Writing RNGSTATE file: ./rand_s060t20_b0680700_a_U000446000
# [2024-04-24 13:16:15] INFO: Writing to disk took 10.7608 seconds
# [2024-04-24 13:16:15] INFO: ======================================================================
# [2024-04-24 13:16:15] INFO: Start sweeping...
# [2024-04-24 13:22:54] INFO: It took 399.469 seconds to do 500 HBOR sweeps.
# [2024-04-24 13:22:54] INFO: Plaquette = 0.659655
# [2024-04-24 13:22:54] INFO: Polyakov loop = (0.00195002,1.32997e-05)
# [2024-04-24 13:22:54] INFO: Writing conf to disk...
# [2024-04-24 13:22:54] INFO: writeconf_nersc: Writing NERSC configuration ./conf_s060t20_b0680700_a_U000446500
# [2024-04-24 13:22:57] INFO: Calculated checksum: 910ac0a0
# [2024-04-24 13:23:12] INFO: Calculated checksum: d5b4e0c5
# [2024-04-24 13:23:12] INFO: Writing RNGSTATE file: ./rand_s060t20_b0680700_a_U000446500
# [2024-04-24 13:23:12] INFO: Writing to disk took 17.6712 seconds
# [2024-04-24 13:23:12] INFO: ======================================================================
# [2024-04-24 13:23:12] INFO: Start sweeping...
# [2024-04-24 13:29:52] INFO: It took 400.108 seconds to do 500 HBOR sweeps.
# [2024-04-24 13:29:52] INFO: Plaquette = 0.659686
# [2024-04-24 13:29:52] INFO: Polyakov loop = (0.0025704,0.000251786)
# [2024-04-24 13:29:52] INFO: Writing conf to disk...
# [2024-04-24 13:29:52] INFO: writeconf_nersc: Writing NERSC configuration ./conf_s060t20_b0680700_a_U000447000
# [2024-04-24 13:29:55] INFO: Calculated checksum: e3b1c219
# [2024-04-24 13:30:04] INFO: Calculated checksum: 204dd31d
# [2024-04-24 13:30:04] INFO: Writing RNGSTATE file: ./rand_s060t20_b0680700_a_U000447000
# [2024-04-24 13:30:04] INFO: Writing to disk took 12.0135 seconds
# [2024-04-24 13:30:04] INFO: ======================================================================
# [2024-04-24 13:30:04] INFO: Start sweeping...
# [2024-04-24 13:36:44] INFO: It took 399.651 seconds to do 500 HBOR sweeps.
# [2024-04-24 13:36:44] INFO: Plaquette = 0.659575
# [2024-04-24 13:36:44] INFO: Polyakov loop = (0.00203637,2.54618e-05)
# [2024-04-24 13:36:44] INFO: Writing conf to disk...
# [2024-04-24 13:36:44] INFO: writeconf_nersc: Writing NERSC configuration ./conf_s060t20_b0680700_a_U000447500
# [2024-04-24 13:36:47] INFO: Calculated checksum: c53a3b1f
# [2024-04-24 13:37:00] INFO: Calculated checksum: 821a9aaf
# [2024-04-24 13:37:00] INFO: Writing RNGSTATE file: ./rand_s060t20_b0680700_a_U000447500
# [2024-04-24 13:37:00] INFO: Writing to disk took 16.117 seconds
# [2024-04-24 13:37:00] INFO: ======================================================================
# [2024-04-24 13:37:00] INFO: Start sweeping...
# [2024-04-24 13:43:40] INFO: It took 399.566 seconds to do 500 HBOR sweeps.
# [2024-04-24 13:43:40] INFO: Plaquette = 0.659649
# [2024-04-24 13:43:40] INFO: Polyakov loop = (0.00184624,-0.000224083)
# [2024-04-24 13:43:40] INFO: Writing conf to disk...
# [2024-04-24 13:43:40] INFO: writeconf_nersc: Writing NERSC configuration ./conf_s060t20_b0680700_a_U000448000
# [2024-04-24 13:43:43] INFO: Calculated checksum: b146b006
# [2024-04-24 13:43:59] INFO: Calculated checksum: 1bff2007
# [2024-04-24 13:43:59] INFO: Writing RNGSTATE file: ./rand_s060t20_b0680700_a_U000448000
# [2024-04-24 13:44:00] INFO: Writing to disk took 19.8774 seconds
# [2024-04-24 13:44:00] INFO: ======================================================================
# [2024-04-24 13:44:00] INFO: Start sweeping...
# [2024-04-24 13:50:39] INFO: It took 399.733 seconds to do 500 HBOR sweeps.
# [2024-04-24 13:50:39] INFO: Plaquette = 0.659638
# [2024-04-24 13:50:39] INFO: Polyakov loop = (0.00161437,2.16321e-05)
# [2024-04-24 13:50:39] INFO: Writing conf to disk...
# [2024-04-24 13:50:39] INFO: writeconf_nersc: Writing NERSC configuration ./conf_s060t20_b0680700_a_U000448500
# [2024-04-24 13:50:42] INFO: Calculated checksum: 34305037
# [2024-04-24 13:51:03] INFO: Calculated checksum: 9efc3305
# [2024-04-24 13:51:03] INFO: Writing RNGSTATE file: ./rand_s060t20_b0680700_a_U000448500
# [2024-04-24 13:51:04] INFO: Writing to disk took 24.2609 seconds
# [2024-04-24 13:51:04] INFO: ======================================================================
# [2024-04-24 13:51:04] INFO: Start sweeping...
# [2024-04-24 13:57:43] INFO: It took 399.831 seconds to do 500 HBOR sweeps.
# [2024-04-24 13:57:43] INFO: Plaquette = 0.659722
# [2024-04-24 13:57:43] INFO: Polyakov loop = (0.00222796,-0.000126787)
# [2024-04-24 13:57:43] INFO: Writing conf to disk...
# [2024-04-24 13:57:43] INFO: writeconf_nersc: Writing NERSC configuration ./conf_s060t20_b0680700_a_U000449000
# [2024-04-24 13:57:46] INFO: Calculated checksum: 61de32ab
# [2024-04-24 13:57:54] INFO: Calculated checksum: e66e155c
# [2024-04-24 13:57:54] INFO: Writing RNGSTATE file: ./rand_s060t20_b0680700_a_U000449000
# [2024-04-24 13:57:54] INFO: Writing to disk took 10.9889 seconds
# [2024-04-24 13:57:54] INFO: ======================================================================
# [2024-04-24 13:57:54] INFO: Start sweeping...
# [2024-04-24 14:04:34] INFO: It took 399.929 seconds to do 500 HBOR sweeps.
# [2024-04-24 14:04:35] INFO: Plaquette = 0.659633
# [2024-04-24 14:04:35] INFO: Polyakov loop = (0.0016969,0.000800961)
# [2024-04-24 14:04:35] INFO: Writing conf to disk...
# [2024-04-24 14:04:35] INFO: writeconf_nersc: Writing NERSC configuration ./conf_s060t20_b0680700_a_U000449500
# [2024-04-24 14:04:39] INFO: Calculated checksum: b3a30838
# [2024-04-24 14:04:47] INFO: Calculated checksum: 60702779
# [2024-04-24 14:04:47] INFO: Writing RNGSTATE file: ./rand_s060t20_b0680700_a_U000449500
# [2024-04-24 14:04:50] INFO: Writing to disk took 14.6395 seconds
# [2024-04-24 14:04:50] INFO: ======================================================================
# [2024-04-24 14:04:50] INFO: Start sweeping...
# [2024-04-24 14:11:26] INFO: It took 396.448 seconds to do 500 HBOR sweeps.
# [2024-04-24 14:11:26] INFO: Plaquette = 0.659742
# [2024-04-24 14:11:26] INFO: Polyakov loop = (0.00129448,0.00069987)
# [2024-04-24 14:11:26] INFO: Writing conf to disk...
# [2024-04-24 14:11:26] INFO: writeconf_nersc: Writing NERSC configuration ./conf_s060t20_b0680700_a_U000450000
# [2024-04-24 14:11:29] INFO: Calculated checksum: 6f5354ef
# [2024-04-24 14:11:40] INFO: Calculated checksum: c1f2a5e7
# [2024-04-24 14:11:40] INFO: Writing RNGSTATE file: ./rand_s060t20_b0680700_a_U000450000
# [2024-04-24 14:11:40] INFO: Writing to disk took 14.0673 seconds
# [2024-04-24 14:12:03] INFO: Finalizing MPI
