
Currently Loaded Modules:
  1) chpc/1.0      (S)   3) gcc/8.5.0      5) mpich/3.4.2
  2) python/3.10.3       4) cmake/3.26.0   6) cuda/11.6.2 (g)

  Where:
   S:  Module is Sticky, requires --force to unload or purge
   g:  built for GPU

 

# [2024-04-24 02:49:05] INFO: Running SIMULATeQCD
# [2024-04-24 02:49:05] INFO: Git commit version: 43e2518
# [2024-04-24 02:49:05] INFO: Initializing MPI with (1 proc)
# [2024-04-24 02:49:05] INFO: Reading parameters from file :: GenerateQuenched_b7062.param
# [2024-04-24 02:49:05] INFO: # PARAM :: Lattice = 60 60 60 20 
# [2024-04-24 02:49:05] INFO: # PARAM :: Nodes = 1 1 1 1 
# [2024-04-24 02:49:05] INFO: # PARAM :: Topology = 0 0 0 0  (default)
# [2024-04-24 02:49:05] INFO: # PARAM :: beta = 7.062
# [2024-04-24 02:49:05] INFO: # PARAM :: format = nersc
# [2024-04-24 02:49:05] INFO: # PARAM :: endianness = auto
# [2024-04-24 02:49:05] INFO: # PARAM :: conf_nr = 400000
# [2024-04-24 02:49:05] INFO: # PARAM :: stream = a
# [2024-04-24 02:49:05] INFO: # PARAM :: prec_out = 0 (default)
# [2024-04-24 02:49:05] INFO: # PARAM :: measurements_dir = ./ (default)
# [2024-04-24 02:49:05] INFO: # PARAM :: use_unit_conf = 0 (default)
# [2024-04-24 02:49:05] INFO: # PARAM :: output_dir = .
# [2024-04-24 02:49:05] INFO: # PARAM :: nconfs = 100
# [2024-04-24 02:49:05] INFO: # PARAM :: nsweeps_ORperHB = 4
# [2024-04-24 02:49:05] INFO: # PARAM :: nsweeps_HBwithOR = 500
# [2024-04-24 02:49:05] INFO: # PARAM :: prev_conf = conf_s060t20_b0706200_a_U000400000
# [2024-04-24 02:49:05] INFO: # PARAM :: prev_rand = rand_s060t20_b0706200_a_U000400000
# [2024-04-24 02:49:05] INFO: > Running on:
# [2024-04-24 02:49:05] INFO: [Rank 0] > notch088 CPU_20 GPU_86; MPI: world_rank=0, node_rank=0, coord: ( 0 0 0 0 )
# [2024-04-24 02:49:05] INFO: > Is MPI CUDA-aware? @compilation 
# [2024-04-24 02:49:05] INFO: > GPU compute capability: 75
# [2024-04-24 02:49:05] INFO: > Checking support for P2P (Peer-to-Peer) and UVA (Unified Virtual Addressing):
# [2024-04-24 02:49:05] INFO: [Rank 0] > notch088 GPU_86(NVIDIA GeForce RTX 2080 Ti): P2P NO ; UVA YES
# [2024-04-24 02:49:05] INFO: Initialize Indexer with HaloDepth = 1[0;33m[0m
# [2024-04-24 02:49:05] INFO: Resuming previous run.
# [2024-04-24 02:49:05] INFO: readconf_nersc: Reading NERSC configuration conf_s060t20_b0706200_a_U000400000
# [2024-04-24 02:49:16] INFO: Next conf_number will be 400500
# [2024-04-24 02:49:16] INFO: Generating up to 100 confs with a separation of 500 HBOR sweeps (OR/HB = 4) ...
# [2024-04-24 02:49:16] INFO: ======================================================================
# [2024-04-24 02:49:16] INFO: Start sweeping...
# [2024-04-24 02:56:07] INFO: It took 410.61 seconds to do 500 HBOR sweeps.
# [2024-04-24 02:56:07] INFO: Plaquette = 0.675213
# [2024-04-24 02:56:07] INFO: Polyakov loop = (0.00515166,0.000605302)
# [2024-04-24 02:56:07] INFO: Writing conf to disk...
# [2024-04-24 02:56:07] INFO: writeconf_nersc: Writing NERSC configuration ./conf_s060t20_b0706200_a_U000400500
# [2024-04-24 02:56:10] INFO: Calculated checksum: 268a7c2c
# [2024-04-24 02:56:16] INFO: Calculated checksum: 1645f867
# [2024-04-24 02:56:16] INFO: Writing RNGSTATE file: ./rand_s060t20_b0706200_a_U000400500
# [2024-04-24 02:56:16] INFO: Writing to disk took 9.61264 seconds
# [2024-04-24 02:56:16] INFO: ======================================================================
# [2024-04-24 02:56:16] INFO: Start sweeping...
# [2024-04-24 03:03:07] INFO: It took 410.688 seconds to do 500 HBOR sweeps.
# [2024-04-24 03:03:07] INFO: Plaquette = 0.675182
# [2024-04-24 03:03:07] INFO: Polyakov loop = (0.00484641,0.000512736)
# [2024-04-24 03:03:07] INFO: Writing conf to disk...
# [2024-04-24 03:03:07] INFO: writeconf_nersc: Writing NERSC configuration ./conf_s060t20_b0706200_a_U000401000
# [2024-04-24 03:03:10] INFO: Calculated checksum: b6853bab
# [2024-04-24 03:03:20] INFO: Calculated checksum: 72c3fbf6
# [2024-04-24 03:03:20] INFO: Writing RNGSTATE file: ./rand_s060t20_b0706200_a_U000401000
# [2024-04-24 03:03:21] INFO: Writing to disk took 13.3993 seconds
# [2024-04-24 03:03:21] INFO: ======================================================================
# [2024-04-24 03:03:21] INFO: Start sweeping...
# [2024-04-24 03:10:10] INFO: It took 409.815 seconds to do 500 HBOR sweeps.
# [2024-04-24 03:10:10] INFO: Plaquette = 0.675179
# [2024-04-24 03:10:10] INFO: Polyakov loop = (0.00276416,-8.33225e-05)
# [2024-04-24 03:10:10] INFO: Writing conf to disk...
# [2024-04-24 03:10:10] INFO: writeconf_nersc: Writing NERSC configuration ./conf_s060t20_b0706200_a_U000401500
# [2024-04-24 03:10:13] INFO: Calculated checksum: e79a7d44
# [2024-04-24 03:10:19] INFO: Calculated checksum: 23e15a62
# [2024-04-24 03:10:19] INFO: Writing RNGSTATE file: ./rand_s060t20_b0706200_a_U000401500
# [2024-04-24 03:10:20] INFO: Writing to disk took 9.08311 seconds
# [2024-04-24 03:10:20] INFO: ======================================================================
# [2024-04-24 03:10:20] INFO: Start sweeping...
# [2024-04-24 03:17:09] INFO: It took 409.514 seconds to do 500 HBOR sweeps.
# [2024-04-24 03:17:09] INFO: Plaquette = 0.675177
# [2024-04-24 03:17:09] INFO: Polyakov loop = (0.00625336,-0.000504844)
# [2024-04-24 03:17:09] INFO: Writing conf to disk...
# [2024-04-24 03:17:09] INFO: writeconf_nersc: Writing NERSC configuration ./conf_s060t20_b0706200_a_U000402000
# [2024-04-24 03:17:12] INFO: Calculated checksum: a50f499c
# [2024-04-24 03:17:18] INFO: Calculated checksum: ef5ece4e
# [2024-04-24 03:17:18] INFO: Writing RNGSTATE file: ./rand_s060t20_b0706200_a_U000402000
# [2024-04-24 03:17:18] INFO: Writing to disk took 9.30146 seconds
# [2024-04-24 03:17:18] INFO: ======================================================================
# [2024-04-24 03:17:18] INFO: Start sweeping...
# [2024-04-24 03:24:08] INFO: It took 409.327 seconds to do 500 HBOR sweeps.
# [2024-04-24 03:24:08] INFO: Plaquette = 0.67517
# [2024-04-24 03:24:08] INFO: Polyakov loop = (0.00489632,0.000334699)
# [2024-04-24 03:24:08] INFO: Writing conf to disk...
# [2024-04-24 03:24:08] INFO: writeconf_nersc: Writing NERSC configuration ./conf_s060t20_b0706200_a_U000402500
# [2024-04-24 03:24:11] INFO: Calculated checksum: 1d8a09de
# [2024-04-24 03:24:22] INFO: Calculated checksum: bc7acb68
# [2024-04-24 03:24:22] INFO: Writing RNGSTATE file: ./rand_s060t20_b0706200_a_U000402500
# [2024-04-24 03:24:22] INFO: Writing to disk took 14.1541 seconds
# [2024-04-24 03:24:22] INFO: ======================================================================
# [2024-04-24 03:24:22] INFO: Start sweeping...
# [2024-04-24 03:31:11] INFO: It took 409.495 seconds to do 500 HBOR sweeps.
# [2024-04-24 03:31:12] INFO: Plaquette = 0.675209
# [2024-04-24 03:31:12] INFO: Polyakov loop = (0.00531612,0.000526056)
# [2024-04-24 03:31:12] INFO: Writing conf to disk...
# [2024-04-24 03:31:12] INFO: writeconf_nersc: Writing NERSC configuration ./conf_s060t20_b0706200_a_U000403000
# [2024-04-24 03:31:15] INFO: Calculated checksum: c37ecf47
# [2024-04-24 03:31:22] INFO: Calculated checksum: 7eee479c
# [2024-04-24 03:31:22] INFO: Writing RNGSTATE file: ./rand_s060t20_b0706200_a_U000403000
# [2024-04-24 03:31:22] INFO: Writing to disk took 10.7936 seconds
# [2024-04-24 03:31:22] INFO: ======================================================================
# [2024-04-24 03:31:22] INFO: Start sweeping...
# [2024-04-24 03:38:12] INFO: It took 409.718 seconds to do 500 HBOR sweeps.
# [2024-04-24 03:38:12] INFO: Plaquette = 0.675154
# [2024-04-24 03:38:12] INFO: Polyakov loop = (0.00471357,-0.000326002)
# [2024-04-24 03:38:12] INFO: Writing conf to disk...
# [2024-04-24 03:38:12] INFO: writeconf_nersc: Writing NERSC configuration ./conf_s060t20_b0706200_a_U000403500
# [2024-04-24 03:38:15] INFO: Calculated checksum: 5decfefe
# [2024-04-24 03:38:22] INFO: Calculated checksum: 1d6ed6ae
# [2024-04-24 03:38:22] INFO: Writing RNGSTATE file: ./rand_s060t20_b0706200_a_U000403500
# [2024-04-24 03:38:22] INFO: Writing to disk took 10.095 seconds
# [2024-04-24 03:38:22] INFO: ======================================================================
# [2024-04-24 03:38:22] INFO: Start sweeping...
# [2024-04-24 03:45:11] INFO: It took 409.184 seconds to do 500 HBOR sweeps.
# [2024-04-24 03:45:11] INFO: Plaquette = 0.675199
# [2024-04-24 03:45:11] INFO: Polyakov loop = (0.00459666,0.000524458)
# [2024-04-24 03:45:11] INFO: Writing conf to disk...
# [2024-04-24 03:45:11] INFO: writeconf_nersc: Writing NERSC configuration ./conf_s060t20_b0706200_a_U000404000
# [2024-04-24 03:45:15] INFO: Calculated checksum: 4f7fcda3
# [2024-04-24 03:45:25] INFO: Calculated checksum: b98b713f
# [2024-04-24 03:45:25] INFO: Writing RNGSTATE file: ./rand_s060t20_b0706200_a_U000404000
# [2024-04-24 03:45:25] INFO: Writing to disk took 13.5745 seconds
# [2024-04-24 03:45:25] INFO: ======================================================================
# [2024-04-24 03:45:25] INFO: Start sweeping...
# [2024-04-24 03:52:14] INFO: It took 409.206 seconds to do 500 HBOR sweeps.
# [2024-04-24 03:52:14] INFO: Plaquette = 0.675217
# [2024-04-24 03:52:14] INFO: Polyakov loop = (0.00481696,-0.0013713)
# [2024-04-24 03:52:14] INFO: Writing conf to disk...
# [2024-04-24 03:52:14] INFO: writeconf_nersc: Writing NERSC configuration ./conf_s060t20_b0706200_a_U000404500
# [2024-04-24 03:52:18] INFO: Calculated checksum: fe1f6ca9
# [2024-04-24 03:52:27] INFO: Calculated checksum: 8e8af076
# [2024-04-24 03:52:27] INFO: Writing RNGSTATE file: ./rand_s060t20_b0706200_a_U000404500
# [2024-04-24 03:52:27] INFO: Writing to disk took 13.1838 seconds
# [2024-04-24 03:52:27] INFO: ======================================================================
# [2024-04-24 03:52:27] INFO: Start sweeping...
# [2024-04-24 03:59:17] INFO: It took 409.29 seconds to do 500 HBOR sweeps.
# [2024-04-24 03:59:17] INFO: Plaquette = 0.675194
# [2024-04-24 03:59:17] INFO: Polyakov loop = (0.00492653,4.35461e-05)
# [2024-04-24 03:59:17] INFO: Writing conf to disk...
# [2024-04-24 03:59:17] INFO: writeconf_nersc: Writing NERSC configuration ./conf_s060t20_b0706200_a_U000405000
# [2024-04-24 03:59:20] INFO: Calculated checksum: fa7892d0
# [2024-04-24 03:59:27] INFO: Calculated checksum: 722d38b5
# [2024-04-24 03:59:27] INFO: Writing RNGSTATE file: ./rand_s060t20_b0706200_a_U000405000
# [2024-04-24 03:59:27] INFO: Writing to disk took 10.1028 seconds
# [2024-04-24 03:59:27] INFO: ======================================================================
# [2024-04-24 03:59:27] INFO: Start sweeping...
# [2024-04-24 04:06:16] INFO: It took 409.236 seconds to do 500 HBOR sweeps.
# [2024-04-24 04:06:16] INFO: Plaquette = 0.67516
# [2024-04-24 04:06:16] INFO: Polyakov loop = (0.00408273,-0.000606307)
# [2024-04-24 04:06:16] INFO: Writing conf to disk...
# [2024-04-24 04:06:16] INFO: writeconf_nersc: Writing NERSC configuration ./conf_s060t20_b0706200_a_U000405500
# [2024-04-24 04:06:19] INFO: Calculated checksum: ac8ccc49
# [2024-04-24 04:06:31] INFO: Calculated checksum: f45bbe78
# [2024-04-24 04:06:31] INFO: Writing RNGSTATE file: ./rand_s060t20_b0706200_a_U000405500
# [2024-04-24 04:06:31] INFO: Writing to disk took 14.7135 seconds
# [2024-04-24 04:06:31] INFO: ======================================================================
# [2024-04-24 04:06:31] INFO: Start sweeping...
# [2024-04-24 04:13:20] INFO: It took 409.109 seconds to do 500 HBOR sweeps.
# [2024-04-24 04:13:20] INFO: Plaquette = 0.675157
# [2024-04-24 04:13:20] INFO: Polyakov loop = (0.00501107,-0.000717517)
# [2024-04-24 04:13:20] INFO: Writing conf to disk...
# [2024-04-24 04:13:20] INFO: writeconf_nersc: Writing NERSC configuration ./conf_s060t20_b0706200_a_U000406000
# [2024-04-24 04:13:23] INFO: Calculated checksum: 9018e5f6
# [2024-04-24 04:13:30] INFO: Calculated checksum: 840dd9a1
# [2024-04-24 04:13:30] INFO: Writing RNGSTATE file: ./rand_s060t20_b0706200_a_U000406000
# [2024-04-24 04:13:30] INFO: Writing to disk took 9.86597 seconds
# [2024-04-24 04:13:30] INFO: ======================================================================
# [2024-04-24 04:13:30] INFO: Start sweeping...
# [2024-04-24 04:20:19] INFO: It took 409.249 seconds to do 500 HBOR sweeps.
# [2024-04-24 04:20:19] INFO: Plaquette = 0.675194
# [2024-04-24 04:20:19] INFO: Polyakov loop = (0.00494325,0.000132561)
# [2024-04-24 04:20:19] INFO: Writing conf to disk...
# [2024-04-24 04:20:19] INFO: writeconf_nersc: Writing NERSC configuration ./conf_s060t20_b0706200_a_U000406500
# [2024-04-24 04:20:22] INFO: Calculated checksum: dad2d58c
# [2024-04-24 04:20:30] INFO: Calculated checksum: fece979a
# [2024-04-24 04:20:30] INFO: Writing RNGSTATE file: ./rand_s060t20_b0706200_a_U000406500
# [2024-04-24 04:20:30] INFO: Writing to disk took 11.2467 seconds
# [2024-04-24 04:20:30] INFO: ======================================================================
# [2024-04-24 04:20:30] INFO: Start sweeping...
# [2024-04-24 04:27:20] INFO: It took 408.994 seconds to do 500 HBOR sweeps.
# [2024-04-24 04:27:20] INFO: Plaquette = 0.675194
# [2024-04-24 04:27:20] INFO: Polyakov loop = (0.00536278,0.00101507)
# [2024-04-24 04:27:20] INFO: Writing conf to disk...
# [2024-04-24 04:27:20] INFO: writeconf_nersc: Writing NERSC configuration ./conf_s060t20_b0706200_a_U000407000
# [2024-04-24 04:27:22] INFO: Calculated checksum: 58601f03
# [2024-04-24 04:27:30] INFO: Calculated checksum: 62a8560c
# [2024-04-24 04:27:30] INFO: Writing RNGSTATE file: ./rand_s060t20_b0706200_a_U000407000
# [2024-04-24 04:27:30] INFO: Writing to disk took 10.6481 seconds
# [2024-04-24 04:27:30] INFO: ======================================================================
# [2024-04-24 04:27:30] INFO: Start sweeping...
# [2024-04-24 04:34:19] INFO: It took 409.024 seconds to do 500 HBOR sweeps.
# [2024-04-24 04:34:19] INFO: Plaquette = 0.675171
# [2024-04-24 04:34:19] INFO: Polyakov loop = (0.00422098,-0.000458032)
# [2024-04-24 04:34:19] INFO: Writing conf to disk...
# [2024-04-24 04:34:19] INFO: writeconf_nersc: Writing NERSC configuration ./conf_s060t20_b0706200_a_U000407500
# [2024-04-24 04:34:22] INFO: Calculated checksum: ec1c7ae9
# [2024-04-24 04:34:29] INFO: Calculated checksum: 64bea028
# [2024-04-24 04:34:29] INFO: Writing RNGSTATE file: ./rand_s060t20_b0706200_a_U000407500
# [2024-04-24 04:34:30] INFO: Writing to disk took 10.339 seconds
# [2024-04-24 04:34:30] INFO: ======================================================================
# [2024-04-24 04:34:30] INFO: Start sweeping...
# [2024-04-24 04:41:19] INFO: It took 409.081 seconds to do 500 HBOR sweeps.
# [2024-04-24 04:41:19] INFO: Plaquette = 0.675237
# [2024-04-24 04:41:19] INFO: Polyakov loop = (0.00444075,0.000619602)
# [2024-04-24 04:41:19] INFO: Writing conf to disk...
# [2024-04-24 04:41:19] INFO: writeconf_nersc: Writing NERSC configuration ./conf_s060t20_b0706200_a_U000408000
# [2024-04-24 04:41:22] INFO: Calculated checksum: e8e92def
# [2024-04-24 04:41:30] INFO: Calculated checksum: 59b83fe9
# [2024-04-24 04:41:30] INFO: Writing RNGSTATE file: ./rand_s060t20_b0706200_a_U000408000
# [2024-04-24 04:41:32] INFO: Writing to disk took 13.1708 seconds
# [2024-04-24 04:41:32] INFO: ======================================================================
# [2024-04-24 04:41:32] INFO: Start sweeping...
# [2024-04-24 04:48:21] INFO: It took 409.03 seconds to do 500 HBOR sweeps.
# [2024-04-24 04:48:21] INFO: Plaquette = 0.675097
# [2024-04-24 04:48:21] INFO: Polyakov loop = (0.00465451,0.000755307)
# [2024-04-24 04:48:21] INFO: Writing conf to disk...
# [2024-04-24 04:48:21] INFO: writeconf_nersc: Writing NERSC configuration ./conf_s060t20_b0706200_a_U000408500
# [2024-04-24 04:48:24] INFO: Calculated checksum: c795904e
# [2024-04-24 04:48:31] INFO: Calculated checksum: f5bd23d2
# [2024-04-24 04:48:31] INFO: Writing RNGSTATE file: ./rand_s060t20_b0706200_a_U000408500
# [2024-04-24 04:48:31] INFO: Writing to disk took 10.0155 seconds
# [2024-04-24 04:48:31] INFO: ======================================================================
# [2024-04-24 04:48:31] INFO: Start sweeping...
# [2024-04-24 04:55:20] INFO: It took 409.019 seconds to do 500 HBOR sweeps.
# [2024-04-24 04:55:20] INFO: Plaquette = 0.675189
# [2024-04-24 04:55:20] INFO: Polyakov loop = (0.00556567,0.000627728)
# [2024-04-24 04:55:20] INFO: Writing conf to disk...
# [2024-04-24 04:55:20] INFO: writeconf_nersc: Writing NERSC configuration ./conf_s060t20_b0706200_a_U000409000
# [2024-04-24 04:55:23] INFO: Calculated checksum: 669b3ae4
# [2024-04-24 04:55:30] INFO: Calculated checksum: 2eab96d1
# [2024-04-24 04:55:31] INFO: Writing RNGSTATE file: ./rand_s060t20_b0706200_a_U000409000
# [2024-04-24 04:55:32] INFO: Writing to disk took 11.7317 seconds
# [2024-04-24 04:55:32] INFO: ======================================================================
# [2024-04-24 04:55:32] INFO: Start sweeping...
# [2024-04-24 05:02:21] INFO: It took 408.941 seconds to do 500 HBOR sweeps.
# [2024-04-24 05:02:21] INFO: Plaquette = 0.675125
# [2024-04-24 05:02:21] INFO: Polyakov loop = (0.00441242,9.57499e-05)
# [2024-04-24 05:02:21] INFO: Writing conf to disk...
# [2024-04-24 05:02:21] INFO: writeconf_nersc: Writing NERSC configuration ./conf_s060t20_b0706200_a_U000409500
# [2024-04-24 05:02:24] INFO: Calculated checksum: 47d69d52
# [2024-04-24 05:02:30] INFO: Calculated checksum: cdc48d02
# [2024-04-24 05:02:30] INFO: Writing RNGSTATE file: ./rand_s060t20_b0706200_a_U000409500
# [2024-04-24 05:02:31] INFO: Writing to disk took 10.0793 seconds
# [2024-04-24 05:02:31] INFO: ======================================================================
# [2024-04-24 05:02:31] INFO: Start sweeping...
# [2024-04-24 05:09:20] INFO: It took 409.036 seconds to do 500 HBOR sweeps.
# [2024-04-24 05:09:20] INFO: Plaquette = 0.675163
# [2024-04-24 05:09:20] INFO: Polyakov loop = (0.00444824,-0.000149039)
# [2024-04-24 05:09:20] INFO: Writing conf to disk...
# [2024-04-24 05:09:20] INFO: writeconf_nersc: Writing NERSC configuration ./conf_s060t20_b0706200_a_U000410000
# [2024-04-24 05:09:23] INFO: Calculated checksum: ff21fb39
# [2024-04-24 05:09:31] INFO: Calculated checksum: c0efcdc2
# [2024-04-24 05:09:31] INFO: Writing RNGSTATE file: ./rand_s060t20_b0706200_a_U000410000
# [2024-04-24 05:09:31] INFO: Writing to disk took 10.803 seconds
# [2024-04-24 05:09:31] INFO: ======================================================================
# [2024-04-24 05:09:31] INFO: Start sweeping...
# [2024-04-24 05:16:20] INFO: It took 409.139 seconds to do 500 HBOR sweeps.
# [2024-04-24 05:16:20] INFO: Plaquette = 0.675183
# [2024-04-24 05:16:20] INFO: Polyakov loop = (0.00517212,-0.000536588)
# [2024-04-24 05:16:20] INFO: Writing conf to disk...
# [2024-04-24 05:16:20] INFO: writeconf_nersc: Writing NERSC configuration ./conf_s060t20_b0706200_a_U000410500
# [2024-04-24 05:16:23] INFO: Calculated checksum: a62bcb7
# [2024-04-24 05:16:34] INFO: Calculated checksum: 5412b65
# [2024-04-24 05:16:34] INFO: Writing RNGSTATE file: ./rand_s060t20_b0706200_a_U000410500
# [2024-04-24 05:16:34] INFO: Writing to disk took 14.3782 seconds
# [2024-04-24 05:16:34] INFO: ======================================================================
# [2024-04-24 05:16:34] INFO: Start sweeping...
# [2024-04-24 05:23:24] INFO: It took 409.15 seconds to do 500 HBOR sweeps.
# [2024-04-24 05:23:24] INFO: Plaquette = 0.675258
# [2024-04-24 05:23:24] INFO: Polyakov loop = (0.00369414,-0.00014808)
# [2024-04-24 05:23:24] INFO: Writing conf to disk...
# [2024-04-24 05:23:24] INFO: writeconf_nersc: Writing NERSC configuration ./conf_s060t20_b0706200_a_U000411000
# [2024-04-24 05:23:27] INFO: Calculated checksum: 7265c3b5
# [2024-04-24 05:23:33] INFO: Calculated checksum: 54a7ba64
# [2024-04-24 05:23:33] INFO: Writing RNGSTATE file: ./rand_s060t20_b0706200_a_U000411000
# [2024-04-24 05:23:33] INFO: Writing to disk took 9.70173 seconds
# [2024-04-24 05:23:33] INFO: ======================================================================
# [2024-04-24 05:23:33] INFO: Start sweeping...
# [2024-04-24 05:30:23] INFO: It took 409.244 seconds to do 500 HBOR sweeps.
# [2024-04-24 05:30:23] INFO: Plaquette = 0.675162
# [2024-04-24 05:30:23] INFO: Polyakov loop = (0.00372364,-0.000165006)
# [2024-04-24 05:30:23] INFO: Writing conf to disk...
# [2024-04-24 05:30:23] INFO: writeconf_nersc: Writing NERSC configuration ./conf_s060t20_b0706200_a_U000411500
# [2024-04-24 05:30:26] INFO: Calculated checksum: c582d3e5
# [2024-04-24 05:30:32] INFO: Calculated checksum: 492839fe
# [2024-04-24 05:30:32] INFO: Writing RNGSTATE file: ./rand_s060t20_b0706200_a_U000411500
# [2024-04-24 05:30:33] INFO: Writing to disk took 9.88982 seconds
# [2024-04-24 05:30:33] INFO: ======================================================================
# [2024-04-24 05:30:33] INFO: Start sweeping...
# [2024-04-24 05:37:22] INFO: It took 409.261 seconds to do 500 HBOR sweeps.
# [2024-04-24 05:37:22] INFO: Plaquette = 0.675219
# [2024-04-24 05:37:22] INFO: Polyakov loop = (0.00455231,0.00101982)
# [2024-04-24 05:37:22] INFO: Writing conf to disk...
# [2024-04-24 05:37:22] INFO: writeconf_nersc: Writing NERSC configuration ./conf_s060t20_b0706200_a_U000412000
# [2024-04-24 05:37:25] INFO: Calculated checksum: 2d5ef715
# [2024-04-24 05:37:40] INFO: Calculated checksum: 45392248
# [2024-04-24 05:37:40] INFO: Writing RNGSTATE file: ./rand_s060t20_b0706200_a_U000412000
# [2024-04-24 05:37:40] INFO: Writing to disk took 17.9987 seconds
# [2024-04-24 05:37:40] INFO: ======================================================================
# [2024-04-24 05:37:40] INFO: Start sweeping...
# [2024-04-24 05:44:29] INFO: It took 409.102 seconds to do 500 HBOR sweeps.
# [2024-04-24 05:44:29] INFO: Plaquette = 0.675251
# [2024-04-24 05:44:29] INFO: Polyakov loop = (0.00429486,-0.000401333)
# [2024-04-24 05:44:29] INFO: Writing conf to disk...
# [2024-04-24 05:44:29] INFO: writeconf_nersc: Writing NERSC configuration ./conf_s060t20_b0706200_a_U000412500
# [2024-04-24 05:44:32] INFO: Calculated checksum: 6879dc1a
# [2024-04-24 05:44:39] INFO: Calculated checksum: 711c8ad8
# [2024-04-24 05:44:39] INFO: Writing RNGSTATE file: ./rand_s060t20_b0706200_a_U000412500
# [2024-04-24 05:44:39] INFO: Writing to disk took 10.3543 seconds
# [2024-04-24 05:44:39] INFO: ======================================================================
# [2024-04-24 05:44:39] INFO: Start sweeping...
# [2024-04-24 05:51:28] INFO: It took 409.108 seconds to do 500 HBOR sweeps.
# [2024-04-24 05:51:29] INFO: Plaquette = 0.675143
# [2024-04-24 05:51:29] INFO: Polyakov loop = (0.00469134,-0.000166707)
# [2024-04-24 05:51:29] INFO: Writing conf to disk...
# [2024-04-24 05:51:29] INFO: writeconf_nersc: Writing NERSC configuration ./conf_s060t20_b0706200_a_U000413000
# [2024-04-24 05:51:31] INFO: Calculated checksum: e7a8905c
# [2024-04-24 05:51:45] INFO: Calculated checksum: 5eb5fce3
# [2024-04-24 05:51:45] INFO: Writing RNGSTATE file: ./rand_s060t20_b0706200_a_U000413000
# [2024-04-24 05:51:45] INFO: Writing to disk took 16.5965 seconds
# [2024-04-24 05:51:45] INFO: ======================================================================
# [2024-04-24 05:51:45] INFO: Start sweeping...
# [2024-04-24 05:58:34] INFO: It took 409.245 seconds to do 500 HBOR sweeps.
# [2024-04-24 05:58:34] INFO: Plaquette = 0.675133
# [2024-04-24 05:58:34] INFO: Polyakov loop = (0.00392728,-0.000385113)
# [2024-04-24 05:58:34] INFO: Writing conf to disk...
# [2024-04-24 05:58:34] INFO: writeconf_nersc: Writing NERSC configuration ./conf_s060t20_b0706200_a_U000413500
# [2024-04-24 05:58:37] INFO: Calculated checksum: 96abae51
# [2024-04-24 05:58:51] INFO: Calculated checksum: 32d3b31a
# [2024-04-24 05:58:51] INFO: Writing RNGSTATE file: ./rand_s060t20_b0706200_a_U000413500
# [2024-04-24 05:58:51] INFO: Writing to disk took 16.845 seconds
# [2024-04-24 05:58:51] INFO: ======================================================================
# [2024-04-24 05:58:51] INFO: Start sweeping...
# [2024-04-24 06:05:40] INFO: It took 409.066 seconds to do 500 HBOR sweeps.
# [2024-04-24 06:05:40] INFO: Plaquette = 0.675308
# [2024-04-24 06:05:40] INFO: Polyakov loop = (0.00389571,-0.000272684)
# [2024-04-24 06:05:40] INFO: Writing conf to disk...
# [2024-04-24 06:05:40] INFO: writeconf_nersc: Writing NERSC configuration ./conf_s060t20_b0706200_a_U000414000
# [2024-04-24 06:05:43] INFO: Calculated checksum: 27146890
# [2024-04-24 06:05:52] INFO: Calculated checksum: a3b06432
# [2024-04-24 06:05:52] INFO: Writing RNGSTATE file: ./rand_s060t20_b0706200_a_U000414000
# [2024-04-24 06:05:52] INFO: Writing to disk took 11.3755 seconds
# [2024-04-24 06:05:52] INFO: ======================================================================
# [2024-04-24 06:05:52] INFO: Start sweeping...
# [2024-04-24 06:12:41] INFO: It took 409.389 seconds to do 500 HBOR sweeps.
# [2024-04-24 06:12:41] INFO: Plaquette = 0.675139
# [2024-04-24 06:12:41] INFO: Polyakov loop = (0.00460174,0.000390202)
# [2024-04-24 06:12:41] INFO: Writing conf to disk...
# [2024-04-24 06:12:41] INFO: writeconf_nersc: Writing NERSC configuration ./conf_s060t20_b0706200_a_U000414500
# [2024-04-24 06:12:44] INFO: Calculated checksum: c0fbd0cf
# [2024-04-24 06:12:52] INFO: Calculated checksum: 75cb4266
# [2024-04-24 06:12:52] INFO: Writing RNGSTATE file: ./rand_s060t20_b0706200_a_U000414500
# [2024-04-24 06:12:52] INFO: Writing to disk took 10.9965 seconds
# [2024-04-24 06:12:52] INFO: ======================================================================
# [2024-04-24 06:12:52] INFO: Start sweeping...
# [2024-04-24 06:19:41] INFO: It took 408.985 seconds to do 500 HBOR sweeps.
# [2024-04-24 06:19:41] INFO: Plaquette = 0.675174
# [2024-04-24 06:19:41] INFO: Polyakov loop = (0.00528647,0.00056058)
# [2024-04-24 06:19:41] INFO: Writing conf to disk...
# [2024-04-24 06:19:41] INFO: writeconf_nersc: Writing NERSC configuration ./conf_s060t20_b0706200_a_U000415000
# [2024-04-24 06:19:44] INFO: Calculated checksum: 5fef0006
# [2024-04-24 06:19:54] INFO: Calculated checksum: c22b86b2
# [2024-04-24 06:19:54] INFO: Writing RNGSTATE file: ./rand_s060t20_b0706200_a_U000415000
# [2024-04-24 06:19:54] INFO: Writing to disk took 12.2913 seconds
# [2024-04-24 06:19:54] INFO: ======================================================================
# [2024-04-24 06:19:54] INFO: Start sweeping...
# [2024-04-24 06:26:43] INFO: It took 409.061 seconds to do 500 HBOR sweeps.
# [2024-04-24 06:26:43] INFO: Plaquette = 0.675168
# [2024-04-24 06:26:43] INFO: Polyakov loop = (0.00370467,-0.00047161)
# [2024-04-24 06:26:43] INFO: Writing conf to disk...
# [2024-04-24 06:26:43] INFO: writeconf_nersc: Writing NERSC configuration ./conf_s060t20_b0706200_a_U000415500
# [2024-04-24 06:26:46] INFO: Calculated checksum: 60d8c38d
# [2024-04-24 06:26:59] INFO: Calculated checksum: bd76d4a
# [2024-04-24 06:26:59] INFO: Writing RNGSTATE file: ./rand_s060t20_b0706200_a_U000415500
# [2024-04-24 06:27:00] INFO: Writing to disk took 16.8632 seconds
# [2024-04-24 06:27:00] INFO: ======================================================================
# [2024-04-24 06:27:00] INFO: Start sweeping...
# [2024-04-24 06:33:49] INFO: It took 408.909 seconds to do 500 HBOR sweeps.
# [2024-04-24 06:33:49] INFO: Plaquette = 0.67519
# [2024-04-24 06:33:49] INFO: Polyakov loop = (0.00433574,0.000553099)
# [2024-04-24 06:33:49] INFO: Writing conf to disk...
# [2024-04-24 06:33:49] INFO: writeconf_nersc: Writing NERSC configuration ./conf_s060t20_b0706200_a_U000416000
# [2024-04-24 06:33:52] INFO: Calculated checksum: 947b2b53
# [2024-04-24 06:33:58] INFO: Calculated checksum: d070e48b
# [2024-04-24 06:33:58] INFO: Writing RNGSTATE file: ./rand_s060t20_b0706200_a_U000416000
# [2024-04-24 06:33:59] INFO: Writing to disk took 9.9317 seconds
# [2024-04-24 06:33:59] INFO: ======================================================================
# [2024-04-24 06:33:59] INFO: Start sweeping...
# [2024-04-24 06:40:48] INFO: It took 408.891 seconds to do 500 HBOR sweeps.
# [2024-04-24 06:40:48] INFO: Plaquette = 0.67519
# [2024-04-24 06:40:48] INFO: Polyakov loop = (0.00572347,-0.000742471)
# [2024-04-24 06:40:48] INFO: Writing conf to disk...
# [2024-04-24 06:40:48] INFO: writeconf_nersc: Writing NERSC configuration ./conf_s060t20_b0706200_a_U000416500
# [2024-04-24 06:40:51] INFO: Calculated checksum: e2bc7061
# [2024-04-24 06:41:00] INFO: Calculated checksum: 212bf9a1
# [2024-04-24 06:41:00] INFO: Writing RNGSTATE file: ./rand_s060t20_b0706200_a_U000416500
# [2024-04-24 06:41:00] INFO: Writing to disk took 12.553 seconds
# [2024-04-24 06:41:00] INFO: ======================================================================
# [2024-04-24 06:41:00] INFO: Start sweeping...
# [2024-04-24 06:47:49] INFO: It took 409.206 seconds to do 500 HBOR sweeps.
# [2024-04-24 06:47:50] INFO: Plaquette = 0.675155
# [2024-04-24 06:47:50] INFO: Polyakov loop = (0.00509608,-0.000612822)
# [2024-04-24 06:47:50] INFO: Writing conf to disk...
# [2024-04-24 06:47:50] INFO: writeconf_nersc: Writing NERSC configuration ./conf_s060t20_b0706200_a_U000417000
# [2024-04-24 06:47:52] INFO: Calculated checksum: dd59930b
# [2024-04-24 06:48:01] INFO: Calculated checksum: 57966ba5
# [2024-04-24 06:48:01] INFO: Writing RNGSTATE file: ./rand_s060t20_b0706200_a_U000417000
# [2024-04-24 06:48:01] INFO: Writing to disk took 11.8943 seconds
# [2024-04-24 06:48:01] INFO: ======================================================================
# [2024-04-24 06:48:01] INFO: Start sweeping...
# [2024-04-24 06:54:50] INFO: It took 408.898 seconds to do 500 HBOR sweeps.
# [2024-04-24 06:54:50] INFO: Plaquette = 0.675193
# [2024-04-24 06:54:50] INFO: Polyakov loop = (0.00582103,0.000282634)
# [2024-04-24 06:54:50] INFO: Writing conf to disk...
# [2024-04-24 06:54:50] INFO: writeconf_nersc: Writing NERSC configuration ./conf_s060t20_b0706200_a_U000417500
# [2024-04-24 06:54:53] INFO: Calculated checksum: 79da030e
# [2024-04-24 06:55:04] INFO: Calculated checksum: 80cb142b
# [2024-04-24 06:55:04] INFO: Writing RNGSTATE file: ./rand_s060t20_b0706200_a_U000417500
# [2024-04-24 06:55:04] INFO: Writing to disk took 13.7308 seconds
# [2024-04-24 06:55:04] INFO: ======================================================================
# [2024-04-24 06:55:04] INFO: Start sweeping...
# [2024-04-24 07:01:53] INFO: It took 408.961 seconds to do 500 HBOR sweeps.
# [2024-04-24 07:01:53] INFO: Plaquette = 0.675181
# [2024-04-24 07:01:53] INFO: Polyakov loop = (0.00461646,0.000177505)
# [2024-04-24 07:01:53] INFO: Writing conf to disk...
# [2024-04-24 07:01:53] INFO: writeconf_nersc: Writing NERSC configuration ./conf_s060t20_b0706200_a_U000418000
# [2024-04-24 07:01:56] INFO: Calculated checksum: 70d60e87
# [2024-04-24 07:02:02] INFO: Calculated checksum: 862315af
# [2024-04-24 07:02:02] INFO: Writing RNGSTATE file: ./rand_s060t20_b0706200_a_U000418000
# [2024-04-24 07:02:03] INFO: Writing to disk took 9.4145 seconds
# [2024-04-24 07:02:03] INFO: ======================================================================
# [2024-04-24 07:02:03] INFO: Start sweeping...
# [2024-04-24 07:08:52] INFO: It took 409.012 seconds to do 500 HBOR sweeps.
# [2024-04-24 07:08:52] INFO: Plaquette = 0.675099
# [2024-04-24 07:08:52] INFO: Polyakov loop = (0.00523455,0.000298054)
# [2024-04-24 07:08:52] INFO: Writing conf to disk...
# [2024-04-24 07:08:52] INFO: writeconf_nersc: Writing NERSC configuration ./conf_s060t20_b0706200_a_U000418500
# [2024-04-24 07:08:55] INFO: Calculated checksum: d7878dd8
# [2024-04-24 07:09:01] INFO: Calculated checksum: 3777d1bb
# [2024-04-24 07:09:01] INFO: Writing RNGSTATE file: ./rand_s060t20_b0706200_a_U000418500
# [2024-04-24 07:09:02] INFO: Writing to disk took 9.9442 seconds
# [2024-04-24 07:09:02] INFO: ======================================================================
# [2024-04-24 07:09:02] INFO: Start sweeping...
# [2024-04-24 07:15:51] INFO: It took 409.022 seconds to do 500 HBOR sweeps.
# [2024-04-24 07:15:51] INFO: Plaquette = 0.675156
# [2024-04-24 07:15:51] INFO: Polyakov loop = (0.00466845,-7.54764e-05)
# [2024-04-24 07:15:51] INFO: Writing conf to disk...
# [2024-04-24 07:15:51] INFO: writeconf_nersc: Writing NERSC configuration ./conf_s060t20_b0706200_a_U000419000
# [2024-04-24 07:15:53] INFO: Calculated checksum: b35b6694
# [2024-04-24 07:16:04] INFO: Calculated checksum: cdd693e8
# [2024-04-24 07:16:04] INFO: Writing RNGSTATE file: ./rand_s060t20_b0706200_a_U000419000
# [2024-04-24 07:16:05] INFO: Writing to disk took 14.11 seconds
# [2024-04-24 07:16:05] INFO: ======================================================================
# [2024-04-24 07:16:05] INFO: Start sweeping...
# [2024-04-24 07:22:54] INFO: It took 409.132 seconds to do 500 HBOR sweeps.
# [2024-04-24 07:22:54] INFO: Plaquette = 0.675145
# [2024-04-24 07:22:54] INFO: Polyakov loop = (0.00404707,0.000729036)
# [2024-04-24 07:22:54] INFO: Writing conf to disk...
# [2024-04-24 07:22:54] INFO: writeconf_nersc: Writing NERSC configuration ./conf_s060t20_b0706200_a_U000419500
# [2024-04-24 07:22:57] INFO: Calculated checksum: 8160858b
# [2024-04-24 07:23:04] INFO: Calculated checksum: ce715438
# [2024-04-24 07:23:04] INFO: Writing RNGSTATE file: ./rand_s060t20_b0706200_a_U000419500
# [2024-04-24 07:23:04] INFO: Writing to disk took 9.73088 seconds
# [2024-04-24 07:23:04] INFO: ======================================================================
# [2024-04-24 07:23:04] INFO: Start sweeping...
# [2024-04-24 07:29:55] INFO: It took 411.13 seconds to do 500 HBOR sweeps.
# [2024-04-24 07:29:55] INFO: Plaquette = 0.675181
# [2024-04-24 07:29:55] INFO: Polyakov loop = (0.00431323,0.000168317)
# [2024-04-24 07:29:55] INFO: Writing conf to disk...
# [2024-04-24 07:29:55] INFO: writeconf_nersc: Writing NERSC configuration ./conf_s060t20_b0706200_a_U000420000
# [2024-04-24 07:29:58] INFO: Calculated checksum: 58db5f62
# [2024-04-24 07:30:06] INFO: Calculated checksum: e8d8ae22
# [2024-04-24 07:30:06] INFO: Writing RNGSTATE file: ./rand_s060t20_b0706200_a_U000420000
# [2024-04-24 07:30:06] INFO: Writing to disk took 11.1271 seconds
# [2024-04-24 07:30:06] INFO: ======================================================================
# [2024-04-24 07:30:06] INFO: Start sweeping...
# [2024-04-24 07:36:57] INFO: It took 411.147 seconds to do 500 HBOR sweeps.
# [2024-04-24 07:36:57] INFO: Plaquette = 0.67513
# [2024-04-24 07:36:57] INFO: Polyakov loop = (0.00392369,0.00103821)
# [2024-04-24 07:36:57] INFO: Writing conf to disk...
# [2024-04-24 07:36:57] INFO: writeconf_nersc: Writing NERSC configuration ./conf_s060t20_b0706200_a_U000420500
# [2024-04-24 07:37:00] INFO: Calculated checksum: 8527643c
# [2024-04-24 07:37:14] INFO: Calculated checksum: 79aef0eb
# [2024-04-24 07:37:14] INFO: Writing RNGSTATE file: ./rand_s060t20_b0706200_a_U000420500
# [2024-04-24 07:37:15] INFO: Writing to disk took 17.4003 seconds
# [2024-04-24 07:37:15] INFO: ======================================================================
# [2024-04-24 07:37:15] INFO: Start sweeping...
# [2024-04-24 07:44:06] INFO: It took 410.979 seconds to do 500 HBOR sweeps.
# [2024-04-24 07:44:06] INFO: Plaquette = 0.675198
# [2024-04-24 07:44:06] INFO: Polyakov loop = (0.00518212,0.000193963)
# [2024-04-24 07:44:06] INFO: Writing conf to disk...
# [2024-04-24 07:44:06] INFO: writeconf_nersc: Writing NERSC configuration ./conf_s060t20_b0706200_a_U000421000
# [2024-04-24 07:44:09] INFO: Calculated checksum: c6aa4741
# [2024-04-24 07:44:22] INFO: Calculated checksum: ed9ffe3d
# [2024-04-24 07:44:22] INFO: Writing RNGSTATE file: ./rand_s060t20_b0706200_a_U000421000
# [2024-04-24 07:44:23] INFO: Writing to disk took 16.9619 seconds
# [2024-04-24 07:44:23] INFO: ======================================================================
# [2024-04-24 07:44:23] INFO: Start sweeping...
# [2024-04-24 07:51:14] INFO: It took 411.258 seconds to do 500 HBOR sweeps.
# [2024-04-24 07:51:14] INFO: Plaquette = 0.675145
# [2024-04-24 07:51:14] INFO: Polyakov loop = (0.00479693,-6.24229e-05)
# [2024-04-24 07:51:14] INFO: Writing conf to disk...
# [2024-04-24 07:51:14] INFO: writeconf_nersc: Writing NERSC configuration ./conf_s060t20_b0706200_a_U000421500
# [2024-04-24 07:51:17] INFO: Calculated checksum: 2b297431
# [2024-04-24 07:51:24] INFO: Calculated checksum: e019ce38
# [2024-04-24 07:51:24] INFO: Writing RNGSTATE file: ./rand_s060t20_b0706200_a_U000421500
# [2024-04-24 07:51:24] INFO: Writing to disk took 10.1319 seconds
# [2024-04-24 07:51:24] INFO: ======================================================================
# [2024-04-24 07:51:24] INFO: Start sweeping...
# [2024-04-24 07:58:15] INFO: It took 411.185 seconds to do 500 HBOR sweeps.
# [2024-04-24 07:58:15] INFO: Plaquette = 0.675157
# [2024-04-24 07:58:15] INFO: Polyakov loop = (0.00505395,0.000710561)
# [2024-04-24 07:58:15] INFO: Writing conf to disk...
# [2024-04-24 07:58:15] INFO: writeconf_nersc: Writing NERSC configuration ./conf_s060t20_b0706200_a_U000422000
# [2024-04-24 07:58:19] INFO: Calculated checksum: b0df2ff9
# [2024-04-24 07:58:29] INFO: Calculated checksum: 7b593897
# [2024-04-24 07:58:29] INFO: Writing RNGSTATE file: ./rand_s060t20_b0706200_a_U000422000
# [2024-04-24 07:58:29] INFO: Writing to disk took 13.6047 seconds
# [2024-04-24 07:58:29] INFO: ======================================================================
# [2024-04-24 07:58:29] INFO: Start sweeping...
# [2024-04-24 08:05:20] INFO: It took 411.37 seconds to do 500 HBOR sweeps.
# [2024-04-24 08:05:20] INFO: Plaquette = 0.675209
# [2024-04-24 08:05:20] INFO: Polyakov loop = (0.00366284,-0.000183407)
# [2024-04-24 08:05:20] INFO: Writing conf to disk...
# [2024-04-24 08:05:20] INFO: writeconf_nersc: Writing NERSC configuration ./conf_s060t20_b0706200_a_U000422500
# [2024-04-24 08:05:23] INFO: Calculated checksum: d97a559c
# [2024-04-24 08:05:35] INFO: Calculated checksum: a650b3e0
# [2024-04-24 08:05:35] INFO: Writing RNGSTATE file: ./rand_s060t20_b0706200_a_U000422500
# [2024-04-24 08:05:35] INFO: Writing to disk took 14.7711 seconds
# [2024-04-24 08:05:35] INFO: ======================================================================
# [2024-04-24 08:05:35] INFO: Start sweeping...
# [2024-04-24 08:12:27] INFO: It took 411.367 seconds to do 500 HBOR sweeps.
# [2024-04-24 08:12:27] INFO: Plaquette = 0.675177
# [2024-04-24 08:12:27] INFO: Polyakov loop = (0.00452121,-0.000493531)
# [2024-04-24 08:12:27] INFO: Writing conf to disk...
# [2024-04-24 08:12:27] INFO: writeconf_nersc: Writing NERSC configuration ./conf_s060t20_b0706200_a_U000423000
# [2024-04-24 08:12:29] INFO: Calculated checksum: c42b5376
# [2024-04-24 08:12:36] INFO: Calculated checksum: c42cafab
# [2024-04-24 08:12:36] INFO: Writing RNGSTATE file: ./rand_s060t20_b0706200_a_U000423000
# [2024-04-24 08:12:37] INFO: Writing to disk took 9.88169 seconds
# [2024-04-24 08:12:37] INFO: ======================================================================
# [2024-04-24 08:12:37] INFO: Start sweeping...
# [2024-04-24 08:19:28] INFO: It took 411.521 seconds to do 500 HBOR sweeps.
# [2024-04-24 08:19:28] INFO: Plaquette = 0.675168
# [2024-04-24 08:19:28] INFO: Polyakov loop = (0.00373151,5.34552e-05)
# [2024-04-24 08:19:28] INFO: Writing conf to disk...
# [2024-04-24 08:19:28] INFO: writeconf_nersc: Writing NERSC configuration ./conf_s060t20_b0706200_a_U000423500
# [2024-04-24 08:19:31] INFO: Calculated checksum: 2fcc47a3
# [2024-04-24 08:19:40] INFO: Calculated checksum: 8a88d64e
# [2024-04-24 08:19:40] INFO: Writing RNGSTATE file: ./rand_s060t20_b0706200_a_U000423500
# [2024-04-24 08:19:40] INFO: Writing to disk took 12.1459 seconds
# [2024-04-24 08:19:40] INFO: ======================================================================
# [2024-04-24 08:19:40] INFO: Start sweeping...
# [2024-04-24 08:26:32] INFO: It took 411.479 seconds to do 500 HBOR sweeps.
# [2024-04-24 08:26:32] INFO: Plaquette = 0.675148
# [2024-04-24 08:26:32] INFO: Polyakov loop = (0.00598345,-0.000389028)
# [2024-04-24 08:26:32] INFO: Writing conf to disk...
# [2024-04-24 08:26:32] INFO: writeconf_nersc: Writing NERSC configuration ./conf_s060t20_b0706200_a_U000424000
# [2024-04-24 08:26:35] INFO: Calculated checksum: 5abbc39f
# [2024-04-24 08:26:50] INFO: Calculated checksum: b7f3f1c4
# [2024-04-24 08:26:50] INFO: Writing RNGSTATE file: ./rand_s060t20_b0706200_a_U000424000
# [2024-04-24 08:26:50] INFO: Writing to disk took 18.0494 seconds
# [2024-04-24 08:26:50] INFO: ======================================================================
# [2024-04-24 08:26:50] INFO: Start sweeping...
# [2024-04-24 08:33:41] INFO: It took 411.21 seconds to do 500 HBOR sweeps.
# [2024-04-24 08:33:41] INFO: Plaquette = 0.675153
# [2024-04-24 08:33:41] INFO: Polyakov loop = (0.0052732,1.35873e-05)
# [2024-04-24 08:33:41] INFO: Writing conf to disk...
# [2024-04-24 08:33:41] INFO: writeconf_nersc: Writing NERSC configuration ./conf_s060t20_b0706200_a_U000424500
# [2024-04-24 08:33:44] INFO: Calculated checksum: 8dfb0b2
# [2024-04-24 08:33:56] INFO: Calculated checksum: 77b493a8
# [2024-04-24 08:33:56] INFO: Writing RNGSTATE file: ./rand_s060t20_b0706200_a_U000424500
# [2024-04-24 08:33:56] INFO: Writing to disk took 14.7837 seconds
# [2024-04-24 08:33:56] INFO: ======================================================================
# [2024-04-24 08:33:56] INFO: Start sweeping...
# [2024-04-24 08:40:47] INFO: It took 411.24 seconds to do 500 HBOR sweeps.
# [2024-04-24 08:40:47] INFO: Plaquette = 0.675161
# [2024-04-24 08:40:47] INFO: Polyakov loop = (0.00411031,0.000120379)
# [2024-04-24 08:40:47] INFO: Writing conf to disk...
# [2024-04-24 08:40:47] INFO: writeconf_nersc: Writing NERSC configuration ./conf_s060t20_b0706200_a_U000425000
# [2024-04-24 08:40:50] INFO: Calculated checksum: 189a56c8
# [2024-04-24 08:41:02] INFO: Calculated checksum: c9013cea
# [2024-04-24 08:41:02] INFO: Writing RNGSTATE file: ./rand_s060t20_b0706200_a_U000425000
# [2024-04-24 08:41:02] INFO: Writing to disk took 15.0421 seconds
# [2024-04-24 08:41:02] INFO: ======================================================================
# [2024-04-24 08:41:02] INFO: Start sweeping...
# [2024-04-24 08:47:53] INFO: It took 411.199 seconds to do 500 HBOR sweeps.
# [2024-04-24 08:47:54] INFO: Plaquette = 0.675144
# [2024-04-24 08:47:54] INFO: Polyakov loop = (0.0046155,-0.000863972)
# [2024-04-24 08:47:54] INFO: Writing conf to disk...
# [2024-04-24 08:47:54] INFO: writeconf_nersc: Writing NERSC configuration ./conf_s060t20_b0706200_a_U000425500
# [2024-04-24 08:47:56] INFO: Calculated checksum: ce59e56e
# [2024-04-24 08:48:03] INFO: Calculated checksum: c73c82c8
# [2024-04-24 08:48:03] INFO: Writing RNGSTATE file: ./rand_s060t20_b0706200_a_U000425500
# [2024-04-24 08:48:03] INFO: Writing to disk took 9.97331 seconds
# [2024-04-24 08:48:03] INFO: ======================================================================
# [2024-04-24 08:48:03] INFO: Start sweeping...
# [2024-04-24 08:54:55] INFO: It took 411.354 seconds to do 500 HBOR sweeps.
# [2024-04-24 08:54:55] INFO: Plaquette = 0.675214
# [2024-04-24 08:54:55] INFO: Polyakov loop = (0.0046459,0.000150435)
# [2024-04-24 08:54:55] INFO: Writing conf to disk...
# [2024-04-24 08:54:55] INFO: writeconf_nersc: Writing NERSC configuration ./conf_s060t20_b0706200_a_U000426000
# [2024-04-24 08:54:58] INFO: Calculated checksum: 3102c7cd
# [2024-04-24 08:55:10] INFO: Calculated checksum: 737c511b
# [2024-04-24 08:55:10] INFO: Writing RNGSTATE file: ./rand_s060t20_b0706200_a_U000426000
# [2024-04-24 08:55:10] INFO: Writing to disk took 15.1164 seconds
# [2024-04-24 08:55:10] INFO: ======================================================================
# [2024-04-24 08:55:10] INFO: Start sweeping...
# [2024-04-24 09:02:01] INFO: It took 410.875 seconds to do 500 HBOR sweeps.
# [2024-04-24 09:02:01] INFO: Plaquette = 0.675214
# [2024-04-24 09:02:01] INFO: Polyakov loop = (0.00458406,-0.000176961)
# [2024-04-24 09:02:01] INFO: Writing conf to disk...
# [2024-04-24 09:02:01] INFO: writeconf_nersc: Writing NERSC configuration ./conf_s060t20_b0706200_a_U000426500
# [2024-04-24 09:02:04] INFO: Calculated checksum: cbd118a7
# [2024-04-24 09:02:11] INFO: Calculated checksum: 14563dfa
# [2024-04-24 09:02:11] INFO: Writing RNGSTATE file: ./rand_s060t20_b0706200_a_U000426500
# [2024-04-24 09:02:11] INFO: Writing to disk took 9.9596 seconds
# [2024-04-24 09:02:11] INFO: ======================================================================
# [2024-04-24 09:02:11] INFO: Start sweeping...
# [2024-04-24 09:09:03] INFO: It took 411.554 seconds to do 500 HBOR sweeps.
# [2024-04-24 09:09:03] INFO: Plaquette = 0.675191
# [2024-04-24 09:09:03] INFO: Polyakov loop = (0.00383628,-0.000713288)
# [2024-04-24 09:09:03] INFO: Writing conf to disk...
# [2024-04-24 09:09:03] INFO: writeconf_nersc: Writing NERSC configuration ./conf_s060t20_b0706200_a_U000427000
# [2024-04-24 09:09:06] INFO: Calculated checksum: bf786bea
# [2024-04-24 09:09:12] INFO: Calculated checksum: 2e65765e
# [2024-04-24 09:09:12] INFO: Writing RNGSTATE file: ./rand_s060t20_b0706200_a_U000427000
# [2024-04-24 09:09:13] INFO: Writing to disk took 9.7693 seconds
# [2024-04-24 09:09:13] INFO: ======================================================================
# [2024-04-24 09:09:13] INFO: Start sweeping...
# [2024-04-24 09:16:04] INFO: It took 411.235 seconds to do 500 HBOR sweeps.
# [2024-04-24 09:16:04] INFO: Plaquette = 0.675173
# [2024-04-24 09:16:04] INFO: Polyakov loop = (0.00415073,-0.000682448)
# [2024-04-24 09:16:04] INFO: Writing conf to disk...
# [2024-04-24 09:16:04] INFO: writeconf_nersc: Writing NERSC configuration ./conf_s060t20_b0706200_a_U000427500
# [2024-04-24 09:16:07] INFO: Calculated checksum: be304b3a
# [2024-04-24 09:16:14] INFO: Calculated checksum: 737db216
# [2024-04-24 09:16:14] INFO: Writing RNGSTATE file: ./rand_s060t20_b0706200_a_U000427500
# [2024-04-24 09:16:14] INFO: Writing to disk took 10.2348 seconds
# [2024-04-24 09:16:14] INFO: ======================================================================
# [2024-04-24 09:16:14] INFO: Start sweeping...
# [2024-04-24 09:23:06] INFO: It took 411.747 seconds to do 500 HBOR sweeps.
# [2024-04-24 09:23:06] INFO: Plaquette = 0.675234
# [2024-04-24 09:23:06] INFO: Polyakov loop = (0.00411705,0.000954683)
# [2024-04-24 09:23:06] INFO: Writing conf to disk...
# [2024-04-24 09:23:06] INFO: writeconf_nersc: Writing NERSC configuration ./conf_s060t20_b0706200_a_U000428000
# [2024-04-24 09:23:09] INFO: Calculated checksum: 9bcbedaf
# [2024-04-24 09:23:15] INFO: Calculated checksum: bae3841f
# [2024-04-24 09:23:15] INFO: Writing RNGSTATE file: ./rand_s060t20_b0706200_a_U000428000
# [2024-04-24 09:23:16] INFO: Writing to disk took 9.79857 seconds
# [2024-04-24 09:23:16] INFO: ======================================================================
# [2024-04-24 09:23:16] INFO: Start sweeping...
# [2024-04-24 09:30:07] INFO: It took 411.036 seconds to do 500 HBOR sweeps.
# [2024-04-24 09:30:07] INFO: Plaquette = 0.675205
# [2024-04-24 09:30:07] INFO: Polyakov loop = (0.0051999,-0.000552014)
# [2024-04-24 09:30:07] INFO: Writing conf to disk...
# [2024-04-24 09:30:07] INFO: writeconf_nersc: Writing NERSC configuration ./conf_s060t20_b0706200_a_U000428500
# [2024-04-24 09:30:10] INFO: Calculated checksum: f7c00c2d
# [2024-04-24 09:30:16] INFO: Calculated checksum: 482432da
# [2024-04-24 09:30:16] INFO: Writing RNGSTATE file: ./rand_s060t20_b0706200_a_U000428500
# [2024-04-24 09:30:17] INFO: Writing to disk took 9.97333 seconds
# [2024-04-24 09:30:17] INFO: ======================================================================
# [2024-04-24 09:30:17] INFO: Start sweeping...
# [2024-04-24 09:37:07] INFO: It took 410.708 seconds to do 500 HBOR sweeps.
# [2024-04-24 09:37:08] INFO: Plaquette = 0.675124
# [2024-04-24 09:37:08] INFO: Polyakov loop = (0.00488505,0.000361898)
# [2024-04-24 09:37:08] INFO: Writing conf to disk...
# [2024-04-24 09:37:08] INFO: writeconf_nersc: Writing NERSC configuration ./conf_s060t20_b0706200_a_U000429000
# [2024-04-24 09:37:10] INFO: Calculated checksum: d10ad6be
# [2024-04-24 09:37:18] INFO: Calculated checksum: 21dceedd
# [2024-04-24 09:37:18] INFO: Writing RNGSTATE file: ./rand_s060t20_b0706200_a_U000429000
# [2024-04-24 09:37:19] INFO: Writing to disk took 11.1261 seconds
# [2024-04-24 09:37:19] INFO: ======================================================================
# [2024-04-24 09:37:19] INFO: Start sweeping...
# [2024-04-24 09:44:11] INFO: It took 411.83 seconds to do 500 HBOR sweeps.
# [2024-04-24 09:44:11] INFO: Plaquette = 0.675276
# [2024-04-24 09:44:11] INFO: Polyakov loop = (0.00370743,0.000715524)
# [2024-04-24 09:44:11] INFO: Writing conf to disk...
# [2024-04-24 09:44:11] INFO: writeconf_nersc: Writing NERSC configuration ./conf_s060t20_b0706200_a_U000429500
# [2024-04-24 09:44:13] INFO: Calculated checksum: ca4418b
# [2024-04-24 09:44:20] INFO: Calculated checksum: 4ad311c4
# [2024-04-24 09:44:20] INFO: Writing RNGSTATE file: ./rand_s060t20_b0706200_a_U000429500
# [2024-04-24 09:44:21] INFO: Writing to disk took 9.92641 seconds
# [2024-04-24 09:44:21] INFO: ======================================================================
# [2024-04-24 09:44:21] INFO: Start sweeping...
# [2024-04-24 09:51:12] INFO: It took 411.264 seconds to do 500 HBOR sweeps.
# [2024-04-24 09:51:12] INFO: Plaquette = 0.675075
# [2024-04-24 09:51:12] INFO: Polyakov loop = (0.00501696,-0.000585549)
# [2024-04-24 09:51:12] INFO: Writing conf to disk...
# [2024-04-24 09:51:12] INFO: writeconf_nersc: Writing NERSC configuration ./conf_s060t20_b0706200_a_U000430000
# [2024-04-24 09:51:15] INFO: Calculated checksum: 348a1ba9
# [2024-04-24 09:51:22] INFO: Calculated checksum: cee7f271
# [2024-04-24 09:51:22] INFO: Writing RNGSTATE file: ./rand_s060t20_b0706200_a_U000430000
# [2024-04-24 09:51:22] INFO: Writing to disk took 9.97594 seconds
# [2024-04-24 09:51:22] INFO: ======================================================================
# [2024-04-24 09:51:22] INFO: Start sweeping...
# [2024-04-24 09:58:13] INFO: It took 411.504 seconds to do 500 HBOR sweeps.
# [2024-04-24 09:58:13] INFO: Plaquette = 0.675151
# [2024-04-24 09:58:13] INFO: Polyakov loop = (0.00478924,8.01714e-06)
# [2024-04-24 09:58:13] INFO: Writing conf to disk...
# [2024-04-24 09:58:13] INFO: writeconf_nersc: Writing NERSC configuration ./conf_s060t20_b0706200_a_U000430500
# [2024-04-24 09:58:16] INFO: Calculated checksum: 6825a4d4
# [2024-04-24 09:58:25] INFO: Calculated checksum: 6e9865f7
# [2024-04-24 09:58:25] INFO: Writing RNGSTATE file: ./rand_s060t20_b0706200_a_U000430500
# [2024-04-24 09:58:25] INFO: Writing to disk took 11.5301 seconds
# [2024-04-24 09:58:25] INFO: ======================================================================
# [2024-04-24 09:58:25] INFO: Start sweeping...
# [2024-04-24 10:05:16] INFO: It took 411.421 seconds to do 500 HBOR sweeps.
# [2024-04-24 10:05:17] INFO: Plaquette = 0.675121
# [2024-04-24 10:05:17] INFO: Polyakov loop = (0.00624501,0.000366972)
# [2024-04-24 10:05:17] INFO: Writing conf to disk...
# [2024-04-24 10:05:17] INFO: writeconf_nersc: Writing NERSC configuration ./conf_s060t20_b0706200_a_U000431000
# [2024-04-24 10:05:19] INFO: Calculated checksum: 83747960
# [2024-04-24 10:05:28] INFO: Calculated checksum: 2504480c
# [2024-04-24 10:05:28] INFO: Writing RNGSTATE file: ./rand_s060t20_b0706200_a_U000431000
# [2024-04-24 10:05:28] INFO: Writing to disk took 11.8302 seconds
# [2024-04-24 10:05:28] INFO: ======================================================================
# [2024-04-24 10:05:28] INFO: Start sweeping...
# [2024-04-24 10:12:20] INFO: It took 411.166 seconds to do 500 HBOR sweeps.
# [2024-04-24 10:12:20] INFO: Plaquette = 0.675245
# [2024-04-24 10:12:20] INFO: Polyakov loop = (0.00496871,-0.000163245)
# [2024-04-24 10:12:20] INFO: Writing conf to disk...
# [2024-04-24 10:12:20] INFO: writeconf_nersc: Writing NERSC configuration ./conf_s060t20_b0706200_a_U000431500
# [2024-04-24 10:12:22] INFO: Calculated checksum: a032b034
# [2024-04-24 10:12:30] INFO: Calculated checksum: 5811d699
# [2024-04-24 10:12:30] INFO: Writing RNGSTATE file: ./rand_s060t20_b0706200_a_U000431500
# [2024-04-24 10:12:30] INFO: Writing to disk took 10.2359 seconds
# [2024-04-24 10:12:30] INFO: ======================================================================
# [2024-04-24 10:12:30] INFO: Start sweeping...
# [2024-04-24 10:19:21] INFO: It took 411.278 seconds to do 500 HBOR sweeps.
# [2024-04-24 10:19:21] INFO: Plaquette = 0.675189
# [2024-04-24 10:19:21] INFO: Polyakov loop = (0.00478004,0.000453478)
# [2024-04-24 10:19:21] INFO: Writing conf to disk...
# [2024-04-24 10:19:21] INFO: writeconf_nersc: Writing NERSC configuration ./conf_s060t20_b0706200_a_U000432000
# [2024-04-24 10:19:24] INFO: Calculated checksum: f2694a98
# [2024-04-24 10:19:31] INFO: Calculated checksum: aeea5ac6
# [2024-04-24 10:19:31] INFO: Writing RNGSTATE file: ./rand_s060t20_b0706200_a_U000432000
# [2024-04-24 10:19:32] INFO: Writing to disk took 10.4729 seconds
# [2024-04-24 10:19:32] INFO: ======================================================================
# [2024-04-24 10:19:32] INFO: Start sweeping...
# [2024-04-24 10:26:23] INFO: It took 411.372 seconds to do 500 HBOR sweeps.
# [2024-04-24 10:26:23] INFO: Plaquette = 0.675136
# [2024-04-24 10:26:23] INFO: Polyakov loop = (0.00493037,-0.000533775)
# [2024-04-24 10:26:23] INFO: Writing conf to disk...
# [2024-04-24 10:26:23] INFO: writeconf_nersc: Writing NERSC configuration ./conf_s060t20_b0706200_a_U000432500
# [2024-04-24 10:26:26] INFO: Calculated checksum: 8b7aea47
# [2024-04-24 10:26:36] INFO: Calculated checksum: dccc9895
# [2024-04-24 10:26:36] INFO: Writing RNGSTATE file: ./rand_s060t20_b0706200_a_U000432500
# [2024-04-24 10:26:37] INFO: Writing to disk took 13.903 seconds
# [2024-04-24 10:26:37] INFO: ======================================================================
# [2024-04-24 10:26:37] INFO: Start sweeping...
# [2024-04-24 10:33:28] INFO: It took 411.329 seconds to do 500 HBOR sweeps.
# [2024-04-24 10:33:28] INFO: Plaquette = 0.675147
# [2024-04-24 10:33:28] INFO: Polyakov loop = (0.00443302,-1.12681e-06)
# [2024-04-24 10:33:28] INFO: Writing conf to disk...
# [2024-04-24 10:33:28] INFO: writeconf_nersc: Writing NERSC configuration ./conf_s060t20_b0706200_a_U000433000
# [2024-04-24 10:33:31] INFO: Calculated checksum: 197dfb1
# [2024-04-24 10:33:38] INFO: Calculated checksum: 8de6f077
# [2024-04-24 10:33:38] INFO: Writing RNGSTATE file: ./rand_s060t20_b0706200_a_U000433000
# [2024-04-24 10:33:38] INFO: Writing to disk took 10.0628 seconds
# [2024-04-24 10:33:38] INFO: ======================================================================
# [2024-04-24 10:33:38] INFO: Start sweeping...
# [2024-04-24 10:40:30] INFO: It took 411.329 seconds to do 500 HBOR sweeps.
# [2024-04-24 10:40:30] INFO: Plaquette = 0.675095
# [2024-04-24 10:40:30] INFO: Polyakov loop = (0.00632805,0.000562378)
# [2024-04-24 10:40:30] INFO: Writing conf to disk...
# [2024-04-24 10:40:30] INFO: writeconf_nersc: Writing NERSC configuration ./conf_s060t20_b0706200_a_U000433500
# [2024-04-24 10:40:33] INFO: Calculated checksum: cd54172f
# [2024-04-24 10:40:47] INFO: Calculated checksum: ad20a17d
# [2024-04-24 10:40:47] INFO: Writing RNGSTATE file: ./rand_s060t20_b0706200_a_U000433500
# [2024-04-24 10:40:47] INFO: Writing to disk took 17.6459 seconds
# [2024-04-24 10:40:47] INFO: ======================================================================
# [2024-04-24 10:40:47] INFO: Start sweeping...
# [2024-04-24 10:47:39] INFO: It took 411.238 seconds to do 500 HBOR sweeps.
# [2024-04-24 10:47:39] INFO: Plaquette = 0.675078
# [2024-04-24 10:47:39] INFO: Polyakov loop = (0.00440409,0.000256798)
# [2024-04-24 10:47:39] INFO: Writing conf to disk...
# [2024-04-24 10:47:39] INFO: writeconf_nersc: Writing NERSC configuration ./conf_s060t20_b0706200_a_U000434000
# [2024-04-24 10:47:42] INFO: Calculated checksum: 717d4ccb
# [2024-04-24 10:47:50] INFO: Calculated checksum: 198ac0d6
# [2024-04-24 10:47:50] INFO: Writing RNGSTATE file: ./rand_s060t20_b0706200_a_U000434000
# [2024-04-24 10:47:51] INFO: Writing to disk took 11.7187 seconds
# [2024-04-24 10:47:51] INFO: ======================================================================
# [2024-04-24 10:47:51] INFO: Start sweeping...
# [2024-04-24 10:54:42] INFO: It took 411.429 seconds to do 500 HBOR sweeps.
# [2024-04-24 10:54:42] INFO: Plaquette = 0.675199
# [2024-04-24 10:54:42] INFO: Polyakov loop = (0.00449142,-3.2269e-05)
# [2024-04-24 10:54:42] INFO: Writing conf to disk...
# [2024-04-24 10:54:42] INFO: writeconf_nersc: Writing NERSC configuration ./conf_s060t20_b0706200_a_U000434500
# [2024-04-24 10:54:45] INFO: Calculated checksum: b4e6ac14
# [2024-04-24 10:54:52] INFO: Calculated checksum: eefdeb22
# [2024-04-24 10:54:52] INFO: Writing RNGSTATE file: ./rand_s060t20_b0706200_a_U000434500
# [2024-04-24 10:54:52] INFO: Writing to disk took 9.92659 seconds
# [2024-04-24 10:54:52] INFO: ======================================================================
# [2024-04-24 10:54:52] INFO: Start sweeping...
# [2024-04-24 11:01:43] INFO: It took 411.283 seconds to do 500 HBOR sweeps.
# [2024-04-24 11:01:43] INFO: Plaquette = 0.675161
# [2024-04-24 11:01:43] INFO: Polyakov loop = (0.00540366,-0.000128517)
# [2024-04-24 11:01:43] INFO: Writing conf to disk...
# [2024-04-24 11:01:43] INFO: writeconf_nersc: Writing NERSC configuration ./conf_s060t20_b0706200_a_U000435000
# [2024-04-24 11:01:46] INFO: Calculated checksum: 4d25cfb7
# [2024-04-24 11:01:54] INFO: Calculated checksum: 47d2f73f
# [2024-04-24 11:01:54] INFO: Writing RNGSTATE file: ./rand_s060t20_b0706200_a_U000435000
# [2024-04-24 11:01:54] INFO: Writing to disk took 10.7909 seconds
# [2024-04-24 11:01:54] INFO: ======================================================================
# [2024-04-24 11:01:54] INFO: Start sweeping...
# [2024-04-24 11:08:45] INFO: It took 411.27 seconds to do 500 HBOR sweeps.
# [2024-04-24 11:08:45] INFO: Plaquette = 0.675113
# [2024-04-24 11:08:45] INFO: Polyakov loop = (0.00417023,-0.000715299)
# [2024-04-24 11:08:45] INFO: Writing conf to disk...
# [2024-04-24 11:08:45] INFO: writeconf_nersc: Writing NERSC configuration ./conf_s060t20_b0706200_a_U000435500
# [2024-04-24 11:08:48] INFO: Calculated checksum: 44d9aaae
# [2024-04-24 11:08:55] INFO: Calculated checksum: 7b7570c2
# [2024-04-24 11:08:55] INFO: Writing RNGSTATE file: ./rand_s060t20_b0706200_a_U000435500
# [2024-04-24 11:08:55] INFO: Writing to disk took 9.75479 seconds
# [2024-04-24 11:08:55] INFO: ======================================================================
# [2024-04-24 11:08:55] INFO: Start sweeping...
# [2024-04-24 11:15:47] INFO: It took 411.39 seconds to do 500 HBOR sweeps.
# [2024-04-24 11:15:47] INFO: Plaquette = 0.675155
# [2024-04-24 11:15:47] INFO: Polyakov loop = (0.0037318,9.56951e-05)
# [2024-04-24 11:15:47] INFO: Writing conf to disk...
# [2024-04-24 11:15:47] INFO: writeconf_nersc: Writing NERSC configuration ./conf_s060t20_b0706200_a_U000436000
# [2024-04-24 11:15:49] INFO: Calculated checksum: 1bee823b
# [2024-04-24 11:16:03] INFO: Calculated checksum: fd880301
# [2024-04-24 11:16:03] INFO: Writing RNGSTATE file: ./rand_s060t20_b0706200_a_U000436000
# [2024-04-24 11:16:03] INFO: Writing to disk took 16.5647 seconds
# [2024-04-24 11:16:03] INFO: ======================================================================
# [2024-04-24 11:16:03] INFO: Start sweeping...
# [2024-04-24 11:22:55] INFO: It took 411.361 seconds to do 500 HBOR sweeps.
# [2024-04-24 11:22:55] INFO: Plaquette = 0.675153
# [2024-04-24 11:22:55] INFO: Polyakov loop = (0.00406513,-0.000365459)
# [2024-04-24 11:22:55] INFO: Writing conf to disk...
# [2024-04-24 11:22:55] INFO: writeconf_nersc: Writing NERSC configuration ./conf_s060t20_b0706200_a_U000436500
# [2024-04-24 11:22:58] INFO: Calculated checksum: dd89e122
# [2024-04-24 11:23:08] INFO: Calculated checksum: 6a23ee00
# [2024-04-24 11:23:08] INFO: Writing RNGSTATE file: ./rand_s060t20_b0706200_a_U000436500
# [2024-04-24 11:23:08] INFO: Writing to disk took 13.8328 seconds
# [2024-04-24 11:23:08] INFO: ======================================================================
# [2024-04-24 11:23:08] INFO: Start sweeping...
# [2024-04-24 11:30:00] INFO: It took 411.242 seconds to do 500 HBOR sweeps.
# [2024-04-24 11:30:00] INFO: Plaquette = 0.675147
# [2024-04-24 11:30:00] INFO: Polyakov loop = (0.00557859,-0.000674067)
# [2024-04-24 11:30:00] INFO: Writing conf to disk...
# [2024-04-24 11:30:00] INFO: writeconf_nersc: Writing NERSC configuration ./conf_s060t20_b0706200_a_U000437000
# [2024-04-24 11:30:03] INFO: Calculated checksum: 6ffef77
# [2024-04-24 11:30:17] INFO: Calculated checksum: 59438e2d
# [2024-04-24 11:30:17] INFO: Writing RNGSTATE file: ./rand_s060t20_b0706200_a_U000437000
# [2024-04-24 11:30:18] INFO: Writing to disk took 17.8049 seconds
# [2024-04-24 11:30:18] INFO: ======================================================================
# [2024-04-24 11:30:18] INFO: Start sweeping...
# [2024-04-24 11:37:09] INFO: It took 411.278 seconds to do 500 HBOR sweeps.
# [2024-04-24 11:37:09] INFO: Plaquette = 0.675199
# [2024-04-24 11:37:09] INFO: Polyakov loop = (0.00419894,2.32516e-05)
# [2024-04-24 11:37:09] INFO: Writing conf to disk...
# [2024-04-24 11:37:09] INFO: writeconf_nersc: Writing NERSC configuration ./conf_s060t20_b0706200_a_U000437500
# [2024-04-24 11:37:12] INFO: Calculated checksum: 8399d375
# [2024-04-24 11:37:20] INFO: Calculated checksum: 5e366000
# [2024-04-24 11:37:20] INFO: Writing RNGSTATE file: ./rand_s060t20_b0706200_a_U000437500
# [2024-04-24 11:37:20] INFO: Writing to disk took 11.5913 seconds
# [2024-04-24 11:37:20] INFO: ======================================================================
# [2024-04-24 11:37:20] INFO: Start sweeping...
# [2024-04-24 11:44:12] INFO: It took 411.592 seconds to do 500 HBOR sweeps.
# [2024-04-24 11:44:12] INFO: Plaquette = 0.675251
# [2024-04-24 11:44:12] INFO: Polyakov loop = (0.00409825,0.000286384)
# [2024-04-24 11:44:12] INFO: Writing conf to disk...
# [2024-04-24 11:44:12] INFO: writeconf_nersc: Writing NERSC configuration ./conf_s060t20_b0706200_a_U000438000
# [2024-04-24 11:44:15] INFO: Calculated checksum: 36aac0
# [2024-04-24 11:44:24] INFO: Calculated checksum: eb1bc262
# [2024-04-24 11:44:24] INFO: Writing RNGSTATE file: ./rand_s060t20_b0706200_a_U000438000
# [2024-04-24 11:44:24] INFO: Writing to disk took 12.1666 seconds
# [2024-04-24 11:44:24] INFO: ======================================================================
# [2024-04-24 11:44:24] INFO: Start sweeping...
# [2024-04-24 11:51:16] INFO: It took 411.443 seconds to do 500 HBOR sweeps.
# [2024-04-24 11:51:16] INFO: Plaquette = 0.675175
# [2024-04-24 11:51:16] INFO: Polyakov loop = (0.00571895,-0.000252478)
# [2024-04-24 11:51:16] INFO: Writing conf to disk...
# [2024-04-24 11:51:16] INFO: writeconf_nersc: Writing NERSC configuration ./conf_s060t20_b0706200_a_U000438500
# [2024-04-24 11:51:19] INFO: Calculated checksum: 641e4b76
# [2024-04-24 11:51:27] INFO: Calculated checksum: 61b28fba
# [2024-04-24 11:51:27] INFO: Writing RNGSTATE file: ./rand_s060t20_b0706200_a_U000438500
# [2024-04-24 11:51:27] INFO: Writing to disk took 11.3446 seconds
# [2024-04-24 11:51:27] INFO: ======================================================================
# [2024-04-24 11:51:27] INFO: Start sweeping...
# [2024-04-24 11:58:18] INFO: It took 411.207 seconds to do 500 HBOR sweeps.
# [2024-04-24 11:58:18] INFO: Plaquette = 0.675256
# [2024-04-24 11:58:18] INFO: Polyakov loop = (0.00427954,0.000212519)
# [2024-04-24 11:58:18] INFO: Writing conf to disk...
# [2024-04-24 11:58:18] INFO: writeconf_nersc: Writing NERSC configuration ./conf_s060t20_b0706200_a_U000439000
# [2024-04-24 11:58:21] INFO: Calculated checksum: 4aebf312
# [2024-04-24 11:58:38] INFO: Calculated checksum: 2be5419f
# [2024-04-24 11:58:38] INFO: Writing RNGSTATE file: ./rand_s060t20_b0706200_a_U000439000
# [2024-04-24 11:58:38] INFO: Writing to disk took 19.7564 seconds
# [2024-04-24 11:58:38] INFO: ======================================================================
# [2024-04-24 11:58:38] INFO: Start sweeping...
# [2024-04-24 12:05:32] INFO: It took 413.97 seconds to do 500 HBOR sweeps.
# [2024-04-24 12:05:32] INFO: Plaquette = 0.675173
# [2024-04-24 12:05:32] INFO: Polyakov loop = (0.0040767,0.00121806)
# [2024-04-24 12:05:32] INFO: Writing conf to disk...
# [2024-04-24 12:05:32] INFO: writeconf_nersc: Writing NERSC configuration ./conf_s060t20_b0706200_a_U000439500
# [2024-04-24 12:05:35] INFO: Calculated checksum: 611f7384
# [2024-04-24 12:05:47] INFO: Calculated checksum: 7447a93d
# [2024-04-24 12:05:47] INFO: Writing RNGSTATE file: ./rand_s060t20_b0706200_a_U000439500
# [2024-04-24 12:05:48] INFO: Writing to disk took 15.2937 seconds
# [2024-04-24 12:05:48] INFO: ======================================================================
# [2024-04-24 12:05:48] INFO: Start sweeping...
# [2024-04-24 12:12:39] INFO: It took 411.316 seconds to do 500 HBOR sweeps.
# [2024-04-24 12:12:39] INFO: Plaquette = 0.67523
# [2024-04-24 12:12:39] INFO: Polyakov loop = (0.00476281,-0.000128836)
# [2024-04-24 12:12:39] INFO: Writing conf to disk...
# [2024-04-24 12:12:39] INFO: writeconf_nersc: Writing NERSC configuration ./conf_s060t20_b0706200_a_U000440000
# [2024-04-24 12:12:42] INFO: Calculated checksum: b83ff4ef
# [2024-04-24 12:12:54] INFO: Calculated checksum: 748dd1c6
# [2024-04-24 12:12:54] INFO: Writing RNGSTATE file: ./rand_s060t20_b0706200_a_U000440000
# [2024-04-24 12:12:54] INFO: Writing to disk took 15.0144 seconds
# [2024-04-24 12:12:54] INFO: ======================================================================
# [2024-04-24 12:12:54] INFO: Start sweeping...
# [2024-04-24 12:19:45] INFO: It took 411.238 seconds to do 500 HBOR sweeps.
# [2024-04-24 12:19:45] INFO: Plaquette = 0.675038
# [2024-04-24 12:19:45] INFO: Polyakov loop = (0.00416749,0.000269168)
# [2024-04-24 12:19:45] INFO: Writing conf to disk...
# [2024-04-24 12:19:45] INFO: writeconf_nersc: Writing NERSC configuration ./conf_s060t20_b0706200_a_U000440500
# [2024-04-24 12:19:48] INFO: Calculated checksum: 14ec20f9
# [2024-04-24 12:19:56] INFO: Calculated checksum: aec6c677
# [2024-04-24 12:19:57] INFO: Writing RNGSTATE file: ./rand_s060t20_b0706200_a_U000440500
# [2024-04-24 12:19:59] INFO: Writing to disk took 13.7574 seconds
# [2024-04-24 12:19:59] INFO: ======================================================================
# [2024-04-24 12:19:59] INFO: Start sweeping...
# [2024-04-24 12:26:51] INFO: It took 411.744 seconds to do 500 HBOR sweeps.
# [2024-04-24 12:26:51] INFO: Plaquette = 0.675247
# [2024-04-24 12:26:51] INFO: Polyakov loop = (0.00481585,-0.000345125)
# [2024-04-24 12:26:51] INFO: Writing conf to disk...
# [2024-04-24 12:26:51] INFO: writeconf_nersc: Writing NERSC configuration ./conf_s060t20_b0706200_a_U000441000
# [2024-04-24 12:26:54] INFO: Calculated checksum: 7a8a2949
# [2024-04-24 12:27:07] INFO: Calculated checksum: 53c9b931
# [2024-04-24 12:27:07] INFO: Writing RNGSTATE file: ./rand_s060t20_b0706200_a_U000441000
# [2024-04-24 12:27:08] INFO: Writing to disk took 16.8796 seconds
# [2024-04-24 12:27:08] INFO: ======================================================================
# [2024-04-24 12:27:08] INFO: Start sweeping...
# [2024-04-24 12:33:59] INFO: It took 410.875 seconds to do 500 HBOR sweeps.
# [2024-04-24 12:33:59] INFO: Plaquette = 0.675101
# [2024-04-24 12:33:59] INFO: Polyakov loop = (0.00466765,0.000272845)
# [2024-04-24 12:33:59] INFO: Writing conf to disk...
# [2024-04-24 12:33:59] INFO: writeconf_nersc: Writing NERSC configuration ./conf_s060t20_b0706200_a_U000441500
# [2024-04-24 12:34:02] INFO: Calculated checksum: a886f888
# [2024-04-24 12:34:10] INFO: Calculated checksum: 6bc876b
# [2024-04-24 12:34:10] INFO: Writing RNGSTATE file: ./rand_s060t20_b0706200_a_U000441500
# [2024-04-24 12:34:11] INFO: Writing to disk took 12.0264 seconds
# [2024-04-24 12:34:11] INFO: ======================================================================
# [2024-04-24 12:34:11] INFO: Start sweeping...
# [2024-04-24 12:41:02] INFO: It took 411.252 seconds to do 500 HBOR sweeps.
# [2024-04-24 12:41:02] INFO: Plaquette = 0.675077
# [2024-04-24 12:41:02] INFO: Polyakov loop = (0.00409718,-7.9377e-05)
# [2024-04-24 12:41:02] INFO: Writing conf to disk...
# [2024-04-24 12:41:02] INFO: writeconf_nersc: Writing NERSC configuration ./conf_s060t20_b0706200_a_U000442000
# [2024-04-24 12:41:05] INFO: Calculated checksum: 76ee2d93
# [2024-04-24 12:41:12] INFO: Calculated checksum: 4f5a0fa8
# [2024-04-24 12:41:12] INFO: Writing RNGSTATE file: ./rand_s060t20_b0706200_a_U000442000
# [2024-04-24 12:41:12] INFO: Writing to disk took 10.2103 seconds
# [2024-04-24 12:41:12] INFO: ======================================================================
# [2024-04-24 12:41:12] INFO: Start sweeping...
# [2024-04-24 12:48:04] INFO: It took 411.468 seconds to do 500 HBOR sweeps.
# [2024-04-24 12:48:04] INFO: Plaquette = 0.675203
# [2024-04-24 12:48:04] INFO: Polyakov loop = (0.00425367,0.000524599)
# [2024-04-24 12:48:04] INFO: Writing conf to disk...
# [2024-04-24 12:48:04] INFO: writeconf_nersc: Writing NERSC configuration ./conf_s060t20_b0706200_a_U000442500
# [2024-04-24 12:48:07] INFO: Calculated checksum: 812d7dcd
# [2024-04-24 12:48:22] INFO: Calculated checksum: d2ee6cf9
# [2024-04-24 12:48:22] INFO: Writing RNGSTATE file: ./rand_s060t20_b0706200_a_U000442500
# [2024-04-24 12:48:23] INFO: Writing to disk took 19.2908 seconds
# [2024-04-24 12:48:23] INFO: ======================================================================
# [2024-04-24 12:48:23] INFO: Start sweeping...
# [2024-04-24 12:55:14] INFO: It took 411.296 seconds to do 500 HBOR sweeps.
# [2024-04-24 12:55:14] INFO: Plaquette = 0.675208
# [2024-04-24 12:55:14] INFO: Polyakov loop = (0.00395298,0.000857216)
# [2024-04-24 12:55:14] INFO: Writing conf to disk...
# [2024-04-24 12:55:14] INFO: writeconf_nersc: Writing NERSC configuration ./conf_s060t20_b0706200_a_U000443000
# [2024-04-24 12:55:17] INFO: Calculated checksum: 75ea5990
# [2024-04-24 12:55:25] INFO: Calculated checksum: d4037e5b
# [2024-04-24 12:55:25] INFO: Writing RNGSTATE file: ./rand_s060t20_b0706200_a_U000443000
# [2024-04-24 12:55:26] INFO: Writing to disk took 11.2283 seconds
# [2024-04-24 12:55:26] INFO: ======================================================================
# [2024-04-24 12:55:26] INFO: Start sweeping...
# [2024-04-24 13:02:17] INFO: It took 411.163 seconds to do 500 HBOR sweeps.
# [2024-04-24 13:02:17] INFO: Plaquette = 0.675232
# [2024-04-24 13:02:17] INFO: Polyakov loop = (0.00492177,4.51181e-05)
# [2024-04-24 13:02:17] INFO: Writing conf to disk...
# [2024-04-24 13:02:17] INFO: writeconf_nersc: Writing NERSC configuration ./conf_s060t20_b0706200_a_U000443500
# [2024-04-24 13:02:20] INFO: Calculated checksum: edf78550
# [2024-04-24 13:02:34] INFO: Calculated checksum: b65c4bf2
# [2024-04-24 13:02:34] INFO: Writing RNGSTATE file: ./rand_s060t20_b0706200_a_U000443500
# [2024-04-24 13:02:34] INFO: Writing to disk took 17.3523 seconds
# [2024-04-24 13:02:34] INFO: ======================================================================
# [2024-04-24 13:02:34] INFO: Start sweeping...
# [2024-04-24 13:09:26] INFO: It took 411.502 seconds to do 500 HBOR sweeps.
# [2024-04-24 13:09:26] INFO: Plaquette = 0.675078
# [2024-04-24 13:09:26] INFO: Polyakov loop = (0.00462251,0.000860523)
# [2024-04-24 13:09:26] INFO: Writing conf to disk...
# [2024-04-24 13:09:26] INFO: writeconf_nersc: Writing NERSC configuration ./conf_s060t20_b0706200_a_U000444000
# [2024-04-24 13:09:29] INFO: Calculated checksum: 578d4d6b
# [2024-04-24 13:09:44] INFO: Calculated checksum: f76af431
# [2024-04-24 13:09:44] INFO: Writing RNGSTATE file: ./rand_s060t20_b0706200_a_U000444000
# [2024-04-24 13:09:44] INFO: Writing to disk took 18.2722 seconds
# [2024-04-24 13:09:44] INFO: ======================================================================
# [2024-04-24 13:09:44] INFO: Start sweeping...
# [2024-04-24 13:16:35] INFO: It took 411.022 seconds to do 500 HBOR sweeps.
# [2024-04-24 13:16:35] INFO: Plaquette = 0.675148
# [2024-04-24 13:16:35] INFO: Polyakov loop = (0.00403695,-0.000500713)
# [2024-04-24 13:16:35] INFO: Writing conf to disk...
# [2024-04-24 13:16:35] INFO: writeconf_nersc: Writing NERSC configuration ./conf_s060t20_b0706200_a_U000444500
# [2024-04-24 13:16:38] INFO: Calculated checksum: 6c4e47ee
# [2024-04-24 13:16:46] INFO: Calculated checksum: a1b509a3
# [2024-04-24 13:16:46] INFO: Writing RNGSTATE file: ./rand_s060t20_b0706200_a_U000444500
# [2024-04-24 13:16:46] INFO: Writing to disk took 10.5649 seconds
# [2024-04-24 13:16:46] INFO: ======================================================================
# [2024-04-24 13:16:46] INFO: Start sweeping...
# [2024-04-24 13:23:37] INFO: It took 411.45 seconds to do 500 HBOR sweeps.
# [2024-04-24 13:23:37] INFO: Plaquette = 0.67519
# [2024-04-24 13:23:37] INFO: Polyakov loop = (0.00404739,0.000303406)
# [2024-04-24 13:23:37] INFO: Writing conf to disk...
# [2024-04-24 13:23:37] INFO: writeconf_nersc: Writing NERSC configuration ./conf_s060t20_b0706200_a_U000445000
# [2024-04-24 13:23:40] INFO: Calculated checksum: 9b1062e0
# [2024-04-24 13:23:48] INFO: Calculated checksum: eca1cbec
# [2024-04-24 13:23:48] INFO: Writing RNGSTATE file: ./rand_s060t20_b0706200_a_U000445000
# [2024-04-24 13:23:49] INFO: Writing to disk took 11.3953 seconds
# [2024-04-24 13:23:49] INFO: ======================================================================
# [2024-04-24 13:23:49] INFO: Start sweeping...
# [2024-04-24 13:30:40] INFO: It took 411.365 seconds to do 500 HBOR sweeps.
# [2024-04-24 13:30:40] INFO: Plaquette = 0.675125
# [2024-04-24 13:30:40] INFO: Polyakov loop = (0.00419564,0.00098391)
# [2024-04-24 13:30:40] INFO: Writing conf to disk...
# [2024-04-24 13:30:40] INFO: writeconf_nersc: Writing NERSC configuration ./conf_s060t20_b0706200_a_U000445500
# [2024-04-24 13:30:43] INFO: Calculated checksum: 43b1151f
# [2024-04-24 13:30:57] INFO: Calculated checksum: e9f54888
# [2024-04-24 13:30:57] INFO: Writing RNGSTATE file: ./rand_s060t20_b0706200_a_U000445500
# [2024-04-24 13:30:58] INFO: Writing to disk took 18.262 seconds
# [2024-04-24 13:30:58] INFO: ======================================================================
# [2024-04-24 13:30:58] INFO: Start sweeping...
# [2024-04-24 13:37:50] INFO: It took 411.852 seconds to do 500 HBOR sweeps.
# [2024-04-24 13:37:50] INFO: Plaquette = 0.675187
# [2024-04-24 13:37:50] INFO: Polyakov loop = (0.00442935,7.60913e-05)
# [2024-04-24 13:37:50] INFO: Writing conf to disk...
# [2024-04-24 13:37:50] INFO: writeconf_nersc: Writing NERSC configuration ./conf_s060t20_b0706200_a_U000446000
# [2024-04-24 13:37:53] INFO: Calculated checksum: e589ba30
# [2024-04-24 13:38:01] INFO: Calculated checksum: ac0c676e
# [2024-04-24 13:38:01] INFO: Writing RNGSTATE file: ./rand_s060t20_b0706200_a_U000446000
# [2024-04-24 13:38:01] INFO: Writing to disk took 10.8048 seconds
# [2024-04-24 13:38:01] INFO: ======================================================================
# [2024-04-24 13:38:01] INFO: Start sweeping...
# [2024-04-24 13:44:52] INFO: It took 411.354 seconds to do 500 HBOR sweeps.
# [2024-04-24 13:44:53] INFO: Plaquette = 0.67516
# [2024-04-24 13:44:53] INFO: Polyakov loop = (0.00347977,-8.10845e-05)
# [2024-04-24 13:44:53] INFO: Writing conf to disk...
# [2024-04-24 13:44:53] INFO: writeconf_nersc: Writing NERSC configuration ./conf_s060t20_b0706200_a_U000446500
# [2024-04-24 13:44:55] INFO: Calculated checksum: 16583740
# [2024-04-24 13:45:11] INFO: Calculated checksum: d5b4e0c5
# [2024-04-24 13:45:11] INFO: Writing RNGSTATE file: ./rand_s060t20_b0706200_a_U000446500
# [2024-04-24 13:45:11] INFO: Writing to disk took 18.6968 seconds
# [2024-04-24 13:45:11] INFO: ======================================================================
# [2024-04-24 13:45:11] INFO: Start sweeping...
# [2024-04-24 13:52:02] INFO: It took 410.794 seconds to do 500 HBOR sweeps.
# [2024-04-24 13:52:03] INFO: Plaquette = 0.675192
# [2024-04-24 13:52:03] INFO: Polyakov loop = (0.00509396,0.000420618)
# [2024-04-24 13:52:03] INFO: Writing conf to disk...
# [2024-04-24 13:52:03] INFO: writeconf_nersc: Writing NERSC configuration ./conf_s060t20_b0706200_a_U000447000
# [2024-04-24 13:52:06] INFO: Calculated checksum: 571b590d
# [2024-04-24 13:52:22] INFO: Calculated checksum: 204dd31d
# [2024-04-24 13:52:22] INFO: Writing RNGSTATE file: ./rand_s060t20_b0706200_a_U000447000
# [2024-04-24 13:52:23] INFO: Writing to disk took 20.0079 seconds
# [2024-04-24 13:52:23] INFO: ======================================================================
# [2024-04-24 13:52:23] INFO: Start sweeping...
# [2024-04-24 13:59:14] INFO: It took 411.036 seconds to do 500 HBOR sweeps.
# [2024-04-24 13:59:14] INFO: Plaquette = 0.675079
# [2024-04-24 13:59:14] INFO: Polyakov loop = (0.00435696,0.000288602)
# [2024-04-24 13:59:14] INFO: Writing conf to disk...
# [2024-04-24 13:59:14] INFO: writeconf_nersc: Writing NERSC configuration ./conf_s060t20_b0706200_a_U000447500
# [2024-04-24 13:59:17] INFO: Calculated checksum: 2ac8fe59
# [2024-04-24 13:59:29] INFO: Calculated checksum: 821a9aaf
# [2024-04-24 13:59:29] INFO: Writing RNGSTATE file: ./rand_s060t20_b0706200_a_U000447500
# [2024-04-24 13:59:29] INFO: Writing to disk took 15.4061 seconds
# [2024-04-24 13:59:29] INFO: ======================================================================
# [2024-04-24 13:59:29] INFO: Start sweeping...
# [2024-04-24 14:06:20] INFO: It took 411.252 seconds to do 500 HBOR sweeps.
# [2024-04-24 14:06:20] INFO: Plaquette = 0.675202
# [2024-04-24 14:06:20] INFO: Polyakov loop = (0.00427998,5.73957e-05)
# [2024-04-24 14:06:20] INFO: Writing conf to disk...
# [2024-04-24 14:06:20] INFO: writeconf_nersc: Writing NERSC configuration ./conf_s060t20_b0706200_a_U000448000
# [2024-04-24 14:06:23] INFO: Calculated checksum: 68a1a2d4
# [2024-04-24 14:06:42] INFO: Calculated checksum: 1bff2007
# [2024-04-24 14:06:42] INFO: Writing RNGSTATE file: ./rand_s060t20_b0706200_a_U000448000
# [2024-04-24 14:06:43] INFO: Writing to disk took 22.7367 seconds
# [2024-04-24 14:06:43] INFO: ======================================================================
# [2024-04-24 14:06:43] INFO: Start sweeping...
# [2024-04-24 14:13:35] INFO: It took 411.906 seconds to do 500 HBOR sweeps.
# [2024-04-24 14:13:35] INFO: Plaquette = 0.67513
# [2024-04-24 14:13:35] INFO: Polyakov loop = (0.00463616,0.000778383)
# [2024-04-24 14:13:35] INFO: Writing conf to disk...
# [2024-04-24 14:13:35] INFO: writeconf_nersc: Writing NERSC configuration ./conf_s060t20_b0706200_a_U000448500
# [2024-04-24 14:13:38] INFO: Calculated checksum: f851b490
# [2024-04-24 14:13:50] INFO: Calculated checksum: 9efc3305
# [2024-04-24 14:13:50] INFO: Writing RNGSTATE file: ./rand_s060t20_b0706200_a_U000448500
# [2024-04-24 14:13:51] INFO: Writing to disk took 15.6536 seconds
# [2024-04-24 14:13:51] INFO: ======================================================================
# [2024-04-24 14:13:51] INFO: Start sweeping...
# [2024-04-24 14:20:42] INFO: It took 411.248 seconds to do 500 HBOR sweeps.
# [2024-04-24 14:20:42] INFO: Plaquette = 0.675145
# [2024-04-24 14:20:42] INFO: Polyakov loop = (0.00566055,0.000949102)
# [2024-04-24 14:20:42] INFO: Writing conf to disk...
# [2024-04-24 14:20:42] INFO: writeconf_nersc: Writing NERSC configuration ./conf_s060t20_b0706200_a_U000449000
# [2024-04-24 14:20:45] INFO: Calculated checksum: 38b1a8c0
# [2024-04-24 14:20:53] INFO: Calculated checksum: e66e155c
# [2024-04-24 14:20:53] INFO: Writing RNGSTATE file: ./rand_s060t20_b0706200_a_U000449000
# [2024-04-24 14:20:56] INFO: Writing to disk took 13.5775 seconds
# [2024-04-24 14:20:56] INFO: ======================================================================
# [2024-04-24 14:20:56] INFO: Start sweeping...
# [2024-04-24 14:27:47] INFO: It took 411.334 seconds to do 500 HBOR sweeps.
# [2024-04-24 14:27:47] INFO: Plaquette = 0.675097
# [2024-04-24 14:27:47] INFO: Polyakov loop = (0.00453666,0.000514871)
# [2024-04-24 14:27:47] INFO: Writing conf to disk...
# [2024-04-24 14:27:47] INFO: writeconf_nersc: Writing NERSC configuration ./conf_s060t20_b0706200_a_U000449500
# [2024-04-24 14:27:50] INFO: Calculated checksum: f3e34851
# [2024-04-24 14:28:04] INFO: Calculated checksum: 60702779
# [2024-04-24 14:28:04] INFO: Writing RNGSTATE file: ./rand_s060t20_b0706200_a_U000449500
# [2024-04-24 14:28:04] INFO: Writing to disk took 17.2936 seconds
# [2024-04-24 14:28:04] INFO: ======================================================================
# [2024-04-24 14:28:04] INFO: Start sweeping...
# [2024-04-24 14:34:55] INFO: It took 410.427 seconds to do 500 HBOR sweeps.
# [2024-04-24 14:34:55] INFO: Plaquette = 0.675297
# [2024-04-24 14:34:55] INFO: Polyakov loop = (0.00485094,-0.000343812)
# [2024-04-24 14:34:55] INFO: Writing conf to disk...
# [2024-04-24 14:34:55] INFO: writeconf_nersc: Writing NERSC configuration ./conf_s060t20_b0706200_a_U000450000
# [2024-04-24 14:34:58] INFO: Calculated checksum: 81aa147f
# [2024-04-24 14:35:06] INFO: Calculated checksum: c1f2a5e7
# [2024-04-24 14:35:06] INFO: Writing RNGSTATE file: ./rand_s060t20_b0706200_a_U000450000
# [2024-04-24 14:35:06] INFO: Writing to disk took 10.7215 seconds
# [2024-04-24 14:35:06] INFO: Finalizing MPI
