
Currently Loaded Modules:
  1) chpc/1.0      (S)   3) gcc/8.5.0      5) mpich/3.4.2
  2) python/3.10.3       4) cmake/3.26.0   6) cuda/11.6.2 (g)

  Where:
   S:  Module is Sticky, requires --force to unload or purge
   g:  built for GPU

 

# [2024-04-23 21:53:52] INFO: Running SIMULATeQCD
# [2024-04-23 21:53:52] INFO: Git commit version: 43e2518
# [2024-04-23 21:53:52] INFO: Initializing MPI with (1 proc)
# [2024-04-23 21:53:52] INFO: Reading parameters from file :: GenerateQuenched_b67132.param
# [2024-04-23 21:53:52] INFO: # PARAM :: Lattice = 60 60 60 20 
# [2024-04-23 21:53:52] INFO: # PARAM :: Nodes = 1 1 1 1 
# [2024-04-23 21:53:52] INFO: # PARAM :: Topology = 0 0 0 0  (default)
# [2024-04-23 21:53:52] INFO: # PARAM :: beta = 6.7132
# [2024-04-23 21:53:52] INFO: # PARAM :: format = nersc
# [2024-04-23 21:53:52] INFO: # PARAM :: endianness = auto
# [2024-04-23 21:53:52] INFO: # PARAM :: conf_nr = 400000
# [2024-04-23 21:53:52] INFO: # PARAM :: stream = a
# [2024-04-23 21:53:52] INFO: # PARAM :: prec_out = 0 (default)
# [2024-04-23 21:53:52] INFO: # PARAM :: measurements_dir = ./ (default)
# [2024-04-23 21:53:52] INFO: # PARAM :: use_unit_conf = 0 (default)
# [2024-04-23 21:53:52] INFO: # PARAM :: output_dir = .
# [2024-04-23 21:53:52] INFO: # PARAM :: nconfs = 100
# [2024-04-23 21:53:52] INFO: # PARAM :: nsweeps_ORperHB = 4
# [2024-04-23 21:53:52] INFO: # PARAM :: nsweeps_HBwithOR = 500
# [2024-04-23 21:53:52] INFO: # PARAM :: prev_conf = conf_s060t20_b0671320_a_U000400000
# [2024-04-23 21:53:52] INFO: # PARAM :: prev_rand = rand_s060t20_b0671320_a_U000400000
# [2024-04-23 21:53:52] INFO: > Running on:
# [2024-04-23 21:53:52] INFO: [Rank 0] > notch004 CPU_17 GPU_AF; MPI: world_rank=0, node_rank=0, coord: ( 0 0 0 0 )
# [2024-04-23 21:53:52] INFO: > Is MPI CUDA-aware? @compilation 
# [2024-04-23 21:53:52] INFO: > GPU compute capability: 75
# [2024-04-23 21:53:52] INFO: > Checking support for P2P (Peer-to-Peer) and UVA (Unified Virtual Addressing):
# [2024-04-23 21:53:52] INFO: [Rank 0] > notch004 GPU_AF(NVIDIA GeForce RTX 2080 Ti): P2P NO ; UVA YES
# [2024-04-23 21:53:52] INFO: Initialize Indexer with HaloDepth = 1[0;33m[0m
# [2024-04-23 21:53:52] INFO: Resuming previous run.
# [2024-04-23 21:53:52] INFO: readconf_nersc: Reading NERSC configuration conf_s060t20_b0671320_a_U000400000
# [2024-04-23 21:54:10] INFO: Next conf_number will be 400500
# [2024-04-23 21:54:10] INFO: Generating up to 100 confs with a separation of 500 HBOR sweeps (OR/HB = 4) ...
# [2024-04-23 21:54:10] INFO: ======================================================================
# [2024-04-23 21:54:10] INFO: Start sweeping...
# [2024-04-23 22:00:49] INFO: It took 399.079 seconds to do 500 HBOR sweeps.
# [2024-04-23 22:00:49] INFO: Plaquette = 0.653552
# [2024-04-23 22:00:49] INFO: Polyakov loop = (-0.0011225,-0.00124174)
# [2024-04-23 22:00:49] INFO: Writing conf to disk...
# [2024-04-23 22:00:49] INFO: writeconf_nersc: Writing NERSC configuration ./conf_s060t20_b0671320_a_U000400500
# [2024-04-23 22:00:53] INFO: Calculated checksum: dc44a45a
# [2024-04-23 22:01:00] INFO: Calculated checksum: 6a1fc9a8
# [2024-04-23 22:01:00] INFO: Writing RNGSTATE file: ./rand_s060t20_b0671320_a_U000400500
# [2024-04-23 22:01:00] INFO: Writing to disk took 10.8316 seconds
# [2024-04-23 22:01:00] INFO: ======================================================================
# [2024-04-23 22:01:00] INFO: Start sweeping...
# [2024-04-23 22:07:42] INFO: It took 402.291 seconds to do 500 HBOR sweeps.
# [2024-04-23 22:07:42] INFO: Plaquette = 0.653425
# [2024-04-23 22:07:42] INFO: Polyakov loop = (-0.000689794,-4.97826e-05)
# [2024-04-23 22:07:42] INFO: Writing conf to disk...
# [2024-04-23 22:07:42] INFO: writeconf_nersc: Writing NERSC configuration ./conf_s060t20_b0671320_a_U000401000
# [2024-04-23 22:07:46] INFO: Calculated checksum: fa10ba70
# [2024-04-23 22:07:53] INFO: Calculated checksum: 67345a87
# [2024-04-23 22:07:53] INFO: Writing RNGSTATE file: ./rand_s060t20_b0671320_a_U000401000
# [2024-04-23 22:07:53] INFO: Writing to disk took 10.9408 seconds
# [2024-04-23 22:07:53] INFO: ======================================================================
# [2024-04-23 22:07:53] INFO: Start sweeping...
# [2024-04-23 22:14:35] INFO: It took 401.596 seconds to do 500 HBOR sweeps.
# [2024-04-23 22:14:35] INFO: Plaquette = 0.653559
# [2024-04-23 22:14:35] INFO: Polyakov loop = (0.000238048,-0.000184507)
# [2024-04-23 22:14:35] INFO: Writing conf to disk...
# [2024-04-23 22:14:35] INFO: writeconf_nersc: Writing NERSC configuration ./conf_s060t20_b0671320_a_U000401500
# [2024-04-23 22:14:39] INFO: Calculated checksum: 6160a12f
# [2024-04-23 22:14:50] INFO: Calculated checksum: 2c0476d8
# [2024-04-23 22:14:50] INFO: Writing RNGSTATE file: ./rand_s060t20_b0671320_a_U000401500
# [2024-04-23 22:14:50] INFO: Writing to disk took 15.3154 seconds
# [2024-04-23 22:14:50] INFO: ======================================================================
# [2024-04-23 22:14:50] INFO: Start sweeping...
# [2024-04-23 22:21:32] INFO: It took 401.571 seconds to do 500 HBOR sweeps.
# [2024-04-23 22:21:32] INFO: Plaquette = 0.65354
# [2024-04-23 22:21:32] INFO: Polyakov loop = (-0.00121037,-0.00103717)
# [2024-04-23 22:21:32] INFO: Writing conf to disk...
# [2024-04-23 22:21:32] INFO: writeconf_nersc: Writing NERSC configuration ./conf_s060t20_b0671320_a_U000402000
# [2024-04-23 22:21:36] INFO: Calculated checksum: dd2a5446
# [2024-04-23 22:21:44] INFO: Calculated checksum: 82b57d42
# [2024-04-23 22:21:44] INFO: Writing RNGSTATE file: ./rand_s060t20_b0671320_a_U000402000
# [2024-04-23 22:21:45] INFO: Writing to disk took 12.838 seconds
# [2024-04-23 22:21:45] INFO: ======================================================================
# [2024-04-23 22:21:45] INFO: Start sweeping...
# [2024-04-23 22:28:26] INFO: It took 401.753 seconds to do 500 HBOR sweeps.
# [2024-04-23 22:28:26] INFO: Plaquette = 0.653401
# [2024-04-23 22:28:26] INFO: Polyakov loop = (-0.000710968,-0.000156676)
# [2024-04-23 22:28:26] INFO: Writing conf to disk...
# [2024-04-23 22:28:26] INFO: writeconf_nersc: Writing NERSC configuration ./conf_s060t20_b0671320_a_U000402500
# [2024-04-23 22:28:30] INFO: Calculated checksum: eb118216
# [2024-04-23 22:28:36] INFO: Calculated checksum: edb4cf28
# [2024-04-23 22:28:36] INFO: Writing RNGSTATE file: ./rand_s060t20_b0671320_a_U000402500
# [2024-04-23 22:28:36] INFO: Writing to disk took 10.0092 seconds
# [2024-04-23 22:28:36] INFO: ======================================================================
# [2024-04-23 22:28:36] INFO: Start sweeping...
# [2024-04-23 22:35:18] INFO: It took 401.913 seconds to do 500 HBOR sweeps.
# [2024-04-23 22:35:18] INFO: Plaquette = 0.653547
# [2024-04-23 22:35:18] INFO: Polyakov loop = (-0.0016511,-0.00113172)
# [2024-04-23 22:35:18] INFO: Writing conf to disk...
# [2024-04-23 22:35:18] INFO: writeconf_nersc: Writing NERSC configuration ./conf_s060t20_b0671320_a_U000403000
# [2024-04-23 22:35:22] INFO: Calculated checksum: 31571f23
# [2024-04-23 22:35:29] INFO: Calculated checksum: 226f0d2e
# [2024-04-23 22:35:29] INFO: Writing RNGSTATE file: ./rand_s060t20_b0671320_a_U000403000
# [2024-04-23 22:35:29] INFO: Writing to disk took 10.4334 seconds
# [2024-04-23 22:35:29] INFO: ======================================================================
# [2024-04-23 22:35:29] INFO: Start sweeping...
# [2024-04-23 22:42:11] INFO: It took 401.979 seconds to do 500 HBOR sweeps.
# [2024-04-23 22:42:11] INFO: Plaquette = 0.653457
# [2024-04-23 22:42:11] INFO: Polyakov loop = (-0.000955601,-0.000643914)
# [2024-04-23 22:42:11] INFO: Writing conf to disk...
# [2024-04-23 22:42:11] INFO: writeconf_nersc: Writing NERSC configuration ./conf_s060t20_b0671320_a_U000403500
# [2024-04-23 22:42:15] INFO: Calculated checksum: b2393344
# [2024-04-23 22:42:22] INFO: Calculated checksum: ef108e85
# [2024-04-23 22:42:22] INFO: Writing RNGSTATE file: ./rand_s060t20_b0671320_a_U000403500
# [2024-04-23 22:42:22] INFO: Writing to disk took 11.0037 seconds
# [2024-04-23 22:42:22] INFO: ======================================================================
# [2024-04-23 22:42:22] INFO: Start sweeping...
# [2024-04-23 22:49:04] INFO: It took 401.886 seconds to do 500 HBOR sweeps.
# [2024-04-23 22:49:04] INFO: Plaquette = 0.653486
# [2024-04-23 22:49:04] INFO: Polyakov loop = (-0.00140017,-0.00173531)
# [2024-04-23 22:49:04] INFO: Writing conf to disk...
# [2024-04-23 22:49:04] INFO: writeconf_nersc: Writing NERSC configuration ./conf_s060t20_b0671320_a_U000404000
# [2024-04-23 22:49:08] INFO: Calculated checksum: 778bfb56
# [2024-04-23 22:49:15] INFO: Calculated checksum: c0df1795
# [2024-04-23 22:49:15] INFO: Writing RNGSTATE file: ./rand_s060t20_b0671320_a_U000404000
# [2024-04-23 22:49:15] INFO: Writing to disk took 11.1372 seconds
# [2024-04-23 22:49:15] INFO: ======================================================================
# [2024-04-23 22:49:15] INFO: Start sweeping...
# [2024-04-23 22:55:57] INFO: It took 401.628 seconds to do 500 HBOR sweeps.
# [2024-04-23 22:55:57] INFO: Plaquette = 0.653489
# [2024-04-23 22:55:57] INFO: Polyakov loop = (-0.000672656,-0.00138701)
# [2024-04-23 22:55:57] INFO: Writing conf to disk...
# [2024-04-23 22:55:57] INFO: writeconf_nersc: Writing NERSC configuration ./conf_s060t20_b0671320_a_U000404500
# [2024-04-23 22:56:00] INFO: Calculated checksum: dae8302
# [2024-04-23 22:56:07] INFO: Calculated checksum: b2af8cec
# [2024-04-23 22:56:07] INFO: Writing RNGSTATE file: ./rand_s060t20_b0671320_a_U000404500
# [2024-04-23 22:56:07] INFO: Writing to disk took 10.6544 seconds
# [2024-04-23 22:56:07] INFO: ======================================================================
# [2024-04-23 22:56:07] INFO: Start sweeping...
# [2024-04-23 23:02:49] INFO: It took 401.52 seconds to do 500 HBOR sweeps.
# [2024-04-23 23:02:49] INFO: Plaquette = 0.653565
# [2024-04-23 23:02:49] INFO: Polyakov loop = (-0.00127837,-0.00123105)
# [2024-04-23 23:02:49] INFO: Writing conf to disk...
# [2024-04-23 23:02:49] INFO: writeconf_nersc: Writing NERSC configuration ./conf_s060t20_b0671320_a_U000405000
# [2024-04-23 23:02:53] INFO: Calculated checksum: 69c56871
# [2024-04-23 23:02:59] INFO: Calculated checksum: 66b6b82e
# [2024-04-23 23:02:59] INFO: Writing RNGSTATE file: ./rand_s060t20_b0671320_a_U000405000
# [2024-04-23 23:02:59] INFO: Writing to disk took 10.2872 seconds
# [2024-04-23 23:02:59] INFO: ======================================================================
# [2024-04-23 23:02:59] INFO: Start sweeping...
# [2024-04-23 23:09:41] INFO: It took 401.649 seconds to do 500 HBOR sweeps.
# [2024-04-23 23:09:41] INFO: Plaquette = 0.653457
# [2024-04-23 23:09:41] INFO: Polyakov loop = (-0.000447849,-0.000354667)
# [2024-04-23 23:09:41] INFO: Writing conf to disk...
# [2024-04-23 23:09:41] INFO: writeconf_nersc: Writing NERSC configuration ./conf_s060t20_b0671320_a_U000405500
# [2024-04-23 23:09:45] INFO: Calculated checksum: ea643c03
# [2024-04-23 23:09:56] INFO: Calculated checksum: 6df9b507
# [2024-04-23 23:09:56] INFO: Writing RNGSTATE file: ./rand_s060t20_b0671320_a_U000405500
# [2024-04-23 23:09:57] INFO: Writing to disk took 15.917 seconds
# [2024-04-23 23:09:57] INFO: ======================================================================
# [2024-04-23 23:09:57] INFO: Start sweeping...
# [2024-04-23 23:16:38] INFO: It took 401.634 seconds to do 500 HBOR sweeps.
# [2024-04-23 23:16:38] INFO: Plaquette = 0.653533
# [2024-04-23 23:16:38] INFO: Polyakov loop = (-0.000184216,0.000675851)
# [2024-04-23 23:16:38] INFO: Writing conf to disk...
# [2024-04-23 23:16:38] INFO: writeconf_nersc: Writing NERSC configuration ./conf_s060t20_b0671320_a_U000406000
# [2024-04-23 23:16:42] INFO: Calculated checksum: 1806fdaa
# [2024-04-23 23:16:49] INFO: Calculated checksum: b0955931
# [2024-04-23 23:16:49] INFO: Writing RNGSTATE file: ./rand_s060t20_b0671320_a_U000406000
# [2024-04-23 23:16:50] INFO: Writing to disk took 11.2673 seconds
# [2024-04-23 23:16:50] INFO: ======================================================================
# [2024-04-23 23:16:50] INFO: Start sweeping...
# [2024-04-23 23:23:32] INFO: It took 401.893 seconds to do 500 HBOR sweeps.
# [2024-04-23 23:23:32] INFO: Plaquette = 0.653478
# [2024-04-23 23:23:32] INFO: Polyakov loop = (-5.58401e-05,4.15694e-05)
# [2024-04-23 23:23:32] INFO: Writing conf to disk...
# [2024-04-23 23:23:32] INFO: writeconf_nersc: Writing NERSC configuration ./conf_s060t20_b0671320_a_U000406500
# [2024-04-23 23:23:35] INFO: Calculated checksum: 7a381ece
# [2024-04-23 23:23:42] INFO: Calculated checksum: ef643d07
# [2024-04-23 23:23:42] INFO: Writing RNGSTATE file: ./rand_s060t20_b0671320_a_U000406500
# [2024-04-23 23:23:42] INFO: Writing to disk took 10.6054 seconds
# [2024-04-23 23:23:42] INFO: ======================================================================
# [2024-04-23 23:23:42] INFO: Start sweeping...
# [2024-04-23 23:30:24] INFO: It took 401.903 seconds to do 500 HBOR sweeps.
# [2024-04-23 23:30:24] INFO: Plaquette = 0.653526
# [2024-04-23 23:30:24] INFO: Polyakov loop = (0.000870979,0.0011763)
# [2024-04-23 23:30:24] INFO: Writing conf to disk...
# [2024-04-23 23:30:24] INFO: writeconf_nersc: Writing NERSC configuration ./conf_s060t20_b0671320_a_U000407000
# [2024-04-23 23:30:28] INFO: Calculated checksum: df0c5ede
# [2024-04-23 23:30:34] INFO: Calculated checksum: 2e946c99
# [2024-04-23 23:30:34] INFO: Writing RNGSTATE file: ./rand_s060t20_b0671320_a_U000407000
# [2024-04-23 23:30:35] INFO: Writing to disk took 10.5593 seconds
# [2024-04-23 23:30:35] INFO: ======================================================================
# [2024-04-23 23:30:35] INFO: Start sweeping...
# [2024-04-23 23:37:17] INFO: It took 401.911 seconds to do 500 HBOR sweeps.
# [2024-04-23 23:37:17] INFO: Plaquette = 0.653482
# [2024-04-23 23:37:17] INFO: Polyakov loop = (0.000510007,-7.70787e-05)
# [2024-04-23 23:37:17] INFO: Writing conf to disk...
# [2024-04-23 23:37:17] INFO: writeconf_nersc: Writing NERSC configuration ./conf_s060t20_b0671320_a_U000407500
# [2024-04-23 23:37:20] INFO: Calculated checksum: 11634d17
# [2024-04-23 23:37:27] INFO: Calculated checksum: 1f952bb8
# [2024-04-23 23:37:27] INFO: Writing RNGSTATE file: ./rand_s060t20_b0671320_a_U000407500
# [2024-04-23 23:37:28] INFO: Writing to disk took 11.1124 seconds
# [2024-04-23 23:37:28] INFO: ======================================================================
# [2024-04-23 23:37:28] INFO: Start sweeping...
# [2024-04-23 23:44:10] INFO: It took 401.954 seconds to do 500 HBOR sweeps.
# [2024-04-23 23:44:10] INFO: Plaquette = 0.653563
# [2024-04-23 23:44:10] INFO: Polyakov loop = (0.00083728,0.000704997)
# [2024-04-23 23:44:10] INFO: Writing conf to disk...
# [2024-04-23 23:44:10] INFO: writeconf_nersc: Writing NERSC configuration ./conf_s060t20_b0671320_a_U000408000
# [2024-04-23 23:44:14] INFO: Calculated checksum: 140e018c
# [2024-04-23 23:44:20] INFO: Calculated checksum: de72d371
# [2024-04-23 23:44:20] INFO: Writing RNGSTATE file: ./rand_s060t20_b0671320_a_U000408000
# [2024-04-23 23:44:20] INFO: Writing to disk took 10.7783 seconds
# [2024-04-23 23:44:20] INFO: ======================================================================
# [2024-04-23 23:44:20] INFO: Start sweeping...
# [2024-04-23 23:51:02] INFO: It took 401.823 seconds to do 500 HBOR sweeps.
# [2024-04-23 23:51:02] INFO: Plaquette = 0.65345
# [2024-04-23 23:51:02] INFO: Polyakov loop = (-5.52633e-05,0.000544666)
# [2024-04-23 23:51:02] INFO: Writing conf to disk...
# [2024-04-23 23:51:02] INFO: writeconf_nersc: Writing NERSC configuration ./conf_s060t20_b0671320_a_U000408500
# [2024-04-23 23:51:06] INFO: Calculated checksum: debfc918
# [2024-04-23 23:51:16] INFO: Calculated checksum: 5948dd1a
# [2024-04-23 23:51:16] INFO: Writing RNGSTATE file: ./rand_s060t20_b0671320_a_U000408500
# [2024-04-23 23:51:17] INFO: Writing to disk took 14.3599 seconds
# [2024-04-23 23:51:17] INFO: ======================================================================
# [2024-04-23 23:51:17] INFO: Start sweeping...
# [2024-04-23 23:57:58] INFO: It took 401.546 seconds to do 500 HBOR sweeps.
# [2024-04-23 23:57:58] INFO: Plaquette = 0.653461
# [2024-04-23 23:57:58] INFO: Polyakov loop = (-0.00086267,0.000227019)
# [2024-04-23 23:57:58] INFO: Writing conf to disk...
# [2024-04-23 23:57:58] INFO: writeconf_nersc: Writing NERSC configuration ./conf_s060t20_b0671320_a_U000409000
# [2024-04-23 23:58:02] INFO: Calculated checksum: b00c6b03
# [2024-04-23 23:58:12] INFO: Calculated checksum: fa162da8
# [2024-04-23 23:58:12] INFO: Writing RNGSTATE file: ./rand_s060t20_b0671320_a_U000409000
# [2024-04-23 23:58:12] INFO: Writing to disk took 14.0823 seconds
# [2024-04-23 23:58:12] INFO: ======================================================================
# [2024-04-23 23:58:12] INFO: Start sweeping...
# [2024-04-24 00:04:54] INFO: It took 401.498 seconds to do 500 HBOR sweeps.
# [2024-04-24 00:04:54] INFO: Plaquette = 0.653473
# [2024-04-24 00:04:54] INFO: Polyakov loop = (3.68205e-05,0.00133748)
# [2024-04-24 00:04:54] INFO: Writing conf to disk...
# [2024-04-24 00:04:54] INFO: writeconf_nersc: Writing NERSC configuration ./conf_s060t20_b0671320_a_U000409500
# [2024-04-24 00:04:58] INFO: Calculated checksum: d6ac1908
# [2024-04-24 00:05:10] INFO: Calculated checksum: b7fb7e38
# [2024-04-24 00:05:10] INFO: Writing RNGSTATE file: ./rand_s060t20_b0671320_a_U000409500
# [2024-04-24 00:05:11] INFO: Writing to disk took 16.6085 seconds
# [2024-04-24 00:05:11] INFO: ======================================================================
# [2024-04-24 00:05:11] INFO: Start sweeping...
# [2024-04-24 00:11:52] INFO: It took 401.621 seconds to do 500 HBOR sweeps.
# [2024-04-24 00:11:52] INFO: Plaquette = 0.653487
# [2024-04-24 00:11:52] INFO: Polyakov loop = (-0.000545266,0.000669601)
# [2024-04-24 00:11:52] INFO: Writing conf to disk...
# [2024-04-24 00:11:52] INFO: writeconf_nersc: Writing NERSC configuration ./conf_s060t20_b0671320_a_U000410000
# [2024-04-24 00:11:56] INFO: Calculated checksum: 3fa42181
# [2024-04-24 00:12:03] INFO: Calculated checksum: 19452ad4
# [2024-04-24 00:12:03] INFO: Writing RNGSTATE file: ./rand_s060t20_b0671320_a_U000410000
# [2024-04-24 00:12:03] INFO: Writing to disk took 10.5464 seconds
# [2024-04-24 00:12:03] INFO: ======================================================================
# [2024-04-24 00:12:03] INFO: Start sweeping...
# [2024-04-24 00:18:46] INFO: It took 402.82 seconds to do 500 HBOR sweeps.
# [2024-04-24 00:18:46] INFO: Plaquette = 0.653544
# [2024-04-24 00:18:46] INFO: Polyakov loop = (9.97258e-06,1.01121e-05)
# [2024-04-24 00:18:46] INFO: Writing conf to disk...
# [2024-04-24 00:18:46] INFO: writeconf_nersc: Writing NERSC configuration ./conf_s060t20_b0671320_a_U000410500
# [2024-04-24 00:18:49] INFO: Calculated checksum: 535a5740
# [2024-04-24 00:19:05] INFO: Calculated checksum: 393609c3
# [2024-04-24 00:19:05] INFO: Writing RNGSTATE file: ./rand_s060t20_b0671320_a_U000410500
# [2024-04-24 00:19:05] INFO: Writing to disk took 19.1931 seconds
# [2024-04-24 00:19:05] INFO: ======================================================================
# [2024-04-24 00:19:05] INFO: Start sweeping...
# [2024-04-24 00:25:47] INFO: It took 402.417 seconds to do 500 HBOR sweeps.
# [2024-04-24 00:25:47] INFO: Plaquette = 0.653493
# [2024-04-24 00:25:47] INFO: Polyakov loop = (-7.18961e-05,-8.71949e-05)
# [2024-04-24 00:25:47] INFO: Writing conf to disk...
# [2024-04-24 00:25:47] INFO: writeconf_nersc: Writing NERSC configuration ./conf_s060t20_b0671320_a_U000411000
# [2024-04-24 00:25:51] INFO: Calculated checksum: e8834f56
# [2024-04-24 00:25:58] INFO: Calculated checksum: 15c9df35
# [2024-04-24 00:25:58] INFO: Writing RNGSTATE file: ./rand_s060t20_b0671320_a_U000411000
# [2024-04-24 00:25:59] INFO: Writing to disk took 11.3345 seconds
# [2024-04-24 00:25:59] INFO: ======================================================================
# [2024-04-24 00:25:59] INFO: Start sweeping...
# [2024-04-24 00:32:42] INFO: It took 403.055 seconds to do 500 HBOR sweeps.
# [2024-04-24 00:32:42] INFO: Plaquette = 0.653473
# [2024-04-24 00:32:42] INFO: Polyakov loop = (-0.000675126,-0.000273516)
# [2024-04-24 00:32:42] INFO: Writing conf to disk...
# [2024-04-24 00:32:42] INFO: writeconf_nersc: Writing NERSC configuration ./conf_s060t20_b0671320_a_U000411500
# [2024-04-24 00:32:45] INFO: Calculated checksum: dcf15924
# [2024-04-24 00:32:52] INFO: Calculated checksum: 21ed9752
# [2024-04-24 00:32:52] INFO: Writing RNGSTATE file: ./rand_s060t20_b0671320_a_U000411500
# [2024-04-24 00:32:52] INFO: Writing to disk took 10.5738 seconds
# [2024-04-24 00:32:52] INFO: ======================================================================
# [2024-04-24 00:32:52] INFO: Start sweeping...
# [2024-04-24 00:39:35] INFO: It took 402.828 seconds to do 500 HBOR sweeps.
# [2024-04-24 00:39:35] INFO: Plaquette = 0.653444
# [2024-04-24 00:39:35] INFO: Polyakov loop = (-0.000550567,-0.000925157)
# [2024-04-24 00:39:35] INFO: Writing conf to disk...
# [2024-04-24 00:39:35] INFO: writeconf_nersc: Writing NERSC configuration ./conf_s060t20_b0671320_a_U000412000
# [2024-04-24 00:39:39] INFO: Calculated checksum: d3b222eb
# [2024-04-24 00:39:52] INFO: Calculated checksum: d92e7c67
# [2024-04-24 00:39:52] INFO: Writing RNGSTATE file: ./rand_s060t20_b0671320_a_U000412000
# [2024-04-24 00:39:52] INFO: Writing to disk took 17.3137 seconds
# [2024-04-24 00:39:52] INFO: ======================================================================
# [2024-04-24 00:39:52] INFO: Start sweeping...
# [2024-04-24 00:46:35] INFO: It took 402.693 seconds to do 500 HBOR sweeps.
# [2024-04-24 00:46:35] INFO: Plaquette = 0.653454
# [2024-04-24 00:46:35] INFO: Polyakov loop = (-0.000680693,-0.00023004)
# [2024-04-24 00:46:35] INFO: Writing conf to disk...
# [2024-04-24 00:46:35] INFO: writeconf_nersc: Writing NERSC configuration ./conf_s060t20_b0671320_a_U000412500
# [2024-04-24 00:46:39] INFO: Calculated checksum: 3813148e
# [2024-04-24 00:46:47] INFO: Calculated checksum: 9ebb2694
# [2024-04-24 00:46:47] INFO: Writing RNGSTATE file: ./rand_s060t20_b0671320_a_U000412500
# [2024-04-24 00:46:47] INFO: Writing to disk took 11.6938 seconds
# [2024-04-24 00:46:47] INFO: ======================================================================
# [2024-04-24 00:46:47] INFO: Start sweeping...
# [2024-04-24 00:53:29] INFO: It took 402.649 seconds to do 500 HBOR sweeps.
# [2024-04-24 00:53:29] INFO: Plaquette = 0.653482
# [2024-04-24 00:53:29] INFO: Polyakov loop = (-0.000956571,-0.00106113)
# [2024-04-24 00:53:29] INFO: Writing conf to disk...
# [2024-04-24 00:53:29] INFO: writeconf_nersc: Writing NERSC configuration ./conf_s060t20_b0671320_a_U000413000
# [2024-04-24 00:53:33] INFO: Calculated checksum: 7bafc0f5
# [2024-04-24 00:53:42] INFO: Calculated checksum: bf2e9b7d
# [2024-04-24 00:53:42] INFO: Writing RNGSTATE file: ./rand_s060t20_b0671320_a_U000413000
# [2024-04-24 00:53:43] INFO: Writing to disk took 13.3727 seconds
# [2024-04-24 00:53:43] INFO: ======================================================================
# [2024-04-24 00:53:43] INFO: Start sweeping...
# [2024-04-24 01:00:25] INFO: It took 402.394 seconds to do 500 HBOR sweeps.
# [2024-04-24 01:00:25] INFO: Plaquette = 0.653502
# [2024-04-24 01:00:25] INFO: Polyakov loop = (-0.00135466,-0.00260986)
# [2024-04-24 01:00:25] INFO: Writing conf to disk...
# [2024-04-24 01:00:25] INFO: writeconf_nersc: Writing NERSC configuration ./conf_s060t20_b0671320_a_U000413500
# [2024-04-24 01:00:29] INFO: Calculated checksum: 2f14d227
# [2024-04-24 01:00:36] INFO: Calculated checksum: 50a73aaf
# [2024-04-24 01:00:36] INFO: Writing RNGSTATE file: ./rand_s060t20_b0671320_a_U000413500
# [2024-04-24 01:00:36] INFO: Writing to disk took 10.6557 seconds
# [2024-04-24 01:00:36] INFO: ======================================================================
# [2024-04-24 01:00:36] INFO: Start sweeping...
# [2024-04-24 01:07:19] INFO: It took 402.639 seconds to do 500 HBOR sweeps.
# [2024-04-24 01:07:19] INFO: Plaquette = 0.653483
# [2024-04-24 01:07:19] INFO: Polyakov loop = (-0.0010541,-0.00150644)
# [2024-04-24 01:07:19] INFO: Writing conf to disk...
# [2024-04-24 01:07:19] INFO: writeconf_nersc: Writing NERSC configuration ./conf_s060t20_b0671320_a_U000414000
# [2024-04-24 01:07:22] INFO: Calculated checksum: ed2bcdf3
# [2024-04-24 01:07:32] INFO: Calculated checksum: 8219ec19
# [2024-04-24 01:07:32] INFO: Writing RNGSTATE file: ./rand_s060t20_b0671320_a_U000414000
# [2024-04-24 01:07:33] INFO: Writing to disk took 13.926 seconds
# [2024-04-24 01:07:33] INFO: ======================================================================
# [2024-04-24 01:07:33] INFO: Start sweeping...
# [2024-04-24 01:14:15] INFO: It took 402.663 seconds to do 500 HBOR sweeps.
# [2024-04-24 01:14:15] INFO: Plaquette = 0.653531
# [2024-04-24 01:14:15] INFO: Polyakov loop = (0.0006128,-0.00029101)
# [2024-04-24 01:14:15] INFO: Writing conf to disk...
# [2024-04-24 01:14:15] INFO: writeconf_nersc: Writing NERSC configuration ./conf_s060t20_b0671320_a_U000414500
# [2024-04-24 01:14:19] INFO: Calculated checksum: ff6d875a
# [2024-04-24 01:14:27] INFO: Calculated checksum: cd2a96d
# [2024-04-24 01:14:27] INFO: Writing RNGSTATE file: ./rand_s060t20_b0671320_a_U000414500
# [2024-04-24 01:14:27] INFO: Writing to disk took 12.157 seconds
# [2024-04-24 01:14:27] INFO: ======================================================================
# [2024-04-24 01:14:27] INFO: Start sweeping...
# [2024-04-24 01:21:10] INFO: It took 402.641 seconds to do 500 HBOR sweeps.
# [2024-04-24 01:21:10] INFO: Plaquette = 0.653567
# [2024-04-24 01:21:10] INFO: Polyakov loop = (-0.000688574,-0.00109374)
# [2024-04-24 01:21:10] INFO: Writing conf to disk...
# [2024-04-24 01:21:10] INFO: writeconf_nersc: Writing NERSC configuration ./conf_s060t20_b0671320_a_U000415000
# [2024-04-24 01:21:14] INFO: Calculated checksum: 4bf7cb08
# [2024-04-24 01:21:21] INFO: Calculated checksum: 19824ef
# [2024-04-24 01:21:21] INFO: Writing RNGSTATE file: ./rand_s060t20_b0671320_a_U000415000
# [2024-04-24 01:21:21] INFO: Writing to disk took 10.6226 seconds
# [2024-04-24 01:21:21] INFO: ======================================================================
# [2024-04-24 01:21:21] INFO: Start sweeping...
# [2024-04-24 01:28:04] INFO: It took 402.773 seconds to do 500 HBOR sweeps.
# [2024-04-24 01:28:04] INFO: Plaquette = 0.653476
# [2024-04-24 01:28:04] INFO: Polyakov loop = (8.09544e-05,-0.000152079)
# [2024-04-24 01:28:04] INFO: Writing conf to disk...
# [2024-04-24 01:28:04] INFO: writeconf_nersc: Writing NERSC configuration ./conf_s060t20_b0671320_a_U000415500
# [2024-04-24 01:28:07] INFO: Calculated checksum: d9be34e2
# [2024-04-24 01:28:14] INFO: Calculated checksum: 20815cd3
# [2024-04-24 01:28:14] INFO: Writing RNGSTATE file: ./rand_s060t20_b0671320_a_U000415500
# [2024-04-24 01:28:14] INFO: Writing to disk took 10.8935 seconds
# [2024-04-24 01:28:14] INFO: ======================================================================
# [2024-04-24 01:28:14] INFO: Start sweeping...
# [2024-04-24 01:34:57] INFO: It took 402.303 seconds to do 500 HBOR sweeps.
# [2024-04-24 01:34:57] INFO: Plaquette = 0.65343
# [2024-04-24 01:34:57] INFO: Polyakov loop = (-0.000200406,0.000815552)
# [2024-04-24 01:34:57] INFO: Writing conf to disk...
# [2024-04-24 01:34:57] INFO: writeconf_nersc: Writing NERSC configuration ./conf_s060t20_b0671320_a_U000416000
# [2024-04-24 01:35:01] INFO: Calculated checksum: f03e257
# [2024-04-24 01:35:17] INFO: Calculated checksum: 1ef653eb
# [2024-04-24 01:35:17] INFO: Writing RNGSTATE file: ./rand_s060t20_b0671320_a_U000416000
# [2024-04-24 01:35:17] INFO: Writing to disk took 19.9419 seconds
# [2024-04-24 01:35:17] INFO: ======================================================================
# [2024-04-24 01:35:17] INFO: Start sweeping...
# [2024-04-24 01:41:59] INFO: It took 402.089 seconds to do 500 HBOR sweeps.
# [2024-04-24 01:41:59] INFO: Plaquette = 0.653468
# [2024-04-24 01:41:59] INFO: Polyakov loop = (-0.000615325,0.0004259)
# [2024-04-24 01:41:59] INFO: Writing conf to disk...
# [2024-04-24 01:41:59] INFO: writeconf_nersc: Writing NERSC configuration ./conf_s060t20_b0671320_a_U000416500
# [2024-04-24 01:42:03] INFO: Calculated checksum: 92c990b4
# [2024-04-24 01:42:12] INFO: Calculated checksum: 89414e5f
# [2024-04-24 01:42:12] INFO: Writing RNGSTATE file: ./rand_s060t20_b0671320_a_U000416500
# [2024-04-24 01:42:13] INFO: Writing to disk took 13.7853 seconds
# [2024-04-24 01:42:13] INFO: ======================================================================
# [2024-04-24 01:42:13] INFO: Start sweeping...
# [2024-04-24 01:48:55] INFO: It took 402.202 seconds to do 500 HBOR sweeps.
# [2024-04-24 01:48:55] INFO: Plaquette = 0.653507
# [2024-04-24 01:48:55] INFO: Polyakov loop = (0.000592462,-0.000533441)
# [2024-04-24 01:48:55] INFO: Writing conf to disk...
# [2024-04-24 01:48:55] INFO: writeconf_nersc: Writing NERSC configuration ./conf_s060t20_b0671320_a_U000417000
# [2024-04-24 01:48:59] INFO: Calculated checksum: f184e0f0
# [2024-04-24 01:49:08] INFO: Calculated checksum: f7c29193
# [2024-04-24 01:49:08] INFO: Writing RNGSTATE file: ./rand_s060t20_b0671320_a_U000417000
# [2024-04-24 01:49:08] INFO: Writing to disk took 12.803 seconds
# [2024-04-24 01:49:08] INFO: ======================================================================
# [2024-04-24 01:49:08] INFO: Start sweeping...
# [2024-04-24 01:55:50] INFO: It took 401.988 seconds to do 500 HBOR sweeps.
# [2024-04-24 01:55:50] INFO: Plaquette = 0.653538
# [2024-04-24 01:55:50] INFO: Polyakov loop = (0.000156343,0.00041714)
# [2024-04-24 01:55:50] INFO: Writing conf to disk...
# [2024-04-24 01:55:50] INFO: writeconf_nersc: Writing NERSC configuration ./conf_s060t20_b0671320_a_U000417500
# [2024-04-24 01:55:54] INFO: Calculated checksum: 3834ffbd
# [2024-04-24 01:56:03] INFO: Calculated checksum: 42f04546
# [2024-04-24 01:56:03] INFO: Writing RNGSTATE file: ./rand_s060t20_b0671320_a_U000417500
# [2024-04-24 01:56:03] INFO: Writing to disk took 13.1712 seconds
# [2024-04-24 01:56:03] INFO: ======================================================================
# [2024-04-24 01:56:03] INFO: Start sweeping...
# [2024-04-24 02:02:45] INFO: It took 401.874 seconds to do 500 HBOR sweeps.
# [2024-04-24 02:02:45] INFO: Plaquette = 0.653443
# [2024-04-24 02:02:45] INFO: Polyakov loop = (-0.000468269,-0.00129081)
# [2024-04-24 02:02:45] INFO: Writing conf to disk...
# [2024-04-24 02:02:45] INFO: writeconf_nersc: Writing NERSC configuration ./conf_s060t20_b0671320_a_U000418000
# [2024-04-24 02:02:49] INFO: Calculated checksum: 1ff3823c
# [2024-04-24 02:02:58] INFO: Calculated checksum: f2e9ebfd
# [2024-04-24 02:02:58] INFO: Writing RNGSTATE file: ./rand_s060t20_b0671320_a_U000418000
# [2024-04-24 02:02:58] INFO: Writing to disk took 13.0746 seconds
# [2024-04-24 02:02:58] INFO: ======================================================================
# [2024-04-24 02:02:58] INFO: Start sweeping...
# [2024-04-24 02:09:40] INFO: It took 401.836 seconds to do 500 HBOR sweeps.
# [2024-04-24 02:09:40] INFO: Plaquette = 0.653507
# [2024-04-24 02:09:40] INFO: Polyakov loop = (-0.000328236,-0.000537291)
# [2024-04-24 02:09:40] INFO: Writing conf to disk...
# [2024-04-24 02:09:40] INFO: writeconf_nersc: Writing NERSC configuration ./conf_s060t20_b0671320_a_U000418500
# [2024-04-24 02:09:44] INFO: Calculated checksum: 2263bf75
# [2024-04-24 02:09:51] INFO: Calculated checksum: a7a53d69
# [2024-04-24 02:09:51] INFO: Writing RNGSTATE file: ./rand_s060t20_b0671320_a_U000418500
# [2024-04-24 02:09:51] INFO: Writing to disk took 11.4965 seconds
# [2024-04-24 02:09:51] INFO: ======================================================================
# [2024-04-24 02:09:51] INFO: Start sweeping...
# [2024-04-24 02:16:33] INFO: It took 402.074 seconds to do 500 HBOR sweeps.
# [2024-04-24 02:16:33] INFO: Plaquette = 0.653424
# [2024-04-24 02:16:33] INFO: Polyakov loop = (-0.000196693,-0.00139054)
# [2024-04-24 02:16:33] INFO: Writing conf to disk...
# [2024-04-24 02:16:33] INFO: writeconf_nersc: Writing NERSC configuration ./conf_s060t20_b0671320_a_U000419000
# [2024-04-24 02:16:37] INFO: Calculated checksum: cfa129d7
# [2024-04-24 02:16:52] INFO: Calculated checksum: 843126df
# [2024-04-24 02:16:52] INFO: Writing RNGSTATE file: ./rand_s060t20_b0671320_a_U000419000
# [2024-04-24 02:16:52] INFO: Writing to disk took 18.8801 seconds
# [2024-04-24 02:16:52] INFO: ======================================================================
# [2024-04-24 02:16:52] INFO: Start sweeping...
# [2024-04-24 02:23:34] INFO: It took 402.133 seconds to do 500 HBOR sweeps.
# [2024-04-24 02:23:35] INFO: Plaquette = 0.653592
# [2024-04-24 02:23:35] INFO: Polyakov loop = (-0.000422899,-0.000782278)
# [2024-04-24 02:23:35] INFO: Writing conf to disk...
# [2024-04-24 02:23:35] INFO: writeconf_nersc: Writing NERSC configuration ./conf_s060t20_b0671320_a_U000419500
# [2024-04-24 02:23:38] INFO: Calculated checksum: 163de4d3
# [2024-04-24 02:23:45] INFO: Calculated checksum: 5f9f4625
# [2024-04-24 02:23:45] INFO: Writing RNGSTATE file: ./rand_s060t20_b0671320_a_U000419500
# [2024-04-24 02:23:45] INFO: Writing to disk took 10.6788 seconds
# [2024-04-24 02:23:45] INFO: ======================================================================
# [2024-04-24 02:23:45] INFO: Start sweeping...
# [2024-04-24 02:30:28] INFO: It took 402.491 seconds to do 500 HBOR sweeps.
# [2024-04-24 02:30:28] INFO: Plaquette = 0.653526
# [2024-04-24 02:30:28] INFO: Polyakov loop = (-0.000132053,-0.000779752)
# [2024-04-24 02:30:28] INFO: Writing conf to disk...
# [2024-04-24 02:30:28] INFO: writeconf_nersc: Writing NERSC configuration ./conf_s060t20_b0671320_a_U000420000
# [2024-04-24 02:30:32] INFO: Calculated checksum: 22aa930b
# [2024-04-24 02:30:40] INFO: Calculated checksum: 83de30ed
# [2024-04-24 02:30:40] INFO: Writing RNGSTATE file: ./rand_s060t20_b0671320_a_U000420000
# [2024-04-24 02:30:41] INFO: Writing to disk took 12.8983 seconds
# [2024-04-24 02:30:41] INFO: ======================================================================
# [2024-04-24 02:30:41] INFO: Start sweeping...
# [2024-04-24 02:37:23] INFO: It took 402.245 seconds to do 500 HBOR sweeps.
# [2024-04-24 02:37:23] INFO: Plaquette = 0.653536
# [2024-04-24 02:37:23] INFO: Polyakov loop = (-0.000652349,-0.00139559)
# [2024-04-24 02:37:23] INFO: Writing conf to disk...
# [2024-04-24 02:37:23] INFO: writeconf_nersc: Writing NERSC configuration ./conf_s060t20_b0671320_a_U000420500
# [2024-04-24 02:37:27] INFO: Calculated checksum: bd85da1c
# [2024-04-24 02:37:34] INFO: Calculated checksum: 401cec47
# [2024-04-24 02:37:34] INFO: Writing RNGSTATE file: ./rand_s060t20_b0671320_a_U000420500
# [2024-04-24 02:37:35] INFO: Writing to disk took 12.0196 seconds
# [2024-04-24 02:37:35] INFO: ======================================================================
# [2024-04-24 02:37:35] INFO: Start sweeping...
# [2024-04-24 02:44:17] INFO: It took 402.162 seconds to do 500 HBOR sweeps.
# [2024-04-24 02:44:17] INFO: Plaquette = 0.65342
# [2024-04-24 02:44:17] INFO: Polyakov loop = (-0.00062203,-0.0017031)
# [2024-04-24 02:44:17] INFO: Writing conf to disk...
# [2024-04-24 02:44:17] INFO: writeconf_nersc: Writing NERSC configuration ./conf_s060t20_b0671320_a_U000421000
# [2024-04-24 02:44:21] INFO: Calculated checksum: 9ec4e9a9
# [2024-04-24 02:44:32] INFO: Calculated checksum: c80b8efd
# [2024-04-24 02:44:32] INFO: Writing RNGSTATE file: ./rand_s060t20_b0671320_a_U000421000
# [2024-04-24 02:44:32] INFO: Writing to disk took 15.2492 seconds
# [2024-04-24 02:44:32] INFO: ======================================================================
# [2024-04-24 02:44:32] INFO: Start sweeping...
# [2024-04-24 02:51:14] INFO: It took 401.982 seconds to do 500 HBOR sweeps.
# [2024-04-24 02:51:14] INFO: Plaquette = 0.65355
# [2024-04-24 02:51:14] INFO: Polyakov loop = (-0.000839633,-0.00109564)
# [2024-04-24 02:51:14] INFO: Writing conf to disk...
# [2024-04-24 02:51:14] INFO: writeconf_nersc: Writing NERSC configuration ./conf_s060t20_b0671320_a_U000421500
# [2024-04-24 02:51:18] INFO: Calculated checksum: 10bf527a
# [2024-04-24 02:51:26] INFO: Calculated checksum: 7d58c689
# [2024-04-24 02:51:26] INFO: Writing RNGSTATE file: ./rand_s060t20_b0671320_a_U000421500
# [2024-04-24 02:51:26] INFO: Writing to disk took 11.3206 seconds
# [2024-04-24 02:51:26] INFO: ======================================================================
# [2024-04-24 02:51:26] INFO: Start sweeping...
# [2024-04-24 02:58:08] INFO: It took 402.104 seconds to do 500 HBOR sweeps.
# [2024-04-24 02:58:08] INFO: Plaquette = 0.653439
# [2024-04-24 02:58:08] INFO: Polyakov loop = (-0.000704925,-0.00214374)
# [2024-04-24 02:58:08] INFO: Writing conf to disk...
# [2024-04-24 02:58:08] INFO: writeconf_nersc: Writing NERSC configuration ./conf_s060t20_b0671320_a_U000422000
# [2024-04-24 02:58:12] INFO: Calculated checksum: 6386187b
# [2024-04-24 02:58:19] INFO: Calculated checksum: afcdfbe5
# [2024-04-24 02:58:19] INFO: Writing RNGSTATE file: ./rand_s060t20_b0671320_a_U000422000
# [2024-04-24 02:58:19] INFO: Writing to disk took 11.4401 seconds
# [2024-04-24 02:58:19] INFO: ======================================================================
# [2024-04-24 02:58:19] INFO: Start sweeping...
# [2024-04-24 03:05:01] INFO: It took 401.423 seconds to do 500 HBOR sweeps.
# [2024-04-24 03:05:01] INFO: Plaquette = 0.6535
# [2024-04-24 03:05:01] INFO: Polyakov loop = (0.00039224,-0.00205418)
# [2024-04-24 03:05:01] INFO: Writing conf to disk...
# [2024-04-24 03:05:01] INFO: writeconf_nersc: Writing NERSC configuration ./conf_s060t20_b0671320_a_U000422500
# [2024-04-24 03:05:05] INFO: Calculated checksum: 4deb7c1e
# [2024-04-24 03:05:12] INFO: Calculated checksum: 1f30617f
# [2024-04-24 03:05:12] INFO: Writing RNGSTATE file: ./rand_s060t20_b0671320_a_U000422500
# [2024-04-24 03:05:12] INFO: Writing to disk took 11.5215 seconds
# [2024-04-24 03:05:12] INFO: ======================================================================
# [2024-04-24 03:05:12] INFO: Start sweeping...
# [2024-04-24 03:11:54] INFO: It took 401.415 seconds to do 500 HBOR sweeps.
# [2024-04-24 03:11:54] INFO: Plaquette = 0.653506
# [2024-04-24 03:11:54] INFO: Polyakov loop = (-8.2241e-05,-0.000112504)
# [2024-04-24 03:11:54] INFO: Writing conf to disk...
# [2024-04-24 03:11:54] INFO: writeconf_nersc: Writing NERSC configuration ./conf_s060t20_b0671320_a_U000423000
# [2024-04-24 03:11:58] INFO: Calculated checksum: 58f9271a
# [2024-04-24 03:12:05] INFO: Calculated checksum: 54a99a8d
# [2024-04-24 03:12:05] INFO: Writing RNGSTATE file: ./rand_s060t20_b0671320_a_U000423000
# [2024-04-24 03:12:05] INFO: Writing to disk took 11.2016 seconds
# [2024-04-24 03:12:05] INFO: ======================================================================
# [2024-04-24 03:12:05] INFO: Start sweeping...
# [2024-04-24 03:18:47] INFO: It took 401.376 seconds to do 500 HBOR sweeps.
# [2024-04-24 03:18:47] INFO: Plaquette = 0.653565
# [2024-04-24 03:18:47] INFO: Polyakov loop = (-0.00079787,-0.00126528)
# [2024-04-24 03:18:47] INFO: Writing conf to disk...
# [2024-04-24 03:18:47] INFO: writeconf_nersc: Writing NERSC configuration ./conf_s060t20_b0671320_a_U000423500
# [2024-04-24 03:18:50] INFO: Calculated checksum: 8f983d8c
# [2024-04-24 03:18:57] INFO: Calculated checksum: a2e01d61
# [2024-04-24 03:18:57] INFO: Writing RNGSTATE file: ./rand_s060t20_b0671320_a_U000423500
# [2024-04-24 03:18:57] INFO: Writing to disk took 10.3055 seconds
# [2024-04-24 03:18:57] INFO: ======================================================================
# [2024-04-24 03:18:57] INFO: Start sweeping...
# [2024-04-24 03:25:38] INFO: It took 401.437 seconds to do 500 HBOR sweeps.
# [2024-04-24 03:25:38] INFO: Plaquette = 0.653579
# [2024-04-24 03:25:38] INFO: Polyakov loop = (-0.000731404,-0.000989504)
# [2024-04-24 03:25:38] INFO: Writing conf to disk...
# [2024-04-24 03:25:38] INFO: writeconf_nersc: Writing NERSC configuration ./conf_s060t20_b0671320_a_U000424000
# [2024-04-24 03:25:42] INFO: Calculated checksum: 380890ce
# [2024-04-24 03:25:53] INFO: Calculated checksum: 936391b5
# [2024-04-24 03:25:53] INFO: Writing RNGSTATE file: ./rand_s060t20_b0671320_a_U000424000
# [2024-04-24 03:25:53] INFO: Writing to disk took 14.4011 seconds
# [2024-04-24 03:25:53] INFO: ======================================================================
# [2024-04-24 03:25:53] INFO: Start sweeping...
# [2024-04-24 03:32:34] INFO: It took 401.321 seconds to do 500 HBOR sweeps.
# [2024-04-24 03:32:34] INFO: Plaquette = 0.653539
# [2024-04-24 03:32:34] INFO: Polyakov loop = (0.000237602,-0.00178254)
# [2024-04-24 03:32:34] INFO: Writing conf to disk...
# [2024-04-24 03:32:34] INFO: writeconf_nersc: Writing NERSC configuration ./conf_s060t20_b0671320_a_U000424500
# [2024-04-24 03:32:38] INFO: Calculated checksum: 1a3b00d8
# [2024-04-24 03:32:45] INFO: Calculated checksum: c31207d3
# [2024-04-24 03:32:45] INFO: Writing RNGSTATE file: ./rand_s060t20_b0671320_a_U000424500
# [2024-04-24 03:32:46] INFO: Writing to disk took 11.4583 seconds
# [2024-04-24 03:32:46] INFO: ======================================================================
# [2024-04-24 03:32:46] INFO: Start sweeping...
# [2024-04-24 03:39:27] INFO: It took 401.467 seconds to do 500 HBOR sweeps.
# [2024-04-24 03:39:27] INFO: Plaquette = 0.653557
# [2024-04-24 03:39:27] INFO: Polyakov loop = (-0.000489195,-0.00148816)
# [2024-04-24 03:39:27] INFO: Writing conf to disk...
# [2024-04-24 03:39:27] INFO: writeconf_nersc: Writing NERSC configuration ./conf_s060t20_b0671320_a_U000425000
# [2024-04-24 03:39:31] INFO: Calculated checksum: 101125c6
# [2024-04-24 03:39:38] INFO: Calculated checksum: cbc19126
# [2024-04-24 03:39:38] INFO: Writing RNGSTATE file: ./rand_s060t20_b0671320_a_U000425000
# [2024-04-24 03:39:39] INFO: Writing to disk took 11.5672 seconds
# [2024-04-24 03:39:39] INFO: ======================================================================
# [2024-04-24 03:39:39] INFO: Start sweeping...
# [2024-04-24 03:46:20] INFO: It took 401.395 seconds to do 500 HBOR sweeps.
# [2024-04-24 03:46:20] INFO: Plaquette = 0.653541
# [2024-04-24 03:46:20] INFO: Polyakov loop = (-0.00248483,-0.00113536)
# [2024-04-24 03:46:20] INFO: Writing conf to disk...
# [2024-04-24 03:46:20] INFO: writeconf_nersc: Writing NERSC configuration ./conf_s060t20_b0671320_a_U000425500
# [2024-04-24 03:46:24] INFO: Calculated checksum: 2a969b91
# [2024-04-24 03:46:32] INFO: Calculated checksum: 9602d097
# [2024-04-24 03:46:32] INFO: Writing RNGSTATE file: ./rand_s060t20_b0671320_a_U000425500
# [2024-04-24 03:46:32] INFO: Writing to disk took 11.8551 seconds
# [2024-04-24 03:46:32] INFO: ======================================================================
# [2024-04-24 03:46:32] INFO: Start sweeping...
# [2024-04-24 03:53:13] INFO: It took 401.398 seconds to do 500 HBOR sweeps.
# [2024-04-24 03:53:13] INFO: Plaquette = 0.653461
# [2024-04-24 03:53:13] INFO: Polyakov loop = (-0.000830678,-0.00104859)
# [2024-04-24 03:53:13] INFO: Writing conf to disk...
# [2024-04-24 03:53:13] INFO: writeconf_nersc: Writing NERSC configuration ./conf_s060t20_b0671320_a_U000426000
# [2024-04-24 03:53:17] INFO: Calculated checksum: 28f7ac46
# [2024-04-24 03:53:25] INFO: Calculated checksum: 51fdc17f
# [2024-04-24 03:53:25] INFO: Writing RNGSTATE file: ./rand_s060t20_b0671320_a_U000426000
# [2024-04-24 03:53:26] INFO: Writing to disk took 12.1888 seconds
# [2024-04-24 03:53:26] INFO: ======================================================================
# [2024-04-24 03:53:26] INFO: Start sweeping...
# [2024-04-24 04:00:07] INFO: It took 401.418 seconds to do 500 HBOR sweeps.
# [2024-04-24 04:00:07] INFO: Plaquette = 0.653504
# [2024-04-24 04:00:07] INFO: Polyakov loop = (-0.0014238,-0.000181922)
# [2024-04-24 04:00:07] INFO: Writing conf to disk...
# [2024-04-24 04:00:07] INFO: writeconf_nersc: Writing NERSC configuration ./conf_s060t20_b0671320_a_U000426500
# [2024-04-24 04:00:11] INFO: Calculated checksum: 74d8b4e3
# [2024-04-24 04:00:23] INFO: Calculated checksum: 16537c19
# [2024-04-24 04:00:23] INFO: Writing RNGSTATE file: ./rand_s060t20_b0671320_a_U000426500
# [2024-04-24 04:00:24] INFO: Writing to disk took 17.0467 seconds
# [2024-04-24 04:00:24] INFO: ======================================================================
# [2024-04-24 04:00:24] INFO: Start sweeping...
# [2024-04-24 04:07:05] INFO: It took 401.249 seconds to do 500 HBOR sweeps.
# [2024-04-24 04:07:05] INFO: Plaquette = 0.653458
# [2024-04-24 04:07:05] INFO: Polyakov loop = (0.000570493,-0.000839415)
# [2024-04-24 04:07:05] INFO: Writing conf to disk...
# [2024-04-24 04:07:05] INFO: writeconf_nersc: Writing NERSC configuration ./conf_s060t20_b0671320_a_U000427000
# [2024-04-24 04:07:09] INFO: Calculated checksum: 7792cb09
# [2024-04-24 04:07:18] INFO: Calculated checksum: d2b8a255
# [2024-04-24 04:07:18] INFO: Writing RNGSTATE file: ./rand_s060t20_b0671320_a_U000427000
# [2024-04-24 04:07:18] INFO: Writing to disk took 12.4864 seconds
# [2024-04-24 04:07:18] INFO: ======================================================================
# [2024-04-24 04:07:18] INFO: Start sweeping...
# [2024-04-24 04:14:00] INFO: It took 401.571 seconds to do 500 HBOR sweeps.
# [2024-04-24 04:14:00] INFO: Plaquette = 0.653477
# [2024-04-24 04:14:00] INFO: Polyakov loop = (-0.000921619,-0.00108666)
# [2024-04-24 04:14:00] INFO: Writing conf to disk...
# [2024-04-24 04:14:00] INFO: writeconf_nersc: Writing NERSC configuration ./conf_s060t20_b0671320_a_U000427500
# [2024-04-24 04:14:03] INFO: Calculated checksum: 107b9aa8
# [2024-04-24 04:14:11] INFO: Calculated checksum: cf5d92cf
# [2024-04-24 04:14:11] INFO: Writing RNGSTATE file: ./rand_s060t20_b0671320_a_U000427500
# [2024-04-24 04:14:11] INFO: Writing to disk took 11.7451 seconds
# [2024-04-24 04:14:11] INFO: ======================================================================
# [2024-04-24 04:14:11] INFO: Start sweeping...
# [2024-04-24 04:20:53] INFO: It took 401.661 seconds to do 500 HBOR sweeps.
# [2024-04-24 04:20:53] INFO: Plaquette = 0.653468
# [2024-04-24 04:20:53] INFO: Polyakov loop = (-0.000860945,-0.00128899)
# [2024-04-24 04:20:53] INFO: Writing conf to disk...
# [2024-04-24 04:20:53] INFO: writeconf_nersc: Writing NERSC configuration ./conf_s060t20_b0671320_a_U000428000
# [2024-04-24 04:20:57] INFO: Calculated checksum: 4da9622b
# [2024-04-24 04:21:04] INFO: Calculated checksum: ed310441
# [2024-04-24 04:21:04] INFO: Writing RNGSTATE file: ./rand_s060t20_b0671320_a_U000428000
# [2024-04-24 04:21:05] INFO: Writing to disk took 11.9176 seconds
# [2024-04-24 04:21:05] INFO: ======================================================================
# [2024-04-24 04:21:05] INFO: Start sweeping...
# [2024-04-24 04:27:47] INFO: It took 401.762 seconds to do 500 HBOR sweeps.
# [2024-04-24 04:27:47] INFO: Plaquette = 0.653595
# [2024-04-24 04:27:47] INFO: Polyakov loop = (-0.000927338,-0.00175705)
# [2024-04-24 04:27:47] INFO: Writing conf to disk...
# [2024-04-24 04:27:47] INFO: writeconf_nersc: Writing NERSC configuration ./conf_s060t20_b0671320_a_U000428500
# [2024-04-24 04:27:51] INFO: Calculated checksum: e35feaa7
# [2024-04-24 04:27:58] INFO: Calculated checksum: a6570996
# [2024-04-24 04:27:58] INFO: Writing RNGSTATE file: ./rand_s060t20_b0671320_a_U000428500
# [2024-04-24 04:27:59] INFO: Writing to disk took 11.8996 seconds
# [2024-04-24 04:27:59] INFO: ======================================================================
# [2024-04-24 04:27:59] INFO: Start sweeping...
# [2024-04-24 04:34:40] INFO: It took 401.618 seconds to do 500 HBOR sweeps.
# [2024-04-24 04:34:40] INFO: Plaquette = 0.653549
# [2024-04-24 04:34:40] INFO: Polyakov loop = (-0.00130587,-0.000352609)
# [2024-04-24 04:34:40] INFO: Writing conf to disk...
# [2024-04-24 04:34:40] INFO: writeconf_nersc: Writing NERSC configuration ./conf_s060t20_b0671320_a_U000429000
# [2024-04-24 04:34:44] INFO: Calculated checksum: df1d8b1f
# [2024-04-24 04:34:57] INFO: Calculated checksum: 23a45bb0
# [2024-04-24 04:34:57] INFO: Writing RNGSTATE file: ./rand_s060t20_b0671320_a_U000429000
# [2024-04-24 04:34:57] INFO: Writing to disk took 16.8242 seconds
# [2024-04-24 04:34:57] INFO: ======================================================================
# [2024-04-24 04:34:57] INFO: Start sweeping...
# [2024-04-24 04:41:39] INFO: It took 401.471 seconds to do 500 HBOR sweeps.
# [2024-04-24 04:41:39] INFO: Plaquette = 0.653558
# [2024-04-24 04:41:39] INFO: Polyakov loop = (-0.000522556,-0.0015038)
# [2024-04-24 04:41:39] INFO: Writing conf to disk...
# [2024-04-24 04:41:39] INFO: writeconf_nersc: Writing NERSC configuration ./conf_s060t20_b0671320_a_U000429500
# [2024-04-24 04:41:42] INFO: Calculated checksum: 62d48785
# [2024-04-24 04:41:50] INFO: Calculated checksum: 31cfe992
# [2024-04-24 04:41:50] INFO: Writing RNGSTATE file: ./rand_s060t20_b0671320_a_U000429500
# [2024-04-24 04:41:50] INFO: Writing to disk took 11.6929 seconds
# [2024-04-24 04:41:50] INFO: ======================================================================
# [2024-04-24 04:41:50] INFO: Start sweeping...
# [2024-04-24 04:48:32] INFO: It took 401.708 seconds to do 500 HBOR sweeps.
# [2024-04-24 04:48:32] INFO: Plaquette = 0.653475
# [2024-04-24 04:48:32] INFO: Polyakov loop = (-0.00054567,-0.00174716)
# [2024-04-24 04:48:32] INFO: Writing conf to disk...
# [2024-04-24 04:48:32] INFO: writeconf_nersc: Writing NERSC configuration ./conf_s060t20_b0671320_a_U000430000
# [2024-04-24 04:48:36] INFO: Calculated checksum: f3a48738
# [2024-04-24 04:48:43] INFO: Calculated checksum: 87163605
# [2024-04-24 04:48:43] INFO: Writing RNGSTATE file: ./rand_s060t20_b0671320_a_U000430000
# [2024-04-24 04:48:45] INFO: Writing to disk took 12.702 seconds
# [2024-04-24 04:48:45] INFO: ======================================================================
# [2024-04-24 04:48:45] INFO: Start sweeping...
# [2024-04-24 04:55:26] INFO: It took 401.586 seconds to do 500 HBOR sweeps.
# [2024-04-24 04:55:26] INFO: Plaquette = 0.653473
# [2024-04-24 04:55:26] INFO: Polyakov loop = (-0.000692335,-0.00196921)
# [2024-04-24 04:55:26] INFO: Writing conf to disk...
# [2024-04-24 04:55:26] INFO: writeconf_nersc: Writing NERSC configuration ./conf_s060t20_b0671320_a_U000430500
# [2024-04-24 04:55:30] INFO: Calculated checksum: 4496a482
# [2024-04-24 04:55:41] INFO: Calculated checksum: 3b07e185
# [2024-04-24 04:55:41] INFO: Writing RNGSTATE file: ./rand_s060t20_b0671320_a_U000430500
# [2024-04-24 04:55:41] INFO: Writing to disk took 14.5718 seconds
# [2024-04-24 04:55:41] INFO: ======================================================================
# [2024-04-24 04:55:41] INFO: Start sweeping...
# [2024-04-24 05:02:22] INFO: It took 401.394 seconds to do 500 HBOR sweeps.
# [2024-04-24 05:02:22] INFO: Plaquette = 0.65345
# [2024-04-24 05:02:22] INFO: Polyakov loop = (0.000221742,-0.000922407)
# [2024-04-24 05:02:22] INFO: Writing conf to disk...
# [2024-04-24 05:02:22] INFO: writeconf_nersc: Writing NERSC configuration ./conf_s060t20_b0671320_a_U000431000
# [2024-04-24 05:02:26] INFO: Calculated checksum: 53d1ae4
# [2024-04-24 05:02:35] INFO: Calculated checksum: 1a039afb
# [2024-04-24 05:02:35] INFO: Writing RNGSTATE file: ./rand_s060t20_b0671320_a_U000431000
# [2024-04-24 05:02:36] INFO: Writing to disk took 14.0066 seconds
# [2024-04-24 05:02:36] INFO: ======================================================================
# [2024-04-24 05:02:36] INFO: Start sweeping...
# [2024-04-24 05:09:18] INFO: It took 401.328 seconds to do 500 HBOR sweeps.
# [2024-04-24 05:09:18] INFO: Plaquette = 0.653504
# [2024-04-24 05:09:18] INFO: Polyakov loop = (-0.000473562,-0.00116753)
# [2024-04-24 05:09:18] INFO: Writing conf to disk...
# [2024-04-24 05:09:18] INFO: writeconf_nersc: Writing NERSC configuration ./conf_s060t20_b0671320_a_U000431500
# [2024-04-24 05:09:21] INFO: Calculated checksum: 276b9408
# [2024-04-24 05:09:29] INFO: Calculated checksum: 3275c7d5
# [2024-04-24 05:09:29] INFO: Writing RNGSTATE file: ./rand_s060t20_b0671320_a_U000431500
# [2024-04-24 05:09:30] INFO: Writing to disk took 11.9828 seconds
# [2024-04-24 05:09:30] INFO: ======================================================================
# [2024-04-24 05:09:30] INFO: Start sweeping...
# [2024-04-24 05:16:11] INFO: It took 401.422 seconds to do 500 HBOR sweeps.
# [2024-04-24 05:16:11] INFO: Plaquette = 0.653532
# [2024-04-24 05:16:11] INFO: Polyakov loop = (-0.000355455,-0.00151858)
# [2024-04-24 05:16:11] INFO: Writing conf to disk...
# [2024-04-24 05:16:11] INFO: writeconf_nersc: Writing NERSC configuration ./conf_s060t20_b0671320_a_U000432000
# [2024-04-24 05:16:15] INFO: Calculated checksum: 4810624
# [2024-04-24 05:16:24] INFO: Calculated checksum: ff4ce5b9
# [2024-04-24 05:16:24] INFO: Writing RNGSTATE file: ./rand_s060t20_b0671320_a_U000432000
# [2024-04-24 05:16:24] INFO: Writing to disk took 12.6633 seconds
# [2024-04-24 05:16:24] INFO: ======================================================================
# [2024-04-24 05:16:24] INFO: Start sweeping...
# [2024-04-24 05:23:05] INFO: It took 401.421 seconds to do 500 HBOR sweeps.
# [2024-04-24 05:23:05] INFO: Plaquette = 0.653495
# [2024-04-24 05:23:05] INFO: Polyakov loop = (-0.00148046,-0.00121473)
# [2024-04-24 05:23:05] INFO: Writing conf to disk...
# [2024-04-24 05:23:05] INFO: writeconf_nersc: Writing NERSC configuration ./conf_s060t20_b0671320_a_U000432500
# [2024-04-24 05:23:09] INFO: Calculated checksum: 731928b6
# [2024-04-24 05:23:23] INFO: Calculated checksum: c83c4a72
# [2024-04-24 05:23:23] INFO: Writing RNGSTATE file: ./rand_s060t20_b0671320_a_U000432500
# [2024-04-24 05:23:24] INFO: Writing to disk took 18.3736 seconds
# [2024-04-24 05:23:24] INFO: ======================================================================
# [2024-04-24 05:23:24] INFO: Start sweeping...
# [2024-04-24 05:30:05] INFO: It took 401.486 seconds to do 500 HBOR sweeps.
# [2024-04-24 05:30:05] INFO: Plaquette = 0.653516
# [2024-04-24 05:30:05] INFO: Polyakov loop = (-0.00174301,-0.00121976)
# [2024-04-24 05:30:05] INFO: Writing conf to disk...
# [2024-04-24 05:30:05] INFO: writeconf_nersc: Writing NERSC configuration ./conf_s060t20_b0671320_a_U000433000
# [2024-04-24 05:30:09] INFO: Calculated checksum: 2837c0b3
# [2024-04-24 05:30:18] INFO: Calculated checksum: dbaae29a
# [2024-04-24 05:30:18] INFO: Writing RNGSTATE file: ./rand_s060t20_b0671320_a_U000433000
# [2024-04-24 05:30:18] INFO: Writing to disk took 12.7132 seconds
# [2024-04-24 05:30:18] INFO: ======================================================================
# [2024-04-24 05:30:18] INFO: Start sweeping...
# [2024-04-24 05:37:00] INFO: It took 401.648 seconds to do 500 HBOR sweeps.
# [2024-04-24 05:37:00] INFO: Plaquette = 0.653474
# [2024-04-24 05:37:00] INFO: Polyakov loop = (-0.000405845,-0.000628862)
# [2024-04-24 05:37:00] INFO: Writing conf to disk...
# [2024-04-24 05:37:00] INFO: writeconf_nersc: Writing NERSC configuration ./conf_s060t20_b0671320_a_U000433500
# [2024-04-24 05:37:03] INFO: Calculated checksum: cad943eb
# [2024-04-24 05:37:11] INFO: Calculated checksum: afc55485
# [2024-04-24 05:37:11] INFO: Writing RNGSTATE file: ./rand_s060t20_b0671320_a_U000433500
# [2024-04-24 05:37:11] INFO: Writing to disk took 11.5463 seconds
# [2024-04-24 05:37:11] INFO: ======================================================================
# [2024-04-24 05:37:11] INFO: Start sweeping...
# [2024-04-24 05:43:53] INFO: It took 401.763 seconds to do 500 HBOR sweeps.
# [2024-04-24 05:43:53] INFO: Plaquette = 0.653442
# [2024-04-24 05:43:53] INFO: Polyakov loop = (-0.000130066,-0.000101217)
# [2024-04-24 05:43:53] INFO: Writing conf to disk...
# [2024-04-24 05:43:53] INFO: writeconf_nersc: Writing NERSC configuration ./conf_s060t20_b0671320_a_U000434000
# [2024-04-24 05:43:57] INFO: Calculated checksum: 1130aaf4
# [2024-04-24 05:44:05] INFO: Calculated checksum: 15b3610b
# [2024-04-24 05:44:05] INFO: Writing RNGSTATE file: ./rand_s060t20_b0671320_a_U000434000
# [2024-04-24 05:44:05] INFO: Writing to disk took 12.5213 seconds
# [2024-04-24 05:44:05] INFO: ======================================================================
# [2024-04-24 05:44:05] INFO: Start sweeping...
# [2024-04-24 05:50:47] INFO: It took 401.691 seconds to do 500 HBOR sweeps.
# [2024-04-24 05:50:47] INFO: Plaquette = 0.653561
# [2024-04-24 05:50:47] INFO: Polyakov loop = (-0.000116392,-0.00108138)
# [2024-04-24 05:50:47] INFO: Writing conf to disk...
# [2024-04-24 05:50:47] INFO: writeconf_nersc: Writing NERSC configuration ./conf_s060t20_b0671320_a_U000434500
# [2024-04-24 05:50:51] INFO: Calculated checksum: 78676664
# [2024-04-24 05:51:06] INFO: Calculated checksum: 88b16e9f
# [2024-04-24 05:51:06] INFO: Writing RNGSTATE file: ./rand_s060t20_b0671320_a_U000434500
# [2024-04-24 05:51:06] INFO: Writing to disk took 19.153 seconds
# [2024-04-24 05:51:06] INFO: ======================================================================
# [2024-04-24 05:51:06] INFO: Start sweeping...
# [2024-04-24 05:57:48] INFO: It took 401.398 seconds to do 500 HBOR sweeps.
# [2024-04-24 05:57:48] INFO: Plaquette = 0.65346
# [2024-04-24 05:57:48] INFO: Polyakov loop = (-0.000456981,-0.00153514)
# [2024-04-24 05:57:48] INFO: Writing conf to disk...
# [2024-04-24 05:57:48] INFO: writeconf_nersc: Writing NERSC configuration ./conf_s060t20_b0671320_a_U000435000
# [2024-04-24 05:57:52] INFO: Calculated checksum: c38e4eb2
# [2024-04-24 05:58:04] INFO: Calculated checksum: 702a027c
# [2024-04-24 05:58:04] INFO: Writing RNGSTATE file: ./rand_s060t20_b0671320_a_U000435000
# [2024-04-24 05:58:04] INFO: Writing to disk took 16.1522 seconds
# [2024-04-24 05:58:04] INFO: ======================================================================
# [2024-04-24 05:58:04] INFO: Start sweeping...
# [2024-04-24 06:04:46] INFO: It took 401.631 seconds to do 500 HBOR sweeps.
# [2024-04-24 06:04:46] INFO: Plaquette = 0.653585
# [2024-04-24 06:04:46] INFO: Polyakov loop = (-0.000396934,-0.000749899)
# [2024-04-24 06:04:46] INFO: Writing conf to disk...
# [2024-04-24 06:04:46] INFO: writeconf_nersc: Writing NERSC configuration ./conf_s060t20_b0671320_a_U000435500
# [2024-04-24 06:04:49] INFO: Calculated checksum: 3c7d00d1
# [2024-04-24 06:05:00] INFO: Calculated checksum: 9e7741c0
# [2024-04-24 06:05:00] INFO: Writing RNGSTATE file: ./rand_s060t20_b0671320_a_U000435500
# [2024-04-24 06:05:00] INFO: Writing to disk took 14.6752 seconds
# [2024-04-24 06:05:00] INFO: ======================================================================
# [2024-04-24 06:05:00] INFO: Start sweeping...
# [2024-04-24 06:11:42] INFO: It took 401.675 seconds to do 500 HBOR sweeps.
# [2024-04-24 06:11:42] INFO: Plaquette = 0.653463
# [2024-04-24 06:11:42] INFO: Polyakov loop = (-0.000564491,-0.00101324)
# [2024-04-24 06:11:42] INFO: Writing conf to disk...
# [2024-04-24 06:11:42] INFO: writeconf_nersc: Writing NERSC configuration ./conf_s060t20_b0671320_a_U000436000
# [2024-04-24 06:11:46] INFO: Calculated checksum: 2d71eeb0
# [2024-04-24 06:11:54] INFO: Calculated checksum: efb7abe6
# [2024-04-24 06:11:54] INFO: Writing RNGSTATE file: ./rand_s060t20_b0671320_a_U000436000
# [2024-04-24 06:11:54] INFO: Writing to disk took 11.8226 seconds
# [2024-04-24 06:11:54] INFO: ======================================================================
# [2024-04-24 06:11:54] INFO: Start sweeping...
# [2024-04-24 06:18:35] INFO: It took 401.635 seconds to do 500 HBOR sweeps.
# [2024-04-24 06:18:35] INFO: Plaquette = 0.653595
# [2024-04-24 06:18:35] INFO: Polyakov loop = (-0.000146809,-0.000219719)
# [2024-04-24 06:18:35] INFO: Writing conf to disk...
# [2024-04-24 06:18:35] INFO: writeconf_nersc: Writing NERSC configuration ./conf_s060t20_b0671320_a_U000436500
# [2024-04-24 06:18:39] INFO: Calculated checksum: 7d44e437
# [2024-04-24 06:18:48] INFO: Calculated checksum: 85e8855c
# [2024-04-24 06:18:48] INFO: Writing RNGSTATE file: ./rand_s060t20_b0671320_a_U000436500
# [2024-04-24 06:18:48] INFO: Writing to disk took 12.5701 seconds
# [2024-04-24 06:18:48] INFO: ======================================================================
# [2024-04-24 06:18:48] INFO: Start sweeping...
# [2024-04-24 06:25:30] INFO: It took 401.606 seconds to do 500 HBOR sweeps.
# [2024-04-24 06:25:30] INFO: Plaquette = 0.653526
# [2024-04-24 06:25:30] INFO: Polyakov loop = (-0.000601525,-0.000328737)
# [2024-04-24 06:25:30] INFO: Writing conf to disk...
# [2024-04-24 06:25:30] INFO: writeconf_nersc: Writing NERSC configuration ./conf_s060t20_b0671320_a_U000437000
# [2024-04-24 06:25:34] INFO: Calculated checksum: 365b6e83
# [2024-04-24 06:25:45] INFO: Calculated checksum: 8fc2d11d
# [2024-04-24 06:25:45] INFO: Writing RNGSTATE file: ./rand_s060t20_b0671320_a_U000437000
# [2024-04-24 06:25:45] INFO: Writing to disk took 15.7125 seconds
# [2024-04-24 06:25:45] INFO: ======================================================================
# [2024-04-24 06:25:45] INFO: Start sweeping...
# [2024-04-24 06:32:27] INFO: It took 401.477 seconds to do 500 HBOR sweeps.
# [2024-04-24 06:32:27] INFO: Plaquette = 0.653498
# [2024-04-24 06:32:27] INFO: Polyakov loop = (-0.000330708,-0.000109612)
# [2024-04-24 06:32:27] INFO: Writing conf to disk...
# [2024-04-24 06:32:27] INFO: writeconf_nersc: Writing NERSC configuration ./conf_s060t20_b0671320_a_U000437500
# [2024-04-24 06:32:31] INFO: Calculated checksum: 264b73e3
# [2024-04-24 06:32:38] INFO: Calculated checksum: 2346bb3b
# [2024-04-24 06:32:38] INFO: Writing RNGSTATE file: ./rand_s060t20_b0671320_a_U000437500
# [2024-04-24 06:32:39] INFO: Writing to disk took 11.6494 seconds
# [2024-04-24 06:32:39] INFO: ======================================================================
# [2024-04-24 06:32:39] INFO: Start sweeping...
# [2024-04-24 06:39:20] INFO: It took 401.547 seconds to do 500 HBOR sweeps.
# [2024-04-24 06:39:20] INFO: Plaquette = 0.65351
# [2024-04-24 06:39:20] INFO: Polyakov loop = (-0.000680913,2.17792e-05)
# [2024-04-24 06:39:20] INFO: Writing conf to disk...
# [2024-04-24 06:39:20] INFO: writeconf_nersc: Writing NERSC configuration ./conf_s060t20_b0671320_a_U000438000
# [2024-04-24 06:39:24] INFO: Calculated checksum: 341f05bf
# [2024-04-24 06:39:37] INFO: Calculated checksum: adb8b589
# [2024-04-24 06:39:37] INFO: Writing RNGSTATE file: ./rand_s060t20_b0671320_a_U000438000
# [2024-04-24 06:39:37] INFO: Writing to disk took 16.7262 seconds
# [2024-04-24 06:39:37] INFO: ======================================================================
# [2024-04-24 06:39:37] INFO: Start sweeping...
# [2024-04-24 06:46:18] INFO: It took 401.446 seconds to do 500 HBOR sweeps.
# [2024-04-24 06:46:18] INFO: Plaquette = 0.653501
# [2024-04-24 06:46:18] INFO: Polyakov loop = (-0.000305186,-0.00143281)
# [2024-04-24 06:46:18] INFO: Writing conf to disk...
# [2024-04-24 06:46:18] INFO: writeconf_nersc: Writing NERSC configuration ./conf_s060t20_b0671320_a_U000438500
# [2024-04-24 06:46:22] INFO: Calculated checksum: c5eeb5b6
# [2024-04-24 06:46:30] INFO: Calculated checksum: 8912611
# [2024-04-24 06:46:30] INFO: Writing RNGSTATE file: ./rand_s060t20_b0671320_a_U000438500
# [2024-04-24 06:46:31] INFO: Writing to disk took 12.1497 seconds
# [2024-04-24 06:46:31] INFO: ======================================================================
# [2024-04-24 06:46:31] INFO: Start sweeping...
# [2024-04-24 06:53:12] INFO: It took 401.444 seconds to do 500 HBOR sweeps.
# [2024-04-24 06:53:12] INFO: Plaquette = 0.653438
# [2024-04-24 06:53:12] INFO: Polyakov loop = (0.00020336,-0.00141708)
# [2024-04-24 06:53:12] INFO: Writing conf to disk...
# [2024-04-24 06:53:12] INFO: writeconf_nersc: Writing NERSC configuration ./conf_s060t20_b0671320_a_U000439000
# [2024-04-24 06:53:16] INFO: Calculated checksum: 1d0ade2b
# [2024-04-24 06:53:26] INFO: Calculated checksum: ace7112b
# [2024-04-24 06:53:26] INFO: Writing RNGSTATE file: ./rand_s060t20_b0671320_a_U000439000
# [2024-04-24 06:53:26] INFO: Writing to disk took 13.7601 seconds
# [2024-04-24 06:53:26] INFO: ======================================================================
# [2024-04-24 06:53:26] INFO: Start sweeping...
# [2024-04-24 07:00:07] INFO: It took 401.378 seconds to do 500 HBOR sweeps.
# [2024-04-24 07:00:07] INFO: Plaquette = 0.653511
# [2024-04-24 07:00:07] INFO: Polyakov loop = (-0.000268134,-0.0013739)
# [2024-04-24 07:00:07] INFO: Writing conf to disk...
# [2024-04-24 07:00:07] INFO: writeconf_nersc: Writing NERSC configuration ./conf_s060t20_b0671320_a_U000439500
# [2024-04-24 07:00:11] INFO: Calculated checksum: dc16f3e8
# [2024-04-24 07:00:20] INFO: Calculated checksum: 4b058247
# [2024-04-24 07:00:20] INFO: Writing RNGSTATE file: ./rand_s060t20_b0671320_a_U000439500
# [2024-04-24 07:00:20] INFO: Writing to disk took 12.6061 seconds
# [2024-04-24 07:00:20] INFO: ======================================================================
# [2024-04-24 07:00:20] INFO: Start sweeping...
# [2024-04-24 07:07:01] INFO: It took 401.575 seconds to do 500 HBOR sweeps.
# [2024-04-24 07:07:02] INFO: Plaquette = 0.653548
# [2024-04-24 07:07:02] INFO: Polyakov loop = (-0.0015002,-0.00205285)
# [2024-04-24 07:07:02] INFO: Writing conf to disk...
# [2024-04-24 07:07:02] INFO: writeconf_nersc: Writing NERSC configuration ./conf_s060t20_b0671320_a_U000440000
# [2024-04-24 07:07:05] INFO: Calculated checksum: cde2c37f
# [2024-04-24 07:07:14] INFO: Calculated checksum: 38f66fd8
# [2024-04-24 07:07:14] INFO: Writing RNGSTATE file: ./rand_s060t20_b0671320_a_U000440000
# [2024-04-24 07:07:14] INFO: Writing to disk took 12.5831 seconds
# [2024-04-24 07:07:14] INFO: ======================================================================
# [2024-04-24 07:07:14] INFO: Start sweeping...
# [2024-04-24 07:13:56] INFO: It took 401.634 seconds to do 500 HBOR sweeps.
# [2024-04-24 07:13:56] INFO: Plaquette = 0.65354
# [2024-04-24 07:13:56] INFO: Polyakov loop = (-0.00183444,-0.0016847)
# [2024-04-24 07:13:56] INFO: Writing conf to disk...
# [2024-04-24 07:13:56] INFO: writeconf_nersc: Writing NERSC configuration ./conf_s060t20_b0671320_a_U000440500
# [2024-04-24 07:14:00] INFO: Calculated checksum: eda38484
# [2024-04-24 07:14:07] INFO: Calculated checksum: 44d13f9a
# [2024-04-24 07:14:07] INFO: Writing RNGSTATE file: ./rand_s060t20_b0671320_a_U000440500
# [2024-04-24 07:14:08] INFO: Writing to disk took 12.1939 seconds
# [2024-04-24 07:14:08] INFO: ======================================================================
# [2024-04-24 07:14:08] INFO: Start sweeping...
# [2024-04-24 07:20:50] INFO: It took 401.781 seconds to do 500 HBOR sweeps.
# [2024-04-24 07:20:50] INFO: Plaquette = 0.653411
# [2024-04-24 07:20:50] INFO: Polyakov loop = (-0.000818794,-0.000482989)
# [2024-04-24 07:20:50] INFO: Writing conf to disk...
# [2024-04-24 07:20:50] INFO: writeconf_nersc: Writing NERSC configuration ./conf_s060t20_b0671320_a_U000441000
# [2024-04-24 07:20:54] INFO: Calculated checksum: 31a4d6de
# [2024-04-24 07:21:01] INFO: Calculated checksum: 322fff6d
# [2024-04-24 07:21:01] INFO: Writing RNGSTATE file: ./rand_s060t20_b0671320_a_U000441000
# [2024-04-24 07:21:02] INFO: Writing to disk took 11.9834 seconds
# [2024-04-24 07:21:02] INFO: ======================================================================
# [2024-04-24 07:21:02] INFO: Start sweeping...
# [2024-04-24 07:27:44] INFO: It took 401.734 seconds to do 500 HBOR sweeps.
# [2024-04-24 07:27:44] INFO: Plaquette = 0.653489
# [2024-04-24 07:27:44] INFO: Polyakov loop = (-0.00070742,-0.000494678)
# [2024-04-24 07:27:44] INFO: Writing conf to disk...
# [2024-04-24 07:27:44] INFO: writeconf_nersc: Writing NERSC configuration ./conf_s060t20_b0671320_a_U000441500
# [2024-04-24 07:27:48] INFO: Calculated checksum: b7d8a066
# [2024-04-24 07:27:58] INFO: Calculated checksum: 5237b022
# [2024-04-24 07:27:58] INFO: Writing RNGSTATE file: ./rand_s060t20_b0671320_a_U000441500
# [2024-04-24 07:27:58] INFO: Writing to disk took 14.9179 seconds
# [2024-04-24 07:27:58] INFO: ======================================================================
# [2024-04-24 07:27:58] INFO: Start sweeping...
# [2024-04-24 07:34:40] INFO: It took 401.699 seconds to do 500 HBOR sweeps.
# [2024-04-24 07:34:40] INFO: Plaquette = 0.653596
# [2024-04-24 07:34:40] INFO: Polyakov loop = (-0.000765128,-0.00154548)
# [2024-04-24 07:34:40] INFO: Writing conf to disk...
# [2024-04-24 07:34:40] INFO: writeconf_nersc: Writing NERSC configuration ./conf_s060t20_b0671320_a_U000442000
# [2024-04-24 07:34:44] INFO: Calculated checksum: be0264
# [2024-04-24 07:34:52] INFO: Calculated checksum: ea0a4e78
# [2024-04-24 07:34:52] INFO: Writing RNGSTATE file: ./rand_s060t20_b0671320_a_U000442000
# [2024-04-24 07:34:52] INFO: Writing to disk took 11.8345 seconds
# [2024-04-24 07:34:52] INFO: ======================================================================
# [2024-04-24 07:34:52] INFO: Start sweeping...
# [2024-04-24 07:41:34] INFO: It took 401.607 seconds to do 500 HBOR sweeps.
# [2024-04-24 07:41:34] INFO: Plaquette = 0.653491
# [2024-04-24 07:41:34] INFO: Polyakov loop = (-0.000918745,-0.000716722)
# [2024-04-24 07:41:34] INFO: Writing conf to disk...
# [2024-04-24 07:41:34] INFO: writeconf_nersc: Writing NERSC configuration ./conf_s060t20_b0671320_a_U000442500
# [2024-04-24 07:41:38] INFO: Calculated checksum: 3ab892b1
# [2024-04-24 07:41:45] INFO: Calculated checksum: 825e4ab0
# [2024-04-24 07:41:45] INFO: Writing RNGSTATE file: ./rand_s060t20_b0671320_a_U000442500
# [2024-04-24 07:41:46] INFO: Writing to disk took 11.8767 seconds
# [2024-04-24 07:41:46] INFO: ======================================================================
# [2024-04-24 07:41:46] INFO: Start sweeping...
# [2024-04-24 07:48:27] INFO: It took 401.666 seconds to do 500 HBOR sweeps.
# [2024-04-24 07:48:27] INFO: Plaquette = 0.653475
# [2024-04-24 07:48:27] INFO: Polyakov loop = (-0.00130435,-0.000210738)
# [2024-04-24 07:48:27] INFO: Writing conf to disk...
# [2024-04-24 07:48:27] INFO: writeconf_nersc: Writing NERSC configuration ./conf_s060t20_b0671320_a_U000443000
# [2024-04-24 07:48:31] INFO: Calculated checksum: 78b357a4
# [2024-04-24 07:48:40] INFO: Calculated checksum: 8736b09f
# [2024-04-24 07:48:40] INFO: Writing RNGSTATE file: ./rand_s060t20_b0671320_a_U000443000
# [2024-04-24 07:48:41] INFO: Writing to disk took 13.2612 seconds
# [2024-04-24 07:48:41] INFO: ======================================================================
# [2024-04-24 07:48:41] INFO: Start sweeping...
# [2024-04-24 07:55:22] INFO: It took 401.543 seconds to do 500 HBOR sweeps.
# [2024-04-24 07:55:22] INFO: Plaquette = 0.653582
# [2024-04-24 07:55:22] INFO: Polyakov loop = (0.000140028,-0.00178673)
# [2024-04-24 07:55:22] INFO: Writing conf to disk...
# [2024-04-24 07:55:22] INFO: writeconf_nersc: Writing NERSC configuration ./conf_s060t20_b0671320_a_U000443500
# [2024-04-24 07:55:26] INFO: Calculated checksum: 44617952
# [2024-04-24 07:55:37] INFO: Calculated checksum: b4abc482
# [2024-04-24 07:55:37] INFO: Writing RNGSTATE file: ./rand_s060t20_b0671320_a_U000443500
# [2024-04-24 07:55:38] INFO: Writing to disk took 15.5982 seconds
# [2024-04-24 07:55:38] INFO: ======================================================================
# [2024-04-24 07:55:38] INFO: Start sweeping...
# [2024-04-24 08:02:19] INFO: It took 401.474 seconds to do 500 HBOR sweeps.
# [2024-04-24 08:02:19] INFO: Plaquette = 0.653443
# [2024-04-24 08:02:19] INFO: Polyakov loop = (-0.000652665,-0.00137654)
# [2024-04-24 08:02:19] INFO: Writing conf to disk...
# [2024-04-24 08:02:19] INFO: writeconf_nersc: Writing NERSC configuration ./conf_s060t20_b0671320_a_U000444000
# [2024-04-24 08:02:23] INFO: Calculated checksum: d5775f09
# [2024-04-24 08:02:34] INFO: Calculated checksum: 2c318f4
# [2024-04-24 08:02:34] INFO: Writing RNGSTATE file: ./rand_s060t20_b0671320_a_U000444000
# [2024-04-24 08:02:37] INFO: Writing to disk took 17.9349 seconds
# [2024-04-24 08:02:37] INFO: ======================================================================
# [2024-04-24 08:02:37] INFO: Start sweeping...
# [2024-04-24 08:09:19] INFO: It took 401.603 seconds to do 500 HBOR sweeps.
# [2024-04-24 08:09:19] INFO: Plaquette = 0.65349
# [2024-04-24 08:09:19] INFO: Polyakov loop = (-0.00020179,-0.00101649)
# [2024-04-24 08:09:19] INFO: Writing conf to disk...
# [2024-04-24 08:09:19] INFO: writeconf_nersc: Writing NERSC configuration ./conf_s060t20_b0671320_a_U000444500
# [2024-04-24 08:09:23] INFO: Calculated checksum: 9b0438ac
# [2024-04-24 08:09:35] INFO: Calculated checksum: b803427c
# [2024-04-24 08:09:35] INFO: Writing RNGSTATE file: ./rand_s060t20_b0671320_a_U000444500
# [2024-04-24 08:09:36] INFO: Writing to disk took 16.8311 seconds
# [2024-04-24 08:09:36] INFO: ======================================================================
# [2024-04-24 08:09:36] INFO: Start sweeping...
# [2024-04-24 08:16:17] INFO: It took 401.753 seconds to do 500 HBOR sweeps.
# [2024-04-24 08:16:17] INFO: Plaquette = 0.65356
# [2024-04-24 08:16:17] INFO: Polyakov loop = (-0.00104975,-0.00157534)
# [2024-04-24 08:16:17] INFO: Writing conf to disk...
# [2024-04-24 08:16:17] INFO: writeconf_nersc: Writing NERSC configuration ./conf_s060t20_b0671320_a_U000445000
# [2024-04-24 08:16:21] INFO: Calculated checksum: 29742063
# [2024-04-24 08:16:30] INFO: Calculated checksum: 5e84b89c
# [2024-04-24 08:16:30] INFO: Writing RNGSTATE file: ./rand_s060t20_b0671320_a_U000445000
# [2024-04-24 08:16:31] INFO: Writing to disk took 13.3549 seconds
# [2024-04-24 08:16:31] INFO: ======================================================================
# [2024-04-24 08:16:31] INFO: Start sweeping...
# [2024-04-24 08:23:14] INFO: It took 402.725 seconds to do 500 HBOR sweeps.
# [2024-04-24 08:23:14] INFO: Plaquette = 0.65343
# [2024-04-24 08:23:14] INFO: Polyakov loop = (0.0011883,-0.000122077)
# [2024-04-24 08:23:14] INFO: Writing conf to disk...
# [2024-04-24 08:23:14] INFO: writeconf_nersc: Writing NERSC configuration ./conf_s060t20_b0671320_a_U000445500
# [2024-04-24 08:23:17] INFO: Calculated checksum: 4027aa36
# [2024-04-24 08:23:32] INFO: Calculated checksum: adcbbd2a
# [2024-04-24 08:23:32] INFO: Writing RNGSTATE file: ./rand_s060t20_b0671320_a_U000445500
# [2024-04-24 08:23:33] INFO: Writing to disk took 18.9509 seconds
# [2024-04-24 08:23:33] INFO: ======================================================================
# [2024-04-24 08:23:33] INFO: Start sweeping...
# [2024-04-24 08:30:14] INFO: It took 401.456 seconds to do 500 HBOR sweeps.
# [2024-04-24 08:30:14] INFO: Plaquette = 0.653508
# [2024-04-24 08:30:14] INFO: Polyakov loop = (-0.000552405,-0.000749543)
# [2024-04-24 08:30:14] INFO: Writing conf to disk...
# [2024-04-24 08:30:14] INFO: writeconf_nersc: Writing NERSC configuration ./conf_s060t20_b0671320_a_U000446000
# [2024-04-24 08:30:18] INFO: Calculated checksum: 6bf9c5d7
# [2024-04-24 08:30:35] INFO: Calculated checksum: f27f3c07
# [2024-04-24 08:30:35] INFO: Writing RNGSTATE file: ./rand_s060t20_b0671320_a_U000446000
# [2024-04-24 08:30:35] INFO: Writing to disk took 20.8266 seconds
# [2024-04-24 08:30:35] INFO: ======================================================================
# [2024-04-24 08:30:35] INFO: Start sweeping...
# [2024-04-24 08:37:16] INFO: It took 401.322 seconds to do 500 HBOR sweeps.
# [2024-04-24 08:37:16] INFO: Plaquette = 0.65348
# [2024-04-24 08:37:16] INFO: Polyakov loop = (0.000152774,-0.000324411)
# [2024-04-24 08:37:16] INFO: Writing conf to disk...
# [2024-04-24 08:37:16] INFO: writeconf_nersc: Writing NERSC configuration ./conf_s060t20_b0671320_a_U000446500
# [2024-04-24 08:37:20] INFO: Calculated checksum: 4f23a77e
# [2024-04-24 08:37:36] INFO: Calculated checksum: b3d21c43
# [2024-04-24 08:37:36] INFO: Writing RNGSTATE file: ./rand_s060t20_b0671320_a_U000446500
# [2024-04-24 08:37:36] INFO: Writing to disk took 19.8506 seconds
# [2024-04-24 08:37:36] INFO: ======================================================================
# [2024-04-24 08:37:36] INFO: Start sweeping...
# [2024-04-24 08:44:17] INFO: It took 401.352 seconds to do 500 HBOR sweeps.
# [2024-04-24 08:44:17] INFO: Plaquette = 0.653628
# [2024-04-24 08:44:17] INFO: Polyakov loop = (-0.000380719,0.000118752)
# [2024-04-24 08:44:17] INFO: Writing conf to disk...
# [2024-04-24 08:44:17] INFO: writeconf_nersc: Writing NERSC configuration ./conf_s060t20_b0671320_a_U000447000
# [2024-04-24 08:44:21] INFO: Calculated checksum: 179c527a
# [2024-04-24 08:44:32] INFO: Calculated checksum: 7046b892
# [2024-04-24 08:44:32] INFO: Writing RNGSTATE file: ./rand_s060t20_b0671320_a_U000447000
# [2024-04-24 08:44:32] INFO: Writing to disk took 14.4149 seconds
# [2024-04-24 08:44:32] INFO: ======================================================================
# [2024-04-24 08:44:32] INFO: Start sweeping...
# [2024-04-24 08:51:13] INFO: It took 401.626 seconds to do 500 HBOR sweeps.
# [2024-04-24 08:51:13] INFO: Plaquette = 0.653397
# [2024-04-24 08:51:13] INFO: Polyakov loop = (-0.000819141,-0.00136272)
# [2024-04-24 08:51:13] INFO: Writing conf to disk...
# [2024-04-24 08:51:13] INFO: writeconf_nersc: Writing NERSC configuration ./conf_s060t20_b0671320_a_U000447500
# [2024-04-24 08:51:17] INFO: Calculated checksum: 2818154c
# [2024-04-24 08:51:28] INFO: Calculated checksum: 5be1ade7
# [2024-04-24 08:51:28] INFO: Writing RNGSTATE file: ./rand_s060t20_b0671320_a_U000447500
# [2024-04-24 08:51:28] INFO: Writing to disk took 14.9661 seconds
# [2024-04-24 08:51:28] INFO: ======================================================================
# [2024-04-24 08:51:28] INFO: Start sweeping...
# [2024-04-24 08:58:10] INFO: It took 401.772 seconds to do 500 HBOR sweeps.
# [2024-04-24 08:58:10] INFO: Plaquette = 0.653539
# [2024-04-24 08:58:10] INFO: Polyakov loop = (-0.000724553,0.000215941)
# [2024-04-24 08:58:10] INFO: Writing conf to disk...
# [2024-04-24 08:58:10] INFO: writeconf_nersc: Writing NERSC configuration ./conf_s060t20_b0671320_a_U000448000
# [2024-04-24 08:58:14] INFO: Calculated checksum: 7707ae47
# [2024-04-24 08:58:22] INFO: Calculated checksum: 4e3a69c5
# [2024-04-24 08:58:22] INFO: Writing RNGSTATE file: ./rand_s060t20_b0671320_a_U000448000
# [2024-04-24 08:58:22] INFO: Writing to disk took 11.9633 seconds
# [2024-04-24 08:58:22] INFO: ======================================================================
# [2024-04-24 08:58:22] INFO: Start sweeping...
# [2024-04-24 09:05:04] INFO: It took 401.898 seconds to do 500 HBOR sweeps.
# [2024-04-24 09:05:04] INFO: Plaquette = 0.653564
# [2024-04-24 09:05:04] INFO: Polyakov loop = (-0.00146253,-0.00113196)
# [2024-04-24 09:05:04] INFO: Writing conf to disk...
# [2024-04-24 09:05:04] INFO: writeconf_nersc: Writing NERSC configuration ./conf_s060t20_b0671320_a_U000448500
# [2024-04-24 09:05:08] INFO: Calculated checksum: fd3f6ca8
# [2024-04-24 09:05:15] INFO: Calculated checksum: 3b16a893
# [2024-04-24 09:05:15] INFO: Writing RNGSTATE file: ./rand_s060t20_b0671320_a_U000448500
# [2024-04-24 09:05:17] INFO: Writing to disk took 12.8833 seconds
# [2024-04-24 09:05:17] INFO: ======================================================================
# [2024-04-24 09:05:17] INFO: Start sweeping...
# [2024-04-24 09:12:00] INFO: It took 402.796 seconds to do 500 HBOR sweeps.
# [2024-04-24 09:12:00] INFO: Plaquette = 0.653518
# [2024-04-24 09:12:00] INFO: Polyakov loop = (-0.000841861,-0.00128045)
# [2024-04-24 09:12:00] INFO: Writing conf to disk...
# [2024-04-24 09:12:00] INFO: writeconf_nersc: Writing NERSC configuration ./conf_s060t20_b0671320_a_U000449000
# [2024-04-24 09:12:04] INFO: Calculated checksum: 15f31845
# [2024-04-24 09:12:12] INFO: Calculated checksum: ef55643e
# [2024-04-24 09:12:12] INFO: Writing RNGSTATE file: ./rand_s060t20_b0671320_a_U000449000
# [2024-04-24 09:12:12] INFO: Writing to disk took 11.93 seconds
# [2024-04-24 09:12:12] INFO: ======================================================================
# [2024-04-24 09:12:12] INFO: Start sweeping...
# [2024-04-24 09:18:55] INFO: It took 403.04 seconds to do 500 HBOR sweeps.
# [2024-04-24 09:18:55] INFO: Plaquette = 0.653449
# [2024-04-24 09:18:55] INFO: Polyakov loop = (-0.000430537,-0.00184331)
# [2024-04-24 09:18:55] INFO: Writing conf to disk...
# [2024-04-24 09:18:55] INFO: writeconf_nersc: Writing NERSC configuration ./conf_s060t20_b0671320_a_U000449500
# [2024-04-24 09:18:59] INFO: Calculated checksum: b1a376e4
# [2024-04-24 09:19:09] INFO: Calculated checksum: de595eaf
# [2024-04-24 09:19:09] INFO: Writing RNGSTATE file: ./rand_s060t20_b0671320_a_U000449500
# [2024-04-24 09:19:09] INFO: Writing to disk took 14.1639 seconds
# [2024-04-24 09:19:09] INFO: ======================================================================
# [2024-04-24 09:19:09] INFO: Start sweeping...
# [2024-04-24 09:25:51] INFO: It took 401.461 seconds to do 500 HBOR sweeps.
# [2024-04-24 09:25:51] INFO: Plaquette = 0.653515
# [2024-04-24 09:25:51] INFO: Polyakov loop = (-0.000113142,-0.000610116)
# [2024-04-24 09:25:51] INFO: Writing conf to disk...
# [2024-04-24 09:25:51] INFO: writeconf_nersc: Writing NERSC configuration ./conf_s060t20_b0671320_a_U000450000
# [2024-04-24 09:25:54] INFO: Calculated checksum: 503d5c5e
# [2024-04-24 09:26:02] INFO: Calculated checksum: f630e6c4
# [2024-04-24 09:26:02] INFO: Writing RNGSTATE file: ./rand_s060t20_b0671320_a_U000450000
# [2024-04-24 09:26:02] INFO: Writing to disk took 11.8558 seconds
# [2024-04-24 09:26:02] INFO: Finalizing MPI
