
Currently Loaded Modules:
  1) chpc/1.0      (S)   3) gcc/8.5.0      5) mpich/3.4.2
  2) python/3.10.3       4) cmake/3.26.0   6) cuda/11.6.2 (g)

  Where:
   S:  Module is Sticky, requires --force to unload or purge
   g:  built for GPU

 

# [2024-04-26 15:51:36] INFO: Running SIMULATeQCD
# [2024-04-26 15:51:36] INFO: Git commit version: 43e2518
# [2024-04-26 15:51:36] INFO: Initializing MPI with (1 proc)
# [2024-04-26 15:51:37] INFO: Reading parameters from file :: GenerateQuenched_b6807.param
# [2024-04-26 15:51:37] INFO: # PARAM :: Lattice = 60 60 60 20 
# [2024-04-26 15:51:37] INFO: # PARAM :: Nodes = 1 1 1 1 
# [2024-04-26 15:51:37] INFO: # PARAM :: Topology = 0 0 0 0  (default)
# [2024-04-26 15:51:37] INFO: # PARAM :: beta = 6.807
# [2024-04-26 15:51:37] INFO: # PARAM :: format = nersc
# [2024-04-26 15:51:37] INFO: # PARAM :: endianness = auto
# [2024-04-26 15:51:37] INFO: # PARAM :: conf_nr = 450000
# [2024-04-26 15:51:37] INFO: # PARAM :: stream = a
# [2024-04-26 15:51:37] INFO: # PARAM :: prec_out = 0 (default)
# [2024-04-26 15:51:37] INFO: # PARAM :: measurements_dir = ./ (default)
# [2024-04-26 15:51:37] INFO: # PARAM :: use_unit_conf = 0 (default)
# [2024-04-26 15:51:37] INFO: # PARAM :: output_dir = .
# [2024-04-26 15:51:37] INFO: # PARAM :: nconfs = 100
# [2024-04-26 15:51:37] INFO: # PARAM :: nsweeps_ORperHB = 4
# [2024-04-26 15:51:37] INFO: # PARAM :: nsweeps_HBwithOR = 500
# [2024-04-26 15:51:37] INFO: # PARAM :: prev_conf = conf_s060t20_b0680700_a_U000450000
# [2024-04-26 15:51:37] INFO: # PARAM :: prev_rand = rand_s060t20_b0680700_a_U000450000
# [2024-04-26 15:51:37] INFO: > Running on:
# [2024-04-26 15:51:37] INFO: [Rank 0] > notch271 CPU_53 GPU_40; MPI: world_rank=0, node_rank=0, coord: ( 0 0 0 0 )
# [2024-04-26 15:51:37] INFO: > Is MPI CUDA-aware? @compilation 
# [2024-04-26 15:51:37] INFO: > GPU compute capability: 75
# [2024-04-26 15:51:37] INFO: > Checking support for P2P (Peer-to-Peer) and UVA (Unified Virtual Addressing):
# [2024-04-26 15:51:37] INFO: [Rank 0] > notch271 GPU_40(NVIDIA GeForce RTX 2080 Ti): P2P NO ; UVA YES
# [2024-04-26 15:51:37] INFO: Initialize Indexer with HaloDepth = 1[0;33m[0m
# [2024-04-26 15:51:37] INFO: Resuming previous run.
# [2024-04-26 15:51:37] INFO: readconf_nersc: Reading NERSC configuration conf_s060t20_b0680700_a_U000450000
# [2024-04-26 15:51:51] INFO: Next conf_number will be 450500
# [2024-04-26 15:51:51] INFO: Generating up to 100 confs with a separation of 500 HBOR sweeps (OR/HB = 4) ...
# [2024-04-26 15:51:51] INFO: ======================================================================
# [2024-04-26 15:51:51] INFO: Start sweeping...
# [2024-04-26 15:58:27] INFO: It took 396.198 seconds to do 500 HBOR sweeps.
# [2024-04-26 15:58:27] INFO: Plaquette = 0.659756
# [2024-04-26 15:58:27] INFO: Polyakov loop = (0.00192917,-1.27775e-05)
# [2024-04-26 15:58:27] INFO: Writing conf to disk...
# [2024-04-26 15:58:27] INFO: writeconf_nersc: Writing NERSC configuration ./conf_s060t20_b0680700_a_U000450500
# [2024-04-26 15:58:30] INFO: Calculated checksum: 95278d87
# [2024-04-26 15:59:01] INFO: Calculated checksum: f6b56742
# [2024-04-26 15:59:01] INFO: Writing RNGSTATE file: ./rand_s060t20_b0680700_a_U000450500
# [2024-04-26 15:59:05] INFO: Writing to disk took 37.903 seconds
# [2024-04-26 15:59:05] INFO: ======================================================================
# [2024-04-26 15:59:05] INFO: Start sweeping...
# [2024-04-26 16:05:43] INFO: It took 397.783 seconds to do 500 HBOR sweeps.
# [2024-04-26 16:05:43] INFO: Plaquette = 0.659638
# [2024-04-26 16:05:43] INFO: Polyakov loop = (0.00306178,3.19095e-05)
# [2024-04-26 16:05:43] INFO: Writing conf to disk...
# [2024-04-26 16:05:43] INFO: writeconf_nersc: Writing NERSC configuration ./conf_s060t20_b0680700_a_U000451000
# [2024-04-26 16:05:46] INFO: Calculated checksum: ba79d19c
# [2024-04-26 16:06:54] INFO: Calculated checksum: c85a9d7b
# [2024-04-26 16:06:54] INFO: Writing RNGSTATE file: ./rand_s060t20_b0680700_a_U000451000
# [2024-04-26 16:06:55] INFO: Writing to disk took 71.7455 seconds
# [2024-04-26 16:06:55] INFO: ======================================================================
# [2024-04-26 16:06:55] INFO: Start sweeping...
# [2024-04-26 16:13:32] INFO: It took 397.173 seconds to do 500 HBOR sweeps.
# [2024-04-26 16:13:32] INFO: Plaquette = 0.659713
# [2024-04-26 16:13:32] INFO: Polyakov loop = (0.00344306,-0.000134294)
# [2024-04-26 16:13:32] INFO: Writing conf to disk...
# [2024-04-26 16:13:32] INFO: writeconf_nersc: Writing NERSC configuration ./conf_s060t20_b0680700_a_U000451500
# [2024-04-26 16:13:36] INFO: Calculated checksum: 1d9e1e0c
# [2024-04-26 16:14:30] INFO: Calculated checksum: ae99535b
# [2024-04-26 16:14:30] INFO: Writing RNGSTATE file: ./rand_s060t20_b0680700_a_U000451500
# [2024-04-26 16:14:31] INFO: Writing to disk took 58.7546 seconds
# [2024-04-26 16:14:31] INFO: ======================================================================
# [2024-04-26 16:14:31] INFO: Start sweeping...
# [2024-04-26 16:21:08] INFO: It took 397.351 seconds to do 500 HBOR sweeps.
# [2024-04-26 16:21:08] INFO: Plaquette = 0.659717
# [2024-04-26 16:21:08] INFO: Polyakov loop = (0.00203143,-1.37221e-05)
# [2024-04-26 16:21:08] INFO: Writing conf to disk...
# [2024-04-26 16:21:08] INFO: writeconf_nersc: Writing NERSC configuration ./conf_s060t20_b0680700_a_U000452000
# [2024-04-26 16:21:12] INFO: Calculated checksum: abbfc4da
# [2024-04-26 16:22:19] INFO: Calculated checksum: 6234f7ce
# [2024-04-26 16:22:19] INFO: Writing RNGSTATE file: ./rand_s060t20_b0680700_a_U000452000
# [2024-04-26 16:22:20] INFO: Writing to disk took 71.6049 seconds
# [2024-04-26 16:22:20] INFO: ======================================================================
# [2024-04-26 16:22:20] INFO: Start sweeping...
# [2024-04-26 16:28:57] INFO: It took 397.171 seconds to do 500 HBOR sweeps.
# [2024-04-26 16:28:57] INFO: Plaquette = 0.659688
# [2024-04-26 16:28:57] INFO: Polyakov loop = (0.00351184,0.000651296)
# [2024-04-26 16:28:57] INFO: Writing conf to disk...
# [2024-04-26 16:28:57] INFO: writeconf_nersc: Writing NERSC configuration ./conf_s060t20_b0680700_a_U000452500
# [2024-04-26 16:29:00] INFO: Calculated checksum: 6ff96371
# [2024-04-26 16:29:20] INFO: Calculated checksum: a9b42c5f
# [2024-04-26 16:29:20] INFO: Writing RNGSTATE file: ./rand_s060t20_b0680700_a_U000452500
# [2024-04-26 16:29:20] INFO: Writing to disk took 23.5697 seconds
# [2024-04-26 16:29:20] INFO: ======================================================================
# [2024-04-26 16:29:20] INFO: Start sweeping...
# [2024-04-26 16:35:59] INFO: It took 398.133 seconds to do 500 HBOR sweeps.
# [2024-04-26 16:35:59] INFO: Plaquette = 0.659709
# [2024-04-26 16:35:59] INFO: Polyakov loop = (0.00297462,0.000262848)
# [2024-04-26 16:35:59] INFO: Writing conf to disk...
# [2024-04-26 16:35:59] INFO: writeconf_nersc: Writing NERSC configuration ./conf_s060t20_b0680700_a_U000453000
# [2024-04-26 16:36:02] INFO: Calculated checksum: 926183d1
# [2024-04-26 16:36:21] INFO: Calculated checksum: 8f2e0ada
# [2024-04-26 16:36:21] INFO: Writing RNGSTATE file: ./rand_s060t20_b0680700_a_U000453000
# [2024-04-26 16:36:22] INFO: Writing to disk took 23.7163 seconds
# [2024-04-26 16:36:22] INFO: ======================================================================
# [2024-04-26 16:36:22] INFO: Start sweeping...
# [2024-04-26 16:43:00] INFO: It took 398.155 seconds to do 500 HBOR sweeps.
# [2024-04-26 16:43:01] INFO: Plaquette = 0.659623
# [2024-04-26 16:43:01] INFO: Polyakov loop = (0.00280154,-0.000742208)
# [2024-04-26 16:43:01] INFO: Writing conf to disk...
# [2024-04-26 16:43:01] INFO: writeconf_nersc: Writing NERSC configuration ./conf_s060t20_b0680700_a_U000453500
# [2024-04-26 16:43:04] INFO: Calculated checksum: 9b7fcb45
# [2024-04-26 16:43:17] INFO: Calculated checksum: dca7c795
# [2024-04-26 16:43:17] INFO: Writing RNGSTATE file: ./rand_s060t20_b0680700_a_U000453500
# [2024-04-26 16:43:17] INFO: Writing to disk took 16.56 seconds
# [2024-04-26 16:43:17] INFO: ======================================================================
# [2024-04-26 16:43:17] INFO: Start sweeping...
# [2024-04-26 16:49:55] INFO: It took 398.273 seconds to do 500 HBOR sweeps.
# [2024-04-26 16:49:55] INFO: Plaquette = 0.659599
# [2024-04-26 16:49:55] INFO: Polyakov loop = (0.00257482,-0.001084)
# [2024-04-26 16:49:55] INFO: Writing conf to disk...
# [2024-04-26 16:49:55] INFO: writeconf_nersc: Writing NERSC configuration ./conf_s060t20_b0680700_a_U000454000
# [2024-04-26 16:49:58] INFO: Calculated checksum: 3fcb2c38
# [2024-04-26 16:50:14] INFO: Calculated checksum: c40b8130
# [2024-04-26 16:50:14] INFO: Writing RNGSTATE file: ./rand_s060t20_b0680700_a_U000454000
# [2024-04-26 16:50:14] INFO: Writing to disk took 18.8427 seconds
# [2024-04-26 16:50:14] INFO: ======================================================================
# [2024-04-26 16:50:14] INFO: Start sweeping...
# [2024-04-26 16:56:52] INFO: It took 398.188 seconds to do 500 HBOR sweeps.
# [2024-04-26 16:56:52] INFO: Plaquette = 0.659651
# [2024-04-26 16:56:52] INFO: Polyakov loop = (0.00183272,-0.000120653)
# [2024-04-26 16:56:52] INFO: Writing conf to disk...
# [2024-04-26 16:56:52] INFO: writeconf_nersc: Writing NERSC configuration ./conf_s060t20_b0680700_a_U000454500
# [2024-04-26 16:56:56] INFO: Calculated checksum: c7581c3b
# [2024-04-26 16:57:06] INFO: Calculated checksum: 98832a7
# [2024-04-26 16:57:06] INFO: Writing RNGSTATE file: ./rand_s060t20_b0680700_a_U000454500
# [2024-04-26 16:57:06] INFO: Writing to disk took 13.8977 seconds
# [2024-04-26 16:57:06] INFO: ======================================================================
# [2024-04-26 16:57:06] INFO: Start sweeping...
# [2024-04-26 17:03:45] INFO: It took 398.346 seconds to do 500 HBOR sweeps.
# [2024-04-26 17:03:45] INFO: Plaquette = 0.659605
# [2024-04-26 17:03:45] INFO: Polyakov loop = (0.00295296,0.00013127)
# [2024-04-26 17:03:45] INFO: Writing conf to disk...
# [2024-04-26 17:03:45] INFO: writeconf_nersc: Writing NERSC configuration ./conf_s060t20_b0680700_a_U000455000
# [2024-04-26 17:03:48] INFO: Calculated checksum: 37f15e66
# [2024-04-26 17:04:02] INFO: Calculated checksum: 57f0d569
# [2024-04-26 17:04:02] INFO: Writing RNGSTATE file: ./rand_s060t20_b0680700_a_U000455000
# [2024-04-26 17:04:02] INFO: Writing to disk took 17.5199 seconds
# [2024-04-26 17:04:02] INFO: ======================================================================
# [2024-04-26 17:04:02] INFO: Start sweeping...
# [2024-04-26 17:10:41] INFO: It took 398.258 seconds to do 500 HBOR sweeps.
# [2024-04-26 17:10:41] INFO: Plaquette = 0.659695
# [2024-04-26 17:10:41] INFO: Polyakov loop = (0.00198555,0.000773511)
# [2024-04-26 17:10:41] INFO: Writing conf to disk...
# [2024-04-26 17:10:41] INFO: writeconf_nersc: Writing NERSC configuration ./conf_s060t20_b0680700_a_U000455500
# [2024-04-26 17:10:44] INFO: Calculated checksum: 408e2c6f
# [2024-04-26 17:10:55] INFO: Calculated checksum: b2e85b82
# [2024-04-26 17:10:55] INFO: Writing RNGSTATE file: ./rand_s060t20_b0680700_a_U000455500
# [2024-04-26 17:10:55] INFO: Writing to disk took 14.1837 seconds
# [2024-04-26 17:10:55] INFO: ======================================================================
# [2024-04-26 17:10:55] INFO: Start sweeping...
# [2024-04-26 17:17:33] INFO: It took 398.312 seconds to do 500 HBOR sweeps.
# [2024-04-26 17:17:33] INFO: Plaquette = 0.659719
# [2024-04-26 17:17:33] INFO: Polyakov loop = (0.00238718,0.000659311)
# [2024-04-26 17:17:33] INFO: Writing conf to disk...
# [2024-04-26 17:17:33] INFO: writeconf_nersc: Writing NERSC configuration ./conf_s060t20_b0680700_a_U000456000
# [2024-04-26 17:17:36] INFO: Calculated checksum: 81e9f1b8
# [2024-04-26 17:17:53] INFO: Calculated checksum: 856674a9
# [2024-04-26 17:17:53] INFO: Writing RNGSTATE file: ./rand_s060t20_b0680700_a_U000456000
# [2024-04-26 17:17:53] INFO: Writing to disk took 19.8322 seconds
# [2024-04-26 17:17:53] INFO: ======================================================================
# [2024-04-26 17:17:53] INFO: Start sweeping...
# [2024-04-26 17:24:31] INFO: It took 398.238 seconds to do 500 HBOR sweeps.
# [2024-04-26 17:24:31] INFO: Plaquette = 0.659711
# [2024-04-26 17:24:31] INFO: Polyakov loop = (0.00243676,0.000461577)
# [2024-04-26 17:24:31] INFO: Writing conf to disk...
# [2024-04-26 17:24:31] INFO: writeconf_nersc: Writing NERSC configuration ./conf_s060t20_b0680700_a_U000456500
# [2024-04-26 17:24:34] INFO: Calculated checksum: 7f0ddac1
# [2024-04-26 17:24:46] INFO: Calculated checksum: 11a07943
# [2024-04-26 17:24:46] INFO: Writing RNGSTATE file: ./rand_s060t20_b0680700_a_U000456500
# [2024-04-26 17:24:46] INFO: Writing to disk took 14.9828 seconds
# [2024-04-26 17:24:46] INFO: ======================================================================
# [2024-04-26 17:24:46] INFO: Start sweeping...
# [2024-04-26 17:31:25] INFO: It took 398.312 seconds to do 500 HBOR sweeps.
# [2024-04-26 17:31:25] INFO: Plaquette = 0.659663
# [2024-04-26 17:31:25] INFO: Polyakov loop = (0.00209195,0.000240749)
# [2024-04-26 17:31:25] INFO: Writing conf to disk...
# [2024-04-26 17:31:25] INFO: writeconf_nersc: Writing NERSC configuration ./conf_s060t20_b0680700_a_U000457000
# [2024-04-26 17:31:28] INFO: Calculated checksum: 2dec2d2b
# [2024-04-26 17:31:58] INFO: Calculated checksum: 7a5403c2
# [2024-04-26 17:31:58] INFO: Writing RNGSTATE file: ./rand_s060t20_b0680700_a_U000457000
# [2024-04-26 17:31:58] INFO: Writing to disk took 33.6262 seconds
# [2024-04-26 17:31:58] INFO: ======================================================================
# [2024-04-26 17:31:58] INFO: Start sweeping...
# [2024-04-26 17:38:36] INFO: It took 397.941 seconds to do 500 HBOR sweeps.
# [2024-04-26 17:38:36] INFO: Plaquette = 0.659621
# [2024-04-26 17:38:36] INFO: Polyakov loop = (0.00227701,0.000252475)
# [2024-04-26 17:38:36] INFO: Writing conf to disk...
# [2024-04-26 17:38:36] INFO: writeconf_nersc: Writing NERSC configuration ./conf_s060t20_b0680700_a_U000457500
# [2024-04-26 17:38:39] INFO: Calculated checksum: 82845723
# [2024-04-26 17:38:51] INFO: Calculated checksum: db49655b
# [2024-04-26 17:38:51] INFO: Writing RNGSTATE file: ./rand_s060t20_b0680700_a_U000457500
# [2024-04-26 17:38:52] INFO: Writing to disk took 15.3484 seconds
# [2024-04-26 17:38:52] INFO: ======================================================================
# [2024-04-26 17:38:52] INFO: Start sweeping...
# [2024-04-26 17:45:30] INFO: It took 398.298 seconds to do 500 HBOR sweeps.
# [2024-04-26 17:45:30] INFO: Plaquette = 0.659645
# [2024-04-26 17:45:30] INFO: Polyakov loop = (0.00335526,-4.08703e-05)
# [2024-04-26 17:45:30] INFO: Writing conf to disk...
# [2024-04-26 17:45:30] INFO: writeconf_nersc: Writing NERSC configuration ./conf_s060t20_b0680700_a_U000458000
# [2024-04-26 17:45:33] INFO: Calculated checksum: 81d775ed
# [2024-04-26 17:45:47] INFO: Calculated checksum: 66ee80e
# [2024-04-26 17:45:47] INFO: Writing RNGSTATE file: ./rand_s060t20_b0680700_a_U000458000
# [2024-04-26 17:45:47] INFO: Writing to disk took 17.0401 seconds
# [2024-04-26 17:45:47] INFO: ======================================================================
# [2024-04-26 17:45:47] INFO: Start sweeping...
# [2024-04-26 17:52:25] INFO: It took 398.241 seconds to do 500 HBOR sweeps.
# [2024-04-26 17:52:25] INFO: Plaquette = 0.659628
# [2024-04-26 17:52:25] INFO: Polyakov loop = (0.00233258,8.19713e-05)
# [2024-04-26 17:52:25] INFO: Writing conf to disk...
# [2024-04-26 17:52:25] INFO: writeconf_nersc: Writing NERSC configuration ./conf_s060t20_b0680700_a_U000458500
# [2024-04-26 17:52:28] INFO: Calculated checksum: 39c3cfc4
# [2024-04-26 17:52:37] INFO: Calculated checksum: 70b75d19
# [2024-04-26 17:52:37] INFO: Writing RNGSTATE file: ./rand_s060t20_b0680700_a_U000458500
# [2024-04-26 17:52:38] INFO: Writing to disk took 12.7227 seconds
# [2024-04-26 17:52:38] INFO: ======================================================================
# [2024-04-26 17:52:38] INFO: Start sweeping...
# [2024-04-26 17:59:16] INFO: It took 398.3 seconds to do 500 HBOR sweeps.
# [2024-04-26 17:59:16] INFO: Plaquette = 0.659817
# [2024-04-26 17:59:16] INFO: Polyakov loop = (0.00246804,0.00042652)
# [2024-04-26 17:59:16] INFO: Writing conf to disk...
# [2024-04-26 17:59:16] INFO: writeconf_nersc: Writing NERSC configuration ./conf_s060t20_b0680700_a_U000459000
# [2024-04-26 17:59:19] INFO: Calculated checksum: 8c63f808
# [2024-04-26 17:59:28] INFO: Calculated checksum: fe3289c0
# [2024-04-26 17:59:28] INFO: Writing RNGSTATE file: ./rand_s060t20_b0680700_a_U000459000
# [2024-04-26 17:59:29] INFO: Writing to disk took 12.6575 seconds
# [2024-04-26 17:59:29] INFO: ======================================================================
# [2024-04-26 17:59:29] INFO: Start sweeping...
# [2024-04-26 18:06:07] INFO: It took 398.339 seconds to do 500 HBOR sweeps.
# [2024-04-26 18:06:07] INFO: Plaquette = 0.659655
# [2024-04-26 18:06:07] INFO: Polyakov loop = (0.00343053,0.000788304)
# [2024-04-26 18:06:07] INFO: Writing conf to disk...
# [2024-04-26 18:06:07] INFO: writeconf_nersc: Writing NERSC configuration ./conf_s060t20_b0680700_a_U000459500
# [2024-04-26 18:06:10] INFO: Calculated checksum: 7baf4c7
# [2024-04-26 18:06:17] INFO: Calculated checksum: f89aca6e
# [2024-04-26 18:06:17] INFO: Writing RNGSTATE file: ./rand_s060t20_b0680700_a_U000459500
# [2024-04-26 18:06:18] INFO: Writing to disk took 10.2688 seconds
# [2024-04-26 18:06:18] INFO: ======================================================================
# [2024-04-26 18:06:18] INFO: Start sweeping...
# [2024-04-26 18:12:56] INFO: It took 398.33 seconds to do 500 HBOR sweeps.
# [2024-04-26 18:12:56] INFO: Plaquette = 0.659699
# [2024-04-26 18:12:56] INFO: Polyakov loop = (0.00209205,-0.000680287)
# [2024-04-26 18:12:56] INFO: Writing conf to disk...
# [2024-04-26 18:12:56] INFO: writeconf_nersc: Writing NERSC configuration ./conf_s060t20_b0680700_a_U000460000
# [2024-04-26 18:12:59] INFO: Calculated checksum: e8657b3d
# [2024-04-26 18:13:13] INFO: Calculated checksum: 50f93514
# [2024-04-26 18:13:13] INFO: Writing RNGSTATE file: ./rand_s060t20_b0680700_a_U000460000
# [2024-04-26 18:13:13] INFO: Writing to disk took 17.2802 seconds
# [2024-04-26 18:13:13] INFO: ======================================================================
# [2024-04-26 18:13:13] INFO: Start sweeping...
# [2024-04-26 18:19:52] INFO: It took 398.252 seconds to do 500 HBOR sweeps.
# [2024-04-26 18:19:52] INFO: Plaquette = 0.659656
# [2024-04-26 18:19:52] INFO: Polyakov loop = (0.00180286,-0.000121152)
# [2024-04-26 18:19:52] INFO: Writing conf to disk...
# [2024-04-26 18:19:52] INFO: writeconf_nersc: Writing NERSC configuration ./conf_s060t20_b0680700_a_U000460500
# [2024-04-26 18:19:55] INFO: Calculated checksum: f075b769
# [2024-04-26 18:20:01] INFO: Calculated checksum: 4bad42db
# [2024-04-26 18:20:01] INFO: Writing RNGSTATE file: ./rand_s060t20_b0680700_a_U000460500
# [2024-04-26 18:20:02] INFO: Writing to disk took 9.93274 seconds
# [2024-04-26 18:20:02] INFO: ======================================================================
# [2024-04-26 18:20:02] INFO: Start sweeping...
# [2024-04-26 18:26:40] INFO: It took 398.336 seconds to do 500 HBOR sweeps.
# [2024-04-26 18:26:40] INFO: Plaquette = 0.659685
# [2024-04-26 18:26:40] INFO: Polyakov loop = (0.00157084,-3.52191e-05)
# [2024-04-26 18:26:40] INFO: Writing conf to disk...
# [2024-04-26 18:26:40] INFO: writeconf_nersc: Writing NERSC configuration ./conf_s060t20_b0680700_a_U000461000
# [2024-04-26 18:26:43] INFO: Calculated checksum: fab84a6a
# [2024-04-26 18:26:51] INFO: Calculated checksum: e8f1f7ce
# [2024-04-26 18:26:51] INFO: Writing RNGSTATE file: ./rand_s060t20_b0680700_a_U000461000
# [2024-04-26 18:26:51] INFO: Writing to disk took 11.1335 seconds
# [2024-04-26 18:26:51] INFO: ======================================================================
# [2024-04-26 18:26:51] INFO: Start sweeping...
# [2024-04-26 18:33:29] INFO: It took 398.296 seconds to do 500 HBOR sweeps.
# [2024-04-26 18:33:29] INFO: Plaquette = 0.659698
# [2024-04-26 18:33:29] INFO: Polyakov loop = (0.00248938,-0.000597551)
# [2024-04-26 18:33:29] INFO: Writing conf to disk...
# [2024-04-26 18:33:29] INFO: writeconf_nersc: Writing NERSC configuration ./conf_s060t20_b0680700_a_U000461500
# [2024-04-26 18:33:32] INFO: Calculated checksum: 3b5fd8e4
# [2024-04-26 18:33:40] INFO: Calculated checksum: dabcabf
# [2024-04-26 18:33:40] INFO: Writing RNGSTATE file: ./rand_s060t20_b0680700_a_U000461500
# [2024-04-26 18:33:40] INFO: Writing to disk took 10.6221 seconds
# [2024-04-26 18:33:40] INFO: ======================================================================
# [2024-04-26 18:33:40] INFO: Start sweeping...
# [2024-04-26 18:40:18] INFO: It took 398.308 seconds to do 500 HBOR sweeps.
# [2024-04-26 18:40:18] INFO: Plaquette = 0.65968
# [2024-04-26 18:40:18] INFO: Polyakov loop = (0.00166775,0.000272331)
# [2024-04-26 18:40:18] INFO: Writing conf to disk...
# [2024-04-26 18:40:18] INFO: writeconf_nersc: Writing NERSC configuration ./conf_s060t20_b0680700_a_U000462000
# [2024-04-26 18:40:21] INFO: Calculated checksum: 80813df9
# [2024-04-26 18:40:28] INFO: Calculated checksum: df2d123d
# [2024-04-26 18:40:28] INFO: Writing RNGSTATE file: ./rand_s060t20_b0680700_a_U000462000
# [2024-04-26 18:40:29] INFO: Writing to disk took 10.2628 seconds
# [2024-04-26 18:40:29] INFO: ======================================================================
# [2024-04-26 18:40:29] INFO: Start sweeping...
# [2024-04-26 18:47:07] INFO: It took 398.354 seconds to do 500 HBOR sweeps.
# [2024-04-26 18:47:07] INFO: Plaquette = 0.659735
# [2024-04-26 18:47:07] INFO: Polyakov loop = (0.00185568,0.00116705)
# [2024-04-26 18:47:07] INFO: Writing conf to disk...
# [2024-04-26 18:47:07] INFO: writeconf_nersc: Writing NERSC configuration ./conf_s060t20_b0680700_a_U000462500
# [2024-04-26 18:47:10] INFO: Calculated checksum: d057d2a8
# [2024-04-26 18:47:18] INFO: Calculated checksum: 50ec6856
# [2024-04-26 18:47:18] INFO: Writing RNGSTATE file: ./rand_s060t20_b0680700_a_U000462500
# [2024-04-26 18:47:18] INFO: Writing to disk took 10.8428 seconds
# [2024-04-26 18:47:18] INFO: ======================================================================
# [2024-04-26 18:47:18] INFO: Start sweeping...
# [2024-04-26 18:53:56] INFO: It took 398.338 seconds to do 500 HBOR sweeps.
# [2024-04-26 18:53:56] INFO: Plaquette = 0.659571
# [2024-04-26 18:53:56] INFO: Polyakov loop = (0.00254377,-0.000933145)
# [2024-04-26 18:53:56] INFO: Writing conf to disk...
# [2024-04-26 18:53:56] INFO: writeconf_nersc: Writing NERSC configuration ./conf_s060t20_b0680700_a_U000463000
# [2024-04-26 18:53:59] INFO: Calculated checksum: 1a7e3738
# [2024-04-26 18:54:06] INFO: Calculated checksum: f66f8d09
# [2024-04-26 18:54:06] INFO: Writing RNGSTATE file: ./rand_s060t20_b0680700_a_U000463000
# [2024-04-26 18:54:06] INFO: Writing to disk took 10.0935 seconds
# [2024-04-26 18:54:06] INFO: ======================================================================
# [2024-04-26 18:54:06] INFO: Start sweeping...
# [2024-04-26 19:00:45] INFO: It took 398.357 seconds to do 500 HBOR sweeps.
# [2024-04-26 19:00:45] INFO: Plaquette = 0.659706
# [2024-04-26 19:00:45] INFO: Polyakov loop = (0.00240955,0.000512211)
# [2024-04-26 19:00:45] INFO: Writing conf to disk...
# [2024-04-26 19:00:45] INFO: writeconf_nersc: Writing NERSC configuration ./conf_s060t20_b0680700_a_U000463500
# [2024-04-26 19:00:48] INFO: Calculated checksum: fa00544c
# [2024-04-26 19:00:56] INFO: Calculated checksum: df6bc6ab
# [2024-04-26 19:00:56] INFO: Writing RNGSTATE file: ./rand_s060t20_b0680700_a_U000463500
# [2024-04-26 19:00:56] INFO: Writing to disk took 11.247 seconds
# [2024-04-26 19:00:56] INFO: ======================================================================
# [2024-04-26 19:00:56] INFO: Start sweeping...
# [2024-04-26 19:07:34] INFO: It took 398.342 seconds to do 500 HBOR sweeps.
# [2024-04-26 19:07:34] INFO: Plaquette = 0.659633
# [2024-04-26 19:07:34] INFO: Polyakov loop = (0.00113468,-0.000149383)
# [2024-04-26 19:07:34] INFO: Writing conf to disk...
# [2024-04-26 19:07:34] INFO: writeconf_nersc: Writing NERSC configuration ./conf_s060t20_b0680700_a_U000464000
# [2024-04-26 19:07:37] INFO: Calculated checksum: c4d0c70
# [2024-04-26 19:07:45] INFO: Calculated checksum: e6e2d6e
# [2024-04-26 19:07:45] INFO: Writing RNGSTATE file: ./rand_s060t20_b0680700_a_U000464000
# [2024-04-26 19:07:45] INFO: Writing to disk took 10.5318 seconds
# [2024-04-26 19:07:45] INFO: ======================================================================
# [2024-04-26 19:07:45] INFO: Start sweeping...
# [2024-04-26 19:14:23] INFO: It took 398.342 seconds to do 500 HBOR sweeps.
# [2024-04-26 19:14:23] INFO: Plaquette = 0.65964
# [2024-04-26 19:14:23] INFO: Polyakov loop = (0.00186656,-0.00076853)
# [2024-04-26 19:14:23] INFO: Writing conf to disk...
# [2024-04-26 19:14:23] INFO: writeconf_nersc: Writing NERSC configuration ./conf_s060t20_b0680700_a_U000464500
# [2024-04-26 19:14:26] INFO: Calculated checksum: 63c02743
# [2024-04-26 19:14:34] INFO: Calculated checksum: 26d2824f
# [2024-04-26 19:14:34] INFO: Writing RNGSTATE file: ./rand_s060t20_b0680700_a_U000464500
# [2024-04-26 19:14:35] INFO: Writing to disk took 11.1997 seconds
# [2024-04-26 19:14:35] INFO: ======================================================================
# [2024-04-26 19:14:35] INFO: Start sweeping...
# [2024-04-26 19:21:13] INFO: It took 398.339 seconds to do 500 HBOR sweeps.
# [2024-04-26 19:21:13] INFO: Plaquette = 0.659657
# [2024-04-26 19:21:13] INFO: Polyakov loop = (-0.00015754,-0.0010972)
# [2024-04-26 19:21:13] INFO: Writing conf to disk...
# [2024-04-26 19:21:13] INFO: writeconf_nersc: Writing NERSC configuration ./conf_s060t20_b0680700_a_U000465000
# [2024-04-26 19:21:16] INFO: Calculated checksum: b7a9cdbe
# [2024-04-26 19:21:24] INFO: Calculated checksum: ff7699e6
# [2024-04-26 19:21:24] INFO: Writing RNGSTATE file: ./rand_s060t20_b0680700_a_U000465000
# [2024-04-26 19:21:24] INFO: Writing to disk took 11.0467 seconds
# [2024-04-26 19:21:24] INFO: ======================================================================
# [2024-04-26 19:21:24] INFO: Start sweeping...
# [2024-04-26 19:28:02] INFO: It took 398.316 seconds to do 500 HBOR sweeps.
# [2024-04-26 19:28:02] INFO: Plaquette = 0.659694
# [2024-04-26 19:28:02] INFO: Polyakov loop = (0.00181648,0.000581513)
# [2024-04-26 19:28:02] INFO: Writing conf to disk...
# [2024-04-26 19:28:02] INFO: writeconf_nersc: Writing NERSC configuration ./conf_s060t20_b0680700_a_U000465500
# [2024-04-26 19:28:05] INFO: Calculated checksum: fab35649
# [2024-04-26 19:28:14] INFO: Calculated checksum: 41b4ab6e
# [2024-04-26 19:28:14] INFO: Writing RNGSTATE file: ./rand_s060t20_b0680700_a_U000465500
# [2024-04-26 19:28:14] INFO: Writing to disk took 11.7486 seconds
# [2024-04-26 19:28:14] INFO: ======================================================================
# [2024-04-26 19:28:14] INFO: Start sweeping...
# [2024-04-26 19:34:52] INFO: It took 398.328 seconds to do 500 HBOR sweeps.
# [2024-04-26 19:34:53] INFO: Plaquette = 0.659704
# [2024-04-26 19:34:53] INFO: Polyakov loop = (0.00204727,9.01519e-05)
# [2024-04-26 19:34:53] INFO: Writing conf to disk...
# [2024-04-26 19:34:53] INFO: writeconf_nersc: Writing NERSC configuration ./conf_s060t20_b0680700_a_U000466000
# [2024-04-26 19:34:56] INFO: Calculated checksum: c7165166
# [2024-04-26 19:35:04] INFO: Calculated checksum: 1e9a2a34
# [2024-04-26 19:35:04] INFO: Writing RNGSTATE file: ./rand_s060t20_b0680700_a_U000466000
# [2024-04-26 19:35:04] INFO: Writing to disk took 11.8778 seconds
# [2024-04-26 19:35:04] INFO: ======================================================================
# [2024-04-26 19:35:04] INFO: Start sweeping...
# [2024-04-26 19:41:43] INFO: It took 398.332 seconds to do 500 HBOR sweeps.
# [2024-04-26 19:41:43] INFO: Plaquette = 0.659674
# [2024-04-26 19:41:43] INFO: Polyakov loop = (0.00258628,0.000122135)
# [2024-04-26 19:41:43] INFO: Writing conf to disk...
# [2024-04-26 19:41:43] INFO: writeconf_nersc: Writing NERSC configuration ./conf_s060t20_b0680700_a_U000466500
# [2024-04-26 19:41:46] INFO: Calculated checksum: 56cd9902
# [2024-04-26 19:41:57] INFO: Calculated checksum: affc7b94
# [2024-04-26 19:41:57] INFO: Writing RNGSTATE file: ./rand_s060t20_b0680700_a_U000466500
# [2024-04-26 19:41:58] INFO: Writing to disk took 14.7872 seconds
# [2024-04-26 19:41:58] INFO: ======================================================================
# [2024-04-26 19:41:58] INFO: Start sweeping...
# [2024-04-26 19:48:36] INFO: It took 398.291 seconds to do 500 HBOR sweeps.
# [2024-04-26 19:48:36] INFO: Plaquette = 0.659683
# [2024-04-26 19:48:36] INFO: Polyakov loop = (0.00311882,-0.000304472)
# [2024-04-26 19:48:36] INFO: Writing conf to disk...
# [2024-04-26 19:48:36] INFO: writeconf_nersc: Writing NERSC configuration ./conf_s060t20_b0680700_a_U000467000
# [2024-04-26 19:48:39] INFO: Calculated checksum: 48babc16
# [2024-04-26 19:48:50] INFO: Calculated checksum: 8d1643ce
# [2024-04-26 19:48:51] INFO: Writing RNGSTATE file: ./rand_s060t20_b0680700_a_U000467000
# [2024-04-26 19:48:51] INFO: Writing to disk took 14.8678 seconds
# [2024-04-26 19:48:51] INFO: ======================================================================
# [2024-04-26 19:48:51] INFO: Start sweeping...
# [2024-04-26 19:55:29] INFO: It took 398.306 seconds to do 500 HBOR sweeps.
# [2024-04-26 19:55:29] INFO: Plaquette = 0.659625
# [2024-04-26 19:55:29] INFO: Polyakov loop = (0.00222983,-0.000291801)
# [2024-04-26 19:55:29] INFO: Writing conf to disk...
# [2024-04-26 19:55:29] INFO: writeconf_nersc: Writing NERSC configuration ./conf_s060t20_b0680700_a_U000467500
# [2024-04-26 19:55:32] INFO: Calculated checksum: 23e45461
# [2024-04-26 19:55:43] INFO: Calculated checksum: 48e2678a
# [2024-04-26 19:55:43] INFO: Writing RNGSTATE file: ./rand_s060t20_b0680700_a_U000467500
# [2024-04-26 19:55:43] INFO: Writing to disk took 13.9411 seconds
# [2024-04-26 19:55:43] INFO: ======================================================================
# [2024-04-26 19:55:43] INFO: Start sweeping...
# [2024-04-26 20:02:21] INFO: It took 398.312 seconds to do 500 HBOR sweeps.
# [2024-04-26 20:02:21] INFO: Plaquette = 0.659651
# [2024-04-26 20:02:21] INFO: Polyakov loop = (0.00286739,-0.000862314)
# [2024-04-26 20:02:21] INFO: Writing conf to disk...
# [2024-04-26 20:02:21] INFO: writeconf_nersc: Writing NERSC configuration ./conf_s060t20_b0680700_a_U000468000
# [2024-04-26 20:02:24] INFO: Calculated checksum: 7a01831d
# [2024-04-26 20:02:35] INFO: Calculated checksum: abda6c73
# [2024-04-26 20:02:35] INFO: Writing RNGSTATE file: ./rand_s060t20_b0680700_a_U000468000
# [2024-04-26 20:02:36] INFO: Writing to disk took 14.2731 seconds
# [2024-04-26 20:02:36] INFO: ======================================================================
# [2024-04-26 20:02:36] INFO: Start sweeping...
# [2024-04-26 20:09:14] INFO: It took 398.306 seconds to do 500 HBOR sweeps.
# [2024-04-26 20:09:14] INFO: Plaquette = 0.659654
# [2024-04-26 20:09:14] INFO: Polyakov loop = (0.00177186,-0.000564883)
# [2024-04-26 20:09:14] INFO: Writing conf to disk...
# [2024-04-26 20:09:14] INFO: writeconf_nersc: Writing NERSC configuration ./conf_s060t20_b0680700_a_U000468500
# [2024-04-26 20:09:17] INFO: Calculated checksum: 1f6da6d3
# [2024-04-26 20:09:29] INFO: Calculated checksum: c5a1c0af
# [2024-04-26 20:09:29] INFO: Writing RNGSTATE file: ./rand_s060t20_b0680700_a_U000468500
# [2024-04-26 20:09:29] INFO: Writing to disk took 15.3905 seconds
# [2024-04-26 20:09:29] INFO: ======================================================================
# [2024-04-26 20:09:29] INFO: Start sweeping...
# [2024-04-26 20:16:08] INFO: It took 398.219 seconds to do 500 HBOR sweeps.
# [2024-04-26 20:16:08] INFO: Plaquette = 0.659666
# [2024-04-26 20:16:08] INFO: Polyakov loop = (0.00318733,0.000395091)
# [2024-04-26 20:16:08] INFO: Writing conf to disk...
# [2024-04-26 20:16:08] INFO: writeconf_nersc: Writing NERSC configuration ./conf_s060t20_b0680700_a_U000469000
# [2024-04-26 20:16:11] INFO: Calculated checksum: b8284d89
# [2024-04-26 20:16:24] INFO: Calculated checksum: a7a465c1
# [2024-04-26 20:16:24] INFO: Writing RNGSTATE file: ./rand_s060t20_b0680700_a_U000469000
# [2024-04-26 20:16:24] INFO: Writing to disk took 16.365 seconds
# [2024-04-26 20:16:24] INFO: ======================================================================
# [2024-04-26 20:16:24] INFO: Start sweeping...
# [2024-04-26 20:23:02] INFO: It took 398.039 seconds to do 500 HBOR sweeps.
# [2024-04-26 20:23:02] INFO: Plaquette = 0.659736
# [2024-04-26 20:23:02] INFO: Polyakov loop = (0.0023217,0.000672256)
# [2024-04-26 20:23:02] INFO: Writing conf to disk...
# [2024-04-26 20:23:02] INFO: writeconf_nersc: Writing NERSC configuration ./conf_s060t20_b0680700_a_U000469500
# [2024-04-26 20:23:05] INFO: Calculated checksum: 360c7cd
# [2024-04-26 20:23:14] INFO: Calculated checksum: 55d90d62
# [2024-04-26 20:23:14] INFO: Writing RNGSTATE file: ./rand_s060t20_b0680700_a_U000469500
# [2024-04-26 20:23:15] INFO: Writing to disk took 12.506 seconds
# [2024-04-26 20:23:15] INFO: ======================================================================
# [2024-04-26 20:23:15] INFO: Start sweeping...
# [2024-04-26 20:29:53] INFO: It took 398.271 seconds to do 500 HBOR sweeps.
# [2024-04-26 20:29:53] INFO: Plaquette = 0.659695
# [2024-04-26 20:29:53] INFO: Polyakov loop = (0.00243055,0.0005794)
# [2024-04-26 20:29:53] INFO: Writing conf to disk...
# [2024-04-26 20:29:53] INFO: writeconf_nersc: Writing NERSC configuration ./conf_s060t20_b0680700_a_U000470000
# [2024-04-26 20:29:56] INFO: Calculated checksum: d83f40a
# [2024-04-26 20:30:04] INFO: Calculated checksum: a962449c
# [2024-04-26 20:30:04] INFO: Writing RNGSTATE file: ./rand_s060t20_b0680700_a_U000470000
# [2024-04-26 20:30:05] INFO: Writing to disk took 11.6198 seconds
# [2024-04-26 20:30:05] INFO: ======================================================================
# [2024-04-26 20:30:05] INFO: Start sweeping...
# [2024-04-26 20:36:43] INFO: It took 398.286 seconds to do 500 HBOR sweeps.
# [2024-04-26 20:36:43] INFO: Plaquette = 0.659694
# [2024-04-26 20:36:43] INFO: Polyakov loop = (0.00338327,0.000197323)
# [2024-04-26 20:36:43] INFO: Writing conf to disk...
# [2024-04-26 20:36:43] INFO: writeconf_nersc: Writing NERSC configuration ./conf_s060t20_b0680700_a_U000470500
# [2024-04-26 20:36:46] INFO: Calculated checksum: a3369350
# [2024-04-26 20:36:54] INFO: Calculated checksum: fe099518
# [2024-04-26 20:36:54] INFO: Writing RNGSTATE file: ./rand_s060t20_b0680700_a_U000470500
# [2024-04-26 20:36:54] INFO: Writing to disk took 11.3876 seconds
# [2024-04-26 20:36:54] INFO: ======================================================================
# [2024-04-26 20:36:54] INFO: Start sweeping...
# [2024-04-26 20:43:33] INFO: It took 398.224 seconds to do 500 HBOR sweeps.
# [2024-04-26 20:43:33] INFO: Plaquette = 0.659672
# [2024-04-26 20:43:33] INFO: Polyakov loop = (0.00209036,-8.67274e-05)
# [2024-04-26 20:43:33] INFO: Writing conf to disk...
# [2024-04-26 20:43:33] INFO: writeconf_nersc: Writing NERSC configuration ./conf_s060t20_b0680700_a_U000471000
# [2024-04-26 20:43:36] INFO: Calculated checksum: 6dca66b
# [2024-04-26 20:43:43] INFO: Calculated checksum: 86c27447
# [2024-04-26 20:43:43] INFO: Writing RNGSTATE file: ./rand_s060t20_b0680700_a_U000471000
# [2024-04-26 20:43:43] INFO: Writing to disk took 10.6035 seconds
# [2024-04-26 20:43:43] INFO: ======================================================================
# [2024-04-26 20:43:43] INFO: Start sweeping...
# [2024-04-26 20:50:21] INFO: It took 398.19 seconds to do 500 HBOR sweeps.
# [2024-04-26 20:50:21] INFO: Plaquette = 0.659701
# [2024-04-26 20:50:21] INFO: Polyakov loop = (0.00155483,-0.00049218)
# [2024-04-26 20:50:21] INFO: Writing conf to disk...
# [2024-04-26 20:50:21] INFO: writeconf_nersc: Writing NERSC configuration ./conf_s060t20_b0680700_a_U000471500
# [2024-04-26 20:50:24] INFO: Calculated checksum: 3fcde2ce
# [2024-04-26 20:50:31] INFO: Calculated checksum: 4191f901
# [2024-04-26 20:50:31] INFO: Writing RNGSTATE file: ./rand_s060t20_b0680700_a_U000471500
# [2024-04-26 20:50:32] INFO: Writing to disk took 10.2099 seconds
# [2024-04-26 20:50:32] INFO: ======================================================================
# [2024-04-26 20:50:32] INFO: Start sweeping...
# [2024-04-26 20:57:10] INFO: It took 398.205 seconds to do 500 HBOR sweeps.
# [2024-04-26 20:57:10] INFO: Plaquette = 0.659658
# [2024-04-26 20:57:10] INFO: Polyakov loop = (0.00246871,-0.000462637)
# [2024-04-26 20:57:10] INFO: Writing conf to disk...
# [2024-04-26 20:57:10] INFO: writeconf_nersc: Writing NERSC configuration ./conf_s060t20_b0680700_a_U000472000
# [2024-04-26 20:57:13] INFO: Calculated checksum: 937ae815
# [2024-04-26 20:57:21] INFO: Calculated checksum: 2b903f65
# [2024-04-26 20:57:21] INFO: Writing RNGSTATE file: ./rand_s060t20_b0680700_a_U000472000
# [2024-04-26 20:57:21] INFO: Writing to disk took 11.4356 seconds
# [2024-04-26 20:57:21] INFO: ======================================================================
# [2024-04-26 20:57:21] INFO: Start sweeping...
# [2024-04-26 21:04:00] INFO: It took 398.162 seconds to do 500 HBOR sweeps.
# [2024-04-26 21:04:00] INFO: Plaquette = 0.659656
# [2024-04-26 21:04:00] INFO: Polyakov loop = (0.00176511,-0.000623843)
# [2024-04-26 21:04:00] INFO: Writing conf to disk...
# [2024-04-26 21:04:00] INFO: writeconf_nersc: Writing NERSC configuration ./conf_s060t20_b0680700_a_U000472500
# [2024-04-26 21:04:03] INFO: Calculated checksum: f2107bd3
# [2024-04-26 21:04:11] INFO: Calculated checksum: a9a4790f
# [2024-04-26 21:04:11] INFO: Writing RNGSTATE file: ./rand_s060t20_b0680700_a_U000472500
# [2024-04-26 21:04:11] INFO: Writing to disk took 11.4764 seconds
# [2024-04-26 21:04:11] INFO: ======================================================================
# [2024-04-26 21:04:11] INFO: Start sweeping...
# [2024-04-26 21:10:49] INFO: It took 398.176 seconds to do 500 HBOR sweeps.
# [2024-04-26 21:10:49] INFO: Plaquette = 0.659663
# [2024-04-26 21:10:49] INFO: Polyakov loop = (0.00177263,0.000190771)
# [2024-04-26 21:10:49] INFO: Writing conf to disk...
# [2024-04-26 21:10:49] INFO: writeconf_nersc: Writing NERSC configuration ./conf_s060t20_b0680700_a_U000473000
# [2024-04-26 21:10:52] INFO: Calculated checksum: ec39da09
# [2024-04-26 21:11:05] INFO: Calculated checksum: 5ccd3bfb
# [2024-04-26 21:11:05] INFO: Writing RNGSTATE file: ./rand_s060t20_b0680700_a_U000473000
# [2024-04-26 21:11:06] INFO: Writing to disk took 16.3407 seconds
# [2024-04-26 21:11:06] INFO: ======================================================================
# [2024-04-26 21:11:06] INFO: Start sweeping...
# [2024-04-26 21:17:44] INFO: It took 398.047 seconds to do 500 HBOR sweeps.
# [2024-04-26 21:17:44] INFO: Plaquette = 0.659623
# [2024-04-26 21:17:44] INFO: Polyakov loop = (0.00220757,-0.00105988)
# [2024-04-26 21:17:44] INFO: Writing conf to disk...
# [2024-04-26 21:17:44] INFO: writeconf_nersc: Writing NERSC configuration ./conf_s060t20_b0680700_a_U000473500
# [2024-04-26 21:17:47] INFO: Calculated checksum: 4c7d36b
# [2024-04-26 21:17:55] INFO: Calculated checksum: 2141443d
# [2024-04-26 21:17:55] INFO: Writing RNGSTATE file: ./rand_s060t20_b0680700_a_U000473500
# [2024-04-26 21:17:56] INFO: Writing to disk took 11.7615 seconds
# [2024-04-26 21:17:56] INFO: ======================================================================
# [2024-04-26 21:17:56] INFO: Start sweeping...
# [2024-04-26 21:24:34] INFO: It took 398.175 seconds to do 500 HBOR sweeps.
# [2024-04-26 21:24:34] INFO: Plaquette = 0.659624
# [2024-04-26 21:24:34] INFO: Polyakov loop = (0.00149632,-4.26794e-05)
# [2024-04-26 21:24:34] INFO: Writing conf to disk...
# [2024-04-26 21:24:34] INFO: writeconf_nersc: Writing NERSC configuration ./conf_s060t20_b0680700_a_U000474000
# [2024-04-26 21:24:37] INFO: Calculated checksum: 6a8e53e7
# [2024-04-26 21:24:47] INFO: Calculated checksum: 612cf393
# [2024-04-26 21:24:47] INFO: Writing RNGSTATE file: ./rand_s060t20_b0680700_a_U000474000
# [2024-04-26 21:24:47] INFO: Writing to disk took 13.3293 seconds
# [2024-04-26 21:24:47] INFO: ======================================================================
# [2024-04-26 21:24:47] INFO: Start sweeping...
# [2024-04-26 21:31:25] INFO: It took 398.095 seconds to do 500 HBOR sweeps.
# [2024-04-26 21:31:25] INFO: Plaquette = 0.659581
# [2024-04-26 21:31:25] INFO: Polyakov loop = (0.00233807,0.000806433)
# [2024-04-26 21:31:25] INFO: Writing conf to disk...
# [2024-04-26 21:31:25] INFO: writeconf_nersc: Writing NERSC configuration ./conf_s060t20_b0680700_a_U000474500
# [2024-04-26 21:31:28] INFO: Calculated checksum: 61b4d90c
# [2024-04-26 21:31:35] INFO: Calculated checksum: 224caba3
# [2024-04-26 21:31:35] INFO: Writing RNGSTATE file: ./rand_s060t20_b0680700_a_U000474500
# [2024-04-26 21:31:36] INFO: Writing to disk took 10.537 seconds
# [2024-04-26 21:31:36] INFO: ======================================================================
# [2024-04-26 21:31:36] INFO: Start sweeping...
# [2024-04-26 21:38:14] INFO: It took 398.167 seconds to do 500 HBOR sweeps.
# [2024-04-26 21:38:14] INFO: Plaquette = 0.659714
# [2024-04-26 21:38:14] INFO: Polyakov loop = (0.00284202,0.000915303)
# [2024-04-26 21:38:14] INFO: Writing conf to disk...
# [2024-04-26 21:38:14] INFO: writeconf_nersc: Writing NERSC configuration ./conf_s060t20_b0680700_a_U000475000
# [2024-04-26 21:38:17] INFO: Calculated checksum: df01b67e
# [2024-04-26 21:38:25] INFO: Calculated checksum: 69b19846
# [2024-04-26 21:38:25] INFO: Writing RNGSTATE file: ./rand_s060t20_b0680700_a_U000475000
# [2024-04-26 21:38:25] INFO: Writing to disk took 11.105 seconds
# [2024-04-26 21:38:25] INFO: ======================================================================
# [2024-04-26 21:38:25] INFO: Start sweeping...
# [2024-04-26 21:45:03] INFO: It took 398.179 seconds to do 500 HBOR sweeps.
# [2024-04-26 21:45:03] INFO: Plaquette = 0.659683
# [2024-04-26 21:45:03] INFO: Polyakov loop = (0.0022743,0.000718893)
# [2024-04-26 21:45:03] INFO: Writing conf to disk...
# [2024-04-26 21:45:03] INFO: writeconf_nersc: Writing NERSC configuration ./conf_s060t20_b0680700_a_U000475500
# [2024-04-26 21:45:06] INFO: Calculated checksum: fc0f8b98
# [2024-04-26 21:45:14] INFO: Calculated checksum: f79645b
# [2024-04-26 21:45:14] INFO: Writing RNGSTATE file: ./rand_s060t20_b0680700_a_U000475500
# [2024-04-26 21:45:14] INFO: Writing to disk took 10.9943 seconds
# [2024-04-26 21:45:14] INFO: ======================================================================
# [2024-04-26 21:45:14] INFO: Start sweeping...
# [2024-04-26 21:51:53] INFO: It took 398.19 seconds to do 500 HBOR sweeps.
# [2024-04-26 21:51:53] INFO: Plaquette = 0.659595
# [2024-04-26 21:51:53] INFO: Polyakov loop = (0.00249782,-0.000229852)
# [2024-04-26 21:51:53] INFO: Writing conf to disk...
# [2024-04-26 21:51:53] INFO: writeconf_nersc: Writing NERSC configuration ./conf_s060t20_b0680700_a_U000476000
# [2024-04-26 21:51:55] INFO: Calculated checksum: e51bf515
# [2024-04-26 21:52:03] INFO: Calculated checksum: 3efd7be4
# [2024-04-26 21:52:03] INFO: Writing RNGSTATE file: ./rand_s060t20_b0680700_a_U000476000
# [2024-04-26 21:52:03] INFO: Writing to disk took 10.3167 seconds
# [2024-04-26 21:52:03] INFO: ======================================================================
# [2024-04-26 21:52:03] INFO: Start sweeping...
# [2024-04-26 21:58:41] INFO: It took 398.217 seconds to do 500 HBOR sweeps.
# [2024-04-26 21:58:41] INFO: Plaquette = 0.659684
# [2024-04-26 21:58:41] INFO: Polyakov loop = (0.00118544,-0.000776698)
# [2024-04-26 21:58:41] INFO: Writing conf to disk...
# [2024-04-26 21:58:41] INFO: writeconf_nersc: Writing NERSC configuration ./conf_s060t20_b0680700_a_U000476500
# [2024-04-26 21:58:44] INFO: Calculated checksum: ee46630e
# [2024-04-26 21:58:51] INFO: Calculated checksum: 5c348911
# [2024-04-26 21:58:51] INFO: Writing RNGSTATE file: ./rand_s060t20_b0680700_a_U000476500
# [2024-04-26 21:58:51] INFO: Writing to disk took 10.1942 seconds
# [2024-04-26 21:58:51] INFO: ======================================================================
# [2024-04-26 21:58:51] INFO: Start sweeping...
# [2024-04-26 22:05:30] INFO: It took 398.19 seconds to do 500 HBOR sweeps.
# [2024-04-26 22:05:30] INFO: Plaquette = 0.659764
# [2024-04-26 22:05:30] INFO: Polyakov loop = (0.00216628,2.64753e-05)
# [2024-04-26 22:05:30] INFO: Writing conf to disk...
# [2024-04-26 22:05:30] INFO: writeconf_nersc: Writing NERSC configuration ./conf_s060t20_b0680700_a_U000477000
# [2024-04-26 22:05:32] INFO: Calculated checksum: dc58c697
# [2024-04-26 22:05:41] INFO: Calculated checksum: c2fa4bf2
# [2024-04-26 22:05:41] INFO: Writing RNGSTATE file: ./rand_s060t20_b0680700_a_U000477000
# [2024-04-26 22:05:42] INFO: Writing to disk took 12.4474 seconds
# [2024-04-26 22:05:42] INFO: ======================================================================
# [2024-04-26 22:05:42] INFO: Start sweeping...
# [2024-04-26 22:12:20] INFO: It took 398.136 seconds to do 500 HBOR sweeps.
# [2024-04-26 22:12:20] INFO: Plaquette = 0.659666
# [2024-04-26 22:12:20] INFO: Polyakov loop = (0.0026126,-0.000710541)
# [2024-04-26 22:12:20] INFO: Writing conf to disk...
# [2024-04-26 22:12:20] INFO: writeconf_nersc: Writing NERSC configuration ./conf_s060t20_b0680700_a_U000477500
# [2024-04-26 22:12:23] INFO: Calculated checksum: 62b6cb7e
# [2024-04-26 22:12:31] INFO: Calculated checksum: 9b87accf
# [2024-04-26 22:12:31] INFO: Writing RNGSTATE file: ./rand_s060t20_b0680700_a_U000477500
# [2024-04-26 22:12:31] INFO: Writing to disk took 11.1777 seconds
# [2024-04-26 22:12:31] INFO: ======================================================================
# [2024-04-26 22:12:31] INFO: Start sweeping...
# [2024-04-26 22:19:10] INFO: It took 398.217 seconds to do 500 HBOR sweeps.
# [2024-04-26 22:19:10] INFO: Plaquette = 0.659644
# [2024-04-26 22:19:10] INFO: Polyakov loop = (0.00115436,0.000192011)
# [2024-04-26 22:19:10] INFO: Writing conf to disk...
# [2024-04-26 22:19:10] INFO: writeconf_nersc: Writing NERSC configuration ./conf_s060t20_b0680700_a_U000478000
# [2024-04-26 22:19:13] INFO: Calculated checksum: f6677dd6
# [2024-04-26 22:19:20] INFO: Calculated checksum: 3039245a
# [2024-04-26 22:19:20] INFO: Writing RNGSTATE file: ./rand_s060t20_b0680700_a_U000478000
# [2024-04-26 22:19:20] INFO: Writing to disk took 10.6875 seconds
# [2024-04-26 22:19:20] INFO: ======================================================================
# [2024-04-26 22:19:20] INFO: Start sweeping...
# [2024-04-26 22:25:59] INFO: It took 398.238 seconds to do 500 HBOR sweeps.
# [2024-04-26 22:25:59] INFO: Plaquette = 0.659727
# [2024-04-26 22:25:59] INFO: Polyakov loop = (0.00217734,-0.000432395)
# [2024-04-26 22:25:59] INFO: Writing conf to disk...
# [2024-04-26 22:25:59] INFO: writeconf_nersc: Writing NERSC configuration ./conf_s060t20_b0680700_a_U000478500
# [2024-04-26 22:26:02] INFO: Calculated checksum: ede58496
# [2024-04-26 22:26:10] INFO: Calculated checksum: 2e6c758
# [2024-04-26 22:26:10] INFO: Writing RNGSTATE file: ./rand_s060t20_b0680700_a_U000478500
# [2024-04-26 22:26:10] INFO: Writing to disk took 11.4587 seconds
# [2024-04-26 22:26:10] INFO: ======================================================================
# [2024-04-26 22:26:10] INFO: Start sweeping...
# [2024-04-26 22:32:48] INFO: It took 398.216 seconds to do 500 HBOR sweeps.
# [2024-04-26 22:32:48] INFO: Plaquette = 0.65972
# [2024-04-26 22:32:48] INFO: Polyakov loop = (0.00226544,0.00012722)
# [2024-04-26 22:32:48] INFO: Writing conf to disk...
# [2024-04-26 22:32:48] INFO: writeconf_nersc: Writing NERSC configuration ./conf_s060t20_b0680700_a_U000479000
# [2024-04-26 22:32:51] INFO: Calculated checksum: 8e6a31a4
# [2024-04-26 22:33:04] INFO: Calculated checksum: b78c9157
# [2024-04-26 22:33:04] INFO: Writing RNGSTATE file: ./rand_s060t20_b0680700_a_U000479000
# [2024-04-26 22:33:04] INFO: Writing to disk took 15.9879 seconds
# [2024-04-26 22:33:04] INFO: ======================================================================
# [2024-04-26 22:33:04] INFO: Start sweeping...
# [2024-04-26 22:39:42] INFO: It took 398.096 seconds to do 500 HBOR sweeps.
# [2024-04-26 22:39:42] INFO: Plaquette = 0.659609
# [2024-04-26 22:39:42] INFO: Polyakov loop = (0.00191356,0.000273788)
# [2024-04-26 22:39:42] INFO: Writing conf to disk...
# [2024-04-26 22:39:42] INFO: writeconf_nersc: Writing NERSC configuration ./conf_s060t20_b0680700_a_U000479500
# [2024-04-26 22:39:45] INFO: Calculated checksum: eaffc522
# [2024-04-26 22:39:53] INFO: Calculated checksum: 957ba6cb
# [2024-04-26 22:39:53] INFO: Writing RNGSTATE file: ./rand_s060t20_b0680700_a_U000479500
# [2024-04-26 22:39:54] INFO: Writing to disk took 11.1355 seconds
# [2024-04-26 22:39:54] INFO: ======================================================================
# [2024-04-26 22:39:54] INFO: Start sweeping...
# [2024-04-26 22:46:32] INFO: It took 398.223 seconds to do 500 HBOR sweeps.
# [2024-04-26 22:46:32] INFO: Plaquette = 0.659574
# [2024-04-26 22:46:32] INFO: Polyakov loop = (0.00315804,3.90906e-05)
# [2024-04-26 22:46:32] INFO: Writing conf to disk...
# [2024-04-26 22:46:32] INFO: writeconf_nersc: Writing NERSC configuration ./conf_s060t20_b0680700_a_U000480000
# [2024-04-26 22:46:35] INFO: Calculated checksum: 14abf921
# [2024-04-26 22:46:43] INFO: Calculated checksum: ec103f65
# [2024-04-26 22:46:43] INFO: Writing RNGSTATE file: ./rand_s060t20_b0680700_a_U000480000
# [2024-04-26 22:46:44] INFO: Writing to disk took 11.8236 seconds
# [2024-04-26 22:46:44] INFO: ======================================================================
# [2024-04-26 22:46:44] INFO: Start sweeping...
# [2024-04-26 22:53:22] INFO: It took 398.199 seconds to do 500 HBOR sweeps.
# [2024-04-26 22:53:22] INFO: Plaquette = 0.659694
# [2024-04-26 22:53:22] INFO: Polyakov loop = (0.00299006,7.26213e-05)
# [2024-04-26 22:53:22] INFO: Writing conf to disk...
# [2024-04-26 22:53:22] INFO: writeconf_nersc: Writing NERSC configuration ./conf_s060t20_b0680700_a_U000480500
# [2024-04-26 22:53:25] INFO: Calculated checksum: 4381363
# [2024-04-26 22:53:34] INFO: Calculated checksum: 6038eddf
# [2024-04-26 22:53:34] INFO: Writing RNGSTATE file: ./rand_s060t20_b0680700_a_U000480500
# [2024-04-26 22:53:34] INFO: Writing to disk took 11.9951 seconds
# [2024-04-26 22:53:34] INFO: ======================================================================
# [2024-04-26 22:53:34] INFO: Start sweeping...
# [2024-04-26 23:00:12] INFO: It took 398.208 seconds to do 500 HBOR sweeps.
# [2024-04-26 23:00:12] INFO: Plaquette = 0.659691
# [2024-04-26 23:00:12] INFO: Polyakov loop = (0.00221869,0.000696196)
# [2024-04-26 23:00:12] INFO: Writing conf to disk...
# [2024-04-26 23:00:12] INFO: writeconf_nersc: Writing NERSC configuration ./conf_s060t20_b0680700_a_U000481000
# [2024-04-26 23:00:15] INFO: Calculated checksum: 7f4acf42
# [2024-04-26 23:00:27] INFO: Calculated checksum: 9ac02b7e
# [2024-04-26 23:00:27] INFO: Writing RNGSTATE file: ./rand_s060t20_b0680700_a_U000481000
# [2024-04-26 23:00:27] INFO: Writing to disk took 14.6403 seconds
# [2024-04-26 23:00:27] INFO: ======================================================================
# [2024-04-26 23:00:27] INFO: Start sweeping...
# [2024-04-26 23:07:05] INFO: It took 398.153 seconds to do 500 HBOR sweeps.
# [2024-04-26 23:07:05] INFO: Plaquette = 0.659636
# [2024-04-26 23:07:05] INFO: Polyakov loop = (0.00253499,-0.000402607)
# [2024-04-26 23:07:05] INFO: Writing conf to disk...
# [2024-04-26 23:07:05] INFO: writeconf_nersc: Writing NERSC configuration ./conf_s060t20_b0680700_a_U000481500
# [2024-04-26 23:07:08] INFO: Calculated checksum: 3c2d1a99
# [2024-04-26 23:07:16] INFO: Calculated checksum: d463982d
# [2024-04-26 23:07:16] INFO: Writing RNGSTATE file: ./rand_s060t20_b0680700_a_U000481500
# [2024-04-26 23:07:16] INFO: Writing to disk took 10.7638 seconds
# [2024-04-26 23:07:16] INFO: ======================================================================
# [2024-04-26 23:07:16] INFO: Start sweeping...
# [2024-04-26 23:13:54] INFO: It took 398.228 seconds to do 500 HBOR sweeps.
# [2024-04-26 23:13:54] INFO: Plaquette = 0.659641
# [2024-04-26 23:13:54] INFO: Polyakov loop = (0.00203899,0.000216725)
# [2024-04-26 23:13:54] INFO: Writing conf to disk...
# [2024-04-26 23:13:54] INFO: writeconf_nersc: Writing NERSC configuration ./conf_s060t20_b0680700_a_U000482000
# [2024-04-26 23:13:57] INFO: Calculated checksum: be5e3f4a
# [2024-04-26 23:14:05] INFO: Calculated checksum: 726f20ba
# [2024-04-26 23:14:05] INFO: Writing RNGSTATE file: ./rand_s060t20_b0680700_a_U000482000
# [2024-04-26 23:14:05] INFO: Writing to disk took 11.3467 seconds
# [2024-04-26 23:14:05] INFO: ======================================================================
# [2024-04-26 23:14:05] INFO: Start sweeping...
# [2024-04-26 23:20:45] INFO: It took 399.493 seconds to do 500 HBOR sweeps.
# [2024-04-26 23:20:45] INFO: Plaquette = 0.659724
# [2024-04-26 23:20:45] INFO: Polyakov loop = (0.00296099,-5.81944e-05)
# [2024-04-26 23:20:45] INFO: Writing conf to disk...
# [2024-04-26 23:20:45] INFO: writeconf_nersc: Writing NERSC configuration ./conf_s060t20_b0680700_a_U000482500
# [2024-04-26 23:20:48] INFO: Calculated checksum: e4ac84f2
# [2024-04-26 23:20:57] INFO: Calculated checksum: 2dc5f1a4
# [2024-04-26 23:20:57] INFO: Writing RNGSTATE file: ./rand_s060t20_b0680700_a_U000482500
# [2024-04-26 23:20:57] INFO: Writing to disk took 11.933 seconds
# [2024-04-26 23:20:57] INFO: ======================================================================
# [2024-04-26 23:20:57] INFO: Start sweeping...
# [2024-04-26 23:27:35] INFO: It took 398.197 seconds to do 500 HBOR sweeps.
# [2024-04-26 23:27:35] INFO: Plaquette = 0.659634
# [2024-04-26 23:27:35] INFO: Polyakov loop = (0.00259419,6.4629e-05)
# [2024-04-26 23:27:35] INFO: Writing conf to disk...
# [2024-04-26 23:27:35] INFO: writeconf_nersc: Writing NERSC configuration ./conf_s060t20_b0680700_a_U000483000
# [2024-04-26 23:27:38] INFO: Calculated checksum: f29e4a94
# [2024-04-26 23:27:46] INFO: Calculated checksum: a22250b9
# [2024-04-26 23:27:46] INFO: Writing RNGSTATE file: ./rand_s060t20_b0680700_a_U000483000
# [2024-04-26 23:27:47] INFO: Writing to disk took 11.3752 seconds
# [2024-04-26 23:27:47] INFO: ======================================================================
# [2024-04-26 23:27:47] INFO: Start sweeping...
# [2024-04-26 23:34:25] INFO: It took 398.227 seconds to do 500 HBOR sweeps.
# [2024-04-26 23:34:25] INFO: Plaquette = 0.659593
# [2024-04-26 23:34:25] INFO: Polyakov loop = (0.00238683,0.000452463)
# [2024-04-26 23:34:25] INFO: Writing conf to disk...
# [2024-04-26 23:34:25] INFO: writeconf_nersc: Writing NERSC configuration ./conf_s060t20_b0680700_a_U000483500
# [2024-04-26 23:34:28] INFO: Calculated checksum: 6a3b8f21
# [2024-04-26 23:34:36] INFO: Calculated checksum: a3645557
# [2024-04-26 23:34:36] INFO: Writing RNGSTATE file: ./rand_s060t20_b0680700_a_U000483500
# [2024-04-26 23:34:36] INFO: Writing to disk took 11.2314 seconds
# [2024-04-26 23:34:36] INFO: ======================================================================
# [2024-04-26 23:34:36] INFO: Start sweeping...
# [2024-04-26 23:41:14] INFO: It took 398.225 seconds to do 500 HBOR sweeps.
# [2024-04-26 23:41:14] INFO: Plaquette = 0.65965
# [2024-04-26 23:41:14] INFO: Polyakov loop = (0.0018103,8.83962e-05)
# [2024-04-26 23:41:14] INFO: Writing conf to disk...
# [2024-04-26 23:41:14] INFO: writeconf_nersc: Writing NERSC configuration ./conf_s060t20_b0680700_a_U000484000
# [2024-04-26 23:41:17] INFO: Calculated checksum: 9b9dbace
# [2024-04-26 23:41:25] INFO: Calculated checksum: b3816357
# [2024-04-26 23:41:25] INFO: Writing RNGSTATE file: ./rand_s060t20_b0680700_a_U000484000
# [2024-04-26 23:41:25] INFO: Writing to disk took 11.1348 seconds
# [2024-04-26 23:41:25] INFO: ======================================================================
# [2024-04-26 23:41:25] INFO: Start sweeping...
# [2024-04-26 23:48:05] INFO: It took 399.364 seconds to do 500 HBOR sweeps.
# [2024-04-26 23:48:05] INFO: Plaquette = 0.659683
# [2024-04-26 23:48:05] INFO: Polyakov loop = (0.00207633,-0.000401379)
# [2024-04-26 23:48:05] INFO: Writing conf to disk...
# [2024-04-26 23:48:05] INFO: writeconf_nersc: Writing NERSC configuration ./conf_s060t20_b0680700_a_U000484500
# [2024-04-26 23:48:08] INFO: Calculated checksum: 9c5fadf9
# [2024-04-26 23:48:16] INFO: Calculated checksum: c5513ab8
# [2024-04-26 23:48:16] INFO: Writing RNGSTATE file: ./rand_s060t20_b0680700_a_U000484500
# [2024-04-26 23:48:16] INFO: Writing to disk took 10.9112 seconds
# [2024-04-26 23:48:16] INFO: ======================================================================
# [2024-04-26 23:48:16] INFO: Start sweeping...
# [2024-04-26 23:54:56] INFO: It took 399.918 seconds to do 500 HBOR sweeps.
# [2024-04-26 23:54:56] INFO: Plaquette = 0.659748
# [2024-04-26 23:54:56] INFO: Polyakov loop = (0.00265375,-0.000284701)
# [2024-04-26 23:54:56] INFO: Writing conf to disk...
# [2024-04-26 23:54:56] INFO: writeconf_nersc: Writing NERSC configuration ./conf_s060t20_b0680700_a_U000485000
# [2024-04-26 23:54:59] INFO: Calculated checksum: a70b5f6e
# [2024-04-26 23:55:07] INFO: Calculated checksum: 53e6acd8
# [2024-04-26 23:55:07] INFO: Writing RNGSTATE file: ./rand_s060t20_b0680700_a_U000485000
# [2024-04-26 23:55:07] INFO: Writing to disk took 11.0532 seconds
# [2024-04-26 23:55:07] INFO: ======================================================================
# [2024-04-26 23:55:07] INFO: Start sweeping...
# [2024-04-27 00:01:47] INFO: It took 399.798 seconds to do 500 HBOR sweeps.
# [2024-04-27 00:01:47] INFO: Plaquette = 0.65973
# [2024-04-27 00:01:47] INFO: Polyakov loop = (0.00236308,-0.000581002)
# [2024-04-27 00:01:47] INFO: Writing conf to disk...
# [2024-04-27 00:01:47] INFO: writeconf_nersc: Writing NERSC configuration ./conf_s060t20_b0680700_a_U000485500
# [2024-04-27 00:01:50] INFO: Calculated checksum: ae10dd55
# [2024-04-27 00:02:00] INFO: Calculated checksum: 7cd84bb5
# [2024-04-27 00:02:00] INFO: Writing RNGSTATE file: ./rand_s060t20_b0680700_a_U000485500
# [2024-04-27 00:02:01] INFO: Writing to disk took 13.8757 seconds
# [2024-04-27 00:02:01] INFO: ======================================================================
# [2024-04-27 00:02:01] INFO: Start sweeping...
# [2024-04-27 00:08:41] INFO: It took 400.184 seconds to do 500 HBOR sweeps.
# [2024-04-27 00:08:41] INFO: Plaquette = 0.659721
# [2024-04-27 00:08:41] INFO: Polyakov loop = (0.00245516,0.000577408)
# [2024-04-27 00:08:41] INFO: Writing conf to disk...
# [2024-04-27 00:08:41] INFO: writeconf_nersc: Writing NERSC configuration ./conf_s060t20_b0680700_a_U000486000
# [2024-04-27 00:08:44] INFO: Calculated checksum: 5d45e019
# [2024-04-27 00:08:52] INFO: Calculated checksum: 3c98cc4a
# [2024-04-27 00:08:52] INFO: Writing RNGSTATE file: ./rand_s060t20_b0680700_a_U000486000
# [2024-04-27 00:08:53] INFO: Writing to disk took 11.8176 seconds
# [2024-04-27 00:08:53] INFO: ======================================================================
# [2024-04-27 00:08:53] INFO: Start sweeping...
# [2024-04-27 00:15:33] INFO: It took 400.282 seconds to do 500 HBOR sweeps.
# [2024-04-27 00:15:33] INFO: Plaquette = 0.659705
# [2024-04-27 00:15:33] INFO: Polyakov loop = (0.00267382,0.000555834)
# [2024-04-27 00:15:33] INFO: Writing conf to disk...
# [2024-04-27 00:15:33] INFO: writeconf_nersc: Writing NERSC configuration ./conf_s060t20_b0680700_a_U000486500
# [2024-04-27 00:15:36] INFO: Calculated checksum: 8a8f00f1
# [2024-04-27 00:15:44] INFO: Calculated checksum: 3155864c
# [2024-04-27 00:15:44] INFO: Writing RNGSTATE file: ./rand_s060t20_b0680700_a_U000486500
# [2024-04-27 00:15:45] INFO: Writing to disk took 12.0665 seconds
# [2024-04-27 00:15:45] INFO: ======================================================================
# [2024-04-27 00:15:45] INFO: Start sweeping...
# [2024-04-27 00:22:25] INFO: It took 400.322 seconds to do 500 HBOR sweeps.
# [2024-04-27 00:22:25] INFO: Plaquette = 0.659666
# [2024-04-27 00:22:25] INFO: Polyakov loop = (0.00256602,-0.00129255)
# [2024-04-27 00:22:25] INFO: Writing conf to disk...
# [2024-04-27 00:22:25] INFO: writeconf_nersc: Writing NERSC configuration ./conf_s060t20_b0680700_a_U000487000
# [2024-04-27 00:22:28] INFO: Calculated checksum: 87dc7493
# [2024-04-27 00:22:40] INFO: Calculated checksum: 2fd1c6ba
# [2024-04-27 00:22:40] INFO: Writing RNGSTATE file: ./rand_s060t20_b0680700_a_U000487000
# [2024-04-27 00:22:40] INFO: Writing to disk took 14.9502 seconds
# [2024-04-27 00:22:40] INFO: ======================================================================
# [2024-04-27 00:22:40] INFO: Start sweeping...
# [2024-04-27 00:29:21] INFO: It took 400.162 seconds to do 500 HBOR sweeps.
# [2024-04-27 00:29:21] INFO: Plaquette = 0.659715
# [2024-04-27 00:29:21] INFO: Polyakov loop = (0.00244493,0.00030061)
# [2024-04-27 00:29:21] INFO: Writing conf to disk...
# [2024-04-27 00:29:21] INFO: writeconf_nersc: Writing NERSC configuration ./conf_s060t20_b0680700_a_U000487500
# [2024-04-27 00:29:23] INFO: Calculated checksum: 9ef328c2
# [2024-04-27 00:29:34] INFO: Calculated checksum: b6f34ed1
# [2024-04-27 00:29:34] INFO: Writing RNGSTATE file: ./rand_s060t20_b0680700_a_U000487500
# [2024-04-27 00:29:35] INFO: Writing to disk took 14.2929 seconds
# [2024-04-27 00:29:35] INFO: ======================================================================
# [2024-04-27 00:29:35] INFO: Start sweeping...
# [2024-04-27 00:36:15] INFO: It took 400.254 seconds to do 500 HBOR sweeps.
# [2024-04-27 00:36:15] INFO: Plaquette = 0.659653
# [2024-04-27 00:36:15] INFO: Polyakov loop = (0.00212364,0.000301871)
# [2024-04-27 00:36:15] INFO: Writing conf to disk...
# [2024-04-27 00:36:15] INFO: writeconf_nersc: Writing NERSC configuration ./conf_s060t20_b0680700_a_U000488000
# [2024-04-27 00:36:18] INFO: Calculated checksum: 57980112
# [2024-04-27 00:36:27] INFO: Calculated checksum: 5b594f88
# [2024-04-27 00:36:27] INFO: Writing RNGSTATE file: ./rand_s060t20_b0680700_a_U000488000
# [2024-04-27 00:36:27] INFO: Writing to disk took 11.6503 seconds
# [2024-04-27 00:36:27] INFO: ======================================================================
# [2024-04-27 00:36:27] INFO: Start sweeping...
# [2024-04-27 00:43:05] INFO: It took 398.211 seconds to do 500 HBOR sweeps.
# [2024-04-27 00:43:05] INFO: Plaquette = 0.659671
# [2024-04-27 00:43:05] INFO: Polyakov loop = (0.00286693,-0.000156902)
# [2024-04-27 00:43:05] INFO: Writing conf to disk...
# [2024-04-27 00:43:05] INFO: writeconf_nersc: Writing NERSC configuration ./conf_s060t20_b0680700_a_U000488500
# [2024-04-27 00:43:08] INFO: Calculated checksum: 8a7b1977
# [2024-04-27 00:43:16] INFO: Calculated checksum: 8c57e8ef
# [2024-04-27 00:43:16] INFO: Writing RNGSTATE file: ./rand_s060t20_b0680700_a_U000488500
# [2024-04-27 00:43:16] INFO: Writing to disk took 11.0779 seconds
# [2024-04-27 00:43:16] INFO: ======================================================================
# [2024-04-27 00:43:16] INFO: Start sweeping...
# [2024-04-27 00:49:56] INFO: It took 399.315 seconds to do 500 HBOR sweeps.
# [2024-04-27 00:49:56] INFO: Plaquette = 0.659722
# [2024-04-27 00:49:56] INFO: Polyakov loop = (0.00257775,0.000435277)
# [2024-04-27 00:49:56] INFO: Writing conf to disk...
# [2024-04-27 00:49:56] INFO: writeconf_nersc: Writing NERSC configuration ./conf_s060t20_b0680700_a_U000489000
# [2024-04-27 00:49:59] INFO: Calculated checksum: 180124
# [2024-04-27 00:50:07] INFO: Calculated checksum: 882a0479
# [2024-04-27 00:50:07] INFO: Writing RNGSTATE file: ./rand_s060t20_b0680700_a_U000489000
# [2024-04-27 00:50:07] INFO: Writing to disk took 11.4252 seconds
# [2024-04-27 00:50:07] INFO: ======================================================================
# [2024-04-27 00:50:07] INFO: Start sweeping...
# [2024-04-27 00:56:47] INFO: It took 400.036 seconds to do 500 HBOR sweeps.
# [2024-04-27 00:56:47] INFO: Plaquette = 0.659725
# [2024-04-27 00:56:47] INFO: Polyakov loop = (0.00274353,-0.000959005)
# [2024-04-27 00:56:47] INFO: Writing conf to disk...
# [2024-04-27 00:56:47] INFO: writeconf_nersc: Writing NERSC configuration ./conf_s060t20_b0680700_a_U000489500
# [2024-04-27 00:56:50] INFO: Calculated checksum: d1670924
# [2024-04-27 00:56:57] INFO: Calculated checksum: 347921d
# [2024-04-27 00:56:57] INFO: Writing RNGSTATE file: ./rand_s060t20_b0680700_a_U000489500
# [2024-04-27 00:56:58] INFO: Writing to disk took 10.5733 seconds
# [2024-04-27 00:56:58] INFO: ======================================================================
# [2024-04-27 00:56:58] INFO: Start sweeping...
# [2024-04-27 01:03:38] INFO: It took 400.374 seconds to do 500 HBOR sweeps.
# [2024-04-27 01:03:38] INFO: Plaquette = 0.659645
# [2024-04-27 01:03:38] INFO: Polyakov loop = (0.00250916,-0.000199895)
# [2024-04-27 01:03:38] INFO: Writing conf to disk...
# [2024-04-27 01:03:38] INFO: writeconf_nersc: Writing NERSC configuration ./conf_s060t20_b0680700_a_U000490000
# [2024-04-27 01:03:41] INFO: Calculated checksum: 8a5aad91
# [2024-04-27 01:03:50] INFO: Calculated checksum: d91d582
# [2024-04-27 01:03:50] INFO: Writing RNGSTATE file: ./rand_s060t20_b0680700_a_U000490000
# [2024-04-27 01:03:50] INFO: Writing to disk took 11.7528 seconds
# [2024-04-27 01:03:50] INFO: ======================================================================
# [2024-04-27 01:03:50] INFO: Start sweeping...
# [2024-04-27 01:10:30] INFO: It took 400.317 seconds to do 500 HBOR sweeps.
# [2024-04-27 01:10:30] INFO: Plaquette = 0.659733
# [2024-04-27 01:10:30] INFO: Polyakov loop = (0.0023378,-0.000124175)
# [2024-04-27 01:10:30] INFO: Writing conf to disk...
# [2024-04-27 01:10:30] INFO: writeconf_nersc: Writing NERSC configuration ./conf_s060t20_b0680700_a_U000490500
# [2024-04-27 01:10:34] INFO: Calculated checksum: e518c3f7
# [2024-04-27 01:10:43] INFO: Calculated checksum: bd8195c3
# [2024-04-27 01:10:43] INFO: Writing RNGSTATE file: ./rand_s060t20_b0680700_a_U000490500
# [2024-04-27 01:10:43] INFO: Writing to disk took 12.659 seconds
# [2024-04-27 01:10:43] INFO: ======================================================================
# [2024-04-27 01:10:43] INFO: Start sweeping...
# [2024-04-27 01:17:23] INFO: It took 399.996 seconds to do 500 HBOR sweeps.
# [2024-04-27 01:17:23] INFO: Plaquette = 0.659667
# [2024-04-27 01:17:23] INFO: Polyakov loop = (0.00351231,0.000348758)
# [2024-04-27 01:17:23] INFO: Writing conf to disk...
# [2024-04-27 01:17:23] INFO: writeconf_nersc: Writing NERSC configuration ./conf_s060t20_b0680700_a_U000491000
# [2024-04-27 01:17:27] INFO: Calculated checksum: e1e7fec4
# [2024-04-27 01:18:50] INFO: Calculated checksum: 9316c589
# [2024-04-27 01:18:50] INFO: Writing RNGSTATE file: ./rand_s060t20_b0680700_a_U000491000
# [2024-04-27 01:18:51] INFO: Writing to disk took 87.6657 seconds
# [2024-04-27 01:18:51] INFO: ======================================================================
# [2024-04-27 01:18:51] INFO: Start sweeping...
# [2024-04-27 01:25:29] INFO: It took 397.849 seconds to do 500 HBOR sweeps.
# [2024-04-27 01:25:29] INFO: Plaquette = 0.659731
# [2024-04-27 01:25:29] INFO: Polyakov loop = (0.00267231,-0.00028564)
# [2024-04-27 01:25:29] INFO: Writing conf to disk...
# [2024-04-27 01:25:29] INFO: writeconf_nersc: Writing NERSC configuration ./conf_s060t20_b0680700_a_U000491500
# [2024-04-27 01:25:33] INFO: Calculated checksum: 22f19fda
# [2024-04-27 01:25:58] INFO: Calculated checksum: 5f600791
# [2024-04-27 01:25:58] INFO: Writing RNGSTATE file: ./rand_s060t20_b0680700_a_U000491500
# [2024-04-27 01:25:58] INFO: Writing to disk took 29.7773 seconds
# [2024-04-27 01:25:58] INFO: ======================================================================
# [2024-04-27 01:25:58] INFO: Start sweeping...
# [2024-04-27 01:32:38] INFO: It took 399.64 seconds to do 500 HBOR sweeps.
# [2024-04-27 01:32:38] INFO: Plaquette = 0.659693
# [2024-04-27 01:32:38] INFO: Polyakov loop = (0.0021349,-0.000888813)
# [2024-04-27 01:32:38] INFO: Writing conf to disk...
# [2024-04-27 01:32:38] INFO: writeconf_nersc: Writing NERSC configuration ./conf_s060t20_b0680700_a_U000492000
# [2024-04-27 01:32:42] INFO: Calculated checksum: 1747cc13
# [2024-04-27 01:33:05] INFO: Calculated checksum: 8e090975
# [2024-04-27 01:33:05] INFO: Writing RNGSTATE file: ./rand_s060t20_b0680700_a_U000492000
# [2024-04-27 01:33:06] INFO: Writing to disk took 27.6388 seconds
# [2024-04-27 01:33:06] INFO: ======================================================================
# [2024-04-27 01:33:06] INFO: Start sweeping...
# [2024-04-27 01:39:45] INFO: It took 399.7 seconds to do 500 HBOR sweeps.
# [2024-04-27 01:39:45] INFO: Plaquette = 0.65971
# [2024-04-27 01:39:45] INFO: Polyakov loop = (0.00136506,-0.000284614)
# [2024-04-27 01:39:45] INFO: Writing conf to disk...
# [2024-04-27 01:39:45] INFO: writeconf_nersc: Writing NERSC configuration ./conf_s060t20_b0680700_a_U000492500
# [2024-04-27 01:39:50] INFO: Calculated checksum: edfc5550
# [2024-04-27 01:41:02] INFO: Calculated checksum: 8b43b966
# [2024-04-27 01:41:02] INFO: Writing RNGSTATE file: ./rand_s060t20_b0680700_a_U000492500
# [2024-04-27 01:41:02] INFO: Writing to disk took 76.9268 seconds
# [2024-04-27 01:41:02] INFO: ======================================================================
# [2024-04-27 01:41:02] INFO: Start sweeping...
# [2024-04-27 01:47:39] INFO: It took 396.99 seconds to do 500 HBOR sweeps.
# [2024-04-27 01:47:39] INFO: Plaquette = 0.659725
# [2024-04-27 01:47:39] INFO: Polyakov loop = (0.00234363,0.00166975)
# [2024-04-27 01:47:39] INFO: Writing conf to disk...
# [2024-04-27 01:47:39] INFO: writeconf_nersc: Writing NERSC configuration ./conf_s060t20_b0680700_a_U000493000
# [2024-04-27 01:47:42] INFO: Calculated checksum: 819e325e
# [2024-04-27 01:47:58] INFO: Calculated checksum: a1bd4326
# [2024-04-27 01:47:58] INFO: Writing RNGSTATE file: ./rand_s060t20_b0680700_a_U000493000
# [2024-04-27 01:47:59] INFO: Writing to disk took 19.2215 seconds
# [2024-04-27 01:47:59] INFO: ======================================================================
# [2024-04-27 01:47:59] INFO: Start sweeping...
# [2024-04-27 01:54:37] INFO: It took 398.04 seconds to do 500 HBOR sweeps.
# [2024-04-27 01:54:37] INFO: Plaquette = 0.659666
# [2024-04-27 01:54:37] INFO: Polyakov loop = (0.00178222,1.00593e-05)
# [2024-04-27 01:54:37] INFO: Writing conf to disk...
# [2024-04-27 01:54:37] INFO: writeconf_nersc: Writing NERSC configuration ./conf_s060t20_b0680700_a_U000493500
# [2024-04-27 01:54:40] INFO: Calculated checksum: 64905838
# [2024-04-27 01:54:55] INFO: Calculated checksum: 70193040
# [2024-04-27 01:54:55] INFO: Writing RNGSTATE file: ./rand_s060t20_b0680700_a_U000493500
# [2024-04-27 01:54:56] INFO: Writing to disk took 19.2179 seconds
# [2024-04-27 01:54:56] INFO: ======================================================================
# [2024-04-27 01:54:56] INFO: Start sweeping...
# [2024-04-27 02:01:34] INFO: It took 397.997 seconds to do 500 HBOR sweeps.
# [2024-04-27 02:01:34] INFO: Plaquette = 0.659662
# [2024-04-27 02:01:34] INFO: Polyakov loop = (0.00225741,-0.000192265)
# [2024-04-27 02:01:34] INFO: Writing conf to disk...
# [2024-04-27 02:01:34] INFO: writeconf_nersc: Writing NERSC configuration ./conf_s060t20_b0680700_a_U000494000
# [2024-04-27 02:01:37] INFO: Calculated checksum: c818c51f
# [2024-04-27 02:01:57] INFO: Calculated checksum: 39ba5f7f
# [2024-04-27 02:01:57] INFO: Writing RNGSTATE file: ./rand_s060t20_b0680700_a_U000494000
# [2024-04-27 02:01:58] INFO: Writing to disk took 23.6562 seconds
# [2024-04-27 02:01:58] INFO: ======================================================================
# [2024-04-27 02:01:58] INFO: Start sweeping...
# [2024-04-27 02:08:36] INFO: It took 397.931 seconds to do 500 HBOR sweeps.
# [2024-04-27 02:08:36] INFO: Plaquette = 0.65964
# [2024-04-27 02:08:36] INFO: Polyakov loop = (0.00312626,0.000118508)
# [2024-04-27 02:08:36] INFO: Writing conf to disk...
# [2024-04-27 02:08:36] INFO: writeconf_nersc: Writing NERSC configuration ./conf_s060t20_b0680700_a_U000494500
# [2024-04-27 02:08:39] INFO: Calculated checksum: cec349e5
# [2024-04-27 02:08:56] INFO: Calculated checksum: 8cfaa3d0
# [2024-04-27 02:08:56] INFO: Writing RNGSTATE file: ./rand_s060t20_b0680700_a_U000494500
# [2024-04-27 02:08:57] INFO: Writing to disk took 21.3525 seconds
# [2024-04-27 02:08:57] INFO: ======================================================================
# [2024-04-27 02:08:57] INFO: Start sweeping...
# [2024-04-27 02:15:35] INFO: It took 398.01 seconds to do 500 HBOR sweeps.
# [2024-04-27 02:15:35] INFO: Plaquette = 0.659628
# [2024-04-27 02:15:35] INFO: Polyakov loop = (0.00227872,-0.000101064)
# [2024-04-27 02:15:35] INFO: Writing conf to disk...
# [2024-04-27 02:15:35] INFO: writeconf_nersc: Writing NERSC configuration ./conf_s060t20_b0680700_a_U000495000
# [2024-04-27 02:15:38] INFO: Calculated checksum: 23eed032
# [2024-04-27 02:16:19] INFO: Calculated checksum: 2fdc581e
# [2024-04-27 02:16:19] INFO: Writing RNGSTATE file: ./rand_s060t20_b0680700_a_U000495000
# [2024-04-27 02:16:26] INFO: Writing to disk took 51.2656 seconds
# [2024-04-27 02:16:26] INFO: ======================================================================
# [2024-04-27 02:16:26] INFO: Start sweeping...
# [2024-04-27 02:23:04] INFO: It took 397.423 seconds to do 500 HBOR sweeps.
# [2024-04-27 02:23:04] INFO: Plaquette = 0.659628
# [2024-04-27 02:23:04] INFO: Polyakov loop = (0.00314564,-0.000808093)
# [2024-04-27 02:23:04] INFO: Writing conf to disk...
# [2024-04-27 02:23:04] INFO: writeconf_nersc: Writing NERSC configuration ./conf_s060t20_b0680700_a_U000495500
# [2024-04-27 02:23:07] INFO: Calculated checksum: d04ca4df
# [2024-04-27 02:23:21] INFO: Calculated checksum: 76d487b6
# [2024-04-27 02:23:21] INFO: Writing RNGSTATE file: ./rand_s060t20_b0680700_a_U000495500
# [2024-04-27 02:23:22] INFO: Writing to disk took 18.2273 seconds
# [2024-04-27 02:23:22] INFO: ======================================================================
# [2024-04-27 02:23:22] INFO: Start sweeping...
# [2024-04-27 02:30:00] INFO: It took 397.995 seconds to do 500 HBOR sweeps.
# [2024-04-27 02:30:00] INFO: Plaquette = 0.659638
# [2024-04-27 02:30:00] INFO: Polyakov loop = (0.00211983,-0.000587252)
# [2024-04-27 02:30:00] INFO: Writing conf to disk...
# [2024-04-27 02:30:00] INFO: writeconf_nersc: Writing NERSC configuration ./conf_s060t20_b0680700_a_U000496000
# [2024-04-27 02:30:03] INFO: Calculated checksum: 3654e3a6
# [2024-04-27 02:30:20] INFO: Calculated checksum: 464fedd6
# [2024-04-27 02:30:20] INFO: Writing RNGSTATE file: ./rand_s060t20_b0680700_a_U000496000
# [2024-04-27 02:30:24] INFO: Writing to disk took 23.4993 seconds
# [2024-04-27 02:30:24] INFO: ======================================================================
# [2024-04-27 02:30:24] INFO: Start sweeping...
# [2024-04-27 02:37:02] INFO: It took 397.976 seconds to do 500 HBOR sweeps.
# [2024-04-27 02:37:02] INFO: Plaquette = 0.65971
# [2024-04-27 02:37:02] INFO: Polyakov loop = (0.00279043,-0.000368948)
# [2024-04-27 02:37:02] INFO: Writing conf to disk...
# [2024-04-27 02:37:02] INFO: writeconf_nersc: Writing NERSC configuration ./conf_s060t20_b0680700_a_U000496500
# [2024-04-27 02:37:05] INFO: Calculated checksum: 52fd1ba
# [2024-04-27 02:38:02] INFO: Calculated checksum: 3d7c5f74
# [2024-04-27 02:38:02] INFO: Writing RNGSTATE file: ./rand_s060t20_b0680700_a_U000496500
# [2024-04-27 02:38:02] INFO: Writing to disk took 60.9182 seconds
# [2024-04-27 02:38:02] INFO: ======================================================================
# [2024-04-27 02:38:02] INFO: Start sweeping...
# [2024-04-27 02:44:40] INFO: It took 397.309 seconds to do 500 HBOR sweeps.
# [2024-04-27 02:44:40] INFO: Plaquette = 0.659669
# [2024-04-27 02:44:40] INFO: Polyakov loop = (0.00125262,0.000281275)
# [2024-04-27 02:44:40] INFO: Writing conf to disk...
# [2024-04-27 02:44:40] INFO: writeconf_nersc: Writing NERSC configuration ./conf_s060t20_b0680700_a_U000497000
# [2024-04-27 02:44:43] INFO: Calculated checksum: 1199c78
# [2024-04-27 02:44:59] INFO: Calculated checksum: 88279b3d
# [2024-04-27 02:44:59] INFO: Writing RNGSTATE file: ./rand_s060t20_b0680700_a_U000497000
# [2024-04-27 02:45:00] INFO: Writing to disk took 20.3972 seconds
# [2024-04-27 02:45:00] INFO: ======================================================================
# [2024-04-27 02:45:00] INFO: Start sweeping...
# [2024-04-27 02:51:40] INFO: It took 399.702 seconds to do 500 HBOR sweeps.
# [2024-04-27 02:51:40] INFO: Plaquette = 0.659622
# [2024-04-27 02:51:40] INFO: Polyakov loop = (0.00221962,-0.000367543)
# [2024-04-27 02:51:40] INFO: Writing conf to disk...
# [2024-04-27 02:51:40] INFO: writeconf_nersc: Writing NERSC configuration ./conf_s060t20_b0680700_a_U000497500
# [2024-04-27 02:51:43] INFO: Calculated checksum: ccbfb28
# [2024-04-27 02:52:02] INFO: Calculated checksum: e5f0eef9
# [2024-04-27 02:52:02] INFO: Writing RNGSTATE file: ./rand_s060t20_b0680700_a_U000497500
# [2024-04-27 02:52:02] INFO: Writing to disk took 22.1292 seconds
# [2024-04-27 02:52:02] INFO: ======================================================================
# [2024-04-27 02:52:02] INFO: Start sweeping...
# [2024-04-27 02:58:42] INFO: It took 399.626 seconds to do 500 HBOR sweeps.
# [2024-04-27 02:58:42] INFO: Plaquette = 0.659711
# [2024-04-27 02:58:42] INFO: Polyakov loop = (0.0027212,3.02569e-05)
# [2024-04-27 02:58:42] INFO: Writing conf to disk...
# [2024-04-27 02:58:42] INFO: writeconf_nersc: Writing NERSC configuration ./conf_s060t20_b0680700_a_U000498000
# [2024-04-27 02:58:52] INFO: Calculated checksum: 195e117e
# [2024-04-27 02:59:03] INFO: Calculated checksum: 1dca7423
# [2024-04-27 02:59:03] INFO: Writing RNGSTATE file: ./rand_s060t20_b0680700_a_U000498000
# [2024-04-27 02:59:03] INFO: Writing to disk took 21.2231 seconds
# [2024-04-27 02:59:03] INFO: ======================================================================
# [2024-04-27 02:59:03] INFO: Start sweeping...
# [2024-04-27 03:05:43] INFO: It took 399.994 seconds to do 500 HBOR sweeps.
# [2024-04-27 03:05:43] INFO: Plaquette = 0.659636
# [2024-04-27 03:05:43] INFO: Polyakov loop = (0.00280568,0.000147304)
# [2024-04-27 03:05:43] INFO: Writing conf to disk...
# [2024-04-27 03:05:43] INFO: writeconf_nersc: Writing NERSC configuration ./conf_s060t20_b0680700_a_U000498500
# [2024-04-27 03:05:50] INFO: Calculated checksum: 2fdb7c4
# [2024-04-27 03:06:01] INFO: Calculated checksum: fc789bb7
# [2024-04-27 03:06:01] INFO: Writing RNGSTATE file: ./rand_s060t20_b0680700_a_U000498500
# [2024-04-27 03:06:01] INFO: Writing to disk took 17.9411 seconds
# [2024-04-27 03:06:01] INFO: ======================================================================
# [2024-04-27 03:06:01] INFO: Start sweeping...
# [2024-04-27 03:12:41] INFO: It took 400.277 seconds to do 500 HBOR sweeps.
# [2024-04-27 03:12:41] INFO: Plaquette = 0.659639
# [2024-04-27 03:12:41] INFO: Polyakov loop = (0.0031509,9.3333e-05)
# [2024-04-27 03:12:41] INFO: Writing conf to disk...
# [2024-04-27 03:12:41] INFO: writeconf_nersc: Writing NERSC configuration ./conf_s060t20_b0680700_a_U000499000
# [2024-04-27 03:12:46] INFO: Calculated checksum: e836e4e6
# [2024-04-27 03:13:03] INFO: Calculated checksum: 8d37e3c9
# [2024-04-27 03:13:03] INFO: Writing RNGSTATE file: ./rand_s060t20_b0680700_a_U000499000
# [2024-04-27 03:13:04] INFO: Writing to disk took 22.1384 seconds
# [2024-04-27 03:13:04] INFO: ======================================================================
# [2024-04-27 03:13:04] INFO: Start sweeping...
# [2024-04-27 03:19:44] INFO: It took 400.179 seconds to do 500 HBOR sweeps.
# [2024-04-27 03:19:44] INFO: Plaquette = 0.659662
# [2024-04-27 03:19:44] INFO: Polyakov loop = (0.00196869,0.000123512)
# [2024-04-27 03:19:44] INFO: Writing conf to disk...
# [2024-04-27 03:19:44] INFO: writeconf_nersc: Writing NERSC configuration ./conf_s060t20_b0680700_a_U000499500
# [2024-04-27 03:19:47] INFO: Calculated checksum: f4a95385
# [2024-04-27 03:19:59] INFO: Calculated checksum: 56f2cf17
# [2024-04-27 03:19:59] INFO: Writing RNGSTATE file: ./rand_s060t20_b0680700_a_U000499500
# [2024-04-27 03:19:59] INFO: Writing to disk took 15.51 seconds
# [2024-04-27 03:19:59] INFO: ======================================================================
# [2024-04-27 03:19:59] INFO: Start sweeping...
# [2024-04-27 03:26:40] INFO: It took 400.44 seconds to do 500 HBOR sweeps.
# [2024-04-27 03:26:40] INFO: Plaquette = 0.6597
# [2024-04-27 03:26:40] INFO: Polyakov loop = (0.00305608,0.000302402)
# [2024-04-27 03:26:40] INFO: Writing conf to disk...
# [2024-04-27 03:26:40] INFO: writeconf_nersc: Writing NERSC configuration ./conf_s060t20_b0680700_a_U000500000
# [2024-04-27 03:26:43] INFO: Calculated checksum: e6526e66
# [2024-04-27 03:26:50] INFO: Calculated checksum: b0135349
# [2024-04-27 03:26:50] INFO: Writing RNGSTATE file: ./rand_s060t20_b0680700_a_U000500000
# [2024-04-27 03:26:50] INFO: Writing to disk took 10.4538 seconds
# [2024-04-27 03:26:50] INFO: Finalizing MPI
