
Currently Loaded Modules:
  1) chpc/1.0      (S)   3) gcc/8.5.0      5) mpich/3.4.2
  2) python/3.10.3       4) cmake/3.26.0   6) cuda/11.6.2 (g)

  Where:
   S:  Module is Sticky, requires --force to unload or purge
   g:  built for GPU

 

# [2024-04-26 15:51:42] INFO: Running SIMULATeQCD
# [2024-04-26 15:51:42] INFO: Git commit version: 43e2518
# [2024-04-26 15:51:42] INFO: Initializing MPI with (1 proc)
# [2024-04-26 15:51:42] INFO: Reading parameters from file :: GenerateQuenched_b7062.param
# [2024-04-26 15:51:42] INFO: # PARAM :: Lattice = 60 60 60 20 
# [2024-04-26 15:51:42] INFO: # PARAM :: Nodes = 1 1 1 1 
# [2024-04-26 15:51:42] INFO: # PARAM :: Topology = 0 0 0 0  (default)
# [2024-04-26 15:51:42] INFO: # PARAM :: beta = 7.062
# [2024-04-26 15:51:42] INFO: # PARAM :: format = nersc
# [2024-04-26 15:51:42] INFO: # PARAM :: endianness = auto
# [2024-04-26 15:51:42] INFO: # PARAM :: conf_nr = 450000
# [2024-04-26 15:51:42] INFO: # PARAM :: stream = a
# [2024-04-26 15:51:42] INFO: # PARAM :: prec_out = 0 (default)
# [2024-04-26 15:51:42] INFO: # PARAM :: measurements_dir = ./ (default)
# [2024-04-26 15:51:42] INFO: # PARAM :: use_unit_conf = 0 (default)
# [2024-04-26 15:51:42] INFO: # PARAM :: output_dir = .
# [2024-04-26 15:51:42] INFO: # PARAM :: nconfs = 100
# [2024-04-26 15:51:42] INFO: # PARAM :: nsweeps_ORperHB = 4
# [2024-04-26 15:51:42] INFO: # PARAM :: nsweeps_HBwithOR = 500
# [2024-04-26 15:51:42] INFO: # PARAM :: prev_conf = conf_s060t20_b0706200_a_U000450000
# [2024-04-26 15:51:42] INFO: # PARAM :: prev_rand = rand_s060t20_b0706200_a_U000450000
# [2024-04-26 15:51:42] INFO: > Running on:
# [2024-04-26 15:51:42] INFO: [Rank 0] > notch271 CPU_14 GPU_41; MPI: world_rank=0, node_rank=0, coord: ( 0 0 0 0 )
# [2024-04-26 15:51:42] INFO: > Is MPI CUDA-aware? @compilation 
# [2024-04-26 15:51:42] INFO: > GPU compute capability: 75
# [2024-04-26 15:51:42] INFO: > Checking support for P2P (Peer-to-Peer) and UVA (Unified Virtual Addressing):
# [2024-04-26 15:51:42] INFO: [Rank 0] > notch271 GPU_41(NVIDIA GeForce RTX 2080 Ti): P2P NO ; UVA YES
# [2024-04-26 15:51:42] INFO: Initialize Indexer with HaloDepth = 1[0;33m[0m
# [2024-04-26 15:51:42] INFO: Resuming previous run.
# [2024-04-26 15:51:42] INFO: readconf_nersc: Reading NERSC configuration conf_s060t20_b0706200_a_U000450000
# [2024-04-26 15:51:55] INFO: Next conf_number will be 450500
# [2024-04-26 15:51:55] INFO: Generating up to 100 confs with a separation of 500 HBOR sweeps (OR/HB = 4) ...
# [2024-04-26 15:51:55] INFO: ======================================================================
# [2024-04-26 15:51:55] INFO: Start sweeping...
# [2024-04-26 15:58:31] INFO: It took 396.118 seconds to do 500 HBOR sweeps.
# [2024-04-26 15:58:31] INFO: Plaquette = 0.675242
# [2024-04-26 15:58:31] INFO: Polyakov loop = (0.00491847,-0.000267227)
# [2024-04-26 15:58:31] INFO: Writing conf to disk...
# [2024-04-26 15:58:31] INFO: writeconf_nersc: Writing NERSC configuration ./conf_s060t20_b0706200_a_U000450500
# [2024-04-26 15:58:35] INFO: Calculated checksum: 33666b2c
# [2024-04-26 15:59:10] INFO: Calculated checksum: f6b56742
# [2024-04-26 15:59:10] INFO: Writing RNGSTATE file: ./rand_s060t20_b0706200_a_U000450500
# [2024-04-26 15:59:10] INFO: Writing to disk took 38.9332 seconds
# [2024-04-26 15:59:10] INFO: ======================================================================
# [2024-04-26 15:59:10] INFO: Start sweeping...
# [2024-04-26 16:05:48] INFO: It took 397.578 seconds to do 500 HBOR sweeps.
# [2024-04-26 16:05:48] INFO: Plaquette = 0.675226
# [2024-04-26 16:05:48] INFO: Polyakov loop = (0.00437298,4.79137e-05)
# [2024-04-26 16:05:48] INFO: Writing conf to disk...
# [2024-04-26 16:05:48] INFO: writeconf_nersc: Writing NERSC configuration ./conf_s060t20_b0706200_a_U000451000
# [2024-04-26 16:05:52] INFO: Calculated checksum: 4b163c23
# [2024-04-26 16:06:54] INFO: Calculated checksum: c85a9d7b
# [2024-04-26 16:06:54] INFO: Writing RNGSTATE file: ./rand_s060t20_b0706200_a_U000451000
# [2024-04-26 16:06:55] INFO: Writing to disk took 66.947 seconds
# [2024-04-26 16:06:55] INFO: ======================================================================
# [2024-04-26 16:06:55] INFO: Start sweeping...
# [2024-04-26 16:13:32] INFO: It took 396.997 seconds to do 500 HBOR sweeps.
# [2024-04-26 16:13:32] INFO: Plaquette = 0.675201
# [2024-04-26 16:13:32] INFO: Polyakov loop = (0.00482334,-0.000802803)
# [2024-04-26 16:13:32] INFO: Writing conf to disk...
# [2024-04-26 16:13:32] INFO: writeconf_nersc: Writing NERSC configuration ./conf_s060t20_b0706200_a_U000451500
# [2024-04-26 16:13:35] INFO: Calculated checksum: c61b4dc8
# [2024-04-26 16:14:30] INFO: Calculated checksum: ae99535b
# [2024-04-26 16:14:30] INFO: Writing RNGSTATE file: ./rand_s060t20_b0706200_a_U000451500
# [2024-04-26 16:14:31] INFO: Writing to disk took 59.3339 seconds
# [2024-04-26 16:14:31] INFO: ======================================================================
# [2024-04-26 16:14:31] INFO: Start sweeping...
# [2024-04-26 16:21:08] INFO: It took 397.224 seconds to do 500 HBOR sweeps.
# [2024-04-26 16:21:08] INFO: Plaquette = 0.675178
# [2024-04-26 16:21:08] INFO: Polyakov loop = (0.00369776,0.0010861)
# [2024-04-26 16:21:08] INFO: Writing conf to disk...
# [2024-04-26 16:21:08] INFO: writeconf_nersc: Writing NERSC configuration ./conf_s060t20_b0706200_a_U000452000
# [2024-04-26 16:21:11] INFO: Calculated checksum: 30acd87a
# [2024-04-26 16:22:18] INFO: Calculated checksum: 6234f7ce
# [2024-04-26 16:22:18] INFO: Writing RNGSTATE file: ./rand_s060t20_b0706200_a_U000452000
# [2024-04-26 16:22:19] INFO: Writing to disk took 70.8443 seconds
# [2024-04-26 16:22:19] INFO: ======================================================================
# [2024-04-26 16:22:19] INFO: Start sweeping...
# [2024-04-26 16:28:56] INFO: It took 396.991 seconds to do 500 HBOR sweeps.
# [2024-04-26 16:28:56] INFO: Plaquette = 0.675182
# [2024-04-26 16:28:56] INFO: Polyakov loop = (0.00362245,0.000167607)
# [2024-04-26 16:28:56] INFO: Writing conf to disk...
# [2024-04-26 16:28:56] INFO: writeconf_nersc: Writing NERSC configuration ./conf_s060t20_b0706200_a_U000452500
# [2024-04-26 16:29:00] INFO: Calculated checksum: 2acee035
# [2024-04-26 16:29:20] INFO: Calculated checksum: a9b42c5f
# [2024-04-26 16:29:20] INFO: Writing RNGSTATE file: ./rand_s060t20_b0706200_a_U000452500
# [2024-04-26 16:29:20] INFO: Writing to disk took 24.0165 seconds
# [2024-04-26 16:29:20] INFO: ======================================================================
# [2024-04-26 16:29:20] INFO: Start sweeping...
# [2024-04-26 16:35:58] INFO: It took 398.101 seconds to do 500 HBOR sweeps.
# [2024-04-26 16:35:58] INFO: Plaquette = 0.675219
# [2024-04-26 16:35:58] INFO: Polyakov loop = (0.0044295,-0.000371855)
# [2024-04-26 16:35:58] INFO: Writing conf to disk...
# [2024-04-26 16:35:58] INFO: writeconf_nersc: Writing NERSC configuration ./conf_s060t20_b0706200_a_U000453000
# [2024-04-26 16:36:02] INFO: Calculated checksum: 79a36712
# [2024-04-26 16:36:21] INFO: Calculated checksum: 8f2e0ada
# [2024-04-26 16:36:21] INFO: Writing RNGSTATE file: ./rand_s060t20_b0706200_a_U000453000
# [2024-04-26 16:36:22] INFO: Writing to disk took 24.0336 seconds
# [2024-04-26 16:36:22] INFO: ======================================================================
# [2024-04-26 16:36:22] INFO: Start sweeping...
# [2024-04-26 16:43:00] INFO: It took 398.001 seconds to do 500 HBOR sweeps.
# [2024-04-26 16:43:00] INFO: Plaquette = 0.675152
# [2024-04-26 16:43:00] INFO: Polyakov loop = (0.0038834,8.11092e-05)
# [2024-04-26 16:43:00] INFO: Writing conf to disk...
# [2024-04-26 16:43:00] INFO: writeconf_nersc: Writing NERSC configuration ./conf_s060t20_b0706200_a_U000453500
# [2024-04-26 16:43:03] INFO: Calculated checksum: a28d77bc
# [2024-04-26 16:43:17] INFO: Calculated checksum: dca7c795
# [2024-04-26 16:43:17] INFO: Writing RNGSTATE file: ./rand_s060t20_b0706200_a_U000453500
# [2024-04-26 16:43:17] INFO: Writing to disk took 16.5917 seconds
# [2024-04-26 16:43:17] INFO: ======================================================================
# [2024-04-26 16:43:17] INFO: Start sweeping...
# [2024-04-26 16:49:55] INFO: It took 398.16 seconds to do 500 HBOR sweeps.
# [2024-04-26 16:49:55] INFO: Plaquette = 0.675156
# [2024-04-26 16:49:55] INFO: Polyakov loop = (0.00472339,-0.000935376)
# [2024-04-26 16:49:55] INFO: Writing conf to disk...
# [2024-04-26 16:49:55] INFO: writeconf_nersc: Writing NERSC configuration ./conf_s060t20_b0706200_a_U000454000
# [2024-04-26 16:49:59] INFO: Calculated checksum: 40b87338
# [2024-04-26 16:50:14] INFO: Calculated checksum: c40b8130
# [2024-04-26 16:50:14] INFO: Writing RNGSTATE file: ./rand_s060t20_b0706200_a_U000454000
# [2024-04-26 16:50:14] INFO: Writing to disk took 18.8787 seconds
# [2024-04-26 16:50:14] INFO: ======================================================================
# [2024-04-26 16:50:14] INFO: Start sweeping...
# [2024-04-26 16:56:52] INFO: It took 398.172 seconds to do 500 HBOR sweeps.
# [2024-04-26 16:56:52] INFO: Plaquette = 0.675164
# [2024-04-26 16:56:52] INFO: Polyakov loop = (0.0050844,0.000843358)
# [2024-04-26 16:56:52] INFO: Writing conf to disk...
# [2024-04-26 16:56:52] INFO: writeconf_nersc: Writing NERSC configuration ./conf_s060t20_b0706200_a_U000454500
# [2024-04-26 16:56:56] INFO: Calculated checksum: 7e76dc6d
# [2024-04-26 16:57:07] INFO: Calculated checksum: 98832a7
# [2024-04-26 16:57:07] INFO: Writing RNGSTATE file: ./rand_s060t20_b0706200_a_U000454500
# [2024-04-26 16:57:07] INFO: Writing to disk took 14.4588 seconds
# [2024-04-26 16:57:07] INFO: ======================================================================
# [2024-04-26 16:57:07] INFO: Start sweeping...
# [2024-04-26 17:03:45] INFO: It took 398.308 seconds to do 500 HBOR sweeps.
# [2024-04-26 17:03:45] INFO: Plaquette = 0.675134
# [2024-04-26 17:03:45] INFO: Polyakov loop = (0.00518012,-0.000140508)
# [2024-04-26 17:03:45] INFO: Writing conf to disk...
# [2024-04-26 17:03:45] INFO: writeconf_nersc: Writing NERSC configuration ./conf_s060t20_b0706200_a_U000455000
# [2024-04-26 17:03:49] INFO: Calculated checksum: e14cba4a
# [2024-04-26 17:04:03] INFO: Calculated checksum: 57f0d569
# [2024-04-26 17:04:03] INFO: Writing RNGSTATE file: ./rand_s060t20_b0706200_a_U000455000
# [2024-04-26 17:04:03] INFO: Writing to disk took 17.5945 seconds
# [2024-04-26 17:04:03] INFO: ======================================================================
# [2024-04-26 17:04:03] INFO: Start sweeping...
# [2024-04-26 17:10:41] INFO: It took 398.199 seconds to do 500 HBOR sweeps.
# [2024-04-26 17:10:41] INFO: Plaquette = 0.675142
# [2024-04-26 17:10:41] INFO: Polyakov loop = (0.00509844,-0.000265057)
# [2024-04-26 17:10:41] INFO: Writing conf to disk...
# [2024-04-26 17:10:41] INFO: writeconf_nersc: Writing NERSC configuration ./conf_s060t20_b0706200_a_U000455500
# [2024-04-26 17:10:44] INFO: Calculated checksum: b3b39682
# [2024-04-26 17:10:54] INFO: Calculated checksum: b2e85b82
# [2024-04-26 17:10:54] INFO: Writing RNGSTATE file: ./rand_s060t20_b0706200_a_U000455500
# [2024-04-26 17:10:55] INFO: Writing to disk took 13.4715 seconds
# [2024-04-26 17:10:55] INFO: ======================================================================
# [2024-04-26 17:10:55] INFO: Start sweeping...
# [2024-04-26 17:17:33] INFO: It took 398.232 seconds to do 500 HBOR sweeps.
# [2024-04-26 17:17:33] INFO: Plaquette = 0.675166
# [2024-04-26 17:17:33] INFO: Polyakov loop = (0.00527793,-0.000462298)
# [2024-04-26 17:17:33] INFO: Writing conf to disk...
# [2024-04-26 17:17:33] INFO: writeconf_nersc: Writing NERSC configuration ./conf_s060t20_b0706200_a_U000456000
# [2024-04-26 17:17:36] INFO: Calculated checksum: 444af74d
# [2024-04-26 17:17:52] INFO: Calculated checksum: 856674a9
# [2024-04-26 17:17:52] INFO: Writing RNGSTATE file: ./rand_s060t20_b0706200_a_U000456000
# [2024-04-26 17:17:52] INFO: Writing to disk took 19.3554 seconds
# [2024-04-26 17:17:52] INFO: ======================================================================
# [2024-04-26 17:17:52] INFO: Start sweeping...
# [2024-04-26 17:24:30] INFO: It took 398.139 seconds to do 500 HBOR sweeps.
# [2024-04-26 17:24:30] INFO: Plaquette = 0.675186
# [2024-04-26 17:24:30] INFO: Polyakov loop = (0.00586211,-5.60887e-05)
# [2024-04-26 17:24:30] INFO: Writing conf to disk...
# [2024-04-26 17:24:30] INFO: writeconf_nersc: Writing NERSC configuration ./conf_s060t20_b0706200_a_U000456500
# [2024-04-26 17:24:34] INFO: Calculated checksum: 64dc6d1d
# [2024-04-26 17:24:46] INFO: Calculated checksum: 11a07943
# [2024-04-26 17:24:46] INFO: Writing RNGSTATE file: ./rand_s060t20_b0706200_a_U000456500
# [2024-04-26 17:24:46] INFO: Writing to disk took 15.4979 seconds
# [2024-04-26 17:24:46] INFO: ======================================================================
# [2024-04-26 17:24:46] INFO: Start sweeping...
# [2024-04-26 17:31:24] INFO: It took 398.277 seconds to do 500 HBOR sweeps.
# [2024-04-26 17:31:24] INFO: Plaquette = 0.675174
# [2024-04-26 17:31:24] INFO: Polyakov loop = (0.00498833,0.000183782)
# [2024-04-26 17:31:24] INFO: Writing conf to disk...
# [2024-04-26 17:31:24] INFO: writeconf_nersc: Writing NERSC configuration ./conf_s060t20_b0706200_a_U000457000
# [2024-04-26 17:31:27] INFO: Calculated checksum: af6f50d9
# [2024-04-26 17:31:58] INFO: Calculated checksum: 7a5403c2
# [2024-04-26 17:31:58] INFO: Writing RNGSTATE file: ./rand_s060t20_b0706200_a_U000457000
# [2024-04-26 17:31:58] INFO: Writing to disk took 33.7767 seconds
# [2024-04-26 17:31:58] INFO: ======================================================================
# [2024-04-26 17:31:58] INFO: Start sweeping...
# [2024-04-26 17:38:36] INFO: It took 397.815 seconds to do 500 HBOR sweeps.
# [2024-04-26 17:38:36] INFO: Plaquette = 0.675162
# [2024-04-26 17:38:36] INFO: Polyakov loop = (0.00483144,-0.00013248)
# [2024-04-26 17:38:36] INFO: Writing conf to disk...
# [2024-04-26 17:38:36] INFO: writeconf_nersc: Writing NERSC configuration ./conf_s060t20_b0706200_a_U000457500
# [2024-04-26 17:38:40] INFO: Calculated checksum: 24387f64
# [2024-04-26 17:38:52] INFO: Calculated checksum: db49655b
# [2024-04-26 17:38:52] INFO: Writing RNGSTATE file: ./rand_s060t20_b0706200_a_U000457500
# [2024-04-26 17:38:52] INFO: Writing to disk took 15.9674 seconds
# [2024-04-26 17:38:52] INFO: ======================================================================
# [2024-04-26 17:38:52] INFO: Start sweeping...
# [2024-04-26 17:45:30] INFO: It took 398.185 seconds to do 500 HBOR sweeps.
# [2024-04-26 17:45:30] INFO: Plaquette = 0.675114
# [2024-04-26 17:45:30] INFO: Polyakov loop = (0.0036965,9.50892e-05)
# [2024-04-26 17:45:30] INFO: Writing conf to disk...
# [2024-04-26 17:45:30] INFO: writeconf_nersc: Writing NERSC configuration ./conf_s060t20_b0706200_a_U000458000
# [2024-04-26 17:45:33] INFO: Calculated checksum: 21f165e8
# [2024-04-26 17:45:47] INFO: Calculated checksum: 66ee80e
# [2024-04-26 17:45:47] INFO: Writing RNGSTATE file: ./rand_s060t20_b0706200_a_U000458000
# [2024-04-26 17:45:48] INFO: Writing to disk took 17.5439 seconds
# [2024-04-26 17:45:48] INFO: ======================================================================
# [2024-04-26 17:45:48] INFO: Start sweeping...
# [2024-04-26 17:52:26] INFO: It took 398.091 seconds to do 500 HBOR sweeps.
# [2024-04-26 17:52:26] INFO: Plaquette = 0.675177
# [2024-04-26 17:52:26] INFO: Polyakov loop = (0.00529758,0.000230973)
# [2024-04-26 17:52:26] INFO: Writing conf to disk...
# [2024-04-26 17:52:26] INFO: writeconf_nersc: Writing NERSC configuration ./conf_s060t20_b0706200_a_U000458500
# [2024-04-26 17:52:29] INFO: Calculated checksum: 8f243b01
# [2024-04-26 17:52:40] INFO: Calculated checksum: 70b75d19
# [2024-04-26 17:52:40] INFO: Writing RNGSTATE file: ./rand_s060t20_b0706200_a_U000458500
# [2024-04-26 17:52:40] INFO: Writing to disk took 14.2761 seconds
# [2024-04-26 17:52:40] INFO: ======================================================================
# [2024-04-26 17:52:40] INFO: Start sweeping...
# [2024-04-26 17:59:18] INFO: It took 398.246 seconds to do 500 HBOR sweeps.
# [2024-04-26 17:59:18] INFO: Plaquette = 0.675203
# [2024-04-26 17:59:18] INFO: Polyakov loop = (0.0050819,8.72438e-05)
# [2024-04-26 17:59:18] INFO: Writing conf to disk...
# [2024-04-26 17:59:18] INFO: writeconf_nersc: Writing NERSC configuration ./conf_s060t20_b0706200_a_U000459000
# [2024-04-26 17:59:22] INFO: Calculated checksum: ffad3c64
# [2024-04-26 18:00:08] INFO: Calculated checksum: fe3289c0
# [2024-04-26 18:00:08] INFO: Writing RNGSTATE file: ./rand_s060t20_b0706200_a_U000459000
# [2024-04-26 18:00:08] INFO: Writing to disk took 49.8244 seconds
# [2024-04-26 18:00:08] INFO: ======================================================================
# [2024-04-26 18:00:08] INFO: Start sweeping...
# [2024-04-26 18:06:46] INFO: It took 397.405 seconds to do 500 HBOR sweeps.
# [2024-04-26 18:06:46] INFO: Plaquette = 0.675146
# [2024-04-26 18:06:46] INFO: Polyakov loop = (0.00521522,-0.000436389)
# [2024-04-26 18:06:46] INFO: Writing conf to disk...
# [2024-04-26 18:06:46] INFO: writeconf_nersc: Writing NERSC configuration ./conf_s060t20_b0706200_a_U000459500
# [2024-04-26 18:06:49] INFO: Calculated checksum: 5656849b
# [2024-04-26 18:06:57] INFO: Calculated checksum: f89aca6e
# [2024-04-26 18:06:57] INFO: Writing RNGSTATE file: ./rand_s060t20_b0706200_a_U000459500
# [2024-04-26 18:06:57] INFO: Writing to disk took 11.4726 seconds
# [2024-04-26 18:06:57] INFO: ======================================================================
# [2024-04-26 18:06:57] INFO: Start sweeping...
# [2024-04-26 18:13:35] INFO: It took 398.266 seconds to do 500 HBOR sweeps.
# [2024-04-26 18:13:36] INFO: Plaquette = 0.675203
# [2024-04-26 18:13:36] INFO: Polyakov loop = (0.00544374,0.00043923)
# [2024-04-26 18:13:36] INFO: Writing conf to disk...
# [2024-04-26 18:13:36] INFO: writeconf_nersc: Writing NERSC configuration ./conf_s060t20_b0706200_a_U000460000
# [2024-04-26 18:13:38] INFO: Calculated checksum: 36e6ec5d
# [2024-04-26 18:13:49] INFO: Calculated checksum: 50f93514
# [2024-04-26 18:13:49] INFO: Writing RNGSTATE file: ./rand_s060t20_b0706200_a_U000460000
# [2024-04-26 18:13:50] INFO: Writing to disk took 14.2562 seconds
# [2024-04-26 18:13:50] INFO: ======================================================================
# [2024-04-26 18:13:50] INFO: Start sweeping...
# [2024-04-26 18:20:28] INFO: It took 398.222 seconds to do 500 HBOR sweeps.
# [2024-04-26 18:20:28] INFO: Plaquette = 0.675119
# [2024-04-26 18:20:28] INFO: Polyakov loop = (0.00390068,0.00014243)
# [2024-04-26 18:20:28] INFO: Writing conf to disk...
# [2024-04-26 18:20:28] INFO: writeconf_nersc: Writing NERSC configuration ./conf_s060t20_b0706200_a_U000460500
# [2024-04-26 18:20:31] INFO: Calculated checksum: 2e5eacec
# [2024-04-26 18:20:41] INFO: Calculated checksum: 4bad42db
# [2024-04-26 18:20:41] INFO: Writing RNGSTATE file: ./rand_s060t20_b0706200_a_U000460500
# [2024-04-26 18:20:41] INFO: Writing to disk took 12.9056 seconds
# [2024-04-26 18:20:41] INFO: ======================================================================
# [2024-04-26 18:20:41] INFO: Start sweeping...
# [2024-04-26 18:27:19] INFO: It took 398.216 seconds to do 500 HBOR sweeps.
# [2024-04-26 18:27:19] INFO: Plaquette = 0.675136
# [2024-04-26 18:27:19] INFO: Polyakov loop = (0.00501492,0.00048325)
# [2024-04-26 18:27:19] INFO: Writing conf to disk...
# [2024-04-26 18:27:19] INFO: writeconf_nersc: Writing NERSC configuration ./conf_s060t20_b0706200_a_U000461000
# [2024-04-26 18:27:22] INFO: Calculated checksum: c95654f
# [2024-04-26 18:27:36] INFO: Calculated checksum: e8f1f7ce
# [2024-04-26 18:27:36] INFO: Writing RNGSTATE file: ./rand_s060t20_b0706200_a_U000461000
# [2024-04-26 18:27:37] INFO: Writing to disk took 17.5753 seconds
# [2024-04-26 18:27:37] INFO: ======================================================================
# [2024-04-26 18:27:37] INFO: Start sweeping...
# [2024-04-26 18:34:15] INFO: It took 398.128 seconds to do 500 HBOR sweeps.
# [2024-04-26 18:34:15] INFO: Plaquette = 0.675181
# [2024-04-26 18:34:15] INFO: Polyakov loop = (0.00357623,0.000205886)
# [2024-04-26 18:34:15] INFO: Writing conf to disk...
# [2024-04-26 18:34:15] INFO: writeconf_nersc: Writing NERSC configuration ./conf_s060t20_b0706200_a_U000461500
# [2024-04-26 18:34:18] INFO: Calculated checksum: c30c3b4c
# [2024-04-26 18:34:28] INFO: Calculated checksum: dabcabf
# [2024-04-26 18:34:28] INFO: Writing RNGSTATE file: ./rand_s060t20_b0706200_a_U000461500
# [2024-04-26 18:34:29] INFO: Writing to disk took 14.0073 seconds
# [2024-04-26 18:34:29] INFO: ======================================================================
# [2024-04-26 18:34:29] INFO: Start sweeping...
# [2024-04-26 18:41:07] INFO: It took 398.223 seconds to do 500 HBOR sweeps.
# [2024-04-26 18:41:07] INFO: Plaquette = 0.675148
# [2024-04-26 18:41:07] INFO: Polyakov loop = (0.00433377,0.000288523)
# [2024-04-26 18:41:07] INFO: Writing conf to disk...
# [2024-04-26 18:41:07] INFO: writeconf_nersc: Writing NERSC configuration ./conf_s060t20_b0706200_a_U000462000
# [2024-04-26 18:41:10] INFO: Calculated checksum: 9daa587d
# [2024-04-26 18:41:20] INFO: Calculated checksum: df2d123d
# [2024-04-26 18:41:20] INFO: Writing RNGSTATE file: ./rand_s060t20_b0706200_a_U000462000
# [2024-04-26 18:41:20] INFO: Writing to disk took 12.6443 seconds
# [2024-04-26 18:41:20] INFO: ======================================================================
# [2024-04-26 18:41:20] INFO: Start sweeping...
# [2024-04-26 18:47:58] INFO: It took 398.225 seconds to do 500 HBOR sweeps.
# [2024-04-26 18:47:58] INFO: Plaquette = 0.675187
# [2024-04-26 18:47:58] INFO: Polyakov loop = (0.00396629,-0.000173202)
# [2024-04-26 18:47:58] INFO: Writing conf to disk...
# [2024-04-26 18:47:58] INFO: writeconf_nersc: Writing NERSC configuration ./conf_s060t20_b0706200_a_U000462500
# [2024-04-26 18:48:01] INFO: Calculated checksum: 76ab4377
# [2024-04-26 18:48:10] INFO: Calculated checksum: 50ec6856
# [2024-04-26 18:48:10] INFO: Writing RNGSTATE file: ./rand_s060t20_b0706200_a_U000462500
# [2024-04-26 18:48:10] INFO: Writing to disk took 12.1573 seconds
# [2024-04-26 18:48:10] INFO: ======================================================================
# [2024-04-26 18:48:10] INFO: Start sweeping...
# [2024-04-26 18:54:49] INFO: It took 398.174 seconds to do 500 HBOR sweeps.
# [2024-04-26 18:54:49] INFO: Plaquette = 0.675091
# [2024-04-26 18:54:49] INFO: Polyakov loop = (0.00462874,-0.000788571)
# [2024-04-26 18:54:49] INFO: Writing conf to disk...
# [2024-04-26 18:54:49] INFO: writeconf_nersc: Writing NERSC configuration ./conf_s060t20_b0706200_a_U000463000
# [2024-04-26 18:54:52] INFO: Calculated checksum: 48fbf3d6
# [2024-04-26 18:55:02] INFO: Calculated checksum: f66f8d09
# [2024-04-26 18:55:02] INFO: Writing RNGSTATE file: ./rand_s060t20_b0706200_a_U000463000
# [2024-04-26 18:55:03] INFO: Writing to disk took 14.6639 seconds
# [2024-04-26 18:55:03] INFO: ======================================================================
# [2024-04-26 18:55:03] INFO: Start sweeping...
# [2024-04-26 19:01:41] INFO: It took 398.158 seconds to do 500 HBOR sweeps.
# [2024-04-26 19:01:42] INFO: Plaquette = 0.67521
# [2024-04-26 19:01:42] INFO: Polyakov loop = (0.0049342,-0.000182393)
# [2024-04-26 19:01:42] INFO: Writing conf to disk...
# [2024-04-26 19:01:42] INFO: writeconf_nersc: Writing NERSC configuration ./conf_s060t20_b0706200_a_U000463500
# [2024-04-26 19:01:45] INFO: Calculated checksum: 4e2cc8a9
# [2024-04-26 19:01:53] INFO: Calculated checksum: df6bc6ab
# [2024-04-26 19:01:53] INFO: Writing RNGSTATE file: ./rand_s060t20_b0706200_a_U000463500
# [2024-04-26 19:01:53] INFO: Writing to disk took 11.8234 seconds
# [2024-04-26 19:01:53] INFO: ======================================================================
# [2024-04-26 19:01:53] INFO: Start sweeping...
# [2024-04-26 19:08:32] INFO: It took 398.307 seconds to do 500 HBOR sweeps.
# [2024-04-26 19:08:32] INFO: Plaquette = 0.675134
# [2024-04-26 19:08:32] INFO: Polyakov loop = (0.00541494,-0.000297255)
# [2024-04-26 19:08:32] INFO: Writing conf to disk...
# [2024-04-26 19:08:32] INFO: writeconf_nersc: Writing NERSC configuration ./conf_s060t20_b0706200_a_U000464000
# [2024-04-26 19:08:35] INFO: Calculated checksum: f39f445d
# [2024-04-26 19:08:42] INFO: Calculated checksum: e6e2d6e
# [2024-04-26 19:08:42] INFO: Writing RNGSTATE file: ./rand_s060t20_b0706200_a_U000464000
# [2024-04-26 19:08:42] INFO: Writing to disk took 10.5361 seconds
# [2024-04-26 19:08:42] INFO: ======================================================================
# [2024-04-26 19:08:42] INFO: Start sweeping...
# [2024-04-26 19:15:21] INFO: It took 398.349 seconds to do 500 HBOR sweeps.
# [2024-04-26 19:15:21] INFO: Plaquette = 0.675142
# [2024-04-26 19:15:21] INFO: Polyakov loop = (0.00542296,-0.000430406)
# [2024-04-26 19:15:21] INFO: Writing conf to disk...
# [2024-04-26 19:15:21] INFO: writeconf_nersc: Writing NERSC configuration ./conf_s060t20_b0706200_a_U000464500
# [2024-04-26 19:15:24] INFO: Calculated checksum: d77da016
# [2024-04-26 19:15:32] INFO: Calculated checksum: 26d2824f
# [2024-04-26 19:15:32] INFO: Writing RNGSTATE file: ./rand_s060t20_b0706200_a_U000464500
# [2024-04-26 19:15:32] INFO: Writing to disk took 11.5154 seconds
# [2024-04-26 19:15:32] INFO: ======================================================================
# [2024-04-26 19:15:32] INFO: Start sweeping...
# [2024-04-26 19:22:11] INFO: It took 398.379 seconds to do 500 HBOR sweeps.
# [2024-04-26 19:22:11] INFO: Plaquette = 0.67516
# [2024-04-26 19:22:11] INFO: Polyakov loop = (0.00473908,-0.000480488)
# [2024-04-26 19:22:11] INFO: Writing conf to disk...
# [2024-04-26 19:22:11] INFO: writeconf_nersc: Writing NERSC configuration ./conf_s060t20_b0706200_a_U000465000
# [2024-04-26 19:22:14] INFO: Calculated checksum: 13a3558b
# [2024-04-26 19:22:22] INFO: Calculated checksum: ff7699e6
# [2024-04-26 19:22:22] INFO: Writing RNGSTATE file: ./rand_s060t20_b0706200_a_U000465000
# [2024-04-26 19:22:22] INFO: Writing to disk took 11.7356 seconds
# [2024-04-26 19:22:22] INFO: ======================================================================
# [2024-04-26 19:22:22] INFO: Start sweeping...
# [2024-04-26 19:29:01] INFO: It took 398.322 seconds to do 500 HBOR sweeps.
# [2024-04-26 19:29:01] INFO: Plaquette = 0.675199
# [2024-04-26 19:29:01] INFO: Polyakov loop = (0.00484628,-0.000789117)
# [2024-04-26 19:29:01] INFO: Writing conf to disk...
# [2024-04-26 19:29:01] INFO: writeconf_nersc: Writing NERSC configuration ./conf_s060t20_b0706200_a_U000465500
# [2024-04-26 19:29:04] INFO: Calculated checksum: b69ebba6
# [2024-04-26 19:29:14] INFO: Calculated checksum: 41b4ab6e
# [2024-04-26 19:29:14] INFO: Writing RNGSTATE file: ./rand_s060t20_b0706200_a_U000465500
# [2024-04-26 19:29:14] INFO: Writing to disk took 13.2303 seconds
# [2024-04-26 19:29:14] INFO: ======================================================================
# [2024-04-26 19:29:14] INFO: Start sweeping...
# [2024-04-26 19:35:52] INFO: It took 398.241 seconds to do 500 HBOR sweeps.
# [2024-04-26 19:35:52] INFO: Plaquette = 0.675198
# [2024-04-26 19:35:52] INFO: Polyakov loop = (0.00451907,6.66714e-06)
# [2024-04-26 19:35:52] INFO: Writing conf to disk...
# [2024-04-26 19:35:52] INFO: writeconf_nersc: Writing NERSC configuration ./conf_s060t20_b0706200_a_U000466000
# [2024-04-26 19:35:55] INFO: Calculated checksum: 6ba3e787
# [2024-04-26 19:36:04] INFO: Calculated checksum: 1e9a2a34
# [2024-04-26 19:36:04] INFO: Writing RNGSTATE file: ./rand_s060t20_b0706200_a_U000466000
# [2024-04-26 19:36:04] INFO: Writing to disk took 11.5859 seconds
# [2024-04-26 19:36:04] INFO: ======================================================================
# [2024-04-26 19:36:04] INFO: Start sweeping...
# [2024-04-26 19:42:42] INFO: It took 398.3 seconds to do 500 HBOR sweeps.
# [2024-04-26 19:42:42] INFO: Plaquette = 0.675189
# [2024-04-26 19:42:42] INFO: Polyakov loop = (0.00449791,0.000408182)
# [2024-04-26 19:42:42] INFO: Writing conf to disk...
# [2024-04-26 19:42:42] INFO: writeconf_nersc: Writing NERSC configuration ./conf_s060t20_b0706200_a_U000466500
# [2024-04-26 19:42:45] INFO: Calculated checksum: ac154343
# [2024-04-26 19:42:53] INFO: Calculated checksum: affc7b94
# [2024-04-26 19:42:54] INFO: Writing RNGSTATE file: ./rand_s060t20_b0706200_a_U000466500
# [2024-04-26 19:42:55] INFO: Writing to disk took 12.5042 seconds
# [2024-04-26 19:42:55] INFO: ======================================================================
# [2024-04-26 19:42:55] INFO: Start sweeping...
# [2024-04-26 19:49:33] INFO: It took 398.291 seconds to do 500 HBOR sweeps.
# [2024-04-26 19:49:33] INFO: Plaquette = 0.675103
# [2024-04-26 19:49:33] INFO: Polyakov loop = (0.00434563,-0.000484021)
# [2024-04-26 19:49:33] INFO: Writing conf to disk...
# [2024-04-26 19:49:33] INFO: writeconf_nersc: Writing NERSC configuration ./conf_s060t20_b0706200_a_U000467000
# [2024-04-26 19:49:36] INFO: Calculated checksum: 840ec783
# [2024-04-26 19:49:44] INFO: Calculated checksum: 8d1643ce
# [2024-04-26 19:49:44] INFO: Writing RNGSTATE file: ./rand_s060t20_b0706200_a_U000467000
# [2024-04-26 19:49:44] INFO: Writing to disk took 11.2826 seconds
# [2024-04-26 19:49:44] INFO: ======================================================================
# [2024-04-26 19:49:44] INFO: Start sweeping...
# [2024-04-26 19:56:23] INFO: It took 398.324 seconds to do 500 HBOR sweeps.
# [2024-04-26 19:56:23] INFO: Plaquette = 0.675124
# [2024-04-26 19:56:23] INFO: Polyakov loop = (0.00519022,-0.000283592)
# [2024-04-26 19:56:23] INFO: Writing conf to disk...
# [2024-04-26 19:56:23] INFO: writeconf_nersc: Writing NERSC configuration ./conf_s060t20_b0706200_a_U000467500
# [2024-04-26 19:56:26] INFO: Calculated checksum: b8cc21d7
# [2024-04-26 19:56:36] INFO: Calculated checksum: 48e2678a
# [2024-04-26 19:56:36] INFO: Writing RNGSTATE file: ./rand_s060t20_b0706200_a_U000467500
# [2024-04-26 19:56:36] INFO: Writing to disk took 13.3048 seconds
# [2024-04-26 19:56:36] INFO: ======================================================================
# [2024-04-26 19:56:36] INFO: Start sweeping...
# [2024-04-26 20:03:14] INFO: It took 398.301 seconds to do 500 HBOR sweeps.
# [2024-04-26 20:03:14] INFO: Plaquette = 0.675204
# [2024-04-26 20:03:14] INFO: Polyakov loop = (0.00472376,0.000130686)
# [2024-04-26 20:03:14] INFO: Writing conf to disk...
# [2024-04-26 20:03:14] INFO: writeconf_nersc: Writing NERSC configuration ./conf_s060t20_b0706200_a_U000468000
# [2024-04-26 20:03:17] INFO: Calculated checksum: 1b0261cc
# [2024-04-26 20:03:28] INFO: Calculated checksum: abda6c73
# [2024-04-26 20:03:28] INFO: Writing RNGSTATE file: ./rand_s060t20_b0706200_a_U000468000
# [2024-04-26 20:03:28] INFO: Writing to disk took 13.5548 seconds
# [2024-04-26 20:03:28] INFO: ======================================================================
# [2024-04-26 20:03:28] INFO: Start sweeping...
# [2024-04-26 20:10:06] INFO: It took 398.277 seconds to do 500 HBOR sweeps.
# [2024-04-26 20:10:06] INFO: Plaquette = 0.675176
# [2024-04-26 20:10:06] INFO: Polyakov loop = (0.00493423,-0.000144167)
# [2024-04-26 20:10:06] INFO: Writing conf to disk...
# [2024-04-26 20:10:06] INFO: writeconf_nersc: Writing NERSC configuration ./conf_s060t20_b0706200_a_U000468500
# [2024-04-26 20:10:09] INFO: Calculated checksum: 2f9b21
# [2024-04-26 20:10:19] INFO: Calculated checksum: c5a1c0af
# [2024-04-26 20:10:19] INFO: Writing RNGSTATE file: ./rand_s060t20_b0706200_a_U000468500
# [2024-04-26 20:10:19] INFO: Writing to disk took 12.8811 seconds
# [2024-04-26 20:10:19] INFO: ======================================================================
# [2024-04-26 20:10:19] INFO: Start sweeping...
# [2024-04-26 20:16:58] INFO: It took 398.295 seconds to do 500 HBOR sweeps.
# [2024-04-26 20:16:58] INFO: Plaquette = 0.675149
# [2024-04-26 20:16:58] INFO: Polyakov loop = (0.00463353,0.000897967)
# [2024-04-26 20:16:58] INFO: Writing conf to disk...
# [2024-04-26 20:16:58] INFO: writeconf_nersc: Writing NERSC configuration ./conf_s060t20_b0706200_a_U000469000
# [2024-04-26 20:17:01] INFO: Calculated checksum: a1b8b84
# [2024-04-26 20:17:11] INFO: Calculated checksum: a7a465c1
# [2024-04-26 20:17:11] INFO: Writing RNGSTATE file: ./rand_s060t20_b0706200_a_U000469000
# [2024-04-26 20:17:11] INFO: Writing to disk took 13.71 seconds
# [2024-04-26 20:17:11] INFO: ======================================================================
# [2024-04-26 20:17:11] INFO: Start sweeping...
# [2024-04-26 20:23:50] INFO: It took 398.238 seconds to do 500 HBOR sweeps.
# [2024-04-26 20:23:50] INFO: Plaquette = 0.675215
# [2024-04-26 20:23:50] INFO: Polyakov loop = (0.00370496,-0.00130968)
# [2024-04-26 20:23:50] INFO: Writing conf to disk...
# [2024-04-26 20:23:50] INFO: writeconf_nersc: Writing NERSC configuration ./conf_s060t20_b0706200_a_U000469500
# [2024-04-26 20:23:53] INFO: Calculated checksum: 937cdfc9
# [2024-04-26 20:24:04] INFO: Calculated checksum: 55d90d62
# [2024-04-26 20:24:04] INFO: Writing RNGSTATE file: ./rand_s060t20_b0706200_a_U000469500
# [2024-04-26 20:24:04] INFO: Writing to disk took 14.3476 seconds
# [2024-04-26 20:24:04] INFO: ======================================================================
# [2024-04-26 20:24:04] INFO: Start sweeping...
# [2024-04-26 20:30:42] INFO: It took 398.277 seconds to do 500 HBOR sweeps.
# [2024-04-26 20:30:42] INFO: Plaquette = 0.675242
# [2024-04-26 20:30:42] INFO: Polyakov loop = (0.00639348,0.000852514)
# [2024-04-26 20:30:42] INFO: Writing conf to disk...
# [2024-04-26 20:30:42] INFO: writeconf_nersc: Writing NERSC configuration ./conf_s060t20_b0706200_a_U000470000
# [2024-04-26 20:30:45] INFO: Calculated checksum: 7e6b326c
# [2024-04-26 20:30:53] INFO: Calculated checksum: a962449c
# [2024-04-26 20:30:53] INFO: Writing RNGSTATE file: ./rand_s060t20_b0706200_a_U000470000
# [2024-04-26 20:30:53] INFO: Writing to disk took 10.7874 seconds
# [2024-04-26 20:30:53] INFO: ======================================================================
# [2024-04-26 20:30:53] INFO: Start sweeping...
# [2024-04-26 20:37:32] INFO: It took 398.395 seconds to do 500 HBOR sweeps.
# [2024-04-26 20:37:32] INFO: Plaquette = 0.675245
# [2024-04-26 20:37:32] INFO: Polyakov loop = (0.00391195,-7.86162e-05)
# [2024-04-26 20:37:32] INFO: Writing conf to disk...
# [2024-04-26 20:37:32] INFO: writeconf_nersc: Writing NERSC configuration ./conf_s060t20_b0706200_a_U000470500
# [2024-04-26 20:37:34] INFO: Calculated checksum: 180ad1fa
# [2024-04-26 20:37:42] INFO: Calculated checksum: fe099518
# [2024-04-26 20:37:42] INFO: Writing RNGSTATE file: ./rand_s060t20_b0706200_a_U000470500
# [2024-04-26 20:37:43] INFO: Writing to disk took 11.152 seconds
# [2024-04-26 20:37:43] INFO: ======================================================================
# [2024-04-26 20:37:43] INFO: Start sweeping...
# [2024-04-26 20:44:21] INFO: It took 398.407 seconds to do 500 HBOR sweeps.
# [2024-04-26 20:44:21] INFO: Plaquette = 0.675199
# [2024-04-26 20:44:21] INFO: Polyakov loop = (0.00520781,-0.000427694)
# [2024-04-26 20:44:21] INFO: Writing conf to disk...
# [2024-04-26 20:44:21] INFO: writeconf_nersc: Writing NERSC configuration ./conf_s060t20_b0706200_a_U000471000
# [2024-04-26 20:44:24] INFO: Calculated checksum: bd8fc461
# [2024-04-26 20:44:32] INFO: Calculated checksum: 86c27447
# [2024-04-26 20:44:32] INFO: Writing RNGSTATE file: ./rand_s060t20_b0706200_a_U000471000
# [2024-04-26 20:44:32] INFO: Writing to disk took 11.1406 seconds
# [2024-04-26 20:44:32] INFO: ======================================================================
# [2024-04-26 20:44:32] INFO: Start sweeping...
# [2024-04-26 20:51:11] INFO: It took 398.4 seconds to do 500 HBOR sweeps.
# [2024-04-26 20:51:11] INFO: Plaquette = 0.675163
# [2024-04-26 20:51:11] INFO: Polyakov loop = (0.00469882,-2.27811e-05)
# [2024-04-26 20:51:11] INFO: Writing conf to disk...
# [2024-04-26 20:51:11] INFO: writeconf_nersc: Writing NERSC configuration ./conf_s060t20_b0706200_a_U000471500
# [2024-04-26 20:51:14] INFO: Calculated checksum: f9b19cfc
# [2024-04-26 20:51:21] INFO: Calculated checksum: 4191f901
# [2024-04-26 20:51:21] INFO: Writing RNGSTATE file: ./rand_s060t20_b0706200_a_U000471500
# [2024-04-26 20:51:22] INFO: Writing to disk took 10.8115 seconds
# [2024-04-26 20:51:22] INFO: ======================================================================
# [2024-04-26 20:51:22] INFO: Start sweeping...
# [2024-04-26 20:58:00] INFO: It took 398.396 seconds to do 500 HBOR sweeps.
# [2024-04-26 20:58:00] INFO: Plaquette = 0.675165
# [2024-04-26 20:58:00] INFO: Polyakov loop = (0.00464973,-5.48679e-05)
# [2024-04-26 20:58:00] INFO: Writing conf to disk...
# [2024-04-26 20:58:00] INFO: writeconf_nersc: Writing NERSC configuration ./conf_s060t20_b0706200_a_U000472000
# [2024-04-26 20:58:03] INFO: Calculated checksum: 12703f7
# [2024-04-26 20:58:11] INFO: Calculated checksum: 2b903f65
# [2024-04-26 20:58:11] INFO: Writing RNGSTATE file: ./rand_s060t20_b0706200_a_U000472000
# [2024-04-26 20:58:12] INFO: Writing to disk took 11.6984 seconds
# [2024-04-26 20:58:12] INFO: ======================================================================
# [2024-04-26 20:58:12] INFO: Start sweeping...
# [2024-04-26 21:04:50] INFO: It took 398.385 seconds to do 500 HBOR sweeps.
# [2024-04-26 21:04:50] INFO: Plaquette = 0.6752
# [2024-04-26 21:04:50] INFO: Polyakov loop = (0.00502803,-9.87292e-05)
# [2024-04-26 21:04:50] INFO: Writing conf to disk...
# [2024-04-26 21:04:50] INFO: writeconf_nersc: Writing NERSC configuration ./conf_s060t20_b0706200_a_U000472500
# [2024-04-26 21:04:53] INFO: Calculated checksum: 7f6a61da
# [2024-04-26 21:05:01] INFO: Calculated checksum: a9a4790f
# [2024-04-26 21:05:01] INFO: Writing RNGSTATE file: ./rand_s060t20_b0706200_a_U000472500
# [2024-04-26 21:05:01] INFO: Writing to disk took 11.2232 seconds
# [2024-04-26 21:05:01] INFO: ======================================================================
# [2024-04-26 21:05:01] INFO: Start sweeping...
# [2024-04-26 21:11:40] INFO: It took 398.379 seconds to do 500 HBOR sweeps.
# [2024-04-26 21:11:40] INFO: Plaquette = 0.675244
# [2024-04-26 21:11:40] INFO: Polyakov loop = (0.00441669,-0.000545099)
# [2024-04-26 21:11:40] INFO: Writing conf to disk...
# [2024-04-26 21:11:40] INFO: writeconf_nersc: Writing NERSC configuration ./conf_s060t20_b0706200_a_U000473000
# [2024-04-26 21:11:43] INFO: Calculated checksum: d633e050
# [2024-04-26 21:11:51] INFO: Calculated checksum: 5ccd3bfb
# [2024-04-26 21:11:51] INFO: Writing RNGSTATE file: ./rand_s060t20_b0706200_a_U000473000
# [2024-04-26 21:11:51] INFO: Writing to disk took 11.596 seconds
# [2024-04-26 21:11:51] INFO: ======================================================================
# [2024-04-26 21:11:51] INFO: Start sweeping...
# [2024-04-26 21:18:30] INFO: It took 398.39 seconds to do 500 HBOR sweeps.
# [2024-04-26 21:18:30] INFO: Plaquette = 0.675172
# [2024-04-26 21:18:30] INFO: Polyakov loop = (0.00411248,0.000410788)
# [2024-04-26 21:18:30] INFO: Writing conf to disk...
# [2024-04-26 21:18:30] INFO: writeconf_nersc: Writing NERSC configuration ./conf_s060t20_b0706200_a_U000473500
# [2024-04-26 21:18:33] INFO: Calculated checksum: db45709
# [2024-04-26 21:18:40] INFO: Calculated checksum: 2141443d
# [2024-04-26 21:18:40] INFO: Writing RNGSTATE file: ./rand_s060t20_b0706200_a_U000473500
# [2024-04-26 21:18:41] INFO: Writing to disk took 10.7832 seconds
# [2024-04-26 21:18:41] INFO: ======================================================================
# [2024-04-26 21:18:41] INFO: Start sweeping...
# [2024-04-26 21:25:19] INFO: It took 398.427 seconds to do 500 HBOR sweeps.
# [2024-04-26 21:25:19] INFO: Plaquette = 0.675139
# [2024-04-26 21:25:19] INFO: Polyakov loop = (0.00518689,0.00046077)
# [2024-04-26 21:25:19] INFO: Writing conf to disk...
# [2024-04-26 21:25:19] INFO: writeconf_nersc: Writing NERSC configuration ./conf_s060t20_b0706200_a_U000474000
# [2024-04-26 21:25:22] INFO: Calculated checksum: 23c90f65
# [2024-04-26 21:25:31] INFO: Calculated checksum: 612cf393
# [2024-04-26 21:25:31] INFO: Writing RNGSTATE file: ./rand_s060t20_b0706200_a_U000474000
# [2024-04-26 21:25:31] INFO: Writing to disk took 11.6764 seconds
# [2024-04-26 21:25:31] INFO: ======================================================================
# [2024-04-26 21:25:31] INFO: Start sweeping...
# [2024-04-26 21:32:09] INFO: It took 398.374 seconds to do 500 HBOR sweeps.
# [2024-04-26 21:32:09] INFO: Plaquette = 0.67504
# [2024-04-26 21:32:09] INFO: Polyakov loop = (0.00431476,0.000862262)
# [2024-04-26 21:32:09] INFO: Writing conf to disk...
# [2024-04-26 21:32:09] INFO: writeconf_nersc: Writing NERSC configuration ./conf_s060t20_b0706200_a_U000474500
# [2024-04-26 21:32:12] INFO: Calculated checksum: 121bf42
# [2024-04-26 21:32:20] INFO: Calculated checksum: 224caba3
# [2024-04-26 21:32:20] INFO: Writing RNGSTATE file: ./rand_s060t20_b0706200_a_U000474500
# [2024-04-26 21:32:21] INFO: Writing to disk took 11.3784 seconds
# [2024-04-26 21:32:21] INFO: ======================================================================
# [2024-04-26 21:32:21] INFO: Start sweeping...
# [2024-04-26 21:38:59] INFO: It took 398.397 seconds to do 500 HBOR sweeps.
# [2024-04-26 21:38:59] INFO: Plaquette = 0.675271
# [2024-04-26 21:38:59] INFO: Polyakov loop = (0.00540926,0.000115626)
# [2024-04-26 21:38:59] INFO: Writing conf to disk...
# [2024-04-26 21:38:59] INFO: writeconf_nersc: Writing NERSC configuration ./conf_s060t20_b0706200_a_U000475000
# [2024-04-26 21:39:02] INFO: Calculated checksum: 35e0fee
# [2024-04-26 21:39:10] INFO: Calculated checksum: 69b19846
# [2024-04-26 21:39:10] INFO: Writing RNGSTATE file: ./rand_s060t20_b0706200_a_U000475000
# [2024-04-26 21:39:11] INFO: Writing to disk took 11.5395 seconds
# [2024-04-26 21:39:11] INFO: ======================================================================
# [2024-04-26 21:39:11] INFO: Start sweeping...
# [2024-04-26 21:45:49] INFO: It took 398.434 seconds to do 500 HBOR sweeps.
# [2024-04-26 21:45:49] INFO: Plaquette = 0.675179
# [2024-04-26 21:45:49] INFO: Polyakov loop = (0.00437135,0.000270564)
# [2024-04-26 21:45:49] INFO: Writing conf to disk...
# [2024-04-26 21:45:49] INFO: writeconf_nersc: Writing NERSC configuration ./conf_s060t20_b0706200_a_U000475500
# [2024-04-26 21:45:52] INFO: Calculated checksum: 2a67c589
# [2024-04-26 21:45:59] INFO: Calculated checksum: f79645b
# [2024-04-26 21:45:59] INFO: Writing RNGSTATE file: ./rand_s060t20_b0706200_a_U000475500
# [2024-04-26 21:46:00] INFO: Writing to disk took 10.4948 seconds
# [2024-04-26 21:46:00] INFO: ======================================================================
# [2024-04-26 21:46:00] INFO: Start sweeping...
# [2024-04-26 21:52:38] INFO: It took 398.428 seconds to do 500 HBOR sweeps.
# [2024-04-26 21:52:38] INFO: Plaquette = 0.675183
# [2024-04-26 21:52:38] INFO: Polyakov loop = (0.00479389,0.000624053)
# [2024-04-26 21:52:38] INFO: Writing conf to disk...
# [2024-04-26 21:52:38] INFO: writeconf_nersc: Writing NERSC configuration ./conf_s060t20_b0706200_a_U000476000
# [2024-04-26 21:52:41] INFO: Calculated checksum: 719781bd
# [2024-04-26 21:52:51] INFO: Calculated checksum: 3efd7be4
# [2024-04-26 21:52:51] INFO: Writing RNGSTATE file: ./rand_s060t20_b0706200_a_U000476000
# [2024-04-26 21:52:51] INFO: Writing to disk took 13.3322 seconds
# [2024-04-26 21:52:51] INFO: ======================================================================
# [2024-04-26 21:52:51] INFO: Start sweeping...
# [2024-04-26 21:59:30] INFO: It took 398.36 seconds to do 500 HBOR sweeps.
# [2024-04-26 21:59:30] INFO: Plaquette = 0.675241
# [2024-04-26 21:59:30] INFO: Polyakov loop = (0.00486254,0.000746054)
# [2024-04-26 21:59:30] INFO: Writing conf to disk...
# [2024-04-26 21:59:30] INFO: writeconf_nersc: Writing NERSC configuration ./conf_s060t20_b0706200_a_U000476500
# [2024-04-26 21:59:33] INFO: Calculated checksum: 17c36241
# [2024-04-26 21:59:42] INFO: Calculated checksum: 5c348911
# [2024-04-26 21:59:42] INFO: Writing RNGSTATE file: ./rand_s060t20_b0706200_a_U000476500
# [2024-04-26 21:59:43] INFO: Writing to disk took 12.8644 seconds
# [2024-04-26 21:59:43] INFO: ======================================================================
# [2024-04-26 21:59:43] INFO: Start sweeping...
# [2024-04-26 22:06:21] INFO: It took 398.32 seconds to do 500 HBOR sweeps.
# [2024-04-26 22:06:21] INFO: Plaquette = 0.675198
# [2024-04-26 22:06:21] INFO: Polyakov loop = (0.00516063,-0.00066178)
# [2024-04-26 22:06:21] INFO: Writing conf to disk...
# [2024-04-26 22:06:21] INFO: writeconf_nersc: Writing NERSC configuration ./conf_s060t20_b0706200_a_U000477000
# [2024-04-26 22:06:24] INFO: Calculated checksum: 7b110d52
# [2024-04-26 22:06:33] INFO: Calculated checksum: c2fa4bf2
# [2024-04-26 22:06:33] INFO: Writing RNGSTATE file: ./rand_s060t20_b0706200_a_U000477000
# [2024-04-26 22:06:34] INFO: Writing to disk took 12.6196 seconds
# [2024-04-26 22:06:34] INFO: ======================================================================
# [2024-04-26 22:06:34] INFO: Start sweeping...
# [2024-04-26 22:13:12] INFO: It took 398.326 seconds to do 500 HBOR sweeps.
# [2024-04-26 22:13:12] INFO: Plaquette = 0.675148
# [2024-04-26 22:13:12] INFO: Polyakov loop = (0.00483331,0.000221721)
# [2024-04-26 22:13:12] INFO: Writing conf to disk...
# [2024-04-26 22:13:12] INFO: writeconf_nersc: Writing NERSC configuration ./conf_s060t20_b0706200_a_U000477500
# [2024-04-26 22:13:15] INFO: Calculated checksum: 9290a653
# [2024-04-26 22:13:25] INFO: Calculated checksum: 9b87accf
# [2024-04-26 22:13:25] INFO: Writing RNGSTATE file: ./rand_s060t20_b0706200_a_U000477500
# [2024-04-26 22:13:26] INFO: Writing to disk took 13.6042 seconds
# [2024-04-26 22:13:26] INFO: ======================================================================
# [2024-04-26 22:13:26] INFO: Start sweeping...
# [2024-04-26 22:20:04] INFO: It took 398.377 seconds to do 500 HBOR sweeps.
# [2024-04-26 22:20:04] INFO: Plaquette = 0.675167
# [2024-04-26 22:20:04] INFO: Polyakov loop = (0.00452508,8.02171e-05)
# [2024-04-26 22:20:04] INFO: Writing conf to disk...
# [2024-04-26 22:20:04] INFO: writeconf_nersc: Writing NERSC configuration ./conf_s060t20_b0706200_a_U000478000
# [2024-04-26 22:20:07] INFO: Calculated checksum: 916b2ede
# [2024-04-26 22:20:16] INFO: Calculated checksum: 3039245a
# [2024-04-26 22:20:16] INFO: Writing RNGSTATE file: ./rand_s060t20_b0706200_a_U000478000
# [2024-04-26 22:20:16] INFO: Writing to disk took 12.1387 seconds
# [2024-04-26 22:20:16] INFO: ======================================================================
# [2024-04-26 22:20:16] INFO: Start sweeping...
# [2024-04-26 22:26:55] INFO: It took 398.413 seconds to do 500 HBOR sweeps.
# [2024-04-26 22:26:55] INFO: Plaquette = 0.675199
# [2024-04-26 22:26:55] INFO: Polyakov loop = (0.00539242,0.00100827)
# [2024-04-26 22:26:55] INFO: Writing conf to disk...
# [2024-04-26 22:26:55] INFO: writeconf_nersc: Writing NERSC configuration ./conf_s060t20_b0706200_a_U000478500
# [2024-04-26 22:26:58] INFO: Calculated checksum: c4dc54b6
# [2024-04-26 22:27:05] INFO: Calculated checksum: 2e6c758
# [2024-04-26 22:27:05] INFO: Writing RNGSTATE file: ./rand_s060t20_b0706200_a_U000478500
# [2024-04-26 22:27:06] INFO: Writing to disk took 10.9666 seconds
# [2024-04-26 22:27:06] INFO: ======================================================================
# [2024-04-26 22:27:06] INFO: Start sweeping...
# [2024-04-26 22:33:44] INFO: It took 398.398 seconds to do 500 HBOR sweeps.
# [2024-04-26 22:33:44] INFO: Plaquette = 0.675153
# [2024-04-26 22:33:44] INFO: Polyakov loop = (0.00404371,-7.55751e-05)
# [2024-04-26 22:33:44] INFO: Writing conf to disk...
# [2024-04-26 22:33:44] INFO: writeconf_nersc: Writing NERSC configuration ./conf_s060t20_b0706200_a_U000479000
# [2024-04-26 22:33:47] INFO: Calculated checksum: d13cfc3f
# [2024-04-26 22:33:56] INFO: Calculated checksum: b78c9157
# [2024-04-26 22:33:57] INFO: Writing RNGSTATE file: ./rand_s060t20_b0706200_a_U000479000
# [2024-04-26 22:33:57] INFO: Writing to disk took 12.7244 seconds
# [2024-04-26 22:33:57] INFO: ======================================================================
# [2024-04-26 22:33:57] INFO: Start sweeping...
# [2024-04-26 22:40:35] INFO: It took 398.348 seconds to do 500 HBOR sweeps.
# [2024-04-26 22:40:35] INFO: Plaquette = 0.675167
# [2024-04-26 22:40:35] INFO: Polyakov loop = (0.00519458,0.000151447)
# [2024-04-26 22:40:35] INFO: Writing conf to disk...
# [2024-04-26 22:40:35] INFO: writeconf_nersc: Writing NERSC configuration ./conf_s060t20_b0706200_a_U000479500
# [2024-04-26 22:40:38] INFO: Calculated checksum: 7fc4ede0
# [2024-04-26 22:40:46] INFO: Calculated checksum: 957ba6cb
# [2024-04-26 22:40:46] INFO: Writing RNGSTATE file: ./rand_s060t20_b0706200_a_U000479500
# [2024-04-26 22:40:47] INFO: Writing to disk took 11.4203 seconds
# [2024-04-26 22:40:47] INFO: ======================================================================
# [2024-04-26 22:40:47] INFO: Start sweeping...
# [2024-04-26 22:47:25] INFO: It took 398.384 seconds to do 500 HBOR sweeps.
# [2024-04-26 22:47:25] INFO: Plaquette = 0.675174
# [2024-04-26 22:47:25] INFO: Polyakov loop = (0.00490254,-0.000628903)
# [2024-04-26 22:47:25] INFO: Writing conf to disk...
# [2024-04-26 22:47:25] INFO: writeconf_nersc: Writing NERSC configuration ./conf_s060t20_b0706200_a_U000480000
# [2024-04-26 22:47:28] INFO: Calculated checksum: 85955fac
# [2024-04-26 22:47:44] INFO: Calculated checksum: ec103f65
# [2024-04-26 22:47:44] INFO: Writing RNGSTATE file: ./rand_s060t20_b0706200_a_U000480000
# [2024-04-26 22:47:45] INFO: Writing to disk took 19.283 seconds
# [2024-04-26 22:47:45] INFO: ======================================================================
# [2024-04-26 22:47:45] INFO: Start sweeping...
# [2024-04-26 22:54:23] INFO: It took 398.229 seconds to do 500 HBOR sweeps.
# [2024-04-26 22:54:23] INFO: Plaquette = 0.675203
# [2024-04-26 22:54:23] INFO: Polyakov loop = (0.00436523,0.000114152)
# [2024-04-26 22:54:23] INFO: Writing conf to disk...
# [2024-04-26 22:54:23] INFO: writeconf_nersc: Writing NERSC configuration ./conf_s060t20_b0706200_a_U000480500
# [2024-04-26 22:54:26] INFO: Calculated checksum: 7065237f
# [2024-04-26 22:54:35] INFO: Calculated checksum: 6038eddf
# [2024-04-26 22:54:35] INFO: Writing RNGSTATE file: ./rand_s060t20_b0706200_a_U000480500
# [2024-04-26 22:54:35] INFO: Writing to disk took 12.2614 seconds
# [2024-04-26 22:54:35] INFO: ======================================================================
# [2024-04-26 22:54:35] INFO: Start sweeping...
# [2024-04-26 23:01:13] INFO: It took 398.368 seconds to do 500 HBOR sweeps.
# [2024-04-26 23:01:14] INFO: Plaquette = 0.675237
# [2024-04-26 23:01:14] INFO: Polyakov loop = (0.00492768,-0.000174934)
# [2024-04-26 23:01:14] INFO: Writing conf to disk...
# [2024-04-26 23:01:14] INFO: writeconf_nersc: Writing NERSC configuration ./conf_s060t20_b0706200_a_U000481000
# [2024-04-26 23:01:16] INFO: Calculated checksum: bf413b80
# [2024-04-26 23:01:24] INFO: Calculated checksum: 9ac02b7e
# [2024-04-26 23:01:24] INFO: Writing RNGSTATE file: ./rand_s060t20_b0706200_a_U000481000
# [2024-04-26 23:01:24] INFO: Writing to disk took 10.9146 seconds
# [2024-04-26 23:01:24] INFO: ======================================================================
# [2024-04-26 23:01:24] INFO: Start sweeping...
# [2024-04-26 23:08:03] INFO: It took 398.422 seconds to do 500 HBOR sweeps.
# [2024-04-26 23:08:03] INFO: Plaquette = 0.675154
# [2024-04-26 23:08:03] INFO: Polyakov loop = (0.00460847,3.20262e-05)
# [2024-04-26 23:08:03] INFO: Writing conf to disk...
# [2024-04-26 23:08:03] INFO: writeconf_nersc: Writing NERSC configuration ./conf_s060t20_b0706200_a_U000481500
# [2024-04-26 23:08:06] INFO: Calculated checksum: f6c9cc2e
# [2024-04-26 23:08:14] INFO: Calculated checksum: d463982d
# [2024-04-26 23:08:14] INFO: Writing RNGSTATE file: ./rand_s060t20_b0706200_a_U000481500
# [2024-04-26 23:08:14] INFO: Writing to disk took 11.4389 seconds
# [2024-04-26 23:08:14] INFO: ======================================================================
# [2024-04-26 23:08:14] INFO: Start sweeping...
# [2024-04-26 23:14:53] INFO: It took 398.425 seconds to do 500 HBOR sweeps.
# [2024-04-26 23:14:53] INFO: Plaquette = 0.675138
# [2024-04-26 23:14:53] INFO: Polyakov loop = (0.0048467,0.000232317)
# [2024-04-26 23:14:53] INFO: Writing conf to disk...
# [2024-04-26 23:14:53] INFO: writeconf_nersc: Writing NERSC configuration ./conf_s060t20_b0706200_a_U000482000
# [2024-04-26 23:14:56] INFO: Calculated checksum: fb9a50e6
# [2024-04-26 23:15:04] INFO: Calculated checksum: 726f20ba
# [2024-04-26 23:15:04] INFO: Writing RNGSTATE file: ./rand_s060t20_b0706200_a_U000482000
# [2024-04-26 23:15:04] INFO: Writing to disk took 11.2026 seconds
# [2024-04-26 23:15:04] INFO: ======================================================================
# [2024-04-26 23:15:04] INFO: Start sweeping...
# [2024-04-26 23:21:43] INFO: It took 398.438 seconds to do 500 HBOR sweeps.
# [2024-04-26 23:21:43] INFO: Plaquette = 0.675157
# [2024-04-26 23:21:43] INFO: Polyakov loop = (0.00388835,0.000702871)
# [2024-04-26 23:21:43] INFO: Writing conf to disk...
# [2024-04-26 23:21:43] INFO: writeconf_nersc: Writing NERSC configuration ./conf_s060t20_b0706200_a_U000482500
# [2024-04-26 23:21:45] INFO: Calculated checksum: bcc40563
# [2024-04-26 23:21:58] INFO: Calculated checksum: 2dc5f1a4
# [2024-04-26 23:21:58] INFO: Writing RNGSTATE file: ./rand_s060t20_b0706200_a_U000482500
# [2024-04-26 23:21:59] INFO: Writing to disk took 16.1062 seconds
# [2024-04-26 23:21:59] INFO: ======================================================================
# [2024-04-26 23:21:59] INFO: Start sweeping...
# [2024-04-26 23:28:37] INFO: It took 398.308 seconds to do 500 HBOR sweeps.
# [2024-04-26 23:28:37] INFO: Plaquette = 0.675132
# [2024-04-26 23:28:37] INFO: Polyakov loop = (0.00365467,-0.000622412)
# [2024-04-26 23:28:37] INFO: Writing conf to disk...
# [2024-04-26 23:28:37] INFO: writeconf_nersc: Writing NERSC configuration ./conf_s060t20_b0706200_a_U000483000
# [2024-04-26 23:28:40] INFO: Calculated checksum: 99e1390f
# [2024-04-26 23:28:48] INFO: Calculated checksum: a22250b9
# [2024-04-26 23:28:48] INFO: Writing RNGSTATE file: ./rand_s060t20_b0706200_a_U000483000
# [2024-04-26 23:28:48] INFO: Writing to disk took 11.0108 seconds
# [2024-04-26 23:28:48] INFO: ======================================================================
# [2024-04-26 23:28:48] INFO: Start sweeping...
# [2024-04-26 23:35:27] INFO: It took 398.473 seconds to do 500 HBOR sweeps.
# [2024-04-26 23:35:27] INFO: Plaquette = 0.675078
# [2024-04-26 23:35:27] INFO: Polyakov loop = (0.00478066,5.25145e-05)
# [2024-04-26 23:35:27] INFO: Writing conf to disk...
# [2024-04-26 23:35:27] INFO: writeconf_nersc: Writing NERSC configuration ./conf_s060t20_b0706200_a_U000483500
# [2024-04-26 23:35:30] INFO: Calculated checksum: 88da18f9
# [2024-04-26 23:35:37] INFO: Calculated checksum: a3645557
# [2024-04-26 23:35:37] INFO: Writing RNGSTATE file: ./rand_s060t20_b0706200_a_U000483500
# [2024-04-26 23:35:38] INFO: Writing to disk took 11.0993 seconds
# [2024-04-26 23:35:38] INFO: ======================================================================
# [2024-04-26 23:35:38] INFO: Start sweeping...
# [2024-04-26 23:42:16] INFO: It took 398.417 seconds to do 500 HBOR sweeps.
# [2024-04-26 23:42:16] INFO: Plaquette = 0.675107
# [2024-04-26 23:42:16] INFO: Polyakov loop = (0.00487085,0.000490164)
# [2024-04-26 23:42:16] INFO: Writing conf to disk...
# [2024-04-26 23:42:16] INFO: writeconf_nersc: Writing NERSC configuration ./conf_s060t20_b0706200_a_U000484000
# [2024-04-26 23:42:19] INFO: Calculated checksum: 704219a5
# [2024-04-26 23:42:27] INFO: Calculated checksum: b3816357
# [2024-04-26 23:42:27] INFO: Writing RNGSTATE file: ./rand_s060t20_b0706200_a_U000484000
# [2024-04-26 23:42:27] INFO: Writing to disk took 10.6403 seconds
# [2024-04-26 23:42:27] INFO: ======================================================================
# [2024-04-26 23:42:27] INFO: Start sweeping...
# [2024-04-26 23:49:05] INFO: It took 398.406 seconds to do 500 HBOR sweeps.
# [2024-04-26 23:49:05] INFO: Plaquette = 0.675171
# [2024-04-26 23:49:05] INFO: Polyakov loop = (0.00403171,0.000595545)
# [2024-04-26 23:49:05] INFO: Writing conf to disk...
# [2024-04-26 23:49:05] INFO: writeconf_nersc: Writing NERSC configuration ./conf_s060t20_b0706200_a_U000484500
# [2024-04-26 23:49:08] INFO: Calculated checksum: ca20e4b6
# [2024-04-26 23:49:16] INFO: Calculated checksum: c5513ab8
# [2024-04-26 23:49:16] INFO: Writing RNGSTATE file: ./rand_s060t20_b0706200_a_U000484500
# [2024-04-26 23:49:16] INFO: Writing to disk took 11.0699 seconds
# [2024-04-26 23:49:16] INFO: ======================================================================
# [2024-04-26 23:49:16] INFO: Start sweeping...
# [2024-04-26 23:55:55] INFO: It took 398.403 seconds to do 500 HBOR sweeps.
# [2024-04-26 23:55:55] INFO: Plaquette = 0.67516
# [2024-04-26 23:55:55] INFO: Polyakov loop = (0.00541845,-0.000892898)
# [2024-04-26 23:55:55] INFO: Writing conf to disk...
# [2024-04-26 23:55:55] INFO: writeconf_nersc: Writing NERSC configuration ./conf_s060t20_b0706200_a_U000485000
# [2024-04-26 23:55:58] INFO: Calculated checksum: 5fc0d985
# [2024-04-26 23:56:05] INFO: Calculated checksum: 53e6acd8
# [2024-04-26 23:56:05] INFO: Writing RNGSTATE file: ./rand_s060t20_b0706200_a_U000485000
# [2024-04-26 23:56:06] INFO: Writing to disk took 10.7227 seconds
# [2024-04-26 23:56:06] INFO: ======================================================================
# [2024-04-26 23:56:06] INFO: Start sweeping...
# [2024-04-27 00:02:44] INFO: It took 398.491 seconds to do 500 HBOR sweeps.
# [2024-04-27 00:02:44] INFO: Plaquette = 0.675195
# [2024-04-27 00:02:44] INFO: Polyakov loop = (0.00449482,-0.000300239)
# [2024-04-27 00:02:44] INFO: Writing conf to disk...
# [2024-04-27 00:02:44] INFO: writeconf_nersc: Writing NERSC configuration ./conf_s060t20_b0706200_a_U000485500
# [2024-04-27 00:02:47] INFO: Calculated checksum: d4feb9d7
# [2024-04-27 00:02:56] INFO: Calculated checksum: 7cd84bb5
# [2024-04-27 00:02:56] INFO: Writing RNGSTATE file: ./rand_s060t20_b0706200_a_U000485500
# [2024-04-27 00:02:56] INFO: Writing to disk took 12.3745 seconds
# [2024-04-27 00:02:56] INFO: ======================================================================
# [2024-04-27 00:02:56] INFO: Start sweeping...
# [2024-04-27 00:09:36] INFO: It took 399.912 seconds to do 500 HBOR sweeps.
# [2024-04-27 00:09:36] INFO: Plaquette = 0.675175
# [2024-04-27 00:09:36] INFO: Polyakov loop = (0.00477131,-0.000111455)
# [2024-04-27 00:09:36] INFO: Writing conf to disk...
# [2024-04-27 00:09:36] INFO: writeconf_nersc: Writing NERSC configuration ./conf_s060t20_b0706200_a_U000486000
# [2024-04-27 00:09:39] INFO: Calculated checksum: f3a42a58
# [2024-04-27 00:09:48] INFO: Calculated checksum: 3c98cc4a
# [2024-04-27 00:09:48] INFO: Writing RNGSTATE file: ./rand_s060t20_b0706200_a_U000486000
# [2024-04-27 00:09:48] INFO: Writing to disk took 12.0293 seconds
# [2024-04-27 00:09:48] INFO: ======================================================================
# [2024-04-27 00:09:48] INFO: Start sweeping...
# [2024-04-27 00:16:27] INFO: It took 398.365 seconds to do 500 HBOR sweeps.
# [2024-04-27 00:16:27] INFO: Plaquette = 0.67523
# [2024-04-27 00:16:27] INFO: Polyakov loop = (0.00435156,0.000806433)
# [2024-04-27 00:16:27] INFO: Writing conf to disk...
# [2024-04-27 00:16:27] INFO: writeconf_nersc: Writing NERSC configuration ./conf_s060t20_b0706200_a_U000486500
# [2024-04-27 00:16:30] INFO: Calculated checksum: 5c7fd767
# [2024-04-27 00:16:37] INFO: Calculated checksum: 3155864c
# [2024-04-27 00:16:37] INFO: Writing RNGSTATE file: ./rand_s060t20_b0706200_a_U000486500
# [2024-04-27 00:16:38] INFO: Writing to disk took 10.7959 seconds
# [2024-04-27 00:16:38] INFO: ======================================================================
# [2024-04-27 00:16:38] INFO: Start sweeping...
# [2024-04-27 00:23:16] INFO: It took 398.451 seconds to do 500 HBOR sweeps.
# [2024-04-27 00:23:16] INFO: Plaquette = 0.675182
# [2024-04-27 00:23:16] INFO: Polyakov loop = (0.00467746,-0.000126607)
# [2024-04-27 00:23:16] INFO: Writing conf to disk...
# [2024-04-27 00:23:16] INFO: writeconf_nersc: Writing NERSC configuration ./conf_s060t20_b0706200_a_U000487000
# [2024-04-27 00:23:19] INFO: Calculated checksum: 167940e2
# [2024-04-27 00:23:28] INFO: Calculated checksum: 2fd1c6ba
# [2024-04-27 00:23:28] INFO: Writing RNGSTATE file: ./rand_s060t20_b0706200_a_U000487000
# [2024-04-27 00:23:28] INFO: Writing to disk took 11.7704 seconds
# [2024-04-27 00:23:28] INFO: ======================================================================
# [2024-04-27 00:23:28] INFO: Start sweeping...
# [2024-04-27 00:30:06] INFO: It took 398.409 seconds to do 500 HBOR sweeps.
# [2024-04-27 00:30:06] INFO: Plaquette = 0.675258
# [2024-04-27 00:30:06] INFO: Polyakov loop = (0.00515908,-0.00117815)
# [2024-04-27 00:30:06] INFO: Writing conf to disk...
# [2024-04-27 00:30:06] INFO: writeconf_nersc: Writing NERSC configuration ./conf_s060t20_b0706200_a_U000487500
# [2024-04-27 00:30:09] INFO: Calculated checksum: ae8e7e9e
# [2024-04-27 00:30:19] INFO: Calculated checksum: b6f34ed1
# [2024-04-27 00:30:19] INFO: Writing RNGSTATE file: ./rand_s060t20_b0706200_a_U000487500
# [2024-04-27 00:30:19] INFO: Writing to disk took 12.9764 seconds
# [2024-04-27 00:30:19] INFO: ======================================================================
# [2024-04-27 00:30:19] INFO: Start sweeping...
# [2024-04-27 00:36:58] INFO: It took 398.427 seconds to do 500 HBOR sweeps.
# [2024-04-27 00:36:58] INFO: Plaquette = 0.675096
# [2024-04-27 00:36:58] INFO: Polyakov loop = (0.00475413,-0.000104951)
# [2024-04-27 00:36:58] INFO: Writing conf to disk...
# [2024-04-27 00:36:58] INFO: writeconf_nersc: Writing NERSC configuration ./conf_s060t20_b0706200_a_U000488000
# [2024-04-27 00:37:01] INFO: Calculated checksum: f67ff50e
# [2024-04-27 00:37:12] INFO: Calculated checksum: 5b594f88
# [2024-04-27 00:37:12] INFO: Writing RNGSTATE file: ./rand_s060t20_b0706200_a_U000488000
# [2024-04-27 00:37:13] INFO: Writing to disk took 14.717 seconds
# [2024-04-27 00:37:13] INFO: ======================================================================
# [2024-04-27 00:37:13] INFO: Start sweeping...
# [2024-04-27 00:43:51] INFO: It took 398.3 seconds to do 500 HBOR sweeps.
# [2024-04-27 00:43:51] INFO: Plaquette = 0.675211
# [2024-04-27 00:43:51] INFO: Polyakov loop = (0.00409025,0.000333321)
# [2024-04-27 00:43:51] INFO: Writing conf to disk...
# [2024-04-27 00:43:51] INFO: writeconf_nersc: Writing NERSC configuration ./conf_s060t20_b0706200_a_U000488500
# [2024-04-27 00:43:54] INFO: Calculated checksum: d4afd760
# [2024-04-27 00:44:03] INFO: Calculated checksum: 8c57e8ef
# [2024-04-27 00:44:03] INFO: Writing RNGSTATE file: ./rand_s060t20_b0706200_a_U000488500
# [2024-04-27 00:44:04] INFO: Writing to disk took 12.5433 seconds
# [2024-04-27 00:44:04] INFO: ======================================================================
# [2024-04-27 00:44:04] INFO: Start sweeping...
# [2024-04-27 00:50:42] INFO: It took 398.332 seconds to do 500 HBOR sweeps.
# [2024-04-27 00:50:42] INFO: Plaquette = 0.675158
# [2024-04-27 00:50:42] INFO: Polyakov loop = (0.00363472,1.60995e-05)
# [2024-04-27 00:50:42] INFO: Writing conf to disk...
# [2024-04-27 00:50:42] INFO: writeconf_nersc: Writing NERSC configuration ./conf_s060t20_b0706200_a_U000489000
# [2024-04-27 00:50:45] INFO: Calculated checksum: 1262d732
# [2024-04-27 00:50:52] INFO: Calculated checksum: 882a0479
# [2024-04-27 00:50:52] INFO: Writing RNGSTATE file: ./rand_s060t20_b0706200_a_U000489000
# [2024-04-27 00:50:53] INFO: Writing to disk took 10.5382 seconds
# [2024-04-27 00:50:53] INFO: ======================================================================
# [2024-04-27 00:50:53] INFO: Start sweeping...
# [2024-04-27 00:57:31] INFO: It took 398.449 seconds to do 500 HBOR sweeps.
# [2024-04-27 00:57:31] INFO: Plaquette = 0.67528
# [2024-04-27 00:57:31] INFO: Polyakov loop = (0.0049044,0.000634014)
# [2024-04-27 00:57:31] INFO: Writing conf to disk...
# [2024-04-27 00:57:31] INFO: writeconf_nersc: Writing NERSC configuration ./conf_s060t20_b0706200_a_U000489500
# [2024-04-27 00:57:34] INFO: Calculated checksum: c75bf095
# [2024-04-27 00:57:43] INFO: Calculated checksum: 347921d
# [2024-04-27 00:57:43] INFO: Writing RNGSTATE file: ./rand_s060t20_b0706200_a_U000489500
# [2024-04-27 00:57:43] INFO: Writing to disk took 12.0142 seconds
# [2024-04-27 00:57:43] INFO: ======================================================================
# [2024-04-27 00:57:43] INFO: Start sweeping...
# [2024-04-27 01:04:21] INFO: It took 398.377 seconds to do 500 HBOR sweeps.
# [2024-04-27 01:04:21] INFO: Plaquette = 0.675175
# [2024-04-27 01:04:21] INFO: Polyakov loop = (0.00460775,0.00106289)
# [2024-04-27 01:04:21] INFO: Writing conf to disk...
# [2024-04-27 01:04:21] INFO: writeconf_nersc: Writing NERSC configuration ./conf_s060t20_b0706200_a_U000490000
# [2024-04-27 01:04:25] INFO: Calculated checksum: d6d69e
# [2024-04-27 01:04:34] INFO: Calculated checksum: d91d582
# [2024-04-27 01:04:34] INFO: Writing RNGSTATE file: ./rand_s060t20_b0706200_a_U000490000
# [2024-04-27 01:04:34] INFO: Writing to disk took 12.9788 seconds
# [2024-04-27 01:04:34] INFO: ======================================================================
# [2024-04-27 01:04:34] INFO: Start sweeping...
# [2024-04-27 01:11:13] INFO: It took 398.361 seconds to do 500 HBOR sweeps.
# [2024-04-27 01:11:13] INFO: Plaquette = 0.675165
# [2024-04-27 01:11:13] INFO: Polyakov loop = (0.00507261,6.60032e-05)
# [2024-04-27 01:11:13] INFO: Writing conf to disk...
# [2024-04-27 01:11:13] INFO: writeconf_nersc: Writing NERSC configuration ./conf_s060t20_b0706200_a_U000490500
# [2024-04-27 01:11:17] INFO: Calculated checksum: 5d453e60
# [2024-04-27 01:11:28] INFO: Calculated checksum: bd8195c3
# [2024-04-27 01:11:28] INFO: Writing RNGSTATE file: ./rand_s060t20_b0706200_a_U000490500
# [2024-04-27 01:11:28] INFO: Writing to disk took 15.2186 seconds
# [2024-04-27 01:11:28] INFO: ======================================================================
# [2024-04-27 01:11:28] INFO: Start sweeping...
# [2024-04-27 01:18:06] INFO: It took 398.293 seconds to do 500 HBOR sweeps.
# [2024-04-27 01:18:08] INFO: Plaquette = 0.675156
# [2024-04-27 01:18:08] INFO: Polyakov loop = (0.00578068,0.000418192)
# [2024-04-27 01:18:08] INFO: Writing conf to disk...
# [2024-04-27 01:18:08] INFO: writeconf_nersc: Writing NERSC configuration ./conf_s060t20_b0706200_a_U000491000
# [2024-04-27 01:18:14] INFO: Calculated checksum: a1d0bc1a
# [2024-04-27 01:18:50] INFO: Calculated checksum: 9316c589
# [2024-04-27 01:18:50] INFO: Writing RNGSTATE file: ./rand_s060t20_b0706200_a_U000491000
# [2024-04-27 01:18:50] INFO: Writing to disk took 42.014 seconds
# [2024-04-27 01:18:50] INFO: ======================================================================
# [2024-04-27 01:18:50] INFO: Start sweeping...
# [2024-04-27 01:25:28] INFO: It took 397.694 seconds to do 500 HBOR sweeps.
# [2024-04-27 01:25:28] INFO: Plaquette = 0.675239
# [2024-04-27 01:25:28] INFO: Polyakov loop = (0.00487933,-0.000555358)
# [2024-04-27 01:25:28] INFO: Writing conf to disk...
# [2024-04-27 01:25:28] INFO: writeconf_nersc: Writing NERSC configuration ./conf_s060t20_b0706200_a_U000491500
# [2024-04-27 01:25:32] INFO: Calculated checksum: 6f727d28
# [2024-04-27 01:25:58] INFO: Calculated checksum: 5f600791
# [2024-04-27 01:25:58] INFO: Writing RNGSTATE file: ./rand_s060t20_b0706200_a_U000491500
# [2024-04-27 01:25:58] INFO: Writing to disk took 30.0127 seconds
# [2024-04-27 01:25:58] INFO: ======================================================================
# [2024-04-27 01:25:58] INFO: Start sweeping...
# [2024-04-27 01:32:36] INFO: It took 397.956 seconds to do 500 HBOR sweeps.
# [2024-04-27 01:32:36] INFO: Plaquette = 0.675161
# [2024-04-27 01:32:36] INFO: Polyakov loop = (0.00499721,0.000744199)
# [2024-04-27 01:32:36] INFO: Writing conf to disk...
# [2024-04-27 01:32:36] INFO: writeconf_nersc: Writing NERSC configuration ./conf_s060t20_b0706200_a_U000492000
# [2024-04-27 01:32:40] INFO: Calculated checksum: 16816c63
# [2024-04-27 01:33:05] INFO: Calculated checksum: 8e090975
# [2024-04-27 01:33:05] INFO: Writing RNGSTATE file: ./rand_s060t20_b0706200_a_U000492000
# [2024-04-27 01:33:06] INFO: Writing to disk took 29.8103 seconds
# [2024-04-27 01:33:06] INFO: ======================================================================
# [2024-04-27 01:33:06] INFO: Start sweeping...
# [2024-04-27 01:39:45] INFO: It took 399.073 seconds to do 500 HBOR sweeps.
# [2024-04-27 01:39:45] INFO: Plaquette = 0.675212
# [2024-04-27 01:39:45] INFO: Polyakov loop = (0.00376347,-5.87543e-05)
# [2024-04-27 01:39:45] INFO: Writing conf to disk...
# [2024-04-27 01:39:45] INFO: writeconf_nersc: Writing NERSC configuration ./conf_s060t20_b0706200_a_U000492500
# [2024-04-27 01:39:49] INFO: Calculated checksum: 1f8a2dab
# [2024-04-27 01:41:02] INFO: Calculated checksum: 8b43b966
# [2024-04-27 01:41:02] INFO: Writing RNGSTATE file: ./rand_s060t20_b0706200_a_U000492500
# [2024-04-27 01:41:03] INFO: Writing to disk took 77.6419 seconds
# [2024-04-27 01:41:03] INFO: ======================================================================
# [2024-04-27 01:41:03] INFO: Start sweeping...
# [2024-04-27 01:47:40] INFO: It took 397.26 seconds to do 500 HBOR sweeps.
# [2024-04-27 01:47:40] INFO: Plaquette = 0.675234
# [2024-04-27 01:47:40] INFO: Polyakov loop = (0.00480845,7.55575e-05)
# [2024-04-27 01:47:40] INFO: Writing conf to disk...
# [2024-04-27 01:47:40] INFO: writeconf_nersc: Writing NERSC configuration ./conf_s060t20_b0706200_a_U000493000
# [2024-04-27 01:47:43] INFO: Calculated checksum: a595c455
# [2024-04-27 01:47:59] INFO: Calculated checksum: a1bd4326
# [2024-04-27 01:47:59] INFO: Writing RNGSTATE file: ./rand_s060t20_b0706200_a_U000493000
# [2024-04-27 01:48:01] INFO: Writing to disk took 21.0089 seconds
# [2024-04-27 01:48:01] INFO: ======================================================================
# [2024-04-27 01:48:01] INFO: Start sweeping...
# [2024-04-27 01:54:39] INFO: It took 398.188 seconds to do 500 HBOR sweeps.
# [2024-04-27 01:54:39] INFO: Plaquette = 0.675216
# [2024-04-27 01:54:39] INFO: Polyakov loop = (0.0041048,0.000495727)
# [2024-04-27 01:54:39] INFO: Writing conf to disk...
# [2024-04-27 01:54:39] INFO: writeconf_nersc: Writing NERSC configuration ./conf_s060t20_b0706200_a_U000493500
# [2024-04-27 01:54:43] INFO: Calculated checksum: 4fe09673
# [2024-04-27 01:54:58] INFO: Calculated checksum: 70193040
# [2024-04-27 01:54:58] INFO: Writing RNGSTATE file: ./rand_s060t20_b0706200_a_U000493500
# [2024-04-27 01:54:59] INFO: Writing to disk took 19.4042 seconds
# [2024-04-27 01:54:59] INFO: ======================================================================
# [2024-04-27 01:54:59] INFO: Start sweeping...
# [2024-04-27 02:01:37] INFO: It took 398.228 seconds to do 500 HBOR sweeps.
# [2024-04-27 02:01:37] INFO: Plaquette = 0.675138
# [2024-04-27 02:01:37] INFO: Polyakov loop = (0.00346941,0.000412164)
# [2024-04-27 02:01:37] INFO: Writing conf to disk...
# [2024-04-27 02:01:37] INFO: writeconf_nersc: Writing NERSC configuration ./conf_s060t20_b0706200_a_U000494000
# [2024-04-27 02:01:41] INFO: Calculated checksum: 3415a3e1
# [2024-04-27 02:02:01] INFO: Calculated checksum: 39ba5f7f
# [2024-04-27 02:02:01] INFO: Writing RNGSTATE file: ./rand_s060t20_b0706200_a_U000494000
# [2024-04-27 02:02:01] INFO: Writing to disk took 24.3151 seconds
# [2024-04-27 02:02:01] INFO: ======================================================================
# [2024-04-27 02:02:01] INFO: Start sweeping...
# [2024-04-27 02:08:39] INFO: It took 398.082 seconds to do 500 HBOR sweeps.
# [2024-04-27 02:08:39] INFO: Plaquette = 0.675083
# [2024-04-27 02:08:39] INFO: Polyakov loop = (0.00396804,0.000254447)
# [2024-04-27 02:08:39] INFO: Writing conf to disk...
# [2024-04-27 02:08:39] INFO: writeconf_nersc: Writing NERSC configuration ./conf_s060t20_b0706200_a_U000494500
# [2024-04-27 02:08:43] INFO: Calculated checksum: c128d7ea
# [2024-04-27 02:09:00] INFO: Calculated checksum: 8cfaa3d0
# [2024-04-27 02:09:00] INFO: Writing RNGSTATE file: ./rand_s060t20_b0706200_a_U000494500
# [2024-04-27 02:09:00] INFO: Writing to disk took 20.7882 seconds
# [2024-04-27 02:09:00] INFO: ======================================================================
# [2024-04-27 02:09:00] INFO: Start sweeping...
# [2024-04-27 02:15:38] INFO: It took 398.128 seconds to do 500 HBOR sweeps.
# [2024-04-27 02:15:38] INFO: Plaquette = 0.675104
# [2024-04-27 02:15:38] INFO: Polyakov loop = (0.00475341,0.000373142)
# [2024-04-27 02:15:38] INFO: Writing conf to disk...
# [2024-04-27 02:15:38] INFO: writeconf_nersc: Writing NERSC configuration ./conf_s060t20_b0706200_a_U000495000
# [2024-04-27 02:15:42] INFO: Calculated checksum: ac7228df
# [2024-04-27 02:16:28] INFO: Calculated checksum: 2fdc581e
# [2024-04-27 02:16:28] INFO: Writing RNGSTATE file: ./rand_s060t20_b0706200_a_U000495000
# [2024-04-27 02:16:30] INFO: Writing to disk took 51.8898 seconds
# [2024-04-27 02:16:30] INFO: ======================================================================
# [2024-04-27 02:16:30] INFO: Start sweeping...
# [2024-04-27 02:23:08] INFO: It took 397.448 seconds to do 500 HBOR sweeps.
# [2024-04-27 02:23:08] INFO: Plaquette = 0.675107
# [2024-04-27 02:23:08] INFO: Polyakov loop = (0.00350573,0.000200725)
# [2024-04-27 02:23:08] INFO: Writing conf to disk...
# [2024-04-27 02:23:08] INFO: writeconf_nersc: Writing NERSC configuration ./conf_s060t20_b0706200_a_U000495500
# [2024-04-27 02:23:12] INFO: Calculated checksum: 2ddd4a31
# [2024-04-27 02:23:23] INFO: Calculated checksum: 76d487b6
# [2024-04-27 02:23:23] INFO: Writing RNGSTATE file: ./rand_s060t20_b0706200_a_U000495500
# [2024-04-27 02:23:23] INFO: Writing to disk took 15.4399 seconds
# [2024-04-27 02:23:23] INFO: ======================================================================
# [2024-04-27 02:23:23] INFO: Start sweeping...
# [2024-04-27 02:30:01] INFO: It took 398.231 seconds to do 500 HBOR sweeps.
# [2024-04-27 02:30:01] INFO: Plaquette = 0.675186
# [2024-04-27 02:30:01] INFO: Polyakov loop = (0.00441415,-0.000456933)
# [2024-04-27 02:30:01] INFO: Writing conf to disk...
# [2024-04-27 02:30:01] INFO: writeconf_nersc: Writing NERSC configuration ./conf_s060t20_b0706200_a_U000496000
# [2024-04-27 02:30:04] INFO: Calculated checksum: 811110b
# [2024-04-27 02:30:20] INFO: Calculated checksum: 464fedd6
# [2024-04-27 02:30:20] INFO: Writing RNGSTATE file: ./rand_s060t20_b0706200_a_U000496000
# [2024-04-27 02:30:24] INFO: Writing to disk took 22.0791 seconds
# [2024-04-27 02:30:24] INFO: ======================================================================
# [2024-04-27 02:30:24] INFO: Start sweeping...
# [2024-04-27 02:37:02] INFO: It took 398.097 seconds to do 500 HBOR sweeps.
# [2024-04-27 02:37:02] INFO: Plaquette = 0.675254
# [2024-04-27 02:37:02] INFO: Polyakov loop = (0.00456152,0.000925504)
# [2024-04-27 02:37:02] INFO: Writing conf to disk...
# [2024-04-27 02:37:02] INFO: writeconf_nersc: Writing NERSC configuration ./conf_s060t20_b0706200_a_U000496500
# [2024-04-27 02:37:05] INFO: Calculated checksum: cc4717d0
# [2024-04-27 02:38:02] INFO: Calculated checksum: 3d7c5f74
# [2024-04-27 02:38:02] INFO: Writing RNGSTATE file: ./rand_s060t20_b0706200_a_U000496500
# [2024-04-27 02:38:03] INFO: Writing to disk took 61.0028 seconds
# [2024-04-27 02:38:03] INFO: ======================================================================
# [2024-04-27 02:38:03] INFO: Start sweeping...
# [2024-04-27 02:44:40] INFO: It took 397.357 seconds to do 500 HBOR sweeps.
# [2024-04-27 02:44:40] INFO: Plaquette = 0.675248
# [2024-04-27 02:44:40] INFO: Polyakov loop = (0.00357461,-0.000408865)
# [2024-04-27 02:44:40] INFO: Writing conf to disk...
# [2024-04-27 02:44:40] INFO: writeconf_nersc: Writing NERSC configuration ./conf_s060t20_b0706200_a_U000497000
# [2024-04-27 02:44:43] INFO: Calculated checksum: 87a39a2e
# [2024-04-27 02:44:59] INFO: Calculated checksum: 88279b3d
# [2024-04-27 02:44:59] INFO: Writing RNGSTATE file: ./rand_s060t20_b0706200_a_U000497000
# [2024-04-27 02:45:00] INFO: Writing to disk took 19.7265 seconds
# [2024-04-27 02:45:00] INFO: ======================================================================
# [2024-04-27 02:45:00] INFO: Start sweeping...
# [2024-04-27 02:51:38] INFO: It took 398.163 seconds to do 500 HBOR sweeps.
# [2024-04-27 02:51:38] INFO: Plaquette = 0.675146
# [2024-04-27 02:51:38] INFO: Polyakov loop = (0.00577742,-0.000664196)
# [2024-04-27 02:51:38] INFO: Writing conf to disk...
# [2024-04-27 02:51:38] INFO: writeconf_nersc: Writing NERSC configuration ./conf_s060t20_b0706200_a_U000497500
# [2024-04-27 02:51:41] INFO: Calculated checksum: cbe3f5e3
# [2024-04-27 02:51:56] INFO: Calculated checksum: e5f0eef9
# [2024-04-27 02:51:57] INFO: Writing RNGSTATE file: ./rand_s060t20_b0706200_a_U000497500
# [2024-04-27 02:52:00] INFO: Writing to disk took 21.8767 seconds
# [2024-04-27 02:52:00] INFO: ======================================================================
# [2024-04-27 02:52:00] INFO: Start sweeping...
# [2024-04-27 02:58:38] INFO: It took 398.143 seconds to do 500 HBOR sweeps.
# [2024-04-27 02:58:38] INFO: Plaquette = 0.675098
# [2024-04-27 02:58:38] INFO: Polyakov loop = (0.00502006,-0.00108707)
# [2024-04-27 02:58:38] INFO: Writing conf to disk...
# [2024-04-27 02:58:38] INFO: writeconf_nersc: Writing NERSC configuration ./conf_s060t20_b0706200_a_U000498000
# [2024-04-27 02:58:41] INFO: Calculated checksum: ef68123a
# [2024-04-27 02:58:52] INFO: Calculated checksum: 1dca7423
# [2024-04-27 02:58:52] INFO: Writing RNGSTATE file: ./rand_s060t20_b0706200_a_U000498000
# [2024-04-27 02:58:52] INFO: Writing to disk took 14.086 seconds
# [2024-04-27 02:58:52] INFO: ======================================================================
# [2024-04-27 02:58:52] INFO: Start sweeping...
# [2024-04-27 03:05:31] INFO: It took 398.297 seconds to do 500 HBOR sweeps.
# [2024-04-27 03:05:31] INFO: Plaquette = 0.675143
# [2024-04-27 03:05:31] INFO: Polyakov loop = (0.00366925,0.00074566)
# [2024-04-27 03:05:31] INFO: Writing conf to disk...
# [2024-04-27 03:05:31] INFO: writeconf_nersc: Writing NERSC configuration ./conf_s060t20_b0706200_a_U000498500
# [2024-04-27 03:05:34] INFO: Calculated checksum: 390a44
# [2024-04-27 03:05:48] INFO: Calculated checksum: fc789bb7
# [2024-04-27 03:05:48] INFO: Writing RNGSTATE file: ./rand_s060t20_b0706200_a_U000498500
# [2024-04-27 03:05:48] INFO: Writing to disk took 17.6084 seconds
# [2024-04-27 03:05:48] INFO: ======================================================================
# [2024-04-27 03:05:48] INFO: Start sweeping...
# [2024-04-27 03:12:27] INFO: It took 398.248 seconds to do 500 HBOR sweeps.
# [2024-04-27 03:12:27] INFO: Plaquette = 0.675167
# [2024-04-27 03:12:27] INFO: Polyakov loop = (0.00395314,-0.000125025)
# [2024-04-27 03:12:27] INFO: Writing conf to disk...
# [2024-04-27 03:12:27] INFO: writeconf_nersc: Writing NERSC configuration ./conf_s060t20_b0706200_a_U000499000
# [2024-04-27 03:12:30] INFO: Calculated checksum: ad33dbf
# [2024-04-27 03:12:43] INFO: Calculated checksum: 8d37e3c9
# [2024-04-27 03:12:43] INFO: Writing RNGSTATE file: ./rand_s060t20_b0706200_a_U000499000
# [2024-04-27 03:12:44] INFO: Writing to disk took 17.1307 seconds
# [2024-04-27 03:12:44] INFO: ======================================================================
# [2024-04-27 03:12:44] INFO: Start sweeping...
# [2024-04-27 03:19:22] INFO: It took 398.263 seconds to do 500 HBOR sweeps.
# [2024-04-27 03:19:22] INFO: Plaquette = 0.675137
# [2024-04-27 03:19:22] INFO: Polyakov loop = (0.00425434,0.000392991)
# [2024-04-27 03:19:22] INFO: Writing conf to disk...
# [2024-04-27 03:19:22] INFO: writeconf_nersc: Writing NERSC configuration ./conf_s060t20_b0706200_a_U000499500
# [2024-04-27 03:19:25] INFO: Calculated checksum: 28821a30
# [2024-04-27 03:19:33] INFO: Calculated checksum: 56f2cf17
# [2024-04-27 03:19:33] INFO: Writing RNGSTATE file: ./rand_s060t20_b0706200_a_U000499500
# [2024-04-27 03:19:33] INFO: Writing to disk took 10.8209 seconds
# [2024-04-27 03:19:33] INFO: ======================================================================
# [2024-04-27 03:19:33] INFO: Start sweeping...
# [2024-04-27 03:26:11] INFO: It took 398.443 seconds to do 500 HBOR sweeps.
# [2024-04-27 03:26:11] INFO: Plaquette = 0.675245
# [2024-04-27 03:26:11] INFO: Polyakov loop = (0.00566733,-0.000631105)
# [2024-04-27 03:26:11] INFO: Writing conf to disk...
# [2024-04-27 03:26:11] INFO: writeconf_nersc: Writing NERSC configuration ./conf_s060t20_b0706200_a_U000500000
# [2024-04-27 03:26:14] INFO: Calculated checksum: 50cc6aef
# [2024-04-27 03:26:22] INFO: Calculated checksum: b0135349
# [2024-04-27 03:26:22] INFO: Writing RNGSTATE file: ./rand_s060t20_b0706200_a_U000500000
# [2024-04-27 03:26:22] INFO: Writing to disk took 10.5337 seconds
# [2024-04-27 03:26:22] INFO: Finalizing MPI
