
Currently Loaded Modules:
  1) chpc/1.0      (S)   3) gcc/8.5.0      5) mpich/3.4.2
  2) python/3.10.3       4) cmake/3.26.0   6) cuda/11.6.2 (g)

  Where:
   S:  Module is Sticky, requires --force to unload or purge
   g:  built for GPU

 

# [2024-04-26 15:51:27] INFO: Running SIMULATeQCD
# [2024-04-26 15:51:27] INFO: Git commit version: 43e2518
# [2024-04-26 15:51:27] INFO: Initializing MPI with (1 proc)
# [2024-04-26 15:51:27] INFO: Reading parameters from file :: GenerateQuenched_b67132.param
# [2024-04-26 15:51:27] INFO: # PARAM :: Lattice = 60 60 60 20 
# [2024-04-26 15:51:27] INFO: # PARAM :: Nodes = 1 1 1 1 
# [2024-04-26 15:51:27] INFO: # PARAM :: Topology = 0 0 0 0  (default)
# [2024-04-26 15:51:27] INFO: # PARAM :: beta = 6.7132
# [2024-04-26 15:51:27] INFO: # PARAM :: format = nersc
# [2024-04-26 15:51:27] INFO: # PARAM :: endianness = auto
# [2024-04-26 15:51:27] INFO: # PARAM :: conf_nr = 450000
# [2024-04-26 15:51:27] INFO: # PARAM :: stream = a
# [2024-04-26 15:51:27] INFO: # PARAM :: prec_out = 0 (default)
# [2024-04-26 15:51:27] INFO: # PARAM :: measurements_dir = ./ (default)
# [2024-04-26 15:51:27] INFO: # PARAM :: use_unit_conf = 0 (default)
# [2024-04-26 15:51:27] INFO: # PARAM :: output_dir = .
# [2024-04-26 15:51:27] INFO: # PARAM :: nconfs = 100
# [2024-04-26 15:51:27] INFO: # PARAM :: nsweeps_ORperHB = 4
# [2024-04-26 15:51:27] INFO: # PARAM :: nsweeps_HBwithOR = 500
# [2024-04-26 15:51:27] INFO: # PARAM :: prev_conf = conf_s060t20_b0671320_a_U000450000
# [2024-04-26 15:51:27] INFO: # PARAM :: prev_rand = rand_s060t20_b0671320_a_U000450000
# [2024-04-26 15:51:27] INFO: > Running on:
# [2024-04-26 15:51:27] INFO: [Rank 0] > notch271 CPU_51 GPU_3D; MPI: world_rank=0, node_rank=0, coord: ( 0 0 0 0 )
# [2024-04-26 15:51:27] INFO: > Is MPI CUDA-aware? @compilation 
# [2024-04-26 15:51:27] INFO: > GPU compute capability: 75
# [2024-04-26 15:51:27] INFO: > Checking support for P2P (Peer-to-Peer) and UVA (Unified Virtual Addressing):
# [2024-04-26 15:51:27] INFO: [Rank 0] > notch271 GPU_3D(NVIDIA GeForce RTX 2080 Ti): P2P NO ; UVA YES
# [2024-04-26 15:51:27] INFO: Initialize Indexer with HaloDepth = 1[0;33m[0m
# [2024-04-26 15:51:27] INFO: Resuming previous run.
# [2024-04-26 15:51:27] INFO: readconf_nersc: Reading NERSC configuration conf_s060t20_b0671320_a_U000450000
# [2024-04-26 15:51:43] INFO: Next conf_number will be 450500
# [2024-04-26 15:51:43] INFO: Generating up to 100 confs with a separation of 500 HBOR sweeps (OR/HB = 4) ...
# [2024-04-26 15:51:43] INFO: ======================================================================
# [2024-04-26 15:51:43] INFO: Start sweeping...
# [2024-04-26 15:58:23] INFO: It took 399.868 seconds to do 500 HBOR sweeps.
# [2024-04-26 15:58:23] INFO: Plaquette = 0.653394
# [2024-04-26 15:58:23] INFO: Polyakov loop = (-1.39625e-05,-0.000643851)
# [2024-04-26 15:58:23] INFO: Writing conf to disk...
# [2024-04-26 15:58:23] INFO: writeconf_nersc: Writing NERSC configuration ./conf_s060t20_b0671320_a_U000450500
# [2024-04-26 15:58:26] INFO: Calculated checksum: ea71eaf8
# [2024-04-26 15:59:00] INFO: Calculated checksum: 10d2a3ac
# [2024-04-26 15:59:01] INFO: Writing RNGSTATE file: ./rand_s060t20_b0671320_a_U000450500
# [2024-04-26 15:59:04] INFO: Writing to disk took 41.2054 seconds
# [2024-04-26 15:59:04] INFO: ======================================================================
# [2024-04-26 15:59:04] INFO: Start sweeping...
# [2024-04-26 16:05:45] INFO: It took 400.879 seconds to do 500 HBOR sweeps.
# [2024-04-26 16:05:45] INFO: Plaquette = 0.653437
# [2024-04-26 16:05:45] INFO: Polyakov loop = (-0.000165987,-0.00123442)
# [2024-04-26 16:05:45] INFO: Writing conf to disk...
# [2024-04-26 16:05:45] INFO: writeconf_nersc: Writing NERSC configuration ./conf_s060t20_b0671320_a_U000451000
# [2024-04-26 16:05:48] INFO: Calculated checksum: 6f73a742
# [2024-04-26 16:06:54] INFO: Calculated checksum: b4bccffc
# [2024-04-26 16:06:54] INFO: Writing RNGSTATE file: ./rand_s060t20_b0671320_a_U000451000
# [2024-04-26 16:06:54] INFO: Writing to disk took 69.5828 seconds
# [2024-04-26 16:06:54] INFO: ======================================================================
# [2024-04-26 16:06:54] INFO: Start sweeping...
# [2024-04-26 16:13:35] INFO: It took 400.491 seconds to do 500 HBOR sweeps.
# [2024-04-26 16:13:35] INFO: Plaquette = 0.65349
# [2024-04-26 16:13:35] INFO: Polyakov loop = (-0.000710832,-0.00144397)
# [2024-04-26 16:13:35] INFO: Writing conf to disk...
# [2024-04-26 16:13:35] INFO: writeconf_nersc: Writing NERSC configuration ./conf_s060t20_b0671320_a_U000451500
# [2024-04-26 16:13:39] INFO: Calculated checksum: 4e56dfef
# [2024-04-26 16:14:30] INFO: Calculated checksum: e49e948a
# [2024-04-26 16:14:30] INFO: Writing RNGSTATE file: ./rand_s060t20_b0671320_a_U000451500
# [2024-04-26 16:14:31] INFO: Writing to disk took 55.66 seconds
# [2024-04-26 16:14:31] INFO: ======================================================================
# [2024-04-26 16:14:31] INFO: Start sweeping...
# [2024-04-26 16:21:11] INFO: It took 400.675 seconds to do 500 HBOR sweeps.
# [2024-04-26 16:21:11] INFO: Plaquette = 0.653494
# [2024-04-26 16:21:11] INFO: Polyakov loop = (-0.000325245,-0.000919335)
# [2024-04-26 16:21:11] INFO: Writing conf to disk...
# [2024-04-26 16:21:11] INFO: writeconf_nersc: Writing NERSC configuration ./conf_s060t20_b0671320_a_U000452000
# [2024-04-26 16:21:14] INFO: Calculated checksum: 2390a2b5
# [2024-04-26 16:22:18] INFO: Calculated checksum: 2f565c90
# [2024-04-26 16:22:18] INFO: Writing RNGSTATE file: ./rand_s060t20_b0671320_a_U000452000
# [2024-04-26 16:22:19] INFO: Writing to disk took 68.0587 seconds
# [2024-04-26 16:22:19] INFO: ======================================================================
# [2024-04-26 16:22:19] INFO: Start sweeping...
# [2024-04-26 16:29:00] INFO: It took 400.512 seconds to do 500 HBOR sweeps.
# [2024-04-26 16:29:00] INFO: Plaquette = 0.653372
# [2024-04-26 16:29:00] INFO: Polyakov loop = (-0.00105141,-0.00162126)
# [2024-04-26 16:29:00] INFO: Writing conf to disk...
# [2024-04-26 16:29:00] INFO: writeconf_nersc: Writing NERSC configuration ./conf_s060t20_b0671320_a_U000452500
# [2024-04-26 16:29:03] INFO: Calculated checksum: 4e79bd00
# [2024-04-26 16:29:20] INFO: Calculated checksum: 630891ae
# [2024-04-26 16:29:20] INFO: Writing RNGSTATE file: ./rand_s060t20_b0671320_a_U000452500
# [2024-04-26 16:29:20] INFO: Writing to disk took 20.0445 seconds
# [2024-04-26 16:29:20] INFO: ======================================================================
# [2024-04-26 16:29:20] INFO: Start sweeping...
# [2024-04-26 16:36:01] INFO: It took 401.375 seconds to do 500 HBOR sweeps.
# [2024-04-26 16:36:01] INFO: Plaquette = 0.653517
# [2024-04-26 16:36:01] INFO: Polyakov loop = (0.000300886,-0.0018097)
# [2024-04-26 16:36:01] INFO: Writing conf to disk...
# [2024-04-26 16:36:01] INFO: writeconf_nersc: Writing NERSC configuration ./conf_s060t20_b0671320_a_U000453000
# [2024-04-26 16:36:05] INFO: Calculated checksum: bbe0ad4c
# [2024-04-26 16:36:25] INFO: Calculated checksum: 6350cb5f
# [2024-04-26 16:36:25] INFO: Writing RNGSTATE file: ./rand_s060t20_b0671320_a_U000453000
# [2024-04-26 16:36:26] INFO: Writing to disk took 24.7708 seconds
# [2024-04-26 16:36:26] INFO: ======================================================================
# [2024-04-26 16:36:26] INFO: Start sweeping...
# [2024-04-26 16:43:07] INFO: It took 401.204 seconds to do 500 HBOR sweeps.
# [2024-04-26 16:43:08] INFO: Plaquette = 0.653439
# [2024-04-26 16:43:08] INFO: Polyakov loop = (-0.00132572,-0.00175722)
# [2024-04-26 16:43:08] INFO: Writing conf to disk...
# [2024-04-26 16:43:08] INFO: writeconf_nersc: Writing NERSC configuration ./conf_s060t20_b0671320_a_U000453500
# [2024-04-26 16:43:11] INFO: Calculated checksum: 246b580f
# [2024-04-26 16:43:33] INFO: Calculated checksum: c2ea3256
# [2024-04-26 16:43:33] INFO: Writing RNGSTATE file: ./rand_s060t20_b0671320_a_U000453500
# [2024-04-26 16:43:34] INFO: Writing to disk took 26.3772 seconds
# [2024-04-26 16:43:34] INFO: ======================================================================
# [2024-04-26 16:43:34] INFO: Start sweeping...
# [2024-04-26 16:50:16] INFO: It took 402.485 seconds to do 500 HBOR sweeps.
# [2024-04-26 16:50:16] INFO: Plaquette = 0.653448
# [2024-04-26 16:50:16] INFO: Polyakov loop = (-0.000817134,-0.00134832)
# [2024-04-26 16:50:16] INFO: Writing conf to disk...
# [2024-04-26 16:50:16] INFO: writeconf_nersc: Writing NERSC configuration ./conf_s060t20_b0671320_a_U000454000
# [2024-04-26 16:50:19] INFO: Calculated checksum: 4ddad623
# [2024-04-26 16:50:34] INFO: Calculated checksum: 991b324c
# [2024-04-26 16:50:34] INFO: Writing RNGSTATE file: ./rand_s060t20_b0671320_a_U000454000
# [2024-04-26 16:50:36] INFO: Writing to disk took 19.3096 seconds
# [2024-04-26 16:50:36] INFO: ======================================================================
# [2024-04-26 16:50:36] INFO: Start sweeping...
# [2024-04-26 16:57:19] INFO: It took 403.635 seconds to do 500 HBOR sweeps.
# [2024-04-26 16:57:19] INFO: Plaquette = 0.653517
# [2024-04-26 16:57:19] INFO: Polyakov loop = (-0.000583687,-0.00108853)
# [2024-04-26 16:57:19] INFO: Writing conf to disk...
# [2024-04-26 16:57:19] INFO: writeconf_nersc: Writing NERSC configuration ./conf_s060t20_b0671320_a_U000454500
# [2024-04-26 16:57:22] INFO: Calculated checksum: b5e9c5c0
# [2024-04-26 16:57:34] INFO: Calculated checksum: b8347f70
# [2024-04-26 16:57:34] INFO: Writing RNGSTATE file: ./rand_s060t20_b0671320_a_U000454500
# [2024-04-26 16:57:35] INFO: Writing to disk took 15.2388 seconds
# [2024-04-26 16:57:35] INFO: ======================================================================
# [2024-04-26 16:57:35] INFO: Start sweeping...
# [2024-04-26 17:04:19] INFO: It took 403.952 seconds to do 500 HBOR sweeps.
# [2024-04-26 17:04:19] INFO: Plaquette = 0.653386
# [2024-04-26 17:04:19] INFO: Polyakov loop = (-0.000405376,-0.000173029)
# [2024-04-26 17:04:19] INFO: Writing conf to disk...
# [2024-04-26 17:04:19] INFO: writeconf_nersc: Writing NERSC configuration ./conf_s060t20_b0671320_a_U000455000
# [2024-04-26 17:04:22] INFO: Calculated checksum: f6233c51
# [2024-04-26 17:04:43] INFO: Calculated checksum: 888ea463
# [2024-04-26 17:04:43] INFO: Writing RNGSTATE file: ./rand_s060t20_b0671320_a_U000455000
# [2024-04-26 17:04:44] INFO: Writing to disk took 25.4603 seconds
# [2024-04-26 17:04:44] INFO: ======================================================================
# [2024-04-26 17:04:44] INFO: Start sweeping...
# [2024-04-26 17:11:27] INFO: It took 403.208 seconds to do 500 HBOR sweeps.
# [2024-04-26 17:11:27] INFO: Plaquette = 0.65345
# [2024-04-26 17:11:27] INFO: Polyakov loop = (-0.00124757,-0.00123378)
# [2024-04-26 17:11:27] INFO: Writing conf to disk...
# [2024-04-26 17:11:27] INFO: writeconf_nersc: Writing NERSC configuration ./conf_s060t20_b0671320_a_U000455500
# [2024-04-26 17:11:30] INFO: Calculated checksum: 93ad8869
# [2024-04-26 17:11:37] INFO: Calculated checksum: 990ec452
# [2024-04-26 17:11:37] INFO: Writing RNGSTATE file: ./rand_s060t20_b0671320_a_U000455500
# [2024-04-26 17:11:38] INFO: Writing to disk took 10.5555 seconds
# [2024-04-26 17:11:38] INFO: ======================================================================
# [2024-04-26 17:11:38] INFO: Start sweeping...
# [2024-04-26 17:18:22] INFO: It took 404.084 seconds to do 500 HBOR sweeps.
# [2024-04-26 17:18:22] INFO: Plaquette = 0.653452
# [2024-04-26 17:18:22] INFO: Polyakov loop = (-0.00127987,-0.00146996)
# [2024-04-26 17:18:22] INFO: Writing conf to disk...
# [2024-04-26 17:18:22] INFO: writeconf_nersc: Writing NERSC configuration ./conf_s060t20_b0671320_a_U000456000
# [2024-04-26 17:18:25] INFO: Calculated checksum: 4e2281e7
# [2024-04-26 17:18:34] INFO: Calculated checksum: 48f1b1e7
# [2024-04-26 17:18:34] INFO: Writing RNGSTATE file: ./rand_s060t20_b0671320_a_U000456000
# [2024-04-26 17:18:35] INFO: Writing to disk took 12.3904 seconds
# [2024-04-26 17:18:35] INFO: ======================================================================
# [2024-04-26 17:18:35] INFO: Start sweeping...
# [2024-04-26 17:25:18] INFO: It took 402.935 seconds to do 500 HBOR sweeps.
# [2024-04-26 17:25:18] INFO: Plaquette = 0.653569
# [2024-04-26 17:25:18] INFO: Polyakov loop = (-0.00127915,-0.00111963)
# [2024-04-26 17:25:18] INFO: Writing conf to disk...
# [2024-04-26 17:25:18] INFO: writeconf_nersc: Writing NERSC configuration ./conf_s060t20_b0671320_a_U000456500
# [2024-04-26 17:25:21] INFO: Calculated checksum: fd5ca394
# [2024-04-26 17:25:28] INFO: Calculated checksum: d6a9cc96
# [2024-04-26 17:25:28] INFO: Writing RNGSTATE file: ./rand_s060t20_b0671320_a_U000456500
# [2024-04-26 17:25:28] INFO: Writing to disk took 10.5032 seconds
# [2024-04-26 17:25:28] INFO: ======================================================================
# [2024-04-26 17:25:28] INFO: Start sweeping...
# [2024-04-26 17:32:13] INFO: It took 404.344 seconds to do 500 HBOR sweeps.
# [2024-04-26 17:32:13] INFO: Plaquette = 0.653472
# [2024-04-26 17:32:13] INFO: Polyakov loop = (-0.00072358,-0.000725595)
# [2024-04-26 17:32:13] INFO: Writing conf to disk...
# [2024-04-26 17:32:13] INFO: writeconf_nersc: Writing NERSC configuration ./conf_s060t20_b0671320_a_U000457000
# [2024-04-26 17:32:16] INFO: Calculated checksum: 74aa9056
# [2024-04-26 17:32:23] INFO: Calculated checksum: 2f2f8646
# [2024-04-26 17:32:23] INFO: Writing RNGSTATE file: ./rand_s060t20_b0671320_a_U000457000
# [2024-04-26 17:32:23] INFO: Writing to disk took 10.7266 seconds
# [2024-04-26 17:32:23] INFO: ======================================================================
# [2024-04-26 17:32:23] INFO: Start sweeping...
# [2024-04-26 17:39:08] INFO: It took 404.225 seconds to do 500 HBOR sweeps.
# [2024-04-26 17:39:08] INFO: Plaquette = 0.653462
# [2024-04-26 17:39:08] INFO: Polyakov loop = (-9.04737e-05,9.25094e-05)
# [2024-04-26 17:39:08] INFO: Writing conf to disk...
# [2024-04-26 17:39:08] INFO: writeconf_nersc: Writing NERSC configuration ./conf_s060t20_b0671320_a_U000457500
# [2024-04-26 17:39:11] INFO: Calculated checksum: 422fbeb6
# [2024-04-26 17:39:19] INFO: Calculated checksum: 108329a6
# [2024-04-26 17:39:19] INFO: Writing RNGSTATE file: ./rand_s060t20_b0671320_a_U000457500
# [2024-04-26 17:39:19] INFO: Writing to disk took 11.4974 seconds
# [2024-04-26 17:39:19] INFO: ======================================================================
# [2024-04-26 17:39:19] INFO: Start sweeping...
# [2024-04-26 17:46:02] INFO: It took 402.914 seconds to do 500 HBOR sweeps.
# [2024-04-26 17:46:02] INFO: Plaquette = 0.653516
# [2024-04-26 17:46:02] INFO: Polyakov loop = (-0.000101944,0.000821898)
# [2024-04-26 17:46:02] INFO: Writing conf to disk...
# [2024-04-26 17:46:02] INFO: writeconf_nersc: Writing NERSC configuration ./conf_s060t20_b0671320_a_U000458000
# [2024-04-26 17:46:05] INFO: Calculated checksum: 979e84d7
# [2024-04-26 17:46:18] INFO: Calculated checksum: e8f5541d
# [2024-04-26 17:46:18] INFO: Writing RNGSTATE file: ./rand_s060t20_b0671320_a_U000458000
# [2024-04-26 17:46:18] INFO: Writing to disk took 15.9221 seconds
# [2024-04-26 17:46:18] INFO: ======================================================================
# [2024-04-26 17:46:18] INFO: Start sweeping...
# [2024-04-26 17:53:01] INFO: It took 402.773 seconds to do 500 HBOR sweeps.
# [2024-04-26 17:53:01] INFO: Plaquette = 0.653561
# [2024-04-26 17:53:01] INFO: Polyakov loop = (-0.00061295,-0.00013943)
# [2024-04-26 17:53:01] INFO: Writing conf to disk...
# [2024-04-26 17:53:01] INFO: writeconf_nersc: Writing NERSC configuration ./conf_s060t20_b0671320_a_U000458500
# [2024-04-26 17:53:04] INFO: Calculated checksum: 367a9941
# [2024-04-26 17:53:11] INFO: Calculated checksum: 9ea02006
# [2024-04-26 17:53:11] INFO: Writing RNGSTATE file: ./rand_s060t20_b0671320_a_U000458500
# [2024-04-26 17:53:11] INFO: Writing to disk took 10.3267 seconds
# [2024-04-26 17:53:11] INFO: ======================================================================
# [2024-04-26 17:53:11] INFO: Start sweeping...
# [2024-04-26 17:59:54] INFO: It took 403.117 seconds to do 500 HBOR sweeps.
# [2024-04-26 17:59:55] INFO: Plaquette = 0.653597
# [2024-04-26 17:59:55] INFO: Polyakov loop = (-0.000236706,-1.04492e-05)
# [2024-04-26 17:59:55] INFO: Writing conf to disk...
# [2024-04-26 17:59:55] INFO: writeconf_nersc: Writing NERSC configuration ./conf_s060t20_b0671320_a_U000459000
# [2024-04-26 17:59:58] INFO: Calculated checksum: 4dd96cb0
# [2024-04-26 18:00:09] INFO: Calculated checksum: a2028409
# [2024-04-26 18:00:09] INFO: Writing RNGSTATE file: ./rand_s060t20_b0671320_a_U000459000
# [2024-04-26 18:00:10] INFO: Writing to disk took 14.9884 seconds
# [2024-04-26 18:00:10] INFO: ======================================================================
# [2024-04-26 18:00:10] INFO: Start sweeping...
# [2024-04-26 18:06:51] INFO: It took 401.473 seconds to do 500 HBOR sweeps.
# [2024-04-26 18:06:51] INFO: Plaquette = 0.653434
# [2024-04-26 18:06:51] INFO: Polyakov loop = (0.000536545,-0.000321823)
# [2024-04-26 18:06:51] INFO: Writing conf to disk...
# [2024-04-26 18:06:51] INFO: writeconf_nersc: Writing NERSC configuration ./conf_s060t20_b0671320_a_U000459500
# [2024-04-26 18:06:54] INFO: Calculated checksum: d40b9bd3
# [2024-04-26 18:07:02] INFO: Calculated checksum: 9a81678d
# [2024-04-26 18:07:02] INFO: Writing RNGSTATE file: ./rand_s060t20_b0671320_a_U000459500
# [2024-04-26 18:07:02] INFO: Writing to disk took 11.1045 seconds
# [2024-04-26 18:07:02] INFO: ======================================================================
# [2024-04-26 18:07:02] INFO: Start sweeping...
# [2024-04-26 18:13:45] INFO: It took 403.027 seconds to do 500 HBOR sweeps.
# [2024-04-26 18:13:45] INFO: Plaquette = 0.653444
# [2024-04-26 18:13:45] INFO: Polyakov loop = (0.000597776,-0.000376461)
# [2024-04-26 18:13:45] INFO: Writing conf to disk...
# [2024-04-26 18:13:45] INFO: writeconf_nersc: Writing NERSC configuration ./conf_s060t20_b0671320_a_U000460000
# [2024-04-26 18:13:48] INFO: Calculated checksum: 30d2ef94
# [2024-04-26 18:13:58] INFO: Calculated checksum: d2a57879
# [2024-04-26 18:13:58] INFO: Writing RNGSTATE file: ./rand_s060t20_b0671320_a_U000460000
# [2024-04-26 18:13:59] INFO: Writing to disk took 13.6813 seconds
# [2024-04-26 18:13:59] INFO: ======================================================================
# [2024-04-26 18:13:59] INFO: Start sweeping...
# [2024-04-26 18:20:41] INFO: It took 401.476 seconds to do 500 HBOR sweeps.
# [2024-04-26 18:20:41] INFO: Plaquette = 0.653485
# [2024-04-26 18:20:41] INFO: Polyakov loop = (-0.00111059,-0.000538737)
# [2024-04-26 18:20:41] INFO: Writing conf to disk...
# [2024-04-26 18:20:41] INFO: writeconf_nersc: Writing NERSC configuration ./conf_s060t20_b0671320_a_U000460500
# [2024-04-26 18:20:44] INFO: Calculated checksum: 6dfc831
# [2024-04-26 18:20:51] INFO: Calculated checksum: cc2184e7
# [2024-04-26 18:20:51] INFO: Writing RNGSTATE file: ./rand_s060t20_b0671320_a_U000460500
# [2024-04-26 18:20:51] INFO: Writing to disk took 10.5785 seconds
# [2024-04-26 18:20:51] INFO: ======================================================================
# [2024-04-26 18:20:51] INFO: Start sweeping...
# [2024-04-26 18:27:33] INFO: It took 401.531 seconds to do 500 HBOR sweeps.
# [2024-04-26 18:27:33] INFO: Plaquette = 0.653524
# [2024-04-26 18:27:33] INFO: Polyakov loop = (-0.000931956,-0.00137943)
# [2024-04-26 18:27:33] INFO: Writing conf to disk...
# [2024-04-26 18:27:33] INFO: writeconf_nersc: Writing NERSC configuration ./conf_s060t20_b0671320_a_U000461000
# [2024-04-26 18:27:36] INFO: Calculated checksum: c2fff500
# [2024-04-26 18:27:46] INFO: Calculated checksum: ee7ad8c6
# [2024-04-26 18:27:46] INFO: Writing RNGSTATE file: ./rand_s060t20_b0671320_a_U000461000
# [2024-04-26 18:27:46] INFO: Writing to disk took 13.0588 seconds
# [2024-04-26 18:27:46] INFO: ======================================================================
# [2024-04-26 18:27:46] INFO: Start sweeping...
# [2024-04-26 18:34:27] INFO: It took 401.489 seconds to do 500 HBOR sweeps.
# [2024-04-26 18:34:28] INFO: Plaquette = 0.653506
# [2024-04-26 18:34:28] INFO: Polyakov loop = (-0.000345676,-0.000726727)
# [2024-04-26 18:34:28] INFO: Writing conf to disk...
# [2024-04-26 18:34:28] INFO: writeconf_nersc: Writing NERSC configuration ./conf_s060t20_b0671320_a_U000461500
# [2024-04-26 18:34:31] INFO: Calculated checksum: 651c0841
# [2024-04-26 18:34:39] INFO: Calculated checksum: b79e10b
# [2024-04-26 18:34:39] INFO: Writing RNGSTATE file: ./rand_s060t20_b0671320_a_U000461500
# [2024-04-26 18:34:39] INFO: Writing to disk took 11.7899 seconds
# [2024-04-26 18:34:39] INFO: ======================================================================
# [2024-04-26 18:34:39] INFO: Start sweeping...
# [2024-04-26 18:41:21] INFO: It took 401.532 seconds to do 500 HBOR sweeps.
# [2024-04-26 18:41:21] INFO: Plaquette = 0.653413
# [2024-04-26 18:41:21] INFO: Polyakov loop = (-0.0017612,-0.000827293)
# [2024-04-26 18:41:21] INFO: Writing conf to disk...
# [2024-04-26 18:41:21] INFO: writeconf_nersc: Writing NERSC configuration ./conf_s060t20_b0671320_a_U000462000
# [2024-04-26 18:41:24] INFO: Calculated checksum: 1ff1b2ec
# [2024-04-26 18:41:33] INFO: Calculated checksum: fa9c5c56
# [2024-04-26 18:41:33] INFO: Writing RNGSTATE file: ./rand_s060t20_b0671320_a_U000462000
# [2024-04-26 18:41:34] INFO: Writing to disk took 12.9979 seconds
# [2024-04-26 18:41:34] INFO: ======================================================================
# [2024-04-26 18:41:34] INFO: Start sweeping...
# [2024-04-26 18:48:15] INFO: It took 401.495 seconds to do 500 HBOR sweeps.
# [2024-04-26 18:48:16] INFO: Plaquette = 0.653465
# [2024-04-26 18:48:16] INFO: Polyakov loop = (-0.000745085,-0.00123066)
# [2024-04-26 18:48:16] INFO: Writing conf to disk...
# [2024-04-26 18:48:16] INFO: writeconf_nersc: Writing NERSC configuration ./conf_s060t20_b0671320_a_U000462500
# [2024-04-26 18:48:19] INFO: Calculated checksum: e614d395
# [2024-04-26 18:48:29] INFO: Calculated checksum: 55631f35
# [2024-04-26 18:48:29] INFO: Writing RNGSTATE file: ./rand_s060t20_b0671320_a_U000462500
# [2024-04-26 18:48:29] INFO: Writing to disk took 13.297 seconds
# [2024-04-26 18:48:29] INFO: ======================================================================
# [2024-04-26 18:48:29] INFO: Start sweeping...
# [2024-04-26 18:55:10] INFO: It took 401.466 seconds to do 500 HBOR sweeps.
# [2024-04-26 18:55:10] INFO: Plaquette = 0.653595
# [2024-04-26 18:55:10] INFO: Polyakov loop = (0.000487143,-0.00035118)
# [2024-04-26 18:55:10] INFO: Writing conf to disk...
# [2024-04-26 18:55:10] INFO: writeconf_nersc: Writing NERSC configuration ./conf_s060t20_b0671320_a_U000463000
# [2024-04-26 18:55:13] INFO: Calculated checksum: e886e3be
# [2024-04-26 18:55:21] INFO: Calculated checksum: cd6ffd05
# [2024-04-26 18:55:21] INFO: Writing RNGSTATE file: ./rand_s060t20_b0671320_a_U000463000
# [2024-04-26 18:55:21] INFO: Writing to disk took 10.4959 seconds
# [2024-04-26 18:55:21] INFO: ======================================================================
# [2024-04-26 18:55:21] INFO: Start sweeping...
# [2024-04-26 19:02:02] INFO: It took 401.55 seconds to do 500 HBOR sweeps.
# [2024-04-26 19:02:03] INFO: Plaquette = 0.653512
# [2024-04-26 19:02:03] INFO: Polyakov loop = (-0.000670816,-0.00027993)
# [2024-04-26 19:02:03] INFO: Writing conf to disk...
# [2024-04-26 19:02:03] INFO: writeconf_nersc: Writing NERSC configuration ./conf_s060t20_b0671320_a_U000463500
# [2024-04-26 19:02:05] INFO: Calculated checksum: cfeaff05
# [2024-04-26 19:02:13] INFO: Calculated checksum: 2a13a41b
# [2024-04-26 19:02:13] INFO: Writing RNGSTATE file: ./rand_s060t20_b0671320_a_U000463500
# [2024-04-26 19:02:13] INFO: Writing to disk took 10.438 seconds
# [2024-04-26 19:02:13] INFO: ======================================================================
# [2024-04-26 19:02:13] INFO: Start sweeping...
# [2024-04-26 19:08:55] INFO: It took 401.537 seconds to do 500 HBOR sweeps.
# [2024-04-26 19:08:55] INFO: Plaquette = 0.653431
# [2024-04-26 19:08:55] INFO: Polyakov loop = (-0.000155553,-3.78017e-05)
# [2024-04-26 19:08:55] INFO: Writing conf to disk...
# [2024-04-26 19:08:55] INFO: writeconf_nersc: Writing NERSC configuration ./conf_s060t20_b0671320_a_U000464000
# [2024-04-26 19:08:59] INFO: Calculated checksum: 5fe509ec
# [2024-04-26 19:09:13] INFO: Calculated checksum: a11558bf
# [2024-04-26 19:09:13] INFO: Writing RNGSTATE file: ./rand_s060t20_b0671320_a_U000464000
# [2024-04-26 19:09:13] INFO: Writing to disk took 18.4618 seconds
# [2024-04-26 19:09:13] INFO: ======================================================================
# [2024-04-26 19:09:13] INFO: Start sweeping...
# [2024-04-26 19:15:55] INFO: It took 401.408 seconds to do 500 HBOR sweeps.
# [2024-04-26 19:15:55] INFO: Plaquette = 0.653444
# [2024-04-26 19:15:55] INFO: Polyakov loop = (-0.00027477,-0.000490216)
# [2024-04-26 19:15:55] INFO: Writing conf to disk...
# [2024-04-26 19:15:55] INFO: writeconf_nersc: Writing NERSC configuration ./conf_s060t20_b0671320_a_U000464500
# [2024-04-26 19:15:58] INFO: Calculated checksum: e5c824b3
# [2024-04-26 19:16:10] INFO: Calculated checksum: 55e4e7d6
# [2024-04-26 19:16:10] INFO: Writing RNGSTATE file: ./rand_s060t20_b0671320_a_U000464500
# [2024-04-26 19:16:10] INFO: Writing to disk took 15.0163 seconds
# [2024-04-26 19:16:10] INFO: ======================================================================
# [2024-04-26 19:16:10] INFO: Start sweeping...
# [2024-04-26 19:22:51] INFO: It took 401.371 seconds to do 500 HBOR sweeps.
# [2024-04-26 19:22:51] INFO: Plaquette = 0.65347
# [2024-04-26 19:22:51] INFO: Polyakov loop = (0.000104309,0.00048721)
# [2024-04-26 19:22:51] INFO: Writing conf to disk...
# [2024-04-26 19:22:51] INFO: writeconf_nersc: Writing NERSC configuration ./conf_s060t20_b0671320_a_U000465000
# [2024-04-26 19:22:54] INFO: Calculated checksum: 514b1590
# [2024-04-26 19:23:05] INFO: Calculated checksum: 72469a4a
# [2024-04-26 19:23:05] INFO: Writing RNGSTATE file: ./rand_s060t20_b0671320_a_U000465000
# [2024-04-26 19:23:05] INFO: Writing to disk took 13.8098 seconds
# [2024-04-26 19:23:05] INFO: ======================================================================
# [2024-04-26 19:23:05] INFO: Start sweeping...
# [2024-04-26 19:29:47] INFO: It took 401.358 seconds to do 500 HBOR sweeps.
# [2024-04-26 19:29:47] INFO: Plaquette = 0.65356
# [2024-04-26 19:29:47] INFO: Polyakov loop = (-0.000367066,0.000345928)
# [2024-04-26 19:29:47] INFO: Writing conf to disk...
# [2024-04-26 19:29:47] INFO: writeconf_nersc: Writing NERSC configuration ./conf_s060t20_b0671320_a_U000465500
# [2024-04-26 19:29:50] INFO: Calculated checksum: 37ed3e91
# [2024-04-26 19:30:03] INFO: Calculated checksum: 8285c498
# [2024-04-26 19:30:03] INFO: Writing RNGSTATE file: ./rand_s060t20_b0671320_a_U000465500
# [2024-04-26 19:30:04] INFO: Writing to disk took 17.0678 seconds
# [2024-04-26 19:30:04] INFO: ======================================================================
# [2024-04-26 19:30:04] INFO: Start sweeping...
# [2024-04-26 19:36:45] INFO: It took 401.206 seconds to do 500 HBOR sweeps.
# [2024-04-26 19:36:45] INFO: Plaquette = 0.65349
# [2024-04-26 19:36:45] INFO: Polyakov loop = (-0.000470911,0.000107258)
# [2024-04-26 19:36:45] INFO: Writing conf to disk...
# [2024-04-26 19:36:45] INFO: writeconf_nersc: Writing NERSC configuration ./conf_s060t20_b0671320_a_U000466000
# [2024-04-26 19:36:48] INFO: Calculated checksum: fd3b89bf
# [2024-04-26 19:37:12] INFO: Calculated checksum: e379b743
# [2024-04-26 19:37:12] INFO: Writing RNGSTATE file: ./rand_s060t20_b0671320_a_U000466000
# [2024-04-26 19:37:13] INFO: Writing to disk took 27.7549 seconds
# [2024-04-26 19:37:13] INFO: ======================================================================
# [2024-04-26 19:37:13] INFO: Start sweeping...
# [2024-04-26 19:43:54] INFO: It took 401.057 seconds to do 500 HBOR sweeps.
# [2024-04-26 19:43:54] INFO: Plaquette = 0.653461
# [2024-04-26 19:43:54] INFO: Polyakov loop = (-0.000133543,-0.000593215)
# [2024-04-26 19:43:54] INFO: Writing conf to disk...
# [2024-04-26 19:43:54] INFO: writeconf_nersc: Writing NERSC configuration ./conf_s060t20_b0671320_a_U000466500
# [2024-04-26 19:43:57] INFO: Calculated checksum: afc07759
# [2024-04-26 19:44:22] INFO: Calculated checksum: 650667c1
# [2024-04-26 19:44:22] INFO: Writing RNGSTATE file: ./rand_s060t20_b0671320_a_U000466500
# [2024-04-26 19:44:22] INFO: Writing to disk took 28.5242 seconds
# [2024-04-26 19:44:22] INFO: ======================================================================
# [2024-04-26 19:44:22] INFO: Start sweeping...
# [2024-04-26 19:51:04] INFO: It took 401.271 seconds to do 500 HBOR sweeps.
# [2024-04-26 19:51:04] INFO: Plaquette = 0.653482
# [2024-04-26 19:51:04] INFO: Polyakov loop = (-0.000375712,0.000488681)
# [2024-04-26 19:51:04] INFO: Writing conf to disk...
# [2024-04-26 19:51:04] INFO: writeconf_nersc: Writing NERSC configuration ./conf_s060t20_b0671320_a_U000467000
# [2024-04-26 19:51:07] INFO: Calculated checksum: ebe4ff70
# [2024-04-26 19:51:35] INFO: Calculated checksum: 8be2501
# [2024-04-26 19:51:35] INFO: Writing RNGSTATE file: ./rand_s060t20_b0671320_a_U000467000
# [2024-04-26 19:51:36] INFO: Writing to disk took 32.3761 seconds
# [2024-04-26 19:51:36] INFO: ======================================================================
# [2024-04-26 19:51:36] INFO: Start sweeping...
# [2024-04-26 19:58:17] INFO: It took 400.865 seconds to do 500 HBOR sweeps.
# [2024-04-26 19:58:17] INFO: Plaquette = 0.653417
# [2024-04-26 19:58:17] INFO: Polyakov loop = (0.00117216,-0.000310269)
# [2024-04-26 19:58:17] INFO: Writing conf to disk...
# [2024-04-26 19:58:17] INFO: writeconf_nersc: Writing NERSC configuration ./conf_s060t20_b0671320_a_U000467500
# [2024-04-26 19:58:20] INFO: Calculated checksum: 72b8b2e2
# [2024-04-26 19:58:30] INFO: Calculated checksum: c23f055e
# [2024-04-26 19:58:30] INFO: Writing RNGSTATE file: ./rand_s060t20_b0671320_a_U000467500
# [2024-04-26 19:58:30] INFO: Writing to disk took 13.4241 seconds
# [2024-04-26 19:58:30] INFO: ======================================================================
# [2024-04-26 19:58:30] INFO: Start sweeping...
# [2024-04-26 20:05:12] INFO: It took 401.286 seconds to do 500 HBOR sweeps.
# [2024-04-26 20:05:12] INFO: Plaquette = 0.653482
# [2024-04-26 20:05:12] INFO: Polyakov loop = (0.00137385,0.000181662)
# [2024-04-26 20:05:12] INFO: Writing conf to disk...
# [2024-04-26 20:05:12] INFO: writeconf_nersc: Writing NERSC configuration ./conf_s060t20_b0671320_a_U000468000
# [2024-04-26 20:05:15] INFO: Calculated checksum: 890e836
# [2024-04-26 20:05:28] INFO: Calculated checksum: eb7560ff
# [2024-04-26 20:05:28] INFO: Writing RNGSTATE file: ./rand_s060t20_b0671320_a_U000468000
# [2024-04-26 20:05:29] INFO: Writing to disk took 16.9662 seconds
# [2024-04-26 20:05:29] INFO: ======================================================================
# [2024-04-26 20:05:29] INFO: Start sweeping...
# [2024-04-26 20:12:10] INFO: It took 401.185 seconds to do 500 HBOR sweeps.
# [2024-04-26 20:12:10] INFO: Plaquette = 0.653463
# [2024-04-26 20:12:10] INFO: Polyakov loop = (0.00102616,-0.000580143)
# [2024-04-26 20:12:10] INFO: Writing conf to disk...
# [2024-04-26 20:12:10] INFO: writeconf_nersc: Writing NERSC configuration ./conf_s060t20_b0671320_a_U000468500
# [2024-04-26 20:12:13] INFO: Calculated checksum: 11ec2471
# [2024-04-26 20:12:27] INFO: Calculated checksum: 4dd85045
# [2024-04-26 20:12:27] INFO: Writing RNGSTATE file: ./rand_s060t20_b0671320_a_U000468500
# [2024-04-26 20:12:27] INFO: Writing to disk took 17.2572 seconds
# [2024-04-26 20:12:27] INFO: ======================================================================
# [2024-04-26 20:12:27] INFO: Start sweeping...
# [2024-04-26 20:19:08] INFO: It took 401.213 seconds to do 500 HBOR sweeps.
# [2024-04-26 20:19:08] INFO: Plaquette = 0.653519
# [2024-04-26 20:19:08] INFO: Polyakov loop = (0.00023932,0.000198326)
# [2024-04-26 20:19:08] INFO: Writing conf to disk...
# [2024-04-26 20:19:08] INFO: writeconf_nersc: Writing NERSC configuration ./conf_s060t20_b0671320_a_U000469000
# [2024-04-26 20:19:11] INFO: Calculated checksum: d60048b4
# [2024-04-26 20:19:33] INFO: Calculated checksum: 94a65a75
# [2024-04-26 20:19:33] INFO: Writing RNGSTATE file: ./rand_s060t20_b0671320_a_U000469000
# [2024-04-26 20:19:34] INFO: Writing to disk took 25.5816 seconds
# [2024-04-26 20:19:34] INFO: ======================================================================
# [2024-04-26 20:19:34] INFO: Start sweeping...
# [2024-04-26 20:26:15] INFO: It took 401.026 seconds to do 500 HBOR sweeps.
# [2024-04-26 20:26:15] INFO: Plaquette = 0.653564
# [2024-04-26 20:26:15] INFO: Polyakov loop = (0.000662113,-0.00023964)
# [2024-04-26 20:26:15] INFO: Writing conf to disk...
# [2024-04-26 20:26:15] INFO: writeconf_nersc: Writing NERSC configuration ./conf_s060t20_b0671320_a_U000469500
# [2024-04-26 20:26:18] INFO: Calculated checksum: d953ab08
# [2024-04-26 20:26:29] INFO: Calculated checksum: 5215d5c5
# [2024-04-26 20:26:29] INFO: Writing RNGSTATE file: ./rand_s060t20_b0671320_a_U000469500
# [2024-04-26 20:26:29] INFO: Writing to disk took 13.791 seconds
# [2024-04-26 20:26:29] INFO: ======================================================================
# [2024-04-26 20:26:29] INFO: Start sweeping...
# [2024-04-26 20:33:12] INFO: It took 403.182 seconds to do 500 HBOR sweeps.
# [2024-04-26 20:33:12] INFO: Plaquette = 0.65358
# [2024-04-26 20:33:12] INFO: Polyakov loop = (1.07758e-05,0.00101626)
# [2024-04-26 20:33:12] INFO: Writing conf to disk...
# [2024-04-26 20:33:12] INFO: writeconf_nersc: Writing NERSC configuration ./conf_s060t20_b0671320_a_U000470000
# [2024-04-26 20:33:15] INFO: Calculated checksum: 8883f91b
# [2024-04-26 20:33:24] INFO: Calculated checksum: 82ca1aec
# [2024-04-26 20:33:24] INFO: Writing RNGSTATE file: ./rand_s060t20_b0671320_a_U000470000
# [2024-04-26 20:33:24] INFO: Writing to disk took 12.2 seconds
# [2024-04-26 20:33:24] INFO: ======================================================================
# [2024-04-26 20:33:24] INFO: Start sweeping...
# [2024-04-26 20:40:08] INFO: It took 403.653 seconds to do 500 HBOR sweeps.
# [2024-04-26 20:40:08] INFO: Plaquette = 0.653419
# [2024-04-26 20:40:08] INFO: Polyakov loop = (0.0007762,-2.46921e-05)
# [2024-04-26 20:40:08] INFO: Writing conf to disk...
# [2024-04-26 20:40:08] INFO: writeconf_nersc: Writing NERSC configuration ./conf_s060t20_b0671320_a_U000470500
# [2024-04-26 20:40:11] INFO: Calculated checksum: 1082d9a6
# [2024-04-26 20:40:19] INFO: Calculated checksum: 9eb2be72
# [2024-04-26 20:40:19] INFO: Writing RNGSTATE file: ./rand_s060t20_b0671320_a_U000470500
# [2024-04-26 20:40:19] INFO: Writing to disk took 11.0889 seconds
# [2024-04-26 20:40:19] INFO: ======================================================================
# [2024-04-26 20:40:19] INFO: Start sweeping...
# [2024-04-26 20:47:03] INFO: It took 403.985 seconds to do 500 HBOR sweeps.
# [2024-04-26 20:47:03] INFO: Plaquette = 0.653426
# [2024-04-26 20:47:03] INFO: Polyakov loop = (0.00270231,-9.23559e-05)
# [2024-04-26 20:47:03] INFO: Writing conf to disk...
# [2024-04-26 20:47:03] INFO: writeconf_nersc: Writing NERSC configuration ./conf_s060t20_b0671320_a_U000471000
# [2024-04-26 20:47:06] INFO: Calculated checksum: 338ab630
# [2024-04-26 20:47:15] INFO: Calculated checksum: 9ac496a
# [2024-04-26 20:47:15] INFO: Writing RNGSTATE file: ./rand_s060t20_b0671320_a_U000471000
# [2024-04-26 20:47:15] INFO: Writing to disk took 11.7906 seconds
# [2024-04-26 20:47:15] INFO: ======================================================================
# [2024-04-26 20:47:15] INFO: Start sweeping...
# [2024-04-26 20:53:59] INFO: It took 404.004 seconds to do 500 HBOR sweeps.
# [2024-04-26 20:53:59] INFO: Plaquette = 0.65352
# [2024-04-26 20:53:59] INFO: Polyakov loop = (0.00118291,0.000540057)
# [2024-04-26 20:53:59] INFO: Writing conf to disk...
# [2024-04-26 20:53:59] INFO: writeconf_nersc: Writing NERSC configuration ./conf_s060t20_b0671320_a_U000471500
# [2024-04-26 20:54:02] INFO: Calculated checksum: 8aa007df
# [2024-04-26 20:54:10] INFO: Calculated checksum: e8f5fc49
# [2024-04-26 20:54:10] INFO: Writing RNGSTATE file: ./rand_s060t20_b0671320_a_U000471500
# [2024-04-26 20:54:10] INFO: Writing to disk took 10.768 seconds
# [2024-04-26 20:54:10] INFO: ======================================================================
# [2024-04-26 20:54:10] INFO: Start sweeping...
# [2024-04-26 21:00:54] INFO: It took 404.025 seconds to do 500 HBOR sweeps.
# [2024-04-26 21:00:54] INFO: Plaquette = 0.653414
# [2024-04-26 21:00:54] INFO: Polyakov loop = (0.00110836,0.000692238)
# [2024-04-26 21:00:54] INFO: Writing conf to disk...
# [2024-04-26 21:00:54] INFO: writeconf_nersc: Writing NERSC configuration ./conf_s060t20_b0671320_a_U000472000
# [2024-04-26 21:00:57] INFO: Calculated checksum: 8dd6469f
# [2024-04-26 21:01:05] INFO: Calculated checksum: ea3d071b
# [2024-04-26 21:01:05] INFO: Writing RNGSTATE file: ./rand_s060t20_b0671320_a_U000472000
# [2024-04-26 21:01:05] INFO: Writing to disk took 11.0999 seconds
# [2024-04-26 21:01:05] INFO: ======================================================================
# [2024-04-26 21:01:05] INFO: Start sweeping...
# [2024-04-26 21:07:48] INFO: It took 403.064 seconds to do 500 HBOR sweeps.
# [2024-04-26 21:07:48] INFO: Plaquette = 0.653544
# [2024-04-26 21:07:48] INFO: Polyakov loop = (0.00160424,-0.000621252)
# [2024-04-26 21:07:48] INFO: Writing conf to disk...
# [2024-04-26 21:07:48] INFO: writeconf_nersc: Writing NERSC configuration ./conf_s060t20_b0671320_a_U000472500
# [2024-04-26 21:07:51] INFO: Calculated checksum: de96e622
# [2024-04-26 21:08:00] INFO: Calculated checksum: 7a42bde4
# [2024-04-26 21:08:00] INFO: Writing RNGSTATE file: ./rand_s060t20_b0671320_a_U000472500
# [2024-04-26 21:08:00] INFO: Writing to disk took 11.6348 seconds
# [2024-04-26 21:08:00] INFO: ======================================================================
# [2024-04-26 21:08:00] INFO: Start sweeping...
# [2024-04-26 21:14:43] INFO: It took 403.206 seconds to do 500 HBOR sweeps.
# [2024-04-26 21:14:43] INFO: Plaquette = 0.653435
# [2024-04-26 21:14:43] INFO: Polyakov loop = (0.00158047,0.000361228)
# [2024-04-26 21:14:43] INFO: Writing conf to disk...
# [2024-04-26 21:14:43] INFO: writeconf_nersc: Writing NERSC configuration ./conf_s060t20_b0671320_a_U000473000
# [2024-04-26 21:14:46] INFO: Calculated checksum: a26667f7
# [2024-04-26 21:14:56] INFO: Calculated checksum: defc82fc
# [2024-04-26 21:14:56] INFO: Writing RNGSTATE file: ./rand_s060t20_b0671320_a_U000473000
# [2024-04-26 21:14:57] INFO: Writing to disk took 13.6725 seconds
# [2024-04-26 21:14:57] INFO: ======================================================================
# [2024-04-26 21:14:57] INFO: Start sweeping...
# [2024-04-26 21:21:38] INFO: It took 401.389 seconds to do 500 HBOR sweeps.
# [2024-04-26 21:21:38] INFO: Plaquette = 0.6536
# [2024-04-26 21:21:38] INFO: Polyakov loop = (0.000724101,0.000252602)
# [2024-04-26 21:21:38] INFO: Writing conf to disk...
# [2024-04-26 21:21:38] INFO: writeconf_nersc: Writing NERSC configuration ./conf_s060t20_b0671320_a_U000473500
# [2024-04-26 21:21:41] INFO: Calculated checksum: da8b9e0b
# [2024-04-26 21:21:50] INFO: Calculated checksum: 4d5e7519
# [2024-04-26 21:21:50] INFO: Writing RNGSTATE file: ./rand_s060t20_b0671320_a_U000473500
# [2024-04-26 21:21:51] INFO: Writing to disk took 13.1337 seconds
# [2024-04-26 21:21:51] INFO: ======================================================================
# [2024-04-26 21:21:51] INFO: Start sweeping...
# [2024-04-26 21:28:33] INFO: It took 401.312 seconds to do 500 HBOR sweeps.
# [2024-04-26 21:28:33] INFO: Plaquette = 0.653562
# [2024-04-26 21:28:33] INFO: Polyakov loop = (0.00021741,0.000327914)
# [2024-04-26 21:28:33] INFO: Writing conf to disk...
# [2024-04-26 21:28:33] INFO: writeconf_nersc: Writing NERSC configuration ./conf_s060t20_b0671320_a_U000474000
# [2024-04-26 21:28:36] INFO: Calculated checksum: a684ef5
# [2024-04-26 21:28:44] INFO: Calculated checksum: 55189dbb
# [2024-04-26 21:28:44] INFO: Writing RNGSTATE file: ./rand_s060t20_b0671320_a_U000474000
# [2024-04-26 21:28:45] INFO: Writing to disk took 11.8945 seconds
# [2024-04-26 21:28:45] INFO: ======================================================================
# [2024-04-26 21:28:45] INFO: Start sweeping...
# [2024-04-26 21:35:26] INFO: It took 401.333 seconds to do 500 HBOR sweeps.
# [2024-04-26 21:35:26] INFO: Plaquette = 0.653525
# [2024-04-26 21:35:26] INFO: Polyakov loop = (-0.000132254,5.05902e-05)
# [2024-04-26 21:35:26] INFO: Writing conf to disk...
# [2024-04-26 21:35:26] INFO: writeconf_nersc: Writing NERSC configuration ./conf_s060t20_b0671320_a_U000474500
# [2024-04-26 21:35:29] INFO: Calculated checksum: 204c1e9
# [2024-04-26 21:35:40] INFO: Calculated checksum: 2bf2c7d9
# [2024-04-26 21:35:40] INFO: Writing RNGSTATE file: ./rand_s060t20_b0671320_a_U000474500
# [2024-04-26 21:35:40] INFO: Writing to disk took 14.104 seconds
# [2024-04-26 21:35:40] INFO: ======================================================================
# [2024-04-26 21:35:40] INFO: Start sweeping...
# [2024-04-26 21:42:23] INFO: It took 402.812 seconds to do 500 HBOR sweeps.
# [2024-04-26 21:42:23] INFO: Plaquette = 0.653476
# [2024-04-26 21:42:23] INFO: Polyakov loop = (0.000323596,0.000103954)
# [2024-04-26 21:42:23] INFO: Writing conf to disk...
# [2024-04-26 21:42:23] INFO: writeconf_nersc: Writing NERSC configuration ./conf_s060t20_b0671320_a_U000475000
# [2024-04-26 21:42:26] INFO: Calculated checksum: b7a0b232
# [2024-04-26 21:42:34] INFO: Calculated checksum: c24665b4
# [2024-04-26 21:42:34] INFO: Writing RNGSTATE file: ./rand_s060t20_b0671320_a_U000475000
# [2024-04-26 21:42:35] INFO: Writing to disk took 11.6432 seconds
# [2024-04-26 21:42:35] INFO: ======================================================================
# [2024-04-26 21:42:35] INFO: Start sweeping...
# [2024-04-26 21:49:18] INFO: It took 403.54 seconds to do 500 HBOR sweeps.
# [2024-04-26 21:49:18] INFO: Plaquette = 0.653543
# [2024-04-26 21:49:18] INFO: Polyakov loop = (0.000377128,0.00146086)
# [2024-04-26 21:49:18] INFO: Writing conf to disk...
# [2024-04-26 21:49:18] INFO: writeconf_nersc: Writing NERSC configuration ./conf_s060t20_b0671320_a_U000475500
# [2024-04-26 21:49:21] INFO: Calculated checksum: 72c5ed2b
# [2024-04-26 21:49:29] INFO: Calculated checksum: a3ed211e
# [2024-04-26 21:49:29] INFO: Writing RNGSTATE file: ./rand_s060t20_b0671320_a_U000475500
# [2024-04-26 21:49:29] INFO: Writing to disk took 11.1857 seconds
# [2024-04-26 21:49:29] INFO: ======================================================================
# [2024-04-26 21:49:29] INFO: Start sweeping...
# [2024-04-26 21:56:13] INFO: It took 403.705 seconds to do 500 HBOR sweeps.
# [2024-04-26 21:56:13] INFO: Plaquette = 0.653538
# [2024-04-26 21:56:13] INFO: Polyakov loop = (0.00152869,0.00163366)
# [2024-04-26 21:56:13] INFO: Writing conf to disk...
# [2024-04-26 21:56:13] INFO: writeconf_nersc: Writing NERSC configuration ./conf_s060t20_b0671320_a_U000476000
# [2024-04-26 21:56:16] INFO: Calculated checksum: 9e8e8ba4
# [2024-04-26 21:56:24] INFO: Calculated checksum: 778d7687
# [2024-04-26 21:56:24] INFO: Writing RNGSTATE file: ./rand_s060t20_b0671320_a_U000476000
# [2024-04-26 21:56:24] INFO: Writing to disk took 11.1303 seconds
# [2024-04-26 21:56:24] INFO: ======================================================================
# [2024-04-26 21:56:24] INFO: Start sweeping...
# [2024-04-26 22:03:06] INFO: It took 401.293 seconds to do 500 HBOR sweeps.
# [2024-04-26 22:03:06] INFO: Plaquette = 0.65347
# [2024-04-26 22:03:06] INFO: Polyakov loop = (0.00105592,0.000596737)
# [2024-04-26 22:03:06] INFO: Writing conf to disk...
# [2024-04-26 22:03:06] INFO: writeconf_nersc: Writing NERSC configuration ./conf_s060t20_b0671320_a_U000476500
# [2024-04-26 22:03:09] INFO: Calculated checksum: 4187f72
# [2024-04-26 22:03:17] INFO: Calculated checksum: 64139731
# [2024-04-26 22:03:17] INFO: Writing RNGSTATE file: ./rand_s060t20_b0671320_a_U000476500
# [2024-04-26 22:03:17] INFO: Writing to disk took 11.4209 seconds
# [2024-04-26 22:03:17] INFO: ======================================================================
# [2024-04-26 22:03:17] INFO: Start sweeping...
# [2024-04-26 22:10:00] INFO: It took 402.807 seconds to do 500 HBOR sweeps.
# [2024-04-26 22:10:00] INFO: Plaquette = 0.653505
# [2024-04-26 22:10:00] INFO: Polyakov loop = (0.000631117,-0.000962585)
# [2024-04-26 22:10:00] INFO: Writing conf to disk...
# [2024-04-26 22:10:00] INFO: writeconf_nersc: Writing NERSC configuration ./conf_s060t20_b0671320_a_U000477000
# [2024-04-26 22:10:03] INFO: Calculated checksum: b06a1c54
# [2024-04-26 22:10:11] INFO: Calculated checksum: 4e781c92
# [2024-04-26 22:10:11] INFO: Writing RNGSTATE file: ./rand_s060t20_b0671320_a_U000477000
# [2024-04-26 22:10:11] INFO: Writing to disk took 11.3046 seconds
# [2024-04-26 22:10:11] INFO: ======================================================================
# [2024-04-26 22:10:11] INFO: Start sweeping...
# [2024-04-26 22:16:55] INFO: It took 404.119 seconds to do 500 HBOR sweeps.
# [2024-04-26 22:16:55] INFO: Plaquette = 0.653483
# [2024-04-26 22:16:55] INFO: Polyakov loop = (0.00108614,0.000144149)
# [2024-04-26 22:16:55] INFO: Writing conf to disk...
# [2024-04-26 22:16:55] INFO: writeconf_nersc: Writing NERSC configuration ./conf_s060t20_b0671320_a_U000477500
# [2024-04-26 22:16:58] INFO: Calculated checksum: f75f1976
# [2024-04-26 22:17:07] INFO: Calculated checksum: 17d438ec
# [2024-04-26 22:17:07] INFO: Writing RNGSTATE file: ./rand_s060t20_b0671320_a_U000477500
# [2024-04-26 22:17:09] INFO: Writing to disk took 13.5725 seconds
# [2024-04-26 22:17:09] INFO: ======================================================================
# [2024-04-26 22:17:09] INFO: Start sweeping...
# [2024-04-26 22:23:53] INFO: It took 403.945 seconds to do 500 HBOR sweeps.
# [2024-04-26 22:23:53] INFO: Plaquette = 0.653471
# [2024-04-26 22:23:53] INFO: Polyakov loop = (0.00114232,0.000573249)
# [2024-04-26 22:23:53] INFO: Writing conf to disk...
# [2024-04-26 22:23:53] INFO: writeconf_nersc: Writing NERSC configuration ./conf_s060t20_b0671320_a_U000478000
# [2024-04-26 22:23:56] INFO: Calculated checksum: 68c1e72a
# [2024-04-26 22:24:04] INFO: Calculated checksum: d8098595
# [2024-04-26 22:24:04] INFO: Writing RNGSTATE file: ./rand_s060t20_b0671320_a_U000478000
# [2024-04-26 22:24:05] INFO: Writing to disk took 11.7605 seconds
# [2024-04-26 22:24:05] INFO: ======================================================================
# [2024-04-26 22:24:05] INFO: Start sweeping...
# [2024-04-26 22:30:48] INFO: It took 403.078 seconds to do 500 HBOR sweeps.
# [2024-04-26 22:30:48] INFO: Plaquette = 0.653478
# [2024-04-26 22:30:48] INFO: Polyakov loop = (-0.00092611,1.30484e-05)
# [2024-04-26 22:30:48] INFO: Writing conf to disk...
# [2024-04-26 22:30:48] INFO: writeconf_nersc: Writing NERSC configuration ./conf_s060t20_b0671320_a_U000478500
# [2024-04-26 22:30:51] INFO: Calculated checksum: eb8494d3
# [2024-04-26 22:31:00] INFO: Calculated checksum: edbb74e4
# [2024-04-26 22:31:00] INFO: Writing RNGSTATE file: ./rand_s060t20_b0671320_a_U000478500
# [2024-04-26 22:31:00] INFO: Writing to disk took 12.577 seconds
# [2024-04-26 22:31:00] INFO: ======================================================================
# [2024-04-26 22:31:00] INFO: Start sweeping...
# [2024-04-26 22:37:44] INFO: It took 403.083 seconds to do 500 HBOR sweeps.
# [2024-04-26 22:37:44] INFO: Plaquette = 0.653479
# [2024-04-26 22:37:44] INFO: Polyakov loop = (-0.000366165,4.64102e-05)
# [2024-04-26 22:37:44] INFO: Writing conf to disk...
# [2024-04-26 22:37:44] INFO: writeconf_nersc: Writing NERSC configuration ./conf_s060t20_b0671320_a_U000479000
# [2024-04-26 22:37:47] INFO: Calculated checksum: 4baa92bb
# [2024-04-26 22:37:55] INFO: Calculated checksum: dbcc12b3
# [2024-04-26 22:37:55] INFO: Writing RNGSTATE file: ./rand_s060t20_b0671320_a_U000479000
# [2024-04-26 22:37:55] INFO: Writing to disk took 11.2269 seconds
# [2024-04-26 22:37:55] INFO: ======================================================================
# [2024-04-26 22:37:55] INFO: Start sweeping...
# [2024-04-26 22:44:38] INFO: It took 403.187 seconds to do 500 HBOR sweeps.
# [2024-04-26 22:44:38] INFO: Plaquette = 0.653499
# [2024-04-26 22:44:38] INFO: Polyakov loop = (-0.000798956,-0.000537114)
# [2024-04-26 22:44:38] INFO: Writing conf to disk...
# [2024-04-26 22:44:38] INFO: writeconf_nersc: Writing NERSC configuration ./conf_s060t20_b0671320_a_U000479500
# [2024-04-26 22:44:41] INFO: Calculated checksum: dbc8d292
# [2024-04-26 22:44:49] INFO: Calculated checksum: 934eaeb0
# [2024-04-26 22:44:49] INFO: Writing RNGSTATE file: ./rand_s060t20_b0671320_a_U000479500
# [2024-04-26 22:44:49] INFO: Writing to disk took 11.2628 seconds
# [2024-04-26 22:44:49] INFO: ======================================================================
# [2024-04-26 22:44:49] INFO: Start sweeping...
# [2024-04-26 22:51:33] INFO: It took 403.199 seconds to do 500 HBOR sweeps.
# [2024-04-26 22:51:33] INFO: Plaquette = 0.653471
# [2024-04-26 22:51:33] INFO: Polyakov loop = (0.000570484,-0.000762457)
# [2024-04-26 22:51:33] INFO: Writing conf to disk...
# [2024-04-26 22:51:33] INFO: writeconf_nersc: Writing NERSC configuration ./conf_s060t20_b0671320_a_U000480000
# [2024-04-26 22:51:36] INFO: Calculated checksum: ff1249cd
# [2024-04-26 22:51:47] INFO: Calculated checksum: 5c67dea
# [2024-04-26 22:51:47] INFO: Writing RNGSTATE file: ./rand_s060t20_b0671320_a_U000480000
# [2024-04-26 22:51:47] INFO: Writing to disk took 14.309 seconds
# [2024-04-26 22:51:47] INFO: ======================================================================
# [2024-04-26 22:51:47] INFO: Start sweeping...
# [2024-04-26 22:58:30] INFO: It took 402.964 seconds to do 500 HBOR sweeps.
# [2024-04-26 22:58:30] INFO: Plaquette = 0.653556
# [2024-04-26 22:58:30] INFO: Polyakov loop = (-0.000278568,-0.000977113)
# [2024-04-26 22:58:30] INFO: Writing conf to disk...
# [2024-04-26 22:58:30] INFO: writeconf_nersc: Writing NERSC configuration ./conf_s060t20_b0671320_a_U000480500
# [2024-04-26 22:58:33] INFO: Calculated checksum: 5b77510e
# [2024-04-26 22:58:42] INFO: Calculated checksum: fb7ae242
# [2024-04-26 22:58:42] INFO: Writing RNGSTATE file: ./rand_s060t20_b0671320_a_U000480500
# [2024-04-26 22:58:42] INFO: Writing to disk took 12.0222 seconds
# [2024-04-26 22:58:42] INFO: ======================================================================
# [2024-04-26 22:58:42] INFO: Start sweeping...
# [2024-04-26 23:05:25] INFO: It took 403.056 seconds to do 500 HBOR sweeps.
# [2024-04-26 23:05:25] INFO: Plaquette = 0.653438
# [2024-04-26 23:05:25] INFO: Polyakov loop = (-0.00129523,-0.00198864)
# [2024-04-26 23:05:25] INFO: Writing conf to disk...
# [2024-04-26 23:05:25] INFO: writeconf_nersc: Writing NERSC configuration ./conf_s060t20_b0671320_a_U000481000
# [2024-04-26 23:05:28] INFO: Calculated checksum: ad44df8c
# [2024-04-26 23:05:36] INFO: Calculated checksum: 11527235
# [2024-04-26 23:05:36] INFO: Writing RNGSTATE file: ./rand_s060t20_b0671320_a_U000481000
# [2024-04-26 23:05:36] INFO: Writing to disk took 10.9413 seconds
# [2024-04-26 23:05:36] INFO: ======================================================================
# [2024-04-26 23:05:36] INFO: Start sweeping...
# [2024-04-26 23:12:19] INFO: It took 403.113 seconds to do 500 HBOR sweeps.
# [2024-04-26 23:12:19] INFO: Plaquette = 0.653506
# [2024-04-26 23:12:19] INFO: Polyakov loop = (0.000306973,-0.000563361)
# [2024-04-26 23:12:19] INFO: Writing conf to disk...
# [2024-04-26 23:12:19] INFO: writeconf_nersc: Writing NERSC configuration ./conf_s060t20_b0671320_a_U000481500
# [2024-04-26 23:12:22] INFO: Calculated checksum: 9fbdfcfe
# [2024-04-26 23:12:30] INFO: Calculated checksum: 2b12c6f6
# [2024-04-26 23:12:30] INFO: Writing RNGSTATE file: ./rand_s060t20_b0671320_a_U000481500
# [2024-04-26 23:12:30] INFO: Writing to disk took 11.0562 seconds
# [2024-04-26 23:12:30] INFO: ======================================================================
# [2024-04-26 23:12:30] INFO: Start sweeping...
# [2024-04-26 23:19:12] INFO: It took 401.538 seconds to do 500 HBOR sweeps.
# [2024-04-26 23:19:12] INFO: Plaquette = 0.653507
# [2024-04-26 23:19:12] INFO: Polyakov loop = (-0.000490087,-0.000687993)
# [2024-04-26 23:19:12] INFO: Writing conf to disk...
# [2024-04-26 23:19:12] INFO: writeconf_nersc: Writing NERSC configuration ./conf_s060t20_b0671320_a_U000482000
# [2024-04-26 23:19:15] INFO: Calculated checksum: da3ce0b7
# [2024-04-26 23:19:22] INFO: Calculated checksum: 8cb27eae
# [2024-04-26 23:19:22] INFO: Writing RNGSTATE file: ./rand_s060t20_b0671320_a_U000482000
# [2024-04-26 23:19:22] INFO: Writing to disk took 10.314 seconds
# [2024-04-26 23:19:22] INFO: ======================================================================
# [2024-04-26 23:19:22] INFO: Start sweeping...
# [2024-04-26 23:26:04] INFO: It took 401.398 seconds to do 500 HBOR sweeps.
# [2024-04-26 23:26:04] INFO: Plaquette = 0.653519
# [2024-04-26 23:26:04] INFO: Polyakov loop = (-0.000799737,3.08389e-05)
# [2024-04-26 23:26:04] INFO: Writing conf to disk...
# [2024-04-26 23:26:04] INFO: writeconf_nersc: Writing NERSC configuration ./conf_s060t20_b0671320_a_U000482500
# [2024-04-26 23:26:06] INFO: Calculated checksum: 26fdbf9b
# [2024-04-26 23:26:14] INFO: Calculated checksum: f813cec9
# [2024-04-26 23:26:14] INFO: Writing RNGSTATE file: ./rand_s060t20_b0671320_a_U000482500
# [2024-04-26 23:26:14] INFO: Writing to disk took 10.3704 seconds
# [2024-04-26 23:26:14] INFO: ======================================================================
# [2024-04-26 23:26:14] INFO: Start sweeping...
# [2024-04-26 23:32:56] INFO: It took 401.54 seconds to do 500 HBOR sweeps.
# [2024-04-26 23:32:56] INFO: Plaquette = 0.65357
# [2024-04-26 23:32:56] INFO: Polyakov loop = (-0.000608491,-0.000797271)
# [2024-04-26 23:32:56] INFO: Writing conf to disk...
# [2024-04-26 23:32:56] INFO: writeconf_nersc: Writing NERSC configuration ./conf_s060t20_b0671320_a_U000483000
# [2024-04-26 23:32:58] INFO: Calculated checksum: 39a4567b
# [2024-04-26 23:33:06] INFO: Calculated checksum: a3d5cf2b
# [2024-04-26 23:33:06] INFO: Writing RNGSTATE file: ./rand_s060t20_b0671320_a_U000483000
# [2024-04-26 23:33:06] INFO: Writing to disk took 10.7988 seconds
# [2024-04-26 23:33:06] INFO: ======================================================================
# [2024-04-26 23:33:06] INFO: Start sweeping...
# [2024-04-26 23:39:48] INFO: It took 401.361 seconds to do 500 HBOR sweeps.
# [2024-04-26 23:39:48] INFO: Plaquette = 0.653453
# [2024-04-26 23:39:48] INFO: Polyakov loop = (-0.00101174,-0.000786666)
# [2024-04-26 23:39:48] INFO: Writing conf to disk...
# [2024-04-26 23:39:48] INFO: writeconf_nersc: Writing NERSC configuration ./conf_s060t20_b0671320_a_U000483500
# [2024-04-26 23:39:51] INFO: Calculated checksum: 11e0cf9e
# [2024-04-26 23:40:00] INFO: Calculated checksum: b3d438e3
# [2024-04-26 23:40:00] INFO: Writing RNGSTATE file: ./rand_s060t20_b0671320_a_U000483500
# [2024-04-26 23:40:00] INFO: Writing to disk took 12.2615 seconds
# [2024-04-26 23:40:00] INFO: ======================================================================
# [2024-04-26 23:40:00] INFO: Start sweeping...
# [2024-04-26 23:46:41] INFO: It took 401.269 seconds to do 500 HBOR sweeps.
# [2024-04-26 23:46:41] INFO: Plaquette = 0.653566
# [2024-04-26 23:46:41] INFO: Polyakov loop = (-0.00118912,-0.00131458)
# [2024-04-26 23:46:41] INFO: Writing conf to disk...
# [2024-04-26 23:46:41] INFO: writeconf_nersc: Writing NERSC configuration ./conf_s060t20_b0671320_a_U000484000
# [2024-04-26 23:46:44] INFO: Calculated checksum: 1b1048f3
# [2024-04-26 23:46:52] INFO: Calculated checksum: 9d7fc77
# [2024-04-26 23:46:52] INFO: Writing RNGSTATE file: ./rand_s060t20_b0671320_a_U000484000
# [2024-04-26 23:46:52] INFO: Writing to disk took 10.4598 seconds
# [2024-04-26 23:46:52] INFO: ======================================================================
# [2024-04-26 23:46:52] INFO: Start sweeping...
# [2024-04-26 23:53:33] INFO: It took 401.384 seconds to do 500 HBOR sweeps.
# [2024-04-26 23:53:33] INFO: Plaquette = 0.653541
# [2024-04-26 23:53:33] INFO: Polyakov loop = (-0.000676796,-0.00127927)
# [2024-04-26 23:53:33] INFO: Writing conf to disk...
# [2024-04-26 23:53:33] INFO: writeconf_nersc: Writing NERSC configuration ./conf_s060t20_b0671320_a_U000484500
# [2024-04-26 23:53:36] INFO: Calculated checksum: a3c44f2
# [2024-04-26 23:53:45] INFO: Calculated checksum: 8a6234fb
# [2024-04-26 23:53:45] INFO: Writing RNGSTATE file: ./rand_s060t20_b0671320_a_U000484500
# [2024-04-26 23:53:45] INFO: Writing to disk took 11.9992 seconds
# [2024-04-26 23:53:45] INFO: ======================================================================
# [2024-04-26 23:53:45] INFO: Start sweeping...
# [2024-04-27 00:00:27] INFO: It took 401.347 seconds to do 500 HBOR sweeps.
# [2024-04-27 00:00:27] INFO: Plaquette = 0.653513
# [2024-04-27 00:00:27] INFO: Polyakov loop = (-0.00105659,-0.00112274)
# [2024-04-27 00:00:27] INFO: Writing conf to disk...
# [2024-04-27 00:00:27] INFO: writeconf_nersc: Writing NERSC configuration ./conf_s060t20_b0671320_a_U000485000
# [2024-04-27 00:00:30] INFO: Calculated checksum: aef13f7e
# [2024-04-27 00:00:37] INFO: Calculated checksum: 7c8f067b
# [2024-04-27 00:00:37] INFO: Writing RNGSTATE file: ./rand_s060t20_b0671320_a_U000485000
# [2024-04-27 00:00:37] INFO: Writing to disk took 10.82 seconds
# [2024-04-27 00:00:37] INFO: ======================================================================
# [2024-04-27 00:00:37] INFO: Start sweeping...
# [2024-04-27 00:07:19] INFO: It took 401.418 seconds to do 500 HBOR sweeps.
# [2024-04-27 00:07:19] INFO: Plaquette = 0.653522
# [2024-04-27 00:07:19] INFO: Polyakov loop = (-0.000874608,-0.00122475)
# [2024-04-27 00:07:19] INFO: Writing conf to disk...
# [2024-04-27 00:07:19] INFO: writeconf_nersc: Writing NERSC configuration ./conf_s060t20_b0671320_a_U000485500
# [2024-04-27 00:07:22] INFO: Calculated checksum: 237c7094
# [2024-04-27 00:07:30] INFO: Calculated checksum: d7ec50c2
# [2024-04-27 00:07:30] INFO: Writing RNGSTATE file: ./rand_s060t20_b0671320_a_U000485500
# [2024-04-27 00:07:31] INFO: Writing to disk took 11.5577 seconds
# [2024-04-27 00:07:31] INFO: ======================================================================
# [2024-04-27 00:07:31] INFO: Start sweeping...
# [2024-04-27 00:14:12] INFO: It took 401.479 seconds to do 500 HBOR sweeps.
# [2024-04-27 00:14:12] INFO: Plaquette = 0.653433
# [2024-04-27 00:14:12] INFO: Polyakov loop = (-0.001381,-0.00123599)
# [2024-04-27 00:14:12] INFO: Writing conf to disk...
# [2024-04-27 00:14:12] INFO: writeconf_nersc: Writing NERSC configuration ./conf_s060t20_b0671320_a_U000486000
# [2024-04-27 00:14:15] INFO: Calculated checksum: d39c9144
# [2024-04-27 00:14:23] INFO: Calculated checksum: e333d6e
# [2024-04-27 00:14:23] INFO: Writing RNGSTATE file: ./rand_s060t20_b0671320_a_U000486000
# [2024-04-27 00:14:23] INFO: Writing to disk took 11.1437 seconds
# [2024-04-27 00:14:23] INFO: ======================================================================
# [2024-04-27 00:14:23] INFO: Start sweeping...
# [2024-04-27 00:21:05] INFO: It took 401.425 seconds to do 500 HBOR sweeps.
# [2024-04-27 00:21:05] INFO: Plaquette = 0.653493
# [2024-04-27 00:21:05] INFO: Polyakov loop = (-0.00134156,-0.00186244)
# [2024-04-27 00:21:05] INFO: Writing conf to disk...
# [2024-04-27 00:21:05] INFO: writeconf_nersc: Writing NERSC configuration ./conf_s060t20_b0671320_a_U000486500
# [2024-04-27 00:21:08] INFO: Calculated checksum: e9c749c6
# [2024-04-27 00:21:16] INFO: Calculated checksum: 1c90a666
# [2024-04-27 00:21:16] INFO: Writing RNGSTATE file: ./rand_s060t20_b0671320_a_U000486500
# [2024-04-27 00:21:17] INFO: Writing to disk took 11.8688 seconds
# [2024-04-27 00:21:17] INFO: ======================================================================
# [2024-04-27 00:21:17] INFO: Start sweeping...
# [2024-04-27 00:27:58] INFO: It took 401.313 seconds to do 500 HBOR sweeps.
# [2024-04-27 00:27:58] INFO: Plaquette = 0.65352
# [2024-04-27 00:27:58] INFO: Polyakov loop = (-0.000147472,-0.000263354)
# [2024-04-27 00:27:58] INFO: Writing conf to disk...
# [2024-04-27 00:27:58] INFO: writeconf_nersc: Writing NERSC configuration ./conf_s060t20_b0671320_a_U000487000
# [2024-04-27 00:28:01] INFO: Calculated checksum: 7b6b8f7b
# [2024-04-27 00:28:09] INFO: Calculated checksum: b79b07e3
# [2024-04-27 00:28:09] INFO: Writing RNGSTATE file: ./rand_s060t20_b0671320_a_U000487000
# [2024-04-27 00:28:10] INFO: Writing to disk took 11.6639 seconds
# [2024-04-27 00:28:10] INFO: ======================================================================
# [2024-04-27 00:28:10] INFO: Start sweeping...
# [2024-04-27 00:34:53] INFO: It took 403.41 seconds to do 500 HBOR sweeps.
# [2024-04-27 00:34:53] INFO: Plaquette = 0.653446
# [2024-04-27 00:34:53] INFO: Polyakov loop = (-0.000932374,-0.000593713)
# [2024-04-27 00:34:53] INFO: Writing conf to disk...
# [2024-04-27 00:34:53] INFO: writeconf_nersc: Writing NERSC configuration ./conf_s060t20_b0671320_a_U000487500
# [2024-04-27 00:34:56] INFO: Calculated checksum: 7541d4
# [2024-04-27 00:35:04] INFO: Calculated checksum: 741cbba
# [2024-04-27 00:35:04] INFO: Writing RNGSTATE file: ./rand_s060t20_b0671320_a_U000487500
# [2024-04-27 00:35:05] INFO: Writing to disk took 11.4918 seconds
# [2024-04-27 00:35:05] INFO: ======================================================================
# [2024-04-27 00:35:05] INFO: Start sweeping...
# [2024-04-27 00:41:46] INFO: It took 401.306 seconds to do 500 HBOR sweeps.
# [2024-04-27 00:41:46] INFO: Plaquette = 0.653464
# [2024-04-27 00:41:46] INFO: Polyakov loop = (-0.000645017,-0.00194174)
# [2024-04-27 00:41:46] INFO: Writing conf to disk...
# [2024-04-27 00:41:46] INFO: writeconf_nersc: Writing NERSC configuration ./conf_s060t20_b0671320_a_U000488000
# [2024-04-27 00:41:49] INFO: Calculated checksum: 2f72e4a2
# [2024-04-27 00:41:58] INFO: Calculated checksum: 32a045a5
# [2024-04-27 00:41:58] INFO: Writing RNGSTATE file: ./rand_s060t20_b0671320_a_U000488000
# [2024-04-27 00:41:58] INFO: Writing to disk took 12.2253 seconds
# [2024-04-27 00:41:58] INFO: ======================================================================
# [2024-04-27 00:41:58] INFO: Start sweeping...
# [2024-04-27 00:48:39] INFO: It took 401.294 seconds to do 500 HBOR sweeps.
# [2024-04-27 00:48:39] INFO: Plaquette = 0.65344
# [2024-04-27 00:48:39] INFO: Polyakov loop = (-0.00123732,-0.00127235)
# [2024-04-27 00:48:39] INFO: Writing conf to disk...
# [2024-04-27 00:48:39] INFO: writeconf_nersc: Writing NERSC configuration ./conf_s060t20_b0671320_a_U000488500
# [2024-04-27 00:48:42] INFO: Calculated checksum: 8622a089
# [2024-04-27 00:48:53] INFO: Calculated checksum: 9f90f99d
# [2024-04-27 00:48:53] INFO: Writing RNGSTATE file: ./rand_s060t20_b0671320_a_U000488500
# [2024-04-27 00:48:53] INFO: Writing to disk took 13.4428 seconds
# [2024-04-27 00:48:53] INFO: ======================================================================
# [2024-04-27 00:48:53] INFO: Start sweeping...
# [2024-04-27 00:55:34] INFO: It took 401.3 seconds to do 500 HBOR sweeps.
# [2024-04-27 00:55:34] INFO: Plaquette = 0.653405
# [2024-04-27 00:55:34] INFO: Polyakov loop = (-0.000679232,-0.000288616)
# [2024-04-27 00:55:34] INFO: Writing conf to disk...
# [2024-04-27 00:55:34] INFO: writeconf_nersc: Writing NERSC configuration ./conf_s060t20_b0671320_a_U000489000
# [2024-04-27 00:55:37] INFO: Calculated checksum: 66b67be1
# [2024-04-27 00:55:45] INFO: Calculated checksum: a0503558
# [2024-04-27 00:55:45] INFO: Writing RNGSTATE file: ./rand_s060t20_b0671320_a_U000489000
# [2024-04-27 00:55:45] INFO: Writing to disk took 11.0535 seconds
# [2024-04-27 00:55:45] INFO: ======================================================================
# [2024-04-27 00:55:45] INFO: Start sweeping...
# [2024-04-27 01:02:27] INFO: It took 401.335 seconds to do 500 HBOR sweeps.
# [2024-04-27 01:02:27] INFO: Plaquette = 0.653417
# [2024-04-27 01:02:27] INFO: Polyakov loop = (-0.00106689,-0.00176303)
# [2024-04-27 01:02:27] INFO: Writing conf to disk...
# [2024-04-27 01:02:27] INFO: writeconf_nersc: Writing NERSC configuration ./conf_s060t20_b0671320_a_U000489500
# [2024-04-27 01:02:30] INFO: Calculated checksum: c777cdbe
# [2024-04-27 01:02:38] INFO: Calculated checksum: 772a6343
# [2024-04-27 01:02:38] INFO: Writing RNGSTATE file: ./rand_s060t20_b0671320_a_U000489500
# [2024-04-27 01:02:38] INFO: Writing to disk took 11.7152 seconds
# [2024-04-27 01:02:38] INFO: ======================================================================
# [2024-04-27 01:02:38] INFO: Start sweeping...
# [2024-04-27 01:09:20] INFO: It took 401.282 seconds to do 500 HBOR sweeps.
# [2024-04-27 01:09:20] INFO: Plaquette = 0.653499
# [2024-04-27 01:09:20] INFO: Polyakov loop = (-0.000821452,-0.000691801)
# [2024-04-27 01:09:20] INFO: Writing conf to disk...
# [2024-04-27 01:09:20] INFO: writeconf_nersc: Writing NERSC configuration ./conf_s060t20_b0671320_a_U000490000
# [2024-04-27 01:09:23] INFO: Calculated checksum: 1893b87a
# [2024-04-27 01:09:33] INFO: Calculated checksum: 162e4881
# [2024-04-27 01:09:33] INFO: Writing RNGSTATE file: ./rand_s060t20_b0671320_a_U000490000
# [2024-04-27 01:09:34] INFO: Writing to disk took 14.0409 seconds
# [2024-04-27 01:09:34] INFO: ======================================================================
# [2024-04-27 01:09:34] INFO: Start sweeping...
# [2024-04-27 01:16:15] INFO: It took 401.27 seconds to do 500 HBOR sweeps.
# [2024-04-27 01:16:15] INFO: Plaquette = 0.653428
# [2024-04-27 01:16:15] INFO: Polyakov loop = (-0.00128687,-0.00100014)
# [2024-04-27 01:16:15] INFO: Writing conf to disk...
# [2024-04-27 01:16:15] INFO: writeconf_nersc: Writing NERSC configuration ./conf_s060t20_b0671320_a_U000490500
# [2024-04-27 01:16:20] INFO: Calculated checksum: f1ea9ea8
# [2024-04-27 01:16:28] INFO: Calculated checksum: a93324e2
# [2024-04-27 01:16:28] INFO: Writing RNGSTATE file: ./rand_s060t20_b0671320_a_U000490500
# [2024-04-27 01:16:28] INFO: Writing to disk took 12.79 seconds
# [2024-04-27 01:16:28] INFO: ======================================================================
# [2024-04-27 01:16:28] INFO: Start sweeping...
# [2024-04-27 01:23:09] INFO: It took 401.286 seconds to do 500 HBOR sweeps.
# [2024-04-27 01:23:10] INFO: Plaquette = 0.653516
# [2024-04-27 01:23:10] INFO: Polyakov loop = (-0.00101809,-0.00166519)
# [2024-04-27 01:23:10] INFO: Writing conf to disk...
# [2024-04-27 01:23:10] INFO: writeconf_nersc: Writing NERSC configuration ./conf_s060t20_b0671320_a_U000491000
# [2024-04-27 01:23:13] INFO: Calculated checksum: f64ab01
# [2024-04-27 01:23:21] INFO: Calculated checksum: f30ee1d8
# [2024-04-27 01:23:21] INFO: Writing RNGSTATE file: ./rand_s060t20_b0671320_a_U000491000
# [2024-04-27 01:23:21] INFO: Writing to disk took 11.6311 seconds
# [2024-04-27 01:23:21] INFO: ======================================================================
# [2024-04-27 01:23:21] INFO: Start sweeping...
# [2024-04-27 01:30:02] INFO: It took 401.28 seconds to do 500 HBOR sweeps.
# [2024-04-27 01:30:03] INFO: Plaquette = 0.653489
# [2024-04-27 01:30:03] INFO: Polyakov loop = (-0.00101287,-0.00175493)
# [2024-04-27 01:30:03] INFO: Writing conf to disk...
# [2024-04-27 01:30:03] INFO: writeconf_nersc: Writing NERSC configuration ./conf_s060t20_b0671320_a_U000491500
# [2024-04-27 01:30:07] INFO: Calculated checksum: 61e53120
# [2024-04-27 01:30:24] INFO: Calculated checksum: 428739db
# [2024-04-27 01:30:24] INFO: Writing RNGSTATE file: ./rand_s060t20_b0671320_a_U000491500
# [2024-04-27 01:30:25] INFO: Writing to disk took 21.7048 seconds
# [2024-04-27 01:30:25] INFO: ======================================================================
# [2024-04-27 01:30:25] INFO: Start sweeping...
# [2024-04-27 01:37:06] INFO: It took 401.264 seconds to do 500 HBOR sweeps.
# [2024-04-27 01:37:06] INFO: Plaquette = 0.653527
# [2024-04-27 01:37:06] INFO: Polyakov loop = (-0.000920195,-0.00121095)
# [2024-04-27 01:37:06] INFO: Writing conf to disk...
# [2024-04-27 01:37:06] INFO: writeconf_nersc: Writing NERSC configuration ./conf_s060t20_b0671320_a_U000492000
# [2024-04-27 01:37:10] INFO: Calculated checksum: 48f9ea7b
# [2024-04-27 01:37:17] INFO: Calculated checksum: c04ccfc3
# [2024-04-27 01:37:17] INFO: Writing RNGSTATE file: ./rand_s060t20_b0671320_a_U000492000
# [2024-04-27 01:37:18] INFO: Writing to disk took 11.3323 seconds
# [2024-04-27 01:37:18] INFO: ======================================================================
# [2024-04-27 01:37:18] INFO: Start sweeping...
# [2024-04-27 01:43:59] INFO: It took 401.438 seconds to do 500 HBOR sweeps.
# [2024-04-27 01:43:59] INFO: Plaquette = 0.653497
# [2024-04-27 01:43:59] INFO: Polyakov loop = (-0.00126295,-0.00199391)
# [2024-04-27 01:43:59] INFO: Writing conf to disk...
# [2024-04-27 01:43:59] INFO: writeconf_nersc: Writing NERSC configuration ./conf_s060t20_b0671320_a_U000492500
# [2024-04-27 01:44:03] INFO: Calculated checksum: 83d05141
# [2024-04-27 01:44:12] INFO: Calculated checksum: ec907cd1
# [2024-04-27 01:44:12] INFO: Writing RNGSTATE file: ./rand_s060t20_b0671320_a_U000492500
# [2024-04-27 01:44:12] INFO: Writing to disk took 13.1164 seconds
# [2024-04-27 01:44:12] INFO: ======================================================================
# [2024-04-27 01:44:12] INFO: Start sweeping...
# [2024-04-27 01:50:55] INFO: It took 402.882 seconds to do 500 HBOR sweeps.
# [2024-04-27 01:50:55] INFO: Plaquette = 0.653488
# [2024-04-27 01:50:55] INFO: Polyakov loop = (0.000431247,-0.000847698)
# [2024-04-27 01:50:55] INFO: Writing conf to disk...
# [2024-04-27 01:50:55] INFO: writeconf_nersc: Writing NERSC configuration ./conf_s060t20_b0671320_a_U000493000
# [2024-04-27 01:50:58] INFO: Calculated checksum: ebba28c0
# [2024-04-27 01:51:07] INFO: Calculated checksum: 538b025b
# [2024-04-27 01:51:07] INFO: Writing RNGSTATE file: ./rand_s060t20_b0671320_a_U000493000
# [2024-04-27 01:51:07] INFO: Writing to disk took 12.1037 seconds
# [2024-04-27 01:51:07] INFO: ======================================================================
# [2024-04-27 01:51:07] INFO: Start sweeping...
# [2024-04-27 01:57:48] INFO: It took 401.285 seconds to do 500 HBOR sweeps.
# [2024-04-27 01:57:49] INFO: Plaquette = 0.653552
# [2024-04-27 01:57:49] INFO: Polyakov loop = (-0.00117402,-0.00221151)
# [2024-04-27 01:57:49] INFO: Writing conf to disk...
# [2024-04-27 01:57:49] INFO: writeconf_nersc: Writing NERSC configuration ./conf_s060t20_b0671320_a_U000493500
# [2024-04-27 01:57:52] INFO: Calculated checksum: 302b4079
# [2024-04-27 01:58:01] INFO: Calculated checksum: 9863a298
# [2024-04-27 01:58:01] INFO: Writing RNGSTATE file: ./rand_s060t20_b0671320_a_U000493500
# [2024-04-27 01:58:02] INFO: Writing to disk took 13.1013 seconds
# [2024-04-27 01:58:02] INFO: ======================================================================
# [2024-04-27 01:58:02] INFO: Start sweeping...
# [2024-04-27 02:04:43] INFO: It took 401.28 seconds to do 500 HBOR sweeps.
# [2024-04-27 02:04:43] INFO: Plaquette = 0.653477
# [2024-04-27 02:04:43] INFO: Polyakov loop = (-0.000873675,-0.00183785)
# [2024-04-27 02:04:43] INFO: Writing conf to disk...
# [2024-04-27 02:04:43] INFO: writeconf_nersc: Writing NERSC configuration ./conf_s060t20_b0671320_a_U000494000
# [2024-04-27 02:04:46] INFO: Calculated checksum: 14a9c833
# [2024-04-27 02:04:55] INFO: Calculated checksum: cfc881cd
# [2024-04-27 02:04:55] INFO: Writing RNGSTATE file: ./rand_s060t20_b0671320_a_U000494000
# [2024-04-27 02:04:56] INFO: Writing to disk took 12.8902 seconds
# [2024-04-27 02:04:56] INFO: ======================================================================
# [2024-04-27 02:04:56] INFO: Start sweeping...
# [2024-04-27 02:11:37] INFO: It took 401.296 seconds to do 500 HBOR sweeps.
# [2024-04-27 02:11:37] INFO: Plaquette = 0.653505
# [2024-04-27 02:11:37] INFO: Polyakov loop = (4.65489e-05,-0.0024322)
# [2024-04-27 02:11:37] INFO: Writing conf to disk...
# [2024-04-27 02:11:37] INFO: writeconf_nersc: Writing NERSC configuration ./conf_s060t20_b0671320_a_U000494500
# [2024-04-27 02:11:40] INFO: Calculated checksum: 6cc3c8da
# [2024-04-27 02:11:51] INFO: Calculated checksum: 67795113
# [2024-04-27 02:11:51] INFO: Writing RNGSTATE file: ./rand_s060t20_b0671320_a_U000494500
# [2024-04-27 02:11:51] INFO: Writing to disk took 13.7804 seconds
# [2024-04-27 02:11:51] INFO: ======================================================================
# [2024-04-27 02:11:51] INFO: Start sweeping...
# [2024-04-27 02:18:32] INFO: It took 401.255 seconds to do 500 HBOR sweeps.
# [2024-04-27 02:18:32] INFO: Plaquette = 0.653588
# [2024-04-27 02:18:32] INFO: Polyakov loop = (-0.00112025,-5.81881e-05)
# [2024-04-27 02:18:32] INFO: Writing conf to disk...
# [2024-04-27 02:18:32] INFO: writeconf_nersc: Writing NERSC configuration ./conf_s060t20_b0671320_a_U000495000
# [2024-04-27 02:18:35] INFO: Calculated checksum: dcbde5a2
# [2024-04-27 02:18:44] INFO: Calculated checksum: cb197091
# [2024-04-27 02:18:44] INFO: Writing RNGSTATE file: ./rand_s060t20_b0671320_a_U000495000
# [2024-04-27 02:18:45] INFO: Writing to disk took 12.2632 seconds
# [2024-04-27 02:18:45] INFO: ======================================================================
# [2024-04-27 02:18:45] INFO: Start sweeping...
# [2024-04-27 02:25:26] INFO: It took 401.298 seconds to do 500 HBOR sweeps.
# [2024-04-27 02:25:27] INFO: Plaquette = 0.653547
# [2024-04-27 02:25:27] INFO: Polyakov loop = (-0.0012801,-0.00161312)
# [2024-04-27 02:25:27] INFO: Writing conf to disk...
# [2024-04-27 02:25:27] INFO: writeconf_nersc: Writing NERSC configuration ./conf_s060t20_b0671320_a_U000495500
# [2024-04-27 02:25:33] INFO: Calculated checksum: daf739ab
# [2024-04-27 02:25:50] INFO: Calculated checksum: 8acf9fec
# [2024-04-27 02:25:50] INFO: Writing RNGSTATE file: ./rand_s060t20_b0671320_a_U000495500
# [2024-04-27 02:25:50] INFO: Writing to disk took 23.0583 seconds
# [2024-04-27 02:25:50] INFO: ======================================================================
# [2024-04-27 02:25:50] INFO: Start sweeping...
# [2024-04-27 02:32:31] INFO: It took 401.069 seconds to do 500 HBOR sweeps.
# [2024-04-27 02:32:32] INFO: Plaquette = 0.653489
# [2024-04-27 02:32:32] INFO: Polyakov loop = (-0.0011304,-0.0021127)
# [2024-04-27 02:32:32] INFO: Writing conf to disk...
# [2024-04-27 02:32:32] INFO: writeconf_nersc: Writing NERSC configuration ./conf_s060t20_b0671320_a_U000496000
# [2024-04-27 02:32:38] INFO: Calculated checksum: 7413cf7c
# [2024-04-27 02:32:51] INFO: Calculated checksum: 77b5dccd
# [2024-04-27 02:32:51] INFO: Writing RNGSTATE file: ./rand_s060t20_b0671320_a_U000496000
# [2024-04-27 02:32:51] INFO: Writing to disk took 19.7946 seconds
# [2024-04-27 02:32:51] INFO: ======================================================================
# [2024-04-27 02:32:51] INFO: Start sweeping...
# [2024-04-27 02:39:33] INFO: It took 401.16 seconds to do 500 HBOR sweeps.
# [2024-04-27 02:39:33] INFO: Plaquette = 0.653557
# [2024-04-27 02:39:33] INFO: Polyakov loop = (-0.00148818,-0.00077513)
# [2024-04-27 02:39:33] INFO: Writing conf to disk...
# [2024-04-27 02:39:33] INFO: writeconf_nersc: Writing NERSC configuration ./conf_s060t20_b0671320_a_U000496500
# [2024-04-27 02:39:36] INFO: Calculated checksum: e5da433c
# [2024-04-27 02:39:47] INFO: Calculated checksum: f1d670e1
# [2024-04-27 02:39:47] INFO: Writing RNGSTATE file: ./rand_s060t20_b0671320_a_U000496500
# [2024-04-27 02:39:47] INFO: Writing to disk took 14.5803 seconds
# [2024-04-27 02:39:47] INFO: ======================================================================
# [2024-04-27 02:39:47] INFO: Start sweeping...
# [2024-04-27 02:46:28] INFO: It took 401.236 seconds to do 500 HBOR sweeps.
# [2024-04-27 02:46:28] INFO: Plaquette = 0.653507
# [2024-04-27 02:46:28] INFO: Polyakov loop = (9.31924e-05,-0.00110997)
# [2024-04-27 02:46:28] INFO: Writing conf to disk...
# [2024-04-27 02:46:28] INFO: writeconf_nersc: Writing NERSC configuration ./conf_s060t20_b0671320_a_U000497000
# [2024-04-27 02:46:31] INFO: Calculated checksum: 197a54c8
# [2024-04-27 02:46:42] INFO: Calculated checksum: 6a7c9c60
# [2024-04-27 02:46:42] INFO: Writing RNGSTATE file: ./rand_s060t20_b0671320_a_U000497000
# [2024-04-27 02:46:43] INFO: Writing to disk took 14.2897 seconds
# [2024-04-27 02:46:43] INFO: ======================================================================
# [2024-04-27 02:46:43] INFO: Start sweeping...
# [2024-04-27 02:53:24] INFO: It took 401.267 seconds to do 500 HBOR sweeps.
# [2024-04-27 02:53:24] INFO: Plaquette = 0.653546
# [2024-04-27 02:53:24] INFO: Polyakov loop = (-0.000999522,-0.00132072)
# [2024-04-27 02:53:24] INFO: Writing conf to disk...
# [2024-04-27 02:53:24] INFO: writeconf_nersc: Writing NERSC configuration ./conf_s060t20_b0671320_a_U000497500
# [2024-04-27 02:53:27] INFO: Calculated checksum: bc8681c8
# [2024-04-27 02:53:38] INFO: Calculated checksum: dac1aa6f
# [2024-04-27 02:53:38] INFO: Writing RNGSTATE file: ./rand_s060t20_b0671320_a_U000497500
# [2024-04-27 02:53:38] INFO: Writing to disk took 13.9434 seconds
# [2024-04-27 02:53:38] INFO: ======================================================================
# [2024-04-27 02:53:38] INFO: Start sweeping...
# [2024-04-27 03:00:19] INFO: It took 401.296 seconds to do 500 HBOR sweeps.
# [2024-04-27 03:00:20] INFO: Plaquette = 0.653547
# [2024-04-27 03:00:20] INFO: Polyakov loop = (-0.000839615,-0.00110515)
# [2024-04-27 03:00:20] INFO: Writing conf to disk...
# [2024-04-27 03:00:20] INFO: writeconf_nersc: Writing NERSC configuration ./conf_s060t20_b0671320_a_U000498000
# [2024-04-27 03:00:22] INFO: Calculated checksum: ff5a73af
# [2024-04-27 03:00:36] INFO: Calculated checksum: 5c7a0613
# [2024-04-27 03:00:36] INFO: Writing RNGSTATE file: ./rand_s060t20_b0671320_a_U000498000
# [2024-04-27 03:00:36] INFO: Writing to disk took 16.5916 seconds
# [2024-04-27 03:00:36] INFO: ======================================================================
# [2024-04-27 03:00:36] INFO: Start sweeping...
# [2024-04-27 03:07:19] INFO: It took 402.806 seconds to do 500 HBOR sweeps.
# [2024-04-27 03:07:19] INFO: Plaquette = 0.653601
# [2024-04-27 03:07:19] INFO: Polyakov loop = (-0.000365943,0.000168068)
# [2024-04-27 03:07:19] INFO: Writing conf to disk...
# [2024-04-27 03:07:19] INFO: writeconf_nersc: Writing NERSC configuration ./conf_s060t20_b0671320_a_U000498500
# [2024-04-27 03:07:22] INFO: Calculated checksum: 4d15df7b
# [2024-04-27 03:07:37] INFO: Calculated checksum: bf39ea7a
# [2024-04-27 03:07:37] INFO: Writing RNGSTATE file: ./rand_s060t20_b0671320_a_U000498500
# [2024-04-27 03:07:37] INFO: Writing to disk took 18.2933 seconds
# [2024-04-27 03:07:37] INFO: ======================================================================
# [2024-04-27 03:07:37] INFO: Start sweeping...
# [2024-04-27 03:14:21] INFO: It took 403.496 seconds to do 500 HBOR sweeps.
# [2024-04-27 03:14:21] INFO: Plaquette = 0.653509
# [2024-04-27 03:14:21] INFO: Polyakov loop = (-0.00132544,-0.000834476)
# [2024-04-27 03:14:21] INFO: Writing conf to disk...
# [2024-04-27 03:14:21] INFO: writeconf_nersc: Writing NERSC configuration ./conf_s060t20_b0671320_a_U000499000
# [2024-04-27 03:14:24] INFO: Calculated checksum: ba9a5f3
# [2024-04-27 03:14:34] INFO: Calculated checksum: 151b1acd
# [2024-04-27 03:14:34] INFO: Writing RNGSTATE file: ./rand_s060t20_b0671320_a_U000499000
# [2024-04-27 03:14:34] INFO: Writing to disk took 13.3004 seconds
# [2024-04-27 03:14:34] INFO: ======================================================================
# [2024-04-27 03:14:34] INFO: Start sweeping...
# [2024-04-27 03:21:18] INFO: It took 403.906 seconds to do 500 HBOR sweeps.
# [2024-04-27 03:21:18] INFO: Plaquette = 0.653539
# [2024-04-27 03:21:18] INFO: Polyakov loop = (-0.0006677,-0.00142539)
# [2024-04-27 03:21:18] INFO: Writing conf to disk...
# [2024-04-27 03:21:18] INFO: writeconf_nersc: Writing NERSC configuration ./conf_s060t20_b0671320_a_U000499500
# [2024-04-27 03:21:21] INFO: Calculated checksum: c39ade8a
# [2024-04-27 03:21:31] INFO: Calculated checksum: e833d4a3
# [2024-04-27 03:21:31] INFO: Writing RNGSTATE file: ./rand_s060t20_b0671320_a_U000499500
# [2024-04-27 03:21:31] INFO: Writing to disk took 12.7099 seconds
# [2024-04-27 03:21:31] INFO: ======================================================================
# [2024-04-27 03:21:31] INFO: Start sweeping...
# [2024-04-27 03:28:15] INFO: It took 403.742 seconds to do 500 HBOR sweeps.
# [2024-04-27 03:28:15] INFO: Plaquette = 0.653469
# [2024-04-27 03:28:15] INFO: Polyakov loop = (-0.000643056,-0.000520744)
# [2024-04-27 03:28:15] INFO: Writing conf to disk...
# [2024-04-27 03:28:15] INFO: writeconf_nersc: Writing NERSC configuration ./conf_s060t20_b0671320_a_U000500000
# [2024-04-27 03:28:18] INFO: Calculated checksum: 2908948f
# [2024-04-27 03:28:25] INFO: Calculated checksum: 8b15beda
# [2024-04-27 03:28:25] INFO: Writing RNGSTATE file: ./rand_s060t20_b0671320_a_U000500000
# [2024-04-27 03:28:25] INFO: Writing to disk took 10.4541 seconds
# [2024-04-27 03:28:25] INFO: Finalizing MPI
