
Currently Loaded Modules:
  1) chpc/1.0      (S)   3) gcc/8.5.0      5) mpich/3.4.2
  2) python/3.10.3       4) cmake/3.26.0   6) cuda/11.6.2 (g)

  Where:
   S:  Module is Sticky, requires --force to unload or purge
   g:  built for GPU

 

# [2024-05-08 02:02:07] INFO: Running SIMULATeQCD
# [2024-05-08 02:02:07] INFO: Git commit version: 43e2518
# [2024-05-08 02:02:07] INFO: Initializing MPI with (1 proc)
# [2024-05-08 02:02:07] INFO: Reading parameters from file :: GenerateQuenched_b67132.param
# [2024-05-08 02:02:07] INFO: # PARAM :: Lattice = 60 60 60 20 
# [2024-05-08 02:02:07] INFO: # PARAM :: Nodes = 1 1 1 1 
# [2024-05-08 02:02:07] INFO: # PARAM :: Topology = 0 0 0 0  (default)
# [2024-05-08 02:02:07] INFO: # PARAM :: beta = 6.7132
# [2024-05-08 02:02:07] INFO: # PARAM :: format = nersc
# [2024-05-08 02:02:07] INFO: # PARAM :: endianness = auto
# [2024-05-08 02:02:07] INFO: # PARAM :: conf_nr = 500000
# [2024-05-08 02:02:07] INFO: # PARAM :: stream = a
# [2024-05-08 02:02:07] INFO: # PARAM :: prec_out = 0 (default)
# [2024-05-08 02:02:07] INFO: # PARAM :: measurements_dir = ./ (default)
# [2024-05-08 02:02:07] INFO: # PARAM :: use_unit_conf = 0 (default)
# [2024-05-08 02:02:07] INFO: # PARAM :: output_dir = .
# [2024-05-08 02:02:07] INFO: # PARAM :: nconfs = 100
# [2024-05-08 02:02:07] INFO: # PARAM :: nsweeps_ORperHB = 4
# [2024-05-08 02:02:07] INFO: # PARAM :: nsweeps_HBwithOR = 500
# [2024-05-08 02:02:07] INFO: # PARAM :: prev_conf = conf_s060t20_b0671320_a_U000500000
# [2024-05-08 02:02:07] INFO: # PARAM :: prev_rand = rand_s060t20_b0671320_a_U000500000
# [2024-05-08 02:02:07] INFO: > Running on:
# [2024-05-08 02:02:07] INFO: [Rank 0] > notch271 CPU_41 GPU_1C; MPI: world_rank=0, node_rank=0, coord: ( 0 0 0 0 )
# [2024-05-08 02:02:07] INFO: > Is MPI CUDA-aware? @compilation 
# [2024-05-08 02:02:07] INFO: > GPU compute capability: 75
# [2024-05-08 02:02:07] INFO: > Checking support for P2P (Peer-to-Peer) and UVA (Unified Virtual Addressing):
# [2024-05-08 02:02:07] INFO: [Rank 0] > notch271 GPU_1C(NVIDIA GeForce RTX 2080 Ti): P2P NO ; UVA YES
# [2024-05-08 02:02:07] INFO: Initialize Indexer with HaloDepth = 1[0;33m[0m
# [2024-05-08 02:02:08] INFO: Resuming previous run.
# [2024-05-08 02:02:08] INFO: readconf_nersc: Reading NERSC configuration conf_s060t20_b0671320_a_U000500000
# [2024-05-08 02:02:19] INFO: Next conf_number will be 500500
# [2024-05-08 02:02:19] INFO: Generating up to 100 confs with a separation of 500 HBOR sweeps (OR/HB = 4) ...
# [2024-05-08 02:02:19] INFO: ======================================================================
# [2024-05-08 02:02:19] INFO: Start sweeping...
# [2024-05-08 02:08:58] INFO: It took 399.237 seconds to do 500 HBOR sweeps.
# [2024-05-08 02:08:58] INFO: Plaquette = 0.653541
# [2024-05-08 02:08:58] INFO: Polyakov loop = (-0.000839756,-0.000116553)
# [2024-05-08 02:08:58] INFO: Writing conf to disk...
# [2024-05-08 02:08:58] INFO: writeconf_nersc: Writing NERSC configuration ./conf_s060t20_b0671320_a_U000500500
# [2024-05-08 02:09:01] INFO: Calculated checksum: 80476ca7
# [2024-05-08 02:09:06] INFO: Calculated checksum: b39e1afb
# [2024-05-08 02:09:06] INFO: Writing RNGSTATE file: ./rand_s060t20_b0671320_a_U000500500
# [2024-05-08 02:09:06] INFO: Writing to disk took 8.3552 seconds
# [2024-05-08 02:09:06] INFO: ======================================================================
# [2024-05-08 02:09:06] INFO: Start sweeping...
# [2024-05-08 02:15:47] INFO: It took 401.052 seconds to do 500 HBOR sweeps.
# [2024-05-08 02:15:48] INFO: Plaquette = 0.653528
# [2024-05-08 02:15:48] INFO: Polyakov loop = (-0.000691092,-0.000613934)
# [2024-05-08 02:15:48] INFO: Writing conf to disk...
# [2024-05-08 02:15:48] INFO: writeconf_nersc: Writing NERSC configuration ./conf_s060t20_b0671320_a_U000501000
# [2024-05-08 02:15:50] INFO: Calculated checksum: f30e5ffa
# [2024-05-08 02:15:55] INFO: Calculated checksum: 5b2b8489
# [2024-05-08 02:15:55] INFO: Writing RNGSTATE file: ./rand_s060t20_b0671320_a_U000501000
# [2024-05-08 02:15:56] INFO: Writing to disk took 8.05344 seconds
# [2024-05-08 02:15:56] INFO: ======================================================================
# [2024-05-08 02:15:56] INFO: Start sweeping...
# [2024-05-08 02:22:37] INFO: It took 400.917 seconds to do 500 HBOR sweeps.
# [2024-05-08 02:22:37] INFO: Plaquette = 0.653584
# [2024-05-08 02:22:37] INFO: Polyakov loop = (-0.000206909,-0.00110648)
# [2024-05-08 02:22:37] INFO: Writing conf to disk...
# [2024-05-08 02:22:37] INFO: writeconf_nersc: Writing NERSC configuration ./conf_s060t20_b0671320_a_U000501500
# [2024-05-08 02:22:40] INFO: Calculated checksum: 4fb85459
# [2024-05-08 02:22:45] INFO: Calculated checksum: 32cca19f
# [2024-05-08 02:22:45] INFO: Writing RNGSTATE file: ./rand_s060t20_b0671320_a_U000501500
# [2024-05-08 02:22:45] INFO: Writing to disk took 8.71105 seconds
# [2024-05-08 02:22:45] INFO: ======================================================================
# [2024-05-08 02:22:45] INFO: Start sweeping...
# [2024-05-08 02:29:26] INFO: It took 400.893 seconds to do 500 HBOR sweeps.
# [2024-05-08 02:29:26] INFO: Plaquette = 0.653574
# [2024-05-08 02:29:26] INFO: Polyakov loop = (-7.06314e-05,-0.0015014)
# [2024-05-08 02:29:26] INFO: Writing conf to disk...
# [2024-05-08 02:29:26] INFO: writeconf_nersc: Writing NERSC configuration ./conf_s060t20_b0671320_a_U000502000
# [2024-05-08 02:29:29] INFO: Calculated checksum: 5d9d0d0c
# [2024-05-08 02:29:35] INFO: Calculated checksum: 9af48c4d
# [2024-05-08 02:29:35] INFO: Writing RNGSTATE file: ./rand_s060t20_b0671320_a_U000502000
# [2024-05-08 02:29:35] INFO: Writing to disk took 8.51476 seconds
# [2024-05-08 02:29:35] INFO: ======================================================================
# [2024-05-08 02:29:35] INFO: Start sweeping...
# [2024-05-08 02:36:16] INFO: It took 400.884 seconds to do 500 HBOR sweeps.
# [2024-05-08 02:36:16] INFO: Plaquette = 0.653456
# [2024-05-08 02:36:16] INFO: Polyakov loop = (-0.000332295,7.11489e-05)
# [2024-05-08 02:36:16] INFO: Writing conf to disk...
# [2024-05-08 02:36:16] INFO: writeconf_nersc: Writing NERSC configuration ./conf_s060t20_b0671320_a_U000502500
# [2024-05-08 02:36:19] INFO: Calculated checksum: f1b70c0b
# [2024-05-08 02:36:23] INFO: Calculated checksum: 6b9b7101
# [2024-05-08 02:36:23] INFO: Writing RNGSTATE file: ./rand_s060t20_b0671320_a_U000502500
# [2024-05-08 02:36:23] INFO: Writing to disk took 7.7437 seconds
# [2024-05-08 02:36:23] INFO: ======================================================================
# [2024-05-08 02:36:23] INFO: Start sweeping...
# [2024-05-08 02:43:04] INFO: It took 400.534 seconds to do 500 HBOR sweeps.
# [2024-05-08 02:43:04] INFO: Plaquette = 0.653466
# [2024-05-08 02:43:04] INFO: Polyakov loop = (-9.10227e-05,-0.00113739)
# [2024-05-08 02:43:04] INFO: Writing conf to disk...
# [2024-05-08 02:43:04] INFO: writeconf_nersc: Writing NERSC configuration ./conf_s060t20_b0671320_a_U000503000
# [2024-05-08 02:43:07] INFO: Calculated checksum: c40bd546
# [2024-05-08 02:43:12] INFO: Calculated checksum: 9cc3cad1
# [2024-05-08 02:43:12] INFO: Writing RNGSTATE file: ./rand_s060t20_b0671320_a_U000503000
# [2024-05-08 02:43:12] INFO: Writing to disk took 7.93052 seconds
# [2024-05-08 02:43:12] INFO: ======================================================================
# [2024-05-08 02:43:12] INFO: Start sweeping...
# [2024-05-08 02:49:50] INFO: It took 398.186 seconds to do 500 HBOR sweeps.
# [2024-05-08 02:49:50] INFO: Plaquette = 0.653573
# [2024-05-08 02:49:50] INFO: Polyakov loop = (-0.0006252,-8.47579e-05)
# [2024-05-08 02:49:50] INFO: Writing conf to disk...
# [2024-05-08 02:49:50] INFO: writeconf_nersc: Writing NERSC configuration ./conf_s060t20_b0671320_a_U000503500
# [2024-05-08 02:49:53] INFO: Calculated checksum: 8294bb56
# [2024-05-08 02:49:58] INFO: Calculated checksum: 5e59b78d
# [2024-05-08 02:49:58] INFO: Writing RNGSTATE file: ./rand_s060t20_b0671320_a_U000503500
# [2024-05-08 02:49:58] INFO: Writing to disk took 7.70981 seconds
# [2024-05-08 02:49:58] INFO: ======================================================================
# [2024-05-08 02:49:58] INFO: Start sweeping...
# [2024-05-08 02:56:37] INFO: It took 398.925 seconds to do 500 HBOR sweeps.
# [2024-05-08 02:56:37] INFO: Plaquette = 0.653537
# [2024-05-08 02:56:37] INFO: Polyakov loop = (-0.000688084,-0.000294363)
# [2024-05-08 02:56:37] INFO: Writing conf to disk...
# [2024-05-08 02:56:37] INFO: writeconf_nersc: Writing NERSC configuration ./conf_s060t20_b0671320_a_U000504000
# [2024-05-08 02:56:40] INFO: Calculated checksum: f167c021
# [2024-05-08 02:56:45] INFO: Calculated checksum: 3d12dd2c
# [2024-05-08 02:56:45] INFO: Writing RNGSTATE file: ./rand_s060t20_b0671320_a_U000504000
# [2024-05-08 02:56:45] INFO: Writing to disk took 7.94887 seconds
# [2024-05-08 02:56:45] INFO: ======================================================================
# [2024-05-08 02:56:45] INFO: Start sweeping...
# [2024-05-08 03:03:25] INFO: It took 400.338 seconds to do 500 HBOR sweeps.
# [2024-05-08 03:03:25] INFO: Plaquette = 0.653428
# [2024-05-08 03:03:25] INFO: Polyakov loop = (-0.00046833,4.46872e-05)
# [2024-05-08 03:03:25] INFO: Writing conf to disk...
# [2024-05-08 03:03:25] INFO: writeconf_nersc: Writing NERSC configuration ./conf_s060t20_b0671320_a_U000504500
# [2024-05-08 03:03:28] INFO: Calculated checksum: 7bdeaa8a
# [2024-05-08 03:03:33] INFO: Calculated checksum: c8cb8dcf
# [2024-05-08 03:03:33] INFO: Writing RNGSTATE file: ./rand_s060t20_b0671320_a_U000504500
# [2024-05-08 03:03:33] INFO: Writing to disk took 7.68249 seconds
# [2024-05-08 03:03:33] INFO: ======================================================================
# [2024-05-08 03:03:33] INFO: Start sweeping...
# [2024-05-08 03:10:14] INFO: It took 400.758 seconds to do 500 HBOR sweeps.
# [2024-05-08 03:10:14] INFO: Plaquette = 0.653455
# [2024-05-08 03:10:14] INFO: Polyakov loop = (-0.000481595,8.26739e-06)
# [2024-05-08 03:10:14] INFO: Writing conf to disk...
# [2024-05-08 03:10:14] INFO: writeconf_nersc: Writing NERSC configuration ./conf_s060t20_b0671320_a_U000505000
# [2024-05-08 03:10:17] INFO: Calculated checksum: 187bb039
# [2024-05-08 03:10:21] INFO: Calculated checksum: 224aad6d
# [2024-05-08 03:10:21] INFO: Writing RNGSTATE file: ./rand_s060t20_b0671320_a_U000505000
# [2024-05-08 03:10:21] INFO: Writing to disk took 7.70109 seconds
# [2024-05-08 03:10:21] INFO: ======================================================================
# [2024-05-08 03:10:21] INFO: Start sweeping...
# [2024-05-08 03:17:02] INFO: It took 400.99 seconds to do 500 HBOR sweeps.
# [2024-05-08 03:17:02] INFO: Plaquette = 0.653575
# [2024-05-08 03:17:02] INFO: Polyakov loop = (1.76004e-05,0.000817525)
# [2024-05-08 03:17:02] INFO: Writing conf to disk...
# [2024-05-08 03:17:02] INFO: writeconf_nersc: Writing NERSC configuration ./conf_s060t20_b0671320_a_U000505500
# [2024-05-08 03:17:05] INFO: Calculated checksum: 5d8e3e73
# [2024-05-08 03:17:10] INFO: Calculated checksum: 602ccb90
# [2024-05-08 03:17:10] INFO: Writing RNGSTATE file: ./rand_s060t20_b0671320_a_U000505500
# [2024-05-08 03:17:10] INFO: Writing to disk took 7.51163 seconds
# [2024-05-08 03:17:10] INFO: ======================================================================
# [2024-05-08 03:17:10] INFO: Start sweeping...
# [2024-05-08 03:23:51] INFO: It took 400.864 seconds to do 500 HBOR sweeps.
# [2024-05-08 03:23:51] INFO: Plaquette = 0.653547
# [2024-05-08 03:23:51] INFO: Polyakov loop = (-0.000548221,-0.000123037)
# [2024-05-08 03:23:51] INFO: Writing conf to disk...
# [2024-05-08 03:23:51] INFO: writeconf_nersc: Writing NERSC configuration ./conf_s060t20_b0671320_a_U000506000
# [2024-05-08 03:23:54] INFO: Calculated checksum: b77d1f18
# [2024-05-08 03:23:58] INFO: Calculated checksum: f9514652
# [2024-05-08 03:23:58] INFO: Writing RNGSTATE file: ./rand_s060t20_b0671320_a_U000506000
# [2024-05-08 03:23:58] INFO: Writing to disk took 7.49846 seconds
# [2024-05-08 03:23:58] INFO: ======================================================================
# [2024-05-08 03:23:58] INFO: Start sweeping...
# [2024-05-08 03:30:39] INFO: It took 400.939 seconds to do 500 HBOR sweeps.
# [2024-05-08 03:30:39] INFO: Plaquette = 0.653468
# [2024-05-08 03:30:39] INFO: Polyakov loop = (-0.000802676,0.000696699)
# [2024-05-08 03:30:39] INFO: Writing conf to disk...
# [2024-05-08 03:30:39] INFO: writeconf_nersc: Writing NERSC configuration ./conf_s060t20_b0671320_a_U000506500
# [2024-05-08 03:30:42] INFO: Calculated checksum: 9c1693f6
# [2024-05-08 03:30:47] INFO: Calculated checksum: 24c44474
# [2024-05-08 03:30:47] INFO: Writing RNGSTATE file: ./rand_s060t20_b0671320_a_U000506500
# [2024-05-08 03:30:47] INFO: Writing to disk took 7.64881 seconds
# [2024-05-08 03:30:47] INFO: ======================================================================
# [2024-05-08 03:30:47] INFO: Start sweeping...
# [2024-05-08 03:37:28] INFO: It took 400.882 seconds to do 500 HBOR sweeps.
# [2024-05-08 03:37:28] INFO: Plaquette = 0.653368
# [2024-05-08 03:37:28] INFO: Polyakov loop = (-0.000441645,0.000665068)
# [2024-05-08 03:37:28] INFO: Writing conf to disk...
# [2024-05-08 03:37:28] INFO: writeconf_nersc: Writing NERSC configuration ./conf_s060t20_b0671320_a_U000507000
# [2024-05-08 03:37:31] INFO: Calculated checksum: e38e469
# [2024-05-08 03:37:35] INFO: Calculated checksum: 769a090c
# [2024-05-08 03:37:35] INFO: Writing RNGSTATE file: ./rand_s060t20_b0671320_a_U000507000
# [2024-05-08 03:37:36] INFO: Writing to disk took 7.64009 seconds
# [2024-05-08 03:37:36] INFO: ======================================================================
# [2024-05-08 03:37:36] INFO: Start sweeping...
# [2024-05-08 03:44:16] INFO: It took 400.926 seconds to do 500 HBOR sweeps.
# [2024-05-08 03:44:16] INFO: Plaquette = 0.653571
# [2024-05-08 03:44:16] INFO: Polyakov loop = (-0.0010336,0.00143416)
# [2024-05-08 03:44:16] INFO: Writing conf to disk...
# [2024-05-08 03:44:16] INFO: writeconf_nersc: Writing NERSC configuration ./conf_s060t20_b0671320_a_U000507500
# [2024-05-08 03:44:19] INFO: Calculated checksum: 1d8a5793
# [2024-05-08 03:44:24] INFO: Calculated checksum: b88fce71
# [2024-05-08 03:44:24] INFO: Writing RNGSTATE file: ./rand_s060t20_b0671320_a_U000507500
# [2024-05-08 03:44:24] INFO: Writing to disk took 7.57294 seconds
# [2024-05-08 03:44:24] INFO: ======================================================================
# [2024-05-08 03:44:24] INFO: Start sweeping...
# [2024-05-08 03:51:05] INFO: It took 400.709 seconds to do 500 HBOR sweeps.
# [2024-05-08 03:51:05] INFO: Plaquette = 0.653557
# [2024-05-08 03:51:05] INFO: Polyakov loop = (-0.00100872,0.000531655)
# [2024-05-08 03:51:05] INFO: Writing conf to disk...
# [2024-05-08 03:51:05] INFO: writeconf_nersc: Writing NERSC configuration ./conf_s060t20_b0671320_a_U000508000
# [2024-05-08 03:51:08] INFO: Calculated checksum: a2cdafa3
# [2024-05-08 03:51:12] INFO: Calculated checksum: 5d09935f
# [2024-05-08 03:51:12] INFO: Writing RNGSTATE file: ./rand_s060t20_b0671320_a_U000508000
# [2024-05-08 03:51:12] INFO: Writing to disk took 7.66651 seconds
# [2024-05-08 03:51:12] INFO: ======================================================================
# [2024-05-08 03:51:12] INFO: Start sweeping...
# [2024-05-08 03:57:53] INFO: It took 400.927 seconds to do 500 HBOR sweeps.
# [2024-05-08 03:57:53] INFO: Plaquette = 0.65346
# [2024-05-08 03:57:53] INFO: Polyakov loop = (-0.000733495,0.000783443)
# [2024-05-08 03:57:53] INFO: Writing conf to disk...
# [2024-05-08 03:57:53] INFO: writeconf_nersc: Writing NERSC configuration ./conf_s060t20_b0671320_a_U000508500
# [2024-05-08 03:57:56] INFO: Calculated checksum: a865ff7c
# [2024-05-08 03:58:01] INFO: Calculated checksum: 77924675
# [2024-05-08 03:58:01] INFO: Writing RNGSTATE file: ./rand_s060t20_b0671320_a_U000508500
# [2024-05-08 03:58:01] INFO: Writing to disk took 7.62535 seconds
# [2024-05-08 03:58:01] INFO: ======================================================================
# [2024-05-08 03:58:01] INFO: Start sweeping...
# [2024-05-08 04:04:42] INFO: It took 400.734 seconds to do 500 HBOR sweeps.
# [2024-05-08 04:04:42] INFO: Plaquette = 0.653547
# [2024-05-08 04:04:42] INFO: Polyakov loop = (-0.00104871,0.00145573)
# [2024-05-08 04:04:42] INFO: Writing conf to disk...
# [2024-05-08 04:04:42] INFO: writeconf_nersc: Writing NERSC configuration ./conf_s060t20_b0671320_a_U000509000
# [2024-05-08 04:04:45] INFO: Calculated checksum: 5bcb6b89
# [2024-05-08 04:04:49] INFO: Calculated checksum: 6afbd1ff
# [2024-05-08 04:04:49] INFO: Writing RNGSTATE file: ./rand_s060t20_b0671320_a_U000509000
# [2024-05-08 04:04:50] INFO: Writing to disk took 8.2917 seconds
# [2024-05-08 04:04:50] INFO: ======================================================================
# [2024-05-08 04:04:50] INFO: Start sweeping...
# [2024-05-08 04:11:31] INFO: It took 400.936 seconds to do 500 HBOR sweeps.
# [2024-05-08 04:11:31] INFO: Plaquette = 0.653536
# [2024-05-08 04:11:31] INFO: Polyakov loop = (-0.000319307,0.00150102)
# [2024-05-08 04:11:31] INFO: Writing conf to disk...
# [2024-05-08 04:11:31] INFO: writeconf_nersc: Writing NERSC configuration ./conf_s060t20_b0671320_a_U000509500
# [2024-05-08 04:11:34] INFO: Calculated checksum: 4b260957
# [2024-05-08 04:11:39] INFO: Calculated checksum: b39e8348
# [2024-05-08 04:11:39] INFO: Writing RNGSTATE file: ./rand_s060t20_b0671320_a_U000509500
# [2024-05-08 04:11:39] INFO: Writing to disk took 7.61235 seconds
# [2024-05-08 04:11:39] INFO: ======================================================================
# [2024-05-08 04:11:39] INFO: Start sweeping...
# [2024-05-08 04:18:20] INFO: It took 400.814 seconds to do 500 HBOR sweeps.
# [2024-05-08 04:18:20] INFO: Plaquette = 0.653503
# [2024-05-08 04:18:20] INFO: Polyakov loop = (-0.000364171,0.00131688)
# [2024-05-08 04:18:20] INFO: Writing conf to disk...
# [2024-05-08 04:18:20] INFO: writeconf_nersc: Writing NERSC configuration ./conf_s060t20_b0671320_a_U000510000
# [2024-05-08 04:18:23] INFO: Calculated checksum: d8f94c41
# [2024-05-08 04:18:27] INFO: Calculated checksum: 614ea879
# [2024-05-08 04:18:27] INFO: Writing RNGSTATE file: ./rand_s060t20_b0671320_a_U000510000
# [2024-05-08 04:18:27] INFO: Writing to disk took 7.62855 seconds
# [2024-05-08 04:18:27] INFO: ======================================================================
# [2024-05-08 04:18:27] INFO: Start sweeping...
# [2024-05-08 04:25:08] INFO: It took 400.914 seconds to do 500 HBOR sweeps.
# [2024-05-08 04:25:08] INFO: Plaquette = 0.653503
# [2024-05-08 04:25:08] INFO: Polyakov loop = (0.00052549,-6.86983e-05)
# [2024-05-08 04:25:08] INFO: Writing conf to disk...
# [2024-05-08 04:25:08] INFO: writeconf_nersc: Writing NERSC configuration ./conf_s060t20_b0671320_a_U000510500
# [2024-05-08 04:25:11] INFO: Calculated checksum: 773a4f82
# [2024-05-08 04:25:16] INFO: Calculated checksum: 74833b4b
# [2024-05-08 04:25:16] INFO: Writing RNGSTATE file: ./rand_s060t20_b0671320_a_U000510500
# [2024-05-08 04:25:16] INFO: Writing to disk took 7.49556 seconds
# [2024-05-08 04:25:16] INFO: ======================================================================
# [2024-05-08 04:25:16] INFO: Start sweeping...
# [2024-05-08 04:31:57] INFO: It took 400.92 seconds to do 500 HBOR sweeps.
# [2024-05-08 04:31:57] INFO: Plaquette = 0.653416
# [2024-05-08 04:31:57] INFO: Polyakov loop = (-0.000133169,0.000178518)
# [2024-05-08 04:31:57] INFO: Writing conf to disk...
# [2024-05-08 04:31:57] INFO: writeconf_nersc: Writing NERSC configuration ./conf_s060t20_b0671320_a_U000511000
# [2024-05-08 04:32:00] INFO: Calculated checksum: f0828778
# [2024-05-08 04:32:04] INFO: Calculated checksum: 7a6a4316
# [2024-05-08 04:32:04] INFO: Writing RNGSTATE file: ./rand_s060t20_b0671320_a_U000511000
# [2024-05-08 04:32:04] INFO: Writing to disk took 7.58902 seconds
# [2024-05-08 04:32:04] INFO: ======================================================================
# [2024-05-08 04:32:04] INFO: Start sweeping...
# [2024-05-08 04:38:45] INFO: It took 400.851 seconds to do 500 HBOR sweeps.
# [2024-05-08 04:38:45] INFO: Plaquette = 0.653466
# [2024-05-08 04:38:45] INFO: Polyakov loop = (0.0013908,-0.000948327)
# [2024-05-08 04:38:45] INFO: Writing conf to disk...
# [2024-05-08 04:38:45] INFO: writeconf_nersc: Writing NERSC configuration ./conf_s060t20_b0671320_a_U000511500
# [2024-05-08 04:38:48] INFO: Calculated checksum: 81cbedcb
# [2024-05-08 04:38:53] INFO: Calculated checksum: b5e1b938
# [2024-05-08 04:38:53] INFO: Writing RNGSTATE file: ./rand_s060t20_b0671320_a_U000511500
# [2024-05-08 04:38:53] INFO: Writing to disk took 8.24495 seconds
# [2024-05-08 04:38:53] INFO: ======================================================================
# [2024-05-08 04:38:53] INFO: Start sweeping...
# [2024-05-08 04:45:34] INFO: It took 400.737 seconds to do 500 HBOR sweeps.
# [2024-05-08 04:45:34] INFO: Plaquette = 0.653489
# [2024-05-08 04:45:34] INFO: Polyakov loop = (0.000134078,0.00133788)
# [2024-05-08 04:45:34] INFO: Writing conf to disk...
# [2024-05-08 04:45:34] INFO: writeconf_nersc: Writing NERSC configuration ./conf_s060t20_b0671320_a_U000512000
# [2024-05-08 04:45:37] INFO: Calculated checksum: af20ff2c
# [2024-05-08 04:45:42] INFO: Calculated checksum: 258fc843
# [2024-05-08 04:45:42] INFO: Writing RNGSTATE file: ./rand_s060t20_b0671320_a_U000512000
# [2024-05-08 04:45:42] INFO: Writing to disk took 7.59077 seconds
# [2024-05-08 04:45:42] INFO: ======================================================================
# [2024-05-08 04:45:42] INFO: Start sweeping...
# [2024-05-08 04:52:23] INFO: It took 400.691 seconds to do 500 HBOR sweeps.
# [2024-05-08 04:52:23] INFO: Plaquette = 0.653575
# [2024-05-08 04:52:23] INFO: Polyakov loop = (0.00159677,-0.000904784)
# [2024-05-08 04:52:23] INFO: Writing conf to disk...
# [2024-05-08 04:52:23] INFO: writeconf_nersc: Writing NERSC configuration ./conf_s060t20_b0671320_a_U000512500
# [2024-05-08 04:52:25] INFO: Calculated checksum: 5267672d
# [2024-05-08 04:52:30] INFO: Calculated checksum: 6a8e6241
# [2024-05-08 04:52:30] INFO: Writing RNGSTATE file: ./rand_s060t20_b0671320_a_U000512500
# [2024-05-08 04:52:30] INFO: Writing to disk took 7.38355 seconds
# [2024-05-08 04:52:30] INFO: ======================================================================
# [2024-05-08 04:52:30] INFO: Start sweeping...
# [2024-05-08 04:59:11] INFO: It took 400.86 seconds to do 500 HBOR sweeps.
# [2024-05-08 04:59:11] INFO: Plaquette = 0.653484
# [2024-05-08 04:59:11] INFO: Polyakov loop = (0.000969352,-0.000352762)
# [2024-05-08 04:59:11] INFO: Writing conf to disk...
# [2024-05-08 04:59:11] INFO: writeconf_nersc: Writing NERSC configuration ./conf_s060t20_b0671320_a_U000513000
# [2024-05-08 04:59:14] INFO: Calculated checksum: 53d3b137
# [2024-05-08 04:59:18] INFO: Calculated checksum: 16de7bd0
# [2024-05-08 04:59:18] INFO: Writing RNGSTATE file: ./rand_s060t20_b0671320_a_U000513000
# [2024-05-08 04:59:18] INFO: Writing to disk took 7.59826 seconds
# [2024-05-08 04:59:18] INFO: ======================================================================
# [2024-05-08 04:59:18] INFO: Start sweeping...
# [2024-05-08 05:05:59] INFO: It took 400.778 seconds to do 500 HBOR sweeps.
# [2024-05-08 05:05:59] INFO: Plaquette = 0.653537
# [2024-05-08 05:05:59] INFO: Polyakov loop = (0.000332075,1.68348e-06)
# [2024-05-08 05:05:59] INFO: Writing conf to disk...
# [2024-05-08 05:05:59] INFO: writeconf_nersc: Writing NERSC configuration ./conf_s060t20_b0671320_a_U000513500
# [2024-05-08 05:06:02] INFO: Calculated checksum: ab9d3b44
# [2024-05-08 05:06:07] INFO: Calculated checksum: 5e36f55e
# [2024-05-08 05:06:07] INFO: Writing RNGSTATE file: ./rand_s060t20_b0671320_a_U000513500
# [2024-05-08 05:06:07] INFO: Writing to disk took 7.46276 seconds
# [2024-05-08 05:06:07] INFO: ======================================================================
# [2024-05-08 05:06:07] INFO: Start sweeping...
# [2024-05-08 05:12:47] INFO: It took 400.737 seconds to do 500 HBOR sweeps.
# [2024-05-08 05:12:48] INFO: Plaquette = 0.653536
# [2024-05-08 05:12:48] INFO: Polyakov loop = (0.00130136,0.000302179)
# [2024-05-08 05:12:48] INFO: Writing conf to disk...
# [2024-05-08 05:12:48] INFO: writeconf_nersc: Writing NERSC configuration ./conf_s060t20_b0671320_a_U000514000
# [2024-05-08 05:12:50] INFO: Calculated checksum: 6d3ea66f
# [2024-05-08 05:12:56] INFO: Calculated checksum: 285e5460
# [2024-05-08 05:12:56] INFO: Writing RNGSTATE file: ./rand_s060t20_b0671320_a_U000514000
# [2024-05-08 05:12:56] INFO: Writing to disk took 8.5625 seconds
# [2024-05-08 05:12:56] INFO: ======================================================================
# [2024-05-08 05:12:56] INFO: Start sweeping...
# [2024-05-08 05:19:37] INFO: It took 400.701 seconds to do 500 HBOR sweeps.
# [2024-05-08 05:19:37] INFO: Plaquette = 0.653615
# [2024-05-08 05:19:37] INFO: Polyakov loop = (0.00261757,0.000475474)
# [2024-05-08 05:19:37] INFO: Writing conf to disk...
# [2024-05-08 05:19:37] INFO: writeconf_nersc: Writing NERSC configuration ./conf_s060t20_b0671320_a_U000514500
# [2024-05-08 05:19:40] INFO: Calculated checksum: f058d8eb
# [2024-05-08 05:19:44] INFO: Calculated checksum: a8037f4a
# [2024-05-08 05:19:44] INFO: Writing RNGSTATE file: ./rand_s060t20_b0671320_a_U000514500
# [2024-05-08 05:19:44] INFO: Writing to disk took 7.49104 seconds
# [2024-05-08 05:19:44] INFO: ======================================================================
# [2024-05-08 05:19:44] INFO: Start sweeping...
# [2024-05-08 05:26:25] INFO: It took 400.903 seconds to do 500 HBOR sweeps.
# [2024-05-08 05:26:25] INFO: Plaquette = 0.653503
# [2024-05-08 05:26:25] INFO: Polyakov loop = (0.00143669,0.000263761)
# [2024-05-08 05:26:25] INFO: Writing conf to disk...
# [2024-05-08 05:26:25] INFO: writeconf_nersc: Writing NERSC configuration ./conf_s060t20_b0671320_a_U000515000
# [2024-05-08 05:26:28] INFO: Calculated checksum: 29e1b43a
# [2024-05-08 05:26:33] INFO: Calculated checksum: 733aab6c
# [2024-05-08 05:26:33] INFO: Writing RNGSTATE file: ./rand_s060t20_b0671320_a_U000515000
# [2024-05-08 05:26:33] INFO: Writing to disk took 7.56437 seconds
# [2024-05-08 05:26:33] INFO: ======================================================================
# [2024-05-08 05:26:33] INFO: Start sweeping...
# [2024-05-08 05:33:14] INFO: It took 400.888 seconds to do 500 HBOR sweeps.
# [2024-05-08 05:33:14] INFO: Plaquette = 0.65352
# [2024-05-08 05:33:14] INFO: Polyakov loop = (0.00238738,-0.00083087)
# [2024-05-08 05:33:14] INFO: Writing conf to disk...
# [2024-05-08 05:33:14] INFO: writeconf_nersc: Writing NERSC configuration ./conf_s060t20_b0671320_a_U000515500
# [2024-05-08 05:33:17] INFO: Calculated checksum: 1549efc8
# [2024-05-08 05:33:21] INFO: Calculated checksum: 2f6888b6
# [2024-05-08 05:33:21] INFO: Writing RNGSTATE file: ./rand_s060t20_b0671320_a_U000515500
# [2024-05-08 05:33:22] INFO: Writing to disk took 8.02096 seconds
# [2024-05-08 05:33:22] INFO: ======================================================================
# [2024-05-08 05:33:22] INFO: Start sweeping...
# [2024-05-08 05:40:03] INFO: It took 400.784 seconds to do 500 HBOR sweeps.
# [2024-05-08 05:40:03] INFO: Plaquette = 0.653569
# [2024-05-08 05:40:03] INFO: Polyakov loop = (0.00157262,0.000636613)
# [2024-05-08 05:40:03] INFO: Writing conf to disk...
# [2024-05-08 05:40:03] INFO: writeconf_nersc: Writing NERSC configuration ./conf_s060t20_b0671320_a_U000516000
# [2024-05-08 05:40:06] INFO: Calculated checksum: 184c6613
# [2024-05-08 05:40:11] INFO: Calculated checksum: ed08460b
# [2024-05-08 05:40:11] INFO: Writing RNGSTATE file: ./rand_s060t20_b0671320_a_U000516000
# [2024-05-08 05:40:11] INFO: Writing to disk took 8.0498 seconds
# [2024-05-08 05:40:11] INFO: ======================================================================
# [2024-05-08 05:40:11] INFO: Start sweeping...
# [2024-05-08 05:46:51] INFO: It took 400.648 seconds to do 500 HBOR sweeps.
# [2024-05-08 05:46:51] INFO: Plaquette = 0.65344
# [2024-05-08 05:46:51] INFO: Polyakov loop = (0.00146545,0.000516958)
# [2024-05-08 05:46:51] INFO: Writing conf to disk...
# [2024-05-08 05:46:51] INFO: writeconf_nersc: Writing NERSC configuration ./conf_s060t20_b0671320_a_U000516500
# [2024-05-08 05:46:54] INFO: Calculated checksum: fdf68b7
# [2024-05-08 05:46:59] INFO: Calculated checksum: 27b9b74a
# [2024-05-08 05:46:59] INFO: Writing RNGSTATE file: ./rand_s060t20_b0671320_a_U000516500
# [2024-05-08 05:46:59] INFO: Writing to disk took 7.50201 seconds
# [2024-05-08 05:46:59] INFO: ======================================================================
# [2024-05-08 05:46:59] INFO: Start sweeping...
# [2024-05-08 05:53:40] INFO: It took 400.71 seconds to do 500 HBOR sweeps.
# [2024-05-08 05:53:40] INFO: Plaquette = 0.653553
# [2024-05-08 05:53:40] INFO: Polyakov loop = (0.00110556,0.000219589)
# [2024-05-08 05:53:40] INFO: Writing conf to disk...
# [2024-05-08 05:53:40] INFO: writeconf_nersc: Writing NERSC configuration ./conf_s060t20_b0671320_a_U000517000
# [2024-05-08 05:53:43] INFO: Calculated checksum: e046de65
# [2024-05-08 05:53:47] INFO: Calculated checksum: b8556638
# [2024-05-08 05:53:47] INFO: Writing RNGSTATE file: ./rand_s060t20_b0671320_a_U000517000
# [2024-05-08 05:53:47] INFO: Writing to disk took 7.57491 seconds
# [2024-05-08 05:53:47] INFO: ======================================================================
# [2024-05-08 05:53:47] INFO: Start sweeping...
# [2024-05-08 06:00:28] INFO: It took 401.229 seconds to do 500 HBOR sweeps.
# [2024-05-08 06:00:28] INFO: Plaquette = 0.653591
# [2024-05-08 06:00:28] INFO: Polyakov loop = (0.00137819,-0.000455786)
# [2024-05-08 06:00:28] INFO: Writing conf to disk...
# [2024-05-08 06:00:28] INFO: writeconf_nersc: Writing NERSC configuration ./conf_s060t20_b0671320_a_U000517500
# [2024-05-08 06:00:31] INFO: Calculated checksum: 7ea1ae83
# [2024-05-08 06:00:36] INFO: Calculated checksum: e1ab90d5
# [2024-05-08 06:00:36] INFO: Writing RNGSTATE file: ./rand_s060t20_b0671320_a_U000517500
# [2024-05-08 06:00:36] INFO: Writing to disk took 7.66186 seconds
# [2024-05-08 06:00:36] INFO: ======================================================================
# [2024-05-08 06:00:36] INFO: Start sweeping...
# [2024-05-08 06:07:17] INFO: It took 401.206 seconds to do 500 HBOR sweeps.
# [2024-05-08 06:07:17] INFO: Plaquette = 0.653528
# [2024-05-08 06:07:17] INFO: Polyakov loop = (0.00104426,0.000880932)
# [2024-05-08 06:07:17] INFO: Writing conf to disk...
# [2024-05-08 06:07:17] INFO: writeconf_nersc: Writing NERSC configuration ./conf_s060t20_b0671320_a_U000518000
# [2024-05-08 06:07:20] INFO: Calculated checksum: c48ed1b6
# [2024-05-08 06:07:25] INFO: Calculated checksum: 3de66e65
# [2024-05-08 06:07:25] INFO: Writing RNGSTATE file: ./rand_s060t20_b0671320_a_U000518000
# [2024-05-08 06:07:25] INFO: Writing to disk took 7.61206 seconds
# [2024-05-08 06:07:25] INFO: ======================================================================
# [2024-05-08 06:07:25] INFO: Start sweeping...
# [2024-05-08 06:14:06] INFO: It took 401.235 seconds to do 500 HBOR sweeps.
# [2024-05-08 06:14:06] INFO: Plaquette = 0.65344
# [2024-05-08 06:14:06] INFO: Polyakov loop = (0.000367855,0.000176618)
# [2024-05-08 06:14:06] INFO: Writing conf to disk...
# [2024-05-08 06:14:06] INFO: writeconf_nersc: Writing NERSC configuration ./conf_s060t20_b0671320_a_U000518500
# [2024-05-08 06:14:09] INFO: Calculated checksum: 3f724440
# [2024-05-08 06:14:14] INFO: Calculated checksum: 433faec1
# [2024-05-08 06:14:14] INFO: Writing RNGSTATE file: ./rand_s060t20_b0671320_a_U000518500
# [2024-05-08 06:14:14] INFO: Writing to disk took 7.40091 seconds
# [2024-05-08 06:14:14] INFO: ======================================================================
# [2024-05-08 06:14:14] INFO: Start sweeping...
# [2024-05-08 06:20:55] INFO: It took 401.323 seconds to do 500 HBOR sweeps.
# [2024-05-08 06:20:55] INFO: Plaquette = 0.653478
# [2024-05-08 06:20:55] INFO: Polyakov loop = (0.00108045,0.000401914)
# [2024-05-08 06:20:55] INFO: Writing conf to disk...
# [2024-05-08 06:20:55] INFO: writeconf_nersc: Writing NERSC configuration ./conf_s060t20_b0671320_a_U000519000
# [2024-05-08 06:20:58] INFO: Calculated checksum: c9e25062
# [2024-05-08 06:21:02] INFO: Calculated checksum: 6243a862
# [2024-05-08 06:21:02] INFO: Writing RNGSTATE file: ./rand_s060t20_b0671320_a_U000519000
# [2024-05-08 06:21:02] INFO: Writing to disk took 7.41136 seconds
# [2024-05-08 06:21:02] INFO: ======================================================================
# [2024-05-08 06:21:02] INFO: Start sweeping...
# [2024-05-08 06:27:44] INFO: It took 401.23 seconds to do 500 HBOR sweeps.
# [2024-05-08 06:27:44] INFO: Plaquette = 0.65352
# [2024-05-08 06:27:44] INFO: Polyakov loop = (0.00208388,-0.000426328)
# [2024-05-08 06:27:44] INFO: Writing conf to disk...
# [2024-05-08 06:27:44] INFO: writeconf_nersc: Writing NERSC configuration ./conf_s060t20_b0671320_a_U000519500
# [2024-05-08 06:27:47] INFO: Calculated checksum: 1e9b6218
# [2024-05-08 06:27:51] INFO: Calculated checksum: b44e7c61
# [2024-05-08 06:27:51] INFO: Writing RNGSTATE file: ./rand_s060t20_b0671320_a_U000519500
# [2024-05-08 06:27:51] INFO: Writing to disk took 7.56594 seconds
# [2024-05-08 06:27:51] INFO: ======================================================================
# [2024-05-08 06:27:51] INFO: Start sweeping...
# [2024-05-08 06:34:33] INFO: It took 401.197 seconds to do 500 HBOR sweeps.
# [2024-05-08 06:34:33] INFO: Plaquette = 0.65361
# [2024-05-08 06:34:33] INFO: Polyakov loop = (0.0014188,0.00072611)
# [2024-05-08 06:34:33] INFO: Writing conf to disk...
# [2024-05-08 06:34:33] INFO: writeconf_nersc: Writing NERSC configuration ./conf_s060t20_b0671320_a_U000520000
# [2024-05-08 06:34:35] INFO: Calculated checksum: 612ca5e7
# [2024-05-08 06:34:40] INFO: Calculated checksum: b6477946
# [2024-05-08 06:34:40] INFO: Writing RNGSTATE file: ./rand_s060t20_b0671320_a_U000520000
# [2024-05-08 06:34:40] INFO: Writing to disk took 7.39273 seconds
# [2024-05-08 06:34:40] INFO: ======================================================================
# [2024-05-08 06:34:40] INFO: Start sweeping...
# [2024-05-08 06:41:21] INFO: It took 401.193 seconds to do 500 HBOR sweeps.
# [2024-05-08 06:41:21] INFO: Plaquette = 0.653548
# [2024-05-08 06:41:21] INFO: Polyakov loop = (0.00215957,0.000611949)
# [2024-05-08 06:41:21] INFO: Writing conf to disk...
# [2024-05-08 06:41:21] INFO: writeconf_nersc: Writing NERSC configuration ./conf_s060t20_b0671320_a_U000520500
# [2024-05-08 06:41:24] INFO: Calculated checksum: 4b7db96
# [2024-05-08 06:41:29] INFO: Calculated checksum: 845a8fb8
# [2024-05-08 06:41:29] INFO: Writing RNGSTATE file: ./rand_s060t20_b0671320_a_U000520500
# [2024-05-08 06:41:29] INFO: Writing to disk took 7.6951 seconds
# [2024-05-08 06:41:29] INFO: ======================================================================
# [2024-05-08 06:41:29] INFO: Start sweeping...
# [2024-05-08 06:48:10] INFO: It took 401.206 seconds to do 500 HBOR sweeps.
# [2024-05-08 06:48:10] INFO: Plaquette = 0.653452
# [2024-05-08 06:48:10] INFO: Polyakov loop = (0.00174764,4.45529e-05)
# [2024-05-08 06:48:10] INFO: Writing conf to disk...
# [2024-05-08 06:48:10] INFO: writeconf_nersc: Writing NERSC configuration ./conf_s060t20_b0671320_a_U000521000
# [2024-05-08 06:48:13] INFO: Calculated checksum: c19ad64f
# [2024-05-08 06:48:18] INFO: Calculated checksum: a5acb326
# [2024-05-08 06:48:18] INFO: Writing RNGSTATE file: ./rand_s060t20_b0671320_a_U000521000
# [2024-05-08 06:48:18] INFO: Writing to disk took 7.77104 seconds
# [2024-05-08 06:48:18] INFO: ======================================================================
# [2024-05-08 06:48:18] INFO: Start sweeping...
# [2024-05-08 06:54:59] INFO: It took 401.145 seconds to do 500 HBOR sweeps.
# [2024-05-08 06:54:59] INFO: Plaquette = 0.653434
# [2024-05-08 06:54:59] INFO: Polyakov loop = (0.00156962,-0.000583381)
# [2024-05-08 06:54:59] INFO: Writing conf to disk...
# [2024-05-08 06:54:59] INFO: writeconf_nersc: Writing NERSC configuration ./conf_s060t20_b0671320_a_U000521500
# [2024-05-08 06:55:02] INFO: Calculated checksum: 22fc5b2b
# [2024-05-08 06:55:07] INFO: Calculated checksum: ee930826
# [2024-05-08 06:55:07] INFO: Writing RNGSTATE file: ./rand_s060t20_b0671320_a_U000521500
# [2024-05-08 06:55:07] INFO: Writing to disk took 7.49545 seconds
# [2024-05-08 06:55:07] INFO: ======================================================================
# [2024-05-08 06:55:07] INFO: Start sweeping...
# [2024-05-08 07:01:48] INFO: It took 401.202 seconds to do 500 HBOR sweeps.
# [2024-05-08 07:01:48] INFO: Plaquette = 0.653519
# [2024-05-08 07:01:48] INFO: Polyakov loop = (0.001026,-0.000110125)
# [2024-05-08 07:01:48] INFO: Writing conf to disk...
# [2024-05-08 07:01:48] INFO: writeconf_nersc: Writing NERSC configuration ./conf_s060t20_b0671320_a_U000522000
# [2024-05-08 07:01:51] INFO: Calculated checksum: 245674d9
# [2024-05-08 07:01:55] INFO: Calculated checksum: 8879f28
# [2024-05-08 07:01:55] INFO: Writing RNGSTATE file: ./rand_s060t20_b0671320_a_U000522000
# [2024-05-08 07:01:55] INFO: Writing to disk took 7.44257 seconds
# [2024-05-08 07:01:55] INFO: ======================================================================
# [2024-05-08 07:01:55] INFO: Start sweeping...
# [2024-05-08 07:08:37] INFO: It took 401.161 seconds to do 500 HBOR sweeps.
# [2024-05-08 07:08:37] INFO: Plaquette = 0.65339
# [2024-05-08 07:08:37] INFO: Polyakov loop = (0.00139699,-0.000656193)
# [2024-05-08 07:08:37] INFO: Writing conf to disk...
# [2024-05-08 07:08:37] INFO: writeconf_nersc: Writing NERSC configuration ./conf_s060t20_b0671320_a_U000522500
# [2024-05-08 07:08:39] INFO: Calculated checksum: f0763fe6
# [2024-05-08 07:08:44] INFO: Calculated checksum: 4a379a25
# [2024-05-08 07:08:44] INFO: Writing RNGSTATE file: ./rand_s060t20_b0671320_a_U000522500
# [2024-05-08 07:08:44] INFO: Writing to disk took 7.57199 seconds
# [2024-05-08 07:08:44] INFO: ======================================================================
# [2024-05-08 07:08:44] INFO: Start sweeping...
# [2024-05-08 07:15:25] INFO: It took 401.042 seconds to do 500 HBOR sweeps.
# [2024-05-08 07:15:25] INFO: Plaquette = 0.653507
# [2024-05-08 07:15:25] INFO: Polyakov loop = (0.00110599,-0.000868089)
# [2024-05-08 07:15:25] INFO: Writing conf to disk...
# [2024-05-08 07:15:25] INFO: writeconf_nersc: Writing NERSC configuration ./conf_s060t20_b0671320_a_U000523000
# [2024-05-08 07:15:28] INFO: Calculated checksum: 39737124
# [2024-05-08 07:15:33] INFO: Calculated checksum: 3067b3ba
# [2024-05-08 07:15:33] INFO: Writing RNGSTATE file: ./rand_s060t20_b0671320_a_U000523000
# [2024-05-08 07:15:33] INFO: Writing to disk took 7.74261 seconds
# [2024-05-08 07:15:33] INFO: ======================================================================
# [2024-05-08 07:15:33] INFO: Start sweeping...
# [2024-05-08 07:22:14] INFO: It took 401.182 seconds to do 500 HBOR sweeps.
# [2024-05-08 07:22:14] INFO: Plaquette = 0.653507
# [2024-05-08 07:22:14] INFO: Polyakov loop = (0.000337704,-0.000195916)
# [2024-05-08 07:22:14] INFO: Writing conf to disk...
# [2024-05-08 07:22:14] INFO: writeconf_nersc: Writing NERSC configuration ./conf_s060t20_b0671320_a_U000523500
# [2024-05-08 07:22:17] INFO: Calculated checksum: d2bc5537
# [2024-05-08 07:22:22] INFO: Calculated checksum: c385cc
# [2024-05-08 07:22:22] INFO: Writing RNGSTATE file: ./rand_s060t20_b0671320_a_U000523500
# [2024-05-08 07:22:22] INFO: Writing to disk took 7.56052 seconds
# [2024-05-08 07:22:22] INFO: ======================================================================
# [2024-05-08 07:22:22] INFO: Start sweeping...
# [2024-05-08 07:29:03] INFO: It took 401.077 seconds to do 500 HBOR sweeps.
# [2024-05-08 07:29:03] INFO: Plaquette = 0.653339
# [2024-05-08 07:29:03] INFO: Polyakov loop = (-0.000162907,-0.00160744)
# [2024-05-08 07:29:03] INFO: Writing conf to disk...
# [2024-05-08 07:29:03] INFO: writeconf_nersc: Writing NERSC configuration ./conf_s060t20_b0671320_a_U000524000
# [2024-05-08 07:29:06] INFO: Calculated checksum: 3e2d6c51
# [2024-05-08 07:29:11] INFO: Calculated checksum: 929aaf5a
# [2024-05-08 07:29:11] INFO: Writing RNGSTATE file: ./rand_s060t20_b0671320_a_U000524000
# [2024-05-08 07:29:11] INFO: Writing to disk took 7.85405 seconds
# [2024-05-08 07:29:11] INFO: ======================================================================
# [2024-05-08 07:29:11] INFO: Start sweeping...
# [2024-05-08 07:35:52] INFO: It took 401.054 seconds to do 500 HBOR sweeps.
# [2024-05-08 07:35:52] INFO: Plaquette = 0.653446
# [2024-05-08 07:35:52] INFO: Polyakov loop = (-0.000498492,0.000255014)
# [2024-05-08 07:35:52] INFO: Writing conf to disk...
# [2024-05-08 07:35:52] INFO: writeconf_nersc: Writing NERSC configuration ./conf_s060t20_b0671320_a_U000524500
# [2024-05-08 07:35:55] INFO: Calculated checksum: 9d2f1382
# [2024-05-08 07:35:59] INFO: Calculated checksum: 64cf7bb1
# [2024-05-08 07:35:59] INFO: Writing RNGSTATE file: ./rand_s060t20_b0671320_a_U000524500
# [2024-05-08 07:35:59] INFO: Writing to disk took 7.62787 seconds
# [2024-05-08 07:35:59] INFO: ======================================================================
# [2024-05-08 07:35:59] INFO: Start sweeping...
# [2024-05-08 07:42:41] INFO: It took 401.114 seconds to do 500 HBOR sweeps.
# [2024-05-08 07:42:41] INFO: Plaquette = 0.653548
# [2024-05-08 07:42:41] INFO: Polyakov loop = (-0.000531219,0.000249695)
# [2024-05-08 07:42:41] INFO: Writing conf to disk...
# [2024-05-08 07:42:41] INFO: writeconf_nersc: Writing NERSC configuration ./conf_s060t20_b0671320_a_U000525000
# [2024-05-08 07:42:44] INFO: Calculated checksum: 16416771
# [2024-05-08 07:42:51] INFO: Calculated checksum: 38af4dcf
# [2024-05-08 07:42:51] INFO: Writing RNGSTATE file: ./rand_s060t20_b0671320_a_U000525000
# [2024-05-08 07:42:51] INFO: Writing to disk took 10.4271 seconds
# [2024-05-08 07:42:51] INFO: ======================================================================
# [2024-05-08 07:42:51] INFO: Start sweeping...
# [2024-05-08 07:49:32] INFO: It took 401.148 seconds to do 500 HBOR sweeps.
# [2024-05-08 07:49:32] INFO: Plaquette = 0.653523
# [2024-05-08 07:49:32] INFO: Polyakov loop = (-0.000699225,0.0017828)
# [2024-05-08 07:49:32] INFO: Writing conf to disk...
# [2024-05-08 07:49:32] INFO: writeconf_nersc: Writing NERSC configuration ./conf_s060t20_b0671320_a_U000525500
# [2024-05-08 07:49:35] INFO: Calculated checksum: f8469d28
# [2024-05-08 07:49:40] INFO: Calculated checksum: 27aac764
# [2024-05-08 07:49:40] INFO: Writing RNGSTATE file: ./rand_s060t20_b0671320_a_U000525500
# [2024-05-08 07:49:40] INFO: Writing to disk took 7.85824 seconds
# [2024-05-08 07:49:40] INFO: ======================================================================
# [2024-05-08 07:49:40] INFO: Start sweeping...
# [2024-05-08 07:56:21] INFO: It took 401.237 seconds to do 500 HBOR sweeps.
# [2024-05-08 07:56:21] INFO: Plaquette = 0.653522
# [2024-05-08 07:56:21] INFO: Polyakov loop = (-0.000294942,0.00160962)
# [2024-05-08 07:56:21] INFO: Writing conf to disk...
# [2024-05-08 07:56:21] INFO: writeconf_nersc: Writing NERSC configuration ./conf_s060t20_b0671320_a_U000526000
# [2024-05-08 07:56:24] INFO: Calculated checksum: a54cadef
# [2024-05-08 07:56:29] INFO: Calculated checksum: a29ea0c9
# [2024-05-08 07:56:29] INFO: Writing RNGSTATE file: ./rand_s060t20_b0671320_a_U000526000
# [2024-05-08 07:56:29] INFO: Writing to disk took 7.65894 seconds
# [2024-05-08 07:56:29] INFO: ======================================================================
# [2024-05-08 07:56:29] INFO: Start sweeping...
# [2024-05-08 08:03:10] INFO: It took 401.228 seconds to do 500 HBOR sweeps.
# [2024-05-08 08:03:10] INFO: Plaquette = 0.653556
# [2024-05-08 08:03:10] INFO: Polyakov loop = (-0.00124475,0.000195664)
# [2024-05-08 08:03:10] INFO: Writing conf to disk...
# [2024-05-08 08:03:10] INFO: writeconf_nersc: Writing NERSC configuration ./conf_s060t20_b0671320_a_U000526500
# [2024-05-08 08:03:13] INFO: Calculated checksum: f71cd737
# [2024-05-08 08:03:18] INFO: Calculated checksum: c3a8b80c
# [2024-05-08 08:03:18] INFO: Writing RNGSTATE file: ./rand_s060t20_b0671320_a_U000526500
# [2024-05-08 08:03:18] INFO: Writing to disk took 7.43522 seconds
# [2024-05-08 08:03:18] INFO: ======================================================================
# [2024-05-08 08:03:18] INFO: Start sweeping...
# [2024-05-08 08:09:59] INFO: It took 401.229 seconds to do 500 HBOR sweeps.
# [2024-05-08 08:09:59] INFO: Plaquette = 0.65347
# [2024-05-08 08:09:59] INFO: Polyakov loop = (-0.000375422,0.000868713)
# [2024-05-08 08:09:59] INFO: Writing conf to disk...
# [2024-05-08 08:09:59] INFO: writeconf_nersc: Writing NERSC configuration ./conf_s060t20_b0671320_a_U000527000
# [2024-05-08 08:10:02] INFO: Calculated checksum: ee80e64c
# [2024-05-08 08:10:07] INFO: Calculated checksum: ab6095cc
# [2024-05-08 08:10:07] INFO: Writing RNGSTATE file: ./rand_s060t20_b0671320_a_U000527000
# [2024-05-08 08:10:07] INFO: Writing to disk took 7.60366 seconds
# [2024-05-08 08:10:07] INFO: ======================================================================
# [2024-05-08 08:10:07] INFO: Start sweeping...
# [2024-05-08 08:16:48] INFO: It took 401.118 seconds to do 500 HBOR sweeps.
# [2024-05-08 08:16:48] INFO: Plaquette = 0.653479
# [2024-05-08 08:16:48] INFO: Polyakov loop = (-0.00149581,0.0013288)
# [2024-05-08 08:16:48] INFO: Writing conf to disk...
# [2024-05-08 08:16:48] INFO: writeconf_nersc: Writing NERSC configuration ./conf_s060t20_b0671320_a_U000527500
# [2024-05-08 08:16:51] INFO: Calculated checksum: e7c3288e
# [2024-05-08 08:16:56] INFO: Calculated checksum: fb4295ad
# [2024-05-08 08:16:56] INFO: Writing RNGSTATE file: ./rand_s060t20_b0671320_a_U000527500
# [2024-05-08 08:16:56] INFO: Writing to disk took 7.90505 seconds
# [2024-05-08 08:16:56] INFO: ======================================================================
# [2024-05-08 08:16:56] INFO: Start sweeping...
# [2024-05-08 08:23:37] INFO: It took 401.086 seconds to do 500 HBOR sweeps.
# [2024-05-08 08:23:37] INFO: Plaquette = 0.653476
# [2024-05-08 08:23:37] INFO: Polyakov loop = (-0.000613381,0.00224148)
# [2024-05-08 08:23:37] INFO: Writing conf to disk...
# [2024-05-08 08:23:37] INFO: writeconf_nersc: Writing NERSC configuration ./conf_s060t20_b0671320_a_U000528000
# [2024-05-08 08:23:40] INFO: Calculated checksum: 6e3d7d25
# [2024-05-08 08:23:45] INFO: Calculated checksum: 7779f2a7
# [2024-05-08 08:23:45] INFO: Writing RNGSTATE file: ./rand_s060t20_b0671320_a_U000528000
# [2024-05-08 08:23:45] INFO: Writing to disk took 7.61548 seconds
# [2024-05-08 08:23:45] INFO: ======================================================================
# [2024-05-08 08:23:45] INFO: Start sweeping...
# [2024-05-08 08:30:26] INFO: It took 401.029 seconds to do 500 HBOR sweeps.
# [2024-05-08 08:30:26] INFO: Plaquette = 0.653498
# [2024-05-08 08:30:26] INFO: Polyakov loop = (-0.00083154,0.00223947)
# [2024-05-08 08:30:26] INFO: Writing conf to disk...
# [2024-05-08 08:30:26] INFO: writeconf_nersc: Writing NERSC configuration ./conf_s060t20_b0671320_a_U000528500
# [2024-05-08 08:30:29] INFO: Calculated checksum: dade1c67
# [2024-05-08 08:30:33] INFO: Calculated checksum: 9df2b94d
# [2024-05-08 08:30:33] INFO: Writing RNGSTATE file: ./rand_s060t20_b0671320_a_U000528500
# [2024-05-08 08:30:34] INFO: Writing to disk took 7.78877 seconds
# [2024-05-08 08:30:34] INFO: ======================================================================
# [2024-05-08 08:30:34] INFO: Start sweeping...
# [2024-05-08 08:37:15] INFO: It took 401.091 seconds to do 500 HBOR sweeps.
# [2024-05-08 08:37:15] INFO: Plaquette = 0.653464
# [2024-05-08 08:37:15] INFO: Polyakov loop = (-0.00181042,0.0010977)
# [2024-05-08 08:37:15] INFO: Writing conf to disk...
# [2024-05-08 08:37:15] INFO: writeconf_nersc: Writing NERSC configuration ./conf_s060t20_b0671320_a_U000529000
# [2024-05-08 08:37:18] INFO: Calculated checksum: 41acc308
# [2024-05-08 08:37:22] INFO: Calculated checksum: 90e61b42
# [2024-05-08 08:37:22] INFO: Writing RNGSTATE file: ./rand_s060t20_b0671320_a_U000529000
# [2024-05-08 08:37:22] INFO: Writing to disk took 7.48324 seconds
# [2024-05-08 08:37:22] INFO: ======================================================================
# [2024-05-08 08:37:22] INFO: Start sweeping...
# [2024-05-08 08:44:03] INFO: It took 400.993 seconds to do 500 HBOR sweeps.
# [2024-05-08 08:44:03] INFO: Plaquette = 0.653447
# [2024-05-08 08:44:03] INFO: Polyakov loop = (-0.000858831,0.00119391)
# [2024-05-08 08:44:03] INFO: Writing conf to disk...
# [2024-05-08 08:44:03] INFO: writeconf_nersc: Writing NERSC configuration ./conf_s060t20_b0671320_a_U000529500
# [2024-05-08 08:44:06] INFO: Calculated checksum: b1de967e
# [2024-05-08 08:44:11] INFO: Calculated checksum: 4d245537
# [2024-05-08 08:44:11] INFO: Writing RNGSTATE file: ./rand_s060t20_b0671320_a_U000529500
# [2024-05-08 08:44:11] INFO: Writing to disk took 7.59777 seconds
# [2024-05-08 08:44:11] INFO: ======================================================================
# [2024-05-08 08:44:11] INFO: Start sweeping...
# [2024-05-08 08:50:52] INFO: It took 400.933 seconds to do 500 HBOR sweeps.
# [2024-05-08 08:50:52] INFO: Plaquette = 0.653506
# [2024-05-08 08:50:52] INFO: Polyakov loop = (-0.00165151,0.000404318)
# [2024-05-08 08:50:52] INFO: Writing conf to disk...
# [2024-05-08 08:50:52] INFO: writeconf_nersc: Writing NERSC configuration ./conf_s060t20_b0671320_a_U000530000
# [2024-05-08 08:50:55] INFO: Calculated checksum: a6a97ba3
# [2024-05-08 08:51:03] INFO: Calculated checksum: 5bda88f6
# [2024-05-08 08:51:03] INFO: Writing RNGSTATE file: ./rand_s060t20_b0671320_a_U000530000
# [2024-05-08 08:51:03] INFO: Writing to disk took 10.9555 seconds
# [2024-05-08 08:51:03] INFO: ======================================================================
# [2024-05-08 08:51:03] INFO: Start sweeping...
# [2024-05-08 08:57:44] INFO: It took 400.894 seconds to do 500 HBOR sweeps.
# [2024-05-08 08:57:44] INFO: Plaquette = 0.653481
# [2024-05-08 08:57:44] INFO: Polyakov loop = (-0.000130538,0.000761089)
# [2024-05-08 08:57:44] INFO: Writing conf to disk...
# [2024-05-08 08:57:44] INFO: writeconf_nersc: Writing NERSC configuration ./conf_s060t20_b0671320_a_U000530500
# [2024-05-08 08:57:47] INFO: Calculated checksum: 80194d25
# [2024-05-08 08:57:51] INFO: Calculated checksum: 1ffa2ad9
# [2024-05-08 08:57:51] INFO: Writing RNGSTATE file: ./rand_s060t20_b0671320_a_U000530500
# [2024-05-08 08:57:51] INFO: Writing to disk took 7.57226 seconds
# [2024-05-08 08:57:51] INFO: ======================================================================
# [2024-05-08 08:57:51] INFO: Start sweeping...
# [2024-05-08 09:04:32] INFO: It took 401.106 seconds to do 500 HBOR sweeps.
# [2024-05-08 09:04:32] INFO: Plaquette = 0.653511
# [2024-05-08 09:04:32] INFO: Polyakov loop = (-0.00161021,0.000421904)
# [2024-05-08 09:04:32] INFO: Writing conf to disk...
# [2024-05-08 09:04:32] INFO: writeconf_nersc: Writing NERSC configuration ./conf_s060t20_b0671320_a_U000531000
# [2024-05-08 09:04:35] INFO: Calculated checksum: afba869d
# [2024-05-08 09:04:40] INFO: Calculated checksum: b4c018e6
# [2024-05-08 09:04:40] INFO: Writing RNGSTATE file: ./rand_s060t20_b0671320_a_U000531000
# [2024-05-08 09:04:40] INFO: Writing to disk took 7.59633 seconds
# [2024-05-08 09:04:40] INFO: ======================================================================
# [2024-05-08 09:04:40] INFO: Start sweeping...
# [2024-05-08 09:11:21] INFO: It took 401.028 seconds to do 500 HBOR sweeps.
# [2024-05-08 09:11:21] INFO: Plaquette = 0.653579
# [2024-05-08 09:11:21] INFO: Polyakov loop = (0.000805988,-0.000205143)
# [2024-05-08 09:11:21] INFO: Writing conf to disk...
# [2024-05-08 09:11:21] INFO: writeconf_nersc: Writing NERSC configuration ./conf_s060t20_b0671320_a_U000531500
# [2024-05-08 09:11:24] INFO: Calculated checksum: a842b4fb
# [2024-05-08 09:11:29] INFO: Calculated checksum: 89b9a3e9
# [2024-05-08 09:11:29] INFO: Writing RNGSTATE file: ./rand_s060t20_b0671320_a_U000531500
# [2024-05-08 09:11:29] INFO: Writing to disk took 7.70634 seconds
# [2024-05-08 09:11:29] INFO: ======================================================================
# [2024-05-08 09:11:29] INFO: Start sweeping...
# [2024-05-08 09:18:10] INFO: It took 400.954 seconds to do 500 HBOR sweeps.
# [2024-05-08 09:18:10] INFO: Plaquette = 0.653462
# [2024-05-08 09:18:10] INFO: Polyakov loop = (-0.000703589,-0.00019302)
# [2024-05-08 09:18:10] INFO: Writing conf to disk...
# [2024-05-08 09:18:10] INFO: writeconf_nersc: Writing NERSC configuration ./conf_s060t20_b0671320_a_U000532000
# [2024-05-08 09:18:13] INFO: Calculated checksum: 4f085215
# [2024-05-08 09:18:17] INFO: Calculated checksum: 5442e69b
# [2024-05-08 09:18:17] INFO: Writing RNGSTATE file: ./rand_s060t20_b0671320_a_U000532000
# [2024-05-08 09:18:17] INFO: Writing to disk took 7.4504 seconds
# [2024-05-08 09:18:17] INFO: ======================================================================
# [2024-05-08 09:18:17] INFO: Start sweeping...
# [2024-05-08 09:24:58] INFO: It took 401.084 seconds to do 500 HBOR sweeps.
# [2024-05-08 09:24:58] INFO: Plaquette = 0.653458
# [2024-05-08 09:24:58] INFO: Polyakov loop = (-0.000571214,-0.000347445)
# [2024-05-08 09:24:58] INFO: Writing conf to disk...
# [2024-05-08 09:24:58] INFO: writeconf_nersc: Writing NERSC configuration ./conf_s060t20_b0671320_a_U000532500
# [2024-05-08 09:25:01] INFO: Calculated checksum: a81bb8f9
# [2024-05-08 09:25:06] INFO: Calculated checksum: 7fe900cd
# [2024-05-08 09:25:06] INFO: Writing RNGSTATE file: ./rand_s060t20_b0671320_a_U000532500
# [2024-05-08 09:25:06] INFO: Writing to disk took 7.41304 seconds
# [2024-05-08 09:25:06] INFO: ======================================================================
# [2024-05-08 09:25:06] INFO: Start sweeping...
# [2024-05-08 09:31:47] INFO: It took 401.159 seconds to do 500 HBOR sweeps.
# [2024-05-08 09:31:47] INFO: Plaquette = 0.6535
# [2024-05-08 09:31:47] INFO: Polyakov loop = (-0.00081381,-0.0015887)
# [2024-05-08 09:31:47] INFO: Writing conf to disk...
# [2024-05-08 09:31:47] INFO: writeconf_nersc: Writing NERSC configuration ./conf_s060t20_b0671320_a_U000533000
# [2024-05-08 09:31:50] INFO: Calculated checksum: c7d7092a
# [2024-05-08 09:31:54] INFO: Calculated checksum: 3e84f4b4
# [2024-05-08 09:31:54] INFO: Writing RNGSTATE file: ./rand_s060t20_b0671320_a_U000533000
# [2024-05-08 09:31:54] INFO: Writing to disk took 7.43734 seconds
# [2024-05-08 09:31:54] INFO: ======================================================================
# [2024-05-08 09:31:54] INFO: Start sweeping...
# [2024-05-08 09:38:36] INFO: It took 401.037 seconds to do 500 HBOR sweeps.
# [2024-05-08 09:38:36] INFO: Plaquette = 0.65347
# [2024-05-08 09:38:36] INFO: Polyakov loop = (-0.000866727,-0.00149905)
# [2024-05-08 09:38:36] INFO: Writing conf to disk...
# [2024-05-08 09:38:36] INFO: writeconf_nersc: Writing NERSC configuration ./conf_s060t20_b0671320_a_U000533500
# [2024-05-08 09:38:38] INFO: Calculated checksum: 6f88c67f
# [2024-05-08 09:38:43] INFO: Calculated checksum: fa3d8255
# [2024-05-08 09:38:43] INFO: Writing RNGSTATE file: ./rand_s060t20_b0671320_a_U000533500
# [2024-05-08 09:38:43] INFO: Writing to disk took 7.51136 seconds
# [2024-05-08 09:38:43] INFO: ======================================================================
# [2024-05-08 09:38:43] INFO: Start sweeping...
# [2024-05-08 09:45:24] INFO: It took 401.022 seconds to do 500 HBOR sweeps.
# [2024-05-08 09:45:24] INFO: Plaquette = 0.653485
# [2024-05-08 09:45:24] INFO: Polyakov loop = (-0.000838416,-0.00091073)
# [2024-05-08 09:45:24] INFO: Writing conf to disk...
# [2024-05-08 09:45:24] INFO: writeconf_nersc: Writing NERSC configuration ./conf_s060t20_b0671320_a_U000534000
# [2024-05-08 09:45:27] INFO: Calculated checksum: a0be0dec
# [2024-05-08 09:45:32] INFO: Calculated checksum: b415cac0
# [2024-05-08 09:45:32] INFO: Writing RNGSTATE file: ./rand_s060t20_b0671320_a_U000534000
# [2024-05-08 09:45:32] INFO: Writing to disk took 7.62236 seconds
# [2024-05-08 09:45:32] INFO: ======================================================================
# [2024-05-08 09:45:32] INFO: Start sweeping...
# [2024-05-08 09:52:13] INFO: It took 401.118 seconds to do 500 HBOR sweeps.
# [2024-05-08 09:52:13] INFO: Plaquette = 0.65356
# [2024-05-08 09:52:13] INFO: Polyakov loop = (-0.00110312,-0.00187478)
# [2024-05-08 09:52:13] INFO: Writing conf to disk...
# [2024-05-08 09:52:13] INFO: writeconf_nersc: Writing NERSC configuration ./conf_s060t20_b0671320_a_U000534500
# [2024-05-08 09:52:16] INFO: Calculated checksum: 9e687afa
# [2024-05-08 09:52:20] INFO: Calculated checksum: 932a0af4
# [2024-05-08 09:52:20] INFO: Writing RNGSTATE file: ./rand_s060t20_b0671320_a_U000534500
# [2024-05-08 09:52:21] INFO: Writing to disk took 7.59989 seconds
# [2024-05-08 09:52:21] INFO: ======================================================================
# [2024-05-08 09:52:21] INFO: Start sweeping...
# [2024-05-08 09:59:02] INFO: It took 401.071 seconds to do 500 HBOR sweeps.
# [2024-05-08 09:59:02] INFO: Plaquette = 0.653486
# [2024-05-08 09:59:02] INFO: Polyakov loop = (0.000109365,-0.000381164)
# [2024-05-08 09:59:02] INFO: Writing conf to disk...
# [2024-05-08 09:59:02] INFO: writeconf_nersc: Writing NERSC configuration ./conf_s060t20_b0671320_a_U000535000
# [2024-05-08 09:59:05] INFO: Calculated checksum: b0f76180
# [2024-05-08 09:59:09] INFO: Calculated checksum: 3c53bab9
# [2024-05-08 09:59:09] INFO: Writing RNGSTATE file: ./rand_s060t20_b0671320_a_U000535000
# [2024-05-08 09:59:09] INFO: Writing to disk took 7.63154 seconds
# [2024-05-08 09:59:09] INFO: ======================================================================
# [2024-05-08 09:59:09] INFO: Start sweeping...
# [2024-05-08 10:05:51] INFO: It took 401.212 seconds to do 500 HBOR sweeps.
# [2024-05-08 10:05:51] INFO: Plaquette = 0.653556
# [2024-05-08 10:05:51] INFO: Polyakov loop = (-0.000619617,-0.00101653)
# [2024-05-08 10:05:51] INFO: Writing conf to disk...
# [2024-05-08 10:05:51] INFO: writeconf_nersc: Writing NERSC configuration ./conf_s060t20_b0671320_a_U000535500
# [2024-05-08 10:05:53] INFO: Calculated checksum: bca6504f
# [2024-05-08 10:05:59] INFO: Calculated checksum: fa12cf9e
# [2024-05-08 10:05:59] INFO: Writing RNGSTATE file: ./rand_s060t20_b0671320_a_U000535500
# [2024-05-08 10:05:59] INFO: Writing to disk took 8.10976 seconds
# [2024-05-08 10:05:59] INFO: ======================================================================
# [2024-05-08 10:05:59] INFO: Start sweeping...
# [2024-05-08 10:12:40] INFO: It took 401.18 seconds to do 500 HBOR sweeps.
# [2024-05-08 10:12:40] INFO: Plaquette = 0.653511
# [2024-05-08 10:12:40] INFO: Polyakov loop = (-0.000734936,-0.00129693)
# [2024-05-08 10:12:40] INFO: Writing conf to disk...
# [2024-05-08 10:12:40] INFO: writeconf_nersc: Writing NERSC configuration ./conf_s060t20_b0671320_a_U000536000
# [2024-05-08 10:12:43] INFO: Calculated checksum: 664f584d
# [2024-05-08 10:12:48] INFO: Calculated checksum: 5e6e467e
# [2024-05-08 10:12:48] INFO: Writing RNGSTATE file: ./rand_s060t20_b0671320_a_U000536000
# [2024-05-08 10:12:48] INFO: Writing to disk took 7.86623 seconds
# [2024-05-08 10:12:48] INFO: ======================================================================
# [2024-05-08 10:12:48] INFO: Start sweeping...
# [2024-05-08 10:19:29] INFO: It took 401.2 seconds to do 500 HBOR sweeps.
# [2024-05-08 10:19:29] INFO: Plaquette = 0.65341
# [2024-05-08 10:19:29] INFO: Polyakov loop = (-0.000480443,-0.00140143)
# [2024-05-08 10:19:29] INFO: Writing conf to disk...
# [2024-05-08 10:19:29] INFO: writeconf_nersc: Writing NERSC configuration ./conf_s060t20_b0671320_a_U000536500
# [2024-05-08 10:19:32] INFO: Calculated checksum: 8bdb658c
# [2024-05-08 10:19:36] INFO: Calculated checksum: 24fd7879
# [2024-05-08 10:19:36] INFO: Writing RNGSTATE file: ./rand_s060t20_b0671320_a_U000536500
# [2024-05-08 10:19:37] INFO: Writing to disk took 7.58444 seconds
# [2024-05-08 10:19:37] INFO: ======================================================================
# [2024-05-08 10:19:37] INFO: Start sweeping...
# [2024-05-08 10:26:18] INFO: It took 401.078 seconds to do 500 HBOR sweeps.
# [2024-05-08 10:26:18] INFO: Plaquette = 0.653572
# [2024-05-08 10:26:18] INFO: Polyakov loop = (-0.000857759,-0.00249557)
# [2024-05-08 10:26:18] INFO: Writing conf to disk...
# [2024-05-08 10:26:18] INFO: writeconf_nersc: Writing NERSC configuration ./conf_s060t20_b0671320_a_U000537000
# [2024-05-08 10:26:21] INFO: Calculated checksum: dd23139b
# [2024-05-08 10:26:25] INFO: Calculated checksum: d6a9c0c8
# [2024-05-08 10:26:25] INFO: Writing RNGSTATE file: ./rand_s060t20_b0671320_a_U000537000
# [2024-05-08 10:26:25] INFO: Writing to disk took 7.70847 seconds
# [2024-05-08 10:26:25] INFO: ======================================================================
# [2024-05-08 10:26:25] INFO: Start sweeping...
# [2024-05-08 10:33:06] INFO: It took 401.03 seconds to do 500 HBOR sweeps.
# [2024-05-08 10:33:07] INFO: Plaquette = 0.653488
# [2024-05-08 10:33:07] INFO: Polyakov loop = (-0.000892868,-0.00178842)
# [2024-05-08 10:33:07] INFO: Writing conf to disk...
# [2024-05-08 10:33:07] INFO: writeconf_nersc: Writing NERSC configuration ./conf_s060t20_b0671320_a_U000537500
# [2024-05-08 10:33:09] INFO: Calculated checksum: ce82f384
# [2024-05-08 10:33:14] INFO: Calculated checksum: 69b975e0
# [2024-05-08 10:33:14] INFO: Writing RNGSTATE file: ./rand_s060t20_b0671320_a_U000537500
# [2024-05-08 10:33:14] INFO: Writing to disk took 7.60745 seconds
# [2024-05-08 10:33:14] INFO: ======================================================================
# [2024-05-08 10:33:14] INFO: Start sweeping...
# [2024-05-08 10:39:55] INFO: It took 401.056 seconds to do 500 HBOR sweeps.
# [2024-05-08 10:39:55] INFO: Plaquette = 0.653653
# [2024-05-08 10:39:55] INFO: Polyakov loop = (-0.000522882,-0.000760744)
# [2024-05-08 10:39:55] INFO: Writing conf to disk...
# [2024-05-08 10:39:55] INFO: writeconf_nersc: Writing NERSC configuration ./conf_s060t20_b0671320_a_U000538000
# [2024-05-08 10:39:58] INFO: Calculated checksum: 8064b8a8
# [2024-05-08 10:40:03] INFO: Calculated checksum: e8d38a85
# [2024-05-08 10:40:03] INFO: Writing RNGSTATE file: ./rand_s060t20_b0671320_a_U000538000
# [2024-05-08 10:40:03] INFO: Writing to disk took 8.05689 seconds
# [2024-05-08 10:40:03] INFO: ======================================================================
# [2024-05-08 10:40:03] INFO: Start sweeping...
# [2024-05-08 10:46:44] INFO: It took 401.042 seconds to do 500 HBOR sweeps.
# [2024-05-08 10:46:44] INFO: Plaquette = 0.653434
# [2024-05-08 10:46:44] INFO: Polyakov loop = (4.73426e-05,-0.00111456)
# [2024-05-08 10:46:44] INFO: Writing conf to disk...
# [2024-05-08 10:46:44] INFO: writeconf_nersc: Writing NERSC configuration ./conf_s060t20_b0671320_a_U000538500
# [2024-05-08 10:46:47] INFO: Calculated checksum: 8e840da0
# [2024-05-08 10:46:52] INFO: Calculated checksum: f4bd96b7
# [2024-05-08 10:46:52] INFO: Writing RNGSTATE file: ./rand_s060t20_b0671320_a_U000538500
# [2024-05-08 10:46:52] INFO: Writing to disk took 7.60178 seconds
# [2024-05-08 10:46:52] INFO: ======================================================================
# [2024-05-08 10:46:52] INFO: Start sweeping...
# [2024-05-08 10:53:33] INFO: It took 400.903 seconds to do 500 HBOR sweeps.
# [2024-05-08 10:53:33] INFO: Plaquette = 0.653435
# [2024-05-08 10:53:33] INFO: Polyakov loop = (0.000102019,-0.00130809)
# [2024-05-08 10:53:33] INFO: Writing conf to disk...
# [2024-05-08 10:53:33] INFO: writeconf_nersc: Writing NERSC configuration ./conf_s060t20_b0671320_a_U000539000
# [2024-05-08 10:53:36] INFO: Calculated checksum: 261689e4
# [2024-05-08 10:53:41] INFO: Calculated checksum: c1c21799
# [2024-05-08 10:53:41] INFO: Writing RNGSTATE file: ./rand_s060t20_b0671320_a_U000539000
# [2024-05-08 10:53:41] INFO: Writing to disk took 7.81063 seconds
# [2024-05-08 10:53:41] INFO: ======================================================================
# [2024-05-08 10:53:41] INFO: Start sweeping...
# [2024-05-08 11:00:22] INFO: It took 401.068 seconds to do 500 HBOR sweeps.
# [2024-05-08 11:00:22] INFO: Plaquette = 0.65348
# [2024-05-08 11:00:22] INFO: Polyakov loop = (-0.000768347,-0.00116264)
# [2024-05-08 11:00:22] INFO: Writing conf to disk...
# [2024-05-08 11:00:22] INFO: writeconf_nersc: Writing NERSC configuration ./conf_s060t20_b0671320_a_U000539500
# [2024-05-08 11:00:25] INFO: Calculated checksum: fd0f4953
# [2024-05-08 11:00:29] INFO: Calculated checksum: 1ba173f0
# [2024-05-08 11:00:29] INFO: Writing RNGSTATE file: ./rand_s060t20_b0671320_a_U000539500
# [2024-05-08 11:00:30] INFO: Writing to disk took 7.68924 seconds
# [2024-05-08 11:00:30] INFO: ======================================================================
# [2024-05-08 11:00:30] INFO: Start sweeping...
# [2024-05-08 11:07:11] INFO: It took 400.977 seconds to do 500 HBOR sweeps.
# [2024-05-08 11:07:11] INFO: Plaquette = 0.653522
# [2024-05-08 11:07:11] INFO: Polyakov loop = (8.0109e-05,-0.00245222)
# [2024-05-08 11:07:11] INFO: Writing conf to disk...
# [2024-05-08 11:07:11] INFO: writeconf_nersc: Writing NERSC configuration ./conf_s060t20_b0671320_a_U000540000
# [2024-05-08 11:07:13] INFO: Calculated checksum: 4315369c
# [2024-05-08 11:07:18] INFO: Calculated checksum: a21feef8
# [2024-05-08 11:07:18] INFO: Writing RNGSTATE file: ./rand_s060t20_b0671320_a_U000540000
# [2024-05-08 11:07:18] INFO: Writing to disk took 7.69617 seconds
# [2024-05-08 11:07:18] INFO: ======================================================================
# [2024-05-08 11:07:18] INFO: Start sweeping...
# [2024-05-08 11:13:59] INFO: It took 400.977 seconds to do 500 HBOR sweeps.
# [2024-05-08 11:13:59] INFO: Plaquette = 0.653527
# [2024-05-08 11:13:59] INFO: Polyakov loop = (-0.000838658,-0.00134536)
# [2024-05-08 11:13:59] INFO: Writing conf to disk...
# [2024-05-08 11:13:59] INFO: writeconf_nersc: Writing NERSC configuration ./conf_s060t20_b0671320_a_U000540500
# [2024-05-08 11:14:02] INFO: Calculated checksum: 2614dbf8
# [2024-05-08 11:14:07] INFO: Calculated checksum: 3c4bc420
# [2024-05-08 11:14:07] INFO: Writing RNGSTATE file: ./rand_s060t20_b0671320_a_U000540500
# [2024-05-08 11:14:07] INFO: Writing to disk took 8.06162 seconds
# [2024-05-08 11:14:07] INFO: ======================================================================
# [2024-05-08 11:14:07] INFO: Start sweeping...
# [2024-05-08 11:20:48] INFO: It took 400.923 seconds to do 500 HBOR sweeps.
# [2024-05-08 11:20:48] INFO: Plaquette = 0.65349
# [2024-05-08 11:20:48] INFO: Polyakov loop = (-0.000914222,-0.00176559)
# [2024-05-08 11:20:48] INFO: Writing conf to disk...
# [2024-05-08 11:20:48] INFO: writeconf_nersc: Writing NERSC configuration ./conf_s060t20_b0671320_a_U000541000
# [2024-05-08 11:20:51] INFO: Calculated checksum: 6d542f8
# [2024-05-08 11:20:56] INFO: Calculated checksum: ede50709
# [2024-05-08 11:20:56] INFO: Writing RNGSTATE file: ./rand_s060t20_b0671320_a_U000541000
# [2024-05-08 11:20:56] INFO: Writing to disk took 7.86124 seconds
# [2024-05-08 11:20:56] INFO: ======================================================================
# [2024-05-08 11:20:56] INFO: Start sweeping...
# [2024-05-08 11:27:37] INFO: It took 400.962 seconds to do 500 HBOR sweeps.
# [2024-05-08 11:27:37] INFO: Plaquette = 0.653482
# [2024-05-08 11:27:37] INFO: Polyakov loop = (0.000420509,-0.000880116)
# [2024-05-08 11:27:37] INFO: Writing conf to disk...
# [2024-05-08 11:27:37] INFO: writeconf_nersc: Writing NERSC configuration ./conf_s060t20_b0671320_a_U000541500
# [2024-05-08 11:27:40] INFO: Calculated checksum: f201b70f
# [2024-05-08 11:27:45] INFO: Calculated checksum: a8c42b28
# [2024-05-08 11:27:45] INFO: Writing RNGSTATE file: ./rand_s060t20_b0671320_a_U000541500
# [2024-05-08 11:27:45] INFO: Writing to disk took 7.61041 seconds
# [2024-05-08 11:27:45] INFO: ======================================================================
# [2024-05-08 11:27:45] INFO: Start sweeping...
# [2024-05-08 11:34:26] INFO: It took 401.084 seconds to do 500 HBOR sweeps.
# [2024-05-08 11:34:26] INFO: Plaquette = 0.653463
# [2024-05-08 11:34:26] INFO: Polyakov loop = (-0.000606684,-0.00114087)
# [2024-05-08 11:34:26] INFO: Writing conf to disk...
# [2024-05-08 11:34:26] INFO: writeconf_nersc: Writing NERSC configuration ./conf_s060t20_b0671320_a_U000542000
# [2024-05-08 11:34:29] INFO: Calculated checksum: bb862328
# [2024-05-08 11:34:34] INFO: Calculated checksum: 23dce665
# [2024-05-08 11:34:34] INFO: Writing RNGSTATE file: ./rand_s060t20_b0671320_a_U000542000
# [2024-05-08 11:34:34] INFO: Writing to disk took 7.78116 seconds
# [2024-05-08 11:34:34] INFO: ======================================================================
# [2024-05-08 11:34:34] INFO: Start sweeping...
# [2024-05-08 11:41:15] INFO: It took 401.118 seconds to do 500 HBOR sweeps.
# [2024-05-08 11:41:15] INFO: Plaquette = 0.653575
# [2024-05-08 11:41:15] INFO: Polyakov loop = (0.000323835,-0.00104352)
# [2024-05-08 11:41:15] INFO: Writing conf to disk...
# [2024-05-08 11:41:15] INFO: writeconf_nersc: Writing NERSC configuration ./conf_s060t20_b0671320_a_U000542500
# [2024-05-08 11:41:18] INFO: Calculated checksum: 5cc98004
# [2024-05-08 11:41:23] INFO: Calculated checksum: 3453a2d4
# [2024-05-08 11:41:23] INFO: Writing RNGSTATE file: ./rand_s060t20_b0671320_a_U000542500
# [2024-05-08 11:41:23] INFO: Writing to disk took 7.77972 seconds
# [2024-05-08 11:41:23] INFO: ======================================================================
# [2024-05-08 11:41:23] INFO: Start sweeping...
# [2024-05-08 11:48:04] INFO: It took 401.061 seconds to do 500 HBOR sweeps.
# [2024-05-08 11:48:04] INFO: Plaquette = 0.653503
# [2024-05-08 11:48:04] INFO: Polyakov loop = (-0.000300133,-0.000807325)
# [2024-05-08 11:48:04] INFO: Writing conf to disk...
# [2024-05-08 11:48:04] INFO: writeconf_nersc: Writing NERSC configuration ./conf_s060t20_b0671320_a_U000543000
# [2024-05-08 11:48:07] INFO: Calculated checksum: 6de7385b
# [2024-05-08 11:48:11] INFO: Calculated checksum: 71445d4f
# [2024-05-08 11:48:11] INFO: Writing RNGSTATE file: ./rand_s060t20_b0671320_a_U000543000
# [2024-05-08 11:48:11] INFO: Writing to disk took 7.60494 seconds
# [2024-05-08 11:48:11] INFO: ======================================================================
# [2024-05-08 11:48:11] INFO: Start sweeping...
# [2024-05-08 11:54:53] INFO: It took 401.101 seconds to do 500 HBOR sweeps.
# [2024-05-08 11:54:53] INFO: Plaquette = 0.653516
# [2024-05-08 11:54:53] INFO: Polyakov loop = (-0.00041726,-0.00124832)
# [2024-05-08 11:54:53] INFO: Writing conf to disk...
# [2024-05-08 11:54:53] INFO: writeconf_nersc: Writing NERSC configuration ./conf_s060t20_b0671320_a_U000543500
# [2024-05-08 11:54:55] INFO: Calculated checksum: f18c4fa8
# [2024-05-08 11:55:00] INFO: Calculated checksum: 381152dd
# [2024-05-08 11:55:00] INFO: Writing RNGSTATE file: ./rand_s060t20_b0671320_a_U000543500
# [2024-05-08 11:55:00] INFO: Writing to disk took 7.62395 seconds
# [2024-05-08 11:55:00] INFO: ======================================================================
# [2024-05-08 11:55:00] INFO: Start sweeping...
# [2024-05-08 12:01:41] INFO: It took 401.191 seconds to do 500 HBOR sweeps.
# [2024-05-08 12:01:41] INFO: Plaquette = 0.653593
# [2024-05-08 12:01:41] INFO: Polyakov loop = (-0.00084774,-0.00107834)
# [2024-05-08 12:01:41] INFO: Writing conf to disk...
# [2024-05-08 12:01:41] INFO: writeconf_nersc: Writing NERSC configuration ./conf_s060t20_b0671320_a_U000544000
# [2024-05-08 12:01:44] INFO: Calculated checksum: 3a5f7cf8
# [2024-05-08 12:01:49] INFO: Calculated checksum: bd9f5fa
# [2024-05-08 12:01:49] INFO: Writing RNGSTATE file: ./rand_s060t20_b0671320_a_U000544000
# [2024-05-08 12:01:49] INFO: Writing to disk took 7.84072 seconds
# [2024-05-08 12:01:49] INFO: ======================================================================
# [2024-05-08 12:01:49] INFO: Start sweeping...
# [2024-05-08 12:08:30] INFO: It took 401.097 seconds to do 500 HBOR sweeps.
# [2024-05-08 12:08:30] INFO: Plaquette = 0.653504
# [2024-05-08 12:08:30] INFO: Polyakov loop = (-0.000615651,-9.22483e-05)
# [2024-05-08 12:08:30] INFO: Writing conf to disk...
# [2024-05-08 12:08:30] INFO: writeconf_nersc: Writing NERSC configuration ./conf_s060t20_b0671320_a_U000544500
# [2024-05-08 12:08:33] INFO: Calculated checksum: c3299f9c
# [2024-05-08 12:08:39] INFO: Calculated checksum: 60fb82fc
# [2024-05-08 12:08:39] INFO: Writing RNGSTATE file: ./rand_s060t20_b0671320_a_U000544500
# [2024-05-08 12:08:39] INFO: Writing to disk took 8.39565 seconds
# [2024-05-08 12:08:39] INFO: ======================================================================
# [2024-05-08 12:08:39] INFO: Start sweeping...
# [2024-05-08 12:15:20] INFO: It took 401.043 seconds to do 500 HBOR sweeps.
# [2024-05-08 12:15:20] INFO: Plaquette = 0.653584
# [2024-05-08 12:15:20] INFO: Polyakov loop = (-0.000567958,-0.00151371)
# [2024-05-08 12:15:20] INFO: Writing conf to disk...
# [2024-05-08 12:15:20] INFO: writeconf_nersc: Writing NERSC configuration ./conf_s060t20_b0671320_a_U000545000
# [2024-05-08 12:15:23] INFO: Calculated checksum: a225ab5
# [2024-05-08 12:15:27] INFO: Calculated checksum: b3cc9863
# [2024-05-08 12:15:27] INFO: Writing RNGSTATE file: ./rand_s060t20_b0671320_a_U000545000
# [2024-05-08 12:15:28] INFO: Writing to disk took 8.0263 seconds
# [2024-05-08 12:15:28] INFO: ======================================================================
# [2024-05-08 12:15:28] INFO: Start sweeping...
# [2024-05-08 12:22:09] INFO: It took 401.111 seconds to do 500 HBOR sweeps.
# [2024-05-08 12:22:09] INFO: Plaquette = 0.65352
# [2024-05-08 12:22:09] INFO: Polyakov loop = (-0.00101994,-0.00155578)
# [2024-05-08 12:22:09] INFO: Writing conf to disk...
# [2024-05-08 12:22:09] INFO: writeconf_nersc: Writing NERSC configuration ./conf_s060t20_b0671320_a_U000545500
# [2024-05-08 12:22:12] INFO: Calculated checksum: c5839f65
# [2024-05-08 12:22:17] INFO: Calculated checksum: 89c0d376
# [2024-05-08 12:22:17] INFO: Writing RNGSTATE file: ./rand_s060t20_b0671320_a_U000545500
# [2024-05-08 12:22:17] INFO: Writing to disk took 7.64031 seconds
# [2024-05-08 12:22:17] INFO: ======================================================================
# [2024-05-08 12:22:17] INFO: Start sweeping...
# [2024-05-08 12:28:58] INFO: It took 401.23 seconds to do 500 HBOR sweeps.
# [2024-05-08 12:28:58] INFO: Plaquette = 0.653407
# [2024-05-08 12:28:58] INFO: Polyakov loop = (-0.000513465,-0.000860359)
# [2024-05-08 12:28:58] INFO: Writing conf to disk...
# [2024-05-08 12:28:58] INFO: writeconf_nersc: Writing NERSC configuration ./conf_s060t20_b0671320_a_U000546000
# [2024-05-08 12:29:01] INFO: Calculated checksum: e9822824
# [2024-05-08 12:29:06] INFO: Calculated checksum: 6548546c
# [2024-05-08 12:29:06] INFO: Writing RNGSTATE file: ./rand_s060t20_b0671320_a_U000546000
# [2024-05-08 12:29:06] INFO: Writing to disk took 7.81206 seconds
# [2024-05-08 12:29:06] INFO: ======================================================================
# [2024-05-08 12:29:06] INFO: Start sweeping...
# [2024-05-08 12:35:47] INFO: It took 400.909 seconds to do 500 HBOR sweeps.
# [2024-05-08 12:35:47] INFO: Plaquette = 0.653507
# [2024-05-08 12:35:47] INFO: Polyakov loop = (-0.00101512,-0.00105745)
# [2024-05-08 12:35:47] INFO: Writing conf to disk...
# [2024-05-08 12:35:47] INFO: writeconf_nersc: Writing NERSC configuration ./conf_s060t20_b0671320_a_U000546500
# [2024-05-08 12:35:50] INFO: Calculated checksum: b4959df3
# [2024-05-08 12:35:54] INFO: Calculated checksum: 3613dd38
# [2024-05-08 12:35:54] INFO: Writing RNGSTATE file: ./rand_s060t20_b0671320_a_U000546500
# [2024-05-08 12:35:54] INFO: Writing to disk took 7.63662 seconds
# [2024-05-08 12:35:54] INFO: ======================================================================
# [2024-05-08 12:35:54] INFO: Start sweeping...
# [2024-05-08 12:42:35] INFO: It took 400.92 seconds to do 500 HBOR sweeps.
# [2024-05-08 12:42:35] INFO: Plaquette = 0.653422
# [2024-05-08 12:42:35] INFO: Polyakov loop = (-0.00102928,-0.00133394)
# [2024-05-08 12:42:35] INFO: Writing conf to disk...
# [2024-05-08 12:42:35] INFO: writeconf_nersc: Writing NERSC configuration ./conf_s060t20_b0671320_a_U000547000
# [2024-05-08 12:42:38] INFO: Calculated checksum: 9eef58ed
# [2024-05-08 12:42:43] INFO: Calculated checksum: ab2d10bd
# [2024-05-08 12:42:43] INFO: Writing RNGSTATE file: ./rand_s060t20_b0671320_a_U000547000
# [2024-05-08 12:42:43] INFO: Writing to disk took 7.78668 seconds
# [2024-05-08 12:42:43] INFO: ======================================================================
# [2024-05-08 12:42:43] INFO: Start sweeping...
# [2024-05-08 12:49:24] INFO: It took 400.987 seconds to do 500 HBOR sweeps.
# [2024-05-08 12:49:24] INFO: Plaquette = 0.653441
# [2024-05-08 12:49:24] INFO: Polyakov loop = (-0.000701503,-0.00120246)
# [2024-05-08 12:49:24] INFO: Writing conf to disk...
# [2024-05-08 12:49:24] INFO: writeconf_nersc: Writing NERSC configuration ./conf_s060t20_b0671320_a_U000547500
# [2024-05-08 12:49:27] INFO: Calculated checksum: e7c25daa
# [2024-05-08 12:49:32] INFO: Calculated checksum: a7883e68
# [2024-05-08 12:49:32] INFO: Writing RNGSTATE file: ./rand_s060t20_b0671320_a_U000547500
# [2024-05-08 12:49:32] INFO: Writing to disk took 7.69548 seconds
# [2024-05-08 12:49:32] INFO: ======================================================================
# [2024-05-08 12:49:32] INFO: Start sweeping...
# [2024-05-08 12:56:13] INFO: It took 400.941 seconds to do 500 HBOR sweeps.
# [2024-05-08 12:56:13] INFO: Plaquette = 0.653568
# [2024-05-08 12:56:13] INFO: Polyakov loop = (-0.0005476,-0.000285882)
# [2024-05-08 12:56:13] INFO: Writing conf to disk...
# [2024-05-08 12:56:13] INFO: writeconf_nersc: Writing NERSC configuration ./conf_s060t20_b0671320_a_U000548000
# [2024-05-08 12:56:16] INFO: Calculated checksum: db06150d
# [2024-05-08 12:56:20] INFO: Calculated checksum: 3af36a03
# [2024-05-08 12:56:20] INFO: Writing RNGSTATE file: ./rand_s060t20_b0671320_a_U000548000
# [2024-05-08 12:56:20] INFO: Writing to disk took 7.5607 seconds
# [2024-05-08 12:56:20] INFO: ======================================================================
# [2024-05-08 12:56:20] INFO: Start sweeping...
# [2024-05-08 13:03:01] INFO: It took 400.88 seconds to do 500 HBOR sweeps.
# [2024-05-08 13:03:01] INFO: Plaquette = 0.653515
# [2024-05-08 13:03:01] INFO: Polyakov loop = (-0.000629212,-0.00105856)
# [2024-05-08 13:03:01] INFO: Writing conf to disk...
# [2024-05-08 13:03:01] INFO: writeconf_nersc: Writing NERSC configuration ./conf_s060t20_b0671320_a_U000548500
# [2024-05-08 13:03:04] INFO: Calculated checksum: 1e06a07f
# [2024-05-08 13:03:09] INFO: Calculated checksum: 91f81708
# [2024-05-08 13:03:09] INFO: Writing RNGSTATE file: ./rand_s060t20_b0671320_a_U000548500
# [2024-05-08 13:03:09] INFO: Writing to disk took 7.59341 seconds
# [2024-05-08 13:03:09] INFO: ======================================================================
# [2024-05-08 13:03:09] INFO: Start sweeping...
# [2024-05-08 13:09:50] INFO: It took 401.087 seconds to do 500 HBOR sweeps.
# [2024-05-08 13:09:50] INFO: Plaquette = 0.653495
# [2024-05-08 13:09:50] INFO: Polyakov loop = (-0.000659933,-9.60901e-05)
# [2024-05-08 13:09:50] INFO: Writing conf to disk...
# [2024-05-08 13:09:50] INFO: writeconf_nersc: Writing NERSC configuration ./conf_s060t20_b0671320_a_U000549000
# [2024-05-08 13:09:53] INFO: Calculated checksum: c856279e
# [2024-05-08 13:09:57] INFO: Calculated checksum: 649199a3
# [2024-05-08 13:09:57] INFO: Writing RNGSTATE file: ./rand_s060t20_b0671320_a_U000549000
# [2024-05-08 13:09:58] INFO: Writing to disk took 7.46139 seconds
# [2024-05-08 13:09:58] INFO: ======================================================================
# [2024-05-08 13:09:58] INFO: Start sweeping...
# [2024-05-08 13:16:39] INFO: It took 401.088 seconds to do 500 HBOR sweeps.
# [2024-05-08 13:16:39] INFO: Plaquette = 0.653491
# [2024-05-08 13:16:39] INFO: Polyakov loop = (-0.000656121,-0.000201528)
# [2024-05-08 13:16:39] INFO: Writing conf to disk...
# [2024-05-08 13:16:39] INFO: writeconf_nersc: Writing NERSC configuration ./conf_s060t20_b0671320_a_U000549500
# [2024-05-08 13:16:42] INFO: Calculated checksum: 62de34ed
# [2024-05-08 13:16:50] INFO: Calculated checksum: 78f328ae
# [2024-05-08 13:16:50] INFO: Writing RNGSTATE file: ./rand_s060t20_b0671320_a_U000549500
# [2024-05-08 13:16:52] INFO: Writing to disk took 12.7468 seconds
# [2024-05-08 13:16:52] INFO: ======================================================================
# [2024-05-08 13:16:52] INFO: Start sweeping...
# [2024-05-08 13:23:32] INFO: It took 400.866 seconds to do 500 HBOR sweeps.
# [2024-05-08 13:23:32] INFO: Plaquette = 0.653468
# [2024-05-08 13:23:32] INFO: Polyakov loop = (-0.000681601,-0.000385192)
# [2024-05-08 13:23:32] INFO: Writing conf to disk...
# [2024-05-08 13:23:32] INFO: writeconf_nersc: Writing NERSC configuration ./conf_s060t20_b0671320_a_U000550000
# [2024-05-08 13:23:35] INFO: Calculated checksum: 175f9a32
# [2024-05-08 13:23:42] INFO: Calculated checksum: 4457a5f0
# [2024-05-08 13:23:42] INFO: Writing RNGSTATE file: ./rand_s060t20_b0671320_a_U000550000
# [2024-05-08 13:23:43] INFO: Writing to disk took 10.9267 seconds
# [2024-05-08 13:23:43] INFO: Finalizing MPI
