
Currently Loaded Modules:
  1) chpc/1.0      (S)   3) gcc/8.5.0      5) mpich/3.4.2
  2) python/3.10.3       4) cmake/3.26.0   6) cuda/11.6.2 (g)

  Where:
   S:  Module is Sticky, requires --force to unload or purge
   g:  built for GPU

 

# [2024-05-08 02:02:07] INFO: Running SIMULATeQCD
# [2024-05-08 02:02:07] INFO: Git commit version: 43e2518
# [2024-05-08 02:02:07] INFO: Initializing MPI with (1 proc)
# [2024-05-08 02:02:07] INFO: Reading parameters from file :: GenerateQuenched_b6663.param
# [2024-05-08 02:02:07] INFO: # PARAM :: Lattice = 60 60 60 20 
# [2024-05-08 02:02:07] INFO: # PARAM :: Nodes = 1 1 1 1 
# [2024-05-08 02:02:07] INFO: # PARAM :: Topology = 0 0 0 0  (default)
# [2024-05-08 02:02:07] INFO: # PARAM :: beta = 6.663
# [2024-05-08 02:02:07] INFO: # PARAM :: format = nersc
# [2024-05-08 02:02:07] INFO: # PARAM :: endianness = auto
# [2024-05-08 02:02:07] INFO: # PARAM :: conf_nr = 500000
# [2024-05-08 02:02:07] INFO: # PARAM :: stream = a
# [2024-05-08 02:02:07] INFO: # PARAM :: prec_out = 0 (default)
# [2024-05-08 02:02:07] INFO: # PARAM :: measurements_dir = ./ (default)
# [2024-05-08 02:02:07] INFO: # PARAM :: use_unit_conf = 0 (default)
# [2024-05-08 02:02:07] INFO: # PARAM :: output_dir = .
# [2024-05-08 02:02:07] INFO: # PARAM :: nconfs = 100
# [2024-05-08 02:02:07] INFO: # PARAM :: nsweeps_ORperHB = 4
# [2024-05-08 02:02:07] INFO: # PARAM :: nsweeps_HBwithOR = 500
# [2024-05-08 02:02:07] INFO: # PARAM :: prev_conf = conf_s060t20_b0666300_a_U000500000
# [2024-05-08 02:02:07] INFO: # PARAM :: prev_rand = rand_s060t20_b0666300_a_U000500000
# [2024-05-08 02:02:07] INFO: > Running on:
# [2024-05-08 02:02:07] INFO: [Rank 0] > notch271 CPU_40 GPU_1B; MPI: world_rank=0, node_rank=0, coord: ( 0 0 0 0 )
# [2024-05-08 02:02:07] INFO: > Is MPI CUDA-aware? @compilation 
# [2024-05-08 02:02:07] INFO: > GPU compute capability: 75
# [2024-05-08 02:02:07] INFO: > Checking support for P2P (Peer-to-Peer) and UVA (Unified Virtual Addressing):
# [2024-05-08 02:02:07] INFO: [Rank 0] > notch271 GPU_1B(NVIDIA GeForce RTX 2080 Ti): P2P NO ; UVA YES
# [2024-05-08 02:02:07] INFO: Initialize Indexer with HaloDepth = 1[0;33m[0m
# [2024-05-08 02:02:08] INFO: Resuming previous run.
# [2024-05-08 02:02:08] INFO: readconf_nersc: Reading NERSC configuration conf_s060t20_b0666300_a_U000500000
# [2024-05-08 02:02:19] INFO: Next conf_number will be 500500
# [2024-05-08 02:02:19] INFO: Generating up to 100 confs with a separation of 500 HBOR sweeps (OR/HB = 4) ...
# [2024-05-08 02:02:19] INFO: ======================================================================
# [2024-05-08 02:02:19] INFO: Start sweeping...
# [2024-05-08 02:09:02] INFO: It took 403.644 seconds to do 500 HBOR sweeps.
# [2024-05-08 02:09:02] INFO: Plaquette = 0.650088
# [2024-05-08 02:09:02] INFO: Polyakov loop = (0.00026771,-0.000338745)
# [2024-05-08 02:09:02] INFO: Writing conf to disk...
# [2024-05-08 02:09:02] INFO: writeconf_nersc: Writing NERSC configuration ./conf_s060t20_b0666300_a_U000500500
# [2024-05-08 02:09:05] INFO: Calculated checksum: 54a0f7b2
# [2024-05-08 02:09:10] INFO: Calculated checksum: 3285576f
# [2024-05-08 02:09:10] INFO: Writing RNGSTATE file: ./rand_s060t20_b0666300_a_U000500500
# [2024-05-08 02:09:10] INFO: Writing to disk took 7.52344 seconds
# [2024-05-08 02:09:10] INFO: ======================================================================
# [2024-05-08 02:09:10] INFO: Start sweeping...
# [2024-05-08 02:15:55] INFO: It took 404.635 seconds to do 500 HBOR sweeps.
# [2024-05-08 02:15:55] INFO: Plaquette = 0.650149
# [2024-05-08 02:15:55] INFO: Polyakov loop = (-0.000297329,-0.000438317)
# [2024-05-08 02:15:55] INFO: Writing conf to disk...
# [2024-05-08 02:15:55] INFO: writeconf_nersc: Writing NERSC configuration ./conf_s060t20_b0666300_a_U000501000
# [2024-05-08 02:15:58] INFO: Calculated checksum: 224e9899
# [2024-05-08 02:16:02] INFO: Calculated checksum: 5544d98e
# [2024-05-08 02:16:02] INFO: Writing RNGSTATE file: ./rand_s060t20_b0666300_a_U000501000
# [2024-05-08 02:16:02] INFO: Writing to disk took 7.80687 seconds
# [2024-05-08 02:16:02] INFO: ======================================================================
# [2024-05-08 02:16:02] INFO: Start sweeping...
# [2024-05-08 02:22:47] INFO: It took 404.639 seconds to do 500 HBOR sweeps.
# [2024-05-08 02:22:47] INFO: Plaquette = 0.650118
# [2024-05-08 02:22:47] INFO: Polyakov loop = (0.000392672,-0.000200043)
# [2024-05-08 02:22:47] INFO: Writing conf to disk...
# [2024-05-08 02:22:47] INFO: writeconf_nersc: Writing NERSC configuration ./conf_s060t20_b0666300_a_U000501500
# [2024-05-08 02:22:50] INFO: Calculated checksum: f9e81398
# [2024-05-08 02:22:55] INFO: Calculated checksum: 1dafb5ff
# [2024-05-08 02:22:55] INFO: Writing RNGSTATE file: ./rand_s060t20_b0666300_a_U000501500
# [2024-05-08 02:22:55] INFO: Writing to disk took 7.79926 seconds
# [2024-05-08 02:22:55] INFO: ======================================================================
# [2024-05-08 02:22:55] INFO: Start sweeping...
# [2024-05-08 02:29:40] INFO: It took 404.704 seconds to do 500 HBOR sweeps.
# [2024-05-08 02:29:40] INFO: Plaquette = 0.650023
# [2024-05-08 02:29:40] INFO: Polyakov loop = (-0.000537624,-0.00031974)
# [2024-05-08 02:29:40] INFO: Writing conf to disk...
# [2024-05-08 02:29:40] INFO: writeconf_nersc: Writing NERSC configuration ./conf_s060t20_b0666300_a_U000502000
# [2024-05-08 02:29:43] INFO: Calculated checksum: d981e35b
# [2024-05-08 02:29:47] INFO: Calculated checksum: 72008e4c
# [2024-05-08 02:29:47] INFO: Writing RNGSTATE file: ./rand_s060t20_b0666300_a_U000502000
# [2024-05-08 02:29:48] INFO: Writing to disk took 7.89123 seconds
# [2024-05-08 02:29:48] INFO: ======================================================================
# [2024-05-08 02:29:48] INFO: Start sweeping...
# [2024-05-08 02:36:32] INFO: It took 404.73 seconds to do 500 HBOR sweeps.
# [2024-05-08 02:36:32] INFO: Plaquette = 0.649986
# [2024-05-08 02:36:32] INFO: Polyakov loop = (-0.000981332,-0.00020287)
# [2024-05-08 02:36:32] INFO: Writing conf to disk...
# [2024-05-08 02:36:32] INFO: writeconf_nersc: Writing NERSC configuration ./conf_s060t20_b0666300_a_U000502500
# [2024-05-08 02:36:35] INFO: Calculated checksum: 6112034a
# [2024-05-08 02:36:40] INFO: Calculated checksum: 927ebce2
# [2024-05-08 02:36:40] INFO: Writing RNGSTATE file: ./rand_s060t20_b0666300_a_U000502500
# [2024-05-08 02:36:40] INFO: Writing to disk took 7.91816 seconds
# [2024-05-08 02:36:40] INFO: ======================================================================
# [2024-05-08 02:36:40] INFO: Start sweeping...
# [2024-05-08 02:43:25] INFO: It took 404.693 seconds to do 500 HBOR sweeps.
# [2024-05-08 02:43:25] INFO: Plaquette = 0.65021
# [2024-05-08 02:43:25] INFO: Polyakov loop = (0.000101247,0.000665458)
# [2024-05-08 02:43:25] INFO: Writing conf to disk...
# [2024-05-08 02:43:25] INFO: writeconf_nersc: Writing NERSC configuration ./conf_s060t20_b0666300_a_U000503000
# [2024-05-08 02:43:28] INFO: Calculated checksum: be5478c6
# [2024-05-08 02:43:33] INFO: Calculated checksum: a4214abd
# [2024-05-08 02:43:33] INFO: Writing RNGSTATE file: ./rand_s060t20_b0666300_a_U000503000
# [2024-05-08 02:43:33] INFO: Writing to disk took 7.85834 seconds
# [2024-05-08 02:43:33] INFO: ======================================================================
# [2024-05-08 02:43:33] INFO: Start sweeping...
# [2024-05-08 02:50:18] INFO: It took 404.721 seconds to do 500 HBOR sweeps.
# [2024-05-08 02:50:18] INFO: Plaquette = 0.65006
# [2024-05-08 02:50:18] INFO: Polyakov loop = (0.000858164,-0.000879002)
# [2024-05-08 02:50:18] INFO: Writing conf to disk...
# [2024-05-08 02:50:18] INFO: writeconf_nersc: Writing NERSC configuration ./conf_s060t20_b0666300_a_U000503500
# [2024-05-08 02:50:21] INFO: Calculated checksum: 6149349e
# [2024-05-08 02:50:25] INFO: Calculated checksum: 206a7f5b
# [2024-05-08 02:50:25] INFO: Writing RNGSTATE file: ./rand_s060t20_b0666300_a_U000503500
# [2024-05-08 02:50:25] INFO: Writing to disk took 7.75754 seconds
# [2024-05-08 02:50:25] INFO: ======================================================================
# [2024-05-08 02:50:25] INFO: Start sweeping...
# [2024-05-08 02:57:10] INFO: It took 404.757 seconds to do 500 HBOR sweeps.
# [2024-05-08 02:57:10] INFO: Plaquette = 0.650055
# [2024-05-08 02:57:10] INFO: Polyakov loop = (0.000486416,-0.000578648)
# [2024-05-08 02:57:10] INFO: Writing conf to disk...
# [2024-05-08 02:57:10] INFO: writeconf_nersc: Writing NERSC configuration ./conf_s060t20_b0666300_a_U000504000
# [2024-05-08 02:57:13] INFO: Calculated checksum: 1a6cf83a
# [2024-05-08 02:57:18] INFO: Calculated checksum: c3539c45
# [2024-05-08 02:57:18] INFO: Writing RNGSTATE file: ./rand_s060t20_b0666300_a_U000504000
# [2024-05-08 02:57:18] INFO: Writing to disk took 7.78171 seconds
# [2024-05-08 02:57:18] INFO: ======================================================================
# [2024-05-08 02:57:18] INFO: Start sweeping...
# [2024-05-08 03:04:03] INFO: It took 404.757 seconds to do 500 HBOR sweeps.
# [2024-05-08 03:04:03] INFO: Plaquette = 0.6501
# [2024-05-08 03:04:03] INFO: Polyakov loop = (8.96372e-05,-0.000890959)
# [2024-05-08 03:04:03] INFO: Writing conf to disk...
# [2024-05-08 03:04:03] INFO: writeconf_nersc: Writing NERSC configuration ./conf_s060t20_b0666300_a_U000504500
# [2024-05-08 03:04:06] INFO: Calculated checksum: 12a04fa3
# [2024-05-08 03:04:11] INFO: Calculated checksum: 5542d545
# [2024-05-08 03:04:11] INFO: Writing RNGSTATE file: ./rand_s060t20_b0666300_a_U000504500
# [2024-05-08 03:04:11] INFO: Writing to disk took 7.85481 seconds
# [2024-05-08 03:04:11] INFO: ======================================================================
# [2024-05-08 03:04:11] INFO: Start sweeping...
# [2024-05-08 03:10:55] INFO: It took 404.796 seconds to do 500 HBOR sweeps.
# [2024-05-08 03:10:56] INFO: Plaquette = 0.650115
# [2024-05-08 03:10:56] INFO: Polyakov loop = (0.000146512,-0.000537353)
# [2024-05-08 03:10:56] INFO: Writing conf to disk...
# [2024-05-08 03:10:56] INFO: writeconf_nersc: Writing NERSC configuration ./conf_s060t20_b0666300_a_U000505000
# [2024-05-08 03:10:58] INFO: Calculated checksum: c1861b77
# [2024-05-08 03:11:03] INFO: Calculated checksum: 9e660daf
# [2024-05-08 03:11:03] INFO: Writing RNGSTATE file: ./rand_s060t20_b0666300_a_U000505000
# [2024-05-08 03:11:03] INFO: Writing to disk took 7.81275 seconds
# [2024-05-08 03:11:03] INFO: ======================================================================
# [2024-05-08 03:11:03] INFO: Start sweeping...
# [2024-05-08 03:17:48] INFO: It took 404.774 seconds to do 500 HBOR sweeps.
# [2024-05-08 03:17:48] INFO: Plaquette = 0.650062
# [2024-05-08 03:17:48] INFO: Polyakov loop = (-0.000663196,-0.000404283)
# [2024-05-08 03:17:48] INFO: Writing conf to disk...
# [2024-05-08 03:17:48] INFO: writeconf_nersc: Writing NERSC configuration ./conf_s060t20_b0666300_a_U000505500
# [2024-05-08 03:17:51] INFO: Calculated checksum: 5215f085
# [2024-05-08 03:17:55] INFO: Calculated checksum: 418a3ca
# [2024-05-08 03:17:55] INFO: Writing RNGSTATE file: ./rand_s060t20_b0666300_a_U000505500
# [2024-05-08 03:17:55] INFO: Writing to disk took 7.24558 seconds
# [2024-05-08 03:17:55] INFO: ======================================================================
# [2024-05-08 03:17:55] INFO: Start sweeping...
# [2024-05-08 03:24:40] INFO: It took 404.782 seconds to do 500 HBOR sweeps.
# [2024-05-08 03:24:40] INFO: Plaquette = 0.650092
# [2024-05-08 03:24:40] INFO: Polyakov loop = (-0.000278429,-0.000194852)
# [2024-05-08 03:24:40] INFO: Writing conf to disk...
# [2024-05-08 03:24:40] INFO: writeconf_nersc: Writing NERSC configuration ./conf_s060t20_b0666300_a_U000506000
# [2024-05-08 03:24:43] INFO: Calculated checksum: 93d5c36f
# [2024-05-08 03:24:48] INFO: Calculated checksum: cab1f510
# [2024-05-08 03:24:48] INFO: Writing RNGSTATE file: ./rand_s060t20_b0666300_a_U000506000
# [2024-05-08 03:24:48] INFO: Writing to disk took 7.45972 seconds
# [2024-05-08 03:24:48] INFO: ======================================================================
# [2024-05-08 03:24:48] INFO: Start sweeping...
# [2024-05-08 03:31:33] INFO: It took 404.786 seconds to do 500 HBOR sweeps.
# [2024-05-08 03:31:33] INFO: Plaquette = 0.650083
# [2024-05-08 03:31:33] INFO: Polyakov loop = (0.000247153,0.00130809)
# [2024-05-08 03:31:33] INFO: Writing conf to disk...
# [2024-05-08 03:31:33] INFO: writeconf_nersc: Writing NERSC configuration ./conf_s060t20_b0666300_a_U000506500
# [2024-05-08 03:31:35] INFO: Calculated checksum: f37a0137
# [2024-05-08 03:31:40] INFO: Calculated checksum: 1ea13431
# [2024-05-08 03:31:40] INFO: Writing RNGSTATE file: ./rand_s060t20_b0666300_a_U000506500
# [2024-05-08 03:31:40] INFO: Writing to disk took 7.86018 seconds
# [2024-05-08 03:31:40] INFO: ======================================================================
# [2024-05-08 03:31:40] INFO: Start sweeping...
# [2024-05-08 03:38:25] INFO: It took 404.762 seconds to do 500 HBOR sweeps.
# [2024-05-08 03:38:25] INFO: Plaquette = 0.650108
# [2024-05-08 03:38:25] INFO: Polyakov loop = (6.68834e-05,2.12769e-06)
# [2024-05-08 03:38:25] INFO: Writing conf to disk...
# [2024-05-08 03:38:25] INFO: writeconf_nersc: Writing NERSC configuration ./conf_s060t20_b0666300_a_U000507000
# [2024-05-08 03:38:28] INFO: Calculated checksum: b2371fc0
# [2024-05-08 03:38:33] INFO: Calculated checksum: 3b00c3ba
# [2024-05-08 03:38:33] INFO: Writing RNGSTATE file: ./rand_s060t20_b0666300_a_U000507000
# [2024-05-08 03:38:33] INFO: Writing to disk took 7.65369 seconds
# [2024-05-08 03:38:33] INFO: ======================================================================
# [2024-05-08 03:38:33] INFO: Start sweeping...
# [2024-05-08 03:45:18] INFO: It took 404.791 seconds to do 500 HBOR sweeps.
# [2024-05-08 03:45:18] INFO: Plaquette = 0.6501
# [2024-05-08 03:45:18] INFO: Polyakov loop = (2.29844e-05,-1.53439e-05)
# [2024-05-08 03:45:18] INFO: Writing conf to disk...
# [2024-05-08 03:45:18] INFO: writeconf_nersc: Writing NERSC configuration ./conf_s060t20_b0666300_a_U000507500
# [2024-05-08 03:45:21] INFO: Calculated checksum: 50298e8c
# [2024-05-08 03:45:25] INFO: Calculated checksum: 4b55ce88
# [2024-05-08 03:45:25] INFO: Writing RNGSTATE file: ./rand_s060t20_b0666300_a_U000507500
# [2024-05-08 03:45:25] INFO: Writing to disk took 7.58707 seconds
# [2024-05-08 03:45:25] INFO: ======================================================================
# [2024-05-08 03:45:25] INFO: Start sweeping...
# [2024-05-08 03:52:07] INFO: It took 402.011 seconds to do 500 HBOR sweeps.
# [2024-05-08 03:52:07] INFO: Plaquette = 0.650096
# [2024-05-08 03:52:07] INFO: Polyakov loop = (0.000405351,-0.000154164)
# [2024-05-08 03:52:07] INFO: Writing conf to disk...
# [2024-05-08 03:52:07] INFO: writeconf_nersc: Writing NERSC configuration ./conf_s060t20_b0666300_a_U000508000
# [2024-05-08 03:52:10] INFO: Calculated checksum: 2108bd23
# [2024-05-08 03:52:15] INFO: Calculated checksum: 23bdc77b
# [2024-05-08 03:52:15] INFO: Writing RNGSTATE file: ./rand_s060t20_b0666300_a_U000508000
# [2024-05-08 03:52:15] INFO: Writing to disk took 7.66057 seconds
# [2024-05-08 03:52:15] INFO: ======================================================================
# [2024-05-08 03:52:15] INFO: Start sweeping...
# [2024-05-08 03:59:00] INFO: It took 404.779 seconds to do 500 HBOR sweeps.
# [2024-05-08 03:59:00] INFO: Plaquette = 0.650059
# [2024-05-08 03:59:00] INFO: Polyakov loop = (0.000724544,9.62017e-05)
# [2024-05-08 03:59:00] INFO: Writing conf to disk...
# [2024-05-08 03:59:00] INFO: writeconf_nersc: Writing NERSC configuration ./conf_s060t20_b0666300_a_U000508500
# [2024-05-08 03:59:03] INFO: Calculated checksum: c92644d
# [2024-05-08 03:59:07] INFO: Calculated checksum: 296ee660
# [2024-05-08 03:59:07] INFO: Writing RNGSTATE file: ./rand_s060t20_b0666300_a_U000508500
# [2024-05-08 03:59:07] INFO: Writing to disk took 7.60922 seconds
# [2024-05-08 03:59:07] INFO: ======================================================================
# [2024-05-08 03:59:07] INFO: Start sweeping...
# [2024-05-08 04:05:49] INFO: It took 402.004 seconds to do 500 HBOR sweeps.
# [2024-05-08 04:05:50] INFO: Plaquette = 0.650032
# [2024-05-08 04:05:50] INFO: Polyakov loop = (0.000590476,2.44939e-05)
# [2024-05-08 04:05:50] INFO: Writing conf to disk...
# [2024-05-08 04:05:50] INFO: writeconf_nersc: Writing NERSC configuration ./conf_s060t20_b0666300_a_U000509000
# [2024-05-08 04:05:52] INFO: Calculated checksum: 2ba28a5
# [2024-05-08 04:05:57] INFO: Calculated checksum: b2c5753d
# [2024-05-08 04:05:57] INFO: Writing RNGSTATE file: ./rand_s060t20_b0666300_a_U000509000
# [2024-05-08 04:05:57] INFO: Writing to disk took 7.599 seconds
# [2024-05-08 04:05:57] INFO: ======================================================================
# [2024-05-08 04:05:57] INFO: Start sweeping...
# [2024-05-08 04:12:42] INFO: It took 404.791 seconds to do 500 HBOR sweeps.
# [2024-05-08 04:12:42] INFO: Plaquette = 0.650166
# [2024-05-08 04:12:42] INFO: Polyakov loop = (-0.00115434,0.000205077)
# [2024-05-08 04:12:42] INFO: Writing conf to disk...
# [2024-05-08 04:12:42] INFO: writeconf_nersc: Writing NERSC configuration ./conf_s060t20_b0666300_a_U000509500
# [2024-05-08 04:12:45] INFO: Calculated checksum: 2e048991
# [2024-05-08 04:12:49] INFO: Calculated checksum: 34259c34
# [2024-05-08 04:12:49] INFO: Writing RNGSTATE file: ./rand_s060t20_b0666300_a_U000509500
# [2024-05-08 04:12:50] INFO: Writing to disk took 7.6997 seconds
# [2024-05-08 04:12:50] INFO: ======================================================================
# [2024-05-08 04:12:50] INFO: Start sweeping...
# [2024-05-08 04:19:34] INFO: It took 404.773 seconds to do 500 HBOR sweeps.
# [2024-05-08 04:19:34] INFO: Plaquette = 0.650015
# [2024-05-08 04:19:34] INFO: Polyakov loop = (0.000418493,-0.000547247)
# [2024-05-08 04:19:34] INFO: Writing conf to disk...
# [2024-05-08 04:19:34] INFO: writeconf_nersc: Writing NERSC configuration ./conf_s060t20_b0666300_a_U000510000
# [2024-05-08 04:19:37] INFO: Calculated checksum: 14f2c564
# [2024-05-08 04:19:42] INFO: Calculated checksum: 7230189e
# [2024-05-08 04:19:42] INFO: Writing RNGSTATE file: ./rand_s060t20_b0666300_a_U000510000
# [2024-05-08 04:19:42] INFO: Writing to disk took 7.56202 seconds
# [2024-05-08 04:19:42] INFO: ======================================================================
# [2024-05-08 04:19:42] INFO: Start sweeping...
# [2024-05-08 04:26:24] INFO: It took 402.022 seconds to do 500 HBOR sweeps.
# [2024-05-08 04:26:24] INFO: Plaquette = 0.650033
# [2024-05-08 04:26:24] INFO: Polyakov loop = (0.000374146,-0.000198414)
# [2024-05-08 04:26:24] INFO: Writing conf to disk...
# [2024-05-08 04:26:24] INFO: writeconf_nersc: Writing NERSC configuration ./conf_s060t20_b0666300_a_U000510500
# [2024-05-08 04:26:27] INFO: Calculated checksum: 3f991c36
# [2024-05-08 04:26:32] INFO: Calculated checksum: feff90d8
# [2024-05-08 04:26:32] INFO: Writing RNGSTATE file: ./rand_s060t20_b0666300_a_U000510500
# [2024-05-08 04:26:32] INFO: Writing to disk took 7.6376 seconds
# [2024-05-08 04:26:32] INFO: ======================================================================
# [2024-05-08 04:26:32] INFO: Start sweeping...
# [2024-05-08 04:33:17] INFO: It took 404.778 seconds to do 500 HBOR sweeps.
# [2024-05-08 04:33:17] INFO: Plaquette = 0.650023
# [2024-05-08 04:33:17] INFO: Polyakov loop = (0.00134022,-0.000364101)
# [2024-05-08 04:33:17] INFO: Writing conf to disk...
# [2024-05-08 04:33:17] INFO: writeconf_nersc: Writing NERSC configuration ./conf_s060t20_b0666300_a_U000511000
# [2024-05-08 04:33:19] INFO: Calculated checksum: a08a2fe2
# [2024-05-08 04:33:24] INFO: Calculated checksum: ade4d47e
# [2024-05-08 04:33:24] INFO: Writing RNGSTATE file: ./rand_s060t20_b0666300_a_U000511000
# [2024-05-08 04:33:24] INFO: Writing to disk took 7.69689 seconds
# [2024-05-08 04:33:24] INFO: ======================================================================
# [2024-05-08 04:33:24] INFO: Start sweeping...
# [2024-05-08 04:40:09] INFO: It took 404.784 seconds to do 500 HBOR sweeps.
# [2024-05-08 04:40:09] INFO: Plaquette = 0.650069
# [2024-05-08 04:40:09] INFO: Polyakov loop = (0.000663942,0.000173173)
# [2024-05-08 04:40:09] INFO: Writing conf to disk...
# [2024-05-08 04:40:09] INFO: writeconf_nersc: Writing NERSC configuration ./conf_s060t20_b0666300_a_U000511500
# [2024-05-08 04:40:12] INFO: Calculated checksum: 4e640e0b
# [2024-05-08 04:40:17] INFO: Calculated checksum: 8cf29d0c
# [2024-05-08 04:40:17] INFO: Writing RNGSTATE file: ./rand_s060t20_b0666300_a_U000511500
# [2024-05-08 04:40:17] INFO: Writing to disk took 7.62946 seconds
# [2024-05-08 04:40:17] INFO: ======================================================================
# [2024-05-08 04:40:17] INFO: Start sweeping...
# [2024-05-08 04:46:59] INFO: It took 401.958 seconds to do 500 HBOR sweeps.
# [2024-05-08 04:46:59] INFO: Plaquette = 0.650101
# [2024-05-08 04:46:59] INFO: Polyakov loop = (0.000939475,-0.000168634)
# [2024-05-08 04:46:59] INFO: Writing conf to disk...
# [2024-05-08 04:46:59] INFO: writeconf_nersc: Writing NERSC configuration ./conf_s060t20_b0666300_a_U000512000
# [2024-05-08 04:47:02] INFO: Calculated checksum: 9e11fb7f
# [2024-05-08 04:47:06] INFO: Calculated checksum: 69b5619f
# [2024-05-08 04:47:06] INFO: Writing RNGSTATE file: ./rand_s060t20_b0666300_a_U000512000
# [2024-05-08 04:47:07] INFO: Writing to disk took 7.78217 seconds
# [2024-05-08 04:47:07] INFO: ======================================================================
# [2024-05-08 04:47:07] INFO: Start sweeping...
# [2024-05-08 04:53:49] INFO: It took 402.011 seconds to do 500 HBOR sweeps.
# [2024-05-08 04:53:49] INFO: Plaquette = 0.650011
# [2024-05-08 04:53:49] INFO: Polyakov loop = (0.000484405,-0.000278822)
# [2024-05-08 04:53:49] INFO: Writing conf to disk...
# [2024-05-08 04:53:49] INFO: writeconf_nersc: Writing NERSC configuration ./conf_s060t20_b0666300_a_U000512500
# [2024-05-08 04:53:51] INFO: Calculated checksum: 90387cc6
# [2024-05-08 04:53:56] INFO: Calculated checksum: 6ac1e91a
# [2024-05-08 04:53:56] INFO: Writing RNGSTATE file: ./rand_s060t20_b0666300_a_U000512500
# [2024-05-08 04:53:57] INFO: Writing to disk took 8.01266 seconds
# [2024-05-08 04:53:57] INFO: ======================================================================
# [2024-05-08 04:53:57] INFO: Start sweeping...
# [2024-05-08 05:00:39] INFO: It took 401.954 seconds to do 500 HBOR sweeps.
# [2024-05-08 05:00:39] INFO: Plaquette = 0.65004
# [2024-05-08 05:00:39] INFO: Polyakov loop = (0.00048361,-0.000414968)
# [2024-05-08 05:00:39] INFO: Writing conf to disk...
# [2024-05-08 05:00:39] INFO: writeconf_nersc: Writing NERSC configuration ./conf_s060t20_b0666300_a_U000513000
# [2024-05-08 05:00:42] INFO: Calculated checksum: 73faab14
# [2024-05-08 05:00:46] INFO: Calculated checksum: 1bf09ea5
# [2024-05-08 05:00:46] INFO: Writing RNGSTATE file: ./rand_s060t20_b0666300_a_U000513000
# [2024-05-08 05:00:46] INFO: Writing to disk took 7.67175 seconds
# [2024-05-08 05:00:46] INFO: ======================================================================
# [2024-05-08 05:00:46] INFO: Start sweeping...
# [2024-05-08 05:07:28] INFO: It took 401.971 seconds to do 500 HBOR sweeps.
# [2024-05-08 05:07:28] INFO: Plaquette = 0.650141
# [2024-05-08 05:07:28] INFO: Polyakov loop = (-6.5898e-05,0.000896606)
# [2024-05-08 05:07:28] INFO: Writing conf to disk...
# [2024-05-08 05:07:28] INFO: writeconf_nersc: Writing NERSC configuration ./conf_s060t20_b0666300_a_U000513500
# [2024-05-08 05:07:31] INFO: Calculated checksum: bc905fc4
# [2024-05-08 05:07:36] INFO: Calculated checksum: 132a5609
# [2024-05-08 05:07:36] INFO: Writing RNGSTATE file: ./rand_s060t20_b0666300_a_U000513500
# [2024-05-08 05:07:36] INFO: Writing to disk took 7.82538 seconds
# [2024-05-08 05:07:36] INFO: ======================================================================
# [2024-05-08 05:07:36] INFO: Start sweeping...
# [2024-05-08 05:14:21] INFO: It took 404.771 seconds to do 500 HBOR sweeps.
# [2024-05-08 05:14:21] INFO: Plaquette = 0.650035
# [2024-05-08 05:14:21] INFO: Polyakov loop = (0.000169076,-0.000222093)
# [2024-05-08 05:14:21] INFO: Writing conf to disk...
# [2024-05-08 05:14:21] INFO: writeconf_nersc: Writing NERSC configuration ./conf_s060t20_b0666300_a_U000514000
# [2024-05-08 05:14:24] INFO: Calculated checksum: bf667bf0
# [2024-05-08 05:14:29] INFO: Calculated checksum: 5cb07b06
# [2024-05-08 05:14:29] INFO: Writing RNGSTATE file: ./rand_s060t20_b0666300_a_U000514000
# [2024-05-08 05:14:29] INFO: Writing to disk took 7.93939 seconds
# [2024-05-08 05:14:29] INFO: ======================================================================
# [2024-05-08 05:14:29] INFO: Start sweeping...
# [2024-05-08 05:21:11] INFO: It took 401.964 seconds to do 500 HBOR sweeps.
# [2024-05-08 05:21:11] INFO: Plaquette = 0.650085
# [2024-05-08 05:21:11] INFO: Polyakov loop = (-0.000586919,-0.000881294)
# [2024-05-08 05:21:11] INFO: Writing conf to disk...
# [2024-05-08 05:21:11] INFO: writeconf_nersc: Writing NERSC configuration ./conf_s060t20_b0666300_a_U000514500
# [2024-05-08 05:21:14] INFO: Calculated checksum: 16564457
# [2024-05-08 05:21:18] INFO: Calculated checksum: 744c3e7e
# [2024-05-08 05:21:18] INFO: Writing RNGSTATE file: ./rand_s060t20_b0666300_a_U000514500
# [2024-05-08 05:21:18] INFO: Writing to disk took 7.59294 seconds
# [2024-05-08 05:21:18] INFO: ======================================================================
# [2024-05-08 05:21:18] INFO: Start sweeping...
# [2024-05-08 05:28:03] INFO: It took 404.804 seconds to do 500 HBOR sweeps.
# [2024-05-08 05:28:03] INFO: Plaquette = 0.650133
# [2024-05-08 05:28:03] INFO: Polyakov loop = (0.0012306,0.000218393)
# [2024-05-08 05:28:03] INFO: Writing conf to disk...
# [2024-05-08 05:28:03] INFO: writeconf_nersc: Writing NERSC configuration ./conf_s060t20_b0666300_a_U000515000
# [2024-05-08 05:28:06] INFO: Calculated checksum: 9656624a
# [2024-05-08 05:28:11] INFO: Calculated checksum: 33df55f3
# [2024-05-08 05:28:11] INFO: Writing RNGSTATE file: ./rand_s060t20_b0666300_a_U000515000
# [2024-05-08 05:28:11] INFO: Writing to disk took 7.61109 seconds
# [2024-05-08 05:28:11] INFO: ======================================================================
# [2024-05-08 05:28:11] INFO: Start sweeping...
# [2024-05-08 05:34:53] INFO: It took 402.032 seconds to do 500 HBOR sweeps.
# [2024-05-08 05:34:53] INFO: Plaquette = 0.650103
# [2024-05-08 05:34:53] INFO: Polyakov loop = (0.000229365,-0.000206532)
# [2024-05-08 05:34:53] INFO: Writing conf to disk...
# [2024-05-08 05:34:53] INFO: writeconf_nersc: Writing NERSC configuration ./conf_s060t20_b0666300_a_U000515500
# [2024-05-08 05:34:56] INFO: Calculated checksum: 77ab960f
# [2024-05-08 05:35:00] INFO: Calculated checksum: 85490156
# [2024-05-08 05:35:00] INFO: Writing RNGSTATE file: ./rand_s060t20_b0666300_a_U000515500
# [2024-05-08 05:35:01] INFO: Writing to disk took 7.54986 seconds
# [2024-05-08 05:35:01] INFO: ======================================================================
# [2024-05-08 05:35:01] INFO: Start sweeping...
# [2024-05-08 05:41:43] INFO: It took 401.981 seconds to do 500 HBOR sweeps.
# [2024-05-08 05:41:43] INFO: Plaquette = 0.650025
# [2024-05-08 05:41:43] INFO: Polyakov loop = (-0.000403858,0.000287155)
# [2024-05-08 05:41:43] INFO: Writing conf to disk...
# [2024-05-08 05:41:43] INFO: writeconf_nersc: Writing NERSC configuration ./conf_s060t20_b0666300_a_U000516000
# [2024-05-08 05:41:46] INFO: Calculated checksum: 7d1a65a3
# [2024-05-08 05:41:50] INFO: Calculated checksum: 76ffe2d9
# [2024-05-08 05:41:50] INFO: Writing RNGSTATE file: ./rand_s060t20_b0666300_a_U000516000
# [2024-05-08 05:41:50] INFO: Writing to disk took 7.55348 seconds
# [2024-05-08 05:41:50] INFO: ======================================================================
# [2024-05-08 05:41:50] INFO: Start sweeping...
# [2024-05-08 05:48:35] INFO: It took 404.762 seconds to do 500 HBOR sweeps.
# [2024-05-08 05:48:35] INFO: Plaquette = 0.650032
# [2024-05-08 05:48:35] INFO: Polyakov loop = (0.000526951,-0.000581496)
# [2024-05-08 05:48:35] INFO: Writing conf to disk...
# [2024-05-08 05:48:35] INFO: writeconf_nersc: Writing NERSC configuration ./conf_s060t20_b0666300_a_U000516500
# [2024-05-08 05:48:38] INFO: Calculated checksum: 1b79ee71
# [2024-05-08 05:48:42] INFO: Calculated checksum: e0e9b23c
# [2024-05-08 05:48:42] INFO: Writing RNGSTATE file: ./rand_s060t20_b0666300_a_U000516500
# [2024-05-08 05:48:42] INFO: Writing to disk took 7.42721 seconds
# [2024-05-08 05:48:42] INFO: ======================================================================
# [2024-05-08 05:48:42] INFO: Start sweeping...
# [2024-05-08 05:55:27] INFO: It took 404.58 seconds to do 500 HBOR sweeps.
# [2024-05-08 05:55:27] INFO: Plaquette = 0.650025
# [2024-05-08 05:55:27] INFO: Polyakov loop = (-0.000457976,-1.14804e-05)
# [2024-05-08 05:55:27] INFO: Writing conf to disk...
# [2024-05-08 05:55:27] INFO: writeconf_nersc: Writing NERSC configuration ./conf_s060t20_b0666300_a_U000517000
# [2024-05-08 05:55:30] INFO: Calculated checksum: fcd3c4a8
# [2024-05-08 05:55:35] INFO: Calculated checksum: e905e4bb
# [2024-05-08 05:55:35] INFO: Writing RNGSTATE file: ./rand_s060t20_b0666300_a_U000517000
# [2024-05-08 05:55:35] INFO: Writing to disk took 7.60792 seconds
# [2024-05-08 05:55:35] INFO: ======================================================================
# [2024-05-08 05:55:35] INFO: Start sweeping...
# [2024-05-08 06:02:19] INFO: It took 404.798 seconds to do 500 HBOR sweeps.
# [2024-05-08 06:02:19] INFO: Plaquette = 0.650162
# [2024-05-08 06:02:20] INFO: Polyakov loop = (8.71704e-05,0.00113186)
# [2024-05-08 06:02:20] INFO: Writing conf to disk...
# [2024-05-08 06:02:20] INFO: writeconf_nersc: Writing NERSC configuration ./conf_s060t20_b0666300_a_U000517500
# [2024-05-08 06:02:22] INFO: Calculated checksum: 368e3459
# [2024-05-08 06:02:27] INFO: Calculated checksum: 345a3e9a
# [2024-05-08 06:02:27] INFO: Writing RNGSTATE file: ./rand_s060t20_b0666300_a_U000517500
# [2024-05-08 06:02:27] INFO: Writing to disk took 7.62325 seconds
# [2024-05-08 06:02:27] INFO: ======================================================================
# [2024-05-08 06:02:27] INFO: Start sweeping...
# [2024-05-08 06:09:12] INFO: It took 404.771 seconds to do 500 HBOR sweeps.
# [2024-05-08 06:09:12] INFO: Plaquette = 0.650046
# [2024-05-08 06:09:12] INFO: Polyakov loop = (-0.000899866,0.000144584)
# [2024-05-08 06:09:12] INFO: Writing conf to disk...
# [2024-05-08 06:09:12] INFO: writeconf_nersc: Writing NERSC configuration ./conf_s060t20_b0666300_a_U000518000
# [2024-05-08 06:09:15] INFO: Calculated checksum: 6d3d58cc
# [2024-05-08 06:09:20] INFO: Calculated checksum: 1036b258
# [2024-05-08 06:09:20] INFO: Writing RNGSTATE file: ./rand_s060t20_b0666300_a_U000518000
# [2024-05-08 06:09:20] INFO: Writing to disk took 7.74188 seconds
# [2024-05-08 06:09:20] INFO: ======================================================================
# [2024-05-08 06:09:20] INFO: Start sweeping...
# [2024-05-08 06:16:04] INFO: It took 404.777 seconds to do 500 HBOR sweeps.
# [2024-05-08 06:16:05] INFO: Plaquette = 0.650172
# [2024-05-08 06:16:05] INFO: Polyakov loop = (-0.00026416,0.00101628)
# [2024-05-08 06:16:05] INFO: Writing conf to disk...
# [2024-05-08 06:16:05] INFO: writeconf_nersc: Writing NERSC configuration ./conf_s060t20_b0666300_a_U000518500
# [2024-05-08 06:16:07] INFO: Calculated checksum: e50870d
# [2024-05-08 06:16:12] INFO: Calculated checksum: 8d2c9f1
# [2024-05-08 06:16:12] INFO: Writing RNGSTATE file: ./rand_s060t20_b0666300_a_U000518500
# [2024-05-08 06:16:12] INFO: Writing to disk took 7.55679 seconds
# [2024-05-08 06:16:12] INFO: ======================================================================
# [2024-05-08 06:16:12] INFO: Start sweeping...
# [2024-05-08 06:22:57] INFO: It took 404.775 seconds to do 500 HBOR sweeps.
# [2024-05-08 06:22:57] INFO: Plaquette = 0.65007
# [2024-05-08 06:22:57] INFO: Polyakov loop = (0.000701951,0.000785589)
# [2024-05-08 06:22:57] INFO: Writing conf to disk...
# [2024-05-08 06:22:57] INFO: writeconf_nersc: Writing NERSC configuration ./conf_s060t20_b0666300_a_U000519000
# [2024-05-08 06:23:00] INFO: Calculated checksum: b6146ef2
# [2024-05-08 06:23:04] INFO: Calculated checksum: e5024d7d
# [2024-05-08 06:23:04] INFO: Writing RNGSTATE file: ./rand_s060t20_b0666300_a_U000519000
# [2024-05-08 06:23:04] INFO: Writing to disk took 7.55136 seconds
# [2024-05-08 06:23:04] INFO: ======================================================================
# [2024-05-08 06:23:04] INFO: Start sweeping...
# [2024-05-08 06:29:49] INFO: It took 404.775 seconds to do 500 HBOR sweeps.
# [2024-05-08 06:29:49] INFO: Plaquette = 0.65012
# [2024-05-08 06:29:49] INFO: Polyakov loop = (0.000670054,0.000626527)
# [2024-05-08 06:29:49] INFO: Writing conf to disk...
# [2024-05-08 06:29:49] INFO: writeconf_nersc: Writing NERSC configuration ./conf_s060t20_b0666300_a_U000519500
# [2024-05-08 06:29:52] INFO: Calculated checksum: b37f652e
# [2024-05-08 06:29:57] INFO: Calculated checksum: 8528a14a
# [2024-05-08 06:29:57] INFO: Writing RNGSTATE file: ./rand_s060t20_b0666300_a_U000519500
# [2024-05-08 06:29:57] INFO: Writing to disk took 7.83782 seconds
# [2024-05-08 06:29:57] INFO: ======================================================================
# [2024-05-08 06:29:57] INFO: Start sweeping...
# [2024-05-08 06:36:42] INFO: It took 404.79 seconds to do 500 HBOR sweeps.
# [2024-05-08 06:36:42] INFO: Plaquette = 0.650131
# [2024-05-08 06:36:42] INFO: Polyakov loop = (-0.000318493,0.000799302)
# [2024-05-08 06:36:42] INFO: Writing conf to disk...
# [2024-05-08 06:36:42] INFO: writeconf_nersc: Writing NERSC configuration ./conf_s060t20_b0666300_a_U000520000
# [2024-05-08 06:36:45] INFO: Calculated checksum: 4b697af2
# [2024-05-08 06:36:50] INFO: Calculated checksum: 506a2c2
# [2024-05-08 06:36:50] INFO: Writing RNGSTATE file: ./rand_s060t20_b0666300_a_U000520000
# [2024-05-08 06:36:50] INFO: Writing to disk took 7.74882 seconds
# [2024-05-08 06:36:50] INFO: ======================================================================
# [2024-05-08 06:36:50] INFO: Start sweeping...
# [2024-05-08 06:43:35] INFO: It took 404.793 seconds to do 500 HBOR sweeps.
# [2024-05-08 06:43:35] INFO: Plaquette = 0.650185
# [2024-05-08 06:43:35] INFO: Polyakov loop = (0.000258306,-0.000453458)
# [2024-05-08 06:43:35] INFO: Writing conf to disk...
# [2024-05-08 06:43:35] INFO: writeconf_nersc: Writing NERSC configuration ./conf_s060t20_b0666300_a_U000520500
# [2024-05-08 06:43:37] INFO: Calculated checksum: 4dc3ba4c
# [2024-05-08 06:43:42] INFO: Calculated checksum: f5597045
# [2024-05-08 06:43:42] INFO: Writing RNGSTATE file: ./rand_s060t20_b0666300_a_U000520500
# [2024-05-08 06:43:42] INFO: Writing to disk took 7.76226 seconds
# [2024-05-08 06:43:42] INFO: ======================================================================
# [2024-05-08 06:43:42] INFO: Start sweeping...
# [2024-05-08 06:50:27] INFO: It took 404.8 seconds to do 500 HBOR sweeps.
# [2024-05-08 06:50:27] INFO: Plaquette = 0.650153
# [2024-05-08 06:50:27] INFO: Polyakov loop = (8.86143e-05,0.000948618)
# [2024-05-08 06:50:27] INFO: Writing conf to disk...
# [2024-05-08 06:50:27] INFO: writeconf_nersc: Writing NERSC configuration ./conf_s060t20_b0666300_a_U000521000
# [2024-05-08 06:50:30] INFO: Calculated checksum: 21ea16bd
# [2024-05-08 06:50:35] INFO: Calculated checksum: aad5be1e
# [2024-05-08 06:50:35] INFO: Writing RNGSTATE file: ./rand_s060t20_b0666300_a_U000521000
# [2024-05-08 06:50:35] INFO: Writing to disk took 7.64699 seconds
# [2024-05-08 06:50:35] INFO: ======================================================================
# [2024-05-08 06:50:35] INFO: Start sweeping...
# [2024-05-08 06:57:20] INFO: It took 404.777 seconds to do 500 HBOR sweeps.
# [2024-05-08 06:57:20] INFO: Plaquette = 0.650064
# [2024-05-08 06:57:20] INFO: Polyakov loop = (1.49242e-05,-0.000595602)
# [2024-05-08 06:57:20] INFO: Writing conf to disk...
# [2024-05-08 06:57:20] INFO: writeconf_nersc: Writing NERSC configuration ./conf_s060t20_b0666300_a_U000521500
# [2024-05-08 06:57:23] INFO: Calculated checksum: a3538f3d
# [2024-05-08 06:57:27] INFO: Calculated checksum: 7a3db42a
# [2024-05-08 06:57:27] INFO: Writing RNGSTATE file: ./rand_s060t20_b0666300_a_U000521500
# [2024-05-08 06:57:27] INFO: Writing to disk took 7.61455 seconds
# [2024-05-08 06:57:27] INFO: ======================================================================
# [2024-05-08 06:57:27] INFO: Start sweeping...
# [2024-05-08 07:04:12] INFO: It took 404.765 seconds to do 500 HBOR sweeps.
# [2024-05-08 07:04:12] INFO: Plaquette = 0.650137
# [2024-05-08 07:04:12] INFO: Polyakov loop = (0.000863774,0.00127138)
# [2024-05-08 07:04:12] INFO: Writing conf to disk...
# [2024-05-08 07:04:12] INFO: writeconf_nersc: Writing NERSC configuration ./conf_s060t20_b0666300_a_U000522000
# [2024-05-08 07:04:15] INFO: Calculated checksum: 865b0b23
# [2024-05-08 07:04:20] INFO: Calculated checksum: 2fa60d52
# [2024-05-08 07:04:20] INFO: Writing RNGSTATE file: ./rand_s060t20_b0666300_a_U000522000
# [2024-05-08 07:04:20] INFO: Writing to disk took 7.56495 seconds
# [2024-05-08 07:04:20] INFO: ======================================================================
# [2024-05-08 07:04:20] INFO: Start sweeping...
# [2024-05-08 07:11:04] INFO: It took 404.766 seconds to do 500 HBOR sweeps.
# [2024-05-08 07:11:04] INFO: Plaquette = 0.650112
# [2024-05-08 07:11:04] INFO: Polyakov loop = (-0.000199976,0.00119698)
# [2024-05-08 07:11:04] INFO: Writing conf to disk...
# [2024-05-08 07:11:04] INFO: writeconf_nersc: Writing NERSC configuration ./conf_s060t20_b0666300_a_U000522500
# [2024-05-08 07:11:07] INFO: Calculated checksum: 6975fb97
# [2024-05-08 07:11:12] INFO: Calculated checksum: 3432cfde
# [2024-05-08 07:11:12] INFO: Writing RNGSTATE file: ./rand_s060t20_b0666300_a_U000522500
# [2024-05-08 07:11:12] INFO: Writing to disk took 7.65868 seconds
# [2024-05-08 07:11:12] INFO: ======================================================================
# [2024-05-08 07:11:12] INFO: Start sweeping...
# [2024-05-08 07:17:57] INFO: It took 404.786 seconds to do 500 HBOR sweeps.
# [2024-05-08 07:17:57] INFO: Plaquette = 0.650092
# [2024-05-08 07:17:57] INFO: Polyakov loop = (0.000294563,-3.90534e-05)
# [2024-05-08 07:17:57] INFO: Writing conf to disk...
# [2024-05-08 07:17:57] INFO: writeconf_nersc: Writing NERSC configuration ./conf_s060t20_b0666300_a_U000523000
# [2024-05-08 07:18:00] INFO: Calculated checksum: 9dc5260d
# [2024-05-08 07:18:05] INFO: Calculated checksum: 32578262
# [2024-05-08 07:18:05] INFO: Writing RNGSTATE file: ./rand_s060t20_b0666300_a_U000523000
# [2024-05-08 07:18:05] INFO: Writing to disk took 7.76983 seconds
# [2024-05-08 07:18:05] INFO: ======================================================================
# [2024-05-08 07:18:05] INFO: Start sweeping...
# [2024-05-08 07:24:50] INFO: It took 404.777 seconds to do 500 HBOR sweeps.
# [2024-05-08 07:24:50] INFO: Plaquette = 0.649967
# [2024-05-08 07:24:50] INFO: Polyakov loop = (-0.000781657,0.000583035)
# [2024-05-08 07:24:50] INFO: Writing conf to disk...
# [2024-05-08 07:24:50] INFO: writeconf_nersc: Writing NERSC configuration ./conf_s060t20_b0666300_a_U000523500
# [2024-05-08 07:24:52] INFO: Calculated checksum: 17206765
# [2024-05-08 07:24:57] INFO: Calculated checksum: da2295e1
# [2024-05-08 07:24:57] INFO: Writing RNGSTATE file: ./rand_s060t20_b0666300_a_U000523500
# [2024-05-08 07:24:57] INFO: Writing to disk took 7.72927 seconds
# [2024-05-08 07:24:57] INFO: ======================================================================
# [2024-05-08 07:24:57] INFO: Start sweeping...
# [2024-05-08 07:31:42] INFO: It took 404.786 seconds to do 500 HBOR sweeps.
# [2024-05-08 07:31:42] INFO: Plaquette = 0.650127
# [2024-05-08 07:31:42] INFO: Polyakov loop = (0.000767141,0.000267015)
# [2024-05-08 07:31:42] INFO: Writing conf to disk...
# [2024-05-08 07:31:42] INFO: writeconf_nersc: Writing NERSC configuration ./conf_s060t20_b0666300_a_U000524000
# [2024-05-08 07:31:45] INFO: Calculated checksum: b619f163
# [2024-05-08 07:31:50] INFO: Calculated checksum: 8198fedc
# [2024-05-08 07:31:50] INFO: Writing RNGSTATE file: ./rand_s060t20_b0666300_a_U000524000
# [2024-05-08 07:31:50] INFO: Writing to disk took 7.6424 seconds
# [2024-05-08 07:31:50] INFO: ======================================================================
# [2024-05-08 07:31:50] INFO: Start sweeping...
# [2024-05-08 07:38:35] INFO: It took 404.764 seconds to do 500 HBOR sweeps.
# [2024-05-08 07:38:35] INFO: Plaquette = 0.650105
# [2024-05-08 07:38:35] INFO: Polyakov loop = (-0.000412851,4.02188e-05)
# [2024-05-08 07:38:35] INFO: Writing conf to disk...
# [2024-05-08 07:38:35] INFO: writeconf_nersc: Writing NERSC configuration ./conf_s060t20_b0666300_a_U000524500
# [2024-05-08 07:38:37] INFO: Calculated checksum: d3a644da
# [2024-05-08 07:38:42] INFO: Calculated checksum: cdc0ebb3
# [2024-05-08 07:38:42] INFO: Writing RNGSTATE file: ./rand_s060t20_b0666300_a_U000524500
# [2024-05-08 07:38:42] INFO: Writing to disk took 7.6334 seconds
# [2024-05-08 07:38:42] INFO: ======================================================================
# [2024-05-08 07:38:42] INFO: Start sweeping...
# [2024-05-08 07:45:27] INFO: It took 404.794 seconds to do 500 HBOR sweeps.
# [2024-05-08 07:45:27] INFO: Plaquette = 0.650048
# [2024-05-08 07:45:27] INFO: Polyakov loop = (0.0005211,-0.000468478)
# [2024-05-08 07:45:27] INFO: Writing conf to disk...
# [2024-05-08 07:45:27] INFO: writeconf_nersc: Writing NERSC configuration ./conf_s060t20_b0666300_a_U000525000
# [2024-05-08 07:45:30] INFO: Calculated checksum: 2a01f652
# [2024-05-08 07:45:35] INFO: Calculated checksum: 60b5d485
# [2024-05-08 07:45:35] INFO: Writing RNGSTATE file: ./rand_s060t20_b0666300_a_U000525000
# [2024-05-08 07:45:35] INFO: Writing to disk took 7.67321 seconds
# [2024-05-08 07:45:35] INFO: ======================================================================
# [2024-05-08 07:45:35] INFO: Start sweeping...
# [2024-05-08 07:52:19] INFO: It took 404.764 seconds to do 500 HBOR sweeps.
# [2024-05-08 07:52:20] INFO: Plaquette = 0.650017
# [2024-05-08 07:52:20] INFO: Polyakov loop = (-0.000500222,-0.000810443)
# [2024-05-08 07:52:20] INFO: Writing conf to disk...
# [2024-05-08 07:52:20] INFO: writeconf_nersc: Writing NERSC configuration ./conf_s060t20_b0666300_a_U000525500
# [2024-05-08 07:52:22] INFO: Calculated checksum: d9bfa6ed
# [2024-05-08 07:52:27] INFO: Calculated checksum: a97d4797
# [2024-05-08 07:52:27] INFO: Writing RNGSTATE file: ./rand_s060t20_b0666300_a_U000525500
# [2024-05-08 07:52:27] INFO: Writing to disk took 7.63147 seconds
# [2024-05-08 07:52:27] INFO: ======================================================================
# [2024-05-08 07:52:27] INFO: Start sweeping...
# [2024-05-08 07:59:12] INFO: It took 404.796 seconds to do 500 HBOR sweeps.
# [2024-05-08 07:59:12] INFO: Plaquette = 0.650109
# [2024-05-08 07:59:12] INFO: Polyakov loop = (0.00104671,-0.000643929)
# [2024-05-08 07:59:12] INFO: Writing conf to disk...
# [2024-05-08 07:59:12] INFO: writeconf_nersc: Writing NERSC configuration ./conf_s060t20_b0666300_a_U000526000
# [2024-05-08 07:59:15] INFO: Calculated checksum: 8bec335c
# [2024-05-08 07:59:20] INFO: Calculated checksum: 3196d102
# [2024-05-08 07:59:20] INFO: Writing RNGSTATE file: ./rand_s060t20_b0666300_a_U000526000
# [2024-05-08 07:59:20] INFO: Writing to disk took 7.64265 seconds
# [2024-05-08 07:59:20] INFO: ======================================================================
# [2024-05-08 07:59:20] INFO: Start sweeping...
# [2024-05-08 08:06:04] INFO: It took 404.769 seconds to do 500 HBOR sweeps.
# [2024-05-08 08:06:04] INFO: Plaquette = 0.650129
# [2024-05-08 08:06:04] INFO: Polyakov loop = (-0.00016884,-4.60421e-05)
# [2024-05-08 08:06:04] INFO: Writing conf to disk...
# [2024-05-08 08:06:04] INFO: writeconf_nersc: Writing NERSC configuration ./conf_s060t20_b0666300_a_U000526500
# [2024-05-08 08:06:07] INFO: Calculated checksum: ee403ef1
# [2024-05-08 08:06:12] INFO: Calculated checksum: 8b009cd5
# [2024-05-08 08:06:12] INFO: Writing RNGSTATE file: ./rand_s060t20_b0666300_a_U000526500
# [2024-05-08 08:06:12] INFO: Writing to disk took 7.76749 seconds
# [2024-05-08 08:06:12] INFO: ======================================================================
# [2024-05-08 08:06:12] INFO: Start sweeping...
# [2024-05-08 08:12:57] INFO: It took 404.758 seconds to do 500 HBOR sweeps.
# [2024-05-08 08:12:57] INFO: Plaquette = 0.650058
# [2024-05-08 08:12:57] INFO: Polyakov loop = (-0.000329217,0.000525074)
# [2024-05-08 08:12:57] INFO: Writing conf to disk...
# [2024-05-08 08:12:57] INFO: writeconf_nersc: Writing NERSC configuration ./conf_s060t20_b0666300_a_U000527000
# [2024-05-08 08:13:00] INFO: Calculated checksum: 859a6560
# [2024-05-08 08:13:05] INFO: Calculated checksum: 22f4227
# [2024-05-08 08:13:05] INFO: Writing RNGSTATE file: ./rand_s060t20_b0666300_a_U000527000
# [2024-05-08 08:13:05] INFO: Writing to disk took 7.62476 seconds
# [2024-05-08 08:13:05] INFO: ======================================================================
# [2024-05-08 08:13:05] INFO: Start sweeping...
# [2024-05-08 08:19:49] INFO: It took 404.775 seconds to do 500 HBOR sweeps.
# [2024-05-08 08:19:49] INFO: Plaquette = 0.650111
# [2024-05-08 08:19:49] INFO: Polyakov loop = (-0.000355079,0.00102084)
# [2024-05-08 08:19:49] INFO: Writing conf to disk...
# [2024-05-08 08:19:49] INFO: writeconf_nersc: Writing NERSC configuration ./conf_s060t20_b0666300_a_U000527500
# [2024-05-08 08:19:52] INFO: Calculated checksum: 23087085
# [2024-05-08 08:19:57] INFO: Calculated checksum: 6b8ca6f
# [2024-05-08 08:19:57] INFO: Writing RNGSTATE file: ./rand_s060t20_b0666300_a_U000527500
# [2024-05-08 08:19:57] INFO: Writing to disk took 7.53784 seconds
# [2024-05-08 08:19:57] INFO: ======================================================================
# [2024-05-08 08:19:57] INFO: Start sweeping...
# [2024-05-08 08:26:42] INFO: It took 404.764 seconds to do 500 HBOR sweeps.
# [2024-05-08 08:26:42] INFO: Plaquette = 0.650026
# [2024-05-08 08:26:42] INFO: Polyakov loop = (-0.000398481,0.00126236)
# [2024-05-08 08:26:42] INFO: Writing conf to disk...
# [2024-05-08 08:26:42] INFO: writeconf_nersc: Writing NERSC configuration ./conf_s060t20_b0666300_a_U000528000
# [2024-05-08 08:26:45] INFO: Calculated checksum: b6363ad9
# [2024-05-08 08:26:49] INFO: Calculated checksum: 8be60eeb
# [2024-05-08 08:26:49] INFO: Writing RNGSTATE file: ./rand_s060t20_b0666300_a_U000528000
# [2024-05-08 08:26:50] INFO: Writing to disk took 7.71963 seconds
# [2024-05-08 08:26:50] INFO: ======================================================================
# [2024-05-08 08:26:50] INFO: Start sweeping...
# [2024-05-08 08:33:34] INFO: It took 404.775 seconds to do 500 HBOR sweeps.
# [2024-05-08 08:33:34] INFO: Plaquette = 0.650133
# [2024-05-08 08:33:34] INFO: Polyakov loop = (-0.000579845,-0.000138934)
# [2024-05-08 08:33:34] INFO: Writing conf to disk...
# [2024-05-08 08:33:34] INFO: writeconf_nersc: Writing NERSC configuration ./conf_s060t20_b0666300_a_U000528500
# [2024-05-08 08:33:37] INFO: Calculated checksum: 7c2e79f6
# [2024-05-08 08:33:42] INFO: Calculated checksum: b10eb433
# [2024-05-08 08:33:42] INFO: Writing RNGSTATE file: ./rand_s060t20_b0666300_a_U000528500
# [2024-05-08 08:33:42] INFO: Writing to disk took 7.57766 seconds
# [2024-05-08 08:33:42] INFO: ======================================================================
# [2024-05-08 08:33:42] INFO: Start sweeping...
# [2024-05-08 08:40:27] INFO: It took 404.763 seconds to do 500 HBOR sweeps.
# [2024-05-08 08:40:27] INFO: Plaquette = 0.650111
# [2024-05-08 08:40:27] INFO: Polyakov loop = (-3.29343e-05,0.0014201)
# [2024-05-08 08:40:27] INFO: Writing conf to disk...
# [2024-05-08 08:40:27] INFO: writeconf_nersc: Writing NERSC configuration ./conf_s060t20_b0666300_a_U000529000
# [2024-05-08 08:40:30] INFO: Calculated checksum: 46d124ac
# [2024-05-08 08:40:34] INFO: Calculated checksum: fd023057
# [2024-05-08 08:40:34] INFO: Writing RNGSTATE file: ./rand_s060t20_b0666300_a_U000529000
# [2024-05-08 08:40:34] INFO: Writing to disk took 7.41405 seconds
# [2024-05-08 08:40:34] INFO: ======================================================================
# [2024-05-08 08:40:34] INFO: Start sweeping...
# [2024-05-08 08:47:19] INFO: It took 404.802 seconds to do 500 HBOR sweeps.
# [2024-05-08 08:47:19] INFO: Plaquette = 0.65007
# [2024-05-08 08:47:19] INFO: Polyakov loop = (-9.61841e-05,-1.86362e-05)
# [2024-05-08 08:47:19] INFO: Writing conf to disk...
# [2024-05-08 08:47:19] INFO: writeconf_nersc: Writing NERSC configuration ./conf_s060t20_b0666300_a_U000529500
# [2024-05-08 08:47:22] INFO: Calculated checksum: a05f5254
# [2024-05-08 08:47:26] INFO: Calculated checksum: a286321d
# [2024-05-08 08:47:26] INFO: Writing RNGSTATE file: ./rand_s060t20_b0666300_a_U000529500
# [2024-05-08 08:47:27] INFO: Writing to disk took 7.52119 seconds
# [2024-05-08 08:47:27] INFO: ======================================================================
# [2024-05-08 08:47:27] INFO: Start sweeping...
# [2024-05-08 08:54:11] INFO: It took 404.693 seconds to do 500 HBOR sweeps.
# [2024-05-08 08:54:11] INFO: Plaquette = 0.65
# [2024-05-08 08:54:11] INFO: Polyakov loop = (-0.000393574,0.000389488)
# [2024-05-08 08:54:11] INFO: Writing conf to disk...
# [2024-05-08 08:54:11] INFO: writeconf_nersc: Writing NERSC configuration ./conf_s060t20_b0666300_a_U000530000
# [2024-05-08 08:54:14] INFO: Calculated checksum: 3b1996d0
# [2024-05-08 08:54:19] INFO: Calculated checksum: acc79c40
# [2024-05-08 08:54:19] INFO: Writing RNGSTATE file: ./rand_s060t20_b0666300_a_U000530000
# [2024-05-08 08:54:19] INFO: Writing to disk took 7.69799 seconds
# [2024-05-08 08:54:19] INFO: ======================================================================
# [2024-05-08 08:54:19] INFO: Start sweeping...
# [2024-05-08 09:01:04] INFO: It took 404.711 seconds to do 500 HBOR sweeps.
# [2024-05-08 09:01:04] INFO: Plaquette = 0.650147
# [2024-05-08 09:01:04] INFO: Polyakov loop = (2.99284e-05,0.000157326)
# [2024-05-08 09:01:04] INFO: Writing conf to disk...
# [2024-05-08 09:01:04] INFO: writeconf_nersc: Writing NERSC configuration ./conf_s060t20_b0666300_a_U000530500
# [2024-05-08 09:01:07] INFO: Calculated checksum: 99296270
# [2024-05-08 09:01:11] INFO: Calculated checksum: 9585247
# [2024-05-08 09:01:11] INFO: Writing RNGSTATE file: ./rand_s060t20_b0666300_a_U000530500
# [2024-05-08 09:01:11] INFO: Writing to disk took 7.47518 seconds
# [2024-05-08 09:01:11] INFO: ======================================================================
# [2024-05-08 09:01:11] INFO: Start sweeping...
# [2024-05-08 09:07:56] INFO: It took 404.774 seconds to do 500 HBOR sweeps.
# [2024-05-08 09:07:56] INFO: Plaquette = 0.650042
# [2024-05-08 09:07:56] INFO: Polyakov loop = (-0.000502821,0.000407525)
# [2024-05-08 09:07:56] INFO: Writing conf to disk...
# [2024-05-08 09:07:56] INFO: writeconf_nersc: Writing NERSC configuration ./conf_s060t20_b0666300_a_U000531000
# [2024-05-08 09:07:59] INFO: Calculated checksum: 6300cf31
# [2024-05-08 09:08:04] INFO: Calculated checksum: 90bc695
# [2024-05-08 09:08:04] INFO: Writing RNGSTATE file: ./rand_s060t20_b0666300_a_U000531000
# [2024-05-08 09:08:04] INFO: Writing to disk took 7.62651 seconds
# [2024-05-08 09:08:04] INFO: ======================================================================
# [2024-05-08 09:08:04] INFO: Start sweeping...
# [2024-05-08 09:14:48] INFO: It took 404.747 seconds to do 500 HBOR sweeps.
# [2024-05-08 09:14:48] INFO: Plaquette = 0.650076
# [2024-05-08 09:14:49] INFO: Polyakov loop = (0.000186961,0.00103819)
# [2024-05-08 09:14:49] INFO: Writing conf to disk...
# [2024-05-08 09:14:49] INFO: writeconf_nersc: Writing NERSC configuration ./conf_s060t20_b0666300_a_U000531500
# [2024-05-08 09:14:51] INFO: Calculated checksum: 17b611b3
# [2024-05-08 09:14:56] INFO: Calculated checksum: 9a4f66f9
# [2024-05-08 09:14:56] INFO: Writing RNGSTATE file: ./rand_s060t20_b0666300_a_U000531500
# [2024-05-08 09:14:56] INFO: Writing to disk took 7.67437 seconds
# [2024-05-08 09:14:56] INFO: ======================================================================
# [2024-05-08 09:14:56] INFO: Start sweeping...
# [2024-05-08 09:21:41] INFO: It took 404.772 seconds to do 500 HBOR sweeps.
# [2024-05-08 09:21:41] INFO: Plaquette = 0.650081
# [2024-05-08 09:21:41] INFO: Polyakov loop = (-0.000369685,0.000869349)
# [2024-05-08 09:21:41] INFO: Writing conf to disk...
# [2024-05-08 09:21:41] INFO: writeconf_nersc: Writing NERSC configuration ./conf_s060t20_b0666300_a_U000532000
# [2024-05-08 09:21:44] INFO: Calculated checksum: e767aab2
# [2024-05-08 09:21:48] INFO: Calculated checksum: 95bf217
# [2024-05-08 09:21:48] INFO: Writing RNGSTATE file: ./rand_s060t20_b0666300_a_U000532000
# [2024-05-08 09:21:49] INFO: Writing to disk took 7.5385 seconds
# [2024-05-08 09:21:49] INFO: ======================================================================
# [2024-05-08 09:21:49] INFO: Start sweeping...
# [2024-05-08 09:28:33] INFO: It took 404.784 seconds to do 500 HBOR sweeps.
# [2024-05-08 09:28:33] INFO: Plaquette = 0.65007
# [2024-05-08 09:28:33] INFO: Polyakov loop = (0.000704515,0.000447911)
# [2024-05-08 09:28:33] INFO: Writing conf to disk...
# [2024-05-08 09:28:33] INFO: writeconf_nersc: Writing NERSC configuration ./conf_s060t20_b0666300_a_U000532500
# [2024-05-08 09:28:36] INFO: Calculated checksum: e110b7c1
# [2024-05-08 09:28:42] INFO: Calculated checksum: c9451003
# [2024-05-08 09:28:42] INFO: Writing RNGSTATE file: ./rand_s060t20_b0666300_a_U000532500
# [2024-05-08 09:28:42] INFO: Writing to disk took 8.36282 seconds
# [2024-05-08 09:28:42] INFO: ======================================================================
# [2024-05-08 09:28:42] INFO: Start sweeping...
# [2024-05-08 09:35:26] INFO: It took 404.744 seconds to do 500 HBOR sweeps.
# [2024-05-08 09:35:27] INFO: Plaquette = 0.650115
# [2024-05-08 09:35:27] INFO: Polyakov loop = (0.000801565,-8.30739e-05)
# [2024-05-08 09:35:27] INFO: Writing conf to disk...
# [2024-05-08 09:35:27] INFO: writeconf_nersc: Writing NERSC configuration ./conf_s060t20_b0666300_a_U000533000
# [2024-05-08 09:35:29] INFO: Calculated checksum: caa6559
# [2024-05-08 09:35:34] INFO: Calculated checksum: 8a493a3f
# [2024-05-08 09:35:34] INFO: Writing RNGSTATE file: ./rand_s060t20_b0666300_a_U000533000
# [2024-05-08 09:35:34] INFO: Writing to disk took 7.50494 seconds
# [2024-05-08 09:35:34] INFO: ======================================================================
# [2024-05-08 09:35:34] INFO: Start sweeping...
# [2024-05-08 09:42:19] INFO: It took 404.8 seconds to do 500 HBOR sweeps.
# [2024-05-08 09:42:19] INFO: Plaquette = 0.650065
# [2024-05-08 09:42:19] INFO: Polyakov loop = (-0.000120699,0.000247213)
# [2024-05-08 09:42:19] INFO: Writing conf to disk...
# [2024-05-08 09:42:19] INFO: writeconf_nersc: Writing NERSC configuration ./conf_s060t20_b0666300_a_U000533500
# [2024-05-08 09:42:22] INFO: Calculated checksum: 3b446991
# [2024-05-08 09:42:26] INFO: Calculated checksum: a208d80
# [2024-05-08 09:42:26] INFO: Writing RNGSTATE file: ./rand_s060t20_b0666300_a_U000533500
# [2024-05-08 09:42:27] INFO: Writing to disk took 7.7353 seconds
# [2024-05-08 09:42:27] INFO: ======================================================================
# [2024-05-08 09:42:27] INFO: Start sweeping...
# [2024-05-08 09:49:11] INFO: It took 404.796 seconds to do 500 HBOR sweeps.
# [2024-05-08 09:49:11] INFO: Plaquette = 0.650116
# [2024-05-08 09:49:11] INFO: Polyakov loop = (-9.26155e-05,0.000938493)
# [2024-05-08 09:49:11] INFO: Writing conf to disk...
# [2024-05-08 09:49:11] INFO: writeconf_nersc: Writing NERSC configuration ./conf_s060t20_b0666300_a_U000534000
# [2024-05-08 09:49:14] INFO: Calculated checksum: 7ee51ff6
# [2024-05-08 09:49:19] INFO: Calculated checksum: 56e04e5e
# [2024-05-08 09:49:19] INFO: Writing RNGSTATE file: ./rand_s060t20_b0666300_a_U000534000
# [2024-05-08 09:49:19] INFO: Writing to disk took 7.58571 seconds
# [2024-05-08 09:49:19] INFO: ======================================================================
# [2024-05-08 09:49:19] INFO: Start sweeping...
# [2024-05-08 09:56:04] INFO: It took 404.788 seconds to do 500 HBOR sweeps.
# [2024-05-08 09:56:04] INFO: Plaquette = 0.650109
# [2024-05-08 09:56:04] INFO: Polyakov loop = (-0.000580762,0.00120529)
# [2024-05-08 09:56:04] INFO: Writing conf to disk...
# [2024-05-08 09:56:04] INFO: writeconf_nersc: Writing NERSC configuration ./conf_s060t20_b0666300_a_U000534500
# [2024-05-08 09:56:07] INFO: Calculated checksum: f121e09c
# [2024-05-08 09:56:11] INFO: Calculated checksum: 250c47e1
# [2024-05-08 09:56:11] INFO: Writing RNGSTATE file: ./rand_s060t20_b0666300_a_U000534500
# [2024-05-08 09:56:12] INFO: Writing to disk took 7.63508 seconds
# [2024-05-08 09:56:12] INFO: ======================================================================
# [2024-05-08 09:56:12] INFO: Start sweeping...
# [2024-05-08 10:02:56] INFO: It took 404.77 seconds to do 500 HBOR sweeps.
# [2024-05-08 10:02:56] INFO: Plaquette = 0.650021
# [2024-05-08 10:02:56] INFO: Polyakov loop = (-0.000258743,5.6359e-06)
# [2024-05-08 10:02:56] INFO: Writing conf to disk...
# [2024-05-08 10:02:56] INFO: writeconf_nersc: Writing NERSC configuration ./conf_s060t20_b0666300_a_U000535000
# [2024-05-08 10:02:59] INFO: Calculated checksum: 2842f031
# [2024-05-08 10:03:04] INFO: Calculated checksum: ae68e5a8
# [2024-05-08 10:03:04] INFO: Writing RNGSTATE file: ./rand_s060t20_b0666300_a_U000535000
# [2024-05-08 10:03:04] INFO: Writing to disk took 7.63577 seconds
# [2024-05-08 10:03:04] INFO: ======================================================================
# [2024-05-08 10:03:04] INFO: Start sweeping...
# [2024-05-08 10:09:49] INFO: It took 404.802 seconds to do 500 HBOR sweeps.
# [2024-05-08 10:09:49] INFO: Plaquette = 0.650121
# [2024-05-08 10:09:49] INFO: Polyakov loop = (-0.000611607,0.000361947)
# [2024-05-08 10:09:49] INFO: Writing conf to disk...
# [2024-05-08 10:09:49] INFO: writeconf_nersc: Writing NERSC configuration ./conf_s060t20_b0666300_a_U000535500
# [2024-05-08 10:09:52] INFO: Calculated checksum: 24d12f5e
# [2024-05-08 10:09:56] INFO: Calculated checksum: 6c9a7db1
# [2024-05-08 10:09:56] INFO: Writing RNGSTATE file: ./rand_s060t20_b0666300_a_U000535500
# [2024-05-08 10:09:57] INFO: Writing to disk took 7.76602 seconds
# [2024-05-08 10:09:57] INFO: ======================================================================
# [2024-05-08 10:09:57] INFO: Start sweeping...
# [2024-05-08 10:16:41] INFO: It took 404.796 seconds to do 500 HBOR sweeps.
# [2024-05-08 10:16:41] INFO: Plaquette = 0.650037
# [2024-05-08 10:16:41] INFO: Polyakov loop = (-0.000380491,0.0005013)
# [2024-05-08 10:16:41] INFO: Writing conf to disk...
# [2024-05-08 10:16:41] INFO: writeconf_nersc: Writing NERSC configuration ./conf_s060t20_b0666300_a_U000536000
# [2024-05-08 10:16:44] INFO: Calculated checksum: cac4b861
# [2024-05-08 10:16:49] INFO: Calculated checksum: bc46a59f
# [2024-05-08 10:16:49] INFO: Writing RNGSTATE file: ./rand_s060t20_b0666300_a_U000536000
# [2024-05-08 10:16:49] INFO: Writing to disk took 7.69086 seconds
# [2024-05-08 10:16:49] INFO: ======================================================================
# [2024-05-08 10:16:49] INFO: Start sweeping...
# [2024-05-08 10:23:34] INFO: It took 404.768 seconds to do 500 HBOR sweeps.
# [2024-05-08 10:23:34] INFO: Plaquette = 0.650123
# [2024-05-08 10:23:34] INFO: Polyakov loop = (0.000363489,9.15941e-05)
# [2024-05-08 10:23:34] INFO: Writing conf to disk...
# [2024-05-08 10:23:34] INFO: writeconf_nersc: Writing NERSC configuration ./conf_s060t20_b0666300_a_U000536500
# [2024-05-08 10:23:37] INFO: Calculated checksum: e54d482b
# [2024-05-08 10:23:41] INFO: Calculated checksum: 3bb2e815
# [2024-05-08 10:23:41] INFO: Writing RNGSTATE file: ./rand_s060t20_b0666300_a_U000536500
# [2024-05-08 10:23:41] INFO: Writing to disk took 7.50777 seconds
# [2024-05-08 10:23:41] INFO: ======================================================================
# [2024-05-08 10:23:41] INFO: Start sweeping...
# [2024-05-08 10:30:26] INFO: It took 404.765 seconds to do 500 HBOR sweeps.
# [2024-05-08 10:30:26] INFO: Plaquette = 0.65
# [2024-05-08 10:30:26] INFO: Polyakov loop = (0.000576364,-0.000665842)
# [2024-05-08 10:30:26] INFO: Writing conf to disk...
# [2024-05-08 10:30:26] INFO: writeconf_nersc: Writing NERSC configuration ./conf_s060t20_b0666300_a_U000537000
# [2024-05-08 10:30:29] INFO: Calculated checksum: 8f2d9b74
# [2024-05-08 10:30:34] INFO: Calculated checksum: ea362ed1
# [2024-05-08 10:30:34] INFO: Writing RNGSTATE file: ./rand_s060t20_b0666300_a_U000537000
# [2024-05-08 10:30:34] INFO: Writing to disk took 7.62895 seconds
# [2024-05-08 10:30:34] INFO: ======================================================================
# [2024-05-08 10:30:34] INFO: Start sweeping...
# [2024-05-08 10:37:19] INFO: It took 404.761 seconds to do 500 HBOR sweeps.
# [2024-05-08 10:37:19] INFO: Plaquette = 0.65016
# [2024-05-08 10:37:19] INFO: Polyakov loop = (0.000277615,0.000930045)
# [2024-05-08 10:37:19] INFO: Writing conf to disk...
# [2024-05-08 10:37:19] INFO: writeconf_nersc: Writing NERSC configuration ./conf_s060t20_b0666300_a_U000537500
# [2024-05-08 10:37:22] INFO: Calculated checksum: 2b446a7a
# [2024-05-08 10:37:26] INFO: Calculated checksum: 96d44be8
# [2024-05-08 10:37:26] INFO: Writing RNGSTATE file: ./rand_s060t20_b0666300_a_U000537500
# [2024-05-08 10:37:26] INFO: Writing to disk took 7.44016 seconds
# [2024-05-08 10:37:26] INFO: ======================================================================
# [2024-05-08 10:37:26] INFO: Start sweeping...
# [2024-05-08 10:44:11] INFO: It took 404.785 seconds to do 500 HBOR sweeps.
# [2024-05-08 10:44:11] INFO: Plaquette = 0.650107
# [2024-05-08 10:44:11] INFO: Polyakov loop = (0.000192594,0.000288152)
# [2024-05-08 10:44:11] INFO: Writing conf to disk...
# [2024-05-08 10:44:11] INFO: writeconf_nersc: Writing NERSC configuration ./conf_s060t20_b0666300_a_U000538000
# [2024-05-08 10:44:14] INFO: Calculated checksum: e1fc1dce
# [2024-05-08 10:44:18] INFO: Calculated checksum: bba32352
# [2024-05-08 10:44:18] INFO: Writing RNGSTATE file: ./rand_s060t20_b0666300_a_U000538000
# [2024-05-08 10:44:19] INFO: Writing to disk took 7.61368 seconds
# [2024-05-08 10:44:19] INFO: ======================================================================
# [2024-05-08 10:44:19] INFO: Start sweeping...
# [2024-05-08 10:51:03] INFO: It took 404.772 seconds to do 500 HBOR sweeps.
# [2024-05-08 10:51:03] INFO: Plaquette = 0.650016
# [2024-05-08 10:51:03] INFO: Polyakov loop = (0.000968164,4.73796e-06)
# [2024-05-08 10:51:03] INFO: Writing conf to disk...
# [2024-05-08 10:51:03] INFO: writeconf_nersc: Writing NERSC configuration ./conf_s060t20_b0666300_a_U000538500
# [2024-05-08 10:51:06] INFO: Calculated checksum: 316f1a5a
# [2024-05-08 10:51:11] INFO: Calculated checksum: acc27b81
# [2024-05-08 10:51:11] INFO: Writing RNGSTATE file: ./rand_s060t20_b0666300_a_U000538500
# [2024-05-08 10:51:11] INFO: Writing to disk took 7.44942 seconds
# [2024-05-08 10:51:11] INFO: ======================================================================
# [2024-05-08 10:51:11] INFO: Start sweeping...
# [2024-05-08 10:57:56] INFO: It took 404.799 seconds to do 500 HBOR sweeps.
# [2024-05-08 10:57:56] INFO: Plaquette = 0.65006
# [2024-05-08 10:57:56] INFO: Polyakov loop = (-0.000612505,-0.000229182)
# [2024-05-08 10:57:56] INFO: Writing conf to disk...
# [2024-05-08 10:57:56] INFO: writeconf_nersc: Writing NERSC configuration ./conf_s060t20_b0666300_a_U000539000
# [2024-05-08 10:57:59] INFO: Calculated checksum: 57522fe5
# [2024-05-08 10:58:03] INFO: Calculated checksum: c7dbe6a5
# [2024-05-08 10:58:03] INFO: Writing RNGSTATE file: ./rand_s060t20_b0666300_a_U000539000
# [2024-05-08 10:58:04] INFO: Writing to disk took 7.85485 seconds
# [2024-05-08 10:58:04] INFO: ======================================================================
# [2024-05-08 10:58:04] INFO: Start sweeping...
# [2024-05-08 11:04:48] INFO: It took 404.771 seconds to do 500 HBOR sweeps.
# [2024-05-08 11:04:48] INFO: Plaquette = 0.650152
# [2024-05-08 11:04:48] INFO: Polyakov loop = (-0.000252934,0.000613369)
# [2024-05-08 11:04:48] INFO: Writing conf to disk...
# [2024-05-08 11:04:48] INFO: writeconf_nersc: Writing NERSC configuration ./conf_s060t20_b0666300_a_U000539500
# [2024-05-08 11:04:51] INFO: Calculated checksum: 15d7b60b
# [2024-05-08 11:04:56] INFO: Calculated checksum: 30e8ebef
# [2024-05-08 11:04:56] INFO: Writing RNGSTATE file: ./rand_s060t20_b0666300_a_U000539500
# [2024-05-08 11:04:56] INFO: Writing to disk took 7.64878 seconds
# [2024-05-08 11:04:56] INFO: ======================================================================
# [2024-05-08 11:04:56] INFO: Start sweeping...
# [2024-05-08 11:11:41] INFO: It took 404.792 seconds to do 500 HBOR sweeps.
# [2024-05-08 11:11:41] INFO: Plaquette = 0.650047
# [2024-05-08 11:11:41] INFO: Polyakov loop = (-0.000241096,-0.000836843)
# [2024-05-08 11:11:41] INFO: Writing conf to disk...
# [2024-05-08 11:11:41] INFO: writeconf_nersc: Writing NERSC configuration ./conf_s060t20_b0666300_a_U000540000
# [2024-05-08 11:11:44] INFO: Calculated checksum: 76addbe7
# [2024-05-08 11:11:48] INFO: Calculated checksum: b3dd14cc
# [2024-05-08 11:11:48] INFO: Writing RNGSTATE file: ./rand_s060t20_b0666300_a_U000540000
# [2024-05-08 11:11:49] INFO: Writing to disk took 7.60017 seconds
# [2024-05-08 11:11:49] INFO: ======================================================================
# [2024-05-08 11:11:49] INFO: Start sweeping...
# [2024-05-08 11:18:33] INFO: It took 404.786 seconds to do 500 HBOR sweeps.
# [2024-05-08 11:18:33] INFO: Plaquette = 0.650023
# [2024-05-08 11:18:33] INFO: Polyakov loop = (-0.000637843,-0.000393522)
# [2024-05-08 11:18:33] INFO: Writing conf to disk...
# [2024-05-08 11:18:33] INFO: writeconf_nersc: Writing NERSC configuration ./conf_s060t20_b0666300_a_U000540500
# [2024-05-08 11:18:36] INFO: Calculated checksum: 58f775e9
# [2024-05-08 11:18:41] INFO: Calculated checksum: c37e33f5
# [2024-05-08 11:18:41] INFO: Writing RNGSTATE file: ./rand_s060t20_b0666300_a_U000540500
# [2024-05-08 11:18:41] INFO: Writing to disk took 7.6263 seconds
# [2024-05-08 11:18:41] INFO: ======================================================================
# [2024-05-08 11:18:41] INFO: Start sweeping...
# [2024-05-08 11:25:26] INFO: It took 404.757 seconds to do 500 HBOR sweeps.
# [2024-05-08 11:25:26] INFO: Plaquette = 0.650064
# [2024-05-08 11:25:26] INFO: Polyakov loop = (-0.000279768,-0.00121011)
# [2024-05-08 11:25:26] INFO: Writing conf to disk...
# [2024-05-08 11:25:26] INFO: writeconf_nersc: Writing NERSC configuration ./conf_s060t20_b0666300_a_U000541000
# [2024-05-08 11:25:29] INFO: Calculated checksum: f6fae840
# [2024-05-08 11:25:33] INFO: Calculated checksum: 1a52035e
# [2024-05-08 11:25:33] INFO: Writing RNGSTATE file: ./rand_s060t20_b0666300_a_U000541000
# [2024-05-08 11:25:33] INFO: Writing to disk took 7.46344 seconds
# [2024-05-08 11:25:33] INFO: ======================================================================
# [2024-05-08 11:25:33] INFO: Start sweeping...
# [2024-05-08 11:32:18] INFO: It took 404.796 seconds to do 500 HBOR sweeps.
# [2024-05-08 11:32:18] INFO: Plaquette = 0.650054
# [2024-05-08 11:32:18] INFO: Polyakov loop = (1.84685e-05,-0.00081482)
# [2024-05-08 11:32:18] INFO: Writing conf to disk...
# [2024-05-08 11:32:18] INFO: writeconf_nersc: Writing NERSC configuration ./conf_s060t20_b0666300_a_U000541500
# [2024-05-08 11:32:21] INFO: Calculated checksum: 762c551a
# [2024-05-08 11:32:26] INFO: Calculated checksum: 700b2be4
# [2024-05-08 11:32:26] INFO: Writing RNGSTATE file: ./rand_s060t20_b0666300_a_U000541500
# [2024-05-08 11:32:26] INFO: Writing to disk took 7.7947 seconds
# [2024-05-08 11:32:26] INFO: ======================================================================
# [2024-05-08 11:32:26] INFO: Start sweeping...
# [2024-05-08 11:39:11] INFO: It took 404.787 seconds to do 500 HBOR sweeps.
# [2024-05-08 11:39:11] INFO: Plaquette = 0.650164
# [2024-05-08 11:39:11] INFO: Polyakov loop = (-0.00127199,-0.000939752)
# [2024-05-08 11:39:11] INFO: Writing conf to disk...
# [2024-05-08 11:39:11] INFO: writeconf_nersc: Writing NERSC configuration ./conf_s060t20_b0666300_a_U000542000
# [2024-05-08 11:39:14] INFO: Calculated checksum: b7fb0815
# [2024-05-08 11:39:19] INFO: Calculated checksum: e777e745
# [2024-05-08 11:39:19] INFO: Writing RNGSTATE file: ./rand_s060t20_b0666300_a_U000542000
# [2024-05-08 11:39:19] INFO: Writing to disk took 7.90632 seconds
# [2024-05-08 11:39:19] INFO: ======================================================================
# [2024-05-08 11:39:19] INFO: Start sweeping...
# [2024-05-08 11:46:03] INFO: It took 404.8 seconds to do 500 HBOR sweeps.
# [2024-05-08 11:46:03] INFO: Plaquette = 0.650099
# [2024-05-08 11:46:03] INFO: Polyakov loop = (-8.75098e-05,-0.000410391)
# [2024-05-08 11:46:03] INFO: Writing conf to disk...
# [2024-05-08 11:46:03] INFO: writeconf_nersc: Writing NERSC configuration ./conf_s060t20_b0666300_a_U000542500
# [2024-05-08 11:46:06] INFO: Calculated checksum: 7061bf4c
# [2024-05-08 11:46:11] INFO: Calculated checksum: 9b3bf5b8
# [2024-05-08 11:46:11] INFO: Writing RNGSTATE file: ./rand_s060t20_b0666300_a_U000542500
# [2024-05-08 11:46:11] INFO: Writing to disk took 7.77989 seconds
# [2024-05-08 11:46:11] INFO: ======================================================================
# [2024-05-08 11:46:11] INFO: Start sweeping...
# [2024-05-08 11:52:56] INFO: It took 404.789 seconds to do 500 HBOR sweeps.
# [2024-05-08 11:52:56] INFO: Plaquette = 0.650059
# [2024-05-08 11:52:56] INFO: Polyakov loop = (0.000287123,-0.00119556)
# [2024-05-08 11:52:56] INFO: Writing conf to disk...
# [2024-05-08 11:52:56] INFO: writeconf_nersc: Writing NERSC configuration ./conf_s060t20_b0666300_a_U000543000
# [2024-05-08 11:52:59] INFO: Calculated checksum: 2037cd3e
# [2024-05-08 11:53:04] INFO: Calculated checksum: 435816d0
# [2024-05-08 11:53:04] INFO: Writing RNGSTATE file: ./rand_s060t20_b0666300_a_U000543000
# [2024-05-08 11:53:04] INFO: Writing to disk took 8.1365 seconds
# [2024-05-08 11:53:04] INFO: ======================================================================
# [2024-05-08 11:53:04] INFO: Start sweeping...
# [2024-05-08 11:59:49] INFO: It took 404.792 seconds to do 500 HBOR sweeps.
# [2024-05-08 11:59:49] INFO: Plaquette = 0.650118
# [2024-05-08 11:59:49] INFO: Polyakov loop = (-0.000564546,-1.0896e-05)
# [2024-05-08 11:59:49] INFO: Writing conf to disk...
# [2024-05-08 11:59:49] INFO: writeconf_nersc: Writing NERSC configuration ./conf_s060t20_b0666300_a_U000543500
# [2024-05-08 11:59:52] INFO: Calculated checksum: 41cca0c
# [2024-05-08 11:59:57] INFO: Calculated checksum: 2b545a3e
# [2024-05-08 11:59:57] INFO: Writing RNGSTATE file: ./rand_s060t20_b0666300_a_U000543500
# [2024-05-08 11:59:57] INFO: Writing to disk took 7.55631 seconds
# [2024-05-08 11:59:57] INFO: ======================================================================
# [2024-05-08 11:59:57] INFO: Start sweeping...
# [2024-05-08 12:06:41] INFO: It took 404.795 seconds to do 500 HBOR sweeps.
# [2024-05-08 12:06:41] INFO: Plaquette = 0.65012
# [2024-05-08 12:06:41] INFO: Polyakov loop = (-0.000875623,-0.000549128)
# [2024-05-08 12:06:41] INFO: Writing conf to disk...
# [2024-05-08 12:06:41] INFO: writeconf_nersc: Writing NERSC configuration ./conf_s060t20_b0666300_a_U000544000
# [2024-05-08 12:06:44] INFO: Calculated checksum: d946c663
# [2024-05-08 12:06:49] INFO: Calculated checksum: 7e8d2b88
# [2024-05-08 12:06:49] INFO: Writing RNGSTATE file: ./rand_s060t20_b0666300_a_U000544000
# [2024-05-08 12:06:49] INFO: Writing to disk took 7.65544 seconds
# [2024-05-08 12:06:49] INFO: ======================================================================
# [2024-05-08 12:06:49] INFO: Start sweeping...
# [2024-05-08 12:13:34] INFO: It took 404.761 seconds to do 500 HBOR sweeps.
# [2024-05-08 12:13:34] INFO: Plaquette = 0.650099
# [2024-05-08 12:13:34] INFO: Polyakov loop = (-8.754e-05,-0.000710858)
# [2024-05-08 12:13:34] INFO: Writing conf to disk...
# [2024-05-08 12:13:34] INFO: writeconf_nersc: Writing NERSC configuration ./conf_s060t20_b0666300_a_U000544500
# [2024-05-08 12:13:37] INFO: Calculated checksum: 59d799b3
# [2024-05-08 12:13:42] INFO: Calculated checksum: 5aa
# [2024-05-08 12:13:42] INFO: Writing RNGSTATE file: ./rand_s060t20_b0666300_a_U000544500
# [2024-05-08 12:13:42] INFO: Writing to disk took 8.10007 seconds
# [2024-05-08 12:13:42] INFO: ======================================================================
# [2024-05-08 12:13:42] INFO: Start sweeping...
# [2024-05-08 12:20:27] INFO: It took 404.775 seconds to do 500 HBOR sweeps.
# [2024-05-08 12:20:27] INFO: Plaquette = 0.65006
# [2024-05-08 12:20:27] INFO: Polyakov loop = (-0.000484129,0.00165378)
# [2024-05-08 12:20:27] INFO: Writing conf to disk...
# [2024-05-08 12:20:27] INFO: writeconf_nersc: Writing NERSC configuration ./conf_s060t20_b0666300_a_U000545000
# [2024-05-08 12:20:30] INFO: Calculated checksum: 777d5898
# [2024-05-08 12:20:34] INFO: Calculated checksum: d78c76ea
# [2024-05-08 12:20:34] INFO: Writing RNGSTATE file: ./rand_s060t20_b0666300_a_U000545000
# [2024-05-08 12:20:34] INFO: Writing to disk took 7.57944 seconds
# [2024-05-08 12:20:34] INFO: ======================================================================
# [2024-05-08 12:20:34] INFO: Start sweeping...
# [2024-05-08 12:27:19] INFO: It took 404.778 seconds to do 500 HBOR sweeps.
# [2024-05-08 12:27:19] INFO: Plaquette = 0.650168
# [2024-05-08 12:27:19] INFO: Polyakov loop = (0.000339463,0.00134124)
# [2024-05-08 12:27:19] INFO: Writing conf to disk...
# [2024-05-08 12:27:19] INFO: writeconf_nersc: Writing NERSC configuration ./conf_s060t20_b0666300_a_U000545500
# [2024-05-08 12:27:22] INFO: Calculated checksum: 630d50fd
# [2024-05-08 12:27:27] INFO: Calculated checksum: 59f6a247
# [2024-05-08 12:27:27] INFO: Writing RNGSTATE file: ./rand_s060t20_b0666300_a_U000545500
# [2024-05-08 12:27:27] INFO: Writing to disk took 7.68249 seconds
# [2024-05-08 12:27:27] INFO: ======================================================================
# [2024-05-08 12:27:27] INFO: Start sweeping...
# [2024-05-08 12:34:12] INFO: It took 404.796 seconds to do 500 HBOR sweeps.
# [2024-05-08 12:34:12] INFO: Plaquette = 0.650087
# [2024-05-08 12:34:12] INFO: Polyakov loop = (0.000228225,1.50433e-05)
# [2024-05-08 12:34:12] INFO: Writing conf to disk...
# [2024-05-08 12:34:12] INFO: writeconf_nersc: Writing NERSC configuration ./conf_s060t20_b0666300_a_U000546000
# [2024-05-08 12:34:15] INFO: Calculated checksum: 4b573222
# [2024-05-08 12:34:19] INFO: Calculated checksum: 64da3ca4
# [2024-05-08 12:34:19] INFO: Writing RNGSTATE file: ./rand_s060t20_b0666300_a_U000546000
# [2024-05-08 12:34:19] INFO: Writing to disk took 7.49879 seconds
# [2024-05-08 12:34:19] INFO: ======================================================================
# [2024-05-08 12:34:19] INFO: Start sweeping...
# [2024-05-08 12:41:04] INFO: It took 404.76 seconds to do 500 HBOR sweeps.
# [2024-05-08 12:41:04] INFO: Plaquette = 0.650077
# [2024-05-08 12:41:04] INFO: Polyakov loop = (0.000195838,0.000436506)
# [2024-05-08 12:41:04] INFO: Writing conf to disk...
# [2024-05-08 12:41:04] INFO: writeconf_nersc: Writing NERSC configuration ./conf_s060t20_b0666300_a_U000546500
# [2024-05-08 12:41:07] INFO: Calculated checksum: a1bf765a
# [2024-05-08 12:41:11] INFO: Calculated checksum: 5799a9f8
# [2024-05-08 12:41:11] INFO: Writing RNGSTATE file: ./rand_s060t20_b0666300_a_U000546500
# [2024-05-08 12:41:12] INFO: Writing to disk took 7.48102 seconds
# [2024-05-08 12:41:12] INFO: ======================================================================
# [2024-05-08 12:41:12] INFO: Start sweeping...
# [2024-05-08 12:47:56] INFO: It took 404.776 seconds to do 500 HBOR sweeps.
# [2024-05-08 12:47:56] INFO: Plaquette = 0.650061
# [2024-05-08 12:47:56] INFO: Polyakov loop = (0.000463577,3.53994e-05)
# [2024-05-08 12:47:56] INFO: Writing conf to disk...
# [2024-05-08 12:47:56] INFO: writeconf_nersc: Writing NERSC configuration ./conf_s060t20_b0666300_a_U000547000
# [2024-05-08 12:47:59] INFO: Calculated checksum: c4c31a6a
# [2024-05-08 12:48:04] INFO: Calculated checksum: 1ffa015f
# [2024-05-08 12:48:04] INFO: Writing RNGSTATE file: ./rand_s060t20_b0666300_a_U000547000
# [2024-05-08 12:48:04] INFO: Writing to disk took 7.65753 seconds
# [2024-05-08 12:48:04] INFO: ======================================================================
# [2024-05-08 12:48:04] INFO: Start sweeping...
# [2024-05-08 12:54:49] INFO: It took 404.783 seconds to do 500 HBOR sweeps.
# [2024-05-08 12:54:49] INFO: Plaquette = 0.650017
# [2024-05-08 12:54:49] INFO: Polyakov loop = (-0.000643043,-0.000499652)
# [2024-05-08 12:54:49] INFO: Writing conf to disk...
# [2024-05-08 12:54:49] INFO: writeconf_nersc: Writing NERSC configuration ./conf_s060t20_b0666300_a_U000547500
# [2024-05-08 12:54:52] INFO: Calculated checksum: eb2e3151
# [2024-05-08 12:54:57] INFO: Calculated checksum: 595e1e6e
# [2024-05-08 12:54:57] INFO: Writing RNGSTATE file: ./rand_s060t20_b0666300_a_U000547500
# [2024-05-08 12:54:57] INFO: Writing to disk took 7.89719 seconds
# [2024-05-08 12:54:57] INFO: ======================================================================
# [2024-05-08 12:54:57] INFO: Start sweeping...
# [2024-05-08 13:01:42] INFO: It took 404.769 seconds to do 500 HBOR sweeps.
# [2024-05-08 13:01:42] INFO: Plaquette = 0.650008
# [2024-05-08 13:01:42] INFO: Polyakov loop = (5.99365e-05,-0.000662797)
# [2024-05-08 13:01:42] INFO: Writing conf to disk...
# [2024-05-08 13:01:42] INFO: writeconf_nersc: Writing NERSC configuration ./conf_s060t20_b0666300_a_U000548000
# [2024-05-08 13:01:45] INFO: Calculated checksum: 13124b1b
# [2024-05-08 13:01:49] INFO: Calculated checksum: 2a65eb69
# [2024-05-08 13:01:49] INFO: Writing RNGSTATE file: ./rand_s060t20_b0666300_a_U000548000
# [2024-05-08 13:01:49] INFO: Writing to disk took 7.13332 seconds
# [2024-05-08 13:01:49] INFO: ======================================================================
# [2024-05-08 13:01:49] INFO: Start sweeping...
# [2024-05-08 13:08:34] INFO: It took 404.772 seconds to do 500 HBOR sweeps.
# [2024-05-08 13:08:34] INFO: Plaquette = 0.650045
# [2024-05-08 13:08:34] INFO: Polyakov loop = (7.06542e-05,0.000321902)
# [2024-05-08 13:08:34] INFO: Writing conf to disk...
# [2024-05-08 13:08:34] INFO: writeconf_nersc: Writing NERSC configuration ./conf_s060t20_b0666300_a_U000548500
# [2024-05-08 13:08:36] INFO: Calculated checksum: c111dbbe
# [2024-05-08 13:08:41] INFO: Calculated checksum: 9688accd
# [2024-05-08 13:08:41] INFO: Writing RNGSTATE file: ./rand_s060t20_b0666300_a_U000548500
# [2024-05-08 13:08:41] INFO: Writing to disk took 7.59946 seconds
# [2024-05-08 13:08:41] INFO: ======================================================================
# [2024-05-08 13:08:41] INFO: Start sweeping...
# [2024-05-08 13:15:26] INFO: It took 404.763 seconds to do 500 HBOR sweeps.
# [2024-05-08 13:15:26] INFO: Plaquette = 0.6501
# [2024-05-08 13:15:26] INFO: Polyakov loop = (0.00215229,0.000971587)
# [2024-05-08 13:15:26] INFO: Writing conf to disk...
# [2024-05-08 13:15:26] INFO: writeconf_nersc: Writing NERSC configuration ./conf_s060t20_b0666300_a_U000549000
# [2024-05-08 13:15:29] INFO: Calculated checksum: 424b67cb
# [2024-05-08 13:15:33] INFO: Calculated checksum: 57b4796c
# [2024-05-08 13:15:33] INFO: Writing RNGSTATE file: ./rand_s060t20_b0666300_a_U000549000
# [2024-05-08 13:15:34] INFO: Writing to disk took 7.48189 seconds
# [2024-05-08 13:15:34] INFO: ======================================================================
# [2024-05-08 13:15:34] INFO: Start sweeping...
# [2024-05-08 13:22:18] INFO: It took 404.777 seconds to do 500 HBOR sweeps.
# [2024-05-08 13:22:18] INFO: Plaquette = 0.650063
# [2024-05-08 13:22:18] INFO: Polyakov loop = (0.00145755,-0.000309878)
# [2024-05-08 13:22:18] INFO: Writing conf to disk...
# [2024-05-08 13:22:18] INFO: writeconf_nersc: Writing NERSC configuration ./conf_s060t20_b0666300_a_U000549500
# [2024-05-08 13:22:21] INFO: Calculated checksum: 6ef93b42
# [2024-05-08 13:22:28] INFO: Calculated checksum: 381099a0
# [2024-05-08 13:22:28] INFO: Writing RNGSTATE file: ./rand_s060t20_b0666300_a_U000549500
# [2024-05-08 13:22:30] INFO: Writing to disk took 11.1766 seconds
# [2024-05-08 13:22:30] INFO: ======================================================================
# [2024-05-08 13:22:30] INFO: Start sweeping...
# [2024-05-08 13:29:14] INFO: It took 404.646 seconds to do 500 HBOR sweeps.
# [2024-05-08 13:29:14] INFO: Plaquette = 0.650026
# [2024-05-08 13:29:14] INFO: Polyakov loop = (0.000789255,-0.000340532)
# [2024-05-08 13:29:14] INFO: Writing conf to disk...
# [2024-05-08 13:29:14] INFO: writeconf_nersc: Writing NERSC configuration ./conf_s060t20_b0666300_a_U000550000
# [2024-05-08 13:29:17] INFO: Calculated checksum: 88c3168c
# [2024-05-08 13:29:25] INFO: Calculated checksum: a61ee2af
# [2024-05-08 13:29:25] INFO: Writing RNGSTATE file: ./rand_s060t20_b0666300_a_U000550000
# [2024-05-08 13:29:25] INFO: Writing to disk took 10.7205 seconds
# [2024-05-08 13:29:25] INFO: Finalizing MPI
