
Currently Loaded Modules:
  1) chpc/1.0      (S)   3) gcc/8.5.0      5) mpich/3.4.2
  2) python/3.10.3       4) cmake/3.26.0   6) cuda/11.6.2 (g)

  Where:
   S:  Module is Sticky, requires --force to unload or purge
   g:  built for GPU

 

# [2024-05-07 19:00:08] INFO: Running SIMULATeQCD
# [2024-05-07 19:00:08] INFO: Git commit version: 43e2518
# [2024-05-07 19:00:08] INFO: Initializing MPI with (1 proc)
# [2024-05-07 19:00:08] INFO: Reading parameters from file :: GenerateQuenched_b6373.param
# [2024-05-07 19:00:08] INFO: # PARAM :: Lattice = 60 60 60 20 
# [2024-05-07 19:00:08] INFO: # PARAM :: Nodes = 1 1 1 1 
# [2024-05-07 19:00:08] INFO: # PARAM :: Topology = 0 0 0 0  (default)
# [2024-05-07 19:00:08] INFO: # PARAM :: beta = 6.373
# [2024-05-07 19:00:08] INFO: # PARAM :: format = nersc
# [2024-05-07 19:00:08] INFO: # PARAM :: endianness = auto
# [2024-05-07 19:00:08] INFO: # PARAM :: conf_nr = 500000
# [2024-05-07 19:00:08] INFO: # PARAM :: stream = a
# [2024-05-07 19:00:08] INFO: # PARAM :: prec_out = 0 (default)
# [2024-05-07 19:00:08] INFO: # PARAM :: measurements_dir = ./ (default)
# [2024-05-07 19:00:08] INFO: # PARAM :: use_unit_conf = 0 (default)
# [2024-05-07 19:00:08] INFO: # PARAM :: output_dir = .
# [2024-05-07 19:00:08] INFO: # PARAM :: nconfs = 100
# [2024-05-07 19:00:08] INFO: # PARAM :: nsweeps_ORperHB = 4
# [2024-05-07 19:00:08] INFO: # PARAM :: nsweeps_HBwithOR = 500
# [2024-05-07 19:00:08] INFO: # PARAM :: prev_conf = conf_s060t20_b0637300_a_U000500000
# [2024-05-07 19:00:08] INFO: # PARAM :: prev_rand = rand_s060t20_b0637300_a_U000500000
# [2024-05-07 19:00:08] INFO: > Running on:
# [2024-05-07 19:00:08] INFO: [Rank 0] > notch086 CPU_45 GPU_3B; MPI: world_rank=0, node_rank=0, coord: ( 0 0 0 0 )
# [2024-05-07 19:00:08] INFO: > Is MPI CUDA-aware? @compilation 
# [2024-05-07 19:00:08] INFO: > GPU compute capability: 75
# [2024-05-07 19:00:08] INFO: > Checking support for P2P (Peer-to-Peer) and UVA (Unified Virtual Addressing):
# [2024-05-07 19:00:08] INFO: [Rank 0] > notch086 GPU_3B(NVIDIA GeForce RTX 2080 Ti): P2P NO ; UVA YES
# [2024-05-07 19:00:08] INFO: Initialize Indexer with HaloDepth = 1[0;33m[0m
# [2024-05-07 19:00:08] INFO: Resuming previous run.
# [2024-05-07 19:00:08] INFO: readconf_nersc: Reading NERSC configuration conf_s060t20_b0637300_a_U000500000
# [2024-05-07 19:00:17] INFO: Next conf_number will be 500500
# [2024-05-07 19:00:17] INFO: Generating up to 100 confs with a separation of 500 HBOR sweeps (OR/HB = 4) ...
# [2024-05-07 19:00:17] INFO: ======================================================================
# [2024-05-07 19:00:17] INFO: Start sweeping...
# [2024-05-07 19:07:18] INFO: It took 420.992 seconds to do 500 HBOR sweeps.
# [2024-05-07 19:07:18] INFO: Plaquette = 0.628459
# [2024-05-07 19:07:18] INFO: Polyakov loop = (-0.000612259,0.000477952)
# [2024-05-07 19:07:18] INFO: Writing conf to disk...
# [2024-05-07 19:07:18] INFO: writeconf_nersc: Writing NERSC configuration ./conf_s060t20_b0637300_a_U000500500
# [2024-05-07 19:07:21] INFO: Calculated checksum: c27c3f45
# [2024-05-07 19:07:26] INFO: Calculated checksum: ffee399b
# [2024-05-07 19:07:26] INFO: Writing RNGSTATE file: ./rand_s060t20_b0637300_a_U000500500
# [2024-05-07 19:07:26] INFO: Writing to disk took 7.4957 seconds
# [2024-05-07 19:07:26] INFO: ======================================================================
# [2024-05-07 19:07:26] INFO: Start sweeping...
# [2024-05-07 19:14:28] INFO: It took 422.249 seconds to do 500 HBOR sweeps.
# [2024-05-07 19:14:28] INFO: Plaquette = 0.628432
# [2024-05-07 19:14:28] INFO: Polyakov loop = (-0.000362338,0.000343207)
# [2024-05-07 19:14:28] INFO: Writing conf to disk...
# [2024-05-07 19:14:28] INFO: writeconf_nersc: Writing NERSC configuration ./conf_s060t20_b0637300_a_U000501000
# [2024-05-07 19:14:31] INFO: Calculated checksum: 2ca7811f
# [2024-05-07 19:14:36] INFO: Calculated checksum: c698f468
# [2024-05-07 19:14:36] INFO: Writing RNGSTATE file: ./rand_s060t20_b0637300_a_U000501000
# [2024-05-07 19:14:36] INFO: Writing to disk took 7.6535 seconds
# [2024-05-07 19:14:36] INFO: ======================================================================
# [2024-05-07 19:14:36] INFO: Start sweeping...
# [2024-05-07 19:21:37] INFO: It took 421.117 seconds to do 500 HBOR sweeps.
# [2024-05-07 19:21:37] INFO: Plaquette = 0.628458
# [2024-05-07 19:21:37] INFO: Polyakov loop = (0.000363912,0.000455133)
# [2024-05-07 19:21:37] INFO: Writing conf to disk...
# [2024-05-07 19:21:37] INFO: writeconf_nersc: Writing NERSC configuration ./conf_s060t20_b0637300_a_U000501500
# [2024-05-07 19:21:40] INFO: Calculated checksum: 985dd4
# [2024-05-07 19:21:44] INFO: Calculated checksum: 496243a3
# [2024-05-07 19:21:44] INFO: Writing RNGSTATE file: ./rand_s060t20_b0637300_a_U000501500
# [2024-05-07 19:21:45] INFO: Writing to disk took 7.72221 seconds
# [2024-05-07 19:21:45] INFO: ======================================================================
# [2024-05-07 19:21:45] INFO: Start sweeping...
# [2024-05-07 19:28:47] INFO: It took 422.399 seconds to do 500 HBOR sweeps.
# [2024-05-07 19:28:47] INFO: Plaquette = 0.628432
# [2024-05-07 19:28:47] INFO: Polyakov loop = (0.00139601,0.000539673)
# [2024-05-07 19:28:47] INFO: Writing conf to disk...
# [2024-05-07 19:28:47] INFO: writeconf_nersc: Writing NERSC configuration ./conf_s060t20_b0637300_a_U000502000
# [2024-05-07 19:28:50] INFO: Calculated checksum: 6000d366
# [2024-05-07 19:28:55] INFO: Calculated checksum: a79336f7
# [2024-05-07 19:28:55] INFO: Writing RNGSTATE file: ./rand_s060t20_b0637300_a_U000502000
# [2024-05-07 19:28:55] INFO: Writing to disk took 8.03947 seconds
# [2024-05-07 19:28:55] INFO: ======================================================================
# [2024-05-07 19:28:55] INFO: Start sweeping...
# [2024-05-07 19:35:57] INFO: It took 421.986 seconds to do 500 HBOR sweeps.
# [2024-05-07 19:35:57] INFO: Plaquette = 0.62853
# [2024-05-07 19:35:57] INFO: Polyakov loop = (0.000249314,0.000705341)
# [2024-05-07 19:35:57] INFO: Writing conf to disk...
# [2024-05-07 19:35:57] INFO: writeconf_nersc: Writing NERSC configuration ./conf_s060t20_b0637300_a_U000502500
# [2024-05-07 19:36:00] INFO: Calculated checksum: 3c948968
# [2024-05-07 19:36:05] INFO: Calculated checksum: 53e0611e
# [2024-05-07 19:36:05] INFO: Writing RNGSTATE file: ./rand_s060t20_b0637300_a_U000502500
# [2024-05-07 19:36:05] INFO: Writing to disk took 8.37207 seconds
# [2024-05-07 19:36:05] INFO: ======================================================================
# [2024-05-07 19:36:05] INFO: Start sweeping...
# [2024-05-07 19:43:08] INFO: It took 422.117 seconds to do 500 HBOR sweeps.
# [2024-05-07 19:43:08] INFO: Plaquette = 0.628476
# [2024-05-07 19:43:08] INFO: Polyakov loop = (-0.000251321,-0.000121502)
# [2024-05-07 19:43:08] INFO: Writing conf to disk...
# [2024-05-07 19:43:08] INFO: writeconf_nersc: Writing NERSC configuration ./conf_s060t20_b0637300_a_U000503000
# [2024-05-07 19:43:10] INFO: Calculated checksum: f6d72ade
# [2024-05-07 19:43:17] INFO: Calculated checksum: 25b030c8
# [2024-05-07 19:43:17] INFO: Writing RNGSTATE file: ./rand_s060t20_b0637300_a_U000503000
# [2024-05-07 19:43:17] INFO: Writing to disk took 9.38302 seconds
# [2024-05-07 19:43:17] INFO: ======================================================================
# [2024-05-07 19:43:17] INFO: Start sweeping...
# [2024-05-07 19:50:19] INFO: It took 421.607 seconds to do 500 HBOR sweeps.
# [2024-05-07 19:50:19] INFO: Plaquette = 0.628438
# [2024-05-07 19:50:19] INFO: Polyakov loop = (-0.000124236,0.000507291)
# [2024-05-07 19:50:19] INFO: Writing conf to disk...
# [2024-05-07 19:50:19] INFO: writeconf_nersc: Writing NERSC configuration ./conf_s060t20_b0637300_a_U000503500
# [2024-05-07 19:50:22] INFO: Calculated checksum: 35d01c58
# [2024-05-07 19:50:26] INFO: Calculated checksum: d7d2406b
# [2024-05-07 19:50:26] INFO: Writing RNGSTATE file: ./rand_s060t20_b0637300_a_U000503500
# [2024-05-07 19:50:26] INFO: Writing to disk took 7.68619 seconds
# [2024-05-07 19:50:26] INFO: ======================================================================
# [2024-05-07 19:50:26] INFO: Start sweeping...
# [2024-05-07 19:57:29] INFO: It took 422.204 seconds to do 500 HBOR sweeps.
# [2024-05-07 19:57:29] INFO: Plaquette = 0.62849
# [2024-05-07 19:57:29] INFO: Polyakov loop = (0.000518372,0.000695744)
# [2024-05-07 19:57:29] INFO: Writing conf to disk...
# [2024-05-07 19:57:29] INFO: writeconf_nersc: Writing NERSC configuration ./conf_s060t20_b0637300_a_U000504000
# [2024-05-07 19:57:31] INFO: Calculated checksum: c441d860
# [2024-05-07 19:57:36] INFO: Calculated checksum: be24697f
# [2024-05-07 19:57:36] INFO: Writing RNGSTATE file: ./rand_s060t20_b0637300_a_U000504000
# [2024-05-07 19:57:36] INFO: Writing to disk took 7.63186 seconds
# [2024-05-07 19:57:36] INFO: ======================================================================
# [2024-05-07 19:57:36] INFO: Start sweeping...
# [2024-05-07 20:04:37] INFO: It took 421.183 seconds to do 500 HBOR sweeps.
# [2024-05-07 20:04:37] INFO: Plaquette = 0.628468
# [2024-05-07 20:04:37] INFO: Polyakov loop = (0.000752408,-0.000150986)
# [2024-05-07 20:04:37] INFO: Writing conf to disk...
# [2024-05-07 20:04:37] INFO: writeconf_nersc: Writing NERSC configuration ./conf_s060t20_b0637300_a_U000504500
# [2024-05-07 20:04:40] INFO: Calculated checksum: b333ae61
# [2024-05-07 20:04:45] INFO: Calculated checksum: 775d33f8
# [2024-05-07 20:04:45] INFO: Writing RNGSTATE file: ./rand_s060t20_b0637300_a_U000504500
# [2024-05-07 20:04:45] INFO: Writing to disk took 7.63949 seconds
# [2024-05-07 20:04:45] INFO: ======================================================================
# [2024-05-07 20:04:45] INFO: Start sweeping...
# [2024-05-07 20:11:47] INFO: It took 422.062 seconds to do 500 HBOR sweeps.
# [2024-05-07 20:11:47] INFO: Plaquette = 0.628406
# [2024-05-07 20:11:47] INFO: Polyakov loop = (4.48536e-06,-0.000286368)
# [2024-05-07 20:11:47] INFO: Writing conf to disk...
# [2024-05-07 20:11:47] INFO: writeconf_nersc: Writing NERSC configuration ./conf_s060t20_b0637300_a_U000505000
# [2024-05-07 20:11:50] INFO: Calculated checksum: 9170a731
# [2024-05-07 20:11:55] INFO: Calculated checksum: 95e22a68
# [2024-05-07 20:11:55] INFO: Writing RNGSTATE file: ./rand_s060t20_b0637300_a_U000505000
# [2024-05-07 20:11:55] INFO: Writing to disk took 7.72803 seconds
# [2024-05-07 20:11:55] INFO: ======================================================================
# [2024-05-07 20:11:55] INFO: Start sweeping...
# [2024-05-07 20:18:57] INFO: It took 421.643 seconds to do 500 HBOR sweeps.
# [2024-05-07 20:18:57] INFO: Plaquette = 0.628504
# [2024-05-07 20:18:57] INFO: Polyakov loop = (0.000724963,0.00021449)
# [2024-05-07 20:18:57] INFO: Writing conf to disk...
# [2024-05-07 20:18:57] INFO: writeconf_nersc: Writing NERSC configuration ./conf_s060t20_b0637300_a_U000505500
# [2024-05-07 20:18:59] INFO: Calculated checksum: f14e872c
# [2024-05-07 20:19:04] INFO: Calculated checksum: c39fbbd3
# [2024-05-07 20:19:04] INFO: Writing RNGSTATE file: ./rand_s060t20_b0637300_a_U000505500
# [2024-05-07 20:19:04] INFO: Writing to disk took 7.60583 seconds
# [2024-05-07 20:19:04] INFO: ======================================================================
# [2024-05-07 20:19:04] INFO: Start sweeping...
# [2024-05-07 20:26:07] INFO: It took 422.512 seconds to do 500 HBOR sweeps.
# [2024-05-07 20:26:07] INFO: Plaquette = 0.628403
# [2024-05-07 20:26:07] INFO: Polyakov loop = (0.000182033,0.000380971)
# [2024-05-07 20:26:07] INFO: Writing conf to disk...
# [2024-05-07 20:26:07] INFO: writeconf_nersc: Writing NERSC configuration ./conf_s060t20_b0637300_a_U000506000
# [2024-05-07 20:26:10] INFO: Calculated checksum: ef3a01cc
# [2024-05-07 20:26:14] INFO: Calculated checksum: c9bfb414
# [2024-05-07 20:26:14] INFO: Writing RNGSTATE file: ./rand_s060t20_b0637300_a_U000506000
# [2024-05-07 20:26:15] INFO: Writing to disk took 7.76818 seconds
# [2024-05-07 20:26:15] INFO: ======================================================================
# [2024-05-07 20:26:15] INFO: Start sweeping...
# [2024-05-07 20:33:16] INFO: It took 421.69 seconds to do 500 HBOR sweeps.
# [2024-05-07 20:33:16] INFO: Plaquette = 0.628356
# [2024-05-07 20:33:16] INFO: Polyakov loop = (-0.000729564,-0.000916981)
# [2024-05-07 20:33:16] INFO: Writing conf to disk...
# [2024-05-07 20:33:16] INFO: writeconf_nersc: Writing NERSC configuration ./conf_s060t20_b0637300_a_U000506500
# [2024-05-07 20:33:19] INFO: Calculated checksum: d3c92695
# [2024-05-07 20:33:24] INFO: Calculated checksum: 9176c38
# [2024-05-07 20:33:24] INFO: Writing RNGSTATE file: ./rand_s060t20_b0637300_a_U000506500
# [2024-05-07 20:33:24] INFO: Writing to disk took 7.62308 seconds
# [2024-05-07 20:33:24] INFO: ======================================================================
# [2024-05-07 20:33:24] INFO: Start sweeping...
# [2024-05-07 20:40:27] INFO: It took 422.575 seconds to do 500 HBOR sweeps.
# [2024-05-07 20:40:27] INFO: Plaquette = 0.628367
# [2024-05-07 20:40:27] INFO: Polyakov loop = (-0.000474776,7.02373e-05)
# [2024-05-07 20:40:27] INFO: Writing conf to disk...
# [2024-05-07 20:40:27] INFO: writeconf_nersc: Writing NERSC configuration ./conf_s060t20_b0637300_a_U000507000
# [2024-05-07 20:40:29] INFO: Calculated checksum: 9eb22539
# [2024-05-07 20:40:34] INFO: Calculated checksum: 65e26306
# [2024-05-07 20:40:34] INFO: Writing RNGSTATE file: ./rand_s060t20_b0637300_a_U000507000
# [2024-05-07 20:40:34] INFO: Writing to disk took 7.58629 seconds
# [2024-05-07 20:40:34] INFO: ======================================================================
# [2024-05-07 20:40:34] INFO: Start sweeping...
# [2024-05-07 20:47:36] INFO: It took 421.52 seconds to do 500 HBOR sweeps.
# [2024-05-07 20:47:36] INFO: Plaquette = 0.628441
# [2024-05-07 20:47:36] INFO: Polyakov loop = (-0.000593647,0.000107241)
# [2024-05-07 20:47:36] INFO: Writing conf to disk...
# [2024-05-07 20:47:36] INFO: writeconf_nersc: Writing NERSC configuration ./conf_s060t20_b0637300_a_U000507500
# [2024-05-07 20:47:39] INFO: Calculated checksum: 89c9b803
# [2024-05-07 20:47:43] INFO: Calculated checksum: bc17c15
# [2024-05-07 20:47:43] INFO: Writing RNGSTATE file: ./rand_s060t20_b0637300_a_U000507500
# [2024-05-07 20:47:43] INFO: Writing to disk took 7.61646 seconds
# [2024-05-07 20:47:43] INFO: ======================================================================
# [2024-05-07 20:47:43] INFO: Start sweeping...
# [2024-05-07 20:54:46] INFO: It took 422.311 seconds to do 500 HBOR sweeps.
# [2024-05-07 20:54:46] INFO: Plaquette = 0.628465
# [2024-05-07 20:54:46] INFO: Polyakov loop = (0.000526622,-0.000355988)
# [2024-05-07 20:54:46] INFO: Writing conf to disk...
# [2024-05-07 20:54:46] INFO: writeconf_nersc: Writing NERSC configuration ./conf_s060t20_b0637300_a_U000508000
# [2024-05-07 20:54:49] INFO: Calculated checksum: f3dd5fd1
# [2024-05-07 20:54:53] INFO: Calculated checksum: 3b9e6916
# [2024-05-07 20:54:53] INFO: Writing RNGSTATE file: ./rand_s060t20_b0637300_a_U000508000
# [2024-05-07 20:54:53] INFO: Writing to disk took 7.76592 seconds
# [2024-05-07 20:54:53] INFO: ======================================================================
# [2024-05-07 20:54:53] INFO: Start sweeping...
# [2024-05-07 21:01:56] INFO: It took 422.423 seconds to do 500 HBOR sweeps.
# [2024-05-07 21:01:56] INFO: Plaquette = 0.628411
# [2024-05-07 21:01:56] INFO: Polyakov loop = (-0.000654278,0.000163409)
# [2024-05-07 21:01:56] INFO: Writing conf to disk...
# [2024-05-07 21:01:56] INFO: writeconf_nersc: Writing NERSC configuration ./conf_s060t20_b0637300_a_U000508500
# [2024-05-07 21:01:59] INFO: Calculated checksum: fb037b08
# [2024-05-07 21:02:03] INFO: Calculated checksum: ffa3c0b5
# [2024-05-07 21:02:03] INFO: Writing RNGSTATE file: ./rand_s060t20_b0637300_a_U000508500
# [2024-05-07 21:02:04] INFO: Writing to disk took 7.71998 seconds
# [2024-05-07 21:02:04] INFO: ======================================================================
# [2024-05-07 21:02:04] INFO: Start sweeping...
# [2024-05-07 21:09:04] INFO: It took 420.666 seconds to do 500 HBOR sweeps.
# [2024-05-07 21:09:04] INFO: Plaquette = 0.628421
# [2024-05-07 21:09:04] INFO: Polyakov loop = (-0.00070496,-0.000432248)
# [2024-05-07 21:09:04] INFO: Writing conf to disk...
# [2024-05-07 21:09:04] INFO: writeconf_nersc: Writing NERSC configuration ./conf_s060t20_b0637300_a_U000509000
# [2024-05-07 21:09:07] INFO: Calculated checksum: 2e1f2bd8
# [2024-05-07 21:09:12] INFO: Calculated checksum: e899bf0a
# [2024-05-07 21:09:12] INFO: Writing RNGSTATE file: ./rand_s060t20_b0637300_a_U000509000
# [2024-05-07 21:09:12] INFO: Writing to disk took 7.72664 seconds
# [2024-05-07 21:09:12] INFO: ======================================================================
# [2024-05-07 21:09:12] INFO: Start sweeping...
# [2024-05-07 21:16:14] INFO: It took 422.357 seconds to do 500 HBOR sweeps.
# [2024-05-07 21:16:14] INFO: Plaquette = 0.628511
# [2024-05-07 21:16:14] INFO: Polyakov loop = (-0.000909339,2.37062e-05)
# [2024-05-07 21:16:14] INFO: Writing conf to disk...
# [2024-05-07 21:16:14] INFO: writeconf_nersc: Writing NERSC configuration ./conf_s060t20_b0637300_a_U000509500
# [2024-05-07 21:16:17] INFO: Calculated checksum: 576a42b8
# [2024-05-07 21:16:23] INFO: Calculated checksum: c47a6391
# [2024-05-07 21:16:23] INFO: Writing RNGSTATE file: ./rand_s060t20_b0637300_a_U000509500
# [2024-05-07 21:16:23] INFO: Writing to disk took 8.31847 seconds
# [2024-05-07 21:16:23] INFO: ======================================================================
# [2024-05-07 21:16:23] INFO: Start sweeping...
# [2024-05-07 21:23:25] INFO: It took 422.106 seconds to do 500 HBOR sweeps.
# [2024-05-07 21:23:25] INFO: Plaquette = 0.628497
# [2024-05-07 21:23:25] INFO: Polyakov loop = (-0.000155005,-0.00123412)
# [2024-05-07 21:23:25] INFO: Writing conf to disk...
# [2024-05-07 21:23:25] INFO: writeconf_nersc: Writing NERSC configuration ./conf_s060t20_b0637300_a_U000510000
# [2024-05-07 21:23:28] INFO: Calculated checksum: 60424a88
# [2024-05-07 21:23:33] INFO: Calculated checksum: fa8783dc
# [2024-05-07 21:23:33] INFO: Writing RNGSTATE file: ./rand_s060t20_b0637300_a_U000510000
# [2024-05-07 21:23:33] INFO: Writing to disk took 7.96443 seconds
# [2024-05-07 21:23:33] INFO: ======================================================================
# [2024-05-07 21:23:33] INFO: Start sweeping...
# [2024-05-07 21:30:35] INFO: It took 421.882 seconds to do 500 HBOR sweeps.
# [2024-05-07 21:30:35] INFO: Plaquette = 0.628553
# [2024-05-07 21:30:35] INFO: Polyakov loop = (-0.000478444,-0.000500213)
# [2024-05-07 21:30:35] INFO: Writing conf to disk...
# [2024-05-07 21:30:35] INFO: writeconf_nersc: Writing NERSC configuration ./conf_s060t20_b0637300_a_U000510500
# [2024-05-07 21:30:38] INFO: Calculated checksum: 8b6b82e3
# [2024-05-07 21:30:43] INFO: Calculated checksum: 70192d3e
# [2024-05-07 21:30:43] INFO: Writing RNGSTATE file: ./rand_s060t20_b0637300_a_U000510500
# [2024-05-07 21:30:43] INFO: Writing to disk took 8.34382 seconds
# [2024-05-07 21:30:43] INFO: ======================================================================
# [2024-05-07 21:30:43] INFO: Start sweeping...
# [2024-05-07 21:37:45] INFO: It took 422.005 seconds to do 500 HBOR sweeps.
# [2024-05-07 21:37:45] INFO: Plaquette = 0.62847
# [2024-05-07 21:37:45] INFO: Polyakov loop = (-0.000433916,-0.000143488)
# [2024-05-07 21:37:45] INFO: Writing conf to disk...
# [2024-05-07 21:37:45] INFO: writeconf_nersc: Writing NERSC configuration ./conf_s060t20_b0637300_a_U000511000
# [2024-05-07 21:37:48] INFO: Calculated checksum: 45da1b7
# [2024-05-07 21:37:53] INFO: Calculated checksum: f510f123
# [2024-05-07 21:37:53] INFO: Writing RNGSTATE file: ./rand_s060t20_b0637300_a_U000511000
# [2024-05-07 21:37:53] INFO: Writing to disk took 7.76001 seconds
# [2024-05-07 21:37:53] INFO: ======================================================================
# [2024-05-07 21:37:53] INFO: Start sweeping...
# [2024-05-07 21:44:55] INFO: It took 422.165 seconds to do 500 HBOR sweeps.
# [2024-05-07 21:44:55] INFO: Plaquette = 0.628596
# [2024-05-07 21:44:55] INFO: Polyakov loop = (0.000454987,-0.000272728)
# [2024-05-07 21:44:55] INFO: Writing conf to disk...
# [2024-05-07 21:44:55] INFO: writeconf_nersc: Writing NERSC configuration ./conf_s060t20_b0637300_a_U000511500
# [2024-05-07 21:44:58] INFO: Calculated checksum: 5b0db835
# [2024-05-07 21:45:03] INFO: Calculated checksum: bf640f9a
# [2024-05-07 21:45:03] INFO: Writing RNGSTATE file: ./rand_s060t20_b0637300_a_U000511500
# [2024-05-07 21:45:03] INFO: Writing to disk took 7.84426 seconds
# [2024-05-07 21:45:03] INFO: ======================================================================
# [2024-05-07 21:45:03] INFO: Start sweeping...
# [2024-05-07 21:52:06] INFO: It took 422.553 seconds to do 500 HBOR sweeps.
# [2024-05-07 21:52:06] INFO: Plaquette = 0.628499
# [2024-05-07 21:52:06] INFO: Polyakov loop = (0.000506314,-7.67059e-05)
# [2024-05-07 21:52:06] INFO: Writing conf to disk...
# [2024-05-07 21:52:06] INFO: writeconf_nersc: Writing NERSC configuration ./conf_s060t20_b0637300_a_U000512000
# [2024-05-07 21:52:08] INFO: Calculated checksum: 7a84538e
# [2024-05-07 21:52:13] INFO: Calculated checksum: 93caccba
# [2024-05-07 21:52:13] INFO: Writing RNGSTATE file: ./rand_s060t20_b0637300_a_U000512000
# [2024-05-07 21:52:13] INFO: Writing to disk took 7.84047 seconds
# [2024-05-07 21:52:13] INFO: ======================================================================
# [2024-05-07 21:52:13] INFO: Start sweeping...
# [2024-05-07 21:59:16] INFO: It took 422.482 seconds to do 500 HBOR sweeps.
# [2024-05-07 21:59:16] INFO: Plaquette = 0.628447
# [2024-05-07 21:59:16] INFO: Polyakov loop = (-7.95211e-05,-0.000710322)
# [2024-05-07 21:59:16] INFO: Writing conf to disk...
# [2024-05-07 21:59:16] INFO: writeconf_nersc: Writing NERSC configuration ./conf_s060t20_b0637300_a_U000512500
# [2024-05-07 21:59:19] INFO: Calculated checksum: 178cb5ee
# [2024-05-07 21:59:24] INFO: Calculated checksum: e7e72ae6
# [2024-05-07 21:59:24] INFO: Writing RNGSTATE file: ./rand_s060t20_b0637300_a_U000512500
# [2024-05-07 21:59:24] INFO: Writing to disk took 8.16918 seconds
# [2024-05-07 21:59:24] INFO: ======================================================================
# [2024-05-07 21:59:24] INFO: Start sweeping...
# [2024-05-07 22:06:26] INFO: It took 421.789 seconds to do 500 HBOR sweeps.
# [2024-05-07 22:06:26] INFO: Plaquette = 0.628529
# [2024-05-07 22:06:26] INFO: Polyakov loop = (0.000907665,7.6829e-05)
# [2024-05-07 22:06:26] INFO: Writing conf to disk...
# [2024-05-07 22:06:26] INFO: writeconf_nersc: Writing NERSC configuration ./conf_s060t20_b0637300_a_U000513000
# [2024-05-07 22:06:29] INFO: Calculated checksum: be9daeb3
# [2024-05-07 22:06:34] INFO: Calculated checksum: bbecfbde
# [2024-05-07 22:06:34] INFO: Writing RNGSTATE file: ./rand_s060t20_b0637300_a_U000513000
# [2024-05-07 22:06:34] INFO: Writing to disk took 7.76417 seconds
# [2024-05-07 22:06:34] INFO: ======================================================================
# [2024-05-07 22:06:34] INFO: Start sweeping...
# [2024-05-07 22:13:36] INFO: It took 422.154 seconds to do 500 HBOR sweeps.
# [2024-05-07 22:13:36] INFO: Plaquette = 0.628422
# [2024-05-07 22:13:36] INFO: Polyakov loop = (-0.000248803,-0.000790883)
# [2024-05-07 22:13:36] INFO: Writing conf to disk...
# [2024-05-07 22:13:36] INFO: writeconf_nersc: Writing NERSC configuration ./conf_s060t20_b0637300_a_U000513500
# [2024-05-07 22:13:39] INFO: Calculated checksum: 6d17d75d
# [2024-05-07 22:13:44] INFO: Calculated checksum: 30f6920d
# [2024-05-07 22:13:44] INFO: Writing RNGSTATE file: ./rand_s060t20_b0637300_a_U000513500
# [2024-05-07 22:13:45] INFO: Writing to disk took 8.62037 seconds
# [2024-05-07 22:13:45] INFO: ======================================================================
# [2024-05-07 22:13:45] INFO: Start sweeping...
# [2024-05-07 22:20:48] INFO: It took 423.318 seconds to do 500 HBOR sweeps.
# [2024-05-07 22:20:48] INFO: Plaquette = 0.628436
# [2024-05-07 22:20:48] INFO: Polyakov loop = (-0.000674099,0.000895945)
# [2024-05-07 22:20:48] INFO: Writing conf to disk...
# [2024-05-07 22:20:48] INFO: writeconf_nersc: Writing NERSC configuration ./conf_s060t20_b0637300_a_U000514000
# [2024-05-07 22:20:51] INFO: Calculated checksum: 4ca0e2dc
# [2024-05-07 22:20:56] INFO: Calculated checksum: 601f9715
# [2024-05-07 22:20:56] INFO: Writing RNGSTATE file: ./rand_s060t20_b0637300_a_U000514000
# [2024-05-07 22:20:56] INFO: Writing to disk took 8.0789 seconds
# [2024-05-07 22:20:56] INFO: ======================================================================
# [2024-05-07 22:20:56] INFO: Start sweeping...
# [2024-05-07 22:27:58] INFO: It took 421.851 seconds to do 500 HBOR sweeps.
# [2024-05-07 22:27:58] INFO: Plaquette = 0.628532
# [2024-05-07 22:27:58] INFO: Polyakov loop = (-0.0003286,-0.000403638)
# [2024-05-07 22:27:58] INFO: Writing conf to disk...
# [2024-05-07 22:27:58] INFO: writeconf_nersc: Writing NERSC configuration ./conf_s060t20_b0637300_a_U000514500
# [2024-05-07 22:28:01] INFO: Calculated checksum: d6c58d49
# [2024-05-07 22:28:06] INFO: Calculated checksum: e7479fc0
# [2024-05-07 22:28:06] INFO: Writing RNGSTATE file: ./rand_s060t20_b0637300_a_U000514500
# [2024-05-07 22:28:06] INFO: Writing to disk took 7.90398 seconds
# [2024-05-07 22:28:06] INFO: ======================================================================
# [2024-05-07 22:28:06] INFO: Start sweeping...
# [2024-05-07 22:35:09] INFO: It took 423.296 seconds to do 500 HBOR sweeps.
# [2024-05-07 22:35:09] INFO: Plaquette = 0.628474
# [2024-05-07 22:35:09] INFO: Polyakov loop = (-3.52504e-06,0.00043036)
# [2024-05-07 22:35:09] INFO: Writing conf to disk...
# [2024-05-07 22:35:09] INFO: writeconf_nersc: Writing NERSC configuration ./conf_s060t20_b0637300_a_U000515000
# [2024-05-07 22:35:12] INFO: Calculated checksum: 2e6b63ac
# [2024-05-07 22:35:17] INFO: Calculated checksum: ce963db8
# [2024-05-07 22:35:17] INFO: Writing RNGSTATE file: ./rand_s060t20_b0637300_a_U000515000
# [2024-05-07 22:35:17] INFO: Writing to disk took 7.80606 seconds
# [2024-05-07 22:35:17] INFO: ======================================================================
# [2024-05-07 22:35:17] INFO: Start sweeping...
# [2024-05-07 22:42:19] INFO: It took 422.198 seconds to do 500 HBOR sweeps.
# [2024-05-07 22:42:19] INFO: Plaquette = 0.628363
# [2024-05-07 22:42:19] INFO: Polyakov loop = (-1.16154e-05,0.000284596)
# [2024-05-07 22:42:19] INFO: Writing conf to disk...
# [2024-05-07 22:42:19] INFO: writeconf_nersc: Writing NERSC configuration ./conf_s060t20_b0637300_a_U000515500
# [2024-05-07 22:42:22] INFO: Calculated checksum: d2b2b1c5
# [2024-05-07 22:42:28] INFO: Calculated checksum: ea88f7a1
# [2024-05-07 22:42:28] INFO: Writing RNGSTATE file: ./rand_s060t20_b0637300_a_U000515500
# [2024-05-07 22:42:29] INFO: Writing to disk took 9.27011 seconds
# [2024-05-07 22:42:29] INFO: ======================================================================
# [2024-05-07 22:42:29] INFO: Start sweeping...
# [2024-05-07 22:49:32] INFO: It took 423.54 seconds to do 500 HBOR sweeps.
# [2024-05-07 22:49:32] INFO: Plaquette = 0.628461
# [2024-05-07 22:49:32] INFO: Polyakov loop = (-1.70043e-05,-1.03778e-05)
# [2024-05-07 22:49:32] INFO: Writing conf to disk...
# [2024-05-07 22:49:32] INFO: writeconf_nersc: Writing NERSC configuration ./conf_s060t20_b0637300_a_U000516000
# [2024-05-07 22:49:35] INFO: Calculated checksum: a939031d
# [2024-05-07 22:49:40] INFO: Calculated checksum: 55a9778a
# [2024-05-07 22:49:40] INFO: Writing RNGSTATE file: ./rand_s060t20_b0637300_a_U000516000
# [2024-05-07 22:49:40] INFO: Writing to disk took 7.68685 seconds
# [2024-05-07 22:49:40] INFO: ======================================================================
# [2024-05-07 22:49:40] INFO: Start sweeping...
# [2024-05-07 22:56:41] INFO: It took 421.416 seconds to do 500 HBOR sweeps.
# [2024-05-07 22:56:41] INFO: Plaquette = 0.628521
# [2024-05-07 22:56:41] INFO: Polyakov loop = (0.000350535,-5.68976e-05)
# [2024-05-07 22:56:41] INFO: Writing conf to disk...
# [2024-05-07 22:56:41] INFO: writeconf_nersc: Writing NERSC configuration ./conf_s060t20_b0637300_a_U000516500
# [2024-05-07 22:56:44] INFO: Calculated checksum: 1050fdbd
# [2024-05-07 22:56:49] INFO: Calculated checksum: 7d557bfb
# [2024-05-07 22:56:49] INFO: Writing RNGSTATE file: ./rand_s060t20_b0637300_a_U000516500
# [2024-05-07 22:56:49] INFO: Writing to disk took 7.84799 seconds
# [2024-05-07 22:56:49] INFO: ======================================================================
# [2024-05-07 22:56:49] INFO: Start sweeping...
# [2024-05-07 23:03:51] INFO: It took 422.348 seconds to do 500 HBOR sweeps.
# [2024-05-07 23:03:52] INFO: Plaquette = 0.628531
# [2024-05-07 23:03:52] INFO: Polyakov loop = (0.000615816,0.000500862)
# [2024-05-07 23:03:52] INFO: Writing conf to disk...
# [2024-05-07 23:03:52] INFO: writeconf_nersc: Writing NERSC configuration ./conf_s060t20_b0637300_a_U000517000
# [2024-05-07 23:03:54] INFO: Calculated checksum: cda6421e
# [2024-05-07 23:03:59] INFO: Calculated checksum: 32efb5a8
# [2024-05-07 23:03:59] INFO: Writing RNGSTATE file: ./rand_s060t20_b0637300_a_U000517000
# [2024-05-07 23:03:59] INFO: Writing to disk took 7.92844 seconds
# [2024-05-07 23:03:59] INFO: ======================================================================
# [2024-05-07 23:03:59] INFO: Start sweeping...
# [2024-05-07 23:11:01] INFO: It took 421.842 seconds to do 500 HBOR sweeps.
# [2024-05-07 23:11:01] INFO: Plaquette = 0.628535
# [2024-05-07 23:11:01] INFO: Polyakov loop = (0.000560971,-0.000959184)
# [2024-05-07 23:11:01] INFO: Writing conf to disk...
# [2024-05-07 23:11:01] INFO: writeconf_nersc: Writing NERSC configuration ./conf_s060t20_b0637300_a_U000517500
# [2024-05-07 23:11:04] INFO: Calculated checksum: c12145af
# [2024-05-07 23:11:09] INFO: Calculated checksum: 124ccf9f
# [2024-05-07 23:11:09] INFO: Writing RNGSTATE file: ./rand_s060t20_b0637300_a_U000517500
# [2024-05-07 23:11:09] INFO: Writing to disk took 7.68649 seconds
# [2024-05-07 23:11:09] INFO: ======================================================================
# [2024-05-07 23:11:09] INFO: Start sweeping...
# [2024-05-07 23:18:10] INFO: It took 421.318 seconds to do 500 HBOR sweeps.
# [2024-05-07 23:18:10] INFO: Plaquette = 0.628475
# [2024-05-07 23:18:10] INFO: Polyakov loop = (-0.000317272,-0.000713612)
# [2024-05-07 23:18:10] INFO: Writing conf to disk...
# [2024-05-07 23:18:10] INFO: writeconf_nersc: Writing NERSC configuration ./conf_s060t20_b0637300_a_U000518000
# [2024-05-07 23:18:13] INFO: Calculated checksum: 983b95fa
# [2024-05-07 23:18:18] INFO: Calculated checksum: 91ebdd9f
# [2024-05-07 23:18:18] INFO: Writing RNGSTATE file: ./rand_s060t20_b0637300_a_U000518000
# [2024-05-07 23:18:18] INFO: Writing to disk took 7.74119 seconds
# [2024-05-07 23:18:18] INFO: ======================================================================
# [2024-05-07 23:18:18] INFO: Start sweeping...
# [2024-05-07 23:25:20] INFO: It took 421.565 seconds to do 500 HBOR sweeps.
# [2024-05-07 23:25:20] INFO: Plaquette = 0.628543
# [2024-05-07 23:25:20] INFO: Polyakov loop = (0.000192733,-0.000978245)
# [2024-05-07 23:25:20] INFO: Writing conf to disk...
# [2024-05-07 23:25:20] INFO: writeconf_nersc: Writing NERSC configuration ./conf_s060t20_b0637300_a_U000518500
# [2024-05-07 23:25:23] INFO: Calculated checksum: fc143090
# [2024-05-07 23:25:28] INFO: Calculated checksum: 74746aff
# [2024-05-07 23:25:28] INFO: Writing RNGSTATE file: ./rand_s060t20_b0637300_a_U000518500
# [2024-05-07 23:25:28] INFO: Writing to disk took 8.11017 seconds
# [2024-05-07 23:25:28] INFO: ======================================================================
# [2024-05-07 23:25:28] INFO: Start sweeping...
# [2024-05-07 23:32:31] INFO: It took 422.972 seconds to do 500 HBOR sweeps.
# [2024-05-07 23:32:31] INFO: Plaquette = 0.628385
# [2024-05-07 23:32:31] INFO: Polyakov loop = (0.000568308,-9.29346e-05)
# [2024-05-07 23:32:31] INFO: Writing conf to disk...
# [2024-05-07 23:32:31] INFO: writeconf_nersc: Writing NERSC configuration ./conf_s060t20_b0637300_a_U000519000
# [2024-05-07 23:32:34] INFO: Calculated checksum: 5141f58d
# [2024-05-07 23:32:40] INFO: Calculated checksum: 4dd107a4
# [2024-05-07 23:32:40] INFO: Writing RNGSTATE file: ./rand_s060t20_b0637300_a_U000519000
# [2024-05-07 23:32:40] INFO: Writing to disk took 9.12899 seconds
# [2024-05-07 23:32:40] INFO: ======================================================================
# [2024-05-07 23:32:40] INFO: Start sweeping...
# [2024-05-07 23:39:43] INFO: It took 423.196 seconds to do 500 HBOR sweeps.
# [2024-05-07 23:39:43] INFO: Plaquette = 0.628494
# [2024-05-07 23:39:43] INFO: Polyakov loop = (-0.000160175,-0.000904567)
# [2024-05-07 23:39:43] INFO: Writing conf to disk...
# [2024-05-07 23:39:43] INFO: writeconf_nersc: Writing NERSC configuration ./conf_s060t20_b0637300_a_U000519500
# [2024-05-07 23:39:46] INFO: Calculated checksum: c3cb5bd2
# [2024-05-07 23:39:51] INFO: Calculated checksum: 90f5d350
# [2024-05-07 23:39:51] INFO: Writing RNGSTATE file: ./rand_s060t20_b0637300_a_U000519500
# [2024-05-07 23:39:51] INFO: Writing to disk took 8.19657 seconds
# [2024-05-07 23:39:51] INFO: ======================================================================
# [2024-05-07 23:39:51] INFO: Start sweeping...
# [2024-05-07 23:46:55] INFO: It took 423.637 seconds to do 500 HBOR sweeps.
# [2024-05-07 23:46:55] INFO: Plaquette = 0.628493
# [2024-05-07 23:46:55] INFO: Polyakov loop = (-0.000327801,0.000130546)
# [2024-05-07 23:46:55] INFO: Writing conf to disk...
# [2024-05-07 23:46:55] INFO: writeconf_nersc: Writing NERSC configuration ./conf_s060t20_b0637300_a_U000520000
# [2024-05-07 23:46:58] INFO: Calculated checksum: a2ea1ff
# [2024-05-07 23:47:03] INFO: Calculated checksum: ec2882ae
# [2024-05-07 23:47:03] INFO: Writing RNGSTATE file: ./rand_s060t20_b0637300_a_U000520000
# [2024-05-07 23:47:03] INFO: Writing to disk took 8.00626 seconds
# [2024-05-07 23:47:03] INFO: ======================================================================
# [2024-05-07 23:47:03] INFO: Start sweeping...
# [2024-05-07 23:54:04] INFO: It took 421.298 seconds to do 500 HBOR sweeps.
# [2024-05-07 23:54:04] INFO: Plaquette = 0.62853
# [2024-05-07 23:54:04] INFO: Polyakov loop = (-0.000824412,0.000860764)
# [2024-05-07 23:54:04] INFO: Writing conf to disk...
# [2024-05-07 23:54:04] INFO: writeconf_nersc: Writing NERSC configuration ./conf_s060t20_b0637300_a_U000520500
# [2024-05-07 23:54:07] INFO: Calculated checksum: 190fb452
# [2024-05-07 23:54:12] INFO: Calculated checksum: 94bdfdfd
# [2024-05-07 23:54:12] INFO: Writing RNGSTATE file: ./rand_s060t20_b0637300_a_U000520500
# [2024-05-07 23:54:12] INFO: Writing to disk took 7.79607 seconds
# [2024-05-07 23:54:12] INFO: ======================================================================
# [2024-05-07 23:54:12] INFO: Start sweeping...
# [2024-05-08 00:01:15] INFO: It took 422.437 seconds to do 500 HBOR sweeps.
# [2024-05-08 00:01:15] INFO: Plaquette = 0.628379
# [2024-05-08 00:01:15] INFO: Polyakov loop = (0.000589174,-0.000231582)
# [2024-05-08 00:01:15] INFO: Writing conf to disk...
# [2024-05-08 00:01:15] INFO: writeconf_nersc: Writing NERSC configuration ./conf_s060t20_b0637300_a_U000521000
# [2024-05-08 00:01:18] INFO: Calculated checksum: a4ce1925
# [2024-05-08 00:01:22] INFO: Calculated checksum: 8eaca149
# [2024-05-08 00:01:22] INFO: Writing RNGSTATE file: ./rand_s060t20_b0637300_a_U000521000
# [2024-05-08 00:01:23] INFO: Writing to disk took 7.74393 seconds
# [2024-05-08 00:01:23] INFO: ======================================================================
# [2024-05-08 00:01:23] INFO: Start sweeping...
# [2024-05-08 00:08:25] INFO: It took 422.163 seconds to do 500 HBOR sweeps.
# [2024-05-08 00:08:25] INFO: Plaquette = 0.628424
# [2024-05-08 00:08:25] INFO: Polyakov loop = (0.000390809,0.000569838)
# [2024-05-08 00:08:25] INFO: Writing conf to disk...
# [2024-05-08 00:08:25] INFO: writeconf_nersc: Writing NERSC configuration ./conf_s060t20_b0637300_a_U000521500
# [2024-05-08 00:08:28] INFO: Calculated checksum: 97b65b2a
# [2024-05-08 00:08:32] INFO: Calculated checksum: c7e24869
# [2024-05-08 00:08:32] INFO: Writing RNGSTATE file: ./rand_s060t20_b0637300_a_U000521500
# [2024-05-08 00:08:33] INFO: Writing to disk took 7.81048 seconds
# [2024-05-08 00:08:33] INFO: ======================================================================
# [2024-05-08 00:08:33] INFO: Start sweeping...
# [2024-05-08 00:15:34] INFO: It took 421.027 seconds to do 500 HBOR sweeps.
# [2024-05-08 00:15:34] INFO: Plaquette = 0.628398
# [2024-05-08 00:15:34] INFO: Polyakov loop = (-0.000430576,0.000468826)
# [2024-05-08 00:15:34] INFO: Writing conf to disk...
# [2024-05-08 00:15:34] INFO: writeconf_nersc: Writing NERSC configuration ./conf_s060t20_b0637300_a_U000522000
# [2024-05-08 00:15:36] INFO: Calculated checksum: c952b7cd
# [2024-05-08 00:15:41] INFO: Calculated checksum: 505118f6
# [2024-05-08 00:15:41] INFO: Writing RNGSTATE file: ./rand_s060t20_b0637300_a_U000522000
# [2024-05-08 00:15:41] INFO: Writing to disk took 7.79572 seconds
# [2024-05-08 00:15:41] INFO: ======================================================================
# [2024-05-08 00:15:41] INFO: Start sweeping...
# [2024-05-08 00:22:44] INFO: It took 422.149 seconds to do 500 HBOR sweeps.
# [2024-05-08 00:22:44] INFO: Plaquette = 0.628526
# [2024-05-08 00:22:44] INFO: Polyakov loop = (-0.000306811,-0.000296049)
# [2024-05-08 00:22:44] INFO: Writing conf to disk...
# [2024-05-08 00:22:44] INFO: writeconf_nersc: Writing NERSC configuration ./conf_s060t20_b0637300_a_U000522500
# [2024-05-08 00:22:46] INFO: Calculated checksum: 8e4112a1
# [2024-05-08 00:22:51] INFO: Calculated checksum: 3a834663
# [2024-05-08 00:22:51] INFO: Writing RNGSTATE file: ./rand_s060t20_b0637300_a_U000522500
# [2024-05-08 00:22:51] INFO: Writing to disk took 7.67897 seconds
# [2024-05-08 00:22:51] INFO: ======================================================================
# [2024-05-08 00:22:51] INFO: Start sweeping...
# [2024-05-08 00:29:53] INFO: It took 421.947 seconds to do 500 HBOR sweeps.
# [2024-05-08 00:29:53] INFO: Plaquette = 0.628514
# [2024-05-08 00:29:53] INFO: Polyakov loop = (3.97019e-05,-0.000139685)
# [2024-05-08 00:29:53] INFO: Writing conf to disk...
# [2024-05-08 00:29:53] INFO: writeconf_nersc: Writing NERSC configuration ./conf_s060t20_b0637300_a_U000523000
# [2024-05-08 00:29:56] INFO: Calculated checksum: a5bbad2a
# [2024-05-08 00:30:01] INFO: Calculated checksum: 75f958c4
# [2024-05-08 00:30:01] INFO: Writing RNGSTATE file: ./rand_s060t20_b0637300_a_U000523000
# [2024-05-08 00:30:01] INFO: Writing to disk took 7.91065 seconds
# [2024-05-08 00:30:01] INFO: ======================================================================
# [2024-05-08 00:30:01] INFO: Start sweeping...
# [2024-05-08 00:37:03] INFO: It took 422.16 seconds to do 500 HBOR sweeps.
# [2024-05-08 00:37:03] INFO: Plaquette = 0.628415
# [2024-05-08 00:37:03] INFO: Polyakov loop = (-2.00469e-05,0.000193126)
# [2024-05-08 00:37:03] INFO: Writing conf to disk...
# [2024-05-08 00:37:03] INFO: writeconf_nersc: Writing NERSC configuration ./conf_s060t20_b0637300_a_U000523500
# [2024-05-08 00:37:06] INFO: Calculated checksum: c0b60323
# [2024-05-08 00:37:11] INFO: Calculated checksum: 71b3c7d1
# [2024-05-08 00:37:11] INFO: Writing RNGSTATE file: ./rand_s060t20_b0637300_a_U000523500
# [2024-05-08 00:37:11] INFO: Writing to disk took 7.75786 seconds
# [2024-05-08 00:37:11] INFO: ======================================================================
# [2024-05-08 00:37:11] INFO: Start sweeping...
# [2024-05-08 00:44:13] INFO: It took 422.169 seconds to do 500 HBOR sweeps.
# [2024-05-08 00:44:13] INFO: Plaquette = 0.628466
# [2024-05-08 00:44:13] INFO: Polyakov loop = (0.00106688,-0.000547018)
# [2024-05-08 00:44:13] INFO: Writing conf to disk...
# [2024-05-08 00:44:13] INFO: writeconf_nersc: Writing NERSC configuration ./conf_s060t20_b0637300_a_U000524000
# [2024-05-08 00:44:16] INFO: Calculated checksum: 4eede68d
# [2024-05-08 00:44:21] INFO: Calculated checksum: efe0647c
# [2024-05-08 00:44:21] INFO: Writing RNGSTATE file: ./rand_s060t20_b0637300_a_U000524000
# [2024-05-08 00:44:21] INFO: Writing to disk took 7.89969 seconds
# [2024-05-08 00:44:21] INFO: ======================================================================
# [2024-05-08 00:44:21] INFO: Start sweeping...
# [2024-05-08 00:51:23] INFO: It took 422.145 seconds to do 500 HBOR sweeps.
# [2024-05-08 00:51:23] INFO: Plaquette = 0.628462
# [2024-05-08 00:51:23] INFO: Polyakov loop = (0.00014304,0.00117248)
# [2024-05-08 00:51:23] INFO: Writing conf to disk...
# [2024-05-08 00:51:23] INFO: writeconf_nersc: Writing NERSC configuration ./conf_s060t20_b0637300_a_U000524500
# [2024-05-08 00:51:26] INFO: Calculated checksum: b219a385
# [2024-05-08 00:51:32] INFO: Calculated checksum: d7d0a02d
# [2024-05-08 00:51:32] INFO: Writing RNGSTATE file: ./rand_s060t20_b0637300_a_U000524500
# [2024-05-08 00:51:32] INFO: Writing to disk took 8.52375 seconds
# [2024-05-08 00:51:32] INFO: ======================================================================
# [2024-05-08 00:51:32] INFO: Start sweeping...
# [2024-05-08 00:58:34] INFO: It took 421.916 seconds to do 500 HBOR sweeps.
# [2024-05-08 00:58:34] INFO: Plaquette = 0.628478
# [2024-05-08 00:58:34] INFO: Polyakov loop = (-5.55208e-05,-0.0012347)
# [2024-05-08 00:58:34] INFO: Writing conf to disk...
# [2024-05-08 00:58:34] INFO: writeconf_nersc: Writing NERSC configuration ./conf_s060t20_b0637300_a_U000525000
# [2024-05-08 00:58:37] INFO: Calculated checksum: bbe84d2
# [2024-05-08 00:58:42] INFO: Calculated checksum: 817d7420
# [2024-05-08 00:58:42] INFO: Writing RNGSTATE file: ./rand_s060t20_b0637300_a_U000525000
# [2024-05-08 00:58:42] INFO: Writing to disk took 7.75749 seconds
# [2024-05-08 00:58:42] INFO: ======================================================================
# [2024-05-08 00:58:42] INFO: Start sweeping...
# [2024-05-08 01:05:44] INFO: It took 422.145 seconds to do 500 HBOR sweeps.
# [2024-05-08 01:05:44] INFO: Plaquette = 0.628449
# [2024-05-08 01:05:44] INFO: Polyakov loop = (0.00073144,0.00104441)
# [2024-05-08 01:05:44] INFO: Writing conf to disk...
# [2024-05-08 01:05:44] INFO: writeconf_nersc: Writing NERSC configuration ./conf_s060t20_b0637300_a_U000525500
# [2024-05-08 01:05:47] INFO: Calculated checksum: 29cfe644
# [2024-05-08 01:05:51] INFO: Calculated checksum: a191c779
# [2024-05-08 01:05:51] INFO: Writing RNGSTATE file: ./rand_s060t20_b0637300_a_U000525500
# [2024-05-08 01:05:52] INFO: Writing to disk took 7.64586 seconds
# [2024-05-08 01:05:52] INFO: ======================================================================
# [2024-05-08 01:05:52] INFO: Start sweeping...
# [2024-05-08 01:12:53] INFO: It took 421.801 seconds to do 500 HBOR sweeps.
# [2024-05-08 01:12:53] INFO: Plaquette = 0.628489
# [2024-05-08 01:12:53] INFO: Polyakov loop = (0.000338503,0.000505775)
# [2024-05-08 01:12:53] INFO: Writing conf to disk...
# [2024-05-08 01:12:53] INFO: writeconf_nersc: Writing NERSC configuration ./conf_s060t20_b0637300_a_U000526000
# [2024-05-08 01:12:56] INFO: Calculated checksum: 30d90f89
# [2024-05-08 01:13:01] INFO: Calculated checksum: eae6420e
# [2024-05-08 01:13:01] INFO: Writing RNGSTATE file: ./rand_s060t20_b0637300_a_U000526000
# [2024-05-08 01:13:01] INFO: Writing to disk took 7.67066 seconds
# [2024-05-08 01:13:01] INFO: ======================================================================
# [2024-05-08 01:13:01] INFO: Start sweeping...
# [2024-05-08 01:20:02] INFO: It took 420.763 seconds to do 500 HBOR sweeps.
# [2024-05-08 01:20:02] INFO: Plaquette = 0.628486
# [2024-05-08 01:20:02] INFO: Polyakov loop = (0.00016225,0.000368831)
# [2024-05-08 01:20:02] INFO: Writing conf to disk...
# [2024-05-08 01:20:02] INFO: writeconf_nersc: Writing NERSC configuration ./conf_s060t20_b0637300_a_U000526500
# [2024-05-08 01:20:05] INFO: Calculated checksum: cb647b6c
# [2024-05-08 01:20:10] INFO: Calculated checksum: 87d826e4
# [2024-05-08 01:20:10] INFO: Writing RNGSTATE file: ./rand_s060t20_b0637300_a_U000526500
# [2024-05-08 01:20:10] INFO: Writing to disk took 8.23498 seconds
# [2024-05-08 01:20:10] INFO: ======================================================================
# [2024-05-08 01:20:10] INFO: Start sweeping...
# [2024-05-08 01:27:11] INFO: It took 421.142 seconds to do 500 HBOR sweeps.
# [2024-05-08 01:27:11] INFO: Plaquette = 0.628482
# [2024-05-08 01:27:11] INFO: Polyakov loop = (0.000225637,-0.000502548)
# [2024-05-08 01:27:11] INFO: Writing conf to disk...
# [2024-05-08 01:27:11] INFO: writeconf_nersc: Writing NERSC configuration ./conf_s060t20_b0637300_a_U000527000
# [2024-05-08 01:27:14] INFO: Calculated checksum: c34e22ae
# [2024-05-08 01:27:19] INFO: Calculated checksum: 2fb5739b
# [2024-05-08 01:27:19] INFO: Writing RNGSTATE file: ./rand_s060t20_b0637300_a_U000527000
# [2024-05-08 01:27:19] INFO: Writing to disk took 7.69731 seconds
# [2024-05-08 01:27:19] INFO: ======================================================================
# [2024-05-08 01:27:19] INFO: Start sweeping...
# [2024-05-08 01:34:21] INFO: It took 421.636 seconds to do 500 HBOR sweeps.
# [2024-05-08 01:34:21] INFO: Plaquette = 0.628489
# [2024-05-08 01:34:21] INFO: Polyakov loop = (-0.000309463,-0.00104544)
# [2024-05-08 01:34:21] INFO: Writing conf to disk...
# [2024-05-08 01:34:21] INFO: writeconf_nersc: Writing NERSC configuration ./conf_s060t20_b0637300_a_U000527500
# [2024-05-08 01:34:24] INFO: Calculated checksum: e0e93a5a
# [2024-05-08 01:34:28] INFO: Calculated checksum: ca76aade
# [2024-05-08 01:34:28] INFO: Writing RNGSTATE file: ./rand_s060t20_b0637300_a_U000527500
# [2024-05-08 01:34:29] INFO: Writing to disk took 7.68832 seconds
# [2024-05-08 01:34:29] INFO: ======================================================================
# [2024-05-08 01:34:29] INFO: Start sweeping...
# [2024-05-08 01:41:30] INFO: It took 421.838 seconds to do 500 HBOR sweeps.
# [2024-05-08 01:41:30] INFO: Plaquette = 0.628448
# [2024-05-08 01:41:30] INFO: Polyakov loop = (-0.000209273,0.000930348)
# [2024-05-08 01:41:30] INFO: Writing conf to disk...
# [2024-05-08 01:41:30] INFO: writeconf_nersc: Writing NERSC configuration ./conf_s060t20_b0637300_a_U000528000
# [2024-05-08 01:41:33] INFO: Calculated checksum: d417471c
# [2024-05-08 01:41:38] INFO: Calculated checksum: ca91ad4d
# [2024-05-08 01:41:38] INFO: Writing RNGSTATE file: ./rand_s060t20_b0637300_a_U000528000
# [2024-05-08 01:41:38] INFO: Writing to disk took 7.92957 seconds
# [2024-05-08 01:41:38] INFO: ======================================================================
# [2024-05-08 01:41:38] INFO: Start sweeping...
# [2024-05-08 01:48:41] INFO: It took 422.267 seconds to do 500 HBOR sweeps.
# [2024-05-08 01:48:41] INFO: Plaquette = 0.62844
# [2024-05-08 01:48:41] INFO: Polyakov loop = (-0.000150821,-0.000244994)
# [2024-05-08 01:48:41] INFO: Writing conf to disk...
# [2024-05-08 01:48:41] INFO: writeconf_nersc: Writing NERSC configuration ./conf_s060t20_b0637300_a_U000528500
# [2024-05-08 01:48:43] INFO: Calculated checksum: ad90d6e0
# [2024-05-08 01:48:48] INFO: Calculated checksum: 2c6c59b3
# [2024-05-08 01:48:48] INFO: Writing RNGSTATE file: ./rand_s060t20_b0637300_a_U000528500
# [2024-05-08 01:48:48] INFO: Writing to disk took 7.68261 seconds
# [2024-05-08 01:48:48] INFO: ======================================================================
# [2024-05-08 01:48:48] INFO: Start sweeping...
# [2024-05-08 01:55:49] INFO: It took 421.14 seconds to do 500 HBOR sweeps.
# [2024-05-08 01:55:50] INFO: Plaquette = 0.62842
# [2024-05-08 01:55:50] INFO: Polyakov loop = (0.000282999,-0.000460881)
# [2024-05-08 01:55:50] INFO: Writing conf to disk...
# [2024-05-08 01:55:50] INFO: writeconf_nersc: Writing NERSC configuration ./conf_s060t20_b0637300_a_U000529000
# [2024-05-08 01:55:52] INFO: Calculated checksum: d913b855
# [2024-05-08 01:55:57] INFO: Calculated checksum: 88ce8efd
# [2024-05-08 01:55:57] INFO: Writing RNGSTATE file: ./rand_s060t20_b0637300_a_U000529000
# [2024-05-08 01:55:57] INFO: Writing to disk took 7.64664 seconds
# [2024-05-08 01:55:57] INFO: ======================================================================
# [2024-05-08 01:55:57] INFO: Start sweeping...
# [2024-05-08 02:02:59] INFO: It took 422.185 seconds to do 500 HBOR sweeps.
# [2024-05-08 02:02:59] INFO: Plaquette = 0.62842
# [2024-05-08 02:02:59] INFO: Polyakov loop = (-0.000559325,0.000130134)
# [2024-05-08 02:02:59] INFO: Writing conf to disk...
# [2024-05-08 02:02:59] INFO: writeconf_nersc: Writing NERSC configuration ./conf_s060t20_b0637300_a_U000529500
# [2024-05-08 02:03:02] INFO: Calculated checksum: 455d6835
# [2024-05-08 02:03:07] INFO: Calculated checksum: 77191d19
# [2024-05-08 02:03:07] INFO: Writing RNGSTATE file: ./rand_s060t20_b0637300_a_U000529500
# [2024-05-08 02:03:07] INFO: Writing to disk took 7.74527 seconds
# [2024-05-08 02:03:07] INFO: ======================================================================
# [2024-05-08 02:03:07] INFO: Start sweeping...
# [2024-05-08 02:10:09] INFO: It took 421.729 seconds to do 500 HBOR sweeps.
# [2024-05-08 02:10:09] INFO: Plaquette = 0.628467
# [2024-05-08 02:10:09] INFO: Polyakov loop = (-0.00158001,-0.000409183)
# [2024-05-08 02:10:09] INFO: Writing conf to disk...
# [2024-05-08 02:10:09] INFO: writeconf_nersc: Writing NERSC configuration ./conf_s060t20_b0637300_a_U000530000
# [2024-05-08 02:10:12] INFO: Calculated checksum: 5377f7d4
# [2024-05-08 02:10:16] INFO: Calculated checksum: 4227bb5a
# [2024-05-08 02:10:16] INFO: Writing RNGSTATE file: ./rand_s060t20_b0637300_a_U000530000
# [2024-05-08 02:10:17] INFO: Writing to disk took 7.6657 seconds
# [2024-05-08 02:10:17] INFO: ======================================================================
# [2024-05-08 02:10:17] INFO: Start sweeping...
# [2024-05-08 02:17:18] INFO: It took 421.496 seconds to do 500 HBOR sweeps.
# [2024-05-08 02:17:18] INFO: Plaquette = 0.628536
# [2024-05-08 02:17:18] INFO: Polyakov loop = (-0.000222136,0.00128098)
# [2024-05-08 02:17:18] INFO: Writing conf to disk...
# [2024-05-08 02:17:18] INFO: writeconf_nersc: Writing NERSC configuration ./conf_s060t20_b0637300_a_U000530500
# [2024-05-08 02:17:21] INFO: Calculated checksum: 1dcb3a2e
# [2024-05-08 02:17:26] INFO: Calculated checksum: 5a422fba
# [2024-05-08 02:17:26] INFO: Writing RNGSTATE file: ./rand_s060t20_b0637300_a_U000530500
# [2024-05-08 02:17:26] INFO: Writing to disk took 7.90829 seconds
# [2024-05-08 02:17:26] INFO: ======================================================================
# [2024-05-08 02:17:26] INFO: Start sweeping...
# [2024-05-08 02:24:28] INFO: It took 421.89 seconds to do 500 HBOR sweeps.
# [2024-05-08 02:24:28] INFO: Plaquette = 0.628469
# [2024-05-08 02:24:28] INFO: Polyakov loop = (3.84038e-05,-0.000250875)
# [2024-05-08 02:24:28] INFO: Writing conf to disk...
# [2024-05-08 02:24:28] INFO: writeconf_nersc: Writing NERSC configuration ./conf_s060t20_b0637300_a_U000531000
# [2024-05-08 02:24:31] INFO: Calculated checksum: 1a36ea0d
# [2024-05-08 02:24:35] INFO: Calculated checksum: ba8d4b20
# [2024-05-08 02:24:35] INFO: Writing RNGSTATE file: ./rand_s060t20_b0637300_a_U000531000
# [2024-05-08 02:24:36] INFO: Writing to disk took 7.66856 seconds
# [2024-05-08 02:24:36] INFO: ======================================================================
# [2024-05-08 02:24:36] INFO: Start sweeping...
# [2024-05-08 02:31:38] INFO: It took 422.002 seconds to do 500 HBOR sweeps.
# [2024-05-08 02:31:38] INFO: Plaquette = 0.628477
# [2024-05-08 02:31:38] INFO: Polyakov loop = (-0.000603942,0.000145338)
# [2024-05-08 02:31:38] INFO: Writing conf to disk...
# [2024-05-08 02:31:38] INFO: writeconf_nersc: Writing NERSC configuration ./conf_s060t20_b0637300_a_U000531500
# [2024-05-08 02:31:41] INFO: Calculated checksum: 331d2b52
# [2024-05-08 02:31:45] INFO: Calculated checksum: cf6c6161
# [2024-05-08 02:31:45] INFO: Writing RNGSTATE file: ./rand_s060t20_b0637300_a_U000531500
# [2024-05-08 02:31:45] INFO: Writing to disk took 7.61868 seconds
# [2024-05-08 02:31:45] INFO: ======================================================================
# [2024-05-08 02:31:45] INFO: Start sweeping...
# [2024-05-08 02:38:47] INFO: It took 421.759 seconds to do 500 HBOR sweeps.
# [2024-05-08 02:38:47] INFO: Plaquette = 0.628407
# [2024-05-08 02:38:47] INFO: Polyakov loop = (-5.87357e-05,-1.37101e-06)
# [2024-05-08 02:38:47] INFO: Writing conf to disk...
# [2024-05-08 02:38:47] INFO: writeconf_nersc: Writing NERSC configuration ./conf_s060t20_b0637300_a_U000532000
# [2024-05-08 02:38:50] INFO: Calculated checksum: 4ffced01
# [2024-05-08 02:38:55] INFO: Calculated checksum: 8b48c85
# [2024-05-08 02:38:55] INFO: Writing RNGSTATE file: ./rand_s060t20_b0637300_a_U000532000
# [2024-05-08 02:38:55] INFO: Writing to disk took 7.70951 seconds
# [2024-05-08 02:38:55] INFO: ======================================================================
# [2024-05-08 02:38:55] INFO: Start sweeping...
# [2024-05-08 02:45:56] INFO: It took 421.329 seconds to do 500 HBOR sweeps.
# [2024-05-08 02:45:56] INFO: Plaquette = 0.62851
# [2024-05-08 02:45:56] INFO: Polyakov loop = (0.000285305,0.000533487)
# [2024-05-08 02:45:56] INFO: Writing conf to disk...
# [2024-05-08 02:45:56] INFO: writeconf_nersc: Writing NERSC configuration ./conf_s060t20_b0637300_a_U000532500
# [2024-05-08 02:45:59] INFO: Calculated checksum: 9b6ae9dd
# [2024-05-08 02:46:04] INFO: Calculated checksum: 531196b4
# [2024-05-08 02:46:04] INFO: Writing RNGSTATE file: ./rand_s060t20_b0637300_a_U000532500
# [2024-05-08 02:46:04] INFO: Writing to disk took 7.96137 seconds
# [2024-05-08 02:46:04] INFO: ======================================================================
# [2024-05-08 02:46:04] INFO: Start sweeping...
# [2024-05-08 02:53:06] INFO: It took 421.674 seconds to do 500 HBOR sweeps.
# [2024-05-08 02:53:06] INFO: Plaquette = 0.628512
# [2024-05-08 02:53:06] INFO: Polyakov loop = (-0.000355982,0.000263191)
# [2024-05-08 02:53:06] INFO: Writing conf to disk...
# [2024-05-08 02:53:06] INFO: writeconf_nersc: Writing NERSC configuration ./conf_s060t20_b0637300_a_U000533000
# [2024-05-08 02:53:09] INFO: Calculated checksum: b453ed11
# [2024-05-08 02:53:14] INFO: Calculated checksum: 1128b47
# [2024-05-08 02:53:14] INFO: Writing RNGSTATE file: ./rand_s060t20_b0637300_a_U000533000
# [2024-05-08 02:53:14] INFO: Writing to disk took 7.78005 seconds
# [2024-05-08 02:53:14] INFO: ======================================================================
# [2024-05-08 02:53:14] INFO: Start sweeping...
# [2024-05-08 03:00:16] INFO: It took 421.939 seconds to do 500 HBOR sweeps.
# [2024-05-08 03:00:16] INFO: Plaquette = 0.628444
# [2024-05-08 03:00:16] INFO: Polyakov loop = (-0.000280731,0.000791654)
# [2024-05-08 03:00:16] INFO: Writing conf to disk...
# [2024-05-08 03:00:16] INFO: writeconf_nersc: Writing NERSC configuration ./conf_s060t20_b0637300_a_U000533500
# [2024-05-08 03:00:18] INFO: Calculated checksum: 9779107d
# [2024-05-08 03:00:23] INFO: Calculated checksum: eaabf9b6
# [2024-05-08 03:00:23] INFO: Writing RNGSTATE file: ./rand_s060t20_b0637300_a_U000533500
# [2024-05-08 03:00:23] INFO: Writing to disk took 7.63493 seconds
# [2024-05-08 03:00:23] INFO: ======================================================================
# [2024-05-08 03:00:23] INFO: Start sweeping...
# [2024-05-08 03:07:25] INFO: It took 422.104 seconds to do 500 HBOR sweeps.
# [2024-05-08 03:07:25] INFO: Plaquette = 0.628543
# [2024-05-08 03:07:25] INFO: Polyakov loop = (-0.000603477,-0.000393338)
# [2024-05-08 03:07:25] INFO: Writing conf to disk...
# [2024-05-08 03:07:25] INFO: writeconf_nersc: Writing NERSC configuration ./conf_s060t20_b0637300_a_U000534000
# [2024-05-08 03:07:28] INFO: Calculated checksum: 76747030
# [2024-05-08 03:07:33] INFO: Calculated checksum: ba049059
# [2024-05-08 03:07:33] INFO: Writing RNGSTATE file: ./rand_s060t20_b0637300_a_U000534000
# [2024-05-08 03:07:33] INFO: Writing to disk took 7.68332 seconds
# [2024-05-08 03:07:33] INFO: ======================================================================
# [2024-05-08 03:07:33] INFO: Start sweeping...
# [2024-05-08 03:14:35] INFO: It took 421.65 seconds to do 500 HBOR sweeps.
# [2024-05-08 03:14:35] INFO: Plaquette = 0.628536
# [2024-05-08 03:14:35] INFO: Polyakov loop = (0.00029257,0.000267161)
# [2024-05-08 03:14:35] INFO: Writing conf to disk...
# [2024-05-08 03:14:35] INFO: writeconf_nersc: Writing NERSC configuration ./conf_s060t20_b0637300_a_U000534500
# [2024-05-08 03:14:38] INFO: Calculated checksum: a8e0b904
# [2024-05-08 03:14:42] INFO: Calculated checksum: 37386658
# [2024-05-08 03:14:42] INFO: Writing RNGSTATE file: ./rand_s060t20_b0637300_a_U000534500
# [2024-05-08 03:14:42] INFO: Writing to disk took 7.54237 seconds
# [2024-05-08 03:14:42] INFO: ======================================================================
# [2024-05-08 03:14:42] INFO: Start sweeping...
# [2024-05-08 03:21:45] INFO: It took 422.529 seconds to do 500 HBOR sweeps.
# [2024-05-08 03:21:45] INFO: Plaquette = 0.628504
# [2024-05-08 03:21:45] INFO: Polyakov loop = (-0.00038597,-1.7468e-05)
# [2024-05-08 03:21:45] INFO: Writing conf to disk...
# [2024-05-08 03:21:45] INFO: writeconf_nersc: Writing NERSC configuration ./conf_s060t20_b0637300_a_U000535000
# [2024-05-08 03:21:48] INFO: Calculated checksum: 6a5dc397
# [2024-05-08 03:21:52] INFO: Calculated checksum: 5d048590
# [2024-05-08 03:21:52] INFO: Writing RNGSTATE file: ./rand_s060t20_b0637300_a_U000535000
# [2024-05-08 03:21:53] INFO: Writing to disk took 7.69505 seconds
# [2024-05-08 03:21:53] INFO: ======================================================================
# [2024-05-08 03:21:53] INFO: Start sweeping...
# [2024-05-08 03:28:55] INFO: It took 422.249 seconds to do 500 HBOR sweeps.
# [2024-05-08 03:28:55] INFO: Plaquette = 0.628411
# [2024-05-08 03:28:55] INFO: Polyakov loop = (0.000714089,6.67236e-05)
# [2024-05-08 03:28:55] INFO: Writing conf to disk...
# [2024-05-08 03:28:55] INFO: writeconf_nersc: Writing NERSC configuration ./conf_s060t20_b0637300_a_U000535500
# [2024-05-08 03:28:58] INFO: Calculated checksum: cfa5a040
# [2024-05-08 03:29:02] INFO: Calculated checksum: e3ef4f1f
# [2024-05-08 03:29:02] INFO: Writing RNGSTATE file: ./rand_s060t20_b0637300_a_U000535500
# [2024-05-08 03:29:03] INFO: Writing to disk took 7.6911 seconds
# [2024-05-08 03:29:03] INFO: ======================================================================
# [2024-05-08 03:29:03] INFO: Start sweeping...
# [2024-05-08 03:36:05] INFO: It took 422.008 seconds to do 500 HBOR sweeps.
# [2024-05-08 03:36:05] INFO: Plaquette = 0.628537
# [2024-05-08 03:36:05] INFO: Polyakov loop = (0.000435071,0.000339504)
# [2024-05-08 03:36:05] INFO: Writing conf to disk...
# [2024-05-08 03:36:05] INFO: writeconf_nersc: Writing NERSC configuration ./conf_s060t20_b0637300_a_U000536000
# [2024-05-08 03:36:07] INFO: Calculated checksum: e8b2ada6
# [2024-05-08 03:36:12] INFO: Calculated checksum: f2576cb8
# [2024-05-08 03:36:12] INFO: Writing RNGSTATE file: ./rand_s060t20_b0637300_a_U000536000
# [2024-05-08 03:36:12] INFO: Writing to disk took 7.65397 seconds
# [2024-05-08 03:36:12] INFO: ======================================================================
# [2024-05-08 03:36:12] INFO: Start sweeping...
# [2024-05-08 03:43:14] INFO: It took 421.682 seconds to do 500 HBOR sweeps.
# [2024-05-08 03:43:14] INFO: Plaquette = 0.628502
# [2024-05-08 03:43:14] INFO: Polyakov loop = (0.000220781,0.000578821)
# [2024-05-08 03:43:14] INFO: Writing conf to disk...
# [2024-05-08 03:43:14] INFO: writeconf_nersc: Writing NERSC configuration ./conf_s060t20_b0637300_a_U000536500
# [2024-05-08 03:43:17] INFO: Calculated checksum: 39ed50e2
# [2024-05-08 03:43:22] INFO: Calculated checksum: 83df0e20
# [2024-05-08 03:43:22] INFO: Writing RNGSTATE file: ./rand_s060t20_b0637300_a_U000536500
# [2024-05-08 03:43:22] INFO: Writing to disk took 7.73429 seconds
# [2024-05-08 03:43:22] INFO: ======================================================================
# [2024-05-08 03:43:22] INFO: Start sweeping...
# [2024-05-08 03:50:23] INFO: It took 421.569 seconds to do 500 HBOR sweeps.
# [2024-05-08 03:50:23] INFO: Plaquette = 0.628419
# [2024-05-08 03:50:23] INFO: Polyakov loop = (0.000322348,0.000177679)
# [2024-05-08 03:50:23] INFO: Writing conf to disk...
# [2024-05-08 03:50:23] INFO: writeconf_nersc: Writing NERSC configuration ./conf_s060t20_b0637300_a_U000537000
# [2024-05-08 03:50:26] INFO: Calculated checksum: 9567cc41
# [2024-05-08 03:50:31] INFO: Calculated checksum: 3215f135
# [2024-05-08 03:50:31] INFO: Writing RNGSTATE file: ./rand_s060t20_b0637300_a_U000537000
# [2024-05-08 03:50:31] INFO: Writing to disk took 7.66907 seconds
# [2024-05-08 03:50:31] INFO: ======================================================================
# [2024-05-08 03:50:31] INFO: Start sweeping...
# [2024-05-08 03:57:33] INFO: It took 421.628 seconds to do 500 HBOR sweeps.
# [2024-05-08 03:57:33] INFO: Plaquette = 0.628438
# [2024-05-08 03:57:33] INFO: Polyakov loop = (0.000531339,0.000470466)
# [2024-05-08 03:57:33] INFO: Writing conf to disk...
# [2024-05-08 03:57:33] INFO: writeconf_nersc: Writing NERSC configuration ./conf_s060t20_b0637300_a_U000537500
# [2024-05-08 03:57:36] INFO: Calculated checksum: 167933b1
# [2024-05-08 03:57:40] INFO: Calculated checksum: 5fb4190d
# [2024-05-08 03:57:40] INFO: Writing RNGSTATE file: ./rand_s060t20_b0637300_a_U000537500
# [2024-05-08 03:57:40] INFO: Writing to disk took 7.69535 seconds
# [2024-05-08 03:57:40] INFO: ======================================================================
# [2024-05-08 03:57:40] INFO: Start sweeping...
# [2024-05-08 04:04:42] INFO: It took 422.008 seconds to do 500 HBOR sweeps.
# [2024-05-08 04:04:42] INFO: Plaquette = 0.628525
# [2024-05-08 04:04:42] INFO: Polyakov loop = (-0.000387163,-0.000158362)
# [2024-05-08 04:04:42] INFO: Writing conf to disk...
# [2024-05-08 04:04:42] INFO: writeconf_nersc: Writing NERSC configuration ./conf_s060t20_b0637300_a_U000538000
# [2024-05-08 04:04:45] INFO: Calculated checksum: fd5d7a8e
# [2024-05-08 04:04:50] INFO: Calculated checksum: 6dfb6aef
# [2024-05-08 04:04:50] INFO: Writing RNGSTATE file: ./rand_s060t20_b0637300_a_U000538000
# [2024-05-08 04:04:50] INFO: Writing to disk took 7.71572 seconds
# [2024-05-08 04:04:50] INFO: ======================================================================
# [2024-05-08 04:04:50] INFO: Start sweeping...
# [2024-05-08 04:11:51] INFO: It took 421.253 seconds to do 500 HBOR sweeps.
# [2024-05-08 04:11:51] INFO: Plaquette = 0.628523
# [2024-05-08 04:11:51] INFO: Polyakov loop = (2.50546e-05,6.95061e-05)
# [2024-05-08 04:11:51] INFO: Writing conf to disk...
# [2024-05-08 04:11:51] INFO: writeconf_nersc: Writing NERSC configuration ./conf_s060t20_b0637300_a_U000538500
# [2024-05-08 04:11:54] INFO: Calculated checksum: 281cff58
# [2024-05-08 04:11:59] INFO: Calculated checksum: abecb680
# [2024-05-08 04:11:59] INFO: Writing RNGSTATE file: ./rand_s060t20_b0637300_a_U000538500
# [2024-05-08 04:11:59] INFO: Writing to disk took 7.84589 seconds
# [2024-05-08 04:11:59] INFO: ======================================================================
# [2024-05-08 04:11:59] INFO: Start sweeping...
# [2024-05-08 04:19:01] INFO: It took 421.552 seconds to do 500 HBOR sweeps.
# [2024-05-08 04:19:01] INFO: Plaquette = 0.628415
# [2024-05-08 04:19:01] INFO: Polyakov loop = (0.00069976,0.000176473)
# [2024-05-08 04:19:01] INFO: Writing conf to disk...
# [2024-05-08 04:19:01] INFO: writeconf_nersc: Writing NERSC configuration ./conf_s060t20_b0637300_a_U000539000
# [2024-05-08 04:19:04] INFO: Calculated checksum: 1bde401f
# [2024-05-08 04:19:08] INFO: Calculated checksum: cc8144ef
# [2024-05-08 04:19:08] INFO: Writing RNGSTATE file: ./rand_s060t20_b0637300_a_U000539000
# [2024-05-08 04:19:09] INFO: Writing to disk took 7.82772 seconds
# [2024-05-08 04:19:09] INFO: ======================================================================
# [2024-05-08 04:19:09] INFO: Start sweeping...
# [2024-05-08 04:26:10] INFO: It took 421.513 seconds to do 500 HBOR sweeps.
# [2024-05-08 04:26:10] INFO: Plaquette = 0.628421
# [2024-05-08 04:26:10] INFO: Polyakov loop = (-0.00142221,0.00049614)
# [2024-05-08 04:26:10] INFO: Writing conf to disk...
# [2024-05-08 04:26:10] INFO: writeconf_nersc: Writing NERSC configuration ./conf_s060t20_b0637300_a_U000539500
# [2024-05-08 04:26:13] INFO: Calculated checksum: e9167dbc
# [2024-05-08 04:26:18] INFO: Calculated checksum: b3577ed0
# [2024-05-08 04:26:18] INFO: Writing RNGSTATE file: ./rand_s060t20_b0637300_a_U000539500
# [2024-05-08 04:26:18] INFO: Writing to disk took 7.74828 seconds
# [2024-05-08 04:26:18] INFO: ======================================================================
# [2024-05-08 04:26:18] INFO: Start sweeping...
# [2024-05-08 04:33:20] INFO: It took 421.473 seconds to do 500 HBOR sweeps.
# [2024-05-08 04:33:20] INFO: Plaquette = 0.62853
# [2024-05-08 04:33:20] INFO: Polyakov loop = (-0.000889223,-6.87844e-05)
# [2024-05-08 04:33:20] INFO: Writing conf to disk...
# [2024-05-08 04:33:20] INFO: writeconf_nersc: Writing NERSC configuration ./conf_s060t20_b0637300_a_U000540000
# [2024-05-08 04:33:22] INFO: Calculated checksum: 5ed72f69
# [2024-05-08 04:33:27] INFO: Calculated checksum: dd5d1f11
# [2024-05-08 04:33:27] INFO: Writing RNGSTATE file: ./rand_s060t20_b0637300_a_U000540000
# [2024-05-08 04:33:27] INFO: Writing to disk took 7.66216 seconds
# [2024-05-08 04:33:27] INFO: ======================================================================
# [2024-05-08 04:33:27] INFO: Start sweeping...
# [2024-05-08 04:40:29] INFO: It took 421.833 seconds to do 500 HBOR sweeps.
# [2024-05-08 04:40:29] INFO: Plaquette = 0.628509
# [2024-05-08 04:40:29] INFO: Polyakov loop = (0.000704027,-0.000651053)
# [2024-05-08 04:40:29] INFO: Writing conf to disk...
# [2024-05-08 04:40:29] INFO: writeconf_nersc: Writing NERSC configuration ./conf_s060t20_b0637300_a_U000540500
# [2024-05-08 04:40:32] INFO: Calculated checksum: bd5ad962
# [2024-05-08 04:40:37] INFO: Calculated checksum: fd1b50d3
# [2024-05-08 04:40:37] INFO: Writing RNGSTATE file: ./rand_s060t20_b0637300_a_U000540500
# [2024-05-08 04:40:37] INFO: Writing to disk took 7.80894 seconds
# [2024-05-08 04:40:37] INFO: ======================================================================
# [2024-05-08 04:40:37] INFO: Start sweeping...
# [2024-05-08 04:47:38] INFO: It took 421.315 seconds to do 500 HBOR sweeps.
# [2024-05-08 04:47:38] INFO: Plaquette = 0.628494
# [2024-05-08 04:47:38] INFO: Polyakov loop = (0.000712893,3.77127e-05)
# [2024-05-08 04:47:38] INFO: Writing conf to disk...
# [2024-05-08 04:47:38] INFO: writeconf_nersc: Writing NERSC configuration ./conf_s060t20_b0637300_a_U000541000
# [2024-05-08 04:47:41] INFO: Calculated checksum: f983079d
# [2024-05-08 04:47:46] INFO: Calculated checksum: f2287dcb
# [2024-05-08 04:47:46] INFO: Writing RNGSTATE file: ./rand_s060t20_b0637300_a_U000541000
# [2024-05-08 04:47:46] INFO: Writing to disk took 8.15552 seconds
# [2024-05-08 04:47:46] INFO: ======================================================================
# [2024-05-08 04:47:46] INFO: Start sweeping...
# [2024-05-08 04:54:48] INFO: It took 421.741 seconds to do 500 HBOR sweeps.
# [2024-05-08 04:54:48] INFO: Plaquette = 0.628547
# [2024-05-08 04:54:48] INFO: Polyakov loop = (0.000612474,-0.000964139)
# [2024-05-08 04:54:48] INFO: Writing conf to disk...
# [2024-05-08 04:54:48] INFO: writeconf_nersc: Writing NERSC configuration ./conf_s060t20_b0637300_a_U000541500
# [2024-05-08 04:54:51] INFO: Calculated checksum: c06218f6
# [2024-05-08 04:54:56] INFO: Calculated checksum: 20aaa9db
# [2024-05-08 04:54:56] INFO: Writing RNGSTATE file: ./rand_s060t20_b0637300_a_U000541500
# [2024-05-08 04:54:56] INFO: Writing to disk took 7.70527 seconds
# [2024-05-08 04:54:56] INFO: ======================================================================
# [2024-05-08 04:54:56] INFO: Start sweeping...
# [2024-05-08 05:01:57] INFO: It took 421.297 seconds to do 500 HBOR sweeps.
# [2024-05-08 05:01:57] INFO: Plaquette = 0.628477
# [2024-05-08 05:01:57] INFO: Polyakov loop = (8.97177e-05,0.000968126)
# [2024-05-08 05:01:57] INFO: Writing conf to disk...
# [2024-05-08 05:01:57] INFO: writeconf_nersc: Writing NERSC configuration ./conf_s060t20_b0637300_a_U000542000
# [2024-05-08 05:02:00] INFO: Calculated checksum: 153c25c6
# [2024-05-08 05:02:05] INFO: Calculated checksum: b266cdce
# [2024-05-08 05:02:05] INFO: Writing RNGSTATE file: ./rand_s060t20_b0637300_a_U000542000
# [2024-05-08 05:02:05] INFO: Writing to disk took 7.57881 seconds
# [2024-05-08 05:02:05] INFO: ======================================================================
# [2024-05-08 05:02:05] INFO: Start sweeping...
# [2024-05-08 05:09:05] INFO: It took 420.218 seconds to do 500 HBOR sweeps.
# [2024-05-08 05:09:05] INFO: Plaquette = 0.628413
# [2024-05-08 05:09:05] INFO: Polyakov loop = (2.19773e-05,0.000108283)
# [2024-05-08 05:09:05] INFO: Writing conf to disk...
# [2024-05-08 05:09:05] INFO: writeconf_nersc: Writing NERSC configuration ./conf_s060t20_b0637300_a_U000542500
# [2024-05-08 05:09:08] INFO: Calculated checksum: deebdcce
# [2024-05-08 05:09:13] INFO: Calculated checksum: 356b32ef
# [2024-05-08 05:09:13] INFO: Writing RNGSTATE file: ./rand_s060t20_b0637300_a_U000542500
# [2024-05-08 05:09:13] INFO: Writing to disk took 7.65653 seconds
# [2024-05-08 05:09:13] INFO: ======================================================================
# [2024-05-08 05:09:13] INFO: Start sweeping...
# [2024-05-08 05:16:14] INFO: It took 421.386 seconds to do 500 HBOR sweeps.
# [2024-05-08 05:16:14] INFO: Plaquette = 0.628497
# [2024-05-08 05:16:14] INFO: Polyakov loop = (0.000496611,0.000393943)
# [2024-05-08 05:16:14] INFO: Writing conf to disk...
# [2024-05-08 05:16:14] INFO: writeconf_nersc: Writing NERSC configuration ./conf_s060t20_b0637300_a_U000543000
# [2024-05-08 05:16:17] INFO: Calculated checksum: a10216f8
# [2024-05-08 05:16:22] INFO: Calculated checksum: a21e32a4
# [2024-05-08 05:16:22] INFO: Writing RNGSTATE file: ./rand_s060t20_b0637300_a_U000543000
# [2024-05-08 05:16:22] INFO: Writing to disk took 7.59561 seconds
# [2024-05-08 05:16:22] INFO: ======================================================================
# [2024-05-08 05:16:22] INFO: Start sweeping...
# [2024-05-08 05:23:24] INFO: It took 421.794 seconds to do 500 HBOR sweeps.
# [2024-05-08 05:23:24] INFO: Plaquette = 0.62856
# [2024-05-08 05:23:24] INFO: Polyakov loop = (-0.000521987,7.8281e-05)
# [2024-05-08 05:23:24] INFO: Writing conf to disk...
# [2024-05-08 05:23:24] INFO: writeconf_nersc: Writing NERSC configuration ./conf_s060t20_b0637300_a_U000543500
# [2024-05-08 05:23:26] INFO: Calculated checksum: cadb6804
# [2024-05-08 05:23:31] INFO: Calculated checksum: a8df737c
# [2024-05-08 05:23:31] INFO: Writing RNGSTATE file: ./rand_s060t20_b0637300_a_U000543500
# [2024-05-08 05:23:32] INFO: Writing to disk took 7.90918 seconds
# [2024-05-08 05:23:32] INFO: ======================================================================
# [2024-05-08 05:23:32] INFO: Start sweeping...
# [2024-05-08 05:30:34] INFO: It took 422.205 seconds to do 500 HBOR sweeps.
# [2024-05-08 05:30:34] INFO: Plaquette = 0.628495
# [2024-05-08 05:30:34] INFO: Polyakov loop = (-0.000122322,0.000594004)
# [2024-05-08 05:30:34] INFO: Writing conf to disk...
# [2024-05-08 05:30:34] INFO: writeconf_nersc: Writing NERSC configuration ./conf_s060t20_b0637300_a_U000544000
# [2024-05-08 05:30:37] INFO: Calculated checksum: 765d6143
# [2024-05-08 05:30:42] INFO: Calculated checksum: 131aaa28
# [2024-05-08 05:30:42] INFO: Writing RNGSTATE file: ./rand_s060t20_b0637300_a_U000544000
# [2024-05-08 05:30:42] INFO: Writing to disk took 8.09644 seconds
# [2024-05-08 05:30:42] INFO: ======================================================================
# [2024-05-08 05:30:42] INFO: Start sweeping...
# [2024-05-08 05:37:44] INFO: It took 422.318 seconds to do 500 HBOR sweeps.
# [2024-05-08 05:37:44] INFO: Plaquette = 0.628528
# [2024-05-08 05:37:44] INFO: Polyakov loop = (0.000234971,0.000347706)
# [2024-05-08 05:37:44] INFO: Writing conf to disk...
# [2024-05-08 05:37:44] INFO: writeconf_nersc: Writing NERSC configuration ./conf_s060t20_b0637300_a_U000544500
# [2024-05-08 05:37:47] INFO: Calculated checksum: 3abbe6d5
# [2024-05-08 05:37:52] INFO: Calculated checksum: 36f4842b
# [2024-05-08 05:37:52] INFO: Writing RNGSTATE file: ./rand_s060t20_b0637300_a_U000544500
# [2024-05-08 05:37:52] INFO: Writing to disk took 7.6957 seconds
# [2024-05-08 05:37:52] INFO: ======================================================================
# [2024-05-08 05:37:52] INFO: Start sweeping...
# [2024-05-08 05:44:53] INFO: It took 421.311 seconds to do 500 HBOR sweeps.
# [2024-05-08 05:44:53] INFO: Plaquette = 0.628431
# [2024-05-08 05:44:53] INFO: Polyakov loop = (9.21794e-05,0.000545393)
# [2024-05-08 05:44:53] INFO: Writing conf to disk...
# [2024-05-08 05:44:53] INFO: writeconf_nersc: Writing NERSC configuration ./conf_s060t20_b0637300_a_U000545000
# [2024-05-08 05:44:56] INFO: Calculated checksum: 224d2aea
# [2024-05-08 05:45:00] INFO: Calculated checksum: 5eb98d04
# [2024-05-08 05:45:00] INFO: Writing RNGSTATE file: ./rand_s060t20_b0637300_a_U000545000
# [2024-05-08 05:45:01] INFO: Writing to disk took 7.27837 seconds
# [2024-05-08 05:45:01] INFO: ======================================================================
# [2024-05-08 05:45:01] INFO: Start sweeping...
# [2024-05-08 05:52:00] INFO: It took 419.708 seconds to do 500 HBOR sweeps.
# [2024-05-08 05:52:00] INFO: Plaquette = 0.628434
# [2024-05-08 05:52:00] INFO: Polyakov loop = (0.000262462,0.000177794)
# [2024-05-08 05:52:00] INFO: Writing conf to disk...
# [2024-05-08 05:52:00] INFO: writeconf_nersc: Writing NERSC configuration ./conf_s060t20_b0637300_a_U000545500
# [2024-05-08 05:52:03] INFO: Calculated checksum: 6bf31aa6
# [2024-05-08 05:52:08] INFO: Calculated checksum: 62980e98
# [2024-05-08 05:52:08] INFO: Writing RNGSTATE file: ./rand_s060t20_b0637300_a_U000545500
# [2024-05-08 05:52:08] INFO: Writing to disk took 7.4544 seconds
# [2024-05-08 05:52:08] INFO: ======================================================================
# [2024-05-08 05:52:08] INFO: Start sweeping...
# [2024-05-08 05:59:07] INFO: It took 419.268 seconds to do 500 HBOR sweeps.
# [2024-05-08 05:59:07] INFO: Plaquette = 0.628551
# [2024-05-08 05:59:07] INFO: Polyakov loop = (-2.75733e-05,6.47763e-05)
# [2024-05-08 05:59:07] INFO: Writing conf to disk...
# [2024-05-08 05:59:07] INFO: writeconf_nersc: Writing NERSC configuration ./conf_s060t20_b0637300_a_U000546000
# [2024-05-08 05:59:10] INFO: Calculated checksum: 5d8c78f1
# [2024-05-08 05:59:15] INFO: Calculated checksum: 51746e04
# [2024-05-08 05:59:15] INFO: Writing RNGSTATE file: ./rand_s060t20_b0637300_a_U000546000
# [2024-05-08 05:59:15] INFO: Writing to disk took 7.56472 seconds
# [2024-05-08 05:59:15] INFO: ======================================================================
# [2024-05-08 05:59:15] INFO: Start sweeping...
# [2024-05-08 06:06:14] INFO: It took 419.401 seconds to do 500 HBOR sweeps.
# [2024-05-08 06:06:14] INFO: Plaquette = 0.628409
# [2024-05-08 06:06:14] INFO: Polyakov loop = (-0.000889697,0.000155379)
# [2024-05-08 06:06:14] INFO: Writing conf to disk...
# [2024-05-08 06:06:14] INFO: writeconf_nersc: Writing NERSC configuration ./conf_s060t20_b0637300_a_U000546500
# [2024-05-08 06:06:17] INFO: Calculated checksum: ed13a98
# [2024-05-08 06:06:22] INFO: Calculated checksum: 5b6300ac
# [2024-05-08 06:06:22] INFO: Writing RNGSTATE file: ./rand_s060t20_b0637300_a_U000546500
# [2024-05-08 06:06:22] INFO: Writing to disk took 8.27947 seconds
# [2024-05-08 06:06:22] INFO: ======================================================================
# [2024-05-08 06:06:22] INFO: Start sweeping...
# [2024-05-08 06:13:23] INFO: It took 420.669 seconds to do 500 HBOR sweeps.
# [2024-05-08 06:13:23] INFO: Plaquette = 0.628523
# [2024-05-08 06:13:23] INFO: Polyakov loop = (-0.000320846,8.81532e-06)
# [2024-05-08 06:13:23] INFO: Writing conf to disk...
# [2024-05-08 06:13:23] INFO: writeconf_nersc: Writing NERSC configuration ./conf_s060t20_b0637300_a_U000547000
# [2024-05-08 06:13:26] INFO: Calculated checksum: 4f2246bd
# [2024-05-08 06:13:31] INFO: Calculated checksum: c2a554f1
# [2024-05-08 06:13:31] INFO: Writing RNGSTATE file: ./rand_s060t20_b0637300_a_U000547000
# [2024-05-08 06:13:31] INFO: Writing to disk took 7.64938 seconds
# [2024-05-08 06:13:31] INFO: ======================================================================
# [2024-05-08 06:13:31] INFO: Start sweeping...
# [2024-05-08 06:20:31] INFO: It took 419.873 seconds to do 500 HBOR sweeps.
# [2024-05-08 06:20:31] INFO: Plaquette = 0.628369
# [2024-05-08 06:20:31] INFO: Polyakov loop = (-0.00101909,0.00071551)
# [2024-05-08 06:20:31] INFO: Writing conf to disk...
# [2024-05-08 06:20:31] INFO: writeconf_nersc: Writing NERSC configuration ./conf_s060t20_b0637300_a_U000547500
# [2024-05-08 06:20:34] INFO: Calculated checksum: c4bfa107
# [2024-05-08 06:20:38] INFO: Calculated checksum: df82058
# [2024-05-08 06:20:38] INFO: Writing RNGSTATE file: ./rand_s060t20_b0637300_a_U000547500
# [2024-05-08 06:20:38] INFO: Writing to disk took 7.69109 seconds
# [2024-05-08 06:20:38] INFO: ======================================================================
# [2024-05-08 06:20:38] INFO: Start sweeping...
# [2024-05-08 06:27:37] INFO: It took 419.083 seconds to do 500 HBOR sweeps.
# [2024-05-08 06:27:38] INFO: Plaquette = 0.628532
# [2024-05-08 06:27:38] INFO: Polyakov loop = (0.000505385,-0.000512079)
# [2024-05-08 06:27:38] INFO: Writing conf to disk...
# [2024-05-08 06:27:38] INFO: writeconf_nersc: Writing NERSC configuration ./conf_s060t20_b0637300_a_U000548000
# [2024-05-08 06:27:40] INFO: Calculated checksum: bf3f5f9b
# [2024-05-08 06:27:45] INFO: Calculated checksum: 80231f3b
# [2024-05-08 06:27:45] INFO: Writing RNGSTATE file: ./rand_s060t20_b0637300_a_U000548000
# [2024-05-08 06:27:45] INFO: Writing to disk took 7.67408 seconds
# [2024-05-08 06:27:45] INFO: ======================================================================
# [2024-05-08 06:27:45] INFO: Start sweeping...
# [2024-05-08 06:34:44] INFO: It took 418.779 seconds to do 500 HBOR sweeps.
# [2024-05-08 06:34:44] INFO: Plaquette = 0.628483
# [2024-05-08 06:34:44] INFO: Polyakov loop = (0.000401907,-5.75412e-05)
# [2024-05-08 06:34:44] INFO: Writing conf to disk...
# [2024-05-08 06:34:44] INFO: writeconf_nersc: Writing NERSC configuration ./conf_s060t20_b0637300_a_U000548500
# [2024-05-08 06:34:47] INFO: Calculated checksum: 2dd3f981
# [2024-05-08 06:34:52] INFO: Calculated checksum: 308a154f
# [2024-05-08 06:34:52] INFO: Writing RNGSTATE file: ./rand_s060t20_b0637300_a_U000548500
# [2024-05-08 06:34:52] INFO: Writing to disk took 7.6229 seconds
# [2024-05-08 06:34:52] INFO: ======================================================================
# [2024-05-08 06:34:52] INFO: Start sweeping...
# [2024-05-08 06:41:50] INFO: It took 418.847 seconds to do 500 HBOR sweeps.
# [2024-05-08 06:41:51] INFO: Plaquette = 0.62849
# [2024-05-08 06:41:51] INFO: Polyakov loop = (0.000372486,0.000801184)
# [2024-05-08 06:41:51] INFO: Writing conf to disk...
# [2024-05-08 06:41:51] INFO: writeconf_nersc: Writing NERSC configuration ./conf_s060t20_b0637300_a_U000549000
# [2024-05-08 06:41:53] INFO: Calculated checksum: 3583bedc
# [2024-05-08 06:41:58] INFO: Calculated checksum: cb6ee7bb
# [2024-05-08 06:41:58] INFO: Writing RNGSTATE file: ./rand_s060t20_b0637300_a_U000549000
# [2024-05-08 06:41:58] INFO: Writing to disk took 7.75975 seconds
# [2024-05-08 06:41:58] INFO: ======================================================================
# [2024-05-08 06:41:58] INFO: Start sweeping...
# [2024-05-08 06:48:57] INFO: It took 418.85 seconds to do 500 HBOR sweeps.
# [2024-05-08 06:48:57] INFO: Plaquette = 0.628538
# [2024-05-08 06:48:57] INFO: Polyakov loop = (0.000350867,-0.000833224)
# [2024-05-08 06:48:57] INFO: Writing conf to disk...
# [2024-05-08 06:48:57] INFO: writeconf_nersc: Writing NERSC configuration ./conf_s060t20_b0637300_a_U000549500
# [2024-05-08 06:49:00] INFO: Calculated checksum: 7453ac85
# [2024-05-08 06:49:05] INFO: Calculated checksum: a861347b
# [2024-05-08 06:49:05] INFO: Writing RNGSTATE file: ./rand_s060t20_b0637300_a_U000549500
# [2024-05-08 06:49:05] INFO: Writing to disk took 7.65683 seconds
# [2024-05-08 06:49:05] INFO: ======================================================================
# [2024-05-08 06:49:05] INFO: Start sweeping...
# [2024-05-08 06:56:04] INFO: It took 419.048 seconds to do 500 HBOR sweeps.
# [2024-05-08 06:56:04] INFO: Plaquette = 0.628476
# [2024-05-08 06:56:04] INFO: Polyakov loop = (-0.00062592,-8.17062e-05)
# [2024-05-08 06:56:04] INFO: Writing conf to disk...
# [2024-05-08 06:56:04] INFO: writeconf_nersc: Writing NERSC configuration ./conf_s060t20_b0637300_a_U000550000
# [2024-05-08 06:56:07] INFO: Calculated checksum: 4a51e20b
# [2024-05-08 06:56:11] INFO: Calculated checksum: c2782c5b
# [2024-05-08 06:56:11] INFO: Writing RNGSTATE file: ./rand_s060t20_b0637300_a_U000550000
# [2024-05-08 06:56:12] INFO: Writing to disk took 7.6076 seconds
# [2024-05-08 06:56:12] INFO: Finalizing MPI
