
Currently Loaded Modules:
  1) chpc/1.0      (S)   3) gcc/8.5.0      5) mpich/3.4.2
  2) python/3.10.3       4) cmake/3.26.0   6) cuda/11.6.2 (g)

  Where:
   S:  Module is Sticky, requires --force to unload or purge
   g:  built for GPU

 

# [2024-05-14 10:05:35] INFO: Running SIMULATeQCD
# [2024-05-14 10:05:35] INFO: Git commit version: 43e2518
# [2024-05-14 10:05:35] INFO: Initializing MPI with (1 proc)
# [2024-05-14 10:05:35] INFO: Reading parameters from file :: GenerateQuenched_b7062.param
# [2024-05-14 10:05:35] INFO: # PARAM :: Lattice = 60 60 60 20 
# [2024-05-14 10:05:35] INFO: # PARAM :: Nodes = 1 1 1 1 
# [2024-05-14 10:05:35] INFO: # PARAM :: Topology = 0 0 0 0  (default)
# [2024-05-14 10:05:35] INFO: # PARAM :: beta = 7.062
# [2024-05-14 10:05:35] INFO: # PARAM :: format = nersc
# [2024-05-14 10:05:35] INFO: # PARAM :: endianness = auto
# [2024-05-14 10:05:35] INFO: # PARAM :: conf_nr = 550000
# [2024-05-14 10:05:35] INFO: # PARAM :: stream = a
# [2024-05-14 10:05:35] INFO: # PARAM :: prec_out = 0 (default)
# [2024-05-14 10:05:35] INFO: # PARAM :: measurements_dir = ./ (default)
# [2024-05-14 10:05:35] INFO: # PARAM :: use_unit_conf = 0 (default)
# [2024-05-14 10:05:35] INFO: # PARAM :: output_dir = .
# [2024-05-14 10:05:35] INFO: # PARAM :: nconfs = 100
# [2024-05-14 10:05:35] INFO: # PARAM :: nsweeps_ORperHB = 4
# [2024-05-14 10:05:35] INFO: # PARAM :: nsweeps_HBwithOR = 500
# [2024-05-14 10:05:35] INFO: # PARAM :: prev_conf = conf_s060t20_b0706200_a_U000550000
# [2024-05-14 10:05:35] INFO: # PARAM :: prev_rand = rand_s060t20_b0706200_a_U000550000
# [2024-05-14 10:05:35] INFO: > Running on:
# [2024-05-14 10:05:35] INFO: [Rank 0] > notch271 CPU_44 GPU_3D; MPI: world_rank=0, node_rank=0, coord: ( 0 0 0 0 )
# [2024-05-14 10:05:35] INFO: > Is MPI CUDA-aware? @compilation 
# [2024-05-14 10:05:35] INFO: > GPU compute capability: 75
# [2024-05-14 10:05:35] INFO: > Checking support for P2P (Peer-to-Peer) and UVA (Unified Virtual Addressing):
# [2024-05-14 10:05:35] INFO: [Rank 0] > notch271 GPU_3D(NVIDIA GeForce RTX 2080 Ti): P2P NO ; UVA YES
# [2024-05-14 10:05:36] INFO: Initialize Indexer with HaloDepth = 1[0;33m[0m
# [2024-05-14 10:05:36] INFO: Resuming previous run.
# [2024-05-14 10:05:36] INFO: readconf_nersc: Reading NERSC configuration conf_s060t20_b0706200_a_U000550000
# [2024-05-14 10:05:58] INFO: Next conf_number will be 550500
# [2024-05-14 10:05:58] INFO: Generating up to 100 confs with a separation of 500 HBOR sweeps (OR/HB = 4) ...
# [2024-05-14 10:05:58] INFO: ======================================================================
# [2024-05-14 10:05:58] INFO: Start sweeping...
# [2024-05-14 10:12:40] INFO: It took 401.965 seconds to do 500 HBOR sweeps.
# [2024-05-14 10:12:40] INFO: Plaquette = 0.675138
# [2024-05-14 10:12:40] INFO: Polyakov loop = (0.00488811,0.000243197)
# [2024-05-14 10:12:40] INFO: Writing conf to disk...
# [2024-05-14 10:12:40] INFO: writeconf_nersc: Writing NERSC configuration ./conf_s060t20_b0706200_a_U000550500
# [2024-05-14 10:12:43] INFO: Calculated checksum: 4f7a535f
# [2024-05-14 10:12:55] INFO: Calculated checksum: b052ae7f
# [2024-05-14 10:12:55] INFO: Writing RNGSTATE file: ./rand_s060t20_b0706200_a_U000550500
# [2024-05-14 10:12:55] INFO: Writing to disk took 15.3659 seconds
# [2024-05-14 10:12:55] INFO: ======================================================================
# [2024-05-14 10:12:55] INFO: Start sweeping...
# [2024-05-14 10:19:39] INFO: It took 403.85 seconds to do 500 HBOR sweeps.
# [2024-05-14 10:19:39] INFO: Plaquette = 0.675149
# [2024-05-14 10:19:39] INFO: Polyakov loop = (0.00519187,-0.000240582)
# [2024-05-14 10:19:39] INFO: Writing conf to disk...
# [2024-05-14 10:19:39] INFO: writeconf_nersc: Writing NERSC configuration ./conf_s060t20_b0706200_a_U000551000
# [2024-05-14 10:19:42] INFO: Calculated checksum: 31de2433
# [2024-05-14 10:19:49] INFO: Calculated checksum: 78bf3bb1
# [2024-05-14 10:19:49] INFO: Writing RNGSTATE file: ./rand_s060t20_b0706200_a_U000551000
# [2024-05-14 10:19:49] INFO: Writing to disk took 9.99029 seconds
# [2024-05-14 10:19:49] INFO: ======================================================================
# [2024-05-14 10:19:49] INFO: Start sweeping...
# [2024-05-14 10:26:34] INFO: It took 404.166 seconds to do 500 HBOR sweeps.
# [2024-05-14 10:26:34] INFO: Plaquette = 0.675166
# [2024-05-14 10:26:34] INFO: Polyakov loop = (0.00438549,-0.000595287)
# [2024-05-14 10:26:34] INFO: Writing conf to disk...
# [2024-05-14 10:26:34] INFO: writeconf_nersc: Writing NERSC configuration ./conf_s060t20_b0706200_a_U000551500
# [2024-05-14 10:26:37] INFO: Calculated checksum: 964fc3bb
# [2024-05-14 10:26:43] INFO: Calculated checksum: 1f582cb8
# [2024-05-14 10:26:43] INFO: Writing RNGSTATE file: ./rand_s060t20_b0706200_a_U000551500
# [2024-05-14 10:26:43] INFO: Writing to disk took 9.63499 seconds
# [2024-05-14 10:26:43] INFO: ======================================================================
# [2024-05-14 10:26:43] INFO: Start sweeping...
# [2024-05-14 10:33:28] INFO: It took 404.254 seconds to do 500 HBOR sweeps.
# [2024-05-14 10:33:28] INFO: Plaquette = 0.675183
# [2024-05-14 10:33:28] INFO: Polyakov loop = (0.0038503,-0.000329257)
# [2024-05-14 10:33:28] INFO: Writing conf to disk...
# [2024-05-14 10:33:28] INFO: writeconf_nersc: Writing NERSC configuration ./conf_s060t20_b0706200_a_U000552000
# [2024-05-14 10:33:30] INFO: Calculated checksum: 6618d9ca
# [2024-05-14 10:33:43] INFO: Calculated checksum: d6c29316
# [2024-05-14 10:33:43] INFO: Writing RNGSTATE file: ./rand_s060t20_b0706200_a_U000552000
# [2024-05-14 10:33:44] INFO: Writing to disk took 16.1907 seconds
# [2024-05-14 10:33:44] INFO: ======================================================================
# [2024-05-14 10:33:44] INFO: Start sweeping...
# [2024-05-14 10:40:28] INFO: It took 403.922 seconds to do 500 HBOR sweeps.
# [2024-05-14 10:40:28] INFO: Plaquette = 0.675195
# [2024-05-14 10:40:28] INFO: Polyakov loop = (0.00487502,0.000210237)
# [2024-05-14 10:40:28] INFO: Writing conf to disk...
# [2024-05-14 10:40:28] INFO: writeconf_nersc: Writing NERSC configuration ./conf_s060t20_b0706200_a_U000552500
# [2024-05-14 10:40:31] INFO: Calculated checksum: 83404e8
# [2024-05-14 10:40:37] INFO: Calculated checksum: d6b3e15c
# [2024-05-14 10:40:37] INFO: Writing RNGSTATE file: ./rand_s060t20_b0706200_a_U000552500
# [2024-05-14 10:40:38] INFO: Writing to disk took 9.90766 seconds
# [2024-05-14 10:40:38] INFO: ======================================================================
# [2024-05-14 10:40:38] INFO: Start sweeping...
# [2024-05-14 10:47:21] INFO: It took 403.157 seconds to do 500 HBOR sweeps.
# [2024-05-14 10:47:21] INFO: Plaquette = 0.675213
# [2024-05-14 10:47:21] INFO: Polyakov loop = (0.0050284,0.0010348)
# [2024-05-14 10:47:21] INFO: Writing conf to disk...
# [2024-05-14 10:47:21] INFO: writeconf_nersc: Writing NERSC configuration ./conf_s060t20_b0706200_a_U000553000
# [2024-05-14 10:47:24] INFO: Calculated checksum: 55419e
# [2024-05-14 10:47:31] INFO: Calculated checksum: a4ee79a9
# [2024-05-14 10:47:31] INFO: Writing RNGSTATE file: ./rand_s060t20_b0706200_a_U000553000
# [2024-05-14 10:47:32] INFO: Writing to disk took 10.8355 seconds
# [2024-05-14 10:47:32] INFO: ======================================================================
# [2024-05-14 10:47:32] INFO: Start sweeping...
# [2024-05-14 10:54:15] INFO: It took 403.214 seconds to do 500 HBOR sweeps.
# [2024-05-14 10:54:15] INFO: Plaquette = 0.675184
# [2024-05-14 10:54:15] INFO: Polyakov loop = (0.00512804,-0.000510137)
# [2024-05-14 10:54:15] INFO: Writing conf to disk...
# [2024-05-14 10:54:15] INFO: writeconf_nersc: Writing NERSC configuration ./conf_s060t20_b0706200_a_U000553500
# [2024-05-14 10:54:18] INFO: Calculated checksum: 6c7260be
# [2024-05-14 10:54:25] INFO: Calculated checksum: dbb7e066
# [2024-05-14 10:54:25] INFO: Writing RNGSTATE file: ./rand_s060t20_b0706200_a_U000553500
# [2024-05-14 10:54:25] INFO: Writing to disk took 10.4229 seconds
# [2024-05-14 10:54:25] INFO: ======================================================================
# [2024-05-14 10:54:25] INFO: Start sweeping...
# [2024-05-14 11:01:09] INFO: It took 403.268 seconds to do 500 HBOR sweeps.
# [2024-05-14 11:01:09] INFO: Plaquette = 0.67517
# [2024-05-14 11:01:09] INFO: Polyakov loop = (0.00440974,0.00042395)
# [2024-05-14 11:01:09] INFO: Writing conf to disk...
# [2024-05-14 11:01:09] INFO: writeconf_nersc: Writing NERSC configuration ./conf_s060t20_b0706200_a_U000554000
# [2024-05-14 11:01:12] INFO: Calculated checksum: f2f3c80b
# [2024-05-14 11:01:22] INFO: Calculated checksum: 5f77c448
# [2024-05-14 11:01:22] INFO: Writing RNGSTATE file: ./rand_s060t20_b0706200_a_U000554000
# [2024-05-14 11:01:22] INFO: Writing to disk took 13.7393 seconds
# [2024-05-14 11:01:22] INFO: ======================================================================
# [2024-05-14 11:01:22] INFO: Start sweeping...
# [2024-05-14 11:08:06] INFO: It took 403.146 seconds to do 500 HBOR sweeps.
# [2024-05-14 11:08:06] INFO: Plaquette = 0.675137
# [2024-05-14 11:08:06] INFO: Polyakov loop = (0.00562011,0.000382902)
# [2024-05-14 11:08:06] INFO: Writing conf to disk...
# [2024-05-14 11:08:06] INFO: writeconf_nersc: Writing NERSC configuration ./conf_s060t20_b0706200_a_U000554500
# [2024-05-14 11:08:09] INFO: Calculated checksum: 7caa9144
# [2024-05-14 11:08:19] INFO: Calculated checksum: 94b3a8a7
# [2024-05-14 11:08:19] INFO: Writing RNGSTATE file: ./rand_s060t20_b0706200_a_U000554500
# [2024-05-14 11:08:20] INFO: Writing to disk took 13.9708 seconds
# [2024-05-14 11:08:20] INFO: ======================================================================
# [2024-05-14 11:08:20] INFO: Start sweeping...
# [2024-05-14 11:15:03] INFO: It took 403.117 seconds to do 500 HBOR sweeps.
# [2024-05-14 11:15:03] INFO: Plaquette = 0.675179
# [2024-05-14 11:15:03] INFO: Polyakov loop = (0.00503187,0.00106517)
# [2024-05-14 11:15:03] INFO: Writing conf to disk...
# [2024-05-14 11:15:03] INFO: writeconf_nersc: Writing NERSC configuration ./conf_s060t20_b0706200_a_U000555000
# [2024-05-14 11:15:06] INFO: Calculated checksum: 79faa60e
# [2024-05-14 11:15:19] INFO: Calculated checksum: bf174a10
# [2024-05-14 11:15:19] INFO: Writing RNGSTATE file: ./rand_s060t20_b0706200_a_U000555000
# [2024-05-14 11:15:19] INFO: Writing to disk took 16.3694 seconds
# [2024-05-14 11:15:19] INFO: ======================================================================
# [2024-05-14 11:15:19] INFO: Start sweeping...
# [2024-05-14 11:22:01] INFO: It took 401.426 seconds to do 500 HBOR sweeps.
# [2024-05-14 11:22:01] INFO: Plaquette = 0.675135
# [2024-05-14 11:22:01] INFO: Polyakov loop = (0.00447655,-0.000337362)
# [2024-05-14 11:22:01] INFO: Writing conf to disk...
# [2024-05-14 11:22:01] INFO: writeconf_nersc: Writing NERSC configuration ./conf_s060t20_b0706200_a_U000555500
# [2024-05-14 11:22:04] INFO: Calculated checksum: 8f97ee3b
# [2024-05-14 11:22:17] INFO: Calculated checksum: 23472543
# [2024-05-14 11:22:17] INFO: Writing RNGSTATE file: ./rand_s060t20_b0706200_a_U000555500
# [2024-05-14 11:22:17] INFO: Writing to disk took 16.6046 seconds
# [2024-05-14 11:22:17] INFO: ======================================================================
# [2024-05-14 11:22:17] INFO: Start sweeping...
# [2024-05-14 11:29:00] INFO: It took 402.828 seconds to do 500 HBOR sweeps.
# [2024-05-14 11:29:00] INFO: Plaquette = 0.675136
# [2024-05-14 11:29:00] INFO: Polyakov loop = (0.0043189,0.000302862)
# [2024-05-14 11:29:00] INFO: Writing conf to disk...
# [2024-05-14 11:29:00] INFO: writeconf_nersc: Writing NERSC configuration ./conf_s060t20_b0706200_a_U000556000
# [2024-05-14 11:29:03] INFO: Calculated checksum: 3a8c9528
# [2024-05-14 11:29:13] INFO: Calculated checksum: c0d35e70
# [2024-05-14 11:29:13] INFO: Writing RNGSTATE file: ./rand_s060t20_b0706200_a_U000556000
# [2024-05-14 11:29:14] INFO: Writing to disk took 13.3316 seconds
# [2024-05-14 11:29:14] INFO: ======================================================================
# [2024-05-14 11:29:14] INFO: Start sweeping...
# [2024-05-14 11:35:57] INFO: It took 403.044 seconds to do 500 HBOR sweeps.
# [2024-05-14 11:35:57] INFO: Plaquette = 0.675216
# [2024-05-14 11:35:57] INFO: Polyakov loop = (0.005097,0.000128026)
# [2024-05-14 11:35:57] INFO: Writing conf to disk...
# [2024-05-14 11:35:57] INFO: writeconf_nersc: Writing NERSC configuration ./conf_s060t20_b0706200_a_U000556500
# [2024-05-14 11:36:00] INFO: Calculated checksum: 3bf81107
# [2024-05-14 11:36:09] INFO: Calculated checksum: 21e78008
# [2024-05-14 11:36:09] INFO: Writing RNGSTATE file: ./rand_s060t20_b0706200_a_U000556500
# [2024-05-14 11:36:09] INFO: Writing to disk took 12.2745 seconds
# [2024-05-14 11:36:09] INFO: ======================================================================
# [2024-05-14 11:36:09] INFO: Start sweeping...
# [2024-05-14 11:42:52] INFO: It took 403.345 seconds to do 500 HBOR sweeps.
# [2024-05-14 11:42:52] INFO: Plaquette = 0.675177
# [2024-05-14 11:42:52] INFO: Polyakov loop = (0.00471463,-0.000426965)
# [2024-05-14 11:42:52] INFO: Writing conf to disk...
# [2024-05-14 11:42:52] INFO: writeconf_nersc: Writing NERSC configuration ./conf_s060t20_b0706200_a_U000557000
# [2024-05-14 11:42:55] INFO: Calculated checksum: 7bd21a09
# [2024-05-14 11:43:04] INFO: Calculated checksum: 92e3cd4a
# [2024-05-14 11:43:04] INFO: Writing RNGSTATE file: ./rand_s060t20_b0706200_a_U000557000
# [2024-05-14 11:43:05] INFO: Writing to disk took 12.3821 seconds
# [2024-05-14 11:43:05] INFO: ======================================================================
# [2024-05-14 11:43:05] INFO: Start sweeping...
# [2024-05-14 11:49:48] INFO: It took 403.102 seconds to do 500 HBOR sweeps.
# [2024-05-14 11:49:48] INFO: Plaquette = 0.67509
# [2024-05-14 11:49:48] INFO: Polyakov loop = (0.00494905,-0.000286471)
# [2024-05-14 11:49:48] INFO: Writing conf to disk...
# [2024-05-14 11:49:48] INFO: writeconf_nersc: Writing NERSC configuration ./conf_s060t20_b0706200_a_U000557500
# [2024-05-14 11:49:51] INFO: Calculated checksum: 56aee205
# [2024-05-14 11:50:00] INFO: Calculated checksum: 3aa09ae4
# [2024-05-14 11:50:00] INFO: Writing RNGSTATE file: ./rand_s060t20_b0706200_a_U000557500
# [2024-05-14 11:50:01] INFO: Writing to disk took 12.7712 seconds
# [2024-05-14 11:50:01] INFO: ======================================================================
# [2024-05-14 11:50:01] INFO: Start sweeping...
# [2024-05-14 11:56:44] INFO: It took 403.714 seconds to do 500 HBOR sweeps.
# [2024-05-14 11:56:45] INFO: Plaquette = 0.675161
# [2024-05-14 11:56:45] INFO: Polyakov loop = (0.00416903,0.000162498)
# [2024-05-14 11:56:45] INFO: Writing conf to disk...
# [2024-05-14 11:56:45] INFO: writeconf_nersc: Writing NERSC configuration ./conf_s060t20_b0706200_a_U000558000
# [2024-05-14 11:56:48] INFO: Calculated checksum: 27d8c248
# [2024-05-14 11:56:56] INFO: Calculated checksum: e698b77d
# [2024-05-14 11:56:56] INFO: Writing RNGSTATE file: ./rand_s060t20_b0706200_a_U000558000
# [2024-05-14 11:56:56] INFO: Writing to disk took 11.779 seconds
# [2024-05-14 11:56:56] INFO: ======================================================================
# [2024-05-14 11:56:56] INFO: Start sweeping...
# [2024-05-14 12:03:40] INFO: It took 403.312 seconds to do 500 HBOR sweeps.
# [2024-05-14 12:03:40] INFO: Plaquette = 0.675101
# [2024-05-14 12:03:40] INFO: Polyakov loop = (0.00361606,0.000834422)
# [2024-05-14 12:03:40] INFO: Writing conf to disk...
# [2024-05-14 12:03:40] INFO: writeconf_nersc: Writing NERSC configuration ./conf_s060t20_b0706200_a_U000558500
# [2024-05-14 12:03:43] INFO: Calculated checksum: 7ec74d27
# [2024-05-14 12:03:58] INFO: Calculated checksum: a6cfd35
# [2024-05-14 12:03:58] INFO: Writing RNGSTATE file: ./rand_s060t20_b0706200_a_U000558500
# [2024-05-14 12:03:59] INFO: Writing to disk took 19.1474 seconds
# [2024-05-14 12:03:59] INFO: ======================================================================
# [2024-05-14 12:03:59] INFO: Start sweeping...
# [2024-05-14 12:10:43] INFO: It took 403.824 seconds to do 500 HBOR sweeps.
# [2024-05-14 12:10:43] INFO: Plaquette = 0.67517
# [2024-05-14 12:10:43] INFO: Polyakov loop = (0.00529057,0.000102393)
# [2024-05-14 12:10:43] INFO: Writing conf to disk...
# [2024-05-14 12:10:43] INFO: writeconf_nersc: Writing NERSC configuration ./conf_s060t20_b0706200_a_U000559000
# [2024-05-14 12:10:46] INFO: Calculated checksum: b67cf29e
# [2024-05-14 12:10:57] INFO: Calculated checksum: 3b78e4c
# [2024-05-14 12:10:57] INFO: Writing RNGSTATE file: ./rand_s060t20_b0706200_a_U000559000
# [2024-05-14 12:10:58] INFO: Writing to disk took 14.9232 seconds
# [2024-05-14 12:10:58] INFO: ======================================================================
# [2024-05-14 12:10:58] INFO: Start sweeping...
# [2024-05-14 12:17:42] INFO: It took 403.943 seconds to do 500 HBOR sweeps.
# [2024-05-14 12:17:42] INFO: Plaquette = 0.675143
# [2024-05-14 12:17:42] INFO: Polyakov loop = (0.00512366,2.85466e-05)
# [2024-05-14 12:17:42] INFO: Writing conf to disk...
# [2024-05-14 12:17:42] INFO: writeconf_nersc: Writing NERSC configuration ./conf_s060t20_b0706200_a_U000559500
# [2024-05-14 12:17:45] INFO: Calculated checksum: 26da687c
# [2024-05-14 12:18:01] INFO: Calculated checksum: eda2d3bc
# [2024-05-14 12:18:01] INFO: Writing RNGSTATE file: ./rand_s060t20_b0706200_a_U000559500
# [2024-05-14 12:18:02] INFO: Writing to disk took 20.3096 seconds
# [2024-05-14 12:18:02] INFO: ======================================================================
# [2024-05-14 12:18:02] INFO: Start sweeping...
# [2024-05-14 12:24:46] INFO: It took 403.79 seconds to do 500 HBOR sweeps.
# [2024-05-14 12:24:46] INFO: Plaquette = 0.675131
# [2024-05-14 12:24:46] INFO: Polyakov loop = (0.00430624,-0.000254342)
# [2024-05-14 12:24:46] INFO: Writing conf to disk...
# [2024-05-14 12:24:46] INFO: writeconf_nersc: Writing NERSC configuration ./conf_s060t20_b0706200_a_U000560000
# [2024-05-14 12:24:49] INFO: Calculated checksum: bd2e6c1
# [2024-05-14 12:25:04] INFO: Calculated checksum: 66b104ff
# [2024-05-14 12:25:04] INFO: Writing RNGSTATE file: ./rand_s060t20_b0706200_a_U000560000
# [2024-05-14 12:25:04] INFO: Writing to disk took 18.0963 seconds
# [2024-05-14 12:25:04] INFO: ======================================================================
# [2024-05-14 12:25:04] INFO: Start sweeping...
# [2024-05-14 12:31:47] INFO: It took 402.828 seconds to do 500 HBOR sweeps.
# [2024-05-14 12:31:47] INFO: Plaquette = 0.675176
# [2024-05-14 12:31:47] INFO: Polyakov loop = (0.00459404,-0.000718283)
# [2024-05-14 12:31:47] INFO: Writing conf to disk...
# [2024-05-14 12:31:47] INFO: writeconf_nersc: Writing NERSC configuration ./conf_s060t20_b0706200_a_U000560500
# [2024-05-14 12:31:50] INFO: Calculated checksum: e7f8085f
# [2024-05-14 12:32:11] INFO: Calculated checksum: dccb0491
# [2024-05-14 12:32:11] INFO: Writing RNGSTATE file: ./rand_s060t20_b0706200_a_U000560500
# [2024-05-14 12:32:11] INFO: Writing to disk took 24.1801 seconds
# [2024-05-14 12:32:11] INFO: ======================================================================
# [2024-05-14 12:32:11] INFO: Start sweeping...
# [2024-05-14 12:38:54] INFO: It took 403.5 seconds to do 500 HBOR sweeps.
# [2024-05-14 12:38:55] INFO: Plaquette = 0.675223
# [2024-05-14 12:38:55] INFO: Polyakov loop = (0.00388791,0.000487652)
# [2024-05-14 12:38:55] INFO: Writing conf to disk...
# [2024-05-14 12:38:55] INFO: writeconf_nersc: Writing NERSC configuration ./conf_s060t20_b0706200_a_U000561000
# [2024-05-14 12:38:57] INFO: Calculated checksum: 3518196
# [2024-05-14 12:39:07] INFO: Calculated checksum: 3076b457
# [2024-05-14 12:39:07] INFO: Writing RNGSTATE file: ./rand_s060t20_b0706200_a_U000561000
# [2024-05-14 12:39:09] INFO: Writing to disk took 14.0226 seconds
# [2024-05-14 12:39:09] INFO: ======================================================================
# [2024-05-14 12:39:09] INFO: Start sweeping...
# [2024-05-14 12:45:52] INFO: It took 403.778 seconds to do 500 HBOR sweeps.
# [2024-05-14 12:45:52] INFO: Plaquette = 0.675231
# [2024-05-14 12:45:52] INFO: Polyakov loop = (0.00503582,0.000193969)
# [2024-05-14 12:45:52] INFO: Writing conf to disk...
# [2024-05-14 12:45:52] INFO: writeconf_nersc: Writing NERSC configuration ./conf_s060t20_b0706200_a_U000561500
# [2024-05-14 12:45:55] INFO: Calculated checksum: 7136f10c
# [2024-05-14 12:46:04] INFO: Calculated checksum: 98737157
# [2024-05-14 12:46:04] INFO: Writing RNGSTATE file: ./rand_s060t20_b0706200_a_U000561500
# [2024-05-14 12:46:04] INFO: Writing to disk took 12.0095 seconds
# [2024-05-14 12:46:04] INFO: ======================================================================
# [2024-05-14 12:46:04] INFO: Start sweeping...
# [2024-05-14 12:52:48] INFO: It took 403.997 seconds to do 500 HBOR sweeps.
# [2024-05-14 12:52:49] INFO: Plaquette = 0.675169
# [2024-05-14 12:52:49] INFO: Polyakov loop = (0.00469696,-0.000399039)
# [2024-05-14 12:52:49] INFO: Writing conf to disk...
# [2024-05-14 12:52:49] INFO: writeconf_nersc: Writing NERSC configuration ./conf_s060t20_b0706200_a_U000562000
# [2024-05-14 12:52:51] INFO: Calculated checksum: 3ba545f4
# [2024-05-14 12:52:59] INFO: Calculated checksum: 2eba9919
# [2024-05-14 12:52:59] INFO: Writing RNGSTATE file: ./rand_s060t20_b0706200_a_U000562000
# [2024-05-14 12:52:59] INFO: Writing to disk took 10.6895 seconds
# [2024-05-14 12:52:59] INFO: ======================================================================
# [2024-05-14 12:52:59] INFO: Start sweeping...
# [2024-05-14 12:59:43] INFO: It took 404.106 seconds to do 500 HBOR sweeps.
# [2024-05-14 12:59:43] INFO: Plaquette = 0.675236
# [2024-05-14 12:59:43] INFO: Polyakov loop = (0.0057796,-0.00054317)
# [2024-05-14 12:59:43] INFO: Writing conf to disk...
# [2024-05-14 12:59:43] INFO: writeconf_nersc: Writing NERSC configuration ./conf_s060t20_b0706200_a_U000562500
# [2024-05-14 12:59:46] INFO: Calculated checksum: a6c4b66c
# [2024-05-14 13:00:03] INFO: Calculated checksum: 990012a5
# [2024-05-14 13:00:03] INFO: Writing RNGSTATE file: ./rand_s060t20_b0706200_a_U000562500
# [2024-05-14 13:00:03] INFO: Writing to disk took 20.1038 seconds
# [2024-05-14 13:00:03] INFO: ======================================================================
# [2024-05-14 13:00:03] INFO: Start sweeping...
# [2024-05-14 13:06:46] INFO: It took 402.692 seconds to do 500 HBOR sweeps.
# [2024-05-14 13:06:47] INFO: Plaquette = 0.675116
# [2024-05-14 13:06:47] INFO: Polyakov loop = (0.00504698,-0.000194271)
# [2024-05-14 13:06:47] INFO: Writing conf to disk...
# [2024-05-14 13:06:47] INFO: writeconf_nersc: Writing NERSC configuration ./conf_s060t20_b0706200_a_U000563000
# [2024-05-14 13:06:49] INFO: Calculated checksum: ea841e77
# [2024-05-14 13:07:02] INFO: Calculated checksum: 735eebcd
# [2024-05-14 13:07:03] INFO: Writing RNGSTATE file: ./rand_s060t20_b0706200_a_U000563000
# [2024-05-14 13:07:03] INFO: Writing to disk took 16.2345 seconds
# [2024-05-14 13:07:03] INFO: ======================================================================
# [2024-05-14 13:07:03] INFO: Start sweeping...
# [2024-05-14 13:13:47] INFO: It took 403.932 seconds to do 500 HBOR sweeps.
# [2024-05-14 13:13:47] INFO: Plaquette = 0.675206
# [2024-05-14 13:13:47] INFO: Polyakov loop = (0.00468322,0.000224421)
# [2024-05-14 13:13:47] INFO: Writing conf to disk...
# [2024-05-14 13:13:47] INFO: writeconf_nersc: Writing NERSC configuration ./conf_s060t20_b0706200_a_U000563500
# [2024-05-14 13:13:50] INFO: Calculated checksum: b7199d79
# [2024-05-14 13:14:02] INFO: Calculated checksum: 5438097d
# [2024-05-14 13:14:02] INFO: Writing RNGSTATE file: ./rand_s060t20_b0706200_a_U000563500
# [2024-05-14 13:14:02] INFO: Writing to disk took 15.1684 seconds
# [2024-05-14 13:14:02] INFO: ======================================================================
# [2024-05-14 13:14:02] INFO: Start sweeping...
# [2024-05-14 13:20:45] INFO: It took 402.86 seconds to do 500 HBOR sweeps.
# [2024-05-14 13:20:45] INFO: Plaquette = 0.675148
# [2024-05-14 13:20:45] INFO: Polyakov loop = (0.00461556,0.000555121)
# [2024-05-14 13:20:45] INFO: Writing conf to disk...
# [2024-05-14 13:20:45] INFO: writeconf_nersc: Writing NERSC configuration ./conf_s060t20_b0706200_a_U000564000
# [2024-05-14 13:20:48] INFO: Calculated checksum: 30eec2e5
# [2024-05-14 13:21:05] INFO: Calculated checksum: 5a344c9d
# [2024-05-14 13:21:05] INFO: Writing RNGSTATE file: ./rand_s060t20_b0706200_a_U000564000
# [2024-05-14 13:21:05] INFO: Writing to disk took 20.2528 seconds
# [2024-05-14 13:21:05] INFO: ======================================================================
# [2024-05-14 13:21:05] INFO: Start sweeping...
# [2024-05-14 13:27:48] INFO: It took 402.863 seconds to do 500 HBOR sweeps.
# [2024-05-14 13:27:48] INFO: Plaquette = 0.675126
# [2024-05-14 13:27:48] INFO: Polyakov loop = (0.00536633,-0.000415527)
# [2024-05-14 13:27:48] INFO: Writing conf to disk...
# [2024-05-14 13:27:48] INFO: writeconf_nersc: Writing NERSC configuration ./conf_s060t20_b0706200_a_U000564500
# [2024-05-14 13:27:51] INFO: Calculated checksum: 37ea196d
# [2024-05-14 13:28:07] INFO: Calculated checksum: 87910174
# [2024-05-14 13:28:07] INFO: Writing RNGSTATE file: ./rand_s060t20_b0706200_a_U000564500
# [2024-05-14 13:28:07] INFO: Writing to disk took 18.8229 seconds
# [2024-05-14 13:28:07] INFO: ======================================================================
# [2024-05-14 13:28:07] INFO: Start sweeping...
# [2024-05-14 13:34:51] INFO: It took 404.074 seconds to do 500 HBOR sweeps.
# [2024-05-14 13:34:51] INFO: Plaquette = 0.675251
# [2024-05-14 13:34:51] INFO: Polyakov loop = (0.00530243,-0.0009991)
# [2024-05-14 13:34:51] INFO: Writing conf to disk...
# [2024-05-14 13:34:51] INFO: writeconf_nersc: Writing NERSC configuration ./conf_s060t20_b0706200_a_U000565000
# [2024-05-14 13:34:54] INFO: Calculated checksum: 54ac9747
# [2024-05-14 13:35:15] INFO: Calculated checksum: 7f9d7289
# [2024-05-14 13:35:15] INFO: Writing RNGSTATE file: ./rand_s060t20_b0706200_a_U000565000
# [2024-05-14 13:35:15] INFO: Writing to disk took 24.4379 seconds
# [2024-05-14 13:35:15] INFO: ======================================================================
# [2024-05-14 13:35:15] INFO: Start sweeping...
# [2024-05-14 13:41:58] INFO: It took 402.685 seconds to do 500 HBOR sweeps.
# [2024-05-14 13:41:58] INFO: Plaquette = 0.675239
# [2024-05-14 13:41:58] INFO: Polyakov loop = (0.00486588,0.000435466)
# [2024-05-14 13:41:58] INFO: Writing conf to disk...
# [2024-05-14 13:41:58] INFO: writeconf_nersc: Writing NERSC configuration ./conf_s060t20_b0706200_a_U000565500
# [2024-05-14 13:42:01] INFO: Calculated checksum: 5b2e6a4f
# [2024-05-14 13:42:18] INFO: Calculated checksum: 49f53d96
# [2024-05-14 13:42:18] INFO: Writing RNGSTATE file: ./rand_s060t20_b0706200_a_U000565500
# [2024-05-14 13:42:19] INFO: Writing to disk took 20.4408 seconds
# [2024-05-14 13:42:19] INFO: ======================================================================
# [2024-05-14 13:42:19] INFO: Start sweeping...
# [2024-05-14 13:49:00] INFO: It took 401.409 seconds to do 500 HBOR sweeps.
# [2024-05-14 13:49:00] INFO: Plaquette = 0.675135
# [2024-05-14 13:49:00] INFO: Polyakov loop = (0.00457277,-0.000457649)
# [2024-05-14 13:49:00] INFO: Writing conf to disk...
# [2024-05-14 13:49:00] INFO: writeconf_nersc: Writing NERSC configuration ./conf_s060t20_b0706200_a_U000566000
# [2024-05-14 13:49:03] INFO: Calculated checksum: 34447b76
# [2024-05-14 13:49:28] INFO: Calculated checksum: d15ee60a
# [2024-05-14 13:49:28] INFO: Writing RNGSTATE file: ./rand_s060t20_b0706200_a_U000566000
# [2024-05-14 13:49:28] INFO: Writing to disk took 28.0891 seconds
# [2024-05-14 13:49:28] INFO: ======================================================================
# [2024-05-14 13:49:28] INFO: Start sweeping...
# [2024-05-14 13:56:11] INFO: It took 402.507 seconds to do 500 HBOR sweeps.
# [2024-05-14 13:56:11] INFO: Plaquette = 0.675248
# [2024-05-14 13:56:11] INFO: Polyakov loop = (0.00481219,0.000239023)
# [2024-05-14 13:56:11] INFO: Writing conf to disk...
# [2024-05-14 13:56:11] INFO: writeconf_nersc: Writing NERSC configuration ./conf_s060t20_b0706200_a_U000566500
# [2024-05-14 13:56:14] INFO: Calculated checksum: 988bc8b
# [2024-05-14 13:56:25] INFO: Calculated checksum: 53634551
# [2024-05-14 13:56:25] INFO: Writing RNGSTATE file: ./rand_s060t20_b0706200_a_U000566500
# [2024-05-14 13:56:25] INFO: Writing to disk took 14.4971 seconds
# [2024-05-14 13:56:25] INFO: ======================================================================
# [2024-05-14 13:56:25] INFO: Start sweeping...
# [2024-05-14 14:03:07] INFO: It took 401.365 seconds to do 500 HBOR sweeps.
# [2024-05-14 14:03:07] INFO: Plaquette = 0.67519
# [2024-05-14 14:03:07] INFO: Polyakov loop = (0.00483194,0.000242842)
# [2024-05-14 14:03:07] INFO: Writing conf to disk...
# [2024-05-14 14:03:07] INFO: writeconf_nersc: Writing NERSC configuration ./conf_s060t20_b0706200_a_U000567000
# [2024-05-14 14:03:10] INFO: Calculated checksum: cf7adb2c
# [2024-05-14 14:03:19] INFO: Calculated checksum: 38163ec5
# [2024-05-14 14:03:19] INFO: Writing RNGSTATE file: ./rand_s060t20_b0706200_a_U000567000
# [2024-05-14 14:03:20] INFO: Writing to disk took 13.0086 seconds
# [2024-05-14 14:03:20] INFO: ======================================================================
# [2024-05-14 14:03:20] INFO: Start sweeping...
# [2024-05-14 14:10:01] INFO: It took 401.376 seconds to do 500 HBOR sweeps.
# [2024-05-14 14:10:01] INFO: Plaquette = 0.675183
# [2024-05-14 14:10:01] INFO: Polyakov loop = (0.00461074,-0.00038067)
# [2024-05-14 14:10:01] INFO: Writing conf to disk...
# [2024-05-14 14:10:01] INFO: writeconf_nersc: Writing NERSC configuration ./conf_s060t20_b0706200_a_U000567500
# [2024-05-14 14:10:05] INFO: Calculated checksum: f4e06975
# [2024-05-14 14:10:30] INFO: Calculated checksum: 8caa387e
# [2024-05-14 14:10:30] INFO: Writing RNGSTATE file: ./rand_s060t20_b0706200_a_U000567500
# [2024-05-14 14:10:31] INFO: Writing to disk took 29.6059 seconds
# [2024-05-14 14:10:31] INFO: ======================================================================
# [2024-05-14 14:10:31] INFO: Start sweeping...
# [2024-05-14 14:17:12] INFO: It took 401.082 seconds to do 500 HBOR sweeps.
# [2024-05-14 14:17:12] INFO: Plaquette = 0.675144
# [2024-05-14 14:17:12] INFO: Polyakov loop = (0.00562931,0.000288316)
# [2024-05-14 14:17:12] INFO: Writing conf to disk...
# [2024-05-14 14:17:12] INFO: writeconf_nersc: Writing NERSC configuration ./conf_s060t20_b0706200_a_U000568000
# [2024-05-14 14:17:15] INFO: Calculated checksum: c3587a5
# [2024-05-14 14:17:29] INFO: Calculated checksum: 9c1c2979
# [2024-05-14 14:17:29] INFO: Writing RNGSTATE file: ./rand_s060t20_b0706200_a_U000568000
# [2024-05-14 14:17:30] INFO: Writing to disk took 17.904 seconds
# [2024-05-14 14:17:30] INFO: ======================================================================
# [2024-05-14 14:17:30] INFO: Start sweeping...
# [2024-05-14 14:24:11] INFO: It took 401.303 seconds to do 500 HBOR sweeps.
# [2024-05-14 14:24:11] INFO: Plaquette = 0.675257
# [2024-05-14 14:24:11] INFO: Polyakov loop = (0.00453287,0.000595227)
# [2024-05-14 14:24:11] INFO: Writing conf to disk...
# [2024-05-14 14:24:11] INFO: writeconf_nersc: Writing NERSC configuration ./conf_s060t20_b0706200_a_U000568500
# [2024-05-14 14:24:14] INFO: Calculated checksum: ead29616
# [2024-05-14 14:24:34] INFO: Calculated checksum: 357d21cf
# [2024-05-14 14:24:34] INFO: Writing RNGSTATE file: ./rand_s060t20_b0706200_a_U000568500
# [2024-05-14 14:24:34] INFO: Writing to disk took 22.8374 seconds
# [2024-05-14 14:24:34] INFO: ======================================================================
# [2024-05-14 14:24:34] INFO: Start sweeping...
# [2024-05-14 14:31:15] INFO: It took 401.21 seconds to do 500 HBOR sweeps.
# [2024-05-14 14:31:15] INFO: Plaquette = 0.675133
# [2024-05-14 14:31:15] INFO: Polyakov loop = (0.00451186,4.67233e-05)
# [2024-05-14 14:31:15] INFO: Writing conf to disk...
# [2024-05-14 14:31:15] INFO: writeconf_nersc: Writing NERSC configuration ./conf_s060t20_b0706200_a_U000569000
# [2024-05-14 14:31:18] INFO: Calculated checksum: 722fc035
# [2024-05-14 14:31:37] INFO: Calculated checksum: 246ff2b1
# [2024-05-14 14:31:37] INFO: Writing RNGSTATE file: ./rand_s060t20_b0706200_a_U000569000
# [2024-05-14 14:31:38] INFO: Writing to disk took 22.5381 seconds
# [2024-05-14 14:31:38] INFO: ======================================================================
# [2024-05-14 14:31:38] INFO: Start sweeping...
# [2024-05-14 14:38:19] INFO: It took 401.128 seconds to do 500 HBOR sweeps.
# [2024-05-14 14:38:19] INFO: Plaquette = 0.675198
# [2024-05-14 14:38:19] INFO: Polyakov loop = (0.00420252,-0.00037301)
# [2024-05-14 14:38:19] INFO: Writing conf to disk...
# [2024-05-14 14:38:19] INFO: writeconf_nersc: Writing NERSC configuration ./conf_s060t20_b0706200_a_U000569500
# [2024-05-14 14:38:22] INFO: Calculated checksum: bb0084c
# [2024-05-14 14:38:33] INFO: Calculated checksum: cb77fe23
# [2024-05-14 14:38:33] INFO: Writing RNGSTATE file: ./rand_s060t20_b0706200_a_U000569500
# [2024-05-14 14:38:34] INFO: Writing to disk took 14.5988 seconds
# [2024-05-14 14:38:34] INFO: ======================================================================
# [2024-05-14 14:38:34] INFO: Start sweeping...
# [2024-05-14 14:45:17] INFO: It took 403.172 seconds to do 500 HBOR sweeps.
# [2024-05-14 14:45:17] INFO: Plaquette = 0.675199
# [2024-05-14 14:45:17] INFO: Polyakov loop = (0.00575723,-0.000455184)
# [2024-05-14 14:45:17] INFO: Writing conf to disk...
# [2024-05-14 14:45:17] INFO: writeconf_nersc: Writing NERSC configuration ./conf_s060t20_b0706200_a_U000570000
# [2024-05-14 14:45:21] INFO: Calculated checksum: a95a19c
# [2024-05-14 14:45:37] INFO: Calculated checksum: 5556ffd8
# [2024-05-14 14:45:37] INFO: Writing RNGSTATE file: ./rand_s060t20_b0706200_a_U000570000
# [2024-05-14 14:45:37] INFO: Writing to disk took 20.573 seconds
# [2024-05-14 14:45:37] INFO: ======================================================================
# [2024-05-14 14:45:37] INFO: Start sweeping...
# [2024-05-14 14:52:21] INFO: It took 403.547 seconds to do 500 HBOR sweeps.
# [2024-05-14 14:52:21] INFO: Plaquette = 0.675211
# [2024-05-14 14:52:21] INFO: Polyakov loop = (0.00485061,6.69613e-05)
# [2024-05-14 14:52:21] INFO: Writing conf to disk...
# [2024-05-14 14:52:21] INFO: writeconf_nersc: Writing NERSC configuration ./conf_s060t20_b0706200_a_U000570500
# [2024-05-14 14:52:26] INFO: Calculated checksum: f686cda2
# [2024-05-14 14:52:35] INFO: Calculated checksum: 8ba0e880
# [2024-05-14 14:52:35] INFO: Writing RNGSTATE file: ./rand_s060t20_b0706200_a_U000570500
# [2024-05-14 14:52:35] INFO: Writing to disk took 13.7013 seconds
# [2024-05-14 14:52:35] INFO: ======================================================================
# [2024-05-14 14:52:35] INFO: Start sweeping...
# [2024-05-14 14:59:19] INFO: It took 403.938 seconds to do 500 HBOR sweeps.
# [2024-05-14 14:59:19] INFO: Plaquette = 0.675176
# [2024-05-14 14:59:19] INFO: Polyakov loop = (0.00386396,-0.000359819)
# [2024-05-14 14:59:19] INFO: Writing conf to disk...
# [2024-05-14 14:59:19] INFO: writeconf_nersc: Writing NERSC configuration ./conf_s060t20_b0706200_a_U000571000
# [2024-05-14 14:59:22] INFO: Calculated checksum: 71ccca64
# [2024-05-14 14:59:50] INFO: Calculated checksum: 33ce59be
# [2024-05-14 14:59:50] INFO: Writing RNGSTATE file: ./rand_s060t20_b0706200_a_U000571000
# [2024-05-14 14:59:50] INFO: Writing to disk took 31.5299 seconds
# [2024-05-14 14:59:50] INFO: ======================================================================
# [2024-05-14 14:59:50] INFO: Start sweeping...
# [2024-05-14 15:06:33] INFO: It took 402.895 seconds to do 500 HBOR sweeps.
# [2024-05-14 15:06:33] INFO: Plaquette = 0.675232
# [2024-05-14 15:06:33] INFO: Polyakov loop = (0.00505828,0.000193156)
# [2024-05-14 15:06:33] INFO: Writing conf to disk...
# [2024-05-14 15:06:33] INFO: writeconf_nersc: Writing NERSC configuration ./conf_s060t20_b0706200_a_U000571500
# [2024-05-14 15:06:36] INFO: Calculated checksum: 80147fa6
# [2024-05-14 15:06:58] INFO: Calculated checksum: 9716d591
# [2024-05-14 15:06:58] INFO: Writing RNGSTATE file: ./rand_s060t20_b0706200_a_U000571500
# [2024-05-14 15:06:58] INFO: Writing to disk took 24.853 seconds
# [2024-05-14 15:06:58] INFO: ======================================================================
# [2024-05-14 15:06:58] INFO: Start sweeping...
# [2024-05-14 15:13:41] INFO: It took 403.252 seconds to do 500 HBOR sweeps.
# [2024-05-14 15:13:45] INFO: Plaquette = 0.675219
# [2024-05-14 15:13:45] INFO: Polyakov loop = (0.00435584,0.000341412)
# [2024-05-14 15:13:45] INFO: Writing conf to disk...
# [2024-05-14 15:13:45] INFO: writeconf_nersc: Writing NERSC configuration ./conf_s060t20_b0706200_a_U000572000
# [2024-05-14 15:13:50] INFO: Calculated checksum: b8579035
# [2024-05-14 15:14:00] INFO: Calculated checksum: 867f7161
# [2024-05-14 15:14:00] INFO: Writing RNGSTATE file: ./rand_s060t20_b0706200_a_U000572000
# [2024-05-14 15:14:00] INFO: Writing to disk took 15.647 seconds
# [2024-05-14 15:14:00] INFO: ======================================================================
# [2024-05-14 15:14:00] INFO: Start sweeping...
# [2024-05-14 15:20:44] INFO: It took 403.659 seconds to do 500 HBOR sweeps.
# [2024-05-14 15:20:44] INFO: Plaquette = 0.675121
# [2024-05-14 15:20:44] INFO: Polyakov loop = (0.00377972,-0.000334179)
# [2024-05-14 15:20:44] INFO: Writing conf to disk...
# [2024-05-14 15:20:44] INFO: writeconf_nersc: Writing NERSC configuration ./conf_s060t20_b0706200_a_U000572500
# [2024-05-14 15:20:48] INFO: Calculated checksum: bffa8243
# [2024-05-14 15:21:02] INFO: Calculated checksum: edb2490
# [2024-05-14 15:21:02] INFO: Writing RNGSTATE file: ./rand_s060t20_b0706200_a_U000572500
# [2024-05-14 15:21:04] INFO: Writing to disk took 20.3084 seconds
# [2024-05-14 15:21:04] INFO: ======================================================================
# [2024-05-14 15:21:04] INFO: Start sweeping...
# [2024-05-14 15:27:48] INFO: It took 403.789 seconds to do 500 HBOR sweeps.
# [2024-05-14 15:27:48] INFO: Plaquette = 0.675124
# [2024-05-14 15:27:48] INFO: Polyakov loop = (0.00475912,0.0002003)
# [2024-05-14 15:27:48] INFO: Writing conf to disk...
# [2024-05-14 15:27:48] INFO: writeconf_nersc: Writing NERSC configuration ./conf_s060t20_b0706200_a_U000573000
# [2024-05-14 15:27:51] INFO: Calculated checksum: 7413ce6e
# [2024-05-14 15:28:09] INFO: Calculated checksum: 71f761a4
# [2024-05-14 15:28:09] INFO: Writing RNGSTATE file: ./rand_s060t20_b0706200_a_U000573000
# [2024-05-14 15:28:09] INFO: Writing to disk took 21.27 seconds
# [2024-05-14 15:28:09] INFO: ======================================================================
# [2024-05-14 15:28:09] INFO: Start sweeping...
# [2024-05-14 15:34:53] INFO: It took 403.335 seconds to do 500 HBOR sweeps.
# [2024-05-14 15:34:53] INFO: Plaquette = 0.675083
# [2024-05-14 15:34:53] INFO: Polyakov loop = (0.00477593,-0.000108086)
# [2024-05-14 15:34:53] INFO: Writing conf to disk...
# [2024-05-14 15:34:53] INFO: writeconf_nersc: Writing NERSC configuration ./conf_s060t20_b0706200_a_U000573500
# [2024-05-14 15:34:56] INFO: Calculated checksum: d8c62bde
# [2024-05-14 15:35:08] INFO: Calculated checksum: df1e4457
# [2024-05-14 15:35:08] INFO: Writing RNGSTATE file: ./rand_s060t20_b0706200_a_U000573500
# [2024-05-14 15:35:08] INFO: Writing to disk took 15.1724 seconds
# [2024-05-14 15:35:08] INFO: ======================================================================
# [2024-05-14 15:35:08] INFO: Start sweeping...
# [2024-05-14 15:41:52] INFO: It took 403.533 seconds to do 500 HBOR sweeps.
# [2024-05-14 15:41:52] INFO: Plaquette = 0.675111
# [2024-05-14 15:41:52] INFO: Polyakov loop = (0.00500406,-0.000337426)
# [2024-05-14 15:41:52] INFO: Writing conf to disk...
# [2024-05-14 15:41:52] INFO: writeconf_nersc: Writing NERSC configuration ./conf_s060t20_b0706200_a_U000574000
# [2024-05-14 15:41:55] INFO: Calculated checksum: abce689a
# [2024-05-14 15:42:05] INFO: Calculated checksum: 8bb62a9
# [2024-05-14 15:42:05] INFO: Writing RNGSTATE file: ./rand_s060t20_b0706200_a_U000574000
# [2024-05-14 15:42:06] INFO: Writing to disk took 14.0242 seconds
# [2024-05-14 15:42:06] INFO: ======================================================================
# [2024-05-14 15:42:06] INFO: Start sweeping...
# [2024-05-14 15:48:49] INFO: It took 403.766 seconds to do 500 HBOR sweeps.
# [2024-05-14 15:48:50] INFO: Plaquette = 0.675221
# [2024-05-14 15:48:50] INFO: Polyakov loop = (0.00502071,-9.45113e-05)
# [2024-05-14 15:48:50] INFO: Writing conf to disk...
# [2024-05-14 15:48:50] INFO: writeconf_nersc: Writing NERSC configuration ./conf_s060t20_b0706200_a_U000574500
# [2024-05-14 15:48:53] INFO: Calculated checksum: 8dd1e6be
# [2024-05-14 15:49:18] INFO: Calculated checksum: 1feba4dd
# [2024-05-14 15:49:18] INFO: Writing RNGSTATE file: ./rand_s060t20_b0706200_a_U000574500
# [2024-05-14 15:49:19] INFO: Writing to disk took 29.4129 seconds
# [2024-05-14 15:49:19] INFO: ======================================================================
# [2024-05-14 15:49:19] INFO: Start sweeping...
# [2024-05-14 15:56:02] INFO: It took 403.301 seconds to do 500 HBOR sweeps.
# [2024-05-14 15:56:03] INFO: Plaquette = 0.675242
# [2024-05-14 15:56:03] INFO: Polyakov loop = (0.0057975,-0.000695602)
# [2024-05-14 15:56:03] INFO: Writing conf to disk...
# [2024-05-14 15:56:03] INFO: writeconf_nersc: Writing NERSC configuration ./conf_s060t20_b0706200_a_U000575000
# [2024-05-14 15:56:06] INFO: Calculated checksum: ad7f0451
# [2024-05-14 15:56:19] INFO: Calculated checksum: db2dbe0
# [2024-05-14 15:56:19] INFO: Writing RNGSTATE file: ./rand_s060t20_b0706200_a_U000575000
# [2024-05-14 15:56:20] INFO: Writing to disk took 16.9277 seconds
# [2024-05-14 15:56:20] INFO: ======================================================================
# [2024-05-14 15:56:20] INFO: Start sweeping...
# [2024-05-14 16:03:04] INFO: It took 403.991 seconds to do 500 HBOR sweeps.
# [2024-05-14 16:03:04] INFO: Plaquette = 0.675167
# [2024-05-14 16:03:04] INFO: Polyakov loop = (0.00380402,-0.000551823)
# [2024-05-14 16:03:04] INFO: Writing conf to disk...
# [2024-05-14 16:03:04] INFO: writeconf_nersc: Writing NERSC configuration ./conf_s060t20_b0706200_a_U000575500
# [2024-05-14 16:03:07] INFO: Calculated checksum: 6735b08
# [2024-05-14 16:03:32] INFO: Calculated checksum: 678ceb57
# [2024-05-14 16:03:32] INFO: Writing RNGSTATE file: ./rand_s060t20_b0706200_a_U000575500
# [2024-05-14 16:03:32] INFO: Writing to disk took 28.724 seconds
# [2024-05-14 16:03:32] INFO: ======================================================================
# [2024-05-14 16:03:32] INFO: Start sweeping...
# [2024-05-14 16:10:15] INFO: It took 402.524 seconds to do 500 HBOR sweeps.
# [2024-05-14 16:10:15] INFO: Plaquette = 0.675225
# [2024-05-14 16:10:15] INFO: Polyakov loop = (0.00480323,-6.60129e-05)
# [2024-05-14 16:10:15] INFO: Writing conf to disk...
# [2024-05-14 16:10:15] INFO: writeconf_nersc: Writing NERSC configuration ./conf_s060t20_b0706200_a_U000576000
# [2024-05-14 16:10:18] INFO: Calculated checksum: 9b03cb81
# [2024-05-14 16:10:26] INFO: Calculated checksum: 8b328f49
# [2024-05-14 16:10:26] INFO: Writing RNGSTATE file: ./rand_s060t20_b0706200_a_U000576000
# [2024-05-14 16:10:27] INFO: Writing to disk took 11.4498 seconds
# [2024-05-14 16:10:27] INFO: ======================================================================
# [2024-05-14 16:10:27] INFO: Start sweeping...
# [2024-05-14 16:17:08] INFO: It took 401.553 seconds to do 500 HBOR sweeps.
# [2024-05-14 16:17:09] INFO: Plaquette = 0.675187
# [2024-05-14 16:17:09] INFO: Polyakov loop = (0.00387645,-0.000884139)
# [2024-05-14 16:17:09] INFO: Writing conf to disk...
# [2024-05-14 16:17:09] INFO: writeconf_nersc: Writing NERSC configuration ./conf_s060t20_b0706200_a_U000576500
# [2024-05-14 16:17:13] INFO: Calculated checksum: 2cc6a54e
# [2024-05-14 16:17:31] INFO: Calculated checksum: e89bd667
# [2024-05-14 16:17:31] INFO: Writing RNGSTATE file: ./rand_s060t20_b0706200_a_U000576500
# [2024-05-14 16:17:32] INFO: Writing to disk took 23.2871 seconds
# [2024-05-14 16:17:32] INFO: ======================================================================
# [2024-05-14 16:17:32] INFO: Start sweeping...
# [2024-05-14 16:24:15] INFO: It took 403.009 seconds to do 500 HBOR sweeps.
# [2024-05-14 16:24:15] INFO: Plaquette = 0.675196
# [2024-05-14 16:24:15] INFO: Polyakov loop = (0.00494372,0.000212786)
# [2024-05-14 16:24:15] INFO: Writing conf to disk...
# [2024-05-14 16:24:15] INFO: writeconf_nersc: Writing NERSC configuration ./conf_s060t20_b0706200_a_U000577000
# [2024-05-14 16:24:18] INFO: Calculated checksum: 58d7acd1
# [2024-05-14 16:24:42] INFO: Calculated checksum: ce1e73d9
# [2024-05-14 16:24:42] INFO: Writing RNGSTATE file: ./rand_s060t20_b0706200_a_U000577000
# [2024-05-14 16:24:43] INFO: Writing to disk took 27.4517 seconds
# [2024-05-14 16:24:43] INFO: ======================================================================
# [2024-05-14 16:24:43] INFO: Start sweeping...
# [2024-05-14 16:31:26] INFO: It took 403.2 seconds to do 500 HBOR sweeps.
# [2024-05-14 16:31:26] INFO: Plaquette = 0.675205
# [2024-05-14 16:31:26] INFO: Polyakov loop = (0.00505409,-1.69634e-06)
# [2024-05-14 16:31:26] INFO: Writing conf to disk...
# [2024-05-14 16:31:26] INFO: writeconf_nersc: Writing NERSC configuration ./conf_s060t20_b0706200_a_U000577500
# [2024-05-14 16:31:29] INFO: Calculated checksum: 51e7a920
# [2024-05-14 16:31:45] INFO: Calculated checksum: b97b7941
# [2024-05-14 16:31:45] INFO: Writing RNGSTATE file: ./rand_s060t20_b0706200_a_U000577500
# [2024-05-14 16:31:45] INFO: Writing to disk took 18.9188 seconds
# [2024-05-14 16:31:45] INFO: ======================================================================
# [2024-05-14 16:31:45] INFO: Start sweeping...
# [2024-05-14 16:38:29] INFO: It took 403.825 seconds to do 500 HBOR sweeps.
# [2024-05-14 16:38:29] INFO: Plaquette = 0.675135
# [2024-05-14 16:38:29] INFO: Polyakov loop = (0.00492094,1.36914e-05)
# [2024-05-14 16:38:29] INFO: Writing conf to disk...
# [2024-05-14 16:38:29] INFO: writeconf_nersc: Writing NERSC configuration ./conf_s060t20_b0706200_a_U000578000
# [2024-05-14 16:38:32] INFO: Calculated checksum: 5990522d
# [2024-05-14 16:38:46] INFO: Calculated checksum: e084fce3
# [2024-05-14 16:38:46] INFO: Writing RNGSTATE file: ./rand_s060t20_b0706200_a_U000578000
# [2024-05-14 16:38:47] INFO: Writing to disk took 17.659 seconds
# [2024-05-14 16:38:47] INFO: ======================================================================
# [2024-05-14 16:38:47] INFO: Start sweeping...
# [2024-05-14 16:45:30] INFO: It took 403.767 seconds to do 500 HBOR sweeps.
# [2024-05-14 16:45:30] INFO: Plaquette = 0.675156
# [2024-05-14 16:45:30] INFO: Polyakov loop = (0.00465432,-0.000665775)
# [2024-05-14 16:45:30] INFO: Writing conf to disk...
# [2024-05-14 16:45:30] INFO: writeconf_nersc: Writing NERSC configuration ./conf_s060t20_b0706200_a_U000578500
# [2024-05-14 16:45:33] INFO: Calculated checksum: 9c8a17b6
# [2024-05-14 16:45:45] INFO: Calculated checksum: 8044f83e
# [2024-05-14 16:45:45] INFO: Writing RNGSTATE file: ./rand_s060t20_b0706200_a_U000578500
# [2024-05-14 16:45:45] INFO: Writing to disk took 14.5552 seconds
# [2024-05-14 16:45:45] INFO: ======================================================================
# [2024-05-14 16:45:45] INFO: Start sweeping...
# [2024-05-14 16:52:29] INFO: It took 403.936 seconds to do 500 HBOR sweeps.
# [2024-05-14 16:52:29] INFO: Plaquette = 0.675181
# [2024-05-14 16:52:29] INFO: Polyakov loop = (0.00470128,0.00010442)
# [2024-05-14 16:52:29] INFO: Writing conf to disk...
# [2024-05-14 16:52:29] INFO: writeconf_nersc: Writing NERSC configuration ./conf_s060t20_b0706200_a_U000579000
# [2024-05-14 16:52:32] INFO: Calculated checksum: b21ccaad
# [2024-05-14 16:52:40] INFO: Calculated checksum: 334799af
# [2024-05-14 16:52:40] INFO: Writing RNGSTATE file: ./rand_s060t20_b0706200_a_U000579000
# [2024-05-14 16:52:40] INFO: Writing to disk took 10.9281 seconds
# [2024-05-14 16:52:40] INFO: ======================================================================
# [2024-05-14 16:52:40] INFO: Start sweeping...
# [2024-05-14 16:59:24] INFO: It took 404.175 seconds to do 500 HBOR sweeps.
# [2024-05-14 16:59:24] INFO: Plaquette = 0.67517
# [2024-05-14 16:59:24] INFO: Polyakov loop = (0.00498306,-0.000698762)
# [2024-05-14 16:59:24] INFO: Writing conf to disk...
# [2024-05-14 16:59:24] INFO: writeconf_nersc: Writing NERSC configuration ./conf_s060t20_b0706200_a_U000579500
# [2024-05-14 16:59:28] INFO: Calculated checksum: 263dbdbb
# [2024-05-14 16:59:36] INFO: Calculated checksum: 622eca84
# [2024-05-14 16:59:36] INFO: Writing RNGSTATE file: ./rand_s060t20_b0706200_a_U000579500
# [2024-05-14 16:59:36] INFO: Writing to disk took 11.8142 seconds
# [2024-05-14 16:59:36] INFO: ======================================================================
# [2024-05-14 16:59:36] INFO: Start sweeping...
# [2024-05-14 17:06:19] INFO: It took 403.027 seconds to do 500 HBOR sweeps.
# [2024-05-14 17:06:19] INFO: Plaquette = 0.675165
# [2024-05-14 17:06:19] INFO: Polyakov loop = (0.00612406,-0.00012783)
# [2024-05-14 17:06:19] INFO: Writing conf to disk...
# [2024-05-14 17:06:19] INFO: writeconf_nersc: Writing NERSC configuration ./conf_s060t20_b0706200_a_U000580000
# [2024-05-14 17:06:22] INFO: Calculated checksum: 7b9f3f1e
# [2024-05-14 17:06:37] INFO: Calculated checksum: 777867a9
# [2024-05-14 17:06:37] INFO: Writing RNGSTATE file: ./rand_s060t20_b0706200_a_U000580000
# [2024-05-14 17:06:37] INFO: Writing to disk took 17.7128 seconds
# [2024-05-14 17:06:37] INFO: ======================================================================
# [2024-05-14 17:06:37] INFO: Start sweeping...
# [2024-05-14 17:13:19] INFO: It took 401.498 seconds to do 500 HBOR sweeps.
# [2024-05-14 17:13:19] INFO: Plaquette = 0.675323
# [2024-05-14 17:13:19] INFO: Polyakov loop = (0.00452456,-5.94564e-05)
# [2024-05-14 17:13:19] INFO: Writing conf to disk...
# [2024-05-14 17:13:19] INFO: writeconf_nersc: Writing NERSC configuration ./conf_s060t20_b0706200_a_U000580500
# [2024-05-14 17:13:22] INFO: Calculated checksum: 68754584
# [2024-05-14 17:13:41] INFO: Calculated checksum: 208273af
# [2024-05-14 17:13:41] INFO: Writing RNGSTATE file: ./rand_s060t20_b0706200_a_U000580500
# [2024-05-14 17:13:41] INFO: Writing to disk took 22.2575 seconds
# [2024-05-14 17:13:41] INFO: ======================================================================
# [2024-05-14 17:13:41] INFO: Start sweeping...
# [2024-05-14 17:20:24] INFO: It took 402.51 seconds to do 500 HBOR sweeps.
# [2024-05-14 17:20:24] INFO: Plaquette = 0.675248
# [2024-05-14 17:20:24] INFO: Polyakov loop = (0.00480715,-6.46442e-05)
# [2024-05-14 17:20:24] INFO: Writing conf to disk...
# [2024-05-14 17:20:24] INFO: writeconf_nersc: Writing NERSC configuration ./conf_s060t20_b0706200_a_U000581000
# [2024-05-14 17:20:27] INFO: Calculated checksum: 703f4f2
# [2024-05-14 17:20:44] INFO: Calculated checksum: be7a6fe9
# [2024-05-14 17:20:44] INFO: Writing RNGSTATE file: ./rand_s060t20_b0706200_a_U000581000
# [2024-05-14 17:20:44] INFO: Writing to disk took 19.9331 seconds
# [2024-05-14 17:20:44] INFO: ======================================================================
# [2024-05-14 17:20:44] INFO: Start sweeping...
# [2024-05-14 17:27:27] INFO: It took 402.793 seconds to do 500 HBOR sweeps.
# [2024-05-14 17:27:27] INFO: Plaquette = 0.675173
# [2024-05-14 17:27:27] INFO: Polyakov loop = (0.00592796,0.000734616)
# [2024-05-14 17:27:27] INFO: Writing conf to disk...
# [2024-05-14 17:27:27] INFO: writeconf_nersc: Writing NERSC configuration ./conf_s060t20_b0706200_a_U000581500
# [2024-05-14 17:27:30] INFO: Calculated checksum: dd54c57d
# [2024-05-14 17:27:45] INFO: Calculated checksum: b6ec3bd3
# [2024-05-14 17:27:45] INFO: Writing RNGSTATE file: ./rand_s060t20_b0706200_a_U000581500
# [2024-05-14 17:27:46] INFO: Writing to disk took 18.9272 seconds
# [2024-05-14 17:27:46] INFO: ======================================================================
# [2024-05-14 17:27:46] INFO: Start sweeping...
# [2024-05-14 17:34:30] INFO: It took 403.72 seconds to do 500 HBOR sweeps.
# [2024-05-14 17:34:30] INFO: Plaquette = 0.67517
# [2024-05-14 17:34:30] INFO: Polyakov loop = (0.00513127,-0.00122747)
# [2024-05-14 17:34:30] INFO: Writing conf to disk...
# [2024-05-14 17:34:30] INFO: writeconf_nersc: Writing NERSC configuration ./conf_s060t20_b0706200_a_U000582000
# [2024-05-14 17:34:33] INFO: Calculated checksum: 23a836f8
# [2024-05-14 17:34:43] INFO: Calculated checksum: 28fe9730
# [2024-05-14 17:34:43] INFO: Writing RNGSTATE file: ./rand_s060t20_b0706200_a_U000582000
# [2024-05-14 17:34:44] INFO: Writing to disk took 13.9426 seconds
# [2024-05-14 17:34:44] INFO: ======================================================================
# [2024-05-14 17:34:44] INFO: Start sweeping...
# [2024-05-14 17:41:27] INFO: It took 403.805 seconds to do 500 HBOR sweeps.
# [2024-05-14 17:41:27] INFO: Plaquette = 0.675226
# [2024-05-14 17:41:27] INFO: Polyakov loop = (0.00410155,-0.000320849)
# [2024-05-14 17:41:27] INFO: Writing conf to disk...
# [2024-05-14 17:41:27] INFO: writeconf_nersc: Writing NERSC configuration ./conf_s060t20_b0706200_a_U000582500
# [2024-05-14 17:41:30] INFO: Calculated checksum: e87a7d50
# [2024-05-14 17:41:41] INFO: Calculated checksum: ee837107
# [2024-05-14 17:41:41] INFO: Writing RNGSTATE file: ./rand_s060t20_b0706200_a_U000582500
# [2024-05-14 17:41:42] INFO: Writing to disk took 14.9396 seconds
# [2024-05-14 17:41:42] INFO: ======================================================================
# [2024-05-14 17:41:42] INFO: Start sweeping...
# [2024-05-14 17:48:26] INFO: It took 403.965 seconds to do 500 HBOR sweeps.
# [2024-05-14 17:48:26] INFO: Plaquette = 0.67518
# [2024-05-14 17:48:26] INFO: Polyakov loop = (0.00432056,0.000336594)
# [2024-05-14 17:48:26] INFO: Writing conf to disk...
# [2024-05-14 17:48:26] INFO: writeconf_nersc: Writing NERSC configuration ./conf_s060t20_b0706200_a_U000583000
# [2024-05-14 17:48:29] INFO: Calculated checksum: 66e45edc
# [2024-05-14 17:48:43] INFO: Calculated checksum: 2f1a169f
# [2024-05-14 17:48:43] INFO: Writing RNGSTATE file: ./rand_s060t20_b0706200_a_U000583000
# [2024-05-14 17:48:44] INFO: Writing to disk took 17.1146 seconds
# [2024-05-14 17:48:44] INFO: ======================================================================
# [2024-05-14 17:48:44] INFO: Start sweeping...
# [2024-05-14 17:55:27] INFO: It took 403.842 seconds to do 500 HBOR sweeps.
# [2024-05-14 17:55:27] INFO: Plaquette = 0.675158
# [2024-05-14 17:55:27] INFO: Polyakov loop = (0.00511112,0.000218507)
# [2024-05-14 17:55:27] INFO: Writing conf to disk...
# [2024-05-14 17:55:27] INFO: writeconf_nersc: Writing NERSC configuration ./conf_s060t20_b0706200_a_U000583500
# [2024-05-14 17:55:30] INFO: Calculated checksum: 73475f02
# [2024-05-14 17:55:48] INFO: Calculated checksum: cf5083de
# [2024-05-14 17:55:48] INFO: Writing RNGSTATE file: ./rand_s060t20_b0706200_a_U000583500
# [2024-05-14 17:55:49] INFO: Writing to disk took 21.1002 seconds
# [2024-05-14 17:55:49] INFO: ======================================================================
# [2024-05-14 17:55:49] INFO: Start sweeping...
# [2024-05-14 18:02:32] INFO: It took 403.537 seconds to do 500 HBOR sweeps.
# [2024-05-14 18:02:32] INFO: Plaquette = 0.675252
# [2024-05-14 18:02:32] INFO: Polyakov loop = (0.00553053,-0.000278496)
# [2024-05-14 18:02:32] INFO: Writing conf to disk...
# [2024-05-14 18:02:32] INFO: writeconf_nersc: Writing NERSC configuration ./conf_s060t20_b0706200_a_U000584000
# [2024-05-14 18:02:37] INFO: Calculated checksum: 362188f6
# [2024-05-14 18:02:50] INFO: Calculated checksum: 22a700b7
# [2024-05-14 18:02:50] INFO: Writing RNGSTATE file: ./rand_s060t20_b0706200_a_U000584000
# [2024-05-14 18:02:50] INFO: Writing to disk took 17.9292 seconds
# [2024-05-14 18:02:50] INFO: ======================================================================
# [2024-05-14 18:02:50] INFO: Start sweeping...
# [2024-05-14 18:09:34] INFO: It took 403.741 seconds to do 500 HBOR sweeps.
# [2024-05-14 18:09:34] INFO: Plaquette = 0.675148
# [2024-05-14 18:09:34] INFO: Polyakov loop = (0.00566374,0.000586978)
# [2024-05-14 18:09:34] INFO: Writing conf to disk...
# [2024-05-14 18:09:34] INFO: writeconf_nersc: Writing NERSC configuration ./conf_s060t20_b0706200_a_U000584500
# [2024-05-14 18:09:37] INFO: Calculated checksum: 4cfb17a8
# [2024-05-14 18:09:47] INFO: Calculated checksum: 3c07d9c6
# [2024-05-14 18:09:47] INFO: Writing RNGSTATE file: ./rand_s060t20_b0706200_a_U000584500
# [2024-05-14 18:09:48] INFO: Writing to disk took 13.6115 seconds
# [2024-05-14 18:09:48] INFO: ======================================================================
# [2024-05-14 18:09:48] INFO: Start sweeping...
# [2024-05-14 18:16:32] INFO: It took 404 seconds to do 500 HBOR sweeps.
# [2024-05-14 18:16:32] INFO: Plaquette = 0.675126
# [2024-05-14 18:16:32] INFO: Polyakov loop = (0.00474528,-0.000414668)
# [2024-05-14 18:16:32] INFO: Writing conf to disk...
# [2024-05-14 18:16:32] INFO: writeconf_nersc: Writing NERSC configuration ./conf_s060t20_b0706200_a_U000585000
# [2024-05-14 18:16:35] INFO: Calculated checksum: efa53529
# [2024-05-14 18:16:46] INFO: Calculated checksum: 266f1bc9
# [2024-05-14 18:16:46] INFO: Writing RNGSTATE file: ./rand_s060t20_b0706200_a_U000585000
# [2024-05-14 18:16:47] INFO: Writing to disk took 14.5519 seconds
# [2024-05-14 18:16:47] INFO: ======================================================================
# [2024-05-14 18:16:47] INFO: Start sweeping...
# [2024-05-14 18:23:31] INFO: It took 404.102 seconds to do 500 HBOR sweeps.
# [2024-05-14 18:23:31] INFO: Plaquette = 0.675231
# [2024-05-14 18:23:31] INFO: Polyakov loop = (0.00463099,-0.000766676)
# [2024-05-14 18:23:31] INFO: Writing conf to disk...
# [2024-05-14 18:23:31] INFO: writeconf_nersc: Writing NERSC configuration ./conf_s060t20_b0706200_a_U000585500
# [2024-05-14 18:23:34] INFO: Calculated checksum: c1e46974
# [2024-05-14 18:23:47] INFO: Calculated checksum: 785283e4
# [2024-05-14 18:23:47] INFO: Writing RNGSTATE file: ./rand_s060t20_b0706200_a_U000585500
# [2024-05-14 18:23:47] INFO: Writing to disk took 16.5644 seconds
# [2024-05-14 18:23:47] INFO: ======================================================================
# [2024-05-14 18:23:47] INFO: Start sweeping...
# [2024-05-14 18:30:31] INFO: It took 403.877 seconds to do 500 HBOR sweeps.
# [2024-05-14 18:30:31] INFO: Plaquette = 0.675179
# [2024-05-14 18:30:31] INFO: Polyakov loop = (0.00459032,-0.000374497)
# [2024-05-14 18:30:31] INFO: Writing conf to disk...
# [2024-05-14 18:30:31] INFO: writeconf_nersc: Writing NERSC configuration ./conf_s060t20_b0706200_a_U000586000
# [2024-05-14 18:30:34] INFO: Calculated checksum: 443a2096
# [2024-05-14 18:30:47] INFO: Calculated checksum: efaf705f
# [2024-05-14 18:30:47] INFO: Writing RNGSTATE file: ./rand_s060t20_b0706200_a_U000586000
# [2024-05-14 18:30:47] INFO: Writing to disk took 15.5965 seconds
# [2024-05-14 18:30:47] INFO: ======================================================================
# [2024-05-14 18:30:47] INFO: Start sweeping...
# [2024-05-14 18:37:31] INFO: It took 403.811 seconds to do 500 HBOR sweeps.
# [2024-05-14 18:37:31] INFO: Plaquette = 0.675253
# [2024-05-14 18:37:31] INFO: Polyakov loop = (0.00453478,-8.75432e-05)
# [2024-05-14 18:37:31] INFO: Writing conf to disk...
# [2024-05-14 18:37:31] INFO: writeconf_nersc: Writing NERSC configuration ./conf_s060t20_b0706200_a_U000586500
# [2024-05-14 18:37:34] INFO: Calculated checksum: 4ce4e2de
# [2024-05-14 18:37:42] INFO: Calculated checksum: 1d9dea19
# [2024-05-14 18:37:42] INFO: Writing RNGSTATE file: ./rand_s060t20_b0706200_a_U000586500
# [2024-05-14 18:37:42] INFO: Writing to disk took 11.3786 seconds
# [2024-05-14 18:37:42] INFO: ======================================================================
# [2024-05-14 18:37:42] INFO: Start sweeping...
# [2024-05-14 18:44:26] INFO: It took 404.066 seconds to do 500 HBOR sweeps.
# [2024-05-14 18:44:26] INFO: Plaquette = 0.675127
# [2024-05-14 18:44:26] INFO: Polyakov loop = (0.00467343,0.000957742)
# [2024-05-14 18:44:26] INFO: Writing conf to disk...
# [2024-05-14 18:44:26] INFO: writeconf_nersc: Writing NERSC configuration ./conf_s060t20_b0706200_a_U000587000
# [2024-05-14 18:44:29] INFO: Calculated checksum: fb7c6309
# [2024-05-14 18:44:41] INFO: Calculated checksum: debd786c
# [2024-05-14 18:44:41] INFO: Writing RNGSTATE file: ./rand_s060t20_b0706200_a_U000587000
# [2024-05-14 18:44:41] INFO: Writing to disk took 15.1811 seconds
# [2024-05-14 18:44:41] INFO: ======================================================================
# [2024-05-14 18:44:41] INFO: Start sweeping...
# [2024-05-14 18:51:26] INFO: It took 404.045 seconds to do 500 HBOR sweeps.
# [2024-05-14 18:51:27] INFO: Plaquette = 0.675184
# [2024-05-14 18:51:27] INFO: Polyakov loop = (0.00455058,6.69931e-05)
# [2024-05-14 18:51:27] INFO: Writing conf to disk...
# [2024-05-14 18:51:27] INFO: writeconf_nersc: Writing NERSC configuration ./conf_s060t20_b0706200_a_U000587500
# [2024-05-14 18:51:30] INFO: Calculated checksum: de2be26e
# [2024-05-14 18:51:38] INFO: Calculated checksum: 2470944e
# [2024-05-14 18:51:38] INFO: Writing RNGSTATE file: ./rand_s060t20_b0706200_a_U000587500
# [2024-05-14 18:51:38] INFO: Writing to disk took 11.2981 seconds
# [2024-05-14 18:51:38] INFO: ======================================================================
# [2024-05-14 18:51:38] INFO: Start sweeping...
# [2024-05-14 18:58:22] INFO: It took 404.198 seconds to do 500 HBOR sweeps.
# [2024-05-14 18:58:22] INFO: Plaquette = 0.675186
# [2024-05-14 18:58:22] INFO: Polyakov loop = (0.00529515,0.000911726)
# [2024-05-14 18:58:22] INFO: Writing conf to disk...
# [2024-05-14 18:58:22] INFO: writeconf_nersc: Writing NERSC configuration ./conf_s060t20_b0706200_a_U000588000
# [2024-05-14 18:58:26] INFO: Calculated checksum: a6c73348
# [2024-05-14 18:58:35] INFO: Calculated checksum: db757dce
# [2024-05-14 18:58:35] INFO: Writing RNGSTATE file: ./rand_s060t20_b0706200_a_U000588000
# [2024-05-14 18:58:35] INFO: Writing to disk took 13.2938 seconds
# [2024-05-14 18:58:35] INFO: ======================================================================
# [2024-05-14 18:58:35] INFO: Start sweeping...
# [2024-05-14 19:05:19] INFO: It took 403.996 seconds to do 500 HBOR sweeps.
# [2024-05-14 19:05:20] INFO: Plaquette = 0.675243
# [2024-05-14 19:05:20] INFO: Polyakov loop = (0.00454047,0.000144811)
# [2024-05-14 19:05:20] INFO: Writing conf to disk...
# [2024-05-14 19:05:20] INFO: writeconf_nersc: Writing NERSC configuration ./conf_s060t20_b0706200_a_U000588500
# [2024-05-14 19:05:23] INFO: Calculated checksum: 664db93e
# [2024-05-14 19:05:33] INFO: Calculated checksum: fdcb64ea
# [2024-05-14 19:05:33] INFO: Writing RNGSTATE file: ./rand_s060t20_b0706200_a_U000588500
# [2024-05-14 19:05:33] INFO: Writing to disk took 13.8047 seconds
# [2024-05-14 19:05:33] INFO: ======================================================================
# [2024-05-14 19:05:33] INFO: Start sweeping...
# [2024-05-14 19:12:17] INFO: It took 404.062 seconds to do 500 HBOR sweeps.
# [2024-05-14 19:12:18] INFO: Plaquette = 0.675207
# [2024-05-14 19:12:18] INFO: Polyakov loop = (0.00469711,0.000590011)
# [2024-05-14 19:12:18] INFO: Writing conf to disk...
# [2024-05-14 19:12:18] INFO: writeconf_nersc: Writing NERSC configuration ./conf_s060t20_b0706200_a_U000589000
# [2024-05-14 19:12:20] INFO: Calculated checksum: 662279c2
# [2024-05-14 19:12:28] INFO: Calculated checksum: 8ee3ad92
# [2024-05-14 19:12:28] INFO: Writing RNGSTATE file: ./rand_s060t20_b0706200_a_U000589000
# [2024-05-14 19:12:29] INFO: Writing to disk took 11.0777 seconds
# [2024-05-14 19:12:29] INFO: ======================================================================
# [2024-05-14 19:12:29] INFO: Start sweeping...
# [2024-05-14 19:19:12] INFO: It took 403.039 seconds to do 500 HBOR sweeps.
# [2024-05-14 19:19:12] INFO: Plaquette = 0.675184
# [2024-05-14 19:19:12] INFO: Polyakov loop = (0.00533482,0.00103297)
# [2024-05-14 19:19:12] INFO: Writing conf to disk...
# [2024-05-14 19:19:12] INFO: writeconf_nersc: Writing NERSC configuration ./conf_s060t20_b0706200_a_U000589500
# [2024-05-14 19:19:15] INFO: Calculated checksum: e58523a
# [2024-05-14 19:19:35] INFO: Calculated checksum: a61fb954
# [2024-05-14 19:19:35] INFO: Writing RNGSTATE file: ./rand_s060t20_b0706200_a_U000589500
# [2024-05-14 19:19:35] INFO: Writing to disk took 23.4691 seconds
# [2024-05-14 19:19:35] INFO: ======================================================================
# [2024-05-14 19:19:35] INFO: Start sweeping...
# [2024-05-14 19:26:19] INFO: It took 403.395 seconds to do 500 HBOR sweeps.
# [2024-05-14 19:26:19] INFO: Plaquette = 0.675175
# [2024-05-14 19:26:19] INFO: Polyakov loop = (0.00603055,-0.00018495)
# [2024-05-14 19:26:19] INFO: Writing conf to disk...
# [2024-05-14 19:26:19] INFO: writeconf_nersc: Writing NERSC configuration ./conf_s060t20_b0706200_a_U000590000
# [2024-05-14 19:26:22] INFO: Calculated checksum: b54c80d8
# [2024-05-14 19:26:39] INFO: Calculated checksum: df4c7f70
# [2024-05-14 19:26:39] INFO: Writing RNGSTATE file: ./rand_s060t20_b0706200_a_U000590000
# [2024-05-14 19:26:39] INFO: Writing to disk took 20.6322 seconds
# [2024-05-14 19:26:39] INFO: ======================================================================
# [2024-05-14 19:26:39] INFO: Start sweeping...
# [2024-05-14 19:33:22] INFO: It took 403.04 seconds to do 500 HBOR sweeps.
# [2024-05-14 19:33:22] INFO: Plaquette = 0.675147
# [2024-05-14 19:33:22] INFO: Polyakov loop = (0.00411177,-0.000369329)
# [2024-05-14 19:33:22] INFO: Writing conf to disk...
# [2024-05-14 19:33:22] INFO: writeconf_nersc: Writing NERSC configuration ./conf_s060t20_b0706200_a_U000590500
# [2024-05-14 19:33:25] INFO: Calculated checksum: d4143458
# [2024-05-14 19:33:36] INFO: Calculated checksum: 36286c72
# [2024-05-14 19:33:36] INFO: Writing RNGSTATE file: ./rand_s060t20_b0706200_a_U000590500
# [2024-05-14 19:33:37] INFO: Writing to disk took 14.5164 seconds
# [2024-05-14 19:33:37] INFO: ======================================================================
# [2024-05-14 19:33:37] INFO: Start sweeping...
# [2024-05-14 19:40:21] INFO: It took 403.596 seconds to do 500 HBOR sweeps.
# [2024-05-14 19:40:21] INFO: Plaquette = 0.675192
# [2024-05-14 19:40:21] INFO: Polyakov loop = (0.00401795,-6.05002e-06)
# [2024-05-14 19:40:21] INFO: Writing conf to disk...
# [2024-05-14 19:40:21] INFO: writeconf_nersc: Writing NERSC configuration ./conf_s060t20_b0706200_a_U000591000
# [2024-05-14 19:40:23] INFO: Calculated checksum: 17a5d671
# [2024-05-14 19:40:32] INFO: Calculated checksum: 5ee41d4c
# [2024-05-14 19:40:32] INFO: Writing RNGSTATE file: ./rand_s060t20_b0706200_a_U000591000
# [2024-05-14 19:40:33] INFO: Writing to disk took 12.0259 seconds
# [2024-05-14 19:40:33] INFO: ======================================================================
# [2024-05-14 19:40:33] INFO: Start sweeping...
# [2024-05-14 19:47:17] INFO: It took 404.123 seconds to do 500 HBOR sweeps.
# [2024-05-14 19:47:17] INFO: Plaquette = 0.675152
# [2024-05-14 19:47:17] INFO: Polyakov loop = (0.00462657,-0.000159767)
# [2024-05-14 19:47:17] INFO: Writing conf to disk...
# [2024-05-14 19:47:17] INFO: writeconf_nersc: Writing NERSC configuration ./conf_s060t20_b0706200_a_U000591500
# [2024-05-14 19:47:20] INFO: Calculated checksum: deaa35a
# [2024-05-14 19:47:37] INFO: Calculated checksum: e18aeeab
# [2024-05-14 19:47:37] INFO: Writing RNGSTATE file: ./rand_s060t20_b0706200_a_U000591500
# [2024-05-14 19:47:39] INFO: Writing to disk took 21.7044 seconds
# [2024-05-14 19:47:39] INFO: ======================================================================
# [2024-05-14 19:47:39] INFO: Start sweeping...
# [2024-05-14 19:54:22] INFO: It took 403.851 seconds to do 500 HBOR sweeps.
# [2024-05-14 19:54:23] INFO: Plaquette = 0.675177
# [2024-05-14 19:54:23] INFO: Polyakov loop = (0.00436917,-1.27299e-06)
# [2024-05-14 19:54:23] INFO: Writing conf to disk...
# [2024-05-14 19:54:23] INFO: writeconf_nersc: Writing NERSC configuration ./conf_s060t20_b0706200_a_U000592000
# [2024-05-14 19:54:25] INFO: Calculated checksum: 9e792f34
# [2024-05-14 19:54:34] INFO: Calculated checksum: 1e0124bf
# [2024-05-14 19:54:34] INFO: Writing RNGSTATE file: ./rand_s060t20_b0706200_a_U000592000
# [2024-05-14 19:54:35] INFO: Writing to disk took 12.0364 seconds
# [2024-05-14 19:54:35] INFO: ======================================================================
# [2024-05-14 19:54:35] INFO: Start sweeping...
# [2024-05-14 20:01:18] INFO: It took 403.024 seconds to do 500 HBOR sweeps.
# [2024-05-14 20:01:18] INFO: Plaquette = 0.675069
# [2024-05-14 20:01:18] INFO: Polyakov loop = (0.00526427,-0.000756631)
# [2024-05-14 20:01:18] INFO: Writing conf to disk...
# [2024-05-14 20:01:18] INFO: writeconf_nersc: Writing NERSC configuration ./conf_s060t20_b0706200_a_U000592500
# [2024-05-14 20:01:21] INFO: Calculated checksum: ae6c4693
# [2024-05-14 20:01:43] INFO: Calculated checksum: 9dcc7092
# [2024-05-14 20:01:43] INFO: Writing RNGSTATE file: ./rand_s060t20_b0706200_a_U000592500
# [2024-05-14 20:01:43] INFO: Writing to disk took 25.7281 seconds
# [2024-05-14 20:01:43] INFO: ======================================================================
# [2024-05-14 20:01:43] INFO: Start sweeping...
# [2024-05-14 20:08:27] INFO: It took 403.767 seconds to do 500 HBOR sweeps.
# [2024-05-14 20:08:27] INFO: Plaquette = 0.675059
# [2024-05-14 20:08:27] INFO: Polyakov loop = (0.00390291,-0.000161639)
# [2024-05-14 20:08:27] INFO: Writing conf to disk...
# [2024-05-14 20:08:27] INFO: writeconf_nersc: Writing NERSC configuration ./conf_s060t20_b0706200_a_U000593000
# [2024-05-14 20:08:30] INFO: Calculated checksum: 1f5b67b2
# [2024-05-14 20:08:40] INFO: Calculated checksum: a2adb4b
# [2024-05-14 20:08:40] INFO: Writing RNGSTATE file: ./rand_s060t20_b0706200_a_U000593000
# [2024-05-14 20:08:40] INFO: Writing to disk took 13.2977 seconds
# [2024-05-14 20:08:40] INFO: ======================================================================
# [2024-05-14 20:08:40] INFO: Start sweeping...
# [2024-05-14 20:15:24] INFO: It took 403.961 seconds to do 500 HBOR sweeps.
# [2024-05-14 20:15:25] INFO: Plaquette = 0.675241
# [2024-05-14 20:15:25] INFO: Polyakov loop = (0.00284512,0.000387469)
# [2024-05-14 20:15:25] INFO: Writing conf to disk...
# [2024-05-14 20:15:25] INFO: writeconf_nersc: Writing NERSC configuration ./conf_s060t20_b0706200_a_U000593500
# [2024-05-14 20:15:28] INFO: Calculated checksum: 9343c579
# [2024-05-14 20:15:38] INFO: Calculated checksum: 1481a39e
# [2024-05-14 20:15:38] INFO: Writing RNGSTATE file: ./rand_s060t20_b0706200_a_U000593500
# [2024-05-14 20:15:39] INFO: Writing to disk took 13.8258 seconds
# [2024-05-14 20:15:39] INFO: ======================================================================
# [2024-05-14 20:15:39] INFO: Start sweeping...
# [2024-05-14 20:22:23] INFO: It took 404.043 seconds to do 500 HBOR sweeps.
# [2024-05-14 20:22:23] INFO: Plaquette = 0.675306
# [2024-05-14 20:22:23] INFO: Polyakov loop = (0.00504294,-0.000389074)
# [2024-05-14 20:22:23] INFO: Writing conf to disk...
# [2024-05-14 20:22:23] INFO: writeconf_nersc: Writing NERSC configuration ./conf_s060t20_b0706200_a_U000594000
# [2024-05-14 20:22:26] INFO: Calculated checksum: c16908c4
# [2024-05-14 20:22:44] INFO: Calculated checksum: 642a03ad
# [2024-05-14 20:22:44] INFO: Writing RNGSTATE file: ./rand_s060t20_b0706200_a_U000594000
# [2024-05-14 20:22:44] INFO: Writing to disk took 21.6576 seconds
# [2024-05-14 20:22:44] INFO: ======================================================================
# [2024-05-14 20:22:44] INFO: Start sweeping...
# [2024-05-14 20:29:27] INFO: It took 403.162 seconds to do 500 HBOR sweeps.
# [2024-05-14 20:29:28] INFO: Plaquette = 0.675213
# [2024-05-14 20:29:28] INFO: Polyakov loop = (0.0039375,0.000173411)
# [2024-05-14 20:29:28] INFO: Writing conf to disk...
# [2024-05-14 20:29:28] INFO: writeconf_nersc: Writing NERSC configuration ./conf_s060t20_b0706200_a_U000594500
# [2024-05-14 20:29:31] INFO: Calculated checksum: 3555438e
# [2024-05-14 20:29:45] INFO: Calculated checksum: c1b18f0d
# [2024-05-14 20:29:45] INFO: Writing RNGSTATE file: ./rand_s060t20_b0706200_a_U000594500
# [2024-05-14 20:29:45] INFO: Writing to disk took 17.35 seconds
# [2024-05-14 20:29:45] INFO: ======================================================================
# [2024-05-14 20:29:45] INFO: Start sweeping...
# [2024-05-14 20:36:29] INFO: It took 403.66 seconds to do 500 HBOR sweeps.
# [2024-05-14 20:36:29] INFO: Plaquette = 0.675123
# [2024-05-14 20:36:29] INFO: Polyakov loop = (0.00537043,-0.000190196)
# [2024-05-14 20:36:29] INFO: Writing conf to disk...
# [2024-05-14 20:36:29] INFO: writeconf_nersc: Writing NERSC configuration ./conf_s060t20_b0706200_a_U000595000
# [2024-05-14 20:36:32] INFO: Calculated checksum: ec92e4a3
# [2024-05-14 20:36:46] INFO: Calculated checksum: 16ab4359
# [2024-05-14 20:36:46] INFO: Writing RNGSTATE file: ./rand_s060t20_b0706200_a_U000595000
# [2024-05-14 20:36:46] INFO: Writing to disk took 17.768 seconds
# [2024-05-14 20:36:46] INFO: ======================================================================
# [2024-05-14 20:36:46] INFO: Start sweeping...
# [2024-05-14 20:43:30] INFO: It took 403.933 seconds to do 500 HBOR sweeps.
# [2024-05-14 20:43:30] INFO: Plaquette = 0.675173
# [2024-05-14 20:43:30] INFO: Polyakov loop = (0.00511962,0.00126558)
# [2024-05-14 20:43:30] INFO: Writing conf to disk...
# [2024-05-14 20:43:30] INFO: writeconf_nersc: Writing NERSC configuration ./conf_s060t20_b0706200_a_U000595500
# [2024-05-14 20:43:33] INFO: Calculated checksum: 1c18782
# [2024-05-14 20:43:42] INFO: Calculated checksum: a1c2387d
# [2024-05-14 20:43:42] INFO: Writing RNGSTATE file: ./rand_s060t20_b0706200_a_U000595500
# [2024-05-14 20:43:42] INFO: Writing to disk took 11.6348 seconds
# [2024-05-14 20:43:42] INFO: ======================================================================
# [2024-05-14 20:43:42] INFO: Start sweeping...
# [2024-05-14 20:50:26] INFO: It took 404.31 seconds to do 500 HBOR sweeps.
# [2024-05-14 20:50:26] INFO: Plaquette = 0.675159
# [2024-05-14 20:50:26] INFO: Polyakov loop = (0.005198,0.000337788)
# [2024-05-14 20:50:26] INFO: Writing conf to disk...
# [2024-05-14 20:50:26] INFO: writeconf_nersc: Writing NERSC configuration ./conf_s060t20_b0706200_a_U000596000
# [2024-05-14 20:50:29] INFO: Calculated checksum: 422a9a4a
# [2024-05-14 20:50:36] INFO: Calculated checksum: eec7fb1f
# [2024-05-14 20:50:36] INFO: Writing RNGSTATE file: ./rand_s060t20_b0706200_a_U000596000
# [2024-05-14 20:50:36] INFO: Writing to disk took 10.0161 seconds
# [2024-05-14 20:50:36] INFO: ======================================================================
# [2024-05-14 20:50:36] INFO: Start sweeping...
# [2024-05-14 20:57:21] INFO: It took 404.373 seconds to do 500 HBOR sweeps.
# [2024-05-14 20:57:21] INFO: Plaquette = 0.675143
# [2024-05-14 20:57:21] INFO: Polyakov loop = (0.00508823,-0.000265383)
# [2024-05-14 20:57:21] INFO: Writing conf to disk...
# [2024-05-14 20:57:21] INFO: writeconf_nersc: Writing NERSC configuration ./conf_s060t20_b0706200_a_U000596500
# [2024-05-14 20:57:24] INFO: Calculated checksum: bba68c65
# [2024-05-14 20:57:34] INFO: Calculated checksum: a81ac0bc
# [2024-05-14 20:57:34] INFO: Writing RNGSTATE file: ./rand_s060t20_b0706200_a_U000596500
# [2024-05-14 20:57:35] INFO: Writing to disk took 14.1709 seconds
# [2024-05-14 20:57:35] INFO: ======================================================================
# [2024-05-14 20:57:35] INFO: Start sweeping...
# [2024-05-14 21:04:18] INFO: It took 402.716 seconds to do 500 HBOR sweeps.
# [2024-05-14 21:04:18] INFO: Plaquette = 0.675191
# [2024-05-14 21:04:18] INFO: Polyakov loop = (0.00541113,0.00129585)
# [2024-05-14 21:04:18] INFO: Writing conf to disk...
# [2024-05-14 21:04:18] INFO: writeconf_nersc: Writing NERSC configuration ./conf_s060t20_b0706200_a_U000597000
# [2024-05-14 21:04:21] INFO: Calculated checksum: d3e573df
# [2024-05-14 21:04:32] INFO: Calculated checksum: eb57c41a
# [2024-05-14 21:04:32] INFO: Writing RNGSTATE file: ./rand_s060t20_b0706200_a_U000597000
# [2024-05-14 21:04:32] INFO: Writing to disk took 14.1244 seconds
# [2024-05-14 21:04:32] INFO: ======================================================================
# [2024-05-14 21:04:32] INFO: Start sweeping...
# [2024-05-14 21:11:16] INFO: It took 403.515 seconds to do 500 HBOR sweeps.
# [2024-05-14 21:11:16] INFO: Plaquette = 0.675145
# [2024-05-14 21:11:16] INFO: Polyakov loop = (0.00416623,-2.05377e-05)
# [2024-05-14 21:11:16] INFO: Writing conf to disk...
# [2024-05-14 21:11:16] INFO: writeconf_nersc: Writing NERSC configuration ./conf_s060t20_b0706200_a_U000597500
# [2024-05-14 21:11:20] INFO: Calculated checksum: 17dbfb95
# [2024-05-14 21:11:27] INFO: Calculated checksum: 612ff8f8
# [2024-05-14 21:11:27] INFO: Writing RNGSTATE file: ./rand_s060t20_b0706200_a_U000597500
# [2024-05-14 21:11:27] INFO: Writing to disk took 11.129 seconds
# [2024-05-14 21:11:27] INFO: ======================================================================
# [2024-05-14 21:11:27] INFO: Start sweeping...
# [2024-05-14 21:18:08] INFO: It took 401.441 seconds to do 500 HBOR sweeps.
# [2024-05-14 21:18:08] INFO: Plaquette = 0.675174
# [2024-05-14 21:18:08] INFO: Polyakov loop = (0.00464318,-2.7533e-05)
# [2024-05-14 21:18:08] INFO: Writing conf to disk...
# [2024-05-14 21:18:08] INFO: writeconf_nersc: Writing NERSC configuration ./conf_s060t20_b0706200_a_U000598000
# [2024-05-14 21:18:12] INFO: Calculated checksum: f3aca190
# [2024-05-14 21:18:19] INFO: Calculated checksum: f1cb999b
# [2024-05-14 21:18:19] INFO: Writing RNGSTATE file: ./rand_s060t20_b0706200_a_U000598000
# [2024-05-14 21:18:19] INFO: Writing to disk took 10.934 seconds
# [2024-05-14 21:18:19] INFO: ======================================================================
# [2024-05-14 21:18:19] INFO: Start sweeping...
# [2024-05-14 21:25:01] INFO: It took 401.5 seconds to do 500 HBOR sweeps.
# [2024-05-14 21:25:01] INFO: Plaquette = 0.675215
# [2024-05-14 21:25:01] INFO: Polyakov loop = (0.00506283,0.000191204)
# [2024-05-14 21:25:01] INFO: Writing conf to disk...
# [2024-05-14 21:25:01] INFO: writeconf_nersc: Writing NERSC configuration ./conf_s060t20_b0706200_a_U000598500
# [2024-05-14 21:25:04] INFO: Calculated checksum: 1c6d453a
# [2024-05-14 21:25:20] INFO: Calculated checksum: 4d12bf9a
# [2024-05-14 21:25:20] INFO: Writing RNGSTATE file: ./rand_s060t20_b0706200_a_U000598500
# [2024-05-14 21:25:20] INFO: Writing to disk took 19.2546 seconds
# [2024-05-14 21:25:20] INFO: ======================================================================
# [2024-05-14 21:25:20] INFO: Start sweeping...
# [2024-05-14 21:32:02] INFO: It took 401.363 seconds to do 500 HBOR sweeps.
# [2024-05-14 21:32:02] INFO: Plaquette = 0.675241
# [2024-05-14 21:32:02] INFO: Polyakov loop = (0.00533853,-0.000788355)
# [2024-05-14 21:32:02] INFO: Writing conf to disk...
# [2024-05-14 21:32:02] INFO: writeconf_nersc: Writing NERSC configuration ./conf_s060t20_b0706200_a_U000599000
# [2024-05-14 21:32:05] INFO: Calculated checksum: 4cc4ece0
# [2024-05-14 21:32:14] INFO: Calculated checksum: 4a934fa4
# [2024-05-14 21:32:14] INFO: Writing RNGSTATE file: ./rand_s060t20_b0706200_a_U000599000
# [2024-05-14 21:32:14] INFO: Writing to disk took 12.3944 seconds
# [2024-05-14 21:32:14] INFO: ======================================================================
# [2024-05-14 21:32:14] INFO: Start sweeping...
# [2024-05-14 21:38:55] INFO: It took 401.474 seconds to do 500 HBOR sweeps.
# [2024-05-14 21:38:56] INFO: Plaquette = 0.675189
# [2024-05-14 21:38:56] INFO: Polyakov loop = (0.00478028,-0.000460878)
# [2024-05-14 21:38:56] INFO: Writing conf to disk...
# [2024-05-14 21:38:56] INFO: writeconf_nersc: Writing NERSC configuration ./conf_s060t20_b0706200_a_U000599500
# [2024-05-14 21:38:58] INFO: Calculated checksum: 34662df9
# [2024-05-14 21:39:16] INFO: Calculated checksum: 3afc9e3a
# [2024-05-14 21:39:16] INFO: Writing RNGSTATE file: ./rand_s060t20_b0706200_a_U000599500
# [2024-05-14 21:39:16] INFO: Writing to disk took 20.3873 seconds
# [2024-05-14 21:39:16] INFO: ======================================================================
# [2024-05-14 21:39:16] INFO: Start sweeping...
# [2024-05-14 21:45:57] INFO: It took 401.344 seconds to do 500 HBOR sweeps.
# [2024-05-14 21:45:57] INFO: Plaquette = 0.675097
# [2024-05-14 21:45:57] INFO: Polyakov loop = (0.00439468,0.000659686)
# [2024-05-14 21:45:57] INFO: Writing conf to disk...
# [2024-05-14 21:45:57] INFO: writeconf_nersc: Writing NERSC configuration ./conf_s060t20_b0706200_a_U000600000
# [2024-05-14 21:46:01] INFO: Calculated checksum: 3365aa9b
# [2024-05-14 21:46:10] INFO: Calculated checksum: 4b3a6903
# [2024-05-14 21:46:10] INFO: Writing RNGSTATE file: ./rand_s060t20_b0706200_a_U000600000
# [2024-05-14 21:46:10] INFO: Writing to disk took 12.7408 seconds
# [2024-05-14 21:46:10] INFO: Finalizing MPI
