
Currently Loaded Modules:
  1) chpc/1.0      (S)   3) gcc/8.5.0      5) mpich/3.4.2
  2) python/3.10.3       4) cmake/3.26.0   6) cuda/11.6.2 (g)

  Where:
   S:  Module is Sticky, requires --force to unload or purge
   g:  built for GPU

 

# [2024-05-13 22:29:31] INFO: Running SIMULATeQCD
# [2024-05-13 22:29:31] INFO: Git commit version: 43e2518
# [2024-05-13 22:29:31] INFO: Initializing MPI with (1 proc)
# [2024-05-13 22:29:31] INFO: Reading parameters from file :: GenerateQuenched_b6373.param
# [2024-05-13 22:29:31] INFO: # PARAM :: Lattice = 60 60 60 20 
# [2024-05-13 22:29:31] INFO: # PARAM :: Nodes = 1 1 1 1 
# [2024-05-13 22:29:31] INFO: # PARAM :: Topology = 0 0 0 0  (default)
# [2024-05-13 22:29:31] INFO: # PARAM :: beta = 6.373
# [2024-05-13 22:29:31] INFO: # PARAM :: format = nersc
# [2024-05-13 22:29:31] INFO: # PARAM :: endianness = auto
# [2024-05-13 22:29:31] INFO: # PARAM :: conf_nr = 550000
# [2024-05-13 22:29:31] INFO: # PARAM :: stream = a
# [2024-05-13 22:29:31] INFO: # PARAM :: prec_out = 0 (default)
# [2024-05-13 22:29:31] INFO: # PARAM :: measurements_dir = ./ (default)
# [2024-05-13 22:29:31] INFO: # PARAM :: use_unit_conf = 0 (default)
# [2024-05-13 22:29:31] INFO: # PARAM :: output_dir = .
# [2024-05-13 22:29:31] INFO: # PARAM :: nconfs = 100
# [2024-05-13 22:29:31] INFO: # PARAM :: nsweeps_ORperHB = 4
# [2024-05-13 22:29:31] INFO: # PARAM :: nsweeps_HBwithOR = 500
# [2024-05-13 22:29:31] INFO: # PARAM :: prev_conf = conf_s060t20_b0637300_a_U000550000
# [2024-05-13 22:29:31] INFO: # PARAM :: prev_rand = rand_s060t20_b0637300_a_U000550000
# [2024-05-13 22:29:31] INFO: > Running on:
# [2024-05-13 22:29:31] INFO: [Rank 0] > notch271 CPU_42 GPU_1D; MPI: world_rank=0, node_rank=0, coord: ( 0 0 0 0 )
# [2024-05-13 22:29:31] INFO: > Is MPI CUDA-aware? @compilation 
# [2024-05-13 22:29:31] INFO: > GPU compute capability: 75
# [2024-05-13 22:29:31] INFO: > Checking support for P2P (Peer-to-Peer) and UVA (Unified Virtual Addressing):
# [2024-05-13 22:29:31] INFO: [Rank 0] > notch271 GPU_1D(NVIDIA GeForce RTX 2080 Ti): P2P NO ; UVA YES
# [2024-05-13 22:29:35] INFO: Initialize Indexer with HaloDepth = 1[0;33m[0m
# [2024-05-13 22:29:35] INFO: Resuming previous run.
# [2024-05-13 22:29:35] INFO: readconf_nersc: Reading NERSC configuration conf_s060t20_b0637300_a_U000550000
# [2024-05-13 22:29:52] INFO: Next conf_number will be 550500
# [2024-05-13 22:29:52] INFO: Generating up to 100 confs with a separation of 500 HBOR sweeps (OR/HB = 4) ...
# [2024-05-13 22:29:52] INFO: ======================================================================
# [2024-05-13 22:29:52] INFO: Start sweeping...
# [2024-05-13 22:36:37] INFO: It took 404.01 seconds to do 500 HBOR sweeps.
# [2024-05-13 22:36:37] INFO: Plaquette = 0.628635
# [2024-05-13 22:36:37] INFO: Polyakov loop = (2.67742e-05,-0.000169582)
# [2024-05-13 22:36:37] INFO: Writing conf to disk...
# [2024-05-13 22:36:37] INFO: writeconf_nersc: Writing NERSC configuration ./conf_s060t20_b0637300_a_U000550500
# [2024-05-13 22:36:39] INFO: Calculated checksum: 6862957f
# [2024-05-13 22:36:56] INFO: Calculated checksum: 79aea8b3
# [2024-05-13 22:36:56] INFO: Writing RNGSTATE file: ./rand_s060t20_b0637300_a_U000550500
# [2024-05-13 22:36:56] INFO: Writing to disk took 19.426 seconds
# [2024-05-13 22:36:56] INFO: ======================================================================
# [2024-05-13 22:36:56] INFO: Start sweeping...
# [2024-05-13 22:43:44] INFO: It took 407.614 seconds to do 500 HBOR sweeps.
# [2024-05-13 22:43:44] INFO: Plaquette = 0.628405
# [2024-05-13 22:43:44] INFO: Polyakov loop = (-1.28564e-05,-0.000486659)
# [2024-05-13 22:43:44] INFO: Writing conf to disk...
# [2024-05-13 22:43:44] INFO: writeconf_nersc: Writing NERSC configuration ./conf_s060t20_b0637300_a_U000551000
# [2024-05-13 22:43:47] INFO: Calculated checksum: 6f0886f6
# [2024-05-13 22:44:04] INFO: Calculated checksum: 65d7821e
# [2024-05-13 22:44:04] INFO: Writing RNGSTATE file: ./rand_s060t20_b0637300_a_U000551000
# [2024-05-13 22:44:04] INFO: Writing to disk took 20.2371 seconds
# [2024-05-13 22:44:04] INFO: ======================================================================
# [2024-05-13 22:44:04] INFO: Start sweeping...
# [2024-05-13 22:50:52] INFO: It took 408.162 seconds to do 500 HBOR sweeps.
# [2024-05-13 22:50:52] INFO: Plaquette = 0.628527
# [2024-05-13 22:50:52] INFO: Polyakov loop = (0.000391104,-0.000511717)
# [2024-05-13 22:50:52] INFO: Writing conf to disk...
# [2024-05-13 22:50:52] INFO: writeconf_nersc: Writing NERSC configuration ./conf_s060t20_b0637300_a_U000551500
# [2024-05-13 22:50:55] INFO: Calculated checksum: dc56b7dc
# [2024-05-13 22:51:11] INFO: Calculated checksum: e9a4cf34
# [2024-05-13 22:51:11] INFO: Writing RNGSTATE file: ./rand_s060t20_b0637300_a_U000551500
# [2024-05-13 22:51:11] INFO: Writing to disk took 18.5344 seconds
# [2024-05-13 22:51:11] INFO: ======================================================================
# [2024-05-13 22:51:11] INFO: Start sweeping...
# [2024-05-13 22:57:59] INFO: It took 407.924 seconds to do 500 HBOR sweeps.
# [2024-05-13 22:57:59] INFO: Plaquette = 0.62842
# [2024-05-13 22:57:59] INFO: Polyakov loop = (0.000317813,0.000240915)
# [2024-05-13 22:57:59] INFO: Writing conf to disk...
# [2024-05-13 22:57:59] INFO: writeconf_nersc: Writing NERSC configuration ./conf_s060t20_b0637300_a_U000552000
# [2024-05-13 22:58:02] INFO: Calculated checksum: f8ad514d
# [2024-05-13 22:58:23] INFO: Calculated checksum: ea0871a9
# [2024-05-13 22:58:23] INFO: Writing RNGSTATE file: ./rand_s060t20_b0637300_a_U000552000
# [2024-05-13 22:58:24] INFO: Writing to disk took 25.4955 seconds
# [2024-05-13 22:58:24] INFO: ======================================================================
# [2024-05-13 22:58:24] INFO: Start sweeping...
# [2024-05-13 23:05:11] INFO: It took 406.419 seconds to do 500 HBOR sweeps.
# [2024-05-13 23:05:11] INFO: Plaquette = 0.628479
# [2024-05-13 23:05:11] INFO: Polyakov loop = (0.000354171,0.000471198)
# [2024-05-13 23:05:11] INFO: Writing conf to disk...
# [2024-05-13 23:05:11] INFO: writeconf_nersc: Writing NERSC configuration ./conf_s060t20_b0637300_a_U000552500
# [2024-05-13 23:05:14] INFO: Calculated checksum: 4eca487d
# [2024-05-13 23:05:35] INFO: Calculated checksum: 2a2530d7
# [2024-05-13 23:05:35] INFO: Writing RNGSTATE file: ./rand_s060t20_b0637300_a_U000552500
# [2024-05-13 23:05:35] INFO: Writing to disk took 24.6171 seconds
# [2024-05-13 23:05:35] INFO: ======================================================================
# [2024-05-13 23:05:35] INFO: Start sweeping...
# [2024-05-13 23:12:22] INFO: It took 406.517 seconds to do 500 HBOR sweeps.
# [2024-05-13 23:12:22] INFO: Plaquette = 0.628473
# [2024-05-13 23:12:22] INFO: Polyakov loop = (0.000172621,0.000262305)
# [2024-05-13 23:12:22] INFO: Writing conf to disk...
# [2024-05-13 23:12:22] INFO: writeconf_nersc: Writing NERSC configuration ./conf_s060t20_b0637300_a_U000553000
# [2024-05-13 23:12:25] INFO: Calculated checksum: 39da0d14
# [2024-05-13 23:12:41] INFO: Calculated checksum: 66d56a96
# [2024-05-13 23:12:41] INFO: Writing RNGSTATE file: ./rand_s060t20_b0637300_a_U000553000
# [2024-05-13 23:12:41] INFO: Writing to disk took 18.8783 seconds
# [2024-05-13 23:12:41] INFO: ======================================================================
# [2024-05-13 23:12:41] INFO: Start sweeping...
# [2024-05-13 23:19:28] INFO: It took 406.866 seconds to do 500 HBOR sweeps.
# [2024-05-13 23:19:28] INFO: Plaquette = 0.628473
# [2024-05-13 23:19:28] INFO: Polyakov loop = (-0.000878523,-0.000433322)
# [2024-05-13 23:19:28] INFO: Writing conf to disk...
# [2024-05-13 23:19:28] INFO: writeconf_nersc: Writing NERSC configuration ./conf_s060t20_b0637300_a_U000553500
# [2024-05-13 23:19:31] INFO: Calculated checksum: 4d4bcb7e
# [2024-05-13 23:19:40] INFO: Calculated checksum: cdf04fb7
# [2024-05-13 23:19:40] INFO: Writing RNGSTATE file: ./rand_s060t20_b0637300_a_U000553500
# [2024-05-13 23:19:40] INFO: Writing to disk took 11.9218 seconds
# [2024-05-13 23:19:40] INFO: ======================================================================
# [2024-05-13 23:19:40] INFO: Start sweeping...
# [2024-05-13 23:26:28] INFO: It took 407.399 seconds to do 500 HBOR sweeps.
# [2024-05-13 23:26:28] INFO: Plaquette = 0.628429
# [2024-05-13 23:26:28] INFO: Polyakov loop = (0.000725163,0.0010513)
# [2024-05-13 23:26:28] INFO: Writing conf to disk...
# [2024-05-13 23:26:28] INFO: writeconf_nersc: Writing NERSC configuration ./conf_s060t20_b0637300_a_U000554000
# [2024-05-13 23:26:31] INFO: Calculated checksum: 295d9fa1
# [2024-05-13 23:26:56] INFO: Calculated checksum: 758d98e1
# [2024-05-13 23:26:56] INFO: Writing RNGSTATE file: ./rand_s060t20_b0637300_a_U000554000
# [2024-05-13 23:26:57] INFO: Writing to disk took 28.5842 seconds
# [2024-05-13 23:26:57] INFO: ======================================================================
# [2024-05-13 23:26:57] INFO: Start sweeping...
# [2024-05-13 23:33:43] INFO: It took 406.537 seconds to do 500 HBOR sweeps.
# [2024-05-13 23:33:44] INFO: Plaquette = 0.628482
# [2024-05-13 23:33:44] INFO: Polyakov loop = (-0.00096432,0.000666825)
# [2024-05-13 23:33:44] INFO: Writing conf to disk...
# [2024-05-13 23:33:44] INFO: writeconf_nersc: Writing NERSC configuration ./conf_s060t20_b0637300_a_U000554500
# [2024-05-13 23:33:48] INFO: Calculated checksum: 9c012734
# [2024-05-13 23:34:01] INFO: Calculated checksum: 89dfc3ae
# [2024-05-13 23:34:01] INFO: Writing RNGSTATE file: ./rand_s060t20_b0637300_a_U000554500
# [2024-05-13 23:34:01] INFO: Writing to disk took 17.1009 seconds
# [2024-05-13 23:34:01] INFO: ======================================================================
# [2024-05-13 23:34:01] INFO: Start sweeping...
# [2024-05-13 23:40:48] INFO: It took 406.725 seconds to do 500 HBOR sweeps.
# [2024-05-13 23:40:49] INFO: Plaquette = 0.628494
# [2024-05-13 23:40:49] INFO: Polyakov loop = (-9.85713e-05,-0.000433453)
# [2024-05-13 23:40:49] INFO: Writing conf to disk...
# [2024-05-13 23:40:49] INFO: writeconf_nersc: Writing NERSC configuration ./conf_s060t20_b0637300_a_U000555000
# [2024-05-13 23:40:52] INFO: Calculated checksum: f78fa5c5
# [2024-05-13 23:41:04] INFO: Calculated checksum: 58792eaf
# [2024-05-13 23:41:04] INFO: Writing RNGSTATE file: ./rand_s060t20_b0637300_a_U000555000
# [2024-05-13 23:41:04] INFO: Writing to disk took 15.1278 seconds
# [2024-05-13 23:41:04] INFO: ======================================================================
# [2024-05-13 23:41:04] INFO: Start sweeping...
# [2024-05-13 23:47:51] INFO: It took 407.429 seconds to do 500 HBOR sweeps.
# [2024-05-13 23:47:51] INFO: Plaquette = 0.628465
# [2024-05-13 23:47:51] INFO: Polyakov loop = (-0.000344342,0.000532823)
# [2024-05-13 23:47:51] INFO: Writing conf to disk...
# [2024-05-13 23:47:51] INFO: writeconf_nersc: Writing NERSC configuration ./conf_s060t20_b0637300_a_U000555500
# [2024-05-13 23:47:55] INFO: Calculated checksum: 27654bfb
# [2024-05-13 23:48:04] INFO: Calculated checksum: a38a3593
# [2024-05-13 23:48:04] INFO: Writing RNGSTATE file: ./rand_s060t20_b0637300_a_U000555500
# [2024-05-13 23:48:04] INFO: Writing to disk took 12.5814 seconds
# [2024-05-13 23:48:04] INFO: ======================================================================
# [2024-05-13 23:48:04] INFO: Start sweeping...
# [2024-05-13 23:54:52] INFO: It took 407.712 seconds to do 500 HBOR sweeps.
# [2024-05-13 23:54:52] INFO: Plaquette = 0.628385
# [2024-05-13 23:54:52] INFO: Polyakov loop = (4.16361e-05,0.000467063)
# [2024-05-13 23:54:52] INFO: Writing conf to disk...
# [2024-05-13 23:54:52] INFO: writeconf_nersc: Writing NERSC configuration ./conf_s060t20_b0637300_a_U000556000
# [2024-05-13 23:54:55] INFO: Calculated checksum: fe0ca732
# [2024-05-13 23:55:05] INFO: Calculated checksum: 6a218b8a
# [2024-05-13 23:55:05] INFO: Writing RNGSTATE file: ./rand_s060t20_b0637300_a_U000556000
# [2024-05-13 23:55:05] INFO: Writing to disk took 12.8687 seconds
# [2024-05-13 23:55:05] INFO: ======================================================================
# [2024-05-13 23:55:05] INFO: Start sweeping...
# [2024-05-14 00:01:52] INFO: It took 407.361 seconds to do 500 HBOR sweeps.
# [2024-05-14 00:01:52] INFO: Plaquette = 0.628417
# [2024-05-14 00:01:52] INFO: Polyakov loop = (0.00022749,-8.28987e-05)
# [2024-05-14 00:01:52] INFO: Writing conf to disk...
# [2024-05-14 00:01:52] INFO: writeconf_nersc: Writing NERSC configuration ./conf_s060t20_b0637300_a_U000556500
# [2024-05-14 00:01:55] INFO: Calculated checksum: 37a43da7
# [2024-05-14 00:02:03] INFO: Calculated checksum: fa2e51d7
# [2024-05-14 00:02:03] INFO: Writing RNGSTATE file: ./rand_s060t20_b0637300_a_U000556500
# [2024-05-14 00:02:03] INFO: Writing to disk took 10.8308 seconds
# [2024-05-14 00:02:03] INFO: ======================================================================
# [2024-05-14 00:02:03] INFO: Start sweeping...
# [2024-05-14 00:08:51] INFO: It took 407.589 seconds to do 500 HBOR sweeps.
# [2024-05-14 00:08:51] INFO: Plaquette = 0.628292
# [2024-05-14 00:08:51] INFO: Polyakov loop = (-0.000480402,0.000493987)
# [2024-05-14 00:08:51] INFO: Writing conf to disk...
# [2024-05-14 00:08:51] INFO: writeconf_nersc: Writing NERSC configuration ./conf_s060t20_b0637300_a_U000557000
# [2024-05-14 00:08:54] INFO: Calculated checksum: c754fdef
# [2024-05-14 00:09:02] INFO: Calculated checksum: 3cf028fe
# [2024-05-14 00:09:02] INFO: Writing RNGSTATE file: ./rand_s060t20_b0637300_a_U000557000
# [2024-05-14 00:09:02] INFO: Writing to disk took 11.1554 seconds
# [2024-05-14 00:09:02] INFO: ======================================================================
# [2024-05-14 00:09:02] INFO: Start sweeping...
# [2024-05-14 00:15:49] INFO: It took 407.558 seconds to do 500 HBOR sweeps.
# [2024-05-14 00:15:49] INFO: Plaquette = 0.628535
# [2024-05-14 00:15:49] INFO: Polyakov loop = (-9.98106e-06,0.000723425)
# [2024-05-14 00:15:49] INFO: Writing conf to disk...
# [2024-05-14 00:15:49] INFO: writeconf_nersc: Writing NERSC configuration ./conf_s060t20_b0637300_a_U000557500
# [2024-05-14 00:15:52] INFO: Calculated checksum: 635c160e
# [2024-05-14 00:15:59] INFO: Calculated checksum: 1b47850
# [2024-05-14 00:15:59] INFO: Writing RNGSTATE file: ./rand_s060t20_b0637300_a_U000557500
# [2024-05-14 00:15:59] INFO: Writing to disk took 9.9798 seconds
# [2024-05-14 00:15:59] INFO: ======================================================================
# [2024-05-14 00:15:59] INFO: Start sweeping...
# [2024-05-14 00:22:47] INFO: It took 407.712 seconds to do 500 HBOR sweeps.
# [2024-05-14 00:22:47] INFO: Plaquette = 0.628425
# [2024-05-14 00:22:47] INFO: Polyakov loop = (-0.000642631,0.00072706)
# [2024-05-14 00:22:47] INFO: Writing conf to disk...
# [2024-05-14 00:22:47] INFO: writeconf_nersc: Writing NERSC configuration ./conf_s060t20_b0637300_a_U000558000
# [2024-05-14 00:22:50] INFO: Calculated checksum: 25795077
# [2024-05-14 00:22:59] INFO: Calculated checksum: 2eaf04b0
# [2024-05-14 00:22:59] INFO: Writing RNGSTATE file: ./rand_s060t20_b0637300_a_U000558000
# [2024-05-14 00:22:59] INFO: Writing to disk took 11.4829 seconds
# [2024-05-14 00:22:59] INFO: ======================================================================
# [2024-05-14 00:22:59] INFO: Start sweeping...
# [2024-05-14 00:29:46] INFO: It took 407.761 seconds to do 500 HBOR sweeps.
# [2024-05-14 00:29:47] INFO: Plaquette = 0.628434
# [2024-05-14 00:29:47] INFO: Polyakov loop = (0.000771124,0.000612246)
# [2024-05-14 00:29:47] INFO: Writing conf to disk...
# [2024-05-14 00:29:47] INFO: writeconf_nersc: Writing NERSC configuration ./conf_s060t20_b0637300_a_U000558500
# [2024-05-14 00:29:49] INFO: Calculated checksum: 6bc62a03
# [2024-05-14 00:29:56] INFO: Calculated checksum: f8543b4a
# [2024-05-14 00:29:56] INFO: Writing RNGSTATE file: ./rand_s060t20_b0637300_a_U000558500
# [2024-05-14 00:29:57] INFO: Writing to disk took 10.2844 seconds
# [2024-05-14 00:29:57] INFO: ======================================================================
# [2024-05-14 00:29:57] INFO: Start sweeping...
# [2024-05-14 00:36:45] INFO: It took 407.895 seconds to do 500 HBOR sweeps.
# [2024-05-14 00:36:45] INFO: Plaquette = 0.628427
# [2024-05-14 00:36:45] INFO: Polyakov loop = (0.000144294,0.000142193)
# [2024-05-14 00:36:45] INFO: Writing conf to disk...
# [2024-05-14 00:36:45] INFO: writeconf_nersc: Writing NERSC configuration ./conf_s060t20_b0637300_a_U000559000
# [2024-05-14 00:36:48] INFO: Calculated checksum: 6a1433fd
# [2024-05-14 00:37:00] INFO: Calculated checksum: b5b2498f
# [2024-05-14 00:37:00] INFO: Writing RNGSTATE file: ./rand_s060t20_b0637300_a_U000559000
# [2024-05-14 00:37:00] INFO: Writing to disk took 15.3298 seconds
# [2024-05-14 00:37:00] INFO: ======================================================================
# [2024-05-14 00:37:00] INFO: Start sweeping...
# [2024-05-14 00:43:48] INFO: It took 407.685 seconds to do 500 HBOR sweeps.
# [2024-05-14 00:43:48] INFO: Plaquette = 0.628404
# [2024-05-14 00:43:48] INFO: Polyakov loop = (-0.0012062,-0.000244761)
# [2024-05-14 00:43:48] INFO: Writing conf to disk...
# [2024-05-14 00:43:48] INFO: writeconf_nersc: Writing NERSC configuration ./conf_s060t20_b0637300_a_U000559500
# [2024-05-14 00:43:51] INFO: Calculated checksum: 4ad5a0ab
# [2024-05-14 00:43:58] INFO: Calculated checksum: 651fbada
# [2024-05-14 00:43:58] INFO: Writing RNGSTATE file: ./rand_s060t20_b0637300_a_U000559500
# [2024-05-14 00:43:58] INFO: Writing to disk took 10.4824 seconds
# [2024-05-14 00:43:58] INFO: ======================================================================
# [2024-05-14 00:43:58] INFO: Start sweeping...
# [2024-05-14 00:50:46] INFO: It took 407.92 seconds to do 500 HBOR sweeps.
# [2024-05-14 00:50:46] INFO: Plaquette = 0.628502
# [2024-05-14 00:50:46] INFO: Polyakov loop = (0.000401514,3.44221e-05)
# [2024-05-14 00:50:46] INFO: Writing conf to disk...
# [2024-05-14 00:50:46] INFO: writeconf_nersc: Writing NERSC configuration ./conf_s060t20_b0637300_a_U000560000
# [2024-05-14 00:50:49] INFO: Calculated checksum: c5ad33d7
# [2024-05-14 00:50:58] INFO: Calculated checksum: 2e9aaed5
# [2024-05-14 00:50:58] INFO: Writing RNGSTATE file: ./rand_s060t20_b0637300_a_U000560000
# [2024-05-14 00:50:58] INFO: Writing to disk took 11.575 seconds
# [2024-05-14 00:50:58] INFO: ======================================================================
# [2024-05-14 00:50:58] INFO: Start sweeping...
# [2024-05-14 00:57:46] INFO: It took 407.622 seconds to do 500 HBOR sweeps.
# [2024-05-14 00:57:46] INFO: Plaquette = 0.628428
# [2024-05-14 00:57:46] INFO: Polyakov loop = (-0.000539287,-0.000469236)
# [2024-05-14 00:57:46] INFO: Writing conf to disk...
# [2024-05-14 00:57:46] INFO: writeconf_nersc: Writing NERSC configuration ./conf_s060t20_b0637300_a_U000560500
# [2024-05-14 00:57:48] INFO: Calculated checksum: 5cba83ec
# [2024-05-14 00:58:03] INFO: Calculated checksum: 940e40f6
# [2024-05-14 00:58:03] INFO: Writing RNGSTATE file: ./rand_s060t20_b0637300_a_U000560500
# [2024-05-14 00:58:04] INFO: Writing to disk took 18.3862 seconds
# [2024-05-14 00:58:04] INFO: ======================================================================
# [2024-05-14 00:58:04] INFO: Start sweeping...
# [2024-05-14 01:04:51] INFO: It took 407.191 seconds to do 500 HBOR sweeps.
# [2024-05-14 01:04:51] INFO: Plaquette = 0.628395
# [2024-05-14 01:04:51] INFO: Polyakov loop = (-0.000610511,0.000169082)
# [2024-05-14 01:04:51] INFO: Writing conf to disk...
# [2024-05-14 01:04:51] INFO: writeconf_nersc: Writing NERSC configuration ./conf_s060t20_b0637300_a_U000561000
# [2024-05-14 01:04:54] INFO: Calculated checksum: ae998978
# [2024-05-14 01:05:04] INFO: Calculated checksum: e67bfa01
# [2024-05-14 01:05:04] INFO: Writing RNGSTATE file: ./rand_s060t20_b0637300_a_U000561000
# [2024-05-14 01:05:05] INFO: Writing to disk took 13.5354 seconds
# [2024-05-14 01:05:05] INFO: ======================================================================
# [2024-05-14 01:05:05] INFO: Start sweeping...
# [2024-05-14 01:11:53] INFO: It took 407.997 seconds to do 500 HBOR sweeps.
# [2024-05-14 01:11:53] INFO: Plaquette = 0.628498
# [2024-05-14 01:11:53] INFO: Polyakov loop = (-0.000522108,0.000132229)
# [2024-05-14 01:11:53] INFO: Writing conf to disk...
# [2024-05-14 01:11:53] INFO: writeconf_nersc: Writing NERSC configuration ./conf_s060t20_b0637300_a_U000561500
# [2024-05-14 01:11:56] INFO: Calculated checksum: 389e941a
# [2024-05-14 01:12:00] INFO: Calculated checksum: 8ddd277
# [2024-05-14 01:12:00] INFO: Writing RNGSTATE file: ./rand_s060t20_b0637300_a_U000561500
# [2024-05-14 01:12:01] INFO: Writing to disk took 7.77964 seconds
# [2024-05-14 01:12:01] INFO: ======================================================================
# [2024-05-14 01:12:01] INFO: Start sweeping...
# [2024-05-14 01:18:48] INFO: It took 407.824 seconds to do 500 HBOR sweeps.
# [2024-05-14 01:18:48] INFO: Plaquette = 0.628504
# [2024-05-14 01:18:48] INFO: Polyakov loop = (0.000813694,0.000695501)
# [2024-05-14 01:18:48] INFO: Writing conf to disk...
# [2024-05-14 01:18:48] INFO: writeconf_nersc: Writing NERSC configuration ./conf_s060t20_b0637300_a_U000562000
# [2024-05-14 01:18:51] INFO: Calculated checksum: 3d86c01b
# [2024-05-14 01:19:02] INFO: Calculated checksum: 107b0907
# [2024-05-14 01:19:02] INFO: Writing RNGSTATE file: ./rand_s060t20_b0637300_a_U000562000
# [2024-05-14 01:19:02] INFO: Writing to disk took 13.7077 seconds
# [2024-05-14 01:19:02] INFO: ======================================================================
# [2024-05-14 01:19:02] INFO: Start sweeping...
# [2024-05-14 01:25:50] INFO: It took 407.94 seconds to do 500 HBOR sweeps.
# [2024-05-14 01:25:50] INFO: Plaquette = 0.62849
# [2024-05-14 01:25:50] INFO: Polyakov loop = (3.18171e-05,-0.00114636)
# [2024-05-14 01:25:50] INFO: Writing conf to disk...
# [2024-05-14 01:25:50] INFO: writeconf_nersc: Writing NERSC configuration ./conf_s060t20_b0637300_a_U000562500
# [2024-05-14 01:25:53] INFO: Calculated checksum: f405cb0e
# [2024-05-14 01:26:05] INFO: Calculated checksum: ec96f53e
# [2024-05-14 01:26:05] INFO: Writing RNGSTATE file: ./rand_s060t20_b0637300_a_U000562500
# [2024-05-14 01:26:06] INFO: Writing to disk took 15.8556 seconds
# [2024-05-14 01:26:06] INFO: ======================================================================
# [2024-05-14 01:26:06] INFO: Start sweeping...
# [2024-05-14 01:32:54] INFO: It took 407.611 seconds to do 500 HBOR sweeps.
# [2024-05-14 01:32:54] INFO: Plaquette = 0.628456
# [2024-05-14 01:32:54] INFO: Polyakov loop = (0.000480195,-0.000669604)
# [2024-05-14 01:32:54] INFO: Writing conf to disk...
# [2024-05-14 01:32:54] INFO: writeconf_nersc: Writing NERSC configuration ./conf_s060t20_b0637300_a_U000563000
# [2024-05-14 01:32:57] INFO: Calculated checksum: d9f55d08
# [2024-05-14 01:33:09] INFO: Calculated checksum: 6d5f2108
# [2024-05-14 01:33:09] INFO: Writing RNGSTATE file: ./rand_s060t20_b0637300_a_U000563000
# [2024-05-14 01:33:10] INFO: Writing to disk took 16.1314 seconds
# [2024-05-14 01:33:10] INFO: ======================================================================
# [2024-05-14 01:33:10] INFO: Start sweeping...
# [2024-05-14 01:39:57] INFO: It took 407.392 seconds to do 500 HBOR sweeps.
# [2024-05-14 01:39:57] INFO: Plaquette = 0.628503
# [2024-05-14 01:39:57] INFO: Polyakov loop = (0.000108605,0.000464184)
# [2024-05-14 01:39:57] INFO: Writing conf to disk...
# [2024-05-14 01:39:57] INFO: writeconf_nersc: Writing NERSC configuration ./conf_s060t20_b0637300_a_U000563500
# [2024-05-14 01:40:00] INFO: Calculated checksum: 3a57b467
# [2024-05-14 01:40:15] INFO: Calculated checksum: b541616e
# [2024-05-14 01:40:15] INFO: Writing RNGSTATE file: ./rand_s060t20_b0637300_a_U000563500
# [2024-05-14 01:40:16] INFO: Writing to disk took 18.4115 seconds
# [2024-05-14 01:40:16] INFO: ======================================================================
# [2024-05-14 01:40:16] INFO: Start sweeping...
# [2024-05-14 01:47:03] INFO: It took 407.193 seconds to do 500 HBOR sweeps.
# [2024-05-14 01:47:03] INFO: Plaquette = 0.628406
# [2024-05-14 01:47:03] INFO: Polyakov loop = (2.14925e-05,-0.000460869)
# [2024-05-14 01:47:03] INFO: Writing conf to disk...
# [2024-05-14 01:47:03] INFO: writeconf_nersc: Writing NERSC configuration ./conf_s060t20_b0637300_a_U000564000
# [2024-05-14 01:47:06] INFO: Calculated checksum: b316ba79
# [2024-05-14 01:47:17] INFO: Calculated checksum: 37072d29
# [2024-05-14 01:47:17] INFO: Writing RNGSTATE file: ./rand_s060t20_b0637300_a_U000564000
# [2024-05-14 01:47:18] INFO: Writing to disk took 14.7002 seconds
# [2024-05-14 01:47:18] INFO: ======================================================================
# [2024-05-14 01:47:18] INFO: Start sweeping...
# [2024-05-14 01:54:05] INFO: It took 407.188 seconds to do 500 HBOR sweeps.
# [2024-05-14 01:54:05] INFO: Plaquette = 0.628477
# [2024-05-14 01:54:05] INFO: Polyakov loop = (-0.000688573,-0.00111913)
# [2024-05-14 01:54:05] INFO: Writing conf to disk...
# [2024-05-14 01:54:05] INFO: writeconf_nersc: Writing NERSC configuration ./conf_s060t20_b0637300_a_U000564500
# [2024-05-14 01:54:08] INFO: Calculated checksum: cc2d1253
# [2024-05-14 01:54:21] INFO: Calculated checksum: 5bf48922
# [2024-05-14 01:54:21] INFO: Writing RNGSTATE file: ./rand_s060t20_b0637300_a_U000564500
# [2024-05-14 01:54:22] INFO: Writing to disk took 17.0194 seconds
# [2024-05-14 01:54:22] INFO: ======================================================================
# [2024-05-14 01:54:22] INFO: Start sweeping...
# [2024-05-14 02:01:09] INFO: It took 407.17 seconds to do 500 HBOR sweeps.
# [2024-05-14 02:01:09] INFO: Plaquette = 0.628455
# [2024-05-14 02:01:09] INFO: Polyakov loop = (0.000104848,0.000365884)
# [2024-05-14 02:01:09] INFO: Writing conf to disk...
# [2024-05-14 02:01:09] INFO: writeconf_nersc: Writing NERSC configuration ./conf_s060t20_b0637300_a_U000565000
# [2024-05-14 02:01:12] INFO: Calculated checksum: 3b47c3d0
# [2024-05-14 02:01:20] INFO: Calculated checksum: 5f89fcfe
# [2024-05-14 02:01:20] INFO: Writing RNGSTATE file: ./rand_s060t20_b0637300_a_U000565000
# [2024-05-14 02:01:20] INFO: Writing to disk took 11.2492 seconds
# [2024-05-14 02:01:20] INFO: ======================================================================
# [2024-05-14 02:01:20] INFO: Start sweeping...
# [2024-05-14 02:08:08] INFO: It took 407.638 seconds to do 500 HBOR sweeps.
# [2024-05-14 02:08:08] INFO: Plaquette = 0.628438
# [2024-05-14 02:08:08] INFO: Polyakov loop = (0.000358486,-7.82691e-05)
# [2024-05-14 02:08:08] INFO: Writing conf to disk...
# [2024-05-14 02:08:08] INFO: writeconf_nersc: Writing NERSC configuration ./conf_s060t20_b0637300_a_U000565500
# [2024-05-14 02:08:11] INFO: Calculated checksum: 79891802
# [2024-05-14 02:08:23] INFO: Calculated checksum: ec139781
# [2024-05-14 02:08:23] INFO: Writing RNGSTATE file: ./rand_s060t20_b0637300_a_U000565500
# [2024-05-14 02:08:25] INFO: Writing to disk took 16.4963 seconds
# [2024-05-14 02:08:25] INFO: ======================================================================
# [2024-05-14 02:08:25] INFO: Start sweeping...
# [2024-05-14 02:15:12] INFO: It took 407.298 seconds to do 500 HBOR sweeps.
# [2024-05-14 02:15:12] INFO: Plaquette = 0.62844
# [2024-05-14 02:15:12] INFO: Polyakov loop = (1.44112e-05,0.00078545)
# [2024-05-14 02:15:12] INFO: Writing conf to disk...
# [2024-05-14 02:15:12] INFO: writeconf_nersc: Writing NERSC configuration ./conf_s060t20_b0637300_a_U000566000
# [2024-05-14 02:15:15] INFO: Calculated checksum: 2a9c7bf3
# [2024-05-14 02:15:22] INFO: Calculated checksum: e013ffea
# [2024-05-14 02:15:22] INFO: Writing RNGSTATE file: ./rand_s060t20_b0637300_a_U000566000
# [2024-05-14 02:15:22] INFO: Writing to disk took 10.3516 seconds
# [2024-05-14 02:15:22] INFO: ======================================================================
# [2024-05-14 02:15:22] INFO: Start sweeping...
# [2024-05-14 02:22:10] INFO: It took 407.618 seconds to do 500 HBOR sweeps.
# [2024-05-14 02:22:10] INFO: Plaquette = 0.628397
# [2024-05-14 02:22:10] INFO: Polyakov loop = (-0.000200689,0.00103714)
# [2024-05-14 02:22:10] INFO: Writing conf to disk...
# [2024-05-14 02:22:10] INFO: writeconf_nersc: Writing NERSC configuration ./conf_s060t20_b0637300_a_U000566500
# [2024-05-14 02:22:13] INFO: Calculated checksum: 3c46896
# [2024-05-14 02:22:22] INFO: Calculated checksum: b041062a
# [2024-05-14 02:22:22] INFO: Writing RNGSTATE file: ./rand_s060t20_b0637300_a_U000566500
# [2024-05-14 02:22:23] INFO: Writing to disk took 12.6029 seconds
# [2024-05-14 02:22:23] INFO: ======================================================================
# [2024-05-14 02:22:23] INFO: Start sweeping...
# [2024-05-14 02:29:10] INFO: It took 407.676 seconds to do 500 HBOR sweeps.
# [2024-05-14 02:29:10] INFO: Plaquette = 0.628526
# [2024-05-14 02:29:10] INFO: Polyakov loop = (0.00012795,-0.000615454)
# [2024-05-14 02:29:10] INFO: Writing conf to disk...
# [2024-05-14 02:29:10] INFO: writeconf_nersc: Writing NERSC configuration ./conf_s060t20_b0637300_a_U000567000
# [2024-05-14 02:29:13] INFO: Calculated checksum: ff42ec83
# [2024-05-14 02:29:29] INFO: Calculated checksum: c21f1c81
# [2024-05-14 02:29:29] INFO: Writing RNGSTATE file: ./rand_s060t20_b0637300_a_U000567000
# [2024-05-14 02:29:29] INFO: Writing to disk took 18.5949 seconds
# [2024-05-14 02:29:29] INFO: ======================================================================
# [2024-05-14 02:29:29] INFO: Start sweeping...
# [2024-05-14 02:36:16] INFO: It took 407.201 seconds to do 500 HBOR sweeps.
# [2024-05-14 02:36:16] INFO: Plaquette = 0.628487
# [2024-05-14 02:36:16] INFO: Polyakov loop = (-7.10522e-05,0.000487566)
# [2024-05-14 02:36:16] INFO: Writing conf to disk...
# [2024-05-14 02:36:16] INFO: writeconf_nersc: Writing NERSC configuration ./conf_s060t20_b0637300_a_U000567500
# [2024-05-14 02:36:19] INFO: Calculated checksum: 6789b46a
# [2024-05-14 02:36:36] INFO: Calculated checksum: 73504035
# [2024-05-14 02:36:36] INFO: Writing RNGSTATE file: ./rand_s060t20_b0637300_a_U000567500
# [2024-05-14 02:36:37] INFO: Writing to disk took 20.9284 seconds
# [2024-05-14 02:36:37] INFO: ======================================================================
# [2024-05-14 02:36:37] INFO: Start sweeping...
# [2024-05-14 02:43:25] INFO: It took 407.818 seconds to do 500 HBOR sweeps.
# [2024-05-14 02:43:25] INFO: Plaquette = 0.628486
# [2024-05-14 02:43:25] INFO: Polyakov loop = (-4.24854e-05,0.000301144)
# [2024-05-14 02:43:25] INFO: Writing conf to disk...
# [2024-05-14 02:43:25] INFO: writeconf_nersc: Writing NERSC configuration ./conf_s060t20_b0637300_a_U000568000
# [2024-05-14 02:43:28] INFO: Calculated checksum: b8565247
# [2024-05-14 02:43:37] INFO: Calculated checksum: 7f167629
# [2024-05-14 02:43:37] INFO: Writing RNGSTATE file: ./rand_s060t20_b0637300_a_U000568000
# [2024-05-14 02:43:37] INFO: Writing to disk took 12.095 seconds
# [2024-05-14 02:43:37] INFO: ======================================================================
# [2024-05-14 02:43:37] INFO: Start sweeping...
# [2024-05-14 02:50:24] INFO: It took 407.31 seconds to do 500 HBOR sweeps.
# [2024-05-14 02:50:25] INFO: Plaquette = 0.628407
# [2024-05-14 02:50:25] INFO: Polyakov loop = (-0.000425049,3.7391e-06)
# [2024-05-14 02:50:25] INFO: Writing conf to disk...
# [2024-05-14 02:50:25] INFO: writeconf_nersc: Writing NERSC configuration ./conf_s060t20_b0637300_a_U000568500
# [2024-05-14 02:50:28] INFO: Calculated checksum: 895ce3c2
# [2024-05-14 02:50:36] INFO: Calculated checksum: 814d441c
# [2024-05-14 02:50:36] INFO: Writing RNGSTATE file: ./rand_s060t20_b0637300_a_U000568500
# [2024-05-14 02:50:37] INFO: Writing to disk took 12.0309 seconds
# [2024-05-14 02:50:37] INFO: ======================================================================
# [2024-05-14 02:50:37] INFO: Start sweeping...
# [2024-05-14 02:57:24] INFO: It took 407.285 seconds to do 500 HBOR sweeps.
# [2024-05-14 02:57:24] INFO: Plaquette = 0.628386
# [2024-05-14 02:57:24] INFO: Polyakov loop = (-0.000381463,0.000663605)
# [2024-05-14 02:57:24] INFO: Writing conf to disk...
# [2024-05-14 02:57:24] INFO: writeconf_nersc: Writing NERSC configuration ./conf_s060t20_b0637300_a_U000569000
# [2024-05-14 02:57:27] INFO: Calculated checksum: 7c777025
# [2024-05-14 02:57:33] INFO: Calculated checksum: a1d36273
# [2024-05-14 02:57:33] INFO: Writing RNGSTATE file: ./rand_s060t20_b0637300_a_U000569000
# [2024-05-14 02:57:34] INFO: Writing to disk took 9.79465 seconds
# [2024-05-14 02:57:34] INFO: ======================================================================
# [2024-05-14 02:57:34] INFO: Start sweeping...
# [2024-05-14 03:04:21] INFO: It took 407.49 seconds to do 500 HBOR sweeps.
# [2024-05-14 03:04:21] INFO: Plaquette = 0.628445
# [2024-05-14 03:04:21] INFO: Polyakov loop = (-0.000275008,-6.60555e-05)
# [2024-05-14 03:04:21] INFO: Writing conf to disk...
# [2024-05-14 03:04:21] INFO: writeconf_nersc: Writing NERSC configuration ./conf_s060t20_b0637300_a_U000569500
# [2024-05-14 03:04:24] INFO: Calculated checksum: 8e7fb483
# [2024-05-14 03:04:31] INFO: Calculated checksum: bbbdd233
# [2024-05-14 03:04:31] INFO: Writing RNGSTATE file: ./rand_s060t20_b0637300_a_U000569500
# [2024-05-14 03:04:31] INFO: Writing to disk took 10.2508 seconds
# [2024-05-14 03:04:31] INFO: ======================================================================
# [2024-05-14 03:04:31] INFO: Start sweeping...
# [2024-05-14 03:11:19] INFO: It took 407.184 seconds to do 500 HBOR sweeps.
# [2024-05-14 03:11:19] INFO: Plaquette = 0.628486
# [2024-05-14 03:11:19] INFO: Polyakov loop = (-0.00016796,0.00109439)
# [2024-05-14 03:11:19] INFO: Writing conf to disk...
# [2024-05-14 03:11:19] INFO: writeconf_nersc: Writing NERSC configuration ./conf_s060t20_b0637300_a_U000570000
# [2024-05-14 03:11:22] INFO: Calculated checksum: 62cc1199
# [2024-05-14 03:11:31] INFO: Calculated checksum: 7691ef6a
# [2024-05-14 03:11:31] INFO: Writing RNGSTATE file: ./rand_s060t20_b0637300_a_U000570000
# [2024-05-14 03:11:31] INFO: Writing to disk took 12.7789 seconds
# [2024-05-14 03:11:31] INFO: ======================================================================
# [2024-05-14 03:11:31] INFO: Start sweeping...
# [2024-05-14 03:18:19] INFO: It took 407.134 seconds to do 500 HBOR sweeps.
# [2024-05-14 03:18:19] INFO: Plaquette = 0.628538
# [2024-05-14 03:18:19] INFO: Polyakov loop = (0.000274296,-7.51171e-05)
# [2024-05-14 03:18:19] INFO: Writing conf to disk...
# [2024-05-14 03:18:19] INFO: writeconf_nersc: Writing NERSC configuration ./conf_s060t20_b0637300_a_U000570500
# [2024-05-14 03:18:22] INFO: Calculated checksum: af04aeea
# [2024-05-14 03:18:28] INFO: Calculated checksum: 5d22824a
# [2024-05-14 03:18:28] INFO: Writing RNGSTATE file: ./rand_s060t20_b0637300_a_U000570500
# [2024-05-14 03:18:28] INFO: Writing to disk took 9.39871 seconds
# [2024-05-14 03:18:28] INFO: ======================================================================
# [2024-05-14 03:18:28] INFO: Start sweeping...
# [2024-05-14 03:25:15] INFO: It took 407.151 seconds to do 500 HBOR sweeps.
# [2024-05-14 03:25:15] INFO: Plaquette = 0.628507
# [2024-05-14 03:25:15] INFO: Polyakov loop = (-0.000645554,-0.000598796)
# [2024-05-14 03:25:15] INFO: Writing conf to disk...
# [2024-05-14 03:25:15] INFO: writeconf_nersc: Writing NERSC configuration ./conf_s060t20_b0637300_a_U000571000
# [2024-05-14 03:25:18] INFO: Calculated checksum: 319f259f
# [2024-05-14 03:25:27] INFO: Calculated checksum: d2de3556
# [2024-05-14 03:25:27] INFO: Writing RNGSTATE file: ./rand_s060t20_b0637300_a_U000571000
# [2024-05-14 03:25:27] INFO: Writing to disk took 11.4719 seconds
# [2024-05-14 03:25:27] INFO: ======================================================================
# [2024-05-14 03:25:27] INFO: Start sweeping...
# [2024-05-14 03:32:14] INFO: It took 406.748 seconds to do 500 HBOR sweeps.
# [2024-05-14 03:32:14] INFO: Plaquette = 0.62844
# [2024-05-14 03:32:14] INFO: Polyakov loop = (0.000321958,0.000232246)
# [2024-05-14 03:32:14] INFO: Writing conf to disk...
# [2024-05-14 03:32:14] INFO: writeconf_nersc: Writing NERSC configuration ./conf_s060t20_b0637300_a_U000571500
# [2024-05-14 03:32:17] INFO: Calculated checksum: da03f629
# [2024-05-14 03:32:33] INFO: Calculated checksum: acb44436
# [2024-05-14 03:32:33] INFO: Writing RNGSTATE file: ./rand_s060t20_b0637300_a_U000571500
# [2024-05-14 03:32:34] INFO: Writing to disk took 20.1098 seconds
# [2024-05-14 03:32:34] INFO: ======================================================================
# [2024-05-14 03:32:34] INFO: Start sweeping...
# [2024-05-14 03:39:20] INFO: It took 406.304 seconds to do 500 HBOR sweeps.
# [2024-05-14 03:39:20] INFO: Plaquette = 0.628389
# [2024-05-14 03:39:20] INFO: Polyakov loop = (0.000854006,-0.000217066)
# [2024-05-14 03:39:20] INFO: Writing conf to disk...
# [2024-05-14 03:39:20] INFO: writeconf_nersc: Writing NERSC configuration ./conf_s060t20_b0637300_a_U000572000
# [2024-05-14 03:39:23] INFO: Calculated checksum: c2993584
# [2024-05-14 03:39:34] INFO: Calculated checksum: 33b00594
# [2024-05-14 03:39:34] INFO: Writing RNGSTATE file: ./rand_s060t20_b0637300_a_U000572000
# [2024-05-14 03:39:34] INFO: Writing to disk took 14.2824 seconds
# [2024-05-14 03:39:34] INFO: ======================================================================
# [2024-05-14 03:39:34] INFO: Start sweeping...
# [2024-05-14 03:46:21] INFO: It took 406.676 seconds to do 500 HBOR sweeps.
# [2024-05-14 03:46:21] INFO: Plaquette = 0.628567
# [2024-05-14 03:46:21] INFO: Polyakov loop = (-0.000452497,8.97108e-05)
# [2024-05-14 03:46:21] INFO: Writing conf to disk...
# [2024-05-14 03:46:21] INFO: writeconf_nersc: Writing NERSC configuration ./conf_s060t20_b0637300_a_U000572500
# [2024-05-14 03:46:24] INFO: Calculated checksum: 64ea512
# [2024-05-14 03:46:31] INFO: Calculated checksum: 27108b34
# [2024-05-14 03:46:31] INFO: Writing RNGSTATE file: ./rand_s060t20_b0637300_a_U000572500
# [2024-05-14 03:46:31] INFO: Writing to disk took 9.60991 seconds
# [2024-05-14 03:46:31] INFO: ======================================================================
# [2024-05-14 03:46:31] INFO: Start sweeping...
# [2024-05-14 03:53:18] INFO: It took 406.949 seconds to do 500 HBOR sweeps.
# [2024-05-14 03:53:18] INFO: Plaquette = 0.628593
# [2024-05-14 03:53:18] INFO: Polyakov loop = (-6.25529e-06,-0.000745745)
# [2024-05-14 03:53:18] INFO: Writing conf to disk...
# [2024-05-14 03:53:18] INFO: writeconf_nersc: Writing NERSC configuration ./conf_s060t20_b0637300_a_U000573000
# [2024-05-14 03:53:21] INFO: Calculated checksum: d6f56c86
# [2024-05-14 03:53:28] INFO: Calculated checksum: 41a2ef7e
# [2024-05-14 03:53:28] INFO: Writing RNGSTATE file: ./rand_s060t20_b0637300_a_U000573000
# [2024-05-14 03:53:28] INFO: Writing to disk took 10.6263 seconds
# [2024-05-14 03:53:28] INFO: ======================================================================
# [2024-05-14 03:53:28] INFO: Start sweeping...
# [2024-05-14 04:00:15] INFO: It took 407.007 seconds to do 500 HBOR sweeps.
# [2024-05-14 04:00:15] INFO: Plaquette = 0.628469
# [2024-05-14 04:00:15] INFO: Polyakov loop = (-0.00046521,-0.000230548)
# [2024-05-14 04:00:15] INFO: Writing conf to disk...
# [2024-05-14 04:00:15] INFO: writeconf_nersc: Writing NERSC configuration ./conf_s060t20_b0637300_a_U000573500
# [2024-05-14 04:00:18] INFO: Calculated checksum: 107acf06
# [2024-05-14 04:00:31] INFO: Calculated checksum: debef040
# [2024-05-14 04:00:31] INFO: Writing RNGSTATE file: ./rand_s060t20_b0637300_a_U000573500
# [2024-05-14 04:00:31] INFO: Writing to disk took 15.628 seconds
# [2024-05-14 04:00:31] INFO: ======================================================================
# [2024-05-14 04:00:31] INFO: Start sweeping...
# [2024-05-14 04:07:18] INFO: It took 406.612 seconds to do 500 HBOR sweeps.
# [2024-05-14 04:07:18] INFO: Plaquette = 0.628548
# [2024-05-14 04:07:18] INFO: Polyakov loop = (7.81192e-05,-0.000862067)
# [2024-05-14 04:07:18] INFO: Writing conf to disk...
# [2024-05-14 04:07:18] INFO: writeconf_nersc: Writing NERSC configuration ./conf_s060t20_b0637300_a_U000574000
# [2024-05-14 04:07:21] INFO: Calculated checksum: f145bba7
# [2024-05-14 04:07:30] INFO: Calculated checksum: 3fe3cb1b
# [2024-05-14 04:07:30] INFO: Writing RNGSTATE file: ./rand_s060t20_b0637300_a_U000574000
# [2024-05-14 04:07:30] INFO: Writing to disk took 12.5727 seconds
# [2024-05-14 04:07:30] INFO: ======================================================================
# [2024-05-14 04:07:30] INFO: Start sweeping...
# [2024-05-14 04:14:18] INFO: It took 407.344 seconds to do 500 HBOR sweeps.
# [2024-05-14 04:14:18] INFO: Plaquette = 0.628497
# [2024-05-14 04:14:18] INFO: Polyakov loop = (-0.00020132,0.000310327)
# [2024-05-14 04:14:18] INFO: Writing conf to disk...
# [2024-05-14 04:14:18] INFO: writeconf_nersc: Writing NERSC configuration ./conf_s060t20_b0637300_a_U000574500
# [2024-05-14 04:14:21] INFO: Calculated checksum: 73cd91a6
# [2024-05-14 04:14:33] INFO: Calculated checksum: d1aa0cdf
# [2024-05-14 04:14:33] INFO: Writing RNGSTATE file: ./rand_s060t20_b0637300_a_U000574500
# [2024-05-14 04:14:33] INFO: Writing to disk took 15.3268 seconds
# [2024-05-14 04:14:33] INFO: ======================================================================
# [2024-05-14 04:14:33] INFO: Start sweeping...
# [2024-05-14 04:21:20] INFO: It took 407.073 seconds to do 500 HBOR sweeps.
# [2024-05-14 04:21:20] INFO: Plaquette = 0.628436
# [2024-05-14 04:21:20] INFO: Polyakov loop = (-0.000298279,-0.00064056)
# [2024-05-14 04:21:20] INFO: Writing conf to disk...
# [2024-05-14 04:21:20] INFO: writeconf_nersc: Writing NERSC configuration ./conf_s060t20_b0637300_a_U000575000
# [2024-05-14 04:21:23] INFO: Calculated checksum: 57aee8c5
# [2024-05-14 04:21:31] INFO: Calculated checksum: 40ab3b8e
# [2024-05-14 04:21:31] INFO: Writing RNGSTATE file: ./rand_s060t20_b0637300_a_U000575000
# [2024-05-14 04:21:31] INFO: Writing to disk took 10.5953 seconds
# [2024-05-14 04:21:31] INFO: ======================================================================
# [2024-05-14 04:21:31] INFO: Start sweeping...
# [2024-05-14 04:28:18] INFO: It took 407.162 seconds to do 500 HBOR sweeps.
# [2024-05-14 04:28:18] INFO: Plaquette = 0.628566
# [2024-05-14 04:28:18] INFO: Polyakov loop = (-6.28833e-05,0.000197102)
# [2024-05-14 04:28:18] INFO: Writing conf to disk...
# [2024-05-14 04:28:18] INFO: writeconf_nersc: Writing NERSC configuration ./conf_s060t20_b0637300_a_U000575500
# [2024-05-14 04:28:21] INFO: Calculated checksum: b2ce2f08
# [2024-05-14 04:28:29] INFO: Calculated checksum: 6273bc3a
# [2024-05-14 04:28:29] INFO: Writing RNGSTATE file: ./rand_s060t20_b0637300_a_U000575500
# [2024-05-14 04:28:29] INFO: Writing to disk took 11.0919 seconds
# [2024-05-14 04:28:29] INFO: ======================================================================
# [2024-05-14 04:28:29] INFO: Start sweeping...
# [2024-05-14 04:35:17] INFO: It took 407.34 seconds to do 500 HBOR sweeps.
# [2024-05-14 04:35:17] INFO: Plaquette = 0.628531
# [2024-05-14 04:35:17] INFO: Polyakov loop = (0.000533702,0.000221626)
# [2024-05-14 04:35:17] INFO: Writing conf to disk...
# [2024-05-14 04:35:17] INFO: writeconf_nersc: Writing NERSC configuration ./conf_s060t20_b0637300_a_U000576000
# [2024-05-14 04:35:20] INFO: Calculated checksum: 55e9f676
# [2024-05-14 04:35:33] INFO: Calculated checksum: a6653aa2
# [2024-05-14 04:35:33] INFO: Writing RNGSTATE file: ./rand_s060t20_b0637300_a_U000576000
# [2024-05-14 04:35:33] INFO: Writing to disk took 16.2124 seconds
# [2024-05-14 04:35:33] INFO: ======================================================================
# [2024-05-14 04:35:33] INFO: Start sweeping...
# [2024-05-14 04:42:20] INFO: It took 406.888 seconds to do 500 HBOR sweeps.
# [2024-05-14 04:42:20] INFO: Plaquette = 0.628392
# [2024-05-14 04:42:20] INFO: Polyakov loop = (-0.000607818,1.08372e-05)
# [2024-05-14 04:42:20] INFO: Writing conf to disk...
# [2024-05-14 04:42:20] INFO: writeconf_nersc: Writing NERSC configuration ./conf_s060t20_b0637300_a_U000576500
# [2024-05-14 04:42:23] INFO: Calculated checksum: afdff9cd
# [2024-05-14 04:42:34] INFO: Calculated checksum: 7d421690
# [2024-05-14 04:42:34] INFO: Writing RNGSTATE file: ./rand_s060t20_b0637300_a_U000576500
# [2024-05-14 04:42:34] INFO: Writing to disk took 14.4663 seconds
# [2024-05-14 04:42:34] INFO: ======================================================================
# [2024-05-14 04:42:34] INFO: Start sweeping...
# [2024-05-14 04:49:21] INFO: It took 406.707 seconds to do 500 HBOR sweeps.
# [2024-05-14 04:49:21] INFO: Plaquette = 0.628478
# [2024-05-14 04:49:21] INFO: Polyakov loop = (-0.000250614,-6.35334e-05)
# [2024-05-14 04:49:21] INFO: Writing conf to disk...
# [2024-05-14 04:49:21] INFO: writeconf_nersc: Writing NERSC configuration ./conf_s060t20_b0637300_a_U000577000
# [2024-05-14 04:49:24] INFO: Calculated checksum: e2337f30
# [2024-05-14 04:49:36] INFO: Calculated checksum: 8a5fdf22
# [2024-05-14 04:49:36] INFO: Writing RNGSTATE file: ./rand_s060t20_b0637300_a_U000577000
# [2024-05-14 04:49:36] INFO: Writing to disk took 15.2689 seconds
# [2024-05-14 04:49:36] INFO: ======================================================================
# [2024-05-14 04:49:36] INFO: Start sweeping...
# [2024-05-14 04:56:23] INFO: It took 406.655 seconds to do 500 HBOR sweeps.
# [2024-05-14 04:56:23] INFO: Plaquette = 0.628421
# [2024-05-14 04:56:23] INFO: Polyakov loop = (-7.13072e-05,-0.000317626)
# [2024-05-14 04:56:23] INFO: Writing conf to disk...
# [2024-05-14 04:56:23] INFO: writeconf_nersc: Writing NERSC configuration ./conf_s060t20_b0637300_a_U000577500
# [2024-05-14 04:56:26] INFO: Calculated checksum: fcf64609
# [2024-05-14 04:56:43] INFO: Calculated checksum: 195a4a1
# [2024-05-14 04:56:44] INFO: Writing RNGSTATE file: ./rand_s060t20_b0637300_a_U000577500
# [2024-05-14 04:56:44] INFO: Writing to disk took 21.3526 seconds
# [2024-05-14 04:56:44] INFO: ======================================================================
# [2024-05-14 04:56:44] INFO: Start sweeping...
# [2024-05-14 05:03:31] INFO: It took 406.503 seconds to do 500 HBOR sweeps.
# [2024-05-14 05:03:31] INFO: Plaquette = 0.628442
# [2024-05-14 05:03:31] INFO: Polyakov loop = (-0.00041003,0.000111375)
# [2024-05-14 05:03:31] INFO: Writing conf to disk...
# [2024-05-14 05:03:31] INFO: writeconf_nersc: Writing NERSC configuration ./conf_s060t20_b0637300_a_U000578000
# [2024-05-14 05:03:34] INFO: Calculated checksum: 52f8c3ca
# [2024-05-14 05:03:40] INFO: Calculated checksum: 6b2a2356
# [2024-05-14 05:03:40] INFO: Writing RNGSTATE file: ./rand_s060t20_b0637300_a_U000578000
# [2024-05-14 05:03:41] INFO: Writing to disk took 9.57113 seconds
# [2024-05-14 05:03:41] INFO: ======================================================================
# [2024-05-14 05:03:41] INFO: Start sweeping...
# [2024-05-14 05:10:27] INFO: It took 406.737 seconds to do 500 HBOR sweeps.
# [2024-05-14 05:10:28] INFO: Plaquette = 0.628442
# [2024-05-14 05:10:28] INFO: Polyakov loop = (0.000265695,-0.000390725)
# [2024-05-14 05:10:28] INFO: Writing conf to disk...
# [2024-05-14 05:10:28] INFO: writeconf_nersc: Writing NERSC configuration ./conf_s060t20_b0637300_a_U000578500
# [2024-05-14 05:10:31] INFO: Calculated checksum: 9242e5a9
# [2024-05-14 05:10:39] INFO: Calculated checksum: dea5dbe0
# [2024-05-14 05:10:39] INFO: Writing RNGSTATE file: ./rand_s060t20_b0637300_a_U000578500
# [2024-05-14 05:10:40] INFO: Writing to disk took 11.8981 seconds
# [2024-05-14 05:10:40] INFO: ======================================================================
# [2024-05-14 05:10:40] INFO: Start sweeping...
# [2024-05-14 05:17:26] INFO: It took 406.702 seconds to do 500 HBOR sweeps.
# [2024-05-14 05:17:26] INFO: Plaquette = 0.628553
# [2024-05-14 05:17:26] INFO: Polyakov loop = (0.000114911,0.000258693)
# [2024-05-14 05:17:26] INFO: Writing conf to disk...
# [2024-05-14 05:17:26] INFO: writeconf_nersc: Writing NERSC configuration ./conf_s060t20_b0637300_a_U000579000
# [2024-05-14 05:17:29] INFO: Calculated checksum: 49418565
# [2024-05-14 05:17:40] INFO: Calculated checksum: e644feb5
# [2024-05-14 05:17:40] INFO: Writing RNGSTATE file: ./rand_s060t20_b0637300_a_U000579000
# [2024-05-14 05:17:42] INFO: Writing to disk took 16.0408 seconds
# [2024-05-14 05:17:42] INFO: ======================================================================
# [2024-05-14 05:17:42] INFO: Start sweeping...
# [2024-05-14 05:24:29] INFO: It took 406.454 seconds to do 500 HBOR sweeps.
# [2024-05-14 05:24:29] INFO: Plaquette = 0.628477
# [2024-05-14 05:24:29] INFO: Polyakov loop = (0.000555911,0.00015001)
# [2024-05-14 05:24:29] INFO: Writing conf to disk...
# [2024-05-14 05:24:29] INFO: writeconf_nersc: Writing NERSC configuration ./conf_s060t20_b0637300_a_U000579500
# [2024-05-14 05:24:32] INFO: Calculated checksum: dd18f9f1
# [2024-05-14 05:24:39] INFO: Calculated checksum: 4e76fa02
# [2024-05-14 05:24:39] INFO: Writing RNGSTATE file: ./rand_s060t20_b0637300_a_U000579500
# [2024-05-14 05:24:39] INFO: Writing to disk took 10.1146 seconds
# [2024-05-14 05:24:39] INFO: ======================================================================
# [2024-05-14 05:24:39] INFO: Start sweeping...
# [2024-05-14 05:31:26] INFO: It took 406.786 seconds to do 500 HBOR sweeps.
# [2024-05-14 05:31:26] INFO: Plaquette = 0.62846
# [2024-05-14 05:31:26] INFO: Polyakov loop = (0.000136115,-0.000602665)
# [2024-05-14 05:31:26] INFO: Writing conf to disk...
# [2024-05-14 05:31:26] INFO: writeconf_nersc: Writing NERSC configuration ./conf_s060t20_b0637300_a_U000580000
# [2024-05-14 05:31:29] INFO: Calculated checksum: b171dea4
# [2024-05-14 05:31:40] INFO: Calculated checksum: 57c9db2c
# [2024-05-14 05:31:40] INFO: Writing RNGSTATE file: ./rand_s060t20_b0637300_a_U000580000
# [2024-05-14 05:31:40] INFO: Writing to disk took 14.2276 seconds
# [2024-05-14 05:31:40] INFO: ======================================================================
# [2024-05-14 05:31:40] INFO: Start sweeping...
# [2024-05-14 05:38:27] INFO: It took 406.989 seconds to do 500 HBOR sweeps.
# [2024-05-14 05:38:27] INFO: Plaquette = 0.628434
# [2024-05-14 05:38:27] INFO: Polyakov loop = (4.55319e-06,-4.72171e-05)
# [2024-05-14 05:38:27] INFO: Writing conf to disk...
# [2024-05-14 05:38:27] INFO: writeconf_nersc: Writing NERSC configuration ./conf_s060t20_b0637300_a_U000580500
# [2024-05-14 05:38:30] INFO: Calculated checksum: cf352774
# [2024-05-14 05:38:38] INFO: Calculated checksum: 1fe0c4f7
# [2024-05-14 05:38:38] INFO: Writing RNGSTATE file: ./rand_s060t20_b0637300_a_U000580500
# [2024-05-14 05:38:38] INFO: Writing to disk took 10.6467 seconds
# [2024-05-14 05:38:38] INFO: ======================================================================
# [2024-05-14 05:38:38] INFO: Start sweeping...
# [2024-05-14 05:45:25] INFO: It took 407.446 seconds to do 500 HBOR sweeps.
# [2024-05-14 05:45:25] INFO: Plaquette = 0.628438
# [2024-05-14 05:45:25] INFO: Polyakov loop = (0.000209248,-9.26439e-05)
# [2024-05-14 05:45:25] INFO: Writing conf to disk...
# [2024-05-14 05:45:25] INFO: writeconf_nersc: Writing NERSC configuration ./conf_s060t20_b0637300_a_U000581000
# [2024-05-14 05:45:28] INFO: Calculated checksum: fe1d2b88
# [2024-05-14 05:45:41] INFO: Calculated checksum: b24f26cb
# [2024-05-14 05:45:41] INFO: Writing RNGSTATE file: ./rand_s060t20_b0637300_a_U000581000
# [2024-05-14 05:45:41] INFO: Writing to disk took 16.1161 seconds
# [2024-05-14 05:45:41] INFO: ======================================================================
# [2024-05-14 05:45:41] INFO: Start sweeping...
# [2024-05-14 05:52:28] INFO: It took 407.004 seconds to do 500 HBOR sweeps.
# [2024-05-14 05:52:28] INFO: Plaquette = 0.628488
# [2024-05-14 05:52:28] INFO: Polyakov loop = (0.000778639,0.000295524)
# [2024-05-14 05:52:28] INFO: Writing conf to disk...
# [2024-05-14 05:52:28] INFO: writeconf_nersc: Writing NERSC configuration ./conf_s060t20_b0637300_a_U000581500
# [2024-05-14 05:52:31] INFO: Calculated checksum: 72f2e2d9
# [2024-05-14 05:52:43] INFO: Calculated checksum: 5ea0ef5e
# [2024-05-14 05:52:43] INFO: Writing RNGSTATE file: ./rand_s060t20_b0637300_a_U000581500
# [2024-05-14 05:52:44] INFO: Writing to disk took 15.0971 seconds
# [2024-05-14 05:52:44] INFO: ======================================================================
# [2024-05-14 05:52:44] INFO: Start sweeping...
# [2024-05-14 05:59:31] INFO: It took 407.313 seconds to do 500 HBOR sweeps.
# [2024-05-14 05:59:31] INFO: Plaquette = 0.628444
# [2024-05-14 05:59:31] INFO: Polyakov loop = (-0.000447583,-0.000119959)
# [2024-05-14 05:59:31] INFO: Writing conf to disk...
# [2024-05-14 05:59:31] INFO: writeconf_nersc: Writing NERSC configuration ./conf_s060t20_b0637300_a_U000582000
# [2024-05-14 05:59:34] INFO: Calculated checksum: c30b7841
# [2024-05-14 05:59:41] INFO: Calculated checksum: 6b679b6
# [2024-05-14 05:59:41] INFO: Writing RNGSTATE file: ./rand_s060t20_b0637300_a_U000582000
# [2024-05-14 05:59:42] INFO: Writing to disk took 10.7515 seconds
# [2024-05-14 05:59:42] INFO: ======================================================================
# [2024-05-14 05:59:42] INFO: Start sweeping...
# [2024-05-14 06:06:29] INFO: It took 407.634 seconds to do 500 HBOR sweeps.
# [2024-05-14 06:06:29] INFO: Plaquette = 0.628362
# [2024-05-14 06:06:29] INFO: Polyakov loop = (-0.000262441,-0.000307496)
# [2024-05-14 06:06:29] INFO: Writing conf to disk...
# [2024-05-14 06:06:29] INFO: writeconf_nersc: Writing NERSC configuration ./conf_s060t20_b0637300_a_U000582500
# [2024-05-14 06:06:32] INFO: Calculated checksum: 413e9f1b
# [2024-05-14 06:06:43] INFO: Calculated checksum: 4eefaba1
# [2024-05-14 06:06:43] INFO: Writing RNGSTATE file: ./rand_s060t20_b0637300_a_U000582500
# [2024-05-14 06:06:43] INFO: Writing to disk took 14.0238 seconds
# [2024-05-14 06:06:43] INFO: ======================================================================
# [2024-05-14 06:06:43] INFO: Start sweeping...
# [2024-05-14 06:13:31] INFO: It took 407.505 seconds to do 500 HBOR sweeps.
# [2024-05-14 06:13:31] INFO: Plaquette = 0.628512
# [2024-05-14 06:13:31] INFO: Polyakov loop = (1.70277e-05,0.000159956)
# [2024-05-14 06:13:31] INFO: Writing conf to disk...
# [2024-05-14 06:13:31] INFO: writeconf_nersc: Writing NERSC configuration ./conf_s060t20_b0637300_a_U000583000
# [2024-05-14 06:13:34] INFO: Calculated checksum: b73928fc
# [2024-05-14 06:13:48] INFO: Calculated checksum: 5170f8e2
# [2024-05-14 06:13:48] INFO: Writing RNGSTATE file: ./rand_s060t20_b0637300_a_U000583000
# [2024-05-14 06:13:49] INFO: Writing to disk took 17.6358 seconds
# [2024-05-14 06:13:49] INFO: ======================================================================
# [2024-05-14 06:13:49] INFO: Start sweeping...
# [2024-05-14 06:20:36] INFO: It took 407.29 seconds to do 500 HBOR sweeps.
# [2024-05-14 06:20:36] INFO: Plaquette = 0.628464
# [2024-05-14 06:20:36] INFO: Polyakov loop = (0.000661652,-5.47861e-05)
# [2024-05-14 06:20:36] INFO: Writing conf to disk...
# [2024-05-14 06:20:36] INFO: writeconf_nersc: Writing NERSC configuration ./conf_s060t20_b0637300_a_U000583500
# [2024-05-14 06:20:39] INFO: Calculated checksum: c72e2965
# [2024-05-14 06:20:50] INFO: Calculated checksum: 33b5d80f
# [2024-05-14 06:20:50] INFO: Writing RNGSTATE file: ./rand_s060t20_b0637300_a_U000583500
# [2024-05-14 06:20:50] INFO: Writing to disk took 14.3758 seconds
# [2024-05-14 06:20:50] INFO: ======================================================================
# [2024-05-14 06:20:50] INFO: Start sweeping...
# [2024-05-14 06:27:38] INFO: It took 407.379 seconds to do 500 HBOR sweeps.
# [2024-05-14 06:27:38] INFO: Plaquette = 0.628506
# [2024-05-14 06:27:38] INFO: Polyakov loop = (0.000360419,-0.000139572)
# [2024-05-14 06:27:38] INFO: Writing conf to disk...
# [2024-05-14 06:27:38] INFO: writeconf_nersc: Writing NERSC configuration ./conf_s060t20_b0637300_a_U000584000
# [2024-05-14 06:27:41] INFO: Calculated checksum: 1f0fcea6
# [2024-05-14 06:27:50] INFO: Calculated checksum: f900d944
# [2024-05-14 06:27:50] INFO: Writing RNGSTATE file: ./rand_s060t20_b0637300_a_U000584000
# [2024-05-14 06:27:51] INFO: Writing to disk took 13.0543 seconds
# [2024-05-14 06:27:51] INFO: ======================================================================
# [2024-05-14 06:27:51] INFO: Start sweeping...
# [2024-05-14 06:34:38] INFO: It took 407.395 seconds to do 500 HBOR sweeps.
# [2024-05-14 06:34:38] INFO: Plaquette = 0.628477
# [2024-05-14 06:34:38] INFO: Polyakov loop = (0.000768167,-0.000181668)
# [2024-05-14 06:34:38] INFO: Writing conf to disk...
# [2024-05-14 06:34:38] INFO: writeconf_nersc: Writing NERSC configuration ./conf_s060t20_b0637300_a_U000584500
# [2024-05-14 06:34:41] INFO: Calculated checksum: 92bad99e
# [2024-05-14 06:34:48] INFO: Calculated checksum: fbf5e99f
# [2024-05-14 06:34:48] INFO: Writing RNGSTATE file: ./rand_s060t20_b0637300_a_U000584500
# [2024-05-14 06:34:48] INFO: Writing to disk took 10.101 seconds
# [2024-05-14 06:34:48] INFO: ======================================================================
# [2024-05-14 06:34:48] INFO: Start sweeping...
# [2024-05-14 06:41:36] INFO: It took 407.219 seconds to do 500 HBOR sweeps.
# [2024-05-14 06:41:36] INFO: Plaquette = 0.628518
# [2024-05-14 06:41:36] INFO: Polyakov loop = (0.000202558,0.000685117)
# [2024-05-14 06:41:36] INFO: Writing conf to disk...
# [2024-05-14 06:41:36] INFO: writeconf_nersc: Writing NERSC configuration ./conf_s060t20_b0637300_a_U000585000
# [2024-05-14 06:41:39] INFO: Calculated checksum: d8c98abf
# [2024-05-14 06:41:50] INFO: Calculated checksum: 3fb4a67a
# [2024-05-14 06:41:50] INFO: Writing RNGSTATE file: ./rand_s060t20_b0637300_a_U000585000
# [2024-05-14 06:41:51] INFO: Writing to disk took 15.1553 seconds
# [2024-05-14 06:41:51] INFO: ======================================================================
# [2024-05-14 06:41:51] INFO: Start sweeping...
# [2024-05-14 06:48:38] INFO: It took 407.004 seconds to do 500 HBOR sweeps.
# [2024-05-14 06:48:38] INFO: Plaquette = 0.628559
# [2024-05-14 06:48:38] INFO: Polyakov loop = (-0.000777776,0.000502524)
# [2024-05-14 06:48:38] INFO: Writing conf to disk...
# [2024-05-14 06:48:38] INFO: writeconf_nersc: Writing NERSC configuration ./conf_s060t20_b0637300_a_U000585500
# [2024-05-14 06:48:41] INFO: Calculated checksum: 4665565a
# [2024-05-14 06:48:48] INFO: Calculated checksum: 668edfa4
# [2024-05-14 06:48:48] INFO: Writing RNGSTATE file: ./rand_s060t20_b0637300_a_U000585500
# [2024-05-14 06:48:48] INFO: Writing to disk took 10.448 seconds
# [2024-05-14 06:48:48] INFO: ======================================================================
# [2024-05-14 06:48:48] INFO: Start sweeping...
# [2024-05-14 06:55:36] INFO: It took 407.181 seconds to do 500 HBOR sweeps.
# [2024-05-14 06:55:36] INFO: Plaquette = 0.628543
# [2024-05-14 06:55:36] INFO: Polyakov loop = (0.00014216,-0.000581886)
# [2024-05-14 06:55:36] INFO: Writing conf to disk...
# [2024-05-14 06:55:36] INFO: writeconf_nersc: Writing NERSC configuration ./conf_s060t20_b0637300_a_U000586000
# [2024-05-14 06:55:38] INFO: Calculated checksum: 2afd5641
# [2024-05-14 06:55:50] INFO: Calculated checksum: 38ef970f
# [2024-05-14 06:55:50] INFO: Writing RNGSTATE file: ./rand_s060t20_b0637300_a_U000586000
# [2024-05-14 06:55:50] INFO: Writing to disk took 14.7699 seconds
# [2024-05-14 06:55:50] INFO: ======================================================================
# [2024-05-14 06:55:50] INFO: Start sweeping...
# [2024-05-14 07:02:38] INFO: It took 407.78 seconds to do 500 HBOR sweeps.
# [2024-05-14 07:02:38] INFO: Plaquette = 0.6285
# [2024-05-14 07:02:38] INFO: Polyakov loop = (6.31038e-05,-0.000340358)
# [2024-05-14 07:02:38] INFO: Writing conf to disk...
# [2024-05-14 07:02:38] INFO: writeconf_nersc: Writing NERSC configuration ./conf_s060t20_b0637300_a_U000586500
# [2024-05-14 07:02:41] INFO: Calculated checksum: 9417fe5e
# [2024-05-14 07:02:51] INFO: Calculated checksum: 23112168
# [2024-05-14 07:02:51] INFO: Writing RNGSTATE file: ./rand_s060t20_b0637300_a_U000586500
# [2024-05-14 07:02:51] INFO: Writing to disk took 13.1041 seconds
# [2024-05-14 07:02:51] INFO: ======================================================================
# [2024-05-14 07:02:51] INFO: Start sweeping...
# [2024-05-14 07:09:39] INFO: It took 407.773 seconds to do 500 HBOR sweeps.
# [2024-05-14 07:09:39] INFO: Plaquette = 0.628457
# [2024-05-14 07:09:39] INFO: Polyakov loop = (-0.000126383,3.37455e-05)
# [2024-05-14 07:09:39] INFO: Writing conf to disk...
# [2024-05-14 07:09:39] INFO: writeconf_nersc: Writing NERSC configuration ./conf_s060t20_b0637300_a_U000587000
# [2024-05-14 07:09:42] INFO: Calculated checksum: c8d77c7d
# [2024-05-14 07:09:57] INFO: Calculated checksum: 2fe9e714
# [2024-05-14 07:09:57] INFO: Writing RNGSTATE file: ./rand_s060t20_b0637300_a_U000587000
# [2024-05-14 07:09:57] INFO: Writing to disk took 18.2629 seconds
# [2024-05-14 07:09:57] INFO: ======================================================================
# [2024-05-14 07:09:57] INFO: Start sweeping...
# [2024-05-14 07:16:44] INFO: It took 407.019 seconds to do 500 HBOR sweeps.
# [2024-05-14 07:16:45] INFO: Plaquette = 0.628407
# [2024-05-14 07:16:45] INFO: Polyakov loop = (-0.000267908,-0.000263597)
# [2024-05-14 07:16:45] INFO: Writing conf to disk...
# [2024-05-14 07:16:45] INFO: writeconf_nersc: Writing NERSC configuration ./conf_s060t20_b0637300_a_U000587500
# [2024-05-14 07:16:48] INFO: Calculated checksum: 83f84de9
# [2024-05-14 07:16:55] INFO: Calculated checksum: a5afc49e
# [2024-05-14 07:16:55] INFO: Writing RNGSTATE file: ./rand_s060t20_b0637300_a_U000587500
# [2024-05-14 07:16:55] INFO: Writing to disk took 10.3666 seconds
# [2024-05-14 07:16:55] INFO: ======================================================================
# [2024-05-14 07:16:55] INFO: Start sweeping...
# [2024-05-14 07:23:42] INFO: It took 407.241 seconds to do 500 HBOR sweeps.
# [2024-05-14 07:23:42] INFO: Plaquette = 0.62849
# [2024-05-14 07:23:42] INFO: Polyakov loop = (-0.00044485,-0.000594846)
# [2024-05-14 07:23:42] INFO: Writing conf to disk...
# [2024-05-14 07:23:42] INFO: writeconf_nersc: Writing NERSC configuration ./conf_s060t20_b0637300_a_U000588000
# [2024-05-14 07:23:45] INFO: Calculated checksum: 7afaa158
# [2024-05-14 07:23:51] INFO: Calculated checksum: 78e935b1
# [2024-05-14 07:23:52] INFO: Writing RNGSTATE file: ./rand_s060t20_b0637300_a_U000588000
# [2024-05-14 07:23:52] INFO: Writing to disk took 9.50627 seconds
# [2024-05-14 07:23:52] INFO: ======================================================================
# [2024-05-14 07:23:52] INFO: Start sweeping...
# [2024-05-14 07:30:39] INFO: It took 407.37 seconds to do 500 HBOR sweeps.
# [2024-05-14 07:30:39] INFO: Plaquette = 0.628441
# [2024-05-14 07:30:39] INFO: Polyakov loop = (-0.000303858,-0.000278178)
# [2024-05-14 07:30:39] INFO: Writing conf to disk...
# [2024-05-14 07:30:39] INFO: writeconf_nersc: Writing NERSC configuration ./conf_s060t20_b0637300_a_U000588500
# [2024-05-14 07:30:43] INFO: Calculated checksum: 2d6db8b5
# [2024-05-14 07:30:55] INFO: Calculated checksum: 60212ff5
# [2024-05-14 07:30:55] INFO: Writing RNGSTATE file: ./rand_s060t20_b0637300_a_U000588500
# [2024-05-14 07:30:57] INFO: Writing to disk took 17.1876 seconds
# [2024-05-14 07:30:57] INFO: ======================================================================
# [2024-05-14 07:30:57] INFO: Start sweeping...
# [2024-05-14 07:37:44] INFO: It took 407.148 seconds to do 500 HBOR sweeps.
# [2024-05-14 07:37:44] INFO: Plaquette = 0.628468
# [2024-05-14 07:37:44] INFO: Polyakov loop = (0.000640943,0.00032686)
# [2024-05-14 07:37:44] INFO: Writing conf to disk...
# [2024-05-14 07:37:44] INFO: writeconf_nersc: Writing NERSC configuration ./conf_s060t20_b0637300_a_U000589000
# [2024-05-14 07:37:47] INFO: Calculated checksum: 3d12f1a
# [2024-05-14 07:37:59] INFO: Calculated checksum: c760ac09
# [2024-05-14 07:37:59] INFO: Writing RNGSTATE file: ./rand_s060t20_b0637300_a_U000589000
# [2024-05-14 07:37:59] INFO: Writing to disk took 15.2382 seconds
# [2024-05-14 07:37:59] INFO: ======================================================================
# [2024-05-14 07:37:59] INFO: Start sweeping...
# [2024-05-14 07:44:46] INFO: It took 407.274 seconds to do 500 HBOR sweeps.
# [2024-05-14 07:44:46] INFO: Plaquette = 0.628418
# [2024-05-14 07:44:46] INFO: Polyakov loop = (0.000598377,0.000613082)
# [2024-05-14 07:44:46] INFO: Writing conf to disk...
# [2024-05-14 07:44:46] INFO: writeconf_nersc: Writing NERSC configuration ./conf_s060t20_b0637300_a_U000589500
# [2024-05-14 07:44:49] INFO: Calculated checksum: bc1d5d7c
# [2024-05-14 07:45:05] INFO: Calculated checksum: 999dc2d3
# [2024-05-14 07:45:05] INFO: Writing RNGSTATE file: ./rand_s060t20_b0637300_a_U000589500
# [2024-05-14 07:45:06] INFO: Writing to disk took 19.2659 seconds
# [2024-05-14 07:45:06] INFO: ======================================================================
# [2024-05-14 07:45:06] INFO: Start sweeping...
# [2024-05-14 07:51:53] INFO: It took 407.226 seconds to do 500 HBOR sweeps.
# [2024-05-14 07:51:53] INFO: Plaquette = 0.628528
# [2024-05-14 07:51:53] INFO: Polyakov loop = (0.000235905,-0.000285244)
# [2024-05-14 07:51:53] INFO: Writing conf to disk...
# [2024-05-14 07:51:53] INFO: writeconf_nersc: Writing NERSC configuration ./conf_s060t20_b0637300_a_U000590000
# [2024-05-14 07:51:56] INFO: Calculated checksum: d6596592
# [2024-05-14 07:52:04] INFO: Calculated checksum: 831e6999
# [2024-05-14 07:52:04] INFO: Writing RNGSTATE file: ./rand_s060t20_b0637300_a_U000590000
# [2024-05-14 07:52:05] INFO: Writing to disk took 11.379 seconds
# [2024-05-14 07:52:05] INFO: ======================================================================
# [2024-05-14 07:52:05] INFO: Start sweeping...
# [2024-05-14 07:58:52] INFO: It took 407.837 seconds to do 500 HBOR sweeps.
# [2024-05-14 07:58:52] INFO: Plaquette = 0.628529
# [2024-05-14 07:58:52] INFO: Polyakov loop = (9.0057e-05,-0.000437735)
# [2024-05-14 07:58:52] INFO: Writing conf to disk...
# [2024-05-14 07:58:52] INFO: writeconf_nersc: Writing NERSC configuration ./conf_s060t20_b0637300_a_U000590500
# [2024-05-14 07:58:56] INFO: Calculated checksum: d1afb53c
# [2024-05-14 07:59:19] INFO: Calculated checksum: 743a31e9
# [2024-05-14 07:59:19] INFO: Writing RNGSTATE file: ./rand_s060t20_b0637300_a_U000590500
# [2024-05-14 07:59:20] INFO: Writing to disk took 27.2367 seconds
# [2024-05-14 07:59:20] INFO: ======================================================================
# [2024-05-14 07:59:20] INFO: Start sweeping...
# [2024-05-14 08:06:07] INFO: It took 407.397 seconds to do 500 HBOR sweeps.
# [2024-05-14 08:06:07] INFO: Plaquette = 0.628471
# [2024-05-14 08:06:07] INFO: Polyakov loop = (0.000419958,4.78928e-05)
# [2024-05-14 08:06:07] INFO: Writing conf to disk...
# [2024-05-14 08:06:07] INFO: writeconf_nersc: Writing NERSC configuration ./conf_s060t20_b0637300_a_U000591000
# [2024-05-14 08:06:10] INFO: Calculated checksum: b1e7cf51
# [2024-05-14 08:06:30] INFO: Calculated checksum: d787c7b2
# [2024-05-14 08:06:30] INFO: Writing RNGSTATE file: ./rand_s060t20_b0637300_a_U000591000
# [2024-05-14 08:06:30] INFO: Writing to disk took 23.0446 seconds
# [2024-05-14 08:06:30] INFO: ======================================================================
# [2024-05-14 08:06:30] INFO: Start sweeping...
# [2024-05-14 08:13:17] INFO: It took 407.314 seconds to do 500 HBOR sweeps.
# [2024-05-14 08:13:18] INFO: Plaquette = 0.628481
# [2024-05-14 08:13:18] INFO: Polyakov loop = (0.000242367,-0.00151402)
# [2024-05-14 08:13:18] INFO: Writing conf to disk...
# [2024-05-14 08:13:18] INFO: writeconf_nersc: Writing NERSC configuration ./conf_s060t20_b0637300_a_U000591500
# [2024-05-14 08:13:20] INFO: Calculated checksum: 4df1fd66
# [2024-05-14 08:13:49] INFO: Calculated checksum: 21f475de
# [2024-05-14 08:13:49] INFO: Writing RNGSTATE file: ./rand_s060t20_b0637300_a_U000591500
# [2024-05-14 08:13:49] INFO: Writing to disk took 31.8288 seconds
# [2024-05-14 08:13:49] INFO: ======================================================================
# [2024-05-14 08:13:49] INFO: Start sweeping...
# [2024-05-14 08:20:37] INFO: It took 407.432 seconds to do 500 HBOR sweeps.
# [2024-05-14 08:20:37] INFO: Plaquette = 0.628484
# [2024-05-14 08:20:37] INFO: Polyakov loop = (-0.000196091,0.000262727)
# [2024-05-14 08:20:37] INFO: Writing conf to disk...
# [2024-05-14 08:20:37] INFO: writeconf_nersc: Writing NERSC configuration ./conf_s060t20_b0637300_a_U000592000
# [2024-05-14 08:20:40] INFO: Calculated checksum: 4d1a3c21
# [2024-05-14 08:20:50] INFO: Calculated checksum: 53764cee
# [2024-05-14 08:20:50] INFO: Writing RNGSTATE file: ./rand_s060t20_b0637300_a_U000592000
# [2024-05-14 08:20:50] INFO: Writing to disk took 13.5681 seconds
# [2024-05-14 08:20:50] INFO: ======================================================================
# [2024-05-14 08:20:50] INFO: Start sweeping...
# [2024-05-14 08:27:39] INFO: It took 408.374 seconds to do 500 HBOR sweeps.
# [2024-05-14 08:27:39] INFO: Plaquette = 0.62837
# [2024-05-14 08:27:39] INFO: Polyakov loop = (-0.00038986,0.000346008)
# [2024-05-14 08:27:39] INFO: Writing conf to disk...
# [2024-05-14 08:27:39] INFO: writeconf_nersc: Writing NERSC configuration ./conf_s060t20_b0637300_a_U000592500
# [2024-05-14 08:27:42] INFO: Calculated checksum: 99f53d29
# [2024-05-14 08:28:01] INFO: Calculated checksum: 1b91f251
# [2024-05-14 08:28:01] INFO: Writing RNGSTATE file: ./rand_s060t20_b0637300_a_U000592500
# [2024-05-14 08:28:01] INFO: Writing to disk took 22.6424 seconds
# [2024-05-14 08:28:01] INFO: ======================================================================
# [2024-05-14 08:28:01] INFO: Start sweeping...
# [2024-05-14 08:34:50] INFO: It took 408.19 seconds to do 500 HBOR sweeps.
# [2024-05-14 08:34:50] INFO: Plaquette = 0.628528
# [2024-05-14 08:34:50] INFO: Polyakov loop = (-0.000335634,0.000117077)
# [2024-05-14 08:34:50] INFO: Writing conf to disk...
# [2024-05-14 08:34:50] INFO: writeconf_nersc: Writing NERSC configuration ./conf_s060t20_b0637300_a_U000593000
# [2024-05-14 08:34:53] INFO: Calculated checksum: cffb183c
# [2024-05-14 08:35:06] INFO: Calculated checksum: 71b60e54
# [2024-05-14 08:35:06] INFO: Writing RNGSTATE file: ./rand_s060t20_b0637300_a_U000593000
# [2024-05-14 08:35:06] INFO: Writing to disk took 16.6572 seconds
# [2024-05-14 08:35:06] INFO: ======================================================================
# [2024-05-14 08:35:06] INFO: Start sweeping...
# [2024-05-14 08:41:55] INFO: It took 408.196 seconds to do 500 HBOR sweeps.
# [2024-05-14 08:41:55] INFO: Plaquette = 0.628554
# [2024-05-14 08:41:55] INFO: Polyakov loop = (-0.000407653,0.000490999)
# [2024-05-14 08:41:55] INFO: Writing conf to disk...
# [2024-05-14 08:41:55] INFO: writeconf_nersc: Writing NERSC configuration ./conf_s060t20_b0637300_a_U000593500
# [2024-05-14 08:41:58] INFO: Calculated checksum: a0588755
# [2024-05-14 08:42:07] INFO: Calculated checksum: 6f4adc74
# [2024-05-14 08:42:07] INFO: Writing RNGSTATE file: ./rand_s060t20_b0637300_a_U000593500
# [2024-05-14 08:42:07] INFO: Writing to disk took 12.7305 seconds
# [2024-05-14 08:42:07] INFO: ======================================================================
# [2024-05-14 08:42:07] INFO: Start sweeping...
# [2024-05-14 08:48:56] INFO: It took 408.379 seconds to do 500 HBOR sweeps.
# [2024-05-14 08:48:56] INFO: Plaquette = 0.628404
# [2024-05-14 08:48:56] INFO: Polyakov loop = (0.000281983,0.000324429)
# [2024-05-14 08:48:56] INFO: Writing conf to disk...
# [2024-05-14 08:48:56] INFO: writeconf_nersc: Writing NERSC configuration ./conf_s060t20_b0637300_a_U000594000
# [2024-05-14 08:48:59] INFO: Calculated checksum: 80ba7639
# [2024-05-14 08:49:15] INFO: Calculated checksum: 642d74e9
# [2024-05-14 08:49:15] INFO: Writing RNGSTATE file: ./rand_s060t20_b0637300_a_U000594000
# [2024-05-14 08:49:16] INFO: Writing to disk took 19.8831 seconds
# [2024-05-14 08:49:16] INFO: ======================================================================
# [2024-05-14 08:49:16] INFO: Start sweeping...
# [2024-05-14 08:56:04] INFO: It took 407.919 seconds to do 500 HBOR sweeps.
# [2024-05-14 08:56:04] INFO: Plaquette = 0.628512
# [2024-05-14 08:56:04] INFO: Polyakov loop = (0.000257469,-0.000281398)
# [2024-05-14 08:56:04] INFO: Writing conf to disk...
# [2024-05-14 08:56:04] INFO: writeconf_nersc: Writing NERSC configuration ./conf_s060t20_b0637300_a_U000594500
# [2024-05-14 08:56:07] INFO: Calculated checksum: 3fe44ae0
# [2024-05-14 08:56:15] INFO: Calculated checksum: 80790ee0
# [2024-05-14 08:56:15] INFO: Writing RNGSTATE file: ./rand_s060t20_b0637300_a_U000594500
# [2024-05-14 08:56:15] INFO: Writing to disk took 11.2637 seconds
# [2024-05-14 08:56:15] INFO: ======================================================================
# [2024-05-14 08:56:15] INFO: Start sweeping...
# [2024-05-14 09:03:04] INFO: It took 408.419 seconds to do 500 HBOR sweeps.
# [2024-05-14 09:03:04] INFO: Plaquette = 0.628618
# [2024-05-14 09:03:04] INFO: Polyakov loop = (-0.000488089,-0.000267841)
# [2024-05-14 09:03:04] INFO: Writing conf to disk...
# [2024-05-14 09:03:04] INFO: writeconf_nersc: Writing NERSC configuration ./conf_s060t20_b0637300_a_U000595000
# [2024-05-14 09:03:07] INFO: Calculated checksum: ee3db26
# [2024-05-14 09:03:16] INFO: Calculated checksum: 4075f7e
# [2024-05-14 09:03:16] INFO: Writing RNGSTATE file: ./rand_s060t20_b0637300_a_U000595000
# [2024-05-14 09:03:16] INFO: Writing to disk took 12.2525 seconds
# [2024-05-14 09:03:16] INFO: ======================================================================
# [2024-05-14 09:03:16] INFO: Start sweeping...
# [2024-05-14 09:10:05] INFO: It took 408.453 seconds to do 500 HBOR sweeps.
# [2024-05-14 09:10:05] INFO: Plaquette = 0.628401
# [2024-05-14 09:10:05] INFO: Polyakov loop = (-0.000376559,7.01706e-05)
# [2024-05-14 09:10:05] INFO: Writing conf to disk...
# [2024-05-14 09:10:05] INFO: writeconf_nersc: Writing NERSC configuration ./conf_s060t20_b0637300_a_U000595500
# [2024-05-14 09:10:08] INFO: Calculated checksum: ab7e344b
# [2024-05-14 09:10:15] INFO: Calculated checksum: 57a2c6fb
# [2024-05-14 09:10:15] INFO: Writing RNGSTATE file: ./rand_s060t20_b0637300_a_U000595500
# [2024-05-14 09:10:15] INFO: Writing to disk took 10.3942 seconds
# [2024-05-14 09:10:15] INFO: ======================================================================
# [2024-05-14 09:10:15] INFO: Start sweeping...
# [2024-05-14 09:17:03] INFO: It took 408.202 seconds to do 500 HBOR sweeps.
# [2024-05-14 09:17:03] INFO: Plaquette = 0.628455
# [2024-05-14 09:17:03] INFO: Polyakov loop = (0.000737063,-0.000344054)
# [2024-05-14 09:17:03] INFO: Writing conf to disk...
# [2024-05-14 09:17:03] INFO: writeconf_nersc: Writing NERSC configuration ./conf_s060t20_b0637300_a_U000596000
# [2024-05-14 09:17:06] INFO: Calculated checksum: b5b1ca2
# [2024-05-14 09:17:18] INFO: Calculated checksum: 1948591b
# [2024-05-14 09:17:18] INFO: Writing RNGSTATE file: ./rand_s060t20_b0637300_a_U000596000
# [2024-05-14 09:17:19] INFO: Writing to disk took 15.3576 seconds
# [2024-05-14 09:17:19] INFO: ======================================================================
# [2024-05-14 09:17:19] INFO: Start sweeping...
# [2024-05-14 09:24:05] INFO: It took 405.94 seconds to do 500 HBOR sweeps.
# [2024-05-14 09:24:05] INFO: Plaquette = 0.628463
# [2024-05-14 09:24:05] INFO: Polyakov loop = (-0.000247089,0.000694776)
# [2024-05-14 09:24:05] INFO: Writing conf to disk...
# [2024-05-14 09:24:05] INFO: writeconf_nersc: Writing NERSC configuration ./conf_s060t20_b0637300_a_U000596500
# [2024-05-14 09:24:08] INFO: Calculated checksum: 321758a0
# [2024-05-14 09:24:17] INFO: Calculated checksum: acdb9966
# [2024-05-14 09:24:17] INFO: Writing RNGSTATE file: ./rand_s060t20_b0637300_a_U000596500
# [2024-05-14 09:24:17] INFO: Writing to disk took 12.2246 seconds
# [2024-05-14 09:24:17] INFO: ======================================================================
# [2024-05-14 09:24:17] INFO: Start sweeping...
# [2024-05-14 09:31:03] INFO: It took 405.8 seconds to do 500 HBOR sweeps.
# [2024-05-14 09:31:03] INFO: Plaquette = 0.628395
# [2024-05-14 09:31:03] INFO: Polyakov loop = (-0.000108872,-0.000257822)
# [2024-05-14 09:31:03] INFO: Writing conf to disk...
# [2024-05-14 09:31:03] INFO: writeconf_nersc: Writing NERSC configuration ./conf_s060t20_b0637300_a_U000597000
# [2024-05-14 09:31:06] INFO: Calculated checksum: 35e34612
# [2024-05-14 09:31:21] INFO: Calculated checksum: 7b8ba15d
# [2024-05-14 09:31:21] INFO: Writing RNGSTATE file: ./rand_s060t20_b0637300_a_U000597000
# [2024-05-14 09:31:21] INFO: Writing to disk took 18.1725 seconds
# [2024-05-14 09:31:21] INFO: ======================================================================
# [2024-05-14 09:31:21] INFO: Start sweeping...
# [2024-05-14 09:38:08] INFO: It took 406.476 seconds to do 500 HBOR sweeps.
# [2024-05-14 09:38:08] INFO: Plaquette = 0.628421
# [2024-05-14 09:38:08] INFO: Polyakov loop = (9.73717e-05,0.000441837)
# [2024-05-14 09:38:08] INFO: Writing conf to disk...
# [2024-05-14 09:38:08] INFO: writeconf_nersc: Writing NERSC configuration ./conf_s060t20_b0637300_a_U000597500
# [2024-05-14 09:38:11] INFO: Calculated checksum: f46f6350
# [2024-05-14 09:38:19] INFO: Calculated checksum: 15449075
# [2024-05-14 09:38:19] INFO: Writing RNGSTATE file: ./rand_s060t20_b0637300_a_U000597500
# [2024-05-14 09:38:19] INFO: Writing to disk took 11.7046 seconds
# [2024-05-14 09:38:19] INFO: ======================================================================
# [2024-05-14 09:38:19] INFO: Start sweeping...
# [2024-05-14 09:45:06] INFO: It took 406.958 seconds to do 500 HBOR sweeps.
# [2024-05-14 09:45:06] INFO: Plaquette = 0.628529
# [2024-05-14 09:45:06] INFO: Polyakov loop = (1.85727e-06,0.000411495)
# [2024-05-14 09:45:06] INFO: Writing conf to disk...
# [2024-05-14 09:45:06] INFO: writeconf_nersc: Writing NERSC configuration ./conf_s060t20_b0637300_a_U000598000
# [2024-05-14 09:45:09] INFO: Calculated checksum: b8607c0e
# [2024-05-14 09:45:22] INFO: Calculated checksum: 3fdd9ce1
# [2024-05-14 09:45:22] INFO: Writing RNGSTATE file: ./rand_s060t20_b0637300_a_U000598000
# [2024-05-14 09:45:22] INFO: Writing to disk took 15.4522 seconds
# [2024-05-14 09:45:22] INFO: ======================================================================
# [2024-05-14 09:45:22] INFO: Start sweeping...
# [2024-05-14 09:52:09] INFO: It took 407.245 seconds to do 500 HBOR sweeps.
# [2024-05-14 09:52:09] INFO: Plaquette = 0.628474
# [2024-05-14 09:52:09] INFO: Polyakov loop = (3.43792e-05,0.000293746)
# [2024-05-14 09:52:09] INFO: Writing conf to disk...
# [2024-05-14 09:52:09] INFO: writeconf_nersc: Writing NERSC configuration ./conf_s060t20_b0637300_a_U000598500
# [2024-05-14 09:52:12] INFO: Calculated checksum: ba5d1ba3
# [2024-05-14 09:52:20] INFO: Calculated checksum: b487db57
# [2024-05-14 09:52:20] INFO: Writing RNGSTATE file: ./rand_s060t20_b0637300_a_U000598500
# [2024-05-14 09:52:20] INFO: Writing to disk took 10.7119 seconds
# [2024-05-14 09:52:20] INFO: ======================================================================
# [2024-05-14 09:52:20] INFO: Start sweeping...
# [2024-05-14 09:59:08] INFO: It took 408.302 seconds to do 500 HBOR sweeps.
# [2024-05-14 09:59:08] INFO: Plaquette = 0.62845
# [2024-05-14 09:59:08] INFO: Polyakov loop = (0.000167415,0.000158181)
# [2024-05-14 09:59:08] INFO: Writing conf to disk...
# [2024-05-14 09:59:08] INFO: writeconf_nersc: Writing NERSC configuration ./conf_s060t20_b0637300_a_U000599000
# [2024-05-14 09:59:11] INFO: Calculated checksum: 5d48ea31
# [2024-05-14 09:59:24] INFO: Calculated checksum: 41425edf
# [2024-05-14 09:59:24] INFO: Writing RNGSTATE file: ./rand_s060t20_b0637300_a_U000599000
# [2024-05-14 09:59:25] INFO: Writing to disk took 16.6105 seconds
# [2024-05-14 09:59:25] INFO: ======================================================================
# [2024-05-14 09:59:25] INFO: Start sweeping...
# [2024-05-14 10:06:13] INFO: It took 407.693 seconds to do 500 HBOR sweeps.
# [2024-05-14 10:06:13] INFO: Plaquette = 0.628484
# [2024-05-14 10:06:13] INFO: Polyakov loop = (0.00100362,-0.0002515)
# [2024-05-14 10:06:13] INFO: Writing conf to disk...
# [2024-05-14 10:06:13] INFO: writeconf_nersc: Writing NERSC configuration ./conf_s060t20_b0637300_a_U000599500
# [2024-05-14 10:06:16] INFO: Calculated checksum: ea3d7eb4
# [2024-05-14 10:06:22] INFO: Calculated checksum: 543623a2
# [2024-05-14 10:06:22] INFO: Writing RNGSTATE file: ./rand_s060t20_b0637300_a_U000599500
# [2024-05-14 10:06:22] INFO: Writing to disk took 9.69944 seconds
# [2024-05-14 10:06:22] INFO: ======================================================================
# [2024-05-14 10:06:22] INFO: Start sweeping...
# [2024-05-14 10:13:08] INFO: It took 405.648 seconds to do 500 HBOR sweeps.
# [2024-05-14 10:13:08] INFO: Plaquette = 0.628466
# [2024-05-14 10:13:08] INFO: Polyakov loop = (-0.000892059,0.000120388)
# [2024-05-14 10:13:08] INFO: Writing conf to disk...
# [2024-05-14 10:13:08] INFO: writeconf_nersc: Writing NERSC configuration ./conf_s060t20_b0637300_a_U000600000
# [2024-05-14 10:13:11] INFO: Calculated checksum: 8c221df0
# [2024-05-14 10:13:17] INFO: Calculated checksum: 4145e609
# [2024-05-14 10:13:17] INFO: Writing RNGSTATE file: ./rand_s060t20_b0637300_a_U000600000
# [2024-05-14 10:13:18] INFO: Writing to disk took 9.64903 seconds
# [2024-05-14 10:13:18] INFO: Finalizing MPI
