
Currently Loaded Modules:
  1) chpc/1.0      (S)   3) gcc/8.5.0      5) mpich/3.4.2
  2) python/3.10.3       4) cmake/3.26.0   6) cuda/11.6.2 (g)

  Where:
   S:  Module is Sticky, requires --force to unload or purge
   g:  built for GPU

 

# [2024-05-14 05:58:59] INFO: Running SIMULATeQCD
# [2024-05-14 05:58:59] INFO: Git commit version: 43e2518
# [2024-05-14 05:58:59] INFO: Initializing MPI with (1 proc)
# [2024-05-14 05:58:59] INFO: Reading parameters from file :: GenerateQuenched_b6755.param
# [2024-05-14 05:58:59] INFO: # PARAM :: Lattice = 60 60 60 20 
# [2024-05-14 05:58:59] INFO: # PARAM :: Nodes = 1 1 1 1 
# [2024-05-14 05:58:59] INFO: # PARAM :: Topology = 0 0 0 0  (default)
# [2024-05-14 05:58:59] INFO: # PARAM :: beta = 6.755
# [2024-05-14 05:58:59] INFO: # PARAM :: format = nersc
# [2024-05-14 05:58:59] INFO: # PARAM :: endianness = auto
# [2024-05-14 05:58:59] INFO: # PARAM :: conf_nr = 550000
# [2024-05-14 05:58:59] INFO: # PARAM :: stream = a
# [2024-05-14 05:58:59] INFO: # PARAM :: prec_out = 0 (default)
# [2024-05-14 05:58:59] INFO: # PARAM :: measurements_dir = ./ (default)
# [2024-05-14 05:58:59] INFO: # PARAM :: use_unit_conf = 0 (default)
# [2024-05-14 05:58:59] INFO: # PARAM :: output_dir = .
# [2024-05-14 05:58:59] INFO: # PARAM :: nconfs = 100
# [2024-05-14 05:58:59] INFO: # PARAM :: nsweeps_ORperHB = 4
# [2024-05-14 05:58:59] INFO: # PARAM :: nsweeps_HBwithOR = 500
# [2024-05-14 05:58:59] INFO: # PARAM :: prev_conf = conf_s060t20_b0675500_a_U000550000
# [2024-05-14 05:58:59] INFO: # PARAM :: prev_rand = rand_s060t20_b0675500_a_U000550000
# [2024-05-14 05:58:59] INFO: > Running on:
# [2024-05-14 05:58:59] INFO: [Rank 0] > notch004 CPU_35 GPU_AF; MPI: world_rank=0, node_rank=0, coord: ( 0 0 0 0 )
# [2024-05-14 05:58:59] INFO: > Is MPI CUDA-aware? @compilation 
# [2024-05-14 05:58:59] INFO: > GPU compute capability: 75
# [2024-05-14 05:58:59] INFO: > Checking support for P2P (Peer-to-Peer) and UVA (Unified Virtual Addressing):
# [2024-05-14 05:58:59] INFO: [Rank 0] > notch004 GPU_AF(NVIDIA GeForce RTX 2080 Ti): P2P NO ; UVA YES
# [2024-05-14 05:59:00] INFO: Initialize Indexer with HaloDepth = 1[0;33m[0m
# [2024-05-14 05:59:00] INFO: Resuming previous run.
# [2024-05-14 05:59:00] INFO: readconf_nersc: Reading NERSC configuration conf_s060t20_b0675500_a_U000550000
# [2024-05-14 05:59:17] INFO: Next conf_number will be 550500
# [2024-05-14 05:59:17] INFO: Generating up to 100 confs with a separation of 500 HBOR sweeps (OR/HB = 4) ...
# [2024-05-14 05:59:17] INFO: ======================================================================
# [2024-05-14 05:59:17] INFO: Start sweeping...
# [2024-05-14 06:05:57] INFO: It took 400.788 seconds to do 500 HBOR sweeps.
# [2024-05-14 06:05:57] INFO: Plaquette = 0.656296
# [2024-05-14 06:05:57] INFO: Polyakov loop = (0.00199748,0.000747935)
# [2024-05-14 06:05:57] INFO: Writing conf to disk...
# [2024-05-14 06:05:57] INFO: writeconf_nersc: Writing NERSC configuration ./conf_s060t20_b0675500_a_U000550500
# [2024-05-14 06:06:01] INFO: Calculated checksum: af7c6daa
# [2024-05-14 06:06:09] INFO: Calculated checksum: 3484dd9f
# [2024-05-14 06:06:09] INFO: Writing RNGSTATE file: ./rand_s060t20_b0675500_a_U000550500
# [2024-05-14 06:06:09] INFO: Writing to disk took 11.9225 seconds
# [2024-05-14 06:06:09] INFO: ======================================================================
# [2024-05-14 06:06:09] INFO: Start sweeping...
# [2024-05-14 06:12:51] INFO: It took 401.643 seconds to do 500 HBOR sweeps.
# [2024-05-14 06:12:51] INFO: Plaquette = 0.656278
# [2024-05-14 06:12:51] INFO: Polyakov loop = (0.00108922,-0.000711061)
# [2024-05-14 06:12:51] INFO: Writing conf to disk...
# [2024-05-14 06:12:51] INFO: writeconf_nersc: Writing NERSC configuration ./conf_s060t20_b0675500_a_U000551000
# [2024-05-14 06:12:55] INFO: Calculated checksum: 66c3f97c
# [2024-05-14 06:13:05] INFO: Calculated checksum: c5de6aa8
# [2024-05-14 06:13:05] INFO: Writing RNGSTATE file: ./rand_s060t20_b0675500_a_U000551000
# [2024-05-14 06:13:06] INFO: Writing to disk took 14.8083 seconds
# [2024-05-14 06:13:06] INFO: ======================================================================
# [2024-05-14 06:13:06] INFO: Start sweeping...
# [2024-05-14 06:19:47] INFO: It took 401.523 seconds to do 500 HBOR sweeps.
# [2024-05-14 06:19:47] INFO: Plaquette = 0.656258
# [2024-05-14 06:19:47] INFO: Polyakov loop = (0.00192162,0.000331681)
# [2024-05-14 06:19:47] INFO: Writing conf to disk...
# [2024-05-14 06:19:47] INFO: writeconf_nersc: Writing NERSC configuration ./conf_s060t20_b0675500_a_U000551500
# [2024-05-14 06:19:51] INFO: Calculated checksum: 36c73489
# [2024-05-14 06:20:04] INFO: Calculated checksum: bbcac11a
# [2024-05-14 06:20:04] INFO: Writing RNGSTATE file: ./rand_s060t20_b0675500_a_U000551500
# [2024-05-14 06:20:05] INFO: Writing to disk took 17.6069 seconds
# [2024-05-14 06:20:05] INFO: ======================================================================
# [2024-05-14 06:20:05] INFO: Start sweeping...
# [2024-05-14 06:26:46] INFO: It took 401.406 seconds to do 500 HBOR sweeps.
# [2024-05-14 06:26:47] INFO: Plaquette = 0.656281
# [2024-05-14 06:26:47] INFO: Polyakov loop = (0.00196886,-0.00169795)
# [2024-05-14 06:26:47] INFO: Writing conf to disk...
# [2024-05-14 06:26:47] INFO: writeconf_nersc: Writing NERSC configuration ./conf_s060t20_b0675500_a_U000552000
# [2024-05-14 06:26:51] INFO: Calculated checksum: d2312791
# [2024-05-14 06:27:03] INFO: Calculated checksum: 110bc952
# [2024-05-14 06:27:03] INFO: Writing RNGSTATE file: ./rand_s060t20_b0675500_a_U000552000
# [2024-05-14 06:27:03] INFO: Writing to disk took 16.0435 seconds
# [2024-05-14 06:27:03] INFO: ======================================================================
# [2024-05-14 06:27:03] INFO: Start sweeping...
# [2024-05-14 06:33:45] INFO: It took 401.362 seconds to do 500 HBOR sweeps.
# [2024-05-14 06:33:45] INFO: Plaquette = 0.656168
# [2024-05-14 06:33:45] INFO: Polyakov loop = (0.00294443,0.000584788)
# [2024-05-14 06:33:45] INFO: Writing conf to disk...
# [2024-05-14 06:33:45] INFO: writeconf_nersc: Writing NERSC configuration ./conf_s060t20_b0675500_a_U000552500
# [2024-05-14 06:33:49] INFO: Calculated checksum: f80d0779
# [2024-05-14 06:33:58] INFO: Calculated checksum: 61f94a
# [2024-05-14 06:33:58] INFO: Writing RNGSTATE file: ./rand_s060t20_b0675500_a_U000552500
# [2024-05-14 06:33:58] INFO: Writing to disk took 13.4612 seconds
# [2024-05-14 06:33:58] INFO: ======================================================================
# [2024-05-14 06:33:58] INFO: Start sweeping...
# [2024-05-14 06:40:40] INFO: It took 401.459 seconds to do 500 HBOR sweeps.
# [2024-05-14 06:40:40] INFO: Plaquette = 0.656272
# [2024-05-14 06:40:40] INFO: Polyakov loop = (0.000815023,-7.83957e-05)
# [2024-05-14 06:40:40] INFO: Writing conf to disk...
# [2024-05-14 06:40:40] INFO: writeconf_nersc: Writing NERSC configuration ./conf_s060t20_b0675500_a_U000553000
# [2024-05-14 06:40:44] INFO: Calculated checksum: b736af2f
# [2024-05-14 06:40:57] INFO: Calculated checksum: 3230b0bc
# [2024-05-14 06:40:57] INFO: Writing RNGSTATE file: ./rand_s060t20_b0675500_a_U000553000
# [2024-05-14 06:40:57] INFO: Writing to disk took 17.2336 seconds
# [2024-05-14 06:40:57] INFO: ======================================================================
# [2024-05-14 06:40:57] INFO: Start sweeping...
# [2024-05-14 06:47:38] INFO: It took 401.306 seconds to do 500 HBOR sweeps.
# [2024-05-14 06:47:38] INFO: Plaquette = 0.656255
# [2024-05-14 06:47:38] INFO: Polyakov loop = (0.00324374,0.000239344)
# [2024-05-14 06:47:38] INFO: Writing conf to disk...
# [2024-05-14 06:47:38] INFO: writeconf_nersc: Writing NERSC configuration ./conf_s060t20_b0675500_a_U000553500
# [2024-05-14 06:47:42] INFO: Calculated checksum: 7c0f2ac3
# [2024-05-14 06:47:51] INFO: Calculated checksum: f9846716
# [2024-05-14 06:47:51] INFO: Writing RNGSTATE file: ./rand_s060t20_b0675500_a_U000553500
# [2024-05-14 06:47:51] INFO: Writing to disk took 12.698 seconds
# [2024-05-14 06:47:51] INFO: ======================================================================
# [2024-05-14 06:47:51] INFO: Start sweeping...
# [2024-05-14 06:54:32] INFO: It took 401.446 seconds to do 500 HBOR sweeps.
# [2024-05-14 06:54:32] INFO: Plaquette = 0.656247
# [2024-05-14 06:54:33] INFO: Polyakov loop = (0.0016114,-0.000557951)
# [2024-05-14 06:54:33] INFO: Writing conf to disk...
# [2024-05-14 06:54:33] INFO: writeconf_nersc: Writing NERSC configuration ./conf_s060t20_b0675500_a_U000554000
# [2024-05-14 06:54:36] INFO: Calculated checksum: fb7fdeb0
# [2024-05-14 06:54:43] INFO: Calculated checksum: ed789f3a
# [2024-05-14 06:54:43] INFO: Writing RNGSTATE file: ./rand_s060t20_b0675500_a_U000554000
# [2024-05-14 06:54:44] INFO: Writing to disk took 11.0587 seconds
# [2024-05-14 06:54:44] INFO: ======================================================================
# [2024-05-14 06:54:44] INFO: Start sweeping...
# [2024-05-14 07:01:25] INFO: It took 401.821 seconds to do 500 HBOR sweeps.
# [2024-05-14 07:01:25] INFO: Plaquette = 0.656217
# [2024-05-14 07:01:25] INFO: Polyakov loop = (0.0029327,0.000723987)
# [2024-05-14 07:01:25] INFO: Writing conf to disk...
# [2024-05-14 07:01:25] INFO: writeconf_nersc: Writing NERSC configuration ./conf_s060t20_b0675500_a_U000554500
# [2024-05-14 07:01:29] INFO: Calculated checksum: d99fb8c7
# [2024-05-14 07:01:36] INFO: Calculated checksum: 9ba54efb
# [2024-05-14 07:01:36] INFO: Writing RNGSTATE file: ./rand_s060t20_b0675500_a_U000554500
# [2024-05-14 07:01:36] INFO: Writing to disk took 11.0102 seconds
# [2024-05-14 07:01:36] INFO: ======================================================================
# [2024-05-14 07:01:36] INFO: Start sweeping...
# [2024-05-14 07:08:18] INFO: It took 401.762 seconds to do 500 HBOR sweeps.
# [2024-05-14 07:08:18] INFO: Plaquette = 0.656304
# [2024-05-14 07:08:18] INFO: Polyakov loop = (0.00172736,-1.70076e-05)
# [2024-05-14 07:08:18] INFO: Writing conf to disk...
# [2024-05-14 07:08:18] INFO: writeconf_nersc: Writing NERSC configuration ./conf_s060t20_b0675500_a_U000555000
# [2024-05-14 07:08:22] INFO: Calculated checksum: 290ea566
# [2024-05-14 07:08:31] INFO: Calculated checksum: c2eefb22
# [2024-05-14 07:08:31] INFO: Writing RNGSTATE file: ./rand_s060t20_b0675500_a_U000555000
# [2024-05-14 07:08:31] INFO: Writing to disk took 12.6981 seconds
# [2024-05-14 07:08:31] INFO: ======================================================================
# [2024-05-14 07:08:31] INFO: Start sweeping...
# [2024-05-14 07:15:12] INFO: It took 401.473 seconds to do 500 HBOR sweeps.
# [2024-05-14 07:15:13] INFO: Plaquette = 0.656249
# [2024-05-14 07:15:13] INFO: Polyakov loop = (0.0033027,1.02493e-05)
# [2024-05-14 07:15:13] INFO: Writing conf to disk...
# [2024-05-14 07:15:13] INFO: writeconf_nersc: Writing NERSC configuration ./conf_s060t20_b0675500_a_U000555500
# [2024-05-14 07:15:16] INFO: Calculated checksum: 3cc43f3e
# [2024-05-14 07:15:23] INFO: Calculated checksum: b800603f
# [2024-05-14 07:15:23] INFO: Writing RNGSTATE file: ./rand_s060t20_b0675500_a_U000555500
# [2024-05-14 07:15:23] INFO: Writing to disk took 10.4722 seconds
# [2024-05-14 07:15:23] INFO: ======================================================================
# [2024-05-14 07:15:23] INFO: Start sweeping...
# [2024-05-14 07:22:05] INFO: It took 401.552 seconds to do 500 HBOR sweeps.
# [2024-05-14 07:22:05] INFO: Plaquette = 0.656244
# [2024-05-14 07:22:05] INFO: Polyakov loop = (0.00118188,0.00038964)
# [2024-05-14 07:22:05] INFO: Writing conf to disk...
# [2024-05-14 07:22:05] INFO: writeconf_nersc: Writing NERSC configuration ./conf_s060t20_b0675500_a_U000556000
# [2024-05-14 07:22:08] INFO: Calculated checksum: 48755be
# [2024-05-14 07:22:16] INFO: Calculated checksum: ea42aae2
# [2024-05-14 07:22:16] INFO: Writing RNGSTATE file: ./rand_s060t20_b0675500_a_U000556000
# [2024-05-14 07:22:17] INFO: Writing to disk took 11.9176 seconds
# [2024-05-14 07:22:17] INFO: ======================================================================
# [2024-05-14 07:22:17] INFO: Start sweeping...
# [2024-05-14 07:28:58] INFO: It took 401.512 seconds to do 500 HBOR sweeps.
# [2024-05-14 07:28:58] INFO: Plaquette = 0.656268
# [2024-05-14 07:28:58] INFO: Polyakov loop = (0.00127867,0.000278349)
# [2024-05-14 07:28:58] INFO: Writing conf to disk...
# [2024-05-14 07:28:58] INFO: writeconf_nersc: Writing NERSC configuration ./conf_s060t20_b0675500_a_U000556500
# [2024-05-14 07:29:02] INFO: Calculated checksum: f82a7c53
# [2024-05-14 07:29:15] INFO: Calculated checksum: 1c7f3fb1
# [2024-05-14 07:29:15] INFO: Writing RNGSTATE file: ./rand_s060t20_b0675500_a_U000556500
# [2024-05-14 07:29:16] INFO: Writing to disk took 18.0039 seconds
# [2024-05-14 07:29:16] INFO: ======================================================================
# [2024-05-14 07:29:16] INFO: Start sweeping...
# [2024-05-14 07:35:57] INFO: It took 401.381 seconds to do 500 HBOR sweeps.
# [2024-05-14 07:35:57] INFO: Plaquette = 0.656163
# [2024-05-14 07:35:57] INFO: Polyakov loop = (0.00138382,-0.000178141)
# [2024-05-14 07:35:57] INFO: Writing conf to disk...
# [2024-05-14 07:35:57] INFO: writeconf_nersc: Writing NERSC configuration ./conf_s060t20_b0675500_a_U000557000
# [2024-05-14 07:36:01] INFO: Calculated checksum: bf6a796e
# [2024-05-14 07:36:18] INFO: Calculated checksum: 6cc69e5d
# [2024-05-14 07:36:18] INFO: Writing RNGSTATE file: ./rand_s060t20_b0675500_a_U000557000
# [2024-05-14 07:36:18] INFO: Writing to disk took 20.8568 seconds
# [2024-05-14 07:36:18] INFO: ======================================================================
# [2024-05-14 07:36:18] INFO: Start sweeping...
# [2024-05-14 07:43:00] INFO: It took 401.356 seconds to do 500 HBOR sweeps.
# [2024-05-14 07:43:00] INFO: Plaquette = 0.656217
# [2024-05-14 07:43:00] INFO: Polyakov loop = (0.00096295,-0.000196251)
# [2024-05-14 07:43:00] INFO: Writing conf to disk...
# [2024-05-14 07:43:00] INFO: writeconf_nersc: Writing NERSC configuration ./conf_s060t20_b0675500_a_U000557500
# [2024-05-14 07:43:04] INFO: Calculated checksum: c2c9d3fa
# [2024-05-14 07:43:12] INFO: Calculated checksum: 42c0f3e8
# [2024-05-14 07:43:12] INFO: Writing RNGSTATE file: ./rand_s060t20_b0675500_a_U000557500
# [2024-05-14 07:43:12] INFO: Writing to disk took 12.1361 seconds
# [2024-05-14 07:43:12] INFO: ======================================================================
# [2024-05-14 07:43:12] INFO: Start sweeping...
# [2024-05-14 07:49:54] INFO: It took 401.696 seconds to do 500 HBOR sweeps.
# [2024-05-14 07:49:54] INFO: Plaquette = 0.656363
# [2024-05-14 07:49:54] INFO: Polyakov loop = (0.00150002,9.67811e-05)
# [2024-05-14 07:49:54] INFO: Writing conf to disk...
# [2024-05-14 07:49:54] INFO: writeconf_nersc: Writing NERSC configuration ./conf_s060t20_b0675500_a_U000558000
# [2024-05-14 07:49:57] INFO: Calculated checksum: 96ef1d4a
# [2024-05-14 07:50:10] INFO: Calculated checksum: c6922115
# [2024-05-14 07:50:10] INFO: Writing RNGSTATE file: ./rand_s060t20_b0675500_a_U000558000
# [2024-05-14 07:50:10] INFO: Writing to disk took 16.7277 seconds
# [2024-05-14 07:50:10] INFO: ======================================================================
# [2024-05-14 07:50:10] INFO: Start sweeping...
# [2024-05-14 07:56:52] INFO: It took 401.655 seconds to do 500 HBOR sweeps.
# [2024-05-14 07:56:52] INFO: Plaquette = 0.656271
# [2024-05-14 07:56:52] INFO: Polyakov loop = (0.00126197,4.44564e-05)
# [2024-05-14 07:56:52] INFO: Writing conf to disk...
# [2024-05-14 07:56:52] INFO: writeconf_nersc: Writing NERSC configuration ./conf_s060t20_b0675500_a_U000558500
# [2024-05-14 07:56:56] INFO: Calculated checksum: b9bf5ad3
# [2024-05-14 07:57:12] INFO: Calculated checksum: e57a7fa2
# [2024-05-14 07:57:12] INFO: Writing RNGSTATE file: ./rand_s060t20_b0675500_a_U000558500
# [2024-05-14 07:57:12] INFO: Writing to disk took 20.378 seconds
# [2024-05-14 07:57:12] INFO: ======================================================================
# [2024-05-14 07:57:12] INFO: Start sweeping...
# [2024-05-14 08:03:54] INFO: It took 401.489 seconds to do 500 HBOR sweeps.
# [2024-05-14 08:03:54] INFO: Plaquette = 0.656227
# [2024-05-14 08:03:54] INFO: Polyakov loop = (0.00208552,0.000142395)
# [2024-05-14 08:03:54] INFO: Writing conf to disk...
# [2024-05-14 08:03:54] INFO: writeconf_nersc: Writing NERSC configuration ./conf_s060t20_b0675500_a_U000559000
# [2024-05-14 08:03:58] INFO: Calculated checksum: 99943629
# [2024-05-14 08:04:17] INFO: Calculated checksum: c07b381b
# [2024-05-14 08:04:17] INFO: Writing RNGSTATE file: ./rand_s060t20_b0675500_a_U000559000
# [2024-05-14 08:04:17] INFO: Writing to disk took 23.18 seconds
# [2024-05-14 08:04:17] INFO: ======================================================================
# [2024-05-14 08:04:17] INFO: Start sweeping...
# [2024-05-14 08:10:59] INFO: It took 401.343 seconds to do 500 HBOR sweeps.
# [2024-05-14 08:10:59] INFO: Plaquette = 0.656327
# [2024-05-14 08:10:59] INFO: Polyakov loop = (0.00158793,-0.00057851)
# [2024-05-14 08:10:59] INFO: Writing conf to disk...
# [2024-05-14 08:10:59] INFO: writeconf_nersc: Writing NERSC configuration ./conf_s060t20_b0675500_a_U000559500
# [2024-05-14 08:11:02] INFO: Calculated checksum: 8e99c0ce
# [2024-05-14 08:11:13] INFO: Calculated checksum: 6e85199
# [2024-05-14 08:11:13] INFO: Writing RNGSTATE file: ./rand_s060t20_b0675500_a_U000559500
# [2024-05-14 08:11:13] INFO: Writing to disk took 14.7755 seconds
# [2024-05-14 08:11:13] INFO: ======================================================================
# [2024-05-14 08:11:13] INFO: Start sweeping...
# [2024-05-14 08:17:55] INFO: It took 401.549 seconds to do 500 HBOR sweeps.
# [2024-05-14 08:17:55] INFO: Plaquette = 0.656286
# [2024-05-14 08:17:55] INFO: Polyakov loop = (0.0013026,0.00049765)
# [2024-05-14 08:17:55] INFO: Writing conf to disk...
# [2024-05-14 08:17:55] INFO: writeconf_nersc: Writing NERSC configuration ./conf_s060t20_b0675500_a_U000560000
# [2024-05-14 08:17:59] INFO: Calculated checksum: a9d372a4
# [2024-05-14 08:18:16] INFO: Calculated checksum: 6c19d62b
# [2024-05-14 08:18:16] INFO: Writing RNGSTATE file: ./rand_s060t20_b0675500_a_U000560000
# [2024-05-14 08:18:17] INFO: Writing to disk took 22.3179 seconds
# [2024-05-14 08:18:17] INFO: ======================================================================
# [2024-05-14 08:18:17] INFO: Start sweeping...
# [2024-05-14 08:24:58] INFO: It took 401.243 seconds to do 500 HBOR sweeps.
# [2024-05-14 08:24:59] INFO: Plaquette = 0.656405
# [2024-05-14 08:24:59] INFO: Polyakov loop = (0.00157361,-0.000190959)
# [2024-05-14 08:24:59] INFO: Writing conf to disk...
# [2024-05-14 08:24:59] INFO: writeconf_nersc: Writing NERSC configuration ./conf_s060t20_b0675500_a_U000560500
# [2024-05-14 08:25:02] INFO: Calculated checksum: fac94cc3
# [2024-05-14 08:25:12] INFO: Calculated checksum: 4a98d220
# [2024-05-14 08:25:12] INFO: Writing RNGSTATE file: ./rand_s060t20_b0675500_a_U000560500
# [2024-05-14 08:25:12] INFO: Writing to disk took 13.4481 seconds
# [2024-05-14 08:25:12] INFO: ======================================================================
# [2024-05-14 08:25:12] INFO: Start sweeping...
# [2024-05-14 08:31:54] INFO: It took 401.664 seconds to do 500 HBOR sweeps.
# [2024-05-14 08:31:54] INFO: Plaquette = 0.656348
# [2024-05-14 08:31:54] INFO: Polyakov loop = (0.00165454,-0.00040599)
# [2024-05-14 08:31:54] INFO: Writing conf to disk...
# [2024-05-14 08:31:54] INFO: writeconf_nersc: Writing NERSC configuration ./conf_s060t20_b0675500_a_U000561000
# [2024-05-14 08:31:57] INFO: Calculated checksum: d908dc72
# [2024-05-14 08:32:12] INFO: Calculated checksum: 855c394d
# [2024-05-14 08:32:12] INFO: Writing RNGSTATE file: ./rand_s060t20_b0675500_a_U000561000
# [2024-05-14 08:32:12] INFO: Writing to disk took 18.7735 seconds
# [2024-05-14 08:32:12] INFO: ======================================================================
# [2024-05-14 08:32:12] INFO: Start sweeping...
# [2024-05-14 08:38:54] INFO: It took 401.499 seconds to do 500 HBOR sweeps.
# [2024-05-14 08:38:54] INFO: Plaquette = 0.65632
# [2024-05-14 08:38:54] INFO: Polyakov loop = (0.00177224,-0.000492856)
# [2024-05-14 08:38:54] INFO: Writing conf to disk...
# [2024-05-14 08:38:54] INFO: writeconf_nersc: Writing NERSC configuration ./conf_s060t20_b0675500_a_U000561500
# [2024-05-14 08:38:58] INFO: Calculated checksum: 554e20c5
# [2024-05-14 08:39:09] INFO: Calculated checksum: 92378afc
# [2024-05-14 08:39:09] INFO: Writing RNGSTATE file: ./rand_s060t20_b0675500_a_U000561500
# [2024-05-14 08:39:10] INFO: Writing to disk took 15.6078 seconds
# [2024-05-14 08:39:10] INFO: ======================================================================
# [2024-05-14 08:39:10] INFO: Start sweeping...
# [2024-05-14 08:45:51] INFO: It took 401.666 seconds to do 500 HBOR sweeps.
# [2024-05-14 08:45:51] INFO: Plaquette = 0.65627
# [2024-05-14 08:45:51] INFO: Polyakov loop = (0.00287182,-0.00161999)
# [2024-05-14 08:45:51] INFO: Writing conf to disk...
# [2024-05-14 08:45:51] INFO: writeconf_nersc: Writing NERSC configuration ./conf_s060t20_b0675500_a_U000562000
# [2024-05-14 08:45:55] INFO: Calculated checksum: b17b6496
# [2024-05-14 08:46:04] INFO: Calculated checksum: b6fe271
# [2024-05-14 08:46:04] INFO: Writing RNGSTATE file: ./rand_s060t20_b0675500_a_U000562000
# [2024-05-14 08:46:04] INFO: Writing to disk took 12.515 seconds
# [2024-05-14 08:46:04] INFO: ======================================================================
# [2024-05-14 08:46:04] INFO: Start sweeping...
# [2024-05-14 08:52:46] INFO: It took 401.753 seconds to do 500 HBOR sweeps.
# [2024-05-14 08:52:46] INFO: Plaquette = 0.656258
# [2024-05-14 08:52:46] INFO: Polyakov loop = (0.00180573,-0.00034366)
# [2024-05-14 08:52:46] INFO: Writing conf to disk...
# [2024-05-14 08:52:46] INFO: writeconf_nersc: Writing NERSC configuration ./conf_s060t20_b0675500_a_U000562500
# [2024-05-14 08:52:49] INFO: Calculated checksum: f5a798ec
# [2024-05-14 08:52:59] INFO: Calculated checksum: 7297874
# [2024-05-14 08:52:59] INFO: Writing RNGSTATE file: ./rand_s060t20_b0675500_a_U000562500
# [2024-05-14 08:52:59] INFO: Writing to disk took 13.7057 seconds
# [2024-05-14 08:52:59] INFO: ======================================================================
# [2024-05-14 08:52:59] INFO: Start sweeping...
# [2024-05-14 08:59:41] INFO: It took 401.761 seconds to do 500 HBOR sweeps.
# [2024-05-14 08:59:41] INFO: Plaquette = 0.656285
# [2024-05-14 08:59:41] INFO: Polyakov loop = (0.0013809,-0.000483943)
# [2024-05-14 08:59:41] INFO: Writing conf to disk...
# [2024-05-14 08:59:41] INFO: writeconf_nersc: Writing NERSC configuration ./conf_s060t20_b0675500_a_U000563000
# [2024-05-14 08:59:45] INFO: Calculated checksum: 7e91a854
# [2024-05-14 08:59:57] INFO: Calculated checksum: a73934c1
# [2024-05-14 08:59:57] INFO: Writing RNGSTATE file: ./rand_s060t20_b0675500_a_U000563000
# [2024-05-14 08:59:57] INFO: Writing to disk took 16.2692 seconds
# [2024-05-14 08:59:57] INFO: ======================================================================
# [2024-05-14 08:59:57] INFO: Start sweeping...
# [2024-05-14 09:06:39] INFO: It took 401.708 seconds to do 500 HBOR sweeps.
# [2024-05-14 09:06:39] INFO: Plaquette = 0.65625
# [2024-05-14 09:06:39] INFO: Polyakov loop = (0.00162732,0.00044492)
# [2024-05-14 09:06:39] INFO: Writing conf to disk...
# [2024-05-14 09:06:39] INFO: writeconf_nersc: Writing NERSC configuration ./conf_s060t20_b0675500_a_U000563500
# [2024-05-14 09:06:43] INFO: Calculated checksum: 3ecf05f8
# [2024-05-14 09:06:51] INFO: Calculated checksum: c5c7501
# [2024-05-14 09:06:51] INFO: Writing RNGSTATE file: ./rand_s060t20_b0675500_a_U000563500
# [2024-05-14 09:06:51] INFO: Writing to disk took 12.1009 seconds
# [2024-05-14 09:06:51] INFO: ======================================================================
# [2024-05-14 09:06:51] INFO: Start sweeping...
# [2024-05-14 09:13:33] INFO: It took 401.745 seconds to do 500 HBOR sweeps.
# [2024-05-14 09:13:33] INFO: Plaquette = 0.656212
# [2024-05-14 09:13:33] INFO: Polyakov loop = (0.000996307,-0.000124903)
# [2024-05-14 09:13:33] INFO: Writing conf to disk...
# [2024-05-14 09:13:33] INFO: writeconf_nersc: Writing NERSC configuration ./conf_s060t20_b0675500_a_U000564000
# [2024-05-14 09:13:37] INFO: Calculated checksum: da04937
# [2024-05-14 09:13:44] INFO: Calculated checksum: 9942556d
# [2024-05-14 09:13:44] INFO: Writing RNGSTATE file: ./rand_s060t20_b0675500_a_U000564000
# [2024-05-14 09:13:44] INFO: Writing to disk took 11.1782 seconds
# [2024-05-14 09:13:44] INFO: ======================================================================
# [2024-05-14 09:13:44] INFO: Start sweeping...
# [2024-05-14 09:20:26] INFO: It took 401.644 seconds to do 500 HBOR sweeps.
# [2024-05-14 09:20:26] INFO: Plaquette = 0.656272
# [2024-05-14 09:20:26] INFO: Polyakov loop = (0.00195581,-8.33967e-06)
# [2024-05-14 09:20:26] INFO: Writing conf to disk...
# [2024-05-14 09:20:26] INFO: writeconf_nersc: Writing NERSC configuration ./conf_s060t20_b0675500_a_U000564500
# [2024-05-14 09:20:30] INFO: Calculated checksum: d2c330e3
# [2024-05-14 09:20:40] INFO: Calculated checksum: 198e88bf
# [2024-05-14 09:20:40] INFO: Writing RNGSTATE file: ./rand_s060t20_b0675500_a_U000564500
# [2024-05-14 09:20:40] INFO: Writing to disk took 14.2332 seconds
# [2024-05-14 09:20:40] INFO: ======================================================================
# [2024-05-14 09:20:40] INFO: Start sweeping...
# [2024-05-14 09:27:22] INFO: It took 401.451 seconds to do 500 HBOR sweeps.
# [2024-05-14 09:27:22] INFO: Plaquette = 0.656337
# [2024-05-14 09:27:22] INFO: Polyakov loop = (0.000545562,0.000701487)
# [2024-05-14 09:27:22] INFO: Writing conf to disk...
# [2024-05-14 09:27:22] INFO: writeconf_nersc: Writing NERSC configuration ./conf_s060t20_b0675500_a_U000565000
# [2024-05-14 09:27:26] INFO: Calculated checksum: 99844960
# [2024-05-14 09:27:37] INFO: Calculated checksum: 5b38263e
# [2024-05-14 09:27:37] INFO: Writing RNGSTATE file: ./rand_s060t20_b0675500_a_U000565000
# [2024-05-14 09:27:37] INFO: Writing to disk took 15.3963 seconds
# [2024-05-14 09:27:37] INFO: ======================================================================
# [2024-05-14 09:27:37] INFO: Start sweeping...
# [2024-05-14 09:34:19] INFO: It took 401.4 seconds to do 500 HBOR sweeps.
# [2024-05-14 09:34:19] INFO: Plaquette = 0.656351
# [2024-05-14 09:34:19] INFO: Polyakov loop = (0.00157004,-0.000295063)
# [2024-05-14 09:34:19] INFO: Writing conf to disk...
# [2024-05-14 09:34:19] INFO: writeconf_nersc: Writing NERSC configuration ./conf_s060t20_b0675500_a_U000565500
# [2024-05-14 09:34:22] INFO: Calculated checksum: 2dd88564
# [2024-05-14 09:34:37] INFO: Calculated checksum: c81c27af
# [2024-05-14 09:34:37] INFO: Writing RNGSTATE file: ./rand_s060t20_b0675500_a_U000565500
# [2024-05-14 09:34:37] INFO: Writing to disk took 18.0983 seconds
# [2024-05-14 09:34:37] INFO: ======================================================================
# [2024-05-14 09:34:37] INFO: Start sweeping...
# [2024-05-14 09:41:18] INFO: It took 401.483 seconds to do 500 HBOR sweeps.
# [2024-05-14 09:41:18] INFO: Plaquette = 0.656269
# [2024-05-14 09:41:18] INFO: Polyakov loop = (0.00150231,-0.00045081)
# [2024-05-14 09:41:18] INFO: Writing conf to disk...
# [2024-05-14 09:41:18] INFO: writeconf_nersc: Writing NERSC configuration ./conf_s060t20_b0675500_a_U000566000
# [2024-05-14 09:41:22] INFO: Calculated checksum: 543eb0bf
# [2024-05-14 09:41:32] INFO: Calculated checksum: 6e5797fe
# [2024-05-14 09:41:32] INFO: Writing RNGSTATE file: ./rand_s060t20_b0675500_a_U000566000
# [2024-05-14 09:41:33] INFO: Writing to disk took 14.3789 seconds
# [2024-05-14 09:41:33] INFO: ======================================================================
# [2024-05-14 09:41:33] INFO: Start sweeping...
# [2024-05-14 09:48:14] INFO: It took 401.597 seconds to do 500 HBOR sweeps.
# [2024-05-14 09:48:14] INFO: Plaquette = 0.65627
# [2024-05-14 09:48:14] INFO: Polyakov loop = (0.00214004,5.43459e-06)
# [2024-05-14 09:48:14] INFO: Writing conf to disk...
# [2024-05-14 09:48:14] INFO: writeconf_nersc: Writing NERSC configuration ./conf_s060t20_b0675500_a_U000566500
# [2024-05-14 09:48:18] INFO: Calculated checksum: 6c52d3d2
# [2024-05-14 09:48:27] INFO: Calculated checksum: 7a74fca0
# [2024-05-14 09:48:27] INFO: Writing RNGSTATE file: ./rand_s060t20_b0675500_a_U000566500
# [2024-05-14 09:48:27] INFO: Writing to disk took 12.5698 seconds
# [2024-05-14 09:48:27] INFO: ======================================================================
# [2024-05-14 09:48:27] INFO: Start sweeping...
# [2024-05-14 09:55:09] INFO: It took 401.696 seconds to do 500 HBOR sweeps.
# [2024-05-14 09:55:09] INFO: Plaquette = 0.656296
# [2024-05-14 09:55:09] INFO: Polyakov loop = (0.00121367,0.000552852)
# [2024-05-14 09:55:09] INFO: Writing conf to disk...
# [2024-05-14 09:55:09] INFO: writeconf_nersc: Writing NERSC configuration ./conf_s060t20_b0675500_a_U000567000
# [2024-05-14 09:55:12] INFO: Calculated checksum: 57ae31ba
# [2024-05-14 09:55:23] INFO: Calculated checksum: b9473a43
# [2024-05-14 09:55:23] INFO: Writing RNGSTATE file: ./rand_s060t20_b0675500_a_U000567000
# [2024-05-14 09:55:24] INFO: Writing to disk took 15.009 seconds
# [2024-05-14 09:55:24] INFO: ======================================================================
# [2024-05-14 09:55:24] INFO: Start sweeping...
# [2024-05-14 10:02:06] INFO: It took 401.791 seconds to do 500 HBOR sweeps.
# [2024-05-14 10:02:06] INFO: Plaquette = 0.656333
# [2024-05-14 10:02:06] INFO: Polyakov loop = (0.00160589,0.000101042)
# [2024-05-14 10:02:06] INFO: Writing conf to disk...
# [2024-05-14 10:02:06] INFO: writeconf_nersc: Writing NERSC configuration ./conf_s060t20_b0675500_a_U000567500
# [2024-05-14 10:02:09] INFO: Calculated checksum: 34a4db06
# [2024-05-14 10:02:17] INFO: Calculated checksum: 2f61828e
# [2024-05-14 10:02:17] INFO: Writing RNGSTATE file: ./rand_s060t20_b0675500_a_U000567500
# [2024-05-14 10:02:17] INFO: Writing to disk took 11.2417 seconds
# [2024-05-14 10:02:17] INFO: ======================================================================
# [2024-05-14 10:02:17] INFO: Start sweeping...
# [2024-05-14 10:08:59] INFO: It took 401.759 seconds to do 500 HBOR sweeps.
# [2024-05-14 10:08:59] INFO: Plaquette = 0.656223
# [2024-05-14 10:08:59] INFO: Polyakov loop = (0.00115719,-0.000173232)
# [2024-05-14 10:08:59] INFO: Writing conf to disk...
# [2024-05-14 10:08:59] INFO: writeconf_nersc: Writing NERSC configuration ./conf_s060t20_b0675500_a_U000568000
# [2024-05-14 10:09:02] INFO: Calculated checksum: 8013452f
# [2024-05-14 10:09:11] INFO: Calculated checksum: e85868b
# [2024-05-14 10:09:11] INFO: Writing RNGSTATE file: ./rand_s060t20_b0675500_a_U000568000
# [2024-05-14 10:09:12] INFO: Writing to disk took 12.8745 seconds
# [2024-05-14 10:09:12] INFO: ======================================================================
# [2024-05-14 10:09:12] INFO: Start sweeping...
# [2024-05-14 10:15:53] INFO: It took 401.607 seconds to do 500 HBOR sweeps.
# [2024-05-14 10:15:53] INFO: Plaquette = 0.65633
# [2024-05-14 10:15:53] INFO: Polyakov loop = (0.00195889,-0.000150135)
# [2024-05-14 10:15:53] INFO: Writing conf to disk...
# [2024-05-14 10:15:53] INFO: writeconf_nersc: Writing NERSC configuration ./conf_s060t20_b0675500_a_U000568500
# [2024-05-14 10:15:57] INFO: Calculated checksum: cdbdeccd
# [2024-05-14 10:16:05] INFO: Calculated checksum: 908e6d79
# [2024-05-14 10:16:05] INFO: Writing RNGSTATE file: ./rand_s060t20_b0675500_a_U000568500
# [2024-05-14 10:16:05] INFO: Writing to disk took 12.2249 seconds
# [2024-05-14 10:16:05] INFO: ======================================================================
# [2024-05-14 10:16:05] INFO: Start sweeping...
# [2024-05-14 10:22:47] INFO: It took 401.526 seconds to do 500 HBOR sweeps.
# [2024-05-14 10:22:47] INFO: Plaquette = 0.656251
# [2024-05-14 10:22:47] INFO: Polyakov loop = (0.00238351,-0.000328669)
# [2024-05-14 10:22:47] INFO: Writing conf to disk...
# [2024-05-14 10:22:47] INFO: writeconf_nersc: Writing NERSC configuration ./conf_s060t20_b0675500_a_U000569000
# [2024-05-14 10:22:51] INFO: Calculated checksum: 38e1a092
# [2024-05-14 10:22:59] INFO: Calculated checksum: 41e8a375
# [2024-05-14 10:22:59] INFO: Writing RNGSTATE file: ./rand_s060t20_b0675500_a_U000569000
# [2024-05-14 10:22:59] INFO: Writing to disk took 11.8872 seconds
# [2024-05-14 10:22:59] INFO: ======================================================================
# [2024-05-14 10:22:59] INFO: Start sweeping...
# [2024-05-14 10:29:40] INFO: It took 401.551 seconds to do 500 HBOR sweeps.
# [2024-05-14 10:29:40] INFO: Plaquette = 0.656295
# [2024-05-14 10:29:41] INFO: Polyakov loop = (0.00289218,-0.000841176)
# [2024-05-14 10:29:41] INFO: Writing conf to disk...
# [2024-05-14 10:29:41] INFO: writeconf_nersc: Writing NERSC configuration ./conf_s060t20_b0675500_a_U000569500
# [2024-05-14 10:29:44] INFO: Calculated checksum: 9fde3d14
# [2024-05-14 10:29:52] INFO: Calculated checksum: 8577269c
# [2024-05-14 10:29:52] INFO: Writing RNGSTATE file: ./rand_s060t20_b0675500_a_U000569500
# [2024-05-14 10:29:53] INFO: Writing to disk took 12.2057 seconds
# [2024-05-14 10:29:53] INFO: ======================================================================
# [2024-05-14 10:29:53] INFO: Start sweeping...
# [2024-05-14 10:36:34] INFO: It took 401.555 seconds to do 500 HBOR sweeps.
# [2024-05-14 10:36:34] INFO: Plaquette = 0.656288
# [2024-05-14 10:36:34] INFO: Polyakov loop = (0.000271248,-0.000739868)
# [2024-05-14 10:36:34] INFO: Writing conf to disk...
# [2024-05-14 10:36:34] INFO: writeconf_nersc: Writing NERSC configuration ./conf_s060t20_b0675500_a_U000570000
# [2024-05-14 10:36:38] INFO: Calculated checksum: 5e2d764e
# [2024-05-14 10:36:49] INFO: Calculated checksum: deed2454
# [2024-05-14 10:36:49] INFO: Writing RNGSTATE file: ./rand_s060t20_b0675500_a_U000570000
# [2024-05-14 10:36:50] INFO: Writing to disk took 16.0207 seconds
# [2024-05-14 10:36:50] INFO: ======================================================================
# [2024-05-14 10:36:50] INFO: Start sweeping...
# [2024-05-14 10:43:32] INFO: It took 401.406 seconds to do 500 HBOR sweeps.
# [2024-05-14 10:43:32] INFO: Plaquette = 0.656325
# [2024-05-14 10:43:32] INFO: Polyakov loop = (0.00199507,0.000420089)
# [2024-05-14 10:43:32] INFO: Writing conf to disk...
# [2024-05-14 10:43:32] INFO: writeconf_nersc: Writing NERSC configuration ./conf_s060t20_b0675500_a_U000570500
# [2024-05-14 10:43:36] INFO: Calculated checksum: 64ba4a6b
# [2024-05-14 10:43:43] INFO: Calculated checksum: a559fa75
# [2024-05-14 10:43:43] INFO: Writing RNGSTATE file: ./rand_s060t20_b0675500_a_U000570500
# [2024-05-14 10:43:43] INFO: Writing to disk took 11.0709 seconds
# [2024-05-14 10:43:43] INFO: ======================================================================
# [2024-05-14 10:43:43] INFO: Start sweeping...
# [2024-05-14 10:50:24] INFO: It took 401.594 seconds to do 500 HBOR sweeps.
# [2024-05-14 10:50:24] INFO: Plaquette = 0.65637
# [2024-05-14 10:50:24] INFO: Polyakov loop = (0.00219052,0.000274633)
# [2024-05-14 10:50:24] INFO: Writing conf to disk...
# [2024-05-14 10:50:24] INFO: writeconf_nersc: Writing NERSC configuration ./conf_s060t20_b0675500_a_U000571000
# [2024-05-14 10:50:28] INFO: Calculated checksum: 2bf687c6
# [2024-05-14 10:50:36] INFO: Calculated checksum: f12f8a59
# [2024-05-14 10:50:36] INFO: Writing RNGSTATE file: ./rand_s060t20_b0675500_a_U000571000
# [2024-05-14 10:50:36] INFO: Writing to disk took 11.8839 seconds
# [2024-05-14 10:50:36] INFO: ======================================================================
# [2024-05-14 10:50:36] INFO: Start sweeping...
# [2024-05-14 10:57:18] INFO: It took 401.594 seconds to do 500 HBOR sweeps.
# [2024-05-14 10:57:18] INFO: Plaquette = 0.656254
# [2024-05-14 10:57:18] INFO: Polyakov loop = (0.000684773,0.000262876)
# [2024-05-14 10:57:18] INFO: Writing conf to disk...
# [2024-05-14 10:57:18] INFO: writeconf_nersc: Writing NERSC configuration ./conf_s060t20_b0675500_a_U000571500
# [2024-05-14 10:57:22] INFO: Calculated checksum: 12c4de6b
# [2024-05-14 10:57:30] INFO: Calculated checksum: 21f7b5dd
# [2024-05-14 10:57:30] INFO: Writing RNGSTATE file: ./rand_s060t20_b0675500_a_U000571500
# [2024-05-14 10:57:31] INFO: Writing to disk took 12.4693 seconds
# [2024-05-14 10:57:31] INFO: ======================================================================
# [2024-05-14 10:57:31] INFO: Start sweeping...
# [2024-05-14 11:04:12] INFO: It took 401.582 seconds to do 500 HBOR sweeps.
# [2024-05-14 11:04:12] INFO: Plaquette = 0.65628
# [2024-05-14 11:04:12] INFO: Polyakov loop = (0.00219289,-0.000106314)
# [2024-05-14 11:04:12] INFO: Writing conf to disk...
# [2024-05-14 11:04:12] INFO: writeconf_nersc: Writing NERSC configuration ./conf_s060t20_b0675500_a_U000572000
# [2024-05-14 11:04:16] INFO: Calculated checksum: 1f45669d
# [2024-05-14 11:04:26] INFO: Calculated checksum: 53dab5da
# [2024-05-14 11:04:26] INFO: Writing RNGSTATE file: ./rand_s060t20_b0675500_a_U000572000
# [2024-05-14 11:04:27] INFO: Writing to disk took 14.3888 seconds
# [2024-05-14 11:04:27] INFO: ======================================================================
# [2024-05-14 11:04:27] INFO: Start sweeping...
# [2024-05-14 11:11:08] INFO: It took 401.527 seconds to do 500 HBOR sweeps.
# [2024-05-14 11:11:08] INFO: Plaquette = 0.65624
# [2024-05-14 11:11:08] INFO: Polyakov loop = (0.00291906,0.000384032)
# [2024-05-14 11:11:08] INFO: Writing conf to disk...
# [2024-05-14 11:11:08] INFO: writeconf_nersc: Writing NERSC configuration ./conf_s060t20_b0675500_a_U000572500
# [2024-05-14 11:11:12] INFO: Calculated checksum: bbca05ff
# [2024-05-14 11:11:20] INFO: Calculated checksum: 95636e6e
# [2024-05-14 11:11:20] INFO: Writing RNGSTATE file: ./rand_s060t20_b0675500_a_U000572500
# [2024-05-14 11:11:20] INFO: Writing to disk took 11.7283 seconds
# [2024-05-14 11:11:20] INFO: ======================================================================
# [2024-05-14 11:11:20] INFO: Start sweeping...
# [2024-05-14 11:18:02] INFO: It took 401.675 seconds to do 500 HBOR sweeps.
# [2024-05-14 11:18:02] INFO: Plaquette = 0.65631
# [2024-05-14 11:18:02] INFO: Polyakov loop = (0.000639683,-0.00027521)
# [2024-05-14 11:18:02] INFO: Writing conf to disk...
# [2024-05-14 11:18:02] INFO: writeconf_nersc: Writing NERSC configuration ./conf_s060t20_b0675500_a_U000573000
# [2024-05-14 11:18:05] INFO: Calculated checksum: 597ef348
# [2024-05-14 11:18:20] INFO: Calculated checksum: 7be649a8
# [2024-05-14 11:18:20] INFO: Writing RNGSTATE file: ./rand_s060t20_b0675500_a_U000573000
# [2024-05-14 11:18:20] INFO: Writing to disk took 18.458 seconds
# [2024-05-14 11:18:20] INFO: ======================================================================
# [2024-05-14 11:18:20] INFO: Start sweeping...
# [2024-05-14 11:25:02] INFO: It took 401.5 seconds to do 500 HBOR sweeps.
# [2024-05-14 11:25:02] INFO: Plaquette = 0.65632
# [2024-05-14 11:25:02] INFO: Polyakov loop = (0.000895509,-3.39868e-05)
# [2024-05-14 11:25:02] INFO: Writing conf to disk...
# [2024-05-14 11:25:02] INFO: writeconf_nersc: Writing NERSC configuration ./conf_s060t20_b0675500_a_U000573500
# [2024-05-14 11:25:05] INFO: Calculated checksum: fca2edf7
# [2024-05-14 11:25:15] INFO: Calculated checksum: d42d958d
# [2024-05-14 11:25:15] INFO: Writing RNGSTATE file: ./rand_s060t20_b0675500_a_U000573500
# [2024-05-14 11:25:16] INFO: Writing to disk took 14.0444 seconds
# [2024-05-14 11:25:16] INFO: ======================================================================
# [2024-05-14 11:25:16] INFO: Start sweeping...
# [2024-05-14 11:31:57] INFO: It took 401.714 seconds to do 500 HBOR sweeps.
# [2024-05-14 11:31:57] INFO: Plaquette = 0.656347
# [2024-05-14 11:31:57] INFO: Polyakov loop = (0.00169301,0.000225975)
# [2024-05-14 11:31:57] INFO: Writing conf to disk...
# [2024-05-14 11:31:57] INFO: writeconf_nersc: Writing NERSC configuration ./conf_s060t20_b0675500_a_U000574000
# [2024-05-14 11:32:01] INFO: Calculated checksum: cd43f3df
# [2024-05-14 11:32:10] INFO: Calculated checksum: 5d8f9214
# [2024-05-14 11:32:10] INFO: Writing RNGSTATE file: ./rand_s060t20_b0675500_a_U000574000
# [2024-05-14 11:32:10] INFO: Writing to disk took 12.4471 seconds
# [2024-05-14 11:32:10] INFO: ======================================================================
# [2024-05-14 11:32:10] INFO: Start sweeping...
# [2024-05-14 11:38:52] INFO: It took 401.734 seconds to do 500 HBOR sweeps.
# [2024-05-14 11:38:52] INFO: Plaquette = 0.656284
# [2024-05-14 11:38:52] INFO: Polyakov loop = (0.00207276,8.85104e-05)
# [2024-05-14 11:38:52] INFO: Writing conf to disk...
# [2024-05-14 11:38:52] INFO: writeconf_nersc: Writing NERSC configuration ./conf_s060t20_b0675500_a_U000574500
# [2024-05-14 11:38:55] INFO: Calculated checksum: 800c38c4
# [2024-05-14 11:39:04] INFO: Calculated checksum: cb89677f
# [2024-05-14 11:39:04] INFO: Writing RNGSTATE file: ./rand_s060t20_b0675500_a_U000574500
# [2024-05-14 11:39:04] INFO: Writing to disk took 12.7572 seconds
# [2024-05-14 11:39:04] INFO: ======================================================================
# [2024-05-14 11:39:04] INFO: Start sweeping...
# [2024-05-14 11:45:46] INFO: It took 401.679 seconds to do 500 HBOR sweeps.
# [2024-05-14 11:45:46] INFO: Plaquette = 0.656333
# [2024-05-14 11:45:46] INFO: Polyakov loop = (0.00250159,0.000687218)
# [2024-05-14 11:45:46] INFO: Writing conf to disk...
# [2024-05-14 11:45:46] INFO: writeconf_nersc: Writing NERSC configuration ./conf_s060t20_b0675500_a_U000575000
# [2024-05-14 11:45:50] INFO: Calculated checksum: 41e5f24b
# [2024-05-14 11:46:05] INFO: Calculated checksum: daa7f2d0
# [2024-05-14 11:46:05] INFO: Writing RNGSTATE file: ./rand_s060t20_b0675500_a_U000575000
# [2024-05-14 11:46:05] INFO: Writing to disk took 19.1079 seconds
# [2024-05-14 11:46:05] INFO: ======================================================================
# [2024-05-14 11:46:05] INFO: Start sweeping...
# [2024-05-14 11:52:47] INFO: It took 401.416 seconds to do 500 HBOR sweeps.
# [2024-05-14 11:52:47] INFO: Plaquette = 0.656358
# [2024-05-14 11:52:47] INFO: Polyakov loop = (0.00148038,0.000263815)
# [2024-05-14 11:52:47] INFO: Writing conf to disk...
# [2024-05-14 11:52:47] INFO: writeconf_nersc: Writing NERSC configuration ./conf_s060t20_b0675500_a_U000575500
# [2024-05-14 11:52:50] INFO: Calculated checksum: 762a1eb5
# [2024-05-14 11:53:08] INFO: Calculated checksum: 3107af05
# [2024-05-14 11:53:08] INFO: Writing RNGSTATE file: ./rand_s060t20_b0675500_a_U000575500
# [2024-05-14 11:53:09] INFO: Writing to disk took 21.9539 seconds
# [2024-05-14 11:53:09] INFO: ======================================================================
# [2024-05-14 11:53:09] INFO: Start sweeping...
# [2024-05-14 11:59:50] INFO: It took 401.463 seconds to do 500 HBOR sweeps.
# [2024-05-14 11:59:50] INFO: Plaquette = 0.656244
# [2024-05-14 11:59:50] INFO: Polyakov loop = (0.00294109,-0.000257218)
# [2024-05-14 11:59:50] INFO: Writing conf to disk...
# [2024-05-14 11:59:50] INFO: writeconf_nersc: Writing NERSC configuration ./conf_s060t20_b0675500_a_U000576000
# [2024-05-14 11:59:54] INFO: Calculated checksum: 825ed127
# [2024-05-14 12:00:03] INFO: Calculated checksum: 5741e38e
# [2024-05-14 12:00:03] INFO: Writing RNGSTATE file: ./rand_s060t20_b0675500_a_U000576000
# [2024-05-14 12:00:03] INFO: Writing to disk took 13.2913 seconds
# [2024-05-14 12:00:03] INFO: ======================================================================
# [2024-05-14 12:00:03] INFO: Start sweeping...
# [2024-05-14 12:06:45] INFO: It took 401.766 seconds to do 500 HBOR sweeps.
# [2024-05-14 12:06:45] INFO: Plaquette = 0.656292
# [2024-05-14 12:06:45] INFO: Polyakov loop = (0.00188584,-0.000512739)
# [2024-05-14 12:06:45] INFO: Writing conf to disk...
# [2024-05-14 12:06:45] INFO: writeconf_nersc: Writing NERSC configuration ./conf_s060t20_b0675500_a_U000576500
# [2024-05-14 12:06:49] INFO: Calculated checksum: 914354be
# [2024-05-14 12:07:06] INFO: Calculated checksum: dffdd6bc
# [2024-05-14 12:07:06] INFO: Writing RNGSTATE file: ./rand_s060t20_b0675500_a_U000576500
# [2024-05-14 12:07:06] INFO: Writing to disk took 21.0872 seconds
# [2024-05-14 12:07:06] INFO: ======================================================================
# [2024-05-14 12:07:06] INFO: Start sweeping...
# [2024-05-14 12:13:48] INFO: It took 401.492 seconds to do 500 HBOR sweeps.
# [2024-05-14 12:13:48] INFO: Plaquette = 0.656151
# [2024-05-14 12:13:48] INFO: Polyakov loop = (0.00155972,2.91414e-07)
# [2024-05-14 12:13:48] INFO: Writing conf to disk...
# [2024-05-14 12:13:48] INFO: writeconf_nersc: Writing NERSC configuration ./conf_s060t20_b0675500_a_U000577000
# [2024-05-14 12:13:52] INFO: Calculated checksum: daa849db
# [2024-05-14 12:14:00] INFO: Calculated checksum: 3547c61e
# [2024-05-14 12:14:00] INFO: Writing RNGSTATE file: ./rand_s060t20_b0675500_a_U000577000
# [2024-05-14 12:14:00] INFO: Writing to disk took 12.362 seconds
# [2024-05-14 12:14:00] INFO: ======================================================================
# [2024-05-14 12:14:00] INFO: Start sweeping...
# [2024-05-14 12:20:42] INFO: It took 401.588 seconds to do 500 HBOR sweeps.
# [2024-05-14 12:20:42] INFO: Plaquette = 0.656302
# [2024-05-14 12:20:42] INFO: Polyakov loop = (0.00187574,7.49112e-05)
# [2024-05-14 12:20:42] INFO: Writing conf to disk...
# [2024-05-14 12:20:42] INFO: writeconf_nersc: Writing NERSC configuration ./conf_s060t20_b0675500_a_U000577500
# [2024-05-14 12:20:46] INFO: Calculated checksum: 831f1f03
# [2024-05-14 12:21:04] INFO: Calculated checksum: a83a40b5
# [2024-05-14 12:21:04] INFO: Writing RNGSTATE file: ./rand_s060t20_b0675500_a_U000577500
# [2024-05-14 12:21:04] INFO: Writing to disk took 22.5648 seconds
# [2024-05-14 12:21:04] INFO: ======================================================================
# [2024-05-14 12:21:04] INFO: Start sweeping...
# [2024-05-14 12:27:46] INFO: It took 401.32 seconds to do 500 HBOR sweeps.
# [2024-05-14 12:27:46] INFO: Plaquette = 0.656322
# [2024-05-14 12:27:46] INFO: Polyakov loop = (0.00149472,0.000191449)
# [2024-05-14 12:27:46] INFO: Writing conf to disk...
# [2024-05-14 12:27:46] INFO: writeconf_nersc: Writing NERSC configuration ./conf_s060t20_b0675500_a_U000578000
# [2024-05-14 12:27:50] INFO: Calculated checksum: 6c804ee0
# [2024-05-14 12:28:02] INFO: Calculated checksum: efbd0b6b
# [2024-05-14 12:28:02] INFO: Writing RNGSTATE file: ./rand_s060t20_b0675500_a_U000578000
# [2024-05-14 12:28:02] INFO: Writing to disk took 16.6144 seconds
# [2024-05-14 12:28:02] INFO: ======================================================================
# [2024-05-14 12:28:02] INFO: Start sweeping...
# [2024-05-14 12:34:44] INFO: It took 401.573 seconds to do 500 HBOR sweeps.
# [2024-05-14 12:34:44] INFO: Plaquette = 0.656316
# [2024-05-14 12:34:44] INFO: Polyakov loop = (0.00229302,-0.000497074)
# [2024-05-14 12:34:44] INFO: Writing conf to disk...
# [2024-05-14 12:34:44] INFO: writeconf_nersc: Writing NERSC configuration ./conf_s060t20_b0675500_a_U000578500
# [2024-05-14 12:34:48] INFO: Calculated checksum: bd5a2025
# [2024-05-14 12:34:57] INFO: Calculated checksum: 6b45516f
# [2024-05-14 12:34:57] INFO: Writing RNGSTATE file: ./rand_s060t20_b0675500_a_U000578500
# [2024-05-14 12:34:57] INFO: Writing to disk took 13.1277 seconds
# [2024-05-14 12:34:57] INFO: ======================================================================
# [2024-05-14 12:34:57] INFO: Start sweeping...
# [2024-05-14 12:41:39] INFO: It took 401.604 seconds to do 500 HBOR sweeps.
# [2024-05-14 12:41:39] INFO: Plaquette = 0.656218
# [2024-05-14 12:41:39] INFO: Polyakov loop = (0.00135049,-0.000259414)
# [2024-05-14 12:41:39] INFO: Writing conf to disk...
# [2024-05-14 12:41:39] INFO: writeconf_nersc: Writing NERSC configuration ./conf_s060t20_b0675500_a_U000579000
# [2024-05-14 12:41:43] INFO: Calculated checksum: 3909a932
# [2024-05-14 12:41:57] INFO: Calculated checksum: 6d60c6f9
# [2024-05-14 12:41:57] INFO: Writing RNGSTATE file: ./rand_s060t20_b0675500_a_U000579000
# [2024-05-14 12:41:58] INFO: Writing to disk took 18.9602 seconds
# [2024-05-14 12:41:58] INFO: ======================================================================
# [2024-05-14 12:41:58] INFO: Start sweeping...
# [2024-05-14 12:48:39] INFO: It took 401.352 seconds to do 500 HBOR sweeps.
# [2024-05-14 12:48:39] INFO: Plaquette = 0.656279
# [2024-05-14 12:48:39] INFO: Polyakov loop = (0.00169789,-0.000792754)
# [2024-05-14 12:48:39] INFO: Writing conf to disk...
# [2024-05-14 12:48:39] INFO: writeconf_nersc: Writing NERSC configuration ./conf_s060t20_b0675500_a_U000579500
# [2024-05-14 12:48:43] INFO: Calculated checksum: b7c62717
# [2024-05-14 12:48:54] INFO: Calculated checksum: a8a6102b
# [2024-05-14 12:48:54] INFO: Writing RNGSTATE file: ./rand_s060t20_b0675500_a_U000579500
# [2024-05-14 12:48:54] INFO: Writing to disk took 14.843 seconds
# [2024-05-14 12:48:54] INFO: ======================================================================
# [2024-05-14 12:48:54] INFO: Start sweeping...
# [2024-05-14 12:55:36] INFO: It took 402.031 seconds to do 500 HBOR sweeps.
# [2024-05-14 12:55:36] INFO: Plaquette = 0.656207
# [2024-05-14 12:55:36] INFO: Polyakov loop = (0.0033427,0.000608515)
# [2024-05-14 12:55:36] INFO: Writing conf to disk...
# [2024-05-14 12:55:36] INFO: writeconf_nersc: Writing NERSC configuration ./conf_s060t20_b0675500_a_U000580000
# [2024-05-14 12:55:41] INFO: Calculated checksum: a179dada
# [2024-05-14 12:55:49] INFO: Calculated checksum: 926c8b51
# [2024-05-14 12:55:49] INFO: Writing RNGSTATE file: ./rand_s060t20_b0675500_a_U000580000
# [2024-05-14 12:55:49] INFO: Writing to disk took 13.2414 seconds
# [2024-05-14 12:55:49] INFO: ======================================================================
# [2024-05-14 12:55:49] INFO: Start sweeping...
# [2024-05-14 13:02:32] INFO: It took 402.492 seconds to do 500 HBOR sweeps.
# [2024-05-14 13:02:32] INFO: Plaquette = 0.656209
# [2024-05-14 13:02:32] INFO: Polyakov loop = (0.00140255,2.28785e-05)
# [2024-05-14 13:02:32] INFO: Writing conf to disk...
# [2024-05-14 13:02:32] INFO: writeconf_nersc: Writing NERSC configuration ./conf_s060t20_b0675500_a_U000580500
# [2024-05-14 13:02:36] INFO: Calculated checksum: 8ab0308b
# [2024-05-14 13:02:48] INFO: Calculated checksum: 9fee88bc
# [2024-05-14 13:02:48] INFO: Writing RNGSTATE file: ./rand_s060t20_b0675500_a_U000580500
# [2024-05-14 13:02:49] INFO: Writing to disk took 17.2462 seconds
# [2024-05-14 13:02:49] INFO: ======================================================================
# [2024-05-14 13:02:49] INFO: Start sweeping...
# [2024-05-14 13:09:31] INFO: It took 401.337 seconds to do 500 HBOR sweeps.
# [2024-05-14 13:09:31] INFO: Plaquette = 0.656304
# [2024-05-14 13:09:31] INFO: Polyakov loop = (0.00258704,-0.000379315)
# [2024-05-14 13:09:31] INFO: Writing conf to disk...
# [2024-05-14 13:09:31] INFO: writeconf_nersc: Writing NERSC configuration ./conf_s060t20_b0675500_a_U000581000
# [2024-05-14 13:09:34] INFO: Calculated checksum: 5afcddbb
# [2024-05-14 13:09:48] INFO: Calculated checksum: 96874194
# [2024-05-14 13:09:48] INFO: Writing RNGSTATE file: ./rand_s060t20_b0675500_a_U000581000
# [2024-05-14 13:09:49] INFO: Writing to disk took 18.0534 seconds
# [2024-05-14 13:09:49] INFO: ======================================================================
# [2024-05-14 13:09:49] INFO: Start sweeping...
# [2024-05-14 13:16:31] INFO: It took 402.068 seconds to do 500 HBOR sweeps.
# [2024-05-14 13:16:31] INFO: Plaquette = 0.656221
# [2024-05-14 13:16:31] INFO: Polyakov loop = (0.00243476,-0.000251963)
# [2024-05-14 13:16:31] INFO: Writing conf to disk...
# [2024-05-14 13:16:31] INFO: writeconf_nersc: Writing NERSC configuration ./conf_s060t20_b0675500_a_U000581500
# [2024-05-14 13:16:34] INFO: Calculated checksum: c0e58ed
# [2024-05-14 13:16:49] INFO: Calculated checksum: 2a23a4a6
# [2024-05-14 13:16:49] INFO: Writing RNGSTATE file: ./rand_s060t20_b0675500_a_U000581500
# [2024-05-14 13:16:49] INFO: Writing to disk took 18.5712 seconds
# [2024-05-14 13:16:49] INFO: ======================================================================
# [2024-05-14 13:16:49] INFO: Start sweeping...
# [2024-05-14 13:23:32] INFO: It took 402.454 seconds to do 500 HBOR sweeps.
# [2024-05-14 13:23:32] INFO: Plaquette = 0.656333
# [2024-05-14 13:23:32] INFO: Polyakov loop = (0.0022296,0.000206779)
# [2024-05-14 13:23:32] INFO: Writing conf to disk...
# [2024-05-14 13:23:32] INFO: writeconf_nersc: Writing NERSC configuration ./conf_s060t20_b0675500_a_U000582000
# [2024-05-14 13:23:36] INFO: Calculated checksum: 6f5e241a
# [2024-05-14 13:23:46] INFO: Calculated checksum: aa60c01f
# [2024-05-14 13:23:46] INFO: Writing RNGSTATE file: ./rand_s060t20_b0675500_a_U000582000
# [2024-05-14 13:23:46] INFO: Writing to disk took 14.7277 seconds
# [2024-05-14 13:23:46] INFO: ======================================================================
# [2024-05-14 13:23:46] INFO: Start sweeping...
# [2024-05-14 13:30:29] INFO: It took 402.809 seconds to do 500 HBOR sweeps.
# [2024-05-14 13:30:29] INFO: Plaquette = 0.656285
# [2024-05-14 13:30:29] INFO: Polyakov loop = (0.00221832,-2.17177e-05)
# [2024-05-14 13:30:29] INFO: Writing conf to disk...
# [2024-05-14 13:30:29] INFO: writeconf_nersc: Writing NERSC configuration ./conf_s060t20_b0675500_a_U000582500
# [2024-05-14 13:30:33] INFO: Calculated checksum: c4fcfdb1
# [2024-05-14 13:30:46] INFO: Calculated checksum: f6fac64f
# [2024-05-14 13:30:46] INFO: Writing RNGSTATE file: ./rand_s060t20_b0675500_a_U000582500
# [2024-05-14 13:30:46] INFO: Writing to disk took 16.6549 seconds
# [2024-05-14 13:30:46] INFO: ======================================================================
# [2024-05-14 13:30:46] INFO: Start sweeping...
# [2024-05-14 13:37:29] INFO: It took 402.774 seconds to do 500 HBOR sweeps.
# [2024-05-14 13:37:29] INFO: Plaquette = 0.656343
# [2024-05-14 13:37:29] INFO: Polyakov loop = (0.00226563,0.000656479)
# [2024-05-14 13:37:29] INFO: Writing conf to disk...
# [2024-05-14 13:37:29] INFO: writeconf_nersc: Writing NERSC configuration ./conf_s060t20_b0675500_a_U000583000
# [2024-05-14 13:37:33] INFO: Calculated checksum: af7981f0
# [2024-05-14 13:37:47] INFO: Calculated checksum: 8c1972cc
# [2024-05-14 13:37:47] INFO: Writing RNGSTATE file: ./rand_s060t20_b0675500_a_U000583000
# [2024-05-14 13:37:48] INFO: Writing to disk took 18.7959 seconds
# [2024-05-14 13:37:48] INFO: ======================================================================
# [2024-05-14 13:37:48] INFO: Start sweeping...
# [2024-05-14 13:44:31] INFO: It took 402.808 seconds to do 500 HBOR sweeps.
# [2024-05-14 13:44:31] INFO: Plaquette = 0.656411
# [2024-05-14 13:44:31] INFO: Polyakov loop = (0.00193063,0.000224831)
# [2024-05-14 13:44:31] INFO: Writing conf to disk...
# [2024-05-14 13:44:31] INFO: writeconf_nersc: Writing NERSC configuration ./conf_s060t20_b0675500_a_U000583500
# [2024-05-14 13:44:35] INFO: Calculated checksum: d02c1489
# [2024-05-14 13:44:44] INFO: Calculated checksum: e85025e9
# [2024-05-14 13:44:44] INFO: Writing RNGSTATE file: ./rand_s060t20_b0675500_a_U000583500
# [2024-05-14 13:44:45] INFO: Writing to disk took 14.0917 seconds
# [2024-05-14 13:44:45] INFO: ======================================================================
# [2024-05-14 13:44:45] INFO: Start sweeping...
# [2024-05-14 13:51:28] INFO: It took 402.749 seconds to do 500 HBOR sweeps.
# [2024-05-14 13:51:28] INFO: Plaquette = 0.656355
# [2024-05-14 13:51:28] INFO: Polyakov loop = (0.00250573,0.000530636)
# [2024-05-14 13:51:28] INFO: Writing conf to disk...
# [2024-05-14 13:51:28] INFO: writeconf_nersc: Writing NERSC configuration ./conf_s060t20_b0675500_a_U000584000
# [2024-05-14 13:51:31] INFO: Calculated checksum: 450e19f1
# [2024-05-14 13:51:54] INFO: Calculated checksum: 5a839c19
# [2024-05-14 13:51:54] INFO: Writing RNGSTATE file: ./rand_s060t20_b0675500_a_U000584000
# [2024-05-14 13:51:54] INFO: Writing to disk took 26.5643 seconds
# [2024-05-14 13:51:54] INFO: ======================================================================
# [2024-05-14 13:51:54] INFO: Start sweeping...
# [2024-05-14 13:58:36] INFO: It took 401.634 seconds to do 500 HBOR sweeps.
# [2024-05-14 13:58:36] INFO: Plaquette = 0.656284
# [2024-05-14 13:58:36] INFO: Polyakov loop = (0.00223787,-0.000107302)
# [2024-05-14 13:58:36] INFO: Writing conf to disk...
# [2024-05-14 13:58:36] INFO: writeconf_nersc: Writing NERSC configuration ./conf_s060t20_b0675500_a_U000584500
# [2024-05-14 13:58:40] INFO: Calculated checksum: d1fbe0f7
# [2024-05-14 13:58:50] INFO: Calculated checksum: f2329493
# [2024-05-14 13:58:50] INFO: Writing RNGSTATE file: ./rand_s060t20_b0675500_a_U000584500
# [2024-05-14 13:58:50] INFO: Writing to disk took 14.0085 seconds
# [2024-05-14 13:58:50] INFO: ======================================================================
# [2024-05-14 13:58:50] INFO: Start sweeping...
# [2024-05-14 14:05:32] INFO: It took 402.042 seconds to do 500 HBOR sweeps.
# [2024-05-14 14:05:32] INFO: Plaquette = 0.656293
# [2024-05-14 14:05:32] INFO: Polyakov loop = (0.000490546,0.000141271)
# [2024-05-14 14:05:32] INFO: Writing conf to disk...
# [2024-05-14 14:05:32] INFO: writeconf_nersc: Writing NERSC configuration ./conf_s060t20_b0675500_a_U000585000
# [2024-05-14 14:05:36] INFO: Calculated checksum: 99e1df46
# [2024-05-14 14:05:47] INFO: Calculated checksum: 2c0576fb
# [2024-05-14 14:05:47] INFO: Writing RNGSTATE file: ./rand_s060t20_b0675500_a_U000585000
# [2024-05-14 14:05:47] INFO: Writing to disk took 15.0038 seconds
# [2024-05-14 14:05:47] INFO: ======================================================================
# [2024-05-14 14:05:47] INFO: Start sweeping...
# [2024-05-14 14:12:29] INFO: It took 402.082 seconds to do 500 HBOR sweeps.
# [2024-05-14 14:12:29] INFO: Plaquette = 0.656382
# [2024-05-14 14:12:29] INFO: Polyakov loop = (0.00269669,0.000132719)
# [2024-05-14 14:12:29] INFO: Writing conf to disk...
# [2024-05-14 14:12:29] INFO: writeconf_nersc: Writing NERSC configuration ./conf_s060t20_b0675500_a_U000585500
# [2024-05-14 14:12:33] INFO: Calculated checksum: bde1c6dd
# [2024-05-14 14:12:54] INFO: Calculated checksum: adaa378d
# [2024-05-14 14:12:54] INFO: Writing RNGSTATE file: ./rand_s060t20_b0675500_a_U000585500
# [2024-05-14 14:12:55] INFO: Writing to disk took 25.7133 seconds
# [2024-05-14 14:12:55] INFO: ======================================================================
# [2024-05-14 14:12:55] INFO: Start sweeping...
# [2024-05-14 14:19:37] INFO: It took 402.214 seconds to do 500 HBOR sweeps.
# [2024-05-14 14:19:37] INFO: Plaquette = 0.656249
# [2024-05-14 14:19:37] INFO: Polyakov loop = (0.000949617,-0.000366036)
# [2024-05-14 14:19:37] INFO: Writing conf to disk...
# [2024-05-14 14:19:37] INFO: writeconf_nersc: Writing NERSC configuration ./conf_s060t20_b0675500_a_U000586000
# [2024-05-14 14:19:42] INFO: Calculated checksum: d65988a6
# [2024-05-14 14:19:50] INFO: Calculated checksum: bc0ae020
# [2024-05-14 14:19:50] INFO: Writing RNGSTATE file: ./rand_s060t20_b0675500_a_U000586000
# [2024-05-14 14:19:50] INFO: Writing to disk took 12.8858 seconds
# [2024-05-14 14:19:50] INFO: ======================================================================
# [2024-05-14 14:19:50] INFO: Start sweeping...
# [2024-05-14 14:26:33] INFO: It took 402.155 seconds to do 500 HBOR sweeps.
# [2024-05-14 14:26:33] INFO: Plaquette = 0.656325
# [2024-05-14 14:26:33] INFO: Polyakov loop = (0.00235429,4.71483e-05)
# [2024-05-14 14:26:33] INFO: Writing conf to disk...
# [2024-05-14 14:26:33] INFO: writeconf_nersc: Writing NERSC configuration ./conf_s060t20_b0675500_a_U000586500
# [2024-05-14 14:26:37] INFO: Calculated checksum: b26bcada
# [2024-05-14 14:26:46] INFO: Calculated checksum: 616277ba
# [2024-05-14 14:26:46] INFO: Writing RNGSTATE file: ./rand_s060t20_b0675500_a_U000586500
# [2024-05-14 14:26:47] INFO: Writing to disk took 13.9701 seconds
# [2024-05-14 14:26:47] INFO: ======================================================================
# [2024-05-14 14:26:47] INFO: Start sweeping...
# [2024-05-14 14:33:29] INFO: It took 402.056 seconds to do 500 HBOR sweeps.
# [2024-05-14 14:33:29] INFO: Plaquette = 0.656262
# [2024-05-14 14:33:29] INFO: Polyakov loop = (0.00204342,0.000614935)
# [2024-05-14 14:33:29] INFO: Writing conf to disk...
# [2024-05-14 14:33:29] INFO: writeconf_nersc: Writing NERSC configuration ./conf_s060t20_b0675500_a_U000587000
# [2024-05-14 14:33:32] INFO: Calculated checksum: 42317a66
# [2024-05-14 14:33:51] INFO: Calculated checksum: 490e7a79
# [2024-05-14 14:33:51] INFO: Writing RNGSTATE file: ./rand_s060t20_b0675500_a_U000587000
# [2024-05-14 14:33:52] INFO: Writing to disk took 22.9475 seconds
# [2024-05-14 14:33:52] INFO: ======================================================================
# [2024-05-14 14:33:52] INFO: Start sweeping...
# [2024-05-14 14:40:33] INFO: It took 401.894 seconds to do 500 HBOR sweeps.
# [2024-05-14 14:40:34] INFO: Plaquette = 0.656298
# [2024-05-14 14:40:34] INFO: Polyakov loop = (0.00179878,0.000445187)
# [2024-05-14 14:40:34] INFO: Writing conf to disk...
# [2024-05-14 14:40:34] INFO: writeconf_nersc: Writing NERSC configuration ./conf_s060t20_b0675500_a_U000587500
# [2024-05-14 14:40:37] INFO: Calculated checksum: 14997242
# [2024-05-14 14:40:58] INFO: Calculated checksum: 3dc5355
# [2024-05-14 14:40:58] INFO: Writing RNGSTATE file: ./rand_s060t20_b0675500_a_U000587500
# [2024-05-14 14:40:58] INFO: Writing to disk took 24.393 seconds
# [2024-05-14 14:40:58] INFO: ======================================================================
# [2024-05-14 14:40:58] INFO: Start sweeping...
# [2024-05-14 14:47:41] INFO: It took 402.689 seconds to do 500 HBOR sweeps.
# [2024-05-14 14:47:41] INFO: Plaquette = 0.65634
# [2024-05-14 14:47:41] INFO: Polyakov loop = (0.000740103,-3.72946e-05)
# [2024-05-14 14:47:41] INFO: Writing conf to disk...
# [2024-05-14 14:47:41] INFO: writeconf_nersc: Writing NERSC configuration ./conf_s060t20_b0675500_a_U000588000
# [2024-05-14 14:47:45] INFO: Calculated checksum: 1f2535ab
# [2024-05-14 14:48:02] INFO: Calculated checksum: d6036e06
# [2024-05-14 14:48:02] INFO: Writing RNGSTATE file: ./rand_s060t20_b0675500_a_U000588000
# [2024-05-14 14:48:03] INFO: Writing to disk took 22.0542 seconds
# [2024-05-14 14:48:03] INFO: ======================================================================
# [2024-05-14 14:48:03] INFO: Start sweeping...
# [2024-05-14 14:54:46] INFO: It took 402.824 seconds to do 500 HBOR sweeps.
# [2024-05-14 14:54:46] INFO: Plaquette = 0.656273
# [2024-05-14 14:54:46] INFO: Polyakov loop = (0.00106208,-0.00105776)
# [2024-05-14 14:54:46] INFO: Writing conf to disk...
# [2024-05-14 14:54:46] INFO: writeconf_nersc: Writing NERSC configuration ./conf_s060t20_b0675500_a_U000588500
# [2024-05-14 14:54:49] INFO: Calculated checksum: 8d714b5b
# [2024-05-14 14:54:59] INFO: Calculated checksum: 140499e2
# [2024-05-14 14:54:59] INFO: Writing RNGSTATE file: ./rand_s060t20_b0675500_a_U000588500
# [2024-05-14 14:55:00] INFO: Writing to disk took 13.998 seconds
# [2024-05-14 14:55:00] INFO: ======================================================================
# [2024-05-14 14:55:00] INFO: Start sweeping...
# [2024-05-14 15:01:43] INFO: It took 403.039 seconds to do 500 HBOR sweeps.
# [2024-05-14 15:01:43] INFO: Plaquette = 0.656353
# [2024-05-14 15:01:43] INFO: Polyakov loop = (0.000972997,0.000473508)
# [2024-05-14 15:01:43] INFO: Writing conf to disk...
# [2024-05-14 15:01:43] INFO: writeconf_nersc: Writing NERSC configuration ./conf_s060t20_b0675500_a_U000589000
# [2024-05-14 15:01:46] INFO: Calculated checksum: 75f03a4f
# [2024-05-14 15:02:06] INFO: Calculated checksum: cb710871
# [2024-05-14 15:02:06] INFO: Writing RNGSTATE file: ./rand_s060t20_b0675500_a_U000589000
# [2024-05-14 15:02:08] INFO: Writing to disk took 25.0397 seconds
# [2024-05-14 15:02:08] INFO: ======================================================================
# [2024-05-14 15:02:08] INFO: Start sweeping...
# [2024-05-14 15:08:50] INFO: It took 402.383 seconds to do 500 HBOR sweeps.
# [2024-05-14 15:08:50] INFO: Plaquette = 0.656237
# [2024-05-14 15:08:50] INFO: Polyakov loop = (0.00207572,-0.000639482)
# [2024-05-14 15:08:50] INFO: Writing conf to disk...
# [2024-05-14 15:08:50] INFO: writeconf_nersc: Writing NERSC configuration ./conf_s060t20_b0675500_a_U000589500
# [2024-05-14 15:08:54] INFO: Calculated checksum: 98acc0fc
# [2024-05-14 15:09:09] INFO: Calculated checksum: 6af86bbc
# [2024-05-14 15:09:09] INFO: Writing RNGSTATE file: ./rand_s060t20_b0675500_a_U000589500
# [2024-05-14 15:09:09] INFO: Writing to disk took 18.7304 seconds
# [2024-05-14 15:09:09] INFO: ======================================================================
# [2024-05-14 15:09:09] INFO: Start sweeping...
# [2024-05-14 15:15:52] INFO: It took 402.613 seconds to do 500 HBOR sweeps.
# [2024-05-14 15:15:52] INFO: Plaquette = 0.656258
# [2024-05-14 15:15:52] INFO: Polyakov loop = (0.0016015,8.95705e-05)
# [2024-05-14 15:15:52] INFO: Writing conf to disk...
# [2024-05-14 15:15:52] INFO: writeconf_nersc: Writing NERSC configuration ./conf_s060t20_b0675500_a_U000590000
# [2024-05-14 15:15:56] INFO: Calculated checksum: a596c005
# [2024-05-14 15:16:07] INFO: Calculated checksum: 8d2c9d6e
# [2024-05-14 15:16:07] INFO: Writing RNGSTATE file: ./rand_s060t20_b0675500_a_U000590000
# [2024-05-14 15:16:07] INFO: Writing to disk took 15.3199 seconds
# [2024-05-14 15:16:07] INFO: ======================================================================
# [2024-05-14 15:16:07] INFO: Start sweeping...
# [2024-05-14 15:22:50] INFO: It took 402.681 seconds to do 500 HBOR sweeps.
# [2024-05-14 15:22:50] INFO: Plaquette = 0.656257
# [2024-05-14 15:22:50] INFO: Polyakov loop = (0.00264964,0.00090374)
# [2024-05-14 15:22:50] INFO: Writing conf to disk...
# [2024-05-14 15:22:50] INFO: writeconf_nersc: Writing NERSC configuration ./conf_s060t20_b0675500_a_U000590500
# [2024-05-14 15:22:54] INFO: Calculated checksum: 79ba245
# [2024-05-14 15:23:12] INFO: Calculated checksum: aa5fb37d
# [2024-05-14 15:23:12] INFO: Writing RNGSTATE file: ./rand_s060t20_b0675500_a_U000590500
# [2024-05-14 15:23:13] INFO: Writing to disk took 22.7585 seconds
# [2024-05-14 15:23:13] INFO: ======================================================================
# [2024-05-14 15:23:13] INFO: Start sweeping...
# [2024-05-14 15:29:55] INFO: It took 402.528 seconds to do 500 HBOR sweeps.
# [2024-05-14 15:29:55] INFO: Plaquette = 0.656349
# [2024-05-14 15:29:55] INFO: Polyakov loop = (0.00206966,0.00038691)
# [2024-05-14 15:29:55] INFO: Writing conf to disk...
# [2024-05-14 15:29:55] INFO: writeconf_nersc: Writing NERSC configuration ./conf_s060t20_b0675500_a_U000591000
# [2024-05-14 15:30:02] INFO: Calculated checksum: e922e89a
# [2024-05-14 15:30:15] INFO: Calculated checksum: d3abeded
# [2024-05-14 15:30:15] INFO: Writing RNGSTATE file: ./rand_s060t20_b0675500_a_U000591000
# [2024-05-14 15:30:17] INFO: Writing to disk took 21.5722 seconds
# [2024-05-14 15:30:17] INFO: ======================================================================
# [2024-05-14 15:30:17] INFO: Start sweeping...
# [2024-05-14 15:36:59] INFO: It took 401.968 seconds to do 500 HBOR sweeps.
# [2024-05-14 15:36:59] INFO: Plaquette = 0.65623
# [2024-05-14 15:36:59] INFO: Polyakov loop = (0.00210888,-0.000478658)
# [2024-05-14 15:36:59] INFO: Writing conf to disk...
# [2024-05-14 15:36:59] INFO: writeconf_nersc: Writing NERSC configuration ./conf_s060t20_b0675500_a_U000591500
# [2024-05-14 15:37:03] INFO: Calculated checksum: 4e439e57
# [2024-05-14 15:37:21] INFO: Calculated checksum: 1c9b3f06
# [2024-05-14 15:37:22] INFO: Writing RNGSTATE file: ./rand_s060t20_b0675500_a_U000591500
# [2024-05-14 15:37:24] INFO: Writing to disk took 25.1845 seconds
# [2024-05-14 15:37:24] INFO: ======================================================================
# [2024-05-14 15:37:24] INFO: Start sweeping...
# [2024-05-14 15:44:06] INFO: It took 401.823 seconds to do 500 HBOR sweeps.
# [2024-05-14 15:44:06] INFO: Plaquette = 0.656338
# [2024-05-14 15:44:06] INFO: Polyakov loop = (0.00198595,-0.000826346)
# [2024-05-14 15:44:06] INFO: Writing conf to disk...
# [2024-05-14 15:44:06] INFO: writeconf_nersc: Writing NERSC configuration ./conf_s060t20_b0675500_a_U000592000
# [2024-05-14 15:44:10] INFO: Calculated checksum: dc025c4
# [2024-05-14 15:44:25] INFO: Calculated checksum: 612916b8
# [2024-05-14 15:44:25] INFO: Writing RNGSTATE file: ./rand_s060t20_b0675500_a_U000592000
# [2024-05-14 15:44:27] INFO: Writing to disk took 20.4729 seconds
# [2024-05-14 15:44:27] INFO: ======================================================================
# [2024-05-14 15:44:27] INFO: Start sweeping...
# [2024-05-14 15:51:08] INFO: It took 401.872 seconds to do 500 HBOR sweeps.
# [2024-05-14 15:51:08] INFO: Plaquette = 0.656222
# [2024-05-14 15:51:08] INFO: Polyakov loop = (0.00193839,-0.00052736)
# [2024-05-14 15:51:08] INFO: Writing conf to disk...
# [2024-05-14 15:51:08] INFO: writeconf_nersc: Writing NERSC configuration ./conf_s060t20_b0675500_a_U000592500
# [2024-05-14 15:51:12] INFO: Calculated checksum: 9f552dd9
# [2024-05-14 15:51:34] INFO: Calculated checksum: 3c946f5b
# [2024-05-14 15:51:34] INFO: Writing RNGSTATE file: ./rand_s060t20_b0675500_a_U000592500
# [2024-05-14 15:51:35] INFO: Writing to disk took 26.154 seconds
# [2024-05-14 15:51:35] INFO: ======================================================================
# [2024-05-14 15:51:35] INFO: Start sweeping...
# [2024-05-14 15:58:17] INFO: It took 402.205 seconds to do 500 HBOR sweeps.
# [2024-05-14 15:58:17] INFO: Plaquette = 0.656291
# [2024-05-14 15:58:17] INFO: Polyakov loop = (0.00166501,9.24865e-06)
# [2024-05-14 15:58:17] INFO: Writing conf to disk...
# [2024-05-14 15:58:17] INFO: writeconf_nersc: Writing NERSC configuration ./conf_s060t20_b0675500_a_U000593000
# [2024-05-14 15:58:21] INFO: Calculated checksum: 975aef72
# [2024-05-14 15:58:37] INFO: Calculated checksum: 4e4bc2ff
# [2024-05-14 15:58:37] INFO: Writing RNGSTATE file: ./rand_s060t20_b0675500_a_U000593000
# [2024-05-14 15:58:38] INFO: Writing to disk took 20.7715 seconds
# [2024-05-14 15:58:38] INFO: ======================================================================
# [2024-05-14 15:58:38] INFO: Start sweeping...
# [2024-05-14 16:05:20] INFO: It took 402.453 seconds to do 500 HBOR sweeps.
# [2024-05-14 16:05:20] INFO: Plaquette = 0.656274
# [2024-05-14 16:05:20] INFO: Polyakov loop = (0.0029687,0.000105569)
# [2024-05-14 16:05:20] INFO: Writing conf to disk...
# [2024-05-14 16:05:20] INFO: writeconf_nersc: Writing NERSC configuration ./conf_s060t20_b0675500_a_U000593500
# [2024-05-14 16:05:24] INFO: Calculated checksum: f1157c6
# [2024-05-14 16:05:38] INFO: Calculated checksum: aa215a41
# [2024-05-14 16:05:38] INFO: Writing RNGSTATE file: ./rand_s060t20_b0675500_a_U000593500
# [2024-05-14 16:05:41] INFO: Writing to disk took 21.2774 seconds
# [2024-05-14 16:05:41] INFO: ======================================================================
# [2024-05-14 16:05:41] INFO: Start sweeping...
# [2024-05-14 16:12:24] INFO: It took 402.492 seconds to do 500 HBOR sweeps.
# [2024-05-14 16:12:24] INFO: Plaquette = 0.656274
# [2024-05-14 16:12:24] INFO: Polyakov loop = (0.00170176,-0.000382964)
# [2024-05-14 16:12:24] INFO: Writing conf to disk...
# [2024-05-14 16:12:24] INFO: writeconf_nersc: Writing NERSC configuration ./conf_s060t20_b0675500_a_U000594000
# [2024-05-14 16:12:28] INFO: Calculated checksum: 41e98ed0
# [2024-05-14 16:12:37] INFO: Calculated checksum: f37cad69
# [2024-05-14 16:12:37] INFO: Writing RNGSTATE file: ./rand_s060t20_b0675500_a_U000594000
# [2024-05-14 16:12:38] INFO: Writing to disk took 13.5754 seconds
# [2024-05-14 16:12:38] INFO: ======================================================================
# [2024-05-14 16:12:38] INFO: Start sweeping...
# [2024-05-14 16:19:20] INFO: It took 402.91 seconds to do 500 HBOR sweeps.
# [2024-05-14 16:19:21] INFO: Plaquette = 0.656274
# [2024-05-14 16:19:21] INFO: Polyakov loop = (0.0014972,-0.000671639)
# [2024-05-14 16:19:21] INFO: Writing conf to disk...
# [2024-05-14 16:19:21] INFO: writeconf_nersc: Writing NERSC configuration ./conf_s060t20_b0675500_a_U000594500
# [2024-05-14 16:19:24] INFO: Calculated checksum: a8f330b9
# [2024-05-14 16:19:42] INFO: Calculated checksum: 22fd8209
# [2024-05-14 16:19:42] INFO: Writing RNGSTATE file: ./rand_s060t20_b0675500_a_U000594500
# [2024-05-14 16:19:42] INFO: Writing to disk took 21.6198 seconds
# [2024-05-14 16:19:42] INFO: ======================================================================
# [2024-05-14 16:19:42] INFO: Start sweeping...
# [2024-05-14 16:26:25] INFO: It took 402.649 seconds to do 500 HBOR sweeps.
# [2024-05-14 16:26:25] INFO: Plaquette = 0.656267
# [2024-05-14 16:26:25] INFO: Polyakov loop = (0.00129346,8.78439e-05)
# [2024-05-14 16:26:25] INFO: Writing conf to disk...
# [2024-05-14 16:26:25] INFO: writeconf_nersc: Writing NERSC configuration ./conf_s060t20_b0675500_a_U000595000
# [2024-05-14 16:26:29] INFO: Calculated checksum: 23c2af9e
# [2024-05-14 16:26:50] INFO: Calculated checksum: fbb2f84f
# [2024-05-14 16:26:50] INFO: Writing RNGSTATE file: ./rand_s060t20_b0675500_a_U000595000
# [2024-05-14 16:26:50] INFO: Writing to disk took 25.1983 seconds
# [2024-05-14 16:26:50] INFO: ======================================================================
# [2024-05-14 16:26:50] INFO: Start sweeping...
# [2024-05-14 16:33:32] INFO: It took 402.082 seconds to do 500 HBOR sweeps.
# [2024-05-14 16:33:32] INFO: Plaquette = 0.656245
# [2024-05-14 16:33:32] INFO: Polyakov loop = (0.00144891,0.000407147)
# [2024-05-14 16:33:32] INFO: Writing conf to disk...
# [2024-05-14 16:33:32] INFO: writeconf_nersc: Writing NERSC configuration ./conf_s060t20_b0675500_a_U000595500
# [2024-05-14 16:33:36] INFO: Calculated checksum: 1d58ba71
# [2024-05-14 16:33:51] INFO: Calculated checksum: fba82247
# [2024-05-14 16:33:51] INFO: Writing RNGSTATE file: ./rand_s060t20_b0675500_a_U000595500
# [2024-05-14 16:33:52] INFO: Writing to disk took 19.4761 seconds
# [2024-05-14 16:33:52] INFO: ======================================================================
# [2024-05-14 16:33:52] INFO: Start sweeping...
# [2024-05-14 16:40:34] INFO: It took 402.166 seconds to do 500 HBOR sweeps.
# [2024-05-14 16:40:34] INFO: Plaquette = 0.656226
# [2024-05-14 16:40:34] INFO: Polyakov loop = (0.00241888,-0.000178642)
# [2024-05-14 16:40:34] INFO: Writing conf to disk...
# [2024-05-14 16:40:34] INFO: writeconf_nersc: Writing NERSC configuration ./conf_s060t20_b0675500_a_U000596000
# [2024-05-14 16:40:38] INFO: Calculated checksum: afb1efd7
# [2024-05-14 16:40:52] INFO: Calculated checksum: d0b629ea
# [2024-05-14 16:40:52] INFO: Writing RNGSTATE file: ./rand_s060t20_b0675500_a_U000596000
# [2024-05-14 16:40:53] INFO: Writing to disk took 18.9537 seconds
# [2024-05-14 16:40:53] INFO: ======================================================================
# [2024-05-14 16:40:53] INFO: Start sweeping...
# [2024-05-14 16:47:35] INFO: It took 402.012 seconds to do 500 HBOR sweeps.
# [2024-05-14 16:47:35] INFO: Plaquette = 0.656324
# [2024-05-14 16:47:35] INFO: Polyakov loop = (0.00268683,0.000183464)
# [2024-05-14 16:47:35] INFO: Writing conf to disk...
# [2024-05-14 16:47:35] INFO: writeconf_nersc: Writing NERSC configuration ./conf_s060t20_b0675500_a_U000596500
# [2024-05-14 16:47:39] INFO: Calculated checksum: 6e42ebc2
# [2024-05-14 16:47:56] INFO: Calculated checksum: 97d8af57
# [2024-05-14 16:47:56] INFO: Writing RNGSTATE file: ./rand_s060t20_b0675500_a_U000596500
# [2024-05-14 16:47:57] INFO: Writing to disk took 21.924 seconds
# [2024-05-14 16:47:57] INFO: ======================================================================
# [2024-05-14 16:47:57] INFO: Start sweeping...
# [2024-05-14 16:54:39] INFO: It took 401.861 seconds to do 500 HBOR sweeps.
# [2024-05-14 16:54:39] INFO: Plaquette = 0.656302
# [2024-05-14 16:54:39] INFO: Polyakov loop = (0.0021355,1.70304e-05)
# [2024-05-14 16:54:39] INFO: Writing conf to disk...
# [2024-05-14 16:54:39] INFO: writeconf_nersc: Writing NERSC configuration ./conf_s060t20_b0675500_a_U000597000
# [2024-05-14 16:54:43] INFO: Calculated checksum: b1b34369
# [2024-05-14 16:54:55] INFO: Calculated checksum: 5f2add48
# [2024-05-14 16:54:55] INFO: Writing RNGSTATE file: ./rand_s060t20_b0675500_a_U000597000
# [2024-05-14 16:54:56] INFO: Writing to disk took 17.088 seconds
# [2024-05-14 16:54:56] INFO: ======================================================================
# [2024-05-14 16:54:56] INFO: Start sweeping...
# [2024-05-14 17:01:38] INFO: It took 401.919 seconds to do 500 HBOR sweeps.
# [2024-05-14 17:01:38] INFO: Plaquette = 0.656277
# [2024-05-14 17:01:38] INFO: Polyakov loop = (0.00141262,-0.000113929)
# [2024-05-14 17:01:38] INFO: Writing conf to disk...
# [2024-05-14 17:01:38] INFO: writeconf_nersc: Writing NERSC configuration ./conf_s060t20_b0675500_a_U000597500
# [2024-05-14 17:01:42] INFO: Calculated checksum: 7842d0fa
# [2024-05-14 17:02:00] INFO: Calculated checksum: 6e8de97e
# [2024-05-14 17:02:00] INFO: Writing RNGSTATE file: ./rand_s060t20_b0675500_a_U000597500
# [2024-05-14 17:02:01] INFO: Writing to disk took 23.6931 seconds
# [2024-05-14 17:02:01] INFO: ======================================================================
# [2024-05-14 17:02:01] INFO: Start sweeping...
# [2024-05-14 17:08:43] INFO: It took 401.191 seconds to do 500 HBOR sweeps.
# [2024-05-14 17:08:43] INFO: Plaquette = 0.656275
# [2024-05-14 17:08:43] INFO: Polyakov loop = (0.00240017,0.000372496)
# [2024-05-14 17:08:43] INFO: Writing conf to disk...
# [2024-05-14 17:08:43] INFO: writeconf_nersc: Writing NERSC configuration ./conf_s060t20_b0675500_a_U000598000
# [2024-05-14 17:08:47] INFO: Calculated checksum: 484f8837
# [2024-05-14 17:08:56] INFO: Calculated checksum: 311df6bf
# [2024-05-14 17:08:56] INFO: Writing RNGSTATE file: ./rand_s060t20_b0675500_a_U000598000
# [2024-05-14 17:08:56] INFO: Writing to disk took 13.1892 seconds
# [2024-05-14 17:08:56] INFO: ======================================================================
# [2024-05-14 17:08:56] INFO: Start sweeping...
# [2024-05-14 17:15:38] INFO: It took 401.675 seconds to do 500 HBOR sweeps.
# [2024-05-14 17:15:38] INFO: Plaquette = 0.656155
# [2024-05-14 17:15:38] INFO: Polyakov loop = (0.00121157,-0.000367972)
# [2024-05-14 17:15:38] INFO: Writing conf to disk...
# [2024-05-14 17:15:38] INFO: writeconf_nersc: Writing NERSC configuration ./conf_s060t20_b0675500_a_U000598500
# [2024-05-14 17:15:41] INFO: Calculated checksum: 3bd59e68
# [2024-05-14 17:15:57] INFO: Calculated checksum: 869fc94f
# [2024-05-14 17:15:57] INFO: Writing RNGSTATE file: ./rand_s060t20_b0675500_a_U000598500
# [2024-05-14 17:15:58] INFO: Writing to disk took 20.0113 seconds
# [2024-05-14 17:15:58] INFO: ======================================================================
# [2024-05-14 17:15:58] INFO: Start sweeping...
# [2024-05-14 17:22:39] INFO: It took 401.418 seconds to do 500 HBOR sweeps.
# [2024-05-14 17:22:39] INFO: Plaquette = 0.656298
# [2024-05-14 17:22:39] INFO: Polyakov loop = (0.00277901,-0.000177383)
# [2024-05-14 17:22:39] INFO: Writing conf to disk...
# [2024-05-14 17:22:39] INFO: writeconf_nersc: Writing NERSC configuration ./conf_s060t20_b0675500_a_U000599000
# [2024-05-14 17:22:43] INFO: Calculated checksum: 962ac827
# [2024-05-14 17:22:53] INFO: Calculated checksum: 32f23e86
# [2024-05-14 17:22:53] INFO: Writing RNGSTATE file: ./rand_s060t20_b0675500_a_U000599000
# [2024-05-14 17:22:54] INFO: Writing to disk took 14.6056 seconds
# [2024-05-14 17:22:54] INFO: ======================================================================
# [2024-05-14 17:22:54] INFO: Start sweeping...
# [2024-05-14 17:29:35] INFO: It took 401.563 seconds to do 500 HBOR sweeps.
# [2024-05-14 17:29:35] INFO: Plaquette = 0.656218
# [2024-05-14 17:29:35] INFO: Polyakov loop = (0.00202355,0.000123953)
# [2024-05-14 17:29:35] INFO: Writing conf to disk...
# [2024-05-14 17:29:35] INFO: writeconf_nersc: Writing NERSC configuration ./conf_s060t20_b0675500_a_U000599500
# [2024-05-14 17:29:39] INFO: Calculated checksum: a47e6c3a
# [2024-05-14 17:29:55] INFO: Calculated checksum: 41d4208a
# [2024-05-14 17:29:55] INFO: Writing RNGSTATE file: ./rand_s060t20_b0675500_a_U000599500
# [2024-05-14 17:29:56] INFO: Writing to disk took 20.2603 seconds
# [2024-05-14 17:29:56] INFO: ======================================================================
# [2024-05-14 17:29:56] INFO: Start sweeping...
# [2024-05-14 17:36:37] INFO: It took 401.555 seconds to do 500 HBOR sweeps.
# [2024-05-14 17:36:37] INFO: Plaquette = 0.656308
# [2024-05-14 17:36:37] INFO: Polyakov loop = (0.000191246,0.000154678)
# [2024-05-14 17:36:37] INFO: Writing conf to disk...
# [2024-05-14 17:36:37] INFO: writeconf_nersc: Writing NERSC configuration ./conf_s060t20_b0675500_a_U000600000
# [2024-05-14 17:36:41] INFO: Calculated checksum: c9021e6
# [2024-05-14 17:36:59] INFO: Calculated checksum: de2e002e
# [2024-05-14 17:36:59] INFO: Writing RNGSTATE file: ./rand_s060t20_b0675500_a_U000600000
# [2024-05-14 17:37:00] INFO: Writing to disk took 22.6621 seconds
# [2024-05-14 17:37:00] INFO: Finalizing MPI
