
Currently Loaded Modules:
  1) chpc/1.0      (S)   3) gcc/8.5.0      5) mpich/3.4.2
  2) python/3.10.3       4) cmake/3.26.0   6) cuda/11.6.2 (g)

  Where:
   S:  Module is Sticky, requires --force to unload or purge
   g:  built for GPU

 

# [2024-05-13 22:29:31] INFO: Running SIMULATeQCD
# [2024-05-13 22:29:31] INFO: Git commit version: 43e2518
# [2024-05-13 22:29:31] INFO: Initializing MPI with (1 proc)
# [2024-05-13 22:29:31] INFO: Reading parameters from file :: GenerateQuenched_b6600.param
# [2024-05-13 22:29:31] INFO: # PARAM :: Lattice = 60 60 60 20 
# [2024-05-13 22:29:31] INFO: # PARAM :: Nodes = 1 1 1 1 
# [2024-05-13 22:29:31] INFO: # PARAM :: Topology = 0 0 0 0  (default)
# [2024-05-13 22:29:31] INFO: # PARAM :: beta = 6.6
# [2024-05-13 22:29:31] INFO: # PARAM :: format = nersc
# [2024-05-13 22:29:31] INFO: # PARAM :: endianness = auto
# [2024-05-13 22:29:31] INFO: # PARAM :: conf_nr = 516000
# [2024-05-13 22:29:31] INFO: # PARAM :: stream = a
# [2024-05-13 22:29:31] INFO: # PARAM :: prec_out = 0 (default)
# [2024-05-13 22:29:31] INFO: # PARAM :: measurements_dir = ./ (default)
# [2024-05-13 22:29:31] INFO: # PARAM :: use_unit_conf = 0 (default)
# [2024-05-13 22:29:31] INFO: # PARAM :: output_dir = .
# [2024-05-13 22:29:31] INFO: # PARAM :: nconfs = 100
# [2024-05-13 22:29:31] INFO: # PARAM :: nsweeps_ORperHB = 4
# [2024-05-13 22:29:31] INFO: # PARAM :: nsweeps_HBwithOR = 500
# [2024-05-13 22:29:31] INFO: # PARAM :: prev_conf = conf_s060t20_b0660000_a_U000516000
# [2024-05-13 22:29:31] INFO: # PARAM :: prev_rand = rand_s060t20_b0660000_a_U000516000
# [2024-05-13 22:29:31] INFO: > Running on:
# [2024-05-13 22:29:31] INFO: [Rank 0] > notch271 CPU_44 GPU_3D; MPI: world_rank=0, node_rank=0, coord: ( 0 0 0 0 )
# [2024-05-13 22:29:31] INFO: > Is MPI CUDA-aware? @compilation 
# [2024-05-13 22:29:31] INFO: > GPU compute capability: 75
# [2024-05-13 22:29:31] INFO: > Checking support for P2P (Peer-to-Peer) and UVA (Unified Virtual Addressing):
# [2024-05-13 22:29:31] INFO: [Rank 0] > notch271 GPU_3D(NVIDIA GeForce RTX 2080 Ti): P2P NO ; UVA YES
# [2024-05-13 22:29:35] INFO: Initialize Indexer with HaloDepth = 1[0;33m[0m
# [2024-05-13 22:29:35] INFO: Resuming previous run.
# [2024-05-13 22:29:35] INFO: readconf_nersc: Reading NERSC configuration conf_s060t20_b0660000_a_U000516000
# [2024-05-13 22:29:52] INFO: Next conf_number will be 516500
# [2024-05-13 22:29:52] INFO: Generating up to 100 confs with a separation of 500 HBOR sweeps (OR/HB = 4) ...
# [2024-05-13 22:29:52] INFO: ======================================================================
# [2024-05-13 22:29:52] INFO: Start sweeping...
# [2024-05-13 22:36:32] INFO: It took 399.936 seconds to do 500 HBOR sweeps.
# [2024-05-13 22:36:32] INFO: Plaquette = 0.645695
# [2024-05-13 22:36:32] INFO: Polyakov loop = (2.64809e-05,0.000109467)
# [2024-05-13 22:36:32] INFO: Writing conf to disk...
# [2024-05-13 22:36:32] INFO: writeconf_nersc: Writing NERSC configuration ./conf_s060t20_b0660000_a_U000516500
# [2024-05-13 22:36:35] INFO: Calculated checksum: ad4991fe
# [2024-05-13 22:36:54] INFO: Calculated checksum: 42b2db54
# [2024-05-13 22:36:54] INFO: Writing RNGSTATE file: ./rand_s060t20_b0660000_a_U000516500
# [2024-05-13 22:36:55] INFO: Writing to disk took 22.1928 seconds
# [2024-05-13 22:36:55] INFO: ======================================================================
# [2024-05-13 22:36:55] INFO: Start sweeping...
# [2024-05-13 22:43:36] INFO: It took 401.307 seconds to do 500 HBOR sweeps.
# [2024-05-13 22:43:36] INFO: Plaquette = 0.645655
# [2024-05-13 22:43:36] INFO: Polyakov loop = (-0.000238846,-0.000524454)
# [2024-05-13 22:43:36] INFO: Writing conf to disk...
# [2024-05-13 22:43:36] INFO: writeconf_nersc: Writing NERSC configuration ./conf_s060t20_b0660000_a_U000517000
# [2024-05-13 22:43:39] INFO: Calculated checksum: 69e139df
# [2024-05-13 22:43:56] INFO: Calculated checksum: 94e3db3d
# [2024-05-13 22:43:56] INFO: Writing RNGSTATE file: ./rand_s060t20_b0660000_a_U000517000
# [2024-05-13 22:43:58] INFO: Writing to disk took 21.5587 seconds
# [2024-05-13 22:43:58] INFO: ======================================================================
# [2024-05-13 22:43:58] INFO: Start sweeping...
# [2024-05-13 22:50:39] INFO: It took 401.356 seconds to do 500 HBOR sweeps.
# [2024-05-13 22:50:39] INFO: Plaquette = 0.645663
# [2024-05-13 22:50:39] INFO: Polyakov loop = (7.39276e-05,-0.000505149)
# [2024-05-13 22:50:39] INFO: Writing conf to disk...
# [2024-05-13 22:50:39] INFO: writeconf_nersc: Writing NERSC configuration ./conf_s060t20_b0660000_a_U000517500
# [2024-05-13 22:50:42] INFO: Calculated checksum: 5f784f23
# [2024-05-13 22:50:50] INFO: Calculated checksum: 41e94066
# [2024-05-13 22:50:50] INFO: Writing RNGSTATE file: ./rand_s060t20_b0660000_a_U000517500
# [2024-05-13 22:50:51] INFO: Writing to disk took 11.3429 seconds
# [2024-05-13 22:50:51] INFO: ======================================================================
# [2024-05-13 22:50:51] INFO: Start sweeping...
# [2024-05-13 22:57:32] INFO: It took 401.509 seconds to do 500 HBOR sweeps.
# [2024-05-13 22:57:32] INFO: Plaquette = 0.645577
# [2024-05-13 22:57:32] INFO: Polyakov loop = (-0.000141094,-0.000174636)
# [2024-05-13 22:57:32] INFO: Writing conf to disk...
# [2024-05-13 22:57:32] INFO: writeconf_nersc: Writing NERSC configuration ./conf_s060t20_b0660000_a_U000518000
# [2024-05-13 22:57:35] INFO: Calculated checksum: 675e5104
# [2024-05-13 22:57:52] INFO: Calculated checksum: 971d3c6f
# [2024-05-13 22:57:53] INFO: Writing RNGSTATE file: ./rand_s060t20_b0660000_a_U000518000
# [2024-05-13 22:57:56] INFO: Writing to disk took 23.6712 seconds
# [2024-05-13 22:57:56] INFO: ======================================================================
# [2024-05-13 22:57:56] INFO: Start sweeping...
# [2024-05-13 23:04:37] INFO: It took 401.303 seconds to do 500 HBOR sweeps.
# [2024-05-13 23:04:37] INFO: Plaquette = 0.645773
# [2024-05-13 23:04:37] INFO: Polyakov loop = (-0.000250124,0.000674783)
# [2024-05-13 23:04:37] INFO: Writing conf to disk...
# [2024-05-13 23:04:37] INFO: writeconf_nersc: Writing NERSC configuration ./conf_s060t20_b0660000_a_U000518500
# [2024-05-13 23:04:40] INFO: Calculated checksum: d4f72563
# [2024-05-13 23:04:48] INFO: Calculated checksum: f7da237
# [2024-05-13 23:04:48] INFO: Writing RNGSTATE file: ./rand_s060t20_b0660000_a_U000518500
# [2024-05-13 23:04:49] INFO: Writing to disk took 11.4856 seconds
# [2024-05-13 23:04:49] INFO: ======================================================================
# [2024-05-13 23:04:49] INFO: Start sweeping...
# [2024-05-13 23:11:30] INFO: It took 401.515 seconds to do 500 HBOR sweeps.
# [2024-05-13 23:11:30] INFO: Plaquette = 0.645663
# [2024-05-13 23:11:30] INFO: Polyakov loop = (0.000330887,0.000845561)
# [2024-05-13 23:11:30] INFO: Writing conf to disk...
# [2024-05-13 23:11:30] INFO: writeconf_nersc: Writing NERSC configuration ./conf_s060t20_b0660000_a_U000519000
# [2024-05-13 23:11:33] INFO: Calculated checksum: 7f05b6d3
# [2024-05-13 23:11:47] INFO: Calculated checksum: 6696c2bc
# [2024-05-13 23:11:47] INFO: Writing RNGSTATE file: ./rand_s060t20_b0660000_a_U000519000
# [2024-05-13 23:11:48] INFO: Writing to disk took 17.5088 seconds
# [2024-05-13 23:11:48] INFO: ======================================================================
# [2024-05-13 23:11:48] INFO: Start sweeping...
# [2024-05-13 23:18:29] INFO: It took 401.394 seconds to do 500 HBOR sweeps.
# [2024-05-13 23:18:29] INFO: Plaquette = 0.645587
# [2024-05-13 23:18:29] INFO: Polyakov loop = (-7.77285e-05,-0.000126577)
# [2024-05-13 23:18:29] INFO: Writing conf to disk...
# [2024-05-13 23:18:29] INFO: writeconf_nersc: Writing NERSC configuration ./conf_s060t20_b0660000_a_U000519500
# [2024-05-13 23:18:32] INFO: Calculated checksum: c102d33a
# [2024-05-13 23:18:49] INFO: Calculated checksum: d7874f0f
# [2024-05-13 23:18:49] INFO: Writing RNGSTATE file: ./rand_s060t20_b0660000_a_U000519500
# [2024-05-13 23:18:49] INFO: Writing to disk took 20.3379 seconds
# [2024-05-13 23:18:49] INFO: ======================================================================
# [2024-05-13 23:18:49] INFO: Start sweeping...
# [2024-05-13 23:25:31] INFO: It took 401.359 seconds to do 500 HBOR sweeps.
# [2024-05-13 23:25:31] INFO: Plaquette = 0.645752
# [2024-05-13 23:25:31] INFO: Polyakov loop = (-6.10433e-05,1.436e-05)
# [2024-05-13 23:25:31] INFO: Writing conf to disk...
# [2024-05-13 23:25:31] INFO: writeconf_nersc: Writing NERSC configuration ./conf_s060t20_b0660000_a_U000520000
# [2024-05-13 23:25:34] INFO: Calculated checksum: eb7ebb3a
# [2024-05-13 23:25:51] INFO: Calculated checksum: 805c7e7e
# [2024-05-13 23:25:51] INFO: Writing RNGSTATE file: ./rand_s060t20_b0660000_a_U000520000
# [2024-05-13 23:25:52] INFO: Writing to disk took 20.7224 seconds
# [2024-05-13 23:25:52] INFO: ======================================================================
# [2024-05-13 23:25:52] INFO: Start sweeping...
# [2024-05-13 23:32:33] INFO: It took 401.367 seconds to do 500 HBOR sweeps.
# [2024-05-13 23:32:33] INFO: Plaquette = 0.645736
# [2024-05-13 23:32:33] INFO: Polyakov loop = (-0.000409352,0.000266272)
# [2024-05-13 23:32:33] INFO: Writing conf to disk...
# [2024-05-13 23:32:33] INFO: writeconf_nersc: Writing NERSC configuration ./conf_s060t20_b0660000_a_U000520500
# [2024-05-13 23:32:37] INFO: Calculated checksum: 188bff7e
# [2024-05-13 23:32:49] INFO: Calculated checksum: a09553f4
# [2024-05-13 23:32:49] INFO: Writing RNGSTATE file: ./rand_s060t20_b0660000_a_U000520500
# [2024-05-13 23:32:51] INFO: Writing to disk took 17.748 seconds
# [2024-05-13 23:32:51] INFO: ======================================================================
# [2024-05-13 23:32:51] INFO: Start sweeping...
# [2024-05-13 23:39:32] INFO: It took 401.405 seconds to do 500 HBOR sweeps.
# [2024-05-13 23:39:33] INFO: Plaquette = 0.645626
# [2024-05-13 23:39:33] INFO: Polyakov loop = (1.65995e-05,0.000100294)
# [2024-05-13 23:39:33] INFO: Writing conf to disk...
# [2024-05-13 23:39:33] INFO: writeconf_nersc: Writing NERSC configuration ./conf_s060t20_b0660000_a_U000521000
# [2024-05-13 23:39:35] INFO: Calculated checksum: d0fa1e4b
# [2024-05-13 23:39:53] INFO: Calculated checksum: 9c7fd71
# [2024-05-13 23:39:53] INFO: Writing RNGSTATE file: ./rand_s060t20_b0660000_a_U000521000
# [2024-05-13 23:39:53] INFO: Writing to disk took 20.806 seconds
# [2024-05-13 23:39:53] INFO: ======================================================================
# [2024-05-13 23:39:53] INFO: Start sweeping...
# [2024-05-13 23:46:35] INFO: It took 401.338 seconds to do 500 HBOR sweeps.
# [2024-05-13 23:46:35] INFO: Plaquette = 0.645624
# [2024-05-13 23:46:35] INFO: Polyakov loop = (-0.000408959,1.79596e-05)
# [2024-05-13 23:46:35] INFO: Writing conf to disk...
# [2024-05-13 23:46:35] INFO: writeconf_nersc: Writing NERSC configuration ./conf_s060t20_b0660000_a_U000521500
# [2024-05-13 23:46:38] INFO: Calculated checksum: 20797497
# [2024-05-13 23:46:52] INFO: Calculated checksum: 152fc8bd
# [2024-05-13 23:46:52] INFO: Writing RNGSTATE file: ./rand_s060t20_b0660000_a_U000521500
# [2024-05-13 23:46:53] INFO: Writing to disk took 17.7815 seconds
# [2024-05-13 23:46:53] INFO: ======================================================================
# [2024-05-13 23:46:53] INFO: Start sweeping...
# [2024-05-13 23:53:35] INFO: It took 402.928 seconds to do 500 HBOR sweeps.
# [2024-05-13 23:53:35] INFO: Plaquette = 0.64569
# [2024-05-13 23:53:35] INFO: Polyakov loop = (-0.00100701,-0.000280233)
# [2024-05-13 23:53:35] INFO: Writing conf to disk...
# [2024-05-13 23:53:35] INFO: writeconf_nersc: Writing NERSC configuration ./conf_s060t20_b0660000_a_U000522000
# [2024-05-13 23:53:38] INFO: Calculated checksum: ffa8d917
# [2024-05-13 23:53:48] INFO: Calculated checksum: c738ab18
# [2024-05-13 23:53:48] INFO: Writing RNGSTATE file: ./rand_s060t20_b0660000_a_U000522000
# [2024-05-13 23:53:49] INFO: Writing to disk took 13.1837 seconds
# [2024-05-13 23:53:49] INFO: ======================================================================
# [2024-05-13 23:53:49] INFO: Start sweeping...
# [2024-05-14 00:00:32] INFO: It took 403.106 seconds to do 500 HBOR sweeps.
# [2024-05-14 00:00:32] INFO: Plaquette = 0.645717
# [2024-05-14 00:00:32] INFO: Polyakov loop = (-6.71028e-05,5.06429e-05)
# [2024-05-14 00:00:32] INFO: Writing conf to disk...
# [2024-05-14 00:00:32] INFO: writeconf_nersc: Writing NERSC configuration ./conf_s060t20_b0660000_a_U000522500
# [2024-05-14 00:00:35] INFO: Calculated checksum: e2b97a14
# [2024-05-14 00:00:42] INFO: Calculated checksum: 790d8521
# [2024-05-14 00:00:42] INFO: Writing RNGSTATE file: ./rand_s060t20_b0660000_a_U000522500
# [2024-05-14 00:00:42] INFO: Writing to disk took 10.1915 seconds
# [2024-05-14 00:00:42] INFO: ======================================================================
# [2024-05-14 00:00:42] INFO: Start sweeping...
# [2024-05-14 00:07:25] INFO: It took 403.091 seconds to do 500 HBOR sweeps.
# [2024-05-14 00:07:25] INFO: Plaquette = 0.645589
# [2024-05-14 00:07:25] INFO: Polyakov loop = (-6.62798e-05,0.00039342)
# [2024-05-14 00:07:25] INFO: Writing conf to disk...
# [2024-05-14 00:07:25] INFO: writeconf_nersc: Writing NERSC configuration ./conf_s060t20_b0660000_a_U000523000
# [2024-05-14 00:07:28] INFO: Calculated checksum: e40a1f66
# [2024-05-14 00:07:44] INFO: Calculated checksum: 16035afb
# [2024-05-14 00:07:44] INFO: Writing RNGSTATE file: ./rand_s060t20_b0660000_a_U000523000
# [2024-05-14 00:07:45] INFO: Writing to disk took 19.3452 seconds
# [2024-05-14 00:07:45] INFO: ======================================================================
# [2024-05-14 00:07:45] INFO: Start sweeping...
# [2024-05-14 00:14:28] INFO: It took 402.829 seconds to do 500 HBOR sweeps.
# [2024-05-14 00:14:28] INFO: Plaquette = 0.645736
# [2024-05-14 00:14:28] INFO: Polyakov loop = (0.000615717,5.08817e-05)
# [2024-05-14 00:14:28] INFO: Writing conf to disk...
# [2024-05-14 00:14:28] INFO: writeconf_nersc: Writing NERSC configuration ./conf_s060t20_b0660000_a_U000523500
# [2024-05-14 00:14:31] INFO: Calculated checksum: 3b0a7864
# [2024-05-14 00:14:42] INFO: Calculated checksum: 86355001
# [2024-05-14 00:14:42] INFO: Writing RNGSTATE file: ./rand_s060t20_b0660000_a_U000523500
# [2024-05-14 00:14:42] INFO: Writing to disk took 14.4006 seconds
# [2024-05-14 00:14:42] INFO: ======================================================================
# [2024-05-14 00:14:42] INFO: Start sweeping...
# [2024-05-14 00:21:25] INFO: It took 402.885 seconds to do 500 HBOR sweeps.
# [2024-05-14 00:21:25] INFO: Plaquette = 0.645717
# [2024-05-14 00:21:25] INFO: Polyakov loop = (-0.000901086,-8.21592e-05)
# [2024-05-14 00:21:25] INFO: Writing conf to disk...
# [2024-05-14 00:21:25] INFO: writeconf_nersc: Writing NERSC configuration ./conf_s060t20_b0660000_a_U000524000
# [2024-05-14 00:21:28] INFO: Calculated checksum: 8e45bfab
# [2024-05-14 00:21:38] INFO: Calculated checksum: 87d36637
# [2024-05-14 00:21:38] INFO: Writing RNGSTATE file: ./rand_s060t20_b0660000_a_U000524000
# [2024-05-14 00:21:38] INFO: Writing to disk took 13.5269 seconds
# [2024-05-14 00:21:38] INFO: ======================================================================
# [2024-05-14 00:21:38] INFO: Start sweeping...
# [2024-05-14 00:28:22] INFO: It took 403.004 seconds to do 500 HBOR sweeps.
# [2024-05-14 00:28:22] INFO: Plaquette = 0.645638
# [2024-05-14 00:28:22] INFO: Polyakov loop = (-0.000876007,-0.000341026)
# [2024-05-14 00:28:22] INFO: Writing conf to disk...
# [2024-05-14 00:28:22] INFO: writeconf_nersc: Writing NERSC configuration ./conf_s060t20_b0660000_a_U000524500
# [2024-05-14 00:28:25] INFO: Calculated checksum: a698b539
# [2024-05-14 00:28:36] INFO: Calculated checksum: 43effc80
# [2024-05-14 00:28:36] INFO: Writing RNGSTATE file: ./rand_s060t20_b0660000_a_U000524500
# [2024-05-14 00:28:36] INFO: Writing to disk took 14.5701 seconds
# [2024-05-14 00:28:36] INFO: ======================================================================
# [2024-05-14 00:28:36] INFO: Start sweeping...
# [2024-05-14 00:35:19] INFO: It took 402.872 seconds to do 500 HBOR sweeps.
# [2024-05-14 00:35:19] INFO: Plaquette = 0.645601
# [2024-05-14 00:35:19] INFO: Polyakov loop = (-4.41986e-05,4.22521e-06)
# [2024-05-14 00:35:19] INFO: Writing conf to disk...
# [2024-05-14 00:35:19] INFO: writeconf_nersc: Writing NERSC configuration ./conf_s060t20_b0660000_a_U000525000
# [2024-05-14 00:35:22] INFO: Calculated checksum: 9593bf90
# [2024-05-14 00:35:29] INFO: Calculated checksum: 64522104
# [2024-05-14 00:35:29] INFO: Writing RNGSTATE file: ./rand_s060t20_b0660000_a_U000525000
# [2024-05-14 00:35:29] INFO: Writing to disk took 10.0697 seconds
# [2024-05-14 00:35:29] INFO: ======================================================================
# [2024-05-14 00:35:29] INFO: Start sweeping...
# [2024-05-14 00:42:12] INFO: It took 403.054 seconds to do 500 HBOR sweeps.
# [2024-05-14 00:42:12] INFO: Plaquette = 0.645656
# [2024-05-14 00:42:12] INFO: Polyakov loop = (0.000142028,-7.59048e-05)
# [2024-05-14 00:42:12] INFO: Writing conf to disk...
# [2024-05-14 00:42:12] INFO: writeconf_nersc: Writing NERSC configuration ./conf_s060t20_b0660000_a_U000525500
# [2024-05-14 00:42:15] INFO: Calculated checksum: 16fea501
# [2024-05-14 00:42:23] INFO: Calculated checksum: 12b5f7c
# [2024-05-14 00:42:23] INFO: Writing RNGSTATE file: ./rand_s060t20_b0660000_a_U000525500
# [2024-05-14 00:42:24] INFO: Writing to disk took 11.431 seconds
# [2024-05-14 00:42:24] INFO: ======================================================================
# [2024-05-14 00:42:24] INFO: Start sweeping...
# [2024-05-14 00:49:07] INFO: It took 402.894 seconds to do 500 HBOR sweeps.
# [2024-05-14 00:49:07] INFO: Plaquette = 0.645614
# [2024-05-14 00:49:07] INFO: Polyakov loop = (0.000679193,3.65324e-05)
# [2024-05-14 00:49:07] INFO: Writing conf to disk...
# [2024-05-14 00:49:07] INFO: writeconf_nersc: Writing NERSC configuration ./conf_s060t20_b0660000_a_U000526000
# [2024-05-14 00:49:10] INFO: Calculated checksum: 54b8695d
# [2024-05-14 00:49:21] INFO: Calculated checksum: 8222c298
# [2024-05-14 00:49:21] INFO: Writing RNGSTATE file: ./rand_s060t20_b0660000_a_U000526000
# [2024-05-14 00:49:22] INFO: Writing to disk took 14.9557 seconds
# [2024-05-14 00:49:22] INFO: ======================================================================
# [2024-05-14 00:49:22] INFO: Start sweeping...
# [2024-05-14 00:56:04] INFO: It took 402.799 seconds to do 500 HBOR sweeps.
# [2024-05-14 00:56:04] INFO: Plaquette = 0.645635
# [2024-05-14 00:56:04] INFO: Polyakov loop = (0.000488443,-0.0013798)
# [2024-05-14 00:56:04] INFO: Writing conf to disk...
# [2024-05-14 00:56:04] INFO: writeconf_nersc: Writing NERSC configuration ./conf_s060t20_b0660000_a_U000526500
# [2024-05-14 00:56:07] INFO: Calculated checksum: 49e5e765
# [2024-05-14 00:56:33] INFO: Calculated checksum: fe2d662a
# [2024-05-14 00:56:33] INFO: Writing RNGSTATE file: ./rand_s060t20_b0660000_a_U000526500
# [2024-05-14 00:56:34] INFO: Writing to disk took 29.3803 seconds
# [2024-05-14 00:56:34] INFO: ======================================================================
# [2024-05-14 00:56:34] INFO: Start sweeping...
# [2024-05-14 01:03:16] INFO: It took 402.145 seconds to do 500 HBOR sweeps.
# [2024-05-14 01:03:16] INFO: Plaquette = 0.645568
# [2024-05-14 01:03:16] INFO: Polyakov loop = (-0.000169929,0.00053695)
# [2024-05-14 01:03:16] INFO: Writing conf to disk...
# [2024-05-14 01:03:16] INFO: writeconf_nersc: Writing NERSC configuration ./conf_s060t20_b0660000_a_U000527000
# [2024-05-14 01:03:19] INFO: Calculated checksum: 6f0b45af
# [2024-05-14 01:03:26] INFO: Calculated checksum: 68691eac
# [2024-05-14 01:03:26] INFO: Writing RNGSTATE file: ./rand_s060t20_b0660000_a_U000527000
# [2024-05-14 01:03:27] INFO: Writing to disk took 10.6983 seconds
# [2024-05-14 01:03:27] INFO: ======================================================================
# [2024-05-14 01:03:27] INFO: Start sweeping...
# [2024-05-14 01:10:10] INFO: It took 403.091 seconds to do 500 HBOR sweeps.
# [2024-05-14 01:10:10] INFO: Plaquette = 0.645669
# [2024-05-14 01:10:10] INFO: Polyakov loop = (0.000271929,0.000802298)
# [2024-05-14 01:10:10] INFO: Writing conf to disk...
# [2024-05-14 01:10:10] INFO: writeconf_nersc: Writing NERSC configuration ./conf_s060t20_b0660000_a_U000527500
# [2024-05-14 01:10:13] INFO: Calculated checksum: c56a9e43
# [2024-05-14 01:10:18] INFO: Calculated checksum: 2ff157f6
# [2024-05-14 01:10:18] INFO: Writing RNGSTATE file: ./rand_s060t20_b0660000_a_U000527500
# [2024-05-14 01:10:18] INFO: Writing to disk took 7.97309 seconds
# [2024-05-14 01:10:18] INFO: ======================================================================
# [2024-05-14 01:10:18] INFO: Start sweeping...
# [2024-05-14 01:17:01] INFO: It took 403.187 seconds to do 500 HBOR sweeps.
# [2024-05-14 01:17:01] INFO: Plaquette = 0.645682
# [2024-05-14 01:17:01] INFO: Polyakov loop = (-0.000408654,-6.45092e-05)
# [2024-05-14 01:17:01] INFO: Writing conf to disk...
# [2024-05-14 01:17:01] INFO: writeconf_nersc: Writing NERSC configuration ./conf_s060t20_b0660000_a_U000528000
# [2024-05-14 01:17:04] INFO: Calculated checksum: d235169e
# [2024-05-14 01:17:11] INFO: Calculated checksum: afa4f6e9
# [2024-05-14 01:17:11] INFO: Writing RNGSTATE file: ./rand_s060t20_b0660000_a_U000528000
# [2024-05-14 01:17:11] INFO: Writing to disk took 9.57724 seconds
# [2024-05-14 01:17:11] INFO: ======================================================================
# [2024-05-14 01:17:11] INFO: Start sweeping...
# [2024-05-14 01:23:55] INFO: It took 404.269 seconds to do 500 HBOR sweeps.
# [2024-05-14 01:23:55] INFO: Plaquette = 0.645641
# [2024-05-14 01:23:55] INFO: Polyakov loop = (0.000621957,0.000904493)
# [2024-05-14 01:23:55] INFO: Writing conf to disk...
# [2024-05-14 01:23:55] INFO: writeconf_nersc: Writing NERSC configuration ./conf_s060t20_b0660000_a_U000528500
# [2024-05-14 01:23:58] INFO: Calculated checksum: 7a6b4f25
# [2024-05-14 01:24:08] INFO: Calculated checksum: 2679fc92
# [2024-05-14 01:24:08] INFO: Writing RNGSTATE file: ./rand_s060t20_b0660000_a_U000528500
# [2024-05-14 01:24:08] INFO: Writing to disk took 13.1288 seconds
# [2024-05-14 01:24:08] INFO: ======================================================================
# [2024-05-14 01:24:08] INFO: Start sweeping...
# [2024-05-14 01:30:50] INFO: It took 401.464 seconds to do 500 HBOR sweeps.
# [2024-05-14 01:30:50] INFO: Plaquette = 0.645653
# [2024-05-14 01:30:50] INFO: Polyakov loop = (-0.000134305,0.000313776)
# [2024-05-14 01:30:50] INFO: Writing conf to disk...
# [2024-05-14 01:30:50] INFO: writeconf_nersc: Writing NERSC configuration ./conf_s060t20_b0660000_a_U000529000
# [2024-05-14 01:30:53] INFO: Calculated checksum: b6de041b
# [2024-05-14 01:31:11] INFO: Calculated checksum: dade7edf
# [2024-05-14 01:31:11] INFO: Writing RNGSTATE file: ./rand_s060t20_b0660000_a_U000529000
# [2024-05-14 01:31:12] INFO: Writing to disk took 22.109 seconds
# [2024-05-14 01:31:12] INFO: ======================================================================
# [2024-05-14 01:31:12] INFO: Start sweeping...
# [2024-05-14 01:37:53] INFO: It took 401.327 seconds to do 500 HBOR sweeps.
# [2024-05-14 01:37:53] INFO: Plaquette = 0.64574
# [2024-05-14 01:37:53] INFO: Polyakov loop = (-0.000456661,0.000367368)
# [2024-05-14 01:37:53] INFO: Writing conf to disk...
# [2024-05-14 01:37:53] INFO: writeconf_nersc: Writing NERSC configuration ./conf_s060t20_b0660000_a_U000529500
# [2024-05-14 01:37:56] INFO: Calculated checksum: 754c7bbf
# [2024-05-14 01:38:25] INFO: Calculated checksum: 66661373
# [2024-05-14 01:38:25] INFO: Writing RNGSTATE file: ./rand_s060t20_b0660000_a_U000529500
# [2024-05-14 01:38:27] INFO: Writing to disk took 33.8908 seconds
# [2024-05-14 01:38:27] INFO: ======================================================================
# [2024-05-14 01:38:27] INFO: Start sweeping...
# [2024-05-14 01:45:08] INFO: It took 401.038 seconds to do 500 HBOR sweeps.
# [2024-05-14 01:45:08] INFO: Plaquette = 0.645653
# [2024-05-14 01:45:08] INFO: Polyakov loop = (0.000677505,-0.000511226)
# [2024-05-14 01:45:08] INFO: Writing conf to disk...
# [2024-05-14 01:45:08] INFO: writeconf_nersc: Writing NERSC configuration ./conf_s060t20_b0660000_a_U000530000
# [2024-05-14 01:45:11] INFO: Calculated checksum: 40938fe5
# [2024-05-14 01:45:34] INFO: Calculated checksum: b0b04449
# [2024-05-14 01:45:34] INFO: Writing RNGSTATE file: ./rand_s060t20_b0660000_a_U000530000
# [2024-05-14 01:45:34] INFO: Writing to disk took 26.159 seconds
# [2024-05-14 01:45:34] INFO: ======================================================================
# [2024-05-14 01:45:34] INFO: Start sweeping...
# [2024-05-14 01:52:17] INFO: It took 402.498 seconds to do 500 HBOR sweeps.
# [2024-05-14 01:52:17] INFO: Plaquette = 0.645658
# [2024-05-14 01:52:17] INFO: Polyakov loop = (-0.00029315,0.000359928)
# [2024-05-14 01:52:17] INFO: Writing conf to disk...
# [2024-05-14 01:52:17] INFO: writeconf_nersc: Writing NERSC configuration ./conf_s060t20_b0660000_a_U000530500
# [2024-05-14 01:52:20] INFO: Calculated checksum: cac502ea
# [2024-05-14 01:52:32] INFO: Calculated checksum: 285f2fd7
# [2024-05-14 01:52:32] INFO: Writing RNGSTATE file: ./rand_s060t20_b0660000_a_U000530500
# [2024-05-14 01:52:34] INFO: Writing to disk took 17.157 seconds
# [2024-05-14 01:52:34] INFO: ======================================================================
# [2024-05-14 01:52:34] INFO: Start sweeping...
# [2024-05-14 01:59:18] INFO: It took 403.756 seconds to do 500 HBOR sweeps.
# [2024-05-14 01:59:18] INFO: Plaquette = 0.645626
# [2024-05-14 01:59:18] INFO: Polyakov loop = (-0.000419079,-0.000811349)
# [2024-05-14 01:59:18] INFO: Writing conf to disk...
# [2024-05-14 01:59:18] INFO: writeconf_nersc: Writing NERSC configuration ./conf_s060t20_b0660000_a_U000531000
# [2024-05-14 01:59:21] INFO: Calculated checksum: 77d42eb
# [2024-05-14 01:59:28] INFO: Calculated checksum: 8c049071
# [2024-05-14 01:59:28] INFO: Writing RNGSTATE file: ./rand_s060t20_b0660000_a_U000531000
# [2024-05-14 01:59:29] INFO: Writing to disk took 10.5545 seconds
# [2024-05-14 01:59:29] INFO: ======================================================================
# [2024-05-14 01:59:29] INFO: Start sweeping...
# [2024-05-14 02:06:11] INFO: It took 402.817 seconds to do 500 HBOR sweeps.
# [2024-05-14 02:06:12] INFO: Plaquette = 0.645643
# [2024-05-14 02:06:12] INFO: Polyakov loop = (-0.000682053,0.000471205)
# [2024-05-14 02:06:12] INFO: Writing conf to disk...
# [2024-05-14 02:06:12] INFO: writeconf_nersc: Writing NERSC configuration ./conf_s060t20_b0660000_a_U000531500
# [2024-05-14 02:06:15] INFO: Calculated checksum: ce49ee7
# [2024-05-14 02:06:29] INFO: Calculated checksum: ac983d86
# [2024-05-14 02:06:29] INFO: Writing RNGSTATE file: ./rand_s060t20_b0660000_a_U000531500
# [2024-05-14 02:06:30] INFO: Writing to disk took 18.0089 seconds
# [2024-05-14 02:06:30] INFO: ======================================================================
# [2024-05-14 02:06:30] INFO: Start sweeping...
# [2024-05-14 02:13:11] INFO: It took 401.36 seconds to do 500 HBOR sweeps.
# [2024-05-14 02:13:11] INFO: Plaquette = 0.645761
# [2024-05-14 02:13:11] INFO: Polyakov loop = (-0.00102218,0.000156556)
# [2024-05-14 02:13:11] INFO: Writing conf to disk...
# [2024-05-14 02:13:11] INFO: writeconf_nersc: Writing NERSC configuration ./conf_s060t20_b0660000_a_U000532000
# [2024-05-14 02:13:14] INFO: Calculated checksum: 1e0b7158
# [2024-05-14 02:13:26] INFO: Calculated checksum: 560d5ba6
# [2024-05-14 02:13:26] INFO: Writing RNGSTATE file: ./rand_s060t20_b0660000_a_U000532000
# [2024-05-14 02:13:29] INFO: Writing to disk took 17.5643 seconds
# [2024-05-14 02:13:29] INFO: ======================================================================
# [2024-05-14 02:13:29] INFO: Start sweeping...
# [2024-05-14 02:20:10] INFO: It took 401.375 seconds to do 500 HBOR sweeps.
# [2024-05-14 02:20:10] INFO: Plaquette = 0.645709
# [2024-05-14 02:20:10] INFO: Polyakov loop = (-0.000926781,-0.000874531)
# [2024-05-14 02:20:10] INFO: Writing conf to disk...
# [2024-05-14 02:20:10] INFO: writeconf_nersc: Writing NERSC configuration ./conf_s060t20_b0660000_a_U000532500
# [2024-05-14 02:20:13] INFO: Calculated checksum: 1e1af4a0
# [2024-05-14 02:20:21] INFO: Calculated checksum: 989a63d8
# [2024-05-14 02:20:21] INFO: Writing RNGSTATE file: ./rand_s060t20_b0660000_a_U000532500
# [2024-05-14 02:20:21] INFO: Writing to disk took 10.8194 seconds
# [2024-05-14 02:20:21] INFO: ======================================================================
# [2024-05-14 02:20:21] INFO: Start sweeping...
# [2024-05-14 02:27:02] INFO: It took 401.534 seconds to do 500 HBOR sweeps.
# [2024-05-14 02:27:02] INFO: Plaquette = 0.645693
# [2024-05-14 02:27:02] INFO: Polyakov loop = (-0.000415541,0.000480159)
# [2024-05-14 02:27:02] INFO: Writing conf to disk...
# [2024-05-14 02:27:02] INFO: writeconf_nersc: Writing NERSC configuration ./conf_s060t20_b0660000_a_U000533000
# [2024-05-14 02:27:05] INFO: Calculated checksum: a16297e3
# [2024-05-14 02:27:13] INFO: Calculated checksum: 6b71837a
# [2024-05-14 02:27:13] INFO: Writing RNGSTATE file: ./rand_s060t20_b0660000_a_U000533000
# [2024-05-14 02:27:13] INFO: Writing to disk took 11.0213 seconds
# [2024-05-14 02:27:13] INFO: ======================================================================
# [2024-05-14 02:27:13] INFO: Start sweeping...
# [2024-05-14 02:33:55] INFO: It took 401.543 seconds to do 500 HBOR sweeps.
# [2024-05-14 02:33:55] INFO: Plaquette = 0.645727
# [2024-05-14 02:33:55] INFO: Polyakov loop = (0.000522927,0.000445407)
# [2024-05-14 02:33:55] INFO: Writing conf to disk...
# [2024-05-14 02:33:55] INFO: writeconf_nersc: Writing NERSC configuration ./conf_s060t20_b0660000_a_U000533500
# [2024-05-14 02:33:58] INFO: Calculated checksum: 576a122b
# [2024-05-14 02:34:05] INFO: Calculated checksum: 4af9a7b2
# [2024-05-14 02:34:05] INFO: Writing RNGSTATE file: ./rand_s060t20_b0660000_a_U000533500
# [2024-05-14 02:34:06] INFO: Writing to disk took 10.5852 seconds
# [2024-05-14 02:34:06] INFO: ======================================================================
# [2024-05-14 02:34:06] INFO: Start sweeping...
# [2024-05-14 02:40:47] INFO: It took 401.521 seconds to do 500 HBOR sweeps.
# [2024-05-14 02:40:47] INFO: Plaquette = 0.645676
# [2024-05-14 02:40:47] INFO: Polyakov loop = (-0.000984374,0.000112993)
# [2024-05-14 02:40:47] INFO: Writing conf to disk...
# [2024-05-14 02:40:47] INFO: writeconf_nersc: Writing NERSC configuration ./conf_s060t20_b0660000_a_U000534000
# [2024-05-14 02:40:51] INFO: Calculated checksum: 45be72b1
# [2024-05-14 02:41:03] INFO: Calculated checksum: 8181fa6a
# [2024-05-14 02:41:03] INFO: Writing RNGSTATE file: ./rand_s060t20_b0660000_a_U000534000
# [2024-05-14 02:41:03] INFO: Writing to disk took 16.0156 seconds
# [2024-05-14 02:41:03] INFO: ======================================================================
# [2024-05-14 02:41:03] INFO: Start sweeping...
# [2024-05-14 02:47:45] INFO: It took 401.454 seconds to do 500 HBOR sweeps.
# [2024-05-14 02:47:45] INFO: Plaquette = 0.645672
# [2024-05-14 02:47:45] INFO: Polyakov loop = (-4.27703e-05,-0.000131851)
# [2024-05-14 02:47:45] INFO: Writing conf to disk...
# [2024-05-14 02:47:45] INFO: writeconf_nersc: Writing NERSC configuration ./conf_s060t20_b0660000_a_U000534500
# [2024-05-14 02:47:48] INFO: Calculated checksum: 170b7eaa
# [2024-05-14 02:47:57] INFO: Calculated checksum: 2e9790ad
# [2024-05-14 02:47:57] INFO: Writing RNGSTATE file: ./rand_s060t20_b0660000_a_U000534500
# [2024-05-14 02:47:57] INFO: Writing to disk took 12.2687 seconds
# [2024-05-14 02:47:57] INFO: ======================================================================
# [2024-05-14 02:47:57] INFO: Start sweeping...
# [2024-05-14 02:54:39] INFO: It took 401.487 seconds to do 500 HBOR sweeps.
# [2024-05-14 02:54:39] INFO: Plaquette = 0.64559
# [2024-05-14 02:54:39] INFO: Polyakov loop = (0.00018459,-0.000973284)
# [2024-05-14 02:54:39] INFO: Writing conf to disk...
# [2024-05-14 02:54:39] INFO: writeconf_nersc: Writing NERSC configuration ./conf_s060t20_b0660000_a_U000535000
# [2024-05-14 02:54:42] INFO: Calculated checksum: 6a962100
# [2024-05-14 02:54:48] INFO: Calculated checksum: f0b5b677
# [2024-05-14 02:54:48] INFO: Writing RNGSTATE file: ./rand_s060t20_b0660000_a_U000535000
# [2024-05-14 02:54:49] INFO: Writing to disk took 9.91263 seconds
# [2024-05-14 02:54:49] INFO: ======================================================================
# [2024-05-14 02:54:49] INFO: Start sweeping...
# [2024-05-14 03:01:30] INFO: It took 401.54 seconds to do 500 HBOR sweeps.
# [2024-05-14 03:01:30] INFO: Plaquette = 0.645607
# [2024-05-14 03:01:30] INFO: Polyakov loop = (0.000212471,-0.000259291)
# [2024-05-14 03:01:30] INFO: Writing conf to disk...
# [2024-05-14 03:01:30] INFO: writeconf_nersc: Writing NERSC configuration ./conf_s060t20_b0660000_a_U000535500
# [2024-05-14 03:01:33] INFO: Calculated checksum: c67b3e3c
# [2024-05-14 03:01:40] INFO: Calculated checksum: 5772072b
# [2024-05-14 03:01:40] INFO: Writing RNGSTATE file: ./rand_s060t20_b0660000_a_U000535500
# [2024-05-14 03:01:40] INFO: Writing to disk took 10.0239 seconds
# [2024-05-14 03:01:40] INFO: ======================================================================
# [2024-05-14 03:01:40] INFO: Start sweeping...
# [2024-05-14 03:08:22] INFO: It took 401.536 seconds to do 500 HBOR sweeps.
# [2024-05-14 03:08:22] INFO: Plaquette = 0.645715
# [2024-05-14 03:08:22] INFO: Polyakov loop = (0.000419713,-0.000277668)
# [2024-05-14 03:08:22] INFO: Writing conf to disk...
# [2024-05-14 03:08:22] INFO: writeconf_nersc: Writing NERSC configuration ./conf_s060t20_b0660000_a_U000536000
# [2024-05-14 03:08:25] INFO: Calculated checksum: 887ab831
# [2024-05-14 03:08:33] INFO: Calculated checksum: 95529d33
# [2024-05-14 03:08:33] INFO: Writing RNGSTATE file: ./rand_s060t20_b0660000_a_U000536000
# [2024-05-14 03:08:33] INFO: Writing to disk took 11.728 seconds
# [2024-05-14 03:08:33] INFO: ======================================================================
# [2024-05-14 03:08:33] INFO: Start sweeping...
# [2024-05-14 03:15:15] INFO: It took 401.535 seconds to do 500 HBOR sweeps.
# [2024-05-14 03:15:15] INFO: Plaquette = 0.645636
# [2024-05-14 03:15:15] INFO: Polyakov loop = (0.000165484,0.000301072)
# [2024-05-14 03:15:15] INFO: Writing conf to disk...
# [2024-05-14 03:15:15] INFO: writeconf_nersc: Writing NERSC configuration ./conf_s060t20_b0660000_a_U000536500
# [2024-05-14 03:15:18] INFO: Calculated checksum: dc7922d3
# [2024-05-14 03:15:26] INFO: Calculated checksum: 28fdbb3a
# [2024-05-14 03:15:26] INFO: Writing RNGSTATE file: ./rand_s060t20_b0660000_a_U000536500
# [2024-05-14 03:15:26] INFO: Writing to disk took 11.0561 seconds
# [2024-05-14 03:15:26] INFO: ======================================================================
# [2024-05-14 03:15:26] INFO: Start sweeping...
# [2024-05-14 03:22:08] INFO: It took 401.525 seconds to do 500 HBOR sweeps.
# [2024-05-14 03:22:08] INFO: Plaquette = 0.64573
# [2024-05-14 03:22:08] INFO: Polyakov loop = (-0.00107002,9.27603e-05)
# [2024-05-14 03:22:08] INFO: Writing conf to disk...
# [2024-05-14 03:22:08] INFO: writeconf_nersc: Writing NERSC configuration ./conf_s060t20_b0660000_a_U000537000
# [2024-05-14 03:22:11] INFO: Calculated checksum: db0ca382
# [2024-05-14 03:22:21] INFO: Calculated checksum: f0086c66
# [2024-05-14 03:22:21] INFO: Writing RNGSTATE file: ./rand_s060t20_b0660000_a_U000537000
# [2024-05-14 03:22:22] INFO: Writing to disk took 13.8433 seconds
# [2024-05-14 03:22:22] INFO: ======================================================================
# [2024-05-14 03:22:22] INFO: Start sweeping...
# [2024-05-14 03:29:03] INFO: It took 401.49 seconds to do 500 HBOR sweeps.
# [2024-05-14 03:29:03] INFO: Plaquette = 0.645731
# [2024-05-14 03:29:03] INFO: Polyakov loop = (0.000160484,-0.000857659)
# [2024-05-14 03:29:03] INFO: Writing conf to disk...
# [2024-05-14 03:29:03] INFO: writeconf_nersc: Writing NERSC configuration ./conf_s060t20_b0660000_a_U000537500
# [2024-05-14 03:29:06] INFO: Calculated checksum: 7589272e
# [2024-05-14 03:29:17] INFO: Calculated checksum: 47d68d77
# [2024-05-14 03:29:17] INFO: Writing RNGSTATE file: ./rand_s060t20_b0660000_a_U000537500
# [2024-05-14 03:29:17] INFO: Writing to disk took 14.0129 seconds
# [2024-05-14 03:29:17] INFO: ======================================================================
# [2024-05-14 03:29:17] INFO: Start sweeping...
# [2024-05-14 03:35:59] INFO: It took 401.482 seconds to do 500 HBOR sweeps.
# [2024-05-14 03:35:59] INFO: Plaquette = 0.645613
# [2024-05-14 03:35:59] INFO: Polyakov loop = (0.000616096,-0.000510312)
# [2024-05-14 03:35:59] INFO: Writing conf to disk...
# [2024-05-14 03:35:59] INFO: writeconf_nersc: Writing NERSC configuration ./conf_s060t20_b0660000_a_U000538000
# [2024-05-14 03:36:02] INFO: Calculated checksum: 4655a932
# [2024-05-14 03:36:09] INFO: Calculated checksum: 52602015
# [2024-05-14 03:36:09] INFO: Writing RNGSTATE file: ./rand_s060t20_b0660000_a_U000538000
# [2024-05-14 03:36:10] INFO: Writing to disk took 11.1564 seconds
# [2024-05-14 03:36:10] INFO: ======================================================================
# [2024-05-14 03:36:10] INFO: Start sweeping...
# [2024-05-14 03:42:51] INFO: It took 401.5 seconds to do 500 HBOR sweeps.
# [2024-05-14 03:42:51] INFO: Plaquette = 0.64564
# [2024-05-14 03:42:51] INFO: Polyakov loop = (0.000107258,-0.000742964)
# [2024-05-14 03:42:51] INFO: Writing conf to disk...
# [2024-05-14 03:42:51] INFO: writeconf_nersc: Writing NERSC configuration ./conf_s060t20_b0660000_a_U000538500
# [2024-05-14 03:42:55] INFO: Calculated checksum: d2d2ec8b
# [2024-05-14 03:43:02] INFO: Calculated checksum: 9dce6b86
# [2024-05-14 03:43:02] INFO: Writing RNGSTATE file: ./rand_s060t20_b0660000_a_U000538500
# [2024-05-14 03:43:02] INFO: Writing to disk took 10.7554 seconds
# [2024-05-14 03:43:02] INFO: ======================================================================
# [2024-05-14 03:43:02] INFO: Start sweeping...
# [2024-05-14 03:49:44] INFO: It took 401.529 seconds to do 500 HBOR sweeps.
# [2024-05-14 03:49:44] INFO: Plaquette = 0.645688
# [2024-05-14 03:49:44] INFO: Polyakov loop = (-0.000769468,-0.000936194)
# [2024-05-14 03:49:44] INFO: Writing conf to disk...
# [2024-05-14 03:49:44] INFO: writeconf_nersc: Writing NERSC configuration ./conf_s060t20_b0660000_a_U000539000
# [2024-05-14 03:49:47] INFO: Calculated checksum: 8b141a4f
# [2024-05-14 03:49:54] INFO: Calculated checksum: ac86ec3c
# [2024-05-14 03:49:54] INFO: Writing RNGSTATE file: ./rand_s060t20_b0660000_a_U000539000
# [2024-05-14 03:49:54] INFO: Writing to disk took 10.0934 seconds
# [2024-05-14 03:49:54] INFO: ======================================================================
# [2024-05-14 03:49:54] INFO: Start sweeping...
# [2024-05-14 03:56:35] INFO: It took 401.528 seconds to do 500 HBOR sweeps.
# [2024-05-14 03:56:35] INFO: Plaquette = 0.645609
# [2024-05-14 03:56:35] INFO: Polyakov loop = (-0.000272687,0.000233569)
# [2024-05-14 03:56:35] INFO: Writing conf to disk...
# [2024-05-14 03:56:35] INFO: writeconf_nersc: Writing NERSC configuration ./conf_s060t20_b0660000_a_U000539500
# [2024-05-14 03:56:38] INFO: Calculated checksum: 4c1de7e9
# [2024-05-14 03:56:50] INFO: Calculated checksum: 9c1754ef
# [2024-05-14 03:56:50] INFO: Writing RNGSTATE file: ./rand_s060t20_b0660000_a_U000539500
# [2024-05-14 03:56:51] INFO: Writing to disk took 15.0763 seconds
# [2024-05-14 03:56:51] INFO: ======================================================================
# [2024-05-14 03:56:51] INFO: Start sweeping...
# [2024-05-14 04:03:32] INFO: It took 401.453 seconds to do 500 HBOR sweeps.
# [2024-05-14 04:03:32] INFO: Plaquette = 0.645658
# [2024-05-14 04:03:32] INFO: Polyakov loop = (-0.000718302,-0.000794759)
# [2024-05-14 04:03:32] INFO: Writing conf to disk...
# [2024-05-14 04:03:32] INFO: writeconf_nersc: Writing NERSC configuration ./conf_s060t20_b0660000_a_U000540000
# [2024-05-14 04:03:35] INFO: Calculated checksum: 46dffef0
# [2024-05-14 04:03:42] INFO: Calculated checksum: 9a85bf78
# [2024-05-14 04:03:42] INFO: Writing RNGSTATE file: ./rand_s060t20_b0660000_a_U000540000
# [2024-05-14 04:03:42] INFO: Writing to disk took 10.1376 seconds
# [2024-05-14 04:03:42] INFO: ======================================================================
# [2024-05-14 04:03:42] INFO: Start sweeping...
# [2024-05-14 04:10:24] INFO: It took 401.519 seconds to do 500 HBOR sweeps.
# [2024-05-14 04:10:24] INFO: Plaquette = 0.645585
# [2024-05-14 04:10:24] INFO: Polyakov loop = (0.00116915,-0.000522931)
# [2024-05-14 04:10:24] INFO: Writing conf to disk...
# [2024-05-14 04:10:24] INFO: writeconf_nersc: Writing NERSC configuration ./conf_s060t20_b0660000_a_U000540500
# [2024-05-14 04:10:27] INFO: Calculated checksum: ab943621
# [2024-05-14 04:10:34] INFO: Calculated checksum: c9bfd8b8
# [2024-05-14 04:10:34] INFO: Writing RNGSTATE file: ./rand_s060t20_b0660000_a_U000540500
# [2024-05-14 04:10:34] INFO: Writing to disk took 10.0388 seconds
# [2024-05-14 04:10:34] INFO: ======================================================================
# [2024-05-14 04:10:34] INFO: Start sweeping...
# [2024-05-14 04:17:16] INFO: It took 401.552 seconds to do 500 HBOR sweeps.
# [2024-05-14 04:17:16] INFO: Plaquette = 0.645739
# [2024-05-14 04:17:16] INFO: Polyakov loop = (-0.000151961,-0.000977047)
# [2024-05-14 04:17:16] INFO: Writing conf to disk...
# [2024-05-14 04:17:16] INFO: writeconf_nersc: Writing NERSC configuration ./conf_s060t20_b0660000_a_U000541000
# [2024-05-14 04:17:19] INFO: Calculated checksum: dfbf2fb1
# [2024-05-14 04:17:26] INFO: Calculated checksum: 637a214d
# [2024-05-14 04:17:26] INFO: Writing RNGSTATE file: ./rand_s060t20_b0660000_a_U000541000
# [2024-05-14 04:17:28] INFO: Writing to disk took 11.9805 seconds
# [2024-05-14 04:17:28] INFO: ======================================================================
# [2024-05-14 04:17:28] INFO: Start sweeping...
# [2024-05-14 04:24:09] INFO: It took 401.431 seconds to do 500 HBOR sweeps.
# [2024-05-14 04:24:09] INFO: Plaquette = 0.64573
# [2024-05-14 04:24:09] INFO: Polyakov loop = (0.000136175,0.000229665)
# [2024-05-14 04:24:09] INFO: Writing conf to disk...
# [2024-05-14 04:24:09] INFO: writeconf_nersc: Writing NERSC configuration ./conf_s060t20_b0660000_a_U000541500
# [2024-05-14 04:24:12] INFO: Calculated checksum: b290185d
# [2024-05-14 04:24:19] INFO: Calculated checksum: 82f0cd6b
# [2024-05-14 04:24:19] INFO: Writing RNGSTATE file: ./rand_s060t20_b0660000_a_U000541500
# [2024-05-14 04:24:19] INFO: Writing to disk took 9.88554 seconds
# [2024-05-14 04:24:19] INFO: ======================================================================
# [2024-05-14 04:24:19] INFO: Start sweeping...
# [2024-05-14 04:31:00] INFO: It took 401.384 seconds to do 500 HBOR sweeps.
# [2024-05-14 04:31:00] INFO: Plaquette = 0.645675
# [2024-05-14 04:31:00] INFO: Polyakov loop = (-0.000262857,0.000952105)
# [2024-05-14 04:31:00] INFO: Writing conf to disk...
# [2024-05-14 04:31:00] INFO: writeconf_nersc: Writing NERSC configuration ./conf_s060t20_b0660000_a_U000542000
# [2024-05-14 04:31:04] INFO: Calculated checksum: 28ca373f
# [2024-05-14 04:31:15] INFO: Calculated checksum: 3b1e72e7
# [2024-05-14 04:31:15] INFO: Writing RNGSTATE file: ./rand_s060t20_b0660000_a_U000542000
# [2024-05-14 04:31:15] INFO: Writing to disk took 15.0681 seconds
# [2024-05-14 04:31:15] INFO: ======================================================================
# [2024-05-14 04:31:15] INFO: Start sweeping...
# [2024-05-14 04:37:57] INFO: It took 401.199 seconds to do 500 HBOR sweeps.
# [2024-05-14 04:37:57] INFO: Plaquette = 0.645742
# [2024-05-14 04:37:57] INFO: Polyakov loop = (-8.26517e-05,-0.000637064)
# [2024-05-14 04:37:57] INFO: Writing conf to disk...
# [2024-05-14 04:37:57] INFO: writeconf_nersc: Writing NERSC configuration ./conf_s060t20_b0660000_a_U000542500
# [2024-05-14 04:38:00] INFO: Calculated checksum: 9322c822
# [2024-05-14 04:38:12] INFO: Calculated checksum: 342ef1e6
# [2024-05-14 04:38:12] INFO: Writing RNGSTATE file: ./rand_s060t20_b0660000_a_U000542500
# [2024-05-14 04:38:12] INFO: Writing to disk took 15.7381 seconds
# [2024-05-14 04:38:12] INFO: ======================================================================
# [2024-05-14 04:38:12] INFO: Start sweeping...
# [2024-05-14 04:44:54] INFO: It took 401.199 seconds to do 500 HBOR sweeps.
# [2024-05-14 04:44:54] INFO: Plaquette = 0.645699
# [2024-05-14 04:44:54] INFO: Polyakov loop = (0.00044184,-0.000410415)
# [2024-05-14 04:44:54] INFO: Writing conf to disk...
# [2024-05-14 04:44:54] INFO: writeconf_nersc: Writing NERSC configuration ./conf_s060t20_b0660000_a_U000543000
# [2024-05-14 04:44:57] INFO: Calculated checksum: 71aaa270
# [2024-05-14 04:45:07] INFO: Calculated checksum: 1855f119
# [2024-05-14 04:45:07] INFO: Writing RNGSTATE file: ./rand_s060t20_b0660000_a_U000543000
# [2024-05-14 04:45:08] INFO: Writing to disk took 13.952 seconds
# [2024-05-14 04:45:08] INFO: ======================================================================
# [2024-05-14 04:45:08] INFO: Start sweeping...
# [2024-05-14 04:51:49] INFO: It took 401.244 seconds to do 500 HBOR sweeps.
# [2024-05-14 04:51:49] INFO: Plaquette = 0.645641
# [2024-05-14 04:51:49] INFO: Polyakov loop = (6.2052e-05,-0.000446648)
# [2024-05-14 04:51:49] INFO: Writing conf to disk...
# [2024-05-14 04:51:49] INFO: writeconf_nersc: Writing NERSC configuration ./conf_s060t20_b0660000_a_U000543500
# [2024-05-14 04:51:52] INFO: Calculated checksum: 31270323
# [2024-05-14 04:52:08] INFO: Calculated checksum: 6af878eb
# [2024-05-14 04:52:08] INFO: Writing RNGSTATE file: ./rand_s060t20_b0660000_a_U000543500
# [2024-05-14 04:52:08] INFO: Writing to disk took 19.4989 seconds
# [2024-05-14 04:52:08] INFO: ======================================================================
# [2024-05-14 04:52:08] INFO: Start sweeping...
# [2024-05-14 04:58:50] INFO: It took 401.15 seconds to do 500 HBOR sweeps.
# [2024-05-14 04:58:50] INFO: Plaquette = 0.645629
# [2024-05-14 04:58:50] INFO: Polyakov loop = (-4.46817e-05,0.000405981)
# [2024-05-14 04:58:50] INFO: Writing conf to disk...
# [2024-05-14 04:58:50] INFO: writeconf_nersc: Writing NERSC configuration ./conf_s060t20_b0660000_a_U000544000
# [2024-05-14 04:58:53] INFO: Calculated checksum: 7af88609
# [2024-05-14 04:59:02] INFO: Calculated checksum: 8d82c485
# [2024-05-14 04:59:02] INFO: Writing RNGSTATE file: ./rand_s060t20_b0660000_a_U000544000
# [2024-05-14 04:59:02] INFO: Writing to disk took 12.5049 seconds
# [2024-05-14 04:59:02] INFO: ======================================================================
# [2024-05-14 04:59:02] INFO: Start sweeping...
# [2024-05-14 05:05:43] INFO: It took 401.293 seconds to do 500 HBOR sweeps.
# [2024-05-14 05:05:44] INFO: Plaquette = 0.645631
# [2024-05-14 05:05:44] INFO: Polyakov loop = (0.000258331,-0.000378131)
# [2024-05-14 05:05:44] INFO: Writing conf to disk...
# [2024-05-14 05:05:44] INFO: writeconf_nersc: Writing NERSC configuration ./conf_s060t20_b0660000_a_U000544500
# [2024-05-14 05:05:47] INFO: Calculated checksum: 46b7a370
# [2024-05-14 05:06:01] INFO: Calculated checksum: 235602ca
# [2024-05-14 05:06:01] INFO: Writing RNGSTATE file: ./rand_s060t20_b0660000_a_U000544500
# [2024-05-14 05:06:02] INFO: Writing to disk took 18.0119 seconds
# [2024-05-14 05:06:02] INFO: ======================================================================
# [2024-05-14 05:06:02] INFO: Start sweeping...
# [2024-05-14 05:12:43] INFO: It took 401.162 seconds to do 500 HBOR sweeps.
# [2024-05-14 05:12:43] INFO: Plaquette = 0.645674
# [2024-05-14 05:12:43] INFO: Polyakov loop = (0.000362466,-0.000361333)
# [2024-05-14 05:12:43] INFO: Writing conf to disk...
# [2024-05-14 05:12:43] INFO: writeconf_nersc: Writing NERSC configuration ./conf_s060t20_b0660000_a_U000545000
# [2024-05-14 05:12:46] INFO: Calculated checksum: c36148b0
# [2024-05-14 05:12:57] INFO: Calculated checksum: d7ce4fac
# [2024-05-14 05:12:57] INFO: Writing RNGSTATE file: ./rand_s060t20_b0660000_a_U000545000
# [2024-05-14 05:12:58] INFO: Writing to disk took 15.6022 seconds
# [2024-05-14 05:12:58] INFO: ======================================================================
# [2024-05-14 05:12:58] INFO: Start sweeping...
# [2024-05-14 05:19:40] INFO: It took 401.808 seconds to do 500 HBOR sweeps.
# [2024-05-14 05:19:40] INFO: Plaquette = 0.645712
# [2024-05-14 05:19:40] INFO: Polyakov loop = (1.47036e-06,-0.000681777)
# [2024-05-14 05:19:40] INFO: Writing conf to disk...
# [2024-05-14 05:19:40] INFO: writeconf_nersc: Writing NERSC configuration ./conf_s060t20_b0660000_a_U000545500
# [2024-05-14 05:19:43] INFO: Calculated checksum: 70e3491c
# [2024-05-14 05:19:58] INFO: Calculated checksum: 6a43a1f6
# [2024-05-14 05:19:58] INFO: Writing RNGSTATE file: ./rand_s060t20_b0660000_a_U000545500
# [2024-05-14 05:19:59] INFO: Writing to disk took 18.4004 seconds
# [2024-05-14 05:19:59] INFO: ======================================================================
# [2024-05-14 05:19:59] INFO: Start sweeping...
# [2024-05-14 05:26:42] INFO: It took 403.311 seconds to do 500 HBOR sweeps.
# [2024-05-14 05:26:42] INFO: Plaquette = 0.645603
# [2024-05-14 05:26:42] INFO: Polyakov loop = (0.000362999,0.00115844)
# [2024-05-14 05:26:42] INFO: Writing conf to disk...
# [2024-05-14 05:26:42] INFO: writeconf_nersc: Writing NERSC configuration ./conf_s060t20_b0660000_a_U000546000
# [2024-05-14 05:26:45] INFO: Calculated checksum: 320ea7
# [2024-05-14 05:26:52] INFO: Calculated checksum: 1e55d96b
# [2024-05-14 05:26:52] INFO: Writing RNGSTATE file: ./rand_s060t20_b0660000_a_U000546000
# [2024-05-14 05:26:53] INFO: Writing to disk took 10.3998 seconds
# [2024-05-14 05:26:53] INFO: ======================================================================
# [2024-05-14 05:26:53] INFO: Start sweeping...
# [2024-05-14 05:33:35] INFO: It took 402.704 seconds to do 500 HBOR sweeps.
# [2024-05-14 05:33:35] INFO: Plaquette = 0.645684
# [2024-05-14 05:33:35] INFO: Polyakov loop = (0.000193092,-0.000522111)
# [2024-05-14 05:33:35] INFO: Writing conf to disk...
# [2024-05-14 05:33:35] INFO: writeconf_nersc: Writing NERSC configuration ./conf_s060t20_b0660000_a_U000546500
# [2024-05-14 05:33:38] INFO: Calculated checksum: 77d22518
# [2024-05-14 05:33:50] INFO: Calculated checksum: 871dc81d
# [2024-05-14 05:33:50] INFO: Writing RNGSTATE file: ./rand_s060t20_b0660000_a_U000546500
# [2024-05-14 05:33:50] INFO: Writing to disk took 15.0643 seconds
# [2024-05-14 05:33:50] INFO: ======================================================================
# [2024-05-14 05:33:50] INFO: Start sweeping...
# [2024-05-14 05:40:34] INFO: It took 403.543 seconds to do 500 HBOR sweeps.
# [2024-05-14 05:40:34] INFO: Plaquette = 0.645672
# [2024-05-14 05:40:34] INFO: Polyakov loop = (-0.000544564,0.000153199)
# [2024-05-14 05:40:34] INFO: Writing conf to disk...
# [2024-05-14 05:40:34] INFO: writeconf_nersc: Writing NERSC configuration ./conf_s060t20_b0660000_a_U000547000
# [2024-05-14 05:40:37] INFO: Calculated checksum: 1fe3ba82
# [2024-05-14 05:40:44] INFO: Calculated checksum: 6db35b5c
# [2024-05-14 05:40:44] INFO: Writing RNGSTATE file: ./rand_s060t20_b0660000_a_U000547000
# [2024-05-14 05:40:44] INFO: Writing to disk took 10.0896 seconds
# [2024-05-14 05:40:44] INFO: ======================================================================
# [2024-05-14 05:40:44] INFO: Start sweeping...
# [2024-05-14 05:47:27] INFO: It took 402.894 seconds to do 500 HBOR sweeps.
# [2024-05-14 05:47:27] INFO: Plaquette = 0.645706
# [2024-05-14 05:47:27] INFO: Polyakov loop = (0.0004955,0.000796853)
# [2024-05-14 05:47:27] INFO: Writing conf to disk...
# [2024-05-14 05:47:27] INFO: writeconf_nersc: Writing NERSC configuration ./conf_s060t20_b0660000_a_U000547500
# [2024-05-14 05:47:30] INFO: Calculated checksum: 4a27983
# [2024-05-14 05:47:37] INFO: Calculated checksum: b9a3a8f7
# [2024-05-14 05:47:37] INFO: Writing RNGSTATE file: ./rand_s060t20_b0660000_a_U000547500
# [2024-05-14 05:47:37] INFO: Writing to disk took 10.4516 seconds
# [2024-05-14 05:47:37] INFO: ======================================================================
# [2024-05-14 05:47:37] INFO: Start sweeping...
# [2024-05-14 05:54:19] INFO: It took 401.513 seconds to do 500 HBOR sweeps.
# [2024-05-14 05:54:19] INFO: Plaquette = 0.64565
# [2024-05-14 05:54:19] INFO: Polyakov loop = (-0.000586385,0.000357126)
# [2024-05-14 05:54:19] INFO: Writing conf to disk...
# [2024-05-14 05:54:19] INFO: writeconf_nersc: Writing NERSC configuration ./conf_s060t20_b0660000_a_U000548000
# [2024-05-14 05:54:22] INFO: Calculated checksum: ffba2f31
# [2024-05-14 05:54:38] INFO: Calculated checksum: 58695e78
# [2024-05-14 05:54:38] INFO: Writing RNGSTATE file: ./rand_s060t20_b0660000_a_U000548000
# [2024-05-14 05:54:38] INFO: Writing to disk took 18.9314 seconds
# [2024-05-14 05:54:38] INFO: ======================================================================
# [2024-05-14 05:54:38] INFO: Start sweeping...
# [2024-05-14 06:01:21] INFO: It took 402.707 seconds to do 500 HBOR sweeps.
# [2024-05-14 06:01:21] INFO: Plaquette = 0.645603
# [2024-05-14 06:01:21] INFO: Polyakov loop = (0.000125007,-1.88542e-05)
# [2024-05-14 06:01:21] INFO: Writing conf to disk...
# [2024-05-14 06:01:21] INFO: writeconf_nersc: Writing NERSC configuration ./conf_s060t20_b0660000_a_U000548500
# [2024-05-14 06:01:24] INFO: Calculated checksum: 782beb68
# [2024-05-14 06:01:34] INFO: Calculated checksum: 35a99276
# [2024-05-14 06:01:34] INFO: Writing RNGSTATE file: ./rand_s060t20_b0660000_a_U000548500
# [2024-05-14 06:01:35] INFO: Writing to disk took 14.5648 seconds
# [2024-05-14 06:01:35] INFO: ======================================================================
# [2024-05-14 06:01:35] INFO: Start sweeping...
# [2024-05-14 06:08:17] INFO: It took 401.438 seconds to do 500 HBOR sweeps.
# [2024-05-14 06:08:17] INFO: Plaquette = 0.645659
# [2024-05-14 06:08:17] INFO: Polyakov loop = (0.000234365,0.000745309)
# [2024-05-14 06:08:17] INFO: Writing conf to disk...
# [2024-05-14 06:08:17] INFO: writeconf_nersc: Writing NERSC configuration ./conf_s060t20_b0660000_a_U000549000
# [2024-05-14 06:08:20] INFO: Calculated checksum: c4bd24fc
# [2024-05-14 06:08:42] INFO: Calculated checksum: c4def8b3
# [2024-05-14 06:08:42] INFO: Writing RNGSTATE file: ./rand_s060t20_b0660000_a_U000549000
# [2024-05-14 06:08:42] INFO: Writing to disk took 24.8762 seconds
# [2024-05-14 06:08:42] INFO: ======================================================================
# [2024-05-14 06:08:42] INFO: Start sweeping...
# [2024-05-14 06:15:23] INFO: It took 401.235 seconds to do 500 HBOR sweeps.
# [2024-05-14 06:15:23] INFO: Plaquette = 0.645719
# [2024-05-14 06:15:23] INFO: Polyakov loop = (0.00124175,0.000843114)
# [2024-05-14 06:15:23] INFO: Writing conf to disk...
# [2024-05-14 06:15:23] INFO: writeconf_nersc: Writing NERSC configuration ./conf_s060t20_b0660000_a_U000549500
# [2024-05-14 06:15:26] INFO: Calculated checksum: b9e0a81
# [2024-05-14 06:15:36] INFO: Calculated checksum: 22b77005
# [2024-05-14 06:15:36] INFO: Writing RNGSTATE file: ./rand_s060t20_b0660000_a_U000549500
# [2024-05-14 06:15:36] INFO: Writing to disk took 13.1555 seconds
# [2024-05-14 06:15:36] INFO: ======================================================================
# [2024-05-14 06:15:36] INFO: Start sweeping...
# [2024-05-14 06:22:18] INFO: It took 401.478 seconds to do 500 HBOR sweeps.
# [2024-05-14 06:22:18] INFO: Plaquette = 0.645645
# [2024-05-14 06:22:18] INFO: Polyakov loop = (0.000348286,0.00014099)
# [2024-05-14 06:22:18] INFO: Writing conf to disk...
# [2024-05-14 06:22:18] INFO: writeconf_nersc: Writing NERSC configuration ./conf_s060t20_b0660000_a_U000550000
# [2024-05-14 06:22:21] INFO: Calculated checksum: 49cb9e5a
# [2024-05-14 06:22:34] INFO: Calculated checksum: d1da1e5c
# [2024-05-14 06:22:34] INFO: Writing RNGSTATE file: ./rand_s060t20_b0660000_a_U000550000
# [2024-05-14 06:22:35] INFO: Writing to disk took 17.2365 seconds
# [2024-05-14 06:22:35] INFO: ======================================================================
# [2024-05-14 06:22:35] INFO: Start sweeping...
# [2024-05-14 06:29:17] INFO: It took 401.38 seconds to do 500 HBOR sweeps.
# [2024-05-14 06:29:17] INFO: Plaquette = 0.645656
# [2024-05-14 06:29:17] INFO: Polyakov loop = (0.000384866,-0.00105474)
# [2024-05-14 06:29:17] INFO: Writing conf to disk...
# [2024-05-14 06:29:17] INFO: writeconf_nersc: Writing NERSC configuration ./conf_s060t20_b0660000_a_U000550500
# [2024-05-14 06:29:20] INFO: Calculated checksum: cf6d37f4
# [2024-05-14 06:29:28] INFO: Calculated checksum: b052ae7f
# [2024-05-14 06:29:28] INFO: Writing RNGSTATE file: ./rand_s060t20_b0660000_a_U000550500
# [2024-05-14 06:29:28] INFO: Writing to disk took 11.5606 seconds
# [2024-05-14 06:29:28] INFO: ======================================================================
# [2024-05-14 06:29:28] INFO: Start sweeping...
# [2024-05-14 06:36:10] INFO: It took 401.492 seconds to do 500 HBOR sweeps.
# [2024-05-14 06:36:10] INFO: Plaquette = 0.645651
# [2024-05-14 06:36:10] INFO: Polyakov loop = (-0.000307036,-3.58528e-05)
# [2024-05-14 06:36:10] INFO: Writing conf to disk...
# [2024-05-14 06:36:10] INFO: writeconf_nersc: Writing NERSC configuration ./conf_s060t20_b0660000_a_U000551000
# [2024-05-14 06:36:13] INFO: Calculated checksum: d5f14681
# [2024-05-14 06:36:20] INFO: Calculated checksum: 78bf3bb1
# [2024-05-14 06:36:20] INFO: Writing RNGSTATE file: ./rand_s060t20_b0660000_a_U000551000
# [2024-05-14 06:36:21] INFO: Writing to disk took 10.76 seconds
# [2024-05-14 06:36:21] INFO: ======================================================================
# [2024-05-14 06:36:21] INFO: Start sweeping...
# [2024-05-14 06:43:02] INFO: It took 401.513 seconds to do 500 HBOR sweeps.
# [2024-05-14 06:43:02] INFO: Plaquette = 0.645667
# [2024-05-14 06:43:02] INFO: Polyakov loop = (0.000316678,0.000403458)
# [2024-05-14 06:43:02] INFO: Writing conf to disk...
# [2024-05-14 06:43:02] INFO: writeconf_nersc: Writing NERSC configuration ./conf_s060t20_b0660000_a_U000551500
# [2024-05-14 06:43:05] INFO: Calculated checksum: 6c53dfd8
# [2024-05-14 06:43:19] INFO: Calculated checksum: 1f582cb8
# [2024-05-14 06:43:19] INFO: Writing RNGSTATE file: ./rand_s060t20_b0660000_a_U000551500
# [2024-05-14 06:43:20] INFO: Writing to disk took 17.4089 seconds
# [2024-05-14 06:43:20] INFO: ======================================================================
# [2024-05-14 06:43:20] INFO: Start sweeping...
# [2024-05-14 06:50:01] INFO: It took 401.404 seconds to do 500 HBOR sweeps.
# [2024-05-14 06:50:01] INFO: Plaquette = 0.645619
# [2024-05-14 06:50:01] INFO: Polyakov loop = (-0.000958326,0.000389301)
# [2024-05-14 06:50:01] INFO: Writing conf to disk...
# [2024-05-14 06:50:01] INFO: writeconf_nersc: Writing NERSC configuration ./conf_s060t20_b0660000_a_U000552000
# [2024-05-14 06:50:05] INFO: Calculated checksum: e9a5ed34
# [2024-05-14 06:50:18] INFO: Calculated checksum: d6c29316
# [2024-05-14 06:50:18] INFO: Writing RNGSTATE file: ./rand_s060t20_b0660000_a_U000552000
# [2024-05-14 06:50:20] INFO: Writing to disk took 18.3996 seconds
# [2024-05-14 06:50:20] INFO: ======================================================================
# [2024-05-14 06:50:20] INFO: Start sweeping...
# [2024-05-14 06:57:01] INFO: It took 401.398 seconds to do 500 HBOR sweeps.
# [2024-05-14 06:57:01] INFO: Plaquette = 0.645726
# [2024-05-14 06:57:01] INFO: Polyakov loop = (9.22744e-05,0.000189155)
# [2024-05-14 06:57:01] INFO: Writing conf to disk...
# [2024-05-14 06:57:01] INFO: writeconf_nersc: Writing NERSC configuration ./conf_s060t20_b0660000_a_U000552500
# [2024-05-14 06:57:04] INFO: Calculated checksum: 26b913c2
# [2024-05-14 06:57:14] INFO: Calculated checksum: d6b3e15c
# [2024-05-14 06:57:14] INFO: Writing RNGSTATE file: ./rand_s060t20_b0660000_a_U000552500
# [2024-05-14 06:57:15] INFO: Writing to disk took 14.253 seconds
# [2024-05-14 06:57:15] INFO: ======================================================================
# [2024-05-14 06:57:15] INFO: Start sweeping...
# [2024-05-14 07:03:57] INFO: It took 401.473 seconds to do 500 HBOR sweeps.
# [2024-05-14 07:03:57] INFO: Plaquette = 0.645661
# [2024-05-14 07:03:57] INFO: Polyakov loop = (-0.000269811,6.50002e-05)
# [2024-05-14 07:03:57] INFO: Writing conf to disk...
# [2024-05-14 07:03:57] INFO: writeconf_nersc: Writing NERSC configuration ./conf_s060t20_b0660000_a_U000553000
# [2024-05-14 07:04:00] INFO: Calculated checksum: 6ab12094
# [2024-05-14 07:04:13] INFO: Calculated checksum: a4ee79a9
# [2024-05-14 07:04:13] INFO: Writing RNGSTATE file: ./rand_s060t20_b0660000_a_U000553000
# [2024-05-14 07:04:13] INFO: Writing to disk took 16.0351 seconds
# [2024-05-14 07:04:13] INFO: ======================================================================
# [2024-05-14 07:04:13] INFO: Start sweeping...
# [2024-05-14 07:10:54] INFO: It took 401.456 seconds to do 500 HBOR sweeps.
# [2024-05-14 07:10:55] INFO: Plaquette = 0.645725
# [2024-05-14 07:10:55] INFO: Polyakov loop = (0.000360829,-0.00025249)
# [2024-05-14 07:10:55] INFO: Writing conf to disk...
# [2024-05-14 07:10:55] INFO: writeconf_nersc: Writing NERSC configuration ./conf_s060t20_b0660000_a_U000553500
# [2024-05-14 07:10:57] INFO: Calculated checksum: d1b89743
# [2024-05-14 07:11:06] INFO: Calculated checksum: dbb7e066
# [2024-05-14 07:11:06] INFO: Writing RNGSTATE file: ./rand_s060t20_b0660000_a_U000553500
# [2024-05-14 07:11:06] INFO: Writing to disk took 11.5913 seconds
# [2024-05-14 07:11:06] INFO: ======================================================================
# [2024-05-14 07:11:06] INFO: Start sweeping...
# [2024-05-14 07:17:48] INFO: It took 401.533 seconds to do 500 HBOR sweeps.
# [2024-05-14 07:17:48] INFO: Plaquette = 0.645639
# [2024-05-14 07:17:48] INFO: Polyakov loop = (0.00024382,0.000229517)
# [2024-05-14 07:17:48] INFO: Writing conf to disk...
# [2024-05-14 07:17:48] INFO: writeconf_nersc: Writing NERSC configuration ./conf_s060t20_b0660000_a_U000554000
# [2024-05-14 07:17:51] INFO: Calculated checksum: 32e8b372
# [2024-05-14 07:18:02] INFO: Calculated checksum: 5f77c448
# [2024-05-14 07:18:02] INFO: Writing RNGSTATE file: ./rand_s060t20_b0660000_a_U000554000
# [2024-05-14 07:18:02] INFO: Writing to disk took 14.1229 seconds
# [2024-05-14 07:18:02] INFO: ======================================================================
# [2024-05-14 07:18:02] INFO: Start sweeping...
# [2024-05-14 07:24:43] INFO: It took 401.484 seconds to do 500 HBOR sweeps.
# [2024-05-14 07:24:43] INFO: Plaquette = 0.645703
# [2024-05-14 07:24:43] INFO: Polyakov loop = (0.000265441,0.000228975)
# [2024-05-14 07:24:43] INFO: Writing conf to disk...
# [2024-05-14 07:24:43] INFO: writeconf_nersc: Writing NERSC configuration ./conf_s060t20_b0660000_a_U000554500
# [2024-05-14 07:24:46] INFO: Calculated checksum: 75331ed3
# [2024-05-14 07:24:55] INFO: Calculated checksum: 94b3a8a7
# [2024-05-14 07:24:55] INFO: Writing RNGSTATE file: ./rand_s060t20_b0660000_a_U000554500
# [2024-05-14 07:24:55] INFO: Writing to disk took 11.478 seconds
# [2024-05-14 07:24:55] INFO: ======================================================================
# [2024-05-14 07:24:55] INFO: Start sweeping...
# [2024-05-14 07:31:36] INFO: It took 401.532 seconds to do 500 HBOR sweeps.
# [2024-05-14 07:31:36] INFO: Plaquette = 0.645701
# [2024-05-14 07:31:36] INFO: Polyakov loop = (-0.000386818,6.14312e-05)
# [2024-05-14 07:31:36] INFO: Writing conf to disk...
# [2024-05-14 07:31:36] INFO: writeconf_nersc: Writing NERSC configuration ./conf_s060t20_b0660000_a_U000555000
# [2024-05-14 07:31:39] INFO: Calculated checksum: 9ccaec9
# [2024-05-14 07:31:53] INFO: Calculated checksum: bf174a10
# [2024-05-14 07:31:53] INFO: Writing RNGSTATE file: ./rand_s060t20_b0660000_a_U000555000
# [2024-05-14 07:31:54] INFO: Writing to disk took 17.4768 seconds
# [2024-05-14 07:31:54] INFO: ======================================================================
# [2024-05-14 07:31:54] INFO: Start sweeping...
# [2024-05-14 07:38:35] INFO: It took 401.436 seconds to do 500 HBOR sweeps.
# [2024-05-14 07:38:35] INFO: Plaquette = 0.645609
# [2024-05-14 07:38:35] INFO: Polyakov loop = (0.000179806,0.000715073)
# [2024-05-14 07:38:35] INFO: Writing conf to disk...
# [2024-05-14 07:38:35] INFO: writeconf_nersc: Writing NERSC configuration ./conf_s060t20_b0660000_a_U000555500
# [2024-05-14 07:38:38] INFO: Calculated checksum: b4d22168
# [2024-05-14 07:38:51] INFO: Calculated checksum: 23472543
# [2024-05-14 07:38:51] INFO: Writing RNGSTATE file: ./rand_s060t20_b0660000_a_U000555500
# [2024-05-14 07:38:51] INFO: Writing to disk took 15.8729 seconds
# [2024-05-14 07:38:51] INFO: ======================================================================
# [2024-05-14 07:38:51] INFO: Start sweeping...
# [2024-05-14 07:45:33] INFO: It took 401.474 seconds to do 500 HBOR sweeps.
# [2024-05-14 07:45:33] INFO: Plaquette = 0.64563
# [2024-05-14 07:45:33] INFO: Polyakov loop = (-4.58391e-05,3.13301e-05)
# [2024-05-14 07:45:33] INFO: Writing conf to disk...
# [2024-05-14 07:45:33] INFO: writeconf_nersc: Writing NERSC configuration ./conf_s060t20_b0660000_a_U000556000
# [2024-05-14 07:45:36] INFO: Calculated checksum: e301985b
# [2024-05-14 07:45:46] INFO: Calculated checksum: c0d35e70
# [2024-05-14 07:45:46] INFO: Writing RNGSTATE file: ./rand_s060t20_b0660000_a_U000556000
# [2024-05-14 07:45:49] INFO: Writing to disk took 16.2499 seconds
# [2024-05-14 07:45:49] INFO: ======================================================================
# [2024-05-14 07:45:49] INFO: Start sweeping...
# [2024-05-14 07:52:31] INFO: It took 401.447 seconds to do 500 HBOR sweeps.
# [2024-05-14 07:52:31] INFO: Plaquette = 0.645715
# [2024-05-14 07:52:31] INFO: Polyakov loop = (0.000227431,-9.16292e-05)
# [2024-05-14 07:52:31] INFO: Writing conf to disk...
# [2024-05-14 07:52:31] INFO: writeconf_nersc: Writing NERSC configuration ./conf_s060t20_b0660000_a_U000556500
# [2024-05-14 07:52:34] INFO: Calculated checksum: 514f218a
# [2024-05-14 07:52:42] INFO: Calculated checksum: 21e78008
# [2024-05-14 07:52:42] INFO: Writing RNGSTATE file: ./rand_s060t20_b0660000_a_U000556500
# [2024-05-14 07:52:42] INFO: Writing to disk took 11.4081 seconds
# [2024-05-14 07:52:42] INFO: ======================================================================
# [2024-05-14 07:52:42] INFO: Start sweeping...
# [2024-05-14 07:59:24] INFO: It took 401.526 seconds to do 500 HBOR sweeps.
# [2024-05-14 07:59:24] INFO: Plaquette = 0.645647
# [2024-05-14 07:59:24] INFO: Polyakov loop = (0.000565485,0.000963136)
# [2024-05-14 07:59:24] INFO: Writing conf to disk...
# [2024-05-14 07:59:24] INFO: writeconf_nersc: Writing NERSC configuration ./conf_s060t20_b0660000_a_U000557000
# [2024-05-14 07:59:27] INFO: Calculated checksum: 43e7f4be
# [2024-05-14 07:59:44] INFO: Calculated checksum: 92e3cd4a
# [2024-05-14 07:59:45] INFO: Writing RNGSTATE file: ./rand_s060t20_b0660000_a_U000557000
# [2024-05-14 07:59:48] INFO: Writing to disk took 24.0886 seconds
# [2024-05-14 07:59:48] INFO: ======================================================================
# [2024-05-14 07:59:48] INFO: Start sweeping...
# [2024-05-14 08:06:29] INFO: It took 401.236 seconds to do 500 HBOR sweeps.
# [2024-05-14 08:06:29] INFO: Plaquette = 0.645621
# [2024-05-14 08:06:29] INFO: Polyakov loop = (9.99278e-05,0.000780711)
# [2024-05-14 08:06:29] INFO: Writing conf to disk...
# [2024-05-14 08:06:29] INFO: writeconf_nersc: Writing NERSC configuration ./conf_s060t20_b0660000_a_U000557500
# [2024-05-14 08:06:32] INFO: Calculated checksum: 7bbce1ca
# [2024-05-14 08:06:41] INFO: Calculated checksum: 3aa09ae4
# [2024-05-14 08:06:41] INFO: Writing RNGSTATE file: ./rand_s060t20_b0660000_a_U000557500
# [2024-05-14 08:06:42] INFO: Writing to disk took 12.6596 seconds
# [2024-05-14 08:06:42] INFO: ======================================================================
# [2024-05-14 08:06:42] INFO: Start sweeping...
# [2024-05-14 08:13:23] INFO: It took 401.279 seconds to do 500 HBOR sweeps.
# [2024-05-14 08:13:23] INFO: Plaquette = 0.645612
# [2024-05-14 08:13:23] INFO: Polyakov loop = (-2.35594e-06,0.00102181)
# [2024-05-14 08:13:23] INFO: Writing conf to disk...
# [2024-05-14 08:13:23] INFO: writeconf_nersc: Writing NERSC configuration ./conf_s060t20_b0660000_a_U000558000
# [2024-05-14 08:13:27] INFO: Calculated checksum: 9b8e33c2
# [2024-05-14 08:13:50] INFO: Calculated checksum: e698b77d
# [2024-05-14 08:13:50] INFO: Writing RNGSTATE file: ./rand_s060t20_b0660000_a_U000558000
# [2024-05-14 08:13:50] INFO: Writing to disk took 27.2125 seconds
# [2024-05-14 08:13:50] INFO: ======================================================================
# [2024-05-14 08:13:50] INFO: Start sweeping...
# [2024-05-14 08:20:31] INFO: It took 400.992 seconds to do 500 HBOR sweeps.
# [2024-05-14 08:20:31] INFO: Plaquette = 0.645639
# [2024-05-14 08:20:31] INFO: Polyakov loop = (7.27218e-05,-0.000247173)
# [2024-05-14 08:20:31] INFO: Writing conf to disk...
# [2024-05-14 08:20:31] INFO: writeconf_nersc: Writing NERSC configuration ./conf_s060t20_b0660000_a_U000558500
# [2024-05-14 08:20:34] INFO: Calculated checksum: 39b83713
# [2024-05-14 08:20:43] INFO: Calculated checksum: a6cfd35
# [2024-05-14 08:20:43] INFO: Writing RNGSTATE file: ./rand_s060t20_b0660000_a_U000558500
# [2024-05-14 08:20:43] INFO: Writing to disk took 11.9302 seconds
# [2024-05-14 08:20:43] INFO: ======================================================================
# [2024-05-14 08:20:43] INFO: Start sweeping...
# [2024-05-14 08:27:25] INFO: It took 401.303 seconds to do 500 HBOR sweeps.
# [2024-05-14 08:27:25] INFO: Plaquette = 0.645718
# [2024-05-14 08:27:25] INFO: Polyakov loop = (0.000863585,0.000305093)
# [2024-05-14 08:27:25] INFO: Writing conf to disk...
# [2024-05-14 08:27:25] INFO: writeconf_nersc: Writing NERSC configuration ./conf_s060t20_b0660000_a_U000559000
# [2024-05-14 08:27:28] INFO: Calculated checksum: 4abc7a70
# [2024-05-14 08:27:35] INFO: Calculated checksum: 3b78e4c
# [2024-05-14 08:27:35] INFO: Writing RNGSTATE file: ./rand_s060t20_b0660000_a_U000559000
# [2024-05-14 08:27:36] INFO: Writing to disk took 11.0658 seconds
# [2024-05-14 08:27:36] INFO: ======================================================================
# [2024-05-14 08:27:36] INFO: Start sweeping...
# [2024-05-14 08:34:17] INFO: It took 401.274 seconds to do 500 HBOR sweeps.
# [2024-05-14 08:34:17] INFO: Plaquette = 0.645624
# [2024-05-14 08:34:17] INFO: Polyakov loop = (-0.000507601,-0.000192327)
# [2024-05-14 08:34:17] INFO: Writing conf to disk...
# [2024-05-14 08:34:17] INFO: writeconf_nersc: Writing NERSC configuration ./conf_s060t20_b0660000_a_U000559500
# [2024-05-14 08:34:20] INFO: Calculated checksum: 2df1299
# [2024-05-14 08:34:28] INFO: Calculated checksum: eda2d3bc
# [2024-05-14 08:34:28] INFO: Writing RNGSTATE file: ./rand_s060t20_b0660000_a_U000559500
# [2024-05-14 08:34:28] INFO: Writing to disk took 10.825 seconds
# [2024-05-14 08:34:28] INFO: ======================================================================
# [2024-05-14 08:34:28] INFO: Start sweeping...
# [2024-05-14 08:41:09] INFO: It took 401.29 seconds to do 500 HBOR sweeps.
# [2024-05-14 08:41:09] INFO: Plaquette = 0.645676
# [2024-05-14 08:41:09] INFO: Polyakov loop = (-0.000816971,-0.000229602)
# [2024-05-14 08:41:09] INFO: Writing conf to disk...
# [2024-05-14 08:41:09] INFO: writeconf_nersc: Writing NERSC configuration ./conf_s060t20_b0660000_a_U000560000
# [2024-05-14 08:41:12] INFO: Calculated checksum: 6015cae6
# [2024-05-14 08:41:25] INFO: Calculated checksum: 66b104ff
# [2024-05-14 08:41:25] INFO: Writing RNGSTATE file: ./rand_s060t20_b0660000_a_U000560000
# [2024-05-14 08:41:27] INFO: Writing to disk took 18.2934 seconds
# [2024-05-14 08:41:27] INFO: ======================================================================
# [2024-05-14 08:41:27] INFO: Start sweeping...
# [2024-05-14 08:48:09] INFO: It took 401.155 seconds to do 500 HBOR sweeps.
# [2024-05-14 08:48:09] INFO: Plaquette = 0.645684
# [2024-05-14 08:48:09] INFO: Polyakov loop = (-0.000278378,0.000539567)
# [2024-05-14 08:48:09] INFO: Writing conf to disk...
# [2024-05-14 08:48:09] INFO: writeconf_nersc: Writing NERSC configuration ./conf_s060t20_b0660000_a_U000560500
# [2024-05-14 08:48:12] INFO: Calculated checksum: 67a8320
# [2024-05-14 08:48:26] INFO: Calculated checksum: dccb0491
# [2024-05-14 08:48:26] INFO: Writing RNGSTATE file: ./rand_s060t20_b0660000_a_U000560500
# [2024-05-14 08:48:27] INFO: Writing to disk took 18.0805 seconds
# [2024-05-14 08:48:27] INFO: ======================================================================
# [2024-05-14 08:48:27] INFO: Start sweeping...
# [2024-05-14 08:55:08] INFO: It took 401.181 seconds to do 500 HBOR sweeps.
# [2024-05-14 08:55:08] INFO: Plaquette = 0.645691
# [2024-05-14 08:55:08] INFO: Polyakov loop = (-0.000440329,-0.000510083)
# [2024-05-14 08:55:08] INFO: Writing conf to disk...
# [2024-05-14 08:55:08] INFO: writeconf_nersc: Writing NERSC configuration ./conf_s060t20_b0660000_a_U000561000
# [2024-05-14 08:55:11] INFO: Calculated checksum: 9f8c68b7
# [2024-05-14 08:55:19] INFO: Calculated checksum: 3076b457
# [2024-05-14 08:55:19] INFO: Writing RNGSTATE file: ./rand_s060t20_b0660000_a_U000561000
# [2024-05-14 08:55:19] INFO: Writing to disk took 11.054 seconds
# [2024-05-14 08:55:19] INFO: ======================================================================
# [2024-05-14 08:55:19] INFO: Start sweeping...
# [2024-05-14 09:02:00] INFO: It took 401.265 seconds to do 500 HBOR sweeps.
# [2024-05-14 09:02:00] INFO: Plaquette = 0.645698
# [2024-05-14 09:02:00] INFO: Polyakov loop = (0.000518682,-0.000404893)
# [2024-05-14 09:02:00] INFO: Writing conf to disk...
# [2024-05-14 09:02:00] INFO: writeconf_nersc: Writing NERSC configuration ./conf_s060t20_b0660000_a_U000561500
# [2024-05-14 09:02:03] INFO: Calculated checksum: b10025ce
# [2024-05-14 09:02:17] INFO: Calculated checksum: 98737157
# [2024-05-14 09:02:17] INFO: Writing RNGSTATE file: ./rand_s060t20_b0660000_a_U000561500
# [2024-05-14 09:02:17] INFO: Writing to disk took 16.4972 seconds
# [2024-05-14 09:02:17] INFO: ======================================================================
# [2024-05-14 09:02:17] INFO: Start sweeping...
# [2024-05-14 09:08:58] INFO: It took 401.161 seconds to do 500 HBOR sweeps.
# [2024-05-14 09:08:58] INFO: Plaquette = 0.645699
# [2024-05-14 09:08:58] INFO: Polyakov loop = (0.000233014,-0.000441241)
# [2024-05-14 09:08:58] INFO: Writing conf to disk...
# [2024-05-14 09:08:58] INFO: writeconf_nersc: Writing NERSC configuration ./conf_s060t20_b0660000_a_U000562000
# [2024-05-14 09:09:01] INFO: Calculated checksum: dcccdf88
# [2024-05-14 09:09:09] INFO: Calculated checksum: 2eba9919
# [2024-05-14 09:09:09] INFO: Writing RNGSTATE file: ./rand_s060t20_b0660000_a_U000562000
# [2024-05-14 09:09:09] INFO: Writing to disk took 11.3554 seconds
# [2024-05-14 09:09:09] INFO: ======================================================================
# [2024-05-14 09:09:09] INFO: Start sweeping...
# [2024-05-14 09:15:51] INFO: It took 401.297 seconds to do 500 HBOR sweeps.
# [2024-05-14 09:15:51] INFO: Plaquette = 0.645744
# [2024-05-14 09:15:51] INFO: Polyakov loop = (-0.00109184,0.000414967)
# [2024-05-14 09:15:51] INFO: Writing conf to disk...
# [2024-05-14 09:15:51] INFO: writeconf_nersc: Writing NERSC configuration ./conf_s060t20_b0660000_a_U000562500
# [2024-05-14 09:15:54] INFO: Calculated checksum: ad1aab56
# [2024-05-14 09:16:06] INFO: Calculated checksum: 990012a5
# [2024-05-14 09:16:06] INFO: Writing RNGSTATE file: ./rand_s060t20_b0660000_a_U000562500
# [2024-05-14 09:16:06] INFO: Writing to disk took 15.2155 seconds
# [2024-05-14 09:16:06] INFO: ======================================================================
# [2024-05-14 09:16:06] INFO: Start sweeping...
# [2024-05-14 09:22:47] INFO: It took 401.218 seconds to do 500 HBOR sweeps.
# [2024-05-14 09:22:47] INFO: Plaquette = 0.645532
# [2024-05-14 09:22:47] INFO: Polyakov loop = (0.000594478,0.000355384)
# [2024-05-14 09:22:47] INFO: Writing conf to disk...
# [2024-05-14 09:22:47] INFO: writeconf_nersc: Writing NERSC configuration ./conf_s060t20_b0660000_a_U000563000
# [2024-05-14 09:22:50] INFO: Calculated checksum: f4ec2aa1
# [2024-05-14 09:23:00] INFO: Calculated checksum: 735eebcd
# [2024-05-14 09:23:00] INFO: Writing RNGSTATE file: ./rand_s060t20_b0660000_a_U000563000
# [2024-05-14 09:23:01] INFO: Writing to disk took 13.226 seconds
# [2024-05-14 09:23:01] INFO: ======================================================================
# [2024-05-14 09:23:01] INFO: Start sweeping...
# [2024-05-14 09:29:42] INFO: It took 401.239 seconds to do 500 HBOR sweeps.
# [2024-05-14 09:29:42] INFO: Plaquette = 0.645681
# [2024-05-14 09:29:42] INFO: Polyakov loop = (0.000620781,-0.000991825)
# [2024-05-14 09:29:42] INFO: Writing conf to disk...
# [2024-05-14 09:29:42] INFO: writeconf_nersc: Writing NERSC configuration ./conf_s060t20_b0660000_a_U000563500
# [2024-05-14 09:29:45] INFO: Calculated checksum: 246e7699
# [2024-05-14 09:29:55] INFO: Calculated checksum: 5438097d
# [2024-05-14 09:29:55] INFO: Writing RNGSTATE file: ./rand_s060t20_b0660000_a_U000563500
# [2024-05-14 09:29:55] INFO: Writing to disk took 13.5252 seconds
# [2024-05-14 09:29:55] INFO: ======================================================================
# [2024-05-14 09:29:55] INFO: Start sweeping...
# [2024-05-14 09:36:37] INFO: It took 401.238 seconds to do 500 HBOR sweeps.
# [2024-05-14 09:36:37] INFO: Plaquette = 0.645632
# [2024-05-14 09:36:37] INFO: Polyakov loop = (0.000438117,0.000733921)
# [2024-05-14 09:36:37] INFO: Writing conf to disk...
# [2024-05-14 09:36:37] INFO: writeconf_nersc: Writing NERSC configuration ./conf_s060t20_b0660000_a_U000564000
# [2024-05-14 09:36:40] INFO: Calculated checksum: 21e5c134
# [2024-05-14 09:36:50] INFO: Calculated checksum: 5a344c9d
# [2024-05-14 09:36:50] INFO: Writing RNGSTATE file: ./rand_s060t20_b0660000_a_U000564000
# [2024-05-14 09:36:51] INFO: Writing to disk took 13.7288 seconds
# [2024-05-14 09:36:51] INFO: ======================================================================
# [2024-05-14 09:36:51] INFO: Start sweeping...
# [2024-05-14 09:43:32] INFO: It took 401.24 seconds to do 500 HBOR sweeps.
# [2024-05-14 09:43:32] INFO: Plaquette = 0.645661
# [2024-05-14 09:43:32] INFO: Polyakov loop = (-0.000166454,4.59603e-05)
# [2024-05-14 09:43:32] INFO: Writing conf to disk...
# [2024-05-14 09:43:32] INFO: writeconf_nersc: Writing NERSC configuration ./conf_s060t20_b0660000_a_U000564500
# [2024-05-14 09:43:35] INFO: Calculated checksum: 42f79dd5
# [2024-05-14 09:43:46] INFO: Calculated checksum: 87910174
# [2024-05-14 09:43:46] INFO: Writing RNGSTATE file: ./rand_s060t20_b0660000_a_U000564500
# [2024-05-14 09:43:46] INFO: Writing to disk took 14.6113 seconds
# [2024-05-14 09:43:46] INFO: ======================================================================
# [2024-05-14 09:43:46] INFO: Start sweeping...
# [2024-05-14 09:50:28] INFO: It took 401.266 seconds to do 500 HBOR sweeps.
# [2024-05-14 09:50:28] INFO: Plaquette = 0.64575
# [2024-05-14 09:50:28] INFO: Polyakov loop = (0.000622083,0.000443911)
# [2024-05-14 09:50:28] INFO: Writing conf to disk...
# [2024-05-14 09:50:28] INFO: writeconf_nersc: Writing NERSC configuration ./conf_s060t20_b0660000_a_U000565000
# [2024-05-14 09:50:31] INFO: Calculated checksum: bddf0e10
# [2024-05-14 09:50:39] INFO: Calculated checksum: 7f9d7289
# [2024-05-14 09:50:39] INFO: Writing RNGSTATE file: ./rand_s060t20_b0660000_a_U000565000
# [2024-05-14 09:50:40] INFO: Writing to disk took 11.8237 seconds
# [2024-05-14 09:50:40] INFO: ======================================================================
# [2024-05-14 09:50:40] INFO: Start sweeping...
# [2024-05-14 09:57:22] INFO: It took 402.187 seconds to do 500 HBOR sweeps.
# [2024-05-14 09:57:22] INFO: Plaquette = 0.645676
# [2024-05-14 09:57:22] INFO: Polyakov loop = (0.000234533,-0.000507487)
# [2024-05-14 09:57:22] INFO: Writing conf to disk...
# [2024-05-14 09:57:22] INFO: writeconf_nersc: Writing NERSC configuration ./conf_s060t20_b0660000_a_U000565500
# [2024-05-14 09:57:25] INFO: Calculated checksum: 47502633
# [2024-05-14 09:57:37] INFO: Calculated checksum: 49f53d96
# [2024-05-14 09:57:37] INFO: Writing RNGSTATE file: ./rand_s060t20_b0660000_a_U000565500
# [2024-05-14 09:57:38] INFO: Writing to disk took 15.8541 seconds
# [2024-05-14 09:57:38] INFO: ======================================================================
# [2024-05-14 09:57:38] INFO: Start sweeping...
# [2024-05-14 10:04:21] INFO: It took 403.581 seconds to do 500 HBOR sweeps.
# [2024-05-14 10:04:21] INFO: Plaquette = 0.645703
# [2024-05-14 10:04:21] INFO: Polyakov loop = (0.000247462,0.000542256)
# [2024-05-14 10:04:21] INFO: Writing conf to disk...
# [2024-05-14 10:04:21] INFO: writeconf_nersc: Writing NERSC configuration ./conf_s060t20_b0660000_a_U000566000
# [2024-05-14 10:04:24] INFO: Calculated checksum: bf315693
# [2024-05-14 10:04:33] INFO: Calculated checksum: d15ee60a
# [2024-05-14 10:04:33] INFO: Writing RNGSTATE file: ./rand_s060t20_b0660000_a_U000566000
# [2024-05-14 10:04:33] INFO: Writing to disk took 12.0958 seconds
# [2024-05-14 10:04:33] INFO: Finalizing MPI
