
Currently Loaded Modules:
  1) chpc/1.0      (S)   3) gcc/8.5.0      5) mpich/3.4.2
  2) python/3.10.3       4) cmake/3.26.0   6) cuda/11.6.2 (g)

  Where:
   S:  Module is Sticky, requires --force to unload or purge
   g:  built for GPU

 

# [2024-05-21 19:06:05] INFO: Running SIMULATeQCD
# [2024-05-21 19:06:05] INFO: Git commit version: 43e2518
# [2024-05-21 19:06:05] INFO: Initializing MPI with (1 proc)
# [2024-05-21 19:06:05] INFO: Reading parameters from file :: GenerateQuenched_b6663.param
# [2024-05-21 19:06:05] INFO: # PARAM :: Lattice = 60 60 60 20 
# [2024-05-21 19:06:05] INFO: # PARAM :: Nodes = 1 1 1 1 
# [2024-05-21 19:06:05] INFO: # PARAM :: Topology = 0 0 0 0  (default)
# [2024-05-21 19:06:05] INFO: # PARAM :: beta = 6.663
# [2024-05-21 19:06:05] INFO: # PARAM :: format = nersc
# [2024-05-21 19:06:05] INFO: # PARAM :: endianness = auto
# [2024-05-21 19:06:05] INFO: # PARAM :: conf_nr = 600000
# [2024-05-21 19:06:05] INFO: # PARAM :: stream = a
# [2024-05-21 19:06:05] INFO: # PARAM :: prec_out = 0 (default)
# [2024-05-21 19:06:05] INFO: # PARAM :: measurements_dir = ./ (default)
# [2024-05-21 19:06:05] INFO: # PARAM :: use_unit_conf = 0 (default)
# [2024-05-21 19:06:05] INFO: # PARAM :: output_dir = .
# [2024-05-21 19:06:05] INFO: # PARAM :: nconfs = 100
# [2024-05-21 19:06:05] INFO: # PARAM :: nsweeps_ORperHB = 4
# [2024-05-21 19:06:05] INFO: # PARAM :: nsweeps_HBwithOR = 500
# [2024-05-21 19:06:05] INFO: # PARAM :: prev_conf = conf_s060t20_b0666300_a_U000600000
# [2024-05-21 19:06:05] INFO: # PARAM :: prev_rand = rand_s060t20_b0666300_a_U000600000
# [2024-05-21 19:06:05] INFO: > Running on:
# [2024-05-21 19:06:05] INFO: [Rank 0] > notch271 CPU_7 GPU_41; MPI: world_rank=0, node_rank=0, coord: ( 0 0 0 0 )
# [2024-05-21 19:06:05] INFO: > Is MPI CUDA-aware? @compilation 
# [2024-05-21 19:06:05] INFO: > GPU compute capability: 75
# [2024-05-21 19:06:05] INFO: > Checking support for P2P (Peer-to-Peer) and UVA (Unified Virtual Addressing):
# [2024-05-21 19:06:05] INFO: [Rank 0] > notch271 GPU_41(NVIDIA GeForce RTX 2080 Ti): P2P NO ; UVA YES
# [2024-05-21 19:06:06] INFO: Initialize Indexer with HaloDepth = 1[0;33m[0m
# [2024-05-21 19:06:06] INFO: Resuming previous run.
# [2024-05-21 19:06:06] INFO: readconf_nersc: Reading NERSC configuration conf_s060t20_b0666300_a_U000600000
# [2024-05-21 19:06:14] INFO: Next conf_number will be 600500
# [2024-05-21 19:06:14] INFO: Generating up to 100 confs with a separation of 500 HBOR sweeps (OR/HB = 4) ...
# [2024-05-21 19:06:14] INFO: ======================================================================
# [2024-05-21 19:06:14] INFO: Start sweeping...
# [2024-05-21 19:12:50] INFO: It took 396.217 seconds to do 500 HBOR sweeps.
# [2024-05-21 19:12:50] INFO: Plaquette = 0.650069
# [2024-05-21 19:12:50] INFO: Polyakov loop = (-0.000124227,-4.92527e-05)
# [2024-05-21 19:12:50] INFO: Writing conf to disk...
# [2024-05-21 19:12:50] INFO: writeconf_nersc: Writing NERSC configuration ./conf_s060t20_b0666300_a_U000600500
# [2024-05-21 19:12:53] INFO: Calculated checksum: 79cb82ab
# [2024-05-21 19:12:57] INFO: Calculated checksum: ec98cef2
# [2024-05-21 19:12:57] INFO: Writing RNGSTATE file: ./rand_s060t20_b0666300_a_U000600500
# [2024-05-21 19:12:57] INFO: Writing to disk took 7.5314 seconds
# [2024-05-21 19:12:57] INFO: ======================================================================
# [2024-05-21 19:12:57] INFO: Start sweeping...
# [2024-05-21 19:19:36] INFO: It took 398.433 seconds to do 500 HBOR sweeps.
# [2024-05-21 19:19:36] INFO: Plaquette = 0.650077
# [2024-05-21 19:19:36] INFO: Polyakov loop = (0.00127374,0.000943946)
# [2024-05-21 19:19:36] INFO: Writing conf to disk...
# [2024-05-21 19:19:36] INFO: writeconf_nersc: Writing NERSC configuration ./conf_s060t20_b0666300_a_U000601000
# [2024-05-21 19:19:39] INFO: Calculated checksum: 373e25ca
# [2024-05-21 19:19:44] INFO: Calculated checksum: 5a024362
# [2024-05-21 19:19:44] INFO: Writing RNGSTATE file: ./rand_s060t20_b0666300_a_U000601000
# [2024-05-21 19:19:44] INFO: Writing to disk took 7.77073 seconds
# [2024-05-21 19:19:44] INFO: ======================================================================
# [2024-05-21 19:19:44] INFO: Start sweeping...
# [2024-05-21 19:26:22] INFO: It took 398.402 seconds to do 500 HBOR sweeps.
# [2024-05-21 19:26:22] INFO: Plaquette = 0.65005
# [2024-05-21 19:26:22] INFO: Polyakov loop = (-0.000379084,-0.000259329)
# [2024-05-21 19:26:22] INFO: Writing conf to disk...
# [2024-05-21 19:26:22] INFO: writeconf_nersc: Writing NERSC configuration ./conf_s060t20_b0666300_a_U000601500
# [2024-05-21 19:26:25] INFO: Calculated checksum: fe4996e4
# [2024-05-21 19:26:30] INFO: Calculated checksum: 164bbdf3
# [2024-05-21 19:26:30] INFO: Writing RNGSTATE file: ./rand_s060t20_b0666300_a_U000601500
# [2024-05-21 19:26:30] INFO: Writing to disk took 7.69943 seconds
# [2024-05-21 19:26:30] INFO: ======================================================================
# [2024-05-21 19:26:30] INFO: Start sweeping...
# [2024-05-21 19:33:08] INFO: It took 398.374 seconds to do 500 HBOR sweeps.
# [2024-05-21 19:33:08] INFO: Plaquette = 0.650097
# [2024-05-21 19:33:08] INFO: Polyakov loop = (-0.000969837,-0.000126662)
# [2024-05-21 19:33:08] INFO: Writing conf to disk...
# [2024-05-21 19:33:08] INFO: writeconf_nersc: Writing NERSC configuration ./conf_s060t20_b0666300_a_U000602000
# [2024-05-21 19:33:11] INFO: Calculated checksum: e97c8e14
# [2024-05-21 19:33:16] INFO: Calculated checksum: 469ef2df
# [2024-05-21 19:33:16] INFO: Writing RNGSTATE file: ./rand_s060t20_b0666300_a_U000602000
# [2024-05-21 19:33:16] INFO: Writing to disk took 7.77812 seconds
# [2024-05-21 19:33:16] INFO: ======================================================================
# [2024-05-21 19:33:16] INFO: Start sweeping...
# [2024-05-21 19:39:54] INFO: It took 398.396 seconds to do 500 HBOR sweeps.
# [2024-05-21 19:39:54] INFO: Plaquette = 0.650116
# [2024-05-21 19:39:54] INFO: Polyakov loop = (0.000774001,0.00115238)
# [2024-05-21 19:39:54] INFO: Writing conf to disk...
# [2024-05-21 19:39:54] INFO: writeconf_nersc: Writing NERSC configuration ./conf_s060t20_b0666300_a_U000602500
# [2024-05-21 19:39:57] INFO: Calculated checksum: f9de008d
# [2024-05-21 19:40:02] INFO: Calculated checksum: d1c601dc
# [2024-05-21 19:40:02] INFO: Writing RNGSTATE file: ./rand_s060t20_b0666300_a_U000602500
# [2024-05-21 19:40:02] INFO: Writing to disk took 7.70521 seconds
# [2024-05-21 19:40:02] INFO: ======================================================================
# [2024-05-21 19:40:02] INFO: Start sweeping...
# [2024-05-21 19:46:41] INFO: It took 398.386 seconds to do 500 HBOR sweeps.
# [2024-05-21 19:46:41] INFO: Plaquette = 0.650046
# [2024-05-21 19:46:41] INFO: Polyakov loop = (-0.000168786,0.000186005)
# [2024-05-21 19:46:41] INFO: Writing conf to disk...
# [2024-05-21 19:46:41] INFO: writeconf_nersc: Writing NERSC configuration ./conf_s060t20_b0666300_a_U000603000
# [2024-05-21 19:46:44] INFO: Calculated checksum: b8ea1646
# [2024-05-21 19:46:52] INFO: Calculated checksum: 257a4a79
# [2024-05-21 19:46:52] INFO: Writing RNGSTATE file: ./rand_s060t20_b0666300_a_U000603000
# [2024-05-21 19:46:54] INFO: Writing to disk took 13.0415 seconds
# [2024-05-21 19:46:54] INFO: ======================================================================
# [2024-05-21 19:46:54] INFO: Start sweeping...
# [2024-05-21 19:53:32] INFO: It took 398.195 seconds to do 500 HBOR sweeps.
# [2024-05-21 19:53:32] INFO: Plaquette = 0.650024
# [2024-05-21 19:53:32] INFO: Polyakov loop = (-0.00122422,0.00100935)
# [2024-05-21 19:53:32] INFO: Writing conf to disk...
# [2024-05-21 19:53:32] INFO: writeconf_nersc: Writing NERSC configuration ./conf_s060t20_b0666300_a_U000603500
# [2024-05-21 19:53:35] INFO: Calculated checksum: c8653ca5
# [2024-05-21 19:53:40] INFO: Calculated checksum: 86e80383
# [2024-05-21 19:53:40] INFO: Writing RNGSTATE file: ./rand_s060t20_b0666300_a_U000603500
# [2024-05-21 19:53:40] INFO: Writing to disk took 7.71905 seconds
# [2024-05-21 19:53:40] INFO: ======================================================================
# [2024-05-21 19:53:40] INFO: Start sweeping...
# [2024-05-21 20:00:18] INFO: It took 398.377 seconds to do 500 HBOR sweeps.
# [2024-05-21 20:00:18] INFO: Plaquette = 0.650121
# [2024-05-21 20:00:18] INFO: Polyakov loop = (0.000549146,-0.000790391)
# [2024-05-21 20:00:18] INFO: Writing conf to disk...
# [2024-05-21 20:00:18] INFO: writeconf_nersc: Writing NERSC configuration ./conf_s060t20_b0666300_a_U000604000
# [2024-05-21 20:00:21] INFO: Calculated checksum: 792ed0d9
# [2024-05-21 20:00:26] INFO: Calculated checksum: d147d860
# [2024-05-21 20:00:26] INFO: Writing RNGSTATE file: ./rand_s060t20_b0666300_a_U000604000
# [2024-05-21 20:00:26] INFO: Writing to disk took 7.86459 seconds
# [2024-05-21 20:00:26] INFO: ======================================================================
# [2024-05-21 20:00:26] INFO: Start sweeping...
# [2024-05-21 20:07:04] INFO: It took 398.385 seconds to do 500 HBOR sweeps.
# [2024-05-21 20:07:04] INFO: Plaquette = 0.65014
# [2024-05-21 20:07:04] INFO: Polyakov loop = (3.18128e-05,-0.00109938)
# [2024-05-21 20:07:04] INFO: Writing conf to disk...
# [2024-05-21 20:07:04] INFO: writeconf_nersc: Writing NERSC configuration ./conf_s060t20_b0666300_a_U000604500
# [2024-05-21 20:07:07] INFO: Calculated checksum: 1b1505c5
# [2024-05-21 20:07:12] INFO: Calculated checksum: 4766804b
# [2024-05-21 20:07:12] INFO: Writing RNGSTATE file: ./rand_s060t20_b0666300_a_U000604500
# [2024-05-21 20:07:12] INFO: Writing to disk took 7.93795 seconds
# [2024-05-21 20:07:12] INFO: ======================================================================
# [2024-05-21 20:07:12] INFO: Start sweeping...
# [2024-05-21 20:13:51] INFO: It took 398.379 seconds to do 500 HBOR sweeps.
# [2024-05-21 20:13:51] INFO: Plaquette = 0.650048
# [2024-05-21 20:13:51] INFO: Polyakov loop = (0.000531552,-0.000711528)
# [2024-05-21 20:13:51] INFO: Writing conf to disk...
# [2024-05-21 20:13:51] INFO: writeconf_nersc: Writing NERSC configuration ./conf_s060t20_b0666300_a_U000605000
# [2024-05-21 20:13:54] INFO: Calculated checksum: da4caca3
# [2024-05-21 20:13:58] INFO: Calculated checksum: 6314c08a
# [2024-05-21 20:13:58] INFO: Writing RNGSTATE file: ./rand_s060t20_b0666300_a_U000605000
# [2024-05-21 20:13:58] INFO: Writing to disk took 7.63433 seconds
# [2024-05-21 20:13:58] INFO: ======================================================================
# [2024-05-21 20:13:58] INFO: Start sweeping...
# [2024-05-21 20:20:37] INFO: It took 398.433 seconds to do 500 HBOR sweeps.
# [2024-05-21 20:20:37] INFO: Plaquette = 0.650061
# [2024-05-21 20:20:37] INFO: Polyakov loop = (-0.0005312,-7.86255e-05)
# [2024-05-21 20:20:37] INFO: Writing conf to disk...
# [2024-05-21 20:20:37] INFO: writeconf_nersc: Writing NERSC configuration ./conf_s060t20_b0666300_a_U000605500
# [2024-05-21 20:20:40] INFO: Calculated checksum: 917f207f
# [2024-05-21 20:20:45] INFO: Calculated checksum: 7bb29909
# [2024-05-21 20:20:45] INFO: Writing RNGSTATE file: ./rand_s060t20_b0666300_a_U000605500
# [2024-05-21 20:20:45] INFO: Writing to disk took 7.76579 seconds
# [2024-05-21 20:20:45] INFO: ======================================================================
# [2024-05-21 20:20:45] INFO: Start sweeping...
# [2024-05-21 20:27:23] INFO: It took 398.443 seconds to do 500 HBOR sweeps.
# [2024-05-21 20:27:23] INFO: Plaquette = 0.650119
# [2024-05-21 20:27:23] INFO: Polyakov loop = (-0.000164572,0.000524805)
# [2024-05-21 20:27:23] INFO: Writing conf to disk...
# [2024-05-21 20:27:23] INFO: writeconf_nersc: Writing NERSC configuration ./conf_s060t20_b0666300_a_U000606000
# [2024-05-21 20:27:26] INFO: Calculated checksum: fad5ee70
# [2024-05-21 20:27:31] INFO: Calculated checksum: eccc0a02
# [2024-05-21 20:27:31] INFO: Writing RNGSTATE file: ./rand_s060t20_b0666300_a_U000606000
# [2024-05-21 20:27:31] INFO: Writing to disk took 7.76329 seconds
# [2024-05-21 20:27:31] INFO: ======================================================================
# [2024-05-21 20:27:31] INFO: Start sweeping...
# [2024-05-21 20:34:09] INFO: It took 398.434 seconds to do 500 HBOR sweeps.
# [2024-05-21 20:34:09] INFO: Plaquette = 0.65014
# [2024-05-21 20:34:09] INFO: Polyakov loop = (0.000767597,-0.000962791)
# [2024-05-21 20:34:09] INFO: Writing conf to disk...
# [2024-05-21 20:34:09] INFO: writeconf_nersc: Writing NERSC configuration ./conf_s060t20_b0666300_a_U000606500
# [2024-05-21 20:34:12] INFO: Calculated checksum: 587271b8
# [2024-05-21 20:34:17] INFO: Calculated checksum: efb2ae38
# [2024-05-21 20:34:17] INFO: Writing RNGSTATE file: ./rand_s060t20_b0666300_a_U000606500
# [2024-05-21 20:34:17] INFO: Writing to disk took 7.64148 seconds
# [2024-05-21 20:34:17] INFO: ======================================================================
# [2024-05-21 20:34:17] INFO: Start sweeping...
# [2024-05-21 20:40:56] INFO: It took 398.497 seconds to do 500 HBOR sweeps.
# [2024-05-21 20:40:56] INFO: Plaquette = 0.650096
# [2024-05-21 20:40:56] INFO: Polyakov loop = (0.000645572,-0.000366471)
# [2024-05-21 20:40:56] INFO: Writing conf to disk...
# [2024-05-21 20:40:56] INFO: writeconf_nersc: Writing NERSC configuration ./conf_s060t20_b0666300_a_U000607000
# [2024-05-21 20:40:58] INFO: Calculated checksum: 3de44150
# [2024-05-21 20:41:04] INFO: Calculated checksum: 6a8cbf05
# [2024-05-21 20:41:04] INFO: Writing RNGSTATE file: ./rand_s060t20_b0666300_a_U000607000
# [2024-05-21 20:41:04] INFO: Writing to disk took 8.49852 seconds
# [2024-05-21 20:41:04] INFO: ======================================================================
# [2024-05-21 20:41:04] INFO: Start sweeping...
# [2024-05-21 20:47:43] INFO: It took 398.489 seconds to do 500 HBOR sweeps.
# [2024-05-21 20:47:43] INFO: Plaquette = 0.650083
# [2024-05-21 20:47:43] INFO: Polyakov loop = (-0.000184208,8.40598e-05)
# [2024-05-21 20:47:43] INFO: Writing conf to disk...
# [2024-05-21 20:47:43] INFO: writeconf_nersc: Writing NERSC configuration ./conf_s060t20_b0666300_a_U000607500
# [2024-05-21 20:47:46] INFO: Calculated checksum: 75cd5d1d
# [2024-05-21 20:47:50] INFO: Calculated checksum: 658d0a18
# [2024-05-21 20:47:50] INFO: Writing RNGSTATE file: ./rand_s060t20_b0666300_a_U000607500
# [2024-05-21 20:47:51] INFO: Writing to disk took 7.96009 seconds
# [2024-05-21 20:47:51] INFO: ======================================================================
# [2024-05-21 20:47:51] INFO: Start sweeping...
# [2024-05-21 20:54:29] INFO: It took 398.466 seconds to do 500 HBOR sweeps.
# [2024-05-21 20:54:29] INFO: Plaquette = 0.649989
# [2024-05-21 20:54:29] INFO: Polyakov loop = (-0.000231913,6.83558e-06)
# [2024-05-21 20:54:29] INFO: Writing conf to disk...
# [2024-05-21 20:54:29] INFO: writeconf_nersc: Writing NERSC configuration ./conf_s060t20_b0666300_a_U000608000
# [2024-05-21 20:54:32] INFO: Calculated checksum: 357b997f
# [2024-05-21 20:54:48] INFO: Calculated checksum: c3fd714c
# [2024-05-21 20:54:48] INFO: Writing RNGSTATE file: ./rand_s060t20_b0666300_a_U000608000
# [2024-05-21 20:54:48] INFO: Writing to disk took 18.8938 seconds
# [2024-05-21 20:54:48] INFO: ======================================================================
# [2024-05-21 20:54:48] INFO: Start sweeping...
# [2024-05-21 21:01:26] INFO: It took 398.16 seconds to do 500 HBOR sweeps.
# [2024-05-21 21:01:26] INFO: Plaquette = 0.65006
# [2024-05-21 21:01:26] INFO: Polyakov loop = (0.0016779,0.000459457)
# [2024-05-21 21:01:26] INFO: Writing conf to disk...
# [2024-05-21 21:01:26] INFO: writeconf_nersc: Writing NERSC configuration ./conf_s060t20_b0666300_a_U000608500
# [2024-05-21 21:01:29] INFO: Calculated checksum: 6349a535
# [2024-05-21 21:01:34] INFO: Calculated checksum: 9d97e047
# [2024-05-21 21:01:34] INFO: Writing RNGSTATE file: ./rand_s060t20_b0666300_a_U000608500
# [2024-05-21 21:01:34] INFO: Writing to disk took 7.7706 seconds
# [2024-05-21 21:01:34] INFO: ======================================================================
# [2024-05-21 21:01:34] INFO: Start sweeping...
# [2024-05-21 21:08:13] INFO: It took 398.494 seconds to do 500 HBOR sweeps.
# [2024-05-21 21:08:13] INFO: Plaquette = 0.65005
# [2024-05-21 21:08:13] INFO: Polyakov loop = (-0.000748375,-0.000391413)
# [2024-05-21 21:08:13] INFO: Writing conf to disk...
# [2024-05-21 21:08:13] INFO: writeconf_nersc: Writing NERSC configuration ./conf_s060t20_b0666300_a_U000609000
# [2024-05-21 21:08:15] INFO: Calculated checksum: 3cc57b5d
# [2024-05-21 21:08:21] INFO: Calculated checksum: 40b642f5
# [2024-05-21 21:08:21] INFO: Writing RNGSTATE file: ./rand_s060t20_b0666300_a_U000609000
# [2024-05-21 21:08:21] INFO: Writing to disk took 8.40421 seconds
# [2024-05-21 21:08:21] INFO: ======================================================================
# [2024-05-21 21:08:21] INFO: Start sweeping...
# [2024-05-21 21:14:59] INFO: It took 398.481 seconds to do 500 HBOR sweeps.
# [2024-05-21 21:15:00] INFO: Plaquette = 0.650087
# [2024-05-21 21:15:00] INFO: Polyakov loop = (0.000275702,-0.000249025)
# [2024-05-21 21:15:00] INFO: Writing conf to disk...
# [2024-05-21 21:15:00] INFO: writeconf_nersc: Writing NERSC configuration ./conf_s060t20_b0666300_a_U000609500
# [2024-05-21 21:15:02] INFO: Calculated checksum: a830374c
# [2024-05-21 21:15:07] INFO: Calculated checksum: 3dd5a2ca
# [2024-05-21 21:15:07] INFO: Writing RNGSTATE file: ./rand_s060t20_b0666300_a_U000609500
# [2024-05-21 21:15:07] INFO: Writing to disk took 7.98012 seconds
# [2024-05-21 21:15:07] INFO: ======================================================================
# [2024-05-21 21:15:07] INFO: Start sweeping...
# [2024-05-21 21:21:46] INFO: It took 398.477 seconds to do 500 HBOR sweeps.
# [2024-05-21 21:21:46] INFO: Plaquette = 0.649983
# [2024-05-21 21:21:46] INFO: Polyakov loop = (0.000731214,-0.000111825)
# [2024-05-21 21:21:46] INFO: Writing conf to disk...
# [2024-05-21 21:21:46] INFO: writeconf_nersc: Writing NERSC configuration ./conf_s060t20_b0666300_a_U000610000
# [2024-05-21 21:21:49] INFO: Calculated checksum: 52ab69dc
# [2024-05-21 21:21:54] INFO: Calculated checksum: 439a5198
# [2024-05-21 21:21:54] INFO: Writing RNGSTATE file: ./rand_s060t20_b0666300_a_U000610000
# [2024-05-21 21:21:54] INFO: Writing to disk took 7.82188 seconds
# [2024-05-21 21:21:54] INFO: ======================================================================
# [2024-05-21 21:21:54] INFO: Start sweeping...
# [2024-05-21 21:28:32] INFO: It took 398.496 seconds to do 500 HBOR sweeps.
# [2024-05-21 21:28:32] INFO: Plaquette = 0.650115
# [2024-05-21 21:28:32] INFO: Polyakov loop = (0.000804558,-0.000155099)
# [2024-05-21 21:28:32] INFO: Writing conf to disk...
# [2024-05-21 21:28:32] INFO: writeconf_nersc: Writing NERSC configuration ./conf_s060t20_b0666300_a_U000610500
# [2024-05-21 21:28:35] INFO: Calculated checksum: 6c5d1b59
# [2024-05-21 21:28:40] INFO: Calculated checksum: 6b2d11b
# [2024-05-21 21:28:40] INFO: Writing RNGSTATE file: ./rand_s060t20_b0666300_a_U000610500
# [2024-05-21 21:28:40] INFO: Writing to disk took 7.85132 seconds
# [2024-05-21 21:28:40] INFO: ======================================================================
# [2024-05-21 21:28:40] INFO: Start sweeping...
# [2024-05-21 21:35:19] INFO: It took 398.497 seconds to do 500 HBOR sweeps.
# [2024-05-21 21:35:19] INFO: Plaquette = 0.650091
# [2024-05-21 21:35:19] INFO: Polyakov loop = (-4.20408e-06,-0.000282315)
# [2024-05-21 21:35:19] INFO: Writing conf to disk...
# [2024-05-21 21:35:19] INFO: writeconf_nersc: Writing NERSC configuration ./conf_s060t20_b0666300_a_U000611000
# [2024-05-21 21:35:22] INFO: Calculated checksum: db72c15a
# [2024-05-21 21:35:27] INFO: Calculated checksum: 31e38b10
# [2024-05-21 21:35:27] INFO: Writing RNGSTATE file: ./rand_s060t20_b0666300_a_U000611000
# [2024-05-21 21:35:27] INFO: Writing to disk took 7.9697 seconds
# [2024-05-21 21:35:27] INFO: ======================================================================
# [2024-05-21 21:35:27] INFO: Start sweeping...
# [2024-05-21 21:42:05] INFO: It took 398.473 seconds to do 500 HBOR sweeps.
# [2024-05-21 21:42:05] INFO: Plaquette = 0.650117
# [2024-05-21 21:42:05] INFO: Polyakov loop = (0.00142201,-0.000153246)
# [2024-05-21 21:42:05] INFO: Writing conf to disk...
# [2024-05-21 21:42:05] INFO: writeconf_nersc: Writing NERSC configuration ./conf_s060t20_b0666300_a_U000611500
# [2024-05-21 21:42:08] INFO: Calculated checksum: a7624046
# [2024-05-21 21:42:13] INFO: Calculated checksum: 6703305a
# [2024-05-21 21:42:13] INFO: Writing RNGSTATE file: ./rand_s060t20_b0666300_a_U000611500
# [2024-05-21 21:42:13] INFO: Writing to disk took 7.76703 seconds
# [2024-05-21 21:42:13] INFO: ======================================================================
# [2024-05-21 21:42:13] INFO: Start sweeping...
# [2024-05-21 21:48:52] INFO: It took 398.48 seconds to do 500 HBOR sweeps.
# [2024-05-21 21:48:52] INFO: Plaquette = 0.650131
# [2024-05-21 21:48:52] INFO: Polyakov loop = (0.00056144,-5.61562e-05)
# [2024-05-21 21:48:52] INFO: Writing conf to disk...
# [2024-05-21 21:48:52] INFO: writeconf_nersc: Writing NERSC configuration ./conf_s060t20_b0666300_a_U000612000
# [2024-05-21 21:48:55] INFO: Calculated checksum: 4550780f
# [2024-05-21 21:49:00] INFO: Calculated checksum: 17d3b3a9
# [2024-05-21 21:49:00] INFO: Writing RNGSTATE file: ./rand_s060t20_b0666300_a_U000612000
# [2024-05-21 21:49:00] INFO: Writing to disk took 8.55742 seconds
# [2024-05-21 21:49:00] INFO: ======================================================================
# [2024-05-21 21:49:00] INFO: Start sweeping...
# [2024-05-21 21:55:39] INFO: It took 398.411 seconds to do 500 HBOR sweeps.
# [2024-05-21 21:55:39] INFO: Plaquette = 0.650008
# [2024-05-21 21:55:39] INFO: Polyakov loop = (0.00133737,0.000197903)
# [2024-05-21 21:55:39] INFO: Writing conf to disk...
# [2024-05-21 21:55:39] INFO: writeconf_nersc: Writing NERSC configuration ./conf_s060t20_b0666300_a_U000612500
# [2024-05-21 21:55:42] INFO: Calculated checksum: b4790f70
# [2024-05-21 21:55:47] INFO: Calculated checksum: 6fd2ab30
# [2024-05-21 21:55:47] INFO: Writing RNGSTATE file: ./rand_s060t20_b0666300_a_U000612500
# [2024-05-21 21:55:47] INFO: Writing to disk took 8.5275 seconds
# [2024-05-21 21:55:47] INFO: ======================================================================
# [2024-05-21 21:55:47] INFO: Start sweeping...
# [2024-05-21 22:02:26] INFO: It took 398.48 seconds to do 500 HBOR sweeps.
# [2024-05-21 22:02:26] INFO: Plaquette = 0.650026
# [2024-05-21 22:02:26] INFO: Polyakov loop = (0.000966376,-0.000290496)
# [2024-05-21 22:02:26] INFO: Writing conf to disk...
# [2024-05-21 22:02:26] INFO: writeconf_nersc: Writing NERSC configuration ./conf_s060t20_b0666300_a_U000613000
# [2024-05-21 22:02:29] INFO: Calculated checksum: ff8c6435
# [2024-05-21 22:02:34] INFO: Calculated checksum: 118afcd3
# [2024-05-21 22:02:34] INFO: Writing RNGSTATE file: ./rand_s060t20_b0666300_a_U000613000
# [2024-05-21 22:02:34] INFO: Writing to disk took 8.43427 seconds
# [2024-05-21 22:02:34] INFO: ======================================================================
# [2024-05-21 22:02:34] INFO: Start sweeping...
# [2024-05-21 22:09:13] INFO: It took 398.48 seconds to do 500 HBOR sweeps.
# [2024-05-21 22:09:13] INFO: Plaquette = 0.650061
# [2024-05-21 22:09:13] INFO: Polyakov loop = (5.52787e-05,-8.97686e-05)
# [2024-05-21 22:09:13] INFO: Writing conf to disk...
# [2024-05-21 22:09:13] INFO: writeconf_nersc: Writing NERSC configuration ./conf_s060t20_b0666300_a_U000613500
# [2024-05-21 22:09:16] INFO: Calculated checksum: f7f089d0
# [2024-05-21 22:09:20] INFO: Calculated checksum: 4c3d9139
# [2024-05-21 22:09:20] INFO: Writing RNGSTATE file: ./rand_s060t20_b0666300_a_U000613500
# [2024-05-21 22:09:21] INFO: Writing to disk took 7.58517 seconds
# [2024-05-21 22:09:21] INFO: ======================================================================
# [2024-05-21 22:09:21] INFO: Start sweeping...
# [2024-05-21 22:15:59] INFO: It took 398.52 seconds to do 500 HBOR sweeps.
# [2024-05-21 22:15:59] INFO: Plaquette = 0.650052
# [2024-05-21 22:15:59] INFO: Polyakov loop = (3.0834e-05,-0.000298837)
# [2024-05-21 22:15:59] INFO: Writing conf to disk...
# [2024-05-21 22:15:59] INFO: writeconf_nersc: Writing NERSC configuration ./conf_s060t20_b0666300_a_U000614000
# [2024-05-21 22:16:02] INFO: Calculated checksum: 970b7ee1
# [2024-05-21 22:16:07] INFO: Calculated checksum: b9a47e6d
# [2024-05-21 22:16:07] INFO: Writing RNGSTATE file: ./rand_s060t20_b0666300_a_U000614000
# [2024-05-21 22:16:07] INFO: Writing to disk took 7.70639 seconds
# [2024-05-21 22:16:07] INFO: ======================================================================
# [2024-05-21 22:16:07] INFO: Start sweeping...
# [2024-05-21 22:22:45] INFO: It took 398.495 seconds to do 500 HBOR sweeps.
# [2024-05-21 22:22:45] INFO: Plaquette = 0.650044
# [2024-05-21 22:22:45] INFO: Polyakov loop = (0.000200616,-0.000324405)
# [2024-05-21 22:22:45] INFO: Writing conf to disk...
# [2024-05-21 22:22:45] INFO: writeconf_nersc: Writing NERSC configuration ./conf_s060t20_b0666300_a_U000614500
# [2024-05-21 22:22:48] INFO: Calculated checksum: 91338c9
# [2024-05-21 22:22:53] INFO: Calculated checksum: fb9c979
# [2024-05-21 22:22:53] INFO: Writing RNGSTATE file: ./rand_s060t20_b0666300_a_U000614500
# [2024-05-21 22:22:53] INFO: Writing to disk took 7.26573 seconds
# [2024-05-21 22:22:53] INFO: ======================================================================
# [2024-05-21 22:22:53] INFO: Start sweeping...
# [2024-05-21 22:29:31] INFO: It took 398.535 seconds to do 500 HBOR sweeps.
# [2024-05-21 22:29:31] INFO: Plaquette = 0.650139
# [2024-05-21 22:29:31] INFO: Polyakov loop = (-0.000110536,0.000892488)
# [2024-05-21 22:29:31] INFO: Writing conf to disk...
# [2024-05-21 22:29:31] INFO: writeconf_nersc: Writing NERSC configuration ./conf_s060t20_b0666300_a_U000615000
# [2024-05-21 22:29:34] INFO: Calculated checksum: c9f7323e
# [2024-05-21 22:29:39] INFO: Calculated checksum: 9c7904c1
# [2024-05-21 22:29:39] INFO: Writing RNGSTATE file: ./rand_s060t20_b0666300_a_U000615000
# [2024-05-21 22:29:40] INFO: Writing to disk took 8.20739 seconds
# [2024-05-21 22:29:40] INFO: ======================================================================
# [2024-05-21 22:29:40] INFO: Start sweeping...
# [2024-05-21 22:36:18] INFO: It took 398.48 seconds to do 500 HBOR sweeps.
# [2024-05-21 22:36:18] INFO: Plaquette = 0.650065
# [2024-05-21 22:36:18] INFO: Polyakov loop = (-0.000796918,-0.000740968)
# [2024-05-21 22:36:18] INFO: Writing conf to disk...
# [2024-05-21 22:36:18] INFO: writeconf_nersc: Writing NERSC configuration ./conf_s060t20_b0666300_a_U000615500
# [2024-05-21 22:36:21] INFO: Calculated checksum: 78e0331
# [2024-05-21 22:36:26] INFO: Calculated checksum: 54b58b1e
# [2024-05-21 22:36:26] INFO: Writing RNGSTATE file: ./rand_s060t20_b0666300_a_U000615500
# [2024-05-21 22:36:26] INFO: Writing to disk took 8.12145 seconds
# [2024-05-21 22:36:26] INFO: ======================================================================
# [2024-05-21 22:36:26] INFO: Start sweeping...
# [2024-05-21 22:43:05] INFO: It took 398.474 seconds to do 500 HBOR sweeps.
# [2024-05-21 22:43:05] INFO: Plaquette = 0.650098
# [2024-05-21 22:43:05] INFO: Polyakov loop = (-0.000228265,-0.000366744)
# [2024-05-21 22:43:05] INFO: Writing conf to disk...
# [2024-05-21 22:43:05] INFO: writeconf_nersc: Writing NERSC configuration ./conf_s060t20_b0666300_a_U000616000
# [2024-05-21 22:43:08] INFO: Calculated checksum: f09e28c2
# [2024-05-21 22:43:13] INFO: Calculated checksum: fdc3f067
# [2024-05-21 22:43:13] INFO: Writing RNGSTATE file: ./rand_s060t20_b0666300_a_U000616000
# [2024-05-21 22:43:13] INFO: Writing to disk took 8.06115 seconds
# [2024-05-21 22:43:13] INFO: ======================================================================
# [2024-05-21 22:43:13] INFO: Start sweeping...
# [2024-05-21 22:49:51] INFO: It took 398.506 seconds to do 500 HBOR sweeps.
# [2024-05-21 22:49:51] INFO: Plaquette = 0.650096
# [2024-05-21 22:49:51] INFO: Polyakov loop = (-0.000216597,-0.00022343)
# [2024-05-21 22:49:51] INFO: Writing conf to disk...
# [2024-05-21 22:49:51] INFO: writeconf_nersc: Writing NERSC configuration ./conf_s060t20_b0666300_a_U000616500
# [2024-05-21 22:49:54] INFO: Calculated checksum: 460d0a93
# [2024-05-21 22:49:59] INFO: Calculated checksum: 9b19d7a6
# [2024-05-21 22:49:59] INFO: Writing RNGSTATE file: ./rand_s060t20_b0666300_a_U000616500
# [2024-05-21 22:49:59] INFO: Writing to disk took 7.62819 seconds
# [2024-05-21 22:49:59] INFO: ======================================================================
# [2024-05-21 22:49:59] INFO: Start sweeping...
# [2024-05-21 22:56:38] INFO: It took 398.518 seconds to do 500 HBOR sweeps.
# [2024-05-21 22:56:38] INFO: Plaquette = 0.65017
# [2024-05-21 22:56:38] INFO: Polyakov loop = (0.000412416,1.32435e-05)
# [2024-05-21 22:56:38] INFO: Writing conf to disk...
# [2024-05-21 22:56:38] INFO: writeconf_nersc: Writing NERSC configuration ./conf_s060t20_b0666300_a_U000617000
# [2024-05-21 22:56:40] INFO: Calculated checksum: e8cdbb87
# [2024-05-21 22:56:45] INFO: Calculated checksum: bdbe53b
# [2024-05-21 22:56:45] INFO: Writing RNGSTATE file: ./rand_s060t20_b0666300_a_U000617000
# [2024-05-21 22:56:45] INFO: Writing to disk took 7.58441 seconds
# [2024-05-21 22:56:45] INFO: ======================================================================
# [2024-05-21 22:56:45] INFO: Start sweeping...
# [2024-05-21 23:03:24] INFO: It took 398.487 seconds to do 500 HBOR sweeps.
# [2024-05-21 23:03:24] INFO: Plaquette = 0.650084
# [2024-05-21 23:03:24] INFO: Polyakov loop = (0.000629275,-0.000298232)
# [2024-05-21 23:03:24] INFO: Writing conf to disk...
# [2024-05-21 23:03:24] INFO: writeconf_nersc: Writing NERSC configuration ./conf_s060t20_b0666300_a_U000617500
# [2024-05-21 23:03:27] INFO: Calculated checksum: e8f3483a
# [2024-05-21 23:03:31] INFO: Calculated checksum: 188bb217
# [2024-05-21 23:03:31] INFO: Writing RNGSTATE file: ./rand_s060t20_b0666300_a_U000617500
# [2024-05-21 23:03:31] INFO: Writing to disk took 7.59566 seconds
# [2024-05-21 23:03:31] INFO: ======================================================================
# [2024-05-21 23:03:31] INFO: Start sweeping...
# [2024-05-21 23:10:10] INFO: It took 398.496 seconds to do 500 HBOR sweeps.
# [2024-05-21 23:10:10] INFO: Plaquette = 0.649982
# [2024-05-21 23:10:10] INFO: Polyakov loop = (-0.000592462,0.000328611)
# [2024-05-21 23:10:10] INFO: Writing conf to disk...
# [2024-05-21 23:10:10] INFO: writeconf_nersc: Writing NERSC configuration ./conf_s060t20_b0666300_a_U000618000
# [2024-05-21 23:10:13] INFO: Calculated checksum: ccedb366
# [2024-05-21 23:10:18] INFO: Calculated checksum: cf109857
# [2024-05-21 23:10:18] INFO: Writing RNGSTATE file: ./rand_s060t20_b0666300_a_U000618000
# [2024-05-21 23:10:18] INFO: Writing to disk took 7.71192 seconds
# [2024-05-21 23:10:18] INFO: ======================================================================
# [2024-05-21 23:10:18] INFO: Start sweeping...
# [2024-05-21 23:16:56] INFO: It took 398.515 seconds to do 500 HBOR sweeps.
# [2024-05-21 23:16:56] INFO: Plaquette = 0.650108
# [2024-05-21 23:16:56] INFO: Polyakov loop = (9.44661e-05,-0.000296162)
# [2024-05-21 23:16:56] INFO: Writing conf to disk...
# [2024-05-21 23:16:56] INFO: writeconf_nersc: Writing NERSC configuration ./conf_s060t20_b0666300_a_U000618500
# [2024-05-21 23:16:59] INFO: Calculated checksum: e9b90381
# [2024-05-21 23:17:04] INFO: Calculated checksum: cbc096c1
# [2024-05-21 23:17:04] INFO: Writing RNGSTATE file: ./rand_s060t20_b0666300_a_U000618500
# [2024-05-21 23:17:04] INFO: Writing to disk took 7.83985 seconds
# [2024-05-21 23:17:04] INFO: ======================================================================
# [2024-05-21 23:17:04] INFO: Start sweeping...
# [2024-05-21 23:23:43] INFO: It took 398.483 seconds to do 500 HBOR sweeps.
# [2024-05-21 23:23:43] INFO: Plaquette = 0.650062
# [2024-05-21 23:23:43] INFO: Polyakov loop = (0.000208709,-0.000725927)
# [2024-05-21 23:23:43] INFO: Writing conf to disk...
# [2024-05-21 23:23:43] INFO: writeconf_nersc: Writing NERSC configuration ./conf_s060t20_b0666300_a_U000619000
# [2024-05-21 23:23:46] INFO: Calculated checksum: c1a28657
# [2024-05-21 23:23:50] INFO: Calculated checksum: 7f76172f
# [2024-05-21 23:23:50] INFO: Writing RNGSTATE file: ./rand_s060t20_b0666300_a_U000619000
# [2024-05-21 23:23:50] INFO: Writing to disk took 7.78547 seconds
# [2024-05-21 23:23:50] INFO: ======================================================================
# [2024-05-21 23:23:50] INFO: Start sweeping...
# [2024-05-21 23:30:29] INFO: It took 398.514 seconds to do 500 HBOR sweeps.
# [2024-05-21 23:30:29] INFO: Plaquette = 0.649988
# [2024-05-21 23:30:29] INFO: Polyakov loop = (-0.000511436,-0.00125063)
# [2024-05-21 23:30:29] INFO: Writing conf to disk...
# [2024-05-21 23:30:29] INFO: writeconf_nersc: Writing NERSC configuration ./conf_s060t20_b0666300_a_U000619500
# [2024-05-21 23:30:32] INFO: Calculated checksum: 9d74a87
# [2024-05-21 23:30:37] INFO: Calculated checksum: 88116e6
# [2024-05-21 23:30:37] INFO: Writing RNGSTATE file: ./rand_s060t20_b0666300_a_U000619500
# [2024-05-21 23:30:37] INFO: Writing to disk took 8.27802 seconds
# [2024-05-21 23:30:37] INFO: ======================================================================
# [2024-05-21 23:30:37] INFO: Start sweeping...
# [2024-05-21 23:37:16] INFO: It took 398.487 seconds to do 500 HBOR sweeps.
# [2024-05-21 23:37:16] INFO: Plaquette = 0.650028
# [2024-05-21 23:37:16] INFO: Polyakov loop = (-7.26124e-05,-0.000759913)
# [2024-05-21 23:37:16] INFO: Writing conf to disk...
# [2024-05-21 23:37:16] INFO: writeconf_nersc: Writing NERSC configuration ./conf_s060t20_b0666300_a_U000620000
# [2024-05-21 23:37:19] INFO: Calculated checksum: 8b5b343d
# [2024-05-21 23:37:23] INFO: Calculated checksum: 77b428f0
# [2024-05-21 23:37:23] INFO: Writing RNGSTATE file: ./rand_s060t20_b0666300_a_U000620000
# [2024-05-21 23:37:24] INFO: Writing to disk took 7.72421 seconds
# [2024-05-21 23:37:24] INFO: ======================================================================
# [2024-05-21 23:37:24] INFO: Start sweeping...
# [2024-05-21 23:44:02] INFO: It took 398.508 seconds to do 500 HBOR sweeps.
# [2024-05-21 23:44:02] INFO: Plaquette = 0.650033
# [2024-05-21 23:44:02] INFO: Polyakov loop = (-0.00149498,0.00065398)
# [2024-05-21 23:44:02] INFO: Writing conf to disk...
# [2024-05-21 23:44:02] INFO: writeconf_nersc: Writing NERSC configuration ./conf_s060t20_b0666300_a_U000620500
# [2024-05-21 23:44:05] INFO: Calculated checksum: 36e787b0
# [2024-05-21 23:44:10] INFO: Calculated checksum: 3f4dbbce
# [2024-05-21 23:44:10] INFO: Writing RNGSTATE file: ./rand_s060t20_b0666300_a_U000620500
# [2024-05-21 23:44:10] INFO: Writing to disk took 7.67871 seconds
# [2024-05-21 23:44:10] INFO: ======================================================================
# [2024-05-21 23:44:10] INFO: Start sweeping...
# [2024-05-21 23:50:48] INFO: It took 398.484 seconds to do 500 HBOR sweeps.
# [2024-05-21 23:50:48] INFO: Plaquette = 0.650154
# [2024-05-21 23:50:48] INFO: Polyakov loop = (7.71432e-05,0.000932722)
# [2024-05-21 23:50:48] INFO: Writing conf to disk...
# [2024-05-21 23:50:48] INFO: writeconf_nersc: Writing NERSC configuration ./conf_s060t20_b0666300_a_U000621000
# [2024-05-21 23:50:51] INFO: Calculated checksum: 6d02ac10
# [2024-05-21 23:50:56] INFO: Calculated checksum: 927f953
# [2024-05-21 23:50:56] INFO: Writing RNGSTATE file: ./rand_s060t20_b0666300_a_U000621000
# [2024-05-21 23:50:56] INFO: Writing to disk took 7.62295 seconds
# [2024-05-21 23:50:56] INFO: ======================================================================
# [2024-05-21 23:50:56] INFO: Start sweeping...
# [2024-05-21 23:57:34] INFO: It took 398.509 seconds to do 500 HBOR sweeps.
# [2024-05-21 23:57:34] INFO: Plaquette = 0.650041
# [2024-05-21 23:57:34] INFO: Polyakov loop = (0.000284485,-0.000153879)
# [2024-05-21 23:57:34] INFO: Writing conf to disk...
# [2024-05-21 23:57:34] INFO: writeconf_nersc: Writing NERSC configuration ./conf_s060t20_b0666300_a_U000621500
# [2024-05-21 23:57:37] INFO: Calculated checksum: 2f549452
# [2024-05-21 23:57:42] INFO: Calculated checksum: 4cb27d7a
# [2024-05-21 23:57:42] INFO: Writing RNGSTATE file: ./rand_s060t20_b0666300_a_U000621500
# [2024-05-21 23:57:42] INFO: Writing to disk took 7.69186 seconds
# [2024-05-21 23:57:42] INFO: ======================================================================
# [2024-05-21 23:57:42] INFO: Start sweeping...
# [2024-05-22 00:04:21] INFO: It took 398.468 seconds to do 500 HBOR sweeps.
# [2024-05-22 00:04:21] INFO: Plaquette = 0.650086
# [2024-05-22 00:04:21] INFO: Polyakov loop = (0.000482985,0.000469929)
# [2024-05-22 00:04:21] INFO: Writing conf to disk...
# [2024-05-22 00:04:21] INFO: writeconf_nersc: Writing NERSC configuration ./conf_s060t20_b0666300_a_U000622000
# [2024-05-22 00:04:24] INFO: Calculated checksum: 653fe515
# [2024-05-22 00:04:28] INFO: Calculated checksum: 17d78681
# [2024-05-22 00:04:28] INFO: Writing RNGSTATE file: ./rand_s060t20_b0666300_a_U000622000
# [2024-05-22 00:04:28] INFO: Writing to disk took 7.5978 seconds
# [2024-05-22 00:04:28] INFO: ======================================================================
# [2024-05-22 00:04:28] INFO: Start sweeping...
# [2024-05-22 00:11:08] INFO: It took 399.424 seconds to do 500 HBOR sweeps.
# [2024-05-22 00:11:08] INFO: Plaquette = 0.650026
# [2024-05-22 00:11:08] INFO: Polyakov loop = (-0.000251152,-0.000596124)
# [2024-05-22 00:11:08] INFO: Writing conf to disk...
# [2024-05-22 00:11:08] INFO: writeconf_nersc: Writing NERSC configuration ./conf_s060t20_b0666300_a_U000622500
# [2024-05-22 00:11:11] INFO: Calculated checksum: be778ea7
# [2024-05-22 00:11:15] INFO: Calculated checksum: 7af343c9
# [2024-05-22 00:11:15] INFO: Writing RNGSTATE file: ./rand_s060t20_b0666300_a_U000622500
# [2024-05-22 00:11:16] INFO: Writing to disk took 7.70046 seconds
# [2024-05-22 00:11:16] INFO: ======================================================================
# [2024-05-22 00:11:16] INFO: Start sweeping...
# [2024-05-22 00:17:55] INFO: It took 399.593 seconds to do 500 HBOR sweeps.
# [2024-05-22 00:17:55] INFO: Plaquette = 0.650137
# [2024-05-22 00:17:55] INFO: Polyakov loop = (0.00140971,-0.000608141)
# [2024-05-22 00:17:55] INFO: Writing conf to disk...
# [2024-05-22 00:17:55] INFO: writeconf_nersc: Writing NERSC configuration ./conf_s060t20_b0666300_a_U000623000
# [2024-05-22 00:17:58] INFO: Calculated checksum: 5d26d07b
# [2024-05-22 00:18:03] INFO: Calculated checksum: bdf59f62
# [2024-05-22 00:18:03] INFO: Writing RNGSTATE file: ./rand_s060t20_b0666300_a_U000623000
# [2024-05-22 00:18:03] INFO: Writing to disk took 7.63975 seconds
# [2024-05-22 00:18:03] INFO: ======================================================================
# [2024-05-22 00:18:03] INFO: Start sweeping...
# [2024-05-22 00:24:41] INFO: It took 398.499 seconds to do 500 HBOR sweeps.
# [2024-05-22 00:24:41] INFO: Plaquette = 0.650075
# [2024-05-22 00:24:41] INFO: Polyakov loop = (0.00103818,-0.0010005)
# [2024-05-22 00:24:41] INFO: Writing conf to disk...
# [2024-05-22 00:24:41] INFO: writeconf_nersc: Writing NERSC configuration ./conf_s060t20_b0666300_a_U000623500
# [2024-05-22 00:24:44] INFO: Calculated checksum: 2a612f1c
# [2024-05-22 00:24:49] INFO: Calculated checksum: 87fd82ca
# [2024-05-22 00:24:49] INFO: Writing RNGSTATE file: ./rand_s060t20_b0666300_a_U000623500
# [2024-05-22 00:24:49] INFO: Writing to disk took 7.6229 seconds
# [2024-05-22 00:24:49] INFO: ======================================================================
# [2024-05-22 00:24:49] INFO: Start sweeping...
# [2024-05-22 00:31:27] INFO: It took 398.492 seconds to do 500 HBOR sweeps.
# [2024-05-22 00:31:28] INFO: Plaquette = 0.650093
# [2024-05-22 00:31:28] INFO: Polyakov loop = (-0.000301582,-0.00177595)
# [2024-05-22 00:31:28] INFO: Writing conf to disk...
# [2024-05-22 00:31:28] INFO: writeconf_nersc: Writing NERSC configuration ./conf_s060t20_b0666300_a_U000624000
# [2024-05-22 00:31:30] INFO: Calculated checksum: bb457bc1
# [2024-05-22 00:31:35] INFO: Calculated checksum: 20887c37
# [2024-05-22 00:31:35] INFO: Writing RNGSTATE file: ./rand_s060t20_b0666300_a_U000624000
# [2024-05-22 00:31:35] INFO: Writing to disk took 7.6726 seconds
# [2024-05-22 00:31:35] INFO: ======================================================================
# [2024-05-22 00:31:35] INFO: Start sweeping...
# [2024-05-22 00:38:14] INFO: It took 398.468 seconds to do 500 HBOR sweeps.
# [2024-05-22 00:38:14] INFO: Plaquette = 0.650037
# [2024-05-22 00:38:14] INFO: Polyakov loop = (0.000337935,0.000517359)
# [2024-05-22 00:38:14] INFO: Writing conf to disk...
# [2024-05-22 00:38:14] INFO: writeconf_nersc: Writing NERSC configuration ./conf_s060t20_b0666300_a_U000624500
# [2024-05-22 00:38:17] INFO: Calculated checksum: de2d93a0
# [2024-05-22 00:38:21] INFO: Calculated checksum: fc7efe32
# [2024-05-22 00:38:21] INFO: Writing RNGSTATE file: ./rand_s060t20_b0666300_a_U000624500
# [2024-05-22 00:38:21] INFO: Writing to disk took 7.64435 seconds
# [2024-05-22 00:38:21] INFO: ======================================================================
# [2024-05-22 00:38:21] INFO: Start sweeping...
# [2024-05-22 00:45:00] INFO: It took 398.459 seconds to do 500 HBOR sweeps.
# [2024-05-22 00:45:00] INFO: Plaquette = 0.650052
# [2024-05-22 00:45:00] INFO: Polyakov loop = (9.89839e-05,-0.000158471)
# [2024-05-22 00:45:00] INFO: Writing conf to disk...
# [2024-05-22 00:45:00] INFO: writeconf_nersc: Writing NERSC configuration ./conf_s060t20_b0666300_a_U000625000
# [2024-05-22 00:45:03] INFO: Calculated checksum: 8f035c8f
# [2024-05-22 00:45:09] INFO: Calculated checksum: 265e3046
# [2024-05-22 00:45:09] INFO: Writing RNGSTATE file: ./rand_s060t20_b0666300_a_U000625000
# [2024-05-22 00:45:09] INFO: Writing to disk took 9.47131 seconds
# [2024-05-22 00:45:09] INFO: ======================================================================
# [2024-05-22 00:45:09] INFO: Start sweeping...
# [2024-05-22 00:51:48] INFO: It took 398.438 seconds to do 500 HBOR sweeps.
# [2024-05-22 00:51:48] INFO: Plaquette = 0.650109
# [2024-05-22 00:51:48] INFO: Polyakov loop = (-0.00037917,2.16524e-06)
# [2024-05-22 00:51:48] INFO: Writing conf to disk...
# [2024-05-22 00:51:48] INFO: writeconf_nersc: Writing NERSC configuration ./conf_s060t20_b0666300_a_U000625500
# [2024-05-22 00:51:51] INFO: Calculated checksum: 9fda1cfa
# [2024-05-22 00:51:55] INFO: Calculated checksum: be960ff2
# [2024-05-22 00:51:55] INFO: Writing RNGSTATE file: ./rand_s060t20_b0666300_a_U000625500
# [2024-05-22 00:51:56] INFO: Writing to disk took 7.6776 seconds
# [2024-05-22 00:51:56] INFO: ======================================================================
# [2024-05-22 00:51:56] INFO: Start sweeping...
# [2024-05-22 00:58:34] INFO: It took 398.522 seconds to do 500 HBOR sweeps.
# [2024-05-22 00:58:34] INFO: Plaquette = 0.650109
# [2024-05-22 00:58:34] INFO: Polyakov loop = (-0.000426099,-8.20003e-05)
# [2024-05-22 00:58:34] INFO: Writing conf to disk...
# [2024-05-22 00:58:34] INFO: writeconf_nersc: Writing NERSC configuration ./conf_s060t20_b0666300_a_U000626000
# [2024-05-22 00:58:37] INFO: Calculated checksum: f4447029
# [2024-05-22 00:58:42] INFO: Calculated checksum: c07ade89
# [2024-05-22 00:58:42] INFO: Writing RNGSTATE file: ./rand_s060t20_b0666300_a_U000626000
# [2024-05-22 00:58:42] INFO: Writing to disk took 7.69532 seconds
# [2024-05-22 00:58:42] INFO: ======================================================================
# [2024-05-22 00:58:42] INFO: Start sweeping...
# [2024-05-22 01:05:20] INFO: It took 398.493 seconds to do 500 HBOR sweeps.
# [2024-05-22 01:05:20] INFO: Plaquette = 0.649964
# [2024-05-22 01:05:20] INFO: Polyakov loop = (-0.0002233,0.000518278)
# [2024-05-22 01:05:20] INFO: Writing conf to disk...
# [2024-05-22 01:05:20] INFO: writeconf_nersc: Writing NERSC configuration ./conf_s060t20_b0666300_a_U000626500
# [2024-05-22 01:05:23] INFO: Calculated checksum: fbe31463
# [2024-05-22 01:05:28] INFO: Calculated checksum: d9af8d25
# [2024-05-22 01:05:28] INFO: Writing RNGSTATE file: ./rand_s060t20_b0666300_a_U000626500
# [2024-05-22 01:05:28] INFO: Writing to disk took 7.61567 seconds
# [2024-05-22 01:05:28] INFO: ======================================================================
# [2024-05-22 01:05:28] INFO: Start sweeping...
# [2024-05-22 01:12:06] INFO: It took 398.497 seconds to do 500 HBOR sweeps.
# [2024-05-22 01:12:07] INFO: Plaquette = 0.650139
# [2024-05-22 01:12:07] INFO: Polyakov loop = (-0.000960805,-2.90205e-05)
# [2024-05-22 01:12:07] INFO: Writing conf to disk...
# [2024-05-22 01:12:07] INFO: writeconf_nersc: Writing NERSC configuration ./conf_s060t20_b0666300_a_U000627000
# [2024-05-22 01:12:09] INFO: Calculated checksum: bc1246fd
# [2024-05-22 01:12:14] INFO: Calculated checksum: c92c50e2
# [2024-05-22 01:12:14] INFO: Writing RNGSTATE file: ./rand_s060t20_b0666300_a_U000627000
# [2024-05-22 01:12:14] INFO: Writing to disk took 7.66577 seconds
# [2024-05-22 01:12:14] INFO: ======================================================================
# [2024-05-22 01:12:14] INFO: Start sweeping...
# [2024-05-22 01:18:53] INFO: It took 398.493 seconds to do 500 HBOR sweeps.
# [2024-05-22 01:18:53] INFO: Plaquette = 0.650119
# [2024-05-22 01:18:53] INFO: Polyakov loop = (0.000928463,-0.000165118)
# [2024-05-22 01:18:53] INFO: Writing conf to disk...
# [2024-05-22 01:18:53] INFO: writeconf_nersc: Writing NERSC configuration ./conf_s060t20_b0666300_a_U000627500
# [2024-05-22 01:18:56] INFO: Calculated checksum: 980e2c68
# [2024-05-22 01:19:00] INFO: Calculated checksum: c20b5b65
# [2024-05-22 01:19:00] INFO: Writing RNGSTATE file: ./rand_s060t20_b0666300_a_U000627500
# [2024-05-22 01:19:00] INFO: Writing to disk took 7.65634 seconds
# [2024-05-22 01:19:00] INFO: ======================================================================
# [2024-05-22 01:19:00] INFO: Start sweeping...
# [2024-05-22 01:25:39] INFO: It took 398.545 seconds to do 500 HBOR sweeps.
# [2024-05-22 01:25:39] INFO: Plaquette = 0.650155
# [2024-05-22 01:25:39] INFO: Polyakov loop = (-0.000590216,0.000118364)
# [2024-05-22 01:25:39] INFO: Writing conf to disk...
# [2024-05-22 01:25:39] INFO: writeconf_nersc: Writing NERSC configuration ./conf_s060t20_b0666300_a_U000628000
# [2024-05-22 01:25:42] INFO: Calculated checksum: f1a7f9a7
# [2024-05-22 01:25:47] INFO: Calculated checksum: 71ff2bbd
# [2024-05-22 01:25:47] INFO: Writing RNGSTATE file: ./rand_s060t20_b0666300_a_U000628000
# [2024-05-22 01:25:47] INFO: Writing to disk took 7.8305 seconds
# [2024-05-22 01:25:47] INFO: ======================================================================
# [2024-05-22 01:25:47] INFO: Start sweeping...
# [2024-05-22 01:32:25] INFO: It took 398.524 seconds to do 500 HBOR sweeps.
# [2024-05-22 01:32:25] INFO: Plaquette = 0.650083
# [2024-05-22 01:32:25] INFO: Polyakov loop = (-0.000730826,-0.000534851)
# [2024-05-22 01:32:25] INFO: Writing conf to disk...
# [2024-05-22 01:32:25] INFO: writeconf_nersc: Writing NERSC configuration ./conf_s060t20_b0666300_a_U000628500
# [2024-05-22 01:32:28] INFO: Calculated checksum: 5ae208f5
# [2024-05-22 01:32:35] INFO: Calculated checksum: 41c6917e
# [2024-05-22 01:32:35] INFO: Writing RNGSTATE file: ./rand_s060t20_b0666300_a_U000628500
# [2024-05-22 01:32:36] INFO: Writing to disk took 10.1487 seconds
# [2024-05-22 01:32:36] INFO: ======================================================================
# [2024-05-22 01:32:36] INFO: Start sweeping...
# [2024-05-22 01:39:14] INFO: It took 398.486 seconds to do 500 HBOR sweeps.
# [2024-05-22 01:39:14] INFO: Plaquette = 0.649954
# [2024-05-22 01:39:14] INFO: Polyakov loop = (-0.000468882,0.000240952)
# [2024-05-22 01:39:14] INFO: Writing conf to disk...
# [2024-05-22 01:39:14] INFO: writeconf_nersc: Writing NERSC configuration ./conf_s060t20_b0666300_a_U000629000
# [2024-05-22 01:39:17] INFO: Calculated checksum: b3e9c8c8
# [2024-05-22 01:39:22] INFO: Calculated checksum: 2db21117
# [2024-05-22 01:39:22] INFO: Writing RNGSTATE file: ./rand_s060t20_b0666300_a_U000629000
# [2024-05-22 01:39:22] INFO: Writing to disk took 8.30001 seconds
# [2024-05-22 01:39:22] INFO: ======================================================================
# [2024-05-22 01:39:22] INFO: Start sweeping...
# [2024-05-22 01:46:01] INFO: It took 398.513 seconds to do 500 HBOR sweeps.
# [2024-05-22 01:46:01] INFO: Plaquette = 0.65014
# [2024-05-22 01:46:01] INFO: Polyakov loop = (-0.00104331,0.000322241)
# [2024-05-22 01:46:01] INFO: Writing conf to disk...
# [2024-05-22 01:46:01] INFO: writeconf_nersc: Writing NERSC configuration ./conf_s060t20_b0666300_a_U000629500
# [2024-05-22 01:46:04] INFO: Calculated checksum: bb724a0a
# [2024-05-22 01:46:09] INFO: Calculated checksum: 64e9ef3
# [2024-05-22 01:46:09] INFO: Writing RNGSTATE file: ./rand_s060t20_b0666300_a_U000629500
# [2024-05-22 01:46:09] INFO: Writing to disk took 7.68798 seconds
# [2024-05-22 01:46:09] INFO: ======================================================================
# [2024-05-22 01:46:09] INFO: Start sweeping...
# [2024-05-22 01:52:47] INFO: It took 398.579 seconds to do 500 HBOR sweeps.
# [2024-05-22 01:52:47] INFO: Plaquette = 0.65006
# [2024-05-22 01:52:47] INFO: Polyakov loop = (-0.000339703,-0.000434796)
# [2024-05-22 01:52:47] INFO: Writing conf to disk...
# [2024-05-22 01:52:47] INFO: writeconf_nersc: Writing NERSC configuration ./conf_s060t20_b0666300_a_U000630000
# [2024-05-22 01:52:50] INFO: Calculated checksum: cd17177d
# [2024-05-22 01:52:55] INFO: Calculated checksum: 22c5e926
# [2024-05-22 01:52:55] INFO: Writing RNGSTATE file: ./rand_s060t20_b0666300_a_U000630000
# [2024-05-22 01:52:55] INFO: Writing to disk took 7.62479 seconds
# [2024-05-22 01:52:55] INFO: ======================================================================
# [2024-05-22 01:52:55] INFO: Start sweeping...
# [2024-05-22 01:59:34] INFO: It took 398.537 seconds to do 500 HBOR sweeps.
# [2024-05-22 01:59:34] INFO: Plaquette = 0.650086
# [2024-05-22 01:59:34] INFO: Polyakov loop = (0.000118415,-0.000118577)
# [2024-05-22 01:59:34] INFO: Writing conf to disk...
# [2024-05-22 01:59:34] INFO: writeconf_nersc: Writing NERSC configuration ./conf_s060t20_b0666300_a_U000630500
# [2024-05-22 01:59:36] INFO: Calculated checksum: 47987e4c
# [2024-05-22 01:59:41] INFO: Calculated checksum: ab4ff42d
# [2024-05-22 01:59:41] INFO: Writing RNGSTATE file: ./rand_s060t20_b0666300_a_U000630500
# [2024-05-22 01:59:41] INFO: Writing to disk took 7.64875 seconds
# [2024-05-22 01:59:41] INFO: ======================================================================
# [2024-05-22 01:59:41] INFO: Start sweeping...
# [2024-05-22 02:06:20] INFO: It took 398.54 seconds to do 500 HBOR sweeps.
# [2024-05-22 02:06:20] INFO: Plaquette = 0.650136
# [2024-05-22 02:06:20] INFO: Polyakov loop = (-0.000349689,0.000590991)
# [2024-05-22 02:06:20] INFO: Writing conf to disk...
# [2024-05-22 02:06:20] INFO: writeconf_nersc: Writing NERSC configuration ./conf_s060t20_b0666300_a_U000631000
# [2024-05-22 02:06:23] INFO: Calculated checksum: cd383517
# [2024-05-22 02:06:27] INFO: Calculated checksum: a4bada18
# [2024-05-22 02:06:27] INFO: Writing RNGSTATE file: ./rand_s060t20_b0666300_a_U000631000
# [2024-05-22 02:06:27] INFO: Writing to disk took 7.60803 seconds
# [2024-05-22 02:06:27] INFO: ======================================================================
# [2024-05-22 02:06:27] INFO: Start sweeping...
# [2024-05-22 02:13:06] INFO: It took 398.535 seconds to do 500 HBOR sweeps.
# [2024-05-22 02:13:06] INFO: Plaquette = 0.650102
# [2024-05-22 02:13:06] INFO: Polyakov loop = (0.000665516,0.000623846)
# [2024-05-22 02:13:06] INFO: Writing conf to disk...
# [2024-05-22 02:13:06] INFO: writeconf_nersc: Writing NERSC configuration ./conf_s060t20_b0666300_a_U000631500
# [2024-05-22 02:13:09] INFO: Calculated checksum: d27aff07
# [2024-05-22 02:13:14] INFO: Calculated checksum: 3e7d1c57
# [2024-05-22 02:13:14] INFO: Writing RNGSTATE file: ./rand_s060t20_b0666300_a_U000631500
# [2024-05-22 02:13:14] INFO: Writing to disk took 7.64792 seconds
# [2024-05-22 02:13:14] INFO: ======================================================================
# [2024-05-22 02:13:14] INFO: Start sweeping...
# [2024-05-22 02:19:52] INFO: It took 398.54 seconds to do 500 HBOR sweeps.
# [2024-05-22 02:19:52] INFO: Plaquette = 0.650054
# [2024-05-22 02:19:52] INFO: Polyakov loop = (0.00104269,-0.000464327)
# [2024-05-22 02:19:52] INFO: Writing conf to disk...
# [2024-05-22 02:19:52] INFO: writeconf_nersc: Writing NERSC configuration ./conf_s060t20_b0666300_a_U000632000
# [2024-05-22 02:19:55] INFO: Calculated checksum: 52f02fbb
# [2024-05-22 02:20:00] INFO: Calculated checksum: 19c95f13
# [2024-05-22 02:20:00] INFO: Writing RNGSTATE file: ./rand_s060t20_b0666300_a_U000632000
# [2024-05-22 02:20:00] INFO: Writing to disk took 7.80097 seconds
# [2024-05-22 02:20:00] INFO: ======================================================================
# [2024-05-22 02:20:00] INFO: Start sweeping...
# [2024-05-22 02:26:39] INFO: It took 398.556 seconds to do 500 HBOR sweeps.
# [2024-05-22 02:26:39] INFO: Plaquette = 0.650144
# [2024-05-22 02:26:39] INFO: Polyakov loop = (-0.000130302,-0.000199393)
# [2024-05-22 02:26:39] INFO: Writing conf to disk...
# [2024-05-22 02:26:39] INFO: writeconf_nersc: Writing NERSC configuration ./conf_s060t20_b0666300_a_U000632500
# [2024-05-22 02:26:42] INFO: Calculated checksum: 2f1d8777
# [2024-05-22 02:26:46] INFO: Calculated checksum: 82016ef2
# [2024-05-22 02:26:46] INFO: Writing RNGSTATE file: ./rand_s060t20_b0666300_a_U000632500
# [2024-05-22 02:26:46] INFO: Writing to disk took 7.68237 seconds
# [2024-05-22 02:26:46] INFO: ======================================================================
# [2024-05-22 02:26:46] INFO: Start sweeping...
# [2024-05-22 02:33:25] INFO: It took 398.533 seconds to do 500 HBOR sweeps.
# [2024-05-22 02:33:25] INFO: Plaquette = 0.650122
# [2024-05-22 02:33:25] INFO: Polyakov loop = (0.000254337,-0.00103866)
# [2024-05-22 02:33:25] INFO: Writing conf to disk...
# [2024-05-22 02:33:25] INFO: writeconf_nersc: Writing NERSC configuration ./conf_s060t20_b0666300_a_U000633000
# [2024-05-22 02:33:28] INFO: Calculated checksum: 9b063362
# [2024-05-22 02:33:32] INFO: Calculated checksum: fd54b6c8
# [2024-05-22 02:33:32] INFO: Writing RNGSTATE file: ./rand_s060t20_b0666300_a_U000633000
# [2024-05-22 02:33:33] INFO: Writing to disk took 7.65673 seconds
# [2024-05-22 02:33:33] INFO: ======================================================================
# [2024-05-22 02:33:33] INFO: Start sweeping...
# [2024-05-22 02:40:11] INFO: It took 398.535 seconds to do 500 HBOR sweeps.
# [2024-05-22 02:40:11] INFO: Plaquette = 0.650084
# [2024-05-22 02:40:11] INFO: Polyakov loop = (0.00057741,0.000214051)
# [2024-05-22 02:40:11] INFO: Writing conf to disk...
# [2024-05-22 02:40:11] INFO: writeconf_nersc: Writing NERSC configuration ./conf_s060t20_b0666300_a_U000633500
# [2024-05-22 02:40:14] INFO: Calculated checksum: e7ac8603
# [2024-05-22 02:40:19] INFO: Calculated checksum: d7201450
# [2024-05-22 02:40:19] INFO: Writing RNGSTATE file: ./rand_s060t20_b0666300_a_U000633500
# [2024-05-22 02:40:19] INFO: Writing to disk took 7.63578 seconds
# [2024-05-22 02:40:19] INFO: ======================================================================
# [2024-05-22 02:40:19] INFO: Start sweeping...
# [2024-05-22 02:46:57] INFO: It took 398.559 seconds to do 500 HBOR sweeps.
# [2024-05-22 02:46:57] INFO: Plaquette = 0.650073
# [2024-05-22 02:46:57] INFO: Polyakov loop = (0.000538543,2.28004e-05)
# [2024-05-22 02:46:57] INFO: Writing conf to disk...
# [2024-05-22 02:46:57] INFO: writeconf_nersc: Writing NERSC configuration ./conf_s060t20_b0666300_a_U000634000
# [2024-05-22 02:47:00] INFO: Calculated checksum: ced9723d
# [2024-05-22 02:47:05] INFO: Calculated checksum: c8ba3ebc
# [2024-05-22 02:47:05] INFO: Writing RNGSTATE file: ./rand_s060t20_b0666300_a_U000634000
# [2024-05-22 02:47:05] INFO: Writing to disk took 7.62626 seconds
# [2024-05-22 02:47:05] INFO: ======================================================================
# [2024-05-22 02:47:05] INFO: Start sweeping...
# [2024-05-22 02:53:44] INFO: It took 398.618 seconds to do 500 HBOR sweeps.
# [2024-05-22 02:53:44] INFO: Plaquette = 0.65016
# [2024-05-22 02:53:44] INFO: Polyakov loop = (0.000513104,-0.000965956)
# [2024-05-22 02:53:44] INFO: Writing conf to disk...
# [2024-05-22 02:53:44] INFO: writeconf_nersc: Writing NERSC configuration ./conf_s060t20_b0666300_a_U000634500
# [2024-05-22 02:53:47] INFO: Calculated checksum: 29756dec
# [2024-05-22 02:53:51] INFO: Calculated checksum: d9421a65
# [2024-05-22 02:53:51] INFO: Writing RNGSTATE file: ./rand_s060t20_b0666300_a_U000634500
# [2024-05-22 02:53:51] INFO: Writing to disk took 7.65555 seconds
# [2024-05-22 02:53:51] INFO: ======================================================================
# [2024-05-22 02:53:51] INFO: Start sweeping...
# [2024-05-22 03:00:30] INFO: It took 398.643 seconds to do 500 HBOR sweeps.
# [2024-05-22 03:00:30] INFO: Plaquette = 0.650102
# [2024-05-22 03:00:30] INFO: Polyakov loop = (0.000293994,0.000523445)
# [2024-05-22 03:00:30] INFO: Writing conf to disk...
# [2024-05-22 03:00:30] INFO: writeconf_nersc: Writing NERSC configuration ./conf_s060t20_b0666300_a_U000635000
# [2024-05-22 03:00:33] INFO: Calculated checksum: 5ced841
# [2024-05-22 03:00:38] INFO: Calculated checksum: 2c9aba2c
# [2024-05-22 03:00:38] INFO: Writing RNGSTATE file: ./rand_s060t20_b0666300_a_U000635000
# [2024-05-22 03:00:38] INFO: Writing to disk took 8.27845 seconds
# [2024-05-22 03:00:38] INFO: ======================================================================
# [2024-05-22 03:00:38] INFO: Start sweeping...
# [2024-05-22 03:07:17] INFO: It took 398.633 seconds to do 500 HBOR sweeps.
# [2024-05-22 03:07:17] INFO: Plaquette = 0.650114
# [2024-05-22 03:07:17] INFO: Polyakov loop = (-0.000234418,0.000609903)
# [2024-05-22 03:07:17] INFO: Writing conf to disk...
# [2024-05-22 03:07:17] INFO: writeconf_nersc: Writing NERSC configuration ./conf_s060t20_b0666300_a_U000635500
# [2024-05-22 03:07:20] INFO: Calculated checksum: 43179fb9
# [2024-05-22 03:07:25] INFO: Calculated checksum: 35f5bf96
# [2024-05-22 03:07:25] INFO: Writing RNGSTATE file: ./rand_s060t20_b0666300_a_U000635500
# [2024-05-22 03:07:25] INFO: Writing to disk took 7.6552 seconds
# [2024-05-22 03:07:25] INFO: ======================================================================
# [2024-05-22 03:07:25] INFO: Start sweeping...
# [2024-05-22 03:14:03] INFO: It took 398.649 seconds to do 500 HBOR sweeps.
# [2024-05-22 03:14:03] INFO: Plaquette = 0.650072
# [2024-05-22 03:14:03] INFO: Polyakov loop = (-0.000201612,0.00015523)
# [2024-05-22 03:14:03] INFO: Writing conf to disk...
# [2024-05-22 03:14:03] INFO: writeconf_nersc: Writing NERSC configuration ./conf_s060t20_b0666300_a_U000636000
# [2024-05-22 03:14:06] INFO: Calculated checksum: 723317e8
# [2024-05-22 03:14:11] INFO: Calculated checksum: d08a7dfc
# [2024-05-22 03:14:11] INFO: Writing RNGSTATE file: ./rand_s060t20_b0666300_a_U000636000
# [2024-05-22 03:14:11] INFO: Writing to disk took 7.69277 seconds
# [2024-05-22 03:14:11] INFO: ======================================================================
# [2024-05-22 03:14:11] INFO: Start sweeping...
# [2024-05-22 03:20:50] INFO: It took 398.584 seconds to do 500 HBOR sweeps.
# [2024-05-22 03:20:50] INFO: Plaquette = 0.650128
# [2024-05-22 03:20:50] INFO: Polyakov loop = (-8.51207e-05,0.00119404)
# [2024-05-22 03:20:50] INFO: Writing conf to disk...
# [2024-05-22 03:20:50] INFO: writeconf_nersc: Writing NERSC configuration ./conf_s060t20_b0666300_a_U000636500
# [2024-05-22 03:20:53] INFO: Calculated checksum: 5b53a266
# [2024-05-22 03:20:57] INFO: Calculated checksum: 2dd2eaac
# [2024-05-22 03:20:57] INFO: Writing RNGSTATE file: ./rand_s060t20_b0666300_a_U000636500
# [2024-05-22 03:20:57] INFO: Writing to disk took 7.62751 seconds
# [2024-05-22 03:20:57] INFO: ======================================================================
# [2024-05-22 03:20:57] INFO: Start sweeping...
# [2024-05-22 03:27:36] INFO: It took 398.603 seconds to do 500 HBOR sweeps.
# [2024-05-22 03:27:36] INFO: Plaquette = 0.650058
# [2024-05-22 03:27:36] INFO: Polyakov loop = (-0.00105056,0.00116986)
# [2024-05-22 03:27:36] INFO: Writing conf to disk...
# [2024-05-22 03:27:36] INFO: writeconf_nersc: Writing NERSC configuration ./conf_s060t20_b0666300_a_U000637000
# [2024-05-22 03:27:39] INFO: Calculated checksum: 90213924
# [2024-05-22 03:27:44] INFO: Calculated checksum: 52c72d75
# [2024-05-22 03:27:44] INFO: Writing RNGSTATE file: ./rand_s060t20_b0666300_a_U000637000
# [2024-05-22 03:27:44] INFO: Writing to disk took 7.76933 seconds
# [2024-05-22 03:27:44] INFO: ======================================================================
# [2024-05-22 03:27:44] INFO: Start sweeping...
# [2024-05-22 03:34:22] INFO: It took 398.624 seconds to do 500 HBOR sweeps.
# [2024-05-22 03:34:22] INFO: Plaquette = 0.650066
# [2024-05-22 03:34:22] INFO: Polyakov loop = (-0.000101641,0.000500058)
# [2024-05-22 03:34:22] INFO: Writing conf to disk...
# [2024-05-22 03:34:22] INFO: writeconf_nersc: Writing NERSC configuration ./conf_s060t20_b0666300_a_U000637500
# [2024-05-22 03:34:25] INFO: Calculated checksum: 81a42c73
# [2024-05-22 03:34:30] INFO: Calculated checksum: 75767a8a
# [2024-05-22 03:34:30] INFO: Writing RNGSTATE file: ./rand_s060t20_b0666300_a_U000637500
# [2024-05-22 03:34:30] INFO: Writing to disk took 7.75499 seconds
# [2024-05-22 03:34:30] INFO: ======================================================================
# [2024-05-22 03:34:30] INFO: Start sweeping...
# [2024-05-22 03:41:09] INFO: It took 398.572 seconds to do 500 HBOR sweeps.
# [2024-05-22 03:41:09] INFO: Plaquette = 0.650114
# [2024-05-22 03:41:09] INFO: Polyakov loop = (-0.00149018,0.00073294)
# [2024-05-22 03:41:09] INFO: Writing conf to disk...
# [2024-05-22 03:41:09] INFO: writeconf_nersc: Writing NERSC configuration ./conf_s060t20_b0666300_a_U000638000
# [2024-05-22 03:41:12] INFO: Calculated checksum: e94a7a37
# [2024-05-22 03:41:16] INFO: Calculated checksum: a58aeb85
# [2024-05-22 03:41:16] INFO: Writing RNGSTATE file: ./rand_s060t20_b0666300_a_U000638000
# [2024-05-22 03:41:17] INFO: Writing to disk took 7.67582 seconds
# [2024-05-22 03:41:17] INFO: ======================================================================
# [2024-05-22 03:41:17] INFO: Start sweeping...
# [2024-05-22 03:47:55] INFO: It took 398.476 seconds to do 500 HBOR sweeps.
# [2024-05-22 03:47:55] INFO: Plaquette = 0.650126
# [2024-05-22 03:47:55] INFO: Polyakov loop = (-0.000131859,0.000540803)
# [2024-05-22 03:47:55] INFO: Writing conf to disk...
# [2024-05-22 03:47:55] INFO: writeconf_nersc: Writing NERSC configuration ./conf_s060t20_b0666300_a_U000638500
# [2024-05-22 03:47:58] INFO: Calculated checksum: 13820420
# [2024-05-22 03:48:03] INFO: Calculated checksum: 438621d3
# [2024-05-22 03:48:03] INFO: Writing RNGSTATE file: ./rand_s060t20_b0666300_a_U000638500
# [2024-05-22 03:48:03] INFO: Writing to disk took 7.70182 seconds
# [2024-05-22 03:48:03] INFO: ======================================================================
# [2024-05-22 03:48:03] INFO: Start sweeping...
# [2024-05-22 03:54:41] INFO: It took 398.481 seconds to do 500 HBOR sweeps.
# [2024-05-22 03:54:41] INFO: Plaquette = 0.650101
# [2024-05-22 03:54:41] INFO: Polyakov loop = (-0.000685285,-0.000267536)
# [2024-05-22 03:54:41] INFO: Writing conf to disk...
# [2024-05-22 03:54:41] INFO: writeconf_nersc: Writing NERSC configuration ./conf_s060t20_b0666300_a_U000639000
# [2024-05-22 03:54:44] INFO: Calculated checksum: d7a6fdac
# [2024-05-22 03:54:49] INFO: Calculated checksum: 5b3e7e91
# [2024-05-22 03:54:49] INFO: Writing RNGSTATE file: ./rand_s060t20_b0666300_a_U000639000
# [2024-05-22 03:54:49] INFO: Writing to disk took 7.68302 seconds
# [2024-05-22 03:54:49] INFO: ======================================================================
# [2024-05-22 03:54:49] INFO: Start sweeping...
# [2024-05-22 04:01:28] INFO: It took 398.483 seconds to do 500 HBOR sweeps.
# [2024-05-22 04:01:28] INFO: Plaquette = 0.650033
# [2024-05-22 04:01:28] INFO: Polyakov loop = (0.0015918,-0.000562354)
# [2024-05-22 04:01:28] INFO: Writing conf to disk...
# [2024-05-22 04:01:28] INFO: writeconf_nersc: Writing NERSC configuration ./conf_s060t20_b0666300_a_U000639500
# [2024-05-22 04:01:30] INFO: Calculated checksum: ec8da2eb
# [2024-05-22 04:01:35] INFO: Calculated checksum: aebcdc3c
# [2024-05-22 04:01:35] INFO: Writing RNGSTATE file: ./rand_s060t20_b0666300_a_U000639500
# [2024-05-22 04:01:35] INFO: Writing to disk took 7.66129 seconds
# [2024-05-22 04:01:35] INFO: ======================================================================
# [2024-05-22 04:01:35] INFO: Start sweeping...
# [2024-05-22 04:08:14] INFO: It took 398.49 seconds to do 500 HBOR sweeps.
# [2024-05-22 04:08:14] INFO: Plaquette = 0.650084
# [2024-05-22 04:08:14] INFO: Polyakov loop = (0.000857646,0.000213025)
# [2024-05-22 04:08:14] INFO: Writing conf to disk...
# [2024-05-22 04:08:14] INFO: writeconf_nersc: Writing NERSC configuration ./conf_s060t20_b0666300_a_U000640000
# [2024-05-22 04:08:17] INFO: Calculated checksum: 519a7710
# [2024-05-22 04:08:21] INFO: Calculated checksum: 6cc23f19
# [2024-05-22 04:08:21] INFO: Writing RNGSTATE file: ./rand_s060t20_b0666300_a_U000640000
# [2024-05-22 04:08:21] INFO: Writing to disk took 7.69546 seconds
# [2024-05-22 04:08:21] INFO: ======================================================================
# [2024-05-22 04:08:21] INFO: Start sweeping...
# [2024-05-22 04:15:00] INFO: It took 398.538 seconds to do 500 HBOR sweeps.
# [2024-05-22 04:15:00] INFO: Plaquette = 0.65004
# [2024-05-22 04:15:00] INFO: Polyakov loop = (0.000255336,7.45935e-05)
# [2024-05-22 04:15:00] INFO: Writing conf to disk...
# [2024-05-22 04:15:00] INFO: writeconf_nersc: Writing NERSC configuration ./conf_s060t20_b0666300_a_U000640500
# [2024-05-22 04:15:03] INFO: Calculated checksum: 9dd5a688
# [2024-05-22 04:15:08] INFO: Calculated checksum: c28c6dbc
# [2024-05-22 04:15:08] INFO: Writing RNGSTATE file: ./rand_s060t20_b0666300_a_U000640500
# [2024-05-22 04:15:08] INFO: Writing to disk took 7.81449 seconds
# [2024-05-22 04:15:08] INFO: ======================================================================
# [2024-05-22 04:15:08] INFO: Start sweeping...
# [2024-05-22 04:21:46] INFO: It took 398.517 seconds to do 500 HBOR sweeps.
# [2024-05-22 04:21:46] INFO: Plaquette = 0.650057
# [2024-05-22 04:21:46] INFO: Polyakov loop = (0.000561647,0.00033052)
# [2024-05-22 04:21:46] INFO: Writing conf to disk...
# [2024-05-22 04:21:46] INFO: writeconf_nersc: Writing NERSC configuration ./conf_s060t20_b0666300_a_U000641000
# [2024-05-22 04:21:49] INFO: Calculated checksum: 1438a731
# [2024-05-22 04:21:54] INFO: Calculated checksum: 55a579b2
# [2024-05-22 04:21:54] INFO: Writing RNGSTATE file: ./rand_s060t20_b0666300_a_U000641000
# [2024-05-22 04:21:54] INFO: Writing to disk took 7.68977 seconds
# [2024-05-22 04:21:54] INFO: ======================================================================
# [2024-05-22 04:21:54] INFO: Start sweeping...
# [2024-05-22 04:28:33] INFO: It took 398.386 seconds to do 500 HBOR sweeps.
# [2024-05-22 04:28:33] INFO: Plaquette = 0.650208
# [2024-05-22 04:28:33] INFO: Polyakov loop = (-0.000371058,0.00147138)
# [2024-05-22 04:28:33] INFO: Writing conf to disk...
# [2024-05-22 04:28:33] INFO: writeconf_nersc: Writing NERSC configuration ./conf_s060t20_b0666300_a_U000641500
# [2024-05-22 04:28:35] INFO: Calculated checksum: b7fa795a
# [2024-05-22 04:28:41] INFO: Calculated checksum: b163089a
# [2024-05-22 04:28:41] INFO: Writing RNGSTATE file: ./rand_s060t20_b0666300_a_U000641500
# [2024-05-22 04:28:41] INFO: Writing to disk took 8.10094 seconds
# [2024-05-22 04:28:41] INFO: ======================================================================
# [2024-05-22 04:28:41] INFO: Start sweeping...
# [2024-05-22 04:35:19] INFO: It took 398.367 seconds to do 500 HBOR sweeps.
# [2024-05-22 04:35:19] INFO: Plaquette = 0.650059
# [2024-05-22 04:35:19] INFO: Polyakov loop = (-0.000907404,-0.000770745)
# [2024-05-22 04:35:19] INFO: Writing conf to disk...
# [2024-05-22 04:35:19] INFO: writeconf_nersc: Writing NERSC configuration ./conf_s060t20_b0666300_a_U000642000
# [2024-05-22 04:35:22] INFO: Calculated checksum: d767bc3f
# [2024-05-22 04:35:27] INFO: Calculated checksum: 7f751cfe
# [2024-05-22 04:35:27] INFO: Writing RNGSTATE file: ./rand_s060t20_b0666300_a_U000642000
# [2024-05-22 04:35:27] INFO: Writing to disk took 7.70074 seconds
# [2024-05-22 04:35:27] INFO: ======================================================================
# [2024-05-22 04:35:27] INFO: Start sweeping...
# [2024-05-22 04:42:05] INFO: It took 398.395 seconds to do 500 HBOR sweeps.
# [2024-05-22 04:42:05] INFO: Plaquette = 0.650046
# [2024-05-22 04:42:05] INFO: Polyakov loop = (-0.000841898,0.000380116)
# [2024-05-22 04:42:05] INFO: Writing conf to disk...
# [2024-05-22 04:42:05] INFO: writeconf_nersc: Writing NERSC configuration ./conf_s060t20_b0666300_a_U000642500
# [2024-05-22 04:42:08] INFO: Calculated checksum: fec4aaa
# [2024-05-22 04:42:13] INFO: Calculated checksum: d3f95d70
# [2024-05-22 04:42:13] INFO: Writing RNGSTATE file: ./rand_s060t20_b0666300_a_U000642500
# [2024-05-22 04:42:13] INFO: Writing to disk took 7.69728 seconds
# [2024-05-22 04:42:13] INFO: ======================================================================
# [2024-05-22 04:42:13] INFO: Start sweeping...
# [2024-05-22 04:48:51] INFO: It took 398.386 seconds to do 500 HBOR sweeps.
# [2024-05-22 04:48:51] INFO: Plaquette = 0.650055
# [2024-05-22 04:48:51] INFO: Polyakov loop = (0.00108564,-0.000736283)
# [2024-05-22 04:48:51] INFO: Writing conf to disk...
# [2024-05-22 04:48:51] INFO: writeconf_nersc: Writing NERSC configuration ./conf_s060t20_b0666300_a_U000643000
# [2024-05-22 04:48:54] INFO: Calculated checksum: 471287c5
# [2024-05-22 04:49:00] INFO: Calculated checksum: b89683d0
# [2024-05-22 04:49:00] INFO: Writing RNGSTATE file: ./rand_s060t20_b0666300_a_U000643000
# [2024-05-22 04:49:00] INFO: Writing to disk took 8.21679 seconds
# [2024-05-22 04:49:00] INFO: ======================================================================
# [2024-05-22 04:49:00] INFO: Start sweeping...
# [2024-05-22 04:55:38] INFO: It took 398.39 seconds to do 500 HBOR sweeps.
# [2024-05-22 04:55:38] INFO: Plaquette = 0.650077
# [2024-05-22 04:55:38] INFO: Polyakov loop = (-0.000670615,-0.0012201)
# [2024-05-22 04:55:38] INFO: Writing conf to disk...
# [2024-05-22 04:55:38] INFO: writeconf_nersc: Writing NERSC configuration ./conf_s060t20_b0666300_a_U000643500
# [2024-05-22 04:55:41] INFO: Calculated checksum: a49561fb
# [2024-05-22 04:55:46] INFO: Calculated checksum: 83cf38c
# [2024-05-22 04:55:46] INFO: Writing RNGSTATE file: ./rand_s060t20_b0666300_a_U000643500
# [2024-05-22 04:55:46] INFO: Writing to disk took 7.68079 seconds
# [2024-05-22 04:55:46] INFO: ======================================================================
# [2024-05-22 04:55:46] INFO: Start sweeping...
# [2024-05-22 05:02:24] INFO: It took 398.397 seconds to do 500 HBOR sweeps.
# [2024-05-22 05:02:24] INFO: Plaquette = 0.650126
# [2024-05-22 05:02:24] INFO: Polyakov loop = (-0.000225024,-9.232e-05)
# [2024-05-22 05:02:24] INFO: Writing conf to disk...
# [2024-05-22 05:02:24] INFO: writeconf_nersc: Writing NERSC configuration ./conf_s060t20_b0666300_a_U000644000
# [2024-05-22 05:02:27] INFO: Calculated checksum: cc4227c2
# [2024-05-22 05:02:32] INFO: Calculated checksum: 876a4379
# [2024-05-22 05:02:32] INFO: Writing RNGSTATE file: ./rand_s060t20_b0666300_a_U000644000
# [2024-05-22 05:02:32] INFO: Writing to disk took 7.69103 seconds
# [2024-05-22 05:02:32] INFO: ======================================================================
# [2024-05-22 05:02:32] INFO: Start sweeping...
# [2024-05-22 05:09:10] INFO: It took 398.398 seconds to do 500 HBOR sweeps.
# [2024-05-22 05:09:10] INFO: Plaquette = 0.65005
# [2024-05-22 05:09:10] INFO: Polyakov loop = (-0.00070116,0.000514652)
# [2024-05-22 05:09:10] INFO: Writing conf to disk...
# [2024-05-22 05:09:10] INFO: writeconf_nersc: Writing NERSC configuration ./conf_s060t20_b0666300_a_U000644500
# [2024-05-22 05:09:13] INFO: Calculated checksum: dada93d5
# [2024-05-22 05:09:18] INFO: Calculated checksum: 7e7c1a9a
# [2024-05-22 05:09:18] INFO: Writing RNGSTATE file: ./rand_s060t20_b0666300_a_U000644500
# [2024-05-22 05:09:18] INFO: Writing to disk took 7.60151 seconds
# [2024-05-22 05:09:18] INFO: ======================================================================
# [2024-05-22 05:09:18] INFO: Start sweeping...
# [2024-05-22 05:15:56] INFO: It took 398.43 seconds to do 500 HBOR sweeps.
# [2024-05-22 05:15:56] INFO: Plaquette = 0.650088
# [2024-05-22 05:15:56] INFO: Polyakov loop = (-0.000644163,0.000269137)
# [2024-05-22 05:15:56] INFO: Writing conf to disk...
# [2024-05-22 05:15:56] INFO: writeconf_nersc: Writing NERSC configuration ./conf_s060t20_b0666300_a_U000645000
# [2024-05-22 05:15:59] INFO: Calculated checksum: 14c44d70
# [2024-05-22 05:16:04] INFO: Calculated checksum: b6939ea4
# [2024-05-22 05:16:04] INFO: Writing RNGSTATE file: ./rand_s060t20_b0666300_a_U000645000
# [2024-05-22 05:16:04] INFO: Writing to disk took 7.89687 seconds
# [2024-05-22 05:16:04] INFO: ======================================================================
# [2024-05-22 05:16:04] INFO: Start sweeping...
# [2024-05-22 05:22:43] INFO: It took 398.436 seconds to do 500 HBOR sweeps.
# [2024-05-22 05:22:43] INFO: Plaquette = 0.650086
# [2024-05-22 05:22:43] INFO: Polyakov loop = (0.000482466,0.000695994)
# [2024-05-22 05:22:43] INFO: Writing conf to disk...
# [2024-05-22 05:22:43] INFO: writeconf_nersc: Writing NERSC configuration ./conf_s060t20_b0666300_a_U000645500
# [2024-05-22 05:22:46] INFO: Calculated checksum: 1db5aa33
# [2024-05-22 05:22:50] INFO: Calculated checksum: 2d0c53fc
# [2024-05-22 05:22:50] INFO: Writing RNGSTATE file: ./rand_s060t20_b0666300_a_U000645500
# [2024-05-22 05:22:51] INFO: Writing to disk took 7.7112 seconds
# [2024-05-22 05:22:51] INFO: ======================================================================
# [2024-05-22 05:22:51] INFO: Start sweeping...
# [2024-05-22 05:29:29] INFO: It took 398.449 seconds to do 500 HBOR sweeps.
# [2024-05-22 05:29:29] INFO: Plaquette = 0.650105
# [2024-05-22 05:29:29] INFO: Polyakov loop = (-0.000330431,0.001151)
# [2024-05-22 05:29:29] INFO: Writing conf to disk...
# [2024-05-22 05:29:29] INFO: writeconf_nersc: Writing NERSC configuration ./conf_s060t20_b0666300_a_U000646000
# [2024-05-22 05:29:32] INFO: Calculated checksum: 2493fadf
# [2024-05-22 05:29:37] INFO: Calculated checksum: e195443b
# [2024-05-22 05:29:37] INFO: Writing RNGSTATE file: ./rand_s060t20_b0666300_a_U000646000
# [2024-05-22 05:29:37] INFO: Writing to disk took 7.7263 seconds
# [2024-05-22 05:29:37] INFO: ======================================================================
# [2024-05-22 05:29:37] INFO: Start sweeping...
# [2024-05-22 05:36:15] INFO: It took 398.459 seconds to do 500 HBOR sweeps.
# [2024-05-22 05:36:15] INFO: Plaquette = 0.650155
# [2024-05-22 05:36:15] INFO: Polyakov loop = (-0.000823641,0.00158822)
# [2024-05-22 05:36:15] INFO: Writing conf to disk...
# [2024-05-22 05:36:15] INFO: writeconf_nersc: Writing NERSC configuration ./conf_s060t20_b0666300_a_U000646500
# [2024-05-22 05:36:18] INFO: Calculated checksum: eda30a0
# [2024-05-22 05:36:23] INFO: Calculated checksum: d9c3a4c8
# [2024-05-22 05:36:23] INFO: Writing RNGSTATE file: ./rand_s060t20_b0666300_a_U000646500
# [2024-05-22 05:36:23] INFO: Writing to disk took 7.70447 seconds
# [2024-05-22 05:36:23] INFO: ======================================================================
# [2024-05-22 05:36:23] INFO: Start sweeping...
# [2024-05-22 05:43:01] INFO: It took 398.446 seconds to do 500 HBOR sweeps.
# [2024-05-22 05:43:01] INFO: Plaquette = 0.650071
# [2024-05-22 05:43:01] INFO: Polyakov loop = (-0.00112598,-0.000185455)
# [2024-05-22 05:43:01] INFO: Writing conf to disk...
# [2024-05-22 05:43:01] INFO: writeconf_nersc: Writing NERSC configuration ./conf_s060t20_b0666300_a_U000647000
# [2024-05-22 05:43:04] INFO: Calculated checksum: 1d5d14af
# [2024-05-22 05:43:09] INFO: Calculated checksum: fb6f5deb
# [2024-05-22 05:43:09] INFO: Writing RNGSTATE file: ./rand_s060t20_b0666300_a_U000647000
# [2024-05-22 05:43:09] INFO: Writing to disk took 7.70211 seconds
# [2024-05-22 05:43:09] INFO: ======================================================================
# [2024-05-22 05:43:09] INFO: Start sweeping...
# [2024-05-22 05:49:48] INFO: It took 398.453 seconds to do 500 HBOR sweeps.
# [2024-05-22 05:49:48] INFO: Plaquette = 0.65017
# [2024-05-22 05:49:48] INFO: Polyakov loop = (-0.000193873,-0.000171807)
# [2024-05-22 05:49:48] INFO: Writing conf to disk...
# [2024-05-22 05:49:48] INFO: writeconf_nersc: Writing NERSC configuration ./conf_s060t20_b0666300_a_U000647500
# [2024-05-22 05:49:51] INFO: Calculated checksum: 89e14023
# [2024-05-22 05:49:55] INFO: Calculated checksum: 3d5fe500
# [2024-05-22 05:49:55] INFO: Writing RNGSTATE file: ./rand_s060t20_b0666300_a_U000647500
# [2024-05-22 05:49:56] INFO: Writing to disk took 7.87437 seconds
# [2024-05-22 05:49:56] INFO: ======================================================================
# [2024-05-22 05:49:56] INFO: Start sweeping...
# [2024-05-22 05:56:34] INFO: It took 398.475 seconds to do 500 HBOR sweeps.
# [2024-05-22 05:56:34] INFO: Plaquette = 0.650129
# [2024-05-22 05:56:34] INFO: Polyakov loop = (-0.000410273,0.000133753)
# [2024-05-22 05:56:34] INFO: Writing conf to disk...
# [2024-05-22 05:56:34] INFO: writeconf_nersc: Writing NERSC configuration ./conf_s060t20_b0666300_a_U000648000
# [2024-05-22 05:56:37] INFO: Calculated checksum: 8ff474c2
# [2024-05-22 05:56:42] INFO: Calculated checksum: 8e7403b7
# [2024-05-22 05:56:42] INFO: Writing RNGSTATE file: ./rand_s060t20_b0666300_a_U000648000
# [2024-05-22 05:56:43] INFO: Writing to disk took 8.39819 seconds
# [2024-05-22 05:56:43] INFO: ======================================================================
# [2024-05-22 05:56:43] INFO: Start sweeping...
# [2024-05-22 06:03:21] INFO: It took 398.425 seconds to do 500 HBOR sweeps.
# [2024-05-22 06:03:21] INFO: Plaquette = 0.650058
# [2024-05-22 06:03:21] INFO: Polyakov loop = (0.000581397,0.000147998)
# [2024-05-22 06:03:21] INFO: Writing conf to disk...
# [2024-05-22 06:03:21] INFO: writeconf_nersc: Writing NERSC configuration ./conf_s060t20_b0666300_a_U000648500
# [2024-05-22 06:03:24] INFO: Calculated checksum: 69a28122
# [2024-05-22 06:03:29] INFO: Calculated checksum: ae6ac4c2
# [2024-05-22 06:03:29] INFO: Writing RNGSTATE file: ./rand_s060t20_b0666300_a_U000648500
# [2024-05-22 06:03:29] INFO: Writing to disk took 7.76278 seconds
# [2024-05-22 06:03:29] INFO: ======================================================================
# [2024-05-22 06:03:29] INFO: Start sweeping...
# [2024-05-22 06:10:07] INFO: It took 398.503 seconds to do 500 HBOR sweeps.
# [2024-05-22 06:10:07] INFO: Plaquette = 0.650104
# [2024-05-22 06:10:07] INFO: Polyakov loop = (-0.000175283,-0.00105658)
# [2024-05-22 06:10:07] INFO: Writing conf to disk...
# [2024-05-22 06:10:07] INFO: writeconf_nersc: Writing NERSC configuration ./conf_s060t20_b0666300_a_U000649000
# [2024-05-22 06:10:10] INFO: Calculated checksum: fc1d7d19
# [2024-05-22 06:10:15] INFO: Calculated checksum: b10685d9
# [2024-05-22 06:10:15] INFO: Writing RNGSTATE file: ./rand_s060t20_b0666300_a_U000649000
# [2024-05-22 06:10:15] INFO: Writing to disk took 7.72108 seconds
# [2024-05-22 06:10:15] INFO: ======================================================================
# [2024-05-22 06:10:15] INFO: Start sweeping...
# [2024-05-22 06:16:54] INFO: It took 398.461 seconds to do 500 HBOR sweeps.
# [2024-05-22 06:16:54] INFO: Plaquette = 0.650078
# [2024-05-22 06:16:54] INFO: Polyakov loop = (-0.000759161,-0.00126633)
# [2024-05-22 06:16:54] INFO: Writing conf to disk...
# [2024-05-22 06:16:54] INFO: writeconf_nersc: Writing NERSC configuration ./conf_s060t20_b0666300_a_U000649500
# [2024-05-22 06:16:56] INFO: Calculated checksum: 614a5a76
# [2024-05-22 06:17:01] INFO: Calculated checksum: 400d697
# [2024-05-22 06:17:01] INFO: Writing RNGSTATE file: ./rand_s060t20_b0666300_a_U000649500
# [2024-05-22 06:17:01] INFO: Writing to disk took 7.84975 seconds
# [2024-05-22 06:17:01] INFO: ======================================================================
# [2024-05-22 06:17:01] INFO: Start sweeping...
# [2024-05-22 06:23:40] INFO: It took 398.474 seconds to do 500 HBOR sweeps.
# [2024-05-22 06:23:40] INFO: Plaquette = 0.650024
# [2024-05-22 06:23:40] INFO: Polyakov loop = (0.000368945,0.000371545)
# [2024-05-22 06:23:40] INFO: Writing conf to disk...
# [2024-05-22 06:23:40] INFO: writeconf_nersc: Writing NERSC configuration ./conf_s060t20_b0666300_a_U000650000
# [2024-05-22 06:23:43] INFO: Calculated checksum: 71c46d65
# [2024-05-22 06:23:47] INFO: Calculated checksum: dfd00601
# [2024-05-22 06:23:47] INFO: Writing RNGSTATE file: ./rand_s060t20_b0666300_a_U000650000
# [2024-05-22 06:23:47] INFO: Writing to disk took 7.2869 seconds
# [2024-05-22 06:23:47] INFO: Finalizing MPI
