
Currently Loaded Modules:
  1) chpc/1.0      (S)   3) gcc/8.5.0      5) mpich/3.4.2
  2) python/3.10.3       4) cmake/3.26.0   6) cuda/11.6.2 (g)

  Where:
   S:  Module is Sticky, requires --force to unload or purge
   g:  built for GPU

 

# [2024-05-21 19:05:04] INFO: Running SIMULATeQCD
# [2024-05-21 19:05:04] INFO: Git commit version: 43e2518
# [2024-05-21 19:05:04] INFO: Initializing MPI with (1 proc)
# [2024-05-21 19:05:04] INFO: Reading parameters from file :: GenerateQuenched_b6534.param
# [2024-05-21 19:05:04] INFO: # PARAM :: Lattice = 60 60 60 20 
# [2024-05-21 19:05:04] INFO: # PARAM :: Nodes = 1 1 1 1 
# [2024-05-21 19:05:04] INFO: # PARAM :: Topology = 0 0 0 0  (default)
# [2024-05-21 19:05:04] INFO: # PARAM :: beta = 6.534
# [2024-05-21 19:05:04] INFO: # PARAM :: format = nersc
# [2024-05-21 19:05:04] INFO: # PARAM :: endianness = auto
# [2024-05-21 19:05:04] INFO: # PARAM :: conf_nr = 600000
# [2024-05-21 19:05:04] INFO: # PARAM :: stream = a
# [2024-05-21 19:05:04] INFO: # PARAM :: prec_out = 0 (default)
# [2024-05-21 19:05:04] INFO: # PARAM :: measurements_dir = ./ (default)
# [2024-05-21 19:05:04] INFO: # PARAM :: use_unit_conf = 0 (default)
# [2024-05-21 19:05:04] INFO: # PARAM :: output_dir = .
# [2024-05-21 19:05:04] INFO: # PARAM :: nconfs = 100
# [2024-05-21 19:05:04] INFO: # PARAM :: nsweeps_ORperHB = 4
# [2024-05-21 19:05:04] INFO: # PARAM :: nsweeps_HBwithOR = 500
# [2024-05-21 19:05:04] INFO: # PARAM :: prev_conf = conf_s060t20_b0653400_a_U000600000
# [2024-05-21 19:05:04] INFO: # PARAM :: prev_rand = rand_s060t20_b0653400_a_U000600000
# [2024-05-21 19:05:04] INFO: > Running on:
# [2024-05-21 19:05:04] INFO: [Rank 0] > notch271 CPU_45 GPU_3F; MPI: world_rank=0, node_rank=0, coord: ( 0 0 0 0 )
# [2024-05-21 19:05:04] INFO: > Is MPI CUDA-aware? @compilation 
# [2024-05-21 19:05:04] INFO: > GPU compute capability: 75
# [2024-05-21 19:05:04] INFO: > Checking support for P2P (Peer-to-Peer) and UVA (Unified Virtual Addressing):
# [2024-05-21 19:05:04] INFO: [Rank 0] > notch271 GPU_3F(NVIDIA GeForce RTX 2080 Ti): P2P NO ; UVA YES
# [2024-05-21 19:05:05] INFO: Initialize Indexer with HaloDepth = 1[0;33m[0m
# [2024-05-21 19:05:05] INFO: Resuming previous run.
# [2024-05-21 19:05:05] INFO: readconf_nersc: Reading NERSC configuration conf_s060t20_b0653400_a_U000600000
# [2024-05-21 19:05:19] INFO: Next conf_number will be 600500
# [2024-05-21 19:05:19] INFO: Generating up to 100 confs with a separation of 500 HBOR sweeps (OR/HB = 4) ...
# [2024-05-21 19:05:19] INFO: ======================================================================
# [2024-05-21 19:05:19] INFO: Start sweeping...
# [2024-05-21 19:11:59] INFO: It took 399.849 seconds to do 500 HBOR sweeps.
# [2024-05-21 19:11:59] INFO: Plaquette = 0.640868
# [2024-05-21 19:11:59] INFO: Polyakov loop = (0.000183566,0.000352631)
# [2024-05-21 19:11:59] INFO: Writing conf to disk...
# [2024-05-21 19:11:59] INFO: writeconf_nersc: Writing NERSC configuration ./conf_s060t20_b0653400_a_U000600500
# [2024-05-21 19:12:02] INFO: Calculated checksum: 67d59368
# [2024-05-21 19:12:07] INFO: Calculated checksum: 75c817b
# [2024-05-21 19:12:07] INFO: Writing RNGSTATE file: ./rand_s060t20_b0653400_a_U000600500
# [2024-05-21 19:12:07] INFO: Writing to disk took 7.63359 seconds
# [2024-05-21 19:12:07] INFO: ======================================================================
# [2024-05-21 19:12:07] INFO: Start sweeping...
# [2024-05-21 19:18:48] INFO: It took 401.509 seconds to do 500 HBOR sweeps.
# [2024-05-21 19:18:48] INFO: Plaquette = 0.64095
# [2024-05-21 19:18:48] INFO: Polyakov loop = (-0.00124242,0.000274923)
# [2024-05-21 19:18:48] INFO: Writing conf to disk...
# [2024-05-21 19:18:48] INFO: writeconf_nersc: Writing NERSC configuration ./conf_s060t20_b0653400_a_U000601000
# [2024-05-21 19:18:51] INFO: Calculated checksum: 982022bf
# [2024-05-21 19:18:56] INFO: Calculated checksum: f21d6fd3
# [2024-05-21 19:18:56] INFO: Writing RNGSTATE file: ./rand_s060t20_b0653400_a_U000601000
# [2024-05-21 19:18:56] INFO: Writing to disk took 7.70368 seconds
# [2024-05-21 19:18:56] INFO: ======================================================================
# [2024-05-21 19:18:56] INFO: Start sweeping...
# [2024-05-21 19:25:38] INFO: It took 401.517 seconds to do 500 HBOR sweeps.
# [2024-05-21 19:25:38] INFO: Plaquette = 0.640896
# [2024-05-21 19:25:38] INFO: Polyakov loop = (5.63872e-05,0.000260222)
# [2024-05-21 19:25:38] INFO: Writing conf to disk...
# [2024-05-21 19:25:38] INFO: writeconf_nersc: Writing NERSC configuration ./conf_s060t20_b0653400_a_U000601500
# [2024-05-21 19:25:41] INFO: Calculated checksum: c8fdc15b
# [2024-05-21 19:25:45] INFO: Calculated checksum: 4e67cd31
# [2024-05-21 19:25:45] INFO: Writing RNGSTATE file: ./rand_s060t20_b0653400_a_U000601500
# [2024-05-21 19:25:45] INFO: Writing to disk took 7.68208 seconds
# [2024-05-21 19:25:45] INFO: ======================================================================
# [2024-05-21 19:25:45] INFO: Start sweeping...
# [2024-05-21 19:32:27] INFO: It took 401.507 seconds to do 500 HBOR sweeps.
# [2024-05-21 19:32:27] INFO: Plaquette = 0.640932
# [2024-05-21 19:32:27] INFO: Polyakov loop = (0.000749643,-0.000305435)
# [2024-05-21 19:32:27] INFO: Writing conf to disk...
# [2024-05-21 19:32:27] INFO: writeconf_nersc: Writing NERSC configuration ./conf_s060t20_b0653400_a_U000602000
# [2024-05-21 19:32:30] INFO: Calculated checksum: 13526ebb
# [2024-05-21 19:32:35] INFO: Calculated checksum: 8724011d
# [2024-05-21 19:32:35] INFO: Writing RNGSTATE file: ./rand_s060t20_b0653400_a_U000602000
# [2024-05-21 19:32:35] INFO: Writing to disk took 8.06459 seconds
# [2024-05-21 19:32:35] INFO: ======================================================================
# [2024-05-21 19:32:35] INFO: Start sweeping...
# [2024-05-21 19:39:16] INFO: It took 401.499 seconds to do 500 HBOR sweeps.
# [2024-05-21 19:39:16] INFO: Plaquette = 0.640898
# [2024-05-21 19:39:16] INFO: Polyakov loop = (0.000377058,0.000226067)
# [2024-05-21 19:39:16] INFO: Writing conf to disk...
# [2024-05-21 19:39:16] INFO: writeconf_nersc: Writing NERSC configuration ./conf_s060t20_b0653400_a_U000602500
# [2024-05-21 19:39:19] INFO: Calculated checksum: e2cdeb60
# [2024-05-21 19:39:25] INFO: Calculated checksum: cca52e32
# [2024-05-21 19:39:25] INFO: Writing RNGSTATE file: ./rand_s060t20_b0653400_a_U000602500
# [2024-05-21 19:39:25] INFO: Writing to disk took 8.76469 seconds
# [2024-05-21 19:39:25] INFO: ======================================================================
# [2024-05-21 19:39:25] INFO: Start sweeping...
# [2024-05-21 19:46:07] INFO: It took 401.476 seconds to do 500 HBOR sweeps.
# [2024-05-21 19:46:07] INFO: Plaquette = 0.640914
# [2024-05-21 19:46:07] INFO: Polyakov loop = (0.00012528,0.00111227)
# [2024-05-21 19:46:07] INFO: Writing conf to disk...
# [2024-05-21 19:46:07] INFO: writeconf_nersc: Writing NERSC configuration ./conf_s060t20_b0653400_a_U000603000
# [2024-05-21 19:46:10] INFO: Calculated checksum: d54577a5
# [2024-05-21 19:46:15] INFO: Calculated checksum: 239d5699
# [2024-05-21 19:46:15] INFO: Writing RNGSTATE file: ./rand_s060t20_b0653400_a_U000603000
# [2024-05-21 19:46:15] INFO: Writing to disk took 8.05672 seconds
# [2024-05-21 19:46:15] INFO: ======================================================================
# [2024-05-21 19:46:15] INFO: Start sweeping...
# [2024-05-21 19:52:56] INFO: It took 401.488 seconds to do 500 HBOR sweeps.
# [2024-05-21 19:52:56] INFO: Plaquette = 0.64094
# [2024-05-21 19:52:56] INFO: Polyakov loop = (0.00110291,0.000283522)
# [2024-05-21 19:52:56] INFO: Writing conf to disk...
# [2024-05-21 19:52:56] INFO: writeconf_nersc: Writing NERSC configuration ./conf_s060t20_b0653400_a_U000603500
# [2024-05-21 19:52:59] INFO: Calculated checksum: efea84df
# [2024-05-21 19:53:04] INFO: Calculated checksum: aa2d1f2
# [2024-05-21 19:53:04] INFO: Writing RNGSTATE file: ./rand_s060t20_b0653400_a_U000603500
# [2024-05-21 19:53:04] INFO: Writing to disk took 7.9379 seconds
# [2024-05-21 19:53:04] INFO: ======================================================================
# [2024-05-21 19:53:04] INFO: Start sweeping...
# [2024-05-21 19:59:46] INFO: It took 401.513 seconds to do 500 HBOR sweeps.
# [2024-05-21 19:59:46] INFO: Plaquette = 0.640891
# [2024-05-21 19:59:46] INFO: Polyakov loop = (0.000833179,0.000267044)
# [2024-05-21 19:59:46] INFO: Writing conf to disk...
# [2024-05-21 19:59:46] INFO: writeconf_nersc: Writing NERSC configuration ./conf_s060t20_b0653400_a_U000604000
# [2024-05-21 19:59:49] INFO: Calculated checksum: 9dd34f00
# [2024-05-21 19:59:54] INFO: Calculated checksum: 467662fc
# [2024-05-21 19:59:54] INFO: Writing RNGSTATE file: ./rand_s060t20_b0653400_a_U000604000
# [2024-05-21 19:59:54] INFO: Writing to disk took 7.82043 seconds
# [2024-05-21 19:59:54] INFO: ======================================================================
# [2024-05-21 19:59:54] INFO: Start sweeping...
# [2024-05-21 20:06:35] INFO: It took 401.535 seconds to do 500 HBOR sweeps.
# [2024-05-21 20:06:35] INFO: Plaquette = 0.640886
# [2024-05-21 20:06:35] INFO: Polyakov loop = (0.00053993,8.05608e-05)
# [2024-05-21 20:06:35] INFO: Writing conf to disk...
# [2024-05-21 20:06:35] INFO: writeconf_nersc: Writing NERSC configuration ./conf_s060t20_b0653400_a_U000604500
# [2024-05-21 20:06:38] INFO: Calculated checksum: 8b56360f
# [2024-05-21 20:06:43] INFO: Calculated checksum: 53b0f30d
# [2024-05-21 20:06:43] INFO: Writing RNGSTATE file: ./rand_s060t20_b0653400_a_U000604500
# [2024-05-21 20:06:43] INFO: Writing to disk took 8.10639 seconds
# [2024-05-21 20:06:43] INFO: ======================================================================
# [2024-05-21 20:06:43] INFO: Start sweeping...
# [2024-05-21 20:13:25] INFO: It took 401.51 seconds to do 500 HBOR sweeps.
# [2024-05-21 20:13:25] INFO: Plaquette = 0.640914
# [2024-05-21 20:13:25] INFO: Polyakov loop = (0.000337967,-1.95418e-05)
# [2024-05-21 20:13:25] INFO: Writing conf to disk...
# [2024-05-21 20:13:25] INFO: writeconf_nersc: Writing NERSC configuration ./conf_s060t20_b0653400_a_U000605000
# [2024-05-21 20:13:28] INFO: Calculated checksum: 84180df3
# [2024-05-21 20:13:33] INFO: Calculated checksum: 29e5a053
# [2024-05-21 20:13:33] INFO: Writing RNGSTATE file: ./rand_s060t20_b0653400_a_U000605000
# [2024-05-21 20:13:33] INFO: Writing to disk took 7.85769 seconds
# [2024-05-21 20:13:33] INFO: ======================================================================
# [2024-05-21 20:13:33] INFO: Start sweeping...
# [2024-05-21 20:20:14] INFO: It took 401.481 seconds to do 500 HBOR sweeps.
# [2024-05-21 20:20:14] INFO: Plaquette = 0.640941
# [2024-05-21 20:20:14] INFO: Polyakov loop = (-0.000395233,-0.00100224)
# [2024-05-21 20:20:14] INFO: Writing conf to disk...
# [2024-05-21 20:20:14] INFO: writeconf_nersc: Writing NERSC configuration ./conf_s060t20_b0653400_a_U000605500
# [2024-05-21 20:20:17] INFO: Calculated checksum: 9bbc5d2
# [2024-05-21 20:20:22] INFO: Calculated checksum: b298fbc
# [2024-05-21 20:20:22] INFO: Writing RNGSTATE file: ./rand_s060t20_b0653400_a_U000605500
# [2024-05-21 20:20:22] INFO: Writing to disk took 7.81926 seconds
# [2024-05-21 20:20:22] INFO: ======================================================================
# [2024-05-21 20:20:22] INFO: Start sweeping...
# [2024-05-21 20:27:04] INFO: It took 401.497 seconds to do 500 HBOR sweeps.
# [2024-05-21 20:27:04] INFO: Plaquette = 0.640869
# [2024-05-21 20:27:04] INFO: Polyakov loop = (-0.00074908,0.000312014)
# [2024-05-21 20:27:04] INFO: Writing conf to disk...
# [2024-05-21 20:27:04] INFO: writeconf_nersc: Writing NERSC configuration ./conf_s060t20_b0653400_a_U000606000
# [2024-05-21 20:27:07] INFO: Calculated checksum: 51247553
# [2024-05-21 20:27:11] INFO: Calculated checksum: d33becd4
# [2024-05-21 20:27:11] INFO: Writing RNGSTATE file: ./rand_s060t20_b0653400_a_U000606000
# [2024-05-21 20:27:12] INFO: Writing to disk took 7.87924 seconds
# [2024-05-21 20:27:12] INFO: ======================================================================
# [2024-05-21 20:27:12] INFO: Start sweeping...
# [2024-05-21 20:33:53] INFO: It took 401.708 seconds to do 500 HBOR sweeps.
# [2024-05-21 20:33:53] INFO: Plaquette = 0.6409
# [2024-05-21 20:33:53] INFO: Polyakov loop = (-0.000858554,-0.0010881)
# [2024-05-21 20:33:53] INFO: Writing conf to disk...
# [2024-05-21 20:33:53] INFO: writeconf_nersc: Writing NERSC configuration ./conf_s060t20_b0653400_a_U000606500
# [2024-05-21 20:33:56] INFO: Calculated checksum: 8fc4154e
# [2024-05-21 20:34:01] INFO: Calculated checksum: 70829821
# [2024-05-21 20:34:01] INFO: Writing RNGSTATE file: ./rand_s060t20_b0653400_a_U000606500
# [2024-05-21 20:34:01] INFO: Writing to disk took 7.75259 seconds
# [2024-05-21 20:34:01] INFO: ======================================================================
# [2024-05-21 20:34:01] INFO: Start sweeping...
# [2024-05-21 20:40:43] INFO: It took 401.574 seconds to do 500 HBOR sweeps.
# [2024-05-21 20:40:43] INFO: Plaquette = 0.640974
# [2024-05-21 20:40:43] INFO: Polyakov loop = (-4.58812e-06,-0.000229654)
# [2024-05-21 20:40:43] INFO: Writing conf to disk...
# [2024-05-21 20:40:43] INFO: writeconf_nersc: Writing NERSC configuration ./conf_s060t20_b0653400_a_U000607000
# [2024-05-21 20:40:46] INFO: Calculated checksum: c91ab54a
# [2024-05-21 20:40:50] INFO: Calculated checksum: e7d635e8
# [2024-05-21 20:40:50] INFO: Writing RNGSTATE file: ./rand_s060t20_b0653400_a_U000607000
# [2024-05-21 20:40:50] INFO: Writing to disk took 7.7267 seconds
# [2024-05-21 20:40:50] INFO: ======================================================================
# [2024-05-21 20:40:50] INFO: Start sweeping...
# [2024-05-21 20:47:32] INFO: It took 401.51 seconds to do 500 HBOR sweeps.
# [2024-05-21 20:47:32] INFO: Plaquette = 0.640871
# [2024-05-21 20:47:32] INFO: Polyakov loop = (0.000225111,8.91901e-05)
# [2024-05-21 20:47:32] INFO: Writing conf to disk...
# [2024-05-21 20:47:32] INFO: writeconf_nersc: Writing NERSC configuration ./conf_s060t20_b0653400_a_U000607500
# [2024-05-21 20:47:35] INFO: Calculated checksum: e988db4a
# [2024-05-21 20:47:41] INFO: Calculated checksum: 5bbedab0
# [2024-05-21 20:47:41] INFO: Writing RNGSTATE file: ./rand_s060t20_b0653400_a_U000607500
# [2024-05-21 20:47:41] INFO: Writing to disk took 9.25373 seconds
# [2024-05-21 20:47:41] INFO: ======================================================================
# [2024-05-21 20:47:41] INFO: Start sweeping...
# [2024-05-21 20:54:23] INFO: It took 401.553 seconds to do 500 HBOR sweeps.
# [2024-05-21 20:54:23] INFO: Plaquette = 0.640982
# [2024-05-21 20:54:23] INFO: Polyakov loop = (0.000165374,0.000280381)
# [2024-05-21 20:54:23] INFO: Writing conf to disk...
# [2024-05-21 20:54:23] INFO: writeconf_nersc: Writing NERSC configuration ./conf_s060t20_b0653400_a_U000608000
# [2024-05-21 20:54:26] INFO: Calculated checksum: 2f5bf75e
# [2024-05-21 20:54:31] INFO: Calculated checksum: 9e8527ea
# [2024-05-21 20:54:31] INFO: Writing RNGSTATE file: ./rand_s060t20_b0653400_a_U000608000
# [2024-05-21 20:54:31] INFO: Writing to disk took 8.05098 seconds
# [2024-05-21 20:54:31] INFO: ======================================================================
# [2024-05-21 20:54:31] INFO: Start sweeping...
# [2024-05-21 21:01:12] INFO: It took 401.532 seconds to do 500 HBOR sweeps.
# [2024-05-21 21:01:13] INFO: Plaquette = 0.64082
# [2024-05-21 21:01:13] INFO: Polyakov loop = (0.000785671,0.000432246)
# [2024-05-21 21:01:13] INFO: Writing conf to disk...
# [2024-05-21 21:01:13] INFO: writeconf_nersc: Writing NERSC configuration ./conf_s060t20_b0653400_a_U000608500
# [2024-05-21 21:01:15] INFO: Calculated checksum: 48b7c291
# [2024-05-21 21:01:20] INFO: Calculated checksum: 7ed06321
# [2024-05-21 21:01:20] INFO: Writing RNGSTATE file: ./rand_s060t20_b0653400_a_U000608500
# [2024-05-21 21:01:20] INFO: Writing to disk took 7.80961 seconds
# [2024-05-21 21:01:20] INFO: ======================================================================
# [2024-05-21 21:01:20] INFO: Start sweeping...
# [2024-05-21 21:08:02] INFO: It took 401.521 seconds to do 500 HBOR sweeps.
# [2024-05-21 21:08:02] INFO: Plaquette = 0.64085
# [2024-05-21 21:08:02] INFO: Polyakov loop = (0.000900202,4.83466e-05)
# [2024-05-21 21:08:02] INFO: Writing conf to disk...
# [2024-05-21 21:08:02] INFO: writeconf_nersc: Writing NERSC configuration ./conf_s060t20_b0653400_a_U000609000
# [2024-05-21 21:08:05] INFO: Calculated checksum: 50f8ff2
# [2024-05-21 21:08:09] INFO: Calculated checksum: a6c7bb76
# [2024-05-21 21:08:09] INFO: Writing RNGSTATE file: ./rand_s060t20_b0653400_a_U000609000
# [2024-05-21 21:08:10] INFO: Writing to disk took 7.72353 seconds
# [2024-05-21 21:08:10] INFO: ======================================================================
# [2024-05-21 21:08:10] INFO: Start sweeping...
# [2024-05-21 21:14:51] INFO: It took 401.385 seconds to do 500 HBOR sweeps.
# [2024-05-21 21:14:51] INFO: Plaquette = 0.640927
# [2024-05-21 21:14:51] INFO: Polyakov loop = (4.45597e-05,-0.000605818)
# [2024-05-21 21:14:51] INFO: Writing conf to disk...
# [2024-05-21 21:14:51] INFO: writeconf_nersc: Writing NERSC configuration ./conf_s060t20_b0653400_a_U000609500
# [2024-05-21 21:14:54] INFO: Calculated checksum: a5ad28e
# [2024-05-21 21:15:00] INFO: Calculated checksum: c8f8c3b9
# [2024-05-21 21:15:00] INFO: Writing RNGSTATE file: ./rand_s060t20_b0653400_a_U000609500
# [2024-05-21 21:15:00] INFO: Writing to disk took 8.5691 seconds
# [2024-05-21 21:15:00] INFO: ======================================================================
# [2024-05-21 21:15:00] INFO: Start sweeping...
# [2024-05-21 21:21:41] INFO: It took 401.38 seconds to do 500 HBOR sweeps.
# [2024-05-21 21:21:41] INFO: Plaquette = 0.64089
# [2024-05-21 21:21:41] INFO: Polyakov loop = (4.08706e-05,0.00043035)
# [2024-05-21 21:21:41] INFO: Writing conf to disk...
# [2024-05-21 21:21:41] INFO: writeconf_nersc: Writing NERSC configuration ./conf_s060t20_b0653400_a_U000610000
# [2024-05-21 21:21:44] INFO: Calculated checksum: 4936a739
# [2024-05-21 21:21:49] INFO: Calculated checksum: 1ce3553c
# [2024-05-21 21:21:49] INFO: Writing RNGSTATE file: ./rand_s060t20_b0653400_a_U000610000
# [2024-05-21 21:21:49] INFO: Writing to disk took 7.85058 seconds
# [2024-05-21 21:21:49] INFO: ======================================================================
# [2024-05-21 21:21:49] INFO: Start sweeping...
# [2024-05-21 21:28:30] INFO: It took 401.433 seconds to do 500 HBOR sweeps.
# [2024-05-21 21:28:30] INFO: Plaquette = 0.64086
# [2024-05-21 21:28:30] INFO: Polyakov loop = (4.28319e-05,-0.000156597)
# [2024-05-21 21:28:30] INFO: Writing conf to disk...
# [2024-05-21 21:28:30] INFO: writeconf_nersc: Writing NERSC configuration ./conf_s060t20_b0653400_a_U000610500
# [2024-05-21 21:28:33] INFO: Calculated checksum: b26fad6c
# [2024-05-21 21:28:38] INFO: Calculated checksum: 3446abc
# [2024-05-21 21:28:38] INFO: Writing RNGSTATE file: ./rand_s060t20_b0653400_a_U000610500
# [2024-05-21 21:28:38] INFO: Writing to disk took 7.9067 seconds
# [2024-05-21 21:28:38] INFO: ======================================================================
# [2024-05-21 21:28:38] INFO: Start sweeping...
# [2024-05-21 21:35:20] INFO: It took 401.429 seconds to do 500 HBOR sweeps.
# [2024-05-21 21:35:20] INFO: Plaquette = 0.640822
# [2024-05-21 21:35:20] INFO: Polyakov loop = (0.000602781,0.000401749)
# [2024-05-21 21:35:20] INFO: Writing conf to disk...
# [2024-05-21 21:35:20] INFO: writeconf_nersc: Writing NERSC configuration ./conf_s060t20_b0653400_a_U000611000
# [2024-05-21 21:35:23] INFO: Calculated checksum: 9859ada3
# [2024-05-21 21:35:28] INFO: Calculated checksum: b4f5e285
# [2024-05-21 21:35:28] INFO: Writing RNGSTATE file: ./rand_s060t20_b0653400_a_U000611000
# [2024-05-21 21:35:28] INFO: Writing to disk took 7.85697 seconds
# [2024-05-21 21:35:28] INFO: ======================================================================
# [2024-05-21 21:35:28] INFO: Start sweeping...
# [2024-05-21 21:42:09] INFO: It took 401.418 seconds to do 500 HBOR sweeps.
# [2024-05-21 21:42:09] INFO: Plaquette = 0.640907
# [2024-05-21 21:42:09] INFO: Polyakov loop = (-0.000911015,-0.000687075)
# [2024-05-21 21:42:09] INFO: Writing conf to disk...
# [2024-05-21 21:42:09] INFO: writeconf_nersc: Writing NERSC configuration ./conf_s060t20_b0653400_a_U000611500
# [2024-05-21 21:42:12] INFO: Calculated checksum: 82ea207d
# [2024-05-21 21:42:17] INFO: Calculated checksum: 28c3c838
# [2024-05-21 21:42:17] INFO: Writing RNGSTATE file: ./rand_s060t20_b0653400_a_U000611500
# [2024-05-21 21:42:17] INFO: Writing to disk took 8.22981 seconds
# [2024-05-21 21:42:17] INFO: ======================================================================
# [2024-05-21 21:42:17] INFO: Start sweeping...
# [2024-05-21 21:48:59] INFO: It took 401.381 seconds to do 500 HBOR sweeps.
# [2024-05-21 21:48:59] INFO: Plaquette = 0.640878
# [2024-05-21 21:48:59] INFO: Polyakov loop = (0.000182855,9.79336e-05)
# [2024-05-21 21:48:59] INFO: Writing conf to disk...
# [2024-05-21 21:48:59] INFO: writeconf_nersc: Writing NERSC configuration ./conf_s060t20_b0653400_a_U000612000
# [2024-05-21 21:49:02] INFO: Calculated checksum: b81462af
# [2024-05-21 21:49:07] INFO: Calculated checksum: 4ed87067
# [2024-05-21 21:49:07] INFO: Writing RNGSTATE file: ./rand_s060t20_b0653400_a_U000612000
# [2024-05-21 21:49:07] INFO: Writing to disk took 8.46885 seconds
# [2024-05-21 21:49:07] INFO: ======================================================================
# [2024-05-21 21:49:07] INFO: Start sweeping...
# [2024-05-21 21:55:49] INFO: It took 401.341 seconds to do 500 HBOR sweeps.
# [2024-05-21 21:55:49] INFO: Plaquette = 0.640914
# [2024-05-21 21:55:49] INFO: Polyakov loop = (-0.000892813,-0.000378743)
# [2024-05-21 21:55:49] INFO: Writing conf to disk...
# [2024-05-21 21:55:49] INFO: writeconf_nersc: Writing NERSC configuration ./conf_s060t20_b0653400_a_U000612500
# [2024-05-21 21:55:52] INFO: Calculated checksum: e118330a
# [2024-05-21 21:55:56] INFO: Calculated checksum: deb52b53
# [2024-05-21 21:55:56] INFO: Writing RNGSTATE file: ./rand_s060t20_b0653400_a_U000612500
# [2024-05-21 21:55:56] INFO: Writing to disk took 7.76188 seconds
# [2024-05-21 21:55:56] INFO: ======================================================================
# [2024-05-21 21:55:56] INFO: Start sweeping...
# [2024-05-21 22:02:38] INFO: It took 401.404 seconds to do 500 HBOR sweeps.
# [2024-05-21 22:02:38] INFO: Plaquette = 0.64083
# [2024-05-21 22:02:38] INFO: Polyakov loop = (-0.000787652,-0.00072788)
# [2024-05-21 22:02:38] INFO: Writing conf to disk...
# [2024-05-21 22:02:38] INFO: writeconf_nersc: Writing NERSC configuration ./conf_s060t20_b0653400_a_U000613000
# [2024-05-21 22:02:41] INFO: Calculated checksum: 508bcdda
# [2024-05-21 22:02:50] INFO: Calculated checksum: 946e3497
# [2024-05-21 22:02:50] INFO: Writing RNGSTATE file: ./rand_s060t20_b0653400_a_U000613000
# [2024-05-21 22:02:50] INFO: Writing to disk took 12.1824 seconds
# [2024-05-21 22:02:50] INFO: ======================================================================
# [2024-05-21 22:02:50] INFO: Start sweeping...
# [2024-05-21 22:09:31] INFO: It took 401.263 seconds to do 500 HBOR sweeps.
# [2024-05-21 22:09:31] INFO: Plaquette = 0.640951
# [2024-05-21 22:09:31] INFO: Polyakov loop = (-0.000147072,-0.000504773)
# [2024-05-21 22:09:31] INFO: Writing conf to disk...
# [2024-05-21 22:09:31] INFO: writeconf_nersc: Writing NERSC configuration ./conf_s060t20_b0653400_a_U000613500
# [2024-05-21 22:09:34] INFO: Calculated checksum: 18d42648
# [2024-05-21 22:09:39] INFO: Calculated checksum: cc06f3d1
# [2024-05-21 22:09:39] INFO: Writing RNGSTATE file: ./rand_s060t20_b0653400_a_U000613500
# [2024-05-21 22:09:39] INFO: Writing to disk took 7.58866 seconds
# [2024-05-21 22:09:39] INFO: ======================================================================
# [2024-05-21 22:09:39] INFO: Start sweeping...
# [2024-05-21 22:16:20] INFO: It took 401.393 seconds to do 500 HBOR sweeps.
# [2024-05-21 22:16:20] INFO: Plaquette = 0.640866
# [2024-05-21 22:16:20] INFO: Polyakov loop = (-0.000577674,-0.00013008)
# [2024-05-21 22:16:20] INFO: Writing conf to disk...
# [2024-05-21 22:16:20] INFO: writeconf_nersc: Writing NERSC configuration ./conf_s060t20_b0653400_a_U000614000
# [2024-05-21 22:16:23] INFO: Calculated checksum: 98d5af58
# [2024-05-21 22:16:28] INFO: Calculated checksum: 42728233
# [2024-05-21 22:16:28] INFO: Writing RNGSTATE file: ./rand_s060t20_b0653400_a_U000614000
# [2024-05-21 22:16:28] INFO: Writing to disk took 7.63203 seconds
# [2024-05-21 22:16:28] INFO: ======================================================================
# [2024-05-21 22:16:28] INFO: Start sweeping...
# [2024-05-21 22:23:09] INFO: It took 401.353 seconds to do 500 HBOR sweeps.
# [2024-05-21 22:23:09] INFO: Plaquette = 0.64088
# [2024-05-21 22:23:09] INFO: Polyakov loop = (0.000316371,5.7394e-05)
# [2024-05-21 22:23:09] INFO: Writing conf to disk...
# [2024-05-21 22:23:09] INFO: writeconf_nersc: Writing NERSC configuration ./conf_s060t20_b0653400_a_U000614500
# [2024-05-21 22:23:12] INFO: Calculated checksum: 9e9d937b
# [2024-05-21 22:23:17] INFO: Calculated checksum: 33a8be8e
# [2024-05-21 22:23:17] INFO: Writing RNGSTATE file: ./rand_s060t20_b0653400_a_U000614500
# [2024-05-21 22:23:17] INFO: Writing to disk took 7.48721 seconds
# [2024-05-21 22:23:17] INFO: ======================================================================
# [2024-05-21 22:23:17] INFO: Start sweeping...
# [2024-05-21 22:29:58] INFO: It took 401.371 seconds to do 500 HBOR sweeps.
# [2024-05-21 22:29:58] INFO: Plaquette = 0.640778
# [2024-05-21 22:29:58] INFO: Polyakov loop = (0.000385782,4.8755e-05)
# [2024-05-21 22:29:58] INFO: Writing conf to disk...
# [2024-05-21 22:29:58] INFO: writeconf_nersc: Writing NERSC configuration ./conf_s060t20_b0653400_a_U000615000
# [2024-05-21 22:30:01] INFO: Calculated checksum: 7f88433
# [2024-05-21 22:30:07] INFO: Calculated checksum: 7a5de28e
# [2024-05-21 22:30:07] INFO: Writing RNGSTATE file: ./rand_s060t20_b0653400_a_U000615000
# [2024-05-21 22:30:07] INFO: Writing to disk took 8.66512 seconds
# [2024-05-21 22:30:07] INFO: ======================================================================
# [2024-05-21 22:30:07] INFO: Start sweeping...
# [2024-05-21 22:36:48] INFO: It took 401.323 seconds to do 500 HBOR sweeps.
# [2024-05-21 22:36:48] INFO: Plaquette = 0.640968
# [2024-05-21 22:36:48] INFO: Polyakov loop = (-0.000579598,-3.53131e-05)
# [2024-05-21 22:36:48] INFO: Writing conf to disk...
# [2024-05-21 22:36:48] INFO: writeconf_nersc: Writing NERSC configuration ./conf_s060t20_b0653400_a_U000615500
# [2024-05-21 22:36:51] INFO: Calculated checksum: b1dbb949
# [2024-05-21 22:36:56] INFO: Calculated checksum: 17659c21
# [2024-05-21 22:36:56] INFO: Writing RNGSTATE file: ./rand_s060t20_b0653400_a_U000615500
# [2024-05-21 22:36:56] INFO: Writing to disk took 7.66015 seconds
# [2024-05-21 22:36:56] INFO: ======================================================================
# [2024-05-21 22:36:56] INFO: Start sweeping...
# [2024-05-21 22:43:37] INFO: It took 401.336 seconds to do 500 HBOR sweeps.
# [2024-05-21 22:43:37] INFO: Plaquette = 0.640915
# [2024-05-21 22:43:37] INFO: Polyakov loop = (-9.16238e-05,-0.000124638)
# [2024-05-21 22:43:37] INFO: Writing conf to disk...
# [2024-05-21 22:43:37] INFO: writeconf_nersc: Writing NERSC configuration ./conf_s060t20_b0653400_a_U000616000
# [2024-05-21 22:43:40] INFO: Calculated checksum: 3c5488cc
# [2024-05-21 22:43:45] INFO: Calculated checksum: ac32a7eb
# [2024-05-21 22:43:45] INFO: Writing RNGSTATE file: ./rand_s060t20_b0653400_a_U000616000
# [2024-05-21 22:43:45] INFO: Writing to disk took 7.69026 seconds
# [2024-05-21 22:43:45] INFO: ======================================================================
# [2024-05-21 22:43:45] INFO: Start sweeping...
# [2024-05-21 22:50:27] INFO: It took 401.339 seconds to do 500 HBOR sweeps.
# [2024-05-21 22:50:27] INFO: Plaquette = 0.64089
# [2024-05-21 22:50:27] INFO: Polyakov loop = (5.24919e-05,-0.000422969)
# [2024-05-21 22:50:27] INFO: Writing conf to disk...
# [2024-05-21 22:50:27] INFO: writeconf_nersc: Writing NERSC configuration ./conf_s060t20_b0653400_a_U000616500
# [2024-05-21 22:50:29] INFO: Calculated checksum: 6865b136
# [2024-05-21 22:50:34] INFO: Calculated checksum: 6a6d8510
# [2024-05-21 22:50:34] INFO: Writing RNGSTATE file: ./rand_s060t20_b0653400_a_U000616500
# [2024-05-21 22:50:34] INFO: Writing to disk took 7.63765 seconds
# [2024-05-21 22:50:34] INFO: ======================================================================
# [2024-05-21 22:50:34] INFO: Start sweeping...
# [2024-05-21 22:57:16] INFO: It took 401.66 seconds to do 500 HBOR sweeps.
# [2024-05-21 22:57:16] INFO: Plaquette = 0.640865
# [2024-05-21 22:57:16] INFO: Polyakov loop = (-0.000252431,0.000745294)
# [2024-05-21 22:57:16] INFO: Writing conf to disk...
# [2024-05-21 22:57:16] INFO: writeconf_nersc: Writing NERSC configuration ./conf_s060t20_b0653400_a_U000617000
# [2024-05-21 22:57:19] INFO: Calculated checksum: 9e666f66
# [2024-05-21 22:57:24] INFO: Calculated checksum: 75295008
# [2024-05-21 22:57:24] INFO: Writing RNGSTATE file: ./rand_s060t20_b0653400_a_U000617000
# [2024-05-21 22:57:24] INFO: Writing to disk took 7.77796 seconds
# [2024-05-21 22:57:24] INFO: ======================================================================
# [2024-05-21 22:57:24] INFO: Start sweeping...
# [2024-05-21 23:04:05] INFO: It took 401.337 seconds to do 500 HBOR sweeps.
# [2024-05-21 23:04:05] INFO: Plaquette = 0.640817
# [2024-05-21 23:04:05] INFO: Polyakov loop = (-0.000358347,0.000624638)
# [2024-05-21 23:04:05] INFO: Writing conf to disk...
# [2024-05-21 23:04:05] INFO: writeconf_nersc: Writing NERSC configuration ./conf_s060t20_b0653400_a_U000617500
# [2024-05-21 23:04:08] INFO: Calculated checksum: 9700cf8
# [2024-05-21 23:04:13] INFO: Calculated checksum: 3490fc37
# [2024-05-21 23:04:13] INFO: Writing RNGSTATE file: ./rand_s060t20_b0653400_a_U000617500
# [2024-05-21 23:04:13] INFO: Writing to disk took 7.86591 seconds
# [2024-05-21 23:04:13] INFO: ======================================================================
# [2024-05-21 23:04:13] INFO: Start sweeping...
# [2024-05-21 23:10:54] INFO: It took 401.35 seconds to do 500 HBOR sweeps.
# [2024-05-21 23:10:54] INFO: Plaquette = 0.640949
# [2024-05-21 23:10:54] INFO: Polyakov loop = (-0.000823949,0.000770185)
# [2024-05-21 23:10:54] INFO: Writing conf to disk...
# [2024-05-21 23:10:54] INFO: writeconf_nersc: Writing NERSC configuration ./conf_s060t20_b0653400_a_U000618000
# [2024-05-21 23:10:57] INFO: Calculated checksum: c1df8e86
# [2024-05-21 23:11:02] INFO: Calculated checksum: 2abf1abf
# [2024-05-21 23:11:02] INFO: Writing RNGSTATE file: ./rand_s060t20_b0653400_a_U000618000
# [2024-05-21 23:11:02] INFO: Writing to disk took 7.74122 seconds
# [2024-05-21 23:11:02] INFO: ======================================================================
# [2024-05-21 23:11:02] INFO: Start sweeping...
# [2024-05-21 23:17:43] INFO: It took 401.393 seconds to do 500 HBOR sweeps.
# [2024-05-21 23:17:44] INFO: Plaquette = 0.640832
# [2024-05-21 23:17:44] INFO: Polyakov loop = (0.000685154,0.000326608)
# [2024-05-21 23:17:44] INFO: Writing conf to disk...
# [2024-05-21 23:17:44] INFO: writeconf_nersc: Writing NERSC configuration ./conf_s060t20_b0653400_a_U000618500
# [2024-05-21 23:17:46] INFO: Calculated checksum: e1855fd5
# [2024-05-21 23:17:51] INFO: Calculated checksum: f25c586d
# [2024-05-21 23:17:51] INFO: Writing RNGSTATE file: ./rand_s060t20_b0653400_a_U000618500
# [2024-05-21 23:17:51] INFO: Writing to disk took 7.70508 seconds
# [2024-05-21 23:17:51] INFO: ======================================================================
# [2024-05-21 23:17:51] INFO: Start sweeping...
# [2024-05-21 23:24:33] INFO: It took 401.404 seconds to do 500 HBOR sweeps.
# [2024-05-21 23:24:33] INFO: Plaquette = 0.640869
# [2024-05-21 23:24:33] INFO: Polyakov loop = (0.00108659,-0.000921362)
# [2024-05-21 23:24:33] INFO: Writing conf to disk...
# [2024-05-21 23:24:33] INFO: writeconf_nersc: Writing NERSC configuration ./conf_s060t20_b0653400_a_U000619000
# [2024-05-21 23:24:36] INFO: Calculated checksum: bd34929b
# [2024-05-21 23:24:40] INFO: Calculated checksum: 9dc3bb5
# [2024-05-21 23:24:40] INFO: Writing RNGSTATE file: ./rand_s060t20_b0653400_a_U000619000
# [2024-05-21 23:24:40] INFO: Writing to disk took 7.80057 seconds
# [2024-05-21 23:24:40] INFO: ======================================================================
# [2024-05-21 23:24:40] INFO: Start sweeping...
# [2024-05-21 23:31:22] INFO: It took 401.419 seconds to do 500 HBOR sweeps.
# [2024-05-21 23:31:22] INFO: Plaquette = 0.640877
# [2024-05-21 23:31:22] INFO: Polyakov loop = (3.1128e-05,-0.000364995)
# [2024-05-21 23:31:22] INFO: Writing conf to disk...
# [2024-05-21 23:31:22] INFO: writeconf_nersc: Writing NERSC configuration ./conf_s060t20_b0653400_a_U000619500
# [2024-05-21 23:31:25] INFO: Calculated checksum: c414b5fc
# [2024-05-21 23:31:31] INFO: Calculated checksum: 9708ef75
# [2024-05-21 23:31:31] INFO: Writing RNGSTATE file: ./rand_s060t20_b0653400_a_U000619500
# [2024-05-21 23:31:31] INFO: Writing to disk took 8.72102 seconds
# [2024-05-21 23:31:31] INFO: ======================================================================
# [2024-05-21 23:31:31] INFO: Start sweeping...
# [2024-05-21 23:38:12] INFO: It took 401.346 seconds to do 500 HBOR sweeps.
# [2024-05-21 23:38:12] INFO: Plaquette = 0.640984
# [2024-05-21 23:38:12] INFO: Polyakov loop = (0.000729442,-8.49543e-05)
# [2024-05-21 23:38:12] INFO: Writing conf to disk...
# [2024-05-21 23:38:12] INFO: writeconf_nersc: Writing NERSC configuration ./conf_s060t20_b0653400_a_U000620000
# [2024-05-21 23:38:15] INFO: Calculated checksum: c5b1231e
# [2024-05-21 23:38:20] INFO: Calculated checksum: ff5f4a9c
# [2024-05-21 23:38:20] INFO: Writing RNGSTATE file: ./rand_s060t20_b0653400_a_U000620000
# [2024-05-21 23:38:20] INFO: Writing to disk took 7.74228 seconds
# [2024-05-21 23:38:20] INFO: ======================================================================
# [2024-05-21 23:38:20] INFO: Start sweeping...
# [2024-05-21 23:45:01] INFO: It took 401.383 seconds to do 500 HBOR sweeps.
# [2024-05-21 23:45:01] INFO: Plaquette = 0.640908
# [2024-05-21 23:45:01] INFO: Polyakov loop = (-0.000170072,0.000167799)
# [2024-05-21 23:45:01] INFO: Writing conf to disk...
# [2024-05-21 23:45:01] INFO: writeconf_nersc: Writing NERSC configuration ./conf_s060t20_b0653400_a_U000620500
# [2024-05-21 23:45:04] INFO: Calculated checksum: dbaafeef
# [2024-05-21 23:45:09] INFO: Calculated checksum: 46dc8236
# [2024-05-21 23:45:09] INFO: Writing RNGSTATE file: ./rand_s060t20_b0653400_a_U000620500
# [2024-05-21 23:45:09] INFO: Writing to disk took 7.65349 seconds
# [2024-05-21 23:45:09] INFO: ======================================================================
# [2024-05-21 23:45:09] INFO: Start sweeping...
# [2024-05-21 23:51:50] INFO: It took 401.41 seconds to do 500 HBOR sweeps.
# [2024-05-21 23:51:50] INFO: Plaquette = 0.640832
# [2024-05-21 23:51:50] INFO: Polyakov loop = (7.86207e-05,0.000857615)
# [2024-05-21 23:51:50] INFO: Writing conf to disk...
# [2024-05-21 23:51:50] INFO: writeconf_nersc: Writing NERSC configuration ./conf_s060t20_b0653400_a_U000621000
# [2024-05-21 23:51:53] INFO: Calculated checksum: 118f4f6a
# [2024-05-21 23:51:58] INFO: Calculated checksum: b8a568da
# [2024-05-21 23:51:58] INFO: Writing RNGSTATE file: ./rand_s060t20_b0653400_a_U000621000
# [2024-05-21 23:51:58] INFO: Writing to disk took 7.73281 seconds
# [2024-05-21 23:51:58] INFO: ======================================================================
# [2024-05-21 23:51:58] INFO: Start sweeping...
# [2024-05-21 23:58:39] INFO: It took 401.38 seconds to do 500 HBOR sweeps.
# [2024-05-21 23:58:40] INFO: Plaquette = 0.640913
# [2024-05-21 23:58:40] INFO: Polyakov loop = (0.00037059,0.00015465)
# [2024-05-21 23:58:40] INFO: Writing conf to disk...
# [2024-05-21 23:58:40] INFO: writeconf_nersc: Writing NERSC configuration ./conf_s060t20_b0653400_a_U000621500
# [2024-05-21 23:58:42] INFO: Calculated checksum: b5b60aa4
# [2024-05-21 23:58:47] INFO: Calculated checksum: 770db1c1
# [2024-05-21 23:58:47] INFO: Writing RNGSTATE file: ./rand_s060t20_b0653400_a_U000621500
# [2024-05-21 23:58:47] INFO: Writing to disk took 7.69494 seconds
# [2024-05-21 23:58:47] INFO: ======================================================================
# [2024-05-21 23:58:47] INFO: Start sweeping...
# [2024-05-22 00:05:29] INFO: It took 401.419 seconds to do 500 HBOR sweeps.
# [2024-05-22 00:05:29] INFO: Plaquette = 0.640933
# [2024-05-22 00:05:29] INFO: Polyakov loop = (-0.00031619,0.000211107)
# [2024-05-22 00:05:29] INFO: Writing conf to disk...
# [2024-05-22 00:05:29] INFO: writeconf_nersc: Writing NERSC configuration ./conf_s060t20_b0653400_a_U000622000
# [2024-05-22 00:05:32] INFO: Calculated checksum: be915fad
# [2024-05-22 00:05:36] INFO: Calculated checksum: ae5f09ed
# [2024-05-22 00:05:36] INFO: Writing RNGSTATE file: ./rand_s060t20_b0653400_a_U000622000
# [2024-05-22 00:05:36] INFO: Writing to disk took 7.61786 seconds
# [2024-05-22 00:05:36] INFO: ======================================================================
# [2024-05-22 00:05:36] INFO: Start sweeping...
# [2024-05-22 00:12:18] INFO: It took 401.447 seconds to do 500 HBOR sweeps.
# [2024-05-22 00:12:18] INFO: Plaquette = 0.64093
# [2024-05-22 00:12:18] INFO: Polyakov loop = (0.000232561,0.000242947)
# [2024-05-22 00:12:18] INFO: Writing conf to disk...
# [2024-05-22 00:12:18] INFO: writeconf_nersc: Writing NERSC configuration ./conf_s060t20_b0653400_a_U000622500
# [2024-05-22 00:12:21] INFO: Calculated checksum: f5689bc2
# [2024-05-22 00:12:26] INFO: Calculated checksum: 8f74b1
# [2024-05-22 00:12:26] INFO: Writing RNGSTATE file: ./rand_s060t20_b0653400_a_U000622500
# [2024-05-22 00:12:26] INFO: Writing to disk took 8.03419 seconds
# [2024-05-22 00:12:26] INFO: ======================================================================
# [2024-05-22 00:12:26] INFO: Start sweeping...
# [2024-05-22 00:19:07] INFO: It took 401.433 seconds to do 500 HBOR sweeps.
# [2024-05-22 00:19:07] INFO: Plaquette = 0.640856
# [2024-05-22 00:19:07] INFO: Polyakov loop = (-0.000461242,-0.000124604)
# [2024-05-22 00:19:07] INFO: Writing conf to disk...
# [2024-05-22 00:19:07] INFO: writeconf_nersc: Writing NERSC configuration ./conf_s060t20_b0653400_a_U000623000
# [2024-05-22 00:19:10] INFO: Calculated checksum: a3ea93c5
# [2024-05-22 00:19:15] INFO: Calculated checksum: 6c4560e9
# [2024-05-22 00:19:15] INFO: Writing RNGSTATE file: ./rand_s060t20_b0653400_a_U000623000
# [2024-05-22 00:19:15] INFO: Writing to disk took 7.6082 seconds
# [2024-05-22 00:19:15] INFO: ======================================================================
# [2024-05-22 00:19:15] INFO: Start sweeping...
# [2024-05-22 00:25:56] INFO: It took 401.462 seconds to do 500 HBOR sweeps.
# [2024-05-22 00:25:56] INFO: Plaquette = 0.640868
# [2024-05-22 00:25:56] INFO: Polyakov loop = (-0.000260291,0.000394662)
# [2024-05-22 00:25:56] INFO: Writing conf to disk...
# [2024-05-22 00:25:56] INFO: writeconf_nersc: Writing NERSC configuration ./conf_s060t20_b0653400_a_U000623500
# [2024-05-22 00:25:59] INFO: Calculated checksum: ed268b2e
# [2024-05-22 00:26:04] INFO: Calculated checksum: a356d713
# [2024-05-22 00:26:04] INFO: Writing RNGSTATE file: ./rand_s060t20_b0653400_a_U000623500
# [2024-05-22 00:26:04] INFO: Writing to disk took 7.43811 seconds
# [2024-05-22 00:26:04] INFO: ======================================================================
# [2024-05-22 00:26:04] INFO: Start sweeping...
# [2024-05-22 00:32:45] INFO: It took 401.447 seconds to do 500 HBOR sweeps.
# [2024-05-22 00:32:45] INFO: Plaquette = 0.640951
# [2024-05-22 00:32:45] INFO: Polyakov loop = (-7.36661e-05,-0.0007665)
# [2024-05-22 00:32:45] INFO: Writing conf to disk...
# [2024-05-22 00:32:45] INFO: writeconf_nersc: Writing NERSC configuration ./conf_s060t20_b0653400_a_U000624000
# [2024-05-22 00:32:48] INFO: Calculated checksum: d8227238
# [2024-05-22 00:32:53] INFO: Calculated checksum: f8dfcbc0
# [2024-05-22 00:32:53] INFO: Writing RNGSTATE file: ./rand_s060t20_b0653400_a_U000624000
# [2024-05-22 00:32:53] INFO: Writing to disk took 7.52098 seconds
# [2024-05-22 00:32:53] INFO: ======================================================================
# [2024-05-22 00:32:53] INFO: Start sweeping...
# [2024-05-22 00:39:34] INFO: It took 401.426 seconds to do 500 HBOR sweeps.
# [2024-05-22 00:39:34] INFO: Plaquette = 0.640888
# [2024-05-22 00:39:34] INFO: Polyakov loop = (0.000481796,0.000140919)
# [2024-05-22 00:39:34] INFO: Writing conf to disk...
# [2024-05-22 00:39:34] INFO: writeconf_nersc: Writing NERSC configuration ./conf_s060t20_b0653400_a_U000624500
# [2024-05-22 00:39:37] INFO: Calculated checksum: 44f2051
# [2024-05-22 00:39:42] INFO: Calculated checksum: 6a5de50e
# [2024-05-22 00:39:42] INFO: Writing RNGSTATE file: ./rand_s060t20_b0653400_a_U000624500
# [2024-05-22 00:39:42] INFO: Writing to disk took 7.54334 seconds
# [2024-05-22 00:39:42] INFO: ======================================================================
# [2024-05-22 00:39:42] INFO: Start sweeping...
# [2024-05-22 00:46:23] INFO: It took 401.422 seconds to do 500 HBOR sweeps.
# [2024-05-22 00:46:23] INFO: Plaquette = 0.640966
# [2024-05-22 00:46:23] INFO: Polyakov loop = (0.000182156,0.000344136)
# [2024-05-22 00:46:23] INFO: Writing conf to disk...
# [2024-05-22 00:46:23] INFO: writeconf_nersc: Writing NERSC configuration ./conf_s060t20_b0653400_a_U000625000
# [2024-05-22 00:46:26] INFO: Calculated checksum: 1bedc594
# [2024-05-22 00:46:31] INFO: Calculated checksum: 87fc13da
# [2024-05-22 00:46:31] INFO: Writing RNGSTATE file: ./rand_s060t20_b0653400_a_U000625000
# [2024-05-22 00:46:31] INFO: Writing to disk took 7.65903 seconds
# [2024-05-22 00:46:31] INFO: ======================================================================
# [2024-05-22 00:46:31] INFO: Start sweeping...
# [2024-05-22 00:53:13] INFO: It took 401.425 seconds to do 500 HBOR sweeps.
# [2024-05-22 00:53:13] INFO: Plaquette = 0.640827
# [2024-05-22 00:53:13] INFO: Polyakov loop = (0.000206394,0.000320058)
# [2024-05-22 00:53:13] INFO: Writing conf to disk...
# [2024-05-22 00:53:13] INFO: writeconf_nersc: Writing NERSC configuration ./conf_s060t20_b0653400_a_U000625500
# [2024-05-22 00:53:15] INFO: Calculated checksum: 8e389dbf
# [2024-05-22 00:53:20] INFO: Calculated checksum: ffe28b1f
# [2024-05-22 00:53:20] INFO: Writing RNGSTATE file: ./rand_s060t20_b0653400_a_U000625500
# [2024-05-22 00:53:20] INFO: Writing to disk took 7.52984 seconds
# [2024-05-22 00:53:20] INFO: ======================================================================
# [2024-05-22 00:53:20] INFO: Start sweeping...
# [2024-05-22 01:00:02] INFO: It took 401.446 seconds to do 500 HBOR sweeps.
# [2024-05-22 01:00:02] INFO: Plaquette = 0.640814
# [2024-05-22 01:00:02] INFO: Polyakov loop = (-0.000431284,-1.84297e-05)
# [2024-05-22 01:00:02] INFO: Writing conf to disk...
# [2024-05-22 01:00:02] INFO: writeconf_nersc: Writing NERSC configuration ./conf_s060t20_b0653400_a_U000626000
# [2024-05-22 01:00:04] INFO: Calculated checksum: 30fb737c
# [2024-05-22 01:00:09] INFO: Calculated checksum: f6cb5ae7
# [2024-05-22 01:00:09] INFO: Writing RNGSTATE file: ./rand_s060t20_b0653400_a_U000626000
# [2024-05-22 01:00:09] INFO: Writing to disk took 7.74684 seconds
# [2024-05-22 01:00:09] INFO: ======================================================================
# [2024-05-22 01:00:09] INFO: Start sweeping...
# [2024-05-22 01:06:51] INFO: It took 401.463 seconds to do 500 HBOR sweeps.
# [2024-05-22 01:06:51] INFO: Plaquette = 0.640988
# [2024-05-22 01:06:51] INFO: Polyakov loop = (6.07949e-05,-0.000259233)
# [2024-05-22 01:06:51] INFO: Writing conf to disk...
# [2024-05-22 01:06:51] INFO: writeconf_nersc: Writing NERSC configuration ./conf_s060t20_b0653400_a_U000626500
# [2024-05-22 01:06:54] INFO: Calculated checksum: 3f640191
# [2024-05-22 01:06:58] INFO: Calculated checksum: b5e6a69b
# [2024-05-22 01:06:58] INFO: Writing RNGSTATE file: ./rand_s060t20_b0653400_a_U000626500
# [2024-05-22 01:06:58] INFO: Writing to disk took 7.52834 seconds
# [2024-05-22 01:06:58] INFO: ======================================================================
# [2024-05-22 01:06:58] INFO: Start sweeping...
# [2024-05-22 01:13:40] INFO: It took 401.434 seconds to do 500 HBOR sweeps.
# [2024-05-22 01:13:40] INFO: Plaquette = 0.640834
# [2024-05-22 01:13:40] INFO: Polyakov loop = (0.000286641,0.000488944)
# [2024-05-22 01:13:40] INFO: Writing conf to disk...
# [2024-05-22 01:13:40] INFO: writeconf_nersc: Writing NERSC configuration ./conf_s060t20_b0653400_a_U000627000
# [2024-05-22 01:13:43] INFO: Calculated checksum: 63357a31
# [2024-05-22 01:13:49] INFO: Calculated checksum: 9c139534
# [2024-05-22 01:13:49] INFO: Writing RNGSTATE file: ./rand_s060t20_b0653400_a_U000627000
# [2024-05-22 01:13:49] INFO: Writing to disk took 9.65693 seconds
# [2024-05-22 01:13:49] INFO: ======================================================================
# [2024-05-22 01:13:49] INFO: Start sweeping...
# [2024-05-22 01:20:31] INFO: It took 401.358 seconds to do 500 HBOR sweeps.
# [2024-05-22 01:20:31] INFO: Plaquette = 0.640904
# [2024-05-22 01:20:31] INFO: Polyakov loop = (-0.000734471,-0.000223498)
# [2024-05-22 01:20:31] INFO: Writing conf to disk...
# [2024-05-22 01:20:31] INFO: writeconf_nersc: Writing NERSC configuration ./conf_s060t20_b0653400_a_U000627500
# [2024-05-22 01:20:34] INFO: Calculated checksum: b719dd99
# [2024-05-22 01:20:38] INFO: Calculated checksum: 54c1b3ca
# [2024-05-22 01:20:38] INFO: Writing RNGSTATE file: ./rand_s060t20_b0653400_a_U000627500
# [2024-05-22 01:20:38] INFO: Writing to disk took 7.58961 seconds
# [2024-05-22 01:20:38] INFO: ======================================================================
# [2024-05-22 01:20:38] INFO: Start sweeping...
# [2024-05-22 01:27:20] INFO: It took 401.454 seconds to do 500 HBOR sweeps.
# [2024-05-22 01:27:20] INFO: Plaquette = 0.641028
# [2024-05-22 01:27:20] INFO: Polyakov loop = (0.000891263,0.000152141)
# [2024-05-22 01:27:20] INFO: Writing conf to disk...
# [2024-05-22 01:27:20] INFO: writeconf_nersc: Writing NERSC configuration ./conf_s060t20_b0653400_a_U000628000
# [2024-05-22 01:27:23] INFO: Calculated checksum: 9dfa1ea6
# [2024-05-22 01:27:28] INFO: Calculated checksum: 81cb8a29
# [2024-05-22 01:27:28] INFO: Writing RNGSTATE file: ./rand_s060t20_b0653400_a_U000628000
# [2024-05-22 01:27:28] INFO: Writing to disk took 7.72462 seconds
# [2024-05-22 01:27:28] INFO: ======================================================================
# [2024-05-22 01:27:28] INFO: Start sweeping...
# [2024-05-22 01:34:09] INFO: It took 401.463 seconds to do 500 HBOR sweeps.
# [2024-05-22 01:34:09] INFO: Plaquette = 0.64094
# [2024-05-22 01:34:09] INFO: Polyakov loop = (0.000545838,-0.000166343)
# [2024-05-22 01:34:09] INFO: Writing conf to disk...
# [2024-05-22 01:34:09] INFO: writeconf_nersc: Writing NERSC configuration ./conf_s060t20_b0653400_a_U000628500
# [2024-05-22 01:34:12] INFO: Calculated checksum: b8bb6ca6
# [2024-05-22 01:34:18] INFO: Calculated checksum: 35d46bf2
# [2024-05-22 01:34:18] INFO: Writing RNGSTATE file: ./rand_s060t20_b0653400_a_U000628500
# [2024-05-22 01:34:18] INFO: Writing to disk took 8.79344 seconds
# [2024-05-22 01:34:18] INFO: ======================================================================
# [2024-05-22 01:34:18] INFO: Start sweeping...
# [2024-05-22 01:40:59] INFO: It took 401.394 seconds to do 500 HBOR sweeps.
# [2024-05-22 01:40:59] INFO: Plaquette = 0.640888
# [2024-05-22 01:40:59] INFO: Polyakov loop = (0.00070786,-0.000235832)
# [2024-05-22 01:40:59] INFO: Writing conf to disk...
# [2024-05-22 01:40:59] INFO: writeconf_nersc: Writing NERSC configuration ./conf_s060t20_b0653400_a_U000629000
# [2024-05-22 01:41:02] INFO: Calculated checksum: 5d0a8259
# [2024-05-22 01:41:07] INFO: Calculated checksum: a1ccf32f
# [2024-05-22 01:41:07] INFO: Writing RNGSTATE file: ./rand_s060t20_b0653400_a_U000629000
# [2024-05-22 01:41:07] INFO: Writing to disk took 7.73667 seconds
# [2024-05-22 01:41:07] INFO: ======================================================================
# [2024-05-22 01:41:07] INFO: Start sweeping...
# [2024-05-22 01:47:49] INFO: It took 401.466 seconds to do 500 HBOR sweeps.
# [2024-05-22 01:47:49] INFO: Plaquette = 0.640854
# [2024-05-22 01:47:49] INFO: Polyakov loop = (0.000493827,0.000318043)
# [2024-05-22 01:47:49] INFO: Writing conf to disk...
# [2024-05-22 01:47:49] INFO: writeconf_nersc: Writing NERSC configuration ./conf_s060t20_b0653400_a_U000629500
# [2024-05-22 01:47:52] INFO: Calculated checksum: ad424635
# [2024-05-22 01:47:58] INFO: Calculated checksum: 8d06805c
# [2024-05-22 01:47:58] INFO: Writing RNGSTATE file: ./rand_s060t20_b0653400_a_U000629500
# [2024-05-22 01:47:58] INFO: Writing to disk took 8.94534 seconds
# [2024-05-22 01:47:58] INFO: ======================================================================
# [2024-05-22 01:47:58] INFO: Start sweeping...
# [2024-05-22 01:54:39] INFO: It took 401.409 seconds to do 500 HBOR sweeps.
# [2024-05-22 01:54:39] INFO: Plaquette = 0.640813
# [2024-05-22 01:54:39] INFO: Polyakov loop = (-0.000592224,-0.000686199)
# [2024-05-22 01:54:39] INFO: Writing conf to disk...
# [2024-05-22 01:54:39] INFO: writeconf_nersc: Writing NERSC configuration ./conf_s060t20_b0653400_a_U000630000
# [2024-05-22 01:54:42] INFO: Calculated checksum: d4dd54f3
# [2024-05-22 01:54:47] INFO: Calculated checksum: f0b06020
# [2024-05-22 01:54:47] INFO: Writing RNGSTATE file: ./rand_s060t20_b0653400_a_U000630000
# [2024-05-22 01:54:47] INFO: Writing to disk took 7.67588 seconds
# [2024-05-22 01:54:47] INFO: ======================================================================
# [2024-05-22 01:54:47] INFO: Start sweeping...
# [2024-05-22 02:01:28] INFO: It took 401.422 seconds to do 500 HBOR sweeps.
# [2024-05-22 02:01:28] INFO: Plaquette = 0.640869
# [2024-05-22 02:01:28] INFO: Polyakov loop = (-0.000793213,-0.000546486)
# [2024-05-22 02:01:28] INFO: Writing conf to disk...
# [2024-05-22 02:01:28] INFO: writeconf_nersc: Writing NERSC configuration ./conf_s060t20_b0653400_a_U000630500
# [2024-05-22 02:01:31] INFO: Calculated checksum: 455a03de
# [2024-05-22 02:01:36] INFO: Calculated checksum: e8b59770
# [2024-05-22 02:01:36] INFO: Writing RNGSTATE file: ./rand_s060t20_b0653400_a_U000630500
# [2024-05-22 02:01:36] INFO: Writing to disk took 7.52168 seconds
# [2024-05-22 02:01:36] INFO: ======================================================================
# [2024-05-22 02:01:36] INFO: Start sweeping...
# [2024-05-22 02:08:17] INFO: It took 401.461 seconds to do 500 HBOR sweeps.
# [2024-05-22 02:08:17] INFO: Plaquette = 0.640936
# [2024-05-22 02:08:17] INFO: Polyakov loop = (0.000957342,0.000157342)
# [2024-05-22 02:08:17] INFO: Writing conf to disk...
# [2024-05-22 02:08:17] INFO: writeconf_nersc: Writing NERSC configuration ./conf_s060t20_b0653400_a_U000631000
# [2024-05-22 02:08:20] INFO: Calculated checksum: c596ae18
# [2024-05-22 02:08:25] INFO: Calculated checksum: d1e9db37
# [2024-05-22 02:08:25] INFO: Writing RNGSTATE file: ./rand_s060t20_b0653400_a_U000631000
# [2024-05-22 02:08:25] INFO: Writing to disk took 7.53768 seconds
# [2024-05-22 02:08:25] INFO: ======================================================================
# [2024-05-22 02:08:25] INFO: Start sweeping...
# [2024-05-22 02:15:06] INFO: It took 401.461 seconds to do 500 HBOR sweeps.
# [2024-05-22 02:15:06] INFO: Plaquette = 0.640937
# [2024-05-22 02:15:06] INFO: Polyakov loop = (0.00114139,0.000760426)
# [2024-05-22 02:15:06] INFO: Writing conf to disk...
# [2024-05-22 02:15:06] INFO: writeconf_nersc: Writing NERSC configuration ./conf_s060t20_b0653400_a_U000631500
# [2024-05-22 02:15:09] INFO: Calculated checksum: 5868bcb
# [2024-05-22 02:15:14] INFO: Calculated checksum: 1b7a384b
# [2024-05-22 02:15:14] INFO: Writing RNGSTATE file: ./rand_s060t20_b0653400_a_U000631500
# [2024-05-22 02:15:14] INFO: Writing to disk took 7.68596 seconds
# [2024-05-22 02:15:14] INFO: ======================================================================
# [2024-05-22 02:15:14] INFO: Start sweeping...
# [2024-05-22 02:21:56] INFO: It took 401.449 seconds to do 500 HBOR sweeps.
# [2024-05-22 02:21:56] INFO: Plaquette = 0.640975
# [2024-05-22 02:21:56] INFO: Polyakov loop = (-0.000108764,0.000625233)
# [2024-05-22 02:21:56] INFO: Writing conf to disk...
# [2024-05-22 02:21:56] INFO: writeconf_nersc: Writing NERSC configuration ./conf_s060t20_b0653400_a_U000632000
# [2024-05-22 02:21:58] INFO: Calculated checksum: 2dfd3c45
# [2024-05-22 02:22:03] INFO: Calculated checksum: e631633
# [2024-05-22 02:22:03] INFO: Writing RNGSTATE file: ./rand_s060t20_b0653400_a_U000632000
# [2024-05-22 02:22:03] INFO: Writing to disk took 7.50415 seconds
# [2024-05-22 02:22:03] INFO: ======================================================================
# [2024-05-22 02:22:03] INFO: Start sweeping...
# [2024-05-22 02:28:45] INFO: It took 401.438 seconds to do 500 HBOR sweeps.
# [2024-05-22 02:28:45] INFO: Plaquette = 0.640811
# [2024-05-22 02:28:45] INFO: Polyakov loop = (-0.000165278,0.000202479)
# [2024-05-22 02:28:45] INFO: Writing conf to disk...
# [2024-05-22 02:28:45] INFO: writeconf_nersc: Writing NERSC configuration ./conf_s060t20_b0653400_a_U000632500
# [2024-05-22 02:28:47] INFO: Calculated checksum: a2575d0f
# [2024-05-22 02:28:52] INFO: Calculated checksum: 7648a21e
# [2024-05-22 02:28:52] INFO: Writing RNGSTATE file: ./rand_s060t20_b0653400_a_U000632500
# [2024-05-22 02:28:52] INFO: Writing to disk took 7.55652 seconds
# [2024-05-22 02:28:52] INFO: ======================================================================
# [2024-05-22 02:28:52] INFO: Start sweeping...
# [2024-05-22 02:35:34] INFO: It took 401.452 seconds to do 500 HBOR sweeps.
# [2024-05-22 02:35:34] INFO: Plaquette = 0.640835
# [2024-05-22 02:35:34] INFO: Polyakov loop = (-0.000360006,0.000735008)
# [2024-05-22 02:35:34] INFO: Writing conf to disk...
# [2024-05-22 02:35:34] INFO: writeconf_nersc: Writing NERSC configuration ./conf_s060t20_b0653400_a_U000633000
# [2024-05-22 02:35:37] INFO: Calculated checksum: 885fd5b5
# [2024-05-22 02:35:41] INFO: Calculated checksum: 2ea98fa5
# [2024-05-22 02:35:41] INFO: Writing RNGSTATE file: ./rand_s060t20_b0653400_a_U000633000
# [2024-05-22 02:35:41] INFO: Writing to disk took 7.52879 seconds
# [2024-05-22 02:35:41] INFO: ======================================================================
# [2024-05-22 02:35:41] INFO: Start sweeping...
# [2024-05-22 02:42:23] INFO: It took 401.474 seconds to do 500 HBOR sweeps.
# [2024-05-22 02:42:23] INFO: Plaquette = 0.640912
# [2024-05-22 02:42:23] INFO: Polyakov loop = (-0.000377466,0.000109382)
# [2024-05-22 02:42:23] INFO: Writing conf to disk...
# [2024-05-22 02:42:23] INFO: writeconf_nersc: Writing NERSC configuration ./conf_s060t20_b0653400_a_U000633500
# [2024-05-22 02:42:26] INFO: Calculated checksum: 56b9a503
# [2024-05-22 02:42:30] INFO: Calculated checksum: 49f257df
# [2024-05-22 02:42:30] INFO: Writing RNGSTATE file: ./rand_s060t20_b0653400_a_U000633500
# [2024-05-22 02:42:30] INFO: Writing to disk took 7.53773 seconds
# [2024-05-22 02:42:30] INFO: ======================================================================
# [2024-05-22 02:42:30] INFO: Start sweeping...
# [2024-05-22 02:49:12] INFO: It took 401.466 seconds to do 500 HBOR sweeps.
# [2024-05-22 02:49:12] INFO: Plaquette = 0.640926
# [2024-05-22 02:49:12] INFO: Polyakov loop = (-0.000599472,-4.63481e-05)
# [2024-05-22 02:49:12] INFO: Writing conf to disk...
# [2024-05-22 02:49:12] INFO: writeconf_nersc: Writing NERSC configuration ./conf_s060t20_b0653400_a_U000634000
# [2024-05-22 02:49:15] INFO: Calculated checksum: 57a94ac3
# [2024-05-22 02:49:19] INFO: Calculated checksum: 1bf6b2ff
# [2024-05-22 02:49:19] INFO: Writing RNGSTATE file: ./rand_s060t20_b0653400_a_U000634000
# [2024-05-22 02:49:19] INFO: Writing to disk took 7.71711 seconds
# [2024-05-22 02:49:19] INFO: ======================================================================
# [2024-05-22 02:49:19] INFO: Start sweeping...
# [2024-05-22 02:56:01] INFO: It took 401.489 seconds to do 500 HBOR sweeps.
# [2024-05-22 02:56:01] INFO: Plaquette = 0.64097
# [2024-05-22 02:56:01] INFO: Polyakov loop = (0.000421658,-0.000394942)
# [2024-05-22 02:56:01] INFO: Writing conf to disk...
# [2024-05-22 02:56:01] INFO: writeconf_nersc: Writing NERSC configuration ./conf_s060t20_b0653400_a_U000634500
# [2024-05-22 02:56:04] INFO: Calculated checksum: bb0118fb
# [2024-05-22 02:56:09] INFO: Calculated checksum: 887e0243
# [2024-05-22 02:56:09] INFO: Writing RNGSTATE file: ./rand_s060t20_b0653400_a_U000634500
# [2024-05-22 02:56:09] INFO: Writing to disk took 7.76105 seconds
# [2024-05-22 02:56:09] INFO: ======================================================================
# [2024-05-22 02:56:09] INFO: Start sweeping...
# [2024-05-22 03:02:50] INFO: It took 401.468 seconds to do 500 HBOR sweeps.
# [2024-05-22 03:02:50] INFO: Plaquette = 0.640854
# [2024-05-22 03:02:50] INFO: Polyakov loop = (0.0003068,0.000415738)
# [2024-05-22 03:02:50] INFO: Writing conf to disk...
# [2024-05-22 03:02:50] INFO: writeconf_nersc: Writing NERSC configuration ./conf_s060t20_b0653400_a_U000635000
# [2024-05-22 03:02:53] INFO: Calculated checksum: 906cf3ca
# [2024-05-22 03:02:58] INFO: Calculated checksum: 10222ab0
# [2024-05-22 03:02:58] INFO: Writing RNGSTATE file: ./rand_s060t20_b0653400_a_U000635000
# [2024-05-22 03:02:58] INFO: Writing to disk took 7.54736 seconds
# [2024-05-22 03:02:58] INFO: ======================================================================
# [2024-05-22 03:02:58] INFO: Start sweeping...
# [2024-05-22 03:09:39] INFO: It took 401.492 seconds to do 500 HBOR sweeps.
# [2024-05-22 03:09:39] INFO: Plaquette = 0.640938
# [2024-05-22 03:09:39] INFO: Polyakov loop = (-0.000384208,-0.000168386)
# [2024-05-22 03:09:39] INFO: Writing conf to disk...
# [2024-05-22 03:09:39] INFO: writeconf_nersc: Writing NERSC configuration ./conf_s060t20_b0653400_a_U000635500
# [2024-05-22 03:09:42] INFO: Calculated checksum: 411e91ff
# [2024-05-22 03:09:47] INFO: Calculated checksum: 3df71256
# [2024-05-22 03:09:47] INFO: Writing RNGSTATE file: ./rand_s060t20_b0653400_a_U000635500
# [2024-05-22 03:09:47] INFO: Writing to disk took 7.61886 seconds
# [2024-05-22 03:09:47] INFO: ======================================================================
# [2024-05-22 03:09:47] INFO: Start sweeping...
# [2024-05-22 03:16:28] INFO: It took 401.481 seconds to do 500 HBOR sweeps.
# [2024-05-22 03:16:29] INFO: Plaquette = 0.640898
# [2024-05-22 03:16:29] INFO: Polyakov loop = (-0.000260903,0.000181379)
# [2024-05-22 03:16:29] INFO: Writing conf to disk...
# [2024-05-22 03:16:29] INFO: writeconf_nersc: Writing NERSC configuration ./conf_s060t20_b0653400_a_U000636000
# [2024-05-22 03:16:31] INFO: Calculated checksum: 200f1cfe
# [2024-05-22 03:16:36] INFO: Calculated checksum: be202011
# [2024-05-22 03:16:36] INFO: Writing RNGSTATE file: ./rand_s060t20_b0653400_a_U000636000
# [2024-05-22 03:16:36] INFO: Writing to disk took 7.57513 seconds
# [2024-05-22 03:16:36] INFO: ======================================================================
# [2024-05-22 03:16:36] INFO: Start sweeping...
# [2024-05-22 03:23:18] INFO: It took 401.511 seconds to do 500 HBOR sweeps.
# [2024-05-22 03:23:18] INFO: Plaquette = 0.64076
# [2024-05-22 03:23:18] INFO: Polyakov loop = (0.000141492,-0.000669835)
# [2024-05-22 03:23:18] INFO: Writing conf to disk...
# [2024-05-22 03:23:18] INFO: writeconf_nersc: Writing NERSC configuration ./conf_s060t20_b0653400_a_U000636500
# [2024-05-22 03:23:21] INFO: Calculated checksum: 97f135e0
# [2024-05-22 03:23:25] INFO: Calculated checksum: 8d3eda4
# [2024-05-22 03:23:25] INFO: Writing RNGSTATE file: ./rand_s060t20_b0653400_a_U000636500
# [2024-05-22 03:23:25] INFO: Writing to disk took 7.71741 seconds
# [2024-05-22 03:23:25] INFO: ======================================================================
# [2024-05-22 03:23:25] INFO: Start sweeping...
# [2024-05-22 03:30:07] INFO: It took 401.489 seconds to do 500 HBOR sweeps.
# [2024-05-22 03:30:07] INFO: Plaquette = 0.640918
# [2024-05-22 03:30:07] INFO: Polyakov loop = (0.000180816,0.000312293)
# [2024-05-22 03:30:07] INFO: Writing conf to disk...
# [2024-05-22 03:30:07] INFO: writeconf_nersc: Writing NERSC configuration ./conf_s060t20_b0653400_a_U000637000
# [2024-05-22 03:30:10] INFO: Calculated checksum: ec596cb7
# [2024-05-22 03:30:14] INFO: Calculated checksum: fee0d02d
# [2024-05-22 03:30:14] INFO: Writing RNGSTATE file: ./rand_s060t20_b0653400_a_U000637000
# [2024-05-22 03:30:14] INFO: Writing to disk took 7.55068 seconds
# [2024-05-22 03:30:14] INFO: ======================================================================
# [2024-05-22 03:30:14] INFO: Start sweeping...
# [2024-05-22 03:36:56] INFO: It took 401.488 seconds to do 500 HBOR sweeps.
# [2024-05-22 03:36:56] INFO: Plaquette = 0.640937
# [2024-05-22 03:36:56] INFO: Polyakov loop = (-0.000610115,0.000625193)
# [2024-05-22 03:36:56] INFO: Writing conf to disk...
# [2024-05-22 03:36:56] INFO: writeconf_nersc: Writing NERSC configuration ./conf_s060t20_b0653400_a_U000637500
# [2024-05-22 03:36:59] INFO: Calculated checksum: 8c5409bf
# [2024-05-22 03:37:04] INFO: Calculated checksum: 3ddfb78a
# [2024-05-22 03:37:04] INFO: Writing RNGSTATE file: ./rand_s060t20_b0653400_a_U000637500
# [2024-05-22 03:37:04] INFO: Writing to disk took 7.71534 seconds
# [2024-05-22 03:37:04] INFO: ======================================================================
# [2024-05-22 03:37:04] INFO: Start sweeping...
# [2024-05-22 03:43:45] INFO: It took 401.485 seconds to do 500 HBOR sweeps.
# [2024-05-22 03:43:45] INFO: Plaquette = 0.640988
# [2024-05-22 03:43:45] INFO: Polyakov loop = (0.000156406,-0.000426389)
# [2024-05-22 03:43:45] INFO: Writing conf to disk...
# [2024-05-22 03:43:45] INFO: writeconf_nersc: Writing NERSC configuration ./conf_s060t20_b0653400_a_U000638000
# [2024-05-22 03:43:48] INFO: Calculated checksum: bb6f9232
# [2024-05-22 03:43:53] INFO: Calculated checksum: 34d00a79
# [2024-05-22 03:43:53] INFO: Writing RNGSTATE file: ./rand_s060t20_b0653400_a_U000638000
# [2024-05-22 03:43:53] INFO: Writing to disk took 7.68745 seconds
# [2024-05-22 03:43:53] INFO: ======================================================================
# [2024-05-22 03:43:53] INFO: Start sweeping...
# [2024-05-22 03:50:34] INFO: It took 401.482 seconds to do 500 HBOR sweeps.
# [2024-05-22 03:50:34] INFO: Plaquette = 0.640888
# [2024-05-22 03:50:34] INFO: Polyakov loop = (-0.000420251,0.000476988)
# [2024-05-22 03:50:34] INFO: Writing conf to disk...
# [2024-05-22 03:50:34] INFO: writeconf_nersc: Writing NERSC configuration ./conf_s060t20_b0653400_a_U000638500
# [2024-05-22 03:50:37] INFO: Calculated checksum: ecd0d3db
# [2024-05-22 03:50:42] INFO: Calculated checksum: 66bae077
# [2024-05-22 03:50:42] INFO: Writing RNGSTATE file: ./rand_s060t20_b0653400_a_U000638500
# [2024-05-22 03:50:42] INFO: Writing to disk took 7.74251 seconds
# [2024-05-22 03:50:42] INFO: ======================================================================
# [2024-05-22 03:50:42] INFO: Start sweeping...
# [2024-05-22 03:57:24] INFO: It took 401.477 seconds to do 500 HBOR sweeps.
# [2024-05-22 03:57:24] INFO: Plaquette = 0.640773
# [2024-05-22 03:57:24] INFO: Polyakov loop = (0.000112742,-0.000991545)
# [2024-05-22 03:57:24] INFO: Writing conf to disk...
# [2024-05-22 03:57:24] INFO: writeconf_nersc: Writing NERSC configuration ./conf_s060t20_b0653400_a_U000639000
# [2024-05-22 03:57:27] INFO: Calculated checksum: 353252f
# [2024-05-22 03:57:31] INFO: Calculated checksum: f49ac7d7
# [2024-05-22 03:57:31] INFO: Writing RNGSTATE file: ./rand_s060t20_b0653400_a_U000639000
# [2024-05-22 03:57:31] INFO: Writing to disk took 7.56666 seconds
# [2024-05-22 03:57:31] INFO: ======================================================================
# [2024-05-22 03:57:31] INFO: Start sweeping...
# [2024-05-22 04:04:13] INFO: It took 401.495 seconds to do 500 HBOR sweeps.
# [2024-05-22 04:04:13] INFO: Plaquette = 0.640932
# [2024-05-22 04:04:13] INFO: Polyakov loop = (0.00043111,0.000307589)
# [2024-05-22 04:04:13] INFO: Writing conf to disk...
# [2024-05-22 04:04:13] INFO: writeconf_nersc: Writing NERSC configuration ./conf_s060t20_b0653400_a_U000639500
# [2024-05-22 04:04:16] INFO: Calculated checksum: 180a940b
# [2024-05-22 04:04:21] INFO: Calculated checksum: 82d7625a
# [2024-05-22 04:04:21] INFO: Writing RNGSTATE file: ./rand_s060t20_b0653400_a_U000639500
# [2024-05-22 04:04:21] INFO: Writing to disk took 7.97182 seconds
# [2024-05-22 04:04:21] INFO: ======================================================================
# [2024-05-22 04:04:21] INFO: Start sweeping...
# [2024-05-22 04:11:02] INFO: It took 401.466 seconds to do 500 HBOR sweeps.
# [2024-05-22 04:11:02] INFO: Plaquette = 0.64086
# [2024-05-22 04:11:02] INFO: Polyakov loop = (-0.000362966,-0.000639709)
# [2024-05-22 04:11:02] INFO: Writing conf to disk...
# [2024-05-22 04:11:02] INFO: writeconf_nersc: Writing NERSC configuration ./conf_s060t20_b0653400_a_U000640000
# [2024-05-22 04:11:05] INFO: Calculated checksum: 9e6e07ea
# [2024-05-22 04:11:10] INFO: Calculated checksum: 7a7a96b6
# [2024-05-22 04:11:10] INFO: Writing RNGSTATE file: ./rand_s060t20_b0653400_a_U000640000
# [2024-05-22 04:11:10] INFO: Writing to disk took 7.54279 seconds
# [2024-05-22 04:11:10] INFO: ======================================================================
# [2024-05-22 04:11:10] INFO: Start sweeping...
# [2024-05-22 04:17:51] INFO: It took 401.507 seconds to do 500 HBOR sweeps.
# [2024-05-22 04:17:51] INFO: Plaquette = 0.640981
# [2024-05-22 04:17:51] INFO: Polyakov loop = (0.000242378,-0.00040883)
# [2024-05-22 04:17:51] INFO: Writing conf to disk...
# [2024-05-22 04:17:51] INFO: writeconf_nersc: Writing NERSC configuration ./conf_s060t20_b0653400_a_U000640500
# [2024-05-22 04:17:54] INFO: Calculated checksum: c4730696
# [2024-05-22 04:17:59] INFO: Calculated checksum: 84985604
# [2024-05-22 04:17:59] INFO: Writing RNGSTATE file: ./rand_s060t20_b0653400_a_U000640500
# [2024-05-22 04:17:59] INFO: Writing to disk took 7.70603 seconds
# [2024-05-22 04:17:59] INFO: ======================================================================
# [2024-05-22 04:17:59] INFO: Start sweeping...
# [2024-05-22 04:24:41] INFO: It took 401.502 seconds to do 500 HBOR sweeps.
# [2024-05-22 04:24:41] INFO: Plaquette = 0.640945
# [2024-05-22 04:24:41] INFO: Polyakov loop = (-4.96491e-05,-0.000386584)
# [2024-05-22 04:24:41] INFO: Writing conf to disk...
# [2024-05-22 04:24:41] INFO: writeconf_nersc: Writing NERSC configuration ./conf_s060t20_b0653400_a_U000641000
# [2024-05-22 04:24:44] INFO: Calculated checksum: 256b8ce0
# [2024-05-22 04:24:48] INFO: Calculated checksum: 908a734c
# [2024-05-22 04:24:48] INFO: Writing RNGSTATE file: ./rand_s060t20_b0653400_a_U000641000
# [2024-05-22 04:24:48] INFO: Writing to disk took 7.59595 seconds
# [2024-05-22 04:24:48] INFO: ======================================================================
# [2024-05-22 04:24:48] INFO: Start sweeping...
# [2024-05-22 04:31:30] INFO: It took 401.464 seconds to do 500 HBOR sweeps.
# [2024-05-22 04:31:30] INFO: Plaquette = 0.640928
# [2024-05-22 04:31:30] INFO: Polyakov loop = (0.00135781,0.000537716)
# [2024-05-22 04:31:30] INFO: Writing conf to disk...
# [2024-05-22 04:31:30] INFO: writeconf_nersc: Writing NERSC configuration ./conf_s060t20_b0653400_a_U000641500
# [2024-05-22 04:31:33] INFO: Calculated checksum: 8601c411
# [2024-05-22 04:31:37] INFO: Calculated checksum: cf3feefd
# [2024-05-22 04:31:37] INFO: Writing RNGSTATE file: ./rand_s060t20_b0653400_a_U000641500
# [2024-05-22 04:31:38] INFO: Writing to disk took 7.74192 seconds
# [2024-05-22 04:31:38] INFO: ======================================================================
# [2024-05-22 04:31:38] INFO: Start sweeping...
# [2024-05-22 04:38:19] INFO: It took 401.499 seconds to do 500 HBOR sweeps.
# [2024-05-22 04:38:19] INFO: Plaquette = 0.640996
# [2024-05-22 04:38:19] INFO: Polyakov loop = (0.000331389,-3.62054e-05)
# [2024-05-22 04:38:19] INFO: Writing conf to disk...
# [2024-05-22 04:38:19] INFO: writeconf_nersc: Writing NERSC configuration ./conf_s060t20_b0653400_a_U000642000
# [2024-05-22 04:38:22] INFO: Calculated checksum: 75f12d3f
# [2024-05-22 04:38:27] INFO: Calculated checksum: 9dfb1aae
# [2024-05-22 04:38:27] INFO: Writing RNGSTATE file: ./rand_s060t20_b0653400_a_U000642000
# [2024-05-22 04:38:27] INFO: Writing to disk took 7.57494 seconds
# [2024-05-22 04:38:27] INFO: ======================================================================
# [2024-05-22 04:38:27] INFO: Start sweeping...
# [2024-05-22 04:45:08] INFO: It took 401.487 seconds to do 500 HBOR sweeps.
# [2024-05-22 04:45:08] INFO: Plaquette = 0.640827
# [2024-05-22 04:45:08] INFO: Polyakov loop = (0.000715275,0.000277572)
# [2024-05-22 04:45:08] INFO: Writing conf to disk...
# [2024-05-22 04:45:08] INFO: writeconf_nersc: Writing NERSC configuration ./conf_s060t20_b0653400_a_U000642500
# [2024-05-22 04:45:11] INFO: Calculated checksum: b648b575
# [2024-05-22 04:45:16] INFO: Calculated checksum: b71ab40b
# [2024-05-22 04:45:16] INFO: Writing RNGSTATE file: ./rand_s060t20_b0653400_a_U000642500
# [2024-05-22 04:45:16] INFO: Writing to disk took 7.7517 seconds
# [2024-05-22 04:45:16] INFO: ======================================================================
# [2024-05-22 04:45:16] INFO: Start sweeping...
# [2024-05-22 04:51:58] INFO: It took 401.506 seconds to do 500 HBOR sweeps.
# [2024-05-22 04:51:58] INFO: Plaquette = 0.640955
# [2024-05-22 04:51:58] INFO: Polyakov loop = (-0.000741829,9.72261e-05)
# [2024-05-22 04:51:58] INFO: Writing conf to disk...
# [2024-05-22 04:51:58] INFO: writeconf_nersc: Writing NERSC configuration ./conf_s060t20_b0653400_a_U000643000
# [2024-05-22 04:52:00] INFO: Calculated checksum: b2b901c7
# [2024-05-22 04:52:05] INFO: Calculated checksum: f6ffd35f
# [2024-05-22 04:52:05] INFO: Writing RNGSTATE file: ./rand_s060t20_b0653400_a_U000643000
# [2024-05-22 04:52:05] INFO: Writing to disk took 7.57809 seconds
# [2024-05-22 04:52:05] INFO: ======================================================================
# [2024-05-22 04:52:05] INFO: Start sweeping...
# [2024-05-22 04:58:47] INFO: It took 401.482 seconds to do 500 HBOR sweeps.
# [2024-05-22 04:58:47] INFO: Plaquette = 0.640844
# [2024-05-22 04:58:47] INFO: Polyakov loop = (-0.00042256,-0.000411512)
# [2024-05-22 04:58:47] INFO: Writing conf to disk...
# [2024-05-22 04:58:47] INFO: writeconf_nersc: Writing NERSC configuration ./conf_s060t20_b0653400_a_U000643500
# [2024-05-22 04:58:50] INFO: Calculated checksum: dc2028ec
# [2024-05-22 04:58:54] INFO: Calculated checksum: 46a73fa0
# [2024-05-22 04:58:54] INFO: Writing RNGSTATE file: ./rand_s060t20_b0653400_a_U000643500
# [2024-05-22 04:58:54] INFO: Writing to disk took 7.71471 seconds
# [2024-05-22 04:58:54] INFO: ======================================================================
# [2024-05-22 04:58:54] INFO: Start sweeping...
# [2024-05-22 05:05:36] INFO: It took 401.474 seconds to do 500 HBOR sweeps.
# [2024-05-22 05:05:36] INFO: Plaquette = 0.640929
# [2024-05-22 05:05:36] INFO: Polyakov loop = (-3.05866e-05,0.000236981)
# [2024-05-22 05:05:36] INFO: Writing conf to disk...
# [2024-05-22 05:05:36] INFO: writeconf_nersc: Writing NERSC configuration ./conf_s060t20_b0653400_a_U000644000
# [2024-05-22 05:05:39] INFO: Calculated checksum: b116b943
# [2024-05-22 05:05:44] INFO: Calculated checksum: 13f11b2
# [2024-05-22 05:05:44] INFO: Writing RNGSTATE file: ./rand_s060t20_b0653400_a_U000644000
# [2024-05-22 05:05:44] INFO: Writing to disk took 7.74848 seconds
# [2024-05-22 05:05:44] INFO: ======================================================================
# [2024-05-22 05:05:44] INFO: Start sweeping...
# [2024-05-22 05:12:25] INFO: It took 401.5 seconds to do 500 HBOR sweeps.
# [2024-05-22 05:12:25] INFO: Plaquette = 0.640949
# [2024-05-22 05:12:25] INFO: Polyakov loop = (-0.000870145,0.000321542)
# [2024-05-22 05:12:25] INFO: Writing conf to disk...
# [2024-05-22 05:12:25] INFO: writeconf_nersc: Writing NERSC configuration ./conf_s060t20_b0653400_a_U000644500
# [2024-05-22 05:12:28] INFO: Calculated checksum: e4416fbc
# [2024-05-22 05:12:33] INFO: Calculated checksum: 549ed311
# [2024-05-22 05:12:33] INFO: Writing RNGSTATE file: ./rand_s060t20_b0653400_a_U000644500
# [2024-05-22 05:12:33] INFO: Writing to disk took 7.74243 seconds
# [2024-05-22 05:12:33] INFO: ======================================================================
# [2024-05-22 05:12:33] INFO: Start sweeping...
# [2024-05-22 05:19:14] INFO: It took 401.498 seconds to do 500 HBOR sweeps.
# [2024-05-22 05:19:14] INFO: Plaquette = 0.640855
# [2024-05-22 05:19:14] INFO: Polyakov loop = (0.000108536,-0.000849023)
# [2024-05-22 05:19:14] INFO: Writing conf to disk...
# [2024-05-22 05:19:14] INFO: writeconf_nersc: Writing NERSC configuration ./conf_s060t20_b0653400_a_U000645000
# [2024-05-22 05:19:17] INFO: Calculated checksum: fff399b9
# [2024-05-22 05:19:22] INFO: Calculated checksum: aa3dd530
# [2024-05-22 05:19:22] INFO: Writing RNGSTATE file: ./rand_s060t20_b0653400_a_U000645000
# [2024-05-22 05:19:22] INFO: Writing to disk took 7.77075 seconds
# [2024-05-22 05:19:22] INFO: ======================================================================
# [2024-05-22 05:19:22] INFO: Start sweeping...
# [2024-05-22 05:26:04] INFO: It took 401.507 seconds to do 500 HBOR sweeps.
# [2024-05-22 05:26:04] INFO: Plaquette = 0.640912
# [2024-05-22 05:26:04] INFO: Polyakov loop = (-0.000556604,-0.000518028)
# [2024-05-22 05:26:04] INFO: Writing conf to disk...
# [2024-05-22 05:26:04] INFO: writeconf_nersc: Writing NERSC configuration ./conf_s060t20_b0653400_a_U000645500
# [2024-05-22 05:26:07] INFO: Calculated checksum: a05a464d
# [2024-05-22 05:26:11] INFO: Calculated checksum: 2d2f6ebd
# [2024-05-22 05:26:11] INFO: Writing RNGSTATE file: ./rand_s060t20_b0653400_a_U000645500
# [2024-05-22 05:26:12] INFO: Writing to disk took 7.76082 seconds
# [2024-05-22 05:26:12] INFO: ======================================================================
# [2024-05-22 05:26:12] INFO: Start sweeping...
# [2024-05-22 05:32:53] INFO: It took 401.487 seconds to do 500 HBOR sweeps.
# [2024-05-22 05:32:53] INFO: Plaquette = 0.640923
# [2024-05-22 05:32:53] INFO: Polyakov loop = (-0.000347404,-4.22909e-05)
# [2024-05-22 05:32:53] INFO: Writing conf to disk...
# [2024-05-22 05:32:53] INFO: writeconf_nersc: Writing NERSC configuration ./conf_s060t20_b0653400_a_U000646000
# [2024-05-22 05:32:56] INFO: Calculated checksum: 4cc35c88
# [2024-05-22 05:33:01] INFO: Calculated checksum: 8cdb9118
# [2024-05-22 05:33:01] INFO: Writing RNGSTATE file: ./rand_s060t20_b0653400_a_U000646000
# [2024-05-22 05:33:01] INFO: Writing to disk took 7.7979 seconds
# [2024-05-22 05:33:01] INFO: ======================================================================
# [2024-05-22 05:33:01] INFO: Start sweeping...
# [2024-05-22 05:39:42] INFO: It took 401.487 seconds to do 500 HBOR sweeps.
# [2024-05-22 05:39:42] INFO: Plaquette = 0.640913
# [2024-05-22 05:39:42] INFO: Polyakov loop = (0.000560234,-0.000175125)
# [2024-05-22 05:39:42] INFO: Writing conf to disk...
# [2024-05-22 05:39:42] INFO: writeconf_nersc: Writing NERSC configuration ./conf_s060t20_b0653400_a_U000646500
# [2024-05-22 05:39:45] INFO: Calculated checksum: a3d2842b
# [2024-05-22 05:39:50] INFO: Calculated checksum: c86e57ca
# [2024-05-22 05:39:50] INFO: Writing RNGSTATE file: ./rand_s060t20_b0653400_a_U000646500
# [2024-05-22 05:39:50] INFO: Writing to disk took 7.71919 seconds
# [2024-05-22 05:39:50] INFO: ======================================================================
# [2024-05-22 05:39:50] INFO: Start sweeping...
# [2024-05-22 05:46:32] INFO: It took 401.484 seconds to do 500 HBOR sweeps.
# [2024-05-22 05:46:32] INFO: Plaquette = 0.640863
# [2024-05-22 05:46:32] INFO: Polyakov loop = (0.00060736,0.000338754)
# [2024-05-22 05:46:32] INFO: Writing conf to disk...
# [2024-05-22 05:46:32] INFO: writeconf_nersc: Writing NERSC configuration ./conf_s060t20_b0653400_a_U000647000
# [2024-05-22 05:46:35] INFO: Calculated checksum: cafc2f0a
# [2024-05-22 05:46:40] INFO: Calculated checksum: f9d51775
# [2024-05-22 05:46:40] INFO: Writing RNGSTATE file: ./rand_s060t20_b0653400_a_U000647000
# [2024-05-22 05:46:40] INFO: Writing to disk took 7.92172 seconds
# [2024-05-22 05:46:40] INFO: ======================================================================
# [2024-05-22 05:46:40] INFO: Start sweeping...
# [2024-05-22 05:53:21] INFO: It took 401.511 seconds to do 500 HBOR sweeps.
# [2024-05-22 05:53:21] INFO: Plaquette = 0.640895
# [2024-05-22 05:53:21] INFO: Polyakov loop = (0.000446366,-3.89926e-05)
# [2024-05-22 05:53:21] INFO: Writing conf to disk...
# [2024-05-22 05:53:21] INFO: writeconf_nersc: Writing NERSC configuration ./conf_s060t20_b0653400_a_U000647500
# [2024-05-22 05:53:24] INFO: Calculated checksum: aeb38520
# [2024-05-22 05:53:29] INFO: Calculated checksum: 8154ab47
# [2024-05-22 05:53:29] INFO: Writing RNGSTATE file: ./rand_s060t20_b0653400_a_U000647500
# [2024-05-22 05:53:29] INFO: Writing to disk took 7.87768 seconds
# [2024-05-22 05:53:29] INFO: ======================================================================
# [2024-05-22 05:53:29] INFO: Start sweeping...
# [2024-05-22 06:00:11] INFO: It took 401.503 seconds to do 500 HBOR sweeps.
# [2024-05-22 06:00:11] INFO: Plaquette = 0.640914
# [2024-05-22 06:00:11] INFO: Polyakov loop = (-0.000345805,-0.000803269)
# [2024-05-22 06:00:11] INFO: Writing conf to disk...
# [2024-05-22 06:00:11] INFO: writeconf_nersc: Writing NERSC configuration ./conf_s060t20_b0653400_a_U000648000
# [2024-05-22 06:00:14] INFO: Calculated checksum: 3bc781e2
# [2024-05-22 06:00:18] INFO: Calculated checksum: 9862d9f7
# [2024-05-22 06:00:18] INFO: Writing RNGSTATE file: ./rand_s060t20_b0653400_a_U000648000
# [2024-05-22 06:00:18] INFO: Writing to disk took 7.85489 seconds
# [2024-05-22 06:00:18] INFO: ======================================================================
# [2024-05-22 06:00:18] INFO: Start sweeping...
# [2024-05-22 06:07:00] INFO: It took 401.503 seconds to do 500 HBOR sweeps.
# [2024-05-22 06:07:00] INFO: Plaquette = 0.640833
# [2024-05-22 06:07:00] INFO: Polyakov loop = (-5.67182e-06,-0.000794682)
# [2024-05-22 06:07:00] INFO: Writing conf to disk...
# [2024-05-22 06:07:00] INFO: writeconf_nersc: Writing NERSC configuration ./conf_s060t20_b0653400_a_U000648500
# [2024-05-22 06:07:03] INFO: Calculated checksum: 44b1ed31
# [2024-05-22 06:07:08] INFO: Calculated checksum: 58f519d0
# [2024-05-22 06:07:08] INFO: Writing RNGSTATE file: ./rand_s060t20_b0653400_a_U000648500
# [2024-05-22 06:07:08] INFO: Writing to disk took 7.63958 seconds
# [2024-05-22 06:07:08] INFO: ======================================================================
# [2024-05-22 06:07:08] INFO: Start sweeping...
# [2024-05-22 06:13:49] INFO: It took 401.511 seconds to do 500 HBOR sweeps.
# [2024-05-22 06:13:49] INFO: Plaquette = 0.640759
# [2024-05-22 06:13:49] INFO: Polyakov loop = (-0.000500932,-0.000477197)
# [2024-05-22 06:13:49] INFO: Writing conf to disk...
# [2024-05-22 06:13:49] INFO: writeconf_nersc: Writing NERSC configuration ./conf_s060t20_b0653400_a_U000649000
# [2024-05-22 06:13:52] INFO: Calculated checksum: b203ae72
# [2024-05-22 06:13:57] INFO: Calculated checksum: 73c76e6f
# [2024-05-22 06:13:57] INFO: Writing RNGSTATE file: ./rand_s060t20_b0653400_a_U000649000
# [2024-05-22 06:13:57] INFO: Writing to disk took 7.86463 seconds
# [2024-05-22 06:13:57] INFO: ======================================================================
# [2024-05-22 06:13:57] INFO: Start sweeping...
# [2024-05-22 06:20:39] INFO: It took 401.503 seconds to do 500 HBOR sweeps.
# [2024-05-22 06:20:39] INFO: Plaquette = 0.640841
# [2024-05-22 06:20:39] INFO: Polyakov loop = (-0.000265766,0.000403171)
# [2024-05-22 06:20:39] INFO: Writing conf to disk...
# [2024-05-22 06:20:39] INFO: writeconf_nersc: Writing NERSC configuration ./conf_s060t20_b0653400_a_U000649500
# [2024-05-22 06:20:42] INFO: Calculated checksum: 1b2963fc
# [2024-05-22 06:20:47] INFO: Calculated checksum: 4afb9630
# [2024-05-22 06:20:47] INFO: Writing RNGSTATE file: ./rand_s060t20_b0653400_a_U000649500
# [2024-05-22 06:20:47] INFO: Writing to disk took 8.58212 seconds
# [2024-05-22 06:20:47] INFO: ======================================================================
# [2024-05-22 06:20:47] INFO: Start sweeping...
# [2024-05-22 06:27:29] INFO: It took 401.494 seconds to do 500 HBOR sweeps.
# [2024-05-22 06:27:29] INFO: Plaquette = 0.64093
# [2024-05-22 06:27:29] INFO: Polyakov loop = (-0.000604076,0.000985418)
# [2024-05-22 06:27:29] INFO: Writing conf to disk...
# [2024-05-22 06:27:29] INFO: writeconf_nersc: Writing NERSC configuration ./conf_s060t20_b0653400_a_U000650000
# [2024-05-22 06:27:32] INFO: Calculated checksum: c267cd04
# [2024-05-22 06:27:36] INFO: Calculated checksum: 39e02ec8
# [2024-05-22 06:27:36] INFO: Writing RNGSTATE file: ./rand_s060t20_b0653400_a_U000650000
# [2024-05-22 06:27:36] INFO: Writing to disk took 7.28811 seconds
# [2024-05-22 06:27:36] INFO: Finalizing MPI
