
Currently Loaded Modules:
  1) chpc/1.0      (S)   3) gcc/8.5.0      5) mpich/3.4.2
  2) python/3.10.3       4) cmake/3.26.0   6) cuda/11.6.2 (g)

  Where:
   S:  Module is Sticky, requires --force to unload or purge
   g:  built for GPU

 

# [2024-05-21 21:59:26] INFO: Running SIMULATeQCD
# [2024-05-21 21:59:26] INFO: Git commit version: 43e2518
# [2024-05-21 21:59:26] INFO: Initializing MPI with (1 proc)
# [2024-05-21 21:59:26] INFO: Reading parameters from file :: GenerateQuenched_b67132.param
# [2024-05-21 21:59:26] INFO: # PARAM :: Lattice = 60 60 60 20 
# [2024-05-21 21:59:26] INFO: # PARAM :: Nodes = 1 1 1 1 
# [2024-05-21 21:59:26] INFO: # PARAM :: Topology = 0 0 0 0  (default)
# [2024-05-21 21:59:26] INFO: # PARAM :: beta = 6.7132
# [2024-05-21 21:59:26] INFO: # PARAM :: format = nersc
# [2024-05-21 21:59:26] INFO: # PARAM :: endianness = auto
# [2024-05-21 21:59:26] INFO: # PARAM :: conf_nr = 600000
# [2024-05-21 21:59:26] INFO: # PARAM :: stream = a
# [2024-05-21 21:59:26] INFO: # PARAM :: prec_out = 0 (default)
# [2024-05-21 21:59:26] INFO: # PARAM :: measurements_dir = ./ (default)
# [2024-05-21 21:59:26] INFO: # PARAM :: use_unit_conf = 0 (default)
# [2024-05-21 21:59:26] INFO: # PARAM :: output_dir = .
# [2024-05-21 21:59:26] INFO: # PARAM :: nconfs = 100
# [2024-05-21 21:59:26] INFO: # PARAM :: nsweeps_ORperHB = 4
# [2024-05-21 21:59:26] INFO: # PARAM :: nsweeps_HBwithOR = 500
# [2024-05-21 21:59:26] INFO: # PARAM :: prev_conf = conf_s060t20_b0671320_a_U000600000
# [2024-05-21 21:59:26] INFO: # PARAM :: prev_rand = rand_s060t20_b0671320_a_U000600000
# [2024-05-21 21:59:26] INFO: > Running on:
# [2024-05-21 21:59:26] INFO: [Rank 0] > notch271 CPU_1 GPU_1C; MPI: world_rank=0, node_rank=0, coord: ( 0 0 0 0 )
# [2024-05-21 21:59:26] INFO: > Is MPI CUDA-aware? @compilation 
# [2024-05-21 21:59:26] INFO: > GPU compute capability: 75
# [2024-05-21 21:59:26] INFO: > Checking support for P2P (Peer-to-Peer) and UVA (Unified Virtual Addressing):
# [2024-05-21 21:59:26] INFO: [Rank 0] > notch271 GPU_1C(NVIDIA GeForce RTX 2080 Ti): P2P NO ; UVA YES
# [2024-05-21 21:59:26] INFO: Initialize Indexer with HaloDepth = 1[0;33m[0m
# [2024-05-21 21:59:26] INFO: Resuming previous run.
# [2024-05-21 21:59:26] INFO: readconf_nersc: Reading NERSC configuration conf_s060t20_b0671320_a_U000600000
# [2024-05-21 21:59:36] INFO: Next conf_number will be 600500
# [2024-05-21 21:59:36] INFO: Generating up to 100 confs with a separation of 500 HBOR sweeps (OR/HB = 4) ...
# [2024-05-21 21:59:36] INFO: ======================================================================
# [2024-05-21 21:59:36] INFO: Start sweeping...
# [2024-05-21 22:06:16] INFO: It took 400.391 seconds to do 500 HBOR sweeps.
# [2024-05-21 22:06:16] INFO: Plaquette = 0.653454
# [2024-05-21 22:06:16] INFO: Polyakov loop = (-0.00129622,0.000496611)
# [2024-05-21 22:06:16] INFO: Writing conf to disk...
# [2024-05-21 22:06:16] INFO: writeconf_nersc: Writing NERSC configuration ./conf_s060t20_b0671320_a_U000600500
# [2024-05-21 22:06:19] INFO: Calculated checksum: e981b886
# [2024-05-21 22:06:23] INFO: Calculated checksum: ca10eaca
# [2024-05-21 22:06:23] INFO: Writing RNGSTATE file: ./rand_s060t20_b0671320_a_U000600500
# [2024-05-21 22:06:24] INFO: Writing to disk took 7.61931 seconds
# [2024-05-21 22:06:24] INFO: ======================================================================
# [2024-05-21 22:06:24] INFO: Start sweeping...
# [2024-05-21 22:13:05] INFO: It took 401.35 seconds to do 500 HBOR sweeps.
# [2024-05-21 22:13:05] INFO: Plaquette = 0.653477
# [2024-05-21 22:13:05] INFO: Polyakov loop = (-0.000278596,0.000751475)
# [2024-05-21 22:13:05] INFO: Writing conf to disk...
# [2024-05-21 22:13:05] INFO: writeconf_nersc: Writing NERSC configuration ./conf_s060t20_b0671320_a_U000601000
# [2024-05-21 22:13:08] INFO: Calculated checksum: c52951d1
# [2024-05-21 22:13:13] INFO: Calculated checksum: 765ce286
# [2024-05-21 22:13:13] INFO: Writing RNGSTATE file: ./rand_s060t20_b0671320_a_U000601000
# [2024-05-21 22:13:13] INFO: Writing to disk took 8.37779 seconds
# [2024-05-21 22:13:13] INFO: ======================================================================
# [2024-05-21 22:13:13] INFO: Start sweeping...
# [2024-05-21 22:19:55] INFO: It took 401.315 seconds to do 500 HBOR sweeps.
# [2024-05-21 22:19:55] INFO: Plaquette = 0.653536
# [2024-05-21 22:19:55] INFO: Polyakov loop = (-0.000872292,0.00117978)
# [2024-05-21 22:19:55] INFO: Writing conf to disk...
# [2024-05-21 22:19:55] INFO: writeconf_nersc: Writing NERSC configuration ./conf_s060t20_b0671320_a_U000601500
# [2024-05-21 22:19:58] INFO: Calculated checksum: 659e663a
# [2024-05-21 22:20:02] INFO: Calculated checksum: b4c9a5f5
# [2024-05-21 22:20:02] INFO: Writing RNGSTATE file: ./rand_s060t20_b0671320_a_U000601500
# [2024-05-21 22:20:02] INFO: Writing to disk took 7.41379 seconds
# [2024-05-21 22:20:02] INFO: ======================================================================
# [2024-05-21 22:20:02] INFO: Start sweeping...
# [2024-05-21 22:26:44] INFO: It took 401.366 seconds to do 500 HBOR sweeps.
# [2024-05-21 22:26:44] INFO: Plaquette = 0.653532
# [2024-05-21 22:26:44] INFO: Polyakov loop = (-0.00114061,0.000642447)
# [2024-05-21 22:26:44] INFO: Writing conf to disk...
# [2024-05-21 22:26:44] INFO: writeconf_nersc: Writing NERSC configuration ./conf_s060t20_b0671320_a_U000602000
# [2024-05-21 22:26:46] INFO: Calculated checksum: d0b0ba2e
# [2024-05-21 22:26:51] INFO: Calculated checksum: 365f9677
# [2024-05-21 22:26:51] INFO: Writing RNGSTATE file: ./rand_s060t20_b0671320_a_U000602000
# [2024-05-21 22:26:51] INFO: Writing to disk took 7.46339 seconds
# [2024-05-21 22:26:51] INFO: ======================================================================
# [2024-05-21 22:26:51] INFO: Start sweeping...
# [2024-05-21 22:33:32] INFO: It took 401.05 seconds to do 500 HBOR sweeps.
# [2024-05-21 22:33:32] INFO: Plaquette = 0.653507
# [2024-05-21 22:33:32] INFO: Polyakov loop = (0.000180804,0.0015302)
# [2024-05-21 22:33:32] INFO: Writing conf to disk...
# [2024-05-21 22:33:32] INFO: writeconf_nersc: Writing NERSC configuration ./conf_s060t20_b0671320_a_U000602500
# [2024-05-21 22:33:35] INFO: Calculated checksum: e34956e4
# [2024-05-21 22:33:40] INFO: Calculated checksum: c1a0aa14
# [2024-05-21 22:33:40] INFO: Writing RNGSTATE file: ./rand_s060t20_b0671320_a_U000602500
# [2024-05-21 22:33:40] INFO: Writing to disk took 7.82169 seconds
# [2024-05-21 22:33:40] INFO: ======================================================================
# [2024-05-21 22:33:40] INFO: Start sweeping...
# [2024-05-21 22:40:21] INFO: It took 401.108 seconds to do 500 HBOR sweeps.
# [2024-05-21 22:40:21] INFO: Plaquette = 0.653471
# [2024-05-21 22:40:21] INFO: Polyakov loop = (-0.000996029,0.000940831)
# [2024-05-21 22:40:21] INFO: Writing conf to disk...
# [2024-05-21 22:40:21] INFO: writeconf_nersc: Writing NERSC configuration ./conf_s060t20_b0671320_a_U000603000
# [2024-05-21 22:40:24] INFO: Calculated checksum: 31babb65
# [2024-05-21 22:40:29] INFO: Calculated checksum: 14fac97
# [2024-05-21 22:40:29] INFO: Writing RNGSTATE file: ./rand_s060t20_b0671320_a_U000603000
# [2024-05-21 22:40:29] INFO: Writing to disk took 7.70803 seconds
# [2024-05-21 22:40:29] INFO: ======================================================================
# [2024-05-21 22:40:29] INFO: Start sweeping...
# [2024-05-21 22:47:09] INFO: It took 400.669 seconds to do 500 HBOR sweeps.
# [2024-05-21 22:47:10] INFO: Plaquette = 0.653521
# [2024-05-21 22:47:10] INFO: Polyakov loop = (-0.000522779,0.00126437)
# [2024-05-21 22:47:10] INFO: Writing conf to disk...
# [2024-05-21 22:47:10] INFO: writeconf_nersc: Writing NERSC configuration ./conf_s060t20_b0671320_a_U000603500
# [2024-05-21 22:47:12] INFO: Calculated checksum: 60dbc261
# [2024-05-21 22:47:17] INFO: Calculated checksum: 1e35dbaf
# [2024-05-21 22:47:17] INFO: Writing RNGSTATE file: ./rand_s060t20_b0671320_a_U000603500
# [2024-05-21 22:47:17] INFO: Writing to disk took 7.73325 seconds
# [2024-05-21 22:47:17] INFO: ======================================================================
# [2024-05-21 22:47:17] INFO: Start sweeping...
# [2024-05-21 22:53:58] INFO: It took 400.94 seconds to do 500 HBOR sweeps.
# [2024-05-21 22:53:58] INFO: Plaquette = 0.653389
# [2024-05-21 22:53:58] INFO: Polyakov loop = (-0.000701673,0.00169149)
# [2024-05-21 22:53:58] INFO: Writing conf to disk...
# [2024-05-21 22:53:58] INFO: writeconf_nersc: Writing NERSC configuration ./conf_s060t20_b0671320_a_U000604000
# [2024-05-21 22:54:01] INFO: Calculated checksum: fa6c5b42
# [2024-05-21 22:54:06] INFO: Calculated checksum: 4059f0d0
# [2024-05-21 22:54:06] INFO: Writing RNGSTATE file: ./rand_s060t20_b0671320_a_U000604000
# [2024-05-21 22:54:06] INFO: Writing to disk took 7.7948 seconds
# [2024-05-21 22:54:06] INFO: ======================================================================
# [2024-05-21 22:54:06] INFO: Start sweeping...
# [2024-05-21 23:00:47] INFO: It took 401.035 seconds to do 500 HBOR sweeps.
# [2024-05-21 23:00:47] INFO: Plaquette = 0.653414
# [2024-05-21 23:00:47] INFO: Polyakov loop = (-0.000846559,0.00143792)
# [2024-05-21 23:00:47] INFO: Writing conf to disk...
# [2024-05-21 23:00:47] INFO: writeconf_nersc: Writing NERSC configuration ./conf_s060t20_b0671320_a_U000604500
# [2024-05-21 23:00:50] INFO: Calculated checksum: 8d9110cd
# [2024-05-21 23:00:55] INFO: Calculated checksum: ec87e699
# [2024-05-21 23:00:55] INFO: Writing RNGSTATE file: ./rand_s060t20_b0671320_a_U000604500
# [2024-05-21 23:00:55] INFO: Writing to disk took 7.70649 seconds
# [2024-05-21 23:00:55] INFO: ======================================================================
# [2024-05-21 23:00:55] INFO: Start sweeping...
# [2024-05-21 23:07:36] INFO: It took 401.021 seconds to do 500 HBOR sweeps.
# [2024-05-21 23:07:36] INFO: Plaquette = 0.653466
# [2024-05-21 23:07:36] INFO: Polyakov loop = (-2.95797e-06,0.000726376)
# [2024-05-21 23:07:36] INFO: Writing conf to disk...
# [2024-05-21 23:07:36] INFO: writeconf_nersc: Writing NERSC configuration ./conf_s060t20_b0671320_a_U000605000
# [2024-05-21 23:07:39] INFO: Calculated checksum: 8c70cf96
# [2024-05-21 23:07:43] INFO: Calculated checksum: be113702
# [2024-05-21 23:07:43] INFO: Writing RNGSTATE file: ./rand_s060t20_b0671320_a_U000605000
# [2024-05-21 23:07:44] INFO: Writing to disk took 7.70544 seconds
# [2024-05-21 23:07:44] INFO: ======================================================================
# [2024-05-21 23:07:44] INFO: Start sweeping...
# [2024-05-21 23:14:25] INFO: It took 401.025 seconds to do 500 HBOR sweeps.
# [2024-05-21 23:14:25] INFO: Plaquette = 0.653561
# [2024-05-21 23:14:25] INFO: Polyakov loop = (-6.65133e-05,0.000495963)
# [2024-05-21 23:14:25] INFO: Writing conf to disk...
# [2024-05-21 23:14:25] INFO: writeconf_nersc: Writing NERSC configuration ./conf_s060t20_b0671320_a_U000605500
# [2024-05-21 23:14:28] INFO: Calculated checksum: f17ef5eb
# [2024-05-21 23:14:32] INFO: Calculated checksum: 9db956de
# [2024-05-21 23:14:32] INFO: Writing RNGSTATE file: ./rand_s060t20_b0671320_a_U000605500
# [2024-05-21 23:14:32] INFO: Writing to disk took 7.72999 seconds
# [2024-05-21 23:14:32] INFO: ======================================================================
# [2024-05-21 23:14:32] INFO: Start sweeping...
# [2024-05-21 23:21:13] INFO: It took 401.067 seconds to do 500 HBOR sweeps.
# [2024-05-21 23:21:14] INFO: Plaquette = 0.653498
# [2024-05-21 23:21:14] INFO: Polyakov loop = (0.000762274,-0.00032065)
# [2024-05-21 23:21:14] INFO: Writing conf to disk...
# [2024-05-21 23:21:14] INFO: writeconf_nersc: Writing NERSC configuration ./conf_s060t20_b0671320_a_U000606000
# [2024-05-21 23:21:17] INFO: Calculated checksum: 7d8c9720
# [2024-05-21 23:21:21] INFO: Calculated checksum: 4ac7cdc1
# [2024-05-21 23:21:21] INFO: Writing RNGSTATE file: ./rand_s060t20_b0671320_a_U000606000
# [2024-05-21 23:21:21] INFO: Writing to disk took 7.86952 seconds
# [2024-05-21 23:21:21] INFO: ======================================================================
# [2024-05-21 23:21:21] INFO: Start sweeping...
# [2024-05-21 23:28:02] INFO: It took 401.078 seconds to do 500 HBOR sweeps.
# [2024-05-21 23:28:03] INFO: Plaquette = 0.653516
# [2024-05-21 23:28:03] INFO: Polyakov loop = (0.000759661,-0.000222986)
# [2024-05-21 23:28:03] INFO: Writing conf to disk...
# [2024-05-21 23:28:03] INFO: writeconf_nersc: Writing NERSC configuration ./conf_s060t20_b0671320_a_U000606500
# [2024-05-21 23:28:05] INFO: Calculated checksum: ecc417b
# [2024-05-21 23:28:10] INFO: Calculated checksum: de0879e1
# [2024-05-21 23:28:10] INFO: Writing RNGSTATE file: ./rand_s060t20_b0671320_a_U000606500
# [2024-05-21 23:28:10] INFO: Writing to disk took 7.6872 seconds
# [2024-05-21 23:28:10] INFO: ======================================================================
# [2024-05-21 23:28:10] INFO: Start sweeping...
# [2024-05-21 23:34:51] INFO: It took 401.054 seconds to do 500 HBOR sweeps.
# [2024-05-21 23:34:51] INFO: Plaquette = 0.65355
# [2024-05-21 23:34:51] INFO: Polyakov loop = (0.00037905,0.00153926)
# [2024-05-21 23:34:51] INFO: Writing conf to disk...
# [2024-05-21 23:34:51] INFO: writeconf_nersc: Writing NERSC configuration ./conf_s060t20_b0671320_a_U000607000
# [2024-05-21 23:34:54] INFO: Calculated checksum: e40a07c3
# [2024-05-21 23:34:59] INFO: Calculated checksum: 9d0df432
# [2024-05-21 23:34:59] INFO: Writing RNGSTATE file: ./rand_s060t20_b0671320_a_U000607000
# [2024-05-21 23:34:59] INFO: Writing to disk took 7.70367 seconds
# [2024-05-21 23:34:59] INFO: ======================================================================
# [2024-05-21 23:34:59] INFO: Start sweeping...
# [2024-05-21 23:41:40] INFO: It took 401.032 seconds to do 500 HBOR sweeps.
# [2024-05-21 23:41:40] INFO: Plaquette = 0.653481
# [2024-05-21 23:41:40] INFO: Polyakov loop = (0.000104134,0.000252661)
# [2024-05-21 23:41:40] INFO: Writing conf to disk...
# [2024-05-21 23:41:40] INFO: writeconf_nersc: Writing NERSC configuration ./conf_s060t20_b0671320_a_U000607500
# [2024-05-21 23:41:43] INFO: Calculated checksum: 5596a785
# [2024-05-21 23:41:48] INFO: Calculated checksum: cab98f0c
# [2024-05-21 23:41:48] INFO: Writing RNGSTATE file: ./rand_s060t20_b0671320_a_U000607500
# [2024-05-21 23:41:48] INFO: Writing to disk took 7.68958 seconds
# [2024-05-21 23:41:48] INFO: ======================================================================
# [2024-05-21 23:41:48] INFO: Start sweeping...
# [2024-05-21 23:48:29] INFO: It took 400.986 seconds to do 500 HBOR sweeps.
# [2024-05-21 23:48:29] INFO: Plaquette = 0.653549
# [2024-05-21 23:48:29] INFO: Polyakov loop = (-0.000757093,-0.00015463)
# [2024-05-21 23:48:29] INFO: Writing conf to disk...
# [2024-05-21 23:48:29] INFO: writeconf_nersc: Writing NERSC configuration ./conf_s060t20_b0671320_a_U000608000
# [2024-05-21 23:48:32] INFO: Calculated checksum: 50269f3
# [2024-05-21 23:48:36] INFO: Calculated checksum: f903c5b1
# [2024-05-21 23:48:36] INFO: Writing RNGSTATE file: ./rand_s060t20_b0671320_a_U000608000
# [2024-05-21 23:48:37] INFO: Writing to disk took 7.72225 seconds
# [2024-05-21 23:48:37] INFO: ======================================================================
# [2024-05-21 23:48:37] INFO: Start sweeping...
# [2024-05-21 23:55:18] INFO: It took 401.062 seconds to do 500 HBOR sweeps.
# [2024-05-21 23:55:18] INFO: Plaquette = 0.653576
# [2024-05-21 23:55:18] INFO: Polyakov loop = (3.14926e-05,0.000790371)
# [2024-05-21 23:55:18] INFO: Writing conf to disk...
# [2024-05-21 23:55:18] INFO: writeconf_nersc: Writing NERSC configuration ./conf_s060t20_b0671320_a_U000608500
# [2024-05-21 23:55:21] INFO: Calculated checksum: db96a21d
# [2024-05-21 23:55:25] INFO: Calculated checksum: f4bd3f9e
# [2024-05-21 23:55:25] INFO: Writing RNGSTATE file: ./rand_s060t20_b0671320_a_U000608500
# [2024-05-21 23:55:25] INFO: Writing to disk took 7.68086 seconds
# [2024-05-21 23:55:25] INFO: ======================================================================
# [2024-05-21 23:55:25] INFO: Start sweeping...
# [2024-05-22 00:02:06] INFO: It took 401.093 seconds to do 500 HBOR sweeps.
# [2024-05-22 00:02:06] INFO: Plaquette = 0.65345
# [2024-05-22 00:02:06] INFO: Polyakov loop = (0.000460002,0.000368677)
# [2024-05-22 00:02:06] INFO: Writing conf to disk...
# [2024-05-22 00:02:06] INFO: writeconf_nersc: Writing NERSC configuration ./conf_s060t20_b0671320_a_U000609000
# [2024-05-22 00:02:09] INFO: Calculated checksum: fc25369b
# [2024-05-22 00:02:14] INFO: Calculated checksum: 8b1b73de
# [2024-05-22 00:02:14] INFO: Writing RNGSTATE file: ./rand_s060t20_b0671320_a_U000609000
# [2024-05-22 00:02:14] INFO: Writing to disk took 7.8365 seconds
# [2024-05-22 00:02:14] INFO: ======================================================================
# [2024-05-22 00:02:14] INFO: Start sweeping...
# [2024-05-22 00:08:55] INFO: It took 400.971 seconds to do 500 HBOR sweeps.
# [2024-05-22 00:08:55] INFO: Plaquette = 0.65343
# [2024-05-22 00:08:55] INFO: Polyakov loop = (-0.000845694,0.00217651)
# [2024-05-22 00:08:55] INFO: Writing conf to disk...
# [2024-05-22 00:08:55] INFO: writeconf_nersc: Writing NERSC configuration ./conf_s060t20_b0671320_a_U000609500
# [2024-05-22 00:08:58] INFO: Calculated checksum: a800a6c7
# [2024-05-22 00:09:03] INFO: Calculated checksum: 1acae5a
# [2024-05-22 00:09:03] INFO: Writing RNGSTATE file: ./rand_s060t20_b0671320_a_U000609500
# [2024-05-22 00:09:03] INFO: Writing to disk took 7.64932 seconds
# [2024-05-22 00:09:03] INFO: ======================================================================
# [2024-05-22 00:09:03] INFO: Start sweeping...
# [2024-05-22 00:15:44] INFO: It took 401.136 seconds to do 500 HBOR sweeps.
# [2024-05-22 00:15:44] INFO: Plaquette = 0.653528
# [2024-05-22 00:15:44] INFO: Polyakov loop = (-0.00102537,0.00130521)
# [2024-05-22 00:15:44] INFO: Writing conf to disk...
# [2024-05-22 00:15:44] INFO: writeconf_nersc: Writing NERSC configuration ./conf_s060t20_b0671320_a_U000610000
# [2024-05-22 00:15:47] INFO: Calculated checksum: 688f08d8
# [2024-05-22 00:15:52] INFO: Calculated checksum: ef4d1187
# [2024-05-22 00:15:52] INFO: Writing RNGSTATE file: ./rand_s060t20_b0671320_a_U000610000
# [2024-05-22 00:15:52] INFO: Writing to disk took 7.6911 seconds
# [2024-05-22 00:15:52] INFO: ======================================================================
# [2024-05-22 00:15:52] INFO: Start sweeping...
# [2024-05-22 00:22:33] INFO: It took 401.157 seconds to do 500 HBOR sweeps.
# [2024-05-22 00:22:33] INFO: Plaquette = 0.6535
# [2024-05-22 00:22:33] INFO: Polyakov loop = (-0.000466901,0.00149736)
# [2024-05-22 00:22:33] INFO: Writing conf to disk...
# [2024-05-22 00:22:33] INFO: writeconf_nersc: Writing NERSC configuration ./conf_s060t20_b0671320_a_U000610500
# [2024-05-22 00:22:36] INFO: Calculated checksum: 775f3eac
# [2024-05-22 00:22:41] INFO: Calculated checksum: 65f59f31
# [2024-05-22 00:22:41] INFO: Writing RNGSTATE file: ./rand_s060t20_b0671320_a_U000610500
# [2024-05-22 00:22:41] INFO: Writing to disk took 7.70669 seconds
# [2024-05-22 00:22:41] INFO: ======================================================================
# [2024-05-22 00:22:41] INFO: Start sweeping...
# [2024-05-22 00:29:22] INFO: It took 401.163 seconds to do 500 HBOR sweeps.
# [2024-05-22 00:29:22] INFO: Plaquette = 0.653487
# [2024-05-22 00:29:22] INFO: Polyakov loop = (-0.000254953,0.000678382)
# [2024-05-22 00:29:22] INFO: Writing conf to disk...
# [2024-05-22 00:29:22] INFO: writeconf_nersc: Writing NERSC configuration ./conf_s060t20_b0671320_a_U000611000
# [2024-05-22 00:29:25] INFO: Calculated checksum: f37cad82
# [2024-05-22 00:29:30] INFO: Calculated checksum: b3721c2c
# [2024-05-22 00:29:30] INFO: Writing RNGSTATE file: ./rand_s060t20_b0671320_a_U000611000
# [2024-05-22 00:29:30] INFO: Writing to disk took 7.8917 seconds
# [2024-05-22 00:29:30] INFO: ======================================================================
# [2024-05-22 00:29:30] INFO: Start sweeping...
# [2024-05-22 00:36:11] INFO: It took 401.087 seconds to do 500 HBOR sweeps.
# [2024-05-22 00:36:11] INFO: Plaquette = 0.653436
# [2024-05-22 00:36:11] INFO: Polyakov loop = (1.51382e-05,0.000979316)
# [2024-05-22 00:36:11] INFO: Writing conf to disk...
# [2024-05-22 00:36:11] INFO: writeconf_nersc: Writing NERSC configuration ./conf_s060t20_b0671320_a_U000611500
# [2024-05-22 00:36:14] INFO: Calculated checksum: cdbb2d18
# [2024-05-22 00:36:19] INFO: Calculated checksum: c04b0bca
# [2024-05-22 00:36:19] INFO: Writing RNGSTATE file: ./rand_s060t20_b0671320_a_U000611500
# [2024-05-22 00:36:19] INFO: Writing to disk took 7.66728 seconds
# [2024-05-22 00:36:19] INFO: ======================================================================
# [2024-05-22 00:36:19] INFO: Start sweeping...
# [2024-05-22 00:43:00] INFO: It took 401.146 seconds to do 500 HBOR sweeps.
# [2024-05-22 00:43:00] INFO: Plaquette = 0.653587
# [2024-05-22 00:43:00] INFO: Polyakov loop = (-0.000134409,0.000567467)
# [2024-05-22 00:43:00] INFO: Writing conf to disk...
# [2024-05-22 00:43:00] INFO: writeconf_nersc: Writing NERSC configuration ./conf_s060t20_b0671320_a_U000612000
# [2024-05-22 00:43:03] INFO: Calculated checksum: 2289d22
# [2024-05-22 00:43:07] INFO: Calculated checksum: bc777da9
# [2024-05-22 00:43:07] INFO: Writing RNGSTATE file: ./rand_s060t20_b0671320_a_U000612000
# [2024-05-22 00:43:08] INFO: Writing to disk took 7.63255 seconds
# [2024-05-22 00:43:08] INFO: ======================================================================
# [2024-05-22 00:43:08] INFO: Start sweeping...
# [2024-05-22 00:49:49] INFO: It took 401.127 seconds to do 500 HBOR sweeps.
# [2024-05-22 00:49:49] INFO: Plaquette = 0.653507
# [2024-05-22 00:49:49] INFO: Polyakov loop = (0.000744014,0.000811)
# [2024-05-22 00:49:49] INFO: Writing conf to disk...
# [2024-05-22 00:49:49] INFO: writeconf_nersc: Writing NERSC configuration ./conf_s060t20_b0671320_a_U000612500
# [2024-05-22 00:49:52] INFO: Calculated checksum: 301206e3
# [2024-05-22 00:49:57] INFO: Calculated checksum: 1cc8d1c6
# [2024-05-22 00:49:57] INFO: Writing RNGSTATE file: ./rand_s060t20_b0671320_a_U000612500
# [2024-05-22 00:49:57] INFO: Writing to disk took 8.33288 seconds
# [2024-05-22 00:49:57] INFO: ======================================================================
# [2024-05-22 00:49:57] INFO: Start sweeping...
# [2024-05-22 00:56:38] INFO: It took 401.195 seconds to do 500 HBOR sweeps.
# [2024-05-22 00:56:38] INFO: Plaquette = 0.653395
# [2024-05-22 00:56:38] INFO: Polyakov loop = (0.000375272,-0.000475575)
# [2024-05-22 00:56:38] INFO: Writing conf to disk...
# [2024-05-22 00:56:38] INFO: writeconf_nersc: Writing NERSC configuration ./conf_s060t20_b0671320_a_U000613000
# [2024-05-22 00:56:41] INFO: Calculated checksum: 22e5c55b
# [2024-05-22 00:56:46] INFO: Calculated checksum: d3a4f26f
# [2024-05-22 00:56:46] INFO: Writing RNGSTATE file: ./rand_s060t20_b0671320_a_U000613000
# [2024-05-22 00:56:46] INFO: Writing to disk took 7.58813 seconds
# [2024-05-22 00:56:46] INFO: ======================================================================
# [2024-05-22 00:56:46] INFO: Start sweeping...
# [2024-05-22 01:03:27] INFO: It took 401.169 seconds to do 500 HBOR sweeps.
# [2024-05-22 01:03:27] INFO: Plaquette = 0.653504
# [2024-05-22 01:03:27] INFO: Polyakov loop = (-0.000291677,0.000251546)
# [2024-05-22 01:03:27] INFO: Writing conf to disk...
# [2024-05-22 01:03:27] INFO: writeconf_nersc: Writing NERSC configuration ./conf_s060t20_b0671320_a_U000613500
# [2024-05-22 01:03:30] INFO: Calculated checksum: 306170c0
# [2024-05-22 01:03:35] INFO: Calculated checksum: 8c766a31
# [2024-05-22 01:03:35] INFO: Writing RNGSTATE file: ./rand_s060t20_b0671320_a_U000613500
# [2024-05-22 01:03:35] INFO: Writing to disk took 7.69989 seconds
# [2024-05-22 01:03:35] INFO: ======================================================================
# [2024-05-22 01:03:35] INFO: Start sweeping...
# [2024-05-22 01:10:16] INFO: It took 401.216 seconds to do 500 HBOR sweeps.
# [2024-05-22 01:10:16] INFO: Plaquette = 0.653455
# [2024-05-22 01:10:16] INFO: Polyakov loop = (5.60236e-05,0.000312921)
# [2024-05-22 01:10:16] INFO: Writing conf to disk...
# [2024-05-22 01:10:16] INFO: writeconf_nersc: Writing NERSC configuration ./conf_s060t20_b0671320_a_U000614000
# [2024-05-22 01:10:19] INFO: Calculated checksum: 56c6e312
# [2024-05-22 01:10:23] INFO: Calculated checksum: cb9606f1
# [2024-05-22 01:10:23] INFO: Writing RNGSTATE file: ./rand_s060t20_b0671320_a_U000614000
# [2024-05-22 01:10:24] INFO: Writing to disk took 7.52604 seconds
# [2024-05-22 01:10:24] INFO: ======================================================================
# [2024-05-22 01:10:24] INFO: Start sweeping...
# [2024-05-22 01:17:05] INFO: It took 401.188 seconds to do 500 HBOR sweeps.
# [2024-05-22 01:17:05] INFO: Plaquette = 0.653517
# [2024-05-22 01:17:05] INFO: Polyakov loop = (-0.000117339,0.00214501)
# [2024-05-22 01:17:05] INFO: Writing conf to disk...
# [2024-05-22 01:17:05] INFO: writeconf_nersc: Writing NERSC configuration ./conf_s060t20_b0671320_a_U000614500
# [2024-05-22 01:17:08] INFO: Calculated checksum: b9d09191
# [2024-05-22 01:17:13] INFO: Calculated checksum: 327e5bb
# [2024-05-22 01:17:13] INFO: Writing RNGSTATE file: ./rand_s060t20_b0671320_a_U000614500
# [2024-05-22 01:17:13] INFO: Writing to disk took 8.33654 seconds
# [2024-05-22 01:17:13] INFO: ======================================================================
# [2024-05-22 01:17:13] INFO: Start sweeping...
# [2024-05-22 01:23:54] INFO: It took 401.111 seconds to do 500 HBOR sweeps.
# [2024-05-22 01:23:54] INFO: Plaquette = 0.653481
# [2024-05-22 01:23:54] INFO: Polyakov loop = (0.00039804,0.000447032)
# [2024-05-22 01:23:54] INFO: Writing conf to disk...
# [2024-05-22 01:23:54] INFO: writeconf_nersc: Writing NERSC configuration ./conf_s060t20_b0671320_a_U000615000
# [2024-05-22 01:23:57] INFO: Calculated checksum: ee01d802
# [2024-05-22 01:24:02] INFO: Calculated checksum: 4f6b7bf6
# [2024-05-22 01:24:02] INFO: Writing RNGSTATE file: ./rand_s060t20_b0671320_a_U000615000
# [2024-05-22 01:24:02] INFO: Writing to disk took 7.59021 seconds
# [2024-05-22 01:24:02] INFO: ======================================================================
# [2024-05-22 01:24:02] INFO: Start sweeping...
# [2024-05-22 01:30:43] INFO: It took 401.137 seconds to do 500 HBOR sweeps.
# [2024-05-22 01:30:43] INFO: Plaquette = 0.653532
# [2024-05-22 01:30:43] INFO: Polyakov loop = (-0.000450311,0.000693964)
# [2024-05-22 01:30:43] INFO: Writing conf to disk...
# [2024-05-22 01:30:43] INFO: writeconf_nersc: Writing NERSC configuration ./conf_s060t20_b0671320_a_U000615500
# [2024-05-22 01:30:46] INFO: Calculated checksum: 21aace66
# [2024-05-22 01:30:52] INFO: Calculated checksum: 7737ee57
# [2024-05-22 01:30:52] INFO: Writing RNGSTATE file: ./rand_s060t20_b0671320_a_U000615500
# [2024-05-22 01:30:52] INFO: Writing to disk took 9.18506 seconds
# [2024-05-22 01:30:52] INFO: ======================================================================
# [2024-05-22 01:30:52] INFO: Start sweeping...
# [2024-05-22 01:37:33] INFO: It took 401.08 seconds to do 500 HBOR sweeps.
# [2024-05-22 01:37:33] INFO: Plaquette = 0.653414
# [2024-05-22 01:37:33] INFO: Polyakov loop = (-0.00129295,0.000797937)
# [2024-05-22 01:37:33] INFO: Writing conf to disk...
# [2024-05-22 01:37:33] INFO: writeconf_nersc: Writing NERSC configuration ./conf_s060t20_b0671320_a_U000616000
# [2024-05-22 01:37:36] INFO: Calculated checksum: c87e1ddc
# [2024-05-22 01:37:43] INFO: Calculated checksum: 9b8e84e7
# [2024-05-22 01:37:43] INFO: Writing RNGSTATE file: ./rand_s060t20_b0671320_a_U000616000
# [2024-05-22 01:37:43] INFO: Writing to disk took 9.52865 seconds
# [2024-05-22 01:37:43] INFO: ======================================================================
# [2024-05-22 01:37:43] INFO: Start sweeping...
# [2024-05-22 01:44:24] INFO: It took 401.099 seconds to do 500 HBOR sweeps.
# [2024-05-22 01:44:24] INFO: Plaquette = 0.653456
# [2024-05-22 01:44:24] INFO: Polyakov loop = (-0.000678538,-9.57453e-05)
# [2024-05-22 01:44:24] INFO: Writing conf to disk...
# [2024-05-22 01:44:24] INFO: writeconf_nersc: Writing NERSC configuration ./conf_s060t20_b0671320_a_U000616500
# [2024-05-22 01:44:27] INFO: Calculated checksum: 88f71721
# [2024-05-22 01:44:32] INFO: Calculated checksum: 85245771
# [2024-05-22 01:44:32] INFO: Writing RNGSTATE file: ./rand_s060t20_b0671320_a_U000616500
# [2024-05-22 01:44:32] INFO: Writing to disk took 7.99974 seconds
# [2024-05-22 01:44:32] INFO: ======================================================================
# [2024-05-22 01:44:32] INFO: Start sweeping...
# [2024-05-22 01:51:13] INFO: It took 401.069 seconds to do 500 HBOR sweeps.
# [2024-05-22 01:51:13] INFO: Plaquette = 0.6534
# [2024-05-22 01:51:13] INFO: Polyakov loop = (-0.000220546,0.00051524)
# [2024-05-22 01:51:13] INFO: Writing conf to disk...
# [2024-05-22 01:51:13] INFO: writeconf_nersc: Writing NERSC configuration ./conf_s060t20_b0671320_a_U000617000
# [2024-05-22 01:51:16] INFO: Calculated checksum: 3d884736
# [2024-05-22 01:51:21] INFO: Calculated checksum: 79ded3aa
# [2024-05-22 01:51:21] INFO: Writing RNGSTATE file: ./rand_s060t20_b0671320_a_U000617000
# [2024-05-22 01:51:21] INFO: Writing to disk took 7.54656 seconds
# [2024-05-22 01:51:21] INFO: ======================================================================
# [2024-05-22 01:51:21] INFO: Start sweeping...
# [2024-05-22 01:58:02] INFO: It took 401.071 seconds to do 500 HBOR sweeps.
# [2024-05-22 01:58:02] INFO: Plaquette = 0.653474
# [2024-05-22 01:58:02] INFO: Polyakov loop = (4.62508e-05,-0.000223809)
# [2024-05-22 01:58:02] INFO: Writing conf to disk...
# [2024-05-22 01:58:02] INFO: writeconf_nersc: Writing NERSC configuration ./conf_s060t20_b0671320_a_U000617500
# [2024-05-22 01:58:05] INFO: Calculated checksum: f6421f56
# [2024-05-22 01:58:10] INFO: Calculated checksum: ee86dbc2
# [2024-05-22 01:58:10] INFO: Writing RNGSTATE file: ./rand_s060t20_b0671320_a_U000617500
# [2024-05-22 01:58:10] INFO: Writing to disk took 7.72911 seconds
# [2024-05-22 01:58:10] INFO: ======================================================================
# [2024-05-22 01:58:10] INFO: Start sweeping...
# [2024-05-22 02:04:51] INFO: It took 400.97 seconds to do 500 HBOR sweeps.
# [2024-05-22 02:04:51] INFO: Plaquette = 0.653389
# [2024-05-22 02:04:51] INFO: Polyakov loop = (0.000560242,-0.000568305)
# [2024-05-22 02:04:51] INFO: Writing conf to disk...
# [2024-05-22 02:04:51] INFO: writeconf_nersc: Writing NERSC configuration ./conf_s060t20_b0671320_a_U000618000
# [2024-05-22 02:04:54] INFO: Calculated checksum: 9c63df3
# [2024-05-22 02:04:58] INFO: Calculated checksum: 79de0905
# [2024-05-22 02:04:58] INFO: Writing RNGSTATE file: ./rand_s060t20_b0671320_a_U000618000
# [2024-05-22 02:04:58] INFO: Writing to disk took 7.71506 seconds
# [2024-05-22 02:04:58] INFO: ======================================================================
# [2024-05-22 02:04:58] INFO: Start sweeping...
# [2024-05-22 02:11:40] INFO: It took 401.132 seconds to do 500 HBOR sweeps.
# [2024-05-22 02:11:40] INFO: Plaquette = 0.653452
# [2024-05-22 02:11:40] INFO: Polyakov loop = (-0.00083603,-0.00135135)
# [2024-05-22 02:11:40] INFO: Writing conf to disk...
# [2024-05-22 02:11:40] INFO: writeconf_nersc: Writing NERSC configuration ./conf_s060t20_b0671320_a_U000618500
# [2024-05-22 02:11:43] INFO: Calculated checksum: 1b4ab741
# [2024-05-22 02:11:47] INFO: Calculated checksum: f0c78eba
# [2024-05-22 02:11:47] INFO: Writing RNGSTATE file: ./rand_s060t20_b0671320_a_U000618500
# [2024-05-22 02:11:47] INFO: Writing to disk took 7.66906 seconds
# [2024-05-22 02:11:47] INFO: ======================================================================
# [2024-05-22 02:11:47] INFO: Start sweeping...
# [2024-05-22 02:18:28] INFO: It took 401.121 seconds to do 500 HBOR sweeps.
# [2024-05-22 02:18:28] INFO: Plaquette = 0.653553
# [2024-05-22 02:18:28] INFO: Polyakov loop = (0.000576262,-0.000446132)
# [2024-05-22 02:18:28] INFO: Writing conf to disk...
# [2024-05-22 02:18:28] INFO: writeconf_nersc: Writing NERSC configuration ./conf_s060t20_b0671320_a_U000619000
# [2024-05-22 02:18:31] INFO: Calculated checksum: 8629e332
# [2024-05-22 02:18:36] INFO: Calculated checksum: 3bde2e61
# [2024-05-22 02:18:36] INFO: Writing RNGSTATE file: ./rand_s060t20_b0671320_a_U000619000
# [2024-05-22 02:18:36] INFO: Writing to disk took 7.66094 seconds
# [2024-05-22 02:18:36] INFO: ======================================================================
# [2024-05-22 02:18:36] INFO: Start sweeping...
# [2024-05-22 02:25:17] INFO: It took 401.129 seconds to do 500 HBOR sweeps.
# [2024-05-22 02:25:17] INFO: Plaquette = 0.653522
# [2024-05-22 02:25:17] INFO: Polyakov loop = (-0.000349054,-0.00157754)
# [2024-05-22 02:25:17] INFO: Writing conf to disk...
# [2024-05-22 02:25:17] INFO: writeconf_nersc: Writing NERSC configuration ./conf_s060t20_b0671320_a_U000619500
# [2024-05-22 02:25:20] INFO: Calculated checksum: fde0098b
# [2024-05-22 02:25:25] INFO: Calculated checksum: 62b5c478
# [2024-05-22 02:25:25] INFO: Writing RNGSTATE file: ./rand_s060t20_b0671320_a_U000619500
# [2024-05-22 02:25:25] INFO: Writing to disk took 7.70052 seconds
# [2024-05-22 02:25:25] INFO: ======================================================================
# [2024-05-22 02:25:25] INFO: Start sweeping...
# [2024-05-22 02:32:06] INFO: It took 401.002 seconds to do 500 HBOR sweeps.
# [2024-05-22 02:32:06] INFO: Plaquette = 0.653463
# [2024-05-22 02:32:06] INFO: Polyakov loop = (-0.000407168,-0.00112965)
# [2024-05-22 02:32:06] INFO: Writing conf to disk...
# [2024-05-22 02:32:06] INFO: writeconf_nersc: Writing NERSC configuration ./conf_s060t20_b0671320_a_U000620000
# [2024-05-22 02:32:09] INFO: Calculated checksum: 2327c642
# [2024-05-22 02:32:14] INFO: Calculated checksum: 40c87b7e
# [2024-05-22 02:32:14] INFO: Writing RNGSTATE file: ./rand_s060t20_b0671320_a_U000620000
# [2024-05-22 02:32:14] INFO: Writing to disk took 7.73322 seconds
# [2024-05-22 02:32:14] INFO: ======================================================================
# [2024-05-22 02:32:14] INFO: Start sweeping...
# [2024-05-22 02:38:55] INFO: It took 401.039 seconds to do 500 HBOR sweeps.
# [2024-05-22 02:38:55] INFO: Plaquette = 0.65354
# [2024-05-22 02:38:55] INFO: Polyakov loop = (-0.000820953,-0.00073369)
# [2024-05-22 02:38:55] INFO: Writing conf to disk...
# [2024-05-22 02:38:55] INFO: writeconf_nersc: Writing NERSC configuration ./conf_s060t20_b0671320_a_U000620500
# [2024-05-22 02:38:58] INFO: Calculated checksum: 35433409
# [2024-05-22 02:39:02] INFO: Calculated checksum: fa0a99ef
# [2024-05-22 02:39:02] INFO: Writing RNGSTATE file: ./rand_s060t20_b0671320_a_U000620500
# [2024-05-22 02:39:03] INFO: Writing to disk took 7.66542 seconds
# [2024-05-22 02:39:03] INFO: ======================================================================
# [2024-05-22 02:39:03] INFO: Start sweeping...
# [2024-05-22 02:45:44] INFO: It took 401.031 seconds to do 500 HBOR sweeps.
# [2024-05-22 02:45:44] INFO: Plaquette = 0.653524
# [2024-05-22 02:45:44] INFO: Polyakov loop = (-0.00138746,-0.0017573)
# [2024-05-22 02:45:44] INFO: Writing conf to disk...
# [2024-05-22 02:45:44] INFO: writeconf_nersc: Writing NERSC configuration ./conf_s060t20_b0671320_a_U000621000
# [2024-05-22 02:45:47] INFO: Calculated checksum: c632394d
# [2024-05-22 02:45:52] INFO: Calculated checksum: ad005f0c
# [2024-05-22 02:45:52] INFO: Writing RNGSTATE file: ./rand_s060t20_b0671320_a_U000621000
# [2024-05-22 02:45:52] INFO: Writing to disk took 8.18525 seconds
# [2024-05-22 02:45:52] INFO: ======================================================================
# [2024-05-22 02:45:52] INFO: Start sweeping...
# [2024-05-22 02:52:33] INFO: It took 401.123 seconds to do 500 HBOR sweeps.
# [2024-05-22 02:52:33] INFO: Plaquette = 0.653409
# [2024-05-22 02:52:33] INFO: Polyakov loop = (0.000310984,-0.00130806)
# [2024-05-22 02:52:33] INFO: Writing conf to disk...
# [2024-05-22 02:52:33] INFO: writeconf_nersc: Writing NERSC configuration ./conf_s060t20_b0671320_a_U000621500
# [2024-05-22 02:52:36] INFO: Calculated checksum: 1c215ab8
# [2024-05-22 02:52:41] INFO: Calculated checksum: f6b81503
# [2024-05-22 02:52:41] INFO: Writing RNGSTATE file: ./rand_s060t20_b0671320_a_U000621500
# [2024-05-22 02:52:41] INFO: Writing to disk took 7.72158 seconds
# [2024-05-22 02:52:41] INFO: ======================================================================
# [2024-05-22 02:52:41] INFO: Start sweeping...
# [2024-05-22 02:59:22] INFO: It took 401.229 seconds to do 500 HBOR sweeps.
# [2024-05-22 02:59:22] INFO: Plaquette = 0.653487
# [2024-05-22 02:59:22] INFO: Polyakov loop = (-0.00123983,-0.00102869)
# [2024-05-22 02:59:22] INFO: Writing conf to disk...
# [2024-05-22 02:59:22] INFO: writeconf_nersc: Writing NERSC configuration ./conf_s060t20_b0671320_a_U000622000
# [2024-05-22 02:59:25] INFO: Calculated checksum: 9b1327b9
# [2024-05-22 02:59:30] INFO: Calculated checksum: 581250fe
# [2024-05-22 02:59:30] INFO: Writing RNGSTATE file: ./rand_s060t20_b0671320_a_U000622000
# [2024-05-22 02:59:30] INFO: Writing to disk took 7.67847 seconds
# [2024-05-22 02:59:30] INFO: ======================================================================
# [2024-05-22 02:59:30] INFO: Start sweeping...
# [2024-05-22 03:06:11] INFO: It took 401.182 seconds to do 500 HBOR sweeps.
# [2024-05-22 03:06:11] INFO: Plaquette = 0.653504
# [2024-05-22 03:06:11] INFO: Polyakov loop = (-0.000138854,0.000555693)
# [2024-05-22 03:06:11] INFO: Writing conf to disk...
# [2024-05-22 03:06:11] INFO: writeconf_nersc: Writing NERSC configuration ./conf_s060t20_b0671320_a_U000622500
# [2024-05-22 03:06:14] INFO: Calculated checksum: efd831f1
# [2024-05-22 03:06:18] INFO: Calculated checksum: c8ab7f75
# [2024-05-22 03:06:18] INFO: Writing RNGSTATE file: ./rand_s060t20_b0671320_a_U000622500
# [2024-05-22 03:06:19] INFO: Writing to disk took 7.63136 seconds
# [2024-05-22 03:06:19] INFO: ======================================================================
# [2024-05-22 03:06:19] INFO: Start sweeping...
# [2024-05-22 03:13:00] INFO: It took 401.087 seconds to do 500 HBOR sweeps.
# [2024-05-22 03:13:00] INFO: Plaquette = 0.65354
# [2024-05-22 03:13:00] INFO: Polyakov loop = (-0.000157441,0.000462813)
# [2024-05-22 03:13:00] INFO: Writing conf to disk...
# [2024-05-22 03:13:00] INFO: writeconf_nersc: Writing NERSC configuration ./conf_s060t20_b0671320_a_U000623000
# [2024-05-22 03:13:03] INFO: Calculated checksum: 1cd533b3
# [2024-05-22 03:13:07] INFO: Calculated checksum: f3a8438d
# [2024-05-22 03:13:07] INFO: Writing RNGSTATE file: ./rand_s060t20_b0671320_a_U000623000
# [2024-05-22 03:13:07] INFO: Writing to disk took 7.72333 seconds
# [2024-05-22 03:13:07] INFO: ======================================================================
# [2024-05-22 03:13:07] INFO: Start sweeping...
# [2024-05-22 03:19:49] INFO: It took 401.249 seconds to do 500 HBOR sweeps.
# [2024-05-22 03:19:49] INFO: Plaquette = 0.653486
# [2024-05-22 03:19:49] INFO: Polyakov loop = (0.00131354,0.000265867)
# [2024-05-22 03:19:49] INFO: Writing conf to disk...
# [2024-05-22 03:19:49] INFO: writeconf_nersc: Writing NERSC configuration ./conf_s060t20_b0671320_a_U000623500
# [2024-05-22 03:19:52] INFO: Calculated checksum: e79bb954
# [2024-05-22 03:19:56] INFO: Calculated checksum: a41a0bc2
# [2024-05-22 03:19:56] INFO: Writing RNGSTATE file: ./rand_s060t20_b0671320_a_U000623500
# [2024-05-22 03:19:56] INFO: Writing to disk took 7.69992 seconds
# [2024-05-22 03:19:56] INFO: ======================================================================
# [2024-05-22 03:19:56] INFO: Start sweeping...
# [2024-05-22 03:26:38] INFO: It took 401.147 seconds to do 500 HBOR sweeps.
# [2024-05-22 03:26:38] INFO: Plaquette = 0.653523
# [2024-05-22 03:26:38] INFO: Polyakov loop = (0.00152829,2.01488e-05)
# [2024-05-22 03:26:38] INFO: Writing conf to disk...
# [2024-05-22 03:26:38] INFO: writeconf_nersc: Writing NERSC configuration ./conf_s060t20_b0671320_a_U000624000
# [2024-05-22 03:26:40] INFO: Calculated checksum: 3da26c47
# [2024-05-22 03:26:45] INFO: Calculated checksum: fd79d66e
# [2024-05-22 03:26:45] INFO: Writing RNGSTATE file: ./rand_s060t20_b0671320_a_U000624000
# [2024-05-22 03:26:45] INFO: Writing to disk took 7.71446 seconds
# [2024-05-22 03:26:45] INFO: ======================================================================
# [2024-05-22 03:26:45] INFO: Start sweeping...
# [2024-05-22 03:33:26] INFO: It took 401.17 seconds to do 500 HBOR sweeps.
# [2024-05-22 03:33:26] INFO: Plaquette = 0.653571
# [2024-05-22 03:33:26] INFO: Polyakov loop = (-0.000806141,-0.000116358)
# [2024-05-22 03:33:26] INFO: Writing conf to disk...
# [2024-05-22 03:33:26] INFO: writeconf_nersc: Writing NERSC configuration ./conf_s060t20_b0671320_a_U000624500
# [2024-05-22 03:33:29] INFO: Calculated checksum: 9c41dc21
# [2024-05-22 03:33:34] INFO: Calculated checksum: daa25a56
# [2024-05-22 03:33:34] INFO: Writing RNGSTATE file: ./rand_s060t20_b0671320_a_U000624500
# [2024-05-22 03:33:34] INFO: Writing to disk took 7.69825 seconds
# [2024-05-22 03:33:34] INFO: ======================================================================
# [2024-05-22 03:33:34] INFO: Start sweeping...
# [2024-05-22 03:40:15] INFO: It took 401.254 seconds to do 500 HBOR sweeps.
# [2024-05-22 03:40:15] INFO: Plaquette = 0.653543
# [2024-05-22 03:40:15] INFO: Polyakov loop = (0.000904901,8.38303e-06)
# [2024-05-22 03:40:15] INFO: Writing conf to disk...
# [2024-05-22 03:40:15] INFO: writeconf_nersc: Writing NERSC configuration ./conf_s060t20_b0671320_a_U000625000
# [2024-05-22 03:40:18] INFO: Calculated checksum: 8b092d86
# [2024-05-22 03:40:23] INFO: Calculated checksum: e2c428e
# [2024-05-22 03:40:23] INFO: Writing RNGSTATE file: ./rand_s060t20_b0671320_a_U000625000
# [2024-05-22 03:40:23] INFO: Writing to disk took 7.75005 seconds
# [2024-05-22 03:40:23] INFO: ======================================================================
# [2024-05-22 03:40:23] INFO: Start sweeping...
# [2024-05-22 03:47:04] INFO: It took 401.225 seconds to do 500 HBOR sweeps.
# [2024-05-22 03:47:05] INFO: Plaquette = 0.653533
# [2024-05-22 03:47:05] INFO: Polyakov loop = (-0.00098772,-0.000232996)
# [2024-05-22 03:47:05] INFO: Writing conf to disk...
# [2024-05-22 03:47:05] INFO: writeconf_nersc: Writing NERSC configuration ./conf_s060t20_b0671320_a_U000625500
# [2024-05-22 03:47:07] INFO: Calculated checksum: 940f218d
# [2024-05-22 03:47:12] INFO: Calculated checksum: 22a0260f
# [2024-05-22 03:47:12] INFO: Writing RNGSTATE file: ./rand_s060t20_b0671320_a_U000625500
# [2024-05-22 03:47:12] INFO: Writing to disk took 7.65341 seconds
# [2024-05-22 03:47:12] INFO: ======================================================================
# [2024-05-22 03:47:12] INFO: Start sweeping...
# [2024-05-22 03:53:53] INFO: It took 401.208 seconds to do 500 HBOR sweeps.
# [2024-05-22 03:53:53] INFO: Plaquette = 0.653489
# [2024-05-22 03:53:53] INFO: Polyakov loop = (-0.000114885,-0.000970679)
# [2024-05-22 03:53:53] INFO: Writing conf to disk...
# [2024-05-22 03:53:53] INFO: writeconf_nersc: Writing NERSC configuration ./conf_s060t20_b0671320_a_U000626000
# [2024-05-22 03:53:56] INFO: Calculated checksum: 297e160a
# [2024-05-22 03:54:01] INFO: Calculated checksum: 5be545fd
# [2024-05-22 03:54:01] INFO: Writing RNGSTATE file: ./rand_s060t20_b0671320_a_U000626000
# [2024-05-22 03:54:01] INFO: Writing to disk took 7.69494 seconds
# [2024-05-22 03:54:01] INFO: ======================================================================
# [2024-05-22 03:54:01] INFO: Start sweeping...
# [2024-05-22 04:00:42] INFO: It took 401.231 seconds to do 500 HBOR sweeps.
# [2024-05-22 04:00:42] INFO: Plaquette = 0.653458
# [2024-05-22 04:00:42] INFO: Polyakov loop = (-0.00126387,-0.000867276)
# [2024-05-22 04:00:42] INFO: Writing conf to disk...
# [2024-05-22 04:00:42] INFO: writeconf_nersc: Writing NERSC configuration ./conf_s060t20_b0671320_a_U000626500
# [2024-05-22 04:00:45] INFO: Calculated checksum: 1f0a7e4f
# [2024-05-22 04:00:50] INFO: Calculated checksum: fcd38837
# [2024-05-22 04:00:50] INFO: Writing RNGSTATE file: ./rand_s060t20_b0671320_a_U000626500
# [2024-05-22 04:00:50] INFO: Writing to disk took 7.68896 seconds
# [2024-05-22 04:00:50] INFO: ======================================================================
# [2024-05-22 04:00:50] INFO: Start sweeping...
# [2024-05-22 04:07:31] INFO: It took 401.294 seconds to do 500 HBOR sweeps.
# [2024-05-22 04:07:31] INFO: Plaquette = 0.653445
# [2024-05-22 04:07:31] INFO: Polyakov loop = (-0.000923092,-0.00195624)
# [2024-05-22 04:07:31] INFO: Writing conf to disk...
# [2024-05-22 04:07:31] INFO: writeconf_nersc: Writing NERSC configuration ./conf_s060t20_b0671320_a_U000627000
# [2024-05-22 04:07:34] INFO: Calculated checksum: f2a7097
# [2024-05-22 04:07:39] INFO: Calculated checksum: 8832059b
# [2024-05-22 04:07:39] INFO: Writing RNGSTATE file: ./rand_s060t20_b0671320_a_U000627000
# [2024-05-22 04:07:39] INFO: Writing to disk took 7.72463 seconds
# [2024-05-22 04:07:39] INFO: ======================================================================
# [2024-05-22 04:07:39] INFO: Start sweeping...
# [2024-05-22 04:14:20] INFO: It took 401.118 seconds to do 500 HBOR sweeps.
# [2024-05-22 04:14:20] INFO: Plaquette = 0.653469
# [2024-05-22 04:14:20] INFO: Polyakov loop = (-0.000721129,-0.000297238)
# [2024-05-22 04:14:20] INFO: Writing conf to disk...
# [2024-05-22 04:14:20] INFO: writeconf_nersc: Writing NERSC configuration ./conf_s060t20_b0671320_a_U000627500
# [2024-05-22 04:14:23] INFO: Calculated checksum: e8d5af8f
# [2024-05-22 04:14:28] INFO: Calculated checksum: b86d48b9
# [2024-05-22 04:14:28] INFO: Writing RNGSTATE file: ./rand_s060t20_b0671320_a_U000627500
# [2024-05-22 04:14:28] INFO: Writing to disk took 7.69447 seconds
# [2024-05-22 04:14:28] INFO: ======================================================================
# [2024-05-22 04:14:28] INFO: Start sweeping...
# [2024-05-22 04:21:09] INFO: It took 401.195 seconds to do 500 HBOR sweeps.
# [2024-05-22 04:21:09] INFO: Plaquette = 0.653448
# [2024-05-22 04:21:09] INFO: Polyakov loop = (-0.000871028,-0.000192999)
# [2024-05-22 04:21:09] INFO: Writing conf to disk...
# [2024-05-22 04:21:09] INFO: writeconf_nersc: Writing NERSC configuration ./conf_s060t20_b0671320_a_U000628000
# [2024-05-22 04:21:12] INFO: Calculated checksum: aab4c15f
# [2024-05-22 04:21:17] INFO: Calculated checksum: 7ef85a1f
# [2024-05-22 04:21:17] INFO: Writing RNGSTATE file: ./rand_s060t20_b0671320_a_U000628000
# [2024-05-22 04:21:17] INFO: Writing to disk took 7.67663 seconds
# [2024-05-22 04:21:17] INFO: ======================================================================
# [2024-05-22 04:21:17] INFO: Start sweeping...
# [2024-05-22 04:27:58] INFO: It took 401.148 seconds to do 500 HBOR sweeps.
# [2024-05-22 04:27:58] INFO: Plaquette = 0.653493
# [2024-05-22 04:27:58] INFO: Polyakov loop = (-0.000423391,-0.000762906)
# [2024-05-22 04:27:58] INFO: Writing conf to disk...
# [2024-05-22 04:27:58] INFO: writeconf_nersc: Writing NERSC configuration ./conf_s060t20_b0671320_a_U000628500
# [2024-05-22 04:28:01] INFO: Calculated checksum: d1c66dda
# [2024-05-22 04:28:06] INFO: Calculated checksum: 59797554
# [2024-05-22 04:28:06] INFO: Writing RNGSTATE file: ./rand_s060t20_b0671320_a_U000628500
# [2024-05-22 04:28:06] INFO: Writing to disk took 7.68288 seconds
# [2024-05-22 04:28:06] INFO: ======================================================================
# [2024-05-22 04:28:06] INFO: Start sweeping...
# [2024-05-22 04:34:47] INFO: It took 401.299 seconds to do 500 HBOR sweeps.
# [2024-05-22 04:34:47] INFO: Plaquette = 0.653499
# [2024-05-22 04:34:47] INFO: Polyakov loop = (-0.00106803,0.000213041)
# [2024-05-22 04:34:47] INFO: Writing conf to disk...
# [2024-05-22 04:34:47] INFO: writeconf_nersc: Writing NERSC configuration ./conf_s060t20_b0671320_a_U000629000
# [2024-05-22 04:34:50] INFO: Calculated checksum: d65552b0
# [2024-05-22 04:34:55] INFO: Calculated checksum: f0ff7a9f
# [2024-05-22 04:34:55] INFO: Writing RNGSTATE file: ./rand_s060t20_b0671320_a_U000629000
# [2024-05-22 04:34:55] INFO: Writing to disk took 8.19287 seconds
# [2024-05-22 04:34:55] INFO: ======================================================================
# [2024-05-22 04:34:55] INFO: Start sweeping...
# [2024-05-22 04:41:37] INFO: It took 401.349 seconds to do 500 HBOR sweeps.
# [2024-05-22 04:41:37] INFO: Plaquette = 0.653452
# [2024-05-22 04:41:37] INFO: Polyakov loop = (-0.000225869,-0.000528957)
# [2024-05-22 04:41:37] INFO: Writing conf to disk...
# [2024-05-22 04:41:37] INFO: writeconf_nersc: Writing NERSC configuration ./conf_s060t20_b0671320_a_U000629500
# [2024-05-22 04:41:40] INFO: Calculated checksum: 5045b550
# [2024-05-22 04:41:44] INFO: Calculated checksum: 595f3dc1
# [2024-05-22 04:41:44] INFO: Writing RNGSTATE file: ./rand_s060t20_b0671320_a_U000629500
# [2024-05-22 04:41:44] INFO: Writing to disk took 7.66171 seconds
# [2024-05-22 04:41:44] INFO: ======================================================================
# [2024-05-22 04:41:44] INFO: Start sweeping...
# [2024-05-22 04:48:26] INFO: It took 401.388 seconds to do 500 HBOR sweeps.
# [2024-05-22 04:48:26] INFO: Plaquette = 0.653374
# [2024-05-22 04:48:26] INFO: Polyakov loop = (-2.91614e-05,0.000333171)
# [2024-05-22 04:48:26] INFO: Writing conf to disk...
# [2024-05-22 04:48:26] INFO: writeconf_nersc: Writing NERSC configuration ./conf_s060t20_b0671320_a_U000630000
# [2024-05-22 04:48:29] INFO: Calculated checksum: 715b3670
# [2024-05-22 04:48:34] INFO: Calculated checksum: a3394685
# [2024-05-22 04:48:34] INFO: Writing RNGSTATE file: ./rand_s060t20_b0671320_a_U000630000
# [2024-05-22 04:48:34] INFO: Writing to disk took 7.76185 seconds
# [2024-05-22 04:48:34] INFO: ======================================================================
# [2024-05-22 04:48:34] INFO: Start sweeping...
# [2024-05-22 04:55:15] INFO: It took 401.113 seconds to do 500 HBOR sweeps.
# [2024-05-22 04:55:15] INFO: Plaquette = 0.653506
# [2024-05-22 04:55:15] INFO: Polyakov loop = (-0.000448787,-0.000341177)
# [2024-05-22 04:55:15] INFO: Writing conf to disk...
# [2024-05-22 04:55:15] INFO: writeconf_nersc: Writing NERSC configuration ./conf_s060t20_b0671320_a_U000630500
# [2024-05-22 04:55:18] INFO: Calculated checksum: 478cbb26
# [2024-05-22 04:55:22] INFO: Calculated checksum: 7a6f4a7c
# [2024-05-22 04:55:22] INFO: Writing RNGSTATE file: ./rand_s060t20_b0671320_a_U000630500
# [2024-05-22 04:55:23] INFO: Writing to disk took 7.71345 seconds
# [2024-05-22 04:55:23] INFO: ======================================================================
# [2024-05-22 04:55:23] INFO: Start sweeping...
# [2024-05-22 05:02:04] INFO: It took 401.111 seconds to do 500 HBOR sweeps.
# [2024-05-22 05:02:04] INFO: Plaquette = 0.653482
# [2024-05-22 05:02:04] INFO: Polyakov loop = (-0.000128562,0.000582287)
# [2024-05-22 05:02:04] INFO: Writing conf to disk...
# [2024-05-22 05:02:04] INFO: writeconf_nersc: Writing NERSC configuration ./conf_s060t20_b0671320_a_U000631000
# [2024-05-22 05:02:07] INFO: Calculated checksum: c307ae1d
# [2024-05-22 05:02:11] INFO: Calculated checksum: 739f235
# [2024-05-22 05:02:11] INFO: Writing RNGSTATE file: ./rand_s060t20_b0671320_a_U000631000
# [2024-05-22 05:02:11] INFO: Writing to disk took 7.77739 seconds
# [2024-05-22 05:02:11] INFO: ======================================================================
# [2024-05-22 05:02:11] INFO: Start sweeping...
# [2024-05-22 05:08:52] INFO: It took 400.549 seconds to do 500 HBOR sweeps.
# [2024-05-22 05:08:52] INFO: Plaquette = 0.65347
# [2024-05-22 05:08:52] INFO: Polyakov loop = (-0.00072023,0.000351665)
# [2024-05-22 05:08:52] INFO: Writing conf to disk...
# [2024-05-22 05:08:52] INFO: writeconf_nersc: Writing NERSC configuration ./conf_s060t20_b0671320_a_U000631500
# [2024-05-22 05:08:55] INFO: Calculated checksum: 557c61cc
# [2024-05-22 05:09:00] INFO: Calculated checksum: 4a4e551f
# [2024-05-22 05:09:00] INFO: Writing RNGSTATE file: ./rand_s060t20_b0671320_a_U000631500
# [2024-05-22 05:09:00] INFO: Writing to disk took 8.26026 seconds
# [2024-05-22 05:09:00] INFO: ======================================================================
# [2024-05-22 05:09:00] INFO: Start sweeping...
# [2024-05-22 05:15:41] INFO: It took 400.664 seconds to do 500 HBOR sweeps.
# [2024-05-22 05:15:41] INFO: Plaquette = 0.653457
# [2024-05-22 05:15:41] INFO: Polyakov loop = (-0.000142232,0.000320433)
# [2024-05-22 05:15:41] INFO: Writing conf to disk...
# [2024-05-22 05:15:41] INFO: writeconf_nersc: Writing NERSC configuration ./conf_s060t20_b0671320_a_U000632000
# [2024-05-22 05:15:44] INFO: Calculated checksum: a17a3cb1
# [2024-05-22 05:15:49] INFO: Calculated checksum: f9b7098e
# [2024-05-22 05:15:49] INFO: Writing RNGSTATE file: ./rand_s060t20_b0671320_a_U000632000
# [2024-05-22 05:15:49] INFO: Writing to disk took 7.72965 seconds
# [2024-05-22 05:15:49] INFO: ======================================================================
# [2024-05-22 05:15:49] INFO: Start sweeping...
# [2024-05-22 05:22:29] INFO: It took 400.654 seconds to do 500 HBOR sweeps.
# [2024-05-22 05:22:30] INFO: Plaquette = 0.653518
# [2024-05-22 05:22:30] INFO: Polyakov loop = (-0.000200003,-0.000344376)
# [2024-05-22 05:22:30] INFO: Writing conf to disk...
# [2024-05-22 05:22:30] INFO: writeconf_nersc: Writing NERSC configuration ./conf_s060t20_b0671320_a_U000632500
# [2024-05-22 05:22:32] INFO: Calculated checksum: b0bd2b62
# [2024-05-22 05:22:37] INFO: Calculated checksum: 3e0a4e98
# [2024-05-22 05:22:37] INFO: Writing RNGSTATE file: ./rand_s060t20_b0671320_a_U000632500
# [2024-05-22 05:22:38] INFO: Writing to disk took 7.99307 seconds
# [2024-05-22 05:22:38] INFO: ======================================================================
# [2024-05-22 05:22:38] INFO: Start sweeping...
# [2024-05-22 05:29:18] INFO: It took 400.692 seconds to do 500 HBOR sweeps.
# [2024-05-22 05:29:18] INFO: Plaquette = 0.653434
# [2024-05-22 05:29:18] INFO: Polyakov loop = (-0.000700742,-0.00170119)
# [2024-05-22 05:29:18] INFO: Writing conf to disk...
# [2024-05-22 05:29:18] INFO: writeconf_nersc: Writing NERSC configuration ./conf_s060t20_b0671320_a_U000633000
# [2024-05-22 05:29:21] INFO: Calculated checksum: b399bff7
# [2024-05-22 05:29:26] INFO: Calculated checksum: 80f535df
# [2024-05-22 05:29:26] INFO: Writing RNGSTATE file: ./rand_s060t20_b0671320_a_U000633000
# [2024-05-22 05:29:26] INFO: Writing to disk took 7.91676 seconds
# [2024-05-22 05:29:26] INFO: ======================================================================
# [2024-05-22 05:29:26] INFO: Start sweeping...
# [2024-05-22 05:36:07] INFO: It took 400.833 seconds to do 500 HBOR sweeps.
# [2024-05-22 05:36:07] INFO: Plaquette = 0.653451
# [2024-05-22 05:36:07] INFO: Polyakov loop = (-0.00144888,-0.00172785)
# [2024-05-22 05:36:07] INFO: Writing conf to disk...
# [2024-05-22 05:36:07] INFO: writeconf_nersc: Writing NERSC configuration ./conf_s060t20_b0671320_a_U000633500
# [2024-05-22 05:36:10] INFO: Calculated checksum: b382bb0b
# [2024-05-22 05:36:15] INFO: Calculated checksum: b045f3c2
# [2024-05-22 05:36:15] INFO: Writing RNGSTATE file: ./rand_s060t20_b0671320_a_U000633500
# [2024-05-22 05:36:15] INFO: Writing to disk took 7.85131 seconds
# [2024-05-22 05:36:15] INFO: ======================================================================
# [2024-05-22 05:36:15] INFO: Start sweeping...
# [2024-05-22 05:42:56] INFO: It took 400.975 seconds to do 500 HBOR sweeps.
# [2024-05-22 05:42:56] INFO: Plaquette = 0.653485
# [2024-05-22 05:42:56] INFO: Polyakov loop = (-0.000718032,-0.00218893)
# [2024-05-22 05:42:56] INFO: Writing conf to disk...
# [2024-05-22 05:42:56] INFO: writeconf_nersc: Writing NERSC configuration ./conf_s060t20_b0671320_a_U000634000
# [2024-05-22 05:42:59] INFO: Calculated checksum: 6700da30
# [2024-05-22 05:43:04] INFO: Calculated checksum: b087b2ec
# [2024-05-22 05:43:04] INFO: Writing RNGSTATE file: ./rand_s060t20_b0671320_a_U000634000
# [2024-05-22 05:43:04] INFO: Writing to disk took 7.80469 seconds
# [2024-05-22 05:43:04] INFO: ======================================================================
# [2024-05-22 05:43:04] INFO: Start sweeping...
# [2024-05-22 05:49:45] INFO: It took 401.018 seconds to do 500 HBOR sweeps.
# [2024-05-22 05:49:45] INFO: Plaquette = 0.653426
# [2024-05-22 05:49:45] INFO: Polyakov loop = (-0.00135967,-0.00200047)
# [2024-05-22 05:49:45] INFO: Writing conf to disk...
# [2024-05-22 05:49:45] INFO: writeconf_nersc: Writing NERSC configuration ./conf_s060t20_b0671320_a_U000634500
# [2024-05-22 05:49:48] INFO: Calculated checksum: e0bcf7bd
# [2024-05-22 05:49:53] INFO: Calculated checksum: 955d48a5
# [2024-05-22 05:49:53] INFO: Writing RNGSTATE file: ./rand_s060t20_b0671320_a_U000634500
# [2024-05-22 05:49:53] INFO: Writing to disk took 7.86329 seconds
# [2024-05-22 05:49:53] INFO: ======================================================================
# [2024-05-22 05:49:53] INFO: Start sweeping...
# [2024-05-22 05:56:34] INFO: It took 400.974 seconds to do 500 HBOR sweeps.
# [2024-05-22 05:56:34] INFO: Plaquette = 0.653531
# [2024-05-22 05:56:34] INFO: Polyakov loop = (-0.00187696,-0.00120974)
# [2024-05-22 05:56:34] INFO: Writing conf to disk...
# [2024-05-22 05:56:34] INFO: writeconf_nersc: Writing NERSC configuration ./conf_s060t20_b0671320_a_U000635000
# [2024-05-22 05:56:37] INFO: Calculated checksum: cba67911
# [2024-05-22 05:56:42] INFO: Calculated checksum: 93500fa9
# [2024-05-22 05:56:42] INFO: Writing RNGSTATE file: ./rand_s060t20_b0671320_a_U000635000
# [2024-05-22 05:56:42] INFO: Writing to disk took 8.39934 seconds
# [2024-05-22 05:56:42] INFO: ======================================================================
# [2024-05-22 05:56:42] INFO: Start sweeping...
# [2024-05-22 06:03:23] INFO: It took 401.069 seconds to do 500 HBOR sweeps.
# [2024-05-22 06:03:23] INFO: Plaquette = 0.653634
# [2024-05-22 06:03:23] INFO: Polyakov loop = (-0.000909808,-0.00155297)
# [2024-05-22 06:03:23] INFO: Writing conf to disk...
# [2024-05-22 06:03:23] INFO: writeconf_nersc: Writing NERSC configuration ./conf_s060t20_b0671320_a_U000635500
# [2024-05-22 06:03:26] INFO: Calculated checksum: 2231cd36
# [2024-05-22 06:03:31] INFO: Calculated checksum: 36a04670
# [2024-05-22 06:03:31] INFO: Writing RNGSTATE file: ./rand_s060t20_b0671320_a_U000635500
# [2024-05-22 06:03:31] INFO: Writing to disk took 7.75217 seconds
# [2024-05-22 06:03:31] INFO: ======================================================================
# [2024-05-22 06:03:31] INFO: Start sweeping...
# [2024-05-22 06:10:12] INFO: It took 401.044 seconds to do 500 HBOR sweeps.
# [2024-05-22 06:10:12] INFO: Plaquette = 0.653492
# [2024-05-22 06:10:12] INFO: Polyakov loop = (-0.000641414,-0.00100527)
# [2024-05-22 06:10:12] INFO: Writing conf to disk...
# [2024-05-22 06:10:12] INFO: writeconf_nersc: Writing NERSC configuration ./conf_s060t20_b0671320_a_U000636000
# [2024-05-22 06:10:15] INFO: Calculated checksum: 11b39200
# [2024-05-22 06:10:20] INFO: Calculated checksum: c9204115
# [2024-05-22 06:10:20] INFO: Writing RNGSTATE file: ./rand_s060t20_b0671320_a_U000636000
# [2024-05-22 06:10:20] INFO: Writing to disk took 7.92877 seconds
# [2024-05-22 06:10:20] INFO: ======================================================================
# [2024-05-22 06:10:20] INFO: Start sweeping...
# [2024-05-22 06:17:01] INFO: It took 400.994 seconds to do 500 HBOR sweeps.
# [2024-05-22 06:17:01] INFO: Plaquette = 0.653443
# [2024-05-22 06:17:01] INFO: Polyakov loop = (-0.000404608,-0.000905274)
# [2024-05-22 06:17:01] INFO: Writing conf to disk...
# [2024-05-22 06:17:01] INFO: writeconf_nersc: Writing NERSC configuration ./conf_s060t20_b0671320_a_U000636500
# [2024-05-22 06:17:04] INFO: Calculated checksum: 4b4391b3
# [2024-05-22 06:17:09] INFO: Calculated checksum: e7247467
# [2024-05-22 06:17:09] INFO: Writing RNGSTATE file: ./rand_s060t20_b0671320_a_U000636500
# [2024-05-22 06:17:09] INFO: Writing to disk took 7.79547 seconds
# [2024-05-22 06:17:09] INFO: ======================================================================
# [2024-05-22 06:17:09] INFO: Start sweeping...
# [2024-05-22 06:23:50] INFO: It took 401.087 seconds to do 500 HBOR sweeps.
# [2024-05-22 06:23:50] INFO: Plaquette = 0.653529
# [2024-05-22 06:23:50] INFO: Polyakov loop = (-0.000368805,-0.000496678)
# [2024-05-22 06:23:50] INFO: Writing conf to disk...
# [2024-05-22 06:23:50] INFO: writeconf_nersc: Writing NERSC configuration ./conf_s060t20_b0671320_a_U000637000
# [2024-05-22 06:23:53] INFO: Calculated checksum: abc08675
# [2024-05-22 06:23:57] INFO: Calculated checksum: 1f2acf7e
# [2024-05-22 06:23:57] INFO: Writing RNGSTATE file: ./rand_s060t20_b0671320_a_U000637000
# [2024-05-22 06:23:57] INFO: Writing to disk took 7.29982 seconds
# [2024-05-22 06:23:57] INFO: ======================================================================
# [2024-05-22 06:23:57] INFO: Start sweeping...
# [2024-05-22 06:30:38] INFO: It took 401.091 seconds to do 500 HBOR sweeps.
# [2024-05-22 06:30:38] INFO: Plaquette = 0.65363
# [2024-05-22 06:30:38] INFO: Polyakov loop = (-0.000755348,-0.000617178)
# [2024-05-22 06:30:38] INFO: Writing conf to disk...
# [2024-05-22 06:30:38] INFO: writeconf_nersc: Writing NERSC configuration ./conf_s060t20_b0671320_a_U000637500
# [2024-05-22 06:30:41] INFO: Calculated checksum: 2f513efd
# [2024-05-22 06:30:46] INFO: Calculated checksum: de496c86
# [2024-05-22 06:30:46] INFO: Writing RNGSTATE file: ./rand_s060t20_b0671320_a_U000637500
# [2024-05-22 06:30:46] INFO: Writing to disk took 7.30278 seconds
# [2024-05-22 06:30:46] INFO: ======================================================================
# [2024-05-22 06:30:46] INFO: Start sweeping...
# [2024-05-22 06:37:27] INFO: It took 401.136 seconds to do 500 HBOR sweeps.
# [2024-05-22 06:37:27] INFO: Plaquette = 0.653513
# [2024-05-22 06:37:27] INFO: Polyakov loop = (-0.000771407,-0.0017473)
# [2024-05-22 06:37:27] INFO: Writing conf to disk...
# [2024-05-22 06:37:27] INFO: writeconf_nersc: Writing NERSC configuration ./conf_s060t20_b0671320_a_U000638000
# [2024-05-22 06:37:30] INFO: Calculated checksum: c37d56d3
# [2024-05-22 06:37:34] INFO: Calculated checksum: edebf134
# [2024-05-22 06:37:34] INFO: Writing RNGSTATE file: ./rand_s060t20_b0671320_a_U000638000
# [2024-05-22 06:37:34] INFO: Writing to disk took 7.18959 seconds
# [2024-05-22 06:37:34] INFO: ======================================================================
# [2024-05-22 06:37:34] INFO: Start sweeping...
# [2024-05-22 06:44:15] INFO: It took 401.096 seconds to do 500 HBOR sweeps.
# [2024-05-22 06:44:15] INFO: Plaquette = 0.653557
# [2024-05-22 06:44:15] INFO: Polyakov loop = (-0.00194707,-0.00141059)
# [2024-05-22 06:44:15] INFO: Writing conf to disk...
# [2024-05-22 06:44:15] INFO: writeconf_nersc: Writing NERSC configuration ./conf_s060t20_b0671320_a_U000638500
# [2024-05-22 06:44:18] INFO: Calculated checksum: 686a8521
# [2024-05-22 06:44:23] INFO: Calculated checksum: 1db717a7
# [2024-05-22 06:44:23] INFO: Writing RNGSTATE file: ./rand_s060t20_b0671320_a_U000638500
# [2024-05-22 06:44:23] INFO: Writing to disk took 7.3994 seconds
# [2024-05-22 06:44:23] INFO: ======================================================================
# [2024-05-22 06:44:23] INFO: Start sweeping...
# [2024-05-22 06:51:04] INFO: It took 401.14 seconds to do 500 HBOR sweeps.
# [2024-05-22 06:51:04] INFO: Plaquette = 0.653545
# [2024-05-22 06:51:04] INFO: Polyakov loop = (-0.000235442,-0.00166506)
# [2024-05-22 06:51:04] INFO: Writing conf to disk...
# [2024-05-22 06:51:04] INFO: writeconf_nersc: Writing NERSC configuration ./conf_s060t20_b0671320_a_U000639000
# [2024-05-22 06:51:07] INFO: Calculated checksum: d89d41af
# [2024-05-22 06:51:12] INFO: Calculated checksum: 8cc90e76
# [2024-05-22 06:51:12] INFO: Writing RNGSTATE file: ./rand_s060t20_b0671320_a_U000639000
# [2024-05-22 06:51:12] INFO: Writing to disk took 7.93356 seconds
# [2024-05-22 06:51:12] INFO: ======================================================================
# [2024-05-22 06:51:12] INFO: Start sweeping...
# [2024-05-22 06:57:53] INFO: It took 401.083 seconds to do 500 HBOR sweeps.
# [2024-05-22 06:57:53] INFO: Plaquette = 0.653545
# [2024-05-22 06:57:53] INFO: Polyakov loop = (-0.000951839,-0.00193608)
# [2024-05-22 06:57:53] INFO: Writing conf to disk...
# [2024-05-22 06:57:53] INFO: writeconf_nersc: Writing NERSC configuration ./conf_s060t20_b0671320_a_U000639500
# [2024-05-22 06:57:56] INFO: Calculated checksum: 2614651c
# [2024-05-22 06:58:00] INFO: Calculated checksum: dddbaea
# [2024-05-22 06:58:00] INFO: Writing RNGSTATE file: ./rand_s060t20_b0671320_a_U000639500
# [2024-05-22 06:58:00] INFO: Writing to disk took 7.56757 seconds
# [2024-05-22 06:58:00] INFO: ======================================================================
# [2024-05-22 06:58:00] INFO: Start sweeping...
# [2024-05-22 07:04:42] INFO: It took 401.07 seconds to do 500 HBOR sweeps.
# [2024-05-22 07:04:42] INFO: Plaquette = 0.653564
# [2024-05-22 07:04:42] INFO: Polyakov loop = (0.000150018,-0.00103309)
# [2024-05-22 07:04:42] INFO: Writing conf to disk...
# [2024-05-22 07:04:42] INFO: writeconf_nersc: Writing NERSC configuration ./conf_s060t20_b0671320_a_U000640000
# [2024-05-22 07:04:44] INFO: Calculated checksum: 496acc20
# [2024-05-22 07:04:49] INFO: Calculated checksum: 174e0a0d
# [2024-05-22 07:04:49] INFO: Writing RNGSTATE file: ./rand_s060t20_b0671320_a_U000640000
# [2024-05-22 07:04:49] INFO: Writing to disk took 7.64989 seconds
# [2024-05-22 07:04:49] INFO: ======================================================================
# [2024-05-22 07:04:49] INFO: Start sweeping...
# [2024-05-22 07:11:30] INFO: It took 401.055 seconds to do 500 HBOR sweeps.
# [2024-05-22 07:11:30] INFO: Plaquette = 0.653522
# [2024-05-22 07:11:30] INFO: Polyakov loop = (-0.000538573,-0.00128945)
# [2024-05-22 07:11:30] INFO: Writing conf to disk...
# [2024-05-22 07:11:30] INFO: writeconf_nersc: Writing NERSC configuration ./conf_s060t20_b0671320_a_U000640500
# [2024-05-22 07:11:33] INFO: Calculated checksum: 30ec7f45
# [2024-05-22 07:11:38] INFO: Calculated checksum: 6272ebfe
# [2024-05-22 07:11:38] INFO: Writing RNGSTATE file: ./rand_s060t20_b0671320_a_U000640500
# [2024-05-22 07:11:38] INFO: Writing to disk took 7.71691 seconds
# [2024-05-22 07:11:38] INFO: ======================================================================
# [2024-05-22 07:11:38] INFO: Start sweeping...
# [2024-05-22 07:18:19] INFO: It took 401.057 seconds to do 500 HBOR sweeps.
# [2024-05-22 07:18:19] INFO: Plaquette = 0.653549
# [2024-05-22 07:18:19] INFO: Polyakov loop = (-0.000658039,-0.00142915)
# [2024-05-22 07:18:19] INFO: Writing conf to disk...
# [2024-05-22 07:18:19] INFO: writeconf_nersc: Writing NERSC configuration ./conf_s060t20_b0671320_a_U000641000
# [2024-05-22 07:18:22] INFO: Calculated checksum: 4fedefdc
# [2024-05-22 07:18:27] INFO: Calculated checksum: 450c9d2b
# [2024-05-22 07:18:27] INFO: Writing RNGSTATE file: ./rand_s060t20_b0671320_a_U000641000
# [2024-05-22 07:18:27] INFO: Writing to disk took 7.62966 seconds
# [2024-05-22 07:18:27] INFO: ======================================================================
# [2024-05-22 07:18:27] INFO: Start sweeping...
# [2024-05-22 07:25:08] INFO: It took 401.055 seconds to do 500 HBOR sweeps.
# [2024-05-22 07:25:08] INFO: Plaquette = 0.653537
# [2024-05-22 07:25:08] INFO: Polyakov loop = (-0.00113843,-0.00194936)
# [2024-05-22 07:25:08] INFO: Writing conf to disk...
# [2024-05-22 07:25:08] INFO: writeconf_nersc: Writing NERSC configuration ./conf_s060t20_b0671320_a_U000641500
# [2024-05-22 07:25:11] INFO: Calculated checksum: d48f8798
# [2024-05-22 07:25:15] INFO: Calculated checksum: 39a005d2
# [2024-05-22 07:25:15] INFO: Writing RNGSTATE file: ./rand_s060t20_b0671320_a_U000641500
# [2024-05-22 07:25:16] INFO: Writing to disk took 7.64325 seconds
# [2024-05-22 07:25:16] INFO: ======================================================================
# [2024-05-22 07:25:16] INFO: Start sweeping...
# [2024-05-22 07:31:57] INFO: It took 401.071 seconds to do 500 HBOR sweeps.
# [2024-05-22 07:31:57] INFO: Plaquette = 0.653493
# [2024-05-22 07:31:57] INFO: Polyakov loop = (-0.000981937,-0.0003304)
# [2024-05-22 07:31:57] INFO: Writing conf to disk...
# [2024-05-22 07:31:57] INFO: writeconf_nersc: Writing NERSC configuration ./conf_s060t20_b0671320_a_U000642000
# [2024-05-22 07:32:00] INFO: Calculated checksum: 85764020
# [2024-05-22 07:32:04] INFO: Calculated checksum: 8a2e6898
# [2024-05-22 07:32:04] INFO: Writing RNGSTATE file: ./rand_s060t20_b0671320_a_U000642000
# [2024-05-22 07:32:04] INFO: Writing to disk took 7.58335 seconds
# [2024-05-22 07:32:04] INFO: ======================================================================
# [2024-05-22 07:32:04] INFO: Start sweeping...
# [2024-05-22 07:38:45] INFO: It took 401.143 seconds to do 500 HBOR sweeps.
# [2024-05-22 07:38:45] INFO: Plaquette = 0.653492
# [2024-05-22 07:38:45] INFO: Polyakov loop = (-0.000158851,-0.000504675)
# [2024-05-22 07:38:45] INFO: Writing conf to disk...
# [2024-05-22 07:38:45] INFO: writeconf_nersc: Writing NERSC configuration ./conf_s060t20_b0671320_a_U000642500
# [2024-05-22 07:38:48] INFO: Calculated checksum: 8d57518a
# [2024-05-22 07:38:54] INFO: Calculated checksum: c0204f4d
# [2024-05-22 07:38:54] INFO: Writing RNGSTATE file: ./rand_s060t20_b0671320_a_U000642500
# [2024-05-22 07:38:55] INFO: Writing to disk took 9.09131 seconds
# [2024-05-22 07:38:55] INFO: ======================================================================
# [2024-05-22 07:38:55] INFO: Start sweeping...
# [2024-05-22 07:45:36] INFO: It took 401.17 seconds to do 500 HBOR sweeps.
# [2024-05-22 07:45:36] INFO: Plaquette = 0.653502
# [2024-05-22 07:45:36] INFO: Polyakov loop = (-0.000316848,-0.000415843)
# [2024-05-22 07:45:36] INFO: Writing conf to disk...
# [2024-05-22 07:45:36] INFO: writeconf_nersc: Writing NERSC configuration ./conf_s060t20_b0671320_a_U000643000
# [2024-05-22 07:45:39] INFO: Calculated checksum: 98064764
# [2024-05-22 07:45:44] INFO: Calculated checksum: f3e789d3
# [2024-05-22 07:45:44] INFO: Writing RNGSTATE file: ./rand_s060t20_b0671320_a_U000643000
# [2024-05-22 07:45:44] INFO: Writing to disk took 8.06242 seconds
# [2024-05-22 07:45:44] INFO: ======================================================================
# [2024-05-22 07:45:44] INFO: Start sweeping...
# [2024-05-22 07:52:25] INFO: It took 401.204 seconds to do 500 HBOR sweeps.
# [2024-05-22 07:52:25] INFO: Plaquette = 0.653475
# [2024-05-22 07:52:25] INFO: Polyakov loop = (0.000128666,-0.00107433)
# [2024-05-22 07:52:25] INFO: Writing conf to disk...
# [2024-05-22 07:52:25] INFO: writeconf_nersc: Writing NERSC configuration ./conf_s060t20_b0671320_a_U000643500
# [2024-05-22 07:52:28] INFO: Calculated checksum: 1ad2bc0f
# [2024-05-22 07:52:33] INFO: Calculated checksum: 9b3a39e8
# [2024-05-22 07:52:33] INFO: Writing RNGSTATE file: ./rand_s060t20_b0671320_a_U000643500
# [2024-05-22 07:52:33] INFO: Writing to disk took 7.72134 seconds
# [2024-05-22 07:52:33] INFO: ======================================================================
# [2024-05-22 07:52:33] INFO: Start sweeping...
# [2024-05-22 07:59:14] INFO: It took 401.22 seconds to do 500 HBOR sweeps.
# [2024-05-22 07:59:14] INFO: Plaquette = 0.65352
# [2024-05-22 07:59:14] INFO: Polyakov loop = (0.000276457,-0.000977762)
# [2024-05-22 07:59:14] INFO: Writing conf to disk...
# [2024-05-22 07:59:14] INFO: writeconf_nersc: Writing NERSC configuration ./conf_s060t20_b0671320_a_U000644000
# [2024-05-22 07:59:17] INFO: Calculated checksum: 59cd1e49
# [2024-05-22 07:59:22] INFO: Calculated checksum: 70725f9d
# [2024-05-22 07:59:22] INFO: Writing RNGSTATE file: ./rand_s060t20_b0671320_a_U000644000
# [2024-05-22 07:59:22] INFO: Writing to disk took 7.75075 seconds
# [2024-05-22 07:59:22] INFO: ======================================================================
# [2024-05-22 07:59:22] INFO: Start sweeping...
# [2024-05-22 08:06:03] INFO: It took 401.209 seconds to do 500 HBOR sweeps.
# [2024-05-22 08:06:03] INFO: Plaquette = 0.653471
# [2024-05-22 08:06:03] INFO: Polyakov loop = (0.000885841,-0.000475228)
# [2024-05-22 08:06:03] INFO: Writing conf to disk...
# [2024-05-22 08:06:03] INFO: writeconf_nersc: Writing NERSC configuration ./conf_s060t20_b0671320_a_U000644500
# [2024-05-22 08:06:06] INFO: Calculated checksum: 48e91c47
# [2024-05-22 08:06:11] INFO: Calculated checksum: c6869bc0
# [2024-05-22 08:06:11] INFO: Writing RNGSTATE file: ./rand_s060t20_b0671320_a_U000644500
# [2024-05-22 08:06:12] INFO: Writing to disk took 8.69855 seconds
# [2024-05-22 08:06:12] INFO: ======================================================================
# [2024-05-22 08:06:12] INFO: Start sweeping...
# [2024-05-22 08:12:53] INFO: It took 401.179 seconds to do 500 HBOR sweeps.
# [2024-05-22 08:12:53] INFO: Plaquette = 0.653435
# [2024-05-22 08:12:53] INFO: Polyakov loop = (0.00174647,0.00104102)
# [2024-05-22 08:12:53] INFO: Writing conf to disk...
# [2024-05-22 08:12:53] INFO: writeconf_nersc: Writing NERSC configuration ./conf_s060t20_b0671320_a_U000645000
# [2024-05-22 08:12:56] INFO: Calculated checksum: 307f4af0
# [2024-05-22 08:13:01] INFO: Calculated checksum: fadbfce8
# [2024-05-22 08:13:01] INFO: Writing RNGSTATE file: ./rand_s060t20_b0671320_a_U000645000
# [2024-05-22 08:13:01] INFO: Writing to disk took 7.74327 seconds
# [2024-05-22 08:13:01] INFO: ======================================================================
# [2024-05-22 08:13:01] INFO: Start sweeping...
# [2024-05-22 08:19:42] INFO: It took 401.191 seconds to do 500 HBOR sweeps.
# [2024-05-22 08:19:42] INFO: Plaquette = 0.653493
# [2024-05-22 08:19:42] INFO: Polyakov loop = (0.00204795,-5.70075e-05)
# [2024-05-22 08:19:42] INFO: Writing conf to disk...
# [2024-05-22 08:19:42] INFO: writeconf_nersc: Writing NERSC configuration ./conf_s060t20_b0671320_a_U000645500
# [2024-05-22 08:19:45] INFO: Calculated checksum: a445f54a
# [2024-05-22 08:19:50] INFO: Calculated checksum: f84dfeaa
# [2024-05-22 08:19:50] INFO: Writing RNGSTATE file: ./rand_s060t20_b0671320_a_U000645500
# [2024-05-22 08:19:50] INFO: Writing to disk took 7.77404 seconds
# [2024-05-22 08:19:50] INFO: ======================================================================
# [2024-05-22 08:19:50] INFO: Start sweeping...
# [2024-05-22 08:26:31] INFO: It took 401.223 seconds to do 500 HBOR sweeps.
# [2024-05-22 08:26:31] INFO: Plaquette = 0.653536
# [2024-05-22 08:26:31] INFO: Polyakov loop = (0.00139448,-0.00018752)
# [2024-05-22 08:26:31] INFO: Writing conf to disk...
# [2024-05-22 08:26:31] INFO: writeconf_nersc: Writing NERSC configuration ./conf_s060t20_b0671320_a_U000646000
# [2024-05-22 08:26:34] INFO: Calculated checksum: 474f9897
# [2024-05-22 08:26:39] INFO: Calculated checksum: 8144f150
# [2024-05-22 08:26:39] INFO: Writing RNGSTATE file: ./rand_s060t20_b0671320_a_U000646000
# [2024-05-22 08:26:39] INFO: Writing to disk took 8.31497 seconds
# [2024-05-22 08:26:39] INFO: ======================================================================
# [2024-05-22 08:26:39] INFO: Start sweeping...
# [2024-05-22 08:33:21] INFO: It took 401.125 seconds to do 500 HBOR sweeps.
# [2024-05-22 08:33:21] INFO: Plaquette = 0.653504
# [2024-05-22 08:33:21] INFO: Polyakov loop = (0.00167359,-0.000470489)
# [2024-05-22 08:33:21] INFO: Writing conf to disk...
# [2024-05-22 08:33:21] INFO: writeconf_nersc: Writing NERSC configuration ./conf_s060t20_b0671320_a_U000646500
# [2024-05-22 08:33:23] INFO: Calculated checksum: e5959a68
# [2024-05-22 08:33:28] INFO: Calculated checksum: 26a7a6de
# [2024-05-22 08:33:28] INFO: Writing RNGSTATE file: ./rand_s060t20_b0671320_a_U000646500
# [2024-05-22 08:33:28] INFO: Writing to disk took 7.70819 seconds
# [2024-05-22 08:33:28] INFO: ======================================================================
# [2024-05-22 08:33:28] INFO: Start sweeping...
# [2024-05-22 08:40:09] INFO: It took 401.169 seconds to do 500 HBOR sweeps.
# [2024-05-22 08:40:09] INFO: Plaquette = 0.653506
# [2024-05-22 08:40:09] INFO: Polyakov loop = (0.00159194,6.68369e-05)
# [2024-05-22 08:40:09] INFO: Writing conf to disk...
# [2024-05-22 08:40:09] INFO: writeconf_nersc: Writing NERSC configuration ./conf_s060t20_b0671320_a_U000647000
# [2024-05-22 08:40:12] INFO: Calculated checksum: 52bcf80d
# [2024-05-22 08:40:17] INFO: Calculated checksum: 732e6cf7
# [2024-05-22 08:40:17] INFO: Writing RNGSTATE file: ./rand_s060t20_b0671320_a_U000647000
# [2024-05-22 08:40:17] INFO: Writing to disk took 7.73135 seconds
# [2024-05-22 08:40:17] INFO: ======================================================================
# [2024-05-22 08:40:17] INFO: Start sweeping...
# [2024-05-22 08:46:58] INFO: It took 401.176 seconds to do 500 HBOR sweeps.
# [2024-05-22 08:46:58] INFO: Plaquette = 0.653526
# [2024-05-22 08:46:58] INFO: Polyakov loop = (0.000500536,9.8156e-05)
# [2024-05-22 08:46:58] INFO: Writing conf to disk...
# [2024-05-22 08:46:58] INFO: writeconf_nersc: Writing NERSC configuration ./conf_s060t20_b0671320_a_U000647500
# [2024-05-22 08:47:01] INFO: Calculated checksum: 35061fa0
# [2024-05-22 08:47:06] INFO: Calculated checksum: 5b296c62
# [2024-05-22 08:47:06] INFO: Writing RNGSTATE file: ./rand_s060t20_b0671320_a_U000647500
# [2024-05-22 08:47:06] INFO: Writing to disk took 7.78079 seconds
# [2024-05-22 08:47:06] INFO: ======================================================================
# [2024-05-22 08:47:06] INFO: Start sweeping...
# [2024-05-22 08:53:47] INFO: It took 401.163 seconds to do 500 HBOR sweeps.
# [2024-05-22 08:53:47] INFO: Plaquette = 0.653439
# [2024-05-22 08:53:47] INFO: Polyakov loop = (0.00142181,0.00114253)
# [2024-05-22 08:53:47] INFO: Writing conf to disk...
# [2024-05-22 08:53:47] INFO: writeconf_nersc: Writing NERSC configuration ./conf_s060t20_b0671320_a_U000648000
# [2024-05-22 08:53:50] INFO: Calculated checksum: e943d12f
# [2024-05-22 08:53:55] INFO: Calculated checksum: 20b4758f
# [2024-05-22 08:53:55] INFO: Writing RNGSTATE file: ./rand_s060t20_b0671320_a_U000648000
# [2024-05-22 08:53:55] INFO: Writing to disk took 7.69567 seconds
# [2024-05-22 08:53:55] INFO: ======================================================================
# [2024-05-22 08:53:55] INFO: Start sweeping...
# [2024-05-22 09:00:36] INFO: It took 401.209 seconds to do 500 HBOR sweeps.
# [2024-05-22 09:00:36] INFO: Plaquette = 0.653578
# [2024-05-22 09:00:36] INFO: Polyakov loop = (0.00153114,-0.000813595)
# [2024-05-22 09:00:36] INFO: Writing conf to disk...
# [2024-05-22 09:00:36] INFO: writeconf_nersc: Writing NERSC configuration ./conf_s060t20_b0671320_a_U000648500
# [2024-05-22 09:00:39] INFO: Calculated checksum: 4055da18
# [2024-05-22 09:00:44] INFO: Calculated checksum: 1725e1e1
# [2024-05-22 09:00:44] INFO: Writing RNGSTATE file: ./rand_s060t20_b0671320_a_U000648500
# [2024-05-22 09:00:44] INFO: Writing to disk took 7.65597 seconds
# [2024-05-22 09:00:44] INFO: ======================================================================
# [2024-05-22 09:00:44] INFO: Start sweeping...
# [2024-05-22 09:07:25] INFO: It took 401.269 seconds to do 500 HBOR sweeps.
# [2024-05-22 09:07:25] INFO: Plaquette = 0.653345
# [2024-05-22 09:07:25] INFO: Polyakov loop = (0.0017602,2.65876e-05)
# [2024-05-22 09:07:25] INFO: Writing conf to disk...
# [2024-05-22 09:07:25] INFO: writeconf_nersc: Writing NERSC configuration ./conf_s060t20_b0671320_a_U000649000
# [2024-05-22 09:07:28] INFO: Calculated checksum: 4d355a0b
# [2024-05-22 09:07:33] INFO: Calculated checksum: 4067c92e
# [2024-05-22 09:07:33] INFO: Writing RNGSTATE file: ./rand_s060t20_b0671320_a_U000649000
# [2024-05-22 09:07:33] INFO: Writing to disk took 7.80637 seconds
# [2024-05-22 09:07:33] INFO: ======================================================================
# [2024-05-22 09:07:33] INFO: Start sweeping...
# [2024-05-22 09:14:14] INFO: It took 401.286 seconds to do 500 HBOR sweeps.
# [2024-05-22 09:14:15] INFO: Plaquette = 0.653506
# [2024-05-22 09:14:15] INFO: Polyakov loop = (0.00182193,0.000389123)
# [2024-05-22 09:14:15] INFO: Writing conf to disk...
# [2024-05-22 09:14:15] INFO: writeconf_nersc: Writing NERSC configuration ./conf_s060t20_b0671320_a_U000649500
# [2024-05-22 09:14:17] INFO: Calculated checksum: 34fb2c9e
# [2024-05-22 09:14:22] INFO: Calculated checksum: a0e6c1a9
# [2024-05-22 09:14:22] INFO: Writing RNGSTATE file: ./rand_s060t20_b0671320_a_U000649500
# [2024-05-22 09:14:22] INFO: Writing to disk took 7.80595 seconds
# [2024-05-22 09:14:22] INFO: ======================================================================
# [2024-05-22 09:14:22] INFO: Start sweeping...
# [2024-05-22 09:21:04] INFO: It took 401.294 seconds to do 500 HBOR sweeps.
# [2024-05-22 09:21:04] INFO: Plaquette = 0.653439
# [2024-05-22 09:21:04] INFO: Polyakov loop = (0.00130673,-0.00059226)
# [2024-05-22 09:21:04] INFO: Writing conf to disk...
# [2024-05-22 09:21:04] INFO: writeconf_nersc: Writing NERSC configuration ./conf_s060t20_b0671320_a_U000650000
# [2024-05-22 09:21:07] INFO: Calculated checksum: 50859b81
# [2024-05-22 09:21:11] INFO: Calculated checksum: d9b93bc0
# [2024-05-22 09:21:11] INFO: Writing RNGSTATE file: ./rand_s060t20_b0671320_a_U000650000
# [2024-05-22 09:21:11] INFO: Writing to disk took 7.76542 seconds
# [2024-05-22 09:21:11] INFO: Finalizing MPI
