
Currently Loaded Modules:
  1) chpc/1.0      (S)   3) gcc/8.5.0      5) mpich/3.4.2
  2) python/3.10.3       4) cmake/3.26.0   6) cuda/11.6.2 (g)

  Where:
   S:  Module is Sticky, requires --force to unload or purge
   g:  built for GPU

 

# [2024-05-26 11:51:47] INFO: Running SIMULATeQCD
# [2024-05-26 11:51:47] INFO: Git commit version: 43e2518
# [2024-05-26 11:51:47] INFO: Initializing MPI with (1 proc)
# [2024-05-26 11:51:47] INFO: Reading parameters from file :: GenerateQuenched_b67132.param
# [2024-05-26 11:51:47] INFO: # PARAM :: Lattice = 60 60 60 20 
# [2024-05-26 11:51:47] INFO: # PARAM :: Nodes = 1 1 1 1 
# [2024-05-26 11:51:47] INFO: # PARAM :: Topology = 0 0 0 0  (default)
# [2024-05-26 11:51:47] INFO: # PARAM :: beta = 6.7132
# [2024-05-26 11:51:47] INFO: # PARAM :: format = nersc
# [2024-05-26 11:51:47] INFO: # PARAM :: endianness = auto
# [2024-05-26 11:51:47] INFO: # PARAM :: conf_nr = 650000
# [2024-05-26 11:51:47] INFO: # PARAM :: stream = a
# [2024-05-26 11:51:47] INFO: # PARAM :: prec_out = 0 (default)
# [2024-05-26 11:51:47] INFO: # PARAM :: measurements_dir = ./ (default)
# [2024-05-26 11:51:47] INFO: # PARAM :: use_unit_conf = 0 (default)
# [2024-05-26 11:51:47] INFO: # PARAM :: output_dir = .
# [2024-05-26 11:51:47] INFO: # PARAM :: nconfs = 100
# [2024-05-26 11:51:47] INFO: # PARAM :: nsweeps_ORperHB = 4
# [2024-05-26 11:51:47] INFO: # PARAM :: nsweeps_HBwithOR = 500
# [2024-05-26 11:51:47] INFO: # PARAM :: prev_conf = conf_s060t20_b0671320_a_U000650000
# [2024-05-26 11:51:47] INFO: # PARAM :: prev_rand = rand_s060t20_b0671320_a_U000650000
# [2024-05-26 11:51:47] INFO: > Running on:
# [2024-05-26 11:51:47] INFO: [Rank 0] > notch004 CPU_1 GPU_3B; MPI: world_rank=0, node_rank=0, coord: ( 0 0 0 0 )
# [2024-05-26 11:51:47] INFO: > Is MPI CUDA-aware? @compilation 
# [2024-05-26 11:51:47] INFO: > GPU compute capability: 75
# [2024-05-26 11:51:47] INFO: > Checking support for P2P (Peer-to-Peer) and UVA (Unified Virtual Addressing):
# [2024-05-26 11:51:47] INFO: [Rank 0] > notch004 GPU_3B(NVIDIA GeForce RTX 2080 Ti): P2P NO ; UVA YES
# [2024-05-26 11:51:47] INFO: Initialize Indexer with HaloDepth = 1[0;33m[0m
# [2024-05-26 11:51:47] INFO: Resuming previous run.
# [2024-05-26 11:51:47] INFO: readconf_nersc: Reading NERSC configuration conf_s060t20_b0671320_a_U000650000
# [2024-05-26 11:51:59] INFO: Next conf_number will be 650500
# [2024-05-26 11:51:59] INFO: Generating up to 100 confs with a separation of 500 HBOR sweeps (OR/HB = 4) ...
# [2024-05-26 11:51:59] INFO: ======================================================================
# [2024-05-26 11:51:59] INFO: Start sweeping...
# [2024-05-26 11:59:03] INFO: It took 424.099 seconds to do 500 HBOR sweeps.
# [2024-05-26 11:59:03] INFO: Plaquette = 0.653568
# [2024-05-26 11:59:03] INFO: Polyakov loop = (0.00177887,0.000618771)
# [2024-05-26 11:59:03] INFO: Writing conf to disk...
# [2024-05-26 11:59:03] INFO: writeconf_nersc: Writing NERSC configuration ./conf_s060t20_b0671320_a_U000650500
# [2024-05-26 11:59:07] INFO: Calculated checksum: bba3a71
# [2024-05-26 11:59:12] INFO: Calculated checksum: c61280c9
# [2024-05-26 11:59:12] INFO: Writing RNGSTATE file: ./rand_s060t20_b0671320_a_U000650500
# [2024-05-26 11:59:12] INFO: Writing to disk took 9.22986 seconds
# [2024-05-26 11:59:12] INFO: ======================================================================
# [2024-05-26 11:59:12] INFO: Start sweeping...
# [2024-05-26 12:06:22] INFO: It took 429.793 seconds to do 500 HBOR sweeps.
# [2024-05-26 12:06:22] INFO: Plaquette = 0.653528
# [2024-05-26 12:06:22] INFO: Polyakov loop = (0.00126504,-0.000286317)
# [2024-05-26 12:06:22] INFO: Writing conf to disk...
# [2024-05-26 12:06:22] INFO: writeconf_nersc: Writing NERSC configuration ./conf_s060t20_b0671320_a_U000651000
# [2024-05-26 12:06:26] INFO: Calculated checksum: 24ec3f24
# [2024-05-26 12:06:31] INFO: Calculated checksum: a7466e0d
# [2024-05-26 12:06:31] INFO: Writing RNGSTATE file: ./rand_s060t20_b0671320_a_U000651000
# [2024-05-26 12:06:31] INFO: Writing to disk took 9.43794 seconds
# [2024-05-26 12:06:31] INFO: ======================================================================
# [2024-05-26 12:06:31] INFO: Start sweeping...
# [2024-05-26 12:13:41] INFO: It took 429.533 seconds to do 500 HBOR sweeps.
# [2024-05-26 12:13:41] INFO: Plaquette = 0.653402
# [2024-05-26 12:13:41] INFO: Polyakov loop = (0.00200631,-0.000210675)
# [2024-05-26 12:13:41] INFO: Writing conf to disk...
# [2024-05-26 12:13:41] INFO: writeconf_nersc: Writing NERSC configuration ./conf_s060t20_b0671320_a_U000651500
# [2024-05-26 12:13:45] INFO: Calculated checksum: 20c9ed97
# [2024-05-26 12:13:50] INFO: Calculated checksum: b851ad18
# [2024-05-26 12:13:50] INFO: Writing RNGSTATE file: ./rand_s060t20_b0671320_a_U000651500
# [2024-05-26 12:13:50] INFO: Writing to disk took 9.36295 seconds
# [2024-05-26 12:13:50] INFO: ======================================================================
# [2024-05-26 12:13:50] INFO: Start sweeping...
# [2024-05-26 12:21:00] INFO: It took 429.716 seconds to do 500 HBOR sweeps.
# [2024-05-26 12:21:00] INFO: Plaquette = 0.653442
# [2024-05-26 12:21:00] INFO: Polyakov loop = (0.000730607,4.5479e-05)
# [2024-05-26 12:21:00] INFO: Writing conf to disk...
# [2024-05-26 12:21:00] INFO: writeconf_nersc: Writing NERSC configuration ./conf_s060t20_b0671320_a_U000652000
# [2024-05-26 12:21:04] INFO: Calculated checksum: 7985f9c
# [2024-05-26 12:21:09] INFO: Calculated checksum: c509c81e
# [2024-05-26 12:21:09] INFO: Writing RNGSTATE file: ./rand_s060t20_b0671320_a_U000652000
# [2024-05-26 12:21:09] INFO: Writing to disk took 9.3974 seconds
# [2024-05-26 12:21:09] INFO: ======================================================================
# [2024-05-26 12:21:09] INFO: Start sweeping...
# [2024-05-26 12:28:19] INFO: It took 429.629 seconds to do 500 HBOR sweeps.
# [2024-05-26 12:28:19] INFO: Plaquette = 0.653417
# [2024-05-26 12:28:19] INFO: Polyakov loop = (0.000923932,-0.000130345)
# [2024-05-26 12:28:19] INFO: Writing conf to disk...
# [2024-05-26 12:28:19] INFO: writeconf_nersc: Writing NERSC configuration ./conf_s060t20_b0671320_a_U000652500
# [2024-05-26 12:28:23] INFO: Calculated checksum: a8e6a95f
# [2024-05-26 12:28:28] INFO: Calculated checksum: bf26887f
# [2024-05-26 12:28:28] INFO: Writing RNGSTATE file: ./rand_s060t20_b0671320_a_U000652500
# [2024-05-26 12:28:28] INFO: Writing to disk took 9.27078 seconds
# [2024-05-26 12:28:28] INFO: ======================================================================
# [2024-05-26 12:28:28] INFO: Start sweeping...
# [2024-05-26 12:35:38] INFO: It took 429.655 seconds to do 500 HBOR sweeps.
# [2024-05-26 12:35:38] INFO: Plaquette = 0.653529
# [2024-05-26 12:35:38] INFO: Polyakov loop = (0.00125989,8.86089e-05)
# [2024-05-26 12:35:38] INFO: Writing conf to disk...
# [2024-05-26 12:35:38] INFO: writeconf_nersc: Writing NERSC configuration ./conf_s060t20_b0671320_a_U000653000
# [2024-05-26 12:35:42] INFO: Calculated checksum: fbebac79
# [2024-05-26 12:35:47] INFO: Calculated checksum: 80cb2fe0
# [2024-05-26 12:35:47] INFO: Writing RNGSTATE file: ./rand_s060t20_b0671320_a_U000653000
# [2024-05-26 12:35:47] INFO: Writing to disk took 9.32851 seconds
# [2024-05-26 12:35:47] INFO: ======================================================================
# [2024-05-26 12:35:47] INFO: Start sweeping...
# [2024-05-26 12:42:57] INFO: It took 429.947 seconds to do 500 HBOR sweeps.
# [2024-05-26 12:42:57] INFO: Plaquette = 0.65348
# [2024-05-26 12:42:57] INFO: Polyakov loop = (0.000169614,-0.000102727)
# [2024-05-26 12:42:57] INFO: Writing conf to disk...
# [2024-05-26 12:42:57] INFO: writeconf_nersc: Writing NERSC configuration ./conf_s060t20_b0671320_a_U000653500
# [2024-05-26 12:43:01] INFO: Calculated checksum: 38eddf19
# [2024-05-26 12:43:07] INFO: Calculated checksum: e837d31a
# [2024-05-26 12:43:07] INFO: Writing RNGSTATE file: ./rand_s060t20_b0671320_a_U000653500
# [2024-05-26 12:43:07] INFO: Writing to disk took 9.38887 seconds
# [2024-05-26 12:43:07] INFO: ======================================================================
# [2024-05-26 12:43:07] INFO: Start sweeping...
# [2024-05-26 12:50:16] INFO: It took 429.441 seconds to do 500 HBOR sweeps.
# [2024-05-26 12:50:16] INFO: Plaquette = 0.653519
# [2024-05-26 12:50:16] INFO: Polyakov loop = (0.000489749,0.000359326)
# [2024-05-26 12:50:16] INFO: Writing conf to disk...
# [2024-05-26 12:50:16] INFO: writeconf_nersc: Writing NERSC configuration ./conf_s060t20_b0671320_a_U000654000
# [2024-05-26 12:50:20] INFO: Calculated checksum: d18a75ff
# [2024-05-26 12:50:26] INFO: Calculated checksum: beb84e68
# [2024-05-26 12:50:26] INFO: Writing RNGSTATE file: ./rand_s060t20_b0671320_a_U000654000
# [2024-05-26 12:50:26] INFO: Writing to disk took 9.54329 seconds
# [2024-05-26 12:50:26] INFO: ======================================================================
# [2024-05-26 12:50:26] INFO: Start sweeping...
# [2024-05-26 12:57:35] INFO: It took 429.493 seconds to do 500 HBOR sweeps.
# [2024-05-26 12:57:35] INFO: Plaquette = 0.653489
# [2024-05-26 12:57:35] INFO: Polyakov loop = (-9.31689e-05,-0.000533056)
# [2024-05-26 12:57:35] INFO: Writing conf to disk...
# [2024-05-26 12:57:35] INFO: writeconf_nersc: Writing NERSC configuration ./conf_s060t20_b0671320_a_U000654500
# [2024-05-26 12:57:39] INFO: Calculated checksum: 98785f84
# [2024-05-26 12:57:44] INFO: Calculated checksum: 984460b8
# [2024-05-26 12:57:44] INFO: Writing RNGSTATE file: ./rand_s060t20_b0671320_a_U000654500
# [2024-05-26 12:57:45] INFO: Writing to disk took 9.37217 seconds
# [2024-05-26 12:57:45] INFO: ======================================================================
# [2024-05-26 12:57:45] INFO: Start sweeping...
# [2024-05-26 13:04:54] INFO: It took 429.498 seconds to do 500 HBOR sweeps.
# [2024-05-26 13:04:54] INFO: Plaquette = 0.653484
# [2024-05-26 13:04:54] INFO: Polyakov loop = (-5.75263e-06,-0.000820782)
# [2024-05-26 13:04:54] INFO: Writing conf to disk...
# [2024-05-26 13:04:54] INFO: writeconf_nersc: Writing NERSC configuration ./conf_s060t20_b0671320_a_U000655000
# [2024-05-26 13:04:58] INFO: Calculated checksum: 35b8d493
# [2024-05-26 13:05:03] INFO: Calculated checksum: bd6800f6
# [2024-05-26 13:05:03] INFO: Writing RNGSTATE file: ./rand_s060t20_b0671320_a_U000655000
# [2024-05-26 13:05:04] INFO: Writing to disk took 9.3484 seconds
# [2024-05-26 13:05:04] INFO: ======================================================================
# [2024-05-26 13:05:04] INFO: Start sweeping...
# [2024-05-26 13:12:14] INFO: It took 430.226 seconds to do 500 HBOR sweeps.
# [2024-05-26 13:12:14] INFO: Plaquette = 0.653562
# [2024-05-26 13:12:14] INFO: Polyakov loop = (0.00135012,-0.000156458)
# [2024-05-26 13:12:14] INFO: Writing conf to disk...
# [2024-05-26 13:12:14] INFO: writeconf_nersc: Writing NERSC configuration ./conf_s060t20_b0671320_a_U000655500
# [2024-05-26 13:12:18] INFO: Calculated checksum: 36ae1046
# [2024-05-26 13:12:23] INFO: Calculated checksum: 6dcb68fa
# [2024-05-26 13:12:23] INFO: Writing RNGSTATE file: ./rand_s060t20_b0671320_a_U000655500
# [2024-05-26 13:12:23] INFO: Writing to disk took 9.37606 seconds
# [2024-05-26 13:12:23] INFO: ======================================================================
# [2024-05-26 13:12:23] INFO: Start sweeping...
# [2024-05-26 13:19:34] INFO: It took 430.582 seconds to do 500 HBOR sweeps.
# [2024-05-26 13:19:34] INFO: Plaquette = 0.653445
# [2024-05-26 13:19:34] INFO: Polyakov loop = (-0.000285362,0.000826021)
# [2024-05-26 13:19:34] INFO: Writing conf to disk...
# [2024-05-26 13:19:34] INFO: writeconf_nersc: Writing NERSC configuration ./conf_s060t20_b0671320_a_U000656000
# [2024-05-26 13:19:38] INFO: Calculated checksum: 3e85042a
# [2024-05-26 13:19:45] INFO: Calculated checksum: 160cf05c
# [2024-05-26 13:19:45] INFO: Writing RNGSTATE file: ./rand_s060t20_b0671320_a_U000656000
# [2024-05-26 13:19:46] INFO: Writing to disk took 12.2371 seconds
# [2024-05-26 13:19:46] INFO: ======================================================================
# [2024-05-26 13:19:46] INFO: Start sweeping...
# [2024-05-26 13:26:57] INFO: It took 430.7 seconds to do 500 HBOR sweeps.
# [2024-05-26 13:26:57] INFO: Plaquette = 0.653482
# [2024-05-26 13:26:57] INFO: Polyakov loop = (0.000762982,6.53257e-06)
# [2024-05-26 13:26:57] INFO: Writing conf to disk...
# [2024-05-26 13:26:57] INFO: writeconf_nersc: Writing NERSC configuration ./conf_s060t20_b0671320_a_U000656500
# [2024-05-26 13:27:00] INFO: Calculated checksum: bb29e884
# [2024-05-26 13:27:06] INFO: Calculated checksum: ee4f5b20
# [2024-05-26 13:27:06] INFO: Writing RNGSTATE file: ./rand_s060t20_b0671320_a_U000656500
# [2024-05-26 13:27:06] INFO: Writing to disk took 9.39266 seconds
# [2024-05-26 13:27:06] INFO: ======================================================================
# [2024-05-26 13:27:06] INFO: Start sweeping...
# [2024-05-26 13:34:18] INFO: It took 431.657 seconds to do 500 HBOR sweeps.
# [2024-05-26 13:34:18] INFO: Plaquette = 0.653543
# [2024-05-26 13:34:18] INFO: Polyakov loop = (0.000941645,0.000611504)
# [2024-05-26 13:34:18] INFO: Writing conf to disk...
# [2024-05-26 13:34:18] INFO: writeconf_nersc: Writing NERSC configuration ./conf_s060t20_b0671320_a_U000657000
# [2024-05-26 13:34:22] INFO: Calculated checksum: fdc9e8fc
# [2024-05-26 13:34:28] INFO: Calculated checksum: 16627a20
# [2024-05-26 13:34:28] INFO: Writing RNGSTATE file: ./rand_s060t20_b0671320_a_U000657000
# [2024-05-26 13:34:28] INFO: Writing to disk took 10.4866 seconds
# [2024-05-26 13:34:28] INFO: ======================================================================
# [2024-05-26 13:34:28] INFO: Start sweeping...
# [2024-05-26 13:41:37] INFO: It took 429.066 seconds to do 500 HBOR sweeps.
# [2024-05-26 13:41:37] INFO: Plaquette = 0.653558
# [2024-05-26 13:41:37] INFO: Polyakov loop = (0.00146236,-0.000216662)
# [2024-05-26 13:41:37] INFO: Writing conf to disk...
# [2024-05-26 13:41:37] INFO: writeconf_nersc: Writing NERSC configuration ./conf_s060t20_b0671320_a_U000657500
# [2024-05-26 13:41:41] INFO: Calculated checksum: 31361549
# [2024-05-26 13:41:47] INFO: Calculated checksum: 2fb3d62d
# [2024-05-26 13:41:47] INFO: Writing RNGSTATE file: ./rand_s060t20_b0671320_a_U000657500
# [2024-05-26 13:41:47] INFO: Writing to disk took 9.46286 seconds
# [2024-05-26 13:41:47] INFO: ======================================================================
# [2024-05-26 13:41:47] INFO: Start sweeping...
# [2024-05-26 13:48:55] INFO: It took 427.897 seconds to do 500 HBOR sweeps.
# [2024-05-26 13:48:55] INFO: Plaquette = 0.653519
# [2024-05-26 13:48:55] INFO: Polyakov loop = (0.00192528,0.000374999)
# [2024-05-26 13:48:55] INFO: Writing conf to disk...
# [2024-05-26 13:48:55] INFO: writeconf_nersc: Writing NERSC configuration ./conf_s060t20_b0671320_a_U000658000
# [2024-05-26 13:48:59] INFO: Calculated checksum: 75247032
# [2024-05-26 13:49:04] INFO: Calculated checksum: 1b51ee15
# [2024-05-26 13:49:04] INFO: Writing RNGSTATE file: ./rand_s060t20_b0671320_a_U000658000
# [2024-05-26 13:49:04] INFO: Writing to disk took 9.57372 seconds
# [2024-05-26 13:49:04] INFO: ======================================================================
# [2024-05-26 13:49:04] INFO: Start sweeping...
# [2024-05-26 13:56:12] INFO: It took 427.17 seconds to do 500 HBOR sweeps.
# [2024-05-26 13:56:12] INFO: Plaquette = 0.653488
# [2024-05-26 13:56:12] INFO: Polyakov loop = (0.00198787,0.000346195)
# [2024-05-26 13:56:12] INFO: Writing conf to disk...
# [2024-05-26 13:56:12] INFO: writeconf_nersc: Writing NERSC configuration ./conf_s060t20_b0671320_a_U000658500
# [2024-05-26 13:56:15] INFO: Calculated checksum: 3fd5e7bf
# [2024-05-26 13:56:21] INFO: Calculated checksum: 6914d9ef
# [2024-05-26 13:56:21] INFO: Writing RNGSTATE file: ./rand_s060t20_b0671320_a_U000658500
# [2024-05-26 13:56:21] INFO: Writing to disk took 9.24478 seconds
# [2024-05-26 13:56:21] INFO: ======================================================================
# [2024-05-26 13:56:21] INFO: Start sweeping...
# [2024-05-26 14:03:28] INFO: It took 427.302 seconds to do 500 HBOR sweeps.
# [2024-05-26 14:03:28] INFO: Plaquette = 0.653473
# [2024-05-26 14:03:28] INFO: Polyakov loop = (0.00100908,0.000768686)
# [2024-05-26 14:03:28] INFO: Writing conf to disk...
# [2024-05-26 14:03:28] INFO: writeconf_nersc: Writing NERSC configuration ./conf_s060t20_b0671320_a_U000659000
# [2024-05-26 14:03:32] INFO: Calculated checksum: 4aa81604
# [2024-05-26 14:03:37] INFO: Calculated checksum: 789e33dc
# [2024-05-26 14:03:37] INFO: Writing RNGSTATE file: ./rand_s060t20_b0671320_a_U000659000
# [2024-05-26 14:03:38] INFO: Writing to disk took 9.397 seconds
# [2024-05-26 14:03:38] INFO: ======================================================================
# [2024-05-26 14:03:38] INFO: Start sweeping...
# [2024-05-26 14:10:45] INFO: It took 427.75 seconds to do 500 HBOR sweeps.
# [2024-05-26 14:10:45] INFO: Plaquette = 0.653506
# [2024-05-26 14:10:45] INFO: Polyakov loop = (0.00133396,0.000297033)
# [2024-05-26 14:10:45] INFO: Writing conf to disk...
# [2024-05-26 14:10:45] INFO: writeconf_nersc: Writing NERSC configuration ./conf_s060t20_b0671320_a_U000659500
# [2024-05-26 14:10:49] INFO: Calculated checksum: eb22ed1
# [2024-05-26 14:10:54] INFO: Calculated checksum: 1ceaa654
# [2024-05-26 14:10:54] INFO: Writing RNGSTATE file: ./rand_s060t20_b0671320_a_U000659500
# [2024-05-26 14:10:55] INFO: Writing to disk took 9.30371 seconds
# [2024-05-26 14:10:55] INFO: ======================================================================
# [2024-05-26 14:10:55] INFO: Start sweeping...
# [2024-05-26 14:18:03] INFO: It took 427.929 seconds to do 500 HBOR sweeps.
# [2024-05-26 14:18:03] INFO: Plaquette = 0.653581
# [2024-05-26 14:18:03] INFO: Polyakov loop = (0.00123566,0.000469842)
# [2024-05-26 14:18:03] INFO: Writing conf to disk...
# [2024-05-26 14:18:03] INFO: writeconf_nersc: Writing NERSC configuration ./conf_s060t20_b0671320_a_U000660000
# [2024-05-26 14:18:06] INFO: Calculated checksum: 8a669cda
# [2024-05-26 14:18:12] INFO: Calculated checksum: cee57ad
# [2024-05-26 14:18:12] INFO: Writing RNGSTATE file: ./rand_s060t20_b0671320_a_U000660000
# [2024-05-26 14:18:12] INFO: Writing to disk took 9.26291 seconds
# [2024-05-26 14:18:12] INFO: ======================================================================
# [2024-05-26 14:18:12] INFO: Start sweeping...
# [2024-05-26 14:25:20] INFO: It took 428.269 seconds to do 500 HBOR sweeps.
# [2024-05-26 14:25:20] INFO: Plaquette = 0.653567
# [2024-05-26 14:25:20] INFO: Polyakov loop = (0.00124638,0.000320681)
# [2024-05-26 14:25:20] INFO: Writing conf to disk...
# [2024-05-26 14:25:20] INFO: writeconf_nersc: Writing NERSC configuration ./conf_s060t20_b0671320_a_U000660500
# [2024-05-26 14:25:24] INFO: Calculated checksum: 858f800e
# [2024-05-26 14:25:30] INFO: Calculated checksum: e83e048e
# [2024-05-26 14:25:30] INFO: Writing RNGSTATE file: ./rand_s060t20_b0671320_a_U000660500
# [2024-05-26 14:25:30] INFO: Writing to disk took 9.80534 seconds
# [2024-05-26 14:25:30] INFO: ======================================================================
# [2024-05-26 14:25:30] INFO: Start sweeping...
# [2024-05-26 14:32:38] INFO: It took 427.717 seconds to do 500 HBOR sweeps.
# [2024-05-26 14:32:38] INFO: Plaquette = 0.653449
# [2024-05-26 14:32:38] INFO: Polyakov loop = (0.00135479,0.00156533)
# [2024-05-26 14:32:38] INFO: Writing conf to disk...
# [2024-05-26 14:32:38] INFO: writeconf_nersc: Writing NERSC configuration ./conf_s060t20_b0671320_a_U000661000
# [2024-05-26 14:32:41] INFO: Calculated checksum: 9c4d72bc
# [2024-05-26 14:32:47] INFO: Calculated checksum: d1013e3
# [2024-05-26 14:32:47] INFO: Writing RNGSTATE file: ./rand_s060t20_b0671320_a_U000661000
# [2024-05-26 14:32:47] INFO: Writing to disk took 9.33678 seconds
# [2024-05-26 14:32:47] INFO: ======================================================================
# [2024-05-26 14:32:47] INFO: Start sweeping...
# [2024-05-26 14:39:54] INFO: It took 426.638 seconds to do 500 HBOR sweeps.
# [2024-05-26 14:39:54] INFO: Plaquette = 0.653604
# [2024-05-26 14:39:54] INFO: Polyakov loop = (0.00157131,-0.000202747)
# [2024-05-26 14:39:54] INFO: Writing conf to disk...
# [2024-05-26 14:39:54] INFO: writeconf_nersc: Writing NERSC configuration ./conf_s060t20_b0671320_a_U000661500
# [2024-05-26 14:39:57] INFO: Calculated checksum: ef5ac3ee
# [2024-05-26 14:40:03] INFO: Calculated checksum: 1c94d923
# [2024-05-26 14:40:03] INFO: Writing RNGSTATE file: ./rand_s060t20_b0671320_a_U000661500
# [2024-05-26 14:40:03] INFO: Writing to disk took 9.37111 seconds
# [2024-05-26 14:40:03] INFO: ======================================================================
# [2024-05-26 14:40:03] INFO: Start sweeping...
# [2024-05-26 14:47:09] INFO: It took 426.322 seconds to do 500 HBOR sweeps.
# [2024-05-26 14:47:09] INFO: Plaquette = 0.653538
# [2024-05-26 14:47:09] INFO: Polyakov loop = (0.00100471,-0.000808051)
# [2024-05-26 14:47:09] INFO: Writing conf to disk...
# [2024-05-26 14:47:09] INFO: writeconf_nersc: Writing NERSC configuration ./conf_s060t20_b0671320_a_U000662000
# [2024-05-26 14:47:13] INFO: Calculated checksum: b0ea60e4
# [2024-05-26 14:47:19] INFO: Calculated checksum: 3f998762
# [2024-05-26 14:47:19] INFO: Writing RNGSTATE file: ./rand_s060t20_b0671320_a_U000662000
# [2024-05-26 14:47:19] INFO: Writing to disk took 9.29403 seconds
# [2024-05-26 14:47:19] INFO: ======================================================================
# [2024-05-26 14:47:19] INFO: Start sweeping...
# [2024-05-26 14:54:25] INFO: It took 426.402 seconds to do 500 HBOR sweeps.
# [2024-05-26 14:54:25] INFO: Plaquette = 0.653408
# [2024-05-26 14:54:25] INFO: Polyakov loop = (0.00165936,-8.19297e-05)
# [2024-05-26 14:54:25] INFO: Writing conf to disk...
# [2024-05-26 14:54:25] INFO: writeconf_nersc: Writing NERSC configuration ./conf_s060t20_b0671320_a_U000662500
# [2024-05-26 14:54:29] INFO: Calculated checksum: b085fbe3
# [2024-05-26 14:54:35] INFO: Calculated checksum: f77c9ddc
# [2024-05-26 14:54:35] INFO: Writing RNGSTATE file: ./rand_s060t20_b0671320_a_U000662500
# [2024-05-26 14:54:35] INFO: Writing to disk took 9.51591 seconds
# [2024-05-26 14:54:35] INFO: ======================================================================
# [2024-05-26 14:54:35] INFO: Start sweeping...
# [2024-05-26 15:01:41] INFO: It took 426.779 seconds to do 500 HBOR sweeps.
# [2024-05-26 15:01:41] INFO: Plaquette = 0.653557
# [2024-05-26 15:01:42] INFO: Polyakov loop = (-0.000275142,0.000490344)
# [2024-05-26 15:01:42] INFO: Writing conf to disk...
# [2024-05-26 15:01:42] INFO: writeconf_nersc: Writing NERSC configuration ./conf_s060t20_b0671320_a_U000663000
# [2024-05-26 15:01:45] INFO: Calculated checksum: 8eca980a
# [2024-05-26 15:01:51] INFO: Calculated checksum: 8aa99e77
# [2024-05-26 15:01:51] INFO: Writing RNGSTATE file: ./rand_s060t20_b0671320_a_U000663000
# [2024-05-26 15:01:51] INFO: Writing to disk took 9.33569 seconds
# [2024-05-26 15:01:51] INFO: ======================================================================
# [2024-05-26 15:01:51] INFO: Start sweeping...
# [2024-05-26 15:08:57] INFO: It took 426.51 seconds to do 500 HBOR sweeps.
# [2024-05-26 15:08:57] INFO: Plaquette = 0.653498
# [2024-05-26 15:08:57] INFO: Polyakov loop = (0.00177622,0.000301339)
# [2024-05-26 15:08:57] INFO: Writing conf to disk...
# [2024-05-26 15:08:57] INFO: writeconf_nersc: Writing NERSC configuration ./conf_s060t20_b0671320_a_U000663500
# [2024-05-26 15:09:01] INFO: Calculated checksum: 126fdb7
# [2024-05-26 15:09:06] INFO: Calculated checksum: c0a51852
# [2024-05-26 15:09:06] INFO: Writing RNGSTATE file: ./rand_s060t20_b0671320_a_U000663500
# [2024-05-26 15:09:07] INFO: Writing to disk took 9.20747 seconds
# [2024-05-26 15:09:07] INFO: ======================================================================
# [2024-05-26 15:09:07] INFO: Start sweeping...
# [2024-05-26 15:16:13] INFO: It took 426.314 seconds to do 500 HBOR sweeps.
# [2024-05-26 15:16:13] INFO: Plaquette = 0.653531
# [2024-05-26 15:16:13] INFO: Polyakov loop = (9.0393e-05,2.52426e-05)
# [2024-05-26 15:16:13] INFO: Writing conf to disk...
# [2024-05-26 15:16:13] INFO: writeconf_nersc: Writing NERSC configuration ./conf_s060t20_b0671320_a_U000664000
# [2024-05-26 15:16:17] INFO: Calculated checksum: 4e69fc1e
# [2024-05-26 15:16:22] INFO: Calculated checksum: b53b90db
# [2024-05-26 15:16:22] INFO: Writing RNGSTATE file: ./rand_s060t20_b0671320_a_U000664000
# [2024-05-26 15:16:22] INFO: Writing to disk took 9.34883 seconds
# [2024-05-26 15:16:22] INFO: ======================================================================
# [2024-05-26 15:16:22] INFO: Start sweeping...
# [2024-05-26 15:23:29] INFO: It took 426.26 seconds to do 500 HBOR sweeps.
# [2024-05-26 15:23:29] INFO: Plaquette = 0.653479
# [2024-05-26 15:23:29] INFO: Polyakov loop = (0.000192382,0.000439312)
# [2024-05-26 15:23:29] INFO: Writing conf to disk...
# [2024-05-26 15:23:29] INFO: writeconf_nersc: Writing NERSC configuration ./conf_s060t20_b0671320_a_U000664500
# [2024-05-26 15:23:32] INFO: Calculated checksum: e8ef2638
# [2024-05-26 15:23:38] INFO: Calculated checksum: 65c5ef2b
# [2024-05-26 15:23:38] INFO: Writing RNGSTATE file: ./rand_s060t20_b0671320_a_U000664500
# [2024-05-26 15:23:38] INFO: Writing to disk took 9.32181 seconds
# [2024-05-26 15:23:38] INFO: ======================================================================
# [2024-05-26 15:23:38] INFO: Start sweeping...
# [2024-05-26 15:30:44] INFO: It took 426.094 seconds to do 500 HBOR sweeps.
# [2024-05-26 15:30:44] INFO: Plaquette = 0.653522
# [2024-05-26 15:30:44] INFO: Polyakov loop = (0.000891548,0.000641337)
# [2024-05-26 15:30:44] INFO: Writing conf to disk...
# [2024-05-26 15:30:44] INFO: writeconf_nersc: Writing NERSC configuration ./conf_s060t20_b0671320_a_U000665000
# [2024-05-26 15:30:48] INFO: Calculated checksum: fc2a28db
# [2024-05-26 15:30:53] INFO: Calculated checksum: 3095c129
# [2024-05-26 15:30:53] INFO: Writing RNGSTATE file: ./rand_s060t20_b0671320_a_U000665000
# [2024-05-26 15:30:53] INFO: Writing to disk took 9.37791 seconds
# [2024-05-26 15:30:53] INFO: ======================================================================
# [2024-05-26 15:30:53] INFO: Start sweeping...
# [2024-05-26 15:38:00] INFO: It took 426.307 seconds to do 500 HBOR sweeps.
# [2024-05-26 15:38:00] INFO: Plaquette = 0.653502
# [2024-05-26 15:38:00] INFO: Polyakov loop = (0.000636794,-0.000358243)
# [2024-05-26 15:38:00] INFO: Writing conf to disk...
# [2024-05-26 15:38:00] INFO: writeconf_nersc: Writing NERSC configuration ./conf_s060t20_b0671320_a_U000665500
# [2024-05-26 15:38:03] INFO: Calculated checksum: f5d7354e
# [2024-05-26 15:38:09] INFO: Calculated checksum: 6cdbcc1
# [2024-05-26 15:38:09] INFO: Writing RNGSTATE file: ./rand_s060t20_b0671320_a_U000665500
# [2024-05-26 15:38:09] INFO: Writing to disk took 9.44046 seconds
# [2024-05-26 15:38:09] INFO: ======================================================================
# [2024-05-26 15:38:09] INFO: Start sweeping...
# [2024-05-26 15:45:16] INFO: It took 426.431 seconds to do 500 HBOR sweeps.
# [2024-05-26 15:45:16] INFO: Plaquette = 0.653557
# [2024-05-26 15:45:16] INFO: Polyakov loop = (0.00146585,0.000896174)
# [2024-05-26 15:45:16] INFO: Writing conf to disk...
# [2024-05-26 15:45:16] INFO: writeconf_nersc: Writing NERSC configuration ./conf_s060t20_b0671320_a_U000666000
# [2024-05-26 15:45:19] INFO: Calculated checksum: f9435a94
# [2024-05-26 15:45:25] INFO: Calculated checksum: bcdc5126
# [2024-05-26 15:45:25] INFO: Writing RNGSTATE file: ./rand_s060t20_b0671320_a_U000666000
# [2024-05-26 15:45:25] INFO: Writing to disk took 9.36415 seconds
# [2024-05-26 15:45:25] INFO: ======================================================================
# [2024-05-26 15:45:25] INFO: Start sweeping...
# [2024-05-26 15:52:31] INFO: It took 426.154 seconds to do 500 HBOR sweeps.
# [2024-05-26 15:52:31] INFO: Plaquette = 0.653489
# [2024-05-26 15:52:31] INFO: Polyakov loop = (0.000547718,-0.000265324)
# [2024-05-26 15:52:31] INFO: Writing conf to disk...
# [2024-05-26 15:52:31] INFO: writeconf_nersc: Writing NERSC configuration ./conf_s060t20_b0671320_a_U000666500
# [2024-05-26 15:52:35] INFO: Calculated checksum: 7b13d8f7
# [2024-05-26 15:52:41] INFO: Calculated checksum: ebcc622e
# [2024-05-26 15:52:41] INFO: Writing RNGSTATE file: ./rand_s060t20_b0671320_a_U000666500
# [2024-05-26 15:52:41] INFO: Writing to disk took 9.61121 seconds
# [2024-05-26 15:52:41] INFO: ======================================================================
# [2024-05-26 15:52:41] INFO: Start sweeping...
# [2024-05-26 15:59:47] INFO: It took 426.476 seconds to do 500 HBOR sweeps.
# [2024-05-26 15:59:47] INFO: Plaquette = 0.6536
# [2024-05-26 15:59:47] INFO: Polyakov loop = (2.5574e-05,0.000368452)
# [2024-05-26 15:59:47] INFO: Writing conf to disk...
# [2024-05-26 15:59:47] INFO: writeconf_nersc: Writing NERSC configuration ./conf_s060t20_b0671320_a_U000667000
# [2024-05-26 15:59:51] INFO: Calculated checksum: f2ce473f
# [2024-05-26 15:59:56] INFO: Calculated checksum: e5b98de3
# [2024-05-26 15:59:56] INFO: Writing RNGSTATE file: ./rand_s060t20_b0671320_a_U000667000
# [2024-05-26 15:59:57] INFO: Writing to disk took 9.34579 seconds
# [2024-05-26 15:59:57] INFO: ======================================================================
# [2024-05-26 15:59:57] INFO: Start sweeping...
# [2024-05-26 16:07:03] INFO: It took 426.696 seconds to do 500 HBOR sweeps.
# [2024-05-26 16:07:03] INFO: Plaquette = 0.653539
# [2024-05-26 16:07:03] INFO: Polyakov loop = (0.00111998,-0.000749153)
# [2024-05-26 16:07:03] INFO: Writing conf to disk...
# [2024-05-26 16:07:03] INFO: writeconf_nersc: Writing NERSC configuration ./conf_s060t20_b0671320_a_U000667500
# [2024-05-26 16:07:07] INFO: Calculated checksum: c467c658
# [2024-05-26 16:07:13] INFO: Calculated checksum: 46e8fd28
# [2024-05-26 16:07:13] INFO: Writing RNGSTATE file: ./rand_s060t20_b0671320_a_U000667500
# [2024-05-26 16:07:13] INFO: Writing to disk took 9.33259 seconds
# [2024-05-26 16:07:13] INFO: ======================================================================
# [2024-05-26 16:07:13] INFO: Start sweeping...
# [2024-05-26 16:14:19] INFO: It took 426.724 seconds to do 500 HBOR sweeps.
# [2024-05-26 16:14:19] INFO: Plaquette = 0.653528
# [2024-05-26 16:14:19] INFO: Polyakov loop = (0.00228698,-0.000542013)
# [2024-05-26 16:14:19] INFO: Writing conf to disk...
# [2024-05-26 16:14:19] INFO: writeconf_nersc: Writing NERSC configuration ./conf_s060t20_b0671320_a_U000668000
# [2024-05-26 16:14:23] INFO: Calculated checksum: 95b860
# [2024-05-26 16:14:29] INFO: Calculated checksum: b4b02bb5
# [2024-05-26 16:14:29] INFO: Writing RNGSTATE file: ./rand_s060t20_b0671320_a_U000668000
# [2024-05-26 16:14:29] INFO: Writing to disk took 9.32394 seconds
# [2024-05-26 16:14:29] INFO: ======================================================================
# [2024-05-26 16:14:29] INFO: Start sweeping...
# [2024-05-26 16:21:35] INFO: It took 426.676 seconds to do 500 HBOR sweeps.
# [2024-05-26 16:21:35] INFO: Plaquette = 0.653528
# [2024-05-26 16:21:35] INFO: Polyakov loop = (0.0013457,0.000413095)
# [2024-05-26 16:21:35] INFO: Writing conf to disk...
# [2024-05-26 16:21:35] INFO: writeconf_nersc: Writing NERSC configuration ./conf_s060t20_b0671320_a_U000668500
# [2024-05-26 16:21:39] INFO: Calculated checksum: 3ac78a53
# [2024-05-26 16:21:45] INFO: Calculated checksum: 49de3b82
# [2024-05-26 16:21:45] INFO: Writing RNGSTATE file: ./rand_s060t20_b0671320_a_U000668500
# [2024-05-26 16:21:45] INFO: Writing to disk took 9.37322 seconds
# [2024-05-26 16:21:45] INFO: ======================================================================
# [2024-05-26 16:21:45] INFO: Start sweeping...
# [2024-05-26 16:28:52] INFO: It took 426.759 seconds to do 500 HBOR sweeps.
# [2024-05-26 16:28:52] INFO: Plaquette = 0.653506
# [2024-05-26 16:28:52] INFO: Polyakov loop = (-5.72507e-05,-0.000534101)
# [2024-05-26 16:28:52] INFO: Writing conf to disk...
# [2024-05-26 16:28:52] INFO: writeconf_nersc: Writing NERSC configuration ./conf_s060t20_b0671320_a_U000669000
# [2024-05-26 16:28:55] INFO: Calculated checksum: 16ffc912
# [2024-05-26 16:29:01] INFO: Calculated checksum: 8b395c16
# [2024-05-26 16:29:01] INFO: Writing RNGSTATE file: ./rand_s060t20_b0671320_a_U000669000
# [2024-05-26 16:29:01] INFO: Writing to disk took 9.33995 seconds
# [2024-05-26 16:29:01] INFO: ======================================================================
# [2024-05-26 16:29:01] INFO: Start sweeping...
# [2024-05-26 16:36:08] INFO: It took 426.952 seconds to do 500 HBOR sweeps.
# [2024-05-26 16:36:08] INFO: Plaquette = 0.653433
# [2024-05-26 16:36:08] INFO: Polyakov loop = (0.000346068,9.69363e-06)
# [2024-05-26 16:36:08] INFO: Writing conf to disk...
# [2024-05-26 16:36:08] INFO: writeconf_nersc: Writing NERSC configuration ./conf_s060t20_b0671320_a_U000669500
# [2024-05-26 16:36:12] INFO: Calculated checksum: 6dc93ce1
# [2024-05-26 16:36:17] INFO: Calculated checksum: afb7dc79
# [2024-05-26 16:36:17] INFO: Writing RNGSTATE file: ./rand_s060t20_b0671320_a_U000669500
# [2024-05-26 16:36:18] INFO: Writing to disk took 9.5657 seconds
# [2024-05-26 16:36:18] INFO: ======================================================================
# [2024-05-26 16:36:18] INFO: Start sweeping...
# [2024-05-26 16:43:24] INFO: It took 426.575 seconds to do 500 HBOR sweeps.
# [2024-05-26 16:43:24] INFO: Plaquette = 0.653588
# [2024-05-26 16:43:24] INFO: Polyakov loop = (0.00132378,0.000381661)
# [2024-05-26 16:43:24] INFO: Writing conf to disk...
# [2024-05-26 16:43:24] INFO: writeconf_nersc: Writing NERSC configuration ./conf_s060t20_b0671320_a_U000670000
# [2024-05-26 16:43:28] INFO: Calculated checksum: 6f75120a
# [2024-05-26 16:43:33] INFO: Calculated checksum: 886d1f16
# [2024-05-26 16:43:33] INFO: Writing RNGSTATE file: ./rand_s060t20_b0671320_a_U000670000
# [2024-05-26 16:43:33] INFO: Writing to disk took 8.83373 seconds
# [2024-05-26 16:43:33] INFO: ======================================================================
# [2024-05-26 16:43:33] INFO: Start sweeping...
# [2024-05-26 16:50:41] INFO: It took 427.777 seconds to do 500 HBOR sweeps.
# [2024-05-26 16:50:41] INFO: Plaquette = 0.653469
# [2024-05-26 16:50:41] INFO: Polyakov loop = (0.000677698,6.80878e-05)
# [2024-05-26 16:50:41] INFO: Writing conf to disk...
# [2024-05-26 16:50:41] INFO: writeconf_nersc: Writing NERSC configuration ./conf_s060t20_b0671320_a_U000670500
# [2024-05-26 16:50:45] INFO: Calculated checksum: a5ca1703
# [2024-05-26 16:50:50] INFO: Calculated checksum: c42ddb49
# [2024-05-26 16:50:50] INFO: Writing RNGSTATE file: ./rand_s060t20_b0671320_a_U000670500
# [2024-05-26 16:50:50] INFO: Writing to disk took 9.24168 seconds
# [2024-05-26 16:50:50] INFO: ======================================================================
# [2024-05-26 16:50:50] INFO: Start sweeping...
# [2024-05-26 16:57:58] INFO: It took 427.565 seconds to do 500 HBOR sweeps.
# [2024-05-26 16:57:58] INFO: Plaquette = 0.653554
# [2024-05-26 16:57:58] INFO: Polyakov loop = (0.00327572,-0.000634103)
# [2024-05-26 16:57:58] INFO: Writing conf to disk...
# [2024-05-26 16:57:58] INFO: writeconf_nersc: Writing NERSC configuration ./conf_s060t20_b0671320_a_U000671000
# [2024-05-26 16:58:01] INFO: Calculated checksum: 1ee1ff8d
# [2024-05-26 16:58:07] INFO: Calculated checksum: f881ef09
# [2024-05-26 16:58:07] INFO: Writing RNGSTATE file: ./rand_s060t20_b0671320_a_U000671000
# [2024-05-26 16:58:07] INFO: Writing to disk took 9.4242 seconds
# [2024-05-26 16:58:07] INFO: ======================================================================
# [2024-05-26 16:58:07] INFO: Start sweeping...
# [2024-05-26 17:05:15] INFO: It took 427.811 seconds to do 500 HBOR sweeps.
# [2024-05-26 17:05:15] INFO: Plaquette = 0.653456
# [2024-05-26 17:05:15] INFO: Polyakov loop = (0.00137741,0.000705098)
# [2024-05-26 17:05:15] INFO: Writing conf to disk...
# [2024-05-26 17:05:15] INFO: writeconf_nersc: Writing NERSC configuration ./conf_s060t20_b0671320_a_U000671500
# [2024-05-26 17:05:19] INFO: Calculated checksum: d03a8a56
# [2024-05-26 17:05:24] INFO: Calculated checksum: daafab2c
# [2024-05-26 17:05:24] INFO: Writing RNGSTATE file: ./rand_s060t20_b0671320_a_U000671500
# [2024-05-26 17:05:24] INFO: Writing to disk took 9.41343 seconds
# [2024-05-26 17:05:24] INFO: ======================================================================
# [2024-05-26 17:05:24] INFO: Start sweeping...
# [2024-05-26 17:12:32] INFO: It took 427.59 seconds to do 500 HBOR sweeps.
# [2024-05-26 17:12:32] INFO: Plaquette = 0.653545
# [2024-05-26 17:12:32] INFO: Polyakov loop = (0.00127131,0.000137408)
# [2024-05-26 17:12:32] INFO: Writing conf to disk...
# [2024-05-26 17:12:32] INFO: writeconf_nersc: Writing NERSC configuration ./conf_s060t20_b0671320_a_U000672000
# [2024-05-26 17:12:36] INFO: Calculated checksum: a5e00f78
# [2024-05-26 17:12:41] INFO: Calculated checksum: 98b8059e
# [2024-05-26 17:12:41] INFO: Writing RNGSTATE file: ./rand_s060t20_b0671320_a_U000672000
# [2024-05-26 17:12:41] INFO: Writing to disk took 9.4068 seconds
# [2024-05-26 17:12:41] INFO: ======================================================================
# [2024-05-26 17:12:41] INFO: Start sweeping...
# [2024-05-26 17:19:49] INFO: It took 427.695 seconds to do 500 HBOR sweeps.
# [2024-05-26 17:19:49] INFO: Plaquette = 0.653491
# [2024-05-26 17:19:49] INFO: Polyakov loop = (-6.51513e-05,9.93106e-05)
# [2024-05-26 17:19:49] INFO: Writing conf to disk...
# [2024-05-26 17:19:49] INFO: writeconf_nersc: Writing NERSC configuration ./conf_s060t20_b0671320_a_U000672500
# [2024-05-26 17:19:53] INFO: Calculated checksum: 3e8c0a54
# [2024-05-26 17:19:58] INFO: Calculated checksum: 823e0970
# [2024-05-26 17:19:58] INFO: Writing RNGSTATE file: ./rand_s060t20_b0671320_a_U000672500
# [2024-05-26 17:19:58] INFO: Writing to disk took 9.29417 seconds
# [2024-05-26 17:19:58] INFO: ======================================================================
# [2024-05-26 17:19:58] INFO: Start sweeping...
# [2024-05-26 17:27:06] INFO: It took 427.761 seconds to do 500 HBOR sweeps.
# [2024-05-26 17:27:06] INFO: Plaquette = 0.653541
# [2024-05-26 17:27:06] INFO: Polyakov loop = (0.000848383,-9.5611e-07)
# [2024-05-26 17:27:06] INFO: Writing conf to disk...
# [2024-05-26 17:27:06] INFO: writeconf_nersc: Writing NERSC configuration ./conf_s060t20_b0671320_a_U000673000
# [2024-05-26 17:27:10] INFO: Calculated checksum: 849ca102
# [2024-05-26 17:27:15] INFO: Calculated checksum: baacea31
# [2024-05-26 17:27:15] INFO: Writing RNGSTATE file: ./rand_s060t20_b0671320_a_U000673000
# [2024-05-26 17:27:16] INFO: Writing to disk took 9.38426 seconds
# [2024-05-26 17:27:16] INFO: ======================================================================
# [2024-05-26 17:27:16] INFO: Start sweeping...
# [2024-05-26 17:34:23] INFO: It took 427.78 seconds to do 500 HBOR sweeps.
# [2024-05-26 17:34:23] INFO: Plaquette = 0.653534
# [2024-05-26 17:34:23] INFO: Polyakov loop = (0.00168604,-0.000226344)
# [2024-05-26 17:34:23] INFO: Writing conf to disk...
# [2024-05-26 17:34:23] INFO: writeconf_nersc: Writing NERSC configuration ./conf_s060t20_b0671320_a_U000673500
# [2024-05-26 17:34:27] INFO: Calculated checksum: fbf34ab0
# [2024-05-26 17:34:33] INFO: Calculated checksum: 85d0bda
# [2024-05-26 17:34:33] INFO: Writing RNGSTATE file: ./rand_s060t20_b0671320_a_U000673500
# [2024-05-26 17:34:33] INFO: Writing to disk took 9.50829 seconds
# [2024-05-26 17:34:33] INFO: ======================================================================
# [2024-05-26 17:34:33] INFO: Start sweeping...
# [2024-05-26 17:41:41] INFO: It took 427.809 seconds to do 500 HBOR sweeps.
# [2024-05-26 17:41:41] INFO: Plaquette = 0.65353
# [2024-05-26 17:41:41] INFO: Polyakov loop = (0.0015347,-0.000441561)
# [2024-05-26 17:41:41] INFO: Writing conf to disk...
# [2024-05-26 17:41:41] INFO: writeconf_nersc: Writing NERSC configuration ./conf_s060t20_b0671320_a_U000674000
# [2024-05-26 17:41:44] INFO: Calculated checksum: 1e3da306
# [2024-05-26 17:41:50] INFO: Calculated checksum: dca1e837
# [2024-05-26 17:41:50] INFO: Writing RNGSTATE file: ./rand_s060t20_b0671320_a_U000674000
# [2024-05-26 17:41:50] INFO: Writing to disk took 9.53661 seconds
# [2024-05-26 17:41:50] INFO: ======================================================================
# [2024-05-26 17:41:50] INFO: Start sweeping...
# [2024-05-26 17:48:58] INFO: It took 427.862 seconds to do 500 HBOR sweeps.
# [2024-05-26 17:48:58] INFO: Plaquette = 0.653562
# [2024-05-26 17:48:58] INFO: Polyakov loop = (0.00116726,-6.51519e-05)
# [2024-05-26 17:48:58] INFO: Writing conf to disk...
# [2024-05-26 17:48:58] INFO: writeconf_nersc: Writing NERSC configuration ./conf_s060t20_b0671320_a_U000674500
# [2024-05-26 17:49:02] INFO: Calculated checksum: 4b0becf7
# [2024-05-26 17:49:07] INFO: Calculated checksum: 7a42ea99
# [2024-05-26 17:49:07] INFO: Writing RNGSTATE file: ./rand_s060t20_b0671320_a_U000674500
# [2024-05-26 17:49:07] INFO: Writing to disk took 9.34125 seconds
# [2024-05-26 17:49:07] INFO: ======================================================================
# [2024-05-26 17:49:07] INFO: Start sweeping...
# [2024-05-26 17:56:15] INFO: It took 427.346 seconds to do 500 HBOR sweeps.
# [2024-05-26 17:56:15] INFO: Plaquette = 0.653461
# [2024-05-26 17:56:15] INFO: Polyakov loop = (0.00276515,0.000155284)
# [2024-05-26 17:56:15] INFO: Writing conf to disk...
# [2024-05-26 17:56:15] INFO: writeconf_nersc: Writing NERSC configuration ./conf_s060t20_b0671320_a_U000675000
# [2024-05-26 17:56:19] INFO: Calculated checksum: e91cc66e
# [2024-05-26 17:56:24] INFO: Calculated checksum: 1e78a054
# [2024-05-26 17:56:24] INFO: Writing RNGSTATE file: ./rand_s060t20_b0671320_a_U000675000
# [2024-05-26 17:56:24] INFO: Writing to disk took 9.35141 seconds
# [2024-05-26 17:56:24] INFO: ======================================================================
# [2024-05-26 17:56:24] INFO: Start sweeping...
# [2024-05-26 18:03:31] INFO: It took 426.667 seconds to do 500 HBOR sweeps.
# [2024-05-26 18:03:31] INFO: Plaquette = 0.653501
# [2024-05-26 18:03:31] INFO: Polyakov loop = (0.000512179,-0.000546196)
# [2024-05-26 18:03:31] INFO: Writing conf to disk...
# [2024-05-26 18:03:31] INFO: writeconf_nersc: Writing NERSC configuration ./conf_s060t20_b0671320_a_U000675500
# [2024-05-26 18:03:35] INFO: Calculated checksum: f3435f2c
# [2024-05-26 18:03:40] INFO: Calculated checksum: 3fd950ef
# [2024-05-26 18:03:40] INFO: Writing RNGSTATE file: ./rand_s060t20_b0671320_a_U000675500
# [2024-05-26 18:03:40] INFO: Writing to disk took 9.35604 seconds
# [2024-05-26 18:03:40] INFO: ======================================================================
# [2024-05-26 18:03:40] INFO: Start sweeping...
# [2024-05-26 18:10:47] INFO: It took 426.613 seconds to do 500 HBOR sweeps.
# [2024-05-26 18:10:47] INFO: Plaquette = 0.653432
# [2024-05-26 18:10:47] INFO: Polyakov loop = (0.0019246,0.000569543)
# [2024-05-26 18:10:47] INFO: Writing conf to disk...
# [2024-05-26 18:10:47] INFO: writeconf_nersc: Writing NERSC configuration ./conf_s060t20_b0671320_a_U000676000
# [2024-05-26 18:10:51] INFO: Calculated checksum: 655a26aa
# [2024-05-26 18:10:56] INFO: Calculated checksum: 1a83423
# [2024-05-26 18:10:56] INFO: Writing RNGSTATE file: ./rand_s060t20_b0671320_a_U000676000
# [2024-05-26 18:10:56] INFO: Writing to disk took 9.34469 seconds
# [2024-05-26 18:10:56] INFO: ======================================================================
# [2024-05-26 18:10:56] INFO: Start sweeping...
# [2024-05-26 18:18:02] INFO: It took 426.128 seconds to do 500 HBOR sweeps.
# [2024-05-26 18:18:02] INFO: Plaquette = 0.653591
# [2024-05-26 18:18:02] INFO: Polyakov loop = (0.00225856,-0.000391956)
# [2024-05-26 18:18:02] INFO: Writing conf to disk...
# [2024-05-26 18:18:02] INFO: writeconf_nersc: Writing NERSC configuration ./conf_s060t20_b0671320_a_U000676500
# [2024-05-26 18:18:06] INFO: Calculated checksum: 7465341b
# [2024-05-26 18:18:12] INFO: Calculated checksum: 9dbcbf85
# [2024-05-26 18:18:12] INFO: Writing RNGSTATE file: ./rand_s060t20_b0671320_a_U000676500
# [2024-05-26 18:18:12] INFO: Writing to disk took 9.35906 seconds
# [2024-05-26 18:18:12] INFO: ======================================================================
# [2024-05-26 18:18:12] INFO: Start sweeping...
# [2024-05-26 18:25:17] INFO: It took 425.673 seconds to do 500 HBOR sweeps.
# [2024-05-26 18:25:17] INFO: Plaquette = 0.653504
# [2024-05-26 18:25:17] INFO: Polyakov loop = (0.00172344,-0.000104902)
# [2024-05-26 18:25:17] INFO: Writing conf to disk...
# [2024-05-26 18:25:17] INFO: writeconf_nersc: Writing NERSC configuration ./conf_s060t20_b0671320_a_U000677000
# [2024-05-26 18:25:21] INFO: Calculated checksum: cea4ae93
# [2024-05-26 18:25:27] INFO: Calculated checksum: 8ef7c3ad
# [2024-05-26 18:25:27] INFO: Writing RNGSTATE file: ./rand_s060t20_b0671320_a_U000677000
# [2024-05-26 18:25:27] INFO: Writing to disk took 9.32702 seconds
# [2024-05-26 18:25:27] INFO: ======================================================================
# [2024-05-26 18:25:27] INFO: Start sweeping...
# [2024-05-26 18:32:33] INFO: It took 426.63 seconds to do 500 HBOR sweeps.
# [2024-05-26 18:32:33] INFO: Plaquette = 0.65356
# [2024-05-26 18:32:33] INFO: Polyakov loop = (0.00101143,-0.000265537)
# [2024-05-26 18:32:33] INFO: Writing conf to disk...
# [2024-05-26 18:32:33] INFO: writeconf_nersc: Writing NERSC configuration ./conf_s060t20_b0671320_a_U000677500
# [2024-05-26 18:32:37] INFO: Calculated checksum: 468b7aea
# [2024-05-26 18:32:42] INFO: Calculated checksum: 664dd280
# [2024-05-26 18:32:42] INFO: Writing RNGSTATE file: ./rand_s060t20_b0671320_a_U000677500
# [2024-05-26 18:32:42] INFO: Writing to disk took 8.93354 seconds
# [2024-05-26 18:32:42] INFO: ======================================================================
# [2024-05-26 18:32:42] INFO: Start sweeping...
# [2024-05-26 18:39:53] INFO: It took 431.096 seconds to do 500 HBOR sweeps.
# [2024-05-26 18:39:54] INFO: Plaquette = 0.653576
# [2024-05-26 18:39:54] INFO: Polyakov loop = (0.000780647,-0.000408689)
# [2024-05-26 18:39:54] INFO: Writing conf to disk...
# [2024-05-26 18:39:54] INFO: writeconf_nersc: Writing NERSC configuration ./conf_s060t20_b0671320_a_U000678000
# [2024-05-26 18:39:57] INFO: Calculated checksum: bab8a693
# [2024-05-26 18:40:03] INFO: Calculated checksum: b90c856f
# [2024-05-26 18:40:03] INFO: Writing RNGSTATE file: ./rand_s060t20_b0671320_a_U000678000
# [2024-05-26 18:40:03] INFO: Writing to disk took 9.21498 seconds
# [2024-05-26 18:40:03] INFO: ======================================================================
# [2024-05-26 18:40:03] INFO: Start sweeping...
# [2024-05-26 18:47:16] INFO: It took 433.349 seconds to do 500 HBOR sweeps.
# [2024-05-26 18:47:16] INFO: Plaquette = 0.653611
# [2024-05-26 18:47:16] INFO: Polyakov loop = (0.000750104,0.000187892)
# [2024-05-26 18:47:16] INFO: Writing conf to disk...
# [2024-05-26 18:47:16] INFO: writeconf_nersc: Writing NERSC configuration ./conf_s060t20_b0671320_a_U000678500
# [2024-05-26 18:47:20] INFO: Calculated checksum: 32149bcb
# [2024-05-26 18:47:25] INFO: Calculated checksum: 90dbeb2
# [2024-05-26 18:47:25] INFO: Writing RNGSTATE file: ./rand_s060t20_b0671320_a_U000678500
# [2024-05-26 18:47:26] INFO: Writing to disk took 9.41012 seconds
# [2024-05-26 18:47:26] INFO: ======================================================================
# [2024-05-26 18:47:26] INFO: Start sweeping...
# [2024-05-26 18:54:39] INFO: It took 433.51 seconds to do 500 HBOR sweeps.
# [2024-05-26 18:54:39] INFO: Plaquette = 0.653437
# [2024-05-26 18:54:39] INFO: Polyakov loop = (0.000790329,-5.42653e-05)
# [2024-05-26 18:54:39] INFO: Writing conf to disk...
# [2024-05-26 18:54:39] INFO: writeconf_nersc: Writing NERSC configuration ./conf_s060t20_b0671320_a_U000679000
# [2024-05-26 18:54:43] INFO: Calculated checksum: f508ce90
# [2024-05-26 18:54:48] INFO: Calculated checksum: 6018c5f0
# [2024-05-26 18:54:48] INFO: Writing RNGSTATE file: ./rand_s060t20_b0671320_a_U000679000
# [2024-05-26 18:54:49] INFO: Writing to disk took 9.48633 seconds
# [2024-05-26 18:54:49] INFO: ======================================================================
# [2024-05-26 18:54:49] INFO: Start sweeping...
# [2024-05-26 19:02:02] INFO: It took 433.534 seconds to do 500 HBOR sweeps.
# [2024-05-26 19:02:02] INFO: Plaquette = 0.653429
# [2024-05-26 19:02:02] INFO: Polyakov loop = (0.000575199,-0.00097682)
# [2024-05-26 19:02:02] INFO: Writing conf to disk...
# [2024-05-26 19:02:02] INFO: writeconf_nersc: Writing NERSC configuration ./conf_s060t20_b0671320_a_U000679500
# [2024-05-26 19:02:06] INFO: Calculated checksum: ce458aca
# [2024-05-26 19:02:11] INFO: Calculated checksum: 557e0da
# [2024-05-26 19:02:11] INFO: Writing RNGSTATE file: ./rand_s060t20_b0671320_a_U000679500
# [2024-05-26 19:02:12] INFO: Writing to disk took 9.51244 seconds
# [2024-05-26 19:02:12] INFO: ======================================================================
# [2024-05-26 19:02:12] INFO: Start sweeping...
# [2024-05-26 19:09:25] INFO: It took 433.808 seconds to do 500 HBOR sweeps.
# [2024-05-26 19:09:25] INFO: Plaquette = 0.653467
# [2024-05-26 19:09:25] INFO: Polyakov loop = (0.00204806,0.000367589)
# [2024-05-26 19:09:25] INFO: Writing conf to disk...
# [2024-05-26 19:09:25] INFO: writeconf_nersc: Writing NERSC configuration ./conf_s060t20_b0671320_a_U000680000
# [2024-05-26 19:09:29] INFO: Calculated checksum: 8e56e9aa
# [2024-05-26 19:09:35] INFO: Calculated checksum: 53111c00
# [2024-05-26 19:09:35] INFO: Writing RNGSTATE file: ./rand_s060t20_b0671320_a_U000680000
# [2024-05-26 19:09:35] INFO: Writing to disk took 9.43627 seconds
# [2024-05-26 19:09:35] INFO: ======================================================================
# [2024-05-26 19:09:35] INFO: Start sweeping...
# [2024-05-26 19:16:49] INFO: It took 433.651 seconds to do 500 HBOR sweeps.
# [2024-05-26 19:16:49] INFO: Plaquette = 0.653518
# [2024-05-26 19:16:49] INFO: Polyakov loop = (0.00111813,-0.000997537)
# [2024-05-26 19:16:49] INFO: Writing conf to disk...
# [2024-05-26 19:16:49] INFO: writeconf_nersc: Writing NERSC configuration ./conf_s060t20_b0671320_a_U000680500
# [2024-05-26 19:16:52] INFO: Calculated checksum: b28d0fea
# [2024-05-26 19:16:58] INFO: Calculated checksum: 696f5f5b
# [2024-05-26 19:16:58] INFO: Writing RNGSTATE file: ./rand_s060t20_b0671320_a_U000680500
# [2024-05-26 19:16:58] INFO: Writing to disk took 9.45949 seconds
# [2024-05-26 19:16:58] INFO: ======================================================================
# [2024-05-26 19:16:58] INFO: Start sweeping...
# [2024-05-26 19:24:12] INFO: It took 433.503 seconds to do 500 HBOR sweeps.
# [2024-05-26 19:24:12] INFO: Plaquette = 0.653495
# [2024-05-26 19:24:12] INFO: Polyakov loop = (0.000981431,-0.000630335)
# [2024-05-26 19:24:12] INFO: Writing conf to disk...
# [2024-05-26 19:24:12] INFO: writeconf_nersc: Writing NERSC configuration ./conf_s060t20_b0671320_a_U000681000
# [2024-05-26 19:24:15] INFO: Calculated checksum: a26101aa
# [2024-05-26 19:24:21] INFO: Calculated checksum: ac9f0cba
# [2024-05-26 19:24:21] INFO: Writing RNGSTATE file: ./rand_s060t20_b0671320_a_U000681000
# [2024-05-26 19:24:21] INFO: Writing to disk took 9.33429 seconds
# [2024-05-26 19:24:21] INFO: ======================================================================
# [2024-05-26 19:24:21] INFO: Start sweeping...
# [2024-05-26 19:31:35] INFO: It took 433.782 seconds to do 500 HBOR sweeps.
# [2024-05-26 19:31:35] INFO: Plaquette = 0.653459
# [2024-05-26 19:31:35] INFO: Polyakov loop = (0.000339995,-0.000199115)
# [2024-05-26 19:31:35] INFO: Writing conf to disk...
# [2024-05-26 19:31:35] INFO: writeconf_nersc: Writing NERSC configuration ./conf_s060t20_b0671320_a_U000681500
# [2024-05-26 19:31:38] INFO: Calculated checksum: dd52593d
# [2024-05-26 19:31:44] INFO: Calculated checksum: 9344e377
# [2024-05-26 19:31:44] INFO: Writing RNGSTATE file: ./rand_s060t20_b0671320_a_U000681500
# [2024-05-26 19:31:44] INFO: Writing to disk took 9.37922 seconds
# [2024-05-26 19:31:44] INFO: ======================================================================
# [2024-05-26 19:31:44] INFO: Start sweeping...
# [2024-05-26 19:38:58] INFO: It took 433.788 seconds to do 500 HBOR sweeps.
# [2024-05-26 19:38:58] INFO: Plaquette = 0.653443
# [2024-05-26 19:38:58] INFO: Polyakov loop = (-3.55006e-05,8.13799e-05)
# [2024-05-26 19:38:58] INFO: Writing conf to disk...
# [2024-05-26 19:38:58] INFO: writeconf_nersc: Writing NERSC configuration ./conf_s060t20_b0671320_a_U000682000
# [2024-05-26 19:39:02] INFO: Calculated checksum: 1c20e9f4
# [2024-05-26 19:39:07] INFO: Calculated checksum: 29d3e8e0
# [2024-05-26 19:39:07] INFO: Writing RNGSTATE file: ./rand_s060t20_b0671320_a_U000682000
# [2024-05-26 19:39:07] INFO: Writing to disk took 9.43595 seconds
# [2024-05-26 19:39:07] INFO: ======================================================================
# [2024-05-26 19:39:07] INFO: Start sweeping...
# [2024-05-26 19:46:21] INFO: It took 433.809 seconds to do 500 HBOR sweeps.
# [2024-05-26 19:46:21] INFO: Plaquette = 0.653412
# [2024-05-26 19:46:21] INFO: Polyakov loop = (-0.000620996,-0.00164378)
# [2024-05-26 19:46:21] INFO: Writing conf to disk...
# [2024-05-26 19:46:21] INFO: writeconf_nersc: Writing NERSC configuration ./conf_s060t20_b0671320_a_U000682500
# [2024-05-26 19:46:25] INFO: Calculated checksum: 7cd459d
# [2024-05-26 19:46:33] INFO: Calculated checksum: d6f8f833
# [2024-05-26 19:46:33] INFO: Writing RNGSTATE file: ./rand_s060t20_b0671320_a_U000682500
# [2024-05-26 19:46:33] INFO: Writing to disk took 12.1453 seconds
# [2024-05-26 19:46:33] INFO: ======================================================================
# [2024-05-26 19:46:33] INFO: Start sweeping...
# [2024-05-26 19:53:46] INFO: It took 432.932 seconds to do 500 HBOR sweeps.
# [2024-05-26 19:53:46] INFO: Plaquette = 0.653477
# [2024-05-26 19:53:46] INFO: Polyakov loop = (-0.00111887,-0.0010001)
# [2024-05-26 19:53:46] INFO: Writing conf to disk...
# [2024-05-26 19:53:46] INFO: writeconf_nersc: Writing NERSC configuration ./conf_s060t20_b0671320_a_U000683000
# [2024-05-26 19:53:50] INFO: Calculated checksum: 70852f1e
# [2024-05-26 19:53:56] INFO: Calculated checksum: dca2f59f
# [2024-05-26 19:53:56] INFO: Writing RNGSTATE file: ./rand_s060t20_b0671320_a_U000683000
# [2024-05-26 19:53:56] INFO: Writing to disk took 9.38993 seconds
# [2024-05-26 19:53:56] INFO: ======================================================================
# [2024-05-26 19:53:56] INFO: Start sweeping...
# [2024-05-26 20:01:09] INFO: It took 433.432 seconds to do 500 HBOR sweeps.
# [2024-05-26 20:01:09] INFO: Plaquette = 0.653598
# [2024-05-26 20:01:09] INFO: Polyakov loop = (-0.000621047,-0.000573986)
# [2024-05-26 20:01:09] INFO: Writing conf to disk...
# [2024-05-26 20:01:09] INFO: writeconf_nersc: Writing NERSC configuration ./conf_s060t20_b0671320_a_U000683500
# [2024-05-26 20:01:13] INFO: Calculated checksum: ab7ae46b
# [2024-05-26 20:01:18] INFO: Calculated checksum: d9acde7d
# [2024-05-26 20:01:18] INFO: Writing RNGSTATE file: ./rand_s060t20_b0671320_a_U000683500
# [2024-05-26 20:01:19] INFO: Writing to disk took 9.39118 seconds
# [2024-05-26 20:01:19] INFO: ======================================================================
# [2024-05-26 20:01:19] INFO: Start sweeping...
# [2024-05-26 20:08:32] INFO: It took 433.3 seconds to do 500 HBOR sweeps.
# [2024-05-26 20:08:32] INFO: Plaquette = 0.653541
# [2024-05-26 20:08:32] INFO: Polyakov loop = (0.000122804,-0.000819071)
# [2024-05-26 20:08:32] INFO: Writing conf to disk...
# [2024-05-26 20:08:32] INFO: writeconf_nersc: Writing NERSC configuration ./conf_s060t20_b0671320_a_U000684000
# [2024-05-26 20:08:36] INFO: Calculated checksum: a1833dac
# [2024-05-26 20:08:41] INFO: Calculated checksum: 3507c40c
# [2024-05-26 20:08:41] INFO: Writing RNGSTATE file: ./rand_s060t20_b0671320_a_U000684000
# [2024-05-26 20:08:41] INFO: Writing to disk took 9.37513 seconds
# [2024-05-26 20:08:41] INFO: ======================================================================
# [2024-05-26 20:08:41] INFO: Start sweeping...
# [2024-05-26 20:15:55] INFO: It took 433.54 seconds to do 500 HBOR sweeps.
# [2024-05-26 20:15:55] INFO: Plaquette = 0.653621
# [2024-05-26 20:15:55] INFO: Polyakov loop = (0.000480537,-0.00163183)
# [2024-05-26 20:15:55] INFO: Writing conf to disk...
# [2024-05-26 20:15:55] INFO: writeconf_nersc: Writing NERSC configuration ./conf_s060t20_b0671320_a_U000684500
# [2024-05-26 20:15:59] INFO: Calculated checksum: 6c401eda
# [2024-05-26 20:16:04] INFO: Calculated checksum: 1a1bcda2
# [2024-05-26 20:16:04] INFO: Writing RNGSTATE file: ./rand_s060t20_b0671320_a_U000684500
# [2024-05-26 20:16:04] INFO: Writing to disk took 9.38358 seconds
# [2024-05-26 20:16:04] INFO: ======================================================================
# [2024-05-26 20:16:04] INFO: Start sweeping...
# [2024-05-26 20:23:18] INFO: It took 433.836 seconds to do 500 HBOR sweeps.
# [2024-05-26 20:23:18] INFO: Plaquette = 0.653512
# [2024-05-26 20:23:18] INFO: Polyakov loop = (0.0013724,1.24934e-05)
# [2024-05-26 20:23:18] INFO: Writing conf to disk...
# [2024-05-26 20:23:18] INFO: writeconf_nersc: Writing NERSC configuration ./conf_s060t20_b0671320_a_U000685000
# [2024-05-26 20:23:22] INFO: Calculated checksum: 4e7f716d
# [2024-05-26 20:23:27] INFO: Calculated checksum: 6ce6e8e6
# [2024-05-26 20:23:27] INFO: Writing RNGSTATE file: ./rand_s060t20_b0671320_a_U000685000
# [2024-05-26 20:23:27] INFO: Writing to disk took 9.41883 seconds
# [2024-05-26 20:23:27] INFO: ======================================================================
# [2024-05-26 20:23:27] INFO: Start sweeping...
# [2024-05-26 20:30:42] INFO: It took 434.204 seconds to do 500 HBOR sweeps.
# [2024-05-26 20:30:42] INFO: Plaquette = 0.653433
# [2024-05-26 20:30:42] INFO: Polyakov loop = (-0.000519386,-0.000185707)
# [2024-05-26 20:30:42] INFO: Writing conf to disk...
# [2024-05-26 20:30:42] INFO: writeconf_nersc: Writing NERSC configuration ./conf_s060t20_b0671320_a_U000685500
# [2024-05-26 20:30:46] INFO: Calculated checksum: 14c2695c
# [2024-05-26 20:30:51] INFO: Calculated checksum: 3c5f9c60
# [2024-05-26 20:30:51] INFO: Writing RNGSTATE file: ./rand_s060t20_b0671320_a_U000685500
# [2024-05-26 20:30:51] INFO: Writing to disk took 9.38092 seconds
# [2024-05-26 20:30:51] INFO: ======================================================================
# [2024-05-26 20:30:51] INFO: Start sweeping...
# [2024-05-26 20:38:05] INFO: It took 434.354 seconds to do 500 HBOR sweeps.
# [2024-05-26 20:38:05] INFO: Plaquette = 0.653591
# [2024-05-26 20:38:05] INFO: Polyakov loop = (0.000161126,0.000593899)
# [2024-05-26 20:38:05] INFO: Writing conf to disk...
# [2024-05-26 20:38:05] INFO: writeconf_nersc: Writing NERSC configuration ./conf_s060t20_b0671320_a_U000686000
# [2024-05-26 20:38:09] INFO: Calculated checksum: 7f70451a
# [2024-05-26 20:38:15] INFO: Calculated checksum: a3c7bb82
# [2024-05-26 20:38:15] INFO: Writing RNGSTATE file: ./rand_s060t20_b0671320_a_U000686000
# [2024-05-26 20:38:15] INFO: Writing to disk took 9.37829 seconds
# [2024-05-26 20:38:15] INFO: ======================================================================
# [2024-05-26 20:38:15] INFO: Start sweeping...
# [2024-05-26 20:45:30] INFO: It took 434.836 seconds to do 500 HBOR sweeps.
# [2024-05-26 20:45:30] INFO: Plaquette = 0.65337
# [2024-05-26 20:45:30] INFO: Polyakov loop = (0.000670277,0.000562527)
# [2024-05-26 20:45:30] INFO: Writing conf to disk...
# [2024-05-26 20:45:30] INFO: writeconf_nersc: Writing NERSC configuration ./conf_s060t20_b0671320_a_U000686500
# [2024-05-26 20:45:34] INFO: Calculated checksum: d84dccc8
# [2024-05-26 20:45:39] INFO: Calculated checksum: d3f1d594
# [2024-05-26 20:45:39] INFO: Writing RNGSTATE file: ./rand_s060t20_b0671320_a_U000686500
# [2024-05-26 20:45:39] INFO: Writing to disk took 9.38015 seconds
# [2024-05-26 20:45:39] INFO: ======================================================================
# [2024-05-26 20:45:39] INFO: Start sweeping...
# [2024-05-26 20:52:54] INFO: It took 434.963 seconds to do 500 HBOR sweeps.
# [2024-05-26 20:52:54] INFO: Plaquette = 0.653601
# [2024-05-26 20:52:54] INFO: Polyakov loop = (0.00200532,0.00012834)
# [2024-05-26 20:52:54] INFO: Writing conf to disk...
# [2024-05-26 20:52:54] INFO: writeconf_nersc: Writing NERSC configuration ./conf_s060t20_b0671320_a_U000687000
# [2024-05-26 20:52:58] INFO: Calculated checksum: ba246782
# [2024-05-26 20:53:03] INFO: Calculated checksum: 29daf30e
# [2024-05-26 20:53:03] INFO: Writing RNGSTATE file: ./rand_s060t20_b0671320_a_U000687000
# [2024-05-26 20:53:04] INFO: Writing to disk took 9.39786 seconds
# [2024-05-26 20:53:04] INFO: ======================================================================
# [2024-05-26 20:53:04] INFO: Start sweeping...
# [2024-05-26 21:00:19] INFO: It took 435.207 seconds to do 500 HBOR sweeps.
# [2024-05-26 21:00:19] INFO: Plaquette = 0.653537
# [2024-05-26 21:00:19] INFO: Polyakov loop = (0.00184985,-7.70328e-05)
# [2024-05-26 21:00:19] INFO: Writing conf to disk...
# [2024-05-26 21:00:19] INFO: writeconf_nersc: Writing NERSC configuration ./conf_s060t20_b0671320_a_U000687500
# [2024-05-26 21:00:23] INFO: Calculated checksum: 6c07b0aa
# [2024-05-26 21:00:28] INFO: Calculated checksum: d67d4a72
# [2024-05-26 21:00:28] INFO: Writing RNGSTATE file: ./rand_s060t20_b0671320_a_U000687500
# [2024-05-26 21:00:28] INFO: Writing to disk took 9.40615 seconds
# [2024-05-26 21:00:28] INFO: ======================================================================
# [2024-05-26 21:00:28] INFO: Start sweeping...
# [2024-05-26 21:07:43] INFO: It took 435.238 seconds to do 500 HBOR sweeps.
# [2024-05-26 21:07:43] INFO: Plaquette = 0.653555
# [2024-05-26 21:07:43] INFO: Polyakov loop = (0.00165765,-0.00059926)
# [2024-05-26 21:07:43] INFO: Writing conf to disk...
# [2024-05-26 21:07:43] INFO: writeconf_nersc: Writing NERSC configuration ./conf_s060t20_b0671320_a_U000688000
# [2024-05-26 21:07:47] INFO: Calculated checksum: e6b7c76e
# [2024-05-26 21:07:53] INFO: Calculated checksum: 2e98ef18
# [2024-05-26 21:07:53] INFO: Writing RNGSTATE file: ./rand_s060t20_b0671320_a_U000688000
# [2024-05-26 21:07:53] INFO: Writing to disk took 9.41626 seconds
# [2024-05-26 21:07:53] INFO: ======================================================================
# [2024-05-26 21:07:53] INFO: Start sweeping...
# [2024-05-26 21:15:07] INFO: It took 434.084 seconds to do 500 HBOR sweeps.
# [2024-05-26 21:15:07] INFO: Plaquette = 0.653541
# [2024-05-26 21:15:07] INFO: Polyakov loop = (0.00109979,-0.000543955)
# [2024-05-26 21:15:07] INFO: Writing conf to disk...
# [2024-05-26 21:15:07] INFO: writeconf_nersc: Writing NERSC configuration ./conf_s060t20_b0671320_a_U000688500
# [2024-05-26 21:15:11] INFO: Calculated checksum: bf950c0b
# [2024-05-26 21:15:16] INFO: Calculated checksum: c1d934ad
# [2024-05-26 21:15:16] INFO: Writing RNGSTATE file: ./rand_s060t20_b0671320_a_U000688500
# [2024-05-26 21:15:16] INFO: Writing to disk took 9.41714 seconds
# [2024-05-26 21:15:16] INFO: ======================================================================
# [2024-05-26 21:15:16] INFO: Start sweeping...
# [2024-05-26 21:22:29] INFO: It took 432.801 seconds to do 500 HBOR sweeps.
# [2024-05-26 21:22:29] INFO: Plaquette = 0.653553
# [2024-05-26 21:22:29] INFO: Polyakov loop = (0.00219599,0.000216592)
# [2024-05-26 21:22:29] INFO: Writing conf to disk...
# [2024-05-26 21:22:29] INFO: writeconf_nersc: Writing NERSC configuration ./conf_s060t20_b0671320_a_U000689000
# [2024-05-26 21:22:33] INFO: Calculated checksum: d1e47006
# [2024-05-26 21:22:38] INFO: Calculated checksum: e3019963
# [2024-05-26 21:22:38] INFO: Writing RNGSTATE file: ./rand_s060t20_b0671320_a_U000689000
# [2024-05-26 21:22:39] INFO: Writing to disk took 9.38887 seconds
# [2024-05-26 21:22:39] INFO: ======================================================================
# [2024-05-26 21:22:39] INFO: Start sweeping...
# [2024-05-26 21:29:51] INFO: It took 432.27 seconds to do 500 HBOR sweeps.
# [2024-05-26 21:29:51] INFO: Plaquette = 0.653494
# [2024-05-26 21:29:51] INFO: Polyakov loop = (0.00232116,-0.000372916)
# [2024-05-26 21:29:51] INFO: Writing conf to disk...
# [2024-05-26 21:29:51] INFO: writeconf_nersc: Writing NERSC configuration ./conf_s060t20_b0671320_a_U000689500
# [2024-05-26 21:29:55] INFO: Calculated checksum: f3f6d692
# [2024-05-26 21:30:00] INFO: Calculated checksum: acef3158
# [2024-05-26 21:30:00] INFO: Writing RNGSTATE file: ./rand_s060t20_b0671320_a_U000689500
# [2024-05-26 21:30:00] INFO: Writing to disk took 9.5337 seconds
# [2024-05-26 21:30:00] INFO: ======================================================================
# [2024-05-26 21:30:00] INFO: Start sweeping...
# [2024-05-26 21:37:12] INFO: It took 431.689 seconds to do 500 HBOR sweeps.
# [2024-05-26 21:37:12] INFO: Plaquette = 0.653488
# [2024-05-26 21:37:12] INFO: Polyakov loop = (0.000624258,-0.000828624)
# [2024-05-26 21:37:12] INFO: Writing conf to disk...
# [2024-05-26 21:37:12] INFO: writeconf_nersc: Writing NERSC configuration ./conf_s060t20_b0671320_a_U000690000
# [2024-05-26 21:37:16] INFO: Calculated checksum: 318d525e
# [2024-05-26 21:37:21] INFO: Calculated checksum: 42f2824d
# [2024-05-26 21:37:21] INFO: Writing RNGSTATE file: ./rand_s060t20_b0671320_a_U000690000
# [2024-05-26 21:37:22] INFO: Writing to disk took 9.39793 seconds
# [2024-05-26 21:37:22] INFO: ======================================================================
# [2024-05-26 21:37:22] INFO: Start sweeping...
# [2024-05-26 21:44:33] INFO: It took 431.923 seconds to do 500 HBOR sweeps.
# [2024-05-26 21:44:34] INFO: Plaquette = 0.653502
# [2024-05-26 21:44:34] INFO: Polyakov loop = (-6.90605e-05,-0.000787193)
# [2024-05-26 21:44:34] INFO: Writing conf to disk...
# [2024-05-26 21:44:34] INFO: writeconf_nersc: Writing NERSC configuration ./conf_s060t20_b0671320_a_U000690500
# [2024-05-26 21:44:37] INFO: Calculated checksum: c263f56a
# [2024-05-26 21:44:43] INFO: Calculated checksum: d2aa9683
# [2024-05-26 21:44:43] INFO: Writing RNGSTATE file: ./rand_s060t20_b0671320_a_U000690500
# [2024-05-26 21:44:43] INFO: Writing to disk took 9.3906 seconds
# [2024-05-26 21:44:43] INFO: ======================================================================
# [2024-05-26 21:44:43] INFO: Start sweeping...
# [2024-05-26 21:51:57] INFO: It took 433.827 seconds to do 500 HBOR sweeps.
# [2024-05-26 21:51:57] INFO: Plaquette = 0.653577
# [2024-05-26 21:51:57] INFO: Polyakov loop = (0.0025134,0.000411295)
# [2024-05-26 21:51:57] INFO: Writing conf to disk...
# [2024-05-26 21:51:57] INFO: writeconf_nersc: Writing NERSC configuration ./conf_s060t20_b0671320_a_U000691000
# [2024-05-26 21:52:01] INFO: Calculated checksum: 241e5cf6
# [2024-05-26 21:52:06] INFO: Calculated checksum: 5fa8baf1
# [2024-05-26 21:52:06] INFO: Writing RNGSTATE file: ./rand_s060t20_b0671320_a_U000691000
# [2024-05-26 21:52:06] INFO: Writing to disk took 9.46097 seconds
# [2024-05-26 21:52:06] INFO: ======================================================================
# [2024-05-26 21:52:06] INFO: Start sweeping...
# [2024-05-26 21:59:20] INFO: It took 433.783 seconds to do 500 HBOR sweeps.
# [2024-05-26 21:59:20] INFO: Plaquette = 0.653532
# [2024-05-26 21:59:20] INFO: Polyakov loop = (0.000812723,0.000103534)
# [2024-05-26 21:59:20] INFO: Writing conf to disk...
# [2024-05-26 21:59:20] INFO: writeconf_nersc: Writing NERSC configuration ./conf_s060t20_b0671320_a_U000691500
# [2024-05-26 21:59:24] INFO: Calculated checksum: 140fe50b
# [2024-05-26 21:59:29] INFO: Calculated checksum: 8699d80e
# [2024-05-26 21:59:29] INFO: Writing RNGSTATE file: ./rand_s060t20_b0671320_a_U000691500
# [2024-05-26 21:59:30] INFO: Writing to disk took 9.48933 seconds
# [2024-05-26 21:59:30] INFO: ======================================================================
# [2024-05-26 21:59:30] INFO: Start sweeping...
# [2024-05-26 22:06:43] INFO: It took 433.603 seconds to do 500 HBOR sweeps.
# [2024-05-26 22:06:43] INFO: Plaquette = 0.653437
# [2024-05-26 22:06:43] INFO: Polyakov loop = (0.00161417,-2.66673e-05)
# [2024-05-26 22:06:43] INFO: Writing conf to disk...
# [2024-05-26 22:06:43] INFO: writeconf_nersc: Writing NERSC configuration ./conf_s060t20_b0671320_a_U000692000
# [2024-05-26 22:06:47] INFO: Calculated checksum: 40d41256
# [2024-05-26 22:06:52] INFO: Calculated checksum: 2a439619
# [2024-05-26 22:06:52] INFO: Writing RNGSTATE file: ./rand_s060t20_b0671320_a_U000692000
# [2024-05-26 22:06:53] INFO: Writing to disk took 9.3827 seconds
# [2024-05-26 22:06:53] INFO: ======================================================================
# [2024-05-26 22:06:53] INFO: Start sweeping...
# [2024-05-26 22:14:06] INFO: It took 433.377 seconds to do 500 HBOR sweeps.
# [2024-05-26 22:14:06] INFO: Plaquette = 0.653513
# [2024-05-26 22:14:06] INFO: Polyakov loop = (0.00282732,0.000342499)
# [2024-05-26 22:14:06] INFO: Writing conf to disk...
# [2024-05-26 22:14:06] INFO: writeconf_nersc: Writing NERSC configuration ./conf_s060t20_b0671320_a_U000692500
# [2024-05-26 22:14:10] INFO: Calculated checksum: 3a9dda0
# [2024-05-26 22:14:15] INFO: Calculated checksum: 6150cbce
# [2024-05-26 22:14:15] INFO: Writing RNGSTATE file: ./rand_s060t20_b0671320_a_U000692500
# [2024-05-26 22:14:15] INFO: Writing to disk took 9.38207 seconds
# [2024-05-26 22:14:15] INFO: ======================================================================
# [2024-05-26 22:14:15] INFO: Start sweeping...
# [2024-05-26 22:21:30] INFO: It took 434.244 seconds to do 500 HBOR sweeps.
# [2024-05-26 22:21:30] INFO: Plaquette = 0.653495
# [2024-05-26 22:21:30] INFO: Polyakov loop = (0.0019023,7.81834e-05)
# [2024-05-26 22:21:30] INFO: Writing conf to disk...
# [2024-05-26 22:21:30] INFO: writeconf_nersc: Writing NERSC configuration ./conf_s060t20_b0671320_a_U000693000
# [2024-05-26 22:21:33] INFO: Calculated checksum: e576316b
# [2024-05-26 22:21:39] INFO: Calculated checksum: 43e6f2ff
# [2024-05-26 22:21:39] INFO: Writing RNGSTATE file: ./rand_s060t20_b0671320_a_U000693000
# [2024-05-26 22:21:39] INFO: Writing to disk took 9.32749 seconds
# [2024-05-26 22:21:39] INFO: ======================================================================
# [2024-05-26 22:21:39] INFO: Start sweeping...
# [2024-05-26 22:28:53] INFO: It took 434.516 seconds to do 500 HBOR sweeps.
# [2024-05-26 22:28:53] INFO: Plaquette = 0.653502
# [2024-05-26 22:28:53] INFO: Polyakov loop = (0.00156758,-2.72402e-05)
# [2024-05-26 22:28:53] INFO: Writing conf to disk...
# [2024-05-26 22:28:53] INFO: writeconf_nersc: Writing NERSC configuration ./conf_s060t20_b0671320_a_U000693500
# [2024-05-26 22:28:57] INFO: Calculated checksum: 2aa761b5
# [2024-05-26 22:29:03] INFO: Calculated checksum: bd5edf0b
# [2024-05-26 22:29:03] INFO: Writing RNGSTATE file: ./rand_s060t20_b0671320_a_U000693500
# [2024-05-26 22:29:03] INFO: Writing to disk took 9.33622 seconds
# [2024-05-26 22:29:03] INFO: ======================================================================
# [2024-05-26 22:29:03] INFO: Start sweeping...
# [2024-05-26 22:36:17] INFO: It took 434.514 seconds to do 500 HBOR sweeps.
# [2024-05-26 22:36:17] INFO: Plaquette = 0.653379
# [2024-05-26 22:36:17] INFO: Polyakov loop = (0.00109338,0.000623561)
# [2024-05-26 22:36:17] INFO: Writing conf to disk...
# [2024-05-26 22:36:17] INFO: writeconf_nersc: Writing NERSC configuration ./conf_s060t20_b0671320_a_U000694000
# [2024-05-26 22:36:21] INFO: Calculated checksum: f52a586
# [2024-05-26 22:36:27] INFO: Calculated checksum: 5005ce9f
# [2024-05-26 22:36:27] INFO: Writing RNGSTATE file: ./rand_s060t20_b0671320_a_U000694000
# [2024-05-26 22:36:27] INFO: Writing to disk took 9.35805 seconds
# [2024-05-26 22:36:27] INFO: ======================================================================
# [2024-05-26 22:36:27] INFO: Start sweeping...
# [2024-05-26 22:43:41] INFO: It took 434.206 seconds to do 500 HBOR sweeps.
# [2024-05-26 22:43:41] INFO: Plaquette = 0.653481
# [2024-05-26 22:43:41] INFO: Polyakov loop = (0.00194857,0.000822507)
# [2024-05-26 22:43:41] INFO: Writing conf to disk...
# [2024-05-26 22:43:41] INFO: writeconf_nersc: Writing NERSC configuration ./conf_s060t20_b0671320_a_U000694500
# [2024-05-26 22:43:45] INFO: Calculated checksum: d8606e81
# [2024-05-26 22:43:50] INFO: Calculated checksum: e2abd910
# [2024-05-26 22:43:50] INFO: Writing RNGSTATE file: ./rand_s060t20_b0671320_a_U000694500
# [2024-05-26 22:43:50] INFO: Writing to disk took 9.35883 seconds
# [2024-05-26 22:43:50] INFO: ======================================================================
# [2024-05-26 22:43:50] INFO: Start sweeping...
# [2024-05-26 22:51:04] INFO: It took 434.109 seconds to do 500 HBOR sweeps.
# [2024-05-26 22:51:04] INFO: Plaquette = 0.653514
# [2024-05-26 22:51:04] INFO: Polyakov loop = (0.00203059,-0.000221055)
# [2024-05-26 22:51:04] INFO: Writing conf to disk...
# [2024-05-26 22:51:04] INFO: writeconf_nersc: Writing NERSC configuration ./conf_s060t20_b0671320_a_U000695000
# [2024-05-26 22:51:08] INFO: Calculated checksum: 5f565728
# [2024-05-26 22:51:14] INFO: Calculated checksum: d14de92b
# [2024-05-26 22:51:14] INFO: Writing RNGSTATE file: ./rand_s060t20_b0671320_a_U000695000
# [2024-05-26 22:51:14] INFO: Writing to disk took 9.37561 seconds
# [2024-05-26 22:51:14] INFO: ======================================================================
# [2024-05-26 22:51:14] INFO: Start sweeping...
# [2024-05-26 22:58:28] INFO: It took 434.056 seconds to do 500 HBOR sweeps.
# [2024-05-26 22:58:28] INFO: Plaquette = 0.653437
# [2024-05-26 22:58:28] INFO: Polyakov loop = (0.00177983,0.000408584)
# [2024-05-26 22:58:28] INFO: Writing conf to disk...
# [2024-05-26 22:58:28] INFO: writeconf_nersc: Writing NERSC configuration ./conf_s060t20_b0671320_a_U000695500
# [2024-05-26 22:58:32] INFO: Calculated checksum: bf0682f8
# [2024-05-26 22:58:37] INFO: Calculated checksum: ffd6ad58
# [2024-05-26 22:58:37] INFO: Writing RNGSTATE file: ./rand_s060t20_b0671320_a_U000695500
# [2024-05-26 22:58:37] INFO: Writing to disk took 9.39335 seconds
# [2024-05-26 22:58:37] INFO: ======================================================================
# [2024-05-26 22:58:37] INFO: Start sweeping...
# [2024-05-26 23:05:52] INFO: It took 434.574 seconds to do 500 HBOR sweeps.
# [2024-05-26 23:05:52] INFO: Plaquette = 0.653513
# [2024-05-26 23:05:52] INFO: Polyakov loop = (0.000910219,-0.00012208)
# [2024-05-26 23:05:52] INFO: Writing conf to disk...
# [2024-05-26 23:05:52] INFO: writeconf_nersc: Writing NERSC configuration ./conf_s060t20_b0671320_a_U000696000
# [2024-05-26 23:05:56] INFO: Calculated checksum: f2a9d5ea
# [2024-05-26 23:06:01] INFO: Calculated checksum: 76b1d7d7
# [2024-05-26 23:06:01] INFO: Writing RNGSTATE file: ./rand_s060t20_b0671320_a_U000696000
# [2024-05-26 23:06:01] INFO: Writing to disk took 9.38186 seconds
# [2024-05-26 23:06:01] INFO: ======================================================================
# [2024-05-26 23:06:01] INFO: Start sweeping...
# [2024-05-26 23:13:17] INFO: It took 435.413 seconds to do 500 HBOR sweeps.
# [2024-05-26 23:13:17] INFO: Plaquette = 0.653576
# [2024-05-26 23:13:17] INFO: Polyakov loop = (0.00199805,-0.000458351)
# [2024-05-26 23:13:17] INFO: Writing conf to disk...
# [2024-05-26 23:13:17] INFO: writeconf_nersc: Writing NERSC configuration ./conf_s060t20_b0671320_a_U000696500
# [2024-05-26 23:13:21] INFO: Calculated checksum: 7f6406f1
# [2024-05-26 23:13:26] INFO: Calculated checksum: c0c77022
# [2024-05-26 23:13:26] INFO: Writing RNGSTATE file: ./rand_s060t20_b0671320_a_U000696500
# [2024-05-26 23:13:26] INFO: Writing to disk took 9.48078 seconds
# [2024-05-26 23:13:26] INFO: ======================================================================
# [2024-05-26 23:13:26] INFO: Start sweeping...
# [2024-05-26 23:20:42] INFO: It took 435.298 seconds to do 500 HBOR sweeps.
# [2024-05-26 23:20:42] INFO: Plaquette = 0.653405
# [2024-05-26 23:20:42] INFO: Polyakov loop = (0.00284617,-8.39244e-05)
# [2024-05-26 23:20:42] INFO: Writing conf to disk...
# [2024-05-26 23:20:42] INFO: writeconf_nersc: Writing NERSC configuration ./conf_s060t20_b0671320_a_U000697000
# [2024-05-26 23:20:45] INFO: Calculated checksum: 4665f54
# [2024-05-26 23:20:51] INFO: Calculated checksum: 80e7aace
# [2024-05-26 23:20:51] INFO: Writing RNGSTATE file: ./rand_s060t20_b0671320_a_U000697000
# [2024-05-26 23:20:51] INFO: Writing to disk took 9.34644 seconds
# [2024-05-26 23:20:51] INFO: ======================================================================
# [2024-05-26 23:20:51] INFO: Start sweeping...
# [2024-05-26 23:28:06] INFO: It took 434.888 seconds to do 500 HBOR sweeps.
# [2024-05-26 23:28:06] INFO: Plaquette = 0.653477
# [2024-05-26 23:28:06] INFO: Polyakov loop = (0.00160033,0.000619963)
# [2024-05-26 23:28:06] INFO: Writing conf to disk...
# [2024-05-26 23:28:06] INFO: writeconf_nersc: Writing NERSC configuration ./conf_s060t20_b0671320_a_U000697500
# [2024-05-26 23:28:10] INFO: Calculated checksum: 44ef5c
# [2024-05-26 23:28:15] INFO: Calculated checksum: 19c5c7ca
# [2024-05-26 23:28:15] INFO: Writing RNGSTATE file: ./rand_s060t20_b0671320_a_U000697500
# [2024-05-26 23:28:15] INFO: Writing to disk took 9.58017 seconds
# [2024-05-26 23:28:15] INFO: ======================================================================
# [2024-05-26 23:28:15] INFO: Start sweeping...
# [2024-05-26 23:35:31] INFO: It took 435.287 seconds to do 500 HBOR sweeps.
# [2024-05-26 23:35:31] INFO: Plaquette = 0.65347
# [2024-05-26 23:35:31] INFO: Polyakov loop = (0.00202389,-0.000348428)
# [2024-05-26 23:35:31] INFO: Writing conf to disk...
# [2024-05-26 23:35:31] INFO: writeconf_nersc: Writing NERSC configuration ./conf_s060t20_b0671320_a_U000698000
# [2024-05-26 23:35:35] INFO: Calculated checksum: f4779d8f
# [2024-05-26 23:35:40] INFO: Calculated checksum: 43ddc149
# [2024-05-26 23:35:40] INFO: Writing RNGSTATE file: ./rand_s060t20_b0671320_a_U000698000
# [2024-05-26 23:35:40] INFO: Writing to disk took 9.48348 seconds
# [2024-05-26 23:35:40] INFO: ======================================================================
# [2024-05-26 23:35:40] INFO: Start sweeping...
# [2024-05-26 23:42:56] INFO: It took 435.413 seconds to do 500 HBOR sweeps.
# [2024-05-26 23:42:56] INFO: Plaquette = 0.653502
# [2024-05-26 23:42:56] INFO: Polyakov loop = (0.000550968,0.000561071)
# [2024-05-26 23:42:56] INFO: Writing conf to disk...
# [2024-05-26 23:42:56] INFO: writeconf_nersc: Writing NERSC configuration ./conf_s060t20_b0671320_a_U000698500
# [2024-05-26 23:42:59] INFO: Calculated checksum: b0326875
# [2024-05-26 23:43:05] INFO: Calculated checksum: 105d4e9b
# [2024-05-26 23:43:05] INFO: Writing RNGSTATE file: ./rand_s060t20_b0671320_a_U000698500
# [2024-05-26 23:43:05] INFO: Writing to disk took 9.46288 seconds
# [2024-05-26 23:43:05] INFO: ======================================================================
# [2024-05-26 23:43:05] INFO: Start sweeping...
# [2024-05-26 23:50:21] INFO: It took 435.815 seconds to do 500 HBOR sweeps.
# [2024-05-26 23:50:21] INFO: Plaquette = 0.653553
# [2024-05-26 23:50:21] INFO: Polyakov loop = (0.00124869,-4.44219e-05)
# [2024-05-26 23:50:21] INFO: Writing conf to disk...
# [2024-05-26 23:50:21] INFO: writeconf_nersc: Writing NERSC configuration ./conf_s060t20_b0671320_a_U000699000
# [2024-05-26 23:50:25] INFO: Calculated checksum: e8ac36f2
# [2024-05-26 23:50:30] INFO: Calculated checksum: 15584865
# [2024-05-26 23:50:30] INFO: Writing RNGSTATE file: ./rand_s060t20_b0671320_a_U000699000
# [2024-05-26 23:50:30] INFO: Writing to disk took 9.34432 seconds
# [2024-05-26 23:50:30] INFO: ======================================================================
# [2024-05-26 23:50:30] INFO: Start sweeping...
# [2024-05-26 23:57:45] INFO: It took 435.185 seconds to do 500 HBOR sweeps.
# [2024-05-26 23:57:46] INFO: Plaquette = 0.653412
# [2024-05-26 23:57:46] INFO: Polyakov loop = (0.00163852,0.000210017)
# [2024-05-26 23:57:46] INFO: Writing conf to disk...
# [2024-05-26 23:57:46] INFO: writeconf_nersc: Writing NERSC configuration ./conf_s060t20_b0671320_a_U000699500
# [2024-05-26 23:57:49] INFO: Calculated checksum: 449ee0ad
# [2024-05-26 23:57:55] INFO: Calculated checksum: 24d2a951
# [2024-05-26 23:57:55] INFO: Writing RNGSTATE file: ./rand_s060t20_b0671320_a_U000699500
# [2024-05-26 23:57:55] INFO: Writing to disk took 9.39446 seconds
# [2024-05-26 23:57:55] INFO: ======================================================================
# [2024-05-26 23:57:55] INFO: Start sweeping...
# [2024-05-27 00:05:10] INFO: It took 435.284 seconds to do 500 HBOR sweeps.
# [2024-05-27 00:05:10] INFO: Plaquette = 0.653461
# [2024-05-27 00:05:10] INFO: Polyakov loop = (7.24944e-05,-0.000517343)
# [2024-05-27 00:05:10] INFO: Writing conf to disk...
# [2024-05-27 00:05:10] INFO: writeconf_nersc: Writing NERSC configuration ./conf_s060t20_b0671320_a_U000700000
# [2024-05-27 00:05:14] INFO: Calculated checksum: 9974408c
# [2024-05-27 00:05:20] INFO: Calculated checksum: 75b52e6f
# [2024-05-27 00:05:20] INFO: Writing RNGSTATE file: ./rand_s060t20_b0671320_a_U000700000
# [2024-05-27 00:05:20] INFO: Writing to disk took 9.63716 seconds
# [2024-05-27 00:05:20] INFO: Finalizing MPI
