
Currently Loaded Modules:
  1) chpc/1.0      (S)   3) gcc/8.5.0      5) mpich/3.4.2
  2) python/3.10.3       4) cmake/3.26.0   6) cuda/11.6.2 (g)

  Where:
   S:  Module is Sticky, requires --force to unload or purge
   g:  built for GPU

 

# [2024-05-26 00:12:46] INFO: Running SIMULATeQCD
# [2024-05-26 00:12:46] INFO: Git commit version: 43e2518
# [2024-05-26 00:12:46] INFO: Initializing MPI with (1 proc)
# [2024-05-26 00:12:46] INFO: Reading parameters from file :: GenerateQuenched_b6373.param
# [2024-05-26 00:12:46] INFO: # PARAM :: Lattice = 60 60 60 20 
# [2024-05-26 00:12:46] INFO: # PARAM :: Nodes = 1 1 1 1 
# [2024-05-26 00:12:46] INFO: # PARAM :: Topology = 0 0 0 0  (default)
# [2024-05-26 00:12:46] INFO: # PARAM :: beta = 6.373
# [2024-05-26 00:12:46] INFO: # PARAM :: format = nersc
# [2024-05-26 00:12:46] INFO: # PARAM :: endianness = auto
# [2024-05-26 00:12:46] INFO: # PARAM :: conf_nr = 650000
# [2024-05-26 00:12:46] INFO: # PARAM :: stream = a
# [2024-05-26 00:12:46] INFO: # PARAM :: prec_out = 0 (default)
# [2024-05-26 00:12:46] INFO: # PARAM :: measurements_dir = ./ (default)
# [2024-05-26 00:12:46] INFO: # PARAM :: use_unit_conf = 0 (default)
# [2024-05-26 00:12:46] INFO: # PARAM :: output_dir = .
# [2024-05-26 00:12:46] INFO: # PARAM :: nconfs = 100
# [2024-05-26 00:12:46] INFO: # PARAM :: nsweeps_ORperHB = 4
# [2024-05-26 00:12:46] INFO: # PARAM :: nsweeps_HBwithOR = 500
# [2024-05-26 00:12:46] INFO: # PARAM :: prev_conf = conf_s060t20_b0637300_a_U000650000
# [2024-05-26 00:12:46] INFO: # PARAM :: prev_rand = rand_s060t20_b0637300_a_U000650000
# [2024-05-26 00:12:46] INFO: > Running on:
# [2024-05-26 00:12:46] INFO: [Rank 0] > notch271 CPU_45 GPU_3F; MPI: world_rank=0, node_rank=0, coord: ( 0 0 0 0 )
# [2024-05-26 00:12:46] INFO: > Is MPI CUDA-aware? @compilation 
# [2024-05-26 00:12:46] INFO: > GPU compute capability: 75
# [2024-05-26 00:12:46] INFO: > Checking support for P2P (Peer-to-Peer) and UVA (Unified Virtual Addressing):
# [2024-05-26 00:12:46] INFO: [Rank 0] > notch271 GPU_3F(NVIDIA GeForce RTX 2080 Ti): P2P NO ; UVA YES
# [2024-05-26 00:12:46] INFO: Initialize Indexer with HaloDepth = 1[0;33m[0m
# [2024-05-26 00:12:46] INFO: Resuming previous run.
# [2024-05-26 00:12:46] INFO: readconf_nersc: Reading NERSC configuration conf_s060t20_b0637300_a_U000650000
# [2024-05-26 00:12:59] INFO: Next conf_number will be 650500
# [2024-05-26 00:12:59] INFO: Generating up to 100 confs with a separation of 500 HBOR sweeps (OR/HB = 4) ...
# [2024-05-26 00:12:59] INFO: ======================================================================
# [2024-05-26 00:12:59] INFO: Start sweeping...
# [2024-05-26 00:19:39] INFO: It took 399.886 seconds to do 500 HBOR sweeps.
# [2024-05-26 00:19:39] INFO: Plaquette = 0.628473
# [2024-05-26 00:19:39] INFO: Polyakov loop = (0.000166733,-0.000391409)
# [2024-05-26 00:19:39] INFO: Writing conf to disk...
# [2024-05-26 00:19:39] INFO: writeconf_nersc: Writing NERSC configuration ./conf_s060t20_b0637300_a_U000650500
# [2024-05-26 00:19:42] INFO: Calculated checksum: 114533ad
# [2024-05-26 00:19:47] INFO: Calculated checksum: 12309c85
# [2024-05-26 00:19:47] INFO: Writing RNGSTATE file: ./rand_s060t20_b0637300_a_U000650500
# [2024-05-26 00:19:47] INFO: Writing to disk took 8.06147 seconds
# [2024-05-26 00:19:47] INFO: ======================================================================
# [2024-05-26 00:19:47] INFO: Start sweeping...
# [2024-05-26 00:26:29] INFO: It took 401.384 seconds to do 500 HBOR sweeps.
# [2024-05-26 00:26:29] INFO: Plaquette = 0.628516
# [2024-05-26 00:26:29] INFO: Polyakov loop = (8.89817e-05,0.000134385)
# [2024-05-26 00:26:29] INFO: Writing conf to disk...
# [2024-05-26 00:26:29] INFO: writeconf_nersc: Writing NERSC configuration ./conf_s060t20_b0637300_a_U000651000
# [2024-05-26 00:26:32] INFO: Calculated checksum: 621ca70e
# [2024-05-26 00:26:36] INFO: Calculated checksum: 5657888f
# [2024-05-26 00:26:36] INFO: Writing RNGSTATE file: ./rand_s060t20_b0637300_a_U000651000
# [2024-05-26 00:26:37] INFO: Writing to disk took 8.01033 seconds
# [2024-05-26 00:26:37] INFO: ======================================================================
# [2024-05-26 00:26:37] INFO: Start sweeping...
# [2024-05-26 00:33:18] INFO: It took 401.407 seconds to do 500 HBOR sweeps.
# [2024-05-26 00:33:18] INFO: Plaquette = 0.628471
# [2024-05-26 00:33:18] INFO: Polyakov loop = (0.000593844,0.00101335)
# [2024-05-26 00:33:18] INFO: Writing conf to disk...
# [2024-05-26 00:33:18] INFO: writeconf_nersc: Writing NERSC configuration ./conf_s060t20_b0637300_a_U000651500
# [2024-05-26 00:33:21] INFO: Calculated checksum: c670af79
# [2024-05-26 00:33:26] INFO: Calculated checksum: 7f897073
# [2024-05-26 00:33:26] INFO: Writing RNGSTATE file: ./rand_s060t20_b0637300_a_U000651500
# [2024-05-26 00:33:26] INFO: Writing to disk took 7.81158 seconds
# [2024-05-26 00:33:26] INFO: ======================================================================
# [2024-05-26 00:33:26] INFO: Start sweeping...
# [2024-05-26 00:40:07] INFO: It took 401.326 seconds to do 500 HBOR sweeps.
# [2024-05-26 00:40:07] INFO: Plaquette = 0.628459
# [2024-05-26 00:40:07] INFO: Polyakov loop = (-0.000107224,-0.000673526)
# [2024-05-26 00:40:07] INFO: Writing conf to disk...
# [2024-05-26 00:40:07] INFO: writeconf_nersc: Writing NERSC configuration ./conf_s060t20_b0637300_a_U000652000
# [2024-05-26 00:40:10] INFO: Calculated checksum: 6a0ac25c
# [2024-05-26 00:40:15] INFO: Calculated checksum: 60870381
# [2024-05-26 00:40:15] INFO: Writing RNGSTATE file: ./rand_s060t20_b0637300_a_U000652000
# [2024-05-26 00:40:15] INFO: Writing to disk took 7.69848 seconds
# [2024-05-26 00:40:15] INFO: ======================================================================
# [2024-05-26 00:40:15] INFO: Start sweeping...
# [2024-05-26 00:46:56] INFO: It took 401.366 seconds to do 500 HBOR sweeps.
# [2024-05-26 00:46:56] INFO: Plaquette = 0.628401
# [2024-05-26 00:46:56] INFO: Polyakov loop = (-5.13744e-06,-0.000910546)
# [2024-05-26 00:46:56] INFO: Writing conf to disk...
# [2024-05-26 00:46:56] INFO: writeconf_nersc: Writing NERSC configuration ./conf_s060t20_b0637300_a_U000652500
# [2024-05-26 00:46:59] INFO: Calculated checksum: 9be77dd5
# [2024-05-26 00:47:04] INFO: Calculated checksum: 2f50db34
# [2024-05-26 00:47:04] INFO: Writing RNGSTATE file: ./rand_s060t20_b0637300_a_U000652500
# [2024-05-26 00:47:04] INFO: Writing to disk took 7.71138 seconds
# [2024-05-26 00:47:04] INFO: ======================================================================
# [2024-05-26 00:47:04] INFO: Start sweeping...
# [2024-05-26 00:53:46] INFO: It took 401.407 seconds to do 500 HBOR sweeps.
# [2024-05-26 00:53:46] INFO: Plaquette = 0.62845
# [2024-05-26 00:53:46] INFO: Polyakov loop = (0.00131747,0.000331892)
# [2024-05-26 00:53:46] INFO: Writing conf to disk...
# [2024-05-26 00:53:46] INFO: writeconf_nersc: Writing NERSC configuration ./conf_s060t20_b0637300_a_U000653000
# [2024-05-26 00:53:48] INFO: Calculated checksum: 6069db4a
# [2024-05-26 00:53:53] INFO: Calculated checksum: a0e8fe4c
# [2024-05-26 00:53:53] INFO: Writing RNGSTATE file: ./rand_s060t20_b0637300_a_U000653000
# [2024-05-26 00:53:53] INFO: Writing to disk took 7.74751 seconds
# [2024-05-26 00:53:53] INFO: ======================================================================
# [2024-05-26 00:53:53] INFO: Start sweeping...
# [2024-05-26 01:00:35] INFO: It took 401.404 seconds to do 500 HBOR sweeps.
# [2024-05-26 01:00:35] INFO: Plaquette = 0.628459
# [2024-05-26 01:00:35] INFO: Polyakov loop = (0.000237925,-0.0002352)
# [2024-05-26 01:00:35] INFO: Writing conf to disk...
# [2024-05-26 01:00:35] INFO: writeconf_nersc: Writing NERSC configuration ./conf_s060t20_b0637300_a_U000653500
# [2024-05-26 01:00:38] INFO: Calculated checksum: d82f2112
# [2024-05-26 01:00:42] INFO: Calculated checksum: 5802bd4d
# [2024-05-26 01:00:42] INFO: Writing RNGSTATE file: ./rand_s060t20_b0637300_a_U000653500
# [2024-05-26 01:00:42] INFO: Writing to disk took 7.75626 seconds
# [2024-05-26 01:00:42] INFO: ======================================================================
# [2024-05-26 01:00:42] INFO: Start sweeping...
# [2024-05-26 01:07:24] INFO: It took 401.429 seconds to do 500 HBOR sweeps.
# [2024-05-26 01:07:24] INFO: Plaquette = 0.628384
# [2024-05-26 01:07:24] INFO: Polyakov loop = (7.03135e-05,0.000294314)
# [2024-05-26 01:07:24] INFO: Writing conf to disk...
# [2024-05-26 01:07:24] INFO: writeconf_nersc: Writing NERSC configuration ./conf_s060t20_b0637300_a_U000654000
# [2024-05-26 01:07:27] INFO: Calculated checksum: 8675a275
# [2024-05-26 01:07:32] INFO: Calculated checksum: 720e0ce5
# [2024-05-26 01:07:32] INFO: Writing RNGSTATE file: ./rand_s060t20_b0637300_a_U000654000
# [2024-05-26 01:07:32] INFO: Writing to disk took 7.73992 seconds
# [2024-05-26 01:07:32] INFO: ======================================================================
# [2024-05-26 01:07:32] INFO: Start sweeping...
# [2024-05-26 01:14:13] INFO: It took 401.429 seconds to do 500 HBOR sweeps.
# [2024-05-26 01:14:13] INFO: Plaquette = 0.628517
# [2024-05-26 01:14:13] INFO: Polyakov loop = (-0.000800398,-0.000209939)
# [2024-05-26 01:14:13] INFO: Writing conf to disk...
# [2024-05-26 01:14:13] INFO: writeconf_nersc: Writing NERSC configuration ./conf_s060t20_b0637300_a_U000654500
# [2024-05-26 01:14:16] INFO: Calculated checksum: a95ef29c
# [2024-05-26 01:14:21] INFO: Calculated checksum: df19814b
# [2024-05-26 01:14:21] INFO: Writing RNGSTATE file: ./rand_s060t20_b0637300_a_U000654500
# [2024-05-26 01:14:21] INFO: Writing to disk took 7.72558 seconds
# [2024-05-26 01:14:21] INFO: ======================================================================
# [2024-05-26 01:14:21] INFO: Start sweeping...
# [2024-05-26 01:21:02] INFO: It took 401.473 seconds to do 500 HBOR sweeps.
# [2024-05-26 01:21:02] INFO: Plaquette = 0.628517
# [2024-05-26 01:21:02] INFO: Polyakov loop = (0.000205129,0.000100168)
# [2024-05-26 01:21:02] INFO: Writing conf to disk...
# [2024-05-26 01:21:02] INFO: writeconf_nersc: Writing NERSC configuration ./conf_s060t20_b0637300_a_U000655000
# [2024-05-26 01:21:05] INFO: Calculated checksum: 5174cba3
# [2024-05-26 01:21:10] INFO: Calculated checksum: d5ed2624
# [2024-05-26 01:21:10] INFO: Writing RNGSTATE file: ./rand_s060t20_b0637300_a_U000655000
# [2024-05-26 01:21:10] INFO: Writing to disk took 7.7613 seconds
# [2024-05-26 01:21:10] INFO: ======================================================================
# [2024-05-26 01:21:10] INFO: Start sweeping...
# [2024-05-26 01:27:52] INFO: It took 401.449 seconds to do 500 HBOR sweeps.
# [2024-05-26 01:27:52] INFO: Plaquette = 0.628497
# [2024-05-26 01:27:52] INFO: Polyakov loop = (-0.00078381,0.000141135)
# [2024-05-26 01:27:52] INFO: Writing conf to disk...
# [2024-05-26 01:27:52] INFO: writeconf_nersc: Writing NERSC configuration ./conf_s060t20_b0637300_a_U000655500
# [2024-05-26 01:27:55] INFO: Calculated checksum: 5cf99814
# [2024-05-26 01:27:59] INFO: Calculated checksum: cda8d15f
# [2024-05-26 01:27:59] INFO: Writing RNGSTATE file: ./rand_s060t20_b0637300_a_U000655500
# [2024-05-26 01:27:59] INFO: Writing to disk took 7.69069 seconds
# [2024-05-26 01:27:59] INFO: ======================================================================
# [2024-05-26 01:27:59] INFO: Start sweeping...
# [2024-05-26 01:34:41] INFO: It took 401.446 seconds to do 500 HBOR sweeps.
# [2024-05-26 01:34:41] INFO: Plaquette = 0.628544
# [2024-05-26 01:34:41] INFO: Polyakov loop = (0.000530356,0.000301027)
# [2024-05-26 01:34:41] INFO: Writing conf to disk...
# [2024-05-26 01:34:41] INFO: writeconf_nersc: Writing NERSC configuration ./conf_s060t20_b0637300_a_U000656000
# [2024-05-26 01:34:44] INFO: Calculated checksum: 6d1f12e4
# [2024-05-26 01:34:49] INFO: Calculated checksum: 381438b7
# [2024-05-26 01:34:49] INFO: Writing RNGSTATE file: ./rand_s060t20_b0637300_a_U000656000
# [2024-05-26 01:34:49] INFO: Writing to disk took 7.81774 seconds
# [2024-05-26 01:34:49] INFO: ======================================================================
# [2024-05-26 01:34:49] INFO: Start sweeping...
# [2024-05-26 01:41:30] INFO: It took 401.409 seconds to do 500 HBOR sweeps.
# [2024-05-26 01:41:30] INFO: Plaquette = 0.628465
# [2024-05-26 01:41:30] INFO: Polyakov loop = (-0.00020241,-3.27594e-05)
# [2024-05-26 01:41:30] INFO: Writing conf to disk...
# [2024-05-26 01:41:30] INFO: writeconf_nersc: Writing NERSC configuration ./conf_s060t20_b0637300_a_U000656500
# [2024-05-26 01:41:33] INFO: Calculated checksum: a0f56ccb
# [2024-05-26 01:41:38] INFO: Calculated checksum: fe9dc0eb
# [2024-05-26 01:41:38] INFO: Writing RNGSTATE file: ./rand_s060t20_b0637300_a_U000656500
# [2024-05-26 01:41:38] INFO: Writing to disk took 7.79467 seconds
# [2024-05-26 01:41:38] INFO: ======================================================================
# [2024-05-26 01:41:38] INFO: Start sweeping...
# [2024-05-26 01:48:20] INFO: It took 401.45 seconds to do 500 HBOR sweeps.
# [2024-05-26 01:48:20] INFO: Plaquette = 0.628483
# [2024-05-26 01:48:20] INFO: Polyakov loop = (5.74019e-05,0.000897181)
# [2024-05-26 01:48:20] INFO: Writing conf to disk...
# [2024-05-26 01:48:20] INFO: writeconf_nersc: Writing NERSC configuration ./conf_s060t20_b0637300_a_U000657000
# [2024-05-26 01:48:23] INFO: Calculated checksum: 4dee2284
# [2024-05-26 01:48:27] INFO: Calculated checksum: 4777321f
# [2024-05-26 01:48:27] INFO: Writing RNGSTATE file: ./rand_s060t20_b0637300_a_U000657000
# [2024-05-26 01:48:27] INFO: Writing to disk took 7.79738 seconds
# [2024-05-26 01:48:27] INFO: ======================================================================
# [2024-05-26 01:48:27] INFO: Start sweeping...
# [2024-05-26 01:55:09] INFO: It took 401.442 seconds to do 500 HBOR sweeps.
# [2024-05-26 01:55:09] INFO: Plaquette = 0.628481
# [2024-05-26 01:55:09] INFO: Polyakov loop = (-0.000504705,0.000181083)
# [2024-05-26 01:55:09] INFO: Writing conf to disk...
# [2024-05-26 01:55:09] INFO: writeconf_nersc: Writing NERSC configuration ./conf_s060t20_b0637300_a_U000657500
# [2024-05-26 01:55:12] INFO: Calculated checksum: 4fd365bc
# [2024-05-26 01:55:17] INFO: Calculated checksum: 3c9ce4b1
# [2024-05-26 01:55:17] INFO: Writing RNGSTATE file: ./rand_s060t20_b0637300_a_U000657500
# [2024-05-26 01:55:17] INFO: Writing to disk took 7.72469 seconds
# [2024-05-26 01:55:17] INFO: ======================================================================
# [2024-05-26 01:55:17] INFO: Start sweeping...
# [2024-05-26 02:01:58] INFO: It took 401.475 seconds to do 500 HBOR sweeps.
# [2024-05-26 02:01:58] INFO: Plaquette = 0.628525
# [2024-05-26 02:01:58] INFO: Polyakov loop = (-0.000944045,-0.000189018)
# [2024-05-26 02:01:58] INFO: Writing conf to disk...
# [2024-05-26 02:01:58] INFO: writeconf_nersc: Writing NERSC configuration ./conf_s060t20_b0637300_a_U000658000
# [2024-05-26 02:02:01] INFO: Calculated checksum: dac38389
# [2024-05-26 02:02:06] INFO: Calculated checksum: 39615bed
# [2024-05-26 02:02:06] INFO: Writing RNGSTATE file: ./rand_s060t20_b0637300_a_U000658000
# [2024-05-26 02:02:06] INFO: Writing to disk took 7.71533 seconds
# [2024-05-26 02:02:06] INFO: ======================================================================
# [2024-05-26 02:02:06] INFO: Start sweeping...
# [2024-05-26 02:08:47] INFO: It took 401.467 seconds to do 500 HBOR sweeps.
# [2024-05-26 02:08:47] INFO: Plaquette = 0.628373
# [2024-05-26 02:08:47] INFO: Polyakov loop = (-0.000364961,-0.00110307)
# [2024-05-26 02:08:47] INFO: Writing conf to disk...
# [2024-05-26 02:08:47] INFO: writeconf_nersc: Writing NERSC configuration ./conf_s060t20_b0637300_a_U000658500
# [2024-05-26 02:08:50] INFO: Calculated checksum: ce506fa1
# [2024-05-26 02:08:55] INFO: Calculated checksum: 7e5a18b1
# [2024-05-26 02:08:55] INFO: Writing RNGSTATE file: ./rand_s060t20_b0637300_a_U000658500
# [2024-05-26 02:08:55] INFO: Writing to disk took 7.68151 seconds
# [2024-05-26 02:08:55] INFO: ======================================================================
# [2024-05-26 02:08:55] INFO: Start sweeping...
# [2024-05-26 02:15:37] INFO: It took 401.489 seconds to do 500 HBOR sweeps.
# [2024-05-26 02:15:37] INFO: Plaquette = 0.628518
# [2024-05-26 02:15:37] INFO: Polyakov loop = (-7.29278e-05,-0.000643174)
# [2024-05-26 02:15:37] INFO: Writing conf to disk...
# [2024-05-26 02:15:37] INFO: writeconf_nersc: Writing NERSC configuration ./conf_s060t20_b0637300_a_U000659000
# [2024-05-26 02:15:40] INFO: Calculated checksum: 5d7b5095
# [2024-05-26 02:15:44] INFO: Calculated checksum: 404b552a
# [2024-05-26 02:15:44] INFO: Writing RNGSTATE file: ./rand_s060t20_b0637300_a_U000659000
# [2024-05-26 02:15:44] INFO: Writing to disk took 7.87651 seconds
# [2024-05-26 02:15:44] INFO: ======================================================================
# [2024-05-26 02:15:44] INFO: Start sweeping...
# [2024-05-26 02:22:26] INFO: It took 401.437 seconds to do 500 HBOR sweeps.
# [2024-05-26 02:22:26] INFO: Plaquette = 0.628536
# [2024-05-26 02:22:26] INFO: Polyakov loop = (0.00103313,0.000143715)
# [2024-05-26 02:22:26] INFO: Writing conf to disk...
# [2024-05-26 02:22:26] INFO: writeconf_nersc: Writing NERSC configuration ./conf_s060t20_b0637300_a_U000659500
# [2024-05-26 02:22:29] INFO: Calculated checksum: 96f87e1d
# [2024-05-26 02:22:34] INFO: Calculated checksum: 7d674780
# [2024-05-26 02:22:34] INFO: Writing RNGSTATE file: ./rand_s060t20_b0637300_a_U000659500
# [2024-05-26 02:22:34] INFO: Writing to disk took 7.71568 seconds
# [2024-05-26 02:22:34] INFO: ======================================================================
# [2024-05-26 02:22:34] INFO: Start sweeping...
# [2024-05-26 02:29:15] INFO: It took 401.48 seconds to do 500 HBOR sweeps.
# [2024-05-26 02:29:15] INFO: Plaquette = 0.628385
# [2024-05-26 02:29:15] INFO: Polyakov loop = (-0.000110732,-0.000394596)
# [2024-05-26 02:29:15] INFO: Writing conf to disk...
# [2024-05-26 02:29:15] INFO: writeconf_nersc: Writing NERSC configuration ./conf_s060t20_b0637300_a_U000660000
# [2024-05-26 02:29:18] INFO: Calculated checksum: b04c7552
# [2024-05-26 02:29:23] INFO: Calculated checksum: 320b4e9b
# [2024-05-26 02:29:23] INFO: Writing RNGSTATE file: ./rand_s060t20_b0637300_a_U000660000
# [2024-05-26 02:29:23] INFO: Writing to disk took 7.73912 seconds
# [2024-05-26 02:29:23] INFO: ======================================================================
# [2024-05-26 02:29:23] INFO: Start sweeping...
# [2024-05-26 02:36:04] INFO: It took 401.486 seconds to do 500 HBOR sweeps.
# [2024-05-26 02:36:04] INFO: Plaquette = 0.628522
# [2024-05-26 02:36:04] INFO: Polyakov loop = (0.000662794,0.000891962)
# [2024-05-26 02:36:04] INFO: Writing conf to disk...
# [2024-05-26 02:36:04] INFO: writeconf_nersc: Writing NERSC configuration ./conf_s060t20_b0637300_a_U000660500
# [2024-05-26 02:36:07] INFO: Calculated checksum: 27faf06f
# [2024-05-26 02:36:12] INFO: Calculated checksum: ae40f7f0
# [2024-05-26 02:36:12] INFO: Writing RNGSTATE file: ./rand_s060t20_b0637300_a_U000660500
# [2024-05-26 02:36:12] INFO: Writing to disk took 7.71443 seconds
# [2024-05-26 02:36:12] INFO: ======================================================================
# [2024-05-26 02:36:12] INFO: Start sweeping...
# [2024-05-26 02:42:54] INFO: It took 401.397 seconds to do 500 HBOR sweeps.
# [2024-05-26 02:42:54] INFO: Plaquette = 0.628493
# [2024-05-26 02:42:54] INFO: Polyakov loop = (-0.00116289,3.53288e-05)
# [2024-05-26 02:42:54] INFO: Writing conf to disk...
# [2024-05-26 02:42:54] INFO: writeconf_nersc: Writing NERSC configuration ./conf_s060t20_b0637300_a_U000661000
# [2024-05-26 02:42:57] INFO: Calculated checksum: cb96b58
# [2024-05-26 02:43:01] INFO: Calculated checksum: a568e40c
# [2024-05-26 02:43:01] INFO: Writing RNGSTATE file: ./rand_s060t20_b0637300_a_U000661000
# [2024-05-26 02:43:01] INFO: Writing to disk took 7.69577 seconds
# [2024-05-26 02:43:01] INFO: ======================================================================
# [2024-05-26 02:43:01] INFO: Start sweeping...
# [2024-05-26 02:49:43] INFO: It took 401.405 seconds to do 500 HBOR sweeps.
# [2024-05-26 02:49:43] INFO: Plaquette = 0.628389
# [2024-05-26 02:49:43] INFO: Polyakov loop = (-0.000686058,0.000278475)
# [2024-05-26 02:49:43] INFO: Writing conf to disk...
# [2024-05-26 02:49:43] INFO: writeconf_nersc: Writing NERSC configuration ./conf_s060t20_b0637300_a_U000661500
# [2024-05-26 02:49:46] INFO: Calculated checksum: 953dd22b
# [2024-05-26 02:49:51] INFO: Calculated checksum: 9f427e7b
# [2024-05-26 02:49:51] INFO: Writing RNGSTATE file: ./rand_s060t20_b0637300_a_U000661500
# [2024-05-26 02:49:51] INFO: Writing to disk took 8.13859 seconds
# [2024-05-26 02:49:51] INFO: ======================================================================
# [2024-05-26 02:49:51] INFO: Start sweeping...
# [2024-05-26 02:56:32] INFO: It took 401.433 seconds to do 500 HBOR sweeps.
# [2024-05-26 02:56:32] INFO: Plaquette = 0.628484
# [2024-05-26 02:56:32] INFO: Polyakov loop = (-0.000782436,-0.000107089)
# [2024-05-26 02:56:32] INFO: Writing conf to disk...
# [2024-05-26 02:56:32] INFO: writeconf_nersc: Writing NERSC configuration ./conf_s060t20_b0637300_a_U000662000
# [2024-05-26 02:56:35] INFO: Calculated checksum: 19c00eb9
# [2024-05-26 02:56:40] INFO: Calculated checksum: fb10adde
# [2024-05-26 02:56:40] INFO: Writing RNGSTATE file: ./rand_s060t20_b0637300_a_U000662000
# [2024-05-26 02:56:40] INFO: Writing to disk took 7.70442 seconds
# [2024-05-26 02:56:40] INFO: ======================================================================
# [2024-05-26 02:56:40] INFO: Start sweeping...
# [2024-05-26 03:03:22] INFO: It took 401.46 seconds to do 500 HBOR sweeps.
# [2024-05-26 03:03:22] INFO: Plaquette = 0.628613
# [2024-05-26 03:03:22] INFO: Polyakov loop = (0.00110691,-0.000130514)
# [2024-05-26 03:03:22] INFO: Writing conf to disk...
# [2024-05-26 03:03:22] INFO: writeconf_nersc: Writing NERSC configuration ./conf_s060t20_b0637300_a_U000662500
# [2024-05-26 03:03:25] INFO: Calculated checksum: 6192a7be
# [2024-05-26 03:03:29] INFO: Calculated checksum: 93a8127
# [2024-05-26 03:03:29] INFO: Writing RNGSTATE file: ./rand_s060t20_b0637300_a_U000662500
# [2024-05-26 03:03:29] INFO: Writing to disk took 7.76262 seconds
# [2024-05-26 03:03:29] INFO: ======================================================================
# [2024-05-26 03:03:29] INFO: Start sweeping...
# [2024-05-26 03:10:11] INFO: It took 401.489 seconds to do 500 HBOR sweeps.
# [2024-05-26 03:10:11] INFO: Plaquette = 0.628306
# [2024-05-26 03:10:11] INFO: Polyakov loop = (0.0010756,0.000659738)
# [2024-05-26 03:10:11] INFO: Writing conf to disk...
# [2024-05-26 03:10:11] INFO: writeconf_nersc: Writing NERSC configuration ./conf_s060t20_b0637300_a_U000663000
# [2024-05-26 03:10:14] INFO: Calculated checksum: a0e2fd80
# [2024-05-26 03:10:19] INFO: Calculated checksum: ed813e10
# [2024-05-26 03:10:19] INFO: Writing RNGSTATE file: ./rand_s060t20_b0637300_a_U000663000
# [2024-05-26 03:10:19] INFO: Writing to disk took 7.78104 seconds
# [2024-05-26 03:10:19] INFO: ======================================================================
# [2024-05-26 03:10:19] INFO: Start sweeping...
# [2024-05-26 03:17:00] INFO: It took 401.518 seconds to do 500 HBOR sweeps.
# [2024-05-26 03:17:00] INFO: Plaquette = 0.628448
# [2024-05-26 03:17:00] INFO: Polyakov loop = (6.97211e-05,0.000156691)
# [2024-05-26 03:17:00] INFO: Writing conf to disk...
# [2024-05-26 03:17:00] INFO: writeconf_nersc: Writing NERSC configuration ./conf_s060t20_b0637300_a_U000663500
# [2024-05-26 03:17:03] INFO: Calculated checksum: 2b4aa927
# [2024-05-26 03:17:08] INFO: Calculated checksum: 808bb6a6
# [2024-05-26 03:17:08] INFO: Writing RNGSTATE file: ./rand_s060t20_b0637300_a_U000663500
# [2024-05-26 03:17:09] INFO: Writing to disk took 8.25418 seconds
# [2024-05-26 03:17:09] INFO: ======================================================================
# [2024-05-26 03:17:09] INFO: Start sweeping...
# [2024-05-26 03:23:50] INFO: It took 401.483 seconds to do 500 HBOR sweeps.
# [2024-05-26 03:23:50] INFO: Plaquette = 0.628467
# [2024-05-26 03:23:50] INFO: Polyakov loop = (-0.000284166,0.00101494)
# [2024-05-26 03:23:50] INFO: Writing conf to disk...
# [2024-05-26 03:23:50] INFO: writeconf_nersc: Writing NERSC configuration ./conf_s060t20_b0637300_a_U000664000
# [2024-05-26 03:23:53] INFO: Calculated checksum: 6a00f77
# [2024-05-26 03:23:58] INFO: Calculated checksum: f33992d4
# [2024-05-26 03:23:58] INFO: Writing RNGSTATE file: ./rand_s060t20_b0637300_a_U000664000
# [2024-05-26 03:23:58] INFO: Writing to disk took 7.73633 seconds
# [2024-05-26 03:23:58] INFO: ======================================================================
# [2024-05-26 03:23:58] INFO: Start sweeping...
# [2024-05-26 03:30:39] INFO: It took 401.468 seconds to do 500 HBOR sweeps.
# [2024-05-26 03:30:39] INFO: Plaquette = 0.628462
# [2024-05-26 03:30:39] INFO: Polyakov loop = (0.000561348,-0.000708652)
# [2024-05-26 03:30:39] INFO: Writing conf to disk...
# [2024-05-26 03:30:39] INFO: writeconf_nersc: Writing NERSC configuration ./conf_s060t20_b0637300_a_U000664500
# [2024-05-26 03:30:42] INFO: Calculated checksum: 6c0c2343
# [2024-05-26 03:30:47] INFO: Calculated checksum: 4c1c1b26
# [2024-05-26 03:30:47] INFO: Writing RNGSTATE file: ./rand_s060t20_b0637300_a_U000664500
# [2024-05-26 03:30:47] INFO: Writing to disk took 7.69777 seconds
# [2024-05-26 03:30:47] INFO: ======================================================================
# [2024-05-26 03:30:47] INFO: Start sweeping...
# [2024-05-26 03:37:29] INFO: It took 401.471 seconds to do 500 HBOR sweeps.
# [2024-05-26 03:37:29] INFO: Plaquette = 0.628423
# [2024-05-26 03:37:29] INFO: Polyakov loop = (-0.000100473,-0.000243724)
# [2024-05-26 03:37:29] INFO: Writing conf to disk...
# [2024-05-26 03:37:29] INFO: writeconf_nersc: Writing NERSC configuration ./conf_s060t20_b0637300_a_U000665000
# [2024-05-26 03:37:32] INFO: Calculated checksum: 1c0ed0d2
# [2024-05-26 03:37:36] INFO: Calculated checksum: 5ee1e9d7
# [2024-05-26 03:37:36] INFO: Writing RNGSTATE file: ./rand_s060t20_b0637300_a_U000665000
# [2024-05-26 03:37:36] INFO: Writing to disk took 7.75489 seconds
# [2024-05-26 03:37:36] INFO: ======================================================================
# [2024-05-26 03:37:36] INFO: Start sweeping...
# [2024-05-26 03:44:18] INFO: It took 401.464 seconds to do 500 HBOR sweeps.
# [2024-05-26 03:44:18] INFO: Plaquette = 0.628543
# [2024-05-26 03:44:18] INFO: Polyakov loop = (0.000388774,-0.000298838)
# [2024-05-26 03:44:18] INFO: Writing conf to disk...
# [2024-05-26 03:44:18] INFO: writeconf_nersc: Writing NERSC configuration ./conf_s060t20_b0637300_a_U000665500
# [2024-05-26 03:44:21] INFO: Calculated checksum: 8b7584ca
# [2024-05-26 03:44:25] INFO: Calculated checksum: 886efc42
# [2024-05-26 03:44:25] INFO: Writing RNGSTATE file: ./rand_s060t20_b0637300_a_U000665500
# [2024-05-26 03:44:26] INFO: Writing to disk took 7.72611 seconds
# [2024-05-26 03:44:26] INFO: ======================================================================
# [2024-05-26 03:44:26] INFO: Start sweeping...
# [2024-05-26 03:51:07] INFO: It took 401.507 seconds to do 500 HBOR sweeps.
# [2024-05-26 03:51:07] INFO: Plaquette = 0.628379
# [2024-05-26 03:51:07] INFO: Polyakov loop = (-0.000476749,-0.00106865)
# [2024-05-26 03:51:07] INFO: Writing conf to disk...
# [2024-05-26 03:51:07] INFO: writeconf_nersc: Writing NERSC configuration ./conf_s060t20_b0637300_a_U000666000
# [2024-05-26 03:51:10] INFO: Calculated checksum: dff2c15c
# [2024-05-26 03:51:15] INFO: Calculated checksum: 459ada1c
# [2024-05-26 03:51:15] INFO: Writing RNGSTATE file: ./rand_s060t20_b0637300_a_U000666000
# [2024-05-26 03:51:15] INFO: Writing to disk took 7.7518 seconds
# [2024-05-26 03:51:15] INFO: ======================================================================
# [2024-05-26 03:51:15] INFO: Start sweeping...
# [2024-05-26 03:57:56] INFO: It took 401.477 seconds to do 500 HBOR sweeps.
# [2024-05-26 03:57:56] INFO: Plaquette = 0.628457
# [2024-05-26 03:57:56] INFO: Polyakov loop = (-0.000141119,-0.000494667)
# [2024-05-26 03:57:56] INFO: Writing conf to disk...
# [2024-05-26 03:57:56] INFO: writeconf_nersc: Writing NERSC configuration ./conf_s060t20_b0637300_a_U000666500
# [2024-05-26 03:57:59] INFO: Calculated checksum: faf0d71a
# [2024-05-26 03:58:04] INFO: Calculated checksum: e92d8337
# [2024-05-26 03:58:04] INFO: Writing RNGSTATE file: ./rand_s060t20_b0637300_a_U000666500
# [2024-05-26 03:58:04] INFO: Writing to disk took 7.73964 seconds
# [2024-05-26 03:58:04] INFO: ======================================================================
# [2024-05-26 03:58:04] INFO: Start sweeping...
# [2024-05-26 04:04:46] INFO: It took 401.498 seconds to do 500 HBOR sweeps.
# [2024-05-26 04:04:46] INFO: Plaquette = 0.628398
# [2024-05-26 04:04:46] INFO: Polyakov loop = (-0.000212187,-0.000250814)
# [2024-05-26 04:04:46] INFO: Writing conf to disk...
# [2024-05-26 04:04:46] INFO: writeconf_nersc: Writing NERSC configuration ./conf_s060t20_b0637300_a_U000667000
# [2024-05-26 04:04:49] INFO: Calculated checksum: e34e4e08
# [2024-05-26 04:04:53] INFO: Calculated checksum: c04b35da
# [2024-05-26 04:04:53] INFO: Writing RNGSTATE file: ./rand_s060t20_b0637300_a_U000667000
# [2024-05-26 04:04:53] INFO: Writing to disk took 7.71434 seconds
# [2024-05-26 04:04:53] INFO: ======================================================================
# [2024-05-26 04:04:53] INFO: Start sweeping...
# [2024-05-26 04:11:35] INFO: It took 401.462 seconds to do 500 HBOR sweeps.
# [2024-05-26 04:11:35] INFO: Plaquette = 0.628488
# [2024-05-26 04:11:35] INFO: Polyakov loop = (-0.000790458,0.000588671)
# [2024-05-26 04:11:35] INFO: Writing conf to disk...
# [2024-05-26 04:11:35] INFO: writeconf_nersc: Writing NERSC configuration ./conf_s060t20_b0637300_a_U000667500
# [2024-05-26 04:11:38] INFO: Calculated checksum: 92d310c7
# [2024-05-26 04:11:43] INFO: Calculated checksum: 6552bebb
# [2024-05-26 04:11:43] INFO: Writing RNGSTATE file: ./rand_s060t20_b0637300_a_U000667500
# [2024-05-26 04:11:43] INFO: Writing to disk took 7.77381 seconds
# [2024-05-26 04:11:43] INFO: ======================================================================
# [2024-05-26 04:11:43] INFO: Start sweeping...
# [2024-05-26 04:18:24] INFO: It took 401.481 seconds to do 500 HBOR sweeps.
# [2024-05-26 04:18:24] INFO: Plaquette = 0.6285
# [2024-05-26 04:18:24] INFO: Polyakov loop = (0.000359534,-8.36808e-05)
# [2024-05-26 04:18:24] INFO: Writing conf to disk...
# [2024-05-26 04:18:24] INFO: writeconf_nersc: Writing NERSC configuration ./conf_s060t20_b0637300_a_U000668000
# [2024-05-26 04:18:27] INFO: Calculated checksum: 73dd21ab
# [2024-05-26 04:18:32] INFO: Calculated checksum: 59c936f7
# [2024-05-26 04:18:32] INFO: Writing RNGSTATE file: ./rand_s060t20_b0637300_a_U000668000
# [2024-05-26 04:18:32] INFO: Writing to disk took 7.69974 seconds
# [2024-05-26 04:18:32] INFO: ======================================================================
# [2024-05-26 04:18:32] INFO: Start sweeping...
# [2024-05-26 04:25:13] INFO: It took 401.458 seconds to do 500 HBOR sweeps.
# [2024-05-26 04:25:13] INFO: Plaquette = 0.628557
# [2024-05-26 04:25:13] INFO: Polyakov loop = (-0.000199553,0.000377614)
# [2024-05-26 04:25:13] INFO: Writing conf to disk...
# [2024-05-26 04:25:13] INFO: writeconf_nersc: Writing NERSC configuration ./conf_s060t20_b0637300_a_U000668500
# [2024-05-26 04:25:16] INFO: Calculated checksum: fe7d3b0e
# [2024-05-26 04:25:21] INFO: Calculated checksum: d237bd0c
# [2024-05-26 04:25:21] INFO: Writing RNGSTATE file: ./rand_s060t20_b0637300_a_U000668500
# [2024-05-26 04:25:21] INFO: Writing to disk took 7.9224 seconds
# [2024-05-26 04:25:21] INFO: ======================================================================
# [2024-05-26 04:25:21] INFO: Start sweeping...
# [2024-05-26 04:32:03] INFO: It took 401.451 seconds to do 500 HBOR sweeps.
# [2024-05-26 04:32:03] INFO: Plaquette = 0.628529
# [2024-05-26 04:32:03] INFO: Polyakov loop = (0.000343484,-0.000558624)
# [2024-05-26 04:32:03] INFO: Writing conf to disk...
# [2024-05-26 04:32:03] INFO: writeconf_nersc: Writing NERSC configuration ./conf_s060t20_b0637300_a_U000669000
# [2024-05-26 04:32:06] INFO: Calculated checksum: a1bfcff8
# [2024-05-26 04:32:10] INFO: Calculated checksum: 9d43e67b
# [2024-05-26 04:32:10] INFO: Writing RNGSTATE file: ./rand_s060t20_b0637300_a_U000669000
# [2024-05-26 04:32:11] INFO: Writing to disk took 7.65819 seconds
# [2024-05-26 04:32:11] INFO: ======================================================================
# [2024-05-26 04:32:11] INFO: Start sweeping...
# [2024-05-26 04:38:52] INFO: It took 401.47 seconds to do 500 HBOR sweeps.
# [2024-05-26 04:38:52] INFO: Plaquette = 0.628443
# [2024-05-26 04:38:52] INFO: Polyakov loop = (-1.75564e-05,-0.000238598)
# [2024-05-26 04:38:52] INFO: Writing conf to disk...
# [2024-05-26 04:38:52] INFO: writeconf_nersc: Writing NERSC configuration ./conf_s060t20_b0637300_a_U000669500
# [2024-05-26 04:38:55] INFO: Calculated checksum: 50eec9ce
# [2024-05-26 04:39:00] INFO: Calculated checksum: 68d09187
# [2024-05-26 04:39:00] INFO: Writing RNGSTATE file: ./rand_s060t20_b0637300_a_U000669500
# [2024-05-26 04:39:00] INFO: Writing to disk took 7.76177 seconds
# [2024-05-26 04:39:00] INFO: ======================================================================
# [2024-05-26 04:39:00] INFO: Start sweeping...
# [2024-05-26 04:45:41] INFO: It took 401.489 seconds to do 500 HBOR sweeps.
# [2024-05-26 04:45:41] INFO: Plaquette = 0.628501
# [2024-05-26 04:45:41] INFO: Polyakov loop = (0.000215666,-0.000452957)
# [2024-05-26 04:45:41] INFO: Writing conf to disk...
# [2024-05-26 04:45:41] INFO: writeconf_nersc: Writing NERSC configuration ./conf_s060t20_b0637300_a_U000670000
# [2024-05-26 04:45:44] INFO: Calculated checksum: baede6d1
# [2024-05-26 04:45:49] INFO: Calculated checksum: 5cb4de52
# [2024-05-26 04:45:49] INFO: Writing RNGSTATE file: ./rand_s060t20_b0637300_a_U000670000
# [2024-05-26 04:45:49] INFO: Writing to disk took 7.74511 seconds
# [2024-05-26 04:45:49] INFO: ======================================================================
# [2024-05-26 04:45:49] INFO: Start sweeping...
# [2024-05-26 04:52:31] INFO: It took 401.489 seconds to do 500 HBOR sweeps.
# [2024-05-26 04:52:31] INFO: Plaquette = 0.62851
# [2024-05-26 04:52:31] INFO: Polyakov loop = (-8.83724e-05,-0.000147983)
# [2024-05-26 04:52:31] INFO: Writing conf to disk...
# [2024-05-26 04:52:31] INFO: writeconf_nersc: Writing NERSC configuration ./conf_s060t20_b0637300_a_U000670500
# [2024-05-26 04:52:34] INFO: Calculated checksum: 16db0603
# [2024-05-26 04:52:38] INFO: Calculated checksum: 44851f17
# [2024-05-26 04:52:38] INFO: Writing RNGSTATE file: ./rand_s060t20_b0637300_a_U000670500
# [2024-05-26 04:52:38] INFO: Writing to disk took 7.77922 seconds
# [2024-05-26 04:52:38] INFO: ======================================================================
# [2024-05-26 04:52:38] INFO: Start sweeping...
# [2024-05-26 04:59:20] INFO: It took 401.483 seconds to do 500 HBOR sweeps.
# [2024-05-26 04:59:20] INFO: Plaquette = 0.628474
# [2024-05-26 04:59:20] INFO: Polyakov loop = (-0.0007407,-0.000565761)
# [2024-05-26 04:59:20] INFO: Writing conf to disk...
# [2024-05-26 04:59:20] INFO: writeconf_nersc: Writing NERSC configuration ./conf_s060t20_b0637300_a_U000671000
# [2024-05-26 04:59:23] INFO: Calculated checksum: 74d4ee71
# [2024-05-26 04:59:28] INFO: Calculated checksum: b2676984
# [2024-05-26 04:59:28] INFO: Writing RNGSTATE file: ./rand_s060t20_b0637300_a_U000671000
# [2024-05-26 04:59:28] INFO: Writing to disk took 7.82299 seconds
# [2024-05-26 04:59:28] INFO: ======================================================================
# [2024-05-26 04:59:28] INFO: Start sweeping...
# [2024-05-26 05:06:09] INFO: It took 401.494 seconds to do 500 HBOR sweeps.
# [2024-05-26 05:06:09] INFO: Plaquette = 0.62849
# [2024-05-26 05:06:09] INFO: Polyakov loop = (-0.000160277,0.000245641)
# [2024-05-26 05:06:09] INFO: Writing conf to disk...
# [2024-05-26 05:06:09] INFO: writeconf_nersc: Writing NERSC configuration ./conf_s060t20_b0637300_a_U000671500
# [2024-05-26 05:06:12] INFO: Calculated checksum: 743161d3
# [2024-05-26 05:06:17] INFO: Calculated checksum: e85817d5
# [2024-05-26 05:06:17] INFO: Writing RNGSTATE file: ./rand_s060t20_b0637300_a_U000671500
# [2024-05-26 05:06:17] INFO: Writing to disk took 8.09748 seconds
# [2024-05-26 05:06:17] INFO: ======================================================================
# [2024-05-26 05:06:17] INFO: Start sweeping...
# [2024-05-26 05:12:59] INFO: It took 401.478 seconds to do 500 HBOR sweeps.
# [2024-05-26 05:12:59] INFO: Plaquette = 0.628459
# [2024-05-26 05:12:59] INFO: Polyakov loop = (-0.000125296,0.000503902)
# [2024-05-26 05:12:59] INFO: Writing conf to disk...
# [2024-05-26 05:12:59] INFO: writeconf_nersc: Writing NERSC configuration ./conf_s060t20_b0637300_a_U000672000
# [2024-05-26 05:13:02] INFO: Calculated checksum: 41cce45e
# [2024-05-26 05:13:07] INFO: Calculated checksum: 7fc86a10
# [2024-05-26 05:13:07] INFO: Writing RNGSTATE file: ./rand_s060t20_b0637300_a_U000672000
# [2024-05-26 05:13:07] INFO: Writing to disk took 8.48453 seconds
# [2024-05-26 05:13:07] INFO: ======================================================================
# [2024-05-26 05:13:07] INFO: Start sweeping...
# [2024-05-26 05:19:49] INFO: It took 401.504 seconds to do 500 HBOR sweeps.
# [2024-05-26 05:19:49] INFO: Plaquette = 0.628453
# [2024-05-26 05:19:49] INFO: Polyakov loop = (8.28458e-05,-0.000466044)
# [2024-05-26 05:19:49] INFO: Writing conf to disk...
# [2024-05-26 05:19:49] INFO: writeconf_nersc: Writing NERSC configuration ./conf_s060t20_b0637300_a_U000672500
# [2024-05-26 05:19:52] INFO: Calculated checksum: cb3eb421
# [2024-05-26 05:19:57] INFO: Calculated checksum: c68cf584
# [2024-05-26 05:19:57] INFO: Writing RNGSTATE file: ./rand_s060t20_b0637300_a_U000672500
# [2024-05-26 05:19:57] INFO: Writing to disk took 7.78328 seconds
# [2024-05-26 05:19:57] INFO: ======================================================================
# [2024-05-26 05:19:57] INFO: Start sweeping...
# [2024-05-26 05:26:38] INFO: It took 401.481 seconds to do 500 HBOR sweeps.
# [2024-05-26 05:26:38] INFO: Plaquette = 0.628584
# [2024-05-26 05:26:38] INFO: Polyakov loop = (0.000266728,0.000604559)
# [2024-05-26 05:26:38] INFO: Writing conf to disk...
# [2024-05-26 05:26:38] INFO: writeconf_nersc: Writing NERSC configuration ./conf_s060t20_b0637300_a_U000673000
# [2024-05-26 05:26:41] INFO: Calculated checksum: 7ec67182
# [2024-05-26 05:26:46] INFO: Calculated checksum: 2d1e64bd
# [2024-05-26 05:26:46] INFO: Writing RNGSTATE file: ./rand_s060t20_b0637300_a_U000673000
# [2024-05-26 05:26:46] INFO: Writing to disk took 7.79436 seconds
# [2024-05-26 05:26:46] INFO: ======================================================================
# [2024-05-26 05:26:46] INFO: Start sweeping...
# [2024-05-26 05:33:28] INFO: It took 401.477 seconds to do 500 HBOR sweeps.
# [2024-05-26 05:33:28] INFO: Plaquette = 0.628465
# [2024-05-26 05:33:28] INFO: Polyakov loop = (0.00040448,-0.000501499)
# [2024-05-26 05:33:28] INFO: Writing conf to disk...
# [2024-05-26 05:33:28] INFO: writeconf_nersc: Writing NERSC configuration ./conf_s060t20_b0637300_a_U000673500
# [2024-05-26 05:33:31] INFO: Calculated checksum: 1beaa4ed
# [2024-05-26 05:33:35] INFO: Calculated checksum: 5c0b8bdf
# [2024-05-26 05:33:35] INFO: Writing RNGSTATE file: ./rand_s060t20_b0637300_a_U000673500
# [2024-05-26 05:33:35] INFO: Writing to disk took 7.78665 seconds
# [2024-05-26 05:33:35] INFO: ======================================================================
# [2024-05-26 05:33:35] INFO: Start sweeping...
# [2024-05-26 05:40:17] INFO: It took 401.509 seconds to do 500 HBOR sweeps.
# [2024-05-26 05:40:17] INFO: Plaquette = 0.628365
# [2024-05-26 05:40:17] INFO: Polyakov loop = (-0.000265984,-0.000471715)
# [2024-05-26 05:40:17] INFO: Writing conf to disk...
# [2024-05-26 05:40:17] INFO: writeconf_nersc: Writing NERSC configuration ./conf_s060t20_b0637300_a_U000674000
# [2024-05-26 05:40:20] INFO: Calculated checksum: dfbefd2e
# [2024-05-26 05:40:25] INFO: Calculated checksum: a79f805
# [2024-05-26 05:40:25] INFO: Writing RNGSTATE file: ./rand_s060t20_b0637300_a_U000674000
# [2024-05-26 05:40:25] INFO: Writing to disk took 7.79461 seconds
# [2024-05-26 05:40:25] INFO: ======================================================================
# [2024-05-26 05:40:25] INFO: Start sweeping...
# [2024-05-26 05:47:06] INFO: It took 401.514 seconds to do 500 HBOR sweeps.
# [2024-05-26 05:47:06] INFO: Plaquette = 0.628494
# [2024-05-26 05:47:06] INFO: Polyakov loop = (0.000262096,0.000165125)
# [2024-05-26 05:47:06] INFO: Writing conf to disk...
# [2024-05-26 05:47:06] INFO: writeconf_nersc: Writing NERSC configuration ./conf_s060t20_b0637300_a_U000674500
# [2024-05-26 05:47:09] INFO: Calculated checksum: 4844bea7
# [2024-05-26 05:47:14] INFO: Calculated checksum: 5e84224
# [2024-05-26 05:47:14] INFO: Writing RNGSTATE file: ./rand_s060t20_b0637300_a_U000674500
# [2024-05-26 05:47:14] INFO: Writing to disk took 7.80159 seconds
# [2024-05-26 05:47:14] INFO: ======================================================================
# [2024-05-26 05:47:14] INFO: Start sweeping...
# [2024-05-26 05:53:56] INFO: It took 401.519 seconds to do 500 HBOR sweeps.
# [2024-05-26 05:53:56] INFO: Plaquette = 0.628428
# [2024-05-26 05:53:56] INFO: Polyakov loop = (-0.00104071,-0.000342622)
# [2024-05-26 05:53:56] INFO: Writing conf to disk...
# [2024-05-26 05:53:56] INFO: writeconf_nersc: Writing NERSC configuration ./conf_s060t20_b0637300_a_U000675000
# [2024-05-26 05:53:59] INFO: Calculated checksum: 2f39b88f
# [2024-05-26 05:54:03] INFO: Calculated checksum: e88bea1c
# [2024-05-26 05:54:03] INFO: Writing RNGSTATE file: ./rand_s060t20_b0637300_a_U000675000
# [2024-05-26 05:54:04] INFO: Writing to disk took 7.8128 seconds
# [2024-05-26 05:54:04] INFO: ======================================================================
# [2024-05-26 05:54:04] INFO: Start sweeping...
# [2024-05-26 06:00:45] INFO: It took 401.511 seconds to do 500 HBOR sweeps.
# [2024-05-26 06:00:45] INFO: Plaquette = 0.62846
# [2024-05-26 06:00:45] INFO: Polyakov loop = (-0.000425097,-0.000182682)
# [2024-05-26 06:00:45] INFO: Writing conf to disk...
# [2024-05-26 06:00:45] INFO: writeconf_nersc: Writing NERSC configuration ./conf_s060t20_b0637300_a_U000675500
# [2024-05-26 06:00:48] INFO: Calculated checksum: 78509cad
# [2024-05-26 06:00:53] INFO: Calculated checksum: fd4ca66e
# [2024-05-26 06:00:53] INFO: Writing RNGSTATE file: ./rand_s060t20_b0637300_a_U000675500
# [2024-05-26 06:00:53] INFO: Writing to disk took 7.65743 seconds
# [2024-05-26 06:00:53] INFO: ======================================================================
# [2024-05-26 06:00:53] INFO: Start sweeping...
# [2024-05-26 06:07:34] INFO: It took 401.509 seconds to do 500 HBOR sweeps.
# [2024-05-26 06:07:34] INFO: Plaquette = 0.628388
# [2024-05-26 06:07:34] INFO: Polyakov loop = (0.000417206,0.00010236)
# [2024-05-26 06:07:34] INFO: Writing conf to disk...
# [2024-05-26 06:07:34] INFO: writeconf_nersc: Writing NERSC configuration ./conf_s060t20_b0637300_a_U000676000
# [2024-05-26 06:07:37] INFO: Calculated checksum: a95b3c4b
# [2024-05-26 06:07:42] INFO: Calculated checksum: 888065e8
# [2024-05-26 06:07:42] INFO: Writing RNGSTATE file: ./rand_s060t20_b0637300_a_U000676000
# [2024-05-26 06:07:42] INFO: Writing to disk took 8.11679 seconds
# [2024-05-26 06:07:42] INFO: ======================================================================
# [2024-05-26 06:07:42] INFO: Start sweeping...
# [2024-05-26 06:14:24] INFO: It took 401.52 seconds to do 500 HBOR sweeps.
# [2024-05-26 06:14:24] INFO: Plaquette = 0.628399
# [2024-05-26 06:14:24] INFO: Polyakov loop = (0.000649226,-0.000850818)
# [2024-05-26 06:14:24] INFO: Writing conf to disk...
# [2024-05-26 06:14:24] INFO: writeconf_nersc: Writing NERSC configuration ./conf_s060t20_b0637300_a_U000676500
# [2024-05-26 06:14:27] INFO: Calculated checksum: 84f33d0
# [2024-05-26 06:14:32] INFO: Calculated checksum: 69daf347
# [2024-05-26 06:14:32] INFO: Writing RNGSTATE file: ./rand_s060t20_b0637300_a_U000676500
# [2024-05-26 06:14:32] INFO: Writing to disk took 7.83743 seconds
# [2024-05-26 06:14:32] INFO: ======================================================================
# [2024-05-26 06:14:32] INFO: Start sweeping...
# [2024-05-26 06:21:13] INFO: It took 401.513 seconds to do 500 HBOR sweeps.
# [2024-05-26 06:21:13] INFO: Plaquette = 0.628568
# [2024-05-26 06:21:13] INFO: Polyakov loop = (4.2207e-05,-0.000432158)
# [2024-05-26 06:21:13] INFO: Writing conf to disk...
# [2024-05-26 06:21:13] INFO: writeconf_nersc: Writing NERSC configuration ./conf_s060t20_b0637300_a_U000677000
# [2024-05-26 06:21:16] INFO: Calculated checksum: f5ec8a37
# [2024-05-26 06:21:21] INFO: Calculated checksum: 12521fe9
# [2024-05-26 06:21:21] INFO: Writing RNGSTATE file: ./rand_s060t20_b0637300_a_U000677000
# [2024-05-26 06:21:21] INFO: Writing to disk took 7.79595 seconds
# [2024-05-26 06:21:21] INFO: ======================================================================
# [2024-05-26 06:21:21] INFO: Start sweeping...
# [2024-05-26 06:28:03] INFO: It took 401.509 seconds to do 500 HBOR sweeps.
# [2024-05-26 06:28:03] INFO: Plaquette = 0.628455
# [2024-05-26 06:28:03] INFO: Polyakov loop = (0.000471256,0.00039504)
# [2024-05-26 06:28:03] INFO: Writing conf to disk...
# [2024-05-26 06:28:03] INFO: writeconf_nersc: Writing NERSC configuration ./conf_s060t20_b0637300_a_U000677500
# [2024-05-26 06:28:06] INFO: Calculated checksum: 1696a43b
# [2024-05-26 06:28:11] INFO: Calculated checksum: 21275cc6
# [2024-05-26 06:28:11] INFO: Writing RNGSTATE file: ./rand_s060t20_b0637300_a_U000677500
# [2024-05-26 06:28:11] INFO: Writing to disk took 7.87459 seconds
# [2024-05-26 06:28:11] INFO: ======================================================================
# [2024-05-26 06:28:11] INFO: Start sweeping...
# [2024-05-26 06:34:52] INFO: It took 401.496 seconds to do 500 HBOR sweeps.
# [2024-05-26 06:34:52] INFO: Plaquette = 0.628432
# [2024-05-26 06:34:52] INFO: Polyakov loop = (0.00138209,-0.000248589)
# [2024-05-26 06:34:52] INFO: Writing conf to disk...
# [2024-05-26 06:34:52] INFO: writeconf_nersc: Writing NERSC configuration ./conf_s060t20_b0637300_a_U000678000
# [2024-05-26 06:34:55] INFO: Calculated checksum: 12b78261
# [2024-05-26 06:35:00] INFO: Calculated checksum: 858191b
# [2024-05-26 06:35:00] INFO: Writing RNGSTATE file: ./rand_s060t20_b0637300_a_U000678000
# [2024-05-26 06:35:00] INFO: Writing to disk took 7.90934 seconds
# [2024-05-26 06:35:00] INFO: ======================================================================
# [2024-05-26 06:35:00] INFO: Start sweeping...
# [2024-05-26 06:41:42] INFO: It took 401.496 seconds to do 500 HBOR sweeps.
# [2024-05-26 06:41:42] INFO: Plaquette = 0.628433
# [2024-05-26 06:41:42] INFO: Polyakov loop = (-6.80229e-05,0.000654244)
# [2024-05-26 06:41:42] INFO: Writing conf to disk...
# [2024-05-26 06:41:42] INFO: writeconf_nersc: Writing NERSC configuration ./conf_s060t20_b0637300_a_U000678500
# [2024-05-26 06:41:45] INFO: Calculated checksum: 46f19c1e
# [2024-05-26 06:41:49] INFO: Calculated checksum: af9c0afb
# [2024-05-26 06:41:49] INFO: Writing RNGSTATE file: ./rand_s060t20_b0637300_a_U000678500
# [2024-05-26 06:41:49] INFO: Writing to disk took 7.8129 seconds
# [2024-05-26 06:41:49] INFO: ======================================================================
# [2024-05-26 06:41:49] INFO: Start sweeping...
# [2024-05-26 06:48:31] INFO: It took 401.476 seconds to do 500 HBOR sweeps.
# [2024-05-26 06:48:31] INFO: Plaquette = 0.628361
# [2024-05-26 06:48:31] INFO: Polyakov loop = (2.92018e-05,0.000283896)
# [2024-05-26 06:48:31] INFO: Writing conf to disk...
# [2024-05-26 06:48:31] INFO: writeconf_nersc: Writing NERSC configuration ./conf_s060t20_b0637300_a_U000679000
# [2024-05-26 06:48:34] INFO: Calculated checksum: 904096d
# [2024-05-26 06:48:39] INFO: Calculated checksum: b3be82ed
# [2024-05-26 06:48:39] INFO: Writing RNGSTATE file: ./rand_s060t20_b0637300_a_U000679000
# [2024-05-26 06:48:39] INFO: Writing to disk took 7.82658 seconds
# [2024-05-26 06:48:39] INFO: ======================================================================
# [2024-05-26 06:48:39] INFO: Start sweeping...
# [2024-05-26 06:55:20] INFO: It took 401.474 seconds to do 500 HBOR sweeps.
# [2024-05-26 06:55:20] INFO: Plaquette = 0.628508
# [2024-05-26 06:55:20] INFO: Polyakov loop = (0.00043474,-0.000161851)
# [2024-05-26 06:55:20] INFO: Writing conf to disk...
# [2024-05-26 06:55:20] INFO: writeconf_nersc: Writing NERSC configuration ./conf_s060t20_b0637300_a_U000679500
# [2024-05-26 06:55:23] INFO: Calculated checksum: a15ac965
# [2024-05-26 06:55:28] INFO: Calculated checksum: 81ab712d
# [2024-05-26 06:55:28] INFO: Writing RNGSTATE file: ./rand_s060t20_b0637300_a_U000679500
# [2024-05-26 06:55:28] INFO: Writing to disk took 7.77376 seconds
# [2024-05-26 06:55:28] INFO: ======================================================================
# [2024-05-26 06:55:28] INFO: Start sweeping...
# [2024-05-26 07:02:10] INFO: It took 401.498 seconds to do 500 HBOR sweeps.
# [2024-05-26 07:02:10] INFO: Plaquette = 0.628496
# [2024-05-26 07:02:10] INFO: Polyakov loop = (0.000102994,-0.000358738)
# [2024-05-26 07:02:10] INFO: Writing conf to disk...
# [2024-05-26 07:02:10] INFO: writeconf_nersc: Writing NERSC configuration ./conf_s060t20_b0637300_a_U000680000
# [2024-05-26 07:02:13] INFO: Calculated checksum: ce5a1e1c
# [2024-05-26 07:02:17] INFO: Calculated checksum: e949b85f
# [2024-05-26 07:02:17] INFO: Writing RNGSTATE file: ./rand_s060t20_b0637300_a_U000680000
# [2024-05-26 07:02:17] INFO: Writing to disk took 7.78727 seconds
# [2024-05-26 07:02:17] INFO: ======================================================================
# [2024-05-26 07:02:17] INFO: Start sweeping...
# [2024-05-26 07:08:59] INFO: It took 401.494 seconds to do 500 HBOR sweeps.
# [2024-05-26 07:08:59] INFO: Plaquette = 0.628496
# [2024-05-26 07:08:59] INFO: Polyakov loop = (0.000846249,-0.000346117)
# [2024-05-26 07:08:59] INFO: Writing conf to disk...
# [2024-05-26 07:08:59] INFO: writeconf_nersc: Writing NERSC configuration ./conf_s060t20_b0637300_a_U000680500
# [2024-05-26 07:09:02] INFO: Calculated checksum: a5209c73
# [2024-05-26 07:09:07] INFO: Calculated checksum: f3a591d3
# [2024-05-26 07:09:07] INFO: Writing RNGSTATE file: ./rand_s060t20_b0637300_a_U000680500
# [2024-05-26 07:09:07] INFO: Writing to disk took 7.65969 seconds
# [2024-05-26 07:09:07] INFO: ======================================================================
# [2024-05-26 07:09:07] INFO: Start sweeping...
# [2024-05-26 07:15:48] INFO: It took 401.496 seconds to do 500 HBOR sweeps.
# [2024-05-26 07:15:48] INFO: Plaquette = 0.628518
# [2024-05-26 07:15:48] INFO: Polyakov loop = (-0.000418789,0.000292957)
# [2024-05-26 07:15:48] INFO: Writing conf to disk...
# [2024-05-26 07:15:48] INFO: writeconf_nersc: Writing NERSC configuration ./conf_s060t20_b0637300_a_U000681000
# [2024-05-26 07:15:51] INFO: Calculated checksum: 98da81fe
# [2024-05-26 07:15:56] INFO: Calculated checksum: 158b5149
# [2024-05-26 07:15:56] INFO: Writing RNGSTATE file: ./rand_s060t20_b0637300_a_U000681000
# [2024-05-26 07:15:56] INFO: Writing to disk took 7.78895 seconds
# [2024-05-26 07:15:56] INFO: ======================================================================
# [2024-05-26 07:15:56] INFO: Start sweeping...
# [2024-05-26 07:22:38] INFO: It took 401.511 seconds to do 500 HBOR sweeps.
# [2024-05-26 07:22:38] INFO: Plaquette = 0.628483
# [2024-05-26 07:22:38] INFO: Polyakov loop = (0.00030871,-0.00015897)
# [2024-05-26 07:22:38] INFO: Writing conf to disk...
# [2024-05-26 07:22:38] INFO: writeconf_nersc: Writing NERSC configuration ./conf_s060t20_b0637300_a_U000681500
# [2024-05-26 07:22:41] INFO: Calculated checksum: 28f65df2
# [2024-05-26 07:22:45] INFO: Calculated checksum: 89d4d6d8
# [2024-05-26 07:22:45] INFO: Writing RNGSTATE file: ./rand_s060t20_b0637300_a_U000681500
# [2024-05-26 07:22:45] INFO: Writing to disk took 7.86705 seconds
# [2024-05-26 07:22:45] INFO: ======================================================================
# [2024-05-26 07:22:45] INFO: Start sweeping...
# [2024-05-26 07:29:27] INFO: It took 401.5 seconds to do 500 HBOR sweeps.
# [2024-05-26 07:29:27] INFO: Plaquette = 0.628589
# [2024-05-26 07:29:27] INFO: Polyakov loop = (-0.000145059,0.000881256)
# [2024-05-26 07:29:27] INFO: Writing conf to disk...
# [2024-05-26 07:29:27] INFO: writeconf_nersc: Writing NERSC configuration ./conf_s060t20_b0637300_a_U000682000
# [2024-05-26 07:29:30] INFO: Calculated checksum: b3f06c19
# [2024-05-26 07:29:35] INFO: Calculated checksum: c18d0686
# [2024-05-26 07:29:35] INFO: Writing RNGSTATE file: ./rand_s060t20_b0637300_a_U000682000
# [2024-05-26 07:29:35] INFO: Writing to disk took 7.78853 seconds
# [2024-05-26 07:29:35] INFO: ======================================================================
# [2024-05-26 07:29:35] INFO: Start sweeping...
# [2024-05-26 07:36:16] INFO: It took 401.507 seconds to do 500 HBOR sweeps.
# [2024-05-26 07:36:16] INFO: Plaquette = 0.628567
# [2024-05-26 07:36:16] INFO: Polyakov loop = (7.11488e-05,0.000702018)
# [2024-05-26 07:36:16] INFO: Writing conf to disk...
# [2024-05-26 07:36:16] INFO: writeconf_nersc: Writing NERSC configuration ./conf_s060t20_b0637300_a_U000682500
# [2024-05-26 07:36:19] INFO: Calculated checksum: 74163637
# [2024-05-26 07:36:24] INFO: Calculated checksum: 7af4b0fa
# [2024-05-26 07:36:24] INFO: Writing RNGSTATE file: ./rand_s060t20_b0637300_a_U000682500
# [2024-05-26 07:36:24] INFO: Writing to disk took 7.83517 seconds
# [2024-05-26 07:36:24] INFO: ======================================================================
# [2024-05-26 07:36:24] INFO: Start sweeping...
# [2024-05-26 07:43:06] INFO: It took 401.505 seconds to do 500 HBOR sweeps.
# [2024-05-26 07:43:06] INFO: Plaquette = 0.628491
# [2024-05-26 07:43:06] INFO: Polyakov loop = (0.000169659,3.2254e-05)
# [2024-05-26 07:43:06] INFO: Writing conf to disk...
# [2024-05-26 07:43:06] INFO: writeconf_nersc: Writing NERSC configuration ./conf_s060t20_b0637300_a_U000683000
# [2024-05-26 07:43:09] INFO: Calculated checksum: 5d01487c
# [2024-05-26 07:43:13] INFO: Calculated checksum: 675ac4a7
# [2024-05-26 07:43:13] INFO: Writing RNGSTATE file: ./rand_s060t20_b0637300_a_U000683000
# [2024-05-26 07:43:13] INFO: Writing to disk took 7.68833 seconds
# [2024-05-26 07:43:13] INFO: ======================================================================
# [2024-05-26 07:43:13] INFO: Start sweeping...
# [2024-05-26 07:49:55] INFO: It took 401.487 seconds to do 500 HBOR sweeps.
# [2024-05-26 07:49:55] INFO: Plaquette = 0.628456
# [2024-05-26 07:49:55] INFO: Polyakov loop = (0.000201826,-0.000431975)
# [2024-05-26 07:49:55] INFO: Writing conf to disk...
# [2024-05-26 07:49:55] INFO: writeconf_nersc: Writing NERSC configuration ./conf_s060t20_b0637300_a_U000683500
# [2024-05-26 07:49:58] INFO: Calculated checksum: a232ea6a
# [2024-05-26 07:50:03] INFO: Calculated checksum: 3531474a
# [2024-05-26 07:50:03] INFO: Writing RNGSTATE file: ./rand_s060t20_b0637300_a_U000683500
# [2024-05-26 07:50:04] INFO: Writing to disk took 8.56945 seconds
# [2024-05-26 07:50:04] INFO: ======================================================================
# [2024-05-26 07:50:04] INFO: Start sweeping...
# [2024-05-26 07:56:45] INFO: It took 401.502 seconds to do 500 HBOR sweeps.
# [2024-05-26 07:56:45] INFO: Plaquette = 0.628432
# [2024-05-26 07:56:45] INFO: Polyakov loop = (0.000489288,0.000384695)
# [2024-05-26 07:56:45] INFO: Writing conf to disk...
# [2024-05-26 07:56:45] INFO: writeconf_nersc: Writing NERSC configuration ./conf_s060t20_b0637300_a_U000684000
# [2024-05-26 07:56:48] INFO: Calculated checksum: 290f90dc
# [2024-05-26 07:56:53] INFO: Calculated checksum: fe8db805
# [2024-05-26 07:56:53] INFO: Writing RNGSTATE file: ./rand_s060t20_b0637300_a_U000684000
# [2024-05-26 07:56:53] INFO: Writing to disk took 7.71046 seconds
# [2024-05-26 07:56:53] INFO: ======================================================================
# [2024-05-26 07:56:53] INFO: Start sweeping...
# [2024-05-26 08:03:35] INFO: It took 401.495 seconds to do 500 HBOR sweeps.
# [2024-05-26 08:03:35] INFO: Plaquette = 0.628419
# [2024-05-26 08:03:35] INFO: Polyakov loop = (-0.000604985,6.68843e-06)
# [2024-05-26 08:03:35] INFO: Writing conf to disk...
# [2024-05-26 08:03:35] INFO: writeconf_nersc: Writing NERSC configuration ./conf_s060t20_b0637300_a_U000684500
# [2024-05-26 08:03:38] INFO: Calculated checksum: 4efa8b0d
# [2024-05-26 08:03:42] INFO: Calculated checksum: 81a174c5
# [2024-05-26 08:03:42] INFO: Writing RNGSTATE file: ./rand_s060t20_b0637300_a_U000684500
# [2024-05-26 08:03:42] INFO: Writing to disk took 7.8287 seconds
# [2024-05-26 08:03:42] INFO: ======================================================================
# [2024-05-26 08:03:42] INFO: Start sweeping...
# [2024-05-26 08:10:24] INFO: It took 401.491 seconds to do 500 HBOR sweeps.
# [2024-05-26 08:10:24] INFO: Plaquette = 0.628566
# [2024-05-26 08:10:24] INFO: Polyakov loop = (-0.000406418,-0.000375521)
# [2024-05-26 08:10:24] INFO: Writing conf to disk...
# [2024-05-26 08:10:24] INFO: writeconf_nersc: Writing NERSC configuration ./conf_s060t20_b0637300_a_U000685000
# [2024-05-26 08:10:27] INFO: Calculated checksum: 9af58c6b
# [2024-05-26 08:10:32] INFO: Calculated checksum: 516cefe1
# [2024-05-26 08:10:32] INFO: Writing RNGSTATE file: ./rand_s060t20_b0637300_a_U000685000
# [2024-05-26 08:10:32] INFO: Writing to disk took 7.87155 seconds
# [2024-05-26 08:10:32] INFO: ======================================================================
# [2024-05-26 08:10:32] INFO: Start sweeping...
# [2024-05-26 08:17:13] INFO: It took 401.519 seconds to do 500 HBOR sweeps.
# [2024-05-26 08:17:13] INFO: Plaquette = 0.628425
# [2024-05-26 08:17:13] INFO: Polyakov loop = (-0.000396245,-0.000297842)
# [2024-05-26 08:17:13] INFO: Writing conf to disk...
# [2024-05-26 08:17:13] INFO: writeconf_nersc: Writing NERSC configuration ./conf_s060t20_b0637300_a_U000685500
# [2024-05-26 08:17:16] INFO: Calculated checksum: cc8ae7a1
# [2024-05-26 08:17:21] INFO: Calculated checksum: d89b9564
# [2024-05-26 08:17:21] INFO: Writing RNGSTATE file: ./rand_s060t20_b0637300_a_U000685500
# [2024-05-26 08:17:21] INFO: Writing to disk took 7.78031 seconds
# [2024-05-26 08:17:21] INFO: ======================================================================
# [2024-05-26 08:17:21] INFO: Start sweeping...
# [2024-05-26 08:24:03] INFO: It took 401.505 seconds to do 500 HBOR sweeps.
# [2024-05-26 08:24:03] INFO: Plaquette = 0.628513
# [2024-05-26 08:24:03] INFO: Polyakov loop = (-0.000660599,0.000975088)
# [2024-05-26 08:24:03] INFO: Writing conf to disk...
# [2024-05-26 08:24:03] INFO: writeconf_nersc: Writing NERSC configuration ./conf_s060t20_b0637300_a_U000686000
# [2024-05-26 08:24:06] INFO: Calculated checksum: fcbd489c
# [2024-05-26 08:24:10] INFO: Calculated checksum: 56fa9d72
# [2024-05-26 08:24:10] INFO: Writing RNGSTATE file: ./rand_s060t20_b0637300_a_U000686000
# [2024-05-26 08:24:11] INFO: Writing to disk took 7.79313 seconds
# [2024-05-26 08:24:11] INFO: ======================================================================
# [2024-05-26 08:24:11] INFO: Start sweeping...
# [2024-05-26 08:30:52] INFO: It took 401.506 seconds to do 500 HBOR sweeps.
# [2024-05-26 08:30:52] INFO: Plaquette = 0.628436
# [2024-05-26 08:30:52] INFO: Polyakov loop = (-0.000369364,4.05233e-05)
# [2024-05-26 08:30:52] INFO: Writing conf to disk...
# [2024-05-26 08:30:52] INFO: writeconf_nersc: Writing NERSC configuration ./conf_s060t20_b0637300_a_U000686500
# [2024-05-26 08:30:55] INFO: Calculated checksum: ed387bc4
# [2024-05-26 08:31:00] INFO: Calculated checksum: 9b68ce4b
# [2024-05-26 08:31:00] INFO: Writing RNGSTATE file: ./rand_s060t20_b0637300_a_U000686500
# [2024-05-26 08:31:00] INFO: Writing to disk took 7.59324 seconds
# [2024-05-26 08:31:00] INFO: ======================================================================
# [2024-05-26 08:31:00] INFO: Start sweeping...
# [2024-05-26 08:37:41] INFO: It took 401.519 seconds to do 500 HBOR sweeps.
# [2024-05-26 08:37:41] INFO: Plaquette = 0.628458
# [2024-05-26 08:37:41] INFO: Polyakov loop = (0.00055186,-7.42404e-05)
# [2024-05-26 08:37:41] INFO: Writing conf to disk...
# [2024-05-26 08:37:41] INFO: writeconf_nersc: Writing NERSC configuration ./conf_s060t20_b0637300_a_U000687000
# [2024-05-26 08:37:44] INFO: Calculated checksum: 3f5ed12f
# [2024-05-26 08:37:49] INFO: Calculated checksum: 24b431ed
# [2024-05-26 08:37:49] INFO: Writing RNGSTATE file: ./rand_s060t20_b0637300_a_U000687000
# [2024-05-26 08:37:49] INFO: Writing to disk took 7.77637 seconds
# [2024-05-26 08:37:49] INFO: ======================================================================
# [2024-05-26 08:37:49] INFO: Start sweeping...
# [2024-05-26 08:44:31] INFO: It took 401.492 seconds to do 500 HBOR sweeps.
# [2024-05-26 08:44:31] INFO: Plaquette = 0.62846
# [2024-05-26 08:44:31] INFO: Polyakov loop = (0.00102547,0.000438352)
# [2024-05-26 08:44:31] INFO: Writing conf to disk...
# [2024-05-26 08:44:31] INFO: writeconf_nersc: Writing NERSC configuration ./conf_s060t20_b0637300_a_U000687500
# [2024-05-26 08:44:34] INFO: Calculated checksum: 5631e6f7
# [2024-05-26 08:44:38] INFO: Calculated checksum: 4b8c28f5
# [2024-05-26 08:44:38] INFO: Writing RNGSTATE file: ./rand_s060t20_b0637300_a_U000687500
# [2024-05-26 08:44:38] INFO: Writing to disk took 7.78763 seconds
# [2024-05-26 08:44:38] INFO: ======================================================================
# [2024-05-26 08:44:38] INFO: Start sweeping...
# [2024-05-26 08:51:20] INFO: It took 401.493 seconds to do 500 HBOR sweeps.
# [2024-05-26 08:51:20] INFO: Plaquette = 0.628447
# [2024-05-26 08:51:20] INFO: Polyakov loop = (0.000789816,0.000500056)
# [2024-05-26 08:51:20] INFO: Writing conf to disk...
# [2024-05-26 08:51:20] INFO: writeconf_nersc: Writing NERSC configuration ./conf_s060t20_b0637300_a_U000688000
# [2024-05-26 08:51:23] INFO: Calculated checksum: 111bd864
# [2024-05-26 08:51:28] INFO: Calculated checksum: 445c261a
# [2024-05-26 08:51:28] INFO: Writing RNGSTATE file: ./rand_s060t20_b0637300_a_U000688000
# [2024-05-26 08:51:28] INFO: Writing to disk took 7.7976 seconds
# [2024-05-26 08:51:28] INFO: ======================================================================
# [2024-05-26 08:51:28] INFO: Start sweeping...
# [2024-05-26 08:58:09] INFO: It took 401.478 seconds to do 500 HBOR sweeps.
# [2024-05-26 08:58:09] INFO: Plaquette = 0.628546
# [2024-05-26 08:58:09] INFO: Polyakov loop = (0.00107986,-0.000726237)
# [2024-05-26 08:58:09] INFO: Writing conf to disk...
# [2024-05-26 08:58:09] INFO: writeconf_nersc: Writing NERSC configuration ./conf_s060t20_b0637300_a_U000688500
# [2024-05-26 08:58:12] INFO: Calculated checksum: b4ad9d9e
# [2024-05-26 08:58:17] INFO: Calculated checksum: d93fe9af
# [2024-05-26 08:58:17] INFO: Writing RNGSTATE file: ./rand_s060t20_b0637300_a_U000688500
# [2024-05-26 08:58:17] INFO: Writing to disk took 7.7822 seconds
# [2024-05-26 08:58:17] INFO: ======================================================================
# [2024-05-26 08:58:17] INFO: Start sweeping...
# [2024-05-26 09:04:59] INFO: It took 401.481 seconds to do 500 HBOR sweeps.
# [2024-05-26 09:04:59] INFO: Plaquette = 0.628474
# [2024-05-26 09:04:59] INFO: Polyakov loop = (9.1408e-05,-0.000335406)
# [2024-05-26 09:04:59] INFO: Writing conf to disk...
# [2024-05-26 09:04:59] INFO: writeconf_nersc: Writing NERSC configuration ./conf_s060t20_b0637300_a_U000689000
# [2024-05-26 09:05:02] INFO: Calculated checksum: 561b91ba
# [2024-05-26 09:05:06] INFO: Calculated checksum: ca04ae82
# [2024-05-26 09:05:06] INFO: Writing RNGSTATE file: ./rand_s060t20_b0637300_a_U000689000
# [2024-05-26 09:05:06] INFO: Writing to disk took 7.77335 seconds
# [2024-05-26 09:05:06] INFO: ======================================================================
# [2024-05-26 09:05:06] INFO: Start sweeping...
# [2024-05-26 09:11:48] INFO: It took 401.481 seconds to do 500 HBOR sweeps.
# [2024-05-26 09:11:48] INFO: Plaquette = 0.62848
# [2024-05-26 09:11:48] INFO: Polyakov loop = (0.000514431,-0.000120058)
# [2024-05-26 09:11:48] INFO: Writing conf to disk...
# [2024-05-26 09:11:48] INFO: writeconf_nersc: Writing NERSC configuration ./conf_s060t20_b0637300_a_U000689500
# [2024-05-26 09:11:51] INFO: Calculated checksum: f23a6569
# [2024-05-26 09:11:56] INFO: Calculated checksum: a66341ab
# [2024-05-26 09:11:56] INFO: Writing RNGSTATE file: ./rand_s060t20_b0637300_a_U000689500
# [2024-05-26 09:11:56] INFO: Writing to disk took 7.97579 seconds
# [2024-05-26 09:11:56] INFO: ======================================================================
# [2024-05-26 09:11:56] INFO: Start sweeping...
# [2024-05-26 09:18:37] INFO: It took 401.501 seconds to do 500 HBOR sweeps.
# [2024-05-26 09:18:37] INFO: Plaquette = 0.628557
# [2024-05-26 09:18:37] INFO: Polyakov loop = (0.000881333,-0.000814753)
# [2024-05-26 09:18:37] INFO: Writing conf to disk...
# [2024-05-26 09:18:37] INFO: writeconf_nersc: Writing NERSC configuration ./conf_s060t20_b0637300_a_U000690000
# [2024-05-26 09:18:40] INFO: Calculated checksum: f61d4321
# [2024-05-26 09:18:45] INFO: Calculated checksum: 4547f780
# [2024-05-26 09:18:45] INFO: Writing RNGSTATE file: ./rand_s060t20_b0637300_a_U000690000
# [2024-05-26 09:18:45] INFO: Writing to disk took 7.78892 seconds
# [2024-05-26 09:18:45] INFO: ======================================================================
# [2024-05-26 09:18:45] INFO: Start sweeping...
# [2024-05-26 09:25:27] INFO: It took 401.507 seconds to do 500 HBOR sweeps.
# [2024-05-26 09:25:27] INFO: Plaquette = 0.628582
# [2024-05-26 09:25:27] INFO: Polyakov loop = (0.000154205,4.5961e-05)
# [2024-05-26 09:25:27] INFO: Writing conf to disk...
# [2024-05-26 09:25:27] INFO: writeconf_nersc: Writing NERSC configuration ./conf_s060t20_b0637300_a_U000690500
# [2024-05-26 09:25:30] INFO: Calculated checksum: b796b8f1
# [2024-05-26 09:25:34] INFO: Calculated checksum: 47c37221
# [2024-05-26 09:25:34] INFO: Writing RNGSTATE file: ./rand_s060t20_b0637300_a_U000690500
# [2024-05-26 09:25:35] INFO: Writing to disk took 7.82676 seconds
# [2024-05-26 09:25:35] INFO: ======================================================================
# [2024-05-26 09:25:35] INFO: Start sweeping...
# [2024-05-26 09:32:16] INFO: It took 401.5 seconds to do 500 HBOR sweeps.
# [2024-05-26 09:32:16] INFO: Plaquette = 0.628471
# [2024-05-26 09:32:16] INFO: Polyakov loop = (0.000462795,-0.000630186)
# [2024-05-26 09:32:16] INFO: Writing conf to disk...
# [2024-05-26 09:32:16] INFO: writeconf_nersc: Writing NERSC configuration ./conf_s060t20_b0637300_a_U000691000
# [2024-05-26 09:32:19] INFO: Calculated checksum: 336eef9b
# [2024-05-26 09:32:24] INFO: Calculated checksum: 250d8ba1
# [2024-05-26 09:32:24] INFO: Writing RNGSTATE file: ./rand_s060t20_b0637300_a_U000691000
# [2024-05-26 09:32:24] INFO: Writing to disk took 7.62143 seconds
# [2024-05-26 09:32:24] INFO: ======================================================================
# [2024-05-26 09:32:24] INFO: Start sweeping...
# [2024-05-26 09:39:05] INFO: It took 401.501 seconds to do 500 HBOR sweeps.
# [2024-05-26 09:39:05] INFO: Plaquette = 0.628378
# [2024-05-26 09:39:05] INFO: Polyakov loop = (-0.000829392,0.00026867)
# [2024-05-26 09:39:05] INFO: Writing conf to disk...
# [2024-05-26 09:39:05] INFO: writeconf_nersc: Writing NERSC configuration ./conf_s060t20_b0637300_a_U000691500
# [2024-05-26 09:39:08] INFO: Calculated checksum: 963780
# [2024-05-26 09:39:13] INFO: Calculated checksum: 8649fc36
# [2024-05-26 09:39:13] INFO: Writing RNGSTATE file: ./rand_s060t20_b0637300_a_U000691500
# [2024-05-26 09:39:13] INFO: Writing to disk took 7.78228 seconds
# [2024-05-26 09:39:13] INFO: ======================================================================
# [2024-05-26 09:39:13] INFO: Start sweeping...
# [2024-05-26 09:45:55] INFO: It took 401.491 seconds to do 500 HBOR sweeps.
# [2024-05-26 09:45:55] INFO: Plaquette = 0.628515
# [2024-05-26 09:45:55] INFO: Polyakov loop = (-0.000534784,0.000542371)
# [2024-05-26 09:45:55] INFO: Writing conf to disk...
# [2024-05-26 09:45:55] INFO: writeconf_nersc: Writing NERSC configuration ./conf_s060t20_b0637300_a_U000692000
# [2024-05-26 09:45:58] INFO: Calculated checksum: 7e829a2c
# [2024-05-26 09:46:02] INFO: Calculated checksum: 42b0f01b
# [2024-05-26 09:46:02] INFO: Writing RNGSTATE file: ./rand_s060t20_b0637300_a_U000692000
# [2024-05-26 09:46:02] INFO: Writing to disk took 7.80741 seconds
# [2024-05-26 09:46:02] INFO: ======================================================================
# [2024-05-26 09:46:02] INFO: Start sweeping...
# [2024-05-26 09:52:44] INFO: It took 401.496 seconds to do 500 HBOR sweeps.
# [2024-05-26 09:52:44] INFO: Plaquette = 0.628457
# [2024-05-26 09:52:44] INFO: Polyakov loop = (0.000168153,-0.000736325)
# [2024-05-26 09:52:44] INFO: Writing conf to disk...
# [2024-05-26 09:52:44] INFO: writeconf_nersc: Writing NERSC configuration ./conf_s060t20_b0637300_a_U000692500
# [2024-05-26 09:52:47] INFO: Calculated checksum: 9aaa1129
# [2024-05-26 09:52:52] INFO: Calculated checksum: 694e0675
# [2024-05-26 09:52:52] INFO: Writing RNGSTATE file: ./rand_s060t20_b0637300_a_U000692500
# [2024-05-26 09:52:52] INFO: Writing to disk took 8.02548 seconds
# [2024-05-26 09:52:52] INFO: ======================================================================
# [2024-05-26 09:52:52] INFO: Start sweeping...
# [2024-05-26 09:59:34] INFO: It took 401.489 seconds to do 500 HBOR sweeps.
# [2024-05-26 09:59:34] INFO: Plaquette = 0.62852
# [2024-05-26 09:59:34] INFO: Polyakov loop = (-0.000769998,0.000408444)
# [2024-05-26 09:59:34] INFO: Writing conf to disk...
# [2024-05-26 09:59:34] INFO: writeconf_nersc: Writing NERSC configuration ./conf_s060t20_b0637300_a_U000693000
# [2024-05-26 09:59:37] INFO: Calculated checksum: 92d49844
# [2024-05-26 09:59:41] INFO: Calculated checksum: a882eaee
# [2024-05-26 09:59:41] INFO: Writing RNGSTATE file: ./rand_s060t20_b0637300_a_U000693000
# [2024-05-26 09:59:41] INFO: Writing to disk took 7.79587 seconds
# [2024-05-26 09:59:41] INFO: ======================================================================
# [2024-05-26 09:59:41] INFO: Start sweeping...
# [2024-05-26 10:06:23] INFO: It took 401.495 seconds to do 500 HBOR sweeps.
# [2024-05-26 10:06:23] INFO: Plaquette = 0.628438
# [2024-05-26 10:06:23] INFO: Polyakov loop = (-0.000342721,-7.25353e-05)
# [2024-05-26 10:06:23] INFO: Writing conf to disk...
# [2024-05-26 10:06:23] INFO: writeconf_nersc: Writing NERSC configuration ./conf_s060t20_b0637300_a_U000693500
# [2024-05-26 10:06:26] INFO: Calculated checksum: c99cfe97
# [2024-05-26 10:06:31] INFO: Calculated checksum: 7c16ba88
# [2024-05-26 10:06:31] INFO: Writing RNGSTATE file: ./rand_s060t20_b0637300_a_U000693500
# [2024-05-26 10:06:31] INFO: Writing to disk took 7.81753 seconds
# [2024-05-26 10:06:31] INFO: ======================================================================
# [2024-05-26 10:06:31] INFO: Start sweeping...
# [2024-05-26 10:13:12] INFO: It took 401.502 seconds to do 500 HBOR sweeps.
# [2024-05-26 10:13:12] INFO: Plaquette = 0.628518
# [2024-05-26 10:13:12] INFO: Polyakov loop = (-0.00063631,-0.00109584)
# [2024-05-26 10:13:12] INFO: Writing conf to disk...
# [2024-05-26 10:13:12] INFO: writeconf_nersc: Writing NERSC configuration ./conf_s060t20_b0637300_a_U000694000
# [2024-05-26 10:13:15] INFO: Calculated checksum: 840e943f
# [2024-05-26 10:13:20] INFO: Calculated checksum: e984f14a
# [2024-05-26 10:13:20] INFO: Writing RNGSTATE file: ./rand_s060t20_b0637300_a_U000694000
# [2024-05-26 10:13:20] INFO: Writing to disk took 7.80411 seconds
# [2024-05-26 10:13:20] INFO: ======================================================================
# [2024-05-26 10:13:20] INFO: Start sweeping...
# [2024-05-26 10:20:02] INFO: It took 401.494 seconds to do 500 HBOR sweeps.
# [2024-05-26 10:20:02] INFO: Plaquette = 0.628482
# [2024-05-26 10:20:02] INFO: Polyakov loop = (-0.000103889,-0.000415767)
# [2024-05-26 10:20:02] INFO: Writing conf to disk...
# [2024-05-26 10:20:02] INFO: writeconf_nersc: Writing NERSC configuration ./conf_s060t20_b0637300_a_U000694500
# [2024-05-26 10:20:05] INFO: Calculated checksum: ee522252
# [2024-05-26 10:20:09] INFO: Calculated checksum: 71157e72
# [2024-05-26 10:20:09] INFO: Writing RNGSTATE file: ./rand_s060t20_b0637300_a_U000694500
# [2024-05-26 10:20:09] INFO: Writing to disk took 7.76809 seconds
# [2024-05-26 10:20:09] INFO: ======================================================================
# [2024-05-26 10:20:09] INFO: Start sweeping...
# [2024-05-26 10:26:51] INFO: It took 401.505 seconds to do 500 HBOR sweeps.
# [2024-05-26 10:26:51] INFO: Plaquette = 0.628539
# [2024-05-26 10:26:51] INFO: Polyakov loop = (-7.93511e-05,-0.000326069)
# [2024-05-26 10:26:51] INFO: Writing conf to disk...
# [2024-05-26 10:26:51] INFO: writeconf_nersc: Writing NERSC configuration ./conf_s060t20_b0637300_a_U000695000
# [2024-05-26 10:26:54] INFO: Calculated checksum: fd7e79f3
# [2024-05-26 10:26:59] INFO: Calculated checksum: 67eeff1e
# [2024-05-26 10:26:59] INFO: Writing RNGSTATE file: ./rand_s060t20_b0637300_a_U000695000
# [2024-05-26 10:26:59] INFO: Writing to disk took 7.81707 seconds
# [2024-05-26 10:26:59] INFO: ======================================================================
# [2024-05-26 10:26:59] INFO: Start sweeping...
# [2024-05-26 10:33:40] INFO: It took 401.503 seconds to do 500 HBOR sweeps.
# [2024-05-26 10:33:40] INFO: Plaquette = 0.628426
# [2024-05-26 10:33:40] INFO: Polyakov loop = (-0.00026495,0.000857672)
# [2024-05-26 10:33:40] INFO: Writing conf to disk...
# [2024-05-26 10:33:40] INFO: writeconf_nersc: Writing NERSC configuration ./conf_s060t20_b0637300_a_U000695500
# [2024-05-26 10:33:43] INFO: Calculated checksum: 47446a7d
# [2024-05-26 10:33:48] INFO: Calculated checksum: d9b5ca7c
# [2024-05-26 10:33:48] INFO: Writing RNGSTATE file: ./rand_s060t20_b0637300_a_U000695500
# [2024-05-26 10:33:48] INFO: Writing to disk took 7.79636 seconds
# [2024-05-26 10:33:48] INFO: ======================================================================
# [2024-05-26 10:33:48] INFO: Start sweeping...
# [2024-05-26 10:40:30] INFO: It took 401.507 seconds to do 500 HBOR sweeps.
# [2024-05-26 10:40:30] INFO: Plaquette = 0.62845
# [2024-05-26 10:40:30] INFO: Polyakov loop = (-0.000203942,5.63134e-05)
# [2024-05-26 10:40:30] INFO: Writing conf to disk...
# [2024-05-26 10:40:30] INFO: writeconf_nersc: Writing NERSC configuration ./conf_s060t20_b0637300_a_U000696000
# [2024-05-26 10:40:33] INFO: Calculated checksum: 209223c8
# [2024-05-26 10:40:37] INFO: Calculated checksum: 4ba6179b
# [2024-05-26 10:40:37] INFO: Writing RNGSTATE file: ./rand_s060t20_b0637300_a_U000696000
# [2024-05-26 10:40:38] INFO: Writing to disk took 7.85217 seconds
# [2024-05-26 10:40:38] INFO: ======================================================================
# [2024-05-26 10:40:38] INFO: Start sweeping...
# [2024-05-26 10:47:19] INFO: It took 401.498 seconds to do 500 HBOR sweeps.
# [2024-05-26 10:47:19] INFO: Plaquette = 0.628384
# [2024-05-26 10:47:19] INFO: Polyakov loop = (0.000487816,0.000406153)
# [2024-05-26 10:47:19] INFO: Writing conf to disk...
# [2024-05-26 10:47:19] INFO: writeconf_nersc: Writing NERSC configuration ./conf_s060t20_b0637300_a_U000696500
# [2024-05-26 10:47:22] INFO: Calculated checksum: c8890b46
# [2024-05-26 10:47:27] INFO: Calculated checksum: 4beae434
# [2024-05-26 10:47:27] INFO: Writing RNGSTATE file: ./rand_s060t20_b0637300_a_U000696500
# [2024-05-26 10:47:27] INFO: Writing to disk took 7.76518 seconds
# [2024-05-26 10:47:27] INFO: ======================================================================
# [2024-05-26 10:47:27] INFO: Start sweeping...
# [2024-05-26 10:54:08] INFO: It took 401.513 seconds to do 500 HBOR sweeps.
# [2024-05-26 10:54:08] INFO: Plaquette = 0.62844
# [2024-05-26 10:54:08] INFO: Polyakov loop = (0.000550112,0.000369933)
# [2024-05-26 10:54:08] INFO: Writing conf to disk...
# [2024-05-26 10:54:08] INFO: writeconf_nersc: Writing NERSC configuration ./conf_s060t20_b0637300_a_U000697000
# [2024-05-26 10:54:11] INFO: Calculated checksum: e2b79eb9
# [2024-05-26 10:54:16] INFO: Calculated checksum: 811602b9
# [2024-05-26 10:54:16] INFO: Writing RNGSTATE file: ./rand_s060t20_b0637300_a_U000697000
# [2024-05-26 10:54:16] INFO: Writing to disk took 7.7909 seconds
# [2024-05-26 10:54:16] INFO: ======================================================================
# [2024-05-26 10:54:16] INFO: Start sweeping...
# [2024-05-26 11:00:58] INFO: It took 401.511 seconds to do 500 HBOR sweeps.
# [2024-05-26 11:00:58] INFO: Plaquette = 0.628398
# [2024-05-26 11:00:58] INFO: Polyakov loop = (0.000264797,0.00126129)
# [2024-05-26 11:00:58] INFO: Writing conf to disk...
# [2024-05-26 11:00:58] INFO: writeconf_nersc: Writing NERSC configuration ./conf_s060t20_b0637300_a_U000697500
# [2024-05-26 11:01:01] INFO: Calculated checksum: a2485076
# [2024-05-26 11:01:05] INFO: Calculated checksum: df5f1c86
# [2024-05-26 11:01:05] INFO: Writing RNGSTATE file: ./rand_s060t20_b0637300_a_U000697500
# [2024-05-26 11:01:06] INFO: Writing to disk took 7.78964 seconds
# [2024-05-26 11:01:06] INFO: ======================================================================
# [2024-05-26 11:01:06] INFO: Start sweeping...
# [2024-05-26 11:07:47] INFO: It took 401.512 seconds to do 500 HBOR sweeps.
# [2024-05-26 11:07:47] INFO: Plaquette = 0.628472
# [2024-05-26 11:07:47] INFO: Polyakov loop = (0.00051238,-0.000129553)
# [2024-05-26 11:07:47] INFO: Writing conf to disk...
# [2024-05-26 11:07:47] INFO: writeconf_nersc: Writing NERSC configuration ./conf_s060t20_b0637300_a_U000698000
# [2024-05-26 11:07:50] INFO: Calculated checksum: 578a8ee2
# [2024-05-26 11:07:55] INFO: Calculated checksum: a14522b
# [2024-05-26 11:07:55] INFO: Writing RNGSTATE file: ./rand_s060t20_b0637300_a_U000698000
# [2024-05-26 11:07:55] INFO: Writing to disk took 7.82133 seconds
# [2024-05-26 11:07:55] INFO: ======================================================================
# [2024-05-26 11:07:55] INFO: Start sweeping...
# [2024-05-26 11:14:36] INFO: It took 401.494 seconds to do 500 HBOR sweeps.
# [2024-05-26 11:14:36] INFO: Plaquette = 0.628468
# [2024-05-26 11:14:36] INFO: Polyakov loop = (0.000473909,0.00017076)
# [2024-05-26 11:14:36] INFO: Writing conf to disk...
# [2024-05-26 11:14:36] INFO: writeconf_nersc: Writing NERSC configuration ./conf_s060t20_b0637300_a_U000698500
# [2024-05-26 11:14:39] INFO: Calculated checksum: b2216f9b
# [2024-05-26 11:14:44] INFO: Calculated checksum: 58b5991
# [2024-05-26 11:14:44] INFO: Writing RNGSTATE file: ./rand_s060t20_b0637300_a_U000698500
# [2024-05-26 11:14:44] INFO: Writing to disk took 7.78459 seconds
# [2024-05-26 11:14:44] INFO: ======================================================================
# [2024-05-26 11:14:44] INFO: Start sweeping...
# [2024-05-26 11:21:26] INFO: It took 401.506 seconds to do 500 HBOR sweeps.
# [2024-05-26 11:21:26] INFO: Plaquette = 0.628399
# [2024-05-26 11:21:26] INFO: Polyakov loop = (-0.000638932,-0.000825249)
# [2024-05-26 11:21:26] INFO: Writing conf to disk...
# [2024-05-26 11:21:26] INFO: writeconf_nersc: Writing NERSC configuration ./conf_s060t20_b0637300_a_U000699000
# [2024-05-26 11:21:29] INFO: Calculated checksum: 3ba0133d
# [2024-05-26 11:21:34] INFO: Calculated checksum: 1cd8612e
# [2024-05-26 11:21:34] INFO: Writing RNGSTATE file: ./rand_s060t20_b0637300_a_U000699000
# [2024-05-26 11:21:34] INFO: Writing to disk took 7.83355 seconds
# [2024-05-26 11:21:34] INFO: ======================================================================
# [2024-05-26 11:21:34] INFO: Start sweeping...
# [2024-05-26 11:28:15] INFO: It took 401.492 seconds to do 500 HBOR sweeps.
# [2024-05-26 11:28:15] INFO: Plaquette = 0.628501
# [2024-05-26 11:28:15] INFO: Polyakov loop = (0.000403686,0.000683233)
# [2024-05-26 11:28:15] INFO: Writing conf to disk...
# [2024-05-26 11:28:15] INFO: writeconf_nersc: Writing NERSC configuration ./conf_s060t20_b0637300_a_U000699500
# [2024-05-26 11:28:18] INFO: Calculated checksum: ce1dea3e
# [2024-05-26 11:28:23] INFO: Calculated checksum: 80db3dd1
# [2024-05-26 11:28:23] INFO: Writing RNGSTATE file: ./rand_s060t20_b0637300_a_U000699500
# [2024-05-26 11:28:23] INFO: Writing to disk took 7.78687 seconds
# [2024-05-26 11:28:23] INFO: ======================================================================
# [2024-05-26 11:28:23] INFO: Start sweeping...
# [2024-05-26 11:35:05] INFO: It took 401.502 seconds to do 500 HBOR sweeps.
# [2024-05-26 11:35:05] INFO: Plaquette = 0.628486
# [2024-05-26 11:35:05] INFO: Polyakov loop = (-0.000565314,0.00027742)
# [2024-05-26 11:35:05] INFO: Writing conf to disk...
# [2024-05-26 11:35:05] INFO: writeconf_nersc: Writing NERSC configuration ./conf_s060t20_b0637300_a_U000700000
# [2024-05-26 11:35:07] INFO: Calculated checksum: fa492f07
# [2024-05-26 11:35:12] INFO: Calculated checksum: 52de976
# [2024-05-26 11:35:12] INFO: Writing RNGSTATE file: ./rand_s060t20_b0637300_a_U000700000
# [2024-05-26 11:35:12] INFO: Writing to disk took 7.23108 seconds
# [2024-05-26 11:35:12] INFO: Finalizing MPI
