
Currently Loaded Modules:
  1) chpc/1.0      (S)   3) gcc/8.5.0      5) mpich/3.4.2
  2) python/3.10.3       4) cmake/3.26.0   6) cuda/11.6.2 (g)

  Where:
   S:  Module is Sticky, requires --force to unload or purge
   g:  built for GPU

 

# [2024-05-26 15:35:25] INFO: Running SIMULATeQCD
# [2024-05-26 15:35:25] INFO: Git commit version: 43e2518
# [2024-05-26 15:35:25] INFO: Initializing MPI with (1 proc)
# [2024-05-26 15:35:25] INFO: Reading parameters from file :: GenerateQuenched_b6807.param
# [2024-05-26 15:35:25] INFO: # PARAM :: Lattice = 60 60 60 20 
# [2024-05-26 15:35:25] INFO: # PARAM :: Nodes = 1 1 1 1 
# [2024-05-26 15:35:25] INFO: # PARAM :: Topology = 0 0 0 0  (default)
# [2024-05-26 15:35:25] INFO: # PARAM :: beta = 6.807
# [2024-05-26 15:35:25] INFO: # PARAM :: format = nersc
# [2024-05-26 15:35:25] INFO: # PARAM :: endianness = auto
# [2024-05-26 15:35:25] INFO: # PARAM :: conf_nr = 650000
# [2024-05-26 15:35:25] INFO: # PARAM :: stream = a
# [2024-05-26 15:35:25] INFO: # PARAM :: prec_out = 0 (default)
# [2024-05-26 15:35:25] INFO: # PARAM :: measurements_dir = ./ (default)
# [2024-05-26 15:35:25] INFO: # PARAM :: use_unit_conf = 0 (default)
# [2024-05-26 15:35:25] INFO: # PARAM :: output_dir = .
# [2024-05-26 15:35:25] INFO: # PARAM :: nconfs = 100
# [2024-05-26 15:35:25] INFO: # PARAM :: nsweeps_ORperHB = 4
# [2024-05-26 15:35:25] INFO: # PARAM :: nsweeps_HBwithOR = 500
# [2024-05-26 15:35:25] INFO: # PARAM :: prev_conf = conf_s060t20_b0680700_a_U000650000
# [2024-05-26 15:35:25] INFO: # PARAM :: prev_rand = rand_s060t20_b0680700_a_U000650000
# [2024-05-26 15:35:25] INFO: > Running on:
# [2024-05-26 15:35:25] INFO: [Rank 0] > notch088 CPU_20 GPU_86; MPI: world_rank=0, node_rank=0, coord: ( 0 0 0 0 )
# [2024-05-26 15:35:25] INFO: > Is MPI CUDA-aware? @compilation 
# [2024-05-26 15:35:25] INFO: > GPU compute capability: 75
# [2024-05-26 15:35:25] INFO: > Checking support for P2P (Peer-to-Peer) and UVA (Unified Virtual Addressing):
# [2024-05-26 15:35:25] INFO: [Rank 0] > notch088 GPU_86(NVIDIA GeForce RTX 2080 Ti): P2P NO ; UVA YES
# [2024-05-26 15:35:26] INFO: Initialize Indexer with HaloDepth = 1[0;33m[0m
# [2024-05-26 15:35:26] INFO: Resuming previous run.
# [2024-05-26 15:35:26] INFO: readconf_nersc: Reading NERSC configuration conf_s060t20_b0680700_a_U000650000
# [2024-05-26 15:35:36] INFO: Next conf_number will be 650500
# [2024-05-26 15:35:36] INFO: Generating up to 100 confs with a separation of 500 HBOR sweeps (OR/HB = 4) ...
# [2024-05-26 15:35:36] INFO: ======================================================================
# [2024-05-26 15:35:36] INFO: Start sweeping...
# [2024-05-26 15:42:53] INFO: It took 436.591 seconds to do 500 HBOR sweeps.
# [2024-05-26 15:42:53] INFO: Plaquette = 0.659676
# [2024-05-26 15:42:53] INFO: Polyakov loop = (0.00243643,-9.17928e-05)
# [2024-05-26 15:42:53] INFO: Writing conf to disk...
# [2024-05-26 15:42:53] INFO: writeconf_nersc: Writing NERSC configuration ./conf_s060t20_b0680700_a_U000650500
# [2024-05-26 15:42:56] INFO: Calculated checksum: ffc752c5
# [2024-05-26 15:43:00] INFO: Calculated checksum: b0f521bd
# [2024-05-26 15:43:00] INFO: Writing RNGSTATE file: ./rand_s060t20_b0680700_a_U000650500
# [2024-05-26 15:43:01] INFO: Writing to disk took 7.51723 seconds
# [2024-05-26 15:43:01] INFO: ======================================================================
# [2024-05-26 15:43:01] INFO: Start sweeping...
# [2024-05-26 15:50:30] INFO: It took 449.405 seconds to do 500 HBOR sweeps.
# [2024-05-26 15:50:30] INFO: Plaquette = 0.659649
# [2024-05-26 15:50:30] INFO: Polyakov loop = (0.00243081,-3.93065e-05)
# [2024-05-26 15:50:30] INFO: Writing conf to disk...
# [2024-05-26 15:50:30] INFO: writeconf_nersc: Writing NERSC configuration ./conf_s060t20_b0680700_a_U000651000
# [2024-05-26 15:50:33] INFO: Calculated checksum: 6277dece
# [2024-05-26 15:50:37] INFO: Calculated checksum: aa1676c1
# [2024-05-26 15:50:37] INFO: Writing RNGSTATE file: ./rand_s060t20_b0680700_a_U000651000
# [2024-05-26 15:50:38] INFO: Writing to disk took 7.58696 seconds
# [2024-05-26 15:50:38] INFO: ======================================================================
# [2024-05-26 15:50:38] INFO: Start sweeping...
# [2024-05-26 15:58:07] INFO: It took 449.113 seconds to do 500 HBOR sweeps.
# [2024-05-26 15:58:07] INFO: Plaquette = 0.65962
# [2024-05-26 15:58:07] INFO: Polyakov loop = (0.00252794,0.000645155)
# [2024-05-26 15:58:07] INFO: Writing conf to disk...
# [2024-05-26 15:58:07] INFO: writeconf_nersc: Writing NERSC configuration ./conf_s060t20_b0680700_a_U000651500
# [2024-05-26 15:58:10] INFO: Calculated checksum: 3136533e
# [2024-05-26 15:58:14] INFO: Calculated checksum: 78d4a8e3
# [2024-05-26 15:58:14] INFO: Writing RNGSTATE file: ./rand_s060t20_b0680700_a_U000651500
# [2024-05-26 15:58:14] INFO: Writing to disk took 7.58627 seconds
# [2024-05-26 15:58:14] INFO: ======================================================================
# [2024-05-26 15:58:14] INFO: Start sweeping...
# [2024-05-26 16:05:44] INFO: It took 449.582 seconds to do 500 HBOR sweeps.
# [2024-05-26 16:05:44] INFO: Plaquette = 0.659648
# [2024-05-26 16:05:44] INFO: Polyakov loop = (0.00334962,0.000747948)
# [2024-05-26 16:05:44] INFO: Writing conf to disk...
# [2024-05-26 16:05:44] INFO: writeconf_nersc: Writing NERSC configuration ./conf_s060t20_b0680700_a_U000652000
# [2024-05-26 16:05:47] INFO: Calculated checksum: 77bb9a82
# [2024-05-26 16:05:51] INFO: Calculated checksum: 640fbedb
# [2024-05-26 16:05:51] INFO: Writing RNGSTATE file: ./rand_s060t20_b0680700_a_U000652000
# [2024-05-26 16:05:51] INFO: Writing to disk took 7.49694 seconds
# [2024-05-26 16:05:51] INFO: ======================================================================
# [2024-05-26 16:05:51] INFO: Start sweeping...
# [2024-05-26 16:13:22] INFO: It took 450.248 seconds to do 500 HBOR sweeps.
# [2024-05-26 16:13:22] INFO: Plaquette = 0.659707
# [2024-05-26 16:13:22] INFO: Polyakov loop = (0.00120514,0.000458114)
# [2024-05-26 16:13:22] INFO: Writing conf to disk...
# [2024-05-26 16:13:22] INFO: writeconf_nersc: Writing NERSC configuration ./conf_s060t20_b0680700_a_U000652500
# [2024-05-26 16:13:25] INFO: Calculated checksum: 77403a56
# [2024-05-26 16:13:29] INFO: Calculated checksum: 4674ad39
# [2024-05-26 16:13:29] INFO: Writing RNGSTATE file: ./rand_s060t20_b0680700_a_U000652500
# [2024-05-26 16:13:29] INFO: Writing to disk took 7.47686 seconds
# [2024-05-26 16:13:29] INFO: ======================================================================
# [2024-05-26 16:13:29] INFO: Start sweeping...
# [2024-05-26 16:20:59] INFO: It took 449.718 seconds to do 500 HBOR sweeps.
# [2024-05-26 16:20:59] INFO: Plaquette = 0.659792
# [2024-05-26 16:20:59] INFO: Polyakov loop = (0.00173021,0.000260042)
# [2024-05-26 16:20:59] INFO: Writing conf to disk...
# [2024-05-26 16:20:59] INFO: writeconf_nersc: Writing NERSC configuration ./conf_s060t20_b0680700_a_U000653000
# [2024-05-26 16:21:02] INFO: Calculated checksum: e5250c2d
# [2024-05-26 16:21:06] INFO: Calculated checksum: 76c2f859
# [2024-05-26 16:21:06] INFO: Writing RNGSTATE file: ./rand_s060t20_b0680700_a_U000653000
# [2024-05-26 16:21:07] INFO: Writing to disk took 7.56878 seconds
# [2024-05-26 16:21:07] INFO: ======================================================================
# [2024-05-26 16:21:07] INFO: Start sweeping...
# [2024-05-26 16:28:36] INFO: It took 449.796 seconds to do 500 HBOR sweeps.
# [2024-05-26 16:28:36] INFO: Plaquette = 0.659688
# [2024-05-26 16:28:36] INFO: Polyakov loop = (0.00215206,-0.000755921)
# [2024-05-26 16:28:36] INFO: Writing conf to disk...
# [2024-05-26 16:28:36] INFO: writeconf_nersc: Writing NERSC configuration ./conf_s060t20_b0680700_a_U000653500
# [2024-05-26 16:28:39] INFO: Calculated checksum: 2ea36b9a
# [2024-05-26 16:28:44] INFO: Calculated checksum: 32f136e
# [2024-05-26 16:28:44] INFO: Writing RNGSTATE file: ./rand_s060t20_b0680700_a_U000653500
# [2024-05-26 16:28:44] INFO: Writing to disk took 7.5596 seconds
# [2024-05-26 16:28:44] INFO: ======================================================================
# [2024-05-26 16:28:44] INFO: Start sweeping...
# [2024-05-26 16:36:16] INFO: It took 451.623 seconds to do 500 HBOR sweeps.
# [2024-05-26 16:36:16] INFO: Plaquette = 0.65969
# [2024-05-26 16:36:16] INFO: Polyakov loop = (0.0034577,-8.16632e-06)
# [2024-05-26 16:36:16] INFO: Writing conf to disk...
# [2024-05-26 16:36:16] INFO: writeconf_nersc: Writing NERSC configuration ./conf_s060t20_b0680700_a_U000654000
# [2024-05-26 16:36:19] INFO: Calculated checksum: 937161a2
# [2024-05-26 16:36:23] INFO: Calculated checksum: 7ba04ca3
# [2024-05-26 16:36:23] INFO: Writing RNGSTATE file: ./rand_s060t20_b0680700_a_U000654000
# [2024-05-26 16:36:23] INFO: Writing to disk took 7.53592 seconds
# [2024-05-26 16:36:23] INFO: ======================================================================
# [2024-05-26 16:36:23] INFO: Start sweeping...
# [2024-05-26 16:43:54] INFO: It took 450.767 seconds to do 500 HBOR sweeps.
# [2024-05-26 16:43:54] INFO: Plaquette = 0.659627
# [2024-05-26 16:43:54] INFO: Polyakov loop = (0.00197993,-0.000318561)
# [2024-05-26 16:43:54] INFO: Writing conf to disk...
# [2024-05-26 16:43:54] INFO: writeconf_nersc: Writing NERSC configuration ./conf_s060t20_b0680700_a_U000654500
# [2024-05-26 16:43:57] INFO: Calculated checksum: ade3405b
# [2024-05-26 16:44:01] INFO: Calculated checksum: 4aed52dc
# [2024-05-26 16:44:01] INFO: Writing RNGSTATE file: ./rand_s060t20_b0680700_a_U000654500
# [2024-05-26 16:44:02] INFO: Writing to disk took 7.48177 seconds
# [2024-05-26 16:44:02] INFO: ======================================================================
# [2024-05-26 16:44:02] INFO: Start sweeping...
# [2024-05-26 16:51:32] INFO: It took 450.329 seconds to do 500 HBOR sweeps.
# [2024-05-26 16:51:32] INFO: Plaquette = 0.65966
# [2024-05-26 16:51:32] INFO: Polyakov loop = (0.00247689,-7.43507e-05)
# [2024-05-26 16:51:32] INFO: Writing conf to disk...
# [2024-05-26 16:51:32] INFO: writeconf_nersc: Writing NERSC configuration ./conf_s060t20_b0680700_a_U000655000
# [2024-05-26 16:51:35] INFO: Calculated checksum: 5f08497c
# [2024-05-26 16:51:39] INFO: Calculated checksum: b5adb8d7
# [2024-05-26 16:51:39] INFO: Writing RNGSTATE file: ./rand_s060t20_b0680700_a_U000655000
# [2024-05-26 16:51:39] INFO: Writing to disk took 7.52139 seconds
# [2024-05-26 16:51:39] INFO: ======================================================================
# [2024-05-26 16:51:39] INFO: Start sweeping...
# [2024-05-26 16:59:10] INFO: It took 450.98 seconds to do 500 HBOR sweeps.
# [2024-05-26 16:59:10] INFO: Plaquette = 0.659596
# [2024-05-26 16:59:10] INFO: Polyakov loop = (0.00214128,0.000176045)
# [2024-05-26 16:59:10] INFO: Writing conf to disk...
# [2024-05-26 16:59:10] INFO: writeconf_nersc: Writing NERSC configuration ./conf_s060t20_b0680700_a_U000655500
# [2024-05-26 16:59:13] INFO: Calculated checksum: 29c34f03
# [2024-05-26 16:59:18] INFO: Calculated checksum: 49c8a4da
# [2024-05-26 16:59:18] INFO: Writing RNGSTATE file: ./rand_s060t20_b0680700_a_U000655500
# [2024-05-26 16:59:18] INFO: Writing to disk took 7.59504 seconds
# [2024-05-26 16:59:18] INFO: ======================================================================
# [2024-05-26 16:59:18] INFO: Start sweeping...
# [2024-05-26 17:06:51] INFO: It took 452.464 seconds to do 500 HBOR sweeps.
# [2024-05-26 17:06:51] INFO: Plaquette = 0.659662
# [2024-05-26 17:06:51] INFO: Polyakov loop = (0.000984123,-0.000142931)
# [2024-05-26 17:06:51] INFO: Writing conf to disk...
# [2024-05-26 17:06:51] INFO: writeconf_nersc: Writing NERSC configuration ./conf_s060t20_b0680700_a_U000656000
# [2024-05-26 17:06:53] INFO: Calculated checksum: 94d76d1b
# [2024-05-26 17:06:58] INFO: Calculated checksum: f71314ed
# [2024-05-26 17:06:58] INFO: Writing RNGSTATE file: ./rand_s060t20_b0680700_a_U000656000
# [2024-05-26 17:06:58] INFO: Writing to disk took 7.47675 seconds
# [2024-05-26 17:06:58] INFO: ======================================================================
# [2024-05-26 17:06:58] INFO: Start sweeping...
# [2024-05-26 17:14:28] INFO: It took 450.385 seconds to do 500 HBOR sweeps.
# [2024-05-26 17:14:28] INFO: Plaquette = 0.659623
# [2024-05-26 17:14:28] INFO: Polyakov loop = (0.00292572,0.00066682)
# [2024-05-26 17:14:28] INFO: Writing conf to disk...
# [2024-05-26 17:14:28] INFO: writeconf_nersc: Writing NERSC configuration ./conf_s060t20_b0680700_a_U000656500
# [2024-05-26 17:14:31] INFO: Calculated checksum: 4981c8cc
# [2024-05-26 17:14:36] INFO: Calculated checksum: 74dc4766
# [2024-05-26 17:14:36] INFO: Writing RNGSTATE file: ./rand_s060t20_b0680700_a_U000656500
# [2024-05-26 17:14:36] INFO: Writing to disk took 7.55192 seconds
# [2024-05-26 17:14:36] INFO: ======================================================================
# [2024-05-26 17:14:36] INFO: Start sweeping...
# [2024-05-26 17:22:07] INFO: It took 450.675 seconds to do 500 HBOR sweeps.
# [2024-05-26 17:22:07] INFO: Plaquette = 0.659671
# [2024-05-26 17:22:07] INFO: Polyakov loop = (0.0027008,-0.000629009)
# [2024-05-26 17:22:07] INFO: Writing conf to disk...
# [2024-05-26 17:22:07] INFO: writeconf_nersc: Writing NERSC configuration ./conf_s060t20_b0680700_a_U000657000
# [2024-05-26 17:22:10] INFO: Calculated checksum: 13070c67
# [2024-05-26 17:22:14] INFO: Calculated checksum: ab6fabec
# [2024-05-26 17:22:14] INFO: Writing RNGSTATE file: ./rand_s060t20_b0680700_a_U000657000
# [2024-05-26 17:22:14] INFO: Writing to disk took 7.54272 seconds
# [2024-05-26 17:22:14] INFO: ======================================================================
# [2024-05-26 17:22:14] INFO: Start sweeping...
# [2024-05-26 17:29:45] INFO: It took 450.268 seconds to do 500 HBOR sweeps.
# [2024-05-26 17:29:45] INFO: Plaquette = 0.659663
# [2024-05-26 17:29:45] INFO: Polyakov loop = (0.00314558,-0.000121187)
# [2024-05-26 17:29:45] INFO: Writing conf to disk...
# [2024-05-26 17:29:45] INFO: writeconf_nersc: Writing NERSC configuration ./conf_s060t20_b0680700_a_U000657500
# [2024-05-26 17:29:47] INFO: Calculated checksum: 897a6ae2
# [2024-05-26 17:29:52] INFO: Calculated checksum: 604bef5f
# [2024-05-26 17:29:52] INFO: Writing RNGSTATE file: ./rand_s060t20_b0680700_a_U000657500
# [2024-05-26 17:29:52] INFO: Writing to disk took 7.55921 seconds
# [2024-05-26 17:29:52] INFO: ======================================================================
# [2024-05-26 17:29:52] INFO: Start sweeping...
# [2024-05-26 17:37:23] INFO: It took 450.932 seconds to do 500 HBOR sweeps.
# [2024-05-26 17:37:23] INFO: Plaquette = 0.659601
# [2024-05-26 17:37:23] INFO: Polyakov loop = (0.00233378,-2.86433e-05)
# [2024-05-26 17:37:23] INFO: Writing conf to disk...
# [2024-05-26 17:37:23] INFO: writeconf_nersc: Writing NERSC configuration ./conf_s060t20_b0680700_a_U000658000
# [2024-05-26 17:37:26] INFO: Calculated checksum: eb73d965
# [2024-05-26 17:37:31] INFO: Calculated checksum: fb6d39b1
# [2024-05-26 17:37:31] INFO: Writing RNGSTATE file: ./rand_s060t20_b0680700_a_U000658000
# [2024-05-26 17:37:31] INFO: Writing to disk took 7.636 seconds
# [2024-05-26 17:37:31] INFO: ======================================================================
# [2024-05-26 17:37:31] INFO: Start sweeping...
# [2024-05-26 17:45:03] INFO: It took 452.09 seconds to do 500 HBOR sweeps.
# [2024-05-26 17:45:03] INFO: Plaquette = 0.659657
# [2024-05-26 17:45:03] INFO: Polyakov loop = (0.00235962,-0.000130119)
# [2024-05-26 17:45:03] INFO: Writing conf to disk...
# [2024-05-26 17:45:03] INFO: writeconf_nersc: Writing NERSC configuration ./conf_s060t20_b0680700_a_U000658500
# [2024-05-26 17:45:06] INFO: Calculated checksum: 60d035b0
# [2024-05-26 17:45:10] INFO: Calculated checksum: 5ce59d7d
# [2024-05-26 17:45:10] INFO: Writing RNGSTATE file: ./rand_s060t20_b0680700_a_U000658500
# [2024-05-26 17:45:11] INFO: Writing to disk took 7.6136 seconds
# [2024-05-26 17:45:11] INFO: ======================================================================
# [2024-05-26 17:45:11] INFO: Start sweeping...
# [2024-05-26 17:52:42] INFO: It took 451.63 seconds to do 500 HBOR sweeps.
# [2024-05-26 17:52:42] INFO: Plaquette = 0.659733
# [2024-05-26 17:52:42] INFO: Polyakov loop = (0.00153132,-0.000536481)
# [2024-05-26 17:52:42] INFO: Writing conf to disk...
# [2024-05-26 17:52:42] INFO: writeconf_nersc: Writing NERSC configuration ./conf_s060t20_b0680700_a_U000659000
# [2024-05-26 17:52:45] INFO: Calculated checksum: 4c828116
# [2024-05-26 17:52:50] INFO: Calculated checksum: 44463fb4
# [2024-05-26 17:52:50] INFO: Writing RNGSTATE file: ./rand_s060t20_b0680700_a_U000659000
# [2024-05-26 17:52:50] INFO: Writing to disk took 7.48407 seconds
# [2024-05-26 17:52:50] INFO: ======================================================================
# [2024-05-26 17:52:50] INFO: Start sweeping...
# [2024-05-26 18:00:21] INFO: It took 450.904 seconds to do 500 HBOR sweeps.
# [2024-05-26 18:00:21] INFO: Plaquette = 0.659688
# [2024-05-26 18:00:21] INFO: Polyakov loop = (0.0018501,-0.00017056)
# [2024-05-26 18:00:21] INFO: Writing conf to disk...
# [2024-05-26 18:00:21] INFO: writeconf_nersc: Writing NERSC configuration ./conf_s060t20_b0680700_a_U000659500
# [2024-05-26 18:00:24] INFO: Calculated checksum: f29682a2
# [2024-05-26 18:00:28] INFO: Calculated checksum: 3927cef1
# [2024-05-26 18:00:28] INFO: Writing RNGSTATE file: ./rand_s060t20_b0680700_a_U000659500
# [2024-05-26 18:00:28] INFO: Writing to disk took 7.49169 seconds
# [2024-05-26 18:00:28] INFO: ======================================================================
# [2024-05-26 18:00:28] INFO: Start sweeping...
# [2024-05-26 18:07:58] INFO: It took 449.982 seconds to do 500 HBOR sweeps.
# [2024-05-26 18:07:58] INFO: Plaquette = 0.659762
# [2024-05-26 18:07:58] INFO: Polyakov loop = (0.00325327,0.00117766)
# [2024-05-26 18:07:58] INFO: Writing conf to disk...
# [2024-05-26 18:07:58] INFO: writeconf_nersc: Writing NERSC configuration ./conf_s060t20_b0680700_a_U000660000
# [2024-05-26 18:08:01] INFO: Calculated checksum: 39574508
# [2024-05-26 18:08:06] INFO: Calculated checksum: ebf07085
# [2024-05-26 18:08:06] INFO: Writing RNGSTATE file: ./rand_s060t20_b0680700_a_U000660000
# [2024-05-26 18:08:06] INFO: Writing to disk took 7.45632 seconds
# [2024-05-26 18:08:06] INFO: ======================================================================
# [2024-05-26 18:08:06] INFO: Start sweeping...
# [2024-05-26 18:15:35] INFO: It took 449.507 seconds to do 500 HBOR sweeps.
# [2024-05-26 18:15:35] INFO: Plaquette = 0.659744
# [2024-05-26 18:15:35] INFO: Polyakov loop = (0.00219831,-9.06504e-05)
# [2024-05-26 18:15:35] INFO: Writing conf to disk...
# [2024-05-26 18:15:35] INFO: writeconf_nersc: Writing NERSC configuration ./conf_s060t20_b0680700_a_U000660500
# [2024-05-26 18:15:38] INFO: Calculated checksum: 4017208a
# [2024-05-26 18:15:43] INFO: Calculated checksum: 7c3aab03
# [2024-05-26 18:15:43] INFO: Writing RNGSTATE file: ./rand_s060t20_b0680700_a_U000660500
# [2024-05-26 18:15:43] INFO: Writing to disk took 7.72421 seconds
# [2024-05-26 18:15:43] INFO: ======================================================================
# [2024-05-26 18:15:43] INFO: Start sweeping...
# [2024-05-26 18:23:13] INFO: It took 449.588 seconds to do 500 HBOR sweeps.
# [2024-05-26 18:23:13] INFO: Plaquette = 0.659611
# [2024-05-26 18:23:13] INFO: Polyakov loop = (0.00219052,0.000424536)
# [2024-05-26 18:23:13] INFO: Writing conf to disk...
# [2024-05-26 18:23:13] INFO: writeconf_nersc: Writing NERSC configuration ./conf_s060t20_b0680700_a_U000661000
# [2024-05-26 18:23:15] INFO: Calculated checksum: c68a3684
# [2024-05-26 18:23:20] INFO: Calculated checksum: 41a583fb
# [2024-05-26 18:23:20] INFO: Writing RNGSTATE file: ./rand_s060t20_b0680700_a_U000661000
# [2024-05-26 18:23:20] INFO: Writing to disk took 7.57499 seconds
# [2024-05-26 18:23:20] INFO: ======================================================================
# [2024-05-26 18:23:20] INFO: Start sweeping...
# [2024-05-26 18:30:50] INFO: It took 449.987 seconds to do 500 HBOR sweeps.
# [2024-05-26 18:30:50] INFO: Plaquette = 0.65973
# [2024-05-26 18:30:50] INFO: Polyakov loop = (0.00204961,-0.000311871)
# [2024-05-26 18:30:50] INFO: Writing conf to disk...
# [2024-05-26 18:30:50] INFO: writeconf_nersc: Writing NERSC configuration ./conf_s060t20_b0680700_a_U000661500
# [2024-05-26 18:30:53] INFO: Calculated checksum: 12f8ac1b
# [2024-05-26 18:30:58] INFO: Calculated checksum: 640f6ed4
# [2024-05-26 18:30:58] INFO: Writing RNGSTATE file: ./rand_s060t20_b0680700_a_U000661500
# [2024-05-26 18:30:58] INFO: Writing to disk took 7.45039 seconds
# [2024-05-26 18:30:58] INFO: ======================================================================
# [2024-05-26 18:30:58] INFO: Start sweeping...
# [2024-05-26 18:38:29] INFO: It took 451.174 seconds to do 500 HBOR sweeps.
# [2024-05-26 18:38:29] INFO: Plaquette = 0.659646
# [2024-05-26 18:38:29] INFO: Polyakov loop = (0.00314171,-0.00017097)
# [2024-05-26 18:38:29] INFO: Writing conf to disk...
# [2024-05-26 18:38:29] INFO: writeconf_nersc: Writing NERSC configuration ./conf_s060t20_b0680700_a_U000662000
# [2024-05-26 18:38:32] INFO: Calculated checksum: 445a40ac
# [2024-05-26 18:38:36] INFO: Calculated checksum: d656d9d3
# [2024-05-26 18:38:36] INFO: Writing RNGSTATE file: ./rand_s060t20_b0680700_a_U000662000
# [2024-05-26 18:38:37] INFO: Writing to disk took 7.58509 seconds
# [2024-05-26 18:38:37] INFO: ======================================================================
# [2024-05-26 18:38:37] INFO: Start sweeping...
# [2024-05-26 18:46:09] INFO: It took 452.185 seconds to do 500 HBOR sweeps.
# [2024-05-26 18:46:09] INFO: Plaquette = 0.659668
# [2024-05-26 18:46:09] INFO: Polyakov loop = (0.00150422,-0.000453891)
# [2024-05-26 18:46:09] INFO: Writing conf to disk...
# [2024-05-26 18:46:09] INFO: writeconf_nersc: Writing NERSC configuration ./conf_s060t20_b0680700_a_U000662500
# [2024-05-26 18:46:12] INFO: Calculated checksum: 1fd8ba9f
# [2024-05-26 18:46:16] INFO: Calculated checksum: f14560d8
# [2024-05-26 18:46:16] INFO: Writing RNGSTATE file: ./rand_s060t20_b0680700_a_U000662500
# [2024-05-26 18:46:16] INFO: Writing to disk took 7.47857 seconds
# [2024-05-26 18:46:16] INFO: ======================================================================
# [2024-05-26 18:46:16] INFO: Start sweeping...
# [2024-05-26 18:53:49] INFO: It took 453.202 seconds to do 500 HBOR sweeps.
# [2024-05-26 18:53:49] INFO: Plaquette = 0.659656
# [2024-05-26 18:53:49] INFO: Polyakov loop = (0.0025076,-0.000480641)
# [2024-05-26 18:53:49] INFO: Writing conf to disk...
# [2024-05-26 18:53:49] INFO: writeconf_nersc: Writing NERSC configuration ./conf_s060t20_b0680700_a_U000663000
# [2024-05-26 18:53:52] INFO: Calculated checksum: 67bca678
# [2024-05-26 18:53:57] INFO: Calculated checksum: 1d012170
# [2024-05-26 18:53:57] INFO: Writing RNGSTATE file: ./rand_s060t20_b0680700_a_U000663000
# [2024-05-26 18:53:57] INFO: Writing to disk took 7.60304 seconds
# [2024-05-26 18:53:57] INFO: ======================================================================
# [2024-05-26 18:53:57] INFO: Start sweeping...
# [2024-05-26 19:01:30] INFO: It took 452.729 seconds to do 500 HBOR sweeps.
# [2024-05-26 19:01:30] INFO: Plaquette = 0.659662
# [2024-05-26 19:01:30] INFO: Polyakov loop = (0.0031683,0.000556205)
# [2024-05-26 19:01:30] INFO: Writing conf to disk...
# [2024-05-26 19:01:30] INFO: writeconf_nersc: Writing NERSC configuration ./conf_s060t20_b0680700_a_U000663500
# [2024-05-26 19:01:33] INFO: Calculated checksum: b8c5591a
# [2024-05-26 19:01:37] INFO: Calculated checksum: cf6afc18
# [2024-05-26 19:01:37] INFO: Writing RNGSTATE file: ./rand_s060t20_b0680700_a_U000663500
# [2024-05-26 19:01:38] INFO: Writing to disk took 7.66816 seconds
# [2024-05-26 19:01:38] INFO: ======================================================================
# [2024-05-26 19:01:38] INFO: Start sweeping...
# [2024-05-26 19:09:08] INFO: It took 450.885 seconds to do 500 HBOR sweeps.
# [2024-05-26 19:09:08] INFO: Plaquette = 0.659692
# [2024-05-26 19:09:08] INFO: Polyakov loop = (0.00275196,7.7963e-05)
# [2024-05-26 19:09:08] INFO: Writing conf to disk...
# [2024-05-26 19:09:08] INFO: writeconf_nersc: Writing NERSC configuration ./conf_s060t20_b0680700_a_U000664000
# [2024-05-26 19:09:11] INFO: Calculated checksum: 7b114039
# [2024-05-26 19:09:16] INFO: Calculated checksum: 8d89c4b8
# [2024-05-26 19:09:16] INFO: Writing RNGSTATE file: ./rand_s060t20_b0680700_a_U000664000
# [2024-05-26 19:09:16] INFO: Writing to disk took 7.61655 seconds
# [2024-05-26 19:09:16] INFO: ======================================================================
# [2024-05-26 19:09:16] INFO: Start sweeping...
# [2024-05-26 19:16:48] INFO: It took 451.91 seconds to do 500 HBOR sweeps.
# [2024-05-26 19:16:48] INFO: Plaquette = 0.659623
# [2024-05-26 19:16:48] INFO: Polyakov loop = (0.0024211,0.000797992)
# [2024-05-26 19:16:48] INFO: Writing conf to disk...
# [2024-05-26 19:16:48] INFO: writeconf_nersc: Writing NERSC configuration ./conf_s060t20_b0680700_a_U000664500
# [2024-05-26 19:16:51] INFO: Calculated checksum: 4e41ae91
# [2024-05-26 19:16:56] INFO: Calculated checksum: b6475bf
# [2024-05-26 19:16:56] INFO: Writing RNGSTATE file: ./rand_s060t20_b0680700_a_U000664500
# [2024-05-26 19:16:56] INFO: Writing to disk took 7.64742 seconds
# [2024-05-26 19:16:56] INFO: ======================================================================
# [2024-05-26 19:16:56] INFO: Start sweeping...
# [2024-05-26 19:24:28] INFO: It took 452.378 seconds to do 500 HBOR sweeps.
# [2024-05-26 19:24:28] INFO: Plaquette = 0.659679
# [2024-05-26 19:24:28] INFO: Polyakov loop = (0.00252799,0.000470203)
# [2024-05-26 19:24:28] INFO: Writing conf to disk...
# [2024-05-26 19:24:28] INFO: writeconf_nersc: Writing NERSC configuration ./conf_s060t20_b0680700_a_U000665000
# [2024-05-26 19:24:31] INFO: Calculated checksum: 6d143a2d
# [2024-05-26 19:24:36] INFO: Calculated checksum: 2af4c32d
# [2024-05-26 19:24:36] INFO: Writing RNGSTATE file: ./rand_s060t20_b0680700_a_U000665000
# [2024-05-26 19:24:36] INFO: Writing to disk took 7.56308 seconds
# [2024-05-26 19:24:36] INFO: ======================================================================
# [2024-05-26 19:24:36] INFO: Start sweeping...
# [2024-05-26 19:32:08] INFO: It took 452.466 seconds to do 500 HBOR sweeps.
# [2024-05-26 19:32:08] INFO: Plaquette = 0.65966
# [2024-05-26 19:32:08] INFO: Polyakov loop = (0.00141734,-8.26132e-06)
# [2024-05-26 19:32:08] INFO: Writing conf to disk...
# [2024-05-26 19:32:08] INFO: writeconf_nersc: Writing NERSC configuration ./conf_s060t20_b0680700_a_U000665500
# [2024-05-26 19:32:11] INFO: Calculated checksum: e14d994f
# [2024-05-26 19:32:16] INFO: Calculated checksum: 3fdc83e7
# [2024-05-26 19:32:16] INFO: Writing RNGSTATE file: ./rand_s060t20_b0680700_a_U000665500
# [2024-05-26 19:32:16] INFO: Writing to disk took 7.71112 seconds
# [2024-05-26 19:32:16] INFO: ======================================================================
# [2024-05-26 19:32:16] INFO: Start sweeping...
# [2024-05-26 19:39:48] INFO: It took 451.672 seconds to do 500 HBOR sweeps.
# [2024-05-26 19:39:48] INFO: Plaquette = 0.659586
# [2024-05-26 19:39:48] INFO: Polyakov loop = (0.00361289,-0.000368082)
# [2024-05-26 19:39:48] INFO: Writing conf to disk...
# [2024-05-26 19:39:48] INFO: writeconf_nersc: Writing NERSC configuration ./conf_s060t20_b0680700_a_U000666000
# [2024-05-26 19:39:51] INFO: Calculated checksum: 7e438189
# [2024-05-26 19:39:55] INFO: Calculated checksum: 6c890308
# [2024-05-26 19:39:55] INFO: Writing RNGSTATE file: ./rand_s060t20_b0680700_a_U000666000
# [2024-05-26 19:39:55] INFO: Writing to disk took 7.59867 seconds
# [2024-05-26 19:39:55] INFO: ======================================================================
# [2024-05-26 19:39:55] INFO: Start sweeping...
# [2024-05-26 19:47:27] INFO: It took 452.125 seconds to do 500 HBOR sweeps.
# [2024-05-26 19:47:27] INFO: Plaquette = 0.659671
# [2024-05-26 19:47:27] INFO: Polyakov loop = (0.00278844,-9.60846e-05)
# [2024-05-26 19:47:27] INFO: Writing conf to disk...
# [2024-05-26 19:47:27] INFO: writeconf_nersc: Writing NERSC configuration ./conf_s060t20_b0680700_a_U000666500
# [2024-05-26 19:47:30] INFO: Calculated checksum: d507996f
# [2024-05-26 19:47:35] INFO: Calculated checksum: c8306d7c
# [2024-05-26 19:47:35] INFO: Writing RNGSTATE file: ./rand_s060t20_b0680700_a_U000666500
# [2024-05-26 19:47:35] INFO: Writing to disk took 7.9256 seconds
# [2024-05-26 19:47:35] INFO: ======================================================================
# [2024-05-26 19:47:35] INFO: Start sweeping...
# [2024-05-26 19:55:06] INFO: It took 450.901 seconds to do 500 HBOR sweeps.
# [2024-05-26 19:55:06] INFO: Plaquette = 0.659628
# [2024-05-26 19:55:06] INFO: Polyakov loop = (0.00186776,-0.000739911)
# [2024-05-26 19:55:06] INFO: Writing conf to disk...
# [2024-05-26 19:55:06] INFO: writeconf_nersc: Writing NERSC configuration ./conf_s060t20_b0680700_a_U000667000
# [2024-05-26 19:55:09] INFO: Calculated checksum: 11a5518a
# [2024-05-26 19:55:14] INFO: Calculated checksum: ddf2d5cc
# [2024-05-26 19:55:14] INFO: Writing RNGSTATE file: ./rand_s060t20_b0680700_a_U000667000
# [2024-05-26 19:55:14] INFO: Writing to disk took 7.5722 seconds
# [2024-05-26 19:55:14] INFO: ======================================================================
# [2024-05-26 19:55:14] INFO: Start sweeping...
# [2024-05-26 20:02:45] INFO: It took 450.628 seconds to do 500 HBOR sweeps.
# [2024-05-26 20:02:45] INFO: Plaquette = 0.659726
# [2024-05-26 20:02:45] INFO: Polyakov loop = (0.00167899,0.000469096)
# [2024-05-26 20:02:45] INFO: Writing conf to disk...
# [2024-05-26 20:02:45] INFO: writeconf_nersc: Writing NERSC configuration ./conf_s060t20_b0680700_a_U000667500
# [2024-05-26 20:02:47] INFO: Calculated checksum: 5ff45530
# [2024-05-26 20:02:52] INFO: Calculated checksum: 83afc4dc
# [2024-05-26 20:02:52] INFO: Writing RNGSTATE file: ./rand_s060t20_b0680700_a_U000667500
# [2024-05-26 20:02:52] INFO: Writing to disk took 7.59556 seconds
# [2024-05-26 20:02:52] INFO: ======================================================================
# [2024-05-26 20:02:52] INFO: Start sweeping...
# [2024-05-26 20:10:24] INFO: It took 452.136 seconds to do 500 HBOR sweeps.
# [2024-05-26 20:10:24] INFO: Plaquette = 0.659681
# [2024-05-26 20:10:24] INFO: Polyakov loop = (0.00232533,0.000156037)
# [2024-05-26 20:10:24] INFO: Writing conf to disk...
# [2024-05-26 20:10:24] INFO: writeconf_nersc: Writing NERSC configuration ./conf_s060t20_b0680700_a_U000668000
# [2024-05-26 20:10:27] INFO: Calculated checksum: c271145b
# [2024-05-26 20:10:32] INFO: Calculated checksum: 5b5065b
# [2024-05-26 20:10:32] INFO: Writing RNGSTATE file: ./rand_s060t20_b0680700_a_U000668000
# [2024-05-26 20:10:32] INFO: Writing to disk took 7.58721 seconds
# [2024-05-26 20:10:32] INFO: ======================================================================
# [2024-05-26 20:10:32] INFO: Start sweeping...
# [2024-05-26 20:18:03] INFO: It took 451.307 seconds to do 500 HBOR sweeps.
# [2024-05-26 20:18:03] INFO: Plaquette = 0.659637
# [2024-05-26 20:18:03] INFO: Polyakov loop = (0.0025856,-0.000783324)
# [2024-05-26 20:18:03] INFO: Writing conf to disk...
# [2024-05-26 20:18:03] INFO: writeconf_nersc: Writing NERSC configuration ./conf_s060t20_b0680700_a_U000668500
# [2024-05-26 20:18:06] INFO: Calculated checksum: e96de9b
# [2024-05-26 20:18:11] INFO: Calculated checksum: 9c235057
# [2024-05-26 20:18:11] INFO: Writing RNGSTATE file: ./rand_s060t20_b0680700_a_U000668500
# [2024-05-26 20:18:11] INFO: Writing to disk took 7.5523 seconds
# [2024-05-26 20:18:11] INFO: ======================================================================
# [2024-05-26 20:18:11] INFO: Start sweeping...
# [2024-05-26 20:25:43] INFO: It took 452.202 seconds to do 500 HBOR sweeps.
# [2024-05-26 20:25:43] INFO: Plaquette = 0.659586
# [2024-05-26 20:25:43] INFO: Polyakov loop = (0.00237915,-0.000191514)
# [2024-05-26 20:25:43] INFO: Writing conf to disk...
# [2024-05-26 20:25:43] INFO: writeconf_nersc: Writing NERSC configuration ./conf_s060t20_b0680700_a_U000669000
# [2024-05-26 20:25:46] INFO: Calculated checksum: d2b74244
# [2024-05-26 20:25:51] INFO: Calculated checksum: 77012834
# [2024-05-26 20:25:51] INFO: Writing RNGSTATE file: ./rand_s060t20_b0680700_a_U000669000
# [2024-05-26 20:25:51] INFO: Writing to disk took 7.66371 seconds
# [2024-05-26 20:25:51] INFO: ======================================================================
# [2024-05-26 20:25:51] INFO: Start sweeping...
# [2024-05-26 20:33:23] INFO: It took 452.216 seconds to do 500 HBOR sweeps.
# [2024-05-26 20:33:23] INFO: Plaquette = 0.659603
# [2024-05-26 20:33:23] INFO: Polyakov loop = (0.00175497,-0.000861255)
# [2024-05-26 20:33:23] INFO: Writing conf to disk...
# [2024-05-26 20:33:23] INFO: writeconf_nersc: Writing NERSC configuration ./conf_s060t20_b0680700_a_U000669500
# [2024-05-26 20:33:26] INFO: Calculated checksum: 5d35351b
# [2024-05-26 20:33:31] INFO: Calculated checksum: dda52ba
# [2024-05-26 20:33:31] INFO: Writing RNGSTATE file: ./rand_s060t20_b0680700_a_U000669500
# [2024-05-26 20:33:31] INFO: Writing to disk took 7.77549 seconds
# [2024-05-26 20:33:31] INFO: ======================================================================
# [2024-05-26 20:33:31] INFO: Start sweeping...
# [2024-05-26 20:41:04] INFO: It took 452.915 seconds to do 500 HBOR sweeps.
# [2024-05-26 20:41:04] INFO: Plaquette = 0.659631
# [2024-05-26 20:41:04] INFO: Polyakov loop = (0.00237754,0.000505129)
# [2024-05-26 20:41:04] INFO: Writing conf to disk...
# [2024-05-26 20:41:04] INFO: writeconf_nersc: Writing NERSC configuration ./conf_s060t20_b0680700_a_U000670000
# [2024-05-26 20:41:07] INFO: Calculated checksum: 86442a34
# [2024-05-26 20:41:11] INFO: Calculated checksum: 8bbef313
# [2024-05-26 20:41:11] INFO: Writing RNGSTATE file: ./rand_s060t20_b0680700_a_U000670000
# [2024-05-26 20:41:11] INFO: Writing to disk took 7.60661 seconds
# [2024-05-26 20:41:11] INFO: ======================================================================
# [2024-05-26 20:41:11] INFO: Start sweeping...
# [2024-05-26 20:48:45] INFO: It took 453.464 seconds to do 500 HBOR sweeps.
# [2024-05-26 20:48:45] INFO: Plaquette = 0.659692
# [2024-05-26 20:48:45] INFO: Polyakov loop = (0.00324672,-0.000146031)
# [2024-05-26 20:48:45] INFO: Writing conf to disk...
# [2024-05-26 20:48:45] INFO: writeconf_nersc: Writing NERSC configuration ./conf_s060t20_b0680700_a_U000670500
# [2024-05-26 20:48:48] INFO: Calculated checksum: 9790adcb
# [2024-05-26 20:48:53] INFO: Calculated checksum: 10b7b1bd
# [2024-05-26 20:48:53] INFO: Writing RNGSTATE file: ./rand_s060t20_b0680700_a_U000670500
# [2024-05-26 20:48:53] INFO: Writing to disk took 7.66337 seconds
# [2024-05-26 20:48:53] INFO: ======================================================================
# [2024-05-26 20:48:53] INFO: Start sweeping...
# [2024-05-26 20:56:27] INFO: It took 453.895 seconds to do 500 HBOR sweeps.
# [2024-05-26 20:56:27] INFO: Plaquette = 0.659681
# [2024-05-26 20:56:27] INFO: Polyakov loop = (0.0023135,-6.6966e-05)
# [2024-05-26 20:56:27] INFO: Writing conf to disk...
# [2024-05-26 20:56:27] INFO: writeconf_nersc: Writing NERSC configuration ./conf_s060t20_b0680700_a_U000671000
# [2024-05-26 20:56:29] INFO: Calculated checksum: de7cba4f
# [2024-05-26 20:56:34] INFO: Calculated checksum: ddce8757
# [2024-05-26 20:56:34] INFO: Writing RNGSTATE file: ./rand_s060t20_b0680700_a_U000671000
# [2024-05-26 20:56:34] INFO: Writing to disk took 7.68686 seconds
# [2024-05-26 20:56:34] INFO: ======================================================================
# [2024-05-26 20:56:34] INFO: Start sweeping...
# [2024-05-26 21:04:09] INFO: It took 454.758 seconds to do 500 HBOR sweeps.
# [2024-05-26 21:04:09] INFO: Plaquette = 0.659789
# [2024-05-26 21:04:09] INFO: Polyakov loop = (0.00151599,-0.000264351)
# [2024-05-26 21:04:09] INFO: Writing conf to disk...
# [2024-05-26 21:04:09] INFO: writeconf_nersc: Writing NERSC configuration ./conf_s060t20_b0680700_a_U000671500
# [2024-05-26 21:04:12] INFO: Calculated checksum: c76a45
# [2024-05-26 21:04:17] INFO: Calculated checksum: e35b5515
# [2024-05-26 21:04:17] INFO: Writing RNGSTATE file: ./rand_s060t20_b0680700_a_U000671500
# [2024-05-26 21:04:17] INFO: Writing to disk took 7.58461 seconds
# [2024-05-26 21:04:17] INFO: ======================================================================
# [2024-05-26 21:04:17] INFO: Start sweeping...
# [2024-05-26 21:11:51] INFO: It took 454.312 seconds to do 500 HBOR sweeps.
# [2024-05-26 21:11:51] INFO: Plaquette = 0.659557
# [2024-05-26 21:11:51] INFO: Polyakov loop = (0.00262922,0.00123491)
# [2024-05-26 21:11:51] INFO: Writing conf to disk...
# [2024-05-26 21:11:51] INFO: writeconf_nersc: Writing NERSC configuration ./conf_s060t20_b0680700_a_U000672000
# [2024-05-26 21:11:54] INFO: Calculated checksum: b8975170
# [2024-05-26 21:11:59] INFO: Calculated checksum: 77cce7d4
# [2024-05-26 21:11:59] INFO: Writing RNGSTATE file: ./rand_s060t20_b0680700_a_U000672000
# [2024-05-26 21:11:59] INFO: Writing to disk took 7.61975 seconds
# [2024-05-26 21:11:59] INFO: ======================================================================
# [2024-05-26 21:11:59] INFO: Start sweeping...
# [2024-05-26 21:19:32] INFO: It took 453.148 seconds to do 500 HBOR sweeps.
# [2024-05-26 21:19:32] INFO: Plaquette = 0.659667
# [2024-05-26 21:19:32] INFO: Polyakov loop = (0.00202129,-6.58958e-05)
# [2024-05-26 21:19:32] INFO: Writing conf to disk...
# [2024-05-26 21:19:32] INFO: writeconf_nersc: Writing NERSC configuration ./conf_s060t20_b0680700_a_U000672500
# [2024-05-26 21:19:35] INFO: Calculated checksum: 7f3ef861
# [2024-05-26 21:19:39] INFO: Calculated checksum: 7905ffd6
# [2024-05-26 21:19:39] INFO: Writing RNGSTATE file: ./rand_s060t20_b0680700_a_U000672500
# [2024-05-26 21:19:39] INFO: Writing to disk took 7.64362 seconds
# [2024-05-26 21:19:39] INFO: ======================================================================
# [2024-05-26 21:19:39] INFO: Start sweeping...
# [2024-05-26 21:27:11] INFO: It took 450.996 seconds to do 500 HBOR sweeps.
# [2024-05-26 21:27:11] INFO: Plaquette = 0.659643
# [2024-05-26 21:27:11] INFO: Polyakov loop = (0.00284555,0.000376581)
# [2024-05-26 21:27:11] INFO: Writing conf to disk...
# [2024-05-26 21:27:11] INFO: writeconf_nersc: Writing NERSC configuration ./conf_s060t20_b0680700_a_U000673000
# [2024-05-26 21:27:13] INFO: Calculated checksum: ee42d10a
# [2024-05-26 21:27:18] INFO: Calculated checksum: fd8326b4
# [2024-05-26 21:27:18] INFO: Writing RNGSTATE file: ./rand_s060t20_b0680700_a_U000673000
# [2024-05-26 21:27:18] INFO: Writing to disk took 7.5278 seconds
# [2024-05-26 21:27:18] INFO: ======================================================================
# [2024-05-26 21:27:18] INFO: Start sweeping...
# [2024-05-26 21:34:49] INFO: It took 450.514 seconds to do 500 HBOR sweeps.
# [2024-05-26 21:34:49] INFO: Plaquette = 0.659726
# [2024-05-26 21:34:49] INFO: Polyakov loop = (0.00229587,-0.0005123)
# [2024-05-26 21:34:49] INFO: Writing conf to disk...
# [2024-05-26 21:34:49] INFO: writeconf_nersc: Writing NERSC configuration ./conf_s060t20_b0680700_a_U000673500
# [2024-05-26 21:34:51] INFO: Calculated checksum: f77e2c52
# [2024-05-26 21:34:56] INFO: Calculated checksum: 9032837b
# [2024-05-26 21:34:56] INFO: Writing RNGSTATE file: ./rand_s060t20_b0680700_a_U000673500
# [2024-05-26 21:34:56] INFO: Writing to disk took 7.5312 seconds
# [2024-05-26 21:34:56] INFO: ======================================================================
# [2024-05-26 21:34:56] INFO: Start sweeping...
# [2024-05-26 21:42:26] INFO: It took 449.861 seconds to do 500 HBOR sweeps.
# [2024-05-26 21:42:26] INFO: Plaquette = 0.659623
# [2024-05-26 21:42:26] INFO: Polyakov loop = (0.0023085,0.000453717)
# [2024-05-26 21:42:26] INFO: Writing conf to disk...
# [2024-05-26 21:42:26] INFO: writeconf_nersc: Writing NERSC configuration ./conf_s060t20_b0680700_a_U000674000
# [2024-05-26 21:42:29] INFO: Calculated checksum: 70b91778
# [2024-05-26 21:42:34] INFO: Calculated checksum: f21f5d6e
# [2024-05-26 21:42:34] INFO: Writing RNGSTATE file: ./rand_s060t20_b0680700_a_U000674000
# [2024-05-26 21:42:34] INFO: Writing to disk took 7.57458 seconds
# [2024-05-26 21:42:34] INFO: ======================================================================
# [2024-05-26 21:42:34] INFO: Start sweeping...
# [2024-05-26 21:50:05] INFO: It took 451.058 seconds to do 500 HBOR sweeps.
# [2024-05-26 21:50:05] INFO: Plaquette = 0.659633
# [2024-05-26 21:50:05] INFO: Polyakov loop = (0.00169324,-0.00014859)
# [2024-05-26 21:50:05] INFO: Writing conf to disk...
# [2024-05-26 21:50:05] INFO: writeconf_nersc: Writing NERSC configuration ./conf_s060t20_b0680700_a_U000674500
# [2024-05-26 21:50:08] INFO: Calculated checksum: 3443c87a
# [2024-05-26 21:50:12] INFO: Calculated checksum: ad731af6
# [2024-05-26 21:50:12] INFO: Writing RNGSTATE file: ./rand_s060t20_b0680700_a_U000674500
# [2024-05-26 21:50:12] INFO: Writing to disk took 7.60105 seconds
# [2024-05-26 21:50:12] INFO: ======================================================================
# [2024-05-26 21:50:12] INFO: Start sweeping...
# [2024-05-26 21:57:45] INFO: It took 452.94 seconds to do 500 HBOR sweeps.
# [2024-05-26 21:57:45] INFO: Plaquette = 0.659714
# [2024-05-26 21:57:45] INFO: Polyakov loop = (0.0020848,5.78084e-05)
# [2024-05-26 21:57:45] INFO: Writing conf to disk...
# [2024-05-26 21:57:45] INFO: writeconf_nersc: Writing NERSC configuration ./conf_s060t20_b0680700_a_U000675000
# [2024-05-26 21:57:48] INFO: Calculated checksum: 5e9fbe3
# [2024-05-26 21:57:53] INFO: Calculated checksum: 77aa6df6
# [2024-05-26 21:57:53] INFO: Writing RNGSTATE file: ./rand_s060t20_b0680700_a_U000675000
# [2024-05-26 21:57:53] INFO: Writing to disk took 7.57235 seconds
# [2024-05-26 21:57:53] INFO: ======================================================================
# [2024-05-26 21:57:53] INFO: Start sweeping...
# [2024-05-26 22:05:25] INFO: It took 452.21 seconds to do 500 HBOR sweeps.
# [2024-05-26 22:05:25] INFO: Plaquette = 0.659684
# [2024-05-26 22:05:25] INFO: Polyakov loop = (0.0021688,0.00083281)
# [2024-05-26 22:05:25] INFO: Writing conf to disk...
# [2024-05-26 22:05:25] INFO: writeconf_nersc: Writing NERSC configuration ./conf_s060t20_b0680700_a_U000675500
# [2024-05-26 22:05:28] INFO: Calculated checksum: bd8bdbd1
# [2024-05-26 22:05:33] INFO: Calculated checksum: a60fac7c
# [2024-05-26 22:05:33] INFO: Writing RNGSTATE file: ./rand_s060t20_b0680700_a_U000675500
# [2024-05-26 22:05:33] INFO: Writing to disk took 7.57329 seconds
# [2024-05-26 22:05:33] INFO: ======================================================================
# [2024-05-26 22:05:33] INFO: Start sweeping...
# [2024-05-26 22:13:06] INFO: It took 453.003 seconds to do 500 HBOR sweeps.
# [2024-05-26 22:13:06] INFO: Plaquette = 0.659736
# [2024-05-26 22:13:06] INFO: Polyakov loop = (0.00266664,-0.000528176)
# [2024-05-26 22:13:06] INFO: Writing conf to disk...
# [2024-05-26 22:13:06] INFO: writeconf_nersc: Writing NERSC configuration ./conf_s060t20_b0680700_a_U000676000
# [2024-05-26 22:13:09] INFO: Calculated checksum: 71dea856
# [2024-05-26 22:13:13] INFO: Calculated checksum: 16b70f3
# [2024-05-26 22:13:13] INFO: Writing RNGSTATE file: ./rand_s060t20_b0680700_a_U000676000
# [2024-05-26 22:13:14] INFO: Writing to disk took 7.65887 seconds
# [2024-05-26 22:13:14] INFO: ======================================================================
# [2024-05-26 22:13:14] INFO: Start sweeping...
# [2024-05-26 22:20:47] INFO: It took 453.588 seconds to do 500 HBOR sweeps.
# [2024-05-26 22:20:47] INFO: Plaquette = 0.659681
# [2024-05-26 22:20:47] INFO: Polyakov loop = (0.00231682,-0.000356335)
# [2024-05-26 22:20:47] INFO: Writing conf to disk...
# [2024-05-26 22:20:47] INFO: writeconf_nersc: Writing NERSC configuration ./conf_s060t20_b0680700_a_U000676500
# [2024-05-26 22:20:50] INFO: Calculated checksum: f473f969
# [2024-05-26 22:20:55] INFO: Calculated checksum: d7cfdd92
# [2024-05-26 22:20:55] INFO: Writing RNGSTATE file: ./rand_s060t20_b0680700_a_U000676500
# [2024-05-26 22:20:55] INFO: Writing to disk took 7.70072 seconds
# [2024-05-26 22:20:55] INFO: ======================================================================
# [2024-05-26 22:20:55] INFO: Start sweeping...
# [2024-05-26 22:28:29] INFO: It took 454.159 seconds to do 500 HBOR sweeps.
# [2024-05-26 22:28:29] INFO: Plaquette = 0.65969
# [2024-05-26 22:28:29] INFO: Polyakov loop = (0.00158218,-0.000542337)
# [2024-05-26 22:28:29] INFO: Writing conf to disk...
# [2024-05-26 22:28:29] INFO: writeconf_nersc: Writing NERSC configuration ./conf_s060t20_b0680700_a_U000677000
# [2024-05-26 22:28:32] INFO: Calculated checksum: 17df8487
# [2024-05-26 22:28:37] INFO: Calculated checksum: 6705412b
# [2024-05-26 22:28:37] INFO: Writing RNGSTATE file: ./rand_s060t20_b0680700_a_U000677000
# [2024-05-26 22:28:37] INFO: Writing to disk took 7.70128 seconds
# [2024-05-26 22:28:37] INFO: ======================================================================
# [2024-05-26 22:28:37] INFO: Start sweeping...
# [2024-05-26 22:36:11] INFO: It took 454.477 seconds to do 500 HBOR sweeps.
# [2024-05-26 22:36:11] INFO: Plaquette = 0.659686
# [2024-05-26 22:36:11] INFO: Polyakov loop = (0.0028906,0.000633451)
# [2024-05-26 22:36:11] INFO: Writing conf to disk...
# [2024-05-26 22:36:11] INFO: writeconf_nersc: Writing NERSC configuration ./conf_s060t20_b0680700_a_U000677500
# [2024-05-26 22:36:14] INFO: Calculated checksum: 1cfe5de5
# [2024-05-26 22:36:19] INFO: Calculated checksum: 6aaf6e04
# [2024-05-26 22:36:19] INFO: Writing RNGSTATE file: ./rand_s060t20_b0680700_a_U000677500
# [2024-05-26 22:36:19] INFO: Writing to disk took 7.57111 seconds
# [2024-05-26 22:36:19] INFO: ======================================================================
# [2024-05-26 22:36:19] INFO: Start sweeping...
# [2024-05-26 22:43:53] INFO: It took 453.862 seconds to do 500 HBOR sweeps.
# [2024-05-26 22:43:53] INFO: Plaquette = 0.659625
# [2024-05-26 22:43:53] INFO: Polyakov loop = (0.00256506,2.09718e-05)
# [2024-05-26 22:43:53] INFO: Writing conf to disk...
# [2024-05-26 22:43:53] INFO: writeconf_nersc: Writing NERSC configuration ./conf_s060t20_b0680700_a_U000678000
# [2024-05-26 22:43:56] INFO: Calculated checksum: 54ab4992
# [2024-05-26 22:44:00] INFO: Calculated checksum: ac8b2217
# [2024-05-26 22:44:00] INFO: Writing RNGSTATE file: ./rand_s060t20_b0680700_a_U000678000
# [2024-05-26 22:44:00] INFO: Writing to disk took 7.58889 seconds
# [2024-05-26 22:44:00] INFO: ======================================================================
# [2024-05-26 22:44:00] INFO: Start sweeping...
# [2024-05-26 22:51:33] INFO: It took 452.939 seconds to do 500 HBOR sweeps.
# [2024-05-26 22:51:33] INFO: Plaquette = 0.659737
# [2024-05-26 22:51:33] INFO: Polyakov loop = (0.00194834,0.000419363)
# [2024-05-26 22:51:33] INFO: Writing conf to disk...
# [2024-05-26 22:51:33] INFO: writeconf_nersc: Writing NERSC configuration ./conf_s060t20_b0680700_a_U000678500
# [2024-05-26 22:51:36] INFO: Calculated checksum: 586e4f3c
# [2024-05-26 22:51:40] INFO: Calculated checksum: cddc4ef8
# [2024-05-26 22:51:40] INFO: Writing RNGSTATE file: ./rand_s060t20_b0680700_a_U000678500
# [2024-05-26 22:51:40] INFO: Writing to disk took 7.08834 seconds
# [2024-05-26 22:51:40] INFO: ======================================================================
# [2024-05-26 22:51:40] INFO: Start sweeping...
# [2024-05-26 22:59:09] INFO: It took 448.363 seconds to do 500 HBOR sweeps.
# [2024-05-26 22:59:09] INFO: Plaquette = 0.659661
# [2024-05-26 22:59:09] INFO: Polyakov loop = (0.00183525,-0.00087184)
# [2024-05-26 22:59:09] INFO: Writing conf to disk...
# [2024-05-26 22:59:09] INFO: writeconf_nersc: Writing NERSC configuration ./conf_s060t20_b0680700_a_U000679000
# [2024-05-26 22:59:12] INFO: Calculated checksum: 46303242
# [2024-05-26 22:59:16] INFO: Calculated checksum: 6c5a5c72
# [2024-05-26 22:59:16] INFO: Writing RNGSTATE file: ./rand_s060t20_b0680700_a_U000679000
# [2024-05-26 22:59:16] INFO: Writing to disk took 7.53869 seconds
# [2024-05-26 22:59:16] INFO: ======================================================================
# [2024-05-26 22:59:16] INFO: Start sweeping...
# [2024-05-26 23:06:44] INFO: It took 447.953 seconds to do 500 HBOR sweeps.
# [2024-05-26 23:06:44] INFO: Plaquette = 0.659641
# [2024-05-26 23:06:44] INFO: Polyakov loop = (0.00162662,-0.000742948)
# [2024-05-26 23:06:44] INFO: Writing conf to disk...
# [2024-05-26 23:06:44] INFO: writeconf_nersc: Writing NERSC configuration ./conf_s060t20_b0680700_a_U000679500
# [2024-05-26 23:06:47] INFO: Calculated checksum: d77c3d69
# [2024-05-26 23:06:52] INFO: Calculated checksum: 9d906b05
# [2024-05-26 23:06:52] INFO: Writing RNGSTATE file: ./rand_s060t20_b0680700_a_U000679500
# [2024-05-26 23:06:52] INFO: Writing to disk took 7.51088 seconds
# [2024-05-26 23:06:52] INFO: ======================================================================
# [2024-05-26 23:06:52] INFO: Start sweeping...
# [2024-05-26 23:14:21] INFO: It took 448.583 seconds to do 500 HBOR sweeps.
# [2024-05-26 23:14:21] INFO: Plaquette = 0.659712
# [2024-05-26 23:14:21] INFO: Polyakov loop = (0.00222041,0.000894966)
# [2024-05-26 23:14:21] INFO: Writing conf to disk...
# [2024-05-26 23:14:21] INFO: writeconf_nersc: Writing NERSC configuration ./conf_s060t20_b0680700_a_U000680000
# [2024-05-26 23:14:23] INFO: Calculated checksum: a80eb401
# [2024-05-26 23:14:28] INFO: Calculated checksum: 4f7736b2
# [2024-05-26 23:14:28] INFO: Writing RNGSTATE file: ./rand_s060t20_b0680700_a_U000680000
# [2024-05-26 23:14:28] INFO: Writing to disk took 7.69214 seconds
# [2024-05-26 23:14:28] INFO: ======================================================================
# [2024-05-26 23:14:28] INFO: Start sweeping...
# [2024-05-26 23:21:57] INFO: It took 448.856 seconds to do 500 HBOR sweeps.
# [2024-05-26 23:21:57] INFO: Plaquette = 0.659662
# [2024-05-26 23:21:57] INFO: Polyakov loop = (0.00292965,0.000162544)
# [2024-05-26 23:21:57] INFO: Writing conf to disk...
# [2024-05-26 23:21:57] INFO: writeconf_nersc: Writing NERSC configuration ./conf_s060t20_b0680700_a_U000680500
# [2024-05-26 23:22:00] INFO: Calculated checksum: df6cb800
# [2024-05-26 23:22:05] INFO: Calculated checksum: c85070a
# [2024-05-26 23:22:05] INFO: Writing RNGSTATE file: ./rand_s060t20_b0680700_a_U000680500
# [2024-05-26 23:22:05] INFO: Writing to disk took 7.69535 seconds
# [2024-05-26 23:22:05] INFO: ======================================================================
# [2024-05-26 23:22:05] INFO: Start sweeping...
# [2024-05-26 23:29:33] INFO: It took 448.412 seconds to do 500 HBOR sweeps.
# [2024-05-26 23:29:33] INFO: Plaquette = 0.659591
# [2024-05-26 23:29:33] INFO: Polyakov loop = (0.00191277,0.000914707)
# [2024-05-26 23:29:33] INFO: Writing conf to disk...
# [2024-05-26 23:29:33] INFO: writeconf_nersc: Writing NERSC configuration ./conf_s060t20_b0680700_a_U000681000
# [2024-05-26 23:29:36] INFO: Calculated checksum: d2f0a18c
# [2024-05-26 23:29:41] INFO: Calculated checksum: a326ac57
# [2024-05-26 23:29:41] INFO: Writing RNGSTATE file: ./rand_s060t20_b0680700_a_U000681000
# [2024-05-26 23:29:41] INFO: Writing to disk took 8.08684 seconds
# [2024-05-26 23:29:41] INFO: ======================================================================
# [2024-05-26 23:29:41] INFO: Start sweeping...
# [2024-05-26 23:37:10] INFO: It took 448.345 seconds to do 500 HBOR sweeps.
# [2024-05-26 23:37:10] INFO: Plaquette = 0.659679
# [2024-05-26 23:37:10] INFO: Polyakov loop = (0.00310704,6.6396e-06)
# [2024-05-26 23:37:10] INFO: Writing conf to disk...
# [2024-05-26 23:37:10] INFO: writeconf_nersc: Writing NERSC configuration ./conf_s060t20_b0680700_a_U000681500
# [2024-05-26 23:37:13] INFO: Calculated checksum: d496512f
# [2024-05-26 23:37:17] INFO: Calculated checksum: 2fad1b03
# [2024-05-26 23:37:17] INFO: Writing RNGSTATE file: ./rand_s060t20_b0680700_a_U000681500
# [2024-05-26 23:37:17] INFO: Writing to disk took 7.60941 seconds
# [2024-05-26 23:37:17] INFO: ======================================================================
# [2024-05-26 23:37:17] INFO: Start sweeping...
# [2024-05-26 23:44:46] INFO: It took 448.114 seconds to do 500 HBOR sweeps.
# [2024-05-26 23:44:46] INFO: Plaquette = 0.659674
# [2024-05-26 23:44:46] INFO: Polyakov loop = (0.00312039,0.000343563)
# [2024-05-26 23:44:46] INFO: Writing conf to disk...
# [2024-05-26 23:44:46] INFO: writeconf_nersc: Writing NERSC configuration ./conf_s060t20_b0680700_a_U000682000
# [2024-05-26 23:44:48] INFO: Calculated checksum: f453094a
# [2024-05-26 23:44:53] INFO: Calculated checksum: 97b5a3af
# [2024-05-26 23:44:53] INFO: Writing RNGSTATE file: ./rand_s060t20_b0680700_a_U000682000
# [2024-05-26 23:44:54] INFO: Writing to disk took 7.94403 seconds
# [2024-05-26 23:44:54] INFO: ======================================================================
# [2024-05-26 23:44:54] INFO: Start sweeping...
# [2024-05-26 23:52:22] INFO: It took 448.322 seconds to do 500 HBOR sweeps.
# [2024-05-26 23:52:22] INFO: Plaquette = 0.659645
# [2024-05-26 23:52:22] INFO: Polyakov loop = (0.00243997,-0.000488637)
# [2024-05-26 23:52:22] INFO: Writing conf to disk...
# [2024-05-26 23:52:22] INFO: writeconf_nersc: Writing NERSC configuration ./conf_s060t20_b0680700_a_U000682500
# [2024-05-26 23:52:25] INFO: Calculated checksum: 1a232171
# [2024-05-26 23:52:29] INFO: Calculated checksum: ecef834d
# [2024-05-26 23:52:29] INFO: Writing RNGSTATE file: ./rand_s060t20_b0680700_a_U000682500
# [2024-05-26 23:52:30] INFO: Writing to disk took 7.62588 seconds
# [2024-05-26 23:52:30] INFO: ======================================================================
# [2024-05-26 23:52:30] INFO: Start sweeping...
# [2024-05-26 23:59:57] INFO: It took 447.731 seconds to do 500 HBOR sweeps.
# [2024-05-26 23:59:57] INFO: Plaquette = 0.659591
# [2024-05-26 23:59:57] INFO: Polyakov loop = (0.00310867,-0.00065172)
# [2024-05-26 23:59:57] INFO: Writing conf to disk...
# [2024-05-26 23:59:57] INFO: writeconf_nersc: Writing NERSC configuration ./conf_s060t20_b0680700_a_U000683000
# [2024-05-27 00:00:00] INFO: Calculated checksum: 32a05757
# [2024-05-27 00:00:05] INFO: Calculated checksum: d0b6043a
# [2024-05-27 00:00:05] INFO: Writing RNGSTATE file: ./rand_s060t20_b0680700_a_U000683000
# [2024-05-27 00:00:05] INFO: Writing to disk took 7.44354 seconds
# [2024-05-27 00:00:05] INFO: ======================================================================
# [2024-05-27 00:00:05] INFO: Start sweeping...
# [2024-05-27 00:07:32] INFO: It took 447.004 seconds to do 500 HBOR sweeps.
# [2024-05-27 00:07:32] INFO: Plaquette = 0.659679
# [2024-05-27 00:07:32] INFO: Polyakov loop = (0.0037813,0.00023536)
# [2024-05-27 00:07:32] INFO: Writing conf to disk...
# [2024-05-27 00:07:32] INFO: writeconf_nersc: Writing NERSC configuration ./conf_s060t20_b0680700_a_U000683500
# [2024-05-27 00:07:35] INFO: Calculated checksum: 8372b683
# [2024-05-27 00:07:39] INFO: Calculated checksum: ddbfb09f
# [2024-05-27 00:07:39] INFO: Writing RNGSTATE file: ./rand_s060t20_b0680700_a_U000683500
# [2024-05-27 00:07:39] INFO: Writing to disk took 7.53851 seconds
# [2024-05-27 00:07:39] INFO: ======================================================================
# [2024-05-27 00:07:39] INFO: Start sweeping...
# [2024-05-27 00:15:07] INFO: It took 448.042 seconds to do 500 HBOR sweeps.
# [2024-05-27 00:15:07] INFO: Plaquette = 0.659673
# [2024-05-27 00:15:07] INFO: Polyakov loop = (0.00280962,0.000233504)
# [2024-05-27 00:15:07] INFO: Writing conf to disk...
# [2024-05-27 00:15:07] INFO: writeconf_nersc: Writing NERSC configuration ./conf_s060t20_b0680700_a_U000684000
# [2024-05-27 00:15:10] INFO: Calculated checksum: 9d97e7d5
# [2024-05-27 00:15:15] INFO: Calculated checksum: dad52c87
# [2024-05-27 00:15:15] INFO: Writing RNGSTATE file: ./rand_s060t20_b0680700_a_U000684000
# [2024-05-27 00:15:15] INFO: Writing to disk took 7.58712 seconds
# [2024-05-27 00:15:15] INFO: ======================================================================
# [2024-05-27 00:15:15] INFO: Start sweeping...
# [2024-05-27 00:22:44] INFO: It took 448.711 seconds to do 500 HBOR sweeps.
# [2024-05-27 00:22:44] INFO: Plaquette = 0.659696
# [2024-05-27 00:22:44] INFO: Polyakov loop = (0.00268262,-0.000277934)
# [2024-05-27 00:22:44] INFO: Writing conf to disk...
# [2024-05-27 00:22:44] INFO: writeconf_nersc: Writing NERSC configuration ./conf_s060t20_b0680700_a_U000684500
# [2024-05-27 00:22:47] INFO: Calculated checksum: 67a513bc
# [2024-05-27 00:22:51] INFO: Calculated checksum: 1d98ba46
# [2024-05-27 00:22:51] INFO: Writing RNGSTATE file: ./rand_s060t20_b0680700_a_U000684500
# [2024-05-27 00:22:51] INFO: Writing to disk took 7.50849 seconds
# [2024-05-27 00:22:51] INFO: ======================================================================
# [2024-05-27 00:22:51] INFO: Start sweeping...
# [2024-05-27 00:30:20] INFO: It took 448.955 seconds to do 500 HBOR sweeps.
# [2024-05-27 00:30:20] INFO: Plaquette = 0.659618
# [2024-05-27 00:30:20] INFO: Polyakov loop = (0.00249477,-8.20615e-05)
# [2024-05-27 00:30:20] INFO: Writing conf to disk...
# [2024-05-27 00:30:20] INFO: writeconf_nersc: Writing NERSC configuration ./conf_s060t20_b0680700_a_U000685000
# [2024-05-27 00:30:23] INFO: Calculated checksum: 3d2b09c4
# [2024-05-27 00:30:28] INFO: Calculated checksum: 5b0b79f3
# [2024-05-27 00:30:28] INFO: Writing RNGSTATE file: ./rand_s060t20_b0680700_a_U000685000
# [2024-05-27 00:30:28] INFO: Writing to disk took 7.48234 seconds
# [2024-05-27 00:30:28] INFO: ======================================================================
# [2024-05-27 00:30:28] INFO: Start sweeping...
# [2024-05-27 00:37:57] INFO: It took 449.292 seconds to do 500 HBOR sweeps.
# [2024-05-27 00:37:57] INFO: Plaquette = 0.659732
# [2024-05-27 00:37:57] INFO: Polyakov loop = (0.0024198,0.000139255)
# [2024-05-27 00:37:57] INFO: Writing conf to disk...
# [2024-05-27 00:37:57] INFO: writeconf_nersc: Writing NERSC configuration ./conf_s060t20_b0680700_a_U000685500
# [2024-05-27 00:38:00] INFO: Calculated checksum: e7d79230
# [2024-05-27 00:38:05] INFO: Calculated checksum: 3f80def8
# [2024-05-27 00:38:05] INFO: Writing RNGSTATE file: ./rand_s060t20_b0680700_a_U000685500
# [2024-05-27 00:38:05] INFO: Writing to disk took 7.69847 seconds
# [2024-05-27 00:38:05] INFO: ======================================================================
# [2024-05-27 00:38:05] INFO: Start sweeping...
# [2024-05-27 00:45:35] INFO: It took 449.714 seconds to do 500 HBOR sweeps.
# [2024-05-27 00:45:35] INFO: Plaquette = 0.659685
# [2024-05-27 00:45:35] INFO: Polyakov loop = (0.00219952,5.81566e-05)
# [2024-05-27 00:45:35] INFO: Writing conf to disk...
# [2024-05-27 00:45:35] INFO: writeconf_nersc: Writing NERSC configuration ./conf_s060t20_b0680700_a_U000686000
# [2024-05-27 00:45:37] INFO: Calculated checksum: 86d10a3
# [2024-05-27 00:45:42] INFO: Calculated checksum: f3ace0a9
# [2024-05-27 00:45:42] INFO: Writing RNGSTATE file: ./rand_s060t20_b0680700_a_U000686000
# [2024-05-27 00:45:42] INFO: Writing to disk took 7.56716 seconds
# [2024-05-27 00:45:42] INFO: ======================================================================
# [2024-05-27 00:45:42] INFO: Start sweeping...
# [2024-05-27 00:53:11] INFO: It took 448.516 seconds to do 500 HBOR sweeps.
# [2024-05-27 00:53:11] INFO: Plaquette = 0.659765
# [2024-05-27 00:53:11] INFO: Polyakov loop = (0.00187266,0.000578599)
# [2024-05-27 00:53:11] INFO: Writing conf to disk...
# [2024-05-27 00:53:11] INFO: writeconf_nersc: Writing NERSC configuration ./conf_s060t20_b0680700_a_U000686500
# [2024-05-27 00:53:14] INFO: Calculated checksum: bae3e9c1
# [2024-05-27 00:53:18] INFO: Calculated checksum: 91eeca7
# [2024-05-27 00:53:18] INFO: Writing RNGSTATE file: ./rand_s060t20_b0680700_a_U000686500
# [2024-05-27 00:53:18] INFO: Writing to disk took 7.60958 seconds
# [2024-05-27 00:53:18] INFO: ======================================================================
# [2024-05-27 00:53:18] INFO: Start sweeping...
# [2024-05-27 01:00:47] INFO: It took 448.142 seconds to do 500 HBOR sweeps.
# [2024-05-27 01:00:47] INFO: Plaquette = 0.659762
# [2024-05-27 01:00:47] INFO: Polyakov loop = (0.00289183,-0.00064813)
# [2024-05-27 01:00:47] INFO: Writing conf to disk...
# [2024-05-27 01:00:47] INFO: writeconf_nersc: Writing NERSC configuration ./conf_s060t20_b0680700_a_U000687000
# [2024-05-27 01:00:49] INFO: Calculated checksum: 8145f61c
# [2024-05-27 01:00:54] INFO: Calculated checksum: 20683987
# [2024-05-27 01:00:54] INFO: Writing RNGSTATE file: ./rand_s060t20_b0680700_a_U000687000
# [2024-05-27 01:00:54] INFO: Writing to disk took 7.48032 seconds
# [2024-05-27 01:00:54] INFO: ======================================================================
# [2024-05-27 01:00:54] INFO: Start sweeping...
# [2024-05-27 01:08:23] INFO: It took 449.288 seconds to do 500 HBOR sweeps.
# [2024-05-27 01:08:23] INFO: Plaquette = 0.659672
# [2024-05-27 01:08:23] INFO: Polyakov loop = (0.0026843,0.00084612)
# [2024-05-27 01:08:23] INFO: Writing conf to disk...
# [2024-05-27 01:08:23] INFO: writeconf_nersc: Writing NERSC configuration ./conf_s060t20_b0680700_a_U000687500
# [2024-05-27 01:08:26] INFO: Calculated checksum: 9a14b85a
# [2024-05-27 01:08:31] INFO: Calculated checksum: 58acad5d
# [2024-05-27 01:08:31] INFO: Writing RNGSTATE file: ./rand_s060t20_b0680700_a_U000687500
# [2024-05-27 01:08:31] INFO: Writing to disk took 7.60401 seconds
# [2024-05-27 01:08:31] INFO: ======================================================================
# [2024-05-27 01:08:31] INFO: Start sweeping...
# [2024-05-27 01:16:02] INFO: It took 450.581 seconds to do 500 HBOR sweeps.
# [2024-05-27 01:16:02] INFO: Plaquette = 0.659662
# [2024-05-27 01:16:02] INFO: Polyakov loop = (0.00240093,-0.000197514)
# [2024-05-27 01:16:02] INFO: Writing conf to disk...
# [2024-05-27 01:16:02] INFO: writeconf_nersc: Writing NERSC configuration ./conf_s060t20_b0680700_a_U000688000
# [2024-05-27 01:16:05] INFO: Calculated checksum: 1588803c
# [2024-05-27 01:16:09] INFO: Calculated checksum: f86b1781
# [2024-05-27 01:16:09] INFO: Writing RNGSTATE file: ./rand_s060t20_b0680700_a_U000688000
# [2024-05-27 01:16:10] INFO: Writing to disk took 7.89238 seconds
# [2024-05-27 01:16:10] INFO: ======================================================================
# [2024-05-27 01:16:10] INFO: Start sweeping...
# [2024-05-27 01:23:41] INFO: It took 451.183 seconds to do 500 HBOR sweeps.
# [2024-05-27 01:23:41] INFO: Plaquette = 0.659694
# [2024-05-27 01:23:41] INFO: Polyakov loop = (0.00255003,0.000440672)
# [2024-05-27 01:23:41] INFO: Writing conf to disk...
# [2024-05-27 01:23:41] INFO: writeconf_nersc: Writing NERSC configuration ./conf_s060t20_b0680700_a_U000688500
# [2024-05-27 01:23:44] INFO: Calculated checksum: ec27858d
# [2024-05-27 01:23:48] INFO: Calculated checksum: fa7528c3
# [2024-05-27 01:23:48] INFO: Writing RNGSTATE file: ./rand_s060t20_b0680700_a_U000688500
# [2024-05-27 01:23:48] INFO: Writing to disk took 7.57702 seconds
# [2024-05-27 01:23:48] INFO: ======================================================================
# [2024-05-27 01:23:48] INFO: Start sweeping...
# [2024-05-27 01:31:21] INFO: It took 452.32 seconds to do 500 HBOR sweeps.
# [2024-05-27 01:31:21] INFO: Plaquette = 0.659784
# [2024-05-27 01:31:21] INFO: Polyakov loop = (0.00265769,3.90496e-05)
# [2024-05-27 01:31:21] INFO: Writing conf to disk...
# [2024-05-27 01:31:21] INFO: writeconf_nersc: Writing NERSC configuration ./conf_s060t20_b0680700_a_U000689000
# [2024-05-27 01:31:24] INFO: Calculated checksum: 24cf8e0
# [2024-05-27 01:31:28] INFO: Calculated checksum: f3dda36b
# [2024-05-27 01:31:28] INFO: Writing RNGSTATE file: ./rand_s060t20_b0680700_a_U000689000
# [2024-05-27 01:31:29] INFO: Writing to disk took 7.75262 seconds
# [2024-05-27 01:31:29] INFO: ======================================================================
# [2024-05-27 01:31:29] INFO: Start sweeping...
# [2024-05-27 01:39:03] INFO: It took 454.928 seconds to do 500 HBOR sweeps.
# [2024-05-27 01:39:03] INFO: Plaquette = 0.659639
# [2024-05-27 01:39:03] INFO: Polyakov loop = (0.00140445,-0.000559003)
# [2024-05-27 01:39:03] INFO: Writing conf to disk...
# [2024-05-27 01:39:03] INFO: writeconf_nersc: Writing NERSC configuration ./conf_s060t20_b0680700_a_U000689500
# [2024-05-27 01:39:06] INFO: Calculated checksum: c30de615
# [2024-05-27 01:39:11] INFO: Calculated checksum: e6419042
# [2024-05-27 01:39:11] INFO: Writing RNGSTATE file: ./rand_s060t20_b0680700_a_U000689500
# [2024-05-27 01:39:11] INFO: Writing to disk took 7.66658 seconds
# [2024-05-27 01:39:11] INFO: ======================================================================
# [2024-05-27 01:39:11] INFO: Start sweeping...
# [2024-05-27 01:46:46] INFO: It took 455.149 seconds to do 500 HBOR sweeps.
# [2024-05-27 01:46:46] INFO: Plaquette = 0.659652
# [2024-05-27 01:46:46] INFO: Polyakov loop = (0.00150935,-0.000405252)
# [2024-05-27 01:46:46] INFO: Writing conf to disk...
# [2024-05-27 01:46:46] INFO: writeconf_nersc: Writing NERSC configuration ./conf_s060t20_b0680700_a_U000690000
# [2024-05-27 01:46:49] INFO: Calculated checksum: 304600cd
# [2024-05-27 01:46:54] INFO: Calculated checksum: 142c5a97
# [2024-05-27 01:46:54] INFO: Writing RNGSTATE file: ./rand_s060t20_b0680700_a_U000690000
# [2024-05-27 01:46:54] INFO: Writing to disk took 7.68798 seconds
# [2024-05-27 01:46:54] INFO: ======================================================================
# [2024-05-27 01:46:54] INFO: Start sweeping...
# [2024-05-27 01:54:30] INFO: It took 455.453 seconds to do 500 HBOR sweeps.
# [2024-05-27 01:54:30] INFO: Plaquette = 0.659648
# [2024-05-27 01:54:30] INFO: Polyakov loop = (0.00213425,0.00116909)
# [2024-05-27 01:54:30] INFO: Writing conf to disk...
# [2024-05-27 01:54:30] INFO: writeconf_nersc: Writing NERSC configuration ./conf_s060t20_b0680700_a_U000690500
# [2024-05-27 01:54:32] INFO: Calculated checksum: cae56af
# [2024-05-27 01:54:37] INFO: Calculated checksum: c9f3cc60
# [2024-05-27 01:54:37] INFO: Writing RNGSTATE file: ./rand_s060t20_b0680700_a_U000690500
# [2024-05-27 01:54:37] INFO: Writing to disk took 7.61933 seconds
# [2024-05-27 01:54:37] INFO: ======================================================================
# [2024-05-27 01:54:37] INFO: Start sweeping...
# [2024-05-27 02:02:13] INFO: It took 455.623 seconds to do 500 HBOR sweeps.
# [2024-05-27 02:02:13] INFO: Plaquette = 0.659599
# [2024-05-27 02:02:13] INFO: Polyakov loop = (0.00226916,0.000197353)
# [2024-05-27 02:02:13] INFO: Writing conf to disk...
# [2024-05-27 02:02:13] INFO: writeconf_nersc: Writing NERSC configuration ./conf_s060t20_b0680700_a_U000691000
# [2024-05-27 02:02:16] INFO: Calculated checksum: 78674db2
# [2024-05-27 02:02:21] INFO: Calculated checksum: bb27e94
# [2024-05-27 02:02:21] INFO: Writing RNGSTATE file: ./rand_s060t20_b0680700_a_U000691000
# [2024-05-27 02:02:21] INFO: Writing to disk took 7.80808 seconds
# [2024-05-27 02:02:21] INFO: ======================================================================
# [2024-05-27 02:02:21] INFO: Start sweeping...
# [2024-05-27 02:09:57] INFO: It took 456.045 seconds to do 500 HBOR sweeps.
# [2024-05-27 02:09:57] INFO: Plaquette = 0.659686
# [2024-05-27 02:09:57] INFO: Polyakov loop = (0.00215423,-0.000900178)
# [2024-05-27 02:09:57] INFO: Writing conf to disk...
# [2024-05-27 02:09:57] INFO: writeconf_nersc: Writing NERSC configuration ./conf_s060t20_b0680700_a_U000691500
# [2024-05-27 02:10:00] INFO: Calculated checksum: 99f8cbc8
# [2024-05-27 02:10:04] INFO: Calculated checksum: 7c3c2d25
# [2024-05-27 02:10:04] INFO: Writing RNGSTATE file: ./rand_s060t20_b0680700_a_U000691500
# [2024-05-27 02:10:04] INFO: Writing to disk took 7.63833 seconds
# [2024-05-27 02:10:04] INFO: ======================================================================
# [2024-05-27 02:10:04] INFO: Start sweeping...
# [2024-05-27 02:17:41] INFO: It took 456.56 seconds to do 500 HBOR sweeps.
# [2024-05-27 02:17:41] INFO: Plaquette = 0.659651
# [2024-05-27 02:17:41] INFO: Polyakov loop = (0.00204636,-0.000137512)
# [2024-05-27 02:17:41] INFO: Writing conf to disk...
# [2024-05-27 02:17:41] INFO: writeconf_nersc: Writing NERSC configuration ./conf_s060t20_b0680700_a_U000692000
# [2024-05-27 02:17:44] INFO: Calculated checksum: 7ef63481
# [2024-05-27 02:17:49] INFO: Calculated checksum: dbd7849e
# [2024-05-27 02:17:49] INFO: Writing RNGSTATE file: ./rand_s060t20_b0680700_a_U000692000
# [2024-05-27 02:17:49] INFO: Writing to disk took 7.71269 seconds
# [2024-05-27 02:17:49] INFO: ======================================================================
# [2024-05-27 02:17:49] INFO: Start sweeping...
# [2024-05-27 02:25:26] INFO: It took 457.301 seconds to do 500 HBOR sweeps.
# [2024-05-27 02:25:26] INFO: Plaquette = 0.659635
# [2024-05-27 02:25:26] INFO: Polyakov loop = (0.00244045,-9.80757e-05)
# [2024-05-27 02:25:26] INFO: Writing conf to disk...
# [2024-05-27 02:25:26] INFO: writeconf_nersc: Writing NERSC configuration ./conf_s060t20_b0680700_a_U000692500
# [2024-05-27 02:25:29] INFO: Calculated checksum: 5d8947eb
# [2024-05-27 02:25:34] INFO: Calculated checksum: 2a1502fd
# [2024-05-27 02:25:34] INFO: Writing RNGSTATE file: ./rand_s060t20_b0680700_a_U000692500
# [2024-05-27 02:25:34] INFO: Writing to disk took 7.66946 seconds
# [2024-05-27 02:25:34] INFO: ======================================================================
# [2024-05-27 02:25:34] INFO: Start sweeping...
# [2024-05-27 02:33:11] INFO: It took 457.587 seconds to do 500 HBOR sweeps.
# [2024-05-27 02:33:11] INFO: Plaquette = 0.659644
# [2024-05-27 02:33:11] INFO: Polyakov loop = (0.00314214,5.23121e-05)
# [2024-05-27 02:33:11] INFO: Writing conf to disk...
# [2024-05-27 02:33:11] INFO: writeconf_nersc: Writing NERSC configuration ./conf_s060t20_b0680700_a_U000693000
# [2024-05-27 02:33:14] INFO: Calculated checksum: fda0e33f
# [2024-05-27 02:33:19] INFO: Calculated checksum: 800ec010
# [2024-05-27 02:33:19] INFO: Writing RNGSTATE file: ./rand_s060t20_b0680700_a_U000693000
# [2024-05-27 02:33:19] INFO: Writing to disk took 7.71054 seconds
# [2024-05-27 02:33:19] INFO: ======================================================================
# [2024-05-27 02:33:19] INFO: Start sweeping...
# [2024-05-27 02:40:57] INFO: It took 457.613 seconds to do 500 HBOR sweeps.
# [2024-05-27 02:40:57] INFO: Plaquette = 0.659679
# [2024-05-27 02:40:57] INFO: Polyakov loop = (0.00181545,-0.000498376)
# [2024-05-27 02:40:57] INFO: Writing conf to disk...
# [2024-05-27 02:40:57] INFO: writeconf_nersc: Writing NERSC configuration ./conf_s060t20_b0680700_a_U000693500
# [2024-05-27 02:41:00] INFO: Calculated checksum: 4dea5bff
# [2024-05-27 02:41:04] INFO: Calculated checksum: 589b0bcc
# [2024-05-27 02:41:04] INFO: Writing RNGSTATE file: ./rand_s060t20_b0680700_a_U000693500
# [2024-05-27 02:41:05] INFO: Writing to disk took 7.72584 seconds
# [2024-05-27 02:41:05] INFO: ======================================================================
# [2024-05-27 02:41:05] INFO: Start sweeping...
# [2024-05-27 02:48:41] INFO: It took 456.173 seconds to do 500 HBOR sweeps.
# [2024-05-27 02:48:41] INFO: Plaquette = 0.659689
# [2024-05-27 02:48:41] INFO: Polyakov loop = (0.00334791,8.54771e-05)
# [2024-05-27 02:48:41] INFO: Writing conf to disk...
# [2024-05-27 02:48:41] INFO: writeconf_nersc: Writing NERSC configuration ./conf_s060t20_b0680700_a_U000694000
# [2024-05-27 02:48:44] INFO: Calculated checksum: 62f9ed10
# [2024-05-27 02:48:48] INFO: Calculated checksum: d68c3a94
# [2024-05-27 02:48:48] INFO: Writing RNGSTATE file: ./rand_s060t20_b0680700_a_U000694000
# [2024-05-27 02:48:48] INFO: Writing to disk took 7.68667 seconds
# [2024-05-27 02:48:48] INFO: ======================================================================
# [2024-05-27 02:48:48] INFO: Start sweeping...
# [2024-05-27 02:56:23] INFO: It took 454.955 seconds to do 500 HBOR sweeps.
# [2024-05-27 02:56:23] INFO: Plaquette = 0.65972
# [2024-05-27 02:56:23] INFO: Polyakov loop = (0.00278477,2.91043e-05)
# [2024-05-27 02:56:23] INFO: Writing conf to disk...
# [2024-05-27 02:56:23] INFO: writeconf_nersc: Writing NERSC configuration ./conf_s060t20_b0680700_a_U000694500
# [2024-05-27 02:56:26] INFO: Calculated checksum: c0cdcf5f
# [2024-05-27 02:56:31] INFO: Calculated checksum: 849cc99c
# [2024-05-27 02:56:31] INFO: Writing RNGSTATE file: ./rand_s060t20_b0680700_a_U000694500
# [2024-05-27 02:56:31] INFO: Writing to disk took 7.63826 seconds
# [2024-05-27 02:56:31] INFO: ======================================================================
# [2024-05-27 02:56:31] INFO: Start sweeping...
# [2024-05-27 03:04:06] INFO: It took 454.39 seconds to do 500 HBOR sweeps.
# [2024-05-27 03:04:06] INFO: Plaquette = 0.659638
# [2024-05-27 03:04:06] INFO: Polyakov loop = (0.00173541,0.000334265)
# [2024-05-27 03:04:06] INFO: Writing conf to disk...
# [2024-05-27 03:04:06] INFO: writeconf_nersc: Writing NERSC configuration ./conf_s060t20_b0680700_a_U000695000
# [2024-05-27 03:04:08] INFO: Calculated checksum: 5ce2719e
# [2024-05-27 03:04:13] INFO: Calculated checksum: 13bffd68
# [2024-05-27 03:04:13] INFO: Writing RNGSTATE file: ./rand_s060t20_b0680700_a_U000695000
# [2024-05-27 03:04:13] INFO: Writing to disk took 7.6477 seconds
# [2024-05-27 03:04:13] INFO: ======================================================================
# [2024-05-27 03:04:13] INFO: Start sweeping...
# [2024-05-27 03:11:47] INFO: It took 454.143 seconds to do 500 HBOR sweeps.
# [2024-05-27 03:11:47] INFO: Plaquette = 0.659668
# [2024-05-27 03:11:47] INFO: Polyakov loop = (0.00270427,-5.9419e-05)
# [2024-05-27 03:11:47] INFO: Writing conf to disk...
# [2024-05-27 03:11:47] INFO: writeconf_nersc: Writing NERSC configuration ./conf_s060t20_b0680700_a_U000695500
# [2024-05-27 03:11:50] INFO: Calculated checksum: 22fde8c9
# [2024-05-27 03:11:56] INFO: Calculated checksum: f68aa4b3
# [2024-05-27 03:11:56] INFO: Writing RNGSTATE file: ./rand_s060t20_b0680700_a_U000695500
# [2024-05-27 03:11:56] INFO: Writing to disk took 8.27628 seconds
# [2024-05-27 03:11:56] INFO: ======================================================================
# [2024-05-27 03:11:56] INFO: Start sweeping...
# [2024-05-27 03:19:14] INFO: It took 438.339 seconds to do 500 HBOR sweeps.
# [2024-05-27 03:19:14] INFO: Plaquette = 0.659696
# [2024-05-27 03:19:14] INFO: Polyakov loop = (0.00308506,-9.47985e-05)
# [2024-05-27 03:19:14] INFO: Writing conf to disk...
# [2024-05-27 03:19:14] INFO: writeconf_nersc: Writing NERSC configuration ./conf_s060t20_b0680700_a_U000696000
# [2024-05-27 03:19:17] INFO: Calculated checksum: 69f9e14a
# [2024-05-27 03:19:21] INFO: Calculated checksum: 5d296a28
# [2024-05-27 03:19:21] INFO: Writing RNGSTATE file: ./rand_s060t20_b0680700_a_U000696000
# [2024-05-27 03:19:21] INFO: Writing to disk took 7.28308 seconds
# [2024-05-27 03:19:21] INFO: ======================================================================
# [2024-05-27 03:19:21] INFO: Start sweeping...
# [2024-05-27 03:26:37] INFO: It took 436.069 seconds to do 500 HBOR sweeps.
# [2024-05-27 03:26:37] INFO: Plaquette = 0.659643
# [2024-05-27 03:26:37] INFO: Polyakov loop = (0.001462,0.000386043)
# [2024-05-27 03:26:37] INFO: Writing conf to disk...
# [2024-05-27 03:26:37] INFO: writeconf_nersc: Writing NERSC configuration ./conf_s060t20_b0680700_a_U000696500
# [2024-05-27 03:26:40] INFO: Calculated checksum: 7f5320c1
# [2024-05-27 03:26:45] INFO: Calculated checksum: 3ec346ea
# [2024-05-27 03:26:45] INFO: Writing RNGSTATE file: ./rand_s060t20_b0680700_a_U000696500
# [2024-05-27 03:26:45] INFO: Writing to disk took 7.4688 seconds
# [2024-05-27 03:26:45] INFO: ======================================================================
# [2024-05-27 03:26:45] INFO: Start sweeping...
# [2024-05-27 03:33:59] INFO: It took 433.639 seconds to do 500 HBOR sweeps.
# [2024-05-27 03:33:59] INFO: Plaquette = 0.659713
# [2024-05-27 03:33:59] INFO: Polyakov loop = (0.00273603,-0.000515227)
# [2024-05-27 03:33:59] INFO: Writing conf to disk...
# [2024-05-27 03:33:59] INFO: writeconf_nersc: Writing NERSC configuration ./conf_s060t20_b0680700_a_U000697000
# [2024-05-27 03:34:02] INFO: Calculated checksum: d79c60f6
# [2024-05-27 03:34:06] INFO: Calculated checksum: ec023bad
# [2024-05-27 03:34:06] INFO: Writing RNGSTATE file: ./rand_s060t20_b0680700_a_U000697000
# [2024-05-27 03:34:06] INFO: Writing to disk took 7.3073 seconds
# [2024-05-27 03:34:06] INFO: ======================================================================
# [2024-05-27 03:34:06] INFO: Start sweeping...
# [2024-05-27 03:41:17] INFO: It took 431.295 seconds to do 500 HBOR sweeps.
# [2024-05-27 03:41:17] INFO: Plaquette = 0.65968
# [2024-05-27 03:41:17] INFO: Polyakov loop = (0.00258108,6.87606e-05)
# [2024-05-27 03:41:17] INFO: Writing conf to disk...
# [2024-05-27 03:41:17] INFO: writeconf_nersc: Writing NERSC configuration ./conf_s060t20_b0680700_a_U000697500
# [2024-05-27 03:41:20] INFO: Calculated checksum: 974f2d8d
# [2024-05-27 03:41:25] INFO: Calculated checksum: 3564304f
# [2024-05-27 03:41:25] INFO: Writing RNGSTATE file: ./rand_s060t20_b0680700_a_U000697500
# [2024-05-27 03:41:25] INFO: Writing to disk took 7.50778 seconds
# [2024-05-27 03:41:25] INFO: ======================================================================
# [2024-05-27 03:41:25] INFO: Start sweeping...
# [2024-05-27 03:48:37] INFO: It took 432.182 seconds to do 500 HBOR sweeps.
# [2024-05-27 03:48:37] INFO: Plaquette = 0.65967
# [2024-05-27 03:48:37] INFO: Polyakov loop = (0.00269276,-0.000504901)
# [2024-05-27 03:48:37] INFO: Writing conf to disk...
# [2024-05-27 03:48:37] INFO: writeconf_nersc: Writing NERSC configuration ./conf_s060t20_b0680700_a_U000698000
# [2024-05-27 03:48:40] INFO: Calculated checksum: 42c44d09
# [2024-05-27 03:48:45] INFO: Calculated checksum: 82c3cfb9
# [2024-05-27 03:48:45] INFO: Writing RNGSTATE file: ./rand_s060t20_b0680700_a_U000698000
# [2024-05-27 03:48:45] INFO: Writing to disk took 7.60641 seconds
# [2024-05-27 03:48:45] INFO: ======================================================================
# [2024-05-27 03:48:45] INFO: Start sweeping...
# [2024-05-27 03:55:56] INFO: It took 431.149 seconds to do 500 HBOR sweeps.
# [2024-05-27 03:55:56] INFO: Plaquette = 0.659625
# [2024-05-27 03:55:56] INFO: Polyakov loop = (0.00246275,-0.00012137)
# [2024-05-27 03:55:56] INFO: Writing conf to disk...
# [2024-05-27 03:55:56] INFO: writeconf_nersc: Writing NERSC configuration ./conf_s060t20_b0680700_a_U000698500
# [2024-05-27 03:55:59] INFO: Calculated checksum: 53d55a8b
# [2024-05-27 03:56:03] INFO: Calculated checksum: 52d69cc8
# [2024-05-27 03:56:03] INFO: Writing RNGSTATE file: ./rand_s060t20_b0680700_a_U000698500
# [2024-05-27 03:56:03] INFO: Writing to disk took 7.63586 seconds
# [2024-05-27 03:56:03] INFO: ======================================================================
# [2024-05-27 03:56:03] INFO: Start sweeping...
# [2024-05-27 04:03:16] INFO: It took 432.596 seconds to do 500 HBOR sweeps.
# [2024-05-27 04:03:16] INFO: Plaquette = 0.659688
# [2024-05-27 04:03:16] INFO: Polyakov loop = (0.00244134,0.000237413)
# [2024-05-27 04:03:16] INFO: Writing conf to disk...
# [2024-05-27 04:03:16] INFO: writeconf_nersc: Writing NERSC configuration ./conf_s060t20_b0680700_a_U000699000
# [2024-05-27 04:03:19] INFO: Calculated checksum: 326c6230
# [2024-05-27 04:03:24] INFO: Calculated checksum: 23d96fb1
# [2024-05-27 04:03:24] INFO: Writing RNGSTATE file: ./rand_s060t20_b0680700_a_U000699000
# [2024-05-27 04:03:24] INFO: Writing to disk took 7.63249 seconds
# [2024-05-27 04:03:24] INFO: ======================================================================
# [2024-05-27 04:03:24] INFO: Start sweeping...
# [2024-05-27 04:10:36] INFO: It took 432.108 seconds to do 500 HBOR sweeps.
# [2024-05-27 04:10:36] INFO: Plaquette = 0.659706
# [2024-05-27 04:10:36] INFO: Polyakov loop = (0.00335619,0.000617449)
# [2024-05-27 04:10:36] INFO: Writing conf to disk...
# [2024-05-27 04:10:36] INFO: writeconf_nersc: Writing NERSC configuration ./conf_s060t20_b0680700_a_U000699500
# [2024-05-27 04:10:39] INFO: Calculated checksum: e990ad96
# [2024-05-27 04:10:43] INFO: Calculated checksum: 224bfe5d
# [2024-05-27 04:10:43] INFO: Writing RNGSTATE file: ./rand_s060t20_b0680700_a_U000699500
# [2024-05-27 04:10:44] INFO: Writing to disk took 7.68807 seconds
# [2024-05-27 04:10:44] INFO: ======================================================================
# [2024-05-27 04:10:44] INFO: Start sweeping...
# [2024-05-27 04:17:56] INFO: It took 432.607 seconds to do 500 HBOR sweeps.
# [2024-05-27 04:17:56] INFO: Plaquette = 0.659648
# [2024-05-27 04:17:56] INFO: Polyakov loop = (0.00223699,-0.000804833)
# [2024-05-27 04:17:56] INFO: Writing conf to disk...
# [2024-05-27 04:17:56] INFO: writeconf_nersc: Writing NERSC configuration ./conf_s060t20_b0680700_a_U000700000
# [2024-05-27 04:17:59] INFO: Calculated checksum: 5e7731cf
# [2024-05-27 04:18:04] INFO: Calculated checksum: be662661
# [2024-05-27 04:18:04] INFO: Writing RNGSTATE file: ./rand_s060t20_b0680700_a_U000700000
# [2024-05-27 04:18:04] INFO: Writing to disk took 7.5769 seconds
# [2024-05-27 04:18:04] INFO: Finalizing MPI
