
Currently Loaded Modules:
  1) chpc/1.0      (S)   3) gcc/8.5.0      5) mpich/3.4.2
  2) python/3.10.3       4) cmake/3.26.0   6) cuda/11.6.2 (g)

  Where:
   S:  Module is Sticky, requires --force to unload or purge
   g:  built for GPU

 

# [2024-05-26 00:12:46] INFO: Running SIMULATeQCD
# [2024-05-26 00:12:46] INFO: Git commit version: 43e2518
# [2024-05-26 00:12:46] INFO: Initializing MPI with (1 proc)
# [2024-05-26 00:12:46] INFO: Reading parameters from file :: GenerateQuenched_b6534.param
# [2024-05-26 00:12:46] INFO: # PARAM :: Lattice = 60 60 60 20 
# [2024-05-26 00:12:46] INFO: # PARAM :: Nodes = 1 1 1 1 
# [2024-05-26 00:12:46] INFO: # PARAM :: Topology = 0 0 0 0  (default)
# [2024-05-26 00:12:46] INFO: # PARAM :: beta = 6.534
# [2024-05-26 00:12:46] INFO: # PARAM :: format = nersc
# [2024-05-26 00:12:46] INFO: # PARAM :: endianness = auto
# [2024-05-26 00:12:46] INFO: # PARAM :: conf_nr = 650000
# [2024-05-26 00:12:46] INFO: # PARAM :: stream = a
# [2024-05-26 00:12:46] INFO: # PARAM :: prec_out = 0 (default)
# [2024-05-26 00:12:46] INFO: # PARAM :: measurements_dir = ./ (default)
# [2024-05-26 00:12:46] INFO: # PARAM :: use_unit_conf = 0 (default)
# [2024-05-26 00:12:46] INFO: # PARAM :: output_dir = .
# [2024-05-26 00:12:46] INFO: # PARAM :: nconfs = 100
# [2024-05-26 00:12:46] INFO: # PARAM :: nsweeps_ORperHB = 4
# [2024-05-26 00:12:46] INFO: # PARAM :: nsweeps_HBwithOR = 500
# [2024-05-26 00:12:46] INFO: # PARAM :: prev_conf = conf_s060t20_b0653400_a_U000650000
# [2024-05-26 00:12:46] INFO: # PARAM :: prev_rand = rand_s060t20_b0653400_a_U000650000
# [2024-05-26 00:12:46] INFO: > Running on:
# [2024-05-26 00:12:46] INFO: [Rank 0] > notch271 CPU_6 GPU_40; MPI: world_rank=0, node_rank=0, coord: ( 0 0 0 0 )
# [2024-05-26 00:12:46] INFO: > Is MPI CUDA-aware? @compilation 
# [2024-05-26 00:12:46] INFO: > GPU compute capability: 75
# [2024-05-26 00:12:46] INFO: > Checking support for P2P (Peer-to-Peer) and UVA (Unified Virtual Addressing):
# [2024-05-26 00:12:46] INFO: [Rank 0] > notch271 GPU_40(NVIDIA GeForce RTX 2080 Ti): P2P NO ; UVA YES
# [2024-05-26 00:12:46] INFO: Initialize Indexer with HaloDepth = 1[0;33m[0m
# [2024-05-26 00:12:46] INFO: Resuming previous run.
# [2024-05-26 00:12:46] INFO: readconf_nersc: Reading NERSC configuration conf_s060t20_b0653400_a_U000650000
# [2024-05-26 00:12:59] INFO: Next conf_number will be 650500
# [2024-05-26 00:12:59] INFO: Generating up to 100 confs with a separation of 500 HBOR sweeps (OR/HB = 4) ...
# [2024-05-26 00:12:59] INFO: ======================================================================
# [2024-05-26 00:12:59] INFO: Start sweeping...
# [2024-05-26 00:19:35] INFO: It took 396.353 seconds to do 500 HBOR sweeps.
# [2024-05-26 00:19:35] INFO: Plaquette = 0.64086
# [2024-05-26 00:19:35] INFO: Polyakov loop = (0.000509633,-0.000366661)
# [2024-05-26 00:19:35] INFO: Writing conf to disk...
# [2024-05-26 00:19:35] INFO: writeconf_nersc: Writing NERSC configuration ./conf_s060t20_b0653400_a_U000650500
# [2024-05-26 00:19:38] INFO: Calculated checksum: b751671e
# [2024-05-26 00:19:43] INFO: Calculated checksum: d60190dd
# [2024-05-26 00:19:43] INFO: Writing RNGSTATE file: ./rand_s060t20_b0653400_a_U000650500
# [2024-05-26 00:19:43] INFO: Writing to disk took 7.92106 seconds
# [2024-05-26 00:19:43] INFO: ======================================================================
# [2024-05-26 00:19:43] INFO: Start sweeping...
# [2024-05-26 00:26:22] INFO: It took 398.278 seconds to do 500 HBOR sweeps.
# [2024-05-26 00:26:22] INFO: Plaquette = 0.640917
# [2024-05-26 00:26:22] INFO: Polyakov loop = (0.000865377,0.000944369)
# [2024-05-26 00:26:22] INFO: Writing conf to disk...
# [2024-05-26 00:26:22] INFO: writeconf_nersc: Writing NERSC configuration ./conf_s060t20_b0653400_a_U000651000
# [2024-05-26 00:26:25] INFO: Calculated checksum: e746303a
# [2024-05-26 00:26:30] INFO: Calculated checksum: dc7b288d
# [2024-05-26 00:26:30] INFO: Writing RNGSTATE file: ./rand_s060t20_b0653400_a_U000651000
# [2024-05-26 00:26:30] INFO: Writing to disk took 8.37027 seconds
# [2024-05-26 00:26:30] INFO: ======================================================================
# [2024-05-26 00:26:30] INFO: Start sweeping...
# [2024-05-26 00:33:08] INFO: It took 398.011 seconds to do 500 HBOR sweeps.
# [2024-05-26 00:33:08] INFO: Plaquette = 0.640883
# [2024-05-26 00:33:08] INFO: Polyakov loop = (-0.00120429,3.71293e-05)
# [2024-05-26 00:33:08] INFO: Writing conf to disk...
# [2024-05-26 00:33:08] INFO: writeconf_nersc: Writing NERSC configuration ./conf_s060t20_b0653400_a_U000651500
# [2024-05-26 00:33:11] INFO: Calculated checksum: 77399ace
# [2024-05-26 00:33:17] INFO: Calculated checksum: fe155c83
# [2024-05-26 00:33:17] INFO: Writing RNGSTATE file: ./rand_s060t20_b0653400_a_U000651500
# [2024-05-26 00:33:17] INFO: Writing to disk took 8.7092 seconds
# [2024-05-26 00:33:17] INFO: ======================================================================
# [2024-05-26 00:33:17] INFO: Start sweeping...
# [2024-05-26 00:39:55] INFO: It took 397.742 seconds to do 500 HBOR sweeps.
# [2024-05-26 00:39:55] INFO: Plaquette = 0.640869
# [2024-05-26 00:39:55] INFO: Polyakov loop = (0.000329106,0.00033171)
# [2024-05-26 00:39:55] INFO: Writing conf to disk...
# [2024-05-26 00:39:55] INFO: writeconf_nersc: Writing NERSC configuration ./conf_s060t20_b0653400_a_U000652000
# [2024-05-26 00:39:58] INFO: Calculated checksum: 63ea0563
# [2024-05-26 00:40:03] INFO: Calculated checksum: c0882344
# [2024-05-26 00:40:03] INFO: Writing RNGSTATE file: ./rand_s060t20_b0653400_a_U000652000
# [2024-05-26 00:40:03] INFO: Writing to disk took 8.19369 seconds
# [2024-05-26 00:40:03] INFO: ======================================================================
# [2024-05-26 00:40:03] INFO: Start sweeping...
# [2024-05-26 00:46:41] INFO: It took 398.063 seconds to do 500 HBOR sweeps.
# [2024-05-26 00:46:41] INFO: Plaquette = 0.640881
# [2024-05-26 00:46:41] INFO: Polyakov loop = (0.000103961,6.41374e-06)
# [2024-05-26 00:46:41] INFO: Writing conf to disk...
# [2024-05-26 00:46:41] INFO: writeconf_nersc: Writing NERSC configuration ./conf_s060t20_b0653400_a_U000652500
# [2024-05-26 00:46:44] INFO: Calculated checksum: d980f651
# [2024-05-26 00:46:49] INFO: Calculated checksum: 8f4e46ca
# [2024-05-26 00:46:49] INFO: Writing RNGSTATE file: ./rand_s060t20_b0653400_a_U000652500
# [2024-05-26 00:46:49] INFO: Writing to disk took 7.83685 seconds
# [2024-05-26 00:46:49] INFO: ======================================================================
# [2024-05-26 00:46:49] INFO: Start sweeping...
# [2024-05-26 00:53:27] INFO: It took 398.09 seconds to do 500 HBOR sweeps.
# [2024-05-26 00:53:27] INFO: Plaquette = 0.640907
# [2024-05-26 00:53:27] INFO: Polyakov loop = (-0.000277769,-0.000343635)
# [2024-05-26 00:53:27] INFO: Writing conf to disk...
# [2024-05-26 00:53:27] INFO: writeconf_nersc: Writing NERSC configuration ./conf_s060t20_b0653400_a_U000653000
# [2024-05-26 00:53:30] INFO: Calculated checksum: 95b816ea
# [2024-05-26 00:53:34] INFO: Calculated checksum: 8549f361
# [2024-05-26 00:53:34] INFO: Writing RNGSTATE file: ./rand_s060t20_b0653400_a_U000653000
# [2024-05-26 00:53:35] INFO: Writing to disk took 7.712 seconds
# [2024-05-26 00:53:35] INFO: ======================================================================
# [2024-05-26 00:53:35] INFO: Start sweeping...
# [2024-05-26 01:00:13] INFO: It took 398.162 seconds to do 500 HBOR sweeps.
# [2024-05-26 01:00:13] INFO: Plaquette = 0.640945
# [2024-05-26 01:00:13] INFO: Polyakov loop = (0.000113623,-0.000282505)
# [2024-05-26 01:00:13] INFO: Writing conf to disk...
# [2024-05-26 01:00:13] INFO: writeconf_nersc: Writing NERSC configuration ./conf_s060t20_b0653400_a_U000653500
# [2024-05-26 01:00:16] INFO: Calculated checksum: 3008877e
# [2024-05-26 01:00:20] INFO: Calculated checksum: 81fa57f1
# [2024-05-26 01:00:20] INFO: Writing RNGSTATE file: ./rand_s060t20_b0653400_a_U000653500
# [2024-05-26 01:00:21] INFO: Writing to disk took 7.85828 seconds
# [2024-05-26 01:00:21] INFO: ======================================================================
# [2024-05-26 01:00:21] INFO: Start sweeping...
# [2024-05-26 01:06:59] INFO: It took 398.123 seconds to do 500 HBOR sweeps.
# [2024-05-26 01:06:59] INFO: Plaquette = 0.640901
# [2024-05-26 01:06:59] INFO: Polyakov loop = (-0.000105612,0.000299486)
# [2024-05-26 01:06:59] INFO: Writing conf to disk...
# [2024-05-26 01:06:59] INFO: writeconf_nersc: Writing NERSC configuration ./conf_s060t20_b0653400_a_U000654000
# [2024-05-26 01:07:02] INFO: Calculated checksum: 80310b98
# [2024-05-26 01:07:07] INFO: Calculated checksum: eb5c808c
# [2024-05-26 01:07:07] INFO: Writing RNGSTATE file: ./rand_s060t20_b0653400_a_U000654000
# [2024-05-26 01:07:07] INFO: Writing to disk took 7.93375 seconds
# [2024-05-26 01:07:07] INFO: ======================================================================
# [2024-05-26 01:07:07] INFO: Start sweeping...
# [2024-05-26 01:13:45] INFO: It took 398.156 seconds to do 500 HBOR sweeps.
# [2024-05-26 01:13:45] INFO: Plaquette = 0.640811
# [2024-05-26 01:13:45] INFO: Polyakov loop = (-0.000414647,-0.000510136)
# [2024-05-26 01:13:45] INFO: Writing conf to disk...
# [2024-05-26 01:13:45] INFO: writeconf_nersc: Writing NERSC configuration ./conf_s060t20_b0653400_a_U000654500
# [2024-05-26 01:13:48] INFO: Calculated checksum: 7442d07e
# [2024-05-26 01:13:53] INFO: Calculated checksum: 37616079
# [2024-05-26 01:13:53] INFO: Writing RNGSTATE file: ./rand_s060t20_b0653400_a_U000654500
# [2024-05-26 01:13:53] INFO: Writing to disk took 7.83904 seconds
# [2024-05-26 01:13:53] INFO: ======================================================================
# [2024-05-26 01:13:53] INFO: Start sweeping...
# [2024-05-26 01:20:31] INFO: It took 398.228 seconds to do 500 HBOR sweeps.
# [2024-05-26 01:20:31] INFO: Plaquette = 0.640954
# [2024-05-26 01:20:31] INFO: Polyakov loop = (-0.00020123,0.000226799)
# [2024-05-26 01:20:31] INFO: Writing conf to disk...
# [2024-05-26 01:20:31] INFO: writeconf_nersc: Writing NERSC configuration ./conf_s060t20_b0653400_a_U000655000
# [2024-05-26 01:20:34] INFO: Calculated checksum: 2c2a2c1
# [2024-05-26 01:20:39] INFO: Calculated checksum: a7611b97
# [2024-05-26 01:20:39] INFO: Writing RNGSTATE file: ./rand_s060t20_b0653400_a_U000655000
# [2024-05-26 01:20:39] INFO: Writing to disk took 8.12025 seconds
# [2024-05-26 01:20:39] INFO: ======================================================================
# [2024-05-26 01:20:39] INFO: Start sweeping...
# [2024-05-26 01:27:17] INFO: It took 398.19 seconds to do 500 HBOR sweeps.
# [2024-05-26 01:27:17] INFO: Plaquette = 0.640882
# [2024-05-26 01:27:17] INFO: Polyakov loop = (-6.81815e-05,0.000235775)
# [2024-05-26 01:27:17] INFO: Writing conf to disk...
# [2024-05-26 01:27:17] INFO: writeconf_nersc: Writing NERSC configuration ./conf_s060t20_b0653400_a_U000655500
# [2024-05-26 01:27:20] INFO: Calculated checksum: 70dc8a61
# [2024-05-26 01:27:25] INFO: Calculated checksum: 1af2802a
# [2024-05-26 01:27:25] INFO: Writing RNGSTATE file: ./rand_s060t20_b0653400_a_U000655500
# [2024-05-26 01:27:25] INFO: Writing to disk took 7.9012 seconds
# [2024-05-26 01:27:25] INFO: ======================================================================
# [2024-05-26 01:27:25] INFO: Start sweeping...
# [2024-05-26 01:34:04] INFO: It took 398.197 seconds to do 500 HBOR sweeps.
# [2024-05-26 01:34:04] INFO: Plaquette = 0.640908
# [2024-05-26 01:34:04] INFO: Polyakov loop = (-0.000371409,-0.00061622)
# [2024-05-26 01:34:04] INFO: Writing conf to disk...
# [2024-05-26 01:34:04] INFO: writeconf_nersc: Writing NERSC configuration ./conf_s060t20_b0653400_a_U000656000
# [2024-05-26 01:34:07] INFO: Calculated checksum: 9af2e2f1
# [2024-05-26 01:34:13] INFO: Calculated checksum: b6c48614
# [2024-05-26 01:34:13] INFO: Writing RNGSTATE file: ./rand_s060t20_b0653400_a_U000656000
# [2024-05-26 01:34:13] INFO: Writing to disk took 9.66537 seconds
# [2024-05-26 01:34:13] INFO: ======================================================================
# [2024-05-26 01:34:13] INFO: Start sweeping...
# [2024-05-26 01:40:51] INFO: It took 398.146 seconds to do 500 HBOR sweeps.
# [2024-05-26 01:40:51] INFO: Plaquette = 0.640886
# [2024-05-26 01:40:51] INFO: Polyakov loop = (-0.000893451,0.000591968)
# [2024-05-26 01:40:51] INFO: Writing conf to disk...
# [2024-05-26 01:40:51] INFO: writeconf_nersc: Writing NERSC configuration ./conf_s060t20_b0653400_a_U000656500
# [2024-05-26 01:40:54] INFO: Calculated checksum: 1d651389
# [2024-05-26 01:40:59] INFO: Calculated checksum: 150dd4e3
# [2024-05-26 01:40:59] INFO: Writing RNGSTATE file: ./rand_s060t20_b0653400_a_U000656500
# [2024-05-26 01:40:59] INFO: Writing to disk took 8.04749 seconds
# [2024-05-26 01:40:59] INFO: ======================================================================
# [2024-05-26 01:40:59] INFO: Start sweeping...
# [2024-05-26 01:47:38] INFO: It took 398.189 seconds to do 500 HBOR sweeps.
# [2024-05-26 01:47:38] INFO: Plaquette = 0.640931
# [2024-05-26 01:47:38] INFO: Polyakov loop = (0.000804359,-0.000213703)
# [2024-05-26 01:47:38] INFO: Writing conf to disk...
# [2024-05-26 01:47:38] INFO: writeconf_nersc: Writing NERSC configuration ./conf_s060t20_b0653400_a_U000657000
# [2024-05-26 01:47:41] INFO: Calculated checksum: 8642e610
# [2024-05-26 01:47:45] INFO: Calculated checksum: 6f20c17e
# [2024-05-26 01:47:45] INFO: Writing RNGSTATE file: ./rand_s060t20_b0653400_a_U000657000
# [2024-05-26 01:47:46] INFO: Writing to disk took 7.84593 seconds
# [2024-05-26 01:47:46] INFO: ======================================================================
# [2024-05-26 01:47:46] INFO: Start sweeping...
# [2024-05-26 01:54:24] INFO: It took 398.227 seconds to do 500 HBOR sweeps.
# [2024-05-26 01:54:24] INFO: Plaquette = 0.640878
# [2024-05-26 01:54:24] INFO: Polyakov loop = (-0.000145232,0.00064648)
# [2024-05-26 01:54:24] INFO: Writing conf to disk...
# [2024-05-26 01:54:24] INFO: writeconf_nersc: Writing NERSC configuration ./conf_s060t20_b0653400_a_U000657500
# [2024-05-26 01:54:27] INFO: Calculated checksum: 10256639
# [2024-05-26 01:54:31] INFO: Calculated checksum: 3c949a5e
# [2024-05-26 01:54:31] INFO: Writing RNGSTATE file: ./rand_s060t20_b0653400_a_U000657500
# [2024-05-26 01:54:32] INFO: Writing to disk took 7.77595 seconds
# [2024-05-26 01:54:32] INFO: ======================================================================
# [2024-05-26 01:54:32] INFO: Start sweeping...
# [2024-05-26 02:01:10] INFO: It took 398.197 seconds to do 500 HBOR sweeps.
# [2024-05-26 02:01:10] INFO: Plaquette = 0.640775
# [2024-05-26 02:01:10] INFO: Polyakov loop = (-0.000334473,-6.00005e-06)
# [2024-05-26 02:01:10] INFO: Writing conf to disk...
# [2024-05-26 02:01:10] INFO: writeconf_nersc: Writing NERSC configuration ./conf_s060t20_b0653400_a_U000658000
# [2024-05-26 02:01:13] INFO: Calculated checksum: 51d6f234
# [2024-05-26 02:01:17] INFO: Calculated checksum: 8bfb8776
# [2024-05-26 02:01:17] INFO: Writing RNGSTATE file: ./rand_s060t20_b0653400_a_U000658000
# [2024-05-26 02:01:18] INFO: Writing to disk took 7.77944 seconds
# [2024-05-26 02:01:18] INFO: ======================================================================
# [2024-05-26 02:01:18] INFO: Start sweeping...
# [2024-05-26 02:07:56] INFO: It took 398.204 seconds to do 500 HBOR sweeps.
# [2024-05-26 02:07:56] INFO: Plaquette = 0.640889
# [2024-05-26 02:07:56] INFO: Polyakov loop = (0.000501831,0.000388629)
# [2024-05-26 02:07:56] INFO: Writing conf to disk...
# [2024-05-26 02:07:56] INFO: writeconf_nersc: Writing NERSC configuration ./conf_s060t20_b0653400_a_U000658500
# [2024-05-26 02:07:59] INFO: Calculated checksum: d7969f
# [2024-05-26 02:08:04] INFO: Calculated checksum: 952b3d3a
# [2024-05-26 02:08:04] INFO: Writing RNGSTATE file: ./rand_s060t20_b0653400_a_U000658500
# [2024-05-26 02:08:04] INFO: Writing to disk took 7.87469 seconds
# [2024-05-26 02:08:04] INFO: ======================================================================
# [2024-05-26 02:08:04] INFO: Start sweeping...
# [2024-05-26 02:14:42] INFO: It took 398.21 seconds to do 500 HBOR sweeps.
# [2024-05-26 02:14:42] INFO: Plaquette = 0.640888
# [2024-05-26 02:14:42] INFO: Polyakov loop = (-0.000150232,-0.000410872)
# [2024-05-26 02:14:42] INFO: Writing conf to disk...
# [2024-05-26 02:14:42] INFO: writeconf_nersc: Writing NERSC configuration ./conf_s060t20_b0653400_a_U000659000
# [2024-05-26 02:14:45] INFO: Calculated checksum: ff6e2f97
# [2024-05-26 02:14:50] INFO: Calculated checksum: efa5ef89
# [2024-05-26 02:14:50] INFO: Writing RNGSTATE file: ./rand_s060t20_b0653400_a_U000659000
# [2024-05-26 02:14:50] INFO: Writing to disk took 7.80652 seconds
# [2024-05-26 02:14:50] INFO: ======================================================================
# [2024-05-26 02:14:50] INFO: Start sweeping...
# [2024-05-26 02:21:28] INFO: It took 398.252 seconds to do 500 HBOR sweeps.
# [2024-05-26 02:21:28] INFO: Plaquette = 0.640884
# [2024-05-26 02:21:28] INFO: Polyakov loop = (0.000718464,0.000390045)
# [2024-05-26 02:21:28] INFO: Writing conf to disk...
# [2024-05-26 02:21:28] INFO: writeconf_nersc: Writing NERSC configuration ./conf_s060t20_b0653400_a_U000659500
# [2024-05-26 02:21:31] INFO: Calculated checksum: 1f484097
# [2024-05-26 02:21:36] INFO: Calculated checksum: d30929fd
# [2024-05-26 02:21:36] INFO: Writing RNGSTATE file: ./rand_s060t20_b0653400_a_U000659500
# [2024-05-26 02:21:36] INFO: Writing to disk took 7.90052 seconds
# [2024-05-26 02:21:36] INFO: ======================================================================
# [2024-05-26 02:21:36] INFO: Start sweeping...
# [2024-05-26 02:28:14] INFO: It took 398.269 seconds to do 500 HBOR sweeps.
# [2024-05-26 02:28:14] INFO: Plaquette = 0.640958
# [2024-05-26 02:28:14] INFO: Polyakov loop = (-9.26955e-05,5.42954e-05)
# [2024-05-26 02:28:14] INFO: Writing conf to disk...
# [2024-05-26 02:28:14] INFO: writeconf_nersc: Writing NERSC configuration ./conf_s060t20_b0653400_a_U000660000
# [2024-05-26 02:28:17] INFO: Calculated checksum: c1b4cde4
# [2024-05-26 02:28:22] INFO: Calculated checksum: d1a5d9ea
# [2024-05-26 02:28:22] INFO: Writing RNGSTATE file: ./rand_s060t20_b0653400_a_U000660000
# [2024-05-26 02:28:22] INFO: Writing to disk took 7.8676 seconds
# [2024-05-26 02:28:22] INFO: ======================================================================
# [2024-05-26 02:28:22] INFO: Start sweeping...
# [2024-05-26 02:35:00] INFO: It took 398.226 seconds to do 500 HBOR sweeps.
# [2024-05-26 02:35:00] INFO: Plaquette = 0.640847
# [2024-05-26 02:35:00] INFO: Polyakov loop = (2.02923e-05,-0.00125853)
# [2024-05-26 02:35:00] INFO: Writing conf to disk...
# [2024-05-26 02:35:00] INFO: writeconf_nersc: Writing NERSC configuration ./conf_s060t20_b0653400_a_U000660500
# [2024-05-26 02:35:03] INFO: Calculated checksum: 6df32988
# [2024-05-26 02:35:08] INFO: Calculated checksum: f96ccb18
# [2024-05-26 02:35:08] INFO: Writing RNGSTATE file: ./rand_s060t20_b0653400_a_U000660500
# [2024-05-26 02:35:08] INFO: Writing to disk took 7.89309 seconds
# [2024-05-26 02:35:08] INFO: ======================================================================
# [2024-05-26 02:35:08] INFO: Start sweeping...
# [2024-05-26 02:41:47] INFO: It took 398.171 seconds to do 500 HBOR sweeps.
# [2024-05-26 02:41:47] INFO: Plaquette = 0.640932
# [2024-05-26 02:41:47] INFO: Polyakov loop = (0.00101154,-5.06311e-05)
# [2024-05-26 02:41:47] INFO: Writing conf to disk...
# [2024-05-26 02:41:47] INFO: writeconf_nersc: Writing NERSC configuration ./conf_s060t20_b0653400_a_U000661000
# [2024-05-26 02:41:50] INFO: Calculated checksum: 7bb42490
# [2024-05-26 02:41:55] INFO: Calculated checksum: 2da54be5
# [2024-05-26 02:41:55] INFO: Writing RNGSTATE file: ./rand_s060t20_b0653400_a_U000661000
# [2024-05-26 02:41:55] INFO: Writing to disk took 8.06346 seconds
# [2024-05-26 02:41:55] INFO: ======================================================================
# [2024-05-26 02:41:55] INFO: Start sweeping...
# [2024-05-26 02:48:33] INFO: It took 398.157 seconds to do 500 HBOR sweeps.
# [2024-05-26 02:48:33] INFO: Plaquette = 0.640873
# [2024-05-26 02:48:33] INFO: Polyakov loop = (-0.000722978,0.000446885)
# [2024-05-26 02:48:33] INFO: Writing conf to disk...
# [2024-05-26 02:48:33] INFO: writeconf_nersc: Writing NERSC configuration ./conf_s060t20_b0653400_a_U000661500
# [2024-05-26 02:48:36] INFO: Calculated checksum: 1197e717
# [2024-05-26 02:48:41] INFO: Calculated checksum: dc14447
# [2024-05-26 02:48:41] INFO: Writing RNGSTATE file: ./rand_s060t20_b0653400_a_U000661500
# [2024-05-26 02:48:41] INFO: Writing to disk took 7.96696 seconds
# [2024-05-26 02:48:41] INFO: ======================================================================
# [2024-05-26 02:48:41] INFO: Start sweeping...
# [2024-05-26 02:55:19] INFO: It took 398.261 seconds to do 500 HBOR sweeps.
# [2024-05-26 02:55:19] INFO: Plaquette = 0.640905
# [2024-05-26 02:55:19] INFO: Polyakov loop = (-1.37656e-05,-0.000283961)
# [2024-05-26 02:55:19] INFO: Writing conf to disk...
# [2024-05-26 02:55:19] INFO: writeconf_nersc: Writing NERSC configuration ./conf_s060t20_b0653400_a_U000662000
# [2024-05-26 02:55:22] INFO: Calculated checksum: 2cd5605
# [2024-05-26 02:55:27] INFO: Calculated checksum: 17620721
# [2024-05-26 02:55:27] INFO: Writing RNGSTATE file: ./rand_s060t20_b0653400_a_U000662000
# [2024-05-26 02:55:27] INFO: Writing to disk took 7.9887 seconds
# [2024-05-26 02:55:27] INFO: ======================================================================
# [2024-05-26 02:55:27] INFO: Start sweeping...
# [2024-05-26 03:02:05] INFO: It took 398.259 seconds to do 500 HBOR sweeps.
# [2024-05-26 03:02:05] INFO: Plaquette = 0.640909
# [2024-05-26 03:02:05] INFO: Polyakov loop = (0.000193936,0.000466544)
# [2024-05-26 03:02:05] INFO: Writing conf to disk...
# [2024-05-26 03:02:05] INFO: writeconf_nersc: Writing NERSC configuration ./conf_s060t20_b0653400_a_U000662500
# [2024-05-26 03:02:08] INFO: Calculated checksum: 25d88193
# [2024-05-26 03:02:13] INFO: Calculated checksum: 91a95e63
# [2024-05-26 03:02:13] INFO: Writing RNGSTATE file: ./rand_s060t20_b0653400_a_U000662500
# [2024-05-26 03:02:14] INFO: Writing to disk took 8.41692 seconds
# [2024-05-26 03:02:14] INFO: ======================================================================
# [2024-05-26 03:02:14] INFO: Start sweeping...
# [2024-05-26 03:08:52] INFO: It took 398.252 seconds to do 500 HBOR sweeps.
# [2024-05-26 03:08:52] INFO: Plaquette = 0.640801
# [2024-05-26 03:08:52] INFO: Polyakov loop = (0.000426085,0.000378017)
# [2024-05-26 03:08:52] INFO: Writing conf to disk...
# [2024-05-26 03:08:52] INFO: writeconf_nersc: Writing NERSC configuration ./conf_s060t20_b0653400_a_U000663000
# [2024-05-26 03:08:55] INFO: Calculated checksum: 6be429
# [2024-05-26 03:09:00] INFO: Calculated checksum: e860e4e5
# [2024-05-26 03:09:00] INFO: Writing RNGSTATE file: ./rand_s060t20_b0653400_a_U000663000
# [2024-05-26 03:09:00] INFO: Writing to disk took 7.86314 seconds
# [2024-05-26 03:09:00] INFO: ======================================================================
# [2024-05-26 03:09:00] INFO: Start sweeping...
# [2024-05-26 03:15:38] INFO: It took 398.3 seconds to do 500 HBOR sweeps.
# [2024-05-26 03:15:38] INFO: Plaquette = 0.640875
# [2024-05-26 03:15:38] INFO: Polyakov loop = (0.000876608,-0.000384793)
# [2024-05-26 03:15:38] INFO: Writing conf to disk...
# [2024-05-26 03:15:38] INFO: writeconf_nersc: Writing NERSC configuration ./conf_s060t20_b0653400_a_U000663500
# [2024-05-26 03:15:41] INFO: Calculated checksum: 6e518bbf
# [2024-05-26 03:15:46] INFO: Calculated checksum: 418f22d8
# [2024-05-26 03:15:46] INFO: Writing RNGSTATE file: ./rand_s060t20_b0653400_a_U000663500
# [2024-05-26 03:15:46] INFO: Writing to disk took 7.85628 seconds
# [2024-05-26 03:15:46] INFO: ======================================================================
# [2024-05-26 03:15:46] INFO: Start sweeping...
# [2024-05-26 03:22:25] INFO: It took 398.3 seconds to do 500 HBOR sweeps.
# [2024-05-26 03:22:25] INFO: Plaquette = 0.640814
# [2024-05-26 03:22:25] INFO: Polyakov loop = (-0.000713221,0.000213282)
# [2024-05-26 03:22:25] INFO: Writing conf to disk...
# [2024-05-26 03:22:25] INFO: writeconf_nersc: Writing NERSC configuration ./conf_s060t20_b0653400_a_U000664000
# [2024-05-26 03:22:27] INFO: Calculated checksum: 96dbd33b
# [2024-05-26 03:22:32] INFO: Calculated checksum: 9905373a
# [2024-05-26 03:22:32] INFO: Writing RNGSTATE file: ./rand_s060t20_b0653400_a_U000664000
# [2024-05-26 03:22:32] INFO: Writing to disk took 7.81321 seconds
# [2024-05-26 03:22:32] INFO: ======================================================================
# [2024-05-26 03:22:32] INFO: Start sweeping...
# [2024-05-26 03:29:11] INFO: It took 398.263 seconds to do 500 HBOR sweeps.
# [2024-05-26 03:29:11] INFO: Plaquette = 0.640927
# [2024-05-26 03:29:11] INFO: Polyakov loop = (0.000297544,-0.000890424)
# [2024-05-26 03:29:11] INFO: Writing conf to disk...
# [2024-05-26 03:29:11] INFO: writeconf_nersc: Writing NERSC configuration ./conf_s060t20_b0653400_a_U000664500
# [2024-05-26 03:29:14] INFO: Calculated checksum: 3b30bf33
# [2024-05-26 03:29:18] INFO: Calculated checksum: e63b0071
# [2024-05-26 03:29:18] INFO: Writing RNGSTATE file: ./rand_s060t20_b0653400_a_U000664500
# [2024-05-26 03:29:18] INFO: Writing to disk took 7.7912 seconds
# [2024-05-26 03:29:18] INFO: ======================================================================
# [2024-05-26 03:29:18] INFO: Start sweeping...
# [2024-05-26 03:35:57] INFO: It took 398.298 seconds to do 500 HBOR sweeps.
# [2024-05-26 03:35:57] INFO: Plaquette = 0.640916
# [2024-05-26 03:35:57] INFO: Polyakov loop = (0.000495589,0.00089809)
# [2024-05-26 03:35:57] INFO: Writing conf to disk...
# [2024-05-26 03:35:57] INFO: writeconf_nersc: Writing NERSC configuration ./conf_s060t20_b0653400_a_U000665000
# [2024-05-26 03:36:00] INFO: Calculated checksum: 179c1c0e
# [2024-05-26 03:36:04] INFO: Calculated checksum: 4ffd87b0
# [2024-05-26 03:36:04] INFO: Writing RNGSTATE file: ./rand_s060t20_b0653400_a_U000665000
# [2024-05-26 03:36:05] INFO: Writing to disk took 7.75847 seconds
# [2024-05-26 03:36:05] INFO: ======================================================================
# [2024-05-26 03:36:05] INFO: Start sweeping...
# [2024-05-26 03:42:43] INFO: It took 398.26 seconds to do 500 HBOR sweeps.
# [2024-05-26 03:42:43] INFO: Plaquette = 0.640886
# [2024-05-26 03:42:43] INFO: Polyakov loop = (9.63112e-06,0.000910466)
# [2024-05-26 03:42:43] INFO: Writing conf to disk...
# [2024-05-26 03:42:43] INFO: writeconf_nersc: Writing NERSC configuration ./conf_s060t20_b0653400_a_U000665500
# [2024-05-26 03:42:46] INFO: Calculated checksum: 4a378f3a
# [2024-05-26 03:42:51] INFO: Calculated checksum: 79b791d2
# [2024-05-26 03:42:51] INFO: Writing RNGSTATE file: ./rand_s060t20_b0653400_a_U000665500
# [2024-05-26 03:42:51] INFO: Writing to disk took 7.84187 seconds
# [2024-05-26 03:42:51] INFO: ======================================================================
# [2024-05-26 03:42:51] INFO: Start sweeping...
# [2024-05-26 03:49:29] INFO: It took 398.265 seconds to do 500 HBOR sweeps.
# [2024-05-26 03:49:29] INFO: Plaquette = 0.640948
# [2024-05-26 03:49:29] INFO: Polyakov loop = (9.36489e-05,-7.83015e-05)
# [2024-05-26 03:49:29] INFO: Writing conf to disk...
# [2024-05-26 03:49:29] INFO: writeconf_nersc: Writing NERSC configuration ./conf_s060t20_b0653400_a_U000666000
# [2024-05-26 03:49:32] INFO: Calculated checksum: 84264e11
# [2024-05-26 03:49:37] INFO: Calculated checksum: ae851d28
# [2024-05-26 03:49:37] INFO: Writing RNGSTATE file: ./rand_s060t20_b0653400_a_U000666000
# [2024-05-26 03:49:37] INFO: Writing to disk took 8.14175 seconds
# [2024-05-26 03:49:37] INFO: ======================================================================
# [2024-05-26 03:49:37] INFO: Start sweeping...
# [2024-05-26 03:56:15] INFO: It took 398.286 seconds to do 500 HBOR sweeps.
# [2024-05-26 03:56:16] INFO: Plaquette = 0.640906
# [2024-05-26 03:56:16] INFO: Polyakov loop = (1.2505e-07,0.000149494)
# [2024-05-26 03:56:16] INFO: Writing conf to disk...
# [2024-05-26 03:56:16] INFO: writeconf_nersc: Writing NERSC configuration ./conf_s060t20_b0653400_a_U000666500
# [2024-05-26 03:56:18] INFO: Calculated checksum: e53c2e3c
# [2024-05-26 03:56:24] INFO: Calculated checksum: a02b494e
# [2024-05-26 03:56:24] INFO: Writing RNGSTATE file: ./rand_s060t20_b0653400_a_U000666500
# [2024-05-26 03:56:24] INFO: Writing to disk took 8.34109 seconds
# [2024-05-26 03:56:24] INFO: ======================================================================
# [2024-05-26 03:56:24] INFO: Start sweeping...
# [2024-05-26 04:03:02] INFO: It took 398.274 seconds to do 500 HBOR sweeps.
# [2024-05-26 04:03:02] INFO: Plaquette = 0.64086
# [2024-05-26 04:03:02] INFO: Polyakov loop = (-0.000459425,0.000988645)
# [2024-05-26 04:03:02] INFO: Writing conf to disk...
# [2024-05-26 04:03:02] INFO: writeconf_nersc: Writing NERSC configuration ./conf_s060t20_b0653400_a_U000667000
# [2024-05-26 04:03:05] INFO: Calculated checksum: 545efbb4
# [2024-05-26 04:03:10] INFO: Calculated checksum: 5f7463c9
# [2024-05-26 04:03:10] INFO: Writing RNGSTATE file: ./rand_s060t20_b0653400_a_U000667000
# [2024-05-26 04:03:10] INFO: Writing to disk took 7.83141 seconds
# [2024-05-26 04:03:10] INFO: ======================================================================
# [2024-05-26 04:03:10] INFO: Start sweeping...
# [2024-05-26 04:09:48] INFO: It took 398.133 seconds to do 500 HBOR sweeps.
# [2024-05-26 04:09:48] INFO: Plaquette = 0.64088
# [2024-05-26 04:09:48] INFO: Polyakov loop = (-0.000500339,-0.000489355)
# [2024-05-26 04:09:48] INFO: Writing conf to disk...
# [2024-05-26 04:09:48] INFO: writeconf_nersc: Writing NERSC configuration ./conf_s060t20_b0653400_a_U000667500
# [2024-05-26 04:09:51] INFO: Calculated checksum: cf7d3d9a
# [2024-05-26 04:09:56] INFO: Calculated checksum: 38866b23
# [2024-05-26 04:09:56] INFO: Writing RNGSTATE file: ./rand_s060t20_b0653400_a_U000667500
# [2024-05-26 04:09:56] INFO: Writing to disk took 8.00642 seconds
# [2024-05-26 04:09:56] INFO: ======================================================================
# [2024-05-26 04:09:56] INFO: Start sweeping...
# [2024-05-26 04:16:34] INFO: It took 398.141 seconds to do 500 HBOR sweeps.
# [2024-05-26 04:16:34] INFO: Plaquette = 0.640825
# [2024-05-26 04:16:34] INFO: Polyakov loop = (-1.93839e-05,0.000309602)
# [2024-05-26 04:16:34] INFO: Writing conf to disk...
# [2024-05-26 04:16:34] INFO: writeconf_nersc: Writing NERSC configuration ./conf_s060t20_b0653400_a_U000668000
# [2024-05-26 04:16:37] INFO: Calculated checksum: a6d0e6c9
# [2024-05-26 04:16:42] INFO: Calculated checksum: 9614de9
# [2024-05-26 04:16:42] INFO: Writing RNGSTATE file: ./rand_s060t20_b0653400_a_U000668000
# [2024-05-26 04:16:42] INFO: Writing to disk took 7.84291 seconds
# [2024-05-26 04:16:42] INFO: ======================================================================
# [2024-05-26 04:16:42] INFO: Start sweeping...
# [2024-05-26 04:23:20] INFO: It took 398.156 seconds to do 500 HBOR sweeps.
# [2024-05-26 04:23:20] INFO: Plaquette = 0.640889
# [2024-05-26 04:23:20] INFO: Polyakov loop = (-0.00108329,0.000324905)
# [2024-05-26 04:23:20] INFO: Writing conf to disk...
# [2024-05-26 04:23:20] INFO: writeconf_nersc: Writing NERSC configuration ./conf_s060t20_b0653400_a_U000668500
# [2024-05-26 04:23:23] INFO: Calculated checksum: fd151204
# [2024-05-26 04:23:28] INFO: Calculated checksum: a7fdc98a
# [2024-05-26 04:23:28] INFO: Writing RNGSTATE file: ./rand_s060t20_b0653400_a_U000668500
# [2024-05-26 04:23:29] INFO: Writing to disk took 8.1687 seconds
# [2024-05-26 04:23:29] INFO: ======================================================================
# [2024-05-26 04:23:29] INFO: Start sweeping...
# [2024-05-26 04:30:07] INFO: It took 398.173 seconds to do 500 HBOR sweeps.
# [2024-05-26 04:30:07] INFO: Plaquette = 0.640895
# [2024-05-26 04:30:07] INFO: Polyakov loop = (0.000456243,0.000216743)
# [2024-05-26 04:30:07] INFO: Writing conf to disk...
# [2024-05-26 04:30:07] INFO: writeconf_nersc: Writing NERSC configuration ./conf_s060t20_b0653400_a_U000669000
# [2024-05-26 04:30:10] INFO: Calculated checksum: e64d5dde
# [2024-05-26 04:30:15] INFO: Calculated checksum: f571a5fc
# [2024-05-26 04:30:15] INFO: Writing RNGSTATE file: ./rand_s060t20_b0653400_a_U000669000
# [2024-05-26 04:30:15] INFO: Writing to disk took 7.88698 seconds
# [2024-05-26 04:30:15] INFO: ======================================================================
# [2024-05-26 04:30:15] INFO: Start sweeping...
# [2024-05-26 04:36:53] INFO: It took 398.252 seconds to do 500 HBOR sweeps.
# [2024-05-26 04:36:53] INFO: Plaquette = 0.640806
# [2024-05-26 04:36:53] INFO: Polyakov loop = (-0.00100673,0.000638189)
# [2024-05-26 04:36:53] INFO: Writing conf to disk...
# [2024-05-26 04:36:53] INFO: writeconf_nersc: Writing NERSC configuration ./conf_s060t20_b0653400_a_U000669500
# [2024-05-26 04:36:56] INFO: Calculated checksum: 1ac1e29a
# [2024-05-26 04:37:02] INFO: Calculated checksum: 8c7fa562
# [2024-05-26 04:37:02] INFO: Writing RNGSTATE file: ./rand_s060t20_b0653400_a_U000669500
# [2024-05-26 04:37:02] INFO: Writing to disk took 9.05763 seconds
# [2024-05-26 04:37:02] INFO: ======================================================================
# [2024-05-26 04:37:02] INFO: Start sweeping...
# [2024-05-26 04:43:40] INFO: It took 398.154 seconds to do 500 HBOR sweeps.
# [2024-05-26 04:43:40] INFO: Plaquette = 0.640934
# [2024-05-26 04:43:40] INFO: Polyakov loop = (-0.000261074,-5.64801e-06)
# [2024-05-26 04:43:40] INFO: Writing conf to disk...
# [2024-05-26 04:43:40] INFO: writeconf_nersc: Writing NERSC configuration ./conf_s060t20_b0653400_a_U000670000
# [2024-05-26 04:43:43] INFO: Calculated checksum: c1e35549
# [2024-05-26 04:43:48] INFO: Calculated checksum: 534f130c
# [2024-05-26 04:43:48] INFO: Writing RNGSTATE file: ./rand_s060t20_b0653400_a_U000670000
# [2024-05-26 04:43:49] INFO: Writing to disk took 8.31186 seconds
# [2024-05-26 04:43:49] INFO: ======================================================================
# [2024-05-26 04:43:49] INFO: Start sweeping...
# [2024-05-26 04:50:27] INFO: It took 398.264 seconds to do 500 HBOR sweeps.
# [2024-05-26 04:50:27] INFO: Plaquette = 0.640845
# [2024-05-26 04:50:27] INFO: Polyakov loop = (0.00100384,0.000353839)
# [2024-05-26 04:50:27] INFO: Writing conf to disk...
# [2024-05-26 04:50:27] INFO: writeconf_nersc: Writing NERSC configuration ./conf_s060t20_b0653400_a_U000670500
# [2024-05-26 04:50:30] INFO: Calculated checksum: cfda744b
# [2024-05-26 04:50:35] INFO: Calculated checksum: 7867dfa2
# [2024-05-26 04:50:35] INFO: Writing RNGSTATE file: ./rand_s060t20_b0653400_a_U000670500
# [2024-05-26 04:50:35] INFO: Writing to disk took 8.47513 seconds
# [2024-05-26 04:50:35] INFO: ======================================================================
# [2024-05-26 04:50:35] INFO: Start sweeping...
# [2024-05-26 04:57:14] INFO: It took 398.315 seconds to do 500 HBOR sweeps.
# [2024-05-26 04:57:14] INFO: Plaquette = 0.640901
# [2024-05-26 04:57:14] INFO: Polyakov loop = (-2.3246e-05,0.000667722)
# [2024-05-26 04:57:14] INFO: Writing conf to disk...
# [2024-05-26 04:57:14] INFO: writeconf_nersc: Writing NERSC configuration ./conf_s060t20_b0653400_a_U000671000
# [2024-05-26 04:57:17] INFO: Calculated checksum: 2c1daf12
# [2024-05-26 04:57:22] INFO: Calculated checksum: 120a9fd7
# [2024-05-26 04:57:22] INFO: Writing RNGSTATE file: ./rand_s060t20_b0653400_a_U000671000
# [2024-05-26 04:57:22] INFO: Writing to disk took 8.36862 seconds
# [2024-05-26 04:57:22] INFO: ======================================================================
# [2024-05-26 04:57:22] INFO: Start sweeping...
# [2024-05-26 05:04:00] INFO: It took 398.247 seconds to do 500 HBOR sweeps.
# [2024-05-26 05:04:00] INFO: Plaquette = 0.640865
# [2024-05-26 05:04:00] INFO: Polyakov loop = (-0.000291247,0.000354413)
# [2024-05-26 05:04:00] INFO: Writing conf to disk...
# [2024-05-26 05:04:00] INFO: writeconf_nersc: Writing NERSC configuration ./conf_s060t20_b0653400_a_U000671500
# [2024-05-26 05:04:03] INFO: Calculated checksum: df46b11f
# [2024-05-26 05:04:09] INFO: Calculated checksum: 18fd32c3
# [2024-05-26 05:04:09] INFO: Writing RNGSTATE file: ./rand_s060t20_b0653400_a_U000671500
# [2024-05-26 05:04:09] INFO: Writing to disk took 8.9081 seconds
# [2024-05-26 05:04:09] INFO: ======================================================================
# [2024-05-26 05:04:09] INFO: Start sweeping...
# [2024-05-26 05:10:47] INFO: It took 398.118 seconds to do 500 HBOR sweeps.
# [2024-05-26 05:10:47] INFO: Plaquette = 0.640911
# [2024-05-26 05:10:47] INFO: Polyakov loop = (0.000590693,0.000181458)
# [2024-05-26 05:10:47] INFO: Writing conf to disk...
# [2024-05-26 05:10:47] INFO: writeconf_nersc: Writing NERSC configuration ./conf_s060t20_b0653400_a_U000672000
# [2024-05-26 05:10:50] INFO: Calculated checksum: f4e96ec2
# [2024-05-26 05:10:55] INFO: Calculated checksum: 304cecd2
# [2024-05-26 05:10:55] INFO: Writing RNGSTATE file: ./rand_s060t20_b0653400_a_U000672000
# [2024-05-26 05:10:56] INFO: Writing to disk took 8.09212 seconds
# [2024-05-26 05:10:56] INFO: ======================================================================
# [2024-05-26 05:10:56] INFO: Start sweeping...
# [2024-05-26 05:17:34] INFO: It took 398.132 seconds to do 500 HBOR sweeps.
# [2024-05-26 05:17:34] INFO: Plaquette = 0.640956
# [2024-05-26 05:17:34] INFO: Polyakov loop = (0.000506106,-4.74048e-05)
# [2024-05-26 05:17:34] INFO: Writing conf to disk...
# [2024-05-26 05:17:34] INFO: writeconf_nersc: Writing NERSC configuration ./conf_s060t20_b0653400_a_U000672500
# [2024-05-26 05:17:37] INFO: Calculated checksum: a5618e35
# [2024-05-26 05:17:41] INFO: Calculated checksum: 36807818
# [2024-05-26 05:17:41] INFO: Writing RNGSTATE file: ./rand_s060t20_b0653400_a_U000672500
# [2024-05-26 05:17:42] INFO: Writing to disk took 7.92014 seconds
# [2024-05-26 05:17:42] INFO: ======================================================================
# [2024-05-26 05:17:42] INFO: Start sweeping...
# [2024-05-26 05:24:20] INFO: It took 398.099 seconds to do 500 HBOR sweeps.
# [2024-05-26 05:24:20] INFO: Plaquette = 0.640925
# [2024-05-26 05:24:20] INFO: Polyakov loop = (-0.000549299,-0.000342546)
# [2024-05-26 05:24:20] INFO: Writing conf to disk...
# [2024-05-26 05:24:20] INFO: writeconf_nersc: Writing NERSC configuration ./conf_s060t20_b0653400_a_U000673000
# [2024-05-26 05:24:23] INFO: Calculated checksum: 9143fe
# [2024-05-26 05:24:28] INFO: Calculated checksum: 3faa0c33
# [2024-05-26 05:24:28] INFO: Writing RNGSTATE file: ./rand_s060t20_b0653400_a_U000673000
# [2024-05-26 05:24:28] INFO: Writing to disk took 7.92576 seconds
# [2024-05-26 05:24:28] INFO: ======================================================================
# [2024-05-26 05:24:28] INFO: Start sweeping...
# [2024-05-26 05:31:06] INFO: It took 398.055 seconds to do 500 HBOR sweeps.
# [2024-05-26 05:31:06] INFO: Plaquette = 0.640912
# [2024-05-26 05:31:06] INFO: Polyakov loop = (0.000209852,0.0003847)
# [2024-05-26 05:31:06] INFO: Writing conf to disk...
# [2024-05-26 05:31:06] INFO: writeconf_nersc: Writing NERSC configuration ./conf_s060t20_b0653400_a_U000673500
# [2024-05-26 05:31:09] INFO: Calculated checksum: 7ea382c0
# [2024-05-26 05:31:14] INFO: Calculated checksum: 16d2da12
# [2024-05-26 05:31:14] INFO: Writing RNGSTATE file: ./rand_s060t20_b0653400_a_U000673500
# [2024-05-26 05:31:14] INFO: Writing to disk took 7.86494 seconds
# [2024-05-26 05:31:14] INFO: ======================================================================
# [2024-05-26 05:31:14] INFO: Start sweeping...
# [2024-05-26 05:37:52] INFO: It took 398.136 seconds to do 500 HBOR sweeps.
# [2024-05-26 05:37:52] INFO: Plaquette = 0.640878
# [2024-05-26 05:37:52] INFO: Polyakov loop = (-1.41454e-05,-0.000798819)
# [2024-05-26 05:37:52] INFO: Writing conf to disk...
# [2024-05-26 05:37:52] INFO: writeconf_nersc: Writing NERSC configuration ./conf_s060t20_b0653400_a_U000674000
# [2024-05-26 05:37:55] INFO: Calculated checksum: 7c016975
# [2024-05-26 05:38:00] INFO: Calculated checksum: a6ced097
# [2024-05-26 05:38:00] INFO: Writing RNGSTATE file: ./rand_s060t20_b0653400_a_U000674000
# [2024-05-26 05:38:00] INFO: Writing to disk took 7.89445 seconds
# [2024-05-26 05:38:00] INFO: ======================================================================
# [2024-05-26 05:38:00] INFO: Start sweeping...
# [2024-05-26 05:44:38] INFO: It took 398.194 seconds to do 500 HBOR sweeps.
# [2024-05-26 05:44:38] INFO: Plaquette = 0.64084
# [2024-05-26 05:44:38] INFO: Polyakov loop = (-0.00119463,-2.8208e-05)
# [2024-05-26 05:44:38] INFO: Writing conf to disk...
# [2024-05-26 05:44:38] INFO: writeconf_nersc: Writing NERSC configuration ./conf_s060t20_b0653400_a_U000674500
# [2024-05-26 05:44:41] INFO: Calculated checksum: 6e7ac6f9
# [2024-05-26 05:44:46] INFO: Calculated checksum: 33d38ae5
# [2024-05-26 05:44:46] INFO: Writing RNGSTATE file: ./rand_s060t20_b0653400_a_U000674500
# [2024-05-26 05:44:46] INFO: Writing to disk took 7.90099 seconds
# [2024-05-26 05:44:46] INFO: ======================================================================
# [2024-05-26 05:44:46] INFO: Start sweeping...
# [2024-05-26 05:51:24] INFO: It took 398.226 seconds to do 500 HBOR sweeps.
# [2024-05-26 05:51:24] INFO: Plaquette = 0.640954
# [2024-05-26 05:51:24] INFO: Polyakov loop = (0.000316109,-0.000265747)
# [2024-05-26 05:51:24] INFO: Writing conf to disk...
# [2024-05-26 05:51:24] INFO: writeconf_nersc: Writing NERSC configuration ./conf_s060t20_b0653400_a_U000675000
# [2024-05-26 05:51:27] INFO: Calculated checksum: 12258c78
# [2024-05-26 05:51:32] INFO: Calculated checksum: 12f1463c
# [2024-05-26 05:51:32] INFO: Writing RNGSTATE file: ./rand_s060t20_b0653400_a_U000675000
# [2024-05-26 05:51:32] INFO: Writing to disk took 7.91528 seconds
# [2024-05-26 05:51:32] INFO: ======================================================================
# [2024-05-26 05:51:32] INFO: Start sweeping...
# [2024-05-26 05:58:10] INFO: It took 398.222 seconds to do 500 HBOR sweeps.
# [2024-05-26 05:58:10] INFO: Plaquette = 0.640832
# [2024-05-26 05:58:10] INFO: Polyakov loop = (0.000801329,-0.000194672)
# [2024-05-26 05:58:10] INFO: Writing conf to disk...
# [2024-05-26 05:58:10] INFO: writeconf_nersc: Writing NERSC configuration ./conf_s060t20_b0653400_a_U000675500
# [2024-05-26 05:58:13] INFO: Calculated checksum: c06645f7
# [2024-05-26 05:58:18] INFO: Calculated checksum: d1a676dc
# [2024-05-26 05:58:18] INFO: Writing RNGSTATE file: ./rand_s060t20_b0653400_a_U000675500
# [2024-05-26 05:58:18] INFO: Writing to disk took 7.79753 seconds
# [2024-05-26 05:58:18] INFO: ======================================================================
# [2024-05-26 05:58:18] INFO: Start sweeping...
# [2024-05-26 06:04:56] INFO: It took 398.218 seconds to do 500 HBOR sweeps.
# [2024-05-26 06:04:56] INFO: Plaquette = 0.640949
# [2024-05-26 06:04:56] INFO: Polyakov loop = (-0.00015406,7.97081e-05)
# [2024-05-26 06:04:56] INFO: Writing conf to disk...
# [2024-05-26 06:04:56] INFO: writeconf_nersc: Writing NERSC configuration ./conf_s060t20_b0653400_a_U000676000
# [2024-05-26 06:04:59] INFO: Calculated checksum: deebf10b
# [2024-05-26 06:05:04] INFO: Calculated checksum: 236f4b78
# [2024-05-26 06:05:04] INFO: Writing RNGSTATE file: ./rand_s060t20_b0653400_a_U000676000
# [2024-05-26 06:05:04] INFO: Writing to disk took 7.79686 seconds
# [2024-05-26 06:05:04] INFO: ======================================================================
# [2024-05-26 06:05:04] INFO: Start sweeping...
# [2024-05-26 06:11:42] INFO: It took 398.239 seconds to do 500 HBOR sweeps.
# [2024-05-26 06:11:43] INFO: Plaquette = 0.640869
# [2024-05-26 06:11:43] INFO: Polyakov loop = (-0.000491072,3.0761e-05)
# [2024-05-26 06:11:43] INFO: Writing conf to disk...
# [2024-05-26 06:11:43] INFO: writeconf_nersc: Writing NERSC configuration ./conf_s060t20_b0653400_a_U000676500
# [2024-05-26 06:11:45] INFO: Calculated checksum: 7b5f3b8d
# [2024-05-26 06:11:50] INFO: Calculated checksum: d7b393f2
# [2024-05-26 06:11:50] INFO: Writing RNGSTATE file: ./rand_s060t20_b0653400_a_U000676500
# [2024-05-26 06:11:50] INFO: Writing to disk took 7.79429 seconds
# [2024-05-26 06:11:50] INFO: ======================================================================
# [2024-05-26 06:11:50] INFO: Start sweeping...
# [2024-05-26 06:18:29] INFO: It took 398.209 seconds to do 500 HBOR sweeps.
# [2024-05-26 06:18:29] INFO: Plaquette = 0.640904
# [2024-05-26 06:18:29] INFO: Polyakov loop = (-0.000310813,0.000157733)
# [2024-05-26 06:18:29] INFO: Writing conf to disk...
# [2024-05-26 06:18:29] INFO: writeconf_nersc: Writing NERSC configuration ./conf_s060t20_b0653400_a_U000677000
# [2024-05-26 06:18:31] INFO: Calculated checksum: fcf27352
# [2024-05-26 06:18:36] INFO: Calculated checksum: c3497aa2
# [2024-05-26 06:18:36] INFO: Writing RNGSTATE file: ./rand_s060t20_b0653400_a_U000677000
# [2024-05-26 06:18:36] INFO: Writing to disk took 7.78051 seconds
# [2024-05-26 06:18:36] INFO: ======================================================================
# [2024-05-26 06:18:36] INFO: Start sweeping...
# [2024-05-26 06:25:15] INFO: It took 398.215 seconds to do 500 HBOR sweeps.
# [2024-05-26 06:25:15] INFO: Plaquette = 0.640947
# [2024-05-26 06:25:15] INFO: Polyakov loop = (-0.000193193,0.000163902)
# [2024-05-26 06:25:15] INFO: Writing conf to disk...
# [2024-05-26 06:25:15] INFO: writeconf_nersc: Writing NERSC configuration ./conf_s060t20_b0653400_a_U000677500
# [2024-05-26 06:25:18] INFO: Calculated checksum: 8102de01
# [2024-05-26 06:25:22] INFO: Calculated checksum: f8f68442
# [2024-05-26 06:25:22] INFO: Writing RNGSTATE file: ./rand_s060t20_b0653400_a_U000677500
# [2024-05-26 06:25:22] INFO: Writing to disk took 7.81177 seconds
# [2024-05-26 06:25:22] INFO: ======================================================================
# [2024-05-26 06:25:22] INFO: Start sweeping...
# [2024-05-26 06:32:01] INFO: It took 398.181 seconds to do 500 HBOR sweeps.
# [2024-05-26 06:32:01] INFO: Plaquette = 0.640926
# [2024-05-26 06:32:01] INFO: Polyakov loop = (0.000362987,9.58332e-05)
# [2024-05-26 06:32:01] INFO: Writing conf to disk...
# [2024-05-26 06:32:01] INFO: writeconf_nersc: Writing NERSC configuration ./conf_s060t20_b0653400_a_U000678000
# [2024-05-26 06:32:04] INFO: Calculated checksum: 39b16f1b
# [2024-05-26 06:32:08] INFO: Calculated checksum: c6aa9d9d
# [2024-05-26 06:32:08] INFO: Writing RNGSTATE file: ./rand_s060t20_b0653400_a_U000678000
# [2024-05-26 06:32:08] INFO: Writing to disk took 7.74238 seconds
# [2024-05-26 06:32:08] INFO: ======================================================================
# [2024-05-26 06:32:08] INFO: Start sweeping...
# [2024-05-26 06:38:47] INFO: It took 398.2 seconds to do 500 HBOR sweeps.
# [2024-05-26 06:38:47] INFO: Plaquette = 0.640892
# [2024-05-26 06:38:47] INFO: Polyakov loop = (-0.00077668,9.20013e-05)
# [2024-05-26 06:38:47] INFO: Writing conf to disk...
# [2024-05-26 06:38:47] INFO: writeconf_nersc: Writing NERSC configuration ./conf_s060t20_b0653400_a_U000678500
# [2024-05-26 06:38:50] INFO: Calculated checksum: 8943f7cc
# [2024-05-26 06:38:55] INFO: Calculated checksum: 94edf325
# [2024-05-26 06:38:55] INFO: Writing RNGSTATE file: ./rand_s060t20_b0653400_a_U000678500
# [2024-05-26 06:38:56] INFO: Writing to disk took 8.95687 seconds
# [2024-05-26 06:38:56] INFO: ======================================================================
# [2024-05-26 06:38:56] INFO: Start sweeping...
# [2024-05-26 06:45:34] INFO: It took 398.166 seconds to do 500 HBOR sweeps.
# [2024-05-26 06:45:34] INFO: Plaquette = 0.6409
# [2024-05-26 06:45:34] INFO: Polyakov loop = (0.00055452,-0.000352067)
# [2024-05-26 06:45:34] INFO: Writing conf to disk...
# [2024-05-26 06:45:34] INFO: writeconf_nersc: Writing NERSC configuration ./conf_s060t20_b0653400_a_U000679000
# [2024-05-26 06:45:37] INFO: Calculated checksum: fda29a1f
# [2024-05-26 06:45:41] INFO: Calculated checksum: 8d55a14f
# [2024-05-26 06:45:41] INFO: Writing RNGSTATE file: ./rand_s060t20_b0653400_a_U000679000
# [2024-05-26 06:45:42] INFO: Writing to disk took 7.80061 seconds
# [2024-05-26 06:45:42] INFO: ======================================================================
# [2024-05-26 06:45:42] INFO: Start sweeping...
# [2024-05-26 06:52:20] INFO: It took 398.243 seconds to do 500 HBOR sweeps.
# [2024-05-26 06:52:20] INFO: Plaquette = 0.640922
# [2024-05-26 06:52:20] INFO: Polyakov loop = (0.000358904,0.000150465)
# [2024-05-26 06:52:20] INFO: Writing conf to disk...
# [2024-05-26 06:52:20] INFO: writeconf_nersc: Writing NERSC configuration ./conf_s060t20_b0653400_a_U000679500
# [2024-05-26 06:52:23] INFO: Calculated checksum: 5d0294dc
# [2024-05-26 06:52:28] INFO: Calculated checksum: 4db12d54
# [2024-05-26 06:52:28] INFO: Writing RNGSTATE file: ./rand_s060t20_b0653400_a_U000679500
# [2024-05-26 06:52:28] INFO: Writing to disk took 7.75621 seconds
# [2024-05-26 06:52:28] INFO: ======================================================================
# [2024-05-26 06:52:28] INFO: Start sweeping...
# [2024-05-26 06:59:06] INFO: It took 398.197 seconds to do 500 HBOR sweeps.
# [2024-05-26 06:59:06] INFO: Plaquette = 0.64086
# [2024-05-26 06:59:06] INFO: Polyakov loop = (-0.000325303,3.07437e-05)
# [2024-05-26 06:59:06] INFO: Writing conf to disk...
# [2024-05-26 06:59:06] INFO: writeconf_nersc: Writing NERSC configuration ./conf_s060t20_b0653400_a_U000680000
# [2024-05-26 06:59:09] INFO: Calculated checksum: c06972ae
# [2024-05-26 06:59:14] INFO: Calculated checksum: 9bc92fb4
# [2024-05-26 06:59:14] INFO: Writing RNGSTATE file: ./rand_s060t20_b0653400_a_U000680000
# [2024-05-26 06:59:14] INFO: Writing to disk took 7.88505 seconds
# [2024-05-26 06:59:14] INFO: ======================================================================
# [2024-05-26 06:59:14] INFO: Start sweeping...
# [2024-05-26 07:05:52] INFO: It took 398.167 seconds to do 500 HBOR sweeps.
# [2024-05-26 07:05:52] INFO: Plaquette = 0.640938
# [2024-05-26 07:05:52] INFO: Polyakov loop = (0.000930513,-0.000401652)
# [2024-05-26 07:05:52] INFO: Writing conf to disk...
# [2024-05-26 07:05:52] INFO: writeconf_nersc: Writing NERSC configuration ./conf_s060t20_b0653400_a_U000680500
# [2024-05-26 07:05:55] INFO: Calculated checksum: fabad972
# [2024-05-26 07:06:00] INFO: Calculated checksum: 92814e81
# [2024-05-26 07:06:00] INFO: Writing RNGSTATE file: ./rand_s060t20_b0653400_a_U000680500
# [2024-05-26 07:06:00] INFO: Writing to disk took 7.75228 seconds
# [2024-05-26 07:06:00] INFO: ======================================================================
# [2024-05-26 07:06:00] INFO: Start sweeping...
# [2024-05-26 07:12:38] INFO: It took 398.183 seconds to do 500 HBOR sweeps.
# [2024-05-26 07:12:38] INFO: Plaquette = 0.640815
# [2024-05-26 07:12:38] INFO: Polyakov loop = (0.00107827,-6.78172e-05)
# [2024-05-26 07:12:38] INFO: Writing conf to disk...
# [2024-05-26 07:12:38] INFO: writeconf_nersc: Writing NERSC configuration ./conf_s060t20_b0653400_a_U000681000
# [2024-05-26 07:12:41] INFO: Calculated checksum: 846535ac
# [2024-05-26 07:12:46] INFO: Calculated checksum: 5139f894
# [2024-05-26 07:12:46] INFO: Writing RNGSTATE file: ./rand_s060t20_b0653400_a_U000681000
# [2024-05-26 07:12:46] INFO: Writing to disk took 7.83006 seconds
# [2024-05-26 07:12:46] INFO: ======================================================================
# [2024-05-26 07:12:46] INFO: Start sweeping...
# [2024-05-26 07:19:24] INFO: It took 398.184 seconds to do 500 HBOR sweeps.
# [2024-05-26 07:19:24] INFO: Plaquette = 0.640792
# [2024-05-26 07:19:24] INFO: Polyakov loop = (-0.000148631,4.19349e-05)
# [2024-05-26 07:19:24] INFO: Writing conf to disk...
# [2024-05-26 07:19:24] INFO: writeconf_nersc: Writing NERSC configuration ./conf_s060t20_b0653400_a_U000681500
# [2024-05-26 07:19:27] INFO: Calculated checksum: 62a68c6c
# [2024-05-26 07:19:32] INFO: Calculated checksum: c13caa9c
# [2024-05-26 07:19:32] INFO: Writing RNGSTATE file: ./rand_s060t20_b0653400_a_U000681500
# [2024-05-26 07:19:32] INFO: Writing to disk took 7.73949 seconds
# [2024-05-26 07:19:32] INFO: ======================================================================
# [2024-05-26 07:19:32] INFO: Start sweeping...
# [2024-05-26 07:26:10] INFO: It took 398.181 seconds to do 500 HBOR sweeps.
# [2024-05-26 07:26:10] INFO: Plaquette = 0.640928
# [2024-05-26 07:26:10] INFO: Polyakov loop = (0.00051726,0.000190347)
# [2024-05-26 07:26:10] INFO: Writing conf to disk...
# [2024-05-26 07:26:10] INFO: writeconf_nersc: Writing NERSC configuration ./conf_s060t20_b0653400_a_U000682000
# [2024-05-26 07:26:13] INFO: Calculated checksum: df2d26cc
# [2024-05-26 07:26:18] INFO: Calculated checksum: f24782d7
# [2024-05-26 07:26:18] INFO: Writing RNGSTATE file: ./rand_s060t20_b0653400_a_U000682000
# [2024-05-26 07:26:18] INFO: Writing to disk took 7.78115 seconds
# [2024-05-26 07:26:18] INFO: ======================================================================
# [2024-05-26 07:26:18] INFO: Start sweeping...
# [2024-05-26 07:32:56] INFO: It took 398.21 seconds to do 500 HBOR sweeps.
# [2024-05-26 07:32:56] INFO: Plaquette = 0.6409
# [2024-05-26 07:32:56] INFO: Polyakov loop = (0.000360278,0.000162915)
# [2024-05-26 07:32:56] INFO: Writing conf to disk...
# [2024-05-26 07:32:56] INFO: writeconf_nersc: Writing NERSC configuration ./conf_s060t20_b0653400_a_U000682500
# [2024-05-26 07:32:59] INFO: Calculated checksum: cb8fd50e
# [2024-05-26 07:33:04] INFO: Calculated checksum: 4343a135
# [2024-05-26 07:33:04] INFO: Writing RNGSTATE file: ./rand_s060t20_b0653400_a_U000682500
# [2024-05-26 07:33:04] INFO: Writing to disk took 7.84391 seconds
# [2024-05-26 07:33:04] INFO: ======================================================================
# [2024-05-26 07:33:04] INFO: Start sweeping...
# [2024-05-26 07:39:42] INFO: It took 398.253 seconds to do 500 HBOR sweeps.
# [2024-05-26 07:39:42] INFO: Plaquette = 0.64093
# [2024-05-26 07:39:42] INFO: Polyakov loop = (-0.000770148,0.000800881)
# [2024-05-26 07:39:42] INFO: Writing conf to disk...
# [2024-05-26 07:39:42] INFO: writeconf_nersc: Writing NERSC configuration ./conf_s060t20_b0653400_a_U000683000
# [2024-05-26 07:39:45] INFO: Calculated checksum: 736a9e57
# [2024-05-26 07:39:50] INFO: Calculated checksum: d6feb793
# [2024-05-26 07:39:50] INFO: Writing RNGSTATE file: ./rand_s060t20_b0653400_a_U000683000
# [2024-05-26 07:39:50] INFO: Writing to disk took 7.76231 seconds
# [2024-05-26 07:39:50] INFO: ======================================================================
# [2024-05-26 07:39:50] INFO: Start sweeping...
# [2024-05-26 07:46:28] INFO: It took 398.25 seconds to do 500 HBOR sweeps.
# [2024-05-26 07:46:28] INFO: Plaquette = 0.640871
# [2024-05-26 07:46:28] INFO: Polyakov loop = (-0.000175975,-0.000751537)
# [2024-05-26 07:46:28] INFO: Writing conf to disk...
# [2024-05-26 07:46:28] INFO: writeconf_nersc: Writing NERSC configuration ./conf_s060t20_b0653400_a_U000683500
# [2024-05-26 07:46:31] INFO: Calculated checksum: c10e0cff
# [2024-05-26 07:46:37] INFO: Calculated checksum: 9a1e65ca
# [2024-05-26 07:46:37] INFO: Writing RNGSTATE file: ./rand_s060t20_b0653400_a_U000683500
# [2024-05-26 07:46:37] INFO: Writing to disk took 9.13855 seconds
# [2024-05-26 07:46:37] INFO: ======================================================================
# [2024-05-26 07:46:37] INFO: Start sweeping...
# [2024-05-26 07:53:16] INFO: It took 398.235 seconds to do 500 HBOR sweeps.
# [2024-05-26 07:53:16] INFO: Plaquette = 0.640952
# [2024-05-26 07:53:16] INFO: Polyakov loop = (-0.00094904,8.76424e-05)
# [2024-05-26 07:53:16] INFO: Writing conf to disk...
# [2024-05-26 07:53:16] INFO: writeconf_nersc: Writing NERSC configuration ./conf_s060t20_b0653400_a_U000684000
# [2024-05-26 07:53:19] INFO: Calculated checksum: abb4350c
# [2024-05-26 07:53:23] INFO: Calculated checksum: dcfc9ec
# [2024-05-26 07:53:23] INFO: Writing RNGSTATE file: ./rand_s060t20_b0653400_a_U000684000
# [2024-05-26 07:53:23] INFO: Writing to disk took 7.71181 seconds
# [2024-05-26 07:53:23] INFO: ======================================================================
# [2024-05-26 07:53:23] INFO: Start sweeping...
# [2024-05-26 08:00:02] INFO: It took 398.28 seconds to do 500 HBOR sweeps.
# [2024-05-26 08:00:02] INFO: Plaquette = 0.641034
# [2024-05-26 08:00:02] INFO: Polyakov loop = (0.000200982,-0.00110321)
# [2024-05-26 08:00:02] INFO: Writing conf to disk...
# [2024-05-26 08:00:02] INFO: writeconf_nersc: Writing NERSC configuration ./conf_s060t20_b0653400_a_U000684500
# [2024-05-26 08:00:05] INFO: Calculated checksum: ab2b74ae
# [2024-05-26 08:00:09] INFO: Calculated checksum: 448e7db
# [2024-05-26 08:00:09] INFO: Writing RNGSTATE file: ./rand_s060t20_b0653400_a_U000684500
# [2024-05-26 08:00:10] INFO: Writing to disk took 7.79387 seconds
# [2024-05-26 08:00:10] INFO: ======================================================================
# [2024-05-26 08:00:10] INFO: Start sweeping...
# [2024-05-26 08:06:48] INFO: It took 398.213 seconds to do 500 HBOR sweeps.
# [2024-05-26 08:06:48] INFO: Plaquette = 0.640921
# [2024-05-26 08:06:48] INFO: Polyakov loop = (0.000460581,0.000443242)
# [2024-05-26 08:06:48] INFO: Writing conf to disk...
# [2024-05-26 08:06:48] INFO: writeconf_nersc: Writing NERSC configuration ./conf_s060t20_b0653400_a_U000685000
# [2024-05-26 08:06:51] INFO: Calculated checksum: 1b01e275
# [2024-05-26 08:06:55] INFO: Calculated checksum: 17acb854
# [2024-05-26 08:06:55] INFO: Writing RNGSTATE file: ./rand_s060t20_b0653400_a_U000685000
# [2024-05-26 08:06:55] INFO: Writing to disk took 7.62785 seconds
# [2024-05-26 08:06:55] INFO: ======================================================================
# [2024-05-26 08:06:55] INFO: Start sweeping...
# [2024-05-26 08:13:34] INFO: It took 398.256 seconds to do 500 HBOR sweeps.
# [2024-05-26 08:13:34] INFO: Plaquette = 0.64093
# [2024-05-26 08:13:34] INFO: Polyakov loop = (-7.29508e-06,-7.26209e-05)
# [2024-05-26 08:13:34] INFO: Writing conf to disk...
# [2024-05-26 08:13:34] INFO: writeconf_nersc: Writing NERSC configuration ./conf_s060t20_b0653400_a_U000685500
# [2024-05-26 08:13:37] INFO: Calculated checksum: f406da3b
# [2024-05-26 08:13:41] INFO: Calculated checksum: beae057e
# [2024-05-26 08:13:41] INFO: Writing RNGSTATE file: ./rand_s060t20_b0653400_a_U000685500
# [2024-05-26 08:13:42] INFO: Writing to disk took 7.82695 seconds
# [2024-05-26 08:13:42] INFO: ======================================================================
# [2024-05-26 08:13:42] INFO: Start sweeping...
# [2024-05-26 08:20:20] INFO: It took 398.25 seconds to do 500 HBOR sweeps.
# [2024-05-26 08:20:20] INFO: Plaquette = 0.640859
# [2024-05-26 08:20:20] INFO: Polyakov loop = (0.000409703,0.000319233)
# [2024-05-26 08:20:20] INFO: Writing conf to disk...
# [2024-05-26 08:20:20] INFO: writeconf_nersc: Writing NERSC configuration ./conf_s060t20_b0653400_a_U000686000
# [2024-05-26 08:20:23] INFO: Calculated checksum: fecdb207
# [2024-05-26 08:20:28] INFO: Calculated checksum: 3fae4d3b
# [2024-05-26 08:20:28] INFO: Writing RNGSTATE file: ./rand_s060t20_b0653400_a_U000686000
# [2024-05-26 08:20:28] INFO: Writing to disk took 7.94659 seconds
# [2024-05-26 08:20:28] INFO: ======================================================================
# [2024-05-26 08:20:28] INFO: Start sweeping...
# [2024-05-26 08:27:06] INFO: It took 398.186 seconds to do 500 HBOR sweeps.
# [2024-05-26 08:27:06] INFO: Plaquette = 0.64079
# [2024-05-26 08:27:06] INFO: Polyakov loop = (0.000170959,-0.000220542)
# [2024-05-26 08:27:06] INFO: Writing conf to disk...
# [2024-05-26 08:27:06] INFO: writeconf_nersc: Writing NERSC configuration ./conf_s060t20_b0653400_a_U000686500
# [2024-05-26 08:27:09] INFO: Calculated checksum: 50fa460f
# [2024-05-26 08:27:14] INFO: Calculated checksum: ef9d5c6e
# [2024-05-26 08:27:14] INFO: Writing RNGSTATE file: ./rand_s060t20_b0653400_a_U000686500
# [2024-05-26 08:27:14] INFO: Writing to disk took 7.79452 seconds
# [2024-05-26 08:27:14] INFO: ======================================================================
# [2024-05-26 08:27:14] INFO: Start sweeping...
# [2024-05-26 08:33:52] INFO: It took 398.225 seconds to do 500 HBOR sweeps.
# [2024-05-26 08:33:52] INFO: Plaquette = 0.640864
# [2024-05-26 08:33:52] INFO: Polyakov loop = (0.00017804,0.000235109)
# [2024-05-26 08:33:52] INFO: Writing conf to disk...
# [2024-05-26 08:33:52] INFO: writeconf_nersc: Writing NERSC configuration ./conf_s060t20_b0653400_a_U000687000
# [2024-05-26 08:33:55] INFO: Calculated checksum: bfb0e74a
# [2024-05-26 08:34:00] INFO: Calculated checksum: a80e92e9
# [2024-05-26 08:34:00] INFO: Writing RNGSTATE file: ./rand_s060t20_b0653400_a_U000687000
# [2024-05-26 08:34:00] INFO: Writing to disk took 7.59653 seconds
# [2024-05-26 08:34:00] INFO: ======================================================================
# [2024-05-26 08:34:00] INFO: Start sweeping...
# [2024-05-26 08:40:38] INFO: It took 398.261 seconds to do 500 HBOR sweeps.
# [2024-05-26 08:40:38] INFO: Plaquette = 0.640848
# [2024-05-26 08:40:38] INFO: Polyakov loop = (-0.000699842,0.000563602)
# [2024-05-26 08:40:38] INFO: Writing conf to disk...
# [2024-05-26 08:40:38] INFO: writeconf_nersc: Writing NERSC configuration ./conf_s060t20_b0653400_a_U000687500
# [2024-05-26 08:40:41] INFO: Calculated checksum: a6c36afa
# [2024-05-26 08:40:46] INFO: Calculated checksum: 32a3647b
# [2024-05-26 08:40:46] INFO: Writing RNGSTATE file: ./rand_s060t20_b0653400_a_U000687500
# [2024-05-26 08:40:46] INFO: Writing to disk took 7.94368 seconds
# [2024-05-26 08:40:46] INFO: ======================================================================
# [2024-05-26 08:40:46] INFO: Start sweeping...
# [2024-05-26 08:47:24] INFO: It took 398.259 seconds to do 500 HBOR sweeps.
# [2024-05-26 08:47:24] INFO: Plaquette = 0.640882
# [2024-05-26 08:47:24] INFO: Polyakov loop = (-0.000133609,0.00013814)
# [2024-05-26 08:47:24] INFO: Writing conf to disk...
# [2024-05-26 08:47:24] INFO: writeconf_nersc: Writing NERSC configuration ./conf_s060t20_b0653400_a_U000688000
# [2024-05-26 08:47:27] INFO: Calculated checksum: 4f5c0dbb
# [2024-05-26 08:47:32] INFO: Calculated checksum: 9f080c4f
# [2024-05-26 08:47:32] INFO: Writing RNGSTATE file: ./rand_s060t20_b0653400_a_U000688000
# [2024-05-26 08:47:32] INFO: Writing to disk took 7.83779 seconds
# [2024-05-26 08:47:32] INFO: ======================================================================
# [2024-05-26 08:47:32] INFO: Start sweeping...
# [2024-05-26 08:54:10] INFO: It took 398.243 seconds to do 500 HBOR sweeps.
# [2024-05-26 08:54:10] INFO: Plaquette = 0.640889
# [2024-05-26 08:54:10] INFO: Polyakov loop = (-0.000187004,-0.000565328)
# [2024-05-26 08:54:10] INFO: Writing conf to disk...
# [2024-05-26 08:54:10] INFO: writeconf_nersc: Writing NERSC configuration ./conf_s060t20_b0653400_a_U000688500
# [2024-05-26 08:54:13] INFO: Calculated checksum: ec98c054
# [2024-05-26 08:54:18] INFO: Calculated checksum: 694eb7f
# [2024-05-26 08:54:18] INFO: Writing RNGSTATE file: ./rand_s060t20_b0653400_a_U000688500
# [2024-05-26 08:54:18] INFO: Writing to disk took 7.78483 seconds
# [2024-05-26 08:54:18] INFO: ======================================================================
# [2024-05-26 08:54:18] INFO: Start sweeping...
# [2024-05-26 09:00:56] INFO: It took 398.203 seconds to do 500 HBOR sweeps.
# [2024-05-26 09:00:56] INFO: Plaquette = 0.640825
# [2024-05-26 09:00:56] INFO: Polyakov loop = (0.000419747,-0.000942976)
# [2024-05-26 09:00:56] INFO: Writing conf to disk...
# [2024-05-26 09:00:56] INFO: writeconf_nersc: Writing NERSC configuration ./conf_s060t20_b0653400_a_U000689000
# [2024-05-26 09:00:59] INFO: Calculated checksum: a35e43f1
# [2024-05-26 09:01:04] INFO: Calculated checksum: cf87502d
# [2024-05-26 09:01:04] INFO: Writing RNGSTATE file: ./rand_s060t20_b0653400_a_U000689000
# [2024-05-26 09:01:04] INFO: Writing to disk took 7.807 seconds
# [2024-05-26 09:01:04] INFO: ======================================================================
# [2024-05-26 09:01:04] INFO: Start sweeping...
# [2024-05-26 09:07:42] INFO: It took 398.177 seconds to do 500 HBOR sweeps.
# [2024-05-26 09:07:42] INFO: Plaquette = 0.640987
# [2024-05-26 09:07:42] INFO: Polyakov loop = (-0.000398589,-0.000271936)
# [2024-05-26 09:07:42] INFO: Writing conf to disk...
# [2024-05-26 09:07:42] INFO: writeconf_nersc: Writing NERSC configuration ./conf_s060t20_b0653400_a_U000689500
# [2024-05-26 09:07:45] INFO: Calculated checksum: 1f6c0e0
# [2024-05-26 09:07:50] INFO: Calculated checksum: d7c3b339
# [2024-05-26 09:07:50] INFO: Writing RNGSTATE file: ./rand_s060t20_b0653400_a_U000689500
# [2024-05-26 09:07:50] INFO: Writing to disk took 7.75622 seconds
# [2024-05-26 09:07:50] INFO: ======================================================================
# [2024-05-26 09:07:50] INFO: Start sweeping...
# [2024-05-26 09:14:28] INFO: It took 398.171 seconds to do 500 HBOR sweeps.
# [2024-05-26 09:14:28] INFO: Plaquette = 0.640917
# [2024-05-26 09:14:28] INFO: Polyakov loop = (-0.000610005,0.000800558)
# [2024-05-26 09:14:28] INFO: Writing conf to disk...
# [2024-05-26 09:14:28] INFO: writeconf_nersc: Writing NERSC configuration ./conf_s060t20_b0653400_a_U000690000
# [2024-05-26 09:14:31] INFO: Calculated checksum: 8877ebb5
# [2024-05-26 09:14:36] INFO: Calculated checksum: f23d6007
# [2024-05-26 09:14:36] INFO: Writing RNGSTATE file: ./rand_s060t20_b0653400_a_U000690000
# [2024-05-26 09:14:36] INFO: Writing to disk took 7.80418 seconds
# [2024-05-26 09:14:36] INFO: ======================================================================
# [2024-05-26 09:14:36] INFO: Start sweeping...
# [2024-05-26 09:21:14] INFO: It took 398.198 seconds to do 500 HBOR sweeps.
# [2024-05-26 09:21:14] INFO: Plaquette = 0.640795
# [2024-05-26 09:21:14] INFO: Polyakov loop = (-1.5002e-05,0.000132138)
# [2024-05-26 09:21:14] INFO: Writing conf to disk...
# [2024-05-26 09:21:14] INFO: writeconf_nersc: Writing NERSC configuration ./conf_s060t20_b0653400_a_U000690500
# [2024-05-26 09:21:17] INFO: Calculated checksum: 536ab0fd
# [2024-05-26 09:21:22] INFO: Calculated checksum: 79896a4e
# [2024-05-26 09:21:22] INFO: Writing RNGSTATE file: ./rand_s060t20_b0653400_a_U000690500
# [2024-05-26 09:21:22] INFO: Writing to disk took 7.77094 seconds
# [2024-05-26 09:21:22] INFO: ======================================================================
# [2024-05-26 09:21:22] INFO: Start sweeping...
# [2024-05-26 09:28:00] INFO: It took 398.213 seconds to do 500 HBOR sweeps.
# [2024-05-26 09:28:00] INFO: Plaquette = 0.640897
# [2024-05-26 09:28:00] INFO: Polyakov loop = (0.00135426,0.000541267)
# [2024-05-26 09:28:00] INFO: Writing conf to disk...
# [2024-05-26 09:28:00] INFO: writeconf_nersc: Writing NERSC configuration ./conf_s060t20_b0653400_a_U000691000
# [2024-05-26 09:28:03] INFO: Calculated checksum: 17631049
# [2024-05-26 09:28:08] INFO: Calculated checksum: efa36449
# [2024-05-26 09:28:08] INFO: Writing RNGSTATE file: ./rand_s060t20_b0653400_a_U000691000
# [2024-05-26 09:28:08] INFO: Writing to disk took 7.83037 seconds
# [2024-05-26 09:28:08] INFO: ======================================================================
# [2024-05-26 09:28:08] INFO: Start sweeping...
# [2024-05-26 09:34:47] INFO: It took 398.258 seconds to do 500 HBOR sweeps.
# [2024-05-26 09:34:47] INFO: Plaquette = 0.640906
# [2024-05-26 09:34:47] INFO: Polyakov loop = (0.000884285,9.98662e-05)
# [2024-05-26 09:34:47] INFO: Writing conf to disk...
# [2024-05-26 09:34:47] INFO: writeconf_nersc: Writing NERSC configuration ./conf_s060t20_b0653400_a_U000691500
# [2024-05-26 09:34:50] INFO: Calculated checksum: fc6f4922
# [2024-05-26 09:34:54] INFO: Calculated checksum: b8c2b6e5
# [2024-05-26 09:34:54] INFO: Writing RNGSTATE file: ./rand_s060t20_b0653400_a_U000691500
# [2024-05-26 09:34:54] INFO: Writing to disk took 7.76578 seconds
# [2024-05-26 09:34:54] INFO: ======================================================================
# [2024-05-26 09:34:54] INFO: Start sweeping...
# [2024-05-26 09:41:33] INFO: It took 398.255 seconds to do 500 HBOR sweeps.
# [2024-05-26 09:41:33] INFO: Plaquette = 0.640791
# [2024-05-26 09:41:33] INFO: Polyakov loop = (0.000614301,0.000677288)
# [2024-05-26 09:41:33] INFO: Writing conf to disk...
# [2024-05-26 09:41:33] INFO: writeconf_nersc: Writing NERSC configuration ./conf_s060t20_b0653400_a_U000692000
# [2024-05-26 09:41:36] INFO: Calculated checksum: d31fe3ff
# [2024-05-26 09:41:40] INFO: Calculated checksum: 17989c4
# [2024-05-26 09:41:40] INFO: Writing RNGSTATE file: ./rand_s060t20_b0653400_a_U000692000
# [2024-05-26 09:41:40] INFO: Writing to disk took 7.82439 seconds
# [2024-05-26 09:41:40] INFO: ======================================================================
# [2024-05-26 09:41:40] INFO: Start sweeping...
# [2024-05-26 09:48:19] INFO: It took 398.238 seconds to do 500 HBOR sweeps.
# [2024-05-26 09:48:19] INFO: Plaquette = 0.640907
# [2024-05-26 09:48:19] INFO: Polyakov loop = (-0.000411841,-0.000786344)
# [2024-05-26 09:48:19] INFO: Writing conf to disk...
# [2024-05-26 09:48:19] INFO: writeconf_nersc: Writing NERSC configuration ./conf_s060t20_b0653400_a_U000692500
# [2024-05-26 09:48:22] INFO: Calculated checksum: 98b00386
# [2024-05-26 09:48:27] INFO: Calculated checksum: d26fcb83
# [2024-05-26 09:48:27] INFO: Writing RNGSTATE file: ./rand_s060t20_b0653400_a_U000692500
# [2024-05-26 09:48:27] INFO: Writing to disk took 7.97851 seconds
# [2024-05-26 09:48:27] INFO: ======================================================================
# [2024-05-26 09:48:27] INFO: Start sweeping...
# [2024-05-26 09:55:05] INFO: It took 398.209 seconds to do 500 HBOR sweeps.
# [2024-05-26 09:55:05] INFO: Plaquette = 0.640947
# [2024-05-26 09:55:05] INFO: Polyakov loop = (0.000991899,0.000877626)
# [2024-05-26 09:55:05] INFO: Writing conf to disk...
# [2024-05-26 09:55:05] INFO: writeconf_nersc: Writing NERSC configuration ./conf_s060t20_b0653400_a_U000693000
# [2024-05-26 09:55:08] INFO: Calculated checksum: 9eba5dc
# [2024-05-26 09:55:13] INFO: Calculated checksum: fc30a724
# [2024-05-26 09:55:13] INFO: Writing RNGSTATE file: ./rand_s060t20_b0653400_a_U000693000
# [2024-05-26 09:55:13] INFO: Writing to disk took 7.8251 seconds
# [2024-05-26 09:55:13] INFO: ======================================================================
# [2024-05-26 09:55:13] INFO: Start sweeping...
# [2024-05-26 10:01:51] INFO: It took 398.239 seconds to do 500 HBOR sweeps.
# [2024-05-26 10:01:51] INFO: Plaquette = 0.640854
# [2024-05-26 10:01:51] INFO: Polyakov loop = (-3.44242e-05,0.000856879)
# [2024-05-26 10:01:51] INFO: Writing conf to disk...
# [2024-05-26 10:01:51] INFO: writeconf_nersc: Writing NERSC configuration ./conf_s060t20_b0653400_a_U000693500
# [2024-05-26 10:01:54] INFO: Calculated checksum: 9ae9db3f
# [2024-05-26 10:01:59] INFO: Calculated checksum: 4aa64b52
# [2024-05-26 10:01:59] INFO: Writing RNGSTATE file: ./rand_s060t20_b0653400_a_U000693500
# [2024-05-26 10:01:59] INFO: Writing to disk took 7.81024 seconds
# [2024-05-26 10:01:59] INFO: ======================================================================
# [2024-05-26 10:01:59] INFO: Start sweeping...
# [2024-05-26 10:08:37] INFO: It took 398.245 seconds to do 500 HBOR sweeps.
# [2024-05-26 10:08:37] INFO: Plaquette = 0.640846
# [2024-05-26 10:08:37] INFO: Polyakov loop = (-0.00118597,2.89704e-05)
# [2024-05-26 10:08:37] INFO: Writing conf to disk...
# [2024-05-26 10:08:37] INFO: writeconf_nersc: Writing NERSC configuration ./conf_s060t20_b0653400_a_U000694000
# [2024-05-26 10:08:40] INFO: Calculated checksum: 20190ae7
# [2024-05-26 10:08:45] INFO: Calculated checksum: 7e287206
# [2024-05-26 10:08:45] INFO: Writing RNGSTATE file: ./rand_s060t20_b0653400_a_U000694000
# [2024-05-26 10:08:45] INFO: Writing to disk took 7.92003 seconds
# [2024-05-26 10:08:45] INFO: ======================================================================
# [2024-05-26 10:08:45] INFO: Start sweeping...
# [2024-05-26 10:15:23] INFO: It took 398.244 seconds to do 500 HBOR sweeps.
# [2024-05-26 10:15:23] INFO: Plaquette = 0.640864
# [2024-05-26 10:15:23] INFO: Polyakov loop = (-0.000132569,0.000371993)
# [2024-05-26 10:15:23] INFO: Writing conf to disk...
# [2024-05-26 10:15:23] INFO: writeconf_nersc: Writing NERSC configuration ./conf_s060t20_b0653400_a_U000694500
# [2024-05-26 10:15:26] INFO: Calculated checksum: 1f014e0f
# [2024-05-26 10:15:31] INFO: Calculated checksum: 563e5f45
# [2024-05-26 10:15:31] INFO: Writing RNGSTATE file: ./rand_s060t20_b0653400_a_U000694500
# [2024-05-26 10:15:31] INFO: Writing to disk took 7.67003 seconds
# [2024-05-26 10:15:31] INFO: ======================================================================
# [2024-05-26 10:15:31] INFO: Start sweeping...
# [2024-05-26 10:22:09] INFO: It took 398.256 seconds to do 500 HBOR sweeps.
# [2024-05-26 10:22:09] INFO: Plaquette = 0.64095
# [2024-05-26 10:22:09] INFO: Polyakov loop = (-0.00116067,-0.000388057)
# [2024-05-26 10:22:09] INFO: Writing conf to disk...
# [2024-05-26 10:22:09] INFO: writeconf_nersc: Writing NERSC configuration ./conf_s060t20_b0653400_a_U000695000
# [2024-05-26 10:22:12] INFO: Calculated checksum: 3995fb10
# [2024-05-26 10:22:17] INFO: Calculated checksum: d61e1190
# [2024-05-26 10:22:17] INFO: Writing RNGSTATE file: ./rand_s060t20_b0653400_a_U000695000
# [2024-05-26 10:22:17] INFO: Writing to disk took 7.78791 seconds
# [2024-05-26 10:22:17] INFO: ======================================================================
# [2024-05-26 10:22:17] INFO: Start sweeping...
# [2024-05-26 10:28:55] INFO: It took 398.259 seconds to do 500 HBOR sweeps.
# [2024-05-26 10:28:56] INFO: Plaquette = 0.640897
# [2024-05-26 10:28:56] INFO: Polyakov loop = (-0.00031443,4.89419e-05)
# [2024-05-26 10:28:56] INFO: Writing conf to disk...
# [2024-05-26 10:28:56] INFO: writeconf_nersc: Writing NERSC configuration ./conf_s060t20_b0653400_a_U000695500
# [2024-05-26 10:28:58] INFO: Calculated checksum: 9e7e7b7b
# [2024-05-26 10:29:03] INFO: Calculated checksum: 338428c0
# [2024-05-26 10:29:03] INFO: Writing RNGSTATE file: ./rand_s060t20_b0653400_a_U000695500
# [2024-05-26 10:29:03] INFO: Writing to disk took 7.81047 seconds
# [2024-05-26 10:29:03] INFO: ======================================================================
# [2024-05-26 10:29:03] INFO: Start sweeping...
# [2024-05-26 10:35:42] INFO: It took 398.273 seconds to do 500 HBOR sweeps.
# [2024-05-26 10:35:42] INFO: Plaquette = 0.64091
# [2024-05-26 10:35:42] INFO: Polyakov loop = (1.9998e-05,-0.000261032)
# [2024-05-26 10:35:42] INFO: Writing conf to disk...
# [2024-05-26 10:35:42] INFO: writeconf_nersc: Writing NERSC configuration ./conf_s060t20_b0653400_a_U000696000
# [2024-05-26 10:35:45] INFO: Calculated checksum: c416d109
# [2024-05-26 10:35:49] INFO: Calculated checksum: 2c2e4663
# [2024-05-26 10:35:49] INFO: Writing RNGSTATE file: ./rand_s060t20_b0653400_a_U000696000
# [2024-05-26 10:35:49] INFO: Writing to disk took 7.77709 seconds
# [2024-05-26 10:35:49] INFO: ======================================================================
# [2024-05-26 10:35:49] INFO: Start sweeping...
# [2024-05-26 10:42:28] INFO: It took 398.151 seconds to do 500 HBOR sweeps.
# [2024-05-26 10:42:28] INFO: Plaquette = 0.640918
# [2024-05-26 10:42:28] INFO: Polyakov loop = (-6.39862e-05,2.35811e-05)
# [2024-05-26 10:42:28] INFO: Writing conf to disk...
# [2024-05-26 10:42:28] INFO: writeconf_nersc: Writing NERSC configuration ./conf_s060t20_b0653400_a_U000696500
# [2024-05-26 10:42:31] INFO: Calculated checksum: bcff9608
# [2024-05-26 10:42:35] INFO: Calculated checksum: 780d847d
# [2024-05-26 10:42:35] INFO: Writing RNGSTATE file: ./rand_s060t20_b0653400_a_U000696500
# [2024-05-26 10:42:35] INFO: Writing to disk took 7.80611 seconds
# [2024-05-26 10:42:35] INFO: ======================================================================
# [2024-05-26 10:42:35] INFO: Start sweeping...
# [2024-05-26 10:49:14] INFO: It took 398.175 seconds to do 500 HBOR sweeps.
# [2024-05-26 10:49:14] INFO: Plaquette = 0.640918
# [2024-05-26 10:49:14] INFO: Polyakov loop = (-0.000296109,0.000333035)
# [2024-05-26 10:49:14] INFO: Writing conf to disk...
# [2024-05-26 10:49:14] INFO: writeconf_nersc: Writing NERSC configuration ./conf_s060t20_b0653400_a_U000697000
# [2024-05-26 10:49:17] INFO: Calculated checksum: c7d553f4
# [2024-05-26 10:49:21] INFO: Calculated checksum: 465174b5
# [2024-05-26 10:49:21] INFO: Writing RNGSTATE file: ./rand_s060t20_b0653400_a_U000697000
# [2024-05-26 10:49:21] INFO: Writing to disk took 7.7592 seconds
# [2024-05-26 10:49:21] INFO: ======================================================================
# [2024-05-26 10:49:21] INFO: Start sweeping...
# [2024-05-26 10:56:00] INFO: It took 398.139 seconds to do 500 HBOR sweeps.
# [2024-05-26 10:56:00] INFO: Plaquette = 0.640938
# [2024-05-26 10:56:00] INFO: Polyakov loop = (-0.000629985,0.000188576)
# [2024-05-26 10:56:00] INFO: Writing conf to disk...
# [2024-05-26 10:56:00] INFO: writeconf_nersc: Writing NERSC configuration ./conf_s060t20_b0653400_a_U000697500
# [2024-05-26 10:56:03] INFO: Calculated checksum: 314dfb1d
# [2024-05-26 10:56:07] INFO: Calculated checksum: 47b0f9ad
# [2024-05-26 10:56:07] INFO: Writing RNGSTATE file: ./rand_s060t20_b0653400_a_U000697500
# [2024-05-26 10:56:07] INFO: Writing to disk took 7.86602 seconds
# [2024-05-26 10:56:07] INFO: ======================================================================
# [2024-05-26 10:56:07] INFO: Start sweeping...
# [2024-05-26 11:02:46] INFO: It took 398.174 seconds to do 500 HBOR sweeps.
# [2024-05-26 11:02:46] INFO: Plaquette = 0.640879
# [2024-05-26 11:02:46] INFO: Polyakov loop = (-0.00046949,0.000251481)
# [2024-05-26 11:02:46] INFO: Writing conf to disk...
# [2024-05-26 11:02:46] INFO: writeconf_nersc: Writing NERSC configuration ./conf_s060t20_b0653400_a_U000698000
# [2024-05-26 11:02:49] INFO: Calculated checksum: 8f52e818
# [2024-05-26 11:02:53] INFO: Calculated checksum: 3950f9e
# [2024-05-26 11:02:53] INFO: Writing RNGSTATE file: ./rand_s060t20_b0653400_a_U000698000
# [2024-05-26 11:02:54] INFO: Writing to disk took 7.85887 seconds
# [2024-05-26 11:02:54] INFO: ======================================================================
# [2024-05-26 11:02:54] INFO: Start sweeping...
# [2024-05-26 11:09:32] INFO: It took 398.153 seconds to do 500 HBOR sweeps.
# [2024-05-26 11:09:32] INFO: Plaquette = 0.640933
# [2024-05-26 11:09:32] INFO: Polyakov loop = (0.000385649,7.56532e-05)
# [2024-05-26 11:09:32] INFO: Writing conf to disk...
# [2024-05-26 11:09:32] INFO: writeconf_nersc: Writing NERSC configuration ./conf_s060t20_b0653400_a_U000698500
# [2024-05-26 11:09:35] INFO: Calculated checksum: 497bf4a8
# [2024-05-26 11:09:39] INFO: Calculated checksum: 9beee350
# [2024-05-26 11:09:39] INFO: Writing RNGSTATE file: ./rand_s060t20_b0653400_a_U000698500
# [2024-05-26 11:09:40] INFO: Writing to disk took 7.78761 seconds
# [2024-05-26 11:09:40] INFO: ======================================================================
# [2024-05-26 11:09:40] INFO: Start sweeping...
# [2024-05-26 11:16:18] INFO: It took 398.161 seconds to do 500 HBOR sweeps.
# [2024-05-26 11:16:18] INFO: Plaquette = 0.640806
# [2024-05-26 11:16:18] INFO: Polyakov loop = (9.65105e-05,-0.000789868)
# [2024-05-26 11:16:18] INFO: Writing conf to disk...
# [2024-05-26 11:16:18] INFO: writeconf_nersc: Writing NERSC configuration ./conf_s060t20_b0653400_a_U000699000
# [2024-05-26 11:16:21] INFO: Calculated checksum: c65fee57
# [2024-05-26 11:16:25] INFO: Calculated checksum: 77d4c5de
# [2024-05-26 11:16:25] INFO: Writing RNGSTATE file: ./rand_s060t20_b0653400_a_U000699000
# [2024-05-26 11:16:26] INFO: Writing to disk took 7.85885 seconds
# [2024-05-26 11:16:26] INFO: ======================================================================
# [2024-05-26 11:16:26] INFO: Start sweeping...
# [2024-05-26 11:23:04] INFO: It took 398.161 seconds to do 500 HBOR sweeps.
# [2024-05-26 11:23:04] INFO: Plaquette = 0.640827
# [2024-05-26 11:23:04] INFO: Polyakov loop = (0.000174968,0.000955171)
# [2024-05-26 11:23:04] INFO: Writing conf to disk...
# [2024-05-26 11:23:04] INFO: writeconf_nersc: Writing NERSC configuration ./conf_s060t20_b0653400_a_U000699500
# [2024-05-26 11:23:07] INFO: Calculated checksum: b166ad65
# [2024-05-26 11:23:12] INFO: Calculated checksum: a410c15
# [2024-05-26 11:23:12] INFO: Writing RNGSTATE file: ./rand_s060t20_b0653400_a_U000699500
# [2024-05-26 11:23:12] INFO: Writing to disk took 7.83712 seconds
# [2024-05-26 11:23:12] INFO: ======================================================================
# [2024-05-26 11:23:12] INFO: Start sweeping...
# [2024-05-26 11:29:50] INFO: It took 398.16 seconds to do 500 HBOR sweeps.
# [2024-05-26 11:29:50] INFO: Plaquette = 0.640923
# [2024-05-26 11:29:50] INFO: Polyakov loop = (5.56498e-05,-8.79468e-05)
# [2024-05-26 11:29:50] INFO: Writing conf to disk...
# [2024-05-26 11:29:50] INFO: writeconf_nersc: Writing NERSC configuration ./conf_s060t20_b0653400_a_U000700000
# [2024-05-26 11:29:53] INFO: Calculated checksum: 6d9d3a8
# [2024-05-26 11:29:58] INFO: Calculated checksum: 7688e5c8
# [2024-05-26 11:29:58] INFO: Writing RNGSTATE file: ./rand_s060t20_b0653400_a_U000700000
# [2024-05-26 11:29:58] INFO: Writing to disk took 7.81999 seconds
# [2024-05-26 11:29:58] INFO: Finalizing MPI
