
Currently Loaded Modules:
  1) chpc/1.0      (S)   3) gcc/8.5.0      5) mpich/3.4.2
  2) python/3.10.3       4) cmake/3.26.0   6) cuda/11.6.2 (g)

  Where:
   S:  Module is Sticky, requires --force to unload or purge
   g:  built for GPU

 

# [2024-05-26 15:35:25] INFO: Running SIMULATeQCD
# [2024-05-26 15:35:25] INFO: Git commit version: 43e2518
# [2024-05-26 15:35:25] INFO: Initializing MPI with (1 proc)
# [2024-05-26 15:35:25] INFO: Reading parameters from file :: GenerateQuenched_b6755.param
# [2024-05-26 15:35:25] INFO: # PARAM :: Lattice = 60 60 60 20 
# [2024-05-26 15:35:25] INFO: # PARAM :: Nodes = 1 1 1 1 
# [2024-05-26 15:35:25] INFO: # PARAM :: Topology = 0 0 0 0  (default)
# [2024-05-26 15:35:25] INFO: # PARAM :: beta = 6.755
# [2024-05-26 15:35:25] INFO: # PARAM :: format = nersc
# [2024-05-26 15:35:25] INFO: # PARAM :: endianness = auto
# [2024-05-26 15:35:25] INFO: # PARAM :: conf_nr = 650000
# [2024-05-26 15:35:25] INFO: # PARAM :: stream = a
# [2024-05-26 15:35:25] INFO: # PARAM :: prec_out = 0 (default)
# [2024-05-26 15:35:25] INFO: # PARAM :: measurements_dir = ./ (default)
# [2024-05-26 15:35:25] INFO: # PARAM :: use_unit_conf = 0 (default)
# [2024-05-26 15:35:25] INFO: # PARAM :: output_dir = .
# [2024-05-26 15:35:25] INFO: # PARAM :: nconfs = 100
# [2024-05-26 15:35:25] INFO: # PARAM :: nsweeps_ORperHB = 4
# [2024-05-26 15:35:25] INFO: # PARAM :: nsweeps_HBwithOR = 500
# [2024-05-26 15:35:25] INFO: # PARAM :: prev_conf = conf_s060t20_b0675500_a_U000650000
# [2024-05-26 15:35:25] INFO: # PARAM :: prev_rand = rand_s060t20_b0675500_a_U000650000
# [2024-05-26 15:35:25] INFO: > Running on:
# [2024-05-26 15:35:25] INFO: [Rank 0] > notch088 CPU_40 GPU_18; MPI: world_rank=0, node_rank=0, coord: ( 0 0 0 0 )
# [2024-05-26 15:35:25] INFO: > Is MPI CUDA-aware? @compilation 
# [2024-05-26 15:35:25] INFO: > GPU compute capability: 75
# [2024-05-26 15:35:25] INFO: > Checking support for P2P (Peer-to-Peer) and UVA (Unified Virtual Addressing):
# [2024-05-26 15:35:25] INFO: [Rank 0] > notch088 GPU_18(NVIDIA GeForce RTX 2080 Ti): P2P NO ; UVA YES
# [2024-05-26 15:35:26] INFO: Initialize Indexer with HaloDepth = 1[0;33m[0m
# [2024-05-26 15:35:26] INFO: Resuming previous run.
# [2024-05-26 15:35:26] INFO: readconf_nersc: Reading NERSC configuration conf_s060t20_b0675500_a_U000650000
# [2024-05-26 15:35:36] INFO: Next conf_number will be 650500
# [2024-05-26 15:35:36] INFO: Generating up to 100 confs with a separation of 500 HBOR sweeps (OR/HB = 4) ...
# [2024-05-26 15:35:36] INFO: ======================================================================
# [2024-05-26 15:35:36] INFO: Start sweeping...
# [2024-05-26 15:42:34] INFO: It took 417.91 seconds to do 500 HBOR sweeps.
# [2024-05-26 15:42:34] INFO: Plaquette = 0.656229
# [2024-05-26 15:42:34] INFO: Polyakov loop = (0.00163157,-0.000404335)
# [2024-05-26 15:42:34] INFO: Writing conf to disk...
# [2024-05-26 15:42:34] INFO: writeconf_nersc: Writing NERSC configuration ./conf_s060t20_b0675500_a_U000650500
# [2024-05-26 15:42:37] INFO: Calculated checksum: a6fe0fc7
# [2024-05-26 15:42:41] INFO: Calculated checksum: 70b40b65
# [2024-05-26 15:42:41] INFO: Writing RNGSTATE file: ./rand_s060t20_b0675500_a_U000650500
# [2024-05-26 15:42:42] INFO: Writing to disk took 7.39049 seconds
# [2024-05-26 15:42:42] INFO: ======================================================================
# [2024-05-26 15:42:42] INFO: Start sweeping...
# [2024-05-26 15:49:45] INFO: It took 422.966 seconds to do 500 HBOR sweeps.
# [2024-05-26 15:49:45] INFO: Plaquette = 0.656255
# [2024-05-26 15:49:45] INFO: Polyakov loop = (0.00149657,0.000896748)
# [2024-05-26 15:49:45] INFO: Writing conf to disk...
# [2024-05-26 15:49:45] INFO: writeconf_nersc: Writing NERSC configuration ./conf_s060t20_b0675500_a_U000651000
# [2024-05-26 15:49:47] INFO: Calculated checksum: 6500640d
# [2024-05-26 15:49:52] INFO: Calculated checksum: 21f9839c
# [2024-05-26 15:49:52] INFO: Writing RNGSTATE file: ./rand_s060t20_b0675500_a_U000651000
# [2024-05-26 15:49:52] INFO: Writing to disk took 7.50217 seconds
# [2024-05-26 15:49:52] INFO: ======================================================================
# [2024-05-26 15:49:52] INFO: Start sweeping...
# [2024-05-26 15:56:54] INFO: It took 421.573 seconds to do 500 HBOR sweeps.
# [2024-05-26 15:56:54] INFO: Plaquette = 0.65626
# [2024-05-26 15:56:54] INFO: Polyakov loop = (0.00195624,-0.000738234)
# [2024-05-26 15:56:54] INFO: Writing conf to disk...
# [2024-05-26 15:56:54] INFO: writeconf_nersc: Writing NERSC configuration ./conf_s060t20_b0675500_a_U000651500
# [2024-05-26 15:56:57] INFO: Calculated checksum: 2cd2cc81
# [2024-05-26 15:57:01] INFO: Calculated checksum: 891d3fd4
# [2024-05-26 15:57:01] INFO: Writing RNGSTATE file: ./rand_s060t20_b0675500_a_U000651500
# [2024-05-26 15:57:01] INFO: Writing to disk took 7.53276 seconds
# [2024-05-26 15:57:01] INFO: ======================================================================
# [2024-05-26 15:57:01] INFO: Start sweeping...
# [2024-05-26 16:04:05] INFO: It took 423.278 seconds to do 500 HBOR sweeps.
# [2024-05-26 16:04:05] INFO: Plaquette = 0.656349
# [2024-05-26 16:04:05] INFO: Polyakov loop = (0.0015489,0.00038285)
# [2024-05-26 16:04:05] INFO: Writing conf to disk...
# [2024-05-26 16:04:05] INFO: writeconf_nersc: Writing NERSC configuration ./conf_s060t20_b0675500_a_U000652000
# [2024-05-26 16:04:07] INFO: Calculated checksum: 249949f8
# [2024-05-26 16:04:12] INFO: Calculated checksum: 2c7703fa
# [2024-05-26 16:04:12] INFO: Writing RNGSTATE file: ./rand_s060t20_b0675500_a_U000652000
# [2024-05-26 16:04:12] INFO: Writing to disk took 7.45834 seconds
# [2024-05-26 16:04:12] INFO: ======================================================================
# [2024-05-26 16:04:12] INFO: Start sweeping...
# [2024-05-26 16:11:14] INFO: It took 422.297 seconds to do 500 HBOR sweeps.
# [2024-05-26 16:11:14] INFO: Plaquette = 0.65632
# [2024-05-26 16:11:14] INFO: Polyakov loop = (0.00140716,-0.00114422)
# [2024-05-26 16:11:14] INFO: Writing conf to disk...
# [2024-05-26 16:11:14] INFO: writeconf_nersc: Writing NERSC configuration ./conf_s060t20_b0675500_a_U000652500
# [2024-05-26 16:11:17] INFO: Calculated checksum: 5f19bb06
# [2024-05-26 16:11:22] INFO: Calculated checksum: aa92bda9
# [2024-05-26 16:11:22] INFO: Writing RNGSTATE file: ./rand_s060t20_b0675500_a_U000652500
# [2024-05-26 16:11:22] INFO: Writing to disk took 7.37471 seconds
# [2024-05-26 16:11:22] INFO: ======================================================================
# [2024-05-26 16:11:22] INFO: Start sweeping...
# [2024-05-26 16:18:25] INFO: It took 422.818 seconds to do 500 HBOR sweeps.
# [2024-05-26 16:18:25] INFO: Plaquette = 0.65631
# [2024-05-26 16:18:25] INFO: Polyakov loop = (0.00188371,-0.00027285)
# [2024-05-26 16:18:25] INFO: Writing conf to disk...
# [2024-05-26 16:18:25] INFO: writeconf_nersc: Writing NERSC configuration ./conf_s060t20_b0675500_a_U000653000
# [2024-05-26 16:18:27] INFO: Calculated checksum: 671a70a0
# [2024-05-26 16:18:32] INFO: Calculated checksum: d05e15e3
# [2024-05-26 16:18:32] INFO: Writing RNGSTATE file: ./rand_s060t20_b0675500_a_U000653000
# [2024-05-26 16:18:32] INFO: Writing to disk took 7.36237 seconds
# [2024-05-26 16:18:32] INFO: ======================================================================
# [2024-05-26 16:18:32] INFO: Start sweeping...
# [2024-05-26 16:25:34] INFO: It took 421.995 seconds to do 500 HBOR sweeps.
# [2024-05-26 16:25:34] INFO: Plaquette = 0.656314
# [2024-05-26 16:25:34] INFO: Polyakov loop = (0.00298642,0.000244204)
# [2024-05-26 16:25:34] INFO: Writing conf to disk...
# [2024-05-26 16:25:34] INFO: writeconf_nersc: Writing NERSC configuration ./conf_s060t20_b0675500_a_U000653500
# [2024-05-26 16:25:37] INFO: Calculated checksum: 2e0ef214
# [2024-05-26 16:25:41] INFO: Calculated checksum: f859bdc3
# [2024-05-26 16:25:41] INFO: Writing RNGSTATE file: ./rand_s060t20_b0675500_a_U000653500
# [2024-05-26 16:25:41] INFO: Writing to disk took 7.40568 seconds
# [2024-05-26 16:25:41] INFO: ======================================================================
# [2024-05-26 16:25:41] INFO: Start sweeping...
# [2024-05-26 16:32:43] INFO: It took 421.661 seconds to do 500 HBOR sweeps.
# [2024-05-26 16:32:43] INFO: Plaquette = 0.656277
# [2024-05-26 16:32:43] INFO: Polyakov loop = (0.0023577,-0.000715976)
# [2024-05-26 16:32:43] INFO: Writing conf to disk...
# [2024-05-26 16:32:43] INFO: writeconf_nersc: Writing NERSC configuration ./conf_s060t20_b0675500_a_U000654000
# [2024-05-26 16:32:46] INFO: Calculated checksum: 85b2f532
# [2024-05-26 16:32:50] INFO: Calculated checksum: 6de34a12
# [2024-05-26 16:32:50] INFO: Writing RNGSTATE file: ./rand_s060t20_b0675500_a_U000654000
# [2024-05-26 16:32:51] INFO: Writing to disk took 7.44418 seconds
# [2024-05-26 16:32:51] INFO: ======================================================================
# [2024-05-26 16:32:51] INFO: Start sweeping...
# [2024-05-26 16:39:46] INFO: It took 415.267 seconds to do 500 HBOR sweeps.
# [2024-05-26 16:39:46] INFO: Plaquette = 0.6563
# [2024-05-26 16:39:46] INFO: Polyakov loop = (0.0024051,-7.39343e-05)
# [2024-05-26 16:39:46] INFO: Writing conf to disk...
# [2024-05-26 16:39:46] INFO: writeconf_nersc: Writing NERSC configuration ./conf_s060t20_b0675500_a_U000654500
# [2024-05-26 16:39:49] INFO: Calculated checksum: 1624e4d
# [2024-05-26 16:39:53] INFO: Calculated checksum: 8d5546be
# [2024-05-26 16:39:53] INFO: Writing RNGSTATE file: ./rand_s060t20_b0675500_a_U000654500
# [2024-05-26 16:39:53] INFO: Writing to disk took 7.3575 seconds
# [2024-05-26 16:39:53] INFO: ======================================================================
# [2024-05-26 16:39:53] INFO: Start sweeping...
# [2024-05-26 16:46:56] INFO: It took 422.548 seconds to do 500 HBOR sweeps.
# [2024-05-26 16:46:56] INFO: Plaquette = 0.656379
# [2024-05-26 16:46:56] INFO: Polyakov loop = (0.00221877,-0.000327575)
# [2024-05-26 16:46:56] INFO: Writing conf to disk...
# [2024-05-26 16:46:56] INFO: writeconf_nersc: Writing NERSC configuration ./conf_s060t20_b0675500_a_U000655000
# [2024-05-26 16:46:59] INFO: Calculated checksum: 39837b77
# [2024-05-26 16:47:03] INFO: Calculated checksum: 8cdd2c11
# [2024-05-26 16:47:03] INFO: Writing RNGSTATE file: ./rand_s060t20_b0675500_a_U000655000
# [2024-05-26 16:47:03] INFO: Writing to disk took 7.40992 seconds
# [2024-05-26 16:47:03] INFO: ======================================================================
# [2024-05-26 16:47:03] INFO: Start sweeping...
# [2024-05-26 16:54:05] INFO: It took 422.093 seconds to do 500 HBOR sweeps.
# [2024-05-26 16:54:05] INFO: Plaquette = 0.656324
# [2024-05-26 16:54:05] INFO: Polyakov loop = (0.00158091,0.000866969)
# [2024-05-26 16:54:05] INFO: Writing conf to disk...
# [2024-05-26 16:54:05] INFO: writeconf_nersc: Writing NERSC configuration ./conf_s060t20_b0675500_a_U000655500
# [2024-05-26 16:54:08] INFO: Calculated checksum: 4fcf033c
# [2024-05-26 16:54:13] INFO: Calculated checksum: 7afd6b46
# [2024-05-26 16:54:13] INFO: Writing RNGSTATE file: ./rand_s060t20_b0675500_a_U000655500
# [2024-05-26 16:54:13] INFO: Writing to disk took 7.43939 seconds
# [2024-05-26 16:54:13] INFO: ======================================================================
# [2024-05-26 16:54:13] INFO: Start sweeping...
# [2024-05-26 17:01:07] INFO: It took 414.57 seconds to do 500 HBOR sweeps.
# [2024-05-26 17:01:07] INFO: Plaquette = 0.656331
# [2024-05-26 17:01:07] INFO: Polyakov loop = (0.000665867,0.00144253)
# [2024-05-26 17:01:07] INFO: Writing conf to disk...
# [2024-05-26 17:01:07] INFO: writeconf_nersc: Writing NERSC configuration ./conf_s060t20_b0675500_a_U000656000
# [2024-05-26 17:01:10] INFO: Calculated checksum: 7044db8e
# [2024-05-26 17:01:15] INFO: Calculated checksum: 3cc01d95
# [2024-05-26 17:01:15] INFO: Writing RNGSTATE file: ./rand_s060t20_b0675500_a_U000656000
# [2024-05-26 17:01:15] INFO: Writing to disk took 7.4718 seconds
# [2024-05-26 17:01:15] INFO: ======================================================================
# [2024-05-26 17:01:15] INFO: Start sweeping...
# [2024-05-26 17:08:13] INFO: It took 418.29 seconds to do 500 HBOR sweeps.
# [2024-05-26 17:08:13] INFO: Plaquette = 0.656195
# [2024-05-26 17:08:13] INFO: Polyakov loop = (0.00222582,-0.000216031)
# [2024-05-26 17:08:13] INFO: Writing conf to disk...
# [2024-05-26 17:08:13] INFO: writeconf_nersc: Writing NERSC configuration ./conf_s060t20_b0675500_a_U000656500
# [2024-05-26 17:08:16] INFO: Calculated checksum: a637d4d4
# [2024-05-26 17:08:21] INFO: Calculated checksum: cf3f52af
# [2024-05-26 17:08:21] INFO: Writing RNGSTATE file: ./rand_s060t20_b0675500_a_U000656500
# [2024-05-26 17:08:21] INFO: Writing to disk took 7.40726 seconds
# [2024-05-26 17:08:21] INFO: ======================================================================
# [2024-05-26 17:08:21] INFO: Start sweeping...
# [2024-05-26 17:15:20] INFO: It took 419.479 seconds to do 500 HBOR sweeps.
# [2024-05-26 17:15:20] INFO: Plaquette = 0.656263
# [2024-05-26 17:15:20] INFO: Polyakov loop = (0.00119239,3.66071e-05)
# [2024-05-26 17:15:20] INFO: Writing conf to disk...
# [2024-05-26 17:15:20] INFO: writeconf_nersc: Writing NERSC configuration ./conf_s060t20_b0675500_a_U000657000
# [2024-05-26 17:15:23] INFO: Calculated checksum: 163ad5e7
# [2024-05-26 17:15:28] INFO: Calculated checksum: 7aa61411
# [2024-05-26 17:15:28] INFO: Writing RNGSTATE file: ./rand_s060t20_b0675500_a_U000657000
# [2024-05-26 17:15:28] INFO: Writing to disk took 7.67534 seconds
# [2024-05-26 17:15:28] INFO: ======================================================================
# [2024-05-26 17:15:28] INFO: Start sweeping...
# [2024-05-26 17:22:23] INFO: It took 414.961 seconds to do 500 HBOR sweeps.
# [2024-05-26 17:22:23] INFO: Plaquette = 0.65632
# [2024-05-26 17:22:23] INFO: Polyakov loop = (0.00195911,0.000634152)
# [2024-05-26 17:22:23] INFO: Writing conf to disk...
# [2024-05-26 17:22:23] INFO: writeconf_nersc: Writing NERSC configuration ./conf_s060t20_b0675500_a_U000657500
# [2024-05-26 17:22:26] INFO: Calculated checksum: 253b5b54
# [2024-05-26 17:22:30] INFO: Calculated checksum: 7df200ab
# [2024-05-26 17:22:30] INFO: Writing RNGSTATE file: ./rand_s060t20_b0675500_a_U000657500
# [2024-05-26 17:22:30] INFO: Writing to disk took 7.54263 seconds
# [2024-05-26 17:22:30] INFO: ======================================================================
# [2024-05-26 17:22:30] INFO: Start sweeping...
# [2024-05-26 17:29:31] INFO: It took 420.497 seconds to do 500 HBOR sweeps.
# [2024-05-26 17:29:31] INFO: Plaquette = 0.65633
# [2024-05-26 17:29:31] INFO: Polyakov loop = (0.0013954,0.000531755)
# [2024-05-26 17:29:31] INFO: Writing conf to disk...
# [2024-05-26 17:29:31] INFO: writeconf_nersc: Writing NERSC configuration ./conf_s060t20_b0675500_a_U000658000
# [2024-05-26 17:29:34] INFO: Calculated checksum: b66d7349
# [2024-05-26 17:29:38] INFO: Calculated checksum: 25856e57
# [2024-05-26 17:29:38] INFO: Writing RNGSTATE file: ./rand_s060t20_b0675500_a_U000658000
# [2024-05-26 17:29:38] INFO: Writing to disk took 7.33136 seconds
# [2024-05-26 17:29:38] INFO: ======================================================================
# [2024-05-26 17:29:38] INFO: Start sweeping...
# [2024-05-26 17:36:38] INFO: It took 420.021 seconds to do 500 HBOR sweeps.
# [2024-05-26 17:36:38] INFO: Plaquette = 0.656251
# [2024-05-26 17:36:38] INFO: Polyakov loop = (0.0019824,0.000587218)
# [2024-05-26 17:36:38] INFO: Writing conf to disk...
# [2024-05-26 17:36:38] INFO: writeconf_nersc: Writing NERSC configuration ./conf_s060t20_b0675500_a_U000658500
# [2024-05-26 17:36:41] INFO: Calculated checksum: fdb53a57
# [2024-05-26 17:36:46] INFO: Calculated checksum: c17768bb
# [2024-05-26 17:36:46] INFO: Writing RNGSTATE file: ./rand_s060t20_b0675500_a_U000658500
# [2024-05-26 17:36:46] INFO: Writing to disk took 7.36527 seconds
# [2024-05-26 17:36:46] INFO: ======================================================================
# [2024-05-26 17:36:46] INFO: Start sweeping...
# [2024-05-26 17:43:39] INFO: It took 413.439 seconds to do 500 HBOR sweeps.
# [2024-05-26 17:43:39] INFO: Plaquette = 0.65628
# [2024-05-26 17:43:39] INFO: Polyakov loop = (0.00235462,0.000432251)
# [2024-05-26 17:43:39] INFO: Writing conf to disk...
# [2024-05-26 17:43:39] INFO: writeconf_nersc: Writing NERSC configuration ./conf_s060t20_b0675500_a_U000659000
# [2024-05-26 17:43:42] INFO: Calculated checksum: 48be0479
# [2024-05-26 17:43:46] INFO: Calculated checksum: 4808fbfa
# [2024-05-26 17:43:46] INFO: Writing RNGSTATE file: ./rand_s060t20_b0675500_a_U000659000
# [2024-05-26 17:43:47] INFO: Writing to disk took 7.36787 seconds
# [2024-05-26 17:43:47] INFO: ======================================================================
# [2024-05-26 17:43:47] INFO: Start sweeping...
# [2024-05-26 17:50:46] INFO: It took 419.469 seconds to do 500 HBOR sweeps.
# [2024-05-26 17:50:46] INFO: Plaquette = 0.656336
# [2024-05-26 17:50:46] INFO: Polyakov loop = (0.00162813,-0.000338872)
# [2024-05-26 17:50:46] INFO: Writing conf to disk...
# [2024-05-26 17:50:46] INFO: writeconf_nersc: Writing NERSC configuration ./conf_s060t20_b0675500_a_U000659500
# [2024-05-26 17:50:49] INFO: Calculated checksum: 233827ef
# [2024-05-26 17:50:53] INFO: Calculated checksum: 58c30c35
# [2024-05-26 17:50:53] INFO: Writing RNGSTATE file: ./rand_s060t20_b0675500_a_U000659500
# [2024-05-26 17:50:54] INFO: Writing to disk took 7.40542 seconds
# [2024-05-26 17:50:54] INFO: ======================================================================
# [2024-05-26 17:50:54] INFO: Start sweeping...
# [2024-05-26 17:57:54] INFO: It took 420.645 seconds to do 500 HBOR sweeps.
# [2024-05-26 17:57:54] INFO: Plaquette = 0.656259
# [2024-05-26 17:57:54] INFO: Polyakov loop = (0.00191862,-0.00037274)
# [2024-05-26 17:57:54] INFO: Writing conf to disk...
# [2024-05-26 17:57:54] INFO: writeconf_nersc: Writing NERSC configuration ./conf_s060t20_b0675500_a_U000660000
# [2024-05-26 17:57:57] INFO: Calculated checksum: f9dba37a
# [2024-05-26 17:58:01] INFO: Calculated checksum: 53aa976d
# [2024-05-26 17:58:01] INFO: Writing RNGSTATE file: ./rand_s060t20_b0675500_a_U000660000
# [2024-05-26 17:58:02] INFO: Writing to disk took 7.33352 seconds
# [2024-05-26 17:58:02] INFO: ======================================================================
# [2024-05-26 17:58:02] INFO: Start sweeping...
# [2024-05-26 18:04:58] INFO: It took 416.364 seconds to do 500 HBOR sweeps.
# [2024-05-26 18:04:58] INFO: Plaquette = 0.6563
# [2024-05-26 18:04:58] INFO: Polyakov loop = (0.00175351,0.000559373)
# [2024-05-26 18:04:58] INFO: Writing conf to disk...
# [2024-05-26 18:04:58] INFO: writeconf_nersc: Writing NERSC configuration ./conf_s060t20_b0675500_a_U000660500
# [2024-05-26 18:05:01] INFO: Calculated checksum: cf6fcbd4
# [2024-05-26 18:05:05] INFO: Calculated checksum: 83bc0a11
# [2024-05-26 18:05:05] INFO: Writing RNGSTATE file: ./rand_s060t20_b0675500_a_U000660500
# [2024-05-26 18:05:05] INFO: Writing to disk took 7.34373 seconds
# [2024-05-26 18:05:05] INFO: ======================================================================
# [2024-05-26 18:05:05] INFO: Start sweeping...
# [2024-05-26 18:12:05] INFO: It took 419.431 seconds to do 500 HBOR sweeps.
# [2024-05-26 18:12:05] INFO: Plaquette = 0.656204
# [2024-05-26 18:12:05] INFO: Polyakov loop = (0.00071472,-0.000422703)
# [2024-05-26 18:12:05] INFO: Writing conf to disk...
# [2024-05-26 18:12:05] INFO: writeconf_nersc: Writing NERSC configuration ./conf_s060t20_b0675500_a_U000661000
# [2024-05-26 18:12:08] INFO: Calculated checksum: 106d7ada
# [2024-05-26 18:12:12] INFO: Calculated checksum: 7c40c4db
# [2024-05-26 18:12:12] INFO: Writing RNGSTATE file: ./rand_s060t20_b0675500_a_U000661000
# [2024-05-26 18:12:12] INFO: Writing to disk took 7.33851 seconds
# [2024-05-26 18:12:12] INFO: ======================================================================
# [2024-05-26 18:12:12] INFO: Start sweeping...
# [2024-05-26 18:19:11] INFO: It took 418.946 seconds to do 500 HBOR sweeps.
# [2024-05-26 18:19:11] INFO: Plaquette = 0.656349
# [2024-05-26 18:19:11] INFO: Polyakov loop = (0.00124536,0.000281364)
# [2024-05-26 18:19:11] INFO: Writing conf to disk...
# [2024-05-26 18:19:11] INFO: writeconf_nersc: Writing NERSC configuration ./conf_s060t20_b0675500_a_U000661500
# [2024-05-26 18:19:14] INFO: Calculated checksum: f3df0f24
# [2024-05-26 18:19:18] INFO: Calculated checksum: 734bc5ef
# [2024-05-26 18:19:18] INFO: Writing RNGSTATE file: ./rand_s060t20_b0675500_a_U000661500
# [2024-05-26 18:19:18] INFO: Writing to disk took 7.35768 seconds
# [2024-05-26 18:19:18] INFO: ======================================================================
# [2024-05-26 18:19:18] INFO: Start sweeping...
# [2024-05-26 18:26:16] INFO: It took 417.065 seconds to do 500 HBOR sweeps.
# [2024-05-26 18:26:16] INFO: Plaquette = 0.656274
# [2024-05-26 18:26:16] INFO: Polyakov loop = (0.00274454,0.000852887)
# [2024-05-26 18:26:16] INFO: Writing conf to disk...
# [2024-05-26 18:26:16] INFO: writeconf_nersc: Writing NERSC configuration ./conf_s060t20_b0675500_a_U000662000
# [2024-05-26 18:26:18] INFO: Calculated checksum: 40dfbbc0
# [2024-05-26 18:26:23] INFO: Calculated checksum: a40ddfe5
# [2024-05-26 18:26:23] INFO: Writing RNGSTATE file: ./rand_s060t20_b0675500_a_U000662000
# [2024-05-26 18:26:23] INFO: Writing to disk took 7.35151 seconds
# [2024-05-26 18:26:23] INFO: ======================================================================
# [2024-05-26 18:26:23] INFO: Start sweeping...
# [2024-05-26 18:33:19] INFO: It took 415.6 seconds to do 500 HBOR sweeps.
# [2024-05-26 18:33:19] INFO: Plaquette = 0.65621
# [2024-05-26 18:33:19] INFO: Polyakov loop = (0.0021465,-0.000898629)
# [2024-05-26 18:33:19] INFO: Writing conf to disk...
# [2024-05-26 18:33:19] INFO: writeconf_nersc: Writing NERSC configuration ./conf_s060t20_b0675500_a_U000662500
# [2024-05-26 18:33:21] INFO: Calculated checksum: df75278e
# [2024-05-26 18:33:26] INFO: Calculated checksum: 305c6902
# [2024-05-26 18:33:26] INFO: Writing RNGSTATE file: ./rand_s060t20_b0675500_a_U000662500
# [2024-05-26 18:33:26] INFO: Writing to disk took 7.36278 seconds
# [2024-05-26 18:33:26] INFO: ======================================================================
# [2024-05-26 18:33:26] INFO: Start sweeping...
# [2024-05-26 18:40:25] INFO: It took 418.745 seconds to do 500 HBOR sweeps.
# [2024-05-26 18:40:25] INFO: Plaquette = 0.656215
# [2024-05-26 18:40:25] INFO: Polyakov loop = (0.000672175,0.00033426)
# [2024-05-26 18:40:25] INFO: Writing conf to disk...
# [2024-05-26 18:40:25] INFO: writeconf_nersc: Writing NERSC configuration ./conf_s060t20_b0675500_a_U000663000
# [2024-05-26 18:40:28] INFO: Calculated checksum: e167e694
# [2024-05-26 18:40:32] INFO: Calculated checksum: 21fca707
# [2024-05-26 18:40:32] INFO: Writing RNGSTATE file: ./rand_s060t20_b0675500_a_U000663000
# [2024-05-26 18:40:32] INFO: Writing to disk took 7.37808 seconds
# [2024-05-26 18:40:32] INFO: ======================================================================
# [2024-05-26 18:40:32] INFO: Start sweeping...
# [2024-05-26 18:47:30] INFO: It took 418.059 seconds to do 500 HBOR sweeps.
# [2024-05-26 18:47:30] INFO: Plaquette = 0.656251
# [2024-05-26 18:47:30] INFO: Polyakov loop = (0.00156137,-0.000363151)
# [2024-05-26 18:47:30] INFO: Writing conf to disk...
# [2024-05-26 18:47:30] INFO: writeconf_nersc: Writing NERSC configuration ./conf_s060t20_b0675500_a_U000663500
# [2024-05-26 18:47:33] INFO: Calculated checksum: 45d4525c
# [2024-05-26 18:47:37] INFO: Calculated checksum: dce2de9d
# [2024-05-26 18:47:37] INFO: Writing RNGSTATE file: ./rand_s060t20_b0675500_a_U000663500
# [2024-05-26 18:47:38] INFO: Writing to disk took 7.33535 seconds
# [2024-05-26 18:47:38] INFO: ======================================================================
# [2024-05-26 18:47:38] INFO: Start sweeping...
# [2024-05-26 18:54:32] INFO: It took 414.112 seconds to do 500 HBOR sweeps.
# [2024-05-26 18:54:32] INFO: Plaquette = 0.656212
# [2024-05-26 18:54:32] INFO: Polyakov loop = (0.001745,-0.000828994)
# [2024-05-26 18:54:32] INFO: Writing conf to disk...
# [2024-05-26 18:54:32] INFO: writeconf_nersc: Writing NERSC configuration ./conf_s060t20_b0675500_a_U000664000
# [2024-05-26 18:54:35] INFO: Calculated checksum: 3a85fce5
# [2024-05-26 18:54:39] INFO: Calculated checksum: 9ce768c2
# [2024-05-26 18:54:39] INFO: Writing RNGSTATE file: ./rand_s060t20_b0675500_a_U000664000
# [2024-05-26 18:54:39] INFO: Writing to disk took 7.55128 seconds
# [2024-05-26 18:54:39] INFO: ======================================================================
# [2024-05-26 18:54:39] INFO: Start sweeping...
# [2024-05-26 19:01:40] INFO: It took 420.688 seconds to do 500 HBOR sweeps.
# [2024-05-26 19:01:40] INFO: Plaquette = 0.656308
# [2024-05-26 19:01:40] INFO: Polyakov loop = (0.00127511,-0.000223011)
# [2024-05-26 19:01:40] INFO: Writing conf to disk...
# [2024-05-26 19:01:40] INFO: writeconf_nersc: Writing NERSC configuration ./conf_s060t20_b0675500_a_U000664500
# [2024-05-26 19:01:43] INFO: Calculated checksum: 5f767900
# [2024-05-26 19:01:47] INFO: Calculated checksum: bd9c097
# [2024-05-26 19:01:47] INFO: Writing RNGSTATE file: ./rand_s060t20_b0675500_a_U000664500
# [2024-05-26 19:01:48] INFO: Writing to disk took 7.53324 seconds
# [2024-05-26 19:01:48] INFO: ======================================================================
# [2024-05-26 19:01:48] INFO: Start sweeping...
# [2024-05-26 19:08:48] INFO: It took 420.954 seconds to do 500 HBOR sweeps.
# [2024-05-26 19:08:49] INFO: Plaquette = 0.656303
# [2024-05-26 19:08:49] INFO: Polyakov loop = (0.00248778,0.00015246)
# [2024-05-26 19:08:49] INFO: Writing conf to disk...
# [2024-05-26 19:08:49] INFO: writeconf_nersc: Writing NERSC configuration ./conf_s060t20_b0675500_a_U000665000
# [2024-05-26 19:08:51] INFO: Calculated checksum: 952f1b42
# [2024-05-26 19:08:56] INFO: Calculated checksum: 1a834e19
# [2024-05-26 19:08:56] INFO: Writing RNGSTATE file: ./rand_s060t20_b0675500_a_U000665000
# [2024-05-26 19:08:56] INFO: Writing to disk took 7.38731 seconds
# [2024-05-26 19:08:56] INFO: ======================================================================
# [2024-05-26 19:08:56] INFO: Start sweeping...
# [2024-05-26 19:16:00] INFO: It took 424.125 seconds to do 500 HBOR sweeps.
# [2024-05-26 19:16:00] INFO: Plaquette = 0.656336
# [2024-05-26 19:16:00] INFO: Polyakov loop = (0.00171362,-0.000410177)
# [2024-05-26 19:16:00] INFO: Writing conf to disk...
# [2024-05-26 19:16:00] INFO: writeconf_nersc: Writing NERSC configuration ./conf_s060t20_b0675500_a_U000665500
# [2024-05-26 19:16:03] INFO: Calculated checksum: 82a4f1f7
# [2024-05-26 19:16:07] INFO: Calculated checksum: 9d45610d
# [2024-05-26 19:16:07] INFO: Writing RNGSTATE file: ./rand_s060t20_b0675500_a_U000665500
# [2024-05-26 19:16:07] INFO: Writing to disk took 7.38691 seconds
# [2024-05-26 19:16:07] INFO: ======================================================================
# [2024-05-26 19:16:07] INFO: Start sweeping...
# [2024-05-26 19:23:03] INFO: It took 415.988 seconds to do 500 HBOR sweeps.
# [2024-05-26 19:23:03] INFO: Plaquette = 0.656321
# [2024-05-26 19:23:03] INFO: Polyakov loop = (0.00135004,0.000786591)
# [2024-05-26 19:23:03] INFO: Writing conf to disk...
# [2024-05-26 19:23:03] INFO: writeconf_nersc: Writing NERSC configuration ./conf_s060t20_b0675500_a_U000666000
# [2024-05-26 19:23:06] INFO: Calculated checksum: 51c1dcd5
# [2024-05-26 19:23:11] INFO: Calculated checksum: 2eb26c7c
# [2024-05-26 19:23:11] INFO: Writing RNGSTATE file: ./rand_s060t20_b0675500_a_U000666000
# [2024-05-26 19:23:11] INFO: Writing to disk took 7.35865 seconds
# [2024-05-26 19:23:11] INFO: ======================================================================
# [2024-05-26 19:23:11] INFO: Start sweeping...
# [2024-05-26 19:30:09] INFO: It took 418.594 seconds to do 500 HBOR sweeps.
# [2024-05-26 19:30:09] INFO: Plaquette = 0.65629
# [2024-05-26 19:30:09] INFO: Polyakov loop = (0.002703,9.08828e-05)
# [2024-05-26 19:30:09] INFO: Writing conf to disk...
# [2024-05-26 19:30:09] INFO: writeconf_nersc: Writing NERSC configuration ./conf_s060t20_b0675500_a_U000666500
# [2024-05-26 19:30:12] INFO: Calculated checksum: 3afc9d98
# [2024-05-26 19:30:17] INFO: Calculated checksum: abd38e2e
# [2024-05-26 19:30:17] INFO: Writing RNGSTATE file: ./rand_s060t20_b0675500_a_U000666500
# [2024-05-26 19:30:17] INFO: Writing to disk took 7.38296 seconds
# [2024-05-26 19:30:17] INFO: ======================================================================
# [2024-05-26 19:30:17] INFO: Start sweeping...
# [2024-05-26 19:37:18] INFO: It took 420.63 seconds to do 500 HBOR sweeps.
# [2024-05-26 19:37:18] INFO: Plaquette = 0.656245
# [2024-05-26 19:37:18] INFO: Polyakov loop = (0.00189316,-0.000262601)
# [2024-05-26 19:37:18] INFO: Writing conf to disk...
# [2024-05-26 19:37:18] INFO: writeconf_nersc: Writing NERSC configuration ./conf_s060t20_b0675500_a_U000667000
# [2024-05-26 19:37:20] INFO: Calculated checksum: 5527414e
# [2024-05-26 19:37:25] INFO: Calculated checksum: f32767a
# [2024-05-26 19:37:25] INFO: Writing RNGSTATE file: ./rand_s060t20_b0675500_a_U000667000
# [2024-05-26 19:37:25] INFO: Writing to disk took 7.40599 seconds
# [2024-05-26 19:37:25] INFO: ======================================================================
# [2024-05-26 19:37:25] INFO: Start sweeping...
# [2024-05-26 19:44:25] INFO: It took 419.692 seconds to do 500 HBOR sweeps.
# [2024-05-26 19:44:25] INFO: Plaquette = 0.656337
# [2024-05-26 19:44:25] INFO: Polyakov loop = (0.0023044,-0.000291934)
# [2024-05-26 19:44:25] INFO: Writing conf to disk...
# [2024-05-26 19:44:25] INFO: writeconf_nersc: Writing NERSC configuration ./conf_s060t20_b0675500_a_U000667500
# [2024-05-26 19:44:28] INFO: Calculated checksum: ad4bbffc
# [2024-05-26 19:44:32] INFO: Calculated checksum: d72382f3
# [2024-05-26 19:44:32] INFO: Writing RNGSTATE file: ./rand_s060t20_b0675500_a_U000667500
# [2024-05-26 19:44:32] INFO: Writing to disk took 7.38361 seconds
# [2024-05-26 19:44:32] INFO: ======================================================================
# [2024-05-26 19:44:32] INFO: Start sweeping...
# [2024-05-26 19:51:27] INFO: It took 415.188 seconds to do 500 HBOR sweeps.
# [2024-05-26 19:51:27] INFO: Plaquette = 0.65629
# [2024-05-26 19:51:27] INFO: Polyakov loop = (0.00225971,-0.000241979)
# [2024-05-26 19:51:27] INFO: Writing conf to disk...
# [2024-05-26 19:51:27] INFO: writeconf_nersc: Writing NERSC configuration ./conf_s060t20_b0675500_a_U000668000
# [2024-05-26 19:51:30] INFO: Calculated checksum: f43925a7
# [2024-05-26 19:51:35] INFO: Calculated checksum: cb6f9a74
# [2024-05-26 19:51:35] INFO: Writing RNGSTATE file: ./rand_s060t20_b0675500_a_U000668000
# [2024-05-26 19:51:35] INFO: Writing to disk took 7.36372 seconds
# [2024-05-26 19:51:35] INFO: ======================================================================
# [2024-05-26 19:51:35] INFO: Start sweeping...
# [2024-05-26 19:58:40] INFO: It took 424.844 seconds to do 500 HBOR sweeps.
# [2024-05-26 19:58:40] INFO: Plaquette = 0.656343
# [2024-05-26 19:58:40] INFO: Polyakov loop = (0.002586,-0.00016857)
# [2024-05-26 19:58:40] INFO: Writing conf to disk...
# [2024-05-26 19:58:40] INFO: writeconf_nersc: Writing NERSC configuration ./conf_s060t20_b0675500_a_U000668500
# [2024-05-26 19:58:42] INFO: Calculated checksum: bcd60408
# [2024-05-26 19:58:47] INFO: Calculated checksum: ee2c226d
# [2024-05-26 19:58:47] INFO: Writing RNGSTATE file: ./rand_s060t20_b0675500_a_U000668500
# [2024-05-26 19:58:47] INFO: Writing to disk took 7.40491 seconds
# [2024-05-26 19:58:47] INFO: ======================================================================
# [2024-05-26 19:58:47] INFO: Start sweeping...
# [2024-05-26 20:05:50] INFO: It took 423.055 seconds to do 500 HBOR sweeps.
# [2024-05-26 20:05:50] INFO: Plaquette = 0.656318
# [2024-05-26 20:05:50] INFO: Polyakov loop = (0.00278654,-6.87819e-05)
# [2024-05-26 20:05:50] INFO: Writing conf to disk...
# [2024-05-26 20:05:50] INFO: writeconf_nersc: Writing NERSC configuration ./conf_s060t20_b0675500_a_U000669000
# [2024-05-26 20:05:53] INFO: Calculated checksum: d2780d0a
# [2024-05-26 20:05:57] INFO: Calculated checksum: fc49372
# [2024-05-26 20:05:57] INFO: Writing RNGSTATE file: ./rand_s060t20_b0675500_a_U000669000
# [2024-05-26 20:05:57] INFO: Writing to disk took 7.35749 seconds
# [2024-05-26 20:05:57] INFO: ======================================================================
# [2024-05-26 20:05:57] INFO: Start sweeping...
# [2024-05-26 20:12:52] INFO: It took 414.832 seconds to do 500 HBOR sweeps.
# [2024-05-26 20:12:52] INFO: Plaquette = 0.65636
# [2024-05-26 20:12:52] INFO: Polyakov loop = (0.00227849,0.000351451)
# [2024-05-26 20:12:52] INFO: Writing conf to disk...
# [2024-05-26 20:12:52] INFO: writeconf_nersc: Writing NERSC configuration ./conf_s060t20_b0675500_a_U000669500
# [2024-05-26 20:12:55] INFO: Calculated checksum: 3be97880
# [2024-05-26 20:13:00] INFO: Calculated checksum: 9ea4f6f2
# [2024-05-26 20:13:00] INFO: Writing RNGSTATE file: ./rand_s060t20_b0675500_a_U000669500
# [2024-05-26 20:13:00] INFO: Writing to disk took 7.4082 seconds
# [2024-05-26 20:13:00] INFO: ======================================================================
# [2024-05-26 20:13:00] INFO: Start sweeping...
# [2024-05-26 20:19:59] INFO: It took 419.045 seconds to do 500 HBOR sweeps.
# [2024-05-26 20:19:59] INFO: Plaquette = 0.656306
# [2024-05-26 20:19:59] INFO: Polyakov loop = (0.00141339,-0.00025453)
# [2024-05-26 20:19:59] INFO: Writing conf to disk...
# [2024-05-26 20:19:59] INFO: writeconf_nersc: Writing NERSC configuration ./conf_s060t20_b0675500_a_U000670000
# [2024-05-26 20:20:02] INFO: Calculated checksum: 2911632f
# [2024-05-26 20:20:06] INFO: Calculated checksum: 40f996cc
# [2024-05-26 20:20:06] INFO: Writing RNGSTATE file: ./rand_s060t20_b0675500_a_U000670000
# [2024-05-26 20:20:06] INFO: Writing to disk took 7.35412 seconds
# [2024-05-26 20:20:06] INFO: ======================================================================
# [2024-05-26 20:20:06] INFO: Start sweeping...
# [2024-05-26 20:27:01] INFO: It took 415.222 seconds to do 500 HBOR sweeps.
# [2024-05-26 20:27:01] INFO: Plaquette = 0.656255
# [2024-05-26 20:27:01] INFO: Polyakov loop = (0.00176042,-0.000749821)
# [2024-05-26 20:27:01] INFO: Writing conf to disk...
# [2024-05-26 20:27:01] INFO: writeconf_nersc: Writing NERSC configuration ./conf_s060t20_b0675500_a_U000670500
# [2024-05-26 20:27:04] INFO: Calculated checksum: 2e744f89
# [2024-05-26 20:27:09] INFO: Calculated checksum: 98dc6d
# [2024-05-26 20:27:09] INFO: Writing RNGSTATE file: ./rand_s060t20_b0675500_a_U000670500
# [2024-05-26 20:27:09] INFO: Writing to disk took 7.37262 seconds
# [2024-05-26 20:27:09] INFO: ======================================================================
# [2024-05-26 20:27:09] INFO: Start sweeping...
# [2024-05-26 20:34:03] INFO: It took 414.479 seconds to do 500 HBOR sweeps.
# [2024-05-26 20:34:03] INFO: Plaquette = 0.656371
# [2024-05-26 20:34:03] INFO: Polyakov loop = (0.00287994,0.000291739)
# [2024-05-26 20:34:03] INFO: Writing conf to disk...
# [2024-05-26 20:34:03] INFO: writeconf_nersc: Writing NERSC configuration ./conf_s060t20_b0675500_a_U000671000
# [2024-05-26 20:34:06] INFO: Calculated checksum: 2bfc033c
# [2024-05-26 20:34:11] INFO: Calculated checksum: 4a5010bf
# [2024-05-26 20:34:11] INFO: Writing RNGSTATE file: ./rand_s060t20_b0675500_a_U000671000
# [2024-05-26 20:34:11] INFO: Writing to disk took 7.52681 seconds
# [2024-05-26 20:34:11] INFO: ======================================================================
# [2024-05-26 20:34:11] INFO: Start sweeping...
# [2024-05-26 20:41:16] INFO: It took 424.658 seconds to do 500 HBOR sweeps.
# [2024-05-26 20:41:16] INFO: Plaquette = 0.656318
# [2024-05-26 20:41:16] INFO: Polyakov loop = (0.00185025,0.000715731)
# [2024-05-26 20:41:16] INFO: Writing conf to disk...
# [2024-05-26 20:41:16] INFO: writeconf_nersc: Writing NERSC configuration ./conf_s060t20_b0675500_a_U000671500
# [2024-05-26 20:41:18] INFO: Calculated checksum: bc15d1c4
# [2024-05-26 20:41:23] INFO: Calculated checksum: fc484de3
# [2024-05-26 20:41:23] INFO: Writing RNGSTATE file: ./rand_s060t20_b0675500_a_U000671500
# [2024-05-26 20:41:23] INFO: Writing to disk took 7.53529 seconds
# [2024-05-26 20:41:23] INFO: ======================================================================
# [2024-05-26 20:41:23] INFO: Start sweeping...
# [2024-05-26 20:48:25] INFO: It took 421.774 seconds to do 500 HBOR sweeps.
# [2024-05-26 20:48:25] INFO: Plaquette = 0.656205
# [2024-05-26 20:48:25] INFO: Polyakov loop = (0.00210349,-6.94759e-05)
# [2024-05-26 20:48:25] INFO: Writing conf to disk...
# [2024-05-26 20:48:25] INFO: writeconf_nersc: Writing NERSC configuration ./conf_s060t20_b0675500_a_U000672000
# [2024-05-26 20:48:28] INFO: Calculated checksum: c65d012a
# [2024-05-26 20:48:32] INFO: Calculated checksum: 2360bc5e
# [2024-05-26 20:48:32] INFO: Writing RNGSTATE file: ./rand_s060t20_b0675500_a_U000672000
# [2024-05-26 20:48:32] INFO: Writing to disk took 7.34119 seconds
# [2024-05-26 20:48:32] INFO: ======================================================================
# [2024-05-26 20:48:32] INFO: Start sweeping...
# [2024-05-26 20:55:34] INFO: It took 421.998 seconds to do 500 HBOR sweeps.
# [2024-05-26 20:55:34] INFO: Plaquette = 0.656288
# [2024-05-26 20:55:34] INFO: Polyakov loop = (0.0015306,-0.000754439)
# [2024-05-26 20:55:34] INFO: Writing conf to disk...
# [2024-05-26 20:55:34] INFO: writeconf_nersc: Writing NERSC configuration ./conf_s060t20_b0675500_a_U000672500
# [2024-05-26 20:55:37] INFO: Calculated checksum: f8da3e7a
# [2024-05-26 20:55:42] INFO: Calculated checksum: e7b79a46
# [2024-05-26 20:55:42] INFO: Writing RNGSTATE file: ./rand_s060t20_b0675500_a_U000672500
# [2024-05-26 20:55:42] INFO: Writing to disk took 7.35161 seconds
# [2024-05-26 20:55:42] INFO: ======================================================================
# [2024-05-26 20:55:42] INFO: Start sweeping...
# [2024-05-26 21:02:36] INFO: It took 414.392 seconds to do 500 HBOR sweeps.
# [2024-05-26 21:02:36] INFO: Plaquette = 0.656299
# [2024-05-26 21:02:36] INFO: Polyakov loop = (0.00153389,0.000286854)
# [2024-05-26 21:02:36] INFO: Writing conf to disk...
# [2024-05-26 21:02:36] INFO: writeconf_nersc: Writing NERSC configuration ./conf_s060t20_b0675500_a_U000673000
# [2024-05-26 21:02:39] INFO: Calculated checksum: 4aa4ad01
# [2024-05-26 21:02:43] INFO: Calculated checksum: 63a67f31
# [2024-05-26 21:02:43] INFO: Writing RNGSTATE file: ./rand_s060t20_b0675500_a_U000673000
# [2024-05-26 21:02:43] INFO: Writing to disk took 7.35196 seconds
# [2024-05-26 21:02:43] INFO: ======================================================================
# [2024-05-26 21:02:43] INFO: Start sweeping...
# [2024-05-26 21:09:44] INFO: It took 420.779 seconds to do 500 HBOR sweeps.
# [2024-05-26 21:09:44] INFO: Plaquette = 0.6562
# [2024-05-26 21:09:44] INFO: Polyakov loop = (0.00173565,0.000541044)
# [2024-05-26 21:09:44] INFO: Writing conf to disk...
# [2024-05-26 21:09:44] INFO: writeconf_nersc: Writing NERSC configuration ./conf_s060t20_b0675500_a_U000673500
# [2024-05-26 21:09:47] INFO: Calculated checksum: 6d764742
# [2024-05-26 21:09:52] INFO: Calculated checksum: db55a8b7
# [2024-05-26 21:09:52] INFO: Writing RNGSTATE file: ./rand_s060t20_b0675500_a_U000673500
# [2024-05-26 21:09:52] INFO: Writing to disk took 7.36818 seconds
# [2024-05-26 21:09:52] INFO: ======================================================================
# [2024-05-26 21:09:52] INFO: Start sweeping...
# [2024-05-26 21:16:53] INFO: It took 421.406 seconds to do 500 HBOR sweeps.
# [2024-05-26 21:16:53] INFO: Plaquette = 0.656252
# [2024-05-26 21:16:53] INFO: Polyakov loop = (0.00216381,-0.000738075)
# [2024-05-26 21:16:53] INFO: Writing conf to disk...
# [2024-05-26 21:16:53] INFO: writeconf_nersc: Writing NERSC configuration ./conf_s060t20_b0675500_a_U000674000
# [2024-05-26 21:16:56] INFO: Calculated checksum: f46d8a4d
# [2024-05-26 21:17:01] INFO: Calculated checksum: e542e5f8
# [2024-05-26 21:17:01] INFO: Writing RNGSTATE file: ./rand_s060t20_b0675500_a_U000674000
# [2024-05-26 21:17:01] INFO: Writing to disk took 7.58141 seconds
# [2024-05-26 21:17:01] INFO: ======================================================================
# [2024-05-26 21:17:01] INFO: Start sweeping...
# [2024-05-26 21:24:02] INFO: It took 421.661 seconds to do 500 HBOR sweeps.
# [2024-05-26 21:24:02] INFO: Plaquette = 0.656285
# [2024-05-26 21:24:02] INFO: Polyakov loop = (0.000924169,-0.000225887)
# [2024-05-26 21:24:02] INFO: Writing conf to disk...
# [2024-05-26 21:24:02] INFO: writeconf_nersc: Writing NERSC configuration ./conf_s060t20_b0675500_a_U000674500
# [2024-05-26 21:24:05] INFO: Calculated checksum: 354d51ac
# [2024-05-26 21:24:10] INFO: Calculated checksum: d5d6d173
# [2024-05-26 21:24:10] INFO: Writing RNGSTATE file: ./rand_s060t20_b0675500_a_U000674500
# [2024-05-26 21:24:10] INFO: Writing to disk took 7.54808 seconds
# [2024-05-26 21:24:10] INFO: ======================================================================
# [2024-05-26 21:24:10] INFO: Start sweeping...
# [2024-05-26 21:31:08] INFO: It took 418.313 seconds to do 500 HBOR sweeps.
# [2024-05-26 21:31:08] INFO: Plaquette = 0.656291
# [2024-05-26 21:31:08] INFO: Polyakov loop = (0.00166143,0.000523107)
# [2024-05-26 21:31:08] INFO: Writing conf to disk...
# [2024-05-26 21:31:08] INFO: writeconf_nersc: Writing NERSC configuration ./conf_s060t20_b0675500_a_U000675000
# [2024-05-26 21:31:11] INFO: Calculated checksum: b700a32e
# [2024-05-26 21:31:16] INFO: Calculated checksum: e8ea2657
# [2024-05-26 21:31:16] INFO: Writing RNGSTATE file: ./rand_s060t20_b0675500_a_U000675000
# [2024-05-26 21:31:16] INFO: Writing to disk took 7.51636 seconds
# [2024-05-26 21:31:16] INFO: ======================================================================
# [2024-05-26 21:31:16] INFO: Start sweeping...
# [2024-05-26 21:38:11] INFO: It took 414.755 seconds to do 500 HBOR sweeps.
# [2024-05-26 21:38:11] INFO: Plaquette = 0.656279
# [2024-05-26 21:38:11] INFO: Polyakov loop = (0.00207356,-0.000854481)
# [2024-05-26 21:38:11] INFO: Writing conf to disk...
# [2024-05-26 21:38:11] INFO: writeconf_nersc: Writing NERSC configuration ./conf_s060t20_b0675500_a_U000675500
# [2024-05-26 21:38:13] INFO: Calculated checksum: 8a42ddbd
# [2024-05-26 21:38:18] INFO: Calculated checksum: 7c922145
# [2024-05-26 21:38:18] INFO: Writing RNGSTATE file: ./rand_s060t20_b0675500_a_U000675500
# [2024-05-26 21:38:18] INFO: Writing to disk took 7.49106 seconds
# [2024-05-26 21:38:18] INFO: ======================================================================
# [2024-05-26 21:38:18] INFO: Start sweeping...
# [2024-05-26 21:45:20] INFO: It took 422.338 seconds to do 500 HBOR sweeps.
# [2024-05-26 21:45:20] INFO: Plaquette = 0.656285
# [2024-05-26 21:45:20] INFO: Polyakov loop = (0.00105818,-1.92776e-05)
# [2024-05-26 21:45:20] INFO: Writing conf to disk...
# [2024-05-26 21:45:20] INFO: writeconf_nersc: Writing NERSC configuration ./conf_s060t20_b0675500_a_U000676000
# [2024-05-26 21:45:23] INFO: Calculated checksum: 7357f471
# [2024-05-26 21:45:28] INFO: Calculated checksum: 2494775b
# [2024-05-26 21:45:28] INFO: Writing RNGSTATE file: ./rand_s060t20_b0675500_a_U000676000
# [2024-05-26 21:45:28] INFO: Writing to disk took 7.52747 seconds
# [2024-05-26 21:45:28] INFO: ======================================================================
# [2024-05-26 21:45:28] INFO: Start sweeping...
# [2024-05-26 21:52:29] INFO: It took 421.408 seconds to do 500 HBOR sweeps.
# [2024-05-26 21:52:29] INFO: Plaquette = 0.656227
# [2024-05-26 21:52:29] INFO: Polyakov loop = (0.00223731,-8.45689e-05)
# [2024-05-26 21:52:29] INFO: Writing conf to disk...
# [2024-05-26 21:52:29] INFO: writeconf_nersc: Writing NERSC configuration ./conf_s060t20_b0675500_a_U000676500
# [2024-05-26 21:52:32] INFO: Calculated checksum: 9c27b05b
# [2024-05-26 21:52:37] INFO: Calculated checksum: cd502f27
# [2024-05-26 21:52:37] INFO: Writing RNGSTATE file: ./rand_s060t20_b0675500_a_U000676500
# [2024-05-26 21:52:37] INFO: Writing to disk took 7.62161 seconds
# [2024-05-26 21:52:37] INFO: ======================================================================
# [2024-05-26 21:52:37] INFO: Start sweeping...
# [2024-05-26 21:59:32] INFO: It took 415.028 seconds to do 500 HBOR sweeps.
# [2024-05-26 21:59:32] INFO: Plaquette = 0.656256
# [2024-05-26 21:59:32] INFO: Polyakov loop = (0.0023329,-0.000400911)
# [2024-05-26 21:59:32] INFO: Writing conf to disk...
# [2024-05-26 21:59:32] INFO: writeconf_nersc: Writing NERSC configuration ./conf_s060t20_b0675500_a_U000677000
# [2024-05-26 21:59:35] INFO: Calculated checksum: 42e7285f
# [2024-05-26 21:59:39] INFO: Calculated checksum: e7ebfbfb
# [2024-05-26 21:59:39] INFO: Writing RNGSTATE file: ./rand_s060t20_b0675500_a_U000677000
# [2024-05-26 21:59:40] INFO: Writing to disk took 7.39492 seconds
# [2024-05-26 21:59:40] INFO: ======================================================================
# [2024-05-26 21:59:40] INFO: Start sweeping...
# [2024-05-26 22:06:40] INFO: It took 420.649 seconds to do 500 HBOR sweeps.
# [2024-05-26 22:06:40] INFO: Plaquette = 0.656298
# [2024-05-26 22:06:40] INFO: Polyakov loop = (0.00170191,-0.000395059)
# [2024-05-26 22:06:40] INFO: Writing conf to disk...
# [2024-05-26 22:06:40] INFO: writeconf_nersc: Writing NERSC configuration ./conf_s060t20_b0675500_a_U000677500
# [2024-05-26 22:06:43] INFO: Calculated checksum: cf6a52e9
# [2024-05-26 22:06:48] INFO: Calculated checksum: 24663146
# [2024-05-26 22:06:48] INFO: Writing RNGSTATE file: ./rand_s060t20_b0675500_a_U000677500
# [2024-05-26 22:06:48] INFO: Writing to disk took 7.50519 seconds
# [2024-05-26 22:06:48] INFO: ======================================================================
# [2024-05-26 22:06:48] INFO: Start sweeping...
# [2024-05-26 22:13:48] INFO: It took 420.035 seconds to do 500 HBOR sweeps.
# [2024-05-26 22:13:48] INFO: Plaquette = 0.656247
# [2024-05-26 22:13:48] INFO: Polyakov loop = (0.00167541,-9.5092e-05)
# [2024-05-26 22:13:48] INFO: Writing conf to disk...
# [2024-05-26 22:13:48] INFO: writeconf_nersc: Writing NERSC configuration ./conf_s060t20_b0675500_a_U000678000
# [2024-05-26 22:13:51] INFO: Calculated checksum: 720dfbe0
# [2024-05-26 22:13:55] INFO: Calculated checksum: b25b3ea0
# [2024-05-26 22:13:55] INFO: Writing RNGSTATE file: ./rand_s060t20_b0675500_a_U000678000
# [2024-05-26 22:13:55] INFO: Writing to disk took 7.39859 seconds
# [2024-05-26 22:13:55] INFO: ======================================================================
# [2024-05-26 22:13:55] INFO: Start sweeping...
# [2024-05-26 22:20:53] INFO: It took 417.39 seconds to do 500 HBOR sweeps.
# [2024-05-26 22:20:53] INFO: Plaquette = 0.656221
# [2024-05-26 22:20:53] INFO: Polyakov loop = (0.00288421,-0.000610647)
# [2024-05-26 22:20:53] INFO: Writing conf to disk...
# [2024-05-26 22:20:53] INFO: writeconf_nersc: Writing NERSC configuration ./conf_s060t20_b0675500_a_U000678500
# [2024-05-26 22:20:56] INFO: Calculated checksum: fdfbc755
# [2024-05-26 22:21:00] INFO: Calculated checksum: 1a795135
# [2024-05-26 22:21:00] INFO: Writing RNGSTATE file: ./rand_s060t20_b0675500_a_U000678500
# [2024-05-26 22:21:00] INFO: Writing to disk took 7.58592 seconds
# [2024-05-26 22:21:00] INFO: ======================================================================
# [2024-05-26 22:21:00] INFO: Start sweeping...
# [2024-05-26 22:27:57] INFO: It took 416.458 seconds to do 500 HBOR sweeps.
# [2024-05-26 22:27:57] INFO: Plaquette = 0.656298
# [2024-05-26 22:27:57] INFO: Polyakov loop = (0.00274864,0.000855749)
# [2024-05-26 22:27:57] INFO: Writing conf to disk...
# [2024-05-26 22:27:57] INFO: writeconf_nersc: Writing NERSC configuration ./conf_s060t20_b0675500_a_U000679000
# [2024-05-26 22:28:00] INFO: Calculated checksum: 796db8e7
# [2024-05-26 22:28:04] INFO: Calculated checksum: 1dcc0ed7
# [2024-05-26 22:28:04] INFO: Writing RNGSTATE file: ./rand_s060t20_b0675500_a_U000679000
# [2024-05-26 22:28:04] INFO: Writing to disk took 7.4239 seconds
# [2024-05-26 22:28:04] INFO: ======================================================================
# [2024-05-26 22:28:04] INFO: Start sweeping...
# [2024-05-26 22:35:01] INFO: It took 416.356 seconds to do 500 HBOR sweeps.
# [2024-05-26 22:35:01] INFO: Plaquette = 0.656404
# [2024-05-26 22:35:01] INFO: Polyakov loop = (0.00341931,-0.000239576)
# [2024-05-26 22:35:01] INFO: Writing conf to disk...
# [2024-05-26 22:35:01] INFO: writeconf_nersc: Writing NERSC configuration ./conf_s060t20_b0675500_a_U000679500
# [2024-05-26 22:35:03] INFO: Calculated checksum: c05c53ca
# [2024-05-26 22:35:08] INFO: Calculated checksum: abe9a1f4
# [2024-05-26 22:35:08] INFO: Writing RNGSTATE file: ./rand_s060t20_b0675500_a_U000679500
# [2024-05-26 22:35:08] INFO: Writing to disk took 7.33737 seconds
# [2024-05-26 22:35:08] INFO: ======================================================================
# [2024-05-26 22:35:08] INFO: Start sweeping...
# [2024-05-26 22:42:11] INFO: It took 422.868 seconds to do 500 HBOR sweeps.
# [2024-05-26 22:42:11] INFO: Plaquette = 0.656224
# [2024-05-26 22:42:11] INFO: Polyakov loop = (0.00200411,0.000771933)
# [2024-05-26 22:42:11] INFO: Writing conf to disk...
# [2024-05-26 22:42:11] INFO: writeconf_nersc: Writing NERSC configuration ./conf_s060t20_b0675500_a_U000680000
# [2024-05-26 22:42:14] INFO: Calculated checksum: 19939e53
# [2024-05-26 22:42:18] INFO: Calculated checksum: ebf775ad
# [2024-05-26 22:42:18] INFO: Writing RNGSTATE file: ./rand_s060t20_b0675500_a_U000680000
# [2024-05-26 22:42:18] INFO: Writing to disk took 7.35321 seconds
# [2024-05-26 22:42:18] INFO: ======================================================================
# [2024-05-26 22:42:18] INFO: Start sweeping...
# [2024-05-26 22:49:22] INFO: It took 423.456 seconds to do 500 HBOR sweeps.
# [2024-05-26 22:49:22] INFO: Plaquette = 0.656286
# [2024-05-26 22:49:22] INFO: Polyakov loop = (0.00172705,0.00113446)
# [2024-05-26 22:49:22] INFO: Writing conf to disk...
# [2024-05-26 22:49:22] INFO: writeconf_nersc: Writing NERSC configuration ./conf_s060t20_b0675500_a_U000680500
# [2024-05-26 22:49:25] INFO: Calculated checksum: dc68fed8
# [2024-05-26 22:49:29] INFO: Calculated checksum: c5798b
# [2024-05-26 22:49:29] INFO: Writing RNGSTATE file: ./rand_s060t20_b0675500_a_U000680500
# [2024-05-26 22:49:29] INFO: Writing to disk took 7.3364 seconds
# [2024-05-26 22:49:29] INFO: ======================================================================
# [2024-05-26 22:49:29] INFO: Start sweeping...
# [2024-05-26 22:56:26] INFO: It took 417.154 seconds to do 500 HBOR sweeps.
# [2024-05-26 22:56:26] INFO: Plaquette = 0.656267
# [2024-05-26 22:56:26] INFO: Polyakov loop = (0.00158324,7.01967e-05)
# [2024-05-26 22:56:26] INFO: Writing conf to disk...
# [2024-05-26 22:56:26] INFO: writeconf_nersc: Writing NERSC configuration ./conf_s060t20_b0675500_a_U000681000
# [2024-05-26 22:56:29] INFO: Calculated checksum: e5b42cb5
# [2024-05-26 22:56:34] INFO: Calculated checksum: f28df801
# [2024-05-26 22:56:34] INFO: Writing RNGSTATE file: ./rand_s060t20_b0675500_a_U000681000
# [2024-05-26 22:56:34] INFO: Writing to disk took 7.43906 seconds
# [2024-05-26 22:56:34] INFO: ======================================================================
# [2024-05-26 22:56:34] INFO: Start sweeping...
# [2024-05-26 23:03:32] INFO: It took 418.569 seconds to do 500 HBOR sweeps.
# [2024-05-26 23:03:32] INFO: Plaquette = 0.65631
# [2024-05-26 23:03:32] INFO: Polyakov loop = (0.00207619,-0.000322626)
# [2024-05-26 23:03:32] INFO: Writing conf to disk...
# [2024-05-26 23:03:32] INFO: writeconf_nersc: Writing NERSC configuration ./conf_s060t20_b0675500_a_U000681500
# [2024-05-26 23:03:35] INFO: Calculated checksum: 674495bd
# [2024-05-26 23:03:40] INFO: Calculated checksum: 53e3fa7
# [2024-05-26 23:03:40] INFO: Writing RNGSTATE file: ./rand_s060t20_b0675500_a_U000681500
# [2024-05-26 23:03:40] INFO: Writing to disk took 7.65998 seconds
# [2024-05-26 23:03:40] INFO: ======================================================================
# [2024-05-26 23:03:40] INFO: Start sweeping...
# [2024-05-26 23:10:35] INFO: It took 415.106 seconds to do 500 HBOR sweeps.
# [2024-05-26 23:10:35] INFO: Plaquette = 0.656353
# [2024-05-26 23:10:35] INFO: Polyakov loop = (0.00184248,-0.000187814)
# [2024-05-26 23:10:35] INFO: Writing conf to disk...
# [2024-05-26 23:10:35] INFO: writeconf_nersc: Writing NERSC configuration ./conf_s060t20_b0675500_a_U000682000
# [2024-05-26 23:10:38] INFO: Calculated checksum: 1e66ecf5
# [2024-05-26 23:10:42] INFO: Calculated checksum: 5221b3d2
# [2024-05-26 23:10:42] INFO: Writing RNGSTATE file: ./rand_s060t20_b0675500_a_U000682000
# [2024-05-26 23:10:43] INFO: Writing to disk took 7.44038 seconds
# [2024-05-26 23:10:43] INFO: ======================================================================
# [2024-05-26 23:10:43] INFO: Start sweeping...
# [2024-05-26 23:17:37] INFO: It took 414.272 seconds to do 500 HBOR sweeps.
# [2024-05-26 23:17:37] INFO: Plaquette = 0.656233
# [2024-05-26 23:17:37] INFO: Polyakov loop = (0.00120171,7.27051e-05)
# [2024-05-26 23:17:37] INFO: Writing conf to disk...
# [2024-05-26 23:17:37] INFO: writeconf_nersc: Writing NERSC configuration ./conf_s060t20_b0675500_a_U000682500
# [2024-05-26 23:17:40] INFO: Calculated checksum: c4bde833
# [2024-05-26 23:17:44] INFO: Calculated checksum: 8fbabd11
# [2024-05-26 23:17:44] INFO: Writing RNGSTATE file: ./rand_s060t20_b0675500_a_U000682500
# [2024-05-26 23:17:45] INFO: Writing to disk took 7.7137 seconds
# [2024-05-26 23:17:45] INFO: ======================================================================
# [2024-05-26 23:17:45] INFO: Start sweeping...
# [2024-05-26 23:24:41] INFO: It took 416.52 seconds to do 500 HBOR sweeps.
# [2024-05-26 23:24:41] INFO: Plaquette = 0.656329
# [2024-05-26 23:24:41] INFO: Polyakov loop = (0.00169916,0.000205715)
# [2024-05-26 23:24:41] INFO: Writing conf to disk...
# [2024-05-26 23:24:41] INFO: writeconf_nersc: Writing NERSC configuration ./conf_s060t20_b0675500_a_U000683000
# [2024-05-26 23:24:44] INFO: Calculated checksum: 88e4bfea
# [2024-05-26 23:24:49] INFO: Calculated checksum: 38ca3b41
# [2024-05-26 23:24:49] INFO: Writing RNGSTATE file: ./rand_s060t20_b0675500_a_U000683000
# [2024-05-26 23:24:49] INFO: Writing to disk took 7.53275 seconds
# [2024-05-26 23:24:49] INFO: ======================================================================
# [2024-05-26 23:24:49] INFO: Start sweeping...
# [2024-05-26 23:31:52] INFO: It took 423.085 seconds to do 500 HBOR sweeps.
# [2024-05-26 23:31:52] INFO: Plaquette = 0.656252
# [2024-05-26 23:31:52] INFO: Polyakov loop = (0.000528265,-0.000422234)
# [2024-05-26 23:31:52] INFO: Writing conf to disk...
# [2024-05-26 23:31:52] INFO: writeconf_nersc: Writing NERSC configuration ./conf_s060t20_b0675500_a_U000683500
# [2024-05-26 23:31:55] INFO: Calculated checksum: 3e02b5d3
# [2024-05-26 23:31:59] INFO: Calculated checksum: 2c2dc4f
# [2024-05-26 23:31:59] INFO: Writing RNGSTATE file: ./rand_s060t20_b0675500_a_U000683500
# [2024-05-26 23:32:00] INFO: Writing to disk took 7.77184 seconds
# [2024-05-26 23:32:00] INFO: ======================================================================
# [2024-05-26 23:32:00] INFO: Start sweeping...
# [2024-05-26 23:39:03] INFO: It took 423.696 seconds to do 500 HBOR sweeps.
# [2024-05-26 23:39:03] INFO: Plaquette = 0.656265
# [2024-05-26 23:39:03] INFO: Polyakov loop = (0.00140715,0.000473772)
# [2024-05-26 23:39:03] INFO: Writing conf to disk...
# [2024-05-26 23:39:03] INFO: writeconf_nersc: Writing NERSC configuration ./conf_s060t20_b0675500_a_U000684000
# [2024-05-26 23:39:06] INFO: Calculated checksum: 7b33c95a
# [2024-05-26 23:39:10] INFO: Calculated checksum: 9c0d7e30
# [2024-05-26 23:39:10] INFO: Writing RNGSTATE file: ./rand_s060t20_b0675500_a_U000684000
# [2024-05-26 23:39:11] INFO: Writing to disk took 7.27341 seconds
# [2024-05-26 23:39:11] INFO: ======================================================================
# [2024-05-26 23:39:11] INFO: Start sweeping...
# [2024-05-26 23:46:14] INFO: It took 423.188 seconds to do 500 HBOR sweeps.
# [2024-05-26 23:46:14] INFO: Plaquette = 0.656228
# [2024-05-26 23:46:14] INFO: Polyakov loop = (0.00273164,-0.000844535)
# [2024-05-26 23:46:14] INFO: Writing conf to disk...
# [2024-05-26 23:46:14] INFO: writeconf_nersc: Writing NERSC configuration ./conf_s060t20_b0675500_a_U000684500
# [2024-05-26 23:46:17] INFO: Calculated checksum: 7cacd0f1
# [2024-05-26 23:46:21] INFO: Calculated checksum: 4c3477ba
# [2024-05-26 23:46:21] INFO: Writing RNGSTATE file: ./rand_s060t20_b0675500_a_U000684500
# [2024-05-26 23:46:21] INFO: Writing to disk took 7.37445 seconds
# [2024-05-26 23:46:21] INFO: ======================================================================
# [2024-05-26 23:46:21] INFO: Start sweeping...
# [2024-05-26 23:53:25] INFO: It took 423.604 seconds to do 500 HBOR sweeps.
# [2024-05-26 23:53:25] INFO: Plaquette = 0.656154
# [2024-05-26 23:53:25] INFO: Polyakov loop = (0.00144113,0.00055523)
# [2024-05-26 23:53:25] INFO: Writing conf to disk...
# [2024-05-26 23:53:25] INFO: writeconf_nersc: Writing NERSC configuration ./conf_s060t20_b0675500_a_U000685000
# [2024-05-26 23:53:28] INFO: Calculated checksum: 218c3fe8
# [2024-05-26 23:53:32] INFO: Calculated checksum: 15e77345
# [2024-05-26 23:53:32] INFO: Writing RNGSTATE file: ./rand_s060t20_b0675500_a_U000685000
# [2024-05-26 23:53:32] INFO: Writing to disk took 7.34573 seconds
# [2024-05-26 23:53:32] INFO: ======================================================================
# [2024-05-26 23:53:32] INFO: Start sweeping...
# [2024-05-27 00:00:36] INFO: It took 423.361 seconds to do 500 HBOR sweeps.
# [2024-05-27 00:00:36] INFO: Plaquette = 0.656244
# [2024-05-27 00:00:36] INFO: Polyakov loop = (0.000380756,0.000811074)
# [2024-05-27 00:00:36] INFO: Writing conf to disk...
# [2024-05-27 00:00:36] INFO: writeconf_nersc: Writing NERSC configuration ./conf_s060t20_b0675500_a_U000685500
# [2024-05-27 00:00:38] INFO: Calculated checksum: 86520e2d
# [2024-05-27 00:00:43] INFO: Calculated checksum: 2d447dc8
# [2024-05-27 00:00:43] INFO: Writing RNGSTATE file: ./rand_s060t20_b0675500_a_U000685500
# [2024-05-27 00:00:43] INFO: Writing to disk took 7.72747 seconds
# [2024-05-27 00:00:43] INFO: ======================================================================
# [2024-05-27 00:00:43] INFO: Start sweeping...
# [2024-05-27 00:07:46] INFO: It took 422.263 seconds to do 500 HBOR sweeps.
# [2024-05-27 00:07:46] INFO: Plaquette = 0.656289
# [2024-05-27 00:07:46] INFO: Polyakov loop = (0.000921214,-0.00033037)
# [2024-05-27 00:07:46] INFO: Writing conf to disk...
# [2024-05-27 00:07:46] INFO: writeconf_nersc: Writing NERSC configuration ./conf_s060t20_b0675500_a_U000686000
# [2024-05-27 00:07:48] INFO: Calculated checksum: 1ccb8712
# [2024-05-27 00:07:53] INFO: Calculated checksum: 540f0a71
# [2024-05-27 00:07:53] INFO: Writing RNGSTATE file: ./rand_s060t20_b0675500_a_U000686000
# [2024-05-27 00:07:53] INFO: Writing to disk took 7.50231 seconds
# [2024-05-27 00:07:53] INFO: ======================================================================
# [2024-05-27 00:07:53] INFO: Start sweeping...
# [2024-05-27 00:14:57] INFO: It took 423.419 seconds to do 500 HBOR sweeps.
# [2024-05-27 00:14:57] INFO: Plaquette = 0.656342
# [2024-05-27 00:14:57] INFO: Polyakov loop = (0.00130714,-0.000157855)
# [2024-05-27 00:14:57] INFO: Writing conf to disk...
# [2024-05-27 00:14:57] INFO: writeconf_nersc: Writing NERSC configuration ./conf_s060t20_b0675500_a_U000686500
# [2024-05-27 00:14:59] INFO: Calculated checksum: 26545d55
# [2024-05-27 00:15:04] INFO: Calculated checksum: f429241
# [2024-05-27 00:15:04] INFO: Writing RNGSTATE file: ./rand_s060t20_b0675500_a_U000686500
# [2024-05-27 00:15:04] INFO: Writing to disk took 7.5234 seconds
# [2024-05-27 00:15:04] INFO: ======================================================================
# [2024-05-27 00:15:04] INFO: Start sweeping...
# [2024-05-27 00:22:06] INFO: It took 421.827 seconds to do 500 HBOR sweeps.
# [2024-05-27 00:22:06] INFO: Plaquette = 0.656205
# [2024-05-27 00:22:06] INFO: Polyakov loop = (0.00147719,0.000630684)
# [2024-05-27 00:22:06] INFO: Writing conf to disk...
# [2024-05-27 00:22:06] INFO: writeconf_nersc: Writing NERSC configuration ./conf_s060t20_b0675500_a_U000687000
# [2024-05-27 00:22:09] INFO: Calculated checksum: 10c36ac2
# [2024-05-27 00:22:13] INFO: Calculated checksum: d8be900c
# [2024-05-27 00:22:13] INFO: Writing RNGSTATE file: ./rand_s060t20_b0675500_a_U000687000
# [2024-05-27 00:22:13] INFO: Writing to disk took 7.43067 seconds
# [2024-05-27 00:22:13] INFO: ======================================================================
# [2024-05-27 00:22:13] INFO: Start sweeping...
# [2024-05-27 00:29:14] INFO: It took 420.314 seconds to do 500 HBOR sweeps.
# [2024-05-27 00:29:14] INFO: Plaquette = 0.656361
# [2024-05-27 00:29:14] INFO: Polyakov loop = (0.00163775,-0.000411103)
# [2024-05-27 00:29:14] INFO: Writing conf to disk...
# [2024-05-27 00:29:14] INFO: writeconf_nersc: Writing NERSC configuration ./conf_s060t20_b0675500_a_U000687500
# [2024-05-27 00:29:17] INFO: Calculated checksum: adfbe0d
# [2024-05-27 00:29:21] INFO: Calculated checksum: 4c4eed53
# [2024-05-27 00:29:21] INFO: Writing RNGSTATE file: ./rand_s060t20_b0675500_a_U000687500
# [2024-05-27 00:29:21] INFO: Writing to disk took 7.29731 seconds
# [2024-05-27 00:29:21] INFO: ======================================================================
# [2024-05-27 00:29:21] INFO: Start sweeping...
# [2024-05-27 00:36:16] INFO: It took 415.186 seconds to do 500 HBOR sweeps.
# [2024-05-27 00:36:16] INFO: Plaquette = 0.656162
# [2024-05-27 00:36:16] INFO: Polyakov loop = (0.00129643,-0.000192905)
# [2024-05-27 00:36:16] INFO: Writing conf to disk...
# [2024-05-27 00:36:16] INFO: writeconf_nersc: Writing NERSC configuration ./conf_s060t20_b0675500_a_U000688000
# [2024-05-27 00:36:19] INFO: Calculated checksum: c681a8a2
# [2024-05-27 00:36:24] INFO: Calculated checksum: 404164f3
# [2024-05-27 00:36:24] INFO: Writing RNGSTATE file: ./rand_s060t20_b0675500_a_U000688000
# [2024-05-27 00:36:24] INFO: Writing to disk took 7.52408 seconds
# [2024-05-27 00:36:24] INFO: ======================================================================
# [2024-05-27 00:36:24] INFO: Start sweeping...
# [2024-05-27 00:43:19] INFO: It took 414.682 seconds to do 500 HBOR sweeps.
# [2024-05-27 00:43:19] INFO: Plaquette = 0.656318
# [2024-05-27 00:43:19] INFO: Polyakov loop = (0.00130012,0.000604231)
# [2024-05-27 00:43:19] INFO: Writing conf to disk...
# [2024-05-27 00:43:19] INFO: writeconf_nersc: Writing NERSC configuration ./conf_s060t20_b0675500_a_U000688500
# [2024-05-27 00:43:21] INFO: Calculated checksum: 45c7af0e
# [2024-05-27 00:43:26] INFO: Calculated checksum: 44b31355
# [2024-05-27 00:43:26] INFO: Writing RNGSTATE file: ./rand_s060t20_b0675500_a_U000688500
# [2024-05-27 00:43:26] INFO: Writing to disk took 7.47619 seconds
# [2024-05-27 00:43:26] INFO: ======================================================================
# [2024-05-27 00:43:26] INFO: Start sweeping...
# [2024-05-27 00:50:26] INFO: It took 420.2 seconds to do 500 HBOR sweeps.
# [2024-05-27 00:50:26] INFO: Plaquette = 0.656276
# [2024-05-27 00:50:26] INFO: Polyakov loop = (0.00107555,-0.000143948)
# [2024-05-27 00:50:26] INFO: Writing conf to disk...
# [2024-05-27 00:50:26] INFO: writeconf_nersc: Writing NERSC configuration ./conf_s060t20_b0675500_a_U000689000
# [2024-05-27 00:50:29] INFO: Calculated checksum: ff7cc67c
# [2024-05-27 00:50:34] INFO: Calculated checksum: c9230b9c
# [2024-05-27 00:50:34] INFO: Writing RNGSTATE file: ./rand_s060t20_b0675500_a_U000689000
# [2024-05-27 00:50:34] INFO: Writing to disk took 7.35142 seconds
# [2024-05-27 00:50:34] INFO: ======================================================================
# [2024-05-27 00:50:34] INFO: Start sweeping...
# [2024-05-27 00:57:35] INFO: It took 420.9 seconds to do 500 HBOR sweeps.
# [2024-05-27 00:57:35] INFO: Plaquette = 0.656301
# [2024-05-27 00:57:35] INFO: Polyakov loop = (0.00131429,0.000228241)
# [2024-05-27 00:57:35] INFO: Writing conf to disk...
# [2024-05-27 00:57:35] INFO: writeconf_nersc: Writing NERSC configuration ./conf_s060t20_b0675500_a_U000689500
# [2024-05-27 00:57:37] INFO: Calculated checksum: db22c881
# [2024-05-27 00:57:42] INFO: Calculated checksum: c6bbc993
# [2024-05-27 00:57:42] INFO: Writing RNGSTATE file: ./rand_s060t20_b0675500_a_U000689500
# [2024-05-27 00:57:42] INFO: Writing to disk took 7.53268 seconds
# [2024-05-27 00:57:42] INFO: ======================================================================
# [2024-05-27 00:57:42] INFO: Start sweeping...
# [2024-05-27 01:04:38] INFO: It took 415.561 seconds to do 500 HBOR sweeps.
# [2024-05-27 01:04:38] INFO: Plaquette = 0.656224
# [2024-05-27 01:04:38] INFO: Polyakov loop = (0.00234377,0.00098535)
# [2024-05-27 01:04:38] INFO: Writing conf to disk...
# [2024-05-27 01:04:38] INFO: writeconf_nersc: Writing NERSC configuration ./conf_s060t20_b0675500_a_U000690000
# [2024-05-27 01:04:41] INFO: Calculated checksum: 67ce8d50
# [2024-05-27 01:04:45] INFO: Calculated checksum: 7ae06e7d
# [2024-05-27 01:04:45] INFO: Writing RNGSTATE file: ./rand_s060t20_b0675500_a_U000690000
# [2024-05-27 01:04:45] INFO: Writing to disk took 7.41769 seconds
# [2024-05-27 01:04:45] INFO: ======================================================================
# [2024-05-27 01:04:45] INFO: Start sweeping...
# [2024-05-27 01:11:49] INFO: It took 423.608 seconds to do 500 HBOR sweeps.
# [2024-05-27 01:11:49] INFO: Plaquette = 0.656312
# [2024-05-27 01:11:49] INFO: Polyakov loop = (0.00247095,0.000267117)
# [2024-05-27 01:11:49] INFO: Writing conf to disk...
# [2024-05-27 01:11:49] INFO: writeconf_nersc: Writing NERSC configuration ./conf_s060t20_b0675500_a_U000690500
# [2024-05-27 01:11:52] INFO: Calculated checksum: fb5321fb
# [2024-05-27 01:11:56] INFO: Calculated checksum: a35748f4
# [2024-05-27 01:11:56] INFO: Writing RNGSTATE file: ./rand_s060t20_b0675500_a_U000690500
# [2024-05-27 01:11:56] INFO: Writing to disk took 7.37405 seconds
# [2024-05-27 01:11:56] INFO: ======================================================================
# [2024-05-27 01:11:56] INFO: Start sweeping...
# [2024-05-27 01:18:55] INFO: It took 418.538 seconds to do 500 HBOR sweeps.
# [2024-05-27 01:18:55] INFO: Plaquette = 0.656276
# [2024-05-27 01:18:55] INFO: Polyakov loop = (0.00109839,0.000404175)
# [2024-05-27 01:18:55] INFO: Writing conf to disk...
# [2024-05-27 01:18:55] INFO: writeconf_nersc: Writing NERSC configuration ./conf_s060t20_b0675500_a_U000691000
# [2024-05-27 01:18:58] INFO: Calculated checksum: 17877b26
# [2024-05-27 01:19:02] INFO: Calculated checksum: 743866d5
# [2024-05-27 01:19:02] INFO: Writing RNGSTATE file: ./rand_s060t20_b0675500_a_U000691000
# [2024-05-27 01:19:02] INFO: Writing to disk took 7.4116 seconds
# [2024-05-27 01:19:02] INFO: ======================================================================
# [2024-05-27 01:19:02] INFO: Start sweeping...
# [2024-05-27 01:26:03] INFO: It took 420.771 seconds to do 500 HBOR sweeps.
# [2024-05-27 01:26:03] INFO: Plaquette = 0.656311
# [2024-05-27 01:26:03] INFO: Polyakov loop = (0.000638582,-0.000924452)
# [2024-05-27 01:26:03] INFO: Writing conf to disk...
# [2024-05-27 01:26:03] INFO: writeconf_nersc: Writing NERSC configuration ./conf_s060t20_b0675500_a_U000691500
# [2024-05-27 01:26:06] INFO: Calculated checksum: 98847404
# [2024-05-27 01:26:10] INFO: Calculated checksum: 4b5a2a98
# [2024-05-27 01:26:10] INFO: Writing RNGSTATE file: ./rand_s060t20_b0675500_a_U000691500
# [2024-05-27 01:26:11] INFO: Writing to disk took 7.51274 seconds
# [2024-05-27 01:26:11] INFO: ======================================================================
# [2024-05-27 01:26:11] INFO: Start sweeping...
# [2024-05-27 01:33:13] INFO: It took 422.257 seconds to do 500 HBOR sweeps.
# [2024-05-27 01:33:13] INFO: Plaquette = 0.656145
# [2024-05-27 01:33:13] INFO: Polyakov loop = (0.00144846,-0.000220787)
# [2024-05-27 01:33:13] INFO: Writing conf to disk...
# [2024-05-27 01:33:13] INFO: writeconf_nersc: Writing NERSC configuration ./conf_s060t20_b0675500_a_U000692000
# [2024-05-27 01:33:16] INFO: Calculated checksum: 6d9e9a17
# [2024-05-27 01:33:20] INFO: Calculated checksum: 90fc0dc5
# [2024-05-27 01:33:20] INFO: Writing RNGSTATE file: ./rand_s060t20_b0675500_a_U000692000
# [2024-05-27 01:33:21] INFO: Writing to disk took 7.76986 seconds
# [2024-05-27 01:33:21] INFO: ======================================================================
# [2024-05-27 01:33:21] INFO: Start sweeping...
# [2024-05-27 01:40:22] INFO: It took 421.717 seconds to do 500 HBOR sweeps.
# [2024-05-27 01:40:22] INFO: Plaquette = 0.656376
# [2024-05-27 01:40:22] INFO: Polyakov loop = (0.00126658,-0.000971966)
# [2024-05-27 01:40:22] INFO: Writing conf to disk...
# [2024-05-27 01:40:22] INFO: writeconf_nersc: Writing NERSC configuration ./conf_s060t20_b0675500_a_U000692500
# [2024-05-27 01:40:25] INFO: Calculated checksum: 832d3ca4
# [2024-05-27 01:40:30] INFO: Calculated checksum: add4b23a
# [2024-05-27 01:40:30] INFO: Writing RNGSTATE file: ./rand_s060t20_b0675500_a_U000692500
# [2024-05-27 01:40:30] INFO: Writing to disk took 7.46431 seconds
# [2024-05-27 01:40:30] INFO: ======================================================================
# [2024-05-27 01:40:30] INFO: Start sweeping...
# [2024-05-27 01:47:33] INFO: It took 422.809 seconds to do 500 HBOR sweeps.
# [2024-05-27 01:47:33] INFO: Plaquette = 0.656339
# [2024-05-27 01:47:33] INFO: Polyakov loop = (0.00101516,-0.000118298)
# [2024-05-27 01:47:33] INFO: Writing conf to disk...
# [2024-05-27 01:47:33] INFO: writeconf_nersc: Writing NERSC configuration ./conf_s060t20_b0675500_a_U000693000
# [2024-05-27 01:47:36] INFO: Calculated checksum: acace12b
# [2024-05-27 01:47:40] INFO: Calculated checksum: 2580e068
# [2024-05-27 01:47:40] INFO: Writing RNGSTATE file: ./rand_s060t20_b0675500_a_U000693000
# [2024-05-27 01:47:40] INFO: Writing to disk took 7.6601 seconds
# [2024-05-27 01:47:40] INFO: ======================================================================
# [2024-05-27 01:47:40] INFO: Start sweeping...
# [2024-05-27 01:54:41] INFO: It took 420.4 seconds to do 500 HBOR sweeps.
# [2024-05-27 01:54:41] INFO: Plaquette = 0.656211
# [2024-05-27 01:54:41] INFO: Polyakov loop = (0.00110266,-0.000427439)
# [2024-05-27 01:54:41] INFO: Writing conf to disk...
# [2024-05-27 01:54:41] INFO: writeconf_nersc: Writing NERSC configuration ./conf_s060t20_b0675500_a_U000693500
# [2024-05-27 01:54:44] INFO: Calculated checksum: 2c018375
# [2024-05-27 01:54:48] INFO: Calculated checksum: 34e08d35
# [2024-05-27 01:54:48] INFO: Writing RNGSTATE file: ./rand_s060t20_b0675500_a_U000693500
# [2024-05-27 01:54:49] INFO: Writing to disk took 7.68723 seconds
# [2024-05-27 01:54:49] INFO: ======================================================================
# [2024-05-27 01:54:49] INFO: Start sweeping...
# [2024-05-27 02:01:52] INFO: It took 423.335 seconds to do 500 HBOR sweeps.
# [2024-05-27 02:01:52] INFO: Plaquette = 0.656257
# [2024-05-27 02:01:52] INFO: Polyakov loop = (0.00142621,-0.00114006)
# [2024-05-27 02:01:52] INFO: Writing conf to disk...
# [2024-05-27 02:01:52] INFO: writeconf_nersc: Writing NERSC configuration ./conf_s060t20_b0675500_a_U000694000
# [2024-05-27 02:01:55] INFO: Calculated checksum: 89571b66
# [2024-05-27 02:01:59] INFO: Calculated checksum: bbbf4fc3
# [2024-05-27 02:01:59] INFO: Writing RNGSTATE file: ./rand_s060t20_b0675500_a_U000694000
# [2024-05-27 02:01:59] INFO: Writing to disk took 7.5037 seconds
# [2024-05-27 02:01:59] INFO: ======================================================================
# [2024-05-27 02:01:59] INFO: Start sweeping...
# [2024-05-27 02:09:01] INFO: It took 421.964 seconds to do 500 HBOR sweeps.
# [2024-05-27 02:09:01] INFO: Plaquette = 0.656247
# [2024-05-27 02:09:01] INFO: Polyakov loop = (0.00156961,-0.000683643)
# [2024-05-27 02:09:01] INFO: Writing conf to disk...
# [2024-05-27 02:09:01] INFO: writeconf_nersc: Writing NERSC configuration ./conf_s060t20_b0675500_a_U000694500
# [2024-05-27 02:09:04] INFO: Calculated checksum: 14ec58f8
# [2024-05-27 02:09:09] INFO: Calculated checksum: 33a34b68
# [2024-05-27 02:09:09] INFO: Writing RNGSTATE file: ./rand_s060t20_b0675500_a_U000694500
# [2024-05-27 02:09:09] INFO: Writing to disk took 7.66707 seconds
# [2024-05-27 02:09:09] INFO: ======================================================================
# [2024-05-27 02:09:09] INFO: Start sweeping...
# [2024-05-27 02:16:15] INFO: It took 425.99 seconds to do 500 HBOR sweeps.
# [2024-05-27 02:16:15] INFO: Plaquette = 0.65634
# [2024-05-27 02:16:15] INFO: Polyakov loop = (0.00197774,-0.000361963)
# [2024-05-27 02:16:15] INFO: Writing conf to disk...
# [2024-05-27 02:16:15] INFO: writeconf_nersc: Writing NERSC configuration ./conf_s060t20_b0675500_a_U000695000
# [2024-05-27 02:16:18] INFO: Calculated checksum: a04ef0d5
# [2024-05-27 02:16:23] INFO: Calculated checksum: c5efb8c4
# [2024-05-27 02:16:23] INFO: Writing RNGSTATE file: ./rand_s060t20_b0675500_a_U000695000
# [2024-05-27 02:16:23] INFO: Writing to disk took 7.66067 seconds
# [2024-05-27 02:16:23] INFO: ======================================================================
# [2024-05-27 02:16:23] INFO: Start sweeping...
# [2024-05-27 02:23:27] INFO: It took 424.428 seconds to do 500 HBOR sweeps.
# [2024-05-27 02:23:27] INFO: Plaquette = 0.656298
# [2024-05-27 02:23:27] INFO: Polyakov loop = (0.00118162,0.001325)
# [2024-05-27 02:23:27] INFO: Writing conf to disk...
# [2024-05-27 02:23:27] INFO: writeconf_nersc: Writing NERSC configuration ./conf_s060t20_b0675500_a_U000695500
# [2024-05-27 02:23:30] INFO: Calculated checksum: c71620f5
# [2024-05-27 02:23:35] INFO: Calculated checksum: c0afa0b9
# [2024-05-27 02:23:35] INFO: Writing RNGSTATE file: ./rand_s060t20_b0675500_a_U000695500
# [2024-05-27 02:23:35] INFO: Writing to disk took 7.6398 seconds
# [2024-05-27 02:23:35] INFO: ======================================================================
# [2024-05-27 02:23:35] INFO: Start sweeping...
# [2024-05-27 02:30:43] INFO: It took 428.048 seconds to do 500 HBOR sweeps.
# [2024-05-27 02:30:43] INFO: Plaquette = 0.656325
# [2024-05-27 02:30:43] INFO: Polyakov loop = (0.00207255,-0.000190402)
# [2024-05-27 02:30:43] INFO: Writing conf to disk...
# [2024-05-27 02:30:43] INFO: writeconf_nersc: Writing NERSC configuration ./conf_s060t20_b0675500_a_U000696000
# [2024-05-27 02:30:46] INFO: Calculated checksum: ba117fd7
# [2024-05-27 02:30:51] INFO: Calculated checksum: 45f498d
# [2024-05-27 02:30:51] INFO: Writing RNGSTATE file: ./rand_s060t20_b0675500_a_U000696000
# [2024-05-27 02:30:51] INFO: Writing to disk took 7.65867 seconds
# [2024-05-27 02:30:51] INFO: ======================================================================
# [2024-05-27 02:30:51] INFO: Start sweeping...
# [2024-05-27 02:37:57] INFO: It took 426.213 seconds to do 500 HBOR sweeps.
# [2024-05-27 02:37:57] INFO: Plaquette = 0.656356
# [2024-05-27 02:37:57] INFO: Polyakov loop = (0.000817957,0.000557172)
# [2024-05-27 02:37:57] INFO: Writing conf to disk...
# [2024-05-27 02:37:57] INFO: writeconf_nersc: Writing NERSC configuration ./conf_s060t20_b0675500_a_U000696500
# [2024-05-27 02:38:00] INFO: Calculated checksum: 6e18d148
# [2024-05-27 02:38:04] INFO: Calculated checksum: eb8a30e5
# [2024-05-27 02:38:04] INFO: Writing RNGSTATE file: ./rand_s060t20_b0675500_a_U000696500
# [2024-05-27 02:38:04] INFO: Writing to disk took 7.52605 seconds
# [2024-05-27 02:38:04] INFO: ======================================================================
# [2024-05-27 02:38:04] INFO: Start sweeping...
# [2024-05-27 02:45:11] INFO: It took 426.178 seconds to do 500 HBOR sweeps.
# [2024-05-27 02:45:11] INFO: Plaquette = 0.65626
# [2024-05-27 02:45:11] INFO: Polyakov loop = (-0.000471056,-1.50218e-05)
# [2024-05-27 02:45:11] INFO: Writing conf to disk...
# [2024-05-27 02:45:11] INFO: writeconf_nersc: Writing NERSC configuration ./conf_s060t20_b0675500_a_U000697000
# [2024-05-27 02:45:14] INFO: Calculated checksum: 102e6da2
# [2024-05-27 02:45:18] INFO: Calculated checksum: 22472751
# [2024-05-27 02:45:18] INFO: Writing RNGSTATE file: ./rand_s060t20_b0675500_a_U000697000
# [2024-05-27 02:45:18] INFO: Writing to disk took 7.53316 seconds
# [2024-05-27 02:45:18] INFO: ======================================================================
# [2024-05-27 02:45:18] INFO: Start sweeping...
# [2024-05-27 02:52:24] INFO: It took 426.188 seconds to do 500 HBOR sweeps.
# [2024-05-27 02:52:24] INFO: Plaquette = 0.656264
# [2024-05-27 02:52:24] INFO: Polyakov loop = (0.00104596,9.55634e-05)
# [2024-05-27 02:52:24] INFO: Writing conf to disk...
# [2024-05-27 02:52:24] INFO: writeconf_nersc: Writing NERSC configuration ./conf_s060t20_b0675500_a_U000697500
# [2024-05-27 02:52:27] INFO: Calculated checksum: 660e0acc
# [2024-05-27 02:52:32] INFO: Calculated checksum: 2faf65e1
# [2024-05-27 02:52:32] INFO: Writing RNGSTATE file: ./rand_s060t20_b0675500_a_U000697500
# [2024-05-27 02:52:32] INFO: Writing to disk took 7.59583 seconds
# [2024-05-27 02:52:32] INFO: ======================================================================
# [2024-05-27 02:52:32] INFO: Start sweeping...
# [2024-05-27 02:59:37] INFO: It took 425.295 seconds to do 500 HBOR sweeps.
# [2024-05-27 02:59:37] INFO: Plaquette = 0.656251
# [2024-05-27 02:59:37] INFO: Polyakov loop = (6.8207e-05,0.000624279)
# [2024-05-27 02:59:37] INFO: Writing conf to disk...
# [2024-05-27 02:59:37] INFO: writeconf_nersc: Writing NERSC configuration ./conf_s060t20_b0675500_a_U000698000
# [2024-05-27 02:59:40] INFO: Calculated checksum: 781a996e
# [2024-05-27 02:59:45] INFO: Calculated checksum: fe577481
# [2024-05-27 02:59:45] INFO: Writing RNGSTATE file: ./rand_s060t20_b0675500_a_U000698000
# [2024-05-27 02:59:45] INFO: Writing to disk took 7.66555 seconds
# [2024-05-27 02:59:45] INFO: ======================================================================
# [2024-05-27 02:59:45] INFO: Start sweeping...
# [2024-05-27 03:06:50] INFO: It took 425.288 seconds to do 500 HBOR sweeps.
# [2024-05-27 03:06:50] INFO: Plaquette = 0.656286
# [2024-05-27 03:06:50] INFO: Polyakov loop = (0.00124121,9.43912e-05)
# [2024-05-27 03:06:50] INFO: Writing conf to disk...
# [2024-05-27 03:06:50] INFO: writeconf_nersc: Writing NERSC configuration ./conf_s060t20_b0675500_a_U000698500
# [2024-05-27 03:06:53] INFO: Calculated checksum: 1b4be9f7
# [2024-05-27 03:06:58] INFO: Calculated checksum: 462c29ee
# [2024-05-27 03:06:58] INFO: Writing RNGSTATE file: ./rand_s060t20_b0675500_a_U000698500
# [2024-05-27 03:06:58] INFO: Writing to disk took 7.51268 seconds
# [2024-05-27 03:06:58] INFO: ======================================================================
# [2024-05-27 03:06:58] INFO: Start sweeping...
# [2024-05-27 03:14:03] INFO: It took 425.562 seconds to do 500 HBOR sweeps.
# [2024-05-27 03:14:03] INFO: Plaquette = 0.656173
# [2024-05-27 03:14:03] INFO: Polyakov loop = (0.000724528,-0.000116982)
# [2024-05-27 03:14:03] INFO: Writing conf to disk...
# [2024-05-27 03:14:03] INFO: writeconf_nersc: Writing NERSC configuration ./conf_s060t20_b0675500_a_U000699000
# [2024-05-27 03:14:06] INFO: Calculated checksum: 37d6b9a1
# [2024-05-27 03:14:10] INFO: Calculated checksum: f2af61ee
# [2024-05-27 03:14:10] INFO: Writing RNGSTATE file: ./rand_s060t20_b0675500_a_U000699000
# [2024-05-27 03:14:11] INFO: Writing to disk took 7.08478 seconds
# [2024-05-27 03:14:11] INFO: ======================================================================
# [2024-05-27 03:14:11] INFO: Start sweeping...
# [2024-05-27 03:21:15] INFO: It took 423.958 seconds to do 500 HBOR sweeps.
# [2024-05-27 03:21:15] INFO: Plaquette = 0.656288
# [2024-05-27 03:21:15] INFO: Polyakov loop = (-0.000299187,-6.61623e-06)
# [2024-05-27 03:21:15] INFO: Writing conf to disk...
# [2024-05-27 03:21:15] INFO: writeconf_nersc: Writing NERSC configuration ./conf_s060t20_b0675500_a_U000699500
# [2024-05-27 03:21:17] INFO: Calculated checksum: 8c30a984
# [2024-05-27 03:21:22] INFO: Calculated checksum: dcdbe498
# [2024-05-27 03:21:22] INFO: Writing RNGSTATE file: ./rand_s060t20_b0675500_a_U000699500
# [2024-05-27 03:21:22] INFO: Writing to disk took 7.37461 seconds
# [2024-05-27 03:21:22] INFO: ======================================================================
# [2024-05-27 03:21:22] INFO: Start sweeping...
# [2024-05-27 03:28:21] INFO: It took 418.972 seconds to do 500 HBOR sweeps.
# [2024-05-27 03:28:21] INFO: Plaquette = 0.656307
# [2024-05-27 03:28:21] INFO: Polyakov loop = (-0.000896161,-0.00184943)
# [2024-05-27 03:28:21] INFO: Writing conf to disk...
# [2024-05-27 03:28:21] INFO: writeconf_nersc: Writing NERSC configuration ./conf_s060t20_b0675500_a_U000700000
# [2024-05-27 03:28:24] INFO: Calculated checksum: 1ecd5ede
# [2024-05-27 03:28:28] INFO: Calculated checksum: a16909d8
# [2024-05-27 03:28:28] INFO: Writing RNGSTATE file: ./rand_s060t20_b0675500_a_U000700000
# [2024-05-27 03:28:29] INFO: Writing to disk took 7.59733 seconds
# [2024-05-27 03:28:29] INFO: Finalizing MPI
