
Currently Loaded Modules:
  1) chpc/1.0      (S)   3) gcc/8.5.0      5) mpich/3.4.2
  2) python/3.10.3       4) cmake/3.26.0   6) cuda/11.6.2 (g)

  Where:
   S:  Module is Sticky, requires --force to unload or purge
   g:  built for GPU

 

# [2024-05-29 08:22:23] INFO: Running SIMULATeQCD
# [2024-05-29 08:22:23] INFO: Git commit version: 43e2518
# [2024-05-29 08:22:23] INFO: Initializing MPI with (1 proc)
# [2024-05-29 08:22:23] INFO: Reading parameters from file :: GenerateQuenched_b6663.param
# [2024-05-29 08:22:23] INFO: # PARAM :: Lattice = 60 60 60 20 
# [2024-05-29 08:22:23] INFO: # PARAM :: Nodes = 1 1 1 1 
# [2024-05-29 08:22:23] INFO: # PARAM :: Topology = 0 0 0 0  (default)
# [2024-05-29 08:22:23] INFO: # PARAM :: beta = 6.663
# [2024-05-29 08:22:23] INFO: # PARAM :: format = nersc
# [2024-05-29 08:22:23] INFO: # PARAM :: endianness = auto
# [2024-05-29 08:22:23] INFO: # PARAM :: conf_nr = 700000
# [2024-05-29 08:22:23] INFO: # PARAM :: stream = a
# [2024-05-29 08:22:23] INFO: # PARAM :: prec_out = 0 (default)
# [2024-05-29 08:22:23] INFO: # PARAM :: measurements_dir = ./ (default)
# [2024-05-29 08:22:23] INFO: # PARAM :: use_unit_conf = 0 (default)
# [2024-05-29 08:22:23] INFO: # PARAM :: output_dir = .
# [2024-05-29 08:22:23] INFO: # PARAM :: nconfs = 100
# [2024-05-29 08:22:23] INFO: # PARAM :: nsweeps_ORperHB = 4
# [2024-05-29 08:22:23] INFO: # PARAM :: nsweeps_HBwithOR = 500
# [2024-05-29 08:22:23] INFO: # PARAM :: prev_conf = conf_s060t20_b0666300_a_U000700000
# [2024-05-29 08:22:23] INFO: # PARAM :: prev_rand = rand_s060t20_b0666300_a_U000700000
# [2024-05-29 08:22:23] INFO: > Running on:
# [2024-05-29 08:22:23] INFO: [Rank 0] > notch088 CPU_1 GPU_3B; MPI: world_rank=0, node_rank=0, coord: ( 0 0 0 0 )
# [2024-05-29 08:22:23] INFO: > Is MPI CUDA-aware? @compilation 
# [2024-05-29 08:22:23] INFO: > GPU compute capability: 75
# [2024-05-29 08:22:23] INFO: > Checking support for P2P (Peer-to-Peer) and UVA (Unified Virtual Addressing):
# [2024-05-29 08:22:23] INFO: [Rank 0] > notch088 GPU_3B(NVIDIA GeForce RTX 2080 Ti): P2P NO ; UVA YES
# [2024-05-29 08:22:23] INFO: Initialize Indexer with HaloDepth = 1[0;33m[0m
# [2024-05-29 08:22:23] INFO: Resuming previous run.
# [2024-05-29 08:22:23] INFO: readconf_nersc: Reading NERSC configuration conf_s060t20_b0666300_a_U000700000
# [2024-05-29 08:22:31] INFO: Next conf_number will be 700500
# [2024-05-29 08:22:31] INFO: Generating up to 100 confs with a separation of 500 HBOR sweeps (OR/HB = 4) ...
# [2024-05-29 08:22:31] INFO: ======================================================================
# [2024-05-29 08:22:31] INFO: Start sweeping...
# [2024-05-29 08:29:19] INFO: It took 407.461 seconds to do 500 HBOR sweeps.
# [2024-05-29 08:29:19] INFO: Plaquette = 0.650007
# [2024-05-29 08:29:19] INFO: Polyakov loop = (0.000438397,0.00107443)
# [2024-05-29 08:29:19] INFO: Writing conf to disk...
# [2024-05-29 08:29:19] INFO: writeconf_nersc: Writing NERSC configuration ./conf_s060t20_b0666300_a_U000700500
# [2024-05-29 08:29:21] INFO: Calculated checksum: 72a443a3
# [2024-05-29 08:29:26] INFO: Calculated checksum: 5ea6efde
# [2024-05-29 08:29:26] INFO: Writing RNGSTATE file: ./rand_s060t20_b0666300_a_U000700500
# [2024-05-29 08:29:26] INFO: Writing to disk took 7.4949 seconds
# [2024-05-29 08:29:26] INFO: ======================================================================
# [2024-05-29 08:29:26] INFO: Start sweeping...
# [2024-05-29 08:36:21] INFO: It took 415.343 seconds to do 500 HBOR sweeps.
# [2024-05-29 08:36:21] INFO: Plaquette = 0.6501
# [2024-05-29 08:36:21] INFO: Polyakov loop = (0.000189962,0.000478076)
# [2024-05-29 08:36:21] INFO: Writing conf to disk...
# [2024-05-29 08:36:21] INFO: writeconf_nersc: Writing NERSC configuration ./conf_s060t20_b0666300_a_U000701000
# [2024-05-29 08:36:24] INFO: Calculated checksum: 87fce6a0
# [2024-05-29 08:36:29] INFO: Calculated checksum: dbe8ed04
# [2024-05-29 08:36:29] INFO: Writing RNGSTATE file: ./rand_s060t20_b0666300_a_U000701000
# [2024-05-29 08:36:29] INFO: Writing to disk took 7.58799 seconds
# [2024-05-29 08:36:29] INFO: ======================================================================
# [2024-05-29 08:36:29] INFO: Start sweeping...
# [2024-05-29 08:43:23] INFO: It took 413.768 seconds to do 500 HBOR sweeps.
# [2024-05-29 08:43:23] INFO: Plaquette = 0.65
# [2024-05-29 08:43:23] INFO: Polyakov loop = (-0.000488266,0.000256431)
# [2024-05-29 08:43:23] INFO: Writing conf to disk...
# [2024-05-29 08:43:23] INFO: writeconf_nersc: Writing NERSC configuration ./conf_s060t20_b0666300_a_U000701500
# [2024-05-29 08:43:26] INFO: Calculated checksum: 5b53369e
# [2024-05-29 08:43:31] INFO: Calculated checksum: 23b11a70
# [2024-05-29 08:43:31] INFO: Writing RNGSTATE file: ./rand_s060t20_b0666300_a_U000701500
# [2024-05-29 08:43:31] INFO: Writing to disk took 7.78259 seconds
# [2024-05-29 08:43:31] INFO: ======================================================================
# [2024-05-29 08:43:31] INFO: Start sweeping...
# [2024-05-29 08:50:20] INFO: It took 409.07 seconds to do 500 HBOR sweeps.
# [2024-05-29 08:50:20] INFO: Plaquette = 0.650169
# [2024-05-29 08:50:20] INFO: Polyakov loop = (-0.000102525,0.000245049)
# [2024-05-29 08:50:20] INFO: Writing conf to disk...
# [2024-05-29 08:50:20] INFO: writeconf_nersc: Writing NERSC configuration ./conf_s060t20_b0666300_a_U000702000
# [2024-05-29 08:50:23] INFO: Calculated checksum: 460aef25
# [2024-05-29 08:50:27] INFO: Calculated checksum: 78865c4f
# [2024-05-29 08:50:27] INFO: Writing RNGSTATE file: ./rand_s060t20_b0666300_a_U000702000
# [2024-05-29 08:50:27] INFO: Writing to disk took 7.59074 seconds
# [2024-05-29 08:50:27] INFO: ======================================================================
# [2024-05-29 08:50:27] INFO: Start sweeping...
# [2024-05-29 08:57:16] INFO: It took 409.068 seconds to do 500 HBOR sweeps.
# [2024-05-29 08:57:16] INFO: Plaquette = 0.650063
# [2024-05-29 08:57:16] INFO: Polyakov loop = (0.000662804,0.000282697)
# [2024-05-29 08:57:16] INFO: Writing conf to disk...
# [2024-05-29 08:57:16] INFO: writeconf_nersc: Writing NERSC configuration ./conf_s060t20_b0666300_a_U000702500
# [2024-05-29 08:57:19] INFO: Calculated checksum: 722da94a
# [2024-05-29 08:57:24] INFO: Calculated checksum: bb93b54e
# [2024-05-29 08:57:24] INFO: Writing RNGSTATE file: ./rand_s060t20_b0666300_a_U000702500
# [2024-05-29 08:57:24] INFO: Writing to disk took 7.61648 seconds
# [2024-05-29 08:57:24] INFO: ======================================================================
# [2024-05-29 08:57:24] INFO: Start sweeping...
# [2024-05-29 09:04:14] INFO: It took 410.334 seconds to do 500 HBOR sweeps.
# [2024-05-29 09:04:14] INFO: Plaquette = 0.650167
# [2024-05-29 09:04:14] INFO: Polyakov loop = (0.000450825,-8.10878e-05)
# [2024-05-29 09:04:14] INFO: Writing conf to disk...
# [2024-05-29 09:04:14] INFO: writeconf_nersc: Writing NERSC configuration ./conf_s060t20_b0666300_a_U000703000
# [2024-05-29 09:04:17] INFO: Calculated checksum: a97fdfc6
# [2024-05-29 09:04:22] INFO: Calculated checksum: ceff54f5
# [2024-05-29 09:04:22] INFO: Writing RNGSTATE file: ./rand_s060t20_b0666300_a_U000703000
# [2024-05-29 09:04:22] INFO: Writing to disk took 7.57963 seconds
# [2024-05-29 09:04:22] INFO: ======================================================================
# [2024-05-29 09:04:22] INFO: Start sweeping...
# [2024-05-29 09:11:13] INFO: It took 410.552 seconds to do 500 HBOR sweeps.
# [2024-05-29 09:11:13] INFO: Plaquette = 0.650076
# [2024-05-29 09:11:13] INFO: Polyakov loop = (0.000410551,5.14175e-05)
# [2024-05-29 09:11:13] INFO: Writing conf to disk...
# [2024-05-29 09:11:13] INFO: writeconf_nersc: Writing NERSC configuration ./conf_s060t20_b0666300_a_U000703500
# [2024-05-29 09:11:15] INFO: Calculated checksum: 500ff06e
# [2024-05-29 09:11:20] INFO: Calculated checksum: 3f1df1ff
# [2024-05-29 09:11:20] INFO: Writing RNGSTATE file: ./rand_s060t20_b0666300_a_U000703500
# [2024-05-29 09:11:20] INFO: Writing to disk took 7.37821 seconds
# [2024-05-29 09:11:20] INFO: ======================================================================
# [2024-05-29 09:11:20] INFO: Start sweeping...
# [2024-05-29 09:18:10] INFO: It took 410.321 seconds to do 500 HBOR sweeps.
# [2024-05-29 09:18:10] INFO: Plaquette = 0.650088
# [2024-05-29 09:18:10] INFO: Polyakov loop = (0.000243735,-0.00125377)
# [2024-05-29 09:18:10] INFO: Writing conf to disk...
# [2024-05-29 09:18:10] INFO: writeconf_nersc: Writing NERSC configuration ./conf_s060t20_b0666300_a_U000704000
# [2024-05-29 09:18:13] INFO: Calculated checksum: 5b4c16b9
# [2024-05-29 09:18:18] INFO: Calculated checksum: 3472db9a
# [2024-05-29 09:18:18] INFO: Writing RNGSTATE file: ./rand_s060t20_b0666300_a_U000704000
# [2024-05-29 09:18:18] INFO: Writing to disk took 7.37527 seconds
# [2024-05-29 09:18:18] INFO: ======================================================================
# [2024-05-29 09:18:18] INFO: Start sweeping...
# [2024-05-29 09:25:07] INFO: It took 409.378 seconds to do 500 HBOR sweeps.
# [2024-05-29 09:25:07] INFO: Plaquette = 0.649975
# [2024-05-29 09:25:07] INFO: Polyakov loop = (4.11702e-05,-0.00066795)
# [2024-05-29 09:25:07] INFO: Writing conf to disk...
# [2024-05-29 09:25:07] INFO: writeconf_nersc: Writing NERSC configuration ./conf_s060t20_b0666300_a_U000704500
# [2024-05-29 09:25:10] INFO: Calculated checksum: 82a1ac73
# [2024-05-29 09:25:15] INFO: Calculated checksum: e405d79b
# [2024-05-29 09:25:15] INFO: Writing RNGSTATE file: ./rand_s060t20_b0666300_a_U000704500
# [2024-05-29 09:25:15] INFO: Writing to disk took 7.42143 seconds
# [2024-05-29 09:25:15] INFO: ======================================================================
# [2024-05-29 09:25:15] INFO: Start sweeping...
# [2024-05-29 09:32:04] INFO: It took 409.087 seconds to do 500 HBOR sweeps.
# [2024-05-29 09:32:04] INFO: Plaquette = 0.6501
# [2024-05-29 09:32:04] INFO: Polyakov loop = (-6.83241e-05,3.05093e-05)
# [2024-05-29 09:32:04] INFO: Writing conf to disk...
# [2024-05-29 09:32:04] INFO: writeconf_nersc: Writing NERSC configuration ./conf_s060t20_b0666300_a_U000705000
# [2024-05-29 09:32:07] INFO: Calculated checksum: 86f39498
# [2024-05-29 09:32:11] INFO: Calculated checksum: 939d38b7
# [2024-05-29 09:32:11] INFO: Writing RNGSTATE file: ./rand_s060t20_b0666300_a_U000705000
# [2024-05-29 09:32:11] INFO: Writing to disk took 7.57006 seconds
# [2024-05-29 09:32:11] INFO: ======================================================================
# [2024-05-29 09:32:11] INFO: Start sweeping...
# [2024-05-29 09:39:04] INFO: It took 413.022 seconds to do 500 HBOR sweeps.
# [2024-05-29 09:39:04] INFO: Plaquette = 0.650068
# [2024-05-29 09:39:04] INFO: Polyakov loop = (0.00069035,0.000303521)
# [2024-05-29 09:39:04] INFO: Writing conf to disk...
# [2024-05-29 09:39:04] INFO: writeconf_nersc: Writing NERSC configuration ./conf_s060t20_b0666300_a_U000705500
# [2024-05-29 09:39:07] INFO: Calculated checksum: e31fc2f8
# [2024-05-29 09:39:12] INFO: Calculated checksum: df125367
# [2024-05-29 09:39:12] INFO: Writing RNGSTATE file: ./rand_s060t20_b0666300_a_U000705500
# [2024-05-29 09:39:12] INFO: Writing to disk took 7.47263 seconds
# [2024-05-29 09:39:12] INFO: ======================================================================
# [2024-05-29 09:39:12] INFO: Start sweeping...
# [2024-05-29 09:46:05] INFO: It took 412.908 seconds to do 500 HBOR sweeps.
# [2024-05-29 09:46:05] INFO: Plaquette = 0.650033
# [2024-05-29 09:46:05] INFO: Polyakov loop = (0.000231607,0.000245067)
# [2024-05-29 09:46:05] INFO: Writing conf to disk...
# [2024-05-29 09:46:05] INFO: writeconf_nersc: Writing NERSC configuration ./conf_s060t20_b0666300_a_U000706000
# [2024-05-29 09:46:08] INFO: Calculated checksum: bd184e47
# [2024-05-29 09:46:12] INFO: Calculated checksum: 11d4e039
# [2024-05-29 09:46:12] INFO: Writing RNGSTATE file: ./rand_s060t20_b0666300_a_U000706000
# [2024-05-29 09:46:12] INFO: Writing to disk took 7.45815 seconds
# [2024-05-29 09:46:12] INFO: ======================================================================
# [2024-05-29 09:46:12] INFO: Start sweeping...
# [2024-05-29 09:53:05] INFO: It took 412.295 seconds to do 500 HBOR sweeps.
# [2024-05-29 09:53:05] INFO: Plaquette = 0.65014
# [2024-05-29 09:53:05] INFO: Polyakov loop = (-0.000211471,0.00011343)
# [2024-05-29 09:53:05] INFO: Writing conf to disk...
# [2024-05-29 09:53:05] INFO: writeconf_nersc: Writing NERSC configuration ./conf_s060t20_b0666300_a_U000706500
# [2024-05-29 09:53:07] INFO: Calculated checksum: bec59f4
# [2024-05-29 09:53:12] INFO: Calculated checksum: cd965ee8
# [2024-05-29 09:53:12] INFO: Writing RNGSTATE file: ./rand_s060t20_b0666300_a_U000706500
# [2024-05-29 09:53:12] INFO: Writing to disk took 7.53147 seconds
# [2024-05-29 09:53:12] INFO: ======================================================================
# [2024-05-29 09:53:12] INFO: Start sweeping...
# [2024-05-29 10:00:03] INFO: It took 411.243 seconds to do 500 HBOR sweeps.
# [2024-05-29 10:00:03] INFO: Plaquette = 0.650073
# [2024-05-29 10:00:03] INFO: Polyakov loop = (-8.84199e-05,3.56793e-05)
# [2024-05-29 10:00:03] INFO: Writing conf to disk...
# [2024-05-29 10:00:03] INFO: writeconf_nersc: Writing NERSC configuration ./conf_s060t20_b0666300_a_U000707000
# [2024-05-29 10:00:06] INFO: Calculated checksum: b4ce30ee
# [2024-05-29 10:00:11] INFO: Calculated checksum: 83e6ba3a
# [2024-05-29 10:00:11] INFO: Writing RNGSTATE file: ./rand_s060t20_b0666300_a_U000707000
# [2024-05-29 10:00:11] INFO: Writing to disk took 7.89571 seconds
# [2024-05-29 10:00:11] INFO: ======================================================================
# [2024-05-29 10:00:11] INFO: Start sweeping...
# [2024-05-29 10:07:04] INFO: It took 412.7 seconds to do 500 HBOR sweeps.
# [2024-05-29 10:07:04] INFO: Plaquette = 0.650135
# [2024-05-29 10:07:04] INFO: Polyakov loop = (-0.000115199,0.000811416)
# [2024-05-29 10:07:04] INFO: Writing conf to disk...
# [2024-05-29 10:07:04] INFO: writeconf_nersc: Writing NERSC configuration ./conf_s060t20_b0666300_a_U000707500
# [2024-05-29 10:07:07] INFO: Calculated checksum: 56931756
# [2024-05-29 10:07:11] INFO: Calculated checksum: 6fd9ea6f
# [2024-05-29 10:07:11] INFO: Writing RNGSTATE file: ./rand_s060t20_b0666300_a_U000707500
# [2024-05-29 10:07:12] INFO: Writing to disk took 7.53466 seconds
# [2024-05-29 10:07:12] INFO: ======================================================================
# [2024-05-29 10:07:12] INFO: Start sweeping...
# [2024-05-29 10:14:05] INFO: It took 413.267 seconds to do 500 HBOR sweeps.
# [2024-05-29 10:14:05] INFO: Plaquette = 0.650119
# [2024-05-29 10:14:05] INFO: Polyakov loop = (-0.000416557,-1.71842e-05)
# [2024-05-29 10:14:05] INFO: Writing conf to disk...
# [2024-05-29 10:14:05] INFO: writeconf_nersc: Writing NERSC configuration ./conf_s060t20_b0666300_a_U000708000
# [2024-05-29 10:14:08] INFO: Calculated checksum: 6143883
# [2024-05-29 10:14:12] INFO: Calculated checksum: b770b08c
# [2024-05-29 10:14:12] INFO: Writing RNGSTATE file: ./rand_s060t20_b0666300_a_U000708000
# [2024-05-29 10:14:13] INFO: Writing to disk took 7.65678 seconds
# [2024-05-29 10:14:13] INFO: ======================================================================
# [2024-05-29 10:14:13] INFO: Start sweeping...
# [2024-05-29 10:21:06] INFO: It took 413.459 seconds to do 500 HBOR sweeps.
# [2024-05-29 10:21:06] INFO: Plaquette = 0.65005
# [2024-05-29 10:21:06] INFO: Polyakov loop = (-0.000504952,7.05458e-05)
# [2024-05-29 10:21:06] INFO: Writing conf to disk...
# [2024-05-29 10:21:06] INFO: writeconf_nersc: Writing NERSC configuration ./conf_s060t20_b0666300_a_U000708500
# [2024-05-29 10:21:09] INFO: Calculated checksum: 87cbd693
# [2024-05-29 10:21:13] INFO: Calculated checksum: 9f51b671
# [2024-05-29 10:21:13] INFO: Writing RNGSTATE file: ./rand_s060t20_b0666300_a_U000708500
# [2024-05-29 10:21:14] INFO: Writing to disk took 7.46294 seconds
# [2024-05-29 10:21:14] INFO: ======================================================================
# [2024-05-29 10:21:14] INFO: Start sweeping...
# [2024-05-29 10:28:06] INFO: It took 412.797 seconds to do 500 HBOR sweeps.
# [2024-05-29 10:28:06] INFO: Plaquette = 0.650009
# [2024-05-29 10:28:06] INFO: Polyakov loop = (0.000549958,0.000842579)
# [2024-05-29 10:28:06] INFO: Writing conf to disk...
# [2024-05-29 10:28:06] INFO: writeconf_nersc: Writing NERSC configuration ./conf_s060t20_b0666300_a_U000709000
# [2024-05-29 10:28:09] INFO: Calculated checksum: fa4c4604
# [2024-05-29 10:28:14] INFO: Calculated checksum: 3e0bbd0d
# [2024-05-29 10:28:14] INFO: Writing RNGSTATE file: ./rand_s060t20_b0666300_a_U000709000
# [2024-05-29 10:28:14] INFO: Writing to disk took 7.8418 seconds
# [2024-05-29 10:28:14] INFO: ======================================================================
# [2024-05-29 10:28:14] INFO: Start sweeping...
# [2024-05-29 10:35:04] INFO: It took 409.931 seconds to do 500 HBOR sweeps.
# [2024-05-29 10:35:04] INFO: Plaquette = 0.650135
# [2024-05-29 10:35:04] INFO: Polyakov loop = (-0.000198517,-6.97983e-05)
# [2024-05-29 10:35:04] INFO: Writing conf to disk...
# [2024-05-29 10:35:04] INFO: writeconf_nersc: Writing NERSC configuration ./conf_s060t20_b0666300_a_U000709500
# [2024-05-29 10:35:07] INFO: Calculated checksum: 63c668e8
# [2024-05-29 10:35:13] INFO: Calculated checksum: 46e82b39
# [2024-05-29 10:35:13] INFO: Writing RNGSTATE file: ./rand_s060t20_b0666300_a_U000709500
# [2024-05-29 10:35:13] INFO: Writing to disk took 8.48319 seconds
# [2024-05-29 10:35:13] INFO: ======================================================================
# [2024-05-29 10:35:13] INFO: Start sweeping...
# [2024-05-29 10:42:04] INFO: It took 411.07 seconds to do 500 HBOR sweeps.
# [2024-05-29 10:42:04] INFO: Plaquette = 0.650059
# [2024-05-29 10:42:04] INFO: Polyakov loop = (-0.000600764,4.7642e-05)
# [2024-05-29 10:42:04] INFO: Writing conf to disk...
# [2024-05-29 10:42:04] INFO: writeconf_nersc: Writing NERSC configuration ./conf_s060t20_b0666300_a_U000710000
# [2024-05-29 10:42:07] INFO: Calculated checksum: 6437cc1b
# [2024-05-29 10:42:12] INFO: Calculated checksum: 4c0d7514
# [2024-05-29 10:42:12] INFO: Writing RNGSTATE file: ./rand_s060t20_b0666300_a_U000710000
# [2024-05-29 10:42:12] INFO: Writing to disk took 8.4185 seconds
# [2024-05-29 10:42:12] INFO: ======================================================================
# [2024-05-29 10:42:12] INFO: Start sweeping...
# [2024-05-29 10:49:03] INFO: It took 410.279 seconds to do 500 HBOR sweeps.
# [2024-05-29 10:49:03] INFO: Plaquette = 0.650019
# [2024-05-29 10:49:03] INFO: Polyakov loop = (0.000393891,1.56946e-05)
# [2024-05-29 10:49:03] INFO: Writing conf to disk...
# [2024-05-29 10:49:03] INFO: writeconf_nersc: Writing NERSC configuration ./conf_s060t20_b0666300_a_U000710500
# [2024-05-29 10:49:05] INFO: Calculated checksum: d0608766
# [2024-05-29 10:49:10] INFO: Calculated checksum: e0612f3
# [2024-05-29 10:49:10] INFO: Writing RNGSTATE file: ./rand_s060t20_b0666300_a_U000710500
# [2024-05-29 10:49:11] INFO: Writing to disk took 8.03501 seconds
# [2024-05-29 10:49:11] INFO: ======================================================================
# [2024-05-29 10:49:11] INFO: Start sweeping...
# [2024-05-29 10:56:05] INFO: It took 414.092 seconds to do 500 HBOR sweeps.
# [2024-05-29 10:56:05] INFO: Plaquette = 0.649976
# [2024-05-29 10:56:05] INFO: Polyakov loop = (-0.000248511,-0.000467689)
# [2024-05-29 10:56:05] INFO: Writing conf to disk...
# [2024-05-29 10:56:05] INFO: writeconf_nersc: Writing NERSC configuration ./conf_s060t20_b0666300_a_U000711000
# [2024-05-29 10:56:08] INFO: Calculated checksum: b9e0e569
# [2024-05-29 10:56:12] INFO: Calculated checksum: 78bdad71
# [2024-05-29 10:56:12] INFO: Writing RNGSTATE file: ./rand_s060t20_b0666300_a_U000711000
# [2024-05-29 10:56:12] INFO: Writing to disk took 7.64634 seconds
# [2024-05-29 10:56:12] INFO: ======================================================================
# [2024-05-29 10:56:12] INFO: Start sweeping...
# [2024-05-29 11:03:03] INFO: It took 410.974 seconds to do 500 HBOR sweeps.
# [2024-05-29 11:03:03] INFO: Plaquette = 0.650098
# [2024-05-29 11:03:03] INFO: Polyakov loop = (0.000386666,-0.000334745)
# [2024-05-29 11:03:03] INFO: Writing conf to disk...
# [2024-05-29 11:03:03] INFO: writeconf_nersc: Writing NERSC configuration ./conf_s060t20_b0666300_a_U000711500
# [2024-05-29 11:03:06] INFO: Calculated checksum: b10ee2c9
# [2024-05-29 11:03:11] INFO: Calculated checksum: 89b57b52
# [2024-05-29 11:03:11] INFO: Writing RNGSTATE file: ./rand_s060t20_b0666300_a_U000711500
# [2024-05-29 11:03:11] INFO: Writing to disk took 7.58079 seconds
# [2024-05-29 11:03:11] INFO: ======================================================================
# [2024-05-29 11:03:11] INFO: Start sweeping...
# [2024-05-29 11:10:05] INFO: It took 414.44 seconds to do 500 HBOR sweeps.
# [2024-05-29 11:10:05] INFO: Plaquette = 0.650181
# [2024-05-29 11:10:05] INFO: Polyakov loop = (2.30822e-05,-0.000318763)
# [2024-05-29 11:10:05] INFO: Writing conf to disk...
# [2024-05-29 11:10:05] INFO: writeconf_nersc: Writing NERSC configuration ./conf_s060t20_b0666300_a_U000712000
# [2024-05-29 11:10:08] INFO: Calculated checksum: 85f4f98e
# [2024-05-29 11:10:13] INFO: Calculated checksum: f2cbe37d
# [2024-05-29 11:10:13] INFO: Writing RNGSTATE file: ./rand_s060t20_b0666300_a_U000712000
# [2024-05-29 11:10:13] INFO: Writing to disk took 7.56088 seconds
# [2024-05-29 11:10:13] INFO: ======================================================================
# [2024-05-29 11:10:13] INFO: Start sweeping...
# [2024-05-29 11:17:06] INFO: It took 413.015 seconds to do 500 HBOR sweeps.
# [2024-05-29 11:17:06] INFO: Plaquette = 0.650063
# [2024-05-29 11:17:06] INFO: Polyakov loop = (0.000116207,-0.000293322)
# [2024-05-29 11:17:06] INFO: Writing conf to disk...
# [2024-05-29 11:17:06] INFO: writeconf_nersc: Writing NERSC configuration ./conf_s060t20_b0666300_a_U000712500
# [2024-05-29 11:17:09] INFO: Calculated checksum: 1a95de29
# [2024-05-29 11:17:14] INFO: Calculated checksum: 7249d3d3
# [2024-05-29 11:17:14] INFO: Writing RNGSTATE file: ./rand_s060t20_b0666300_a_U000712500
# [2024-05-29 11:17:14] INFO: Writing to disk took 7.65907 seconds
# [2024-05-29 11:17:14] INFO: ======================================================================
# [2024-05-29 11:17:14] INFO: Start sweeping...
# [2024-05-29 11:24:08] INFO: It took 413.875 seconds to do 500 HBOR sweeps.
# [2024-05-29 11:24:08] INFO: Plaquette = 0.650064
# [2024-05-29 11:24:08] INFO: Polyakov loop = (-0.000183065,0.00028779)
# [2024-05-29 11:24:08] INFO: Writing conf to disk...
# [2024-05-29 11:24:08] INFO: writeconf_nersc: Writing NERSC configuration ./conf_s060t20_b0666300_a_U000713000
# [2024-05-29 11:24:10] INFO: Calculated checksum: 20f601f1
# [2024-05-29 11:24:15] INFO: Calculated checksum: 6a227f05
# [2024-05-29 11:24:15] INFO: Writing RNGSTATE file: ./rand_s060t20_b0666300_a_U000713000
# [2024-05-29 11:24:15] INFO: Writing to disk took 7.56868 seconds
# [2024-05-29 11:24:15] INFO: ======================================================================
# [2024-05-29 11:24:15] INFO: Start sweeping...
# [2024-05-29 11:31:11] INFO: It took 415.875 seconds to do 500 HBOR sweeps.
# [2024-05-29 11:31:11] INFO: Plaquette = 0.650064
# [2024-05-29 11:31:11] INFO: Polyakov loop = (0.000726632,8.73243e-05)
# [2024-05-29 11:31:11] INFO: Writing conf to disk...
# [2024-05-29 11:31:11] INFO: writeconf_nersc: Writing NERSC configuration ./conf_s060t20_b0666300_a_U000713500
# [2024-05-29 11:31:14] INFO: Calculated checksum: 295fe8e0
# [2024-05-29 11:31:19] INFO: Calculated checksum: 13fe030f
# [2024-05-29 11:31:19] INFO: Writing RNGSTATE file: ./rand_s060t20_b0666300_a_U000713500
# [2024-05-29 11:31:19] INFO: Writing to disk took 7.53815 seconds
# [2024-05-29 11:31:19] INFO: ======================================================================
# [2024-05-29 11:31:19] INFO: Start sweeping...
# [2024-05-29 11:38:14] INFO: It took 414.835 seconds to do 500 HBOR sweeps.
# [2024-05-29 11:38:14] INFO: Plaquette = 0.650024
# [2024-05-29 11:38:14] INFO: Polyakov loop = (0.000988397,0.000318975)
# [2024-05-29 11:38:14] INFO: Writing conf to disk...
# [2024-05-29 11:38:14] INFO: writeconf_nersc: Writing NERSC configuration ./conf_s060t20_b0666300_a_U000714000
# [2024-05-29 11:38:16] INFO: Calculated checksum: a5d29a5c
# [2024-05-29 11:38:21] INFO: Calculated checksum: 458084
# [2024-05-29 11:38:21] INFO: Writing RNGSTATE file: ./rand_s060t20_b0666300_a_U000714000
# [2024-05-29 11:38:21] INFO: Writing to disk took 7.55758 seconds
# [2024-05-29 11:38:21] INFO: ======================================================================
# [2024-05-29 11:38:21] INFO: Start sweeping...
# [2024-05-29 11:45:15] INFO: It took 414.295 seconds to do 500 HBOR sweeps.
# [2024-05-29 11:45:15] INFO: Plaquette = 0.650107
# [2024-05-29 11:45:15] INFO: Polyakov loop = (-0.000306327,-0.000236888)
# [2024-05-29 11:45:15] INFO: Writing conf to disk...
# [2024-05-29 11:45:15] INFO: writeconf_nersc: Writing NERSC configuration ./conf_s060t20_b0666300_a_U000714500
# [2024-05-29 11:45:18] INFO: Calculated checksum: acc53281
# [2024-05-29 11:45:23] INFO: Calculated checksum: 72bc30b0
# [2024-05-29 11:45:23] INFO: Writing RNGSTATE file: ./rand_s060t20_b0666300_a_U000714500
# [2024-05-29 11:45:23] INFO: Writing to disk took 7.62016 seconds
# [2024-05-29 11:45:23] INFO: ======================================================================
# [2024-05-29 11:45:23] INFO: Start sweeping...
# [2024-05-29 11:52:18] INFO: It took 414.464 seconds to do 500 HBOR sweeps.
# [2024-05-29 11:52:18] INFO: Plaquette = 0.65011
# [2024-05-29 11:52:18] INFO: Polyakov loop = (-0.000765083,-0.00052082)
# [2024-05-29 11:52:18] INFO: Writing conf to disk...
# [2024-05-29 11:52:18] INFO: writeconf_nersc: Writing NERSC configuration ./conf_s060t20_b0666300_a_U000715000
# [2024-05-29 11:52:20] INFO: Calculated checksum: 7d4f500c
# [2024-05-29 11:52:25] INFO: Calculated checksum: 2a180e73
# [2024-05-29 11:52:25] INFO: Writing RNGSTATE file: ./rand_s060t20_b0666300_a_U000715000
# [2024-05-29 11:52:25] INFO: Writing to disk took 7.54115 seconds
# [2024-05-29 11:52:25] INFO: ======================================================================
# [2024-05-29 11:52:25] INFO: Start sweeping...
# [2024-05-29 11:59:19] INFO: It took 413.461 seconds to do 500 HBOR sweeps.
# [2024-05-29 11:59:19] INFO: Plaquette = 0.650048
# [2024-05-29 11:59:19] INFO: Polyakov loop = (0.000250436,-0.000387717)
# [2024-05-29 11:59:19] INFO: Writing conf to disk...
# [2024-05-29 11:59:19] INFO: writeconf_nersc: Writing NERSC configuration ./conf_s060t20_b0666300_a_U000715500
# [2024-05-29 11:59:21] INFO: Calculated checksum: 5758a3cc
# [2024-05-29 11:59:26] INFO: Calculated checksum: b9f6ed5
# [2024-05-29 11:59:26] INFO: Writing RNGSTATE file: ./rand_s060t20_b0666300_a_U000715500
# [2024-05-29 11:59:26] INFO: Writing to disk took 7.601 seconds
# [2024-05-29 11:59:26] INFO: ======================================================================
# [2024-05-29 11:59:26] INFO: Start sweeping...
# [2024-05-29 12:06:20] INFO: It took 414.119 seconds to do 500 HBOR sweeps.
# [2024-05-29 12:06:20] INFO: Plaquette = 0.650099
# [2024-05-29 12:06:20] INFO: Polyakov loop = (0.000245979,-0.00154783)
# [2024-05-29 12:06:20] INFO: Writing conf to disk...
# [2024-05-29 12:06:20] INFO: writeconf_nersc: Writing NERSC configuration ./conf_s060t20_b0666300_a_U000716000
# [2024-05-29 12:06:23] INFO: Calculated checksum: 3c35f6b4
# [2024-05-29 12:06:28] INFO: Calculated checksum: 432908f
# [2024-05-29 12:06:28] INFO: Writing RNGSTATE file: ./rand_s060t20_b0666300_a_U000716000
# [2024-05-29 12:06:28] INFO: Writing to disk took 7.81251 seconds
# [2024-05-29 12:06:28] INFO: ======================================================================
# [2024-05-29 12:06:28] INFO: Start sweeping...
# [2024-05-29 12:13:23] INFO: It took 414.521 seconds to do 500 HBOR sweeps.
# [2024-05-29 12:13:23] INFO: Plaquette = 0.650087
# [2024-05-29 12:13:23] INFO: Polyakov loop = (-0.000342071,-0.00119887)
# [2024-05-29 12:13:23] INFO: Writing conf to disk...
# [2024-05-29 12:13:23] INFO: writeconf_nersc: Writing NERSC configuration ./conf_s060t20_b0666300_a_U000716500
# [2024-05-29 12:13:26] INFO: Calculated checksum: cb1c608e
# [2024-05-29 12:13:30] INFO: Calculated checksum: 985e76cb
# [2024-05-29 12:13:30] INFO: Writing RNGSTATE file: ./rand_s060t20_b0666300_a_U000716500
# [2024-05-29 12:13:31] INFO: Writing to disk took 7.75309 seconds
# [2024-05-29 12:13:31] INFO: ======================================================================
# [2024-05-29 12:13:31] INFO: Start sweeping...
# [2024-05-29 12:20:24] INFO: It took 413.682 seconds to do 500 HBOR sweeps.
# [2024-05-29 12:20:24] INFO: Plaquette = 0.650026
# [2024-05-29 12:20:24] INFO: Polyakov loop = (0.000220883,-0.00062732)
# [2024-05-29 12:20:24] INFO: Writing conf to disk...
# [2024-05-29 12:20:24] INFO: writeconf_nersc: Writing NERSC configuration ./conf_s060t20_b0666300_a_U000717000
# [2024-05-29 12:20:27] INFO: Calculated checksum: fe4bc534
# [2024-05-29 12:20:32] INFO: Calculated checksum: b8df33bd
# [2024-05-29 12:20:32] INFO: Writing RNGSTATE file: ./rand_s060t20_b0666300_a_U000717000
# [2024-05-29 12:20:32] INFO: Writing to disk took 7.67362 seconds
# [2024-05-29 12:20:32] INFO: ======================================================================
# [2024-05-29 12:20:32] INFO: Start sweeping...
# [2024-05-29 12:27:25] INFO: It took 413.507 seconds to do 500 HBOR sweeps.
# [2024-05-29 12:27:25] INFO: Plaquette = 0.650084
# [2024-05-29 12:27:25] INFO: Polyakov loop = (0.000360506,-0.000665523)
# [2024-05-29 12:27:25] INFO: Writing conf to disk...
# [2024-05-29 12:27:25] INFO: writeconf_nersc: Writing NERSC configuration ./conf_s060t20_b0666300_a_U000717500
# [2024-05-29 12:27:28] INFO: Calculated checksum: 7888ad00
# [2024-05-29 12:27:33] INFO: Calculated checksum: c110246d
# [2024-05-29 12:27:33] INFO: Writing RNGSTATE file: ./rand_s060t20_b0666300_a_U000717500
# [2024-05-29 12:27:33] INFO: Writing to disk took 7.52346 seconds
# [2024-05-29 12:27:33] INFO: ======================================================================
# [2024-05-29 12:27:33] INFO: Start sweeping...
# [2024-05-29 12:34:22] INFO: It took 409.078 seconds to do 500 HBOR sweeps.
# [2024-05-29 12:34:22] INFO: Plaquette = 0.650155
# [2024-05-29 12:34:22] INFO: Polyakov loop = (-0.00076966,3.20384e-05)
# [2024-05-29 12:34:22] INFO: Writing conf to disk...
# [2024-05-29 12:34:22] INFO: writeconf_nersc: Writing NERSC configuration ./conf_s060t20_b0666300_a_U000718000
# [2024-05-29 12:34:25] INFO: Calculated checksum: a84fbf89
# [2024-05-29 12:34:30] INFO: Calculated checksum: 49e03167
# [2024-05-29 12:34:30] INFO: Writing RNGSTATE file: ./rand_s060t20_b0666300_a_U000718000
# [2024-05-29 12:34:30] INFO: Writing to disk took 7.53021 seconds
# [2024-05-29 12:34:30] INFO: ======================================================================
# [2024-05-29 12:34:30] INFO: Start sweeping...
# [2024-05-29 12:41:26] INFO: It took 416.059 seconds to do 500 HBOR sweeps.
# [2024-05-29 12:41:26] INFO: Plaquette = 0.649988
# [2024-05-29 12:41:26] INFO: Polyakov loop = (-0.00105854,0.000228899)
# [2024-05-29 12:41:26] INFO: Writing conf to disk...
# [2024-05-29 12:41:26] INFO: writeconf_nersc: Writing NERSC configuration ./conf_s060t20_b0666300_a_U000718500
# [2024-05-29 12:41:29] INFO: Calculated checksum: e92567e5
# [2024-05-29 12:41:33] INFO: Calculated checksum: 9bef56a3
# [2024-05-29 12:41:33] INFO: Writing RNGSTATE file: ./rand_s060t20_b0666300_a_U000718500
# [2024-05-29 12:41:33] INFO: Writing to disk took 7.531 seconds
# [2024-05-29 12:41:33] INFO: ======================================================================
# [2024-05-29 12:41:33] INFO: Start sweeping...
# [2024-05-29 12:48:28] INFO: It took 414.744 seconds to do 500 HBOR sweeps.
# [2024-05-29 12:48:28] INFO: Plaquette = 0.650115
# [2024-05-29 12:48:28] INFO: Polyakov loop = (-0.000466737,0.00018472)
# [2024-05-29 12:48:28] INFO: Writing conf to disk...
# [2024-05-29 12:48:28] INFO: writeconf_nersc: Writing NERSC configuration ./conf_s060t20_b0666300_a_U000719000
# [2024-05-29 12:48:31] INFO: Calculated checksum: 8e73fc71
# [2024-05-29 12:48:36] INFO: Calculated checksum: bbb2592b
# [2024-05-29 12:48:36] INFO: Writing RNGSTATE file: ./rand_s060t20_b0666300_a_U000719000
# [2024-05-29 12:48:36] INFO: Writing to disk took 7.52318 seconds
# [2024-05-29 12:48:36] INFO: ======================================================================
# [2024-05-29 12:48:36] INFO: Start sweeping...
# [2024-05-29 12:55:29] INFO: It took 413.493 seconds to do 500 HBOR sweeps.
# [2024-05-29 12:55:29] INFO: Plaquette = 0.650068
# [2024-05-29 12:55:29] INFO: Polyakov loop = (0.000502459,-0.000223239)
# [2024-05-29 12:55:29] INFO: Writing conf to disk...
# [2024-05-29 12:55:29] INFO: writeconf_nersc: Writing NERSC configuration ./conf_s060t20_b0666300_a_U000719500
# [2024-05-29 12:55:32] INFO: Calculated checksum: 9280639c
# [2024-05-29 12:55:37] INFO: Calculated checksum: 1c3108fa
# [2024-05-29 12:55:37] INFO: Writing RNGSTATE file: ./rand_s060t20_b0666300_a_U000719500
# [2024-05-29 12:55:37] INFO: Writing to disk took 7.53428 seconds
# [2024-05-29 12:55:37] INFO: ======================================================================
# [2024-05-29 12:55:37] INFO: Start sweeping...
# [2024-05-29 13:02:26] INFO: It took 409.385 seconds to do 500 HBOR sweeps.
# [2024-05-29 13:02:26] INFO: Plaquette = 0.650083
# [2024-05-29 13:02:26] INFO: Polyakov loop = (-0.000159781,0.0015166)
# [2024-05-29 13:02:26] INFO: Writing conf to disk...
# [2024-05-29 13:02:26] INFO: writeconf_nersc: Writing NERSC configuration ./conf_s060t20_b0666300_a_U000720000
# [2024-05-29 13:02:29] INFO: Calculated checksum: 8dceb880
# [2024-05-29 13:02:34] INFO: Calculated checksum: 867b8fc9
# [2024-05-29 13:02:34] INFO: Writing RNGSTATE file: ./rand_s060t20_b0666300_a_U000720000
# [2024-05-29 13:02:34] INFO: Writing to disk took 7.74492 seconds
# [2024-05-29 13:02:34] INFO: ======================================================================
# [2024-05-29 13:02:34] INFO: Start sweeping...
# [2024-05-29 13:09:23] INFO: It took 408.858 seconds to do 500 HBOR sweeps.
# [2024-05-29 13:09:23] INFO: Plaquette = 0.65007
# [2024-05-29 13:09:23] INFO: Polyakov loop = (0.000391564,-0.000789479)
# [2024-05-29 13:09:23] INFO: Writing conf to disk...
# [2024-05-29 13:09:23] INFO: writeconf_nersc: Writing NERSC configuration ./conf_s060t20_b0666300_a_U000720500
# [2024-05-29 13:09:26] INFO: Calculated checksum: b0b95e4a
# [2024-05-29 13:09:30] INFO: Calculated checksum: 76421f10
# [2024-05-29 13:09:30] INFO: Writing RNGSTATE file: ./rand_s060t20_b0666300_a_U000720500
# [2024-05-29 13:09:30] INFO: Writing to disk took 7.67196 seconds
# [2024-05-29 13:09:30] INFO: ======================================================================
# [2024-05-29 13:09:30] INFO: Start sweeping...
# [2024-05-29 13:16:20] INFO: It took 409.25 seconds to do 500 HBOR sweeps.
# [2024-05-29 13:16:20] INFO: Plaquette = 0.650078
# [2024-05-29 13:16:20] INFO: Polyakov loop = (0.000373682,0.000707396)
# [2024-05-29 13:16:20] INFO: Writing conf to disk...
# [2024-05-29 13:16:20] INFO: writeconf_nersc: Writing NERSC configuration ./conf_s060t20_b0666300_a_U000721000
# [2024-05-29 13:16:23] INFO: Calculated checksum: 2248c959
# [2024-05-29 13:16:28] INFO: Calculated checksum: 1f22223d
# [2024-05-29 13:16:28] INFO: Writing RNGSTATE file: ./rand_s060t20_b0666300_a_U000721000
# [2024-05-29 13:16:28] INFO: Writing to disk took 7.96258 seconds
# [2024-05-29 13:16:28] INFO: ======================================================================
# [2024-05-29 13:16:28] INFO: Start sweeping...
# [2024-05-29 13:23:15] INFO: It took 407.748 seconds to do 500 HBOR sweeps.
# [2024-05-29 13:23:15] INFO: Plaquette = 0.65003
# [2024-05-29 13:23:15] INFO: Polyakov loop = (-0.000705089,0.0010003)
# [2024-05-29 13:23:15] INFO: Writing conf to disk...
# [2024-05-29 13:23:15] INFO: writeconf_nersc: Writing NERSC configuration ./conf_s060t20_b0666300_a_U000721500
# [2024-05-29 13:23:18] INFO: Calculated checksum: b9126710
# [2024-05-29 13:23:23] INFO: Calculated checksum: 8a12ba8f
# [2024-05-29 13:23:23] INFO: Writing RNGSTATE file: ./rand_s060t20_b0666300_a_U000721500
# [2024-05-29 13:23:24] INFO: Writing to disk took 8.08282 seconds
# [2024-05-29 13:23:24] INFO: ======================================================================
# [2024-05-29 13:23:24] INFO: Start sweeping...
# [2024-05-29 13:30:15] INFO: It took 411.644 seconds to do 500 HBOR sweeps.
# [2024-05-29 13:30:15] INFO: Plaquette = 0.650029
# [2024-05-29 13:30:15] INFO: Polyakov loop = (3.88051e-05,0.000125023)
# [2024-05-29 13:30:15] INFO: Writing conf to disk...
# [2024-05-29 13:30:15] INFO: writeconf_nersc: Writing NERSC configuration ./conf_s060t20_b0666300_a_U000722000
# [2024-05-29 13:30:18] INFO: Calculated checksum: 229d1afa
# [2024-05-29 13:30:24] INFO: Calculated checksum: 316a2bbf
# [2024-05-29 13:30:24] INFO: Writing RNGSTATE file: ./rand_s060t20_b0666300_a_U000722000
# [2024-05-29 13:30:24] INFO: Writing to disk took 9.08131 seconds
# [2024-05-29 13:30:24] INFO: ======================================================================
# [2024-05-29 13:30:24] INFO: Start sweeping...
# [2024-05-29 13:37:14] INFO: It took 409.177 seconds to do 500 HBOR sweeps.
# [2024-05-29 13:37:14] INFO: Plaquette = 0.650092
# [2024-05-29 13:37:14] INFO: Polyakov loop = (0.00116035,-0.000455469)
# [2024-05-29 13:37:14] INFO: Writing conf to disk...
# [2024-05-29 13:37:14] INFO: writeconf_nersc: Writing NERSC configuration ./conf_s060t20_b0666300_a_U000722500
# [2024-05-29 13:37:16] INFO: Calculated checksum: ffc942e7
# [2024-05-29 13:37:21] INFO: Calculated checksum: 82d12b88
# [2024-05-29 13:37:21] INFO: Writing RNGSTATE file: ./rand_s060t20_b0666300_a_U000722500
# [2024-05-29 13:37:21] INFO: Writing to disk took 7.57283 seconds
# [2024-05-29 13:37:21] INFO: ======================================================================
# [2024-05-29 13:37:21] INFO: Start sweeping...
# [2024-05-29 13:44:10] INFO: It took 408.744 seconds to do 500 HBOR sweeps.
# [2024-05-29 13:44:10] INFO: Plaquette = 0.650116
# [2024-05-29 13:44:10] INFO: Polyakov loop = (-0.00036734,-0.00048238)
# [2024-05-29 13:44:10] INFO: Writing conf to disk...
# [2024-05-29 13:44:10] INFO: writeconf_nersc: Writing NERSC configuration ./conf_s060t20_b0666300_a_U000723000
# [2024-05-29 13:44:13] INFO: Calculated checksum: 78f88b21
# [2024-05-29 13:44:17] INFO: Calculated checksum: 3c401ed4
# [2024-05-29 13:44:17] INFO: Writing RNGSTATE file: ./rand_s060t20_b0666300_a_U000723000
# [2024-05-29 13:44:18] INFO: Writing to disk took 7.586 seconds
# [2024-05-29 13:44:18] INFO: ======================================================================
# [2024-05-29 13:44:18] INFO: Start sweeping...
# [2024-05-29 13:51:08] INFO: It took 410.773 seconds to do 500 HBOR sweeps.
# [2024-05-29 13:51:08] INFO: Plaquette = 0.650081
# [2024-05-29 13:51:08] INFO: Polyakov loop = (-0.00139335,-0.00060082)
# [2024-05-29 13:51:08] INFO: Writing conf to disk...
# [2024-05-29 13:51:08] INFO: writeconf_nersc: Writing NERSC configuration ./conf_s060t20_b0666300_a_U000723500
# [2024-05-29 13:51:11] INFO: Calculated checksum: dbc84725
# [2024-05-29 13:51:17] INFO: Calculated checksum: a4a4f4e8
# [2024-05-29 13:51:17] INFO: Writing RNGSTATE file: ./rand_s060t20_b0666300_a_U000723500
# [2024-05-29 13:51:17] INFO: Writing to disk took 8.8647 seconds
# [2024-05-29 13:51:17] INFO: ======================================================================
# [2024-05-29 13:51:17] INFO: Start sweeping...
# [2024-05-29 13:58:11] INFO: It took 413.434 seconds to do 500 HBOR sweeps.
# [2024-05-29 13:58:11] INFO: Plaquette = 0.65003
# [2024-05-29 13:58:11] INFO: Polyakov loop = (-0.00015247,-0.000716302)
# [2024-05-29 13:58:11] INFO: Writing conf to disk...
# [2024-05-29 13:58:11] INFO: writeconf_nersc: Writing NERSC configuration ./conf_s060t20_b0666300_a_U000724000
# [2024-05-29 13:58:14] INFO: Calculated checksum: 34f3be5
# [2024-05-29 13:58:18] INFO: Calculated checksum: 17838021
# [2024-05-29 13:58:18] INFO: Writing RNGSTATE file: ./rand_s060t20_b0666300_a_U000724000
# [2024-05-29 13:58:18] INFO: Writing to disk took 7.67387 seconds
# [2024-05-29 13:58:18] INFO: ======================================================================
# [2024-05-29 13:58:18] INFO: Start sweeping...
# [2024-05-29 14:05:12] INFO: It took 413.226 seconds to do 500 HBOR sweeps.
# [2024-05-29 14:05:12] INFO: Plaquette = 0.650082
# [2024-05-29 14:05:12] INFO: Polyakov loop = (-0.000478544,-0.000191557)
# [2024-05-29 14:05:12] INFO: Writing conf to disk...
# [2024-05-29 14:05:12] INFO: writeconf_nersc: Writing NERSC configuration ./conf_s060t20_b0666300_a_U000724500
# [2024-05-29 14:05:14] INFO: Calculated checksum: 6717130c
# [2024-05-29 14:05:19] INFO: Calculated checksum: f4fa32bf
# [2024-05-29 14:05:19] INFO: Writing RNGSTATE file: ./rand_s060t20_b0666300_a_U000724500
# [2024-05-29 14:05:19] INFO: Writing to disk took 7.54673 seconds
# [2024-05-29 14:05:19] INFO: ======================================================================
# [2024-05-29 14:05:19] INFO: Start sweeping...
# [2024-05-29 14:12:12] INFO: It took 413.15 seconds to do 500 HBOR sweeps.
# [2024-05-29 14:12:12] INFO: Plaquette = 0.650026
# [2024-05-29 14:12:12] INFO: Polyakov loop = (-0.000830256,0.000380864)
# [2024-05-29 14:12:12] INFO: Writing conf to disk...
# [2024-05-29 14:12:12] INFO: writeconf_nersc: Writing NERSC configuration ./conf_s060t20_b0666300_a_U000725000
# [2024-05-29 14:12:15] INFO: Calculated checksum: 80e99e30
# [2024-05-29 14:12:20] INFO: Calculated checksum: 48949d5
# [2024-05-29 14:12:20] INFO: Writing RNGSTATE file: ./rand_s060t20_b0666300_a_U000725000
# [2024-05-29 14:12:20] INFO: Writing to disk took 7.55078 seconds
# [2024-05-29 14:12:20] INFO: ======================================================================
# [2024-05-29 14:12:20] INFO: Start sweeping...
# [2024-05-29 14:19:11] INFO: It took 411.306 seconds to do 500 HBOR sweeps.
# [2024-05-29 14:19:11] INFO: Plaquette = 0.650125
# [2024-05-29 14:19:11] INFO: Polyakov loop = (0.000688902,-0.00067603)
# [2024-05-29 14:19:11] INFO: Writing conf to disk...
# [2024-05-29 14:19:11] INFO: writeconf_nersc: Writing NERSC configuration ./conf_s060t20_b0666300_a_U000725500
# [2024-05-29 14:19:14] INFO: Calculated checksum: 461b1152
# [2024-05-29 14:19:19] INFO: Calculated checksum: c5b6e0fa
# [2024-05-29 14:19:19] INFO: Writing RNGSTATE file: ./rand_s060t20_b0666300_a_U000725500
# [2024-05-29 14:19:19] INFO: Writing to disk took 7.57734 seconds
# [2024-05-29 14:19:19] INFO: ======================================================================
# [2024-05-29 14:19:19] INFO: Start sweeping...
# [2024-05-29 14:26:11] INFO: It took 411.694 seconds to do 500 HBOR sweeps.
# [2024-05-29 14:26:11] INFO: Plaquette = 0.650061
# [2024-05-29 14:26:11] INFO: Polyakov loop = (-0.000601181,-7.16931e-05)
# [2024-05-29 14:26:11] INFO: Writing conf to disk...
# [2024-05-29 14:26:11] INFO: writeconf_nersc: Writing NERSC configuration ./conf_s060t20_b0666300_a_U000726000
# [2024-05-29 14:26:13] INFO: Calculated checksum: 3c222fe1
# [2024-05-29 14:26:18] INFO: Calculated checksum: 108c593c
# [2024-05-29 14:26:18] INFO: Writing RNGSTATE file: ./rand_s060t20_b0666300_a_U000726000
# [2024-05-29 14:26:18] INFO: Writing to disk took 7.56432 seconds
# [2024-05-29 14:26:18] INFO: ======================================================================
# [2024-05-29 14:26:18] INFO: Start sweeping...
# [2024-05-29 14:33:07] INFO: It took 408.808 seconds to do 500 HBOR sweeps.
# [2024-05-29 14:33:07] INFO: Plaquette = 0.650082
# [2024-05-29 14:33:07] INFO: Polyakov loop = (-0.000420717,0.000177129)
# [2024-05-29 14:33:07] INFO: Writing conf to disk...
# [2024-05-29 14:33:07] INFO: writeconf_nersc: Writing NERSC configuration ./conf_s060t20_b0666300_a_U000726500
# [2024-05-29 14:33:10] INFO: Calculated checksum: 9886621a
# [2024-05-29 14:33:14] INFO: Calculated checksum: 9b9a80e7
# [2024-05-29 14:33:14] INFO: Writing RNGSTATE file: ./rand_s060t20_b0666300_a_U000726500
# [2024-05-29 14:33:15] INFO: Writing to disk took 7.52868 seconds
# [2024-05-29 14:33:15] INFO: ======================================================================
# [2024-05-29 14:33:15] INFO: Start sweeping...
# [2024-05-29 14:40:03] INFO: It took 408.295 seconds to do 500 HBOR sweeps.
# [2024-05-29 14:40:03] INFO: Plaquette = 0.650084
# [2024-05-29 14:40:03] INFO: Polyakov loop = (-3.17528e-05,0.00122225)
# [2024-05-29 14:40:03] INFO: Writing conf to disk...
# [2024-05-29 14:40:03] INFO: writeconf_nersc: Writing NERSC configuration ./conf_s060t20_b0666300_a_U000727000
# [2024-05-29 14:40:06] INFO: Calculated checksum: 5664651d
# [2024-05-29 14:40:10] INFO: Calculated checksum: cea983d6
# [2024-05-29 14:40:10] INFO: Writing RNGSTATE file: ./rand_s060t20_b0666300_a_U000727000
# [2024-05-29 14:40:10] INFO: Writing to disk took 7.57503 seconds
# [2024-05-29 14:40:10] INFO: ======================================================================
# [2024-05-29 14:40:10] INFO: Start sweeping...
# [2024-05-29 14:46:59] INFO: It took 408.047 seconds to do 500 HBOR sweeps.
# [2024-05-29 14:46:59] INFO: Plaquette = 0.650042
# [2024-05-29 14:46:59] INFO: Polyakov loop = (0.000732315,8.17657e-05)
# [2024-05-29 14:46:59] INFO: Writing conf to disk...
# [2024-05-29 14:46:59] INFO: writeconf_nersc: Writing NERSC configuration ./conf_s060t20_b0666300_a_U000727500
# [2024-05-29 14:47:01] INFO: Calculated checksum: 6d87f4e6
# [2024-05-29 14:47:06] INFO: Calculated checksum: 4d2753fb
# [2024-05-29 14:47:06] INFO: Writing RNGSTATE file: ./rand_s060t20_b0666300_a_U000727500
# [2024-05-29 14:47:06] INFO: Writing to disk took 7.57507 seconds
# [2024-05-29 14:47:06] INFO: ======================================================================
# [2024-05-29 14:47:06] INFO: Start sweeping...
# [2024-05-29 14:53:59] INFO: It took 412.749 seconds to do 500 HBOR sweeps.
# [2024-05-29 14:53:59] INFO: Plaquette = 0.650173
# [2024-05-29 14:53:59] INFO: Polyakov loop = (-0.000165701,0.000256899)
# [2024-05-29 14:53:59] INFO: Writing conf to disk...
# [2024-05-29 14:53:59] INFO: writeconf_nersc: Writing NERSC configuration ./conf_s060t20_b0666300_a_U000728000
# [2024-05-29 14:54:02] INFO: Calculated checksum: 79d70c
# [2024-05-29 14:54:06] INFO: Calculated checksum: 62291b35
# [2024-05-29 14:54:06] INFO: Writing RNGSTATE file: ./rand_s060t20_b0666300_a_U000728000
# [2024-05-29 14:54:06] INFO: Writing to disk took 7.50726 seconds
# [2024-05-29 14:54:06] INFO: ======================================================================
# [2024-05-29 14:54:06] INFO: Start sweeping...
# [2024-05-29 15:01:00] INFO: It took 414.013 seconds to do 500 HBOR sweeps.
# [2024-05-29 15:01:00] INFO: Plaquette = 0.650057
# [2024-05-29 15:01:00] INFO: Polyakov loop = (-0.000425484,5.46862e-05)
# [2024-05-29 15:01:00] INFO: Writing conf to disk...
# [2024-05-29 15:01:00] INFO: writeconf_nersc: Writing NERSC configuration ./conf_s060t20_b0666300_a_U000728500
# [2024-05-29 15:01:03] INFO: Calculated checksum: 745cfb1d
# [2024-05-29 15:01:08] INFO: Calculated checksum: 3150b169
# [2024-05-29 15:01:08] INFO: Writing RNGSTATE file: ./rand_s060t20_b0666300_a_U000728500
# [2024-05-29 15:01:08] INFO: Writing to disk took 7.54512 seconds
# [2024-05-29 15:01:08] INFO: ======================================================================
# [2024-05-29 15:01:08] INFO: Start sweeping...
# [2024-05-29 15:08:03] INFO: It took 414.499 seconds to do 500 HBOR sweeps.
# [2024-05-29 15:08:03] INFO: Plaquette = 0.650117
# [2024-05-29 15:08:03] INFO: Polyakov loop = (0.000379486,0.000313317)
# [2024-05-29 15:08:03] INFO: Writing conf to disk...
# [2024-05-29 15:08:03] INFO: writeconf_nersc: Writing NERSC configuration ./conf_s060t20_b0666300_a_U000729000
# [2024-05-29 15:08:05] INFO: Calculated checksum: 4a810f53
# [2024-05-29 15:08:10] INFO: Calculated checksum: 75a4d2e7
# [2024-05-29 15:08:10] INFO: Writing RNGSTATE file: ./rand_s060t20_b0666300_a_U000729000
# [2024-05-29 15:08:10] INFO: Writing to disk took 7.51047 seconds
# [2024-05-29 15:08:10] INFO: ======================================================================
# [2024-05-29 15:08:10] INFO: Start sweeping...
# [2024-05-29 15:15:03] INFO: It took 412.928 seconds to do 500 HBOR sweeps.
# [2024-05-29 15:15:03] INFO: Plaquette = 0.65002
# [2024-05-29 15:15:03] INFO: Polyakov loop = (-8.62436e-05,0.000719378)
# [2024-05-29 15:15:03] INFO: Writing conf to disk...
# [2024-05-29 15:15:03] INFO: writeconf_nersc: Writing NERSC configuration ./conf_s060t20_b0666300_a_U000729500
# [2024-05-29 15:15:06] INFO: Calculated checksum: 96a190c4
# [2024-05-29 15:15:10] INFO: Calculated checksum: 1804a0fc
# [2024-05-29 15:15:10] INFO: Writing RNGSTATE file: ./rand_s060t20_b0666300_a_U000729500
# [2024-05-29 15:15:11] INFO: Writing to disk took 7.53885 seconds
# [2024-05-29 15:15:11] INFO: ======================================================================
# [2024-05-29 15:15:11] INFO: Start sweeping...
# [2024-05-29 15:22:04] INFO: It took 413.034 seconds to do 500 HBOR sweeps.
# [2024-05-29 15:22:04] INFO: Plaquette = 0.650057
# [2024-05-29 15:22:04] INFO: Polyakov loop = (0.000288075,3.65972e-05)
# [2024-05-29 15:22:04] INFO: Writing conf to disk...
# [2024-05-29 15:22:04] INFO: writeconf_nersc: Writing NERSC configuration ./conf_s060t20_b0666300_a_U000730000
# [2024-05-29 15:22:07] INFO: Calculated checksum: b2469bca
# [2024-05-29 15:22:11] INFO: Calculated checksum: d960c8f1
# [2024-05-29 15:22:11] INFO: Writing RNGSTATE file: ./rand_s060t20_b0666300_a_U000730000
# [2024-05-29 15:22:11] INFO: Writing to disk took 7.56998 seconds
# [2024-05-29 15:22:11] INFO: ======================================================================
# [2024-05-29 15:22:11] INFO: Start sweeping...
# [2024-05-29 15:29:03] INFO: It took 411.536 seconds to do 500 HBOR sweeps.
# [2024-05-29 15:29:03] INFO: Plaquette = 0.650171
# [2024-05-29 15:29:03] INFO: Polyakov loop = (-0.000870115,-0.000472646)
# [2024-05-29 15:29:03] INFO: Writing conf to disk...
# [2024-05-29 15:29:03] INFO: writeconf_nersc: Writing NERSC configuration ./conf_s060t20_b0666300_a_U000730500
# [2024-05-29 15:29:06] INFO: Calculated checksum: cc754675
# [2024-05-29 15:29:10] INFO: Calculated checksum: cdea161e
# [2024-05-29 15:29:10] INFO: Writing RNGSTATE file: ./rand_s060t20_b0666300_a_U000730500
# [2024-05-29 15:29:10] INFO: Writing to disk took 7.58326 seconds
# [2024-05-29 15:29:10] INFO: ======================================================================
# [2024-05-29 15:29:10] INFO: Start sweeping...
# [2024-05-29 15:36:03] INFO: It took 412.287 seconds to do 500 HBOR sweeps.
# [2024-05-29 15:36:03] INFO: Plaquette = 0.650026
# [2024-05-29 15:36:03] INFO: Polyakov loop = (6.5858e-05,-0.000298605)
# [2024-05-29 15:36:03] INFO: Writing conf to disk...
# [2024-05-29 15:36:03] INFO: writeconf_nersc: Writing NERSC configuration ./conf_s060t20_b0666300_a_U000731000
# [2024-05-29 15:36:06] INFO: Calculated checksum: 91778bbf
# [2024-05-29 15:36:10] INFO: Calculated checksum: 8fc1670f
# [2024-05-29 15:36:10] INFO: Writing RNGSTATE file: ./rand_s060t20_b0666300_a_U000731000
# [2024-05-29 15:36:10] INFO: Writing to disk took 7.5471 seconds
# [2024-05-29 15:36:10] INFO: ======================================================================
# [2024-05-29 15:36:10] INFO: Start sweeping...
# [2024-05-29 15:43:04] INFO: It took 413.976 seconds to do 500 HBOR sweeps.
# [2024-05-29 15:43:04] INFO: Plaquette = 0.650042
# [2024-05-29 15:43:04] INFO: Polyakov loop = (0.000490475,-0.000823927)
# [2024-05-29 15:43:04] INFO: Writing conf to disk...
# [2024-05-29 15:43:04] INFO: writeconf_nersc: Writing NERSC configuration ./conf_s060t20_b0666300_a_U000731500
# [2024-05-29 15:43:07] INFO: Calculated checksum: fd729f8b
# [2024-05-29 15:43:12] INFO: Calculated checksum: 204120bf
# [2024-05-29 15:43:12] INFO: Writing RNGSTATE file: ./rand_s060t20_b0666300_a_U000731500
# [2024-05-29 15:43:12] INFO: Writing to disk took 7.5263 seconds
# [2024-05-29 15:43:12] INFO: ======================================================================
# [2024-05-29 15:43:12] INFO: Start sweeping...
# [2024-05-29 15:50:06] INFO: It took 413.87 seconds to do 500 HBOR sweeps.
# [2024-05-29 15:50:06] INFO: Plaquette = 0.650168
# [2024-05-29 15:50:06] INFO: Polyakov loop = (0.000123532,0.000688062)
# [2024-05-29 15:50:06] INFO: Writing conf to disk...
# [2024-05-29 15:50:06] INFO: writeconf_nersc: Writing NERSC configuration ./conf_s060t20_b0666300_a_U000732000
# [2024-05-29 15:50:09] INFO: Calculated checksum: 9af51d9b
# [2024-05-29 15:50:14] INFO: Calculated checksum: 807adf4b
# [2024-05-29 15:50:14] INFO: Writing RNGSTATE file: ./rand_s060t20_b0666300_a_U000732000
# [2024-05-29 15:50:14] INFO: Writing to disk took 8.00427 seconds
# [2024-05-29 15:50:14] INFO: ======================================================================
# [2024-05-29 15:50:14] INFO: Start sweeping...
# [2024-05-29 15:57:09] INFO: It took 414.845 seconds to do 500 HBOR sweeps.
# [2024-05-29 15:57:09] INFO: Plaquette = 0.650043
# [2024-05-29 15:57:09] INFO: Polyakov loop = (-0.000381393,0.000334663)
# [2024-05-29 15:57:09] INFO: Writing conf to disk...
# [2024-05-29 15:57:09] INFO: writeconf_nersc: Writing NERSC configuration ./conf_s060t20_b0666300_a_U000732500
# [2024-05-29 15:57:12] INFO: Calculated checksum: fa65d4f9
# [2024-05-29 15:57:16] INFO: Calculated checksum: acc24547
# [2024-05-29 15:57:16] INFO: Writing RNGSTATE file: ./rand_s060t20_b0666300_a_U000732500
# [2024-05-29 15:57:16] INFO: Writing to disk took 7.53012 seconds
# [2024-05-29 15:57:16] INFO: ======================================================================
# [2024-05-29 15:57:16] INFO: Start sweeping...
# [2024-05-29 16:04:09] INFO: It took 412.701 seconds to do 500 HBOR sweeps.
# [2024-05-29 16:04:09] INFO: Plaquette = 0.65009
# [2024-05-29 16:04:09] INFO: Polyakov loop = (5.53305e-05,0.000312908)
# [2024-05-29 16:04:09] INFO: Writing conf to disk...
# [2024-05-29 16:04:09] INFO: writeconf_nersc: Writing NERSC configuration ./conf_s060t20_b0666300_a_U000733000
# [2024-05-29 16:04:12] INFO: Calculated checksum: 4feccf80
# [2024-05-29 16:04:16] INFO: Calculated checksum: 7a0c52df
# [2024-05-29 16:04:16] INFO: Writing RNGSTATE file: ./rand_s060t20_b0666300_a_U000733000
# [2024-05-29 16:04:17] INFO: Writing to disk took 7.62042 seconds
# [2024-05-29 16:04:17] INFO: ======================================================================
# [2024-05-29 16:04:17] INFO: Start sweeping...
# [2024-05-29 16:11:10] INFO: It took 413.838 seconds to do 500 HBOR sweeps.
# [2024-05-29 16:11:10] INFO: Plaquette = 0.650114
# [2024-05-29 16:11:10] INFO: Polyakov loop = (0.000329059,-0.000197474)
# [2024-05-29 16:11:10] INFO: Writing conf to disk...
# [2024-05-29 16:11:10] INFO: writeconf_nersc: Writing NERSC configuration ./conf_s060t20_b0666300_a_U000733500
# [2024-05-29 16:11:13] INFO: Calculated checksum: c755cfa
# [2024-05-29 16:11:18] INFO: Calculated checksum: dfb9b083
# [2024-05-29 16:11:18] INFO: Writing RNGSTATE file: ./rand_s060t20_b0666300_a_U000733500
# [2024-05-29 16:11:18] INFO: Writing to disk took 7.59248 seconds
# [2024-05-29 16:11:18] INFO: ======================================================================
# [2024-05-29 16:11:18] INFO: Start sweeping...
# [2024-05-29 16:18:11] INFO: It took 412.515 seconds to do 500 HBOR sweeps.
# [2024-05-29 16:18:11] INFO: Plaquette = 0.650082
# [2024-05-29 16:18:11] INFO: Polyakov loop = (-0.0013558,-7.39548e-05)
# [2024-05-29 16:18:11] INFO: Writing conf to disk...
# [2024-05-29 16:18:11] INFO: writeconf_nersc: Writing NERSC configuration ./conf_s060t20_b0666300_a_U000734000
# [2024-05-29 16:18:13] INFO: Calculated checksum: 8c2ec898
# [2024-05-29 16:18:18] INFO: Calculated checksum: 4ab615a
# [2024-05-29 16:18:18] INFO: Writing RNGSTATE file: ./rand_s060t20_b0666300_a_U000734000
# [2024-05-29 16:18:18] INFO: Writing to disk took 7.55871 seconds
# [2024-05-29 16:18:18] INFO: ======================================================================
# [2024-05-29 16:18:18] INFO: Start sweeping...
# [2024-05-29 16:25:12] INFO: It took 414.12 seconds to do 500 HBOR sweeps.
# [2024-05-29 16:25:12] INFO: Plaquette = 0.650151
# [2024-05-29 16:25:12] INFO: Polyakov loop = (-0.000796421,-0.000562762)
# [2024-05-29 16:25:12] INFO: Writing conf to disk...
# [2024-05-29 16:25:12] INFO: writeconf_nersc: Writing NERSC configuration ./conf_s060t20_b0666300_a_U000734500
# [2024-05-29 16:25:15] INFO: Calculated checksum: 2e1c7e5d
# [2024-05-29 16:25:20] INFO: Calculated checksum: 27b9bf22
# [2024-05-29 16:25:20] INFO: Writing RNGSTATE file: ./rand_s060t20_b0666300_a_U000734500
# [2024-05-29 16:25:20] INFO: Writing to disk took 7.65425 seconds
# [2024-05-29 16:25:20] INFO: ======================================================================
# [2024-05-29 16:25:20] INFO: Start sweeping...
# [2024-05-29 16:32:08] INFO: It took 408.406 seconds to do 500 HBOR sweeps.
# [2024-05-29 16:32:08] INFO: Plaquette = 0.650091
# [2024-05-29 16:32:08] INFO: Polyakov loop = (4.63636e-05,-0.000588208)
# [2024-05-29 16:32:08] INFO: Writing conf to disk...
# [2024-05-29 16:32:08] INFO: writeconf_nersc: Writing NERSC configuration ./conf_s060t20_b0666300_a_U000735000
# [2024-05-29 16:32:11] INFO: Calculated checksum: f29672a0
# [2024-05-29 16:32:16] INFO: Calculated checksum: fdcb091a
# [2024-05-29 16:32:16] INFO: Writing RNGSTATE file: ./rand_s060t20_b0666300_a_U000735000
# [2024-05-29 16:32:16] INFO: Writing to disk took 7.97053 seconds
# [2024-05-29 16:32:16] INFO: ======================================================================
# [2024-05-29 16:32:16] INFO: Start sweeping...
# [2024-05-29 16:39:05] INFO: It took 408.75 seconds to do 500 HBOR sweeps.
# [2024-05-29 16:39:05] INFO: Plaquette = 0.65001
# [2024-05-29 16:39:05] INFO: Polyakov loop = (0.000809591,-0.000706696)
# [2024-05-29 16:39:05] INFO: Writing conf to disk...
# [2024-05-29 16:39:05] INFO: writeconf_nersc: Writing NERSC configuration ./conf_s060t20_b0666300_a_U000735500
# [2024-05-29 16:39:08] INFO: Calculated checksum: a8ea1b15
# [2024-05-29 16:39:13] INFO: Calculated checksum: fad22f44
# [2024-05-29 16:39:13] INFO: Writing RNGSTATE file: ./rand_s060t20_b0666300_a_U000735500
# [2024-05-29 16:39:13] INFO: Writing to disk took 7.59233 seconds
# [2024-05-29 16:39:13] INFO: ======================================================================
# [2024-05-29 16:39:13] INFO: Start sweeping...
# [2024-05-29 16:46:02] INFO: It took 409.248 seconds to do 500 HBOR sweeps.
# [2024-05-29 16:46:02] INFO: Plaquette = 0.650016
# [2024-05-29 16:46:02] INFO: Polyakov loop = (4.72483e-05,-0.000263266)
# [2024-05-29 16:46:02] INFO: Writing conf to disk...
# [2024-05-29 16:46:02] INFO: writeconf_nersc: Writing NERSC configuration ./conf_s060t20_b0666300_a_U000736000
# [2024-05-29 16:46:05] INFO: Calculated checksum: 8af57be0
# [2024-05-29 16:46:09] INFO: Calculated checksum: 3e7ab82c
# [2024-05-29 16:46:09] INFO: Writing RNGSTATE file: ./rand_s060t20_b0666300_a_U000736000
# [2024-05-29 16:46:10] INFO: Writing to disk took 7.4407 seconds
# [2024-05-29 16:46:10] INFO: ======================================================================
# [2024-05-29 16:46:10] INFO: Start sweeping...
# [2024-05-29 16:52:58] INFO: It took 408.603 seconds to do 500 HBOR sweeps.
# [2024-05-29 16:52:58] INFO: Plaquette = 0.650025
# [2024-05-29 16:52:58] INFO: Polyakov loop = (-0.000681471,-0.000404067)
# [2024-05-29 16:52:58] INFO: Writing conf to disk...
# [2024-05-29 16:52:58] INFO: writeconf_nersc: Writing NERSC configuration ./conf_s060t20_b0666300_a_U000736500
# [2024-05-29 16:53:01] INFO: Calculated checksum: 5dadddef
# [2024-05-29 16:53:06] INFO: Calculated checksum: d971ea19
# [2024-05-29 16:53:06] INFO: Writing RNGSTATE file: ./rand_s060t20_b0666300_a_U000736500
# [2024-05-29 16:53:06] INFO: Writing to disk took 7.65827 seconds
# [2024-05-29 16:53:06] INFO: ======================================================================
# [2024-05-29 16:53:06] INFO: Start sweeping...
# [2024-05-29 16:59:55] INFO: It took 408.73 seconds to do 500 HBOR sweeps.
# [2024-05-29 16:59:55] INFO: Plaquette = 0.650125
# [2024-05-29 16:59:55] INFO: Polyakov loop = (-9.1447e-05,-0.000362897)
# [2024-05-29 16:59:55] INFO: Writing conf to disk...
# [2024-05-29 16:59:55] INFO: writeconf_nersc: Writing NERSC configuration ./conf_s060t20_b0666300_a_U000737000
# [2024-05-29 16:59:57] INFO: Calculated checksum: 8163aad9
# [2024-05-29 17:00:02] INFO: Calculated checksum: ec792493
# [2024-05-29 17:00:02] INFO: Writing RNGSTATE file: ./rand_s060t20_b0666300_a_U000737000
# [2024-05-29 17:00:02] INFO: Writing to disk took 7.39283 seconds
# [2024-05-29 17:00:02] INFO: ======================================================================
# [2024-05-29 17:00:02] INFO: Start sweeping...
# [2024-05-29 17:06:55] INFO: It took 412.947 seconds to do 500 HBOR sweeps.
# [2024-05-29 17:06:55] INFO: Plaquette = 0.650139
# [2024-05-29 17:06:55] INFO: Polyakov loop = (4.28938e-05,-3.44093e-05)
# [2024-05-29 17:06:55] INFO: Writing conf to disk...
# [2024-05-29 17:06:55] INFO: writeconf_nersc: Writing NERSC configuration ./conf_s060t20_b0666300_a_U000737500
# [2024-05-29 17:06:58] INFO: Calculated checksum: 6e70b107
# [2024-05-29 17:07:02] INFO: Calculated checksum: e6f9d5e2
# [2024-05-29 17:07:02] INFO: Writing RNGSTATE file: ./rand_s060t20_b0666300_a_U000737500
# [2024-05-29 17:07:03] INFO: Writing to disk took 7.60009 seconds
# [2024-05-29 17:07:03] INFO: ======================================================================
# [2024-05-29 17:07:03] INFO: Start sweeping...
# [2024-05-29 17:13:55] INFO: It took 412.266 seconds to do 500 HBOR sweeps.
# [2024-05-29 17:13:55] INFO: Plaquette = 0.650092
# [2024-05-29 17:13:55] INFO: Polyakov loop = (-0.00116988,0.000380936)
# [2024-05-29 17:13:55] INFO: Writing conf to disk...
# [2024-05-29 17:13:55] INFO: writeconf_nersc: Writing NERSC configuration ./conf_s060t20_b0666300_a_U000738000
# [2024-05-29 17:13:58] INFO: Calculated checksum: 87c40f98
# [2024-05-29 17:14:02] INFO: Calculated checksum: 9e518de2
# [2024-05-29 17:14:02] INFO: Writing RNGSTATE file: ./rand_s060t20_b0666300_a_U000738000
# [2024-05-29 17:14:02] INFO: Writing to disk took 7.37823 seconds
# [2024-05-29 17:14:02] INFO: ======================================================================
# [2024-05-29 17:14:02] INFO: Start sweeping...
# [2024-05-29 17:20:56] INFO: It took 413.889 seconds to do 500 HBOR sweeps.
# [2024-05-29 17:20:56] INFO: Plaquette = 0.650062
# [2024-05-29 17:20:56] INFO: Polyakov loop = (-0.000967142,-0.00146032)
# [2024-05-29 17:20:56] INFO: Writing conf to disk...
# [2024-05-29 17:20:56] INFO: writeconf_nersc: Writing NERSC configuration ./conf_s060t20_b0666300_a_U000738500
# [2024-05-29 17:20:59] INFO: Calculated checksum: f41947e8
# [2024-05-29 17:21:04] INFO: Calculated checksum: de49ad87
# [2024-05-29 17:21:04] INFO: Writing RNGSTATE file: ./rand_s060t20_b0666300_a_U000738500
# [2024-05-29 17:21:04] INFO: Writing to disk took 7.55624 seconds
# [2024-05-29 17:21:04] INFO: ======================================================================
# [2024-05-29 17:21:04] INFO: Start sweeping...
# [2024-05-29 17:27:57] INFO: It took 412.976 seconds to do 500 HBOR sweeps.
# [2024-05-29 17:27:57] INFO: Plaquette = 0.650026
# [2024-05-29 17:27:57] INFO: Polyakov loop = (-0.000708603,8.50517e-05)
# [2024-05-29 17:27:57] INFO: Writing conf to disk...
# [2024-05-29 17:27:57] INFO: writeconf_nersc: Writing NERSC configuration ./conf_s060t20_b0666300_a_U000739000
# [2024-05-29 17:28:00] INFO: Calculated checksum: bb0396b0
# [2024-05-29 17:28:04] INFO: Calculated checksum: ca1e4eb2
# [2024-05-29 17:28:04] INFO: Writing RNGSTATE file: ./rand_s060t20_b0666300_a_U000739000
# [2024-05-29 17:28:04] INFO: Writing to disk took 7.55088 seconds
# [2024-05-29 17:28:04] INFO: ======================================================================
# [2024-05-29 17:28:04] INFO: Start sweeping...
# [2024-05-29 17:34:55] INFO: It took 410.459 seconds to do 500 HBOR sweeps.
# [2024-05-29 17:34:55] INFO: Plaquette = 0.650036
# [2024-05-29 17:34:55] INFO: Polyakov loop = (-0.0007913,-0.00077795)
# [2024-05-29 17:34:55] INFO: Writing conf to disk...
# [2024-05-29 17:34:55] INFO: writeconf_nersc: Writing NERSC configuration ./conf_s060t20_b0666300_a_U000739500
# [2024-05-29 17:34:58] INFO: Calculated checksum: fdcad1a7
# [2024-05-29 17:35:02] INFO: Calculated checksum: 3cc9c0ea
# [2024-05-29 17:35:02] INFO: Writing RNGSTATE file: ./rand_s060t20_b0666300_a_U000739500
# [2024-05-29 17:35:02] INFO: Writing to disk took 7.42625 seconds
# [2024-05-29 17:35:02] INFO: ======================================================================
# [2024-05-29 17:35:02] INFO: Start sweeping...
# [2024-05-29 17:41:56] INFO: It took 413.647 seconds to do 500 HBOR sweeps.
# [2024-05-29 17:41:56] INFO: Plaquette = 0.649968
# [2024-05-29 17:41:56] INFO: Polyakov loop = (0.000454337,0.000186719)
# [2024-05-29 17:41:56] INFO: Writing conf to disk...
# [2024-05-29 17:41:56] INFO: writeconf_nersc: Writing NERSC configuration ./conf_s060t20_b0666300_a_U000740000
# [2024-05-29 17:41:59] INFO: Calculated checksum: eb45ac03
# [2024-05-29 17:42:03] INFO: Calculated checksum: a5381800
# [2024-05-29 17:42:03] INFO: Writing RNGSTATE file: ./rand_s060t20_b0666300_a_U000740000
# [2024-05-29 17:42:04] INFO: Writing to disk took 7.57015 seconds
# [2024-05-29 17:42:04] INFO: ======================================================================
# [2024-05-29 17:42:04] INFO: Start sweeping...
# [2024-05-29 17:48:57] INFO: It took 413.16 seconds to do 500 HBOR sweeps.
# [2024-05-29 17:48:57] INFO: Plaquette = 0.650071
# [2024-05-29 17:48:57] INFO: Polyakov loop = (0.000387815,0.000218487)
# [2024-05-29 17:48:57] INFO: Writing conf to disk...
# [2024-05-29 17:48:57] INFO: writeconf_nersc: Writing NERSC configuration ./conf_s060t20_b0666300_a_U000740500
# [2024-05-29 17:49:00] INFO: Calculated checksum: 4497f6cc
# [2024-05-29 17:49:04] INFO: Calculated checksum: 3dd0a237
# [2024-05-29 17:49:04] INFO: Writing RNGSTATE file: ./rand_s060t20_b0666300_a_U000740500
# [2024-05-29 17:49:04] INFO: Writing to disk took 7.52286 seconds
# [2024-05-29 17:49:04] INFO: ======================================================================
# [2024-05-29 17:49:04] INFO: Start sweeping...
# [2024-05-29 17:55:56] INFO: It took 411.591 seconds to do 500 HBOR sweeps.
# [2024-05-29 17:55:56] INFO: Plaquette = 0.650087
# [2024-05-29 17:55:56] INFO: Polyakov loop = (-0.000120951,-0.000869247)
# [2024-05-29 17:55:56] INFO: Writing conf to disk...
# [2024-05-29 17:55:56] INFO: writeconf_nersc: Writing NERSC configuration ./conf_s060t20_b0666300_a_U000741000
# [2024-05-29 17:55:59] INFO: Calculated checksum: 5983c5a5
# [2024-05-29 17:56:04] INFO: Calculated checksum: a47ec932
# [2024-05-29 17:56:04] INFO: Writing RNGSTATE file: ./rand_s060t20_b0666300_a_U000741000
# [2024-05-29 17:56:04] INFO: Writing to disk took 7.99795 seconds
# [2024-05-29 17:56:04] INFO: ======================================================================
# [2024-05-29 17:56:04] INFO: Start sweeping...
# [2024-05-29 18:02:57] INFO: It took 412.758 seconds to do 500 HBOR sweeps.
# [2024-05-29 18:02:57] INFO: Plaquette = 0.650067
# [2024-05-29 18:02:57] INFO: Polyakov loop = (2.40173e-05,-0.00119735)
# [2024-05-29 18:02:57] INFO: Writing conf to disk...
# [2024-05-29 18:02:57] INFO: writeconf_nersc: Writing NERSC configuration ./conf_s060t20_b0666300_a_U000741500
# [2024-05-29 18:03:00] INFO: Calculated checksum: 998b5fb9
# [2024-05-29 18:03:04] INFO: Calculated checksum: a0abdc7a
# [2024-05-29 18:03:04] INFO: Writing RNGSTATE file: ./rand_s060t20_b0666300_a_U000741500
# [2024-05-29 18:03:04] INFO: Writing to disk took 7.14246 seconds
# [2024-05-29 18:03:04] INFO: ======================================================================
# [2024-05-29 18:03:04] INFO: Start sweeping...
# [2024-05-29 18:09:55] INFO: It took 411.164 seconds to do 500 HBOR sweeps.
# [2024-05-29 18:09:55] INFO: Plaquette = 0.650081
# [2024-05-29 18:09:55] INFO: Polyakov loop = (0.000593144,0.000481503)
# [2024-05-29 18:09:55] INFO: Writing conf to disk...
# [2024-05-29 18:09:55] INFO: writeconf_nersc: Writing NERSC configuration ./conf_s060t20_b0666300_a_U000742000
# [2024-05-29 18:09:58] INFO: Calculated checksum: efb1116
# [2024-05-29 18:10:02] INFO: Calculated checksum: 10ed372a
# [2024-05-29 18:10:02] INFO: Writing RNGSTATE file: ./rand_s060t20_b0666300_a_U000742000
# [2024-05-29 18:10:02] INFO: Writing to disk took 7.41823 seconds
# [2024-05-29 18:10:02] INFO: ======================================================================
# [2024-05-29 18:10:02] INFO: Start sweeping...
# [2024-05-29 18:16:57] INFO: It took 414.05 seconds to do 500 HBOR sweeps.
# [2024-05-29 18:16:57] INFO: Plaquette = 0.650092
# [2024-05-29 18:16:57] INFO: Polyakov loop = (-0.000272505,-0.000822729)
# [2024-05-29 18:16:57] INFO: Writing conf to disk...
# [2024-05-29 18:16:57] INFO: writeconf_nersc: Writing NERSC configuration ./conf_s060t20_b0666300_a_U000742500
# [2024-05-29 18:16:59] INFO: Calculated checksum: 8cc61c3d
# [2024-05-29 18:17:04] INFO: Calculated checksum: f6fd784f
# [2024-05-29 18:17:04] INFO: Writing RNGSTATE file: ./rand_s060t20_b0666300_a_U000742500
# [2024-05-29 18:17:04] INFO: Writing to disk took 7.65423 seconds
# [2024-05-29 18:17:04] INFO: ======================================================================
# [2024-05-29 18:17:04] INFO: Start sweeping...
# [2024-05-29 18:23:58] INFO: It took 413.518 seconds to do 500 HBOR sweeps.
# [2024-05-29 18:23:58] INFO: Plaquette = 0.650007
# [2024-05-29 18:23:58] INFO: Polyakov loop = (-0.000446018,-0.000533821)
# [2024-05-29 18:23:58] INFO: Writing conf to disk...
# [2024-05-29 18:23:58] INFO: writeconf_nersc: Writing NERSC configuration ./conf_s060t20_b0666300_a_U000743000
# [2024-05-29 18:24:01] INFO: Calculated checksum: 1d289a6e
# [2024-05-29 18:24:05] INFO: Calculated checksum: 9e826b58
# [2024-05-29 18:24:05] INFO: Writing RNGSTATE file: ./rand_s060t20_b0666300_a_U000743000
# [2024-05-29 18:24:05] INFO: Writing to disk took 7.60447 seconds
# [2024-05-29 18:24:05] INFO: ======================================================================
# [2024-05-29 18:24:05] INFO: Start sweeping...
# [2024-05-29 18:30:55] INFO: It took 410.041 seconds to do 500 HBOR sweeps.
# [2024-05-29 18:30:55] INFO: Plaquette = 0.650201
# [2024-05-29 18:30:55] INFO: Polyakov loop = (-0.000469383,-0.00095342)
# [2024-05-29 18:30:55] INFO: Writing conf to disk...
# [2024-05-29 18:30:55] INFO: writeconf_nersc: Writing NERSC configuration ./conf_s060t20_b0666300_a_U000743500
# [2024-05-29 18:30:58] INFO: Calculated checksum: f8372896
# [2024-05-29 18:31:03] INFO: Calculated checksum: e921db4e
# [2024-05-29 18:31:03] INFO: Writing RNGSTATE file: ./rand_s060t20_b0666300_a_U000743500
# [2024-05-29 18:31:03] INFO: Writing to disk took 7.40501 seconds
# [2024-05-29 18:31:03] INFO: ======================================================================
# [2024-05-29 18:31:03] INFO: Start sweeping...
# [2024-05-29 18:37:53] INFO: It took 409.763 seconds to do 500 HBOR sweeps.
# [2024-05-29 18:37:53] INFO: Plaquette = 0.650183
# [2024-05-29 18:37:53] INFO: Polyakov loop = (-0.000328109,-0.000291213)
# [2024-05-29 18:37:53] INFO: Writing conf to disk...
# [2024-05-29 18:37:53] INFO: writeconf_nersc: Writing NERSC configuration ./conf_s060t20_b0666300_a_U000744000
# [2024-05-29 18:37:56] INFO: Calculated checksum: 52af58b8
# [2024-05-29 18:38:00] INFO: Calculated checksum: 7c9bb62a
# [2024-05-29 18:38:00] INFO: Writing RNGSTATE file: ./rand_s060t20_b0666300_a_U000744000
# [2024-05-29 18:38:00] INFO: Writing to disk took 7.10003 seconds
# [2024-05-29 18:38:00] INFO: ======================================================================
# [2024-05-29 18:38:00] INFO: Start sweeping...
# [2024-05-29 18:44:49] INFO: It took 409.213 seconds to do 500 HBOR sweeps.
# [2024-05-29 18:44:49] INFO: Plaquette = 0.650094
# [2024-05-29 18:44:49] INFO: Polyakov loop = (0.00114817,0.000935646)
# [2024-05-29 18:44:49] INFO: Writing conf to disk...
# [2024-05-29 18:44:49] INFO: writeconf_nersc: Writing NERSC configuration ./conf_s060t20_b0666300_a_U000744500
# [2024-05-29 18:44:52] INFO: Calculated checksum: 8da25b58
# [2024-05-29 18:44:56] INFO: Calculated checksum: b68a4686
# [2024-05-29 18:44:56] INFO: Writing RNGSTATE file: ./rand_s060t20_b0666300_a_U000744500
# [2024-05-29 18:44:56] INFO: Writing to disk took 7.30347 seconds
# [2024-05-29 18:44:56] INFO: ======================================================================
# [2024-05-29 18:44:56] INFO: Start sweeping...
# [2024-05-29 18:51:50] INFO: It took 413.818 seconds to do 500 HBOR sweeps.
# [2024-05-29 18:51:50] INFO: Plaquette = 0.650079
# [2024-05-29 18:51:50] INFO: Polyakov loop = (0.00101743,0.00042249)
# [2024-05-29 18:51:50] INFO: Writing conf to disk...
# [2024-05-29 18:51:50] INFO: writeconf_nersc: Writing NERSC configuration ./conf_s060t20_b0666300_a_U000745000
# [2024-05-29 18:51:53] INFO: Calculated checksum: fe154980
# [2024-05-29 18:51:57] INFO: Calculated checksum: d26bc738
# [2024-05-29 18:51:57] INFO: Writing RNGSTATE file: ./rand_s060t20_b0666300_a_U000745000
# [2024-05-29 18:51:58] INFO: Writing to disk took 7.38603 seconds
# [2024-05-29 18:51:58] INFO: ======================================================================
# [2024-05-29 18:51:58] INFO: Start sweeping...
# [2024-05-29 18:58:52] INFO: It took 414.525 seconds to do 500 HBOR sweeps.
# [2024-05-29 18:58:52] INFO: Plaquette = 0.650078
# [2024-05-29 18:58:52] INFO: Polyakov loop = (0.00046475,2.89885e-05)
# [2024-05-29 18:58:52] INFO: Writing conf to disk...
# [2024-05-29 18:58:52] INFO: writeconf_nersc: Writing NERSC configuration ./conf_s060t20_b0666300_a_U000745500
# [2024-05-29 18:58:55] INFO: Calculated checksum: 914d9746
# [2024-05-29 18:58:59] INFO: Calculated checksum: fce4cf9c
# [2024-05-29 18:58:59] INFO: Writing RNGSTATE file: ./rand_s060t20_b0666300_a_U000745500
# [2024-05-29 18:59:00] INFO: Writing to disk took 7.40498 seconds
# [2024-05-29 18:59:00] INFO: ======================================================================
# [2024-05-29 18:59:00] INFO: Start sweeping...
# [2024-05-29 19:05:55] INFO: It took 415.881 seconds to do 500 HBOR sweeps.
# [2024-05-29 19:05:55] INFO: Plaquette = 0.650107
# [2024-05-29 19:05:55] INFO: Polyakov loop = (0.000439657,-0.000139485)
# [2024-05-29 19:05:55] INFO: Writing conf to disk...
# [2024-05-29 19:05:55] INFO: writeconf_nersc: Writing NERSC configuration ./conf_s060t20_b0666300_a_U000746000
# [2024-05-29 19:05:58] INFO: Calculated checksum: 93fb3bae
# [2024-05-29 19:06:05] INFO: Calculated checksum: 9498496f
# [2024-05-29 19:06:05] INFO: Writing RNGSTATE file: ./rand_s060t20_b0666300_a_U000746000
# [2024-05-29 19:06:05] INFO: Writing to disk took 9.51413 seconds
# [2024-05-29 19:06:05] INFO: ======================================================================
# [2024-05-29 19:06:05] INFO: Start sweeping...
# [2024-05-29 19:12:59] INFO: It took 414.208 seconds to do 500 HBOR sweeps.
# [2024-05-29 19:12:59] INFO: Plaquette = 0.650153
# [2024-05-29 19:12:59] INFO: Polyakov loop = (0.000297999,-0.000825959)
# [2024-05-29 19:12:59] INFO: Writing conf to disk...
# [2024-05-29 19:12:59] INFO: writeconf_nersc: Writing NERSC configuration ./conf_s060t20_b0666300_a_U000746500
# [2024-05-29 19:13:02] INFO: Calculated checksum: b3ee2a73
# [2024-05-29 19:13:07] INFO: Calculated checksum: 50073474
# [2024-05-29 19:13:07] INFO: Writing RNGSTATE file: ./rand_s060t20_b0666300_a_U000746500
# [2024-05-29 19:13:07] INFO: Writing to disk took 7.83784 seconds
# [2024-05-29 19:13:07] INFO: ======================================================================
# [2024-05-29 19:13:07] INFO: Start sweeping...
# [2024-05-29 19:20:01] INFO: It took 414.329 seconds to do 500 HBOR sweeps.
# [2024-05-29 19:20:01] INFO: Plaquette = 0.650072
# [2024-05-29 19:20:01] INFO: Polyakov loop = (0.000577703,-0.000793656)
# [2024-05-29 19:20:01] INFO: Writing conf to disk...
# [2024-05-29 19:20:01] INFO: writeconf_nersc: Writing NERSC configuration ./conf_s060t20_b0666300_a_U000747000
# [2024-05-29 19:20:04] INFO: Calculated checksum: ad31be9e
# [2024-05-29 19:20:09] INFO: Calculated checksum: d0d03939
# [2024-05-29 19:20:09] INFO: Writing RNGSTATE file: ./rand_s060t20_b0666300_a_U000747000
# [2024-05-29 19:20:09] INFO: Writing to disk took 7.54823 seconds
# [2024-05-29 19:20:09] INFO: ======================================================================
# [2024-05-29 19:20:09] INFO: Start sweeping...
# [2024-05-29 19:27:04] INFO: It took 414.978 seconds to do 500 HBOR sweeps.
# [2024-05-29 19:27:04] INFO: Plaquette = 0.65014
# [2024-05-29 19:27:04] INFO: Polyakov loop = (0.000789892,-0.000392161)
# [2024-05-29 19:27:04] INFO: Writing conf to disk...
# [2024-05-29 19:27:04] INFO: writeconf_nersc: Writing NERSC configuration ./conf_s060t20_b0666300_a_U000747500
# [2024-05-29 19:27:07] INFO: Calculated checksum: d91db8bc
# [2024-05-29 19:27:11] INFO: Calculated checksum: 9f66a9b0
# [2024-05-29 19:27:11] INFO: Writing RNGSTATE file: ./rand_s060t20_b0666300_a_U000747500
# [2024-05-29 19:27:12] INFO: Writing to disk took 7.53587 seconds
# [2024-05-29 19:27:12] INFO: ======================================================================
# [2024-05-29 19:27:12] INFO: Start sweeping...
# [2024-05-29 19:34:07] INFO: It took 415.724 seconds to do 500 HBOR sweeps.
# [2024-05-29 19:34:07] INFO: Plaquette = 0.650084
# [2024-05-29 19:34:07] INFO: Polyakov loop = (-0.000559236,0.000429072)
# [2024-05-29 19:34:07] INFO: Writing conf to disk...
# [2024-05-29 19:34:07] INFO: writeconf_nersc: Writing NERSC configuration ./conf_s060t20_b0666300_a_U000748000
# [2024-05-29 19:34:10] INFO: Calculated checksum: a552cc2d
# [2024-05-29 19:34:17] INFO: Calculated checksum: f5f78b66
# [2024-05-29 19:34:17] INFO: Writing RNGSTATE file: ./rand_s060t20_b0666300_a_U000748000
# [2024-05-29 19:34:17] INFO: Writing to disk took 9.78247 seconds
# [2024-05-29 19:34:17] INFO: ======================================================================
# [2024-05-29 19:34:17] INFO: Start sweeping...
# [2024-05-29 19:41:11] INFO: It took 413.676 seconds to do 500 HBOR sweeps.
# [2024-05-29 19:41:11] INFO: Plaquette = 0.650094
# [2024-05-29 19:41:11] INFO: Polyakov loop = (0.000216684,-0.000283692)
# [2024-05-29 19:41:11] INFO: Writing conf to disk...
# [2024-05-29 19:41:11] INFO: writeconf_nersc: Writing NERSC configuration ./conf_s060t20_b0666300_a_U000748500
# [2024-05-29 19:41:14] INFO: Calculated checksum: ec21a785
# [2024-05-29 19:41:19] INFO: Calculated checksum: 7bbb2e0a
# [2024-05-29 19:41:19] INFO: Writing RNGSTATE file: ./rand_s060t20_b0666300_a_U000748500
# [2024-05-29 19:41:19] INFO: Writing to disk took 8.04367 seconds
# [2024-05-29 19:41:19] INFO: ======================================================================
# [2024-05-29 19:41:19] INFO: Start sweeping...
# [2024-05-29 19:48:12] INFO: It took 412.637 seconds to do 500 HBOR sweeps.
# [2024-05-29 19:48:12] INFO: Plaquette = 0.650073
# [2024-05-29 19:48:12] INFO: Polyakov loop = (6.09913e-05,-0.000671079)
# [2024-05-29 19:48:12] INFO: Writing conf to disk...
# [2024-05-29 19:48:12] INFO: writeconf_nersc: Writing NERSC configuration ./conf_s060t20_b0666300_a_U000749000
# [2024-05-29 19:48:14] INFO: Calculated checksum: 1ec99754
# [2024-05-29 19:48:20] INFO: Calculated checksum: e8894fb1
# [2024-05-29 19:48:20] INFO: Writing RNGSTATE file: ./rand_s060t20_b0666300_a_U000749000
# [2024-05-29 19:48:20] INFO: Writing to disk took 8.13064 seconds
# [2024-05-29 19:48:20] INFO: ======================================================================
# [2024-05-29 19:48:20] INFO: Start sweeping...
# [2024-05-29 19:55:14] INFO: It took 414.502 seconds to do 500 HBOR sweeps.
# [2024-05-29 19:55:14] INFO: Plaquette = 0.65005
# [2024-05-29 19:55:14] INFO: Polyakov loop = (-1.70455e-05,7.33786e-05)
# [2024-05-29 19:55:14] INFO: Writing conf to disk...
# [2024-05-29 19:55:14] INFO: writeconf_nersc: Writing NERSC configuration ./conf_s060t20_b0666300_a_U000749500
# [2024-05-29 19:55:17] INFO: Calculated checksum: 160a4aa6
# [2024-05-29 19:55:22] INFO: Calculated checksum: c78128df
# [2024-05-29 19:55:22] INFO: Writing RNGSTATE file: ./rand_s060t20_b0666300_a_U000749500
# [2024-05-29 19:55:22] INFO: Writing to disk took 7.52768 seconds
# [2024-05-29 19:55:22] INFO: ======================================================================
# [2024-05-29 19:55:22] INFO: Start sweeping...
# [2024-05-29 20:02:12] INFO: It took 410.087 seconds to do 500 HBOR sweeps.
# [2024-05-29 20:02:12] INFO: Plaquette = 0.650013
# [2024-05-29 20:02:12] INFO: Polyakov loop = (-0.000599148,-0.000222669)
# [2024-05-29 20:02:12] INFO: Writing conf to disk...
# [2024-05-29 20:02:12] INFO: writeconf_nersc: Writing NERSC configuration ./conf_s060t20_b0666300_a_U000750000
# [2024-05-29 20:02:15] INFO: Calculated checksum: 759abaa4
# [2024-05-29 20:02:19] INFO: Calculated checksum: 78227b31
# [2024-05-29 20:02:19] INFO: Writing RNGSTATE file: ./rand_s060t20_b0666300_a_U000750000
# [2024-05-29 20:02:19] INFO: Writing to disk took 7.12122 seconds
# [2024-05-29 20:02:19] INFO: Finalizing MPI
