
Currently Loaded Modules:
  1) chpc/1.0      (S)   3) gcc/8.5.0      5) mpich/3.4.2
  2) python/3.10.3       4) cmake/3.26.0   6) cuda/11.6.2 (g)

  Where:
   S:  Module is Sticky, requires --force to unload or purge
   g:  built for GPU

 

# [2024-05-29 10:29:58] INFO: Running SIMULATeQCD
# [2024-05-29 10:29:58] INFO: Git commit version: 43e2518
# [2024-05-29 10:29:58] INFO: Initializing MPI with (1 proc)
# [2024-05-29 10:29:58] INFO: Reading parameters from file :: GenerateQuenched_b6807.param
# [2024-05-29 10:29:58] INFO: # PARAM :: Lattice = 60 60 60 20 
# [2024-05-29 10:29:58] INFO: # PARAM :: Nodes = 1 1 1 1 
# [2024-05-29 10:29:58] INFO: # PARAM :: Topology = 0 0 0 0  (default)
# [2024-05-29 10:29:58] INFO: # PARAM :: beta = 6.807
# [2024-05-29 10:29:58] INFO: # PARAM :: format = nersc
# [2024-05-29 10:29:58] INFO: # PARAM :: endianness = auto
# [2024-05-29 10:29:58] INFO: # PARAM :: conf_nr = 700000
# [2024-05-29 10:29:58] INFO: # PARAM :: stream = a
# [2024-05-29 10:29:58] INFO: # PARAM :: prec_out = 0 (default)
# [2024-05-29 10:29:58] INFO: # PARAM :: measurements_dir = ./ (default)
# [2024-05-29 10:29:58] INFO: # PARAM :: use_unit_conf = 0 (default)
# [2024-05-29 10:29:58] INFO: # PARAM :: output_dir = .
# [2024-05-29 10:29:58] INFO: # PARAM :: nconfs = 100
# [2024-05-29 10:29:58] INFO: # PARAM :: nsweeps_ORperHB = 4
# [2024-05-29 10:29:58] INFO: # PARAM :: nsweeps_HBwithOR = 500
# [2024-05-29 10:29:58] INFO: # PARAM :: prev_conf = conf_s060t20_b0680700_a_U000700000
# [2024-05-29 10:29:58] INFO: # PARAM :: prev_rand = rand_s060t20_b0680700_a_U000700000
# [2024-05-29 10:29:58] INFO: > Running on:
# [2024-05-29 10:29:58] INFO: [Rank 0] > notch271 CPU_4 GPU_3D; MPI: world_rank=0, node_rank=0, coord: ( 0 0 0 0 )
# [2024-05-29 10:29:58] INFO: > Is MPI CUDA-aware? @compilation 
# [2024-05-29 10:29:58] INFO: > GPU compute capability: 75
# [2024-05-29 10:29:58] INFO: > Checking support for P2P (Peer-to-Peer) and UVA (Unified Virtual Addressing):
# [2024-05-29 10:29:58] INFO: [Rank 0] > notch271 GPU_3D(NVIDIA GeForce RTX 2080 Ti): P2P NO ; UVA YES
# [2024-05-29 10:29:58] INFO: Initialize Indexer with HaloDepth = 1[0;33m[0m
# [2024-05-29 10:29:59] INFO: Resuming previous run.
# [2024-05-29 10:29:59] INFO: readconf_nersc: Reading NERSC configuration conf_s060t20_b0680700_a_U000700000
# [2024-05-29 10:30:09] INFO: Next conf_number will be 700500
# [2024-05-29 10:30:09] INFO: Generating up to 100 confs with a separation of 500 HBOR sweeps (OR/HB = 4) ...
# [2024-05-29 10:30:09] INFO: ======================================================================
# [2024-05-29 10:30:09] INFO: Start sweeping...
# [2024-05-29 10:36:50] INFO: It took 400.336 seconds to do 500 HBOR sweeps.
# [2024-05-29 10:36:50] INFO: Plaquette = 0.659676
# [2024-05-29 10:36:50] INFO: Polyakov loop = (0.00227664,-2.09202e-05)
# [2024-05-29 10:36:50] INFO: Writing conf to disk...
# [2024-05-29 10:36:50] INFO: writeconf_nersc: Writing NERSC configuration ./conf_s060t20_b0680700_a_U000700500
# [2024-05-29 10:36:53] INFO: Calculated checksum: 5e36cf48
# [2024-05-29 10:36:58] INFO: Calculated checksum: c0ac3a5
# [2024-05-29 10:36:58] INFO: Writing RNGSTATE file: ./rand_s060t20_b0680700_a_U000700500
# [2024-05-29 10:36:58] INFO: Writing to disk took 8.40383 seconds
# [2024-05-29 10:36:58] INFO: ======================================================================
# [2024-05-29 10:36:58] INFO: Start sweeping...
# [2024-05-29 10:43:40] INFO: It took 401.383 seconds to do 500 HBOR sweeps.
# [2024-05-29 10:43:40] INFO: Plaquette = 0.659636
# [2024-05-29 10:43:40] INFO: Polyakov loop = (0.00218301,0.000590506)
# [2024-05-29 10:43:40] INFO: Writing conf to disk...
# [2024-05-29 10:43:40] INFO: writeconf_nersc: Writing NERSC configuration ./conf_s060t20_b0680700_a_U000701000
# [2024-05-29 10:43:43] INFO: Calculated checksum: 5469dafa
# [2024-05-29 10:43:48] INFO: Calculated checksum: 886cf63a
# [2024-05-29 10:43:48] INFO: Writing RNGSTATE file: ./rand_s060t20_b0680700_a_U000701000
# [2024-05-29 10:43:48] INFO: Writing to disk took 8.52071 seconds
# [2024-05-29 10:43:48] INFO: ======================================================================
# [2024-05-29 10:43:48] INFO: Start sweeping...
# [2024-05-29 10:50:30] INFO: It took 401.379 seconds to do 500 HBOR sweeps.
# [2024-05-29 10:50:30] INFO: Plaquette = 0.659601
# [2024-05-29 10:50:30] INFO: Polyakov loop = (0.00250256,0.000183982)
# [2024-05-29 10:50:30] INFO: Writing conf to disk...
# [2024-05-29 10:50:30] INFO: writeconf_nersc: Writing NERSC configuration ./conf_s060t20_b0680700_a_U000701500
# [2024-05-29 10:50:33] INFO: Calculated checksum: 85c074d3
# [2024-05-29 10:50:38] INFO: Calculated checksum: 3d9de4c
# [2024-05-29 10:50:38] INFO: Writing RNGSTATE file: ./rand_s060t20_b0680700_a_U000701500
# [2024-05-29 10:50:38] INFO: Writing to disk took 8.73482 seconds
# [2024-05-29 10:50:38] INFO: ======================================================================
# [2024-05-29 10:50:38] INFO: Start sweeping...
# [2024-05-29 10:57:20] INFO: It took 401.409 seconds to do 500 HBOR sweeps.
# [2024-05-29 10:57:20] INFO: Plaquette = 0.659688
# [2024-05-29 10:57:20] INFO: Polyakov loop = (0.00288423,-0.000800506)
# [2024-05-29 10:57:20] INFO: Writing conf to disk...
# [2024-05-29 10:57:20] INFO: writeconf_nersc: Writing NERSC configuration ./conf_s060t20_b0680700_a_U000702000
# [2024-05-29 10:57:23] INFO: Calculated checksum: 6c9f39bf
# [2024-05-29 10:57:28] INFO: Calculated checksum: 33de5efb
# [2024-05-29 10:57:28] INFO: Writing RNGSTATE file: ./rand_s060t20_b0680700_a_U000702000
# [2024-05-29 10:57:28] INFO: Writing to disk took 8.25546 seconds
# [2024-05-29 10:57:28] INFO: ======================================================================
# [2024-05-29 10:57:28] INFO: Start sweeping...
# [2024-05-29 11:04:12] INFO: It took 403.684 seconds to do 500 HBOR sweeps.
# [2024-05-29 11:04:12] INFO: Plaquette = 0.65973
# [2024-05-29 11:04:12] INFO: Polyakov loop = (0.00262491,-0.000606832)
# [2024-05-29 11:04:12] INFO: Writing conf to disk...
# [2024-05-29 11:04:12] INFO: writeconf_nersc: Writing NERSC configuration ./conf_s060t20_b0680700_a_U000702500
# [2024-05-29 11:04:15] INFO: Calculated checksum: 251d8153
# [2024-05-29 11:04:19] INFO: Calculated checksum: 29e8530e
# [2024-05-29 11:04:19] INFO: Writing RNGSTATE file: ./rand_s060t20_b0680700_a_U000702500
# [2024-05-29 11:04:20] INFO: Writing to disk took 7.87274 seconds
# [2024-05-29 11:04:20] INFO: ======================================================================
# [2024-05-29 11:04:20] INFO: Start sweeping...
# [2024-05-29 11:11:03] INFO: It took 403.093 seconds to do 500 HBOR sweeps.
# [2024-05-29 11:11:03] INFO: Plaquette = 0.659642
# [2024-05-29 11:11:03] INFO: Polyakov loop = (0.00287876,0.000704054)
# [2024-05-29 11:11:03] INFO: Writing conf to disk...
# [2024-05-29 11:11:03] INFO: writeconf_nersc: Writing NERSC configuration ./conf_s060t20_b0680700_a_U000703000
# [2024-05-29 11:11:06] INFO: Calculated checksum: a5720d51
# [2024-05-29 11:11:11] INFO: Calculated checksum: 428f0148
# [2024-05-29 11:11:11] INFO: Writing RNGSTATE file: ./rand_s060t20_b0680700_a_U000703000
# [2024-05-29 11:11:11] INFO: Writing to disk took 8.4529 seconds
# [2024-05-29 11:11:11] INFO: ======================================================================
# [2024-05-29 11:11:11] INFO: Start sweeping...
# [2024-05-29 11:17:54] INFO: It took 403.038 seconds to do 500 HBOR sweeps.
# [2024-05-29 11:17:54] INFO: Plaquette = 0.65963
# [2024-05-29 11:17:54] INFO: Polyakov loop = (0.00202443,9.04862e-05)
# [2024-05-29 11:17:54] INFO: Writing conf to disk...
# [2024-05-29 11:17:54] INFO: writeconf_nersc: Writing NERSC configuration ./conf_s060t20_b0680700_a_U000703500
# [2024-05-29 11:17:57] INFO: Calculated checksum: af1c7bb8
# [2024-05-29 11:18:02] INFO: Calculated checksum: 56bd66b
# [2024-05-29 11:18:02] INFO: Writing RNGSTATE file: ./rand_s060t20_b0680700_a_U000703500
# [2024-05-29 11:18:02] INFO: Writing to disk took 7.98446 seconds
# [2024-05-29 11:18:02] INFO: ======================================================================
# [2024-05-29 11:18:02] INFO: Start sweeping...
# [2024-05-29 11:24:45] INFO: It took 403.01 seconds to do 500 HBOR sweeps.
# [2024-05-29 11:24:45] INFO: Plaquette = 0.65978
# [2024-05-29 11:24:45] INFO: Polyakov loop = (0.00207569,-0.000400653)
# [2024-05-29 11:24:45] INFO: Writing conf to disk...
# [2024-05-29 11:24:45] INFO: writeconf_nersc: Writing NERSC configuration ./conf_s060t20_b0680700_a_U000704000
# [2024-05-29 11:24:48] INFO: Calculated checksum: 7fdce0e2
# [2024-05-29 11:24:53] INFO: Calculated checksum: a0eba6a7
# [2024-05-29 11:24:53] INFO: Writing RNGSTATE file: ./rand_s060t20_b0680700_a_U000704000
# [2024-05-29 11:24:53] INFO: Writing to disk took 7.84237 seconds
# [2024-05-29 11:24:53] INFO: ======================================================================
# [2024-05-29 11:24:53] INFO: Start sweeping...
# [2024-05-29 11:31:36] INFO: It took 403.029 seconds to do 500 HBOR sweeps.
# [2024-05-29 11:31:36] INFO: Plaquette = 0.659704
# [2024-05-29 11:31:36] INFO: Polyakov loop = (0.00252305,0.000701574)
# [2024-05-29 11:31:36] INFO: Writing conf to disk...
# [2024-05-29 11:31:36] INFO: writeconf_nersc: Writing NERSC configuration ./conf_s060t20_b0680700_a_U000704500
# [2024-05-29 11:31:39] INFO: Calculated checksum: 224d205
# [2024-05-29 11:31:44] INFO: Calculated checksum: 2016425f
# [2024-05-29 11:31:44] INFO: Writing RNGSTATE file: ./rand_s060t20_b0680700_a_U000704500
# [2024-05-29 11:31:44] INFO: Writing to disk took 7.95601 seconds
# [2024-05-29 11:31:44] INFO: ======================================================================
# [2024-05-29 11:31:44] INFO: Start sweeping...
# [2024-05-29 11:38:27] INFO: It took 403.174 seconds to do 500 HBOR sweeps.
# [2024-05-29 11:38:27] INFO: Plaquette = 0.659589
# [2024-05-29 11:38:27] INFO: Polyakov loop = (0.00343253,-0.000258036)
# [2024-05-29 11:38:27] INFO: Writing conf to disk...
# [2024-05-29 11:38:27] INFO: writeconf_nersc: Writing NERSC configuration ./conf_s060t20_b0680700_a_U000705000
# [2024-05-29 11:38:30] INFO: Calculated checksum: 344dd2e4
# [2024-05-29 11:38:35] INFO: Calculated checksum: 459d1979
# [2024-05-29 11:38:35] INFO: Writing RNGSTATE file: ./rand_s060t20_b0680700_a_U000705000
# [2024-05-29 11:38:35] INFO: Writing to disk took 7.87705 seconds
# [2024-05-29 11:38:35] INFO: ======================================================================
# [2024-05-29 11:38:35] INFO: Start sweeping...
# [2024-05-29 11:45:18] INFO: It took 403.1 seconds to do 500 HBOR sweeps.
# [2024-05-29 11:45:19] INFO: Plaquette = 0.659656
# [2024-05-29 11:45:19] INFO: Polyakov loop = (0.00205133,-0.000263001)
# [2024-05-29 11:45:19] INFO: Writing conf to disk...
# [2024-05-29 11:45:19] INFO: writeconf_nersc: Writing NERSC configuration ./conf_s060t20_b0680700_a_U000705500
# [2024-05-29 11:45:21] INFO: Calculated checksum: e7e19017
# [2024-05-29 11:45:26] INFO: Calculated checksum: cab63fa2
# [2024-05-29 11:45:26] INFO: Writing RNGSTATE file: ./rand_s060t20_b0680700_a_U000705500
# [2024-05-29 11:45:26] INFO: Writing to disk took 7.98819 seconds
# [2024-05-29 11:45:26] INFO: ======================================================================
# [2024-05-29 11:45:26] INFO: Start sweeping...
# [2024-05-29 11:52:09] INFO: It took 402.702 seconds to do 500 HBOR sweeps.
# [2024-05-29 11:52:09] INFO: Plaquette = 0.659639
# [2024-05-29 11:52:09] INFO: Polyakov loop = (0.00260437,-0.00139449)
# [2024-05-29 11:52:09] INFO: Writing conf to disk...
# [2024-05-29 11:52:09] INFO: writeconf_nersc: Writing NERSC configuration ./conf_s060t20_b0680700_a_U000706000
# [2024-05-29 11:52:12] INFO: Calculated checksum: 7d35a268
# [2024-05-29 11:52:17] INFO: Calculated checksum: 585c96bb
# [2024-05-29 11:52:17] INFO: Writing RNGSTATE file: ./rand_s060t20_b0680700_a_U000706000
# [2024-05-29 11:52:17] INFO: Writing to disk took 7.85611 seconds
# [2024-05-29 11:52:17] INFO: ======================================================================
# [2024-05-29 11:52:17] INFO: Start sweeping...
# [2024-05-29 11:59:00] INFO: It took 402.635 seconds to do 500 HBOR sweeps.
# [2024-05-29 11:59:00] INFO: Plaquette = 0.6597
# [2024-05-29 11:59:00] INFO: Polyakov loop = (0.00313331,0.000251466)
# [2024-05-29 11:59:00] INFO: Writing conf to disk...
# [2024-05-29 11:59:00] INFO: writeconf_nersc: Writing NERSC configuration ./conf_s060t20_b0680700_a_U000706500
# [2024-05-29 11:59:03] INFO: Calculated checksum: e5cdfbb7
# [2024-05-29 11:59:08] INFO: Calculated checksum: b1600c42
# [2024-05-29 11:59:08] INFO: Writing RNGSTATE file: ./rand_s060t20_b0680700_a_U000706500
# [2024-05-29 11:59:08] INFO: Writing to disk took 7.96723 seconds
# [2024-05-29 11:59:08] INFO: ======================================================================
# [2024-05-29 11:59:08] INFO: Start sweeping...
# [2024-05-29 12:05:51] INFO: It took 403.08 seconds to do 500 HBOR sweeps.
# [2024-05-29 12:05:51] INFO: Plaquette = 0.659696
# [2024-05-29 12:05:51] INFO: Polyakov loop = (0.00242791,0.000481315)
# [2024-05-29 12:05:51] INFO: Writing conf to disk...
# [2024-05-29 12:05:51] INFO: writeconf_nersc: Writing NERSC configuration ./conf_s060t20_b0680700_a_U000707000
# [2024-05-29 12:05:54] INFO: Calculated checksum: 3d89423d
# [2024-05-29 12:05:59] INFO: Calculated checksum: 46a6418
# [2024-05-29 12:05:59] INFO: Writing RNGSTATE file: ./rand_s060t20_b0680700_a_U000707000
# [2024-05-29 12:05:59] INFO: Writing to disk took 7.84931 seconds
# [2024-05-29 12:05:59] INFO: ======================================================================
# [2024-05-29 12:05:59] INFO: Start sweeping...
# [2024-05-29 12:12:42] INFO: It took 403.061 seconds to do 500 HBOR sweeps.
# [2024-05-29 12:12:42] INFO: Plaquette = 0.659663
# [2024-05-29 12:12:42] INFO: Polyakov loop = (0.00165138,0.000684479)
# [2024-05-29 12:12:42] INFO: Writing conf to disk...
# [2024-05-29 12:12:42] INFO: writeconf_nersc: Writing NERSC configuration ./conf_s060t20_b0680700_a_U000707500
# [2024-05-29 12:12:45] INFO: Calculated checksum: a87c0640
# [2024-05-29 12:12:50] INFO: Calculated checksum: e7bababa
# [2024-05-29 12:12:50] INFO: Writing RNGSTATE file: ./rand_s060t20_b0680700_a_U000707500
# [2024-05-29 12:12:50] INFO: Writing to disk took 7.8437 seconds
# [2024-05-29 12:12:50] INFO: ======================================================================
# [2024-05-29 12:12:50] INFO: Start sweeping...
# [2024-05-29 12:19:34] INFO: It took 404.158 seconds to do 500 HBOR sweeps.
# [2024-05-29 12:19:34] INFO: Plaquette = 0.659675
# [2024-05-29 12:19:34] INFO: Polyakov loop = (0.00264262,-0.000141151)
# [2024-05-29 12:19:34] INFO: Writing conf to disk...
# [2024-05-29 12:19:34] INFO: writeconf_nersc: Writing NERSC configuration ./conf_s060t20_b0680700_a_U000708000
# [2024-05-29 12:19:37] INFO: Calculated checksum: e6cf732a
# [2024-05-29 12:19:42] INFO: Calculated checksum: 4ce02c5
# [2024-05-29 12:19:42] INFO: Writing RNGSTATE file: ./rand_s060t20_b0680700_a_U000708000
# [2024-05-29 12:19:42] INFO: Writing to disk took 7.78069 seconds
# [2024-05-29 12:19:42] INFO: ======================================================================
# [2024-05-29 12:19:42] INFO: Start sweeping...
# [2024-05-29 12:26:25] INFO: It took 403.018 seconds to do 500 HBOR sweeps.
# [2024-05-29 12:26:25] INFO: Plaquette = 0.659696
# [2024-05-29 12:26:25] INFO: Polyakov loop = (0.00237091,0.00106253)
# [2024-05-29 12:26:25] INFO: Writing conf to disk...
# [2024-05-29 12:26:25] INFO: writeconf_nersc: Writing NERSC configuration ./conf_s060t20_b0680700_a_U000708500
# [2024-05-29 12:26:28] INFO: Calculated checksum: 8e0ac6f9
# [2024-05-29 12:26:32] INFO: Calculated checksum: f87bb7ce
# [2024-05-29 12:26:32] INFO: Writing RNGSTATE file: ./rand_s060t20_b0680700_a_U000708500
# [2024-05-29 12:26:33] INFO: Writing to disk took 7.79483 seconds
# [2024-05-29 12:26:33] INFO: ======================================================================
# [2024-05-29 12:26:33] INFO: Start sweeping...
# [2024-05-29 12:33:17] INFO: It took 404.157 seconds to do 500 HBOR sweeps.
# [2024-05-29 12:33:17] INFO: Plaquette = 0.659678
# [2024-05-29 12:33:17] INFO: Polyakov loop = (0.00158222,0.00034387)
# [2024-05-29 12:33:17] INFO: Writing conf to disk...
# [2024-05-29 12:33:17] INFO: writeconf_nersc: Writing NERSC configuration ./conf_s060t20_b0680700_a_U000709000
# [2024-05-29 12:33:20] INFO: Calculated checksum: e2213339
# [2024-05-29 12:33:24] INFO: Calculated checksum: 27a034fc
# [2024-05-29 12:33:24] INFO: Writing RNGSTATE file: ./rand_s060t20_b0680700_a_U000709000
# [2024-05-29 12:33:25] INFO: Writing to disk took 7.75941 seconds
# [2024-05-29 12:33:25] INFO: ======================================================================
# [2024-05-29 12:33:25] INFO: Start sweeping...
# [2024-05-29 12:40:07] INFO: It took 402.903 seconds to do 500 HBOR sweeps.
# [2024-05-29 12:40:07] INFO: Plaquette = 0.659765
# [2024-05-29 12:40:07] INFO: Polyakov loop = (0.00224714,-0.000359301)
# [2024-05-29 12:40:07] INFO: Writing conf to disk...
# [2024-05-29 12:40:07] INFO: writeconf_nersc: Writing NERSC configuration ./conf_s060t20_b0680700_a_U000709500
# [2024-05-29 12:40:10] INFO: Calculated checksum: bbbfc8c6
# [2024-05-29 12:40:15] INFO: Calculated checksum: 322a8669
# [2024-05-29 12:40:15] INFO: Writing RNGSTATE file: ./rand_s060t20_b0680700_a_U000709500
# [2024-05-29 12:40:16] INFO: Writing to disk took 8.09313 seconds
# [2024-05-29 12:40:16] INFO: ======================================================================
# [2024-05-29 12:40:16] INFO: Start sweeping...
# [2024-05-29 12:46:58] INFO: It took 402.646 seconds to do 500 HBOR sweeps.
# [2024-05-29 12:46:58] INFO: Plaquette = 0.659634
# [2024-05-29 12:46:58] INFO: Polyakov loop = (0.00204831,0.00068036)
# [2024-05-29 12:46:58] INFO: Writing conf to disk...
# [2024-05-29 12:46:58] INFO: writeconf_nersc: Writing NERSC configuration ./conf_s060t20_b0680700_a_U000710000
# [2024-05-29 12:47:01] INFO: Calculated checksum: 5b22abf5
# [2024-05-29 12:47:06] INFO: Calculated checksum: b90ced63
# [2024-05-29 12:47:06] INFO: Writing RNGSTATE file: ./rand_s060t20_b0680700_a_U000710000
# [2024-05-29 12:47:06] INFO: Writing to disk took 7.77827 seconds
# [2024-05-29 12:47:06] INFO: ======================================================================
# [2024-05-29 12:47:06] INFO: Start sweeping...
# [2024-05-29 12:53:49] INFO: It took 402.87 seconds to do 500 HBOR sweeps.
# [2024-05-29 12:53:49] INFO: Plaquette = 0.659641
# [2024-05-29 12:53:49] INFO: Polyakov loop = (0.00269446,-0.00049523)
# [2024-05-29 12:53:49] INFO: Writing conf to disk...
# [2024-05-29 12:53:49] INFO: writeconf_nersc: Writing NERSC configuration ./conf_s060t20_b0680700_a_U000710500
# [2024-05-29 12:53:52] INFO: Calculated checksum: 40625fdb
# [2024-05-29 12:53:57] INFO: Calculated checksum: cdc1c37
# [2024-05-29 12:53:57] INFO: Writing RNGSTATE file: ./rand_s060t20_b0680700_a_U000710500
# [2024-05-29 12:53:57] INFO: Writing to disk took 7.76211 seconds
# [2024-05-29 12:53:57] INFO: ======================================================================
# [2024-05-29 12:53:57] INFO: Start sweeping...
# [2024-05-29 13:00:38] INFO: It took 401.52 seconds to do 500 HBOR sweeps.
# [2024-05-29 13:00:38] INFO: Plaquette = 0.659641
# [2024-05-29 13:00:38] INFO: Polyakov loop = (0.00234497,-0.00014465)
# [2024-05-29 13:00:38] INFO: Writing conf to disk...
# [2024-05-29 13:00:38] INFO: writeconf_nersc: Writing NERSC configuration ./conf_s060t20_b0680700_a_U000711000
# [2024-05-29 13:00:41] INFO: Calculated checksum: 1397c0e0
# [2024-05-29 13:00:46] INFO: Calculated checksum: 8da6d5fc
# [2024-05-29 13:00:46] INFO: Writing RNGSTATE file: ./rand_s060t20_b0680700_a_U000711000
# [2024-05-29 13:00:46] INFO: Writing to disk took 7.72684 seconds
# [2024-05-29 13:00:46] INFO: ======================================================================
# [2024-05-29 13:00:46] INFO: Start sweeping...
# [2024-05-29 13:07:28] INFO: It took 401.526 seconds to do 500 HBOR sweeps.
# [2024-05-29 13:07:28] INFO: Plaquette = 0.659613
# [2024-05-29 13:07:28] INFO: Polyakov loop = (0.00236371,0.000564479)
# [2024-05-29 13:07:28] INFO: Writing conf to disk...
# [2024-05-29 13:07:28] INFO: writeconf_nersc: Writing NERSC configuration ./conf_s060t20_b0680700_a_U000711500
# [2024-05-29 13:07:31] INFO: Calculated checksum: d9f87a27
# [2024-05-29 13:07:35] INFO: Calculated checksum: 8aaf0ddf
# [2024-05-29 13:07:35] INFO: Writing RNGSTATE file: ./rand_s060t20_b0680700_a_U000711500
# [2024-05-29 13:07:35] INFO: Writing to disk took 7.73061 seconds
# [2024-05-29 13:07:35] INFO: ======================================================================
# [2024-05-29 13:07:35] INFO: Start sweeping...
# [2024-05-29 13:14:18] INFO: It took 402.848 seconds to do 500 HBOR sweeps.
# [2024-05-29 13:14:18] INFO: Plaquette = 0.659634
# [2024-05-29 13:14:18] INFO: Polyakov loop = (0.00264372,0.000165218)
# [2024-05-29 13:14:18] INFO: Writing conf to disk...
# [2024-05-29 13:14:18] INFO: writeconf_nersc: Writing NERSC configuration ./conf_s060t20_b0680700_a_U000712000
# [2024-05-29 13:14:21] INFO: Calculated checksum: 9400ea60
# [2024-05-29 13:14:26] INFO: Calculated checksum: 84be4f54
# [2024-05-29 13:14:26] INFO: Writing RNGSTATE file: ./rand_s060t20_b0680700_a_U000712000
# [2024-05-29 13:14:26] INFO: Writing to disk took 7.85851 seconds
# [2024-05-29 13:14:26] INFO: ======================================================================
# [2024-05-29 13:14:26] INFO: Start sweeping...
# [2024-05-29 13:21:09] INFO: It took 402.852 seconds to do 500 HBOR sweeps.
# [2024-05-29 13:21:09] INFO: Plaquette = 0.65966
# [2024-05-29 13:21:09] INFO: Polyakov loop = (0.00275016,-4.71787e-05)
# [2024-05-29 13:21:09] INFO: Writing conf to disk...
# [2024-05-29 13:21:09] INFO: writeconf_nersc: Writing NERSC configuration ./conf_s060t20_b0680700_a_U000712500
# [2024-05-29 13:21:13] INFO: Calculated checksum: 1afd2965
# [2024-05-29 13:21:17] INFO: Calculated checksum: 3f73dfe1
# [2024-05-29 13:21:17] INFO: Writing RNGSTATE file: ./rand_s060t20_b0680700_a_U000712500
# [2024-05-29 13:21:17] INFO: Writing to disk took 8.46906 seconds
# [2024-05-29 13:21:17] INFO: ======================================================================
# [2024-05-29 13:21:17] INFO: Start sweeping...
# [2024-05-29 13:28:00] INFO: It took 402.824 seconds to do 500 HBOR sweeps.
# [2024-05-29 13:28:00] INFO: Plaquette = 0.659565
# [2024-05-29 13:28:00] INFO: Polyakov loop = (0.00232156,0.000430221)
# [2024-05-29 13:28:00] INFO: Writing conf to disk...
# [2024-05-29 13:28:00] INFO: writeconf_nersc: Writing NERSC configuration ./conf_s060t20_b0680700_a_U000713000
# [2024-05-29 13:28:03] INFO: Calculated checksum: 54e0c6
# [2024-05-29 13:28:08] INFO: Calculated checksum: 832cc9a2
# [2024-05-29 13:28:08] INFO: Writing RNGSTATE file: ./rand_s060t20_b0680700_a_U000713000
# [2024-05-29 13:28:08] INFO: Writing to disk took 7.78961 seconds
# [2024-05-29 13:28:08] INFO: ======================================================================
# [2024-05-29 13:28:08] INFO: Start sweeping...
# [2024-05-29 13:34:50] INFO: It took 401.535 seconds to do 500 HBOR sweeps.
# [2024-05-29 13:34:50] INFO: Plaquette = 0.659745
# [2024-05-29 13:34:50] INFO: Polyakov loop = (0.00352672,0.000592766)
# [2024-05-29 13:34:50] INFO: Writing conf to disk...
# [2024-05-29 13:34:50] INFO: writeconf_nersc: Writing NERSC configuration ./conf_s060t20_b0680700_a_U000713500
# [2024-05-29 13:34:53] INFO: Calculated checksum: ed1f1ce1
# [2024-05-29 13:34:58] INFO: Calculated checksum: 889eb45
# [2024-05-29 13:34:58] INFO: Writing RNGSTATE file: ./rand_s060t20_b0680700_a_U000713500
# [2024-05-29 13:34:58] INFO: Writing to disk took 8.16533 seconds
# [2024-05-29 13:34:58] INFO: ======================================================================
# [2024-05-29 13:34:58] INFO: Start sweeping...
# [2024-05-29 13:41:39] INFO: It took 401.529 seconds to do 500 HBOR sweeps.
# [2024-05-29 13:41:39] INFO: Plaquette = 0.659683
# [2024-05-29 13:41:39] INFO: Polyakov loop = (0.00233137,0.000774277)
# [2024-05-29 13:41:39] INFO: Writing conf to disk...
# [2024-05-29 13:41:39] INFO: writeconf_nersc: Writing NERSC configuration ./conf_s060t20_b0680700_a_U000714000
# [2024-05-29 13:41:42] INFO: Calculated checksum: aa9b8db4
# [2024-05-29 13:41:47] INFO: Calculated checksum: 4871ab69
# [2024-05-29 13:41:47] INFO: Writing RNGSTATE file: ./rand_s060t20_b0680700_a_U000714000
# [2024-05-29 13:41:47] INFO: Writing to disk took 7.94199 seconds
# [2024-05-29 13:41:47] INFO: ======================================================================
# [2024-05-29 13:41:47] INFO: Start sweeping...
# [2024-05-29 13:48:29] INFO: It took 401.497 seconds to do 500 HBOR sweeps.
# [2024-05-29 13:48:29] INFO: Plaquette = 0.659661
# [2024-05-29 13:48:29] INFO: Polyakov loop = (0.0026843,0.000738022)
# [2024-05-29 13:48:29] INFO: Writing conf to disk...
# [2024-05-29 13:48:29] INFO: writeconf_nersc: Writing NERSC configuration ./conf_s060t20_b0680700_a_U000714500
# [2024-05-29 13:48:32] INFO: Calculated checksum: c092bb82
# [2024-05-29 13:48:37] INFO: Calculated checksum: b36173f
# [2024-05-29 13:48:37] INFO: Writing RNGSTATE file: ./rand_s060t20_b0680700_a_U000714500
# [2024-05-29 13:48:37] INFO: Writing to disk took 7.72681 seconds
# [2024-05-29 13:48:37] INFO: ======================================================================
# [2024-05-29 13:48:37] INFO: Start sweeping...
# [2024-05-29 13:55:18] INFO: It took 401.534 seconds to do 500 HBOR sweeps.
# [2024-05-29 13:55:18] INFO: Plaquette = 0.659737
# [2024-05-29 13:55:18] INFO: Polyakov loop = (0.00239975,0.000242463)
# [2024-05-29 13:55:18] INFO: Writing conf to disk...
# [2024-05-29 13:55:18] INFO: writeconf_nersc: Writing NERSC configuration ./conf_s060t20_b0680700_a_U000715000
# [2024-05-29 13:55:21] INFO: Calculated checksum: 20828cd1
# [2024-05-29 13:55:26] INFO: Calculated checksum: a852916d
# [2024-05-29 13:55:26] INFO: Writing RNGSTATE file: ./rand_s060t20_b0680700_a_U000715000
# [2024-05-29 13:55:26] INFO: Writing to disk took 7.72726 seconds
# [2024-05-29 13:55:26] INFO: ======================================================================
# [2024-05-29 13:55:26] INFO: Start sweeping...
# [2024-05-29 14:02:08] INFO: It took 401.513 seconds to do 500 HBOR sweeps.
# [2024-05-29 14:02:08] INFO: Plaquette = 0.659821
# [2024-05-29 14:02:08] INFO: Polyakov loop = (0.00252076,0.000177666)
# [2024-05-29 14:02:08] INFO: Writing conf to disk...
# [2024-05-29 14:02:08] INFO: writeconf_nersc: Writing NERSC configuration ./conf_s060t20_b0680700_a_U000715500
# [2024-05-29 14:02:10] INFO: Calculated checksum: c705d591
# [2024-05-29 14:02:15] INFO: Calculated checksum: 2f29a251
# [2024-05-29 14:02:15] INFO: Writing RNGSTATE file: ./rand_s060t20_b0680700_a_U000715500
# [2024-05-29 14:02:15] INFO: Writing to disk took 7.75649 seconds
# [2024-05-29 14:02:15] INFO: ======================================================================
# [2024-05-29 14:02:15] INFO: Start sweeping...
# [2024-05-29 14:08:57] INFO: It took 401.539 seconds to do 500 HBOR sweeps.
# [2024-05-29 14:08:57] INFO: Plaquette = 0.659613
# [2024-05-29 14:08:57] INFO: Polyakov loop = (0.00277987,-0.00071996)
# [2024-05-29 14:08:57] INFO: Writing conf to disk...
# [2024-05-29 14:08:57] INFO: writeconf_nersc: Writing NERSC configuration ./conf_s060t20_b0680700_a_U000716000
# [2024-05-29 14:09:00] INFO: Calculated checksum: 7a3158c9
# [2024-05-29 14:09:05] INFO: Calculated checksum: 37748199
# [2024-05-29 14:09:05] INFO: Writing RNGSTATE file: ./rand_s060t20_b0680700_a_U000716000
# [2024-05-29 14:09:05] INFO: Writing to disk took 7.80514 seconds
# [2024-05-29 14:09:05] INFO: ======================================================================
# [2024-05-29 14:09:05] INFO: Start sweeping...
# [2024-05-29 14:15:46] INFO: It took 401.545 seconds to do 500 HBOR sweeps.
# [2024-05-29 14:15:46] INFO: Plaquette = 0.659656
# [2024-05-29 14:15:46] INFO: Polyakov loop = (0.00189477,1.72453e-05)
# [2024-05-29 14:15:46] INFO: Writing conf to disk...
# [2024-05-29 14:15:46] INFO: writeconf_nersc: Writing NERSC configuration ./conf_s060t20_b0680700_a_U000716500
# [2024-05-29 14:15:49] INFO: Calculated checksum: 42a1b154
# [2024-05-29 14:15:54] INFO: Calculated checksum: 64250fb2
# [2024-05-29 14:15:54] INFO: Writing RNGSTATE file: ./rand_s060t20_b0680700_a_U000716500
# [2024-05-29 14:15:54] INFO: Writing to disk took 7.79455 seconds
# [2024-05-29 14:15:54] INFO: ======================================================================
# [2024-05-29 14:15:54] INFO: Start sweeping...
# [2024-05-29 14:22:36] INFO: It took 401.51 seconds to do 500 HBOR sweeps.
# [2024-05-29 14:22:36] INFO: Plaquette = 0.659661
# [2024-05-29 14:22:36] INFO: Polyakov loop = (0.00183287,-0.000756854)
# [2024-05-29 14:22:36] INFO: Writing conf to disk...
# [2024-05-29 14:22:36] INFO: writeconf_nersc: Writing NERSC configuration ./conf_s060t20_b0680700_a_U000717000
# [2024-05-29 14:22:39] INFO: Calculated checksum: 3e13877
# [2024-05-29 14:22:43] INFO: Calculated checksum: ce42f4a3
# [2024-05-29 14:22:43] INFO: Writing RNGSTATE file: ./rand_s060t20_b0680700_a_U000717000
# [2024-05-29 14:22:44] INFO: Writing to disk took 7.88861 seconds
# [2024-05-29 14:22:44] INFO: ======================================================================
# [2024-05-29 14:22:44] INFO: Start sweeping...
# [2024-05-29 14:29:25] INFO: It took 401.45 seconds to do 500 HBOR sweeps.
# [2024-05-29 14:29:25] INFO: Plaquette = 0.65968
# [2024-05-29 14:29:25] INFO: Polyakov loop = (0.00149011,-0.000104369)
# [2024-05-29 14:29:25] INFO: Writing conf to disk...
# [2024-05-29 14:29:25] INFO: writeconf_nersc: Writing NERSC configuration ./conf_s060t20_b0680700_a_U000717500
# [2024-05-29 14:29:28] INFO: Calculated checksum: b2b02a78
# [2024-05-29 14:29:33] INFO: Calculated checksum: c5cc0e67
# [2024-05-29 14:29:33] INFO: Writing RNGSTATE file: ./rand_s060t20_b0680700_a_U000717500
# [2024-05-29 14:29:33] INFO: Writing to disk took 7.81223 seconds
# [2024-05-29 14:29:33] INFO: ======================================================================
# [2024-05-29 14:29:33] INFO: Start sweeping...
# [2024-05-29 14:36:14] INFO: It took 401.514 seconds to do 500 HBOR sweeps.
# [2024-05-29 14:36:14] INFO: Plaquette = 0.659714
# [2024-05-29 14:36:14] INFO: Polyakov loop = (0.00197104,3.86098e-05)
# [2024-05-29 14:36:14] INFO: Writing conf to disk...
# [2024-05-29 14:36:14] INFO: writeconf_nersc: Writing NERSC configuration ./conf_s060t20_b0680700_a_U000718000
# [2024-05-29 14:36:17] INFO: Calculated checksum: 37062731
# [2024-05-29 14:36:22] INFO: Calculated checksum: d3ffe559
# [2024-05-29 14:36:22] INFO: Writing RNGSTATE file: ./rand_s060t20_b0680700_a_U000718000
# [2024-05-29 14:36:22] INFO: Writing to disk took 7.72021 seconds
# [2024-05-29 14:36:22] INFO: ======================================================================
# [2024-05-29 14:36:22] INFO: Start sweeping...
# [2024-05-29 14:43:04] INFO: It took 401.512 seconds to do 500 HBOR sweeps.
# [2024-05-29 14:43:04] INFO: Plaquette = 0.659597
# [2024-05-29 14:43:04] INFO: Polyakov loop = (0.00139184,0.000154943)
# [2024-05-29 14:43:04] INFO: Writing conf to disk...
# [2024-05-29 14:43:04] INFO: writeconf_nersc: Writing NERSC configuration ./conf_s060t20_b0680700_a_U000718500
# [2024-05-29 14:43:07] INFO: Calculated checksum: ac7b89f2
# [2024-05-29 14:43:11] INFO: Calculated checksum: 2cbc3cc6
# [2024-05-29 14:43:11] INFO: Writing RNGSTATE file: ./rand_s060t20_b0680700_a_U000718500
# [2024-05-29 14:43:11] INFO: Writing to disk took 7.73099 seconds
# [2024-05-29 14:43:11] INFO: ======================================================================
# [2024-05-29 14:43:11] INFO: Start sweeping...
# [2024-05-29 14:49:53] INFO: It took 401.507 seconds to do 500 HBOR sweeps.
# [2024-05-29 14:49:53] INFO: Plaquette = 0.659665
# [2024-05-29 14:49:53] INFO: Polyakov loop = (0.00243871,-0.000244345)
# [2024-05-29 14:49:53] INFO: Writing conf to disk...
# [2024-05-29 14:49:53] INFO: writeconf_nersc: Writing NERSC configuration ./conf_s060t20_b0680700_a_U000719000
# [2024-05-29 14:49:56] INFO: Calculated checksum: 1c486966
# [2024-05-29 14:50:01] INFO: Calculated checksum: 269196e
# [2024-05-29 14:50:01] INFO: Writing RNGSTATE file: ./rand_s060t20_b0680700_a_U000719000
# [2024-05-29 14:50:01] INFO: Writing to disk took 7.77444 seconds
# [2024-05-29 14:50:01] INFO: ======================================================================
# [2024-05-29 14:50:01] INFO: Start sweeping...
# [2024-05-29 14:56:42] INFO: It took 401.38 seconds to do 500 HBOR sweeps.
# [2024-05-29 14:56:42] INFO: Plaquette = 0.659603
# [2024-05-29 14:56:42] INFO: Polyakov loop = (0.00297538,0.000893696)
# [2024-05-29 14:56:42] INFO: Writing conf to disk...
# [2024-05-29 14:56:42] INFO: writeconf_nersc: Writing NERSC configuration ./conf_s060t20_b0680700_a_U000719500
# [2024-05-29 14:56:45] INFO: Calculated checksum: 3a2a7921
# [2024-05-29 14:56:50] INFO: Calculated checksum: e6f5ddcd
# [2024-05-29 14:56:50] INFO: Writing RNGSTATE file: ./rand_s060t20_b0680700_a_U000719500
# [2024-05-29 14:56:50] INFO: Writing to disk took 7.78161 seconds
# [2024-05-29 14:56:50] INFO: ======================================================================
# [2024-05-29 14:56:50] INFO: Start sweeping...
# [2024-05-29 15:03:32] INFO: It took 401.537 seconds to do 500 HBOR sweeps.
# [2024-05-29 15:03:32] INFO: Plaquette = 0.659645
# [2024-05-29 15:03:32] INFO: Polyakov loop = (0.00313556,0.000706171)
# [2024-05-29 15:03:32] INFO: Writing conf to disk...
# [2024-05-29 15:03:32] INFO: writeconf_nersc: Writing NERSC configuration ./conf_s060t20_b0680700_a_U000720000
# [2024-05-29 15:03:35] INFO: Calculated checksum: e53c9ae
# [2024-05-29 15:03:39] INFO: Calculated checksum: f4291a06
# [2024-05-29 15:03:39] INFO: Writing RNGSTATE file: ./rand_s060t20_b0680700_a_U000720000
# [2024-05-29 15:03:39] INFO: Writing to disk took 7.75636 seconds
# [2024-05-29 15:03:39] INFO: ======================================================================
# [2024-05-29 15:03:39] INFO: Start sweeping...
# [2024-05-29 15:10:21] INFO: It took 401.531 seconds to do 500 HBOR sweeps.
# [2024-05-29 15:10:21] INFO: Plaquette = 0.659634
# [2024-05-29 15:10:21] INFO: Polyakov loop = (0.00271381,-0.000217443)
# [2024-05-29 15:10:21] INFO: Writing conf to disk...
# [2024-05-29 15:10:21] INFO: writeconf_nersc: Writing NERSC configuration ./conf_s060t20_b0680700_a_U000720500
# [2024-05-29 15:10:24] INFO: Calculated checksum: 9ced9d14
# [2024-05-29 15:10:29] INFO: Calculated checksum: df2bc454
# [2024-05-29 15:10:29] INFO: Writing RNGSTATE file: ./rand_s060t20_b0680700_a_U000720500
# [2024-05-29 15:10:29] INFO: Writing to disk took 7.78631 seconds
# [2024-05-29 15:10:29] INFO: ======================================================================
# [2024-05-29 15:10:29] INFO: Start sweeping...
# [2024-05-29 15:17:10] INFO: It took 401.518 seconds to do 500 HBOR sweeps.
# [2024-05-29 15:17:10] INFO: Plaquette = 0.659521
# [2024-05-29 15:17:10] INFO: Polyakov loop = (0.00165773,0.00028381)
# [2024-05-29 15:17:10] INFO: Writing conf to disk...
# [2024-05-29 15:17:10] INFO: writeconf_nersc: Writing NERSC configuration ./conf_s060t20_b0680700_a_U000721000
# [2024-05-29 15:17:13] INFO: Calculated checksum: 6a686576
# [2024-05-29 15:17:18] INFO: Calculated checksum: eb844701
# [2024-05-29 15:17:18] INFO: Writing RNGSTATE file: ./rand_s060t20_b0680700_a_U000721000
# [2024-05-29 15:17:18] INFO: Writing to disk took 7.73763 seconds
# [2024-05-29 15:17:18] INFO: ======================================================================
# [2024-05-29 15:17:18] INFO: Start sweeping...
# [2024-05-29 15:24:00] INFO: It took 401.545 seconds to do 500 HBOR sweeps.
# [2024-05-29 15:24:00] INFO: Plaquette = 0.659634
# [2024-05-29 15:24:00] INFO: Polyakov loop = (0.00255721,-0.000295868)
# [2024-05-29 15:24:00] INFO: Writing conf to disk...
# [2024-05-29 15:24:00] INFO: writeconf_nersc: Writing NERSC configuration ./conf_s060t20_b0680700_a_U000721500
# [2024-05-29 15:24:03] INFO: Calculated checksum: ddf45962
# [2024-05-29 15:24:07] INFO: Calculated checksum: 8e0174ae
# [2024-05-29 15:24:07] INFO: Writing RNGSTATE file: ./rand_s060t20_b0680700_a_U000721500
# [2024-05-29 15:24:07] INFO: Writing to disk took 7.75011 seconds
# [2024-05-29 15:24:07] INFO: ======================================================================
# [2024-05-29 15:24:07] INFO: Start sweeping...
# [2024-05-29 15:30:49] INFO: It took 401.501 seconds to do 500 HBOR sweeps.
# [2024-05-29 15:30:49] INFO: Plaquette = 0.659599
# [2024-05-29 15:30:49] INFO: Polyakov loop = (0.00248754,0.00030482)
# [2024-05-29 15:30:49] INFO: Writing conf to disk...
# [2024-05-29 15:30:49] INFO: writeconf_nersc: Writing NERSC configuration ./conf_s060t20_b0680700_a_U000722000
# [2024-05-29 15:30:52] INFO: Calculated checksum: c3ca8f26
# [2024-05-29 15:30:57] INFO: Calculated checksum: a08dcadc
# [2024-05-29 15:30:57] INFO: Writing RNGSTATE file: ./rand_s060t20_b0680700_a_U000722000
# [2024-05-29 15:30:57] INFO: Writing to disk took 7.82391 seconds
# [2024-05-29 15:30:57] INFO: ======================================================================
# [2024-05-29 15:30:57] INFO: Start sweeping...
# [2024-05-29 15:37:38] INFO: It took 401.524 seconds to do 500 HBOR sweeps.
# [2024-05-29 15:37:38] INFO: Plaquette = 0.659819
# [2024-05-29 15:37:38] INFO: Polyakov loop = (0.002191,9.41105e-05)
# [2024-05-29 15:37:38] INFO: Writing conf to disk...
# [2024-05-29 15:37:38] INFO: writeconf_nersc: Writing NERSC configuration ./conf_s060t20_b0680700_a_U000722500
# [2024-05-29 15:37:41] INFO: Calculated checksum: b8199ec5
# [2024-05-29 15:37:46] INFO: Calculated checksum: 1fb95c80
# [2024-05-29 15:37:46] INFO: Writing RNGSTATE file: ./rand_s060t20_b0680700_a_U000722500
# [2024-05-29 15:37:46] INFO: Writing to disk took 7.78358 seconds
# [2024-05-29 15:37:46] INFO: ======================================================================
# [2024-05-29 15:37:46] INFO: Start sweeping...
# [2024-05-29 15:44:28] INFO: It took 401.545 seconds to do 500 HBOR sweeps.
# [2024-05-29 15:44:28] INFO: Plaquette = 0.659634
# [2024-05-29 15:44:28] INFO: Polyakov loop = (0.00172314,0.000291388)
# [2024-05-29 15:44:28] INFO: Writing conf to disk...
# [2024-05-29 15:44:28] INFO: writeconf_nersc: Writing NERSC configuration ./conf_s060t20_b0680700_a_U000723000
# [2024-05-29 15:44:31] INFO: Calculated checksum: 970cc976
# [2024-05-29 15:44:35] INFO: Calculated checksum: 54103e5d
# [2024-05-29 15:44:35] INFO: Writing RNGSTATE file: ./rand_s060t20_b0680700_a_U000723000
# [2024-05-29 15:44:35] INFO: Writing to disk took 7.74112 seconds
# [2024-05-29 15:44:35] INFO: ======================================================================
# [2024-05-29 15:44:35] INFO: Start sweeping...
# [2024-05-29 15:51:17] INFO: It took 401.52 seconds to do 500 HBOR sweeps.
# [2024-05-29 15:51:17] INFO: Plaquette = 0.659705
# [2024-05-29 15:51:17] INFO: Polyakov loop = (0.00132617,6.53744e-05)
# [2024-05-29 15:51:17] INFO: Writing conf to disk...
# [2024-05-29 15:51:17] INFO: writeconf_nersc: Writing NERSC configuration ./conf_s060t20_b0680700_a_U000723500
# [2024-05-29 15:51:20] INFO: Calculated checksum: 6e66debe
# [2024-05-29 15:51:26] INFO: Calculated checksum: 5fd883a8
# [2024-05-29 15:51:26] INFO: Writing RNGSTATE file: ./rand_s060t20_b0680700_a_U000723500
# [2024-05-29 15:51:26] INFO: Writing to disk took 8.65335 seconds
# [2024-05-29 15:51:26] INFO: ======================================================================
# [2024-05-29 15:51:26] INFO: Start sweeping...
# [2024-05-29 15:58:07] INFO: It took 401.52 seconds to do 500 HBOR sweeps.
# [2024-05-29 15:58:07] INFO: Plaquette = 0.659722
# [2024-05-29 15:58:07] INFO: Polyakov loop = (0.00243006,-0.000920543)
# [2024-05-29 15:58:07] INFO: Writing conf to disk...
# [2024-05-29 15:58:07] INFO: writeconf_nersc: Writing NERSC configuration ./conf_s060t20_b0680700_a_U000724000
# [2024-05-29 15:58:10] INFO: Calculated checksum: 7900e597
# [2024-05-29 15:58:15] INFO: Calculated checksum: 16a85421
# [2024-05-29 15:58:15] INFO: Writing RNGSTATE file: ./rand_s060t20_b0680700_a_U000724000
# [2024-05-29 15:58:16] INFO: Writing to disk took 8.54684 seconds
# [2024-05-29 15:58:16] INFO: ======================================================================
# [2024-05-29 15:58:16] INFO: Start sweeping...
# [2024-05-29 16:04:57] INFO: It took 401.511 seconds to do 500 HBOR sweeps.
# [2024-05-29 16:04:57] INFO: Plaquette = 0.659638
# [2024-05-29 16:04:57] INFO: Polyakov loop = (0.0016819,-0.000977537)
# [2024-05-29 16:04:57] INFO: Writing conf to disk...
# [2024-05-29 16:04:57] INFO: writeconf_nersc: Writing NERSC configuration ./conf_s060t20_b0680700_a_U000724500
# [2024-05-29 16:05:00] INFO: Calculated checksum: cb15dc2b
# [2024-05-29 16:05:05] INFO: Calculated checksum: 6e7322b0
# [2024-05-29 16:05:05] INFO: Writing RNGSTATE file: ./rand_s060t20_b0680700_a_U000724500
# [2024-05-29 16:05:05] INFO: Writing to disk took 7.75284 seconds
# [2024-05-29 16:05:05] INFO: ======================================================================
# [2024-05-29 16:05:05] INFO: Start sweeping...
# [2024-05-29 16:11:47] INFO: It took 401.536 seconds to do 500 HBOR sweeps.
# [2024-05-29 16:11:47] INFO: Plaquette = 0.659728
# [2024-05-29 16:11:47] INFO: Polyakov loop = (0.00197757,-0.00026216)
# [2024-05-29 16:11:47] INFO: Writing conf to disk...
# [2024-05-29 16:11:47] INFO: writeconf_nersc: Writing NERSC configuration ./conf_s060t20_b0680700_a_U000725000
# [2024-05-29 16:11:50] INFO: Calculated checksum: 23cdf284
# [2024-05-29 16:11:54] INFO: Calculated checksum: 11f0c6b1
# [2024-05-29 16:11:54] INFO: Writing RNGSTATE file: ./rand_s060t20_b0680700_a_U000725000
# [2024-05-29 16:11:54] INFO: Writing to disk took 7.8053 seconds
# [2024-05-29 16:11:54] INFO: ======================================================================
# [2024-05-29 16:11:54] INFO: Start sweeping...
# [2024-05-29 16:18:36] INFO: It took 401.542 seconds to do 500 HBOR sweeps.
# [2024-05-29 16:18:36] INFO: Plaquette = 0.659681
# [2024-05-29 16:18:36] INFO: Polyakov loop = (0.00148327,-1.18894e-05)
# [2024-05-29 16:18:36] INFO: Writing conf to disk...
# [2024-05-29 16:18:36] INFO: writeconf_nersc: Writing NERSC configuration ./conf_s060t20_b0680700_a_U000725500
# [2024-05-29 16:18:39] INFO: Calculated checksum: 754e3569
# [2024-05-29 16:18:44] INFO: Calculated checksum: 531fe766
# [2024-05-29 16:18:44] INFO: Writing RNGSTATE file: ./rand_s060t20_b0680700_a_U000725500
# [2024-05-29 16:18:44] INFO: Writing to disk took 7.98077 seconds
# [2024-05-29 16:18:44] INFO: ======================================================================
# [2024-05-29 16:18:44] INFO: Start sweeping...
# [2024-05-29 16:25:26] INFO: It took 401.505 seconds to do 500 HBOR sweeps.
# [2024-05-29 16:25:26] INFO: Plaquette = 0.659571
# [2024-05-29 16:25:26] INFO: Polyakov loop = (0.0024316,-0.000351438)
# [2024-05-29 16:25:26] INFO: Writing conf to disk...
# [2024-05-29 16:25:26] INFO: writeconf_nersc: Writing NERSC configuration ./conf_s060t20_b0680700_a_U000726000
# [2024-05-29 16:25:29] INFO: Calculated checksum: f05aac30
# [2024-05-29 16:25:33] INFO: Calculated checksum: a67360bd
# [2024-05-29 16:25:33] INFO: Writing RNGSTATE file: ./rand_s060t20_b0680700_a_U000726000
# [2024-05-29 16:25:33] INFO: Writing to disk took 7.83859 seconds
# [2024-05-29 16:25:33] INFO: ======================================================================
# [2024-05-29 16:25:33] INFO: Start sweeping...
# [2024-05-29 16:32:15] INFO: It took 401.524 seconds to do 500 HBOR sweeps.
# [2024-05-29 16:32:15] INFO: Plaquette = 0.659656
# [2024-05-29 16:32:15] INFO: Polyakov loop = (0.00221041,-0.000977568)
# [2024-05-29 16:32:15] INFO: Writing conf to disk...
# [2024-05-29 16:32:15] INFO: writeconf_nersc: Writing NERSC configuration ./conf_s060t20_b0680700_a_U000726500
# [2024-05-29 16:32:18] INFO: Calculated checksum: 94956483
# [2024-05-29 16:32:23] INFO: Calculated checksum: c19bad23
# [2024-05-29 16:32:23] INFO: Writing RNGSTATE file: ./rand_s060t20_b0680700_a_U000726500
# [2024-05-29 16:32:23] INFO: Writing to disk took 7.65617 seconds
# [2024-05-29 16:32:23] INFO: ======================================================================
# [2024-05-29 16:32:23] INFO: Start sweeping...
# [2024-05-29 16:39:04] INFO: It took 401.523 seconds to do 500 HBOR sweeps.
# [2024-05-29 16:39:04] INFO: Plaquette = 0.659642
# [2024-05-29 16:39:04] INFO: Polyakov loop = (0.00185794,-0.000352533)
# [2024-05-29 16:39:04] INFO: Writing conf to disk...
# [2024-05-29 16:39:04] INFO: writeconf_nersc: Writing NERSC configuration ./conf_s060t20_b0680700_a_U000727000
# [2024-05-29 16:39:07] INFO: Calculated checksum: 65299f56
# [2024-05-29 16:39:12] INFO: Calculated checksum: 2a2cd324
# [2024-05-29 16:39:12] INFO: Writing RNGSTATE file: ./rand_s060t20_b0680700_a_U000727000
# [2024-05-29 16:39:12] INFO: Writing to disk took 7.67774 seconds
# [2024-05-29 16:39:12] INFO: ======================================================================
# [2024-05-29 16:39:12] INFO: Start sweeping...
# [2024-05-29 16:45:53] INFO: It took 401.518 seconds to do 500 HBOR sweeps.
# [2024-05-29 16:45:53] INFO: Plaquette = 0.659587
# [2024-05-29 16:45:54] INFO: Polyakov loop = (0.00261946,-0.000284283)
# [2024-05-29 16:45:54] INFO: Writing conf to disk...
# [2024-05-29 16:45:54] INFO: writeconf_nersc: Writing NERSC configuration ./conf_s060t20_b0680700_a_U000727500
# [2024-05-29 16:45:56] INFO: Calculated checksum: 1f6deb42
# [2024-05-29 16:46:01] INFO: Calculated checksum: b3b133e7
# [2024-05-29 16:46:01] INFO: Writing RNGSTATE file: ./rand_s060t20_b0680700_a_U000727500
# [2024-05-29 16:46:01] INFO: Writing to disk took 7.63333 seconds
# [2024-05-29 16:46:01] INFO: ======================================================================
# [2024-05-29 16:46:01] INFO: Start sweeping...
# [2024-05-29 16:52:43] INFO: It took 401.52 seconds to do 500 HBOR sweeps.
# [2024-05-29 16:52:43] INFO: Plaquette = 0.659662
# [2024-05-29 16:52:43] INFO: Polyakov loop = (0.00301339,0.000760631)
# [2024-05-29 16:52:43] INFO: Writing conf to disk...
# [2024-05-29 16:52:43] INFO: writeconf_nersc: Writing NERSC configuration ./conf_s060t20_b0680700_a_U000728000
# [2024-05-29 16:52:46] INFO: Calculated checksum: f2dfada5
# [2024-05-29 16:52:51] INFO: Calculated checksum: eb3edd1d
# [2024-05-29 16:52:51] INFO: Writing RNGSTATE file: ./rand_s060t20_b0680700_a_U000728000
# [2024-05-29 16:52:51] INFO: Writing to disk took 7.92517 seconds
# [2024-05-29 16:52:51] INFO: ======================================================================
# [2024-05-29 16:52:51] INFO: Start sweeping...
# [2024-05-29 16:59:32] INFO: It took 401.541 seconds to do 500 HBOR sweeps.
# [2024-05-29 16:59:32] INFO: Plaquette = 0.659694
# [2024-05-29 16:59:32] INFO: Polyakov loop = (0.00261278,0.000200985)
# [2024-05-29 16:59:32] INFO: Writing conf to disk...
# [2024-05-29 16:59:32] INFO: writeconf_nersc: Writing NERSC configuration ./conf_s060t20_b0680700_a_U000728500
# [2024-05-29 16:59:35] INFO: Calculated checksum: 1fcc8952
# [2024-05-29 16:59:40] INFO: Calculated checksum: 89bb866b
# [2024-05-29 16:59:40] INFO: Writing RNGSTATE file: ./rand_s060t20_b0680700_a_U000728500
# [2024-05-29 16:59:40] INFO: Writing to disk took 7.61581 seconds
# [2024-05-29 16:59:40] INFO: ======================================================================
# [2024-05-29 16:59:40] INFO: Start sweeping...
# [2024-05-29 17:06:21] INFO: It took 401.543 seconds to do 500 HBOR sweeps.
# [2024-05-29 17:06:21] INFO: Plaquette = 0.659685
# [2024-05-29 17:06:21] INFO: Polyakov loop = (0.00152759,0.000368554)
# [2024-05-29 17:06:21] INFO: Writing conf to disk...
# [2024-05-29 17:06:21] INFO: writeconf_nersc: Writing NERSC configuration ./conf_s060t20_b0680700_a_U000729000
# [2024-05-29 17:06:24] INFO: Calculated checksum: f8072268
# [2024-05-29 17:06:29] INFO: Calculated checksum: aec540f8
# [2024-05-29 17:06:29] INFO: Writing RNGSTATE file: ./rand_s060t20_b0680700_a_U000729000
# [2024-05-29 17:06:29] INFO: Writing to disk took 7.58456 seconds
# [2024-05-29 17:06:29] INFO: ======================================================================
# [2024-05-29 17:06:29] INFO: Start sweeping...
# [2024-05-29 17:13:11] INFO: It took 401.551 seconds to do 500 HBOR sweeps.
# [2024-05-29 17:13:11] INFO: Plaquette = 0.65966
# [2024-05-29 17:13:11] INFO: Polyakov loop = (0.00242408,0.000188152)
# [2024-05-29 17:13:11] INFO: Writing conf to disk...
# [2024-05-29 17:13:11] INFO: writeconf_nersc: Writing NERSC configuration ./conf_s060t20_b0680700_a_U000729500
# [2024-05-29 17:13:14] INFO: Calculated checksum: dca09ba
# [2024-05-29 17:13:18] INFO: Calculated checksum: 9f253c96
# [2024-05-29 17:13:18] INFO: Writing RNGSTATE file: ./rand_s060t20_b0680700_a_U000729500
# [2024-05-29 17:13:18] INFO: Writing to disk took 7.79005 seconds
# [2024-05-29 17:13:18] INFO: ======================================================================
# [2024-05-29 17:13:18] INFO: Start sweeping...
# [2024-05-29 17:20:00] INFO: It took 401.546 seconds to do 500 HBOR sweeps.
# [2024-05-29 17:20:00] INFO: Plaquette = 0.65964
# [2024-05-29 17:20:00] INFO: Polyakov loop = (0.00276407,-0.000777661)
# [2024-05-29 17:20:00] INFO: Writing conf to disk...
# [2024-05-29 17:20:00] INFO: writeconf_nersc: Writing NERSC configuration ./conf_s060t20_b0680700_a_U000730000
# [2024-05-29 17:20:03] INFO: Calculated checksum: 777d3850
# [2024-05-29 17:20:08] INFO: Calculated checksum: 7e4e34a8
# [2024-05-29 17:20:08] INFO: Writing RNGSTATE file: ./rand_s060t20_b0680700_a_U000730000
# [2024-05-29 17:20:08] INFO: Writing to disk took 7.63098 seconds
# [2024-05-29 17:20:08] INFO: ======================================================================
# [2024-05-29 17:20:08] INFO: Start sweeping...
# [2024-05-29 17:26:49] INFO: It took 401.542 seconds to do 500 HBOR sweeps.
# [2024-05-29 17:26:49] INFO: Plaquette = 0.65971
# [2024-05-29 17:26:49] INFO: Polyakov loop = (0.0021981,1.49931e-06)
# [2024-05-29 17:26:49] INFO: Writing conf to disk...
# [2024-05-29 17:26:49] INFO: writeconf_nersc: Writing NERSC configuration ./conf_s060t20_b0680700_a_U000730500
# [2024-05-29 17:26:52] INFO: Calculated checksum: 72c7df97
# [2024-05-29 17:26:57] INFO: Calculated checksum: 662f3291
# [2024-05-29 17:26:57] INFO: Writing RNGSTATE file: ./rand_s060t20_b0680700_a_U000730500
# [2024-05-29 17:26:57] INFO: Writing to disk took 7.77421 seconds
# [2024-05-29 17:26:57] INFO: ======================================================================
# [2024-05-29 17:26:57] INFO: Start sweeping...
# [2024-05-29 17:33:39] INFO: It took 401.535 seconds to do 500 HBOR sweeps.
# [2024-05-29 17:33:39] INFO: Plaquette = 0.659702
# [2024-05-29 17:33:39] INFO: Polyakov loop = (0.00194389,-0.00105088)
# [2024-05-29 17:33:39] INFO: Writing conf to disk...
# [2024-05-29 17:33:39] INFO: writeconf_nersc: Writing NERSC configuration ./conf_s060t20_b0680700_a_U000731000
# [2024-05-29 17:33:42] INFO: Calculated checksum: 7e7d5cff
# [2024-05-29 17:33:46] INFO: Calculated checksum: f27bdcf7
# [2024-05-29 17:33:46] INFO: Writing RNGSTATE file: ./rand_s060t20_b0680700_a_U000731000
# [2024-05-29 17:33:46] INFO: Writing to disk took 7.77176 seconds
# [2024-05-29 17:33:46] INFO: ======================================================================
# [2024-05-29 17:33:46] INFO: Start sweeping...
# [2024-05-29 17:40:28] INFO: It took 401.514 seconds to do 500 HBOR sweeps.
# [2024-05-29 17:40:28] INFO: Plaquette = 0.659607
# [2024-05-29 17:40:28] INFO: Polyakov loop = (0.00150161,-0.000526905)
# [2024-05-29 17:40:28] INFO: Writing conf to disk...
# [2024-05-29 17:40:28] INFO: writeconf_nersc: Writing NERSC configuration ./conf_s060t20_b0680700_a_U000731500
# [2024-05-29 17:40:31] INFO: Calculated checksum: 2bcd1bfe
# [2024-05-29 17:40:36] INFO: Calculated checksum: 1eb877f0
# [2024-05-29 17:40:36] INFO: Writing RNGSTATE file: ./rand_s060t20_b0680700_a_U000731500
# [2024-05-29 17:40:36] INFO: Writing to disk took 7.76481 seconds
# [2024-05-29 17:40:36] INFO: ======================================================================
# [2024-05-29 17:40:36] INFO: Start sweeping...
# [2024-05-29 17:47:17] INFO: It took 401.534 seconds to do 500 HBOR sweeps.
# [2024-05-29 17:47:17] INFO: Plaquette = 0.659732
# [2024-05-29 17:47:17] INFO: Polyakov loop = (0.00125357,-0.000514929)
# [2024-05-29 17:47:17] INFO: Writing conf to disk...
# [2024-05-29 17:47:17] INFO: writeconf_nersc: Writing NERSC configuration ./conf_s060t20_b0680700_a_U000732000
# [2024-05-29 17:47:20] INFO: Calculated checksum: 79d3d2ac
# [2024-05-29 17:47:25] INFO: Calculated checksum: 4b972f1b
# [2024-05-29 17:47:25] INFO: Writing RNGSTATE file: ./rand_s060t20_b0680700_a_U000732000
# [2024-05-29 17:47:25] INFO: Writing to disk took 7.72575 seconds
# [2024-05-29 17:47:25] INFO: ======================================================================
# [2024-05-29 17:47:25] INFO: Start sweeping...
# [2024-05-29 17:54:07] INFO: It took 401.555 seconds to do 500 HBOR sweeps.
# [2024-05-29 17:54:07] INFO: Plaquette = 0.659651
# [2024-05-29 17:54:07] INFO: Polyakov loop = (0.00183529,6.71641e-05)
# [2024-05-29 17:54:07] INFO: Writing conf to disk...
# [2024-05-29 17:54:07] INFO: writeconf_nersc: Writing NERSC configuration ./conf_s060t20_b0680700_a_U000732500
# [2024-05-29 17:54:10] INFO: Calculated checksum: c37f3073
# [2024-05-29 17:54:14] INFO: Calculated checksum: 23890993
# [2024-05-29 17:54:14] INFO: Writing RNGSTATE file: ./rand_s060t20_b0680700_a_U000732500
# [2024-05-29 17:54:14] INFO: Writing to disk took 7.27255 seconds
# [2024-05-29 17:54:14] INFO: ======================================================================
# [2024-05-29 17:54:14] INFO: Start sweeping...
# [2024-05-29 18:00:55] INFO: It took 401.515 seconds to do 500 HBOR sweeps.
# [2024-05-29 18:00:55] INFO: Plaquette = 0.659694
# [2024-05-29 18:00:55] INFO: Polyakov loop = (0.00105876,0.000484973)
# [2024-05-29 18:00:55] INFO: Writing conf to disk...
# [2024-05-29 18:00:55] INFO: writeconf_nersc: Writing NERSC configuration ./conf_s060t20_b0680700_a_U000733000
# [2024-05-29 18:00:58] INFO: Calculated checksum: 5c5df6fe
# [2024-05-29 18:01:03] INFO: Calculated checksum: ce55dbd9
# [2024-05-29 18:01:03] INFO: Writing RNGSTATE file: ./rand_s060t20_b0680700_a_U000733000
# [2024-05-29 18:01:03] INFO: Writing to disk took 7.52581 seconds
# [2024-05-29 18:01:03] INFO: ======================================================================
# [2024-05-29 18:01:03] INFO: Start sweeping...
# [2024-05-29 18:07:45] INFO: It took 401.542 seconds to do 500 HBOR sweeps.
# [2024-05-29 18:07:45] INFO: Plaquette = 0.659665
# [2024-05-29 18:07:45] INFO: Polyakov loop = (0.00178947,0.000427689)
# [2024-05-29 18:07:45] INFO: Writing conf to disk...
# [2024-05-29 18:07:45] INFO: writeconf_nersc: Writing NERSC configuration ./conf_s060t20_b0680700_a_U000733500
# [2024-05-29 18:07:47] INFO: Calculated checksum: ca038917
# [2024-05-29 18:07:52] INFO: Calculated checksum: 4ab6f7e5
# [2024-05-29 18:07:52] INFO: Writing RNGSTATE file: ./rand_s060t20_b0680700_a_U000733500
# [2024-05-29 18:07:52] INFO: Writing to disk took 7.65203 seconds
# [2024-05-29 18:07:52] INFO: ======================================================================
# [2024-05-29 18:07:52] INFO: Start sweeping...
# [2024-05-29 18:14:34] INFO: It took 401.532 seconds to do 500 HBOR sweeps.
# [2024-05-29 18:14:34] INFO: Plaquette = 0.659602
# [2024-05-29 18:14:34] INFO: Polyakov loop = (0.00280489,0.000827985)
# [2024-05-29 18:14:34] INFO: Writing conf to disk...
# [2024-05-29 18:14:34] INFO: writeconf_nersc: Writing NERSC configuration ./conf_s060t20_b0680700_a_U000734000
# [2024-05-29 18:14:37] INFO: Calculated checksum: e705fdc4
# [2024-05-29 18:14:41] INFO: Calculated checksum: 98b1a06c
# [2024-05-29 18:14:41] INFO: Writing RNGSTATE file: ./rand_s060t20_b0680700_a_U000734000
# [2024-05-29 18:14:41] INFO: Writing to disk took 7.64959 seconds
# [2024-05-29 18:14:41] INFO: ======================================================================
# [2024-05-29 18:14:41] INFO: Start sweeping...
# [2024-05-29 18:21:23] INFO: It took 401.521 seconds to do 500 HBOR sweeps.
# [2024-05-29 18:21:23] INFO: Plaquette = 0.659674
# [2024-05-29 18:21:23] INFO: Polyakov loop = (0.00204389,-0.00174485)
# [2024-05-29 18:21:23] INFO: Writing conf to disk...
# [2024-05-29 18:21:23] INFO: writeconf_nersc: Writing NERSC configuration ./conf_s060t20_b0680700_a_U000734500
# [2024-05-29 18:21:26] INFO: Calculated checksum: 402bdc67
# [2024-05-29 18:21:31] INFO: Calculated checksum: 71b405c4
# [2024-05-29 18:21:31] INFO: Writing RNGSTATE file: ./rand_s060t20_b0680700_a_U000734500
# [2024-05-29 18:21:31] INFO: Writing to disk took 7.60467 seconds
# [2024-05-29 18:21:31] INFO: ======================================================================
# [2024-05-29 18:21:31] INFO: Start sweeping...
# [2024-05-29 18:28:12] INFO: It took 401.529 seconds to do 500 HBOR sweeps.
# [2024-05-29 18:28:12] INFO: Plaquette = 0.659612
# [2024-05-29 18:28:12] INFO: Polyakov loop = (0.00310039,-0.000413187)
# [2024-05-29 18:28:12] INFO: Writing conf to disk...
# [2024-05-29 18:28:12] INFO: writeconf_nersc: Writing NERSC configuration ./conf_s060t20_b0680700_a_U000735000
# [2024-05-29 18:28:15] INFO: Calculated checksum: 30f415ac
# [2024-05-29 18:28:20] INFO: Calculated checksum: c5eaf3e2
# [2024-05-29 18:28:20] INFO: Writing RNGSTATE file: ./rand_s060t20_b0680700_a_U000735000
# [2024-05-29 18:28:20] INFO: Writing to disk took 7.61519 seconds
# [2024-05-29 18:28:20] INFO: ======================================================================
# [2024-05-29 18:28:20] INFO: Start sweeping...
# [2024-05-29 18:35:01] INFO: It took 401.528 seconds to do 500 HBOR sweeps.
# [2024-05-29 18:35:01] INFO: Plaquette = 0.659679
# [2024-05-29 18:35:01] INFO: Polyakov loop = (0.00234364,-0.000252201)
# [2024-05-29 18:35:01] INFO: Writing conf to disk...
# [2024-05-29 18:35:01] INFO: writeconf_nersc: Writing NERSC configuration ./conf_s060t20_b0680700_a_U000735500
# [2024-05-29 18:35:04] INFO: Calculated checksum: 6b54f060
# [2024-05-29 18:35:09] INFO: Calculated checksum: a056ead4
# [2024-05-29 18:35:09] INFO: Writing RNGSTATE file: ./rand_s060t20_b0680700_a_U000735500
# [2024-05-29 18:35:09] INFO: Writing to disk took 7.54574 seconds
# [2024-05-29 18:35:09] INFO: ======================================================================
# [2024-05-29 18:35:09] INFO: Start sweeping...
# [2024-05-29 18:41:51] INFO: It took 401.543 seconds to do 500 HBOR sweeps.
# [2024-05-29 18:41:51] INFO: Plaquette = 0.65965
# [2024-05-29 18:41:51] INFO: Polyakov loop = (0.00258784,-0.000217154)
# [2024-05-29 18:41:51] INFO: Writing conf to disk...
# [2024-05-29 18:41:51] INFO: writeconf_nersc: Writing NERSC configuration ./conf_s060t20_b0680700_a_U000736000
# [2024-05-29 18:41:53] INFO: Calculated checksum: 3e3a2513
# [2024-05-29 18:41:59] INFO: Calculated checksum: 3c88f4c6
# [2024-05-29 18:41:59] INFO: Writing RNGSTATE file: ./rand_s060t20_b0680700_a_U000736000
# [2024-05-29 18:41:59] INFO: Writing to disk took 8.1415 seconds
# [2024-05-29 18:41:59] INFO: ======================================================================
# [2024-05-29 18:41:59] INFO: Start sweeping...
# [2024-05-29 18:48:40] INFO: It took 401.553 seconds to do 500 HBOR sweeps.
# [2024-05-29 18:48:40] INFO: Plaquette = 0.659588
# [2024-05-29 18:48:40] INFO: Polyakov loop = (0.00255332,0.00119578)
# [2024-05-29 18:48:40] INFO: Writing conf to disk...
# [2024-05-29 18:48:40] INFO: writeconf_nersc: Writing NERSC configuration ./conf_s060t20_b0680700_a_U000736500
# [2024-05-29 18:48:43] INFO: Calculated checksum: e3878b0c
# [2024-05-29 18:48:48] INFO: Calculated checksum: e6b5788
# [2024-05-29 18:48:48] INFO: Writing RNGSTATE file: ./rand_s060t20_b0680700_a_U000736500
# [2024-05-29 18:48:48] INFO: Writing to disk took 7.60642 seconds
# [2024-05-29 18:48:48] INFO: ======================================================================
# [2024-05-29 18:48:48] INFO: Start sweeping...
# [2024-05-29 18:55:29] INFO: It took 401.546 seconds to do 500 HBOR sweeps.
# [2024-05-29 18:55:29] INFO: Plaquette = 0.659629
# [2024-05-29 18:55:29] INFO: Polyakov loop = (0.00184768,-0.00051308)
# [2024-05-29 18:55:29] INFO: Writing conf to disk...
# [2024-05-29 18:55:29] INFO: writeconf_nersc: Writing NERSC configuration ./conf_s060t20_b0680700_a_U000737000
# [2024-05-29 18:55:32] INFO: Calculated checksum: ece94680
# [2024-05-29 18:55:37] INFO: Calculated checksum: 12d8348d
# [2024-05-29 18:55:37] INFO: Writing RNGSTATE file: ./rand_s060t20_b0680700_a_U000737000
# [2024-05-29 18:55:37] INFO: Writing to disk took 7.58879 seconds
# [2024-05-29 18:55:37] INFO: ======================================================================
# [2024-05-29 18:55:37] INFO: Start sweeping...
# [2024-05-29 19:02:19] INFO: It took 401.54 seconds to do 500 HBOR sweeps.
# [2024-05-29 19:02:19] INFO: Plaquette = 0.659653
# [2024-05-29 19:02:19] INFO: Polyakov loop = (0.00311141,-0.000752071)
# [2024-05-29 19:02:19] INFO: Writing conf to disk...
# [2024-05-29 19:02:19] INFO: writeconf_nersc: Writing NERSC configuration ./conf_s060t20_b0680700_a_U000737500
# [2024-05-29 19:02:22] INFO: Calculated checksum: dc865a58
# [2024-05-29 19:02:26] INFO: Calculated checksum: ff29c068
# [2024-05-29 19:02:26] INFO: Writing RNGSTATE file: ./rand_s060t20_b0680700_a_U000737500
# [2024-05-29 19:02:26] INFO: Writing to disk took 7.6598 seconds
# [2024-05-29 19:02:26] INFO: ======================================================================
# [2024-05-29 19:02:26] INFO: Start sweeping...
# [2024-05-29 19:09:08] INFO: It took 401.522 seconds to do 500 HBOR sweeps.
# [2024-05-29 19:09:08] INFO: Plaquette = 0.659686
# [2024-05-29 19:09:08] INFO: Polyakov loop = (0.00185209,6.01248e-05)
# [2024-05-29 19:09:08] INFO: Writing conf to disk...
# [2024-05-29 19:09:08] INFO: writeconf_nersc: Writing NERSC configuration ./conf_s060t20_b0680700_a_U000738000
# [2024-05-29 19:09:11] INFO: Calculated checksum: 6cafbc8f
# [2024-05-29 19:09:17] INFO: Calculated checksum: e789217d
# [2024-05-29 19:09:17] INFO: Writing RNGSTATE file: ./rand_s060t20_b0680700_a_U000738000
# [2024-05-29 19:09:17] INFO: Writing to disk took 9.21934 seconds
# [2024-05-29 19:09:17] INFO: ======================================================================
# [2024-05-29 19:09:17] INFO: Start sweeping...
# [2024-05-29 19:15:59] INFO: It took 401.517 seconds to do 500 HBOR sweeps.
# [2024-05-29 19:15:59] INFO: Plaquette = 0.659658
# [2024-05-29 19:15:59] INFO: Polyakov loop = (0.00259331,-0.000307147)
# [2024-05-29 19:15:59] INFO: Writing conf to disk...
# [2024-05-29 19:15:59] INFO: writeconf_nersc: Writing NERSC configuration ./conf_s060t20_b0680700_a_U000738500
# [2024-05-29 19:16:02] INFO: Calculated checksum: f5b58e4e
# [2024-05-29 19:16:06] INFO: Calculated checksum: 6112f02f
# [2024-05-29 19:16:06] INFO: Writing RNGSTATE file: ./rand_s060t20_b0680700_a_U000738500
# [2024-05-29 19:16:07] INFO: Writing to disk took 7.93912 seconds
# [2024-05-29 19:16:07] INFO: ======================================================================
# [2024-05-29 19:16:07] INFO: Start sweeping...
# [2024-05-29 19:22:48] INFO: It took 401.551 seconds to do 500 HBOR sweeps.
# [2024-05-29 19:22:48] INFO: Plaquette = 0.659661
# [2024-05-29 19:22:48] INFO: Polyakov loop = (0.002302,-0.000280637)
# [2024-05-29 19:22:48] INFO: Writing conf to disk...
# [2024-05-29 19:22:48] INFO: writeconf_nersc: Writing NERSC configuration ./conf_s060t20_b0680700_a_U000739000
# [2024-05-29 19:22:51] INFO: Calculated checksum: bf5e6905
# [2024-05-29 19:22:56] INFO: Calculated checksum: 5059a8e7
# [2024-05-29 19:22:56] INFO: Writing RNGSTATE file: ./rand_s060t20_b0680700_a_U000739000
# [2024-05-29 19:22:56] INFO: Writing to disk took 7.72175 seconds
# [2024-05-29 19:22:56] INFO: ======================================================================
# [2024-05-29 19:22:56] INFO: Start sweeping...
# [2024-05-29 19:29:37] INFO: It took 401.522 seconds to do 500 HBOR sweeps.
# [2024-05-29 19:29:38] INFO: Plaquette = 0.659676
# [2024-05-29 19:29:38] INFO: Polyakov loop = (0.00154718,0.000250928)
# [2024-05-29 19:29:38] INFO: Writing conf to disk...
# [2024-05-29 19:29:38] INFO: writeconf_nersc: Writing NERSC configuration ./conf_s060t20_b0680700_a_U000739500
# [2024-05-29 19:29:40] INFO: Calculated checksum: 7320c10
# [2024-05-29 19:29:45] INFO: Calculated checksum: 4ae38acf
# [2024-05-29 19:29:45] INFO: Writing RNGSTATE file: ./rand_s060t20_b0680700_a_U000739500
# [2024-05-29 19:29:45] INFO: Writing to disk took 7.70735 seconds
# [2024-05-29 19:29:45] INFO: ======================================================================
# [2024-05-29 19:29:45] INFO: Start sweeping...
# [2024-05-29 19:36:27] INFO: It took 401.535 seconds to do 500 HBOR sweeps.
# [2024-05-29 19:36:27] INFO: Plaquette = 0.659693
# [2024-05-29 19:36:27] INFO: Polyakov loop = (0.00323659,-0.000778381)
# [2024-05-29 19:36:27] INFO: Writing conf to disk...
# [2024-05-29 19:36:27] INFO: writeconf_nersc: Writing NERSC configuration ./conf_s060t20_b0680700_a_U000740000
# [2024-05-29 19:36:30] INFO: Calculated checksum: 6bfb086a
# [2024-05-29 19:36:35] INFO: Calculated checksum: ee695782
# [2024-05-29 19:36:35] INFO: Writing RNGSTATE file: ./rand_s060t20_b0680700_a_U000740000
# [2024-05-29 19:36:35] INFO: Writing to disk took 8.18909 seconds
# [2024-05-29 19:36:35] INFO: ======================================================================
# [2024-05-29 19:36:35] INFO: Start sweeping...
# [2024-05-29 19:43:17] INFO: It took 401.538 seconds to do 500 HBOR sweeps.
# [2024-05-29 19:43:17] INFO: Plaquette = 0.659658
# [2024-05-29 19:43:17] INFO: Polyakov loop = (0.00229674,-0.000630919)
# [2024-05-29 19:43:17] INFO: Writing conf to disk...
# [2024-05-29 19:43:17] INFO: writeconf_nersc: Writing NERSC configuration ./conf_s060t20_b0680700_a_U000740500
# [2024-05-29 19:43:20] INFO: Calculated checksum: bf985c8f
# [2024-05-29 19:43:24] INFO: Calculated checksum: dfc967e5
# [2024-05-29 19:43:24] INFO: Writing RNGSTATE file: ./rand_s060t20_b0680700_a_U000740500
# [2024-05-29 19:43:24] INFO: Writing to disk took 7.70459 seconds
# [2024-05-29 19:43:24] INFO: ======================================================================
# [2024-05-29 19:43:24] INFO: Start sweeping...
# [2024-05-29 19:50:06] INFO: It took 401.555 seconds to do 500 HBOR sweeps.
# [2024-05-29 19:50:06] INFO: Plaquette = 0.659707
# [2024-05-29 19:50:06] INFO: Polyakov loop = (0.00175097,-0.000897452)
# [2024-05-29 19:50:06] INFO: Writing conf to disk...
# [2024-05-29 19:50:06] INFO: writeconf_nersc: Writing NERSC configuration ./conf_s060t20_b0680700_a_U000741000
# [2024-05-29 19:50:09] INFO: Calculated checksum: ad0566ab
# [2024-05-29 19:50:14] INFO: Calculated checksum: af38b220
# [2024-05-29 19:50:14] INFO: Writing RNGSTATE file: ./rand_s060t20_b0680700_a_U000741000
# [2024-05-29 19:50:14] INFO: Writing to disk took 7.70642 seconds
# [2024-05-29 19:50:14] INFO: ======================================================================
# [2024-05-29 19:50:14] INFO: Start sweeping...
# [2024-05-29 19:56:55] INFO: It took 401.522 seconds to do 500 HBOR sweeps.
# [2024-05-29 19:56:55] INFO: Plaquette = 0.659684
# [2024-05-29 19:56:55] INFO: Polyakov loop = (0.00249801,0.00049846)
# [2024-05-29 19:56:55] INFO: Writing conf to disk...
# [2024-05-29 19:56:55] INFO: writeconf_nersc: Writing NERSC configuration ./conf_s060t20_b0680700_a_U000741500
# [2024-05-29 19:56:58] INFO: Calculated checksum: 7ee1283c
# [2024-05-29 19:57:03] INFO: Calculated checksum: 43527ef9
# [2024-05-29 19:57:03] INFO: Writing RNGSTATE file: ./rand_s060t20_b0680700_a_U000741500
# [2024-05-29 19:57:03] INFO: Writing to disk took 7.67408 seconds
# [2024-05-29 19:57:03] INFO: ======================================================================
# [2024-05-29 19:57:03] INFO: Start sweeping...
# [2024-05-29 20:03:44] INFO: It took 401.547 seconds to do 500 HBOR sweeps.
# [2024-05-29 20:03:44] INFO: Plaquette = 0.659656
# [2024-05-29 20:03:44] INFO: Polyakov loop = (0.00242535,-0.000488389)
# [2024-05-29 20:03:44] INFO: Writing conf to disk...
# [2024-05-29 20:03:44] INFO: writeconf_nersc: Writing NERSC configuration ./conf_s060t20_b0680700_a_U000742000
# [2024-05-29 20:03:47] INFO: Calculated checksum: 723f6ef2
# [2024-05-29 20:03:52] INFO: Calculated checksum: b639fabb
# [2024-05-29 20:03:52] INFO: Writing RNGSTATE file: ./rand_s060t20_b0680700_a_U000742000
# [2024-05-29 20:03:52] INFO: Writing to disk took 7.66103 seconds
# [2024-05-29 20:03:52] INFO: ======================================================================
# [2024-05-29 20:03:52] INFO: Start sweeping...
# [2024-05-29 20:10:34] INFO: It took 401.513 seconds to do 500 HBOR sweeps.
# [2024-05-29 20:10:34] INFO: Plaquette = 0.659647
# [2024-05-29 20:10:34] INFO: Polyakov loop = (0.00215222,-0.000993088)
# [2024-05-29 20:10:34] INFO: Writing conf to disk...
# [2024-05-29 20:10:34] INFO: writeconf_nersc: Writing NERSC configuration ./conf_s060t20_b0680700_a_U000742500
# [2024-05-29 20:10:37] INFO: Calculated checksum: e93f63e1
# [2024-05-29 20:10:41] INFO: Calculated checksum: d63585b2
# [2024-05-29 20:10:41] INFO: Writing RNGSTATE file: ./rand_s060t20_b0680700_a_U000742500
# [2024-05-29 20:10:41] INFO: Writing to disk took 7.62988 seconds
# [2024-05-29 20:10:41] INFO: ======================================================================
# [2024-05-29 20:10:41] INFO: Start sweeping...
# [2024-05-29 20:17:23] INFO: It took 401.515 seconds to do 500 HBOR sweeps.
# [2024-05-29 20:17:23] INFO: Plaquette = 0.659645
# [2024-05-29 20:17:23] INFO: Polyakov loop = (0.00258378,0.000480182)
# [2024-05-29 20:17:23] INFO: Writing conf to disk...
# [2024-05-29 20:17:23] INFO: writeconf_nersc: Writing NERSC configuration ./conf_s060t20_b0680700_a_U000743000
# [2024-05-29 20:17:26] INFO: Calculated checksum: b16955d
# [2024-05-29 20:17:30] INFO: Calculated checksum: e7c53c8a
# [2024-05-29 20:17:30] INFO: Writing RNGSTATE file: ./rand_s060t20_b0680700_a_U000743000
# [2024-05-29 20:17:31] INFO: Writing to disk took 7.62578 seconds
# [2024-05-29 20:17:31] INFO: ======================================================================
# [2024-05-29 20:17:31] INFO: Start sweeping...
# [2024-05-29 20:24:12] INFO: It took 401.526 seconds to do 500 HBOR sweeps.
# [2024-05-29 20:24:12] INFO: Plaquette = 0.659727
# [2024-05-29 20:24:12] INFO: Polyakov loop = (0.00246908,6.29496e-05)
# [2024-05-29 20:24:12] INFO: Writing conf to disk...
# [2024-05-29 20:24:12] INFO: writeconf_nersc: Writing NERSC configuration ./conf_s060t20_b0680700_a_U000743500
# [2024-05-29 20:24:15] INFO: Calculated checksum: c8ad49b8
# [2024-05-29 20:24:20] INFO: Calculated checksum: 6fcc5286
# [2024-05-29 20:24:20] INFO: Writing RNGSTATE file: ./rand_s060t20_b0680700_a_U000743500
# [2024-05-29 20:24:20] INFO: Writing to disk took 7.62147 seconds
# [2024-05-29 20:24:20] INFO: ======================================================================
# [2024-05-29 20:24:20] INFO: Start sweeping...
# [2024-05-29 20:31:01] INFO: It took 401.525 seconds to do 500 HBOR sweeps.
# [2024-05-29 20:31:01] INFO: Plaquette = 0.659743
# [2024-05-29 20:31:01] INFO: Polyakov loop = (0.00248195,-0.000658053)
# [2024-05-29 20:31:01] INFO: Writing conf to disk...
# [2024-05-29 20:31:01] INFO: writeconf_nersc: Writing NERSC configuration ./conf_s060t20_b0680700_a_U000744000
# [2024-05-29 20:31:04] INFO: Calculated checksum: 2d1ebd50
# [2024-05-29 20:31:09] INFO: Calculated checksum: 7c0e9840
# [2024-05-29 20:31:09] INFO: Writing RNGSTATE file: ./rand_s060t20_b0680700_a_U000744000
# [2024-05-29 20:31:09] INFO: Writing to disk took 7.60642 seconds
# [2024-05-29 20:31:09] INFO: ======================================================================
# [2024-05-29 20:31:09] INFO: Start sweeping...
# [2024-05-29 20:37:50] INFO: It took 401.543 seconds to do 500 HBOR sweeps.
# [2024-05-29 20:37:50] INFO: Plaquette = 0.659668
# [2024-05-29 20:37:50] INFO: Polyakov loop = (0.00197542,0.000313856)
# [2024-05-29 20:37:50] INFO: Writing conf to disk...
# [2024-05-29 20:37:50] INFO: writeconf_nersc: Writing NERSC configuration ./conf_s060t20_b0680700_a_U000744500
# [2024-05-29 20:37:53] INFO: Calculated checksum: ae1861ab
# [2024-05-29 20:37:58] INFO: Calculated checksum: 383fceb8
# [2024-05-29 20:37:58] INFO: Writing RNGSTATE file: ./rand_s060t20_b0680700_a_U000744500
# [2024-05-29 20:37:58] INFO: Writing to disk took 7.66652 seconds
# [2024-05-29 20:37:58] INFO: ======================================================================
# [2024-05-29 20:37:58] INFO: Start sweeping...
# [2024-05-29 20:44:40] INFO: It took 401.538 seconds to do 500 HBOR sweeps.
# [2024-05-29 20:44:40] INFO: Plaquette = 0.659705
# [2024-05-29 20:44:40] INFO: Polyakov loop = (0.00114108,3.50181e-05)
# [2024-05-29 20:44:40] INFO: Writing conf to disk...
# [2024-05-29 20:44:40] INFO: writeconf_nersc: Writing NERSC configuration ./conf_s060t20_b0680700_a_U000745000
# [2024-05-29 20:44:43] INFO: Calculated checksum: 6342c883
# [2024-05-29 20:44:47] INFO: Calculated checksum: 6f4a82ab
# [2024-05-29 20:44:47] INFO: Writing RNGSTATE file: ./rand_s060t20_b0680700_a_U000745000
# [2024-05-29 20:44:47] INFO: Writing to disk took 7.59118 seconds
# [2024-05-29 20:44:47] INFO: ======================================================================
# [2024-05-29 20:44:47] INFO: Start sweeping...
# [2024-05-29 20:51:29] INFO: It took 401.539 seconds to do 500 HBOR sweeps.
# [2024-05-29 20:51:29] INFO: Plaquette = 0.659719
# [2024-05-29 20:51:29] INFO: Polyakov loop = (0.00204724,0.000592323)
# [2024-05-29 20:51:29] INFO: Writing conf to disk...
# [2024-05-29 20:51:29] INFO: writeconf_nersc: Writing NERSC configuration ./conf_s060t20_b0680700_a_U000745500
# [2024-05-29 20:51:32] INFO: Calculated checksum: fd4eced4
# [2024-05-29 20:51:36] INFO: Calculated checksum: bf518027
# [2024-05-29 20:51:36] INFO: Writing RNGSTATE file: ./rand_s060t20_b0680700_a_U000745500
# [2024-05-29 20:51:37] INFO: Writing to disk took 7.66508 seconds
# [2024-05-29 20:51:37] INFO: ======================================================================
# [2024-05-29 20:51:37] INFO: Start sweeping...
# [2024-05-29 20:58:18] INFO: It took 401.521 seconds to do 500 HBOR sweeps.
# [2024-05-29 20:58:18] INFO: Plaquette = 0.659708
# [2024-05-29 20:58:18] INFO: Polyakov loop = (0.00231367,0.000642547)
# [2024-05-29 20:58:18] INFO: Writing conf to disk...
# [2024-05-29 20:58:18] INFO: writeconf_nersc: Writing NERSC configuration ./conf_s060t20_b0680700_a_U000746000
# [2024-05-29 20:58:21] INFO: Calculated checksum: 310f615c
# [2024-05-29 20:58:25] INFO: Calculated checksum: a94af606
# [2024-05-29 20:58:25] INFO: Writing RNGSTATE file: ./rand_s060t20_b0680700_a_U000746000
# [2024-05-29 20:58:26] INFO: Writing to disk took 7.34727 seconds
# [2024-05-29 20:58:26] INFO: ======================================================================
# [2024-05-29 20:58:26] INFO: Start sweeping...
# [2024-05-29 21:05:07] INFO: It took 401.554 seconds to do 500 HBOR sweeps.
# [2024-05-29 21:05:07] INFO: Plaquette = 0.659744
# [2024-05-29 21:05:07] INFO: Polyakov loop = (0.00284836,-0.000111542)
# [2024-05-29 21:05:07] INFO: Writing conf to disk...
# [2024-05-29 21:05:07] INFO: writeconf_nersc: Writing NERSC configuration ./conf_s060t20_b0680700_a_U000746500
# [2024-05-29 21:05:10] INFO: Calculated checksum: e8202b3
# [2024-05-29 21:05:15] INFO: Calculated checksum: 728490d5
# [2024-05-29 21:05:15] INFO: Writing RNGSTATE file: ./rand_s060t20_b0680700_a_U000746500
# [2024-05-29 21:05:15] INFO: Writing to disk took 7.52753 seconds
# [2024-05-29 21:05:15] INFO: ======================================================================
# [2024-05-29 21:05:15] INFO: Start sweeping...
# [2024-05-29 21:11:56] INFO: It took 401.565 seconds to do 500 HBOR sweeps.
# [2024-05-29 21:11:56] INFO: Plaquette = 0.659647
# [2024-05-29 21:11:56] INFO: Polyakov loop = (0.00229368,0.000384374)
# [2024-05-29 21:11:56] INFO: Writing conf to disk...
# [2024-05-29 21:11:56] INFO: writeconf_nersc: Writing NERSC configuration ./conf_s060t20_b0680700_a_U000747000
# [2024-05-29 21:11:59] INFO: Calculated checksum: 3ce00ae1
# [2024-05-29 21:12:04] INFO: Calculated checksum: b9568afe
# [2024-05-29 21:12:04] INFO: Writing RNGSTATE file: ./rand_s060t20_b0680700_a_U000747000
# [2024-05-29 21:12:04] INFO: Writing to disk took 7.62051 seconds
# [2024-05-29 21:12:04] INFO: ======================================================================
# [2024-05-29 21:12:04] INFO: Start sweeping...
# [2024-05-29 21:18:45] INFO: It took 401.545 seconds to do 500 HBOR sweeps.
# [2024-05-29 21:18:45] INFO: Plaquette = 0.659672
# [2024-05-29 21:18:45] INFO: Polyakov loop = (0.00206991,0.000846658)
# [2024-05-29 21:18:45] INFO: Writing conf to disk...
# [2024-05-29 21:18:45] INFO: writeconf_nersc: Writing NERSC configuration ./conf_s060t20_b0680700_a_U000747500
# [2024-05-29 21:18:48] INFO: Calculated checksum: 7e15a21b
# [2024-05-29 21:18:53] INFO: Calculated checksum: 24cb5f5d
# [2024-05-29 21:18:53] INFO: Writing RNGSTATE file: ./rand_s060t20_b0680700_a_U000747500
# [2024-05-29 21:18:53] INFO: Writing to disk took 7.5919 seconds
# [2024-05-29 21:18:53] INFO: ======================================================================
# [2024-05-29 21:18:53] INFO: Start sweeping...
# [2024-05-29 21:25:35] INFO: It took 401.545 seconds to do 500 HBOR sweeps.
# [2024-05-29 21:25:35] INFO: Plaquette = 0.659688
# [2024-05-29 21:25:35] INFO: Polyakov loop = (0.00230447,0.000547549)
# [2024-05-29 21:25:35] INFO: Writing conf to disk...
# [2024-05-29 21:25:35] INFO: writeconf_nersc: Writing NERSC configuration ./conf_s060t20_b0680700_a_U000748000
# [2024-05-29 21:25:38] INFO: Calculated checksum: b407213e
# [2024-05-29 21:25:42] INFO: Calculated checksum: b0391a58
# [2024-05-29 21:25:42] INFO: Writing RNGSTATE file: ./rand_s060t20_b0680700_a_U000748000
# [2024-05-29 21:25:42] INFO: Writing to disk took 7.62129 seconds
# [2024-05-29 21:25:42] INFO: ======================================================================
# [2024-05-29 21:25:42] INFO: Start sweeping...
# [2024-05-29 21:32:24] INFO: It took 401.541 seconds to do 500 HBOR sweeps.
# [2024-05-29 21:32:24] INFO: Plaquette = 0.659714
# [2024-05-29 21:32:24] INFO: Polyakov loop = (0.001411,1.51151e-06)
# [2024-05-29 21:32:24] INFO: Writing conf to disk...
# [2024-05-29 21:32:24] INFO: writeconf_nersc: Writing NERSC configuration ./conf_s060t20_b0680700_a_U000748500
# [2024-05-29 21:32:27] INFO: Calculated checksum: 40b4cfd3
# [2024-05-29 21:32:32] INFO: Calculated checksum: 96dbbb0e
# [2024-05-29 21:32:32] INFO: Writing RNGSTATE file: ./rand_s060t20_b0680700_a_U000748500
# [2024-05-29 21:32:32] INFO: Writing to disk took 7.89573 seconds
# [2024-05-29 21:32:32] INFO: ======================================================================
# [2024-05-29 21:32:32] INFO: Start sweeping...
# [2024-05-29 21:39:13] INFO: It took 401.563 seconds to do 500 HBOR sweeps.
# [2024-05-29 21:39:13] INFO: Plaquette = 0.659668
# [2024-05-29 21:39:13] INFO: Polyakov loop = (0.00226632,0.000260079)
# [2024-05-29 21:39:13] INFO: Writing conf to disk...
# [2024-05-29 21:39:13] INFO: writeconf_nersc: Writing NERSC configuration ./conf_s060t20_b0680700_a_U000749000
# [2024-05-29 21:39:16] INFO: Calculated checksum: ff21be12
# [2024-05-29 21:39:21] INFO: Calculated checksum: b01fd4f2
# [2024-05-29 21:39:21] INFO: Writing RNGSTATE file: ./rand_s060t20_b0680700_a_U000749000
# [2024-05-29 21:39:21] INFO: Writing to disk took 7.57519 seconds
# [2024-05-29 21:39:21] INFO: ======================================================================
# [2024-05-29 21:39:21] INFO: Start sweeping...
# [2024-05-29 21:46:03] INFO: It took 401.557 seconds to do 500 HBOR sweeps.
# [2024-05-29 21:46:03] INFO: Plaquette = 0.659677
# [2024-05-29 21:46:03] INFO: Polyakov loop = (0.00289093,-0.000138828)
# [2024-05-29 21:46:03] INFO: Writing conf to disk...
# [2024-05-29 21:46:03] INFO: writeconf_nersc: Writing NERSC configuration ./conf_s060t20_b0680700_a_U000749500
# [2024-05-29 21:46:05] INFO: Calculated checksum: 198e81cc
# [2024-05-29 21:46:10] INFO: Calculated checksum: a9b52dd6
# [2024-05-29 21:46:10] INFO: Writing RNGSTATE file: ./rand_s060t20_b0680700_a_U000749500
# [2024-05-29 21:46:10] INFO: Writing to disk took 7.59453 seconds
# [2024-05-29 21:46:10] INFO: ======================================================================
# [2024-05-29 21:46:10] INFO: Start sweeping...
# [2024-05-29 21:52:52] INFO: It took 401.543 seconds to do 500 HBOR sweeps.
# [2024-05-29 21:52:52] INFO: Plaquette = 0.659693
# [2024-05-29 21:52:52] INFO: Polyakov loop = (0.00225025,-0.000208781)
# [2024-05-29 21:52:52] INFO: Writing conf to disk...
# [2024-05-29 21:52:52] INFO: writeconf_nersc: Writing NERSC configuration ./conf_s060t20_b0680700_a_U000750000
# [2024-05-29 21:52:55] INFO: Calculated checksum: 37cebc6a
# [2024-05-29 21:52:59] INFO: Calculated checksum: 2881f34e
# [2024-05-29 21:52:59] INFO: Writing RNGSTATE file: ./rand_s060t20_b0680700_a_U000750000
# [2024-05-29 21:52:59] INFO: Writing to disk took 7.24905 seconds
# [2024-05-29 21:52:59] INFO: Finalizing MPI
