
Currently Loaded Modules:
  1) chpc/1.0      (S)   3) gcc/8.5.0      5) mpich/3.4.2
  2) python/3.10.3       4) cmake/3.26.0   6) cuda/11.6.2 (g)

  Where:
   S:  Module is Sticky, requires --force to unload or purge
   g:  built for GPU

 

# [2024-05-29 10:29:58] INFO: Running SIMULATeQCD
# [2024-05-29 10:29:58] INFO: Git commit version: 43e2518
# [2024-05-29 10:29:58] INFO: Initializing MPI with (1 proc)
# [2024-05-29 10:29:58] INFO: Reading parameters from file :: GenerateQuenched_b6755.param
# [2024-05-29 10:29:58] INFO: # PARAM :: Lattice = 60 60 60 20 
# [2024-05-29 10:29:58] INFO: # PARAM :: Nodes = 1 1 1 1 
# [2024-05-29 10:29:58] INFO: # PARAM :: Topology = 0 0 0 0  (default)
# [2024-05-29 10:29:58] INFO: # PARAM :: beta = 6.755
# [2024-05-29 10:29:58] INFO: # PARAM :: format = nersc
# [2024-05-29 10:29:58] INFO: # PARAM :: endianness = auto
# [2024-05-29 10:29:58] INFO: # PARAM :: conf_nr = 700000
# [2024-05-29 10:29:58] INFO: # PARAM :: stream = a
# [2024-05-29 10:29:58] INFO: # PARAM :: prec_out = 0 (default)
# [2024-05-29 10:29:58] INFO: # PARAM :: measurements_dir = ./ (default)
# [2024-05-29 10:29:58] INFO: # PARAM :: use_unit_conf = 0 (default)
# [2024-05-29 10:29:58] INFO: # PARAM :: output_dir = .
# [2024-05-29 10:29:58] INFO: # PARAM :: nconfs = 100
# [2024-05-29 10:29:58] INFO: # PARAM :: nsweeps_ORperHB = 4
# [2024-05-29 10:29:58] INFO: # PARAM :: nsweeps_HBwithOR = 500
# [2024-05-29 10:29:58] INFO: # PARAM :: prev_conf = conf_s060t20_b0675500_a_U000700000
# [2024-05-29 10:29:58] INFO: # PARAM :: prev_rand = rand_s060t20_b0675500_a_U000700000
# [2024-05-29 10:29:58] INFO: > Running on:
# [2024-05-29 10:29:58] INFO: [Rank 0] > notch271 CPU_43 GPU_1E; MPI: world_rank=0, node_rank=0, coord: ( 0 0 0 0 )
# [2024-05-29 10:29:58] INFO: > Is MPI CUDA-aware? @compilation 
# [2024-05-29 10:29:58] INFO: > GPU compute capability: 75
# [2024-05-29 10:29:58] INFO: > Checking support for P2P (Peer-to-Peer) and UVA (Unified Virtual Addressing):
# [2024-05-29 10:29:58] INFO: [Rank 0] > notch271 GPU_1E(NVIDIA GeForce RTX 2080 Ti): P2P NO ; UVA YES
# [2024-05-29 10:29:58] INFO: Initialize Indexer with HaloDepth = 1[0;33m[0m
# [2024-05-29 10:29:59] INFO: Resuming previous run.
# [2024-05-29 10:29:59] INFO: readconf_nersc: Reading NERSC configuration conf_s060t20_b0675500_a_U000700000
# [2024-05-29 10:30:14] INFO: Next conf_number will be 700500
# [2024-05-29 10:30:14] INFO: Generating up to 100 confs with a separation of 500 HBOR sweeps (OR/HB = 4) ...
# [2024-05-29 10:30:14] INFO: ======================================================================
# [2024-05-29 10:30:14] INFO: Start sweeping...
# [2024-05-29 10:36:55] INFO: It took 400.459 seconds to do 500 HBOR sweeps.
# [2024-05-29 10:36:55] INFO: Plaquette = 0.656343
# [2024-05-29 10:36:55] INFO: Polyakov loop = (-0.00131121,-0.00190439)
# [2024-05-29 10:36:55] INFO: Writing conf to disk...
# [2024-05-29 10:36:55] INFO: writeconf_nersc: Writing NERSC configuration ./conf_s060t20_b0675500_a_U000700500
# [2024-05-29 10:36:58] INFO: Calculated checksum: 78d34945
# [2024-05-29 10:37:03] INFO: Calculated checksum: 3b362147
# [2024-05-29 10:37:03] INFO: Writing RNGSTATE file: ./rand_s060t20_b0675500_a_U000700500
# [2024-05-29 10:37:03] INFO: Writing to disk took 8.16809 seconds
# [2024-05-29 10:37:03] INFO: ======================================================================
# [2024-05-29 10:37:03] INFO: Start sweeping...
# [2024-05-29 10:43:44] INFO: It took 401.479 seconds to do 500 HBOR sweeps.
# [2024-05-29 10:43:44] INFO: Plaquette = 0.656312
# [2024-05-29 10:43:44] INFO: Polyakov loop = (0.000600111,-0.000452446)
# [2024-05-29 10:43:44] INFO: Writing conf to disk...
# [2024-05-29 10:43:44] INFO: writeconf_nersc: Writing NERSC configuration ./conf_s060t20_b0675500_a_U000701000
# [2024-05-29 10:43:47] INFO: Calculated checksum: c20f4f4f
# [2024-05-29 10:43:52] INFO: Calculated checksum: 45ec8bd0
# [2024-05-29 10:43:52] INFO: Writing RNGSTATE file: ./rand_s060t20_b0675500_a_U000701000
# [2024-05-29 10:43:52] INFO: Writing to disk took 8.01865 seconds
# [2024-05-29 10:43:52] INFO: ======================================================================
# [2024-05-29 10:43:52] INFO: Start sweeping...
# [2024-05-29 10:50:34] INFO: It took 401.47 seconds to do 500 HBOR sweeps.
# [2024-05-29 10:50:34] INFO: Plaquette = 0.65629
# [2024-05-29 10:50:34] INFO: Polyakov loop = (-0.000646028,0.000131741)
# [2024-05-29 10:50:34] INFO: Writing conf to disk...
# [2024-05-29 10:50:34] INFO: writeconf_nersc: Writing NERSC configuration ./conf_s060t20_b0675500_a_U000701500
# [2024-05-29 10:50:37] INFO: Calculated checksum: 83a1f562
# [2024-05-29 10:50:42] INFO: Calculated checksum: 57e1850f
# [2024-05-29 10:50:42] INFO: Writing RNGSTATE file: ./rand_s060t20_b0675500_a_U000701500
# [2024-05-29 10:50:42] INFO: Writing to disk took 8.20571 seconds
# [2024-05-29 10:50:42] INFO: ======================================================================
# [2024-05-29 10:50:42] INFO: Start sweeping...
# [2024-05-29 10:57:24] INFO: It took 401.498 seconds to do 500 HBOR sweeps.
# [2024-05-29 10:57:24] INFO: Plaquette = 0.656198
# [2024-05-29 10:57:24] INFO: Polyakov loop = (7.00226e-05,-0.00162437)
# [2024-05-29 10:57:24] INFO: Writing conf to disk...
# [2024-05-29 10:57:24] INFO: writeconf_nersc: Writing NERSC configuration ./conf_s060t20_b0675500_a_U000702000
# [2024-05-29 10:57:27] INFO: Calculated checksum: 25cbbf2a
# [2024-05-29 10:57:32] INFO: Calculated checksum: 22030059
# [2024-05-29 10:57:32] INFO: Writing RNGSTATE file: ./rand_s060t20_b0675500_a_U000702000
# [2024-05-29 10:57:32] INFO: Writing to disk took 7.94369 seconds
# [2024-05-29 10:57:32] INFO: ======================================================================
# [2024-05-29 10:57:32] INFO: Start sweeping...
# [2024-05-29 11:04:13] INFO: It took 401.489 seconds to do 500 HBOR sweeps.
# [2024-05-29 11:04:13] INFO: Plaquette = 0.656307
# [2024-05-29 11:04:13] INFO: Polyakov loop = (-0.000635768,-0.00133007)
# [2024-05-29 11:04:13] INFO: Writing conf to disk...
# [2024-05-29 11:04:13] INFO: writeconf_nersc: Writing NERSC configuration ./conf_s060t20_b0675500_a_U000702500
# [2024-05-29 11:04:16] INFO: Calculated checksum: ebc0e847
# [2024-05-29 11:04:21] INFO: Calculated checksum: 5ed21156
# [2024-05-29 11:04:21] INFO: Writing RNGSTATE file: ./rand_s060t20_b0675500_a_U000702500
# [2024-05-29 11:04:21] INFO: Writing to disk took 7.85843 seconds
# [2024-05-29 11:04:21] INFO: ======================================================================
# [2024-05-29 11:04:21] INFO: Start sweeping...
# [2024-05-29 11:11:03] INFO: It took 401.478 seconds to do 500 HBOR sweeps.
# [2024-05-29 11:11:03] INFO: Plaquette = 0.656332
# [2024-05-29 11:11:03] INFO: Polyakov loop = (-0.000894095,-0.00253931)
# [2024-05-29 11:11:03] INFO: Writing conf to disk...
# [2024-05-29 11:11:03] INFO: writeconf_nersc: Writing NERSC configuration ./conf_s060t20_b0675500_a_U000703000
# [2024-05-29 11:11:06] INFO: Calculated checksum: ba87b11c
# [2024-05-29 11:11:11] INFO: Calculated checksum: 796de70
# [2024-05-29 11:11:11] INFO: Writing RNGSTATE file: ./rand_s060t20_b0675500_a_U000703000
# [2024-05-29 11:11:11] INFO: Writing to disk took 8.44792 seconds
# [2024-05-29 11:11:11] INFO: ======================================================================
# [2024-05-29 11:11:11] INFO: Start sweeping...
# [2024-05-29 11:17:53] INFO: It took 401.476 seconds to do 500 HBOR sweeps.
# [2024-05-29 11:17:53] INFO: Plaquette = 0.656395
# [2024-05-29 11:17:53] INFO: Polyakov loop = (-0.00085953,-0.00149592)
# [2024-05-29 11:17:53] INFO: Writing conf to disk...
# [2024-05-29 11:17:53] INFO: writeconf_nersc: Writing NERSC configuration ./conf_s060t20_b0675500_a_U000703500
# [2024-05-29 11:17:56] INFO: Calculated checksum: 862674f3
# [2024-05-29 11:18:00] INFO: Calculated checksum: 352aaa9c
# [2024-05-29 11:18:00] INFO: Writing RNGSTATE file: ./rand_s060t20_b0675500_a_U000703500
# [2024-05-29 11:18:00] INFO: Writing to disk took 7.85119 seconds
# [2024-05-29 11:18:00] INFO: ======================================================================
# [2024-05-29 11:18:00] INFO: Start sweeping...
# [2024-05-29 11:24:42] INFO: It took 401.499 seconds to do 500 HBOR sweeps.
# [2024-05-29 11:24:42] INFO: Plaquette = 0.656238
# [2024-05-29 11:24:42] INFO: Polyakov loop = (-0.000917822,-0.000797277)
# [2024-05-29 11:24:42] INFO: Writing conf to disk...
# [2024-05-29 11:24:42] INFO: writeconf_nersc: Writing NERSC configuration ./conf_s060t20_b0675500_a_U000704000
# [2024-05-29 11:24:45] INFO: Calculated checksum: 1da603a8
# [2024-05-29 11:24:50] INFO: Calculated checksum: 7e1749d7
# [2024-05-29 11:24:50] INFO: Writing RNGSTATE file: ./rand_s060t20_b0675500_a_U000704000
# [2024-05-29 11:24:50] INFO: Writing to disk took 7.77396 seconds
# [2024-05-29 11:24:50] INFO: ======================================================================
# [2024-05-29 11:24:50] INFO: Start sweeping...
# [2024-05-29 11:31:31] INFO: It took 401.516 seconds to do 500 HBOR sweeps.
# [2024-05-29 11:31:31] INFO: Plaquette = 0.656246
# [2024-05-29 11:31:31] INFO: Polyakov loop = (-0.000873781,-0.001182)
# [2024-05-29 11:31:31] INFO: Writing conf to disk...
# [2024-05-29 11:31:31] INFO: writeconf_nersc: Writing NERSC configuration ./conf_s060t20_b0675500_a_U000704500
# [2024-05-29 11:31:34] INFO: Calculated checksum: 1217ca5f
# [2024-05-29 11:31:39] INFO: Calculated checksum: ecb3bc43
# [2024-05-29 11:31:39] INFO: Writing RNGSTATE file: ./rand_s060t20_b0675500_a_U000704500
# [2024-05-29 11:31:39] INFO: Writing to disk took 7.85358 seconds
# [2024-05-29 11:31:39] INFO: ======================================================================
# [2024-05-29 11:31:39] INFO: Start sweeping...
# [2024-05-29 11:38:21] INFO: It took 401.488 seconds to do 500 HBOR sweeps.
# [2024-05-29 11:38:21] INFO: Plaquette = 0.656321
# [2024-05-29 11:38:21] INFO: Polyakov loop = (-0.00131117,-0.00198839)
# [2024-05-29 11:38:21] INFO: Writing conf to disk...
# [2024-05-29 11:38:21] INFO: writeconf_nersc: Writing NERSC configuration ./conf_s060t20_b0675500_a_U000705000
# [2024-05-29 11:38:24] INFO: Calculated checksum: 1ef3a8fc
# [2024-05-29 11:38:28] INFO: Calculated checksum: 935261f2
# [2024-05-29 11:38:28] INFO: Writing RNGSTATE file: ./rand_s060t20_b0675500_a_U000705000
# [2024-05-29 11:38:29] INFO: Writing to disk took 7.89111 seconds
# [2024-05-29 11:38:29] INFO: ======================================================================
# [2024-05-29 11:38:29] INFO: Start sweeping...
# [2024-05-29 11:45:10] INFO: It took 401.47 seconds to do 500 HBOR sweeps.
# [2024-05-29 11:45:10] INFO: Plaquette = 0.656351
# [2024-05-29 11:45:10] INFO: Polyakov loop = (-0.000203123,-0.00152323)
# [2024-05-29 11:45:10] INFO: Writing conf to disk...
# [2024-05-29 11:45:10] INFO: writeconf_nersc: Writing NERSC configuration ./conf_s060t20_b0675500_a_U000705500
# [2024-05-29 11:45:13] INFO: Calculated checksum: ced2c294
# [2024-05-29 11:45:18] INFO: Calculated checksum: b9cec681
# [2024-05-29 11:45:18] INFO: Writing RNGSTATE file: ./rand_s060t20_b0675500_a_U000705500
# [2024-05-29 11:45:18] INFO: Writing to disk took 7.86749 seconds
# [2024-05-29 11:45:18] INFO: ======================================================================
# [2024-05-29 11:45:18] INFO: Start sweeping...
# [2024-05-29 11:51:59] INFO: It took 401.458 seconds to do 500 HBOR sweeps.
# [2024-05-29 11:51:59] INFO: Plaquette = 0.656261
# [2024-05-29 11:51:59] INFO: Polyakov loop = (-0.00144828,-0.00155538)
# [2024-05-29 11:51:59] INFO: Writing conf to disk...
# [2024-05-29 11:51:59] INFO: writeconf_nersc: Writing NERSC configuration ./conf_s060t20_b0675500_a_U000706000
# [2024-05-29 11:52:02] INFO: Calculated checksum: 7170d8ec
# [2024-05-29 11:52:07] INFO: Calculated checksum: 36bf827
# [2024-05-29 11:52:07] INFO: Writing RNGSTATE file: ./rand_s060t20_b0675500_a_U000706000
# [2024-05-29 11:52:07] INFO: Writing to disk took 7.83658 seconds
# [2024-05-29 11:52:07] INFO: ======================================================================
# [2024-05-29 11:52:07] INFO: Start sweeping...
# [2024-05-29 11:58:49] INFO: It took 401.458 seconds to do 500 HBOR sweeps.
# [2024-05-29 11:58:49] INFO: Plaquette = 0.656228
# [2024-05-29 11:58:49] INFO: Polyakov loop = (-0.00128679,-0.00145653)
# [2024-05-29 11:58:49] INFO: Writing conf to disk...
# [2024-05-29 11:58:49] INFO: writeconf_nersc: Writing NERSC configuration ./conf_s060t20_b0675500_a_U000706500
# [2024-05-29 11:58:52] INFO: Calculated checksum: 507d9d57
# [2024-05-29 11:58:56] INFO: Calculated checksum: 92241ac5
# [2024-05-29 11:58:56] INFO: Writing RNGSTATE file: ./rand_s060t20_b0675500_a_U000706500
# [2024-05-29 11:58:57] INFO: Writing to disk took 7.78212 seconds
# [2024-05-29 11:58:57] INFO: ======================================================================
# [2024-05-29 11:58:57] INFO: Start sweeping...
# [2024-05-29 12:05:38] INFO: It took 401.474 seconds to do 500 HBOR sweeps.
# [2024-05-29 12:05:38] INFO: Plaquette = 0.656311
# [2024-05-29 12:05:38] INFO: Polyakov loop = (-0.000230895,-0.00131803)
# [2024-05-29 12:05:38] INFO: Writing conf to disk...
# [2024-05-29 12:05:38] INFO: writeconf_nersc: Writing NERSC configuration ./conf_s060t20_b0675500_a_U000707000
# [2024-05-29 12:05:41] INFO: Calculated checksum: 2d7a2cc9
# [2024-05-29 12:05:46] INFO: Calculated checksum: 4fe7ea58
# [2024-05-29 12:05:46] INFO: Writing RNGSTATE file: ./rand_s060t20_b0675500_a_U000707000
# [2024-05-29 12:05:46] INFO: Writing to disk took 7.81051 seconds
# [2024-05-29 12:05:46] INFO: ======================================================================
# [2024-05-29 12:05:46] INFO: Start sweeping...
# [2024-05-29 12:12:27] INFO: It took 401.47 seconds to do 500 HBOR sweeps.
# [2024-05-29 12:12:27] INFO: Plaquette = 0.656278
# [2024-05-29 12:12:27] INFO: Polyakov loop = (-0.00109064,-0.00130441)
# [2024-05-29 12:12:27] INFO: Writing conf to disk...
# [2024-05-29 12:12:27] INFO: writeconf_nersc: Writing NERSC configuration ./conf_s060t20_b0675500_a_U000707500
# [2024-05-29 12:12:30] INFO: Calculated checksum: 2190fac2
# [2024-05-29 12:12:35] INFO: Calculated checksum: af9ba13b
# [2024-05-29 12:12:35] INFO: Writing RNGSTATE file: ./rand_s060t20_b0675500_a_U000707500
# [2024-05-29 12:12:35] INFO: Writing to disk took 7.73688 seconds
# [2024-05-29 12:12:35] INFO: ======================================================================
# [2024-05-29 12:12:35] INFO: Start sweeping...
# [2024-05-29 12:19:17] INFO: It took 401.467 seconds to do 500 HBOR sweeps.
# [2024-05-29 12:19:17] INFO: Plaquette = 0.656274
# [2024-05-29 12:19:17] INFO: Polyakov loop = (0.000205123,-0.00205542)
# [2024-05-29 12:19:17] INFO: Writing conf to disk...
# [2024-05-29 12:19:17] INFO: writeconf_nersc: Writing NERSC configuration ./conf_s060t20_b0675500_a_U000708000
# [2024-05-29 12:19:20] INFO: Calculated checksum: 3fc7b1bb
# [2024-05-29 12:19:24] INFO: Calculated checksum: 7c19fe86
# [2024-05-29 12:19:24] INFO: Writing RNGSTATE file: ./rand_s060t20_b0675500_a_U000708000
# [2024-05-29 12:19:25] INFO: Writing to disk took 7.86169 seconds
# [2024-05-29 12:19:25] INFO: ======================================================================
# [2024-05-29 12:19:25] INFO: Start sweeping...
# [2024-05-29 12:26:06] INFO: It took 401.489 seconds to do 500 HBOR sweeps.
# [2024-05-29 12:26:06] INFO: Plaquette = 0.656305
# [2024-05-29 12:26:06] INFO: Polyakov loop = (-0.00132383,-0.00113967)
# [2024-05-29 12:26:06] INFO: Writing conf to disk...
# [2024-05-29 12:26:06] INFO: writeconf_nersc: Writing NERSC configuration ./conf_s060t20_b0675500_a_U000708500
# [2024-05-29 12:26:09] INFO: Calculated checksum: b377c6e2
# [2024-05-29 12:26:14] INFO: Calculated checksum: 24826df1
# [2024-05-29 12:26:14] INFO: Writing RNGSTATE file: ./rand_s060t20_b0675500_a_U000708500
# [2024-05-29 12:26:14] INFO: Writing to disk took 7.96772 seconds
# [2024-05-29 12:26:14] INFO: ======================================================================
# [2024-05-29 12:26:14] INFO: Start sweeping...
# [2024-05-29 12:32:56] INFO: It took 401.468 seconds to do 500 HBOR sweeps.
# [2024-05-29 12:32:56] INFO: Plaquette = 0.656342
# [2024-05-29 12:32:56] INFO: Polyakov loop = (-0.0013338,-0.00152424)
# [2024-05-29 12:32:56] INFO: Writing conf to disk...
# [2024-05-29 12:32:56] INFO: writeconf_nersc: Writing NERSC configuration ./conf_s060t20_b0675500_a_U000709000
# [2024-05-29 12:32:59] INFO: Calculated checksum: 112bbcc8
# [2024-05-29 12:33:03] INFO: Calculated checksum: 8ec4444d
# [2024-05-29 12:33:03] INFO: Writing RNGSTATE file: ./rand_s060t20_b0675500_a_U000709000
# [2024-05-29 12:33:03] INFO: Writing to disk took 7.77781 seconds
# [2024-05-29 12:33:03] INFO: ======================================================================
# [2024-05-29 12:33:03] INFO: Start sweeping...
# [2024-05-29 12:39:45] INFO: It took 401.483 seconds to do 500 HBOR sweeps.
# [2024-05-29 12:39:45] INFO: Plaquette = 0.65625
# [2024-05-29 12:39:45] INFO: Polyakov loop = (8.11071e-05,-0.00215769)
# [2024-05-29 12:39:45] INFO: Writing conf to disk...
# [2024-05-29 12:39:45] INFO: writeconf_nersc: Writing NERSC configuration ./conf_s060t20_b0675500_a_U000709500
# [2024-05-29 12:39:48] INFO: Calculated checksum: b421a1dd
# [2024-05-29 12:39:53] INFO: Calculated checksum: cc06bdcb
# [2024-05-29 12:39:53] INFO: Writing RNGSTATE file: ./rand_s060t20_b0675500_a_U000709500
# [2024-05-29 12:39:53] INFO: Writing to disk took 7.73234 seconds
# [2024-05-29 12:39:53] INFO: ======================================================================
# [2024-05-29 12:39:53] INFO: Start sweeping...
# [2024-05-29 12:46:34] INFO: It took 401.467 seconds to do 500 HBOR sweeps.
# [2024-05-29 12:46:34] INFO: Plaquette = 0.656213
# [2024-05-29 12:46:34] INFO: Polyakov loop = (-0.00294917,-0.00171719)
# [2024-05-29 12:46:34] INFO: Writing conf to disk...
# [2024-05-29 12:46:34] INFO: writeconf_nersc: Writing NERSC configuration ./conf_s060t20_b0675500_a_U000710000
# [2024-05-29 12:46:37] INFO: Calculated checksum: 73be159d
# [2024-05-29 12:46:42] INFO: Calculated checksum: 825f528e
# [2024-05-29 12:46:42] INFO: Writing RNGSTATE file: ./rand_s060t20_b0675500_a_U000710000
# [2024-05-29 12:46:42] INFO: Writing to disk took 7.76106 seconds
# [2024-05-29 12:46:42] INFO: ======================================================================
# [2024-05-29 12:46:42] INFO: Start sweeping...
# [2024-05-29 12:53:23] INFO: It took 401.459 seconds to do 500 HBOR sweeps.
# [2024-05-29 12:53:23] INFO: Plaquette = 0.656276
# [2024-05-29 12:53:23] INFO: Polyakov loop = (-0.0010212,-0.00215506)
# [2024-05-29 12:53:23] INFO: Writing conf to disk...
# [2024-05-29 12:53:23] INFO: writeconf_nersc: Writing NERSC configuration ./conf_s060t20_b0675500_a_U000710500
# [2024-05-29 12:53:26] INFO: Calculated checksum: 290b4c29
# [2024-05-29 12:53:31] INFO: Calculated checksum: 72cbacf3
# [2024-05-29 12:53:31] INFO: Writing RNGSTATE file: ./rand_s060t20_b0675500_a_U000710500
# [2024-05-29 12:53:31] INFO: Writing to disk took 7.73013 seconds
# [2024-05-29 12:53:31] INFO: ======================================================================
# [2024-05-29 12:53:31] INFO: Start sweeping...
# [2024-05-29 13:00:13] INFO: It took 401.491 seconds to do 500 HBOR sweeps.
# [2024-05-29 13:00:13] INFO: Plaquette = 0.656262
# [2024-05-29 13:00:13] INFO: Polyakov loop = (-0.00115741,-0.00111207)
# [2024-05-29 13:00:13] INFO: Writing conf to disk...
# [2024-05-29 13:00:13] INFO: writeconf_nersc: Writing NERSC configuration ./conf_s060t20_b0675500_a_U000711000
# [2024-05-29 13:00:16] INFO: Calculated checksum: f06278f4
# [2024-05-29 13:00:20] INFO: Calculated checksum: 360aa896
# [2024-05-29 13:00:20] INFO: Writing RNGSTATE file: ./rand_s060t20_b0675500_a_U000711000
# [2024-05-29 13:00:20] INFO: Writing to disk took 7.72371 seconds
# [2024-05-29 13:00:20] INFO: ======================================================================
# [2024-05-29 13:00:20] INFO: Start sweeping...
# [2024-05-29 13:07:02] INFO: It took 401.493 seconds to do 500 HBOR sweeps.
# [2024-05-29 13:07:02] INFO: Plaquette = 0.656322
# [2024-05-29 13:07:02] INFO: Polyakov loop = (-0.000702563,-0.00202609)
# [2024-05-29 13:07:02] INFO: Writing conf to disk...
# [2024-05-29 13:07:02] INFO: writeconf_nersc: Writing NERSC configuration ./conf_s060t20_b0675500_a_U000711500
# [2024-05-29 13:07:05] INFO: Calculated checksum: 437e5e8e
# [2024-05-29 13:07:10] INFO: Calculated checksum: 45f599c
# [2024-05-29 13:07:10] INFO: Writing RNGSTATE file: ./rand_s060t20_b0675500_a_U000711500
# [2024-05-29 13:07:10] INFO: Writing to disk took 7.74948 seconds
# [2024-05-29 13:07:10] INFO: ======================================================================
# [2024-05-29 13:07:10] INFO: Start sweeping...
# [2024-05-29 13:13:51] INFO: It took 401.477 seconds to do 500 HBOR sweeps.
# [2024-05-29 13:13:51] INFO: Plaquette = 0.656262
# [2024-05-29 13:13:51] INFO: Polyakov loop = (-0.000537969,-0.00228556)
# [2024-05-29 13:13:51] INFO: Writing conf to disk...
# [2024-05-29 13:13:51] INFO: writeconf_nersc: Writing NERSC configuration ./conf_s060t20_b0675500_a_U000712000
# [2024-05-29 13:13:54] INFO: Calculated checksum: 3832e60a
# [2024-05-29 13:13:59] INFO: Calculated checksum: f600967
# [2024-05-29 13:13:59] INFO: Writing RNGSTATE file: ./rand_s060t20_b0675500_a_U000712000
# [2024-05-29 13:13:59] INFO: Writing to disk took 7.86609 seconds
# [2024-05-29 13:13:59] INFO: ======================================================================
# [2024-05-29 13:13:59] INFO: Start sweeping...
# [2024-05-29 13:20:41] INFO: It took 401.481 seconds to do 500 HBOR sweeps.
# [2024-05-29 13:20:41] INFO: Plaquette = 0.656249
# [2024-05-29 13:20:41] INFO: Polyakov loop = (-0.00141943,-0.00224693)
# [2024-05-29 13:20:41] INFO: Writing conf to disk...
# [2024-05-29 13:20:41] INFO: writeconf_nersc: Writing NERSC configuration ./conf_s060t20_b0675500_a_U000712500
# [2024-05-29 13:20:44] INFO: Calculated checksum: 5a37890d
# [2024-05-29 13:20:48] INFO: Calculated checksum: f92d1ef
# [2024-05-29 13:20:48] INFO: Writing RNGSTATE file: ./rand_s060t20_b0675500_a_U000712500
# [2024-05-29 13:20:48] INFO: Writing to disk took 7.80004 seconds
# [2024-05-29 13:20:48] INFO: ======================================================================
# [2024-05-29 13:20:48] INFO: Start sweeping...
# [2024-05-29 13:27:30] INFO: It took 401.474 seconds to do 500 HBOR sweeps.
# [2024-05-29 13:27:30] INFO: Plaquette = 0.656296
# [2024-05-29 13:27:30] INFO: Polyakov loop = (-0.000927377,-0.00193404)
# [2024-05-29 13:27:30] INFO: Writing conf to disk...
# [2024-05-29 13:27:30] INFO: writeconf_nersc: Writing NERSC configuration ./conf_s060t20_b0675500_a_U000713000
# [2024-05-29 13:27:33] INFO: Calculated checksum: 3082f03d
# [2024-05-29 13:27:38] INFO: Calculated checksum: d2b02db4
# [2024-05-29 13:27:38] INFO: Writing RNGSTATE file: ./rand_s060t20_b0675500_a_U000713000
# [2024-05-29 13:27:38] INFO: Writing to disk took 7.81838 seconds
# [2024-05-29 13:27:38] INFO: ======================================================================
# [2024-05-29 13:27:38] INFO: Start sweeping...
# [2024-05-29 13:34:19] INFO: It took 401.496 seconds to do 500 HBOR sweeps.
# [2024-05-29 13:34:19] INFO: Plaquette = 0.65634
# [2024-05-29 13:34:19] INFO: Polyakov loop = (-0.000869758,-0.00242429)
# [2024-05-29 13:34:19] INFO: Writing conf to disk...
# [2024-05-29 13:34:19] INFO: writeconf_nersc: Writing NERSC configuration ./conf_s060t20_b0675500_a_U000713500
# [2024-05-29 13:34:22] INFO: Calculated checksum: 78966f65
# [2024-05-29 13:34:27] INFO: Calculated checksum: 8d5ed974
# [2024-05-29 13:34:27] INFO: Writing RNGSTATE file: ./rand_s060t20_b0675500_a_U000713500
# [2024-05-29 13:34:27] INFO: Writing to disk took 7.87079 seconds
# [2024-05-29 13:34:27] INFO: ======================================================================
# [2024-05-29 13:34:27] INFO: Start sweeping...
# [2024-05-29 13:41:09] INFO: It took 401.504 seconds to do 500 HBOR sweeps.
# [2024-05-29 13:41:09] INFO: Plaquette = 0.656326
# [2024-05-29 13:41:09] INFO: Polyakov loop = (-0.000960727,-0.00106415)
# [2024-05-29 13:41:09] INFO: Writing conf to disk...
# [2024-05-29 13:41:09] INFO: writeconf_nersc: Writing NERSC configuration ./conf_s060t20_b0675500_a_U000714000
# [2024-05-29 13:41:12] INFO: Calculated checksum: 2fb5f526
# [2024-05-29 13:41:17] INFO: Calculated checksum: 4d1b3cfe
# [2024-05-29 13:41:17] INFO: Writing RNGSTATE file: ./rand_s060t20_b0675500_a_U000714000
# [2024-05-29 13:41:17] INFO: Writing to disk took 7.89069 seconds
# [2024-05-29 13:41:17] INFO: ======================================================================
# [2024-05-29 13:41:17] INFO: Start sweeping...
# [2024-05-29 13:47:58] INFO: It took 401.515 seconds to do 500 HBOR sweeps.
# [2024-05-29 13:47:58] INFO: Plaquette = 0.656169
# [2024-05-29 13:47:58] INFO: Polyakov loop = (-0.000915386,-0.00148078)
# [2024-05-29 13:47:58] INFO: Writing conf to disk...
# [2024-05-29 13:47:58] INFO: writeconf_nersc: Writing NERSC configuration ./conf_s060t20_b0675500_a_U000714500
# [2024-05-29 13:48:01] INFO: Calculated checksum: f05e87f3
# [2024-05-29 13:48:06] INFO: Calculated checksum: 239e9c71
# [2024-05-29 13:48:06] INFO: Writing RNGSTATE file: ./rand_s060t20_b0675500_a_U000714500
# [2024-05-29 13:48:06] INFO: Writing to disk took 7.89038 seconds
# [2024-05-29 13:48:06] INFO: ======================================================================
# [2024-05-29 13:48:06] INFO: Start sweeping...
# [2024-05-29 13:54:48] INFO: It took 401.507 seconds to do 500 HBOR sweeps.
# [2024-05-29 13:54:48] INFO: Plaquette = 0.656274
# [2024-05-29 13:54:48] INFO: Polyakov loop = (-0.00155464,-0.00129663)
# [2024-05-29 13:54:48] INFO: Writing conf to disk...
# [2024-05-29 13:54:48] INFO: writeconf_nersc: Writing NERSC configuration ./conf_s060t20_b0675500_a_U000715000
# [2024-05-29 13:54:51] INFO: Calculated checksum: 42f6cb97
# [2024-05-29 13:54:55] INFO: Calculated checksum: 3e1b9e7b
# [2024-05-29 13:54:55] INFO: Writing RNGSTATE file: ./rand_s060t20_b0675500_a_U000715000
# [2024-05-29 13:54:55] INFO: Writing to disk took 7.7867 seconds
# [2024-05-29 13:54:55] INFO: ======================================================================
# [2024-05-29 13:54:55] INFO: Start sweeping...
# [2024-05-29 14:01:37] INFO: It took 401.496 seconds to do 500 HBOR sweeps.
# [2024-05-29 14:01:37] INFO: Plaquette = 0.65628
# [2024-05-29 14:01:37] INFO: Polyakov loop = (-0.00110114,-0.000622389)
# [2024-05-29 14:01:37] INFO: Writing conf to disk...
# [2024-05-29 14:01:37] INFO: writeconf_nersc: Writing NERSC configuration ./conf_s060t20_b0675500_a_U000715500
# [2024-05-29 14:01:40] INFO: Calculated checksum: 42df24ff
# [2024-05-29 14:01:45] INFO: Calculated checksum: 9a982702
# [2024-05-29 14:01:45] INFO: Writing RNGSTATE file: ./rand_s060t20_b0675500_a_U000715500
# [2024-05-29 14:01:45] INFO: Writing to disk took 7.98937 seconds
# [2024-05-29 14:01:45] INFO: ======================================================================
# [2024-05-29 14:01:45] INFO: Start sweeping...
# [2024-05-29 14:08:27] INFO: It took 401.465 seconds to do 500 HBOR sweeps.
# [2024-05-29 14:08:27] INFO: Plaquette = 0.656378
# [2024-05-29 14:08:27] INFO: Polyakov loop = (-0.00111897,-0.000484174)
# [2024-05-29 14:08:27] INFO: Writing conf to disk...
# [2024-05-29 14:08:27] INFO: writeconf_nersc: Writing NERSC configuration ./conf_s060t20_b0675500_a_U000716000
# [2024-05-29 14:08:30] INFO: Calculated checksum: ac36fdaa
# [2024-05-29 14:08:34] INFO: Calculated checksum: 2a1836e9
# [2024-05-29 14:08:34] INFO: Writing RNGSTATE file: ./rand_s060t20_b0675500_a_U000716000
# [2024-05-29 14:08:34] INFO: Writing to disk took 7.82052 seconds
# [2024-05-29 14:08:34] INFO: ======================================================================
# [2024-05-29 14:08:34] INFO: Start sweeping...
# [2024-05-29 14:15:16] INFO: It took 401.482 seconds to do 500 HBOR sweeps.
# [2024-05-29 14:15:16] INFO: Plaquette = 0.656225
# [2024-05-29 14:15:16] INFO: Polyakov loop = (-0.00122249,-0.00115651)
# [2024-05-29 14:15:16] INFO: Writing conf to disk...
# [2024-05-29 14:15:16] INFO: writeconf_nersc: Writing NERSC configuration ./conf_s060t20_b0675500_a_U000716500
# [2024-05-29 14:15:19] INFO: Calculated checksum: 15412601
# [2024-05-29 14:15:24] INFO: Calculated checksum: 73fc827b
# [2024-05-29 14:15:24] INFO: Writing RNGSTATE file: ./rand_s060t20_b0675500_a_U000716500
# [2024-05-29 14:15:24] INFO: Writing to disk took 7.83621 seconds
# [2024-05-29 14:15:24] INFO: ======================================================================
# [2024-05-29 14:15:24] INFO: Start sweeping...
# [2024-05-29 14:22:05] INFO: It took 401.49 seconds to do 500 HBOR sweeps.
# [2024-05-29 14:22:05] INFO: Plaquette = 0.656248
# [2024-05-29 14:22:05] INFO: Polyakov loop = (-0.000953731,-0.00206776)
# [2024-05-29 14:22:05] INFO: Writing conf to disk...
# [2024-05-29 14:22:05] INFO: writeconf_nersc: Writing NERSC configuration ./conf_s060t20_b0675500_a_U000717000
# [2024-05-29 14:22:08] INFO: Calculated checksum: f45753d7
# [2024-05-29 14:22:13] INFO: Calculated checksum: 31765d6c
# [2024-05-29 14:22:13] INFO: Writing RNGSTATE file: ./rand_s060t20_b0675500_a_U000717000
# [2024-05-29 14:22:13] INFO: Writing to disk took 7.90508 seconds
# [2024-05-29 14:22:13] INFO: ======================================================================
# [2024-05-29 14:22:13] INFO: Start sweeping...
# [2024-05-29 14:28:55] INFO: It took 401.461 seconds to do 500 HBOR sweeps.
# [2024-05-29 14:28:55] INFO: Plaquette = 0.656281
# [2024-05-29 14:28:55] INFO: Polyakov loop = (0.000253141,-0.001689)
# [2024-05-29 14:28:55] INFO: Writing conf to disk...
# [2024-05-29 14:28:55] INFO: writeconf_nersc: Writing NERSC configuration ./conf_s060t20_b0675500_a_U000717500
# [2024-05-29 14:28:58] INFO: Calculated checksum: bd2ecb32
# [2024-05-29 14:29:02] INFO: Calculated checksum: fa2a2f75
# [2024-05-29 14:29:02] INFO: Writing RNGSTATE file: ./rand_s060t20_b0675500_a_U000717500
# [2024-05-29 14:29:02] INFO: Writing to disk took 7.76742 seconds
# [2024-05-29 14:29:02] INFO: ======================================================================
# [2024-05-29 14:29:02] INFO: Start sweeping...
# [2024-05-29 14:35:44] INFO: It took 401.486 seconds to do 500 HBOR sweeps.
# [2024-05-29 14:35:44] INFO: Plaquette = 0.656305
# [2024-05-29 14:35:44] INFO: Polyakov loop = (0.000138687,-0.00099713)
# [2024-05-29 14:35:44] INFO: Writing conf to disk...
# [2024-05-29 14:35:44] INFO: writeconf_nersc: Writing NERSC configuration ./conf_s060t20_b0675500_a_U000718000
# [2024-05-29 14:35:47] INFO: Calculated checksum: 40bcae20
# [2024-05-29 14:35:52] INFO: Calculated checksum: 4c92270f
# [2024-05-29 14:35:52] INFO: Writing RNGSTATE file: ./rand_s060t20_b0675500_a_U000718000
# [2024-05-29 14:35:52] INFO: Writing to disk took 7.79434 seconds
# [2024-05-29 14:35:52] INFO: ======================================================================
# [2024-05-29 14:35:52] INFO: Start sweeping...
# [2024-05-29 14:42:33] INFO: It took 401.469 seconds to do 500 HBOR sweeps.
# [2024-05-29 14:42:33] INFO: Plaquette = 0.656285
# [2024-05-29 14:42:33] INFO: Polyakov loop = (-7.46509e-05,-0.000918514)
# [2024-05-29 14:42:33] INFO: Writing conf to disk...
# [2024-05-29 14:42:33] INFO: writeconf_nersc: Writing NERSC configuration ./conf_s060t20_b0675500_a_U000718500
# [2024-05-29 14:42:36] INFO: Calculated checksum: 344189fe
# [2024-05-29 14:42:41] INFO: Calculated checksum: 6ef79266
# [2024-05-29 14:42:41] INFO: Writing RNGSTATE file: ./rand_s060t20_b0675500_a_U000718500
# [2024-05-29 14:42:41] INFO: Writing to disk took 7.80432 seconds
# [2024-05-29 14:42:41] INFO: ======================================================================
# [2024-05-29 14:42:41] INFO: Start sweeping...
# [2024-05-29 14:49:23] INFO: It took 401.461 seconds to do 500 HBOR sweeps.
# [2024-05-29 14:49:23] INFO: Plaquette = 0.656223
# [2024-05-29 14:49:23] INFO: Polyakov loop = (-0.00130499,-0.00247485)
# [2024-05-29 14:49:23] INFO: Writing conf to disk...
# [2024-05-29 14:49:23] INFO: writeconf_nersc: Writing NERSC configuration ./conf_s060t20_b0675500_a_U000719000
# [2024-05-29 14:49:26] INFO: Calculated checksum: b9535027
# [2024-05-29 14:49:30] INFO: Calculated checksum: 40ecaf4
# [2024-05-29 14:49:30] INFO: Writing RNGSTATE file: ./rand_s060t20_b0675500_a_U000719000
# [2024-05-29 14:49:31] INFO: Writing to disk took 7.85079 seconds
# [2024-05-29 14:49:31] INFO: ======================================================================
# [2024-05-29 14:49:31] INFO: Start sweeping...
# [2024-05-29 14:56:12] INFO: It took 401.416 seconds to do 500 HBOR sweeps.
# [2024-05-29 14:56:12] INFO: Plaquette = 0.656301
# [2024-05-29 14:56:12] INFO: Polyakov loop = (-0.000736701,-0.00308979)
# [2024-05-29 14:56:12] INFO: Writing conf to disk...
# [2024-05-29 14:56:12] INFO: writeconf_nersc: Writing NERSC configuration ./conf_s060t20_b0675500_a_U000719500
# [2024-05-29 14:56:15] INFO: Calculated checksum: bc4ea4cd
# [2024-05-29 14:56:20] INFO: Calculated checksum: b3b35de8
# [2024-05-29 14:56:20] INFO: Writing RNGSTATE file: ./rand_s060t20_b0675500_a_U000719500
# [2024-05-29 14:56:20] INFO: Writing to disk took 7.86279 seconds
# [2024-05-29 14:56:20] INFO: ======================================================================
# [2024-05-29 14:56:20] INFO: Start sweeping...
# [2024-05-29 15:03:01] INFO: It took 401.442 seconds to do 500 HBOR sweeps.
# [2024-05-29 15:03:01] INFO: Plaquette = 0.656363
# [2024-05-29 15:03:01] INFO: Polyakov loop = (-0.000645837,-0.00115856)
# [2024-05-29 15:03:01] INFO: Writing conf to disk...
# [2024-05-29 15:03:01] INFO: writeconf_nersc: Writing NERSC configuration ./conf_s060t20_b0675500_a_U000720000
# [2024-05-29 15:03:04] INFO: Calculated checksum: c933e0a2
# [2024-05-29 15:03:09] INFO: Calculated checksum: f5c600f3
# [2024-05-29 15:03:09] INFO: Writing RNGSTATE file: ./rand_s060t20_b0675500_a_U000720000
# [2024-05-29 15:03:09] INFO: Writing to disk took 7.83787 seconds
# [2024-05-29 15:03:09] INFO: ======================================================================
# [2024-05-29 15:03:09] INFO: Start sweeping...
# [2024-05-29 15:09:51] INFO: It took 401.426 seconds to do 500 HBOR sweeps.
# [2024-05-29 15:09:51] INFO: Plaquette = 0.656315
# [2024-05-29 15:09:51] INFO: Polyakov loop = (-0.00104637,-0.00215641)
# [2024-05-29 15:09:51] INFO: Writing conf to disk...
# [2024-05-29 15:09:51] INFO: writeconf_nersc: Writing NERSC configuration ./conf_s060t20_b0675500_a_U000720500
# [2024-05-29 15:09:54] INFO: Calculated checksum: 522e031d
# [2024-05-29 15:09:58] INFO: Calculated checksum: 3d6e4cd4
# [2024-05-29 15:09:58] INFO: Writing RNGSTATE file: ./rand_s060t20_b0675500_a_U000720500
# [2024-05-29 15:09:59] INFO: Writing to disk took 7.84947 seconds
# [2024-05-29 15:09:59] INFO: ======================================================================
# [2024-05-29 15:09:59] INFO: Start sweeping...
# [2024-05-29 15:16:40] INFO: It took 401.448 seconds to do 500 HBOR sweeps.
# [2024-05-29 15:16:40] INFO: Plaquette = 0.656268
# [2024-05-29 15:16:40] INFO: Polyakov loop = (-0.000803068,-0.00161275)
# [2024-05-29 15:16:40] INFO: Writing conf to disk...
# [2024-05-29 15:16:40] INFO: writeconf_nersc: Writing NERSC configuration ./conf_s060t20_b0675500_a_U000721000
# [2024-05-29 15:16:43] INFO: Calculated checksum: f109cfa7
# [2024-05-29 15:16:48] INFO: Calculated checksum: 6e1fd9a6
# [2024-05-29 15:16:48] INFO: Writing RNGSTATE file: ./rand_s060t20_b0675500_a_U000721000
# [2024-05-29 15:16:48] INFO: Writing to disk took 7.82052 seconds
# [2024-05-29 15:16:48] INFO: ======================================================================
# [2024-05-29 15:16:48] INFO: Start sweeping...
# [2024-05-29 15:23:29] INFO: It took 401.43 seconds to do 500 HBOR sweeps.
# [2024-05-29 15:23:29] INFO: Plaquette = 0.656223
# [2024-05-29 15:23:29] INFO: Polyakov loop = (-0.000454608,-0.00100232)
# [2024-05-29 15:23:29] INFO: Writing conf to disk...
# [2024-05-29 15:23:29] INFO: writeconf_nersc: Writing NERSC configuration ./conf_s060t20_b0675500_a_U000721500
# [2024-05-29 15:23:32] INFO: Calculated checksum: af0977a6
# [2024-05-29 15:23:37] INFO: Calculated checksum: 1ea61660
# [2024-05-29 15:23:37] INFO: Writing RNGSTATE file: ./rand_s060t20_b0675500_a_U000721500
# [2024-05-29 15:23:37] INFO: Writing to disk took 7.82689 seconds
# [2024-05-29 15:23:37] INFO: ======================================================================
# [2024-05-29 15:23:37] INFO: Start sweeping...
# [2024-05-29 15:30:19] INFO: It took 401.44 seconds to do 500 HBOR sweeps.
# [2024-05-29 15:30:19] INFO: Plaquette = 0.656268
# [2024-05-29 15:30:19] INFO: Polyakov loop = (-0.00105263,-0.000572365)
# [2024-05-29 15:30:19] INFO: Writing conf to disk...
# [2024-05-29 15:30:19] INFO: writeconf_nersc: Writing NERSC configuration ./conf_s060t20_b0675500_a_U000722000
# [2024-05-29 15:30:22] INFO: Calculated checksum: e2e27437
# [2024-05-29 15:30:26] INFO: Calculated checksum: 8b77e73b
# [2024-05-29 15:30:26] INFO: Writing RNGSTATE file: ./rand_s060t20_b0675500_a_U000722000
# [2024-05-29 15:30:26] INFO: Writing to disk took 7.73998 seconds
# [2024-05-29 15:30:26] INFO: ======================================================================
# [2024-05-29 15:30:26] INFO: Start sweeping...
# [2024-05-29 15:37:08] INFO: It took 401.429 seconds to do 500 HBOR sweeps.
# [2024-05-29 15:37:08] INFO: Plaquette = 0.656267
# [2024-05-29 15:37:08] INFO: Polyakov loop = (-0.000662816,-0.00199594)
# [2024-05-29 15:37:08] INFO: Writing conf to disk...
# [2024-05-29 15:37:08] INFO: writeconf_nersc: Writing NERSC configuration ./conf_s060t20_b0675500_a_U000722500
# [2024-05-29 15:37:11] INFO: Calculated checksum: f67920d4
# [2024-05-29 15:37:16] INFO: Calculated checksum: 92022f37
# [2024-05-29 15:37:16] INFO: Writing RNGSTATE file: ./rand_s060t20_b0675500_a_U000722500
# [2024-05-29 15:37:16] INFO: Writing to disk took 7.77643 seconds
# [2024-05-29 15:37:16] INFO: ======================================================================
# [2024-05-29 15:37:16] INFO: Start sweeping...
# [2024-05-29 15:43:57] INFO: It took 401.454 seconds to do 500 HBOR sweeps.
# [2024-05-29 15:43:57] INFO: Plaquette = 0.656213
# [2024-05-29 15:43:57] INFO: Polyakov loop = (-0.00108535,-0.00153988)
# [2024-05-29 15:43:57] INFO: Writing conf to disk...
# [2024-05-29 15:43:57] INFO: writeconf_nersc: Writing NERSC configuration ./conf_s060t20_b0675500_a_U000723000
# [2024-05-29 15:44:00] INFO: Calculated checksum: d7a8fd5a
# [2024-05-29 15:44:05] INFO: Calculated checksum: 89415f61
# [2024-05-29 15:44:05] INFO: Writing RNGSTATE file: ./rand_s060t20_b0675500_a_U000723000
# [2024-05-29 15:44:05] INFO: Writing to disk took 7.76333 seconds
# [2024-05-29 15:44:05] INFO: ======================================================================
# [2024-05-29 15:44:05] INFO: Start sweeping...
# [2024-05-29 15:50:46] INFO: It took 401.452 seconds to do 500 HBOR sweeps.
# [2024-05-29 15:50:46] INFO: Plaquette = 0.656328
# [2024-05-29 15:50:46] INFO: Polyakov loop = (-0.000359156,-0.00122792)
# [2024-05-29 15:50:46] INFO: Writing conf to disk...
# [2024-05-29 15:50:46] INFO: writeconf_nersc: Writing NERSC configuration ./conf_s060t20_b0675500_a_U000723500
# [2024-05-29 15:50:49] INFO: Calculated checksum: f99be959
# [2024-05-29 15:50:55] INFO: Calculated checksum: ad3c3266
# [2024-05-29 15:50:55] INFO: Writing RNGSTATE file: ./rand_s060t20_b0675500_a_U000723500
# [2024-05-29 15:50:55] INFO: Writing to disk took 8.25475 seconds
# [2024-05-29 15:50:55] INFO: ======================================================================
# [2024-05-29 15:50:55] INFO: Start sweeping...
# [2024-05-29 15:57:36] INFO: It took 401.467 seconds to do 500 HBOR sweeps.
# [2024-05-29 15:57:36] INFO: Plaquette = 0.656257
# [2024-05-29 15:57:36] INFO: Polyakov loop = (-0.00143856,-0.00189384)
# [2024-05-29 15:57:36] INFO: Writing conf to disk...
# [2024-05-29 15:57:36] INFO: writeconf_nersc: Writing NERSC configuration ./conf_s060t20_b0675500_a_U000724000
# [2024-05-29 15:57:39] INFO: Calculated checksum: 8d73b96d
# [2024-05-29 15:57:44] INFO: Calculated checksum: 9c79e730
# [2024-05-29 15:57:44] INFO: Writing RNGSTATE file: ./rand_s060t20_b0675500_a_U000724000
# [2024-05-29 15:57:44] INFO: Writing to disk took 7.88934 seconds
# [2024-05-29 15:57:44] INFO: ======================================================================
# [2024-05-29 15:57:44] INFO: Start sweeping...
# [2024-05-29 16:04:26] INFO: It took 401.475 seconds to do 500 HBOR sweeps.
# [2024-05-29 16:04:26] INFO: Plaquette = 0.656357
# [2024-05-29 16:04:26] INFO: Polyakov loop = (-0.00124096,-0.00251265)
# [2024-05-29 16:04:26] INFO: Writing conf to disk...
# [2024-05-29 16:04:26] INFO: writeconf_nersc: Writing NERSC configuration ./conf_s060t20_b0675500_a_U000724500
# [2024-05-29 16:04:29] INFO: Calculated checksum: c84067f6
# [2024-05-29 16:04:33] INFO: Calculated checksum: 72808c26
# [2024-05-29 16:04:33] INFO: Writing RNGSTATE file: ./rand_s060t20_b0675500_a_U000724500
# [2024-05-29 16:04:34] INFO: Writing to disk took 7.95018 seconds
# [2024-05-29 16:04:34] INFO: ======================================================================
# [2024-05-29 16:04:34] INFO: Start sweeping...
# [2024-05-29 16:11:15] INFO: It took 401.464 seconds to do 500 HBOR sweeps.
# [2024-05-29 16:11:15] INFO: Plaquette = 0.656258
# [2024-05-29 16:11:15] INFO: Polyakov loop = (-0.00119673,-0.00163562)
# [2024-05-29 16:11:15] INFO: Writing conf to disk...
# [2024-05-29 16:11:15] INFO: writeconf_nersc: Writing NERSC configuration ./conf_s060t20_b0675500_a_U000725000
# [2024-05-29 16:11:18] INFO: Calculated checksum: 3cdfcfb6
# [2024-05-29 16:11:23] INFO: Calculated checksum: e239b8d
# [2024-05-29 16:11:23] INFO: Writing RNGSTATE file: ./rand_s060t20_b0675500_a_U000725000
# [2024-05-29 16:11:23] INFO: Writing to disk took 7.78338 seconds
# [2024-05-29 16:11:23] INFO: ======================================================================
# [2024-05-29 16:11:23] INFO: Start sweeping...
# [2024-05-29 16:18:04] INFO: It took 401.456 seconds to do 500 HBOR sweeps.
# [2024-05-29 16:18:04] INFO: Plaquette = 0.656377
# [2024-05-29 16:18:04] INFO: Polyakov loop = (-0.00136382,-0.0038175)
# [2024-05-29 16:18:04] INFO: Writing conf to disk...
# [2024-05-29 16:18:04] INFO: writeconf_nersc: Writing NERSC configuration ./conf_s060t20_b0675500_a_U000725500
# [2024-05-29 16:18:07] INFO: Calculated checksum: e3c34e7d
# [2024-05-29 16:18:12] INFO: Calculated checksum: ddc134e3
# [2024-05-29 16:18:12] INFO: Writing RNGSTATE file: ./rand_s060t20_b0675500_a_U000725500
# [2024-05-29 16:18:12] INFO: Writing to disk took 7.78638 seconds
# [2024-05-29 16:18:12] INFO: ======================================================================
# [2024-05-29 16:18:12] INFO: Start sweeping...
# [2024-05-29 16:24:54] INFO: It took 401.496 seconds to do 500 HBOR sweeps.
# [2024-05-29 16:24:54] INFO: Plaquette = 0.656245
# [2024-05-29 16:24:54] INFO: Polyakov loop = (-0.00117096,-0.00115626)
# [2024-05-29 16:24:54] INFO: Writing conf to disk...
# [2024-05-29 16:24:54] INFO: writeconf_nersc: Writing NERSC configuration ./conf_s060t20_b0675500_a_U000726000
# [2024-05-29 16:24:57] INFO: Calculated checksum: f349b242
# [2024-05-29 16:25:01] INFO: Calculated checksum: 25d3d886
# [2024-05-29 16:25:01] INFO: Writing RNGSTATE file: ./rand_s060t20_b0675500_a_U000726000
# [2024-05-29 16:25:02] INFO: Writing to disk took 7.82471 seconds
# [2024-05-29 16:25:02] INFO: ======================================================================
# [2024-05-29 16:25:02] INFO: Start sweeping...
# [2024-05-29 16:31:43] INFO: It took 401.473 seconds to do 500 HBOR sweeps.
# [2024-05-29 16:31:43] INFO: Plaquette = 0.656317
# [2024-05-29 16:31:43] INFO: Polyakov loop = (-0.000966921,-0.000982844)
# [2024-05-29 16:31:43] INFO: Writing conf to disk...
# [2024-05-29 16:31:43] INFO: writeconf_nersc: Writing NERSC configuration ./conf_s060t20_b0675500_a_U000726500
# [2024-05-29 16:31:46] INFO: Calculated checksum: 1a250e7a
# [2024-05-29 16:31:51] INFO: Calculated checksum: b8699d6f
# [2024-05-29 16:31:51] INFO: Writing RNGSTATE file: ./rand_s060t20_b0675500_a_U000726500
# [2024-05-29 16:31:51] INFO: Writing to disk took 7.96871 seconds
# [2024-05-29 16:31:51] INFO: ======================================================================
# [2024-05-29 16:31:51] INFO: Start sweeping...
# [2024-05-29 16:38:33] INFO: It took 401.494 seconds to do 500 HBOR sweeps.
# [2024-05-29 16:38:33] INFO: Plaquette = 0.656308
# [2024-05-29 16:38:33] INFO: Polyakov loop = (-0.000950299,-0.00249359)
# [2024-05-29 16:38:33] INFO: Writing conf to disk...
# [2024-05-29 16:38:33] INFO: writeconf_nersc: Writing NERSC configuration ./conf_s060t20_b0675500_a_U000727000
# [2024-05-29 16:38:35] INFO: Calculated checksum: b3bd177f
# [2024-05-29 16:38:40] INFO: Calculated checksum: b89a11a0
# [2024-05-29 16:38:40] INFO: Writing RNGSTATE file: ./rand_s060t20_b0675500_a_U000727000
# [2024-05-29 16:38:40] INFO: Writing to disk took 7.85111 seconds
# [2024-05-29 16:38:40] INFO: ======================================================================
# [2024-05-29 16:38:40] INFO: Start sweeping...
# [2024-05-29 16:45:22] INFO: It took 401.506 seconds to do 500 HBOR sweeps.
# [2024-05-29 16:45:22] INFO: Plaquette = 0.656299
# [2024-05-29 16:45:22] INFO: Polyakov loop = (-0.00124603,-0.0028408)
# [2024-05-29 16:45:22] INFO: Writing conf to disk...
# [2024-05-29 16:45:22] INFO: writeconf_nersc: Writing NERSC configuration ./conf_s060t20_b0675500_a_U000727500
# [2024-05-29 16:45:25] INFO: Calculated checksum: bf005b2b
# [2024-05-29 16:45:30] INFO: Calculated checksum: f4a33df5
# [2024-05-29 16:45:30] INFO: Writing RNGSTATE file: ./rand_s060t20_b0675500_a_U000727500
# [2024-05-29 16:45:30] INFO: Writing to disk took 7.80871 seconds
# [2024-05-29 16:45:30] INFO: ======================================================================
# [2024-05-29 16:45:30] INFO: Start sweeping...
# [2024-05-29 16:52:11] INFO: It took 401.505 seconds to do 500 HBOR sweeps.
# [2024-05-29 16:52:11] INFO: Plaquette = 0.656319
# [2024-05-29 16:52:11] INFO: Polyakov loop = (-0.00111673,-0.00209772)
# [2024-05-29 16:52:11] INFO: Writing conf to disk...
# [2024-05-29 16:52:11] INFO: writeconf_nersc: Writing NERSC configuration ./conf_s060t20_b0675500_a_U000728000
# [2024-05-29 16:52:14] INFO: Calculated checksum: 756e6bf6
# [2024-05-29 16:52:19] INFO: Calculated checksum: 91af61ef
# [2024-05-29 16:52:19] INFO: Writing RNGSTATE file: ./rand_s060t20_b0675500_a_U000728000
# [2024-05-29 16:52:19] INFO: Writing to disk took 8.02879 seconds
# [2024-05-29 16:52:19] INFO: ======================================================================
# [2024-05-29 16:52:19] INFO: Start sweeping...
# [2024-05-29 16:59:01] INFO: It took 401.477 seconds to do 500 HBOR sweeps.
# [2024-05-29 16:59:01] INFO: Plaquette = 0.656281
# [2024-05-29 16:59:01] INFO: Polyakov loop = (-0.000757564,-0.00179581)
# [2024-05-29 16:59:01] INFO: Writing conf to disk...
# [2024-05-29 16:59:01] INFO: writeconf_nersc: Writing NERSC configuration ./conf_s060t20_b0675500_a_U000728500
# [2024-05-29 16:59:04] INFO: Calculated checksum: d4dc8bc3
# [2024-05-29 16:59:09] INFO: Calculated checksum: 72ae1bee
# [2024-05-29 16:59:09] INFO: Writing RNGSTATE file: ./rand_s060t20_b0675500_a_U000728500
# [2024-05-29 16:59:09] INFO: Writing to disk took 7.82107 seconds
# [2024-05-29 16:59:09] INFO: ======================================================================
# [2024-05-29 16:59:09] INFO: Start sweeping...
# [2024-05-29 17:05:50] INFO: It took 401.49 seconds to do 500 HBOR sweeps.
# [2024-05-29 17:05:50] INFO: Plaquette = 0.656283
# [2024-05-29 17:05:50] INFO: Polyakov loop = (-0.000429713,-0.00125874)
# [2024-05-29 17:05:50] INFO: Writing conf to disk...
# [2024-05-29 17:05:50] INFO: writeconf_nersc: Writing NERSC configuration ./conf_s060t20_b0675500_a_U000729000
# [2024-05-29 17:05:53] INFO: Calculated checksum: e201fa63
# [2024-05-29 17:05:58] INFO: Calculated checksum: e5406e41
# [2024-05-29 17:05:58] INFO: Writing RNGSTATE file: ./rand_s060t20_b0675500_a_U000729000
# [2024-05-29 17:05:58] INFO: Writing to disk took 7.7651 seconds
# [2024-05-29 17:05:58] INFO: ======================================================================
# [2024-05-29 17:05:58] INFO: Start sweeping...
# [2024-05-29 17:12:40] INFO: It took 401.513 seconds to do 500 HBOR sweeps.
# [2024-05-29 17:12:40] INFO: Plaquette = 0.656287
# [2024-05-29 17:12:40] INFO: Polyakov loop = (-0.00152825,-0.00187923)
# [2024-05-29 17:12:40] INFO: Writing conf to disk...
# [2024-05-29 17:12:40] INFO: writeconf_nersc: Writing NERSC configuration ./conf_s060t20_b0675500_a_U000729500
# [2024-05-29 17:12:43] INFO: Calculated checksum: 2afd2880
# [2024-05-29 17:12:47] INFO: Calculated checksum: acf7df01
# [2024-05-29 17:12:47] INFO: Writing RNGSTATE file: ./rand_s060t20_b0675500_a_U000729500
# [2024-05-29 17:12:47] INFO: Writing to disk took 7.76329 seconds
# [2024-05-29 17:12:47] INFO: ======================================================================
# [2024-05-29 17:12:47] INFO: Start sweeping...
# [2024-05-29 17:19:29] INFO: It took 401.49 seconds to do 500 HBOR sweeps.
# [2024-05-29 17:19:29] INFO: Plaquette = 0.65637
# [2024-05-29 17:19:29] INFO: Polyakov loop = (-0.000906026,-0.000902876)
# [2024-05-29 17:19:29] INFO: Writing conf to disk...
# [2024-05-29 17:19:29] INFO: writeconf_nersc: Writing NERSC configuration ./conf_s060t20_b0675500_a_U000730000
# [2024-05-29 17:19:32] INFO: Calculated checksum: 9fa01384
# [2024-05-29 17:19:37] INFO: Calculated checksum: 74d7ebc3
# [2024-05-29 17:19:37] INFO: Writing RNGSTATE file: ./rand_s060t20_b0675500_a_U000730000
# [2024-05-29 17:19:37] INFO: Writing to disk took 7.82016 seconds
# [2024-05-29 17:19:37] INFO: ======================================================================
# [2024-05-29 17:19:37] INFO: Start sweeping...
# [2024-05-29 17:26:18] INFO: It took 401.499 seconds to do 500 HBOR sweeps.
# [2024-05-29 17:26:18] INFO: Plaquette = 0.656357
# [2024-05-29 17:26:18] INFO: Polyakov loop = (-0.00021638,-0.00147678)
# [2024-05-29 17:26:18] INFO: Writing conf to disk...
# [2024-05-29 17:26:18] INFO: writeconf_nersc: Writing NERSC configuration ./conf_s060t20_b0675500_a_U000730500
# [2024-05-29 17:26:21] INFO: Calculated checksum: ec96a5c3
# [2024-05-29 17:26:26] INFO: Calculated checksum: 1bcb860
# [2024-05-29 17:26:26] INFO: Writing RNGSTATE file: ./rand_s060t20_b0675500_a_U000730500
# [2024-05-29 17:26:26] INFO: Writing to disk took 7.80419 seconds
# [2024-05-29 17:26:26] INFO: ======================================================================
# [2024-05-29 17:26:26] INFO: Start sweeping...
# [2024-05-29 17:33:08] INFO: It took 401.498 seconds to do 500 HBOR sweeps.
# [2024-05-29 17:33:08] INFO: Plaquette = 0.656289
# [2024-05-29 17:33:08] INFO: Polyakov loop = (-0.00121984,-0.00143674)
# [2024-05-29 17:33:08] INFO: Writing conf to disk...
# [2024-05-29 17:33:08] INFO: writeconf_nersc: Writing NERSC configuration ./conf_s060t20_b0675500_a_U000731000
# [2024-05-29 17:33:11] INFO: Calculated checksum: 1a257218
# [2024-05-29 17:33:15] INFO: Calculated checksum: b63f1135
# [2024-05-29 17:33:15] INFO: Writing RNGSTATE file: ./rand_s060t20_b0675500_a_U000731000
# [2024-05-29 17:33:15] INFO: Writing to disk took 7.85777 seconds
# [2024-05-29 17:33:15] INFO: ======================================================================
# [2024-05-29 17:33:15] INFO: Start sweeping...
# [2024-05-29 17:39:57] INFO: It took 401.499 seconds to do 500 HBOR sweeps.
# [2024-05-29 17:39:57] INFO: Plaquette = 0.656288
# [2024-05-29 17:39:57] INFO: Polyakov loop = (-0.000652069,-0.000964584)
# [2024-05-29 17:39:57] INFO: Writing conf to disk...
# [2024-05-29 17:39:57] INFO: writeconf_nersc: Writing NERSC configuration ./conf_s060t20_b0675500_a_U000731500
# [2024-05-29 17:40:00] INFO: Calculated checksum: 9f7082a8
# [2024-05-29 17:40:05] INFO: Calculated checksum: 4874ec7b
# [2024-05-29 17:40:05] INFO: Writing RNGSTATE file: ./rand_s060t20_b0675500_a_U000731500
# [2024-05-29 17:40:05] INFO: Writing to disk took 7.80494 seconds
# [2024-05-29 17:40:05] INFO: ======================================================================
# [2024-05-29 17:40:05] INFO: Start sweeping...
# [2024-05-29 17:46:46] INFO: It took 401.508 seconds to do 500 HBOR sweeps.
# [2024-05-29 17:46:46] INFO: Plaquette = 0.656273
# [2024-05-29 17:46:46] INFO: Polyakov loop = (6.38201e-05,-0.00135985)
# [2024-05-29 17:46:46] INFO: Writing conf to disk...
# [2024-05-29 17:46:46] INFO: writeconf_nersc: Writing NERSC configuration ./conf_s060t20_b0675500_a_U000732000
# [2024-05-29 17:46:49] INFO: Calculated checksum: d0c0780f
# [2024-05-29 17:46:54] INFO: Calculated checksum: ea993841
# [2024-05-29 17:46:54] INFO: Writing RNGSTATE file: ./rand_s060t20_b0675500_a_U000732000
# [2024-05-29 17:46:54] INFO: Writing to disk took 7.75781 seconds
# [2024-05-29 17:46:54] INFO: ======================================================================
# [2024-05-29 17:46:54] INFO: Start sweeping...
# [2024-05-29 17:53:36] INFO: It took 401.483 seconds to do 500 HBOR sweeps.
# [2024-05-29 17:53:36] INFO: Plaquette = 0.656283
# [2024-05-29 17:53:36] INFO: Polyakov loop = (-0.00129453,-0.00152759)
# [2024-05-29 17:53:36] INFO: Writing conf to disk...
# [2024-05-29 17:53:36] INFO: writeconf_nersc: Writing NERSC configuration ./conf_s060t20_b0675500_a_U000732500
# [2024-05-29 17:53:39] INFO: Calculated checksum: 25ede0c5
# [2024-05-29 17:53:43] INFO: Calculated checksum: 3c36100e
# [2024-05-29 17:53:43] INFO: Writing RNGSTATE file: ./rand_s060t20_b0675500_a_U000732500
# [2024-05-29 17:53:43] INFO: Writing to disk took 7.2714 seconds
# [2024-05-29 17:53:43] INFO: ======================================================================
# [2024-05-29 17:53:43] INFO: Start sweeping...
# [2024-05-29 18:00:27] INFO: It took 403.848 seconds to do 500 HBOR sweeps.
# [2024-05-29 18:00:27] INFO: Plaquette = 0.656305
# [2024-05-29 18:00:27] INFO: Polyakov loop = (-0.000729557,-0.000684188)
# [2024-05-29 18:00:27] INFO: Writing conf to disk...
# [2024-05-29 18:00:27] INFO: writeconf_nersc: Writing NERSC configuration ./conf_s060t20_b0675500_a_U000733000
# [2024-05-29 18:00:30] INFO: Calculated checksum: b1b59362
# [2024-05-29 18:00:34] INFO: Calculated checksum: cef3ecdd
# [2024-05-29 18:00:34] INFO: Writing RNGSTATE file: ./rand_s060t20_b0675500_a_U000733000
# [2024-05-29 18:00:34] INFO: Writing to disk took 7.48247 seconds
# [2024-05-29 18:00:34] INFO: ======================================================================
# [2024-05-29 18:00:34] INFO: Start sweeping...
# [2024-05-29 18:07:19] INFO: It took 404.312 seconds to do 500 HBOR sweeps.
# [2024-05-29 18:07:19] INFO: Plaquette = 0.656412
# [2024-05-29 18:07:19] INFO: Polyakov loop = (-0.000484606,-0.000567726)
# [2024-05-29 18:07:19] INFO: Writing conf to disk...
# [2024-05-29 18:07:19] INFO: writeconf_nersc: Writing NERSC configuration ./conf_s060t20_b0675500_a_U000733500
# [2024-05-29 18:07:22] INFO: Calculated checksum: 353199c2
# [2024-05-29 18:07:26] INFO: Calculated checksum: bb36ca7b
# [2024-05-29 18:07:26] INFO: Writing RNGSTATE file: ./rand_s060t20_b0675500_a_U000733500
# [2024-05-29 18:07:26] INFO: Writing to disk took 7.60568 seconds
# [2024-05-29 18:07:26] INFO: ======================================================================
# [2024-05-29 18:07:26] INFO: Start sweeping...
# [2024-05-29 18:14:11] INFO: It took 404.289 seconds to do 500 HBOR sweeps.
# [2024-05-29 18:14:11] INFO: Plaquette = 0.656187
# [2024-05-29 18:14:11] INFO: Polyakov loop = (-0.00061009,-0.00143022)
# [2024-05-29 18:14:11] INFO: Writing conf to disk...
# [2024-05-29 18:14:11] INFO: writeconf_nersc: Writing NERSC configuration ./conf_s060t20_b0675500_a_U000734000
# [2024-05-29 18:14:14] INFO: Calculated checksum: 4ea4737c
# [2024-05-29 18:14:18] INFO: Calculated checksum: 3810ec3
# [2024-05-29 18:14:18] INFO: Writing RNGSTATE file: ./rand_s060t20_b0675500_a_U000734000
# [2024-05-29 18:14:18] INFO: Writing to disk took 7.59958 seconds
# [2024-05-29 18:14:18] INFO: ======================================================================
# [2024-05-29 18:14:18] INFO: Start sweeping...
# [2024-05-29 18:21:01] INFO: It took 403.138 seconds to do 500 HBOR sweeps.
# [2024-05-29 18:21:01] INFO: Plaquette = 0.656213
# [2024-05-29 18:21:01] INFO: Polyakov loop = (-0.000493129,-0.00136203)
# [2024-05-29 18:21:01] INFO: Writing conf to disk...
# [2024-05-29 18:21:01] INFO: writeconf_nersc: Writing NERSC configuration ./conf_s060t20_b0675500_a_U000734500
# [2024-05-29 18:21:04] INFO: Calculated checksum: fd085699
# [2024-05-29 18:21:09] INFO: Calculated checksum: 55c695a5
# [2024-05-29 18:21:09] INFO: Writing RNGSTATE file: ./rand_s060t20_b0675500_a_U000734500
# [2024-05-29 18:21:09] INFO: Writing to disk took 7.52683 seconds
# [2024-05-29 18:21:09] INFO: ======================================================================
# [2024-05-29 18:21:09] INFO: Start sweeping...
# [2024-05-29 18:27:52] INFO: It took 403.242 seconds to do 500 HBOR sweeps.
# [2024-05-29 18:27:52] INFO: Plaquette = 0.656265
# [2024-05-29 18:27:52] INFO: Polyakov loop = (-0.00104003,-0.00179717)
# [2024-05-29 18:27:52] INFO: Writing conf to disk...
# [2024-05-29 18:27:52] INFO: writeconf_nersc: Writing NERSC configuration ./conf_s060t20_b0675500_a_U000735000
# [2024-05-29 18:27:55] INFO: Calculated checksum: b007ac00
# [2024-05-29 18:28:00] INFO: Calculated checksum: de709af
# [2024-05-29 18:28:00] INFO: Writing RNGSTATE file: ./rand_s060t20_b0675500_a_U000735000
# [2024-05-29 18:28:00] INFO: Writing to disk took 7.57114 seconds
# [2024-05-29 18:28:00] INFO: ======================================================================
# [2024-05-29 18:28:00] INFO: Start sweeping...
# [2024-05-29 18:34:43] INFO: It took 403.28 seconds to do 500 HBOR sweeps.
# [2024-05-29 18:34:43] INFO: Plaquette = 0.656304
# [2024-05-29 18:34:43] INFO: Polyakov loop = (-0.0014844,-0.00137415)
# [2024-05-29 18:34:43] INFO: Writing conf to disk...
# [2024-05-29 18:34:43] INFO: writeconf_nersc: Writing NERSC configuration ./conf_s060t20_b0675500_a_U000735500
# [2024-05-29 18:34:46] INFO: Calculated checksum: 7e638bf5
# [2024-05-29 18:34:51] INFO: Calculated checksum: 20329cbc
# [2024-05-29 18:34:51] INFO: Writing RNGSTATE file: ./rand_s060t20_b0675500_a_U000735500
# [2024-05-29 18:34:51] INFO: Writing to disk took 7.57874 seconds
# [2024-05-29 18:34:51] INFO: ======================================================================
# [2024-05-29 18:34:51] INFO: Start sweeping...
# [2024-05-29 18:41:32] INFO: It took 401.546 seconds to do 500 HBOR sweeps.
# [2024-05-29 18:41:32] INFO: Plaquette = 0.656254
# [2024-05-29 18:41:32] INFO: Polyakov loop = (-0.00080284,-0.00280558)
# [2024-05-29 18:41:32] INFO: Writing conf to disk...
# [2024-05-29 18:41:32] INFO: writeconf_nersc: Writing NERSC configuration ./conf_s060t20_b0675500_a_U000736000
# [2024-05-29 18:41:35] INFO: Calculated checksum: ca61d8e3
# [2024-05-29 18:41:40] INFO: Calculated checksum: fee9461
# [2024-05-29 18:41:40] INFO: Writing RNGSTATE file: ./rand_s060t20_b0675500_a_U000736000
# [2024-05-29 18:41:40] INFO: Writing to disk took 7.59494 seconds
# [2024-05-29 18:41:40] INFO: ======================================================================
# [2024-05-29 18:41:40] INFO: Start sweeping...
# [2024-05-29 18:48:21] INFO: It took 401.531 seconds to do 500 HBOR sweeps.
# [2024-05-29 18:48:21] INFO: Plaquette = 0.65631
# [2024-05-29 18:48:22] INFO: Polyakov loop = (-0.000342266,-0.000958778)
# [2024-05-29 18:48:22] INFO: Writing conf to disk...
# [2024-05-29 18:48:22] INFO: writeconf_nersc: Writing NERSC configuration ./conf_s060t20_b0675500_a_U000736500
# [2024-05-29 18:48:24] INFO: Calculated checksum: ab2803e5
# [2024-05-29 18:48:29] INFO: Calculated checksum: 444dcea2
# [2024-05-29 18:48:29] INFO: Writing RNGSTATE file: ./rand_s060t20_b0675500_a_U000736500
# [2024-05-29 18:48:29] INFO: Writing to disk took 7.59551 seconds
# [2024-05-29 18:48:29] INFO: ======================================================================
# [2024-05-29 18:48:29] INFO: Start sweeping...
# [2024-05-29 18:55:11] INFO: It took 401.535 seconds to do 500 HBOR sweeps.
# [2024-05-29 18:55:11] INFO: Plaquette = 0.656277
# [2024-05-29 18:55:11] INFO: Polyakov loop = (-0.00102803,-0.00186317)
# [2024-05-29 18:55:11] INFO: Writing conf to disk...
# [2024-05-29 18:55:11] INFO: writeconf_nersc: Writing NERSC configuration ./conf_s060t20_b0675500_a_U000737000
# [2024-05-29 18:55:14] INFO: Calculated checksum: f4264067
# [2024-05-29 18:55:18] INFO: Calculated checksum: c3a608f
# [2024-05-29 18:55:18] INFO: Writing RNGSTATE file: ./rand_s060t20_b0675500_a_U000737000
# [2024-05-29 18:55:18] INFO: Writing to disk took 7.55256 seconds
# [2024-05-29 18:55:18] INFO: ======================================================================
# [2024-05-29 18:55:18] INFO: Start sweeping...
# [2024-05-29 19:02:00] INFO: It took 401.529 seconds to do 500 HBOR sweeps.
# [2024-05-29 19:02:00] INFO: Plaquette = 0.656247
# [2024-05-29 19:02:00] INFO: Polyakov loop = (-0.000600788,-0.00136394)
# [2024-05-29 19:02:00] INFO: Writing conf to disk...
# [2024-05-29 19:02:00] INFO: writeconf_nersc: Writing NERSC configuration ./conf_s060t20_b0675500_a_U000737500
# [2024-05-29 19:02:03] INFO: Calculated checksum: 6323c877
# [2024-05-29 19:02:07] INFO: Calculated checksum: 54ed059c
# [2024-05-29 19:02:07] INFO: Writing RNGSTATE file: ./rand_s060t20_b0675500_a_U000737500
# [2024-05-29 19:02:08] INFO: Writing to disk took 7.70509 seconds
# [2024-05-29 19:02:08] INFO: ======================================================================
# [2024-05-29 19:02:08] INFO: Start sweeping...
# [2024-05-29 19:08:49] INFO: It took 401.528 seconds to do 500 HBOR sweeps.
# [2024-05-29 19:08:49] INFO: Plaquette = 0.656318
# [2024-05-29 19:08:49] INFO: Polyakov loop = (-0.00094068,-0.00123894)
# [2024-05-29 19:08:49] INFO: Writing conf to disk...
# [2024-05-29 19:08:49] INFO: writeconf_nersc: Writing NERSC configuration ./conf_s060t20_b0675500_a_U000738000
# [2024-05-29 19:08:52] INFO: Calculated checksum: bc8f235f
# [2024-05-29 19:08:57] INFO: Calculated checksum: 5460455e
# [2024-05-29 19:08:57] INFO: Writing RNGSTATE file: ./rand_s060t20_b0675500_a_U000738000
# [2024-05-29 19:08:57] INFO: Writing to disk took 8.23509 seconds
# [2024-05-29 19:08:57] INFO: ======================================================================
# [2024-05-29 19:08:57] INFO: Start sweeping...
# [2024-05-29 19:15:39] INFO: It took 401.519 seconds to do 500 HBOR sweeps.
# [2024-05-29 19:15:39] INFO: Plaquette = 0.656323
# [2024-05-29 19:15:39] INFO: Polyakov loop = (-0.000562468,-0.00203565)
# [2024-05-29 19:15:39] INFO: Writing conf to disk...
# [2024-05-29 19:15:39] INFO: writeconf_nersc: Writing NERSC configuration ./conf_s060t20_b0675500_a_U000738500
# [2024-05-29 19:15:42] INFO: Calculated checksum: 3ec7d148
# [2024-05-29 19:15:46] INFO: Calculated checksum: dbc31793
# [2024-05-29 19:15:46] INFO: Writing RNGSTATE file: ./rand_s060t20_b0675500_a_U000738500
# [2024-05-29 19:15:47] INFO: Writing to disk took 7.68837 seconds
# [2024-05-29 19:15:47] INFO: ======================================================================
# [2024-05-29 19:15:47] INFO: Start sweeping...
# [2024-05-29 19:22:28] INFO: It took 401.511 seconds to do 500 HBOR sweeps.
# [2024-05-29 19:22:28] INFO: Plaquette = 0.656326
# [2024-05-29 19:22:28] INFO: Polyakov loop = (-0.000710549,-0.00153938)
# [2024-05-29 19:22:28] INFO: Writing conf to disk...
# [2024-05-29 19:22:28] INFO: writeconf_nersc: Writing NERSC configuration ./conf_s060t20_b0675500_a_U000739000
# [2024-05-29 19:22:31] INFO: Calculated checksum: 2ca72791
# [2024-05-29 19:22:36] INFO: Calculated checksum: de838a14
# [2024-05-29 19:22:36] INFO: Writing RNGSTATE file: ./rand_s060t20_b0675500_a_U000739000
# [2024-05-29 19:22:36] INFO: Writing to disk took 7.58783 seconds
# [2024-05-29 19:22:36] INFO: ======================================================================
# [2024-05-29 19:22:36] INFO: Start sweeping...
# [2024-05-29 19:29:17] INFO: It took 401.545 seconds to do 500 HBOR sweeps.
# [2024-05-29 19:29:17] INFO: Plaquette = 0.656378
# [2024-05-29 19:29:17] INFO: Polyakov loop = (-0.000752456,0.00087526)
# [2024-05-29 19:29:17] INFO: Writing conf to disk...
# [2024-05-29 19:29:17] INFO: writeconf_nersc: Writing NERSC configuration ./conf_s060t20_b0675500_a_U000739500
# [2024-05-29 19:29:20] INFO: Calculated checksum: 191d58
# [2024-05-29 19:29:25] INFO: Calculated checksum: 32ff20f5
# [2024-05-29 19:29:25] INFO: Writing RNGSTATE file: ./rand_s060t20_b0675500_a_U000739500
# [2024-05-29 19:29:25] INFO: Writing to disk took 7.65389 seconds
# [2024-05-29 19:29:25] INFO: ======================================================================
# [2024-05-29 19:29:25] INFO: Start sweeping...
# [2024-05-29 19:36:07] INFO: It took 401.53 seconds to do 500 HBOR sweeps.
# [2024-05-29 19:36:07] INFO: Plaquette = 0.656255
# [2024-05-29 19:36:07] INFO: Polyakov loop = (-0.00112108,0.000818575)
# [2024-05-29 19:36:07] INFO: Writing conf to disk...
# [2024-05-29 19:36:07] INFO: writeconf_nersc: Writing NERSC configuration ./conf_s060t20_b0675500_a_U000740000
# [2024-05-29 19:36:10] INFO: Calculated checksum: c385820f
# [2024-05-29 19:36:14] INFO: Calculated checksum: 3a13b91e
# [2024-05-29 19:36:14] INFO: Writing RNGSTATE file: ./rand_s060t20_b0675500_a_U000740000
# [2024-05-29 19:36:14] INFO: Writing to disk took 7.6502 seconds
# [2024-05-29 19:36:14] INFO: ======================================================================
# [2024-05-29 19:36:14] INFO: Start sweeping...
# [2024-05-29 19:42:56] INFO: It took 401.523 seconds to do 500 HBOR sweeps.
# [2024-05-29 19:42:56] INFO: Plaquette = 0.656228
# [2024-05-29 19:42:56] INFO: Polyakov loop = (-0.00113623,-0.000664398)
# [2024-05-29 19:42:56] INFO: Writing conf to disk...
# [2024-05-29 19:42:56] INFO: writeconf_nersc: Writing NERSC configuration ./conf_s060t20_b0675500_a_U000740500
# [2024-05-29 19:42:59] INFO: Calculated checksum: fe6a975e
# [2024-05-29 19:43:04] INFO: Calculated checksum: c29c6822
# [2024-05-29 19:43:04] INFO: Writing RNGSTATE file: ./rand_s060t20_b0675500_a_U000740500
# [2024-05-29 19:43:04] INFO: Writing to disk took 8.39123 seconds
# [2024-05-29 19:43:04] INFO: ======================================================================
# [2024-05-29 19:43:04] INFO: Start sweeping...
# [2024-05-29 19:49:46] INFO: It took 401.54 seconds to do 500 HBOR sweeps.
# [2024-05-29 19:49:46] INFO: Plaquette = 0.656368
# [2024-05-29 19:49:46] INFO: Polyakov loop = (7.23632e-05,0.000319707)
# [2024-05-29 19:49:46] INFO: Writing conf to disk...
# [2024-05-29 19:49:46] INFO: writeconf_nersc: Writing NERSC configuration ./conf_s060t20_b0675500_a_U000741000
# [2024-05-29 19:49:49] INFO: Calculated checksum: 82032f06
# [2024-05-29 19:49:54] INFO: Calculated checksum: 330ae3a7
# [2024-05-29 19:49:54] INFO: Writing RNGSTATE file: ./rand_s060t20_b0675500_a_U000741000
# [2024-05-29 19:49:54] INFO: Writing to disk took 7.95778 seconds
# [2024-05-29 19:49:54] INFO: ======================================================================
# [2024-05-29 19:49:54] INFO: Start sweeping...
# [2024-05-29 19:56:36] INFO: It took 401.545 seconds to do 500 HBOR sweeps.
# [2024-05-29 19:56:36] INFO: Plaquette = 0.656293
# [2024-05-29 19:56:36] INFO: Polyakov loop = (-0.00149185,0.000668067)
# [2024-05-29 19:56:36] INFO: Writing conf to disk...
# [2024-05-29 19:56:36] INFO: writeconf_nersc: Writing NERSC configuration ./conf_s060t20_b0675500_a_U000741500
# [2024-05-29 19:56:38] INFO: Calculated checksum: ea759181
# [2024-05-29 19:56:43] INFO: Calculated checksum: d3b0c1cf
# [2024-05-29 19:56:43] INFO: Writing RNGSTATE file: ./rand_s060t20_b0675500_a_U000741500
# [2024-05-29 19:56:43] INFO: Writing to disk took 7.68301 seconds
# [2024-05-29 19:56:43] INFO: ======================================================================
# [2024-05-29 19:56:43] INFO: Start sweeping...
# [2024-05-29 20:03:25] INFO: It took 401.524 seconds to do 500 HBOR sweeps.
# [2024-05-29 20:03:25] INFO: Plaquette = 0.656313
# [2024-05-29 20:03:25] INFO: Polyakov loop = (-0.00124641,0.00284802)
# [2024-05-29 20:03:25] INFO: Writing conf to disk...
# [2024-05-29 20:03:25] INFO: writeconf_nersc: Writing NERSC configuration ./conf_s060t20_b0675500_a_U000742000
# [2024-05-29 20:03:28] INFO: Calculated checksum: 67f697b2
# [2024-05-29 20:03:32] INFO: Calculated checksum: dd2f67df
# [2024-05-29 20:03:32] INFO: Writing RNGSTATE file: ./rand_s060t20_b0675500_a_U000742000
# [2024-05-29 20:03:32] INFO: Writing to disk took 7.61854 seconds
# [2024-05-29 20:03:32] INFO: ======================================================================
# [2024-05-29 20:03:32] INFO: Start sweeping...
# [2024-05-29 20:10:14] INFO: It took 401.515 seconds to do 500 HBOR sweeps.
# [2024-05-29 20:10:14] INFO: Plaquette = 0.65621
# [2024-05-29 20:10:14] INFO: Polyakov loop = (-0.000743681,0.00105163)
# [2024-05-29 20:10:14] INFO: Writing conf to disk...
# [2024-05-29 20:10:14] INFO: writeconf_nersc: Writing NERSC configuration ./conf_s060t20_b0675500_a_U000742500
# [2024-05-29 20:10:17] INFO: Calculated checksum: 7aa73206
# [2024-05-29 20:10:21] INFO: Calculated checksum: 491304a8
# [2024-05-29 20:10:21] INFO: Writing RNGSTATE file: ./rand_s060t20_b0675500_a_U000742500
# [2024-05-29 20:10:22] INFO: Writing to disk took 7.56741 seconds
# [2024-05-29 20:10:22] INFO: ======================================================================
# [2024-05-29 20:10:22] INFO: Start sweeping...
# [2024-05-29 20:17:03] INFO: It took 401.528 seconds to do 500 HBOR sweeps.
# [2024-05-29 20:17:03] INFO: Plaquette = 0.656299
# [2024-05-29 20:17:03] INFO: Polyakov loop = (-8.24409e-05,0.00199354)
# [2024-05-29 20:17:03] INFO: Writing conf to disk...
# [2024-05-29 20:17:03] INFO: writeconf_nersc: Writing NERSC configuration ./conf_s060t20_b0675500_a_U000743000
# [2024-05-29 20:17:06] INFO: Calculated checksum: ece1980f
# [2024-05-29 20:17:11] INFO: Calculated checksum: d7e8fb83
# [2024-05-29 20:17:11] INFO: Writing RNGSTATE file: ./rand_s060t20_b0675500_a_U000743000
# [2024-05-29 20:17:11] INFO: Writing to disk took 7.58992 seconds
# [2024-05-29 20:17:11] INFO: ======================================================================
# [2024-05-29 20:17:11] INFO: Start sweeping...
# [2024-05-29 20:23:52] INFO: It took 401.545 seconds to do 500 HBOR sweeps.
# [2024-05-29 20:23:52] INFO: Plaquette = 0.656352
# [2024-05-29 20:23:52] INFO: Polyakov loop = (-0.00179784,0.000602611)
# [2024-05-29 20:23:52] INFO: Writing conf to disk...
# [2024-05-29 20:23:52] INFO: writeconf_nersc: Writing NERSC configuration ./conf_s060t20_b0675500_a_U000743500
# [2024-05-29 20:23:55] INFO: Calculated checksum: 3f9ae5bc
# [2024-05-29 20:24:00] INFO: Calculated checksum: 7a0bf4ed
# [2024-05-29 20:24:00] INFO: Writing RNGSTATE file: ./rand_s060t20_b0675500_a_U000743500
# [2024-05-29 20:24:00] INFO: Writing to disk took 7.58613 seconds
# [2024-05-29 20:24:00] INFO: ======================================================================
# [2024-05-29 20:24:00] INFO: Start sweeping...
# [2024-05-29 20:30:41] INFO: It took 401.549 seconds to do 500 HBOR sweeps.
# [2024-05-29 20:30:42] INFO: Plaquette = 0.656272
# [2024-05-29 20:30:42] INFO: Polyakov loop = (-0.000630242,0.00145175)
# [2024-05-29 20:30:42] INFO: Writing conf to disk...
# [2024-05-29 20:30:42] INFO: writeconf_nersc: Writing NERSC configuration ./conf_s060t20_b0675500_a_U000744000
# [2024-05-29 20:30:44] INFO: Calculated checksum: 5a482812
# [2024-05-29 20:30:49] INFO: Calculated checksum: 79c035f4
# [2024-05-29 20:30:49] INFO: Writing RNGSTATE file: ./rand_s060t20_b0675500_a_U000744000
# [2024-05-29 20:30:49] INFO: Writing to disk took 7.59099 seconds
# [2024-05-29 20:30:49] INFO: ======================================================================
# [2024-05-29 20:30:49] INFO: Start sweeping...
# [2024-05-29 20:37:31] INFO: It took 401.542 seconds to do 500 HBOR sweeps.
# [2024-05-29 20:37:31] INFO: Plaquette = 0.656318
# [2024-05-29 20:37:31] INFO: Polyakov loop = (-0.000774636,0.00163315)
# [2024-05-29 20:37:31] INFO: Writing conf to disk...
# [2024-05-29 20:37:31] INFO: writeconf_nersc: Writing NERSC configuration ./conf_s060t20_b0675500_a_U000744500
# [2024-05-29 20:37:34] INFO: Calculated checksum: bd5b58e0
# [2024-05-29 20:37:38] INFO: Calculated checksum: 49bf336e
# [2024-05-29 20:37:38] INFO: Writing RNGSTATE file: ./rand_s060t20_b0675500_a_U000744500
# [2024-05-29 20:37:38] INFO: Writing to disk took 7.59203 seconds
# [2024-05-29 20:37:38] INFO: ======================================================================
# [2024-05-29 20:37:38] INFO: Start sweeping...
# [2024-05-29 20:44:20] INFO: It took 401.553 seconds to do 500 HBOR sweeps.
# [2024-05-29 20:44:20] INFO: Plaquette = 0.656216
# [2024-05-29 20:44:20] INFO: Polyakov loop = (-0.000930006,0.00224093)
# [2024-05-29 20:44:20] INFO: Writing conf to disk...
# [2024-05-29 20:44:20] INFO: writeconf_nersc: Writing NERSC configuration ./conf_s060t20_b0675500_a_U000745000
# [2024-05-29 20:44:23] INFO: Calculated checksum: 2c705cbe
# [2024-05-29 20:44:27] INFO: Calculated checksum: 860569a7
# [2024-05-29 20:44:27] INFO: Writing RNGSTATE file: ./rand_s060t20_b0675500_a_U000745000
# [2024-05-29 20:44:28] INFO: Writing to disk took 7.59729 seconds
# [2024-05-29 20:44:28] INFO: ======================================================================
# [2024-05-29 20:44:28] INFO: Start sweeping...
# [2024-05-29 20:51:09] INFO: It took 401.547 seconds to do 500 HBOR sweeps.
# [2024-05-29 20:51:09] INFO: Plaquette = 0.656219
# [2024-05-29 20:51:09] INFO: Polyakov loop = (-0.000201018,-0.000435324)
# [2024-05-29 20:51:09] INFO: Writing conf to disk...
# [2024-05-29 20:51:09] INFO: writeconf_nersc: Writing NERSC configuration ./conf_s060t20_b0675500_a_U000745500
# [2024-05-29 20:51:12] INFO: Calculated checksum: f2c04eac
# [2024-05-29 20:51:17] INFO: Calculated checksum: 1f488603
# [2024-05-29 20:51:17] INFO: Writing RNGSTATE file: ./rand_s060t20_b0675500_a_U000745500
# [2024-05-29 20:51:17] INFO: Writing to disk took 7.59791 seconds
# [2024-05-29 20:51:17] INFO: ======================================================================
# [2024-05-29 20:51:17] INFO: Start sweeping...
# [2024-05-29 20:57:59] INFO: It took 402.273 seconds to do 500 HBOR sweeps.
# [2024-05-29 20:57:59] INFO: Plaquette = 0.65628
# [2024-05-29 20:57:59] INFO: Polyakov loop = (0.00117497,-0.000108281)
# [2024-05-29 20:57:59] INFO: Writing conf to disk...
# [2024-05-29 20:57:59] INFO: writeconf_nersc: Writing NERSC configuration ./conf_s060t20_b0675500_a_U000746000
# [2024-05-29 20:58:02] INFO: Calculated checksum: 29200552
# [2024-05-29 20:58:06] INFO: Calculated checksum: 1ef9d042
# [2024-05-29 20:58:06] INFO: Writing RNGSTATE file: ./rand_s060t20_b0675500_a_U000746000
# [2024-05-29 20:58:07] INFO: Writing to disk took 7.54175 seconds
# [2024-05-29 20:58:07] INFO: ======================================================================
# [2024-05-29 20:58:07] INFO: Start sweeping...
# [2024-05-29 21:04:48] INFO: It took 401.54 seconds to do 500 HBOR sweeps.
# [2024-05-29 21:04:48] INFO: Plaquette = 0.6562
# [2024-05-29 21:04:48] INFO: Polyakov loop = (-0.00122546,0.000881542)
# [2024-05-29 21:04:48] INFO: Writing conf to disk...
# [2024-05-29 21:04:48] INFO: writeconf_nersc: Writing NERSC configuration ./conf_s060t20_b0675500_a_U000746500
# [2024-05-29 21:04:51] INFO: Calculated checksum: 28aa1a61
# [2024-05-29 21:04:56] INFO: Calculated checksum: 96ea83f8
# [2024-05-29 21:04:56] INFO: Writing RNGSTATE file: ./rand_s060t20_b0675500_a_U000746500
# [2024-05-29 21:04:56] INFO: Writing to disk took 7.68088 seconds
# [2024-05-29 21:04:56] INFO: ======================================================================
# [2024-05-29 21:04:56] INFO: Start sweeping...
# [2024-05-29 21:11:37] INFO: It took 401.514 seconds to do 500 HBOR sweeps.
# [2024-05-29 21:11:37] INFO: Plaquette = 0.656326
# [2024-05-29 21:11:37] INFO: Polyakov loop = (-0.000820835,0.00162895)
# [2024-05-29 21:11:37] INFO: Writing conf to disk...
# [2024-05-29 21:11:37] INFO: writeconf_nersc: Writing NERSC configuration ./conf_s060t20_b0675500_a_U000747000
# [2024-05-29 21:11:40] INFO: Calculated checksum: 9df31691
# [2024-05-29 21:11:45] INFO: Calculated checksum: 9c8f73a4
# [2024-05-29 21:11:45] INFO: Writing RNGSTATE file: ./rand_s060t20_b0675500_a_U000747000
# [2024-05-29 21:11:45] INFO: Writing to disk took 7.64622 seconds
# [2024-05-29 21:11:45] INFO: ======================================================================
# [2024-05-29 21:11:45] INFO: Start sweeping...
# [2024-05-29 21:18:27] INFO: It took 401.513 seconds to do 500 HBOR sweeps.
# [2024-05-29 21:18:27] INFO: Plaquette = 0.656328
# [2024-05-29 21:18:27] INFO: Polyakov loop = (-0.00111748,0.0015033)
# [2024-05-29 21:18:27] INFO: Writing conf to disk...
# [2024-05-29 21:18:27] INFO: writeconf_nersc: Writing NERSC configuration ./conf_s060t20_b0675500_a_U000747500
# [2024-05-29 21:18:30] INFO: Calculated checksum: 8bf4b18a
# [2024-05-29 21:18:34] INFO: Calculated checksum: e329cecf
# [2024-05-29 21:18:34] INFO: Writing RNGSTATE file: ./rand_s060t20_b0675500_a_U000747500
# [2024-05-29 21:18:34] INFO: Writing to disk took 7.68747 seconds
# [2024-05-29 21:18:34] INFO: ======================================================================
# [2024-05-29 21:18:34] INFO: Start sweeping...
# [2024-05-29 21:25:16] INFO: It took 401.54 seconds to do 500 HBOR sweeps.
# [2024-05-29 21:25:16] INFO: Plaquette = 0.656272
# [2024-05-29 21:25:16] INFO: Polyakov loop = (-0.00165326,0.0018113)
# [2024-05-29 21:25:16] INFO: Writing conf to disk...
# [2024-05-29 21:25:16] INFO: writeconf_nersc: Writing NERSC configuration ./conf_s060t20_b0675500_a_U000748000
# [2024-05-29 21:25:19] INFO: Calculated checksum: aebafbac
# [2024-05-29 21:25:24] INFO: Calculated checksum: f3e5bc80
# [2024-05-29 21:25:24] INFO: Writing RNGSTATE file: ./rand_s060t20_b0675500_a_U000748000
# [2024-05-29 21:25:24] INFO: Writing to disk took 7.88034 seconds
# [2024-05-29 21:25:24] INFO: ======================================================================
# [2024-05-29 21:25:24] INFO: Start sweeping...
# [2024-05-29 21:32:05] INFO: It took 401.53 seconds to do 500 HBOR sweeps.
# [2024-05-29 21:32:05] INFO: Plaquette = 0.656289
# [2024-05-29 21:32:05] INFO: Polyakov loop = (-0.000632978,0.00131763)
# [2024-05-29 21:32:05] INFO: Writing conf to disk...
# [2024-05-29 21:32:05] INFO: writeconf_nersc: Writing NERSC configuration ./conf_s060t20_b0675500_a_U000748500
# [2024-05-29 21:32:08] INFO: Calculated checksum: 5f400f23
# [2024-05-29 21:32:13] INFO: Calculated checksum: 8cacf
# [2024-05-29 21:32:13] INFO: Writing RNGSTATE file: ./rand_s060t20_b0675500_a_U000748500
# [2024-05-29 21:32:13] INFO: Writing to disk took 7.65914 seconds
# [2024-05-29 21:32:13] INFO: ======================================================================
# [2024-05-29 21:32:13] INFO: Start sweeping...
# [2024-05-29 21:38:55] INFO: It took 401.523 seconds to do 500 HBOR sweeps.
# [2024-05-29 21:38:55] INFO: Plaquette = 0.656279
# [2024-05-29 21:38:55] INFO: Polyakov loop = (-0.000697347,0.00207345)
# [2024-05-29 21:38:55] INFO: Writing conf to disk...
# [2024-05-29 21:38:55] INFO: writeconf_nersc: Writing NERSC configuration ./conf_s060t20_b0675500_a_U000749000
# [2024-05-29 21:38:57] INFO: Calculated checksum: baffd976
# [2024-05-29 21:39:02] INFO: Calculated checksum: b8bd0713
# [2024-05-29 21:39:02] INFO: Writing RNGSTATE file: ./rand_s060t20_b0675500_a_U000749000
# [2024-05-29 21:39:02] INFO: Writing to disk took 7.6793 seconds
# [2024-05-29 21:39:02] INFO: ======================================================================
# [2024-05-29 21:39:02] INFO: Start sweeping...
# [2024-05-29 21:45:45] INFO: It took 402.62 seconds to do 500 HBOR sweeps.
# [2024-05-29 21:45:45] INFO: Plaquette = 0.65623
# [2024-05-29 21:45:45] INFO: Polyakov loop = (-0.000310951,0.00168887)
# [2024-05-29 21:45:45] INFO: Writing conf to disk...
# [2024-05-29 21:45:45] INFO: writeconf_nersc: Writing NERSC configuration ./conf_s060t20_b0675500_a_U000749500
# [2024-05-29 21:45:48] INFO: Calculated checksum: 4aae55d9
# [2024-05-29 21:45:53] INFO: Calculated checksum: e3297eaf
# [2024-05-29 21:45:53] INFO: Writing RNGSTATE file: ./rand_s060t20_b0675500_a_U000749500
# [2024-05-29 21:45:53] INFO: Writing to disk took 7.67311 seconds
# [2024-05-29 21:45:53] INFO: ======================================================================
# [2024-05-29 21:45:53] INFO: Start sweeping...
# [2024-05-29 21:52:36] INFO: It took 403.292 seconds to do 500 HBOR sweeps.
# [2024-05-29 21:52:36] INFO: Plaquette = 0.656269
# [2024-05-29 21:52:36] INFO: Polyakov loop = (-0.00210022,0.00136281)
# [2024-05-29 21:52:36] INFO: Writing conf to disk...
# [2024-05-29 21:52:36] INFO: writeconf_nersc: Writing NERSC configuration ./conf_s060t20_b0675500_a_U000750000
# [2024-05-29 21:52:39] INFO: Calculated checksum: c197644e
# [2024-05-29 21:52:43] INFO: Calculated checksum: 466c1ccf
# [2024-05-29 21:52:43] INFO: Writing RNGSTATE file: ./rand_s060t20_b0675500_a_U000750000
# [2024-05-29 21:52:43] INFO: Writing to disk took 7.26503 seconds
# [2024-05-29 21:52:43] INFO: Finalizing MPI
