
Currently Loaded Modules:
  1) chpc/1.0      (S)   3) gcc/8.5.0      5) mpich/3.4.2
  2) python/3.10.3       4) cmake/3.26.0   6) cuda/11.6.2 (g)

  Where:
   S:  Module is Sticky, requires --force to unload or purge
   g:  built for GPU

 

# [2024-05-29 10:29:58] INFO: Running SIMULATeQCD
# [2024-05-29 10:29:58] INFO: Git commit version: 43e2518
# [2024-05-29 10:29:58] INFO: Initializing MPI with (1 proc)
# [2024-05-29 10:29:58] INFO: Reading parameters from file :: GenerateQuenched_b67132.param
# [2024-05-29 10:29:58] INFO: # PARAM :: Lattice = 60 60 60 20 
# [2024-05-29 10:29:58] INFO: # PARAM :: Nodes = 1 1 1 1 
# [2024-05-29 10:29:58] INFO: # PARAM :: Topology = 0 0 0 0  (default)
# [2024-05-29 10:29:58] INFO: # PARAM :: beta = 6.7132
# [2024-05-29 10:29:58] INFO: # PARAM :: format = nersc
# [2024-05-29 10:29:58] INFO: # PARAM :: endianness = auto
# [2024-05-29 10:29:58] INFO: # PARAM :: conf_nr = 700000
# [2024-05-29 10:29:58] INFO: # PARAM :: stream = a
# [2024-05-29 10:29:58] INFO: # PARAM :: prec_out = 0 (default)
# [2024-05-29 10:29:58] INFO: # PARAM :: measurements_dir = ./ (default)
# [2024-05-29 10:29:58] INFO: # PARAM :: use_unit_conf = 0 (default)
# [2024-05-29 10:29:58] INFO: # PARAM :: output_dir = .
# [2024-05-29 10:29:58] INFO: # PARAM :: nconfs = 100
# [2024-05-29 10:29:58] INFO: # PARAM :: nsweeps_ORperHB = 4
# [2024-05-29 10:29:58] INFO: # PARAM :: nsweeps_HBwithOR = 500
# [2024-05-29 10:29:58] INFO: # PARAM :: prev_conf = conf_s060t20_b0671320_a_U000700000
# [2024-05-29 10:29:58] INFO: # PARAM :: prev_rand = rand_s060t20_b0671320_a_U000700000
# [2024-05-29 10:29:58] INFO: > Running on:
# [2024-05-29 10:29:58] INFO: [Rank 0] > notch271 CPU_2 GPU_1D; MPI: world_rank=0, node_rank=0, coord: ( 0 0 0 0 )
# [2024-05-29 10:29:58] INFO: > Is MPI CUDA-aware? @compilation 
# [2024-05-29 10:29:58] INFO: > GPU compute capability: 75
# [2024-05-29 10:29:58] INFO: > Checking support for P2P (Peer-to-Peer) and UVA (Unified Virtual Addressing):
# [2024-05-29 10:29:58] INFO: [Rank 0] > notch271 GPU_1D(NVIDIA GeForce RTX 2080 Ti): P2P NO ; UVA YES
# [2024-05-29 10:29:58] INFO: Initialize Indexer with HaloDepth = 1[0;33m[0m
# [2024-05-29 10:29:59] INFO: Resuming previous run.
# [2024-05-29 10:29:59] INFO: readconf_nersc: Reading NERSC configuration conf_s060t20_b0671320_a_U000700000
# [2024-05-29 10:30:10] INFO: Next conf_number will be 700500
# [2024-05-29 10:30:10] INFO: Generating up to 100 confs with a separation of 500 HBOR sweeps (OR/HB = 4) ...
# [2024-05-29 10:30:10] INFO: ======================================================================
# [2024-05-29 10:30:10] INFO: Start sweeping...
# [2024-05-29 10:36:54] INFO: It took 404.113 seconds to do 500 HBOR sweeps.
# [2024-05-29 10:36:54] INFO: Plaquette = 0.653509
# [2024-05-29 10:36:54] INFO: Polyakov loop = (0.00133924,0.000193458)
# [2024-05-29 10:36:54] INFO: Writing conf to disk...
# [2024-05-29 10:36:54] INFO: writeconf_nersc: Writing NERSC configuration ./conf_s060t20_b0671320_a_U000700500
# [2024-05-29 10:36:57] INFO: Calculated checksum: f1bac01
# [2024-05-29 10:37:02] INFO: Calculated checksum: 92093c1b
# [2024-05-29 10:37:02] INFO: Writing RNGSTATE file: ./rand_s060t20_b0671320_a_U000700500
# [2024-05-29 10:37:02] INFO: Writing to disk took 8.21494 seconds
# [2024-05-29 10:37:02] INFO: ======================================================================
# [2024-05-29 10:37:02] INFO: Start sweeping...
# [2024-05-29 10:43:51] INFO: It took 408.028 seconds to do 500 HBOR sweeps.
# [2024-05-29 10:43:51] INFO: Plaquette = 0.653522
# [2024-05-29 10:43:51] INFO: Polyakov loop = (-3.98197e-05,-0.000164067)
# [2024-05-29 10:43:51] INFO: Writing conf to disk...
# [2024-05-29 10:43:51] INFO: writeconf_nersc: Writing NERSC configuration ./conf_s060t20_b0671320_a_U000701000
# [2024-05-29 10:43:54] INFO: Calculated checksum: a0ce2675
# [2024-05-29 10:43:58] INFO: Calculated checksum: bbb18fde
# [2024-05-29 10:43:59] INFO: Writing RNGSTATE file: ./rand_s060t20_b0671320_a_U000701000
# [2024-05-29 10:43:59] INFO: Writing to disk took 8.07777 seconds
# [2024-05-29 10:43:59] INFO: ======================================================================
# [2024-05-29 10:43:59] INFO: Start sweeping...
# [2024-05-29 10:50:47] INFO: It took 408.042 seconds to do 500 HBOR sweeps.
# [2024-05-29 10:50:47] INFO: Plaquette = 0.653429
# [2024-05-29 10:50:47] INFO: Polyakov loop = (0.00111864,-0.000121386)
# [2024-05-29 10:50:47] INFO: Writing conf to disk...
# [2024-05-29 10:50:47] INFO: writeconf_nersc: Writing NERSC configuration ./conf_s060t20_b0671320_a_U000701500
# [2024-05-29 10:50:50] INFO: Calculated checksum: 1ba0075b
# [2024-05-29 10:50:54] INFO: Calculated checksum: ab1c6b5c
# [2024-05-29 10:50:54] INFO: Writing RNGSTATE file: ./rand_s060t20_b0671320_a_U000701500
# [2024-05-29 10:50:55] INFO: Writing to disk took 7.835 seconds
# [2024-05-29 10:50:55] INFO: ======================================================================
# [2024-05-29 10:50:55] INFO: Start sweeping...
# [2024-05-29 10:57:43] INFO: It took 407.977 seconds to do 500 HBOR sweeps.
# [2024-05-29 10:57:43] INFO: Plaquette = 0.653446
# [2024-05-29 10:57:43] INFO: Polyakov loop = (-0.000466968,0.00089929)
# [2024-05-29 10:57:43] INFO: Writing conf to disk...
# [2024-05-29 10:57:43] INFO: writeconf_nersc: Writing NERSC configuration ./conf_s060t20_b0671320_a_U000702000
# [2024-05-29 10:57:46] INFO: Calculated checksum: a6ea9c2d
# [2024-05-29 10:57:50] INFO: Calculated checksum: 829e722c
# [2024-05-29 10:57:50] INFO: Writing RNGSTATE file: ./rand_s060t20_b0671320_a_U000702000
# [2024-05-29 10:57:50] INFO: Writing to disk took 7.85412 seconds
# [2024-05-29 10:57:50] INFO: ======================================================================
# [2024-05-29 10:57:50] INFO: Start sweeping...
# [2024-05-29 11:04:39] INFO: It took 408.089 seconds to do 500 HBOR sweeps.
# [2024-05-29 11:04:39] INFO: Plaquette = 0.653511
# [2024-05-29 11:04:39] INFO: Polyakov loop = (0.000453295,0.000473078)
# [2024-05-29 11:04:39] INFO: Writing conf to disk...
# [2024-05-29 11:04:39] INFO: writeconf_nersc: Writing NERSC configuration ./conf_s060t20_b0671320_a_U000702500
# [2024-05-29 11:04:42] INFO: Calculated checksum: f6d40f8f
# [2024-05-29 11:04:46] INFO: Calculated checksum: 4802226d
# [2024-05-29 11:04:46] INFO: Writing RNGSTATE file: ./rand_s060t20_b0671320_a_U000702500
# [2024-05-29 11:04:46] INFO: Writing to disk took 7.79239 seconds
# [2024-05-29 11:04:46] INFO: ======================================================================
# [2024-05-29 11:04:46] INFO: Start sweeping...
# [2024-05-29 11:11:34] INFO: It took 407.609 seconds to do 500 HBOR sweeps.
# [2024-05-29 11:11:34] INFO: Plaquette = 0.653396
# [2024-05-29 11:11:34] INFO: Polyakov loop = (0.000785951,-0.00014363)
# [2024-05-29 11:11:34] INFO: Writing conf to disk...
# [2024-05-29 11:11:34] INFO: writeconf_nersc: Writing NERSC configuration ./conf_s060t20_b0671320_a_U000703000
# [2024-05-29 11:11:37] INFO: Calculated checksum: 2a9489b8
# [2024-05-29 11:11:42] INFO: Calculated checksum: 917b37d5
# [2024-05-29 11:11:42] INFO: Writing RNGSTATE file: ./rand_s060t20_b0671320_a_U000703000
# [2024-05-29 11:11:42] INFO: Writing to disk took 7.98863 seconds
# [2024-05-29 11:11:42] INFO: ======================================================================
# [2024-05-29 11:11:42] INFO: Start sweeping...
# [2024-05-29 11:18:30] INFO: It took 407.689 seconds to do 500 HBOR sweeps.
# [2024-05-29 11:18:30] INFO: Plaquette = 0.65351
# [2024-05-29 11:18:30] INFO: Polyakov loop = (0.000470651,-3.12281e-05)
# [2024-05-29 11:18:30] INFO: Writing conf to disk...
# [2024-05-29 11:18:30] INFO: writeconf_nersc: Writing NERSC configuration ./conf_s060t20_b0671320_a_U000703500
# [2024-05-29 11:18:33] INFO: Calculated checksum: 32418f08
# [2024-05-29 11:18:38] INFO: Calculated checksum: 24889f1b
# [2024-05-29 11:18:38] INFO: Writing RNGSTATE file: ./rand_s060t20_b0671320_a_U000703500
# [2024-05-29 11:18:38] INFO: Writing to disk took 7.90189 seconds
# [2024-05-29 11:18:38] INFO: ======================================================================
# [2024-05-29 11:18:38] INFO: Start sweeping...
# [2024-05-29 11:25:25] INFO: It took 407.512 seconds to do 500 HBOR sweeps.
# [2024-05-29 11:25:25] INFO: Plaquette = 0.653491
# [2024-05-29 11:25:25] INFO: Polyakov loop = (0.00100981,-3.42506e-05)
# [2024-05-29 11:25:25] INFO: Writing conf to disk...
# [2024-05-29 11:25:25] INFO: writeconf_nersc: Writing NERSC configuration ./conf_s060t20_b0671320_a_U000704000
# [2024-05-29 11:25:28] INFO: Calculated checksum: e2ed660d
# [2024-05-29 11:25:33] INFO: Calculated checksum: 53ff352d
# [2024-05-29 11:25:33] INFO: Writing RNGSTATE file: ./rand_s060t20_b0671320_a_U000704000
# [2024-05-29 11:25:33] INFO: Writing to disk took 7.82669 seconds
# [2024-05-29 11:25:33] INFO: ======================================================================
# [2024-05-29 11:25:33] INFO: Start sweeping...
# [2024-05-29 11:32:21] INFO: It took 407.692 seconds to do 500 HBOR sweeps.
# [2024-05-29 11:32:21] INFO: Plaquette = 0.653502
# [2024-05-29 11:32:21] INFO: Polyakov loop = (0.00206775,-0.000759287)
# [2024-05-29 11:32:21] INFO: Writing conf to disk...
# [2024-05-29 11:32:21] INFO: writeconf_nersc: Writing NERSC configuration ./conf_s060t20_b0671320_a_U000704500
# [2024-05-29 11:32:24] INFO: Calculated checksum: 1e2a4cce
# [2024-05-29 11:32:29] INFO: Calculated checksum: 23a1f004
# [2024-05-29 11:32:29] INFO: Writing RNGSTATE file: ./rand_s060t20_b0671320_a_U000704500
# [2024-05-29 11:32:29] INFO: Writing to disk took 7.82825 seconds
# [2024-05-29 11:32:29] INFO: ======================================================================
# [2024-05-29 11:32:29] INFO: Start sweeping...
# [2024-05-29 11:39:16] INFO: It took 407.45 seconds to do 500 HBOR sweeps.
# [2024-05-29 11:39:16] INFO: Plaquette = 0.653631
# [2024-05-29 11:39:16] INFO: Polyakov loop = (0.000272723,5.96902e-05)
# [2024-05-29 11:39:16] INFO: Writing conf to disk...
# [2024-05-29 11:39:16] INFO: writeconf_nersc: Writing NERSC configuration ./conf_s060t20_b0671320_a_U000705000
# [2024-05-29 11:39:19] INFO: Calculated checksum: 38fcf5f5
# [2024-05-29 11:39:24] INFO: Calculated checksum: 65cfdf6f
# [2024-05-29 11:39:24] INFO: Writing RNGSTATE file: ./rand_s060t20_b0671320_a_U000705000
# [2024-05-29 11:39:24] INFO: Writing to disk took 7.81472 seconds
# [2024-05-29 11:39:24] INFO: ======================================================================
# [2024-05-29 11:39:24] INFO: Start sweeping...
# [2024-05-29 11:46:10] INFO: It took 406.356 seconds to do 500 HBOR sweeps.
# [2024-05-29 11:46:10] INFO: Plaquette = 0.653455
# [2024-05-29 11:46:10] INFO: Polyakov loop = (0.000849991,-0.000905526)
# [2024-05-29 11:46:10] INFO: Writing conf to disk...
# [2024-05-29 11:46:10] INFO: writeconf_nersc: Writing NERSC configuration ./conf_s060t20_b0671320_a_U000705500
# [2024-05-29 11:46:13] INFO: Calculated checksum: aaf97ec0
# [2024-05-29 11:46:18] INFO: Calculated checksum: 1a0078a
# [2024-05-29 11:46:18] INFO: Writing RNGSTATE file: ./rand_s060t20_b0671320_a_U000705500
# [2024-05-29 11:46:18] INFO: Writing to disk took 7.9523 seconds
# [2024-05-29 11:46:18] INFO: ======================================================================
# [2024-05-29 11:46:18] INFO: Start sweeping...
# [2024-05-29 11:53:05] INFO: It took 406.383 seconds to do 500 HBOR sweeps.
# [2024-05-29 11:53:05] INFO: Plaquette = 0.653536
# [2024-05-29 11:53:05] INFO: Polyakov loop = (0.000441495,0.000388376)
# [2024-05-29 11:53:05] INFO: Writing conf to disk...
# [2024-05-29 11:53:05] INFO: writeconf_nersc: Writing NERSC configuration ./conf_s060t20_b0671320_a_U000706000
# [2024-05-29 11:53:08] INFO: Calculated checksum: e93277d2
# [2024-05-29 11:53:12] INFO: Calculated checksum: 8c483046
# [2024-05-29 11:53:12] INFO: Writing RNGSTATE file: ./rand_s060t20_b0671320_a_U000706000
# [2024-05-29 11:53:12] INFO: Writing to disk took 7.71081 seconds
# [2024-05-29 11:53:12] INFO: ======================================================================
# [2024-05-29 11:53:12] INFO: Start sweeping...
# [2024-05-29 11:59:59] INFO: It took 406.526 seconds to do 500 HBOR sweeps.
# [2024-05-29 11:59:59] INFO: Plaquette = 0.653531
# [2024-05-29 11:59:59] INFO: Polyakov loop = (0.00065187,-0.00022012)
# [2024-05-29 11:59:59] INFO: Writing conf to disk...
# [2024-05-29 11:59:59] INFO: writeconf_nersc: Writing NERSC configuration ./conf_s060t20_b0671320_a_U000706500
# [2024-05-29 12:00:02] INFO: Calculated checksum: c647d794
# [2024-05-29 12:00:07] INFO: Calculated checksum: ea80d2e0
# [2024-05-29 12:00:07] INFO: Writing RNGSTATE file: ./rand_s060t20_b0671320_a_U000706500
# [2024-05-29 12:00:07] INFO: Writing to disk took 7.84445 seconds
# [2024-05-29 12:00:07] INFO: ======================================================================
# [2024-05-29 12:00:07] INFO: Start sweeping...
# [2024-05-29 12:06:55] INFO: It took 408.143 seconds to do 500 HBOR sweeps.
# [2024-05-29 12:06:55] INFO: Plaquette = 0.65352
# [2024-05-29 12:06:55] INFO: Polyakov loop = (0.00181198,-0.000443273)
# [2024-05-29 12:06:55] INFO: Writing conf to disk...
# [2024-05-29 12:06:55] INFO: writeconf_nersc: Writing NERSC configuration ./conf_s060t20_b0671320_a_U000707000
# [2024-05-29 12:06:58] INFO: Calculated checksum: ef9324d0
# [2024-05-29 12:07:03] INFO: Calculated checksum: 51809450
# [2024-05-29 12:07:03] INFO: Writing RNGSTATE file: ./rand_s060t20_b0671320_a_U000707000
# [2024-05-29 12:07:03] INFO: Writing to disk took 7.97917 seconds
# [2024-05-29 12:07:03] INFO: ======================================================================
# [2024-05-29 12:07:03] INFO: Start sweeping...
# [2024-05-29 12:13:51] INFO: It took 408.146 seconds to do 500 HBOR sweeps.
# [2024-05-29 12:13:51] INFO: Plaquette = 0.653554
# [2024-05-29 12:13:51] INFO: Polyakov loop = (0.000532748,0.000169907)
# [2024-05-29 12:13:51] INFO: Writing conf to disk...
# [2024-05-29 12:13:51] INFO: writeconf_nersc: Writing NERSC configuration ./conf_s060t20_b0671320_a_U000707500
# [2024-05-29 12:13:54] INFO: Calculated checksum: ca4ae1e5
# [2024-05-29 12:13:59] INFO: Calculated checksum: 763760e5
# [2024-05-29 12:13:59] INFO: Writing RNGSTATE file: ./rand_s060t20_b0671320_a_U000707500
# [2024-05-29 12:13:59] INFO: Writing to disk took 7.81951 seconds
# [2024-05-29 12:13:59] INFO: ======================================================================
# [2024-05-29 12:13:59] INFO: Start sweeping...
# [2024-05-29 12:20:47] INFO: It took 408.196 seconds to do 500 HBOR sweeps.
# [2024-05-29 12:20:47] INFO: Plaquette = 0.653404
# [2024-05-29 12:20:47] INFO: Polyakov loop = (0.000470326,0.000189862)
# [2024-05-29 12:20:47] INFO: Writing conf to disk...
# [2024-05-29 12:20:47] INFO: writeconf_nersc: Writing NERSC configuration ./conf_s060t20_b0671320_a_U000708000
# [2024-05-29 12:20:50] INFO: Calculated checksum: 9f84240c
# [2024-05-29 12:20:55] INFO: Calculated checksum: bb972124
# [2024-05-29 12:20:55] INFO: Writing RNGSTATE file: ./rand_s060t20_b0671320_a_U000708000
# [2024-05-29 12:20:55] INFO: Writing to disk took 7.86233 seconds
# [2024-05-29 12:20:55] INFO: ======================================================================
# [2024-05-29 12:20:55] INFO: Start sweeping...
# [2024-05-29 12:27:44] INFO: It took 408.375 seconds to do 500 HBOR sweeps.
# [2024-05-29 12:27:44] INFO: Plaquette = 0.653579
# [2024-05-29 12:27:44] INFO: Polyakov loop = (0.000892615,-0.000356755)
# [2024-05-29 12:27:44] INFO: Writing conf to disk...
# [2024-05-29 12:27:44] INFO: writeconf_nersc: Writing NERSC configuration ./conf_s060t20_b0671320_a_U000708500
# [2024-05-29 12:27:47] INFO: Calculated checksum: a2dab5b
# [2024-05-29 12:27:51] INFO: Calculated checksum: 4fc59a44
# [2024-05-29 12:27:51] INFO: Writing RNGSTATE file: ./rand_s060t20_b0671320_a_U000708500
# [2024-05-29 12:27:51] INFO: Writing to disk took 7.80733 seconds
# [2024-05-29 12:27:51] INFO: ======================================================================
# [2024-05-29 12:27:51] INFO: Start sweeping...
# [2024-05-29 12:34:40] INFO: It took 408.192 seconds to do 500 HBOR sweeps.
# [2024-05-29 12:34:40] INFO: Plaquette = 0.653437
# [2024-05-29 12:34:40] INFO: Polyakov loop = (0.000176981,-0.00159987)
# [2024-05-29 12:34:40] INFO: Writing conf to disk...
# [2024-05-29 12:34:40] INFO: writeconf_nersc: Writing NERSC configuration ./conf_s060t20_b0671320_a_U000709000
# [2024-05-29 12:34:43] INFO: Calculated checksum: 61d21ff4
# [2024-05-29 12:34:47] INFO: Calculated checksum: 7eae8d5c
# [2024-05-29 12:34:47] INFO: Writing RNGSTATE file: ./rand_s060t20_b0671320_a_U000709000
# [2024-05-29 12:34:47] INFO: Writing to disk took 7.6505 seconds
# [2024-05-29 12:34:47] INFO: ======================================================================
# [2024-05-29 12:34:47] INFO: Start sweeping...
# [2024-05-29 12:41:35] INFO: It took 407.913 seconds to do 500 HBOR sweeps.
# [2024-05-29 12:41:35] INFO: Plaquette = 0.65351
# [2024-05-29 12:41:35] INFO: Polyakov loop = (-0.000465323,8.16008e-05)
# [2024-05-29 12:41:35] INFO: Writing conf to disk...
# [2024-05-29 12:41:35] INFO: writeconf_nersc: Writing NERSC configuration ./conf_s060t20_b0671320_a_U000709500
# [2024-05-29 12:41:38] INFO: Calculated checksum: b581e6e3
# [2024-05-29 12:41:43] INFO: Calculated checksum: 6020eb5a
# [2024-05-29 12:41:43] INFO: Writing RNGSTATE file: ./rand_s060t20_b0671320_a_U000709500
# [2024-05-29 12:41:43] INFO: Writing to disk took 7.5507 seconds
# [2024-05-29 12:41:43] INFO: ======================================================================
# [2024-05-29 12:41:43] INFO: Start sweeping...
# [2024-05-29 12:48:30] INFO: It took 407.563 seconds to do 500 HBOR sweeps.
# [2024-05-29 12:48:30] INFO: Plaquette = 0.653481
# [2024-05-29 12:48:30] INFO: Polyakov loop = (0.000255952,0.0011013)
# [2024-05-29 12:48:30] INFO: Writing conf to disk...
# [2024-05-29 12:48:30] INFO: writeconf_nersc: Writing NERSC configuration ./conf_s060t20_b0671320_a_U000710000
# [2024-05-29 12:48:33] INFO: Calculated checksum: 9bdc15bb
# [2024-05-29 12:48:38] INFO: Calculated checksum: 7d89a834
# [2024-05-29 12:48:38] INFO: Writing RNGSTATE file: ./rand_s060t20_b0671320_a_U000710000
# [2024-05-29 12:48:38] INFO: Writing to disk took 7.8638 seconds
# [2024-05-29 12:48:38] INFO: ======================================================================
# [2024-05-29 12:48:38] INFO: Start sweeping...
# [2024-05-29 12:55:26] INFO: It took 407.829 seconds to do 500 HBOR sweeps.
# [2024-05-29 12:55:26] INFO: Plaquette = 0.653436
# [2024-05-29 12:55:26] INFO: Polyakov loop = (-0.000985447,0.00139095)
# [2024-05-29 12:55:26] INFO: Writing conf to disk...
# [2024-05-29 12:55:26] INFO: writeconf_nersc: Writing NERSC configuration ./conf_s060t20_b0671320_a_U000710500
# [2024-05-29 12:55:29] INFO: Calculated checksum: d283e588
# [2024-05-29 12:55:34] INFO: Calculated checksum: e382a632
# [2024-05-29 12:55:34] INFO: Writing RNGSTATE file: ./rand_s060t20_b0671320_a_U000710500
# [2024-05-29 12:55:34] INFO: Writing to disk took 7.76328 seconds
# [2024-05-29 12:55:34] INFO: ======================================================================
# [2024-05-29 12:55:34] INFO: Start sweeping...
# [2024-05-29 13:02:22] INFO: It took 407.996 seconds to do 500 HBOR sweeps.
# [2024-05-29 13:02:22] INFO: Plaquette = 0.653527
# [2024-05-29 13:02:22] INFO: Polyakov loop = (-0.00107425,0.00177432)
# [2024-05-29 13:02:22] INFO: Writing conf to disk...
# [2024-05-29 13:02:22] INFO: writeconf_nersc: Writing NERSC configuration ./conf_s060t20_b0671320_a_U000711000
# [2024-05-29 13:02:25] INFO: Calculated checksum: c682fef2
# [2024-05-29 13:02:30] INFO: Calculated checksum: 530bdf04
# [2024-05-29 13:02:30] INFO: Writing RNGSTATE file: ./rand_s060t20_b0671320_a_U000711000
# [2024-05-29 13:02:30] INFO: Writing to disk took 7.69327 seconds
# [2024-05-29 13:02:30] INFO: ======================================================================
# [2024-05-29 13:02:30] INFO: Start sweeping...
# [2024-05-29 13:09:18] INFO: It took 407.887 seconds to do 500 HBOR sweeps.
# [2024-05-29 13:09:18] INFO: Plaquette = 0.653552
# [2024-05-29 13:09:18] INFO: Polyakov loop = (-0.00154539,0.00140079)
# [2024-05-29 13:09:18] INFO: Writing conf to disk...
# [2024-05-29 13:09:18] INFO: writeconf_nersc: Writing NERSC configuration ./conf_s060t20_b0671320_a_U000711500
# [2024-05-29 13:09:21] INFO: Calculated checksum: 104c7da4
# [2024-05-29 13:09:25] INFO: Calculated checksum: b3267191
# [2024-05-29 13:09:25] INFO: Writing RNGSTATE file: ./rand_s060t20_b0671320_a_U000711500
# [2024-05-29 13:09:25] INFO: Writing to disk took 7.69298 seconds
# [2024-05-29 13:09:25] INFO: ======================================================================
# [2024-05-29 13:09:25] INFO: Start sweeping...
# [2024-05-29 13:16:13] INFO: It took 407.702 seconds to do 500 HBOR sweeps.
# [2024-05-29 13:16:13] INFO: Plaquette = 0.65361
# [2024-05-29 13:16:13] INFO: Polyakov loop = (-0.000405496,0.00125769)
# [2024-05-29 13:16:13] INFO: Writing conf to disk...
# [2024-05-29 13:16:13] INFO: writeconf_nersc: Writing NERSC configuration ./conf_s060t20_b0671320_a_U000712000
# [2024-05-29 13:16:16] INFO: Calculated checksum: 49e4ab26
# [2024-05-29 13:16:21] INFO: Calculated checksum: 7ecc5121
# [2024-05-29 13:16:21] INFO: Writing RNGSTATE file: ./rand_s060t20_b0671320_a_U000712000
# [2024-05-29 13:16:21] INFO: Writing to disk took 7.67793 seconds
# [2024-05-29 13:16:21] INFO: ======================================================================
# [2024-05-29 13:16:21] INFO: Start sweeping...
# [2024-05-29 13:23:09] INFO: It took 407.991 seconds to do 500 HBOR sweeps.
# [2024-05-29 13:23:09] INFO: Plaquette = 0.65349
# [2024-05-29 13:23:09] INFO: Polyakov loop = (-0.00138252,0.00156404)
# [2024-05-29 13:23:09] INFO: Writing conf to disk...
# [2024-05-29 13:23:09] INFO: writeconf_nersc: Writing NERSC configuration ./conf_s060t20_b0671320_a_U000712500
# [2024-05-29 13:23:12] INFO: Calculated checksum: a48d5acd
# [2024-05-29 13:23:16] INFO: Calculated checksum: b59f4d6f
# [2024-05-29 13:23:16] INFO: Writing RNGSTATE file: ./rand_s060t20_b0671320_a_U000712500
# [2024-05-29 13:23:16] INFO: Writing to disk took 7.60695 seconds
# [2024-05-29 13:23:16] INFO: ======================================================================
# [2024-05-29 13:23:16] INFO: Start sweeping...
# [2024-05-29 13:30:04] INFO: It took 408.041 seconds to do 500 HBOR sweeps.
# [2024-05-29 13:30:05] INFO: Plaquette = 0.653467
# [2024-05-29 13:30:05] INFO: Polyakov loop = (-0.00129247,0.00146288)
# [2024-05-29 13:30:05] INFO: Writing conf to disk...
# [2024-05-29 13:30:05] INFO: writeconf_nersc: Writing NERSC configuration ./conf_s060t20_b0671320_a_U000713000
# [2024-05-29 13:30:07] INFO: Calculated checksum: 27cf2722
# [2024-05-29 13:30:13] INFO: Calculated checksum: 6330e3b0
# [2024-05-29 13:30:13] INFO: Writing RNGSTATE file: ./rand_s060t20_b0671320_a_U000713000
# [2024-05-29 13:30:13] INFO: Writing to disk took 8.63641 seconds
# [2024-05-29 13:30:13] INFO: ======================================================================
# [2024-05-29 13:30:13] INFO: Start sweeping...
# [2024-05-29 13:37:01] INFO: It took 408.067 seconds to do 500 HBOR sweeps.
# [2024-05-29 13:37:01] INFO: Plaquette = 0.653537
# [2024-05-29 13:37:01] INFO: Polyakov loop = (-0.000793672,0.0022038)
# [2024-05-29 13:37:01] INFO: Writing conf to disk...
# [2024-05-29 13:37:01] INFO: writeconf_nersc: Writing NERSC configuration ./conf_s060t20_b0671320_a_U000713500
# [2024-05-29 13:37:04] INFO: Calculated checksum: 2178c8ce
# [2024-05-29 13:37:09] INFO: Calculated checksum: 3f6152fd
# [2024-05-29 13:37:09] INFO: Writing RNGSTATE file: ./rand_s060t20_b0671320_a_U000713500
# [2024-05-29 13:37:09] INFO: Writing to disk took 7.85866 seconds
# [2024-05-29 13:37:09] INFO: ======================================================================
# [2024-05-29 13:37:09] INFO: Start sweeping...
# [2024-05-29 13:43:57] INFO: It took 408.109 seconds to do 500 HBOR sweeps.
# [2024-05-29 13:43:57] INFO: Plaquette = 0.653496
# [2024-05-29 13:43:57] INFO: Polyakov loop = (-0.000394407,0.00032415)
# [2024-05-29 13:43:57] INFO: Writing conf to disk...
# [2024-05-29 13:43:57] INFO: writeconf_nersc: Writing NERSC configuration ./conf_s060t20_b0671320_a_U000714000
# [2024-05-29 13:44:00] INFO: Calculated checksum: 8528e3d4
# [2024-05-29 13:44:05] INFO: Calculated checksum: e9662209
# [2024-05-29 13:44:05] INFO: Writing RNGSTATE file: ./rand_s060t20_b0671320_a_U000714000
# [2024-05-29 13:44:05] INFO: Writing to disk took 7.75368 seconds
# [2024-05-29 13:44:05] INFO: ======================================================================
# [2024-05-29 13:44:05] INFO: Start sweeping...
# [2024-05-29 13:50:53] INFO: It took 407.945 seconds to do 500 HBOR sweeps.
# [2024-05-29 13:50:53] INFO: Plaquette = 0.653501
# [2024-05-29 13:50:53] INFO: Polyakov loop = (-0.000998356,0.000439457)
# [2024-05-29 13:50:53] INFO: Writing conf to disk...
# [2024-05-29 13:50:53] INFO: writeconf_nersc: Writing NERSC configuration ./conf_s060t20_b0671320_a_U000714500
# [2024-05-29 13:50:56] INFO: Calculated checksum: a22bb58c
# [2024-05-29 13:51:01] INFO: Calculated checksum: 3b7ffcf4
# [2024-05-29 13:51:01] INFO: Writing RNGSTATE file: ./rand_s060t20_b0671320_a_U000714500
# [2024-05-29 13:51:01] INFO: Writing to disk took 8.22711 seconds
# [2024-05-29 13:51:01] INFO: ======================================================================
# [2024-05-29 13:51:01] INFO: Start sweeping...
# [2024-05-29 13:57:49] INFO: It took 408.151 seconds to do 500 HBOR sweeps.
# [2024-05-29 13:57:49] INFO: Plaquette = 0.653531
# [2024-05-29 13:57:49] INFO: Polyakov loop = (-0.000151132,0.000511066)
# [2024-05-29 13:57:49] INFO: Writing conf to disk...
# [2024-05-29 13:57:49] INFO: writeconf_nersc: Writing NERSC configuration ./conf_s060t20_b0671320_a_U000715000
# [2024-05-29 13:57:52] INFO: Calculated checksum: f5a1fd99
# [2024-05-29 13:57:57] INFO: Calculated checksum: aefea0bc
# [2024-05-29 13:57:57] INFO: Writing RNGSTATE file: ./rand_s060t20_b0671320_a_U000715000
# [2024-05-29 13:57:57] INFO: Writing to disk took 7.90441 seconds
# [2024-05-29 13:57:57] INFO: ======================================================================
# [2024-05-29 13:57:57] INFO: Start sweeping...
# [2024-05-29 14:04:45] INFO: It took 407.976 seconds to do 500 HBOR sweeps.
# [2024-05-29 14:04:45] INFO: Plaquette = 0.65362
# [2024-05-29 14:04:45] INFO: Polyakov loop = (0.00101386,0.000560584)
# [2024-05-29 14:04:45] INFO: Writing conf to disk...
# [2024-05-29 14:04:45] INFO: writeconf_nersc: Writing NERSC configuration ./conf_s060t20_b0671320_a_U000715500
# [2024-05-29 14:04:48] INFO: Calculated checksum: 867d36b
# [2024-05-29 14:04:53] INFO: Calculated checksum: 2dd658c3
# [2024-05-29 14:04:53] INFO: Writing RNGSTATE file: ./rand_s060t20_b0671320_a_U000715500
# [2024-05-29 14:04:53] INFO: Writing to disk took 7.7517 seconds
# [2024-05-29 14:04:53] INFO: ======================================================================
# [2024-05-29 14:04:53] INFO: Start sweeping...
# [2024-05-29 14:11:41] INFO: It took 407.818 seconds to do 500 HBOR sweeps.
# [2024-05-29 14:11:41] INFO: Plaquette = 0.653481
# [2024-05-29 14:11:41] INFO: Polyakov loop = (0.000163408,0.000448855)
# [2024-05-29 14:11:41] INFO: Writing conf to disk...
# [2024-05-29 14:11:41] INFO: writeconf_nersc: Writing NERSC configuration ./conf_s060t20_b0671320_a_U000716000
# [2024-05-29 14:11:44] INFO: Calculated checksum: 3de4de88
# [2024-05-29 14:11:49] INFO: Calculated checksum: fe2203c6
# [2024-05-29 14:11:49] INFO: Writing RNGSTATE file: ./rand_s060t20_b0671320_a_U000716000
# [2024-05-29 14:11:49] INFO: Writing to disk took 7.65429 seconds
# [2024-05-29 14:11:49] INFO: ======================================================================
# [2024-05-29 14:11:49] INFO: Start sweeping...
# [2024-05-29 14:18:37] INFO: It took 407.801 seconds to do 500 HBOR sweeps.
# [2024-05-29 14:18:37] INFO: Plaquette = 0.653521
# [2024-05-29 14:18:37] INFO: Polyakov loop = (0.000246205,-0.0002111)
# [2024-05-29 14:18:37] INFO: Writing conf to disk...
# [2024-05-29 14:18:37] INFO: writeconf_nersc: Writing NERSC configuration ./conf_s060t20_b0671320_a_U000716500
# [2024-05-29 14:18:40] INFO: Calculated checksum: fea831fa
# [2024-05-29 14:18:44] INFO: Calculated checksum: 5792105
# [2024-05-29 14:18:44] INFO: Writing RNGSTATE file: ./rand_s060t20_b0671320_a_U000716500
# [2024-05-29 14:18:44] INFO: Writing to disk took 7.8396 seconds
# [2024-05-29 14:18:44] INFO: ======================================================================
# [2024-05-29 14:18:44] INFO: Start sweeping...
# [2024-05-29 14:25:32] INFO: It took 407.681 seconds to do 500 HBOR sweeps.
# [2024-05-29 14:25:32] INFO: Plaquette = 0.653498
# [2024-05-29 14:25:32] INFO: Polyakov loop = (-0.000437774,-0.000910768)
# [2024-05-29 14:25:32] INFO: Writing conf to disk...
# [2024-05-29 14:25:32] INFO: writeconf_nersc: Writing NERSC configuration ./conf_s060t20_b0671320_a_U000717000
# [2024-05-29 14:25:35] INFO: Calculated checksum: a4e9f342
# [2024-05-29 14:25:40] INFO: Calculated checksum: f528c02d
# [2024-05-29 14:25:40] INFO: Writing RNGSTATE file: ./rand_s060t20_b0671320_a_U000717000
# [2024-05-29 14:25:40] INFO: Writing to disk took 7.75251 seconds
# [2024-05-29 14:25:40] INFO: ======================================================================
# [2024-05-29 14:25:40] INFO: Start sweeping...
# [2024-05-29 14:32:28] INFO: It took 407.62 seconds to do 500 HBOR sweeps.
# [2024-05-29 14:32:28] INFO: Plaquette = 0.653474
# [2024-05-29 14:32:28] INFO: Polyakov loop = (-0.000553622,-0.000520958)
# [2024-05-29 14:32:28] INFO: Writing conf to disk...
# [2024-05-29 14:32:28] INFO: writeconf_nersc: Writing NERSC configuration ./conf_s060t20_b0671320_a_U000717500
# [2024-05-29 14:32:30] INFO: Calculated checksum: 7ee9f012
# [2024-05-29 14:32:35] INFO: Calculated checksum: e146c58b
# [2024-05-29 14:32:35] INFO: Writing RNGSTATE file: ./rand_s060t20_b0671320_a_U000717500
# [2024-05-29 14:32:35] INFO: Writing to disk took 7.59665 seconds
# [2024-05-29 14:32:35] INFO: ======================================================================
# [2024-05-29 14:32:35] INFO: Start sweeping...
# [2024-05-29 14:39:23] INFO: It took 407.502 seconds to do 500 HBOR sweeps.
# [2024-05-29 14:39:23] INFO: Plaquette = 0.6535
# [2024-05-29 14:39:23] INFO: Polyakov loop = (-0.000677966,-0.000594094)
# [2024-05-29 14:39:23] INFO: Writing conf to disk...
# [2024-05-29 14:39:23] INFO: writeconf_nersc: Writing NERSC configuration ./conf_s060t20_b0671320_a_U000718000
# [2024-05-29 14:39:26] INFO: Calculated checksum: 56e69940
# [2024-05-29 14:39:30] INFO: Calculated checksum: b417dbd5
# [2024-05-29 14:39:30] INFO: Writing RNGSTATE file: ./rand_s060t20_b0671320_a_U000718000
# [2024-05-29 14:39:30] INFO: Writing to disk took 7.73374 seconds
# [2024-05-29 14:39:30] INFO: ======================================================================
# [2024-05-29 14:39:30] INFO: Start sweeping...
# [2024-05-29 14:46:18] INFO: It took 407.515 seconds to do 500 HBOR sweeps.
# [2024-05-29 14:46:18] INFO: Plaquette = 0.653494
# [2024-05-29 14:46:18] INFO: Polyakov loop = (-0.000562807,-0.00197022)
# [2024-05-29 14:46:18] INFO: Writing conf to disk...
# [2024-05-29 14:46:18] INFO: writeconf_nersc: Writing NERSC configuration ./conf_s060t20_b0671320_a_U000718500
# [2024-05-29 14:46:21] INFO: Calculated checksum: 88720b1f
# [2024-05-29 14:46:26] INFO: Calculated checksum: 31183ea5
# [2024-05-29 14:46:26] INFO: Writing RNGSTATE file: ./rand_s060t20_b0671320_a_U000718500
# [2024-05-29 14:46:26] INFO: Writing to disk took 7.87076 seconds
# [2024-05-29 14:46:26] INFO: ======================================================================
# [2024-05-29 14:46:26] INFO: Start sweeping...
# [2024-05-29 14:53:13] INFO: It took 407.526 seconds to do 500 HBOR sweeps.
# [2024-05-29 14:53:13] INFO: Plaquette = 0.653494
# [2024-05-29 14:53:13] INFO: Polyakov loop = (-0.00013057,-0.000856929)
# [2024-05-29 14:53:13] INFO: Writing conf to disk...
# [2024-05-29 14:53:13] INFO: writeconf_nersc: Writing NERSC configuration ./conf_s060t20_b0671320_a_U000719000
# [2024-05-29 14:53:16] INFO: Calculated checksum: 97162ef
# [2024-05-29 14:53:21] INFO: Calculated checksum: 83d7f331
# [2024-05-29 14:53:21] INFO: Writing RNGSTATE file: ./rand_s060t20_b0671320_a_U000719000
# [2024-05-29 14:53:21] INFO: Writing to disk took 7.57579 seconds
# [2024-05-29 14:53:21] INFO: ======================================================================
# [2024-05-29 14:53:21] INFO: Start sweeping...
# [2024-05-29 15:00:08] INFO: It took 407.342 seconds to do 500 HBOR sweeps.
# [2024-05-29 15:00:08] INFO: Plaquette = 0.653407
# [2024-05-29 15:00:08] INFO: Polyakov loop = (-0.00098764,-0.00125669)
# [2024-05-29 15:00:08] INFO: Writing conf to disk...
# [2024-05-29 15:00:08] INFO: writeconf_nersc: Writing NERSC configuration ./conf_s060t20_b0671320_a_U000719500
# [2024-05-29 15:00:11] INFO: Calculated checksum: 6927f2a1
# [2024-05-29 15:00:16] INFO: Calculated checksum: 298e7bd4
# [2024-05-29 15:00:16] INFO: Writing RNGSTATE file: ./rand_s060t20_b0671320_a_U000719500
# [2024-05-29 15:00:16] INFO: Writing to disk took 7.79367 seconds
# [2024-05-29 15:00:16] INFO: ======================================================================
# [2024-05-29 15:00:16] INFO: Start sweeping...
# [2024-05-29 15:07:03] INFO: It took 407.211 seconds to do 500 HBOR sweeps.
# [2024-05-29 15:07:03] INFO: Plaquette = 0.653494
# [2024-05-29 15:07:03] INFO: Polyakov loop = (-0.000364294,-0.000483976)
# [2024-05-29 15:07:03] INFO: Writing conf to disk...
# [2024-05-29 15:07:03] INFO: writeconf_nersc: Writing NERSC configuration ./conf_s060t20_b0671320_a_U000720000
# [2024-05-29 15:07:06] INFO: Calculated checksum: f1d66415
# [2024-05-29 15:07:11] INFO: Calculated checksum: 8f0c4a4c
# [2024-05-29 15:07:11] INFO: Writing RNGSTATE file: ./rand_s060t20_b0671320_a_U000720000
# [2024-05-29 15:07:11] INFO: Writing to disk took 7.85666 seconds
# [2024-05-29 15:07:11] INFO: ======================================================================
# [2024-05-29 15:07:11] INFO: Start sweeping...
# [2024-05-29 15:13:58] INFO: It took 407.13 seconds to do 500 HBOR sweeps.
# [2024-05-29 15:13:59] INFO: Plaquette = 0.653505
# [2024-05-29 15:13:59] INFO: Polyakov loop = (-0.000671247,-0.00118742)
# [2024-05-29 15:13:59] INFO: Writing conf to disk...
# [2024-05-29 15:13:59] INFO: writeconf_nersc: Writing NERSC configuration ./conf_s060t20_b0671320_a_U000720500
# [2024-05-29 15:14:01] INFO: Calculated checksum: 35cca1a8
# [2024-05-29 15:14:06] INFO: Calculated checksum: 268ec7b3
# [2024-05-29 15:14:06] INFO: Writing RNGSTATE file: ./rand_s060t20_b0671320_a_U000720500
# [2024-05-29 15:14:06] INFO: Writing to disk took 7.62036 seconds
# [2024-05-29 15:14:06] INFO: ======================================================================
# [2024-05-29 15:14:06] INFO: Start sweeping...
# [2024-05-29 15:20:53] INFO: It took 407.139 seconds to do 500 HBOR sweeps.
# [2024-05-29 15:20:53] INFO: Plaquette = 0.653558
# [2024-05-29 15:20:53] INFO: Polyakov loop = (-0.000217655,-0.00089536)
# [2024-05-29 15:20:53] INFO: Writing conf to disk...
# [2024-05-29 15:20:53] INFO: writeconf_nersc: Writing NERSC configuration ./conf_s060t20_b0671320_a_U000721000
# [2024-05-29 15:20:56] INFO: Calculated checksum: 13e81cbd
# [2024-05-29 15:21:01] INFO: Calculated checksum: c32cd2ba
# [2024-05-29 15:21:01] INFO: Writing RNGSTATE file: ./rand_s060t20_b0671320_a_U000721000
# [2024-05-29 15:21:01] INFO: Writing to disk took 7.6237 seconds
# [2024-05-29 15:21:01] INFO: ======================================================================
# [2024-05-29 15:21:01] INFO: Start sweeping...
# [2024-05-29 15:27:48] INFO: It took 407.095 seconds to do 500 HBOR sweeps.
# [2024-05-29 15:27:48] INFO: Plaquette = 0.653497
# [2024-05-29 15:27:48] INFO: Polyakov loop = (-0.00118108,-0.000728594)
# [2024-05-29 15:27:48] INFO: Writing conf to disk...
# [2024-05-29 15:27:48] INFO: writeconf_nersc: Writing NERSC configuration ./conf_s060t20_b0671320_a_U000721500
# [2024-05-29 15:27:51] INFO: Calculated checksum: dd4d04e4
# [2024-05-29 15:27:56] INFO: Calculated checksum: 5ec623b3
# [2024-05-29 15:27:56] INFO: Writing RNGSTATE file: ./rand_s060t20_b0671320_a_U000721500
# [2024-05-29 15:27:56] INFO: Writing to disk took 7.74935 seconds
# [2024-05-29 15:27:56] INFO: ======================================================================
# [2024-05-29 15:27:56] INFO: Start sweeping...
# [2024-05-29 15:34:43] INFO: It took 407.029 seconds to do 500 HBOR sweeps.
# [2024-05-29 15:34:43] INFO: Plaquette = 0.653548
# [2024-05-29 15:34:43] INFO: Polyakov loop = (-0.000845664,-0.000861489)
# [2024-05-29 15:34:43] INFO: Writing conf to disk...
# [2024-05-29 15:34:43] INFO: writeconf_nersc: Writing NERSC configuration ./conf_s060t20_b0671320_a_U000722000
# [2024-05-29 15:34:46] INFO: Calculated checksum: d0f76034
# [2024-05-29 15:34:50] INFO: Calculated checksum: c4b912fd
# [2024-05-29 15:34:50] INFO: Writing RNGSTATE file: ./rand_s060t20_b0671320_a_U000722000
# [2024-05-29 15:34:51] INFO: Writing to disk took 7.65869 seconds
# [2024-05-29 15:34:51] INFO: ======================================================================
# [2024-05-29 15:34:51] INFO: Start sweeping...
# [2024-05-29 15:41:38] INFO: It took 406.976 seconds to do 500 HBOR sweeps.
# [2024-05-29 15:41:38] INFO: Plaquette = 0.653425
# [2024-05-29 15:41:38] INFO: Polyakov loop = (-0.000319959,-0.00145343)
# [2024-05-29 15:41:38] INFO: Writing conf to disk...
# [2024-05-29 15:41:38] INFO: writeconf_nersc: Writing NERSC configuration ./conf_s060t20_b0671320_a_U000722500
# [2024-05-29 15:41:41] INFO: Calculated checksum: 730bb712
# [2024-05-29 15:41:45] INFO: Calculated checksum: 645ab89f
# [2024-05-29 15:41:45] INFO: Writing RNGSTATE file: ./rand_s060t20_b0671320_a_U000722500
# [2024-05-29 15:41:45] INFO: Writing to disk took 7.5834 seconds
# [2024-05-29 15:41:45] INFO: ======================================================================
# [2024-05-29 15:41:45] INFO: Start sweeping...
# [2024-05-29 15:48:32] INFO: It took 406.989 seconds to do 500 HBOR sweeps.
# [2024-05-29 15:48:32] INFO: Plaquette = 0.65351
# [2024-05-29 15:48:32] INFO: Polyakov loop = (-0.00116864,-0.00114353)
# [2024-05-29 15:48:32] INFO: Writing conf to disk...
# [2024-05-29 15:48:32] INFO: writeconf_nersc: Writing NERSC configuration ./conf_s060t20_b0671320_a_U000723000
# [2024-05-29 15:48:35] INFO: Calculated checksum: f755a6bb
# [2024-05-29 15:48:40] INFO: Calculated checksum: 164f38df
# [2024-05-29 15:48:40] INFO: Writing RNGSTATE file: ./rand_s060t20_b0671320_a_U000723000
# [2024-05-29 15:48:41] INFO: Writing to disk took 8.29794 seconds
# [2024-05-29 15:48:41] INFO: ======================================================================
# [2024-05-29 15:48:41] INFO: Start sweeping...
# [2024-05-29 15:55:28] INFO: It took 406.977 seconds to do 500 HBOR sweeps.
# [2024-05-29 15:55:28] INFO: Plaquette = 0.65336
# [2024-05-29 15:55:28] INFO: Polyakov loop = (-0.000238169,-0.00118743)
# [2024-05-29 15:55:28] INFO: Writing conf to disk...
# [2024-05-29 15:55:28] INFO: writeconf_nersc: Writing NERSC configuration ./conf_s060t20_b0671320_a_U000723500
# [2024-05-29 15:55:31] INFO: Calculated checksum: 10d6fc50
# [2024-05-29 15:55:35] INFO: Calculated checksum: 9aae9e45
# [2024-05-29 15:55:35] INFO: Writing RNGSTATE file: ./rand_s060t20_b0671320_a_U000723500
# [2024-05-29 15:55:36] INFO: Writing to disk took 7.9776 seconds
# [2024-05-29 15:55:36] INFO: ======================================================================
# [2024-05-29 15:55:36] INFO: Start sweeping...
# [2024-05-29 16:02:23] INFO: It took 407.086 seconds to do 500 HBOR sweeps.
# [2024-05-29 16:02:23] INFO: Plaquette = 0.65355
# [2024-05-29 16:02:23] INFO: Polyakov loop = (0.000153572,-0.000271815)
# [2024-05-29 16:02:23] INFO: Writing conf to disk...
# [2024-05-29 16:02:23] INFO: writeconf_nersc: Writing NERSC configuration ./conf_s060t20_b0671320_a_U000724000
# [2024-05-29 16:02:26] INFO: Calculated checksum: 447a8052
# [2024-05-29 16:02:30] INFO: Calculated checksum: 1e549290
# [2024-05-29 16:02:30] INFO: Writing RNGSTATE file: ./rand_s060t20_b0671320_a_U000724000
# [2024-05-29 16:02:30] INFO: Writing to disk took 7.63781 seconds
# [2024-05-29 16:02:30] INFO: ======================================================================
# [2024-05-29 16:02:30] INFO: Start sweeping...
# [2024-05-29 16:09:17] INFO: It took 407.053 seconds to do 500 HBOR sweeps.
# [2024-05-29 16:09:17] INFO: Plaquette = 0.653512
# [2024-05-29 16:09:17] INFO: Polyakov loop = (0.000965566,0.000820986)
# [2024-05-29 16:09:17] INFO: Writing conf to disk...
# [2024-05-29 16:09:17] INFO: writeconf_nersc: Writing NERSC configuration ./conf_s060t20_b0671320_a_U000724500
# [2024-05-29 16:09:20] INFO: Calculated checksum: fb8272c2
# [2024-05-29 16:09:25] INFO: Calculated checksum: 2f74e7fd
# [2024-05-29 16:09:25] INFO: Writing RNGSTATE file: ./rand_s060t20_b0671320_a_U000724500
# [2024-05-29 16:09:25] INFO: Writing to disk took 7.66204 seconds
# [2024-05-29 16:09:25] INFO: ======================================================================
# [2024-05-29 16:09:25] INFO: Start sweeping...
# [2024-05-29 16:16:10] INFO: It took 405.21 seconds to do 500 HBOR sweeps.
# [2024-05-29 16:16:10] INFO: Plaquette = 0.65348
# [2024-05-29 16:16:10] INFO: Polyakov loop = (0.00136615,-0.000998872)
# [2024-05-29 16:16:10] INFO: Writing conf to disk...
# [2024-05-29 16:16:10] INFO: writeconf_nersc: Writing NERSC configuration ./conf_s060t20_b0671320_a_U000725000
# [2024-05-29 16:16:13] INFO: Calculated checksum: 77b3f1ed
# [2024-05-29 16:16:18] INFO: Calculated checksum: d87f6f08
# [2024-05-29 16:16:18] INFO: Writing RNGSTATE file: ./rand_s060t20_b0671320_a_U000725000
# [2024-05-29 16:16:18] INFO: Writing to disk took 7.72351 seconds
# [2024-05-29 16:16:18] INFO: ======================================================================
# [2024-05-29 16:16:18] INFO: Start sweeping...
# [2024-05-29 16:23:04] INFO: It took 405.463 seconds to do 500 HBOR sweeps.
# [2024-05-29 16:23:04] INFO: Plaquette = 0.653584
# [2024-05-29 16:23:04] INFO: Polyakov loop = (0.00186959,-0.000253239)
# [2024-05-29 16:23:04] INFO: Writing conf to disk...
# [2024-05-29 16:23:04] INFO: writeconf_nersc: Writing NERSC configuration ./conf_s060t20_b0671320_a_U000725500
# [2024-05-29 16:23:07] INFO: Calculated checksum: c963e58c
# [2024-05-29 16:23:11] INFO: Calculated checksum: 7fa0395f
# [2024-05-29 16:23:11] INFO: Writing RNGSTATE file: ./rand_s060t20_b0671320_a_U000725500
# [2024-05-29 16:23:11] INFO: Writing to disk took 7.60487 seconds
# [2024-05-29 16:23:11] INFO: ======================================================================
# [2024-05-29 16:23:11] INFO: Start sweeping...
# [2024-05-29 16:29:57] INFO: It took 405.479 seconds to do 500 HBOR sweeps.
# [2024-05-29 16:29:57] INFO: Plaquette = 0.653499
# [2024-05-29 16:29:57] INFO: Polyakov loop = (0.000762023,0.000434089)
# [2024-05-29 16:29:57] INFO: Writing conf to disk...
# [2024-05-29 16:29:57] INFO: writeconf_nersc: Writing NERSC configuration ./conf_s060t20_b0671320_a_U000726000
# [2024-05-29 16:30:00] INFO: Calculated checksum: 6f379f25
# [2024-05-29 16:30:04] INFO: Calculated checksum: 4498f2c4
# [2024-05-29 16:30:04] INFO: Writing RNGSTATE file: ./rand_s060t20_b0671320_a_U000726000
# [2024-05-29 16:30:05] INFO: Writing to disk took 7.79731 seconds
# [2024-05-29 16:30:05] INFO: ======================================================================
# [2024-05-29 16:30:05] INFO: Start sweeping...
# [2024-05-29 16:36:50] INFO: It took 405.523 seconds to do 500 HBOR sweeps.
# [2024-05-29 16:36:50] INFO: Plaquette = 0.65353
# [2024-05-29 16:36:50] INFO: Polyakov loop = (0.000660234,0.000212348)
# [2024-05-29 16:36:50] INFO: Writing conf to disk...
# [2024-05-29 16:36:50] INFO: writeconf_nersc: Writing NERSC configuration ./conf_s060t20_b0671320_a_U000726500
# [2024-05-29 16:36:53] INFO: Calculated checksum: 719d9a36
# [2024-05-29 16:36:58] INFO: Calculated checksum: 8e4f8592
# [2024-05-29 16:36:58] INFO: Writing RNGSTATE file: ./rand_s060t20_b0671320_a_U000726500
# [2024-05-29 16:36:58] INFO: Writing to disk took 7.72654 seconds
# [2024-05-29 16:36:58] INFO: ======================================================================
# [2024-05-29 16:36:58] INFO: Start sweeping...
# [2024-05-29 16:43:43] INFO: It took 405.583 seconds to do 500 HBOR sweeps.
# [2024-05-29 16:43:43] INFO: Plaquette = 0.65346
# [2024-05-29 16:43:43] INFO: Polyakov loop = (0.00121043,-0.000827834)
# [2024-05-29 16:43:43] INFO: Writing conf to disk...
# [2024-05-29 16:43:43] INFO: writeconf_nersc: Writing NERSC configuration ./conf_s060t20_b0671320_a_U000727000
# [2024-05-29 16:43:46] INFO: Calculated checksum: 42c566f6
# [2024-05-29 16:43:51] INFO: Calculated checksum: f603f664
# [2024-05-29 16:43:51] INFO: Writing RNGSTATE file: ./rand_s060t20_b0671320_a_U000727000
# [2024-05-29 16:43:51] INFO: Writing to disk took 7.61747 seconds
# [2024-05-29 16:43:51] INFO: ======================================================================
# [2024-05-29 16:43:51] INFO: Start sweeping...
# [2024-05-29 16:50:37] INFO: It took 405.669 seconds to do 500 HBOR sweeps.
# [2024-05-29 16:50:37] INFO: Plaquette = 0.653551
# [2024-05-29 16:50:37] INFO: Polyakov loop = (0.00121981,0.000575237)
# [2024-05-29 16:50:37] INFO: Writing conf to disk...
# [2024-05-29 16:50:37] INFO: writeconf_nersc: Writing NERSC configuration ./conf_s060t20_b0671320_a_U000727500
# [2024-05-29 16:50:40] INFO: Calculated checksum: 9f22ff76
# [2024-05-29 16:50:45] INFO: Calculated checksum: 61c5d5dc
# [2024-05-29 16:50:45] INFO: Writing RNGSTATE file: ./rand_s060t20_b0671320_a_U000727500
# [2024-05-29 16:50:45] INFO: Writing to disk took 7.93629 seconds
# [2024-05-29 16:50:45] INFO: ======================================================================
# [2024-05-29 16:50:45] INFO: Start sweeping...
# [2024-05-29 16:57:32] INFO: It took 407.493 seconds to do 500 HBOR sweeps.
# [2024-05-29 16:57:32] INFO: Plaquette = 0.653442
# [2024-05-29 16:57:32] INFO: Polyakov loop = (0.00125758,0.000711155)
# [2024-05-29 16:57:32] INFO: Writing conf to disk...
# [2024-05-29 16:57:32] INFO: writeconf_nersc: Writing NERSC configuration ./conf_s060t20_b0671320_a_U000728000
# [2024-05-29 16:57:35] INFO: Calculated checksum: f68da32f
# [2024-05-29 16:57:40] INFO: Calculated checksum: 93413d00
# [2024-05-29 16:57:40] INFO: Writing RNGSTATE file: ./rand_s060t20_b0671320_a_U000728000
# [2024-05-29 16:57:40] INFO: Writing to disk took 7.58044 seconds
# [2024-05-29 16:57:40] INFO: ======================================================================
# [2024-05-29 16:57:40] INFO: Start sweeping...
# [2024-05-29 17:04:27] INFO: It took 407.493 seconds to do 500 HBOR sweeps.
# [2024-05-29 17:04:27] INFO: Plaquette = 0.653459
# [2024-05-29 17:04:27] INFO: Polyakov loop = (-0.000458475,0.00143711)
# [2024-05-29 17:04:27] INFO: Writing conf to disk...
# [2024-05-29 17:04:27] INFO: writeconf_nersc: Writing NERSC configuration ./conf_s060t20_b0671320_a_U000728500
# [2024-05-29 17:04:30] INFO: Calculated checksum: 1e3f3851
# [2024-05-29 17:04:35] INFO: Calculated checksum: 6e2dea2c
# [2024-05-29 17:04:35] INFO: Writing RNGSTATE file: ./rand_s060t20_b0671320_a_U000728500
# [2024-05-29 17:04:35] INFO: Writing to disk took 7.79606 seconds
# [2024-05-29 17:04:35] INFO: ======================================================================
# [2024-05-29 17:04:35] INFO: Start sweeping...
# [2024-05-29 17:11:23] INFO: It took 407.563 seconds to do 500 HBOR sweeps.
# [2024-05-29 17:11:23] INFO: Plaquette = 0.653545
# [2024-05-29 17:11:23] INFO: Polyakov loop = (0.000107768,-0.00104663)
# [2024-05-29 17:11:23] INFO: Writing conf to disk...
# [2024-05-29 17:11:23] INFO: writeconf_nersc: Writing NERSC configuration ./conf_s060t20_b0671320_a_U000729000
# [2024-05-29 17:11:26] INFO: Calculated checksum: ebcadde6
# [2024-05-29 17:11:30] INFO: Calculated checksum: 5cd026fb
# [2024-05-29 17:11:30] INFO: Writing RNGSTATE file: ./rand_s060t20_b0671320_a_U000729000
# [2024-05-29 17:11:30] INFO: Writing to disk took 7.57789 seconds
# [2024-05-29 17:11:30] INFO: ======================================================================
# [2024-05-29 17:11:30] INFO: Start sweeping...
# [2024-05-29 17:18:18] INFO: It took 407.413 seconds to do 500 HBOR sweeps.
# [2024-05-29 17:18:18] INFO: Plaquette = 0.653518
# [2024-05-29 17:18:18] INFO: Polyakov loop = (0.000283307,0.000268511)
# [2024-05-29 17:18:18] INFO: Writing conf to disk...
# [2024-05-29 17:18:18] INFO: writeconf_nersc: Writing NERSC configuration ./conf_s060t20_b0671320_a_U000729500
# [2024-05-29 17:18:21] INFO: Calculated checksum: 20327f7a
# [2024-05-29 17:18:25] INFO: Calculated checksum: e91d1ab4
# [2024-05-29 17:18:25] INFO: Writing RNGSTATE file: ./rand_s060t20_b0671320_a_U000729500
# [2024-05-29 17:18:25] INFO: Writing to disk took 7.60706 seconds
# [2024-05-29 17:18:25] INFO: ======================================================================
# [2024-05-29 17:18:25] INFO: Start sweeping...
# [2024-05-29 17:25:13] INFO: It took 407.148 seconds to do 500 HBOR sweeps.
# [2024-05-29 17:25:13] INFO: Plaquette = 0.653496
# [2024-05-29 17:25:13] INFO: Polyakov loop = (7.32256e-05,-0.00022214)
# [2024-05-29 17:25:13] INFO: Writing conf to disk...
# [2024-05-29 17:25:13] INFO: writeconf_nersc: Writing NERSC configuration ./conf_s060t20_b0671320_a_U000730000
# [2024-05-29 17:25:16] INFO: Calculated checksum: 79206f50
# [2024-05-29 17:25:20] INFO: Calculated checksum: 58a465fb
# [2024-05-29 17:25:20] INFO: Writing RNGSTATE file: ./rand_s060t20_b0671320_a_U000730000
# [2024-05-29 17:25:20] INFO: Writing to disk took 7.78825 seconds
# [2024-05-29 17:25:20] INFO: ======================================================================
# [2024-05-29 17:25:20] INFO: Start sweeping...
# [2024-05-29 17:32:08] INFO: It took 407.635 seconds to do 500 HBOR sweeps.
# [2024-05-29 17:32:08] INFO: Plaquette = 0.653483
# [2024-05-29 17:32:08] INFO: Polyakov loop = (0.000286102,-0.000116272)
# [2024-05-29 17:32:08] INFO: Writing conf to disk...
# [2024-05-29 17:32:08] INFO: writeconf_nersc: Writing NERSC configuration ./conf_s060t20_b0671320_a_U000730500
# [2024-05-29 17:32:11] INFO: Calculated checksum: b8cb0e57
# [2024-05-29 17:32:16] INFO: Calculated checksum: c8408d4e
# [2024-05-29 17:32:16] INFO: Writing RNGSTATE file: ./rand_s060t20_b0671320_a_U000730500
# [2024-05-29 17:32:16] INFO: Writing to disk took 7.68684 seconds
# [2024-05-29 17:32:16] INFO: ======================================================================
# [2024-05-29 17:32:16] INFO: Start sweeping...
# [2024-05-29 17:39:03] INFO: It took 407.436 seconds to do 500 HBOR sweeps.
# [2024-05-29 17:39:03] INFO: Plaquette = 0.653561
# [2024-05-29 17:39:03] INFO: Polyakov loop = (0.00132495,-4.04723e-05)
# [2024-05-29 17:39:03] INFO: Writing conf to disk...
# [2024-05-29 17:39:03] INFO: writeconf_nersc: Writing NERSC configuration ./conf_s060t20_b0671320_a_U000731000
# [2024-05-29 17:39:06] INFO: Calculated checksum: 6a55d573
# [2024-05-29 17:39:11] INFO: Calculated checksum: da15344a
# [2024-05-29 17:39:11] INFO: Writing RNGSTATE file: ./rand_s060t20_b0671320_a_U000731000
# [2024-05-29 17:39:11] INFO: Writing to disk took 7.69479 seconds
# [2024-05-29 17:39:11] INFO: ======================================================================
# [2024-05-29 17:39:11] INFO: Start sweeping...
# [2024-05-29 17:45:58] INFO: It took 407.209 seconds to do 500 HBOR sweeps.
# [2024-05-29 17:45:58] INFO: Plaquette = 0.653516
# [2024-05-29 17:45:58] INFO: Polyakov loop = (0.000180761,-6.76053e-05)
# [2024-05-29 17:45:58] INFO: Writing conf to disk...
# [2024-05-29 17:45:58] INFO: writeconf_nersc: Writing NERSC configuration ./conf_s060t20_b0671320_a_U000731500
# [2024-05-29 17:46:01] INFO: Calculated checksum: 13d537ca
# [2024-05-29 17:46:06] INFO: Calculated checksum: 9adb6434
# [2024-05-29 17:46:06] INFO: Writing RNGSTATE file: ./rand_s060t20_b0671320_a_U000731500
# [2024-05-29 17:46:06] INFO: Writing to disk took 7.61193 seconds
# [2024-05-29 17:46:06] INFO: ======================================================================
# [2024-05-29 17:46:06] INFO: Start sweeping...
# [2024-05-29 17:52:53] INFO: It took 407.082 seconds to do 500 HBOR sweeps.
# [2024-05-29 17:52:53] INFO: Plaquette = 0.653498
# [2024-05-29 17:52:53] INFO: Polyakov loop = (0.000337376,-0.000399827)
# [2024-05-29 17:52:53] INFO: Writing conf to disk...
# [2024-05-29 17:52:53] INFO: writeconf_nersc: Writing NERSC configuration ./conf_s060t20_b0671320_a_U000732000
# [2024-05-29 17:52:56] INFO: Calculated checksum: 3c0f1acb
# [2024-05-29 17:53:00] INFO: Calculated checksum: 14187bdc
# [2024-05-29 17:53:00] INFO: Writing RNGSTATE file: ./rand_s060t20_b0671320_a_U000732000
# [2024-05-29 17:53:00] INFO: Writing to disk took 7.30097 seconds
# [2024-05-29 17:53:00] INFO: ======================================================================
# [2024-05-29 17:53:00] INFO: Start sweeping...
# [2024-05-29 17:59:46] INFO: It took 405.688 seconds to do 500 HBOR sweeps.
# [2024-05-29 17:59:46] INFO: Plaquette = 0.653498
# [2024-05-29 17:59:46] INFO: Polyakov loop = (0.000150194,0.000241836)
# [2024-05-29 17:59:46] INFO: Writing conf to disk...
# [2024-05-29 17:59:46] INFO: writeconf_nersc: Writing NERSC configuration ./conf_s060t20_b0671320_a_U000732500
# [2024-05-29 17:59:49] INFO: Calculated checksum: 22074e6c
# [2024-05-29 17:59:53] INFO: Calculated checksum: d34ef81c
# [2024-05-29 17:59:53] INFO: Writing RNGSTATE file: ./rand_s060t20_b0671320_a_U000732500
# [2024-05-29 17:59:53] INFO: Writing to disk took 7.4295 seconds
# [2024-05-29 17:59:53] INFO: ======================================================================
# [2024-05-29 17:59:53] INFO: Start sweeping...
# [2024-05-29 18:06:39] INFO: It took 405.815 seconds to do 500 HBOR sweeps.
# [2024-05-29 18:06:39] INFO: Plaquette = 0.653468
# [2024-05-29 18:06:39] INFO: Polyakov loop = (0.000615686,0.00058872)
# [2024-05-29 18:06:39] INFO: Writing conf to disk...
# [2024-05-29 18:06:39] INFO: writeconf_nersc: Writing NERSC configuration ./conf_s060t20_b0671320_a_U000733000
# [2024-05-29 18:06:42] INFO: Calculated checksum: c3611977
# [2024-05-29 18:06:47] INFO: Calculated checksum: 5c940234
# [2024-05-29 18:06:47] INFO: Writing RNGSTATE file: ./rand_s060t20_b0671320_a_U000733000
# [2024-05-29 18:06:47] INFO: Writing to disk took 7.36886 seconds
# [2024-05-29 18:06:47] INFO: ======================================================================
# [2024-05-29 18:06:47] INFO: Start sweeping...
# [2024-05-29 18:13:33] INFO: It took 405.99 seconds to do 500 HBOR sweeps.
# [2024-05-29 18:13:33] INFO: Plaquette = 0.653597
# [2024-05-29 18:13:33] INFO: Polyakov loop = (0.000369389,-0.000928717)
# [2024-05-29 18:13:33] INFO: Writing conf to disk...
# [2024-05-29 18:13:33] INFO: writeconf_nersc: Writing NERSC configuration ./conf_s060t20_b0671320_a_U000733500
# [2024-05-29 18:13:36] INFO: Calculated checksum: ad470af8
# [2024-05-29 18:13:40] INFO: Calculated checksum: 17e1eae9
# [2024-05-29 18:13:40] INFO: Writing RNGSTATE file: ./rand_s060t20_b0671320_a_U000733500
# [2024-05-29 18:13:40] INFO: Writing to disk took 7.54041 seconds
# [2024-05-29 18:13:40] INFO: ======================================================================
# [2024-05-29 18:13:40] INFO: Start sweeping...
# [2024-05-29 18:20:27] INFO: It took 406.479 seconds to do 500 HBOR sweeps.
# [2024-05-29 18:20:27] INFO: Plaquette = 0.653472
# [2024-05-29 18:20:27] INFO: Polyakov loop = (-0.000585558,-0.000883466)
# [2024-05-29 18:20:27] INFO: Writing conf to disk...
# [2024-05-29 18:20:27] INFO: writeconf_nersc: Writing NERSC configuration ./conf_s060t20_b0671320_a_U000734000
# [2024-05-29 18:20:30] INFO: Calculated checksum: 8b737696
# [2024-05-29 18:20:34] INFO: Calculated checksum: 602669ca
# [2024-05-29 18:20:34] INFO: Writing RNGSTATE file: ./rand_s060t20_b0671320_a_U000734000
# [2024-05-29 18:20:34] INFO: Writing to disk took 7.41503 seconds
# [2024-05-29 18:20:34] INFO: ======================================================================
# [2024-05-29 18:20:34] INFO: Start sweeping...
# [2024-05-29 18:27:21] INFO: It took 406.572 seconds to do 500 HBOR sweeps.
# [2024-05-29 18:27:21] INFO: Plaquette = 0.653598
# [2024-05-29 18:27:21] INFO: Polyakov loop = (-6.88374e-05,-0.000673866)
# [2024-05-29 18:27:21] INFO: Writing conf to disk...
# [2024-05-29 18:27:21] INFO: writeconf_nersc: Writing NERSC configuration ./conf_s060t20_b0671320_a_U000734500
# [2024-05-29 18:27:24] INFO: Calculated checksum: 2445f67f
# [2024-05-29 18:27:28] INFO: Calculated checksum: 8a0aa712
# [2024-05-29 18:27:28] INFO: Writing RNGSTATE file: ./rand_s060t20_b0671320_a_U000734500
# [2024-05-29 18:27:28] INFO: Writing to disk took 7.43225 seconds
# [2024-05-29 18:27:28] INFO: ======================================================================
# [2024-05-29 18:27:28] INFO: Start sweeping...
# [2024-05-29 18:34:16] INFO: It took 407.389 seconds to do 500 HBOR sweeps.
# [2024-05-29 18:34:16] INFO: Plaquette = 0.653365
# [2024-05-29 18:34:16] INFO: Polyakov loop = (0.000331762,0.000510328)
# [2024-05-29 18:34:16] INFO: Writing conf to disk...
# [2024-05-29 18:34:16] INFO: writeconf_nersc: Writing NERSC configuration ./conf_s060t20_b0671320_a_U000735000
# [2024-05-29 18:34:19] INFO: Calculated checksum: 3b388e27
# [2024-05-29 18:34:23] INFO: Calculated checksum: 163e6f3
# [2024-05-29 18:34:23] INFO: Writing RNGSTATE file: ./rand_s060t20_b0671320_a_U000735000
# [2024-05-29 18:34:23] INFO: Writing to disk took 7.72005 seconds
# [2024-05-29 18:34:23] INFO: ======================================================================
# [2024-05-29 18:34:23] INFO: Start sweeping...
# [2024-05-29 18:41:11] INFO: It took 407.422 seconds to do 500 HBOR sweeps.
# [2024-05-29 18:41:11] INFO: Plaquette = 0.653525
# [2024-05-29 18:41:11] INFO: Polyakov loop = (0.000130136,-0.000143584)
# [2024-05-29 18:41:11] INFO: Writing conf to disk...
# [2024-05-29 18:41:11] INFO: writeconf_nersc: Writing NERSC configuration ./conf_s060t20_b0671320_a_U000735500
# [2024-05-29 18:41:14] INFO: Calculated checksum: 32cee745
# [2024-05-29 18:41:19] INFO: Calculated checksum: 3ab8073f
# [2024-05-29 18:41:19] INFO: Writing RNGSTATE file: ./rand_s060t20_b0671320_a_U000735500
# [2024-05-29 18:41:19] INFO: Writing to disk took 7.73316 seconds
# [2024-05-29 18:41:19] INFO: ======================================================================
# [2024-05-29 18:41:19] INFO: Start sweeping...
# [2024-05-29 18:48:06] INFO: It took 406.978 seconds to do 500 HBOR sweeps.
# [2024-05-29 18:48:06] INFO: Plaquette = 0.653433
# [2024-05-29 18:48:06] INFO: Polyakov loop = (0.000726324,-0.000629841)
# [2024-05-29 18:48:06] INFO: Writing conf to disk...
# [2024-05-29 18:48:06] INFO: writeconf_nersc: Writing NERSC configuration ./conf_s060t20_b0671320_a_U000736000
# [2024-05-29 18:48:09] INFO: Calculated checksum: 1d12274f
# [2024-05-29 18:48:13] INFO: Calculated checksum: b99a6332
# [2024-05-29 18:48:13] INFO: Writing RNGSTATE file: ./rand_s060t20_b0671320_a_U000736000
# [2024-05-29 18:48:13] INFO: Writing to disk took 7.64142 seconds
# [2024-05-29 18:48:13] INFO: ======================================================================
# [2024-05-29 18:48:13] INFO: Start sweeping...
# [2024-05-29 18:55:01] INFO: It took 407.311 seconds to do 500 HBOR sweeps.
# [2024-05-29 18:55:01] INFO: Plaquette = 0.653515
# [2024-05-29 18:55:01] INFO: Polyakov loop = (-0.000496772,0.000224382)
# [2024-05-29 18:55:01] INFO: Writing conf to disk...
# [2024-05-29 18:55:01] INFO: writeconf_nersc: Writing NERSC configuration ./conf_s060t20_b0671320_a_U000736500
# [2024-05-29 18:55:04] INFO: Calculated checksum: 6270dbf9
# [2024-05-29 18:55:08] INFO: Calculated checksum: 29466e27
# [2024-05-29 18:55:08] INFO: Writing RNGSTATE file: ./rand_s060t20_b0671320_a_U000736500
# [2024-05-29 18:55:08] INFO: Writing to disk took 7.6406 seconds
# [2024-05-29 18:55:08] INFO: ======================================================================
# [2024-05-29 18:55:08] INFO: Start sweeping...
# [2024-05-29 19:01:56] INFO: It took 407.342 seconds to do 500 HBOR sweeps.
# [2024-05-29 19:01:56] INFO: Plaquette = 0.653519
# [2024-05-29 19:01:56] INFO: Polyakov loop = (0.000507912,0.000119729)
# [2024-05-29 19:01:56] INFO: Writing conf to disk...
# [2024-05-29 19:01:56] INFO: writeconf_nersc: Writing NERSC configuration ./conf_s060t20_b0671320_a_U000737000
# [2024-05-29 19:01:59] INFO: Calculated checksum: b626152c
# [2024-05-29 19:02:03] INFO: Calculated checksum: 33aa25c9
# [2024-05-29 19:02:03] INFO: Writing RNGSTATE file: ./rand_s060t20_b0671320_a_U000737000
# [2024-05-29 19:02:03] INFO: Writing to disk took 7.59508 seconds
# [2024-05-29 19:02:03] INFO: ======================================================================
# [2024-05-29 19:02:03] INFO: Start sweeping...
# [2024-05-29 19:08:51] INFO: It took 407.29 seconds to do 500 HBOR sweeps.
# [2024-05-29 19:08:51] INFO: Plaquette = 0.653529
# [2024-05-29 19:08:51] INFO: Polyakov loop = (0.00128342,0.000392925)
# [2024-05-29 19:08:51] INFO: Writing conf to disk...
# [2024-05-29 19:08:51] INFO: writeconf_nersc: Writing NERSC configuration ./conf_s060t20_b0671320_a_U000737500
# [2024-05-29 19:08:54] INFO: Calculated checksum: 2b351352
# [2024-05-29 19:08:59] INFO: Calculated checksum: 91d6d3fa
# [2024-05-29 19:08:59] INFO: Writing RNGSTATE file: ./rand_s060t20_b0671320_a_U000737500
# [2024-05-29 19:08:59] INFO: Writing to disk took 8.20857 seconds
# [2024-05-29 19:08:59] INFO: ======================================================================
# [2024-05-29 19:08:59] INFO: Start sweeping...
# [2024-05-29 19:15:46] INFO: It took 406.937 seconds to do 500 HBOR sweeps.
# [2024-05-29 19:15:46] INFO: Plaquette = 0.653504
# [2024-05-29 19:15:46] INFO: Polyakov loop = (0.000394101,0.000406076)
# [2024-05-29 19:15:46] INFO: Writing conf to disk...
# [2024-05-29 19:15:46] INFO: writeconf_nersc: Writing NERSC configuration ./conf_s060t20_b0671320_a_U000738000
# [2024-05-29 19:15:49] INFO: Calculated checksum: d8ec59f2
# [2024-05-29 19:15:55] INFO: Calculated checksum: f0b537e8
# [2024-05-29 19:15:55] INFO: Writing RNGSTATE file: ./rand_s060t20_b0671320_a_U000738000
# [2024-05-29 19:15:55] INFO: Writing to disk took 8.75339 seconds
# [2024-05-29 19:15:55] INFO: ======================================================================
# [2024-05-29 19:15:55] INFO: Start sweeping...
# [2024-05-29 19:22:42] INFO: It took 406.918 seconds to do 500 HBOR sweeps.
# [2024-05-29 19:22:42] INFO: Plaquette = 0.653517
# [2024-05-29 19:22:42] INFO: Polyakov loop = (0.00245501,0.00103854)
# [2024-05-29 19:22:42] INFO: Writing conf to disk...
# [2024-05-29 19:22:42] INFO: writeconf_nersc: Writing NERSC configuration ./conf_s060t20_b0671320_a_U000738500
# [2024-05-29 19:22:44] INFO: Calculated checksum: a2243641
# [2024-05-29 19:22:49] INFO: Calculated checksum: 1ac96cc8
# [2024-05-29 19:22:49] INFO: Writing RNGSTATE file: ./rand_s060t20_b0671320_a_U000738500
# [2024-05-29 19:22:49] INFO: Writing to disk took 7.66178 seconds
# [2024-05-29 19:22:49] INFO: ======================================================================
# [2024-05-29 19:22:49] INFO: Start sweeping...
# [2024-05-29 19:29:36] INFO: It took 406.837 seconds to do 500 HBOR sweeps.
# [2024-05-29 19:29:36] INFO: Plaquette = 0.653513
# [2024-05-29 19:29:36] INFO: Polyakov loop = (0.0022081,-7.41082e-06)
# [2024-05-29 19:29:36] INFO: Writing conf to disk...
# [2024-05-29 19:29:36] INFO: writeconf_nersc: Writing NERSC configuration ./conf_s060t20_b0671320_a_U000739000
# [2024-05-29 19:29:39] INFO: Calculated checksum: 539786bc
# [2024-05-29 19:29:44] INFO: Calculated checksum: 84b4c78f
# [2024-05-29 19:29:44] INFO: Writing RNGSTATE file: ./rand_s060t20_b0671320_a_U000739000
# [2024-05-29 19:29:44] INFO: Writing to disk took 7.76604 seconds
# [2024-05-29 19:29:44] INFO: ======================================================================
# [2024-05-29 19:29:44] INFO: Start sweeping...
# [2024-05-29 19:36:31] INFO: It took 407.036 seconds to do 500 HBOR sweeps.
# [2024-05-29 19:36:31] INFO: Plaquette = 0.653482
# [2024-05-29 19:36:31] INFO: Polyakov loop = (0.000254498,-0.000976133)
# [2024-05-29 19:36:31] INFO: Writing conf to disk...
# [2024-05-29 19:36:31] INFO: writeconf_nersc: Writing NERSC configuration ./conf_s060t20_b0671320_a_U000739500
# [2024-05-29 19:36:34] INFO: Calculated checksum: 857e3aec
# [2024-05-29 19:36:39] INFO: Calculated checksum: 95c992bc
# [2024-05-29 19:36:39] INFO: Writing RNGSTATE file: ./rand_s060t20_b0671320_a_U000739500
# [2024-05-29 19:36:39] INFO: Writing to disk took 7.64144 seconds
# [2024-05-29 19:36:39] INFO: ======================================================================
# [2024-05-29 19:36:39] INFO: Start sweeping...
# [2024-05-29 19:43:26] INFO: It took 406.95 seconds to do 500 HBOR sweeps.
# [2024-05-29 19:43:26] INFO: Plaquette = 0.653536
# [2024-05-29 19:43:26] INFO: Polyakov loop = (-0.00132127,-0.000571483)
# [2024-05-29 19:43:26] INFO: Writing conf to disk...
# [2024-05-29 19:43:26] INFO: writeconf_nersc: Writing NERSC configuration ./conf_s060t20_b0671320_a_U000740000
# [2024-05-29 19:43:29] INFO: Calculated checksum: d89c88dd
# [2024-05-29 19:43:34] INFO: Calculated checksum: dfd9f417
# [2024-05-29 19:43:34] INFO: Writing RNGSTATE file: ./rand_s060t20_b0671320_a_U000740000
# [2024-05-29 19:43:34] INFO: Writing to disk took 8.38578 seconds
# [2024-05-29 19:43:34] INFO: ======================================================================
# [2024-05-29 19:43:34] INFO: Start sweeping...
# [2024-05-29 19:50:21] INFO: It took 407.07 seconds to do 500 HBOR sweeps.
# [2024-05-29 19:50:21] INFO: Plaquette = 0.653612
# [2024-05-29 19:50:21] INFO: Polyakov loop = (-0.000263159,1.18334e-05)
# [2024-05-29 19:50:21] INFO: Writing conf to disk...
# [2024-05-29 19:50:21] INFO: writeconf_nersc: Writing NERSC configuration ./conf_s060t20_b0671320_a_U000740500
# [2024-05-29 19:50:24] INFO: Calculated checksum: e4c7eacb
# [2024-05-29 19:50:29] INFO: Calculated checksum: c10d3a23
# [2024-05-29 19:50:29] INFO: Writing RNGSTATE file: ./rand_s060t20_b0671320_a_U000740500
# [2024-05-29 19:50:29] INFO: Writing to disk took 8.01222 seconds
# [2024-05-29 19:50:29] INFO: ======================================================================
# [2024-05-29 19:50:29] INFO: Start sweeping...
# [2024-05-29 19:57:16] INFO: It took 407.219 seconds to do 500 HBOR sweeps.
# [2024-05-29 19:57:16] INFO: Plaquette = 0.65355
# [2024-05-29 19:57:16] INFO: Polyakov loop = (0.000643796,6.37921e-05)
# [2024-05-29 19:57:16] INFO: Writing conf to disk...
# [2024-05-29 19:57:16] INFO: writeconf_nersc: Writing NERSC configuration ./conf_s060t20_b0671320_a_U000741000
# [2024-05-29 19:57:19] INFO: Calculated checksum: 4a966f9d
# [2024-05-29 19:57:24] INFO: Calculated checksum: 210b47b3
# [2024-05-29 19:57:24] INFO: Writing RNGSTATE file: ./rand_s060t20_b0671320_a_U000741000
# [2024-05-29 19:57:24] INFO: Writing to disk took 7.59252 seconds
# [2024-05-29 19:57:24] INFO: ======================================================================
# [2024-05-29 19:57:24] INFO: Start sweeping...
# [2024-05-29 20:04:11] INFO: It took 406.8 seconds to do 500 HBOR sweeps.
# [2024-05-29 20:04:11] INFO: Plaquette = 0.653515
# [2024-05-29 20:04:11] INFO: Polyakov loop = (0.00137036,-0.000594219)
# [2024-05-29 20:04:11] INFO: Writing conf to disk...
# [2024-05-29 20:04:11] INFO: writeconf_nersc: Writing NERSC configuration ./conf_s060t20_b0671320_a_U000741500
# [2024-05-29 20:04:14] INFO: Calculated checksum: a39d2117
# [2024-05-29 20:04:18] INFO: Calculated checksum: 4a5303e8
# [2024-05-29 20:04:18] INFO: Writing RNGSTATE file: ./rand_s060t20_b0671320_a_U000741500
# [2024-05-29 20:04:18] INFO: Writing to disk took 7.58268 seconds
# [2024-05-29 20:04:18] INFO: ======================================================================
# [2024-05-29 20:04:18] INFO: Start sweeping...
# [2024-05-29 20:11:05] INFO: It took 406.976 seconds to do 500 HBOR sweeps.
# [2024-05-29 20:11:06] INFO: Plaquette = 0.653468
# [2024-05-29 20:11:06] INFO: Polyakov loop = (0.000356667,-9.74346e-05)
# [2024-05-29 20:11:06] INFO: Writing conf to disk...
# [2024-05-29 20:11:06] INFO: writeconf_nersc: Writing NERSC configuration ./conf_s060t20_b0671320_a_U000742000
# [2024-05-29 20:11:08] INFO: Calculated checksum: 9389ef13
# [2024-05-29 20:11:13] INFO: Calculated checksum: bdfa3c45
# [2024-05-29 20:11:13] INFO: Writing RNGSTATE file: ./rand_s060t20_b0671320_a_U000742000
# [2024-05-29 20:11:13] INFO: Writing to disk took 7.64449 seconds
# [2024-05-29 20:11:13] INFO: ======================================================================
# [2024-05-29 20:11:13] INFO: Start sweeping...
# [2024-05-29 20:18:00] INFO: It took 406.799 seconds to do 500 HBOR sweeps.
# [2024-05-29 20:18:00] INFO: Plaquette = 0.653501
# [2024-05-29 20:18:00] INFO: Polyakov loop = (-0.000180294,-0.000147624)
# [2024-05-29 20:18:00] INFO: Writing conf to disk...
# [2024-05-29 20:18:00] INFO: writeconf_nersc: Writing NERSC configuration ./conf_s060t20_b0671320_a_U000742500
# [2024-05-29 20:18:03] INFO: Calculated checksum: a428fbdd
# [2024-05-29 20:18:08] INFO: Calculated checksum: 1540f8fa
# [2024-05-29 20:18:08] INFO: Writing RNGSTATE file: ./rand_s060t20_b0671320_a_U000742500
# [2024-05-29 20:18:08] INFO: Writing to disk took 7.60583 seconds
# [2024-05-29 20:18:08] INFO: ======================================================================
# [2024-05-29 20:18:08] INFO: Start sweeping...
# [2024-05-29 20:24:54] INFO: It took 406.743 seconds to do 500 HBOR sweeps.
# [2024-05-29 20:24:54] INFO: Plaquette = 0.653553
# [2024-05-29 20:24:54] INFO: Polyakov loop = (0.000535422,-5.33481e-05)
# [2024-05-29 20:24:54] INFO: Writing conf to disk...
# [2024-05-29 20:24:54] INFO: writeconf_nersc: Writing NERSC configuration ./conf_s060t20_b0671320_a_U000743000
# [2024-05-29 20:24:57] INFO: Calculated checksum: c549bf38
# [2024-05-29 20:25:02] INFO: Calculated checksum: 8ddd6c3
# [2024-05-29 20:25:02] INFO: Writing RNGSTATE file: ./rand_s060t20_b0671320_a_U000743000
# [2024-05-29 20:25:02] INFO: Writing to disk took 7.59981 seconds
# [2024-05-29 20:25:02] INFO: ======================================================================
# [2024-05-29 20:25:02] INFO: Start sweeping...
# [2024-05-29 20:31:50] INFO: It took 408.414 seconds to do 500 HBOR sweeps.
# [2024-05-29 20:31:50] INFO: Plaquette = 0.653376
# [2024-05-29 20:31:50] INFO: Polyakov loop = (-0.000139017,0.000709934)
# [2024-05-29 20:31:50] INFO: Writing conf to disk...
# [2024-05-29 20:31:50] INFO: writeconf_nersc: Writing NERSC configuration ./conf_s060t20_b0671320_a_U000743500
# [2024-05-29 20:31:53] INFO: Calculated checksum: 5d188f06
# [2024-05-29 20:31:58] INFO: Calculated checksum: 518eb90c
# [2024-05-29 20:31:58] INFO: Writing RNGSTATE file: ./rand_s060t20_b0671320_a_U000743500
# [2024-05-29 20:31:58] INFO: Writing to disk took 7.58347 seconds
# [2024-05-29 20:31:58] INFO: ======================================================================
# [2024-05-29 20:31:58] INFO: Start sweeping...
# [2024-05-29 20:38:45] INFO: It took 406.539 seconds to do 500 HBOR sweeps.
# [2024-05-29 20:38:45] INFO: Plaquette = 0.653477
# [2024-05-29 20:38:45] INFO: Polyakov loop = (-0.00127177,-0.000314533)
# [2024-05-29 20:38:45] INFO: Writing conf to disk...
# [2024-05-29 20:38:45] INFO: writeconf_nersc: Writing NERSC configuration ./conf_s060t20_b0671320_a_U000744000
# [2024-05-29 20:38:48] INFO: Calculated checksum: a49fb65a
# [2024-05-29 20:38:52] INFO: Calculated checksum: d66c52a1
# [2024-05-29 20:38:52] INFO: Writing RNGSTATE file: ./rand_s060t20_b0671320_a_U000744000
# [2024-05-29 20:38:52] INFO: Writing to disk took 7.62152 seconds
# [2024-05-29 20:38:52] INFO: ======================================================================
# [2024-05-29 20:38:52] INFO: Start sweeping...
# [2024-05-29 20:45:41] INFO: It took 408.401 seconds to do 500 HBOR sweeps.
# [2024-05-29 20:45:41] INFO: Plaquette = 0.653511
# [2024-05-29 20:45:41] INFO: Polyakov loop = (-0.00101158,-0.000537862)
# [2024-05-29 20:45:41] INFO: Writing conf to disk...
# [2024-05-29 20:45:41] INFO: writeconf_nersc: Writing NERSC configuration ./conf_s060t20_b0671320_a_U000744500
# [2024-05-29 20:45:44] INFO: Calculated checksum: 3ab13b78
# [2024-05-29 20:45:48] INFO: Calculated checksum: 9ae2cbc1
# [2024-05-29 20:45:48] INFO: Writing RNGSTATE file: ./rand_s060t20_b0671320_a_U000744500
# [2024-05-29 20:45:48] INFO: Writing to disk took 7.42825 seconds
# [2024-05-29 20:45:48] INFO: ======================================================================
# [2024-05-29 20:45:48] INFO: Start sweeping...
# [2024-05-29 20:52:36] INFO: It took 407.812 seconds to do 500 HBOR sweeps.
# [2024-05-29 20:52:36] INFO: Plaquette = 0.653536
# [2024-05-29 20:52:36] INFO: Polyakov loop = (-0.000152362,0.00125753)
# [2024-05-29 20:52:36] INFO: Writing conf to disk...
# [2024-05-29 20:52:36] INFO: writeconf_nersc: Writing NERSC configuration ./conf_s060t20_b0671320_a_U000745000
# [2024-05-29 20:52:39] INFO: Calculated checksum: 742d8927
# [2024-05-29 20:52:44] INFO: Calculated checksum: 1ec599c7
# [2024-05-29 20:52:44] INFO: Writing RNGSTATE file: ./rand_s060t20_b0671320_a_U000745000
# [2024-05-29 20:52:44] INFO: Writing to disk took 7.62285 seconds
# [2024-05-29 20:52:44] INFO: ======================================================================
# [2024-05-29 20:52:44] INFO: Start sweeping...
# [2024-05-29 20:59:32] INFO: It took 408.583 seconds to do 500 HBOR sweeps.
# [2024-05-29 20:59:32] INFO: Plaquette = 0.653523
# [2024-05-29 20:59:32] INFO: Polyakov loop = (-0.000472454,2.33541e-05)
# [2024-05-29 20:59:32] INFO: Writing conf to disk...
# [2024-05-29 20:59:32] INFO: writeconf_nersc: Writing NERSC configuration ./conf_s060t20_b0671320_a_U000745500
# [2024-05-29 20:59:35] INFO: Calculated checksum: 6c4e663c
# [2024-05-29 20:59:39] INFO: Calculated checksum: ca081d86
# [2024-05-29 20:59:39] INFO: Writing RNGSTATE file: ./rand_s060t20_b0671320_a_U000745500
# [2024-05-29 20:59:40] INFO: Writing to disk took 7.24923 seconds
# [2024-05-29 20:59:40] INFO: ======================================================================
# [2024-05-29 20:59:40] INFO: Start sweeping...
# [2024-05-29 21:06:28] INFO: It took 408.309 seconds to do 500 HBOR sweeps.
# [2024-05-29 21:06:28] INFO: Plaquette = 0.65351
# [2024-05-29 21:06:28] INFO: Polyakov loop = (-0.000123326,0.00131241)
# [2024-05-29 21:06:28] INFO: Writing conf to disk...
# [2024-05-29 21:06:28] INFO: writeconf_nersc: Writing NERSC configuration ./conf_s060t20_b0671320_a_U000746000
# [2024-05-29 21:06:31] INFO: Calculated checksum: a496b6c
# [2024-05-29 21:06:35] INFO: Calculated checksum: 807587cf
# [2024-05-29 21:06:35] INFO: Writing RNGSTATE file: ./rand_s060t20_b0671320_a_U000746000
# [2024-05-29 21:06:35] INFO: Writing to disk took 7.47213 seconds
# [2024-05-29 21:06:35] INFO: ======================================================================
# [2024-05-29 21:06:35] INFO: Start sweeping...
# [2024-05-29 21:13:22] INFO: It took 406.399 seconds to do 500 HBOR sweeps.
# [2024-05-29 21:13:22] INFO: Plaquette = 0.653483
# [2024-05-29 21:13:22] INFO: Polyakov loop = (0.000101185,0.00101899)
# [2024-05-29 21:13:22] INFO: Writing conf to disk...
# [2024-05-29 21:13:22] INFO: writeconf_nersc: Writing NERSC configuration ./conf_s060t20_b0671320_a_U000746500
# [2024-05-29 21:13:25] INFO: Calculated checksum: 243163ae
# [2024-05-29 21:13:29] INFO: Calculated checksum: 39eb395b
# [2024-05-29 21:13:29] INFO: Writing RNGSTATE file: ./rand_s060t20_b0671320_a_U000746500
# [2024-05-29 21:13:29] INFO: Writing to disk took 7.57692 seconds
# [2024-05-29 21:13:29] INFO: ======================================================================
# [2024-05-29 21:13:29] INFO: Start sweeping...
# [2024-05-29 21:20:16] INFO: It took 406.274 seconds to do 500 HBOR sweeps.
# [2024-05-29 21:20:16] INFO: Plaquette = 0.653482
# [2024-05-29 21:20:16] INFO: Polyakov loop = (0.000457097,-0.00064856)
# [2024-05-29 21:20:16] INFO: Writing conf to disk...
# [2024-05-29 21:20:16] INFO: writeconf_nersc: Writing NERSC configuration ./conf_s060t20_b0671320_a_U000747000
# [2024-05-29 21:20:19] INFO: Calculated checksum: 6ae70c9f
# [2024-05-29 21:20:23] INFO: Calculated checksum: 4edf861a
# [2024-05-29 21:20:23] INFO: Writing RNGSTATE file: ./rand_s060t20_b0671320_a_U000747000
# [2024-05-29 21:20:23] INFO: Writing to disk took 7.63668 seconds
# [2024-05-29 21:20:23] INFO: ======================================================================
# [2024-05-29 21:20:23] INFO: Start sweeping...
# [2024-05-29 21:27:10] INFO: It took 406.646 seconds to do 500 HBOR sweeps.
# [2024-05-29 21:27:10] INFO: Plaquette = 0.653524
# [2024-05-29 21:27:10] INFO: Polyakov loop = (0.000822743,-2.72346e-05)
# [2024-05-29 21:27:10] INFO: Writing conf to disk...
# [2024-05-29 21:27:10] INFO: writeconf_nersc: Writing NERSC configuration ./conf_s060t20_b0671320_a_U000747500
# [2024-05-29 21:27:13] INFO: Calculated checksum: 44f2fe5a
# [2024-05-29 21:27:17] INFO: Calculated checksum: 257ad47b
# [2024-05-29 21:27:17] INFO: Writing RNGSTATE file: ./rand_s060t20_b0671320_a_U000747500
# [2024-05-29 21:27:17] INFO: Writing to disk took 7.41307 seconds
# [2024-05-29 21:27:17] INFO: ======================================================================
# [2024-05-29 21:27:17] INFO: Start sweeping...
# [2024-05-29 21:34:04] INFO: It took 406.609 seconds to do 500 HBOR sweeps.
# [2024-05-29 21:34:04] INFO: Plaquette = 0.653464
# [2024-05-29 21:34:04] INFO: Polyakov loop = (-0.000158897,-0.000272092)
# [2024-05-29 21:34:04] INFO: Writing conf to disk...
# [2024-05-29 21:34:04] INFO: writeconf_nersc: Writing NERSC configuration ./conf_s060t20_b0671320_a_U000748000
# [2024-05-29 21:34:07] INFO: Calculated checksum: 621ba054
# [2024-05-29 21:34:12] INFO: Calculated checksum: cb4a2b8a
# [2024-05-29 21:34:12] INFO: Writing RNGSTATE file: ./rand_s060t20_b0671320_a_U000748000
# [2024-05-29 21:34:12] INFO: Writing to disk took 7.6296 seconds
# [2024-05-29 21:34:12] INFO: ======================================================================
# [2024-05-29 21:34:12] INFO: Start sweeping...
# [2024-05-29 21:40:59] INFO: It took 406.802 seconds to do 500 HBOR sweeps.
# [2024-05-29 21:40:59] INFO: Plaquette = 0.653523
# [2024-05-29 21:40:59] INFO: Polyakov loop = (4.88689e-05,-0.000511932)
# [2024-05-29 21:40:59] INFO: Writing conf to disk...
# [2024-05-29 21:40:59] INFO: writeconf_nersc: Writing NERSC configuration ./conf_s060t20_b0671320_a_U000748500
# [2024-05-29 21:41:01] INFO: Calculated checksum: 23df9b76
# [2024-05-29 21:41:06] INFO: Calculated checksum: f98af904
# [2024-05-29 21:41:06] INFO: Writing RNGSTATE file: ./rand_s060t20_b0671320_a_U000748500
# [2024-05-29 21:41:06] INFO: Writing to disk took 7.63076 seconds
# [2024-05-29 21:41:06] INFO: ======================================================================
# [2024-05-29 21:41:06] INFO: Start sweeping...
# [2024-05-29 21:47:53] INFO: It took 406.902 seconds to do 500 HBOR sweeps.
# [2024-05-29 21:47:53] INFO: Plaquette = 0.653557
# [2024-05-29 21:47:53] INFO: Polyakov loop = (0.00062862,-0.000631577)
# [2024-05-29 21:47:53] INFO: Writing conf to disk...
# [2024-05-29 21:47:53] INFO: writeconf_nersc: Writing NERSC configuration ./conf_s060t20_b0671320_a_U000749000
# [2024-05-29 21:47:56] INFO: Calculated checksum: 424a3518
# [2024-05-29 21:48:01] INFO: Calculated checksum: 7f45132f
# [2024-05-29 21:48:01] INFO: Writing RNGSTATE file: ./rand_s060t20_b0671320_a_U000749000
# [2024-05-29 21:48:01] INFO: Writing to disk took 7.44367 seconds
# [2024-05-29 21:48:01] INFO: ======================================================================
# [2024-05-29 21:48:01] INFO: Start sweeping...
# [2024-05-29 21:54:46] INFO: It took 405.63 seconds to do 500 HBOR sweeps.
# [2024-05-29 21:54:46] INFO: Plaquette = 0.653468
# [2024-05-29 21:54:46] INFO: Polyakov loop = (0.000209516,-0.000112055)
# [2024-05-29 21:54:46] INFO: Writing conf to disk...
# [2024-05-29 21:54:46] INFO: writeconf_nersc: Writing NERSC configuration ./conf_s060t20_b0671320_a_U000749500
# [2024-05-29 21:54:49] INFO: Calculated checksum: dbcdbe00
# [2024-05-29 21:54:53] INFO: Calculated checksum: bdddf773
# [2024-05-29 21:54:53] INFO: Writing RNGSTATE file: ./rand_s060t20_b0671320_a_U000749500
# [2024-05-29 21:54:54] INFO: Writing to disk took 7.21926 seconds
# [2024-05-29 21:54:54] INFO: ======================================================================
# [2024-05-29 21:54:54] INFO: Start sweeping...
# [2024-05-29 22:01:36] INFO: It took 402.312 seconds to do 500 HBOR sweeps.
# [2024-05-29 22:01:36] INFO: Plaquette = 0.65347
# [2024-05-29 22:01:36] INFO: Polyakov loop = (-0.000452088,-0.000118902)
# [2024-05-29 22:01:36] INFO: Writing conf to disk...
# [2024-05-29 22:01:36] INFO: writeconf_nersc: Writing NERSC configuration ./conf_s060t20_b0671320_a_U000750000
# [2024-05-29 22:01:39] INFO: Calculated checksum: 14bfe231
# [2024-05-29 22:01:43] INFO: Calculated checksum: 8f2e3e5f
# [2024-05-29 22:01:43] INFO: Writing RNGSTATE file: ./rand_s060t20_b0671320_a_U000750000
# [2024-05-29 22:01:43] INFO: Writing to disk took 7.46509 seconds
# [2024-05-29 22:01:43] INFO: Finalizing MPI
