
Currently Loaded Modules:
  1) chpc/1.0      (S)   3) gcc/8.5.0      5) mpich/3.4.2
  2) python/3.10.3       4) cmake/3.26.0   6) cuda/11.6.2 (g)

  Where:
   S:  Module is Sticky, requires --force to unload or purge
   g:  built for GPU

 

# [2024-05-29 08:03:03] INFO: Running SIMULATeQCD
# [2024-05-29 08:03:03] INFO: Git commit version: 43e2518
# [2024-05-29 08:03:03] INFO: Initializing MPI with (1 proc)
# [2024-05-29 08:03:03] INFO: Reading parameters from file :: GenerateQuenched_b6534.param
# [2024-05-29 08:03:03] INFO: # PARAM :: Lattice = 60 60 60 20 
# [2024-05-29 08:03:03] INFO: # PARAM :: Nodes = 1 1 1 1 
# [2024-05-29 08:03:03] INFO: # PARAM :: Topology = 0 0 0 0  (default)
# [2024-05-29 08:03:03] INFO: # PARAM :: beta = 6.534
# [2024-05-29 08:03:03] INFO: # PARAM :: format = nersc
# [2024-05-29 08:03:03] INFO: # PARAM :: endianness = auto
# [2024-05-29 08:03:03] INFO: # PARAM :: conf_nr = 700000
# [2024-05-29 08:03:03] INFO: # PARAM :: stream = a
# [2024-05-29 08:03:03] INFO: # PARAM :: prec_out = 0 (default)
# [2024-05-29 08:03:03] INFO: # PARAM :: measurements_dir = ./ (default)
# [2024-05-29 08:03:03] INFO: # PARAM :: use_unit_conf = 0 (default)
# [2024-05-29 08:03:03] INFO: # PARAM :: output_dir = .
# [2024-05-29 08:03:03] INFO: # PARAM :: nconfs = 100
# [2024-05-29 08:03:03] INFO: # PARAM :: nsweeps_ORperHB = 4
# [2024-05-29 08:03:03] INFO: # PARAM :: nsweeps_HBwithOR = 500
# [2024-05-29 08:03:03] INFO: # PARAM :: prev_conf = conf_s060t20_b0653400_a_U000700000
# [2024-05-29 08:03:03] INFO: # PARAM :: prev_rand = rand_s060t20_b0653400_a_U000700000
# [2024-05-29 08:03:03] INFO: > Running on:
# [2024-05-29 08:03:03] INFO: [Rank 0] > notch086 CPU_21 GPU_AF; MPI: world_rank=0, node_rank=0, coord: ( 0 0 0 0 )
# [2024-05-29 08:03:03] INFO: > Is MPI CUDA-aware? @compilation 
# [2024-05-29 08:03:03] INFO: > GPU compute capability: 75
# [2024-05-29 08:03:03] INFO: > Checking support for P2P (Peer-to-Peer) and UVA (Unified Virtual Addressing):
# [2024-05-29 08:03:03] INFO: [Rank 0] > notch086 GPU_AF(NVIDIA GeForce RTX 2080 Ti): P2P NO ; UVA YES
# [2024-05-29 08:03:03] INFO: Initialize Indexer with HaloDepth = 1[0;33m[0m
# [2024-05-29 08:03:04] INFO: Resuming previous run.
# [2024-05-29 08:03:04] INFO: readconf_nersc: Reading NERSC configuration conf_s060t20_b0653400_a_U000700000
# [2024-05-29 08:03:11] INFO: Next conf_number will be 700500
# [2024-05-29 08:03:11] INFO: Generating up to 100 confs with a separation of 500 HBOR sweeps (OR/HB = 4) ...
# [2024-05-29 08:03:11] INFO: ======================================================================
# [2024-05-29 08:03:11] INFO: Start sweeping...
# [2024-05-29 08:11:00] INFO: It took 468.069 seconds to do 500 HBOR sweeps.
# [2024-05-29 08:11:00] INFO: Plaquette = 0.640942
# [2024-05-29 08:11:00] INFO: Polyakov loop = (0.00137263,0.000280126)
# [2024-05-29 08:11:00] INFO: Writing conf to disk...
# [2024-05-29 08:11:00] INFO: writeconf_nersc: Writing NERSC configuration ./conf_s060t20_b0653400_a_U000700500
# [2024-05-29 08:11:02] INFO: Calculated checksum: 8d36e807
# [2024-05-29 08:11:07] INFO: Calculated checksum: cc9b2f44
# [2024-05-29 08:11:07] INFO: Writing RNGSTATE file: ./rand_s060t20_b0653400_a_U000700500
# [2024-05-29 08:11:07] INFO: Writing to disk took 7.511 seconds
# [2024-05-29 08:11:07] INFO: ======================================================================
# [2024-05-29 08:11:07] INFO: Start sweeping...
# [2024-05-29 08:18:55] INFO: It took 468.328 seconds to do 500 HBOR sweeps.
# [2024-05-29 08:18:55] INFO: Plaquette = 0.640871
# [2024-05-29 08:18:55] INFO: Polyakov loop = (6.54259e-05,0.000108037)
# [2024-05-29 08:18:55] INFO: Writing conf to disk...
# [2024-05-29 08:18:55] INFO: writeconf_nersc: Writing NERSC configuration ./conf_s060t20_b0653400_a_U000701000
# [2024-05-29 08:18:58] INFO: Calculated checksum: 8758470d
# [2024-05-29 08:19:03] INFO: Calculated checksum: be93a68d
# [2024-05-29 08:19:03] INFO: Writing RNGSTATE file: ./rand_s060t20_b0653400_a_U000701000
# [2024-05-29 08:19:03] INFO: Writing to disk took 7.62792 seconds
# [2024-05-29 08:19:03] INFO: ======================================================================
# [2024-05-29 08:19:03] INFO: Start sweeping...
# [2024-05-29 08:26:51] INFO: It took 468.254 seconds to do 500 HBOR sweeps.
# [2024-05-29 08:26:51] INFO: Plaquette = 0.640894
# [2024-05-29 08:26:51] INFO: Polyakov loop = (0.000391677,-0.000361366)
# [2024-05-29 08:26:51] INFO: Writing conf to disk...
# [2024-05-29 08:26:51] INFO: writeconf_nersc: Writing NERSC configuration ./conf_s060t20_b0653400_a_U000701500
# [2024-05-29 08:26:54] INFO: Calculated checksum: 937cf440
# [2024-05-29 08:26:59] INFO: Calculated checksum: 1f3939bd
# [2024-05-29 08:26:59] INFO: Writing RNGSTATE file: ./rand_s060t20_b0653400_a_U000701500
# [2024-05-29 08:26:59] INFO: Writing to disk took 7.67182 seconds
# [2024-05-29 08:26:59] INFO: ======================================================================
# [2024-05-29 08:26:59] INFO: Start sweeping...
# [2024-05-29 08:34:48] INFO: It took 468.458 seconds to do 500 HBOR sweeps.
# [2024-05-29 08:34:48] INFO: Plaquette = 0.640866
# [2024-05-29 08:34:48] INFO: Polyakov loop = (-0.000768357,-0.000168509)
# [2024-05-29 08:34:48] INFO: Writing conf to disk...
# [2024-05-29 08:34:48] INFO: writeconf_nersc: Writing NERSC configuration ./conf_s060t20_b0653400_a_U000702000
# [2024-05-29 08:34:50] INFO: Calculated checksum: 1c8e2d4c
# [2024-05-29 08:34:55] INFO: Calculated checksum: 4a1a2fce
# [2024-05-29 08:34:55] INFO: Writing RNGSTATE file: ./rand_s060t20_b0653400_a_U000702000
# [2024-05-29 08:34:55] INFO: Writing to disk took 7.62909 seconds
# [2024-05-29 08:34:55] INFO: ======================================================================
# [2024-05-29 08:34:55] INFO: Start sweeping...
# [2024-05-29 08:42:44] INFO: It took 468.273 seconds to do 500 HBOR sweeps.
# [2024-05-29 08:42:44] INFO: Plaquette = 0.640952
# [2024-05-29 08:42:44] INFO: Polyakov loop = (-0.000669853,0.000246065)
# [2024-05-29 08:42:44] INFO: Writing conf to disk...
# [2024-05-29 08:42:44] INFO: writeconf_nersc: Writing NERSC configuration ./conf_s060t20_b0653400_a_U000702500
# [2024-05-29 08:42:46] INFO: Calculated checksum: 58b953f7
# [2024-05-29 08:42:51] INFO: Calculated checksum: a68fa6b9
# [2024-05-29 08:42:51] INFO: Writing RNGSTATE file: ./rand_s060t20_b0653400_a_U000702500
# [2024-05-29 08:42:51] INFO: Writing to disk took 7.71285 seconds
# [2024-05-29 08:42:51] INFO: ======================================================================
# [2024-05-29 08:42:51] INFO: Start sweeping...
# [2024-05-29 08:50:40] INFO: It took 468.902 seconds to do 500 HBOR sweeps.
# [2024-05-29 08:50:40] INFO: Plaquette = 0.640831
# [2024-05-29 08:50:40] INFO: Polyakov loop = (0.000229134,-0.000602029)
# [2024-05-29 08:50:40] INFO: Writing conf to disk...
# [2024-05-29 08:50:40] INFO: writeconf_nersc: Writing NERSC configuration ./conf_s060t20_b0653400_a_U000703000
# [2024-05-29 08:50:43] INFO: Calculated checksum: 8fc729a2
# [2024-05-29 08:50:48] INFO: Calculated checksum: fa5ba615
# [2024-05-29 08:50:48] INFO: Writing RNGSTATE file: ./rand_s060t20_b0653400_a_U000703000
# [2024-05-29 08:50:48] INFO: Writing to disk took 7.55235 seconds
# [2024-05-29 08:50:48] INFO: ======================================================================
# [2024-05-29 08:50:48] INFO: Start sweeping...
# [2024-05-29 08:58:37] INFO: It took 468.86 seconds to do 500 HBOR sweeps.
# [2024-05-29 08:58:37] INFO: Plaquette = 0.640825
# [2024-05-29 08:58:37] INFO: Polyakov loop = (-9.08368e-05,0.00035021)
# [2024-05-29 08:58:37] INFO: Writing conf to disk...
# [2024-05-29 08:58:37] INFO: writeconf_nersc: Writing NERSC configuration ./conf_s060t20_b0653400_a_U000703500
# [2024-05-29 08:58:40] INFO: Calculated checksum: 1964e2c9
# [2024-05-29 08:58:44] INFO: Calculated checksum: b3517be2
# [2024-05-29 08:58:44] INFO: Writing RNGSTATE file: ./rand_s060t20_b0653400_a_U000703500
# [2024-05-29 08:58:44] INFO: Writing to disk took 7.45903 seconds
# [2024-05-29 08:58:44] INFO: ======================================================================
# [2024-05-29 08:58:44] INFO: Start sweeping...
# [2024-05-29 09:06:33] INFO: It took 468.928 seconds to do 500 HBOR sweeps.
# [2024-05-29 09:06:33] INFO: Plaquette = 0.640838
# [2024-05-29 09:06:33] INFO: Polyakov loop = (-0.000337428,-0.000299879)
# [2024-05-29 09:06:33] INFO: Writing conf to disk...
# [2024-05-29 09:06:33] INFO: writeconf_nersc: Writing NERSC configuration ./conf_s060t20_b0653400_a_U000704000
# [2024-05-29 09:06:36] INFO: Calculated checksum: d0117363
# [2024-05-29 09:06:41] INFO: Calculated checksum: a17b690
# [2024-05-29 09:06:41] INFO: Writing RNGSTATE file: ./rand_s060t20_b0653400_a_U000704000
# [2024-05-29 09:06:41] INFO: Writing to disk took 7.63365 seconds
# [2024-05-29 09:06:41] INFO: ======================================================================
# [2024-05-29 09:06:41] INFO: Start sweeping...
# [2024-05-29 09:14:30] INFO: It took 468.818 seconds to do 500 HBOR sweeps.
# [2024-05-29 09:14:30] INFO: Plaquette = 0.640899
# [2024-05-29 09:14:30] INFO: Polyakov loop = (0.000497971,-0.000455704)
# [2024-05-29 09:14:30] INFO: Writing conf to disk...
# [2024-05-29 09:14:30] INFO: writeconf_nersc: Writing NERSC configuration ./conf_s060t20_b0653400_a_U000704500
# [2024-05-29 09:14:32] INFO: Calculated checksum: d904f3fe
# [2024-05-29 09:14:37] INFO: Calculated checksum: 46c0ef0f
# [2024-05-29 09:14:37] INFO: Writing RNGSTATE file: ./rand_s060t20_b0653400_a_U000704500
# [2024-05-29 09:14:37] INFO: Writing to disk took 7.46537 seconds
# [2024-05-29 09:14:37] INFO: ======================================================================
# [2024-05-29 09:14:37] INFO: Start sweeping...
# [2024-05-29 09:22:26] INFO: It took 468.914 seconds to do 500 HBOR sweeps.
# [2024-05-29 09:22:26] INFO: Plaquette = 0.64096
# [2024-05-29 09:22:26] INFO: Polyakov loop = (-0.000499784,-0.000351869)
# [2024-05-29 09:22:26] INFO: Writing conf to disk...
# [2024-05-29 09:22:26] INFO: writeconf_nersc: Writing NERSC configuration ./conf_s060t20_b0653400_a_U000705000
# [2024-05-29 09:22:29] INFO: Calculated checksum: 556a8707
# [2024-05-29 09:22:33] INFO: Calculated checksum: ef8db91a
# [2024-05-29 09:22:33] INFO: Writing RNGSTATE file: ./rand_s060t20_b0653400_a_U000705000
# [2024-05-29 09:22:34] INFO: Writing to disk took 7.54555 seconds
# [2024-05-29 09:22:34] INFO: ======================================================================
# [2024-05-29 09:22:34] INFO: Start sweeping...
# [2024-05-29 09:30:23] INFO: It took 468.894 seconds to do 500 HBOR sweeps.
# [2024-05-29 09:30:23] INFO: Plaquette = 0.640867
# [2024-05-29 09:30:23] INFO: Polyakov loop = (0.000260355,-0.000601559)
# [2024-05-29 09:30:23] INFO: Writing conf to disk...
# [2024-05-29 09:30:23] INFO: writeconf_nersc: Writing NERSC configuration ./conf_s060t20_b0653400_a_U000705500
# [2024-05-29 09:30:25] INFO: Calculated checksum: 5f8103f7
# [2024-05-29 09:30:30] INFO: Calculated checksum: 3f4b43e4
# [2024-05-29 09:30:30] INFO: Writing RNGSTATE file: ./rand_s060t20_b0653400_a_U000705500
# [2024-05-29 09:30:30] INFO: Writing to disk took 7.65416 seconds
# [2024-05-29 09:30:30] INFO: ======================================================================
# [2024-05-29 09:30:30] INFO: Start sweeping...
# [2024-05-29 09:38:19] INFO: It took 468.949 seconds to do 500 HBOR sweeps.
# [2024-05-29 09:38:19] INFO: Plaquette = 0.64081
# [2024-05-29 09:38:19] INFO: Polyakov loop = (0.000577468,-0.000842347)
# [2024-05-29 09:38:19] INFO: Writing conf to disk...
# [2024-05-29 09:38:19] INFO: writeconf_nersc: Writing NERSC configuration ./conf_s060t20_b0653400_a_U000706000
# [2024-05-29 09:38:22] INFO: Calculated checksum: 2e3f5414
# [2024-05-29 09:38:27] INFO: Calculated checksum: 52f48819
# [2024-05-29 09:38:27] INFO: Writing RNGSTATE file: ./rand_s060t20_b0653400_a_U000706000
# [2024-05-29 09:38:27] INFO: Writing to disk took 7.53939 seconds
# [2024-05-29 09:38:27] INFO: ======================================================================
# [2024-05-29 09:38:27] INFO: Start sweeping...
# [2024-05-29 09:46:16] INFO: It took 469.025 seconds to do 500 HBOR sweeps.
# [2024-05-29 09:46:16] INFO: Plaquette = 0.640938
# [2024-05-29 09:46:16] INFO: Polyakov loop = (0.000388179,0.000482297)
# [2024-05-29 09:46:16] INFO: Writing conf to disk...
# [2024-05-29 09:46:16] INFO: writeconf_nersc: Writing NERSC configuration ./conf_s060t20_b0653400_a_U000706500
# [2024-05-29 09:46:19] INFO: Calculated checksum: c3d9db18
# [2024-05-29 09:46:24] INFO: Calculated checksum: 794709f7
# [2024-05-29 09:46:24] INFO: Writing RNGSTATE file: ./rand_s060t20_b0653400_a_U000706500
# [2024-05-29 09:46:24] INFO: Writing to disk took 7.95022 seconds
# [2024-05-29 09:46:24] INFO: ======================================================================
# [2024-05-29 09:46:24] INFO: Start sweeping...
# [2024-05-29 09:54:13] INFO: It took 468.825 seconds to do 500 HBOR sweeps.
# [2024-05-29 09:54:13] INFO: Plaquette = 0.640892
# [2024-05-29 09:54:13] INFO: Polyakov loop = (0.000637243,-0.000310918)
# [2024-05-29 09:54:13] INFO: Writing conf to disk...
# [2024-05-29 09:54:13] INFO: writeconf_nersc: Writing NERSC configuration ./conf_s060t20_b0653400_a_U000707000
# [2024-05-29 09:54:16] INFO: Calculated checksum: 5b2b419
# [2024-05-29 09:54:20] INFO: Calculated checksum: b266fecc
# [2024-05-29 09:54:20] INFO: Writing RNGSTATE file: ./rand_s060t20_b0653400_a_U000707000
# [2024-05-29 09:54:20] INFO: Writing to disk took 7.63091 seconds
# [2024-05-29 09:54:20] INFO: ======================================================================
# [2024-05-29 09:54:20] INFO: Start sweeping...
# [2024-05-29 10:02:09] INFO: It took 468.764 seconds to do 500 HBOR sweeps.
# [2024-05-29 10:02:09] INFO: Plaquette = 0.64084
# [2024-05-29 10:02:09] INFO: Polyakov loop = (5.04927e-05,0.000324951)
# [2024-05-29 10:02:09] INFO: Writing conf to disk...
# [2024-05-29 10:02:09] INFO: writeconf_nersc: Writing NERSC configuration ./conf_s060t20_b0653400_a_U000707500
# [2024-05-29 10:02:12] INFO: Calculated checksum: ab72ea7d
# [2024-05-29 10:02:17] INFO: Calculated checksum: c16eec42
# [2024-05-29 10:02:17] INFO: Writing RNGSTATE file: ./rand_s060t20_b0653400_a_U000707500
# [2024-05-29 10:02:17] INFO: Writing to disk took 7.61799 seconds
# [2024-05-29 10:02:17] INFO: ======================================================================
# [2024-05-29 10:02:17] INFO: Start sweeping...
# [2024-05-29 10:10:06] INFO: It took 468.784 seconds to do 500 HBOR sweeps.
# [2024-05-29 10:10:06] INFO: Plaquette = 0.64081
# [2024-05-29 10:10:06] INFO: Polyakov loop = (0.000699661,-0.000428049)
# [2024-05-29 10:10:06] INFO: Writing conf to disk...
# [2024-05-29 10:10:06] INFO: writeconf_nersc: Writing NERSC configuration ./conf_s060t20_b0653400_a_U000708000
# [2024-05-29 10:10:08] INFO: Calculated checksum: 7b9c95da
# [2024-05-29 10:10:13] INFO: Calculated checksum: d3c324be
# [2024-05-29 10:10:13] INFO: Writing RNGSTATE file: ./rand_s060t20_b0653400_a_U000708000
# [2024-05-29 10:10:13] INFO: Writing to disk took 7.57112 seconds
# [2024-05-29 10:10:13] INFO: ======================================================================
# [2024-05-29 10:10:13] INFO: Start sweeping...
# [2024-05-29 10:18:02] INFO: It took 468.741 seconds to do 500 HBOR sweeps.
# [2024-05-29 10:18:02] INFO: Plaquette = 0.640935
# [2024-05-29 10:18:02] INFO: Polyakov loop = (-6.39846e-05,0.000707996)
# [2024-05-29 10:18:02] INFO: Writing conf to disk...
# [2024-05-29 10:18:02] INFO: writeconf_nersc: Writing NERSC configuration ./conf_s060t20_b0653400_a_U000708500
# [2024-05-29 10:18:05] INFO: Calculated checksum: e4fe3afc
# [2024-05-29 10:18:09] INFO: Calculated checksum: e767c0a8
# [2024-05-29 10:18:09] INFO: Writing RNGSTATE file: ./rand_s060t20_b0653400_a_U000708500
# [2024-05-29 10:18:10] INFO: Writing to disk took 7.66979 seconds
# [2024-05-29 10:18:10] INFO: ======================================================================
# [2024-05-29 10:18:10] INFO: Start sweeping...
# [2024-05-29 10:25:58] INFO: It took 468.703 seconds to do 500 HBOR sweeps.
# [2024-05-29 10:25:58] INFO: Plaquette = 0.640923
# [2024-05-29 10:25:58] INFO: Polyakov loop = (0.000632732,-0.000868447)
# [2024-05-29 10:25:58] INFO: Writing conf to disk...
# [2024-05-29 10:25:58] INFO: writeconf_nersc: Writing NERSC configuration ./conf_s060t20_b0653400_a_U000709000
# [2024-05-29 10:26:01] INFO: Calculated checksum: 3fde9d1
# [2024-05-29 10:26:06] INFO: Calculated checksum: 205bc642
# [2024-05-29 10:26:06] INFO: Writing RNGSTATE file: ./rand_s060t20_b0653400_a_U000709000
# [2024-05-29 10:26:06] INFO: Writing to disk took 7.52316 seconds
# [2024-05-29 10:26:06] INFO: ======================================================================
# [2024-05-29 10:26:06] INFO: Start sweeping...
# [2024-05-29 10:33:55] INFO: It took 468.659 seconds to do 500 HBOR sweeps.
# [2024-05-29 10:33:55] INFO: Plaquette = 0.640857
# [2024-05-29 10:33:55] INFO: Polyakov loop = (0.000633001,0.00032426)
# [2024-05-29 10:33:55] INFO: Writing conf to disk...
# [2024-05-29 10:33:55] INFO: writeconf_nersc: Writing NERSC configuration ./conf_s060t20_b0653400_a_U000709500
# [2024-05-29 10:33:57] INFO: Calculated checksum: 5aee6ba
# [2024-05-29 10:34:02] INFO: Calculated checksum: cba902d
# [2024-05-29 10:34:02] INFO: Writing RNGSTATE file: ./rand_s060t20_b0653400_a_U000709500
# [2024-05-29 10:34:02] INFO: Writing to disk took 7.64596 seconds
# [2024-05-29 10:34:02] INFO: ======================================================================
# [2024-05-29 10:34:02] INFO: Start sweeping...
# [2024-05-29 10:41:51] INFO: It took 468.685 seconds to do 500 HBOR sweeps.
# [2024-05-29 10:41:51] INFO: Plaquette = 0.640913
# [2024-05-29 10:41:51] INFO: Polyakov loop = (0.000430856,-0.00109403)
# [2024-05-29 10:41:51] INFO: Writing conf to disk...
# [2024-05-29 10:41:51] INFO: writeconf_nersc: Writing NERSC configuration ./conf_s060t20_b0653400_a_U000710000
# [2024-05-29 10:41:54] INFO: Calculated checksum: 3bd33165
# [2024-05-29 10:41:59] INFO: Calculated checksum: 7ce8c3bd
# [2024-05-29 10:41:59] INFO: Writing RNGSTATE file: ./rand_s060t20_b0653400_a_U000710000
# [2024-05-29 10:41:59] INFO: Writing to disk took 7.73432 seconds
# [2024-05-29 10:41:59] INFO: ======================================================================
# [2024-05-29 10:41:59] INFO: Start sweeping...
# [2024-05-29 10:49:48] INFO: It took 468.767 seconds to do 500 HBOR sweeps.
# [2024-05-29 10:49:48] INFO: Plaquette = 0.640978
# [2024-05-29 10:49:48] INFO: Polyakov loop = (-0.000288942,-0.000531363)
# [2024-05-29 10:49:48] INFO: Writing conf to disk...
# [2024-05-29 10:49:48] INFO: writeconf_nersc: Writing NERSC configuration ./conf_s060t20_b0653400_a_U000710500
# [2024-05-29 10:49:50] INFO: Calculated checksum: d59c2ccd
# [2024-05-29 10:49:55] INFO: Calculated checksum: 2be94307
# [2024-05-29 10:49:55] INFO: Writing RNGSTATE file: ./rand_s060t20_b0653400_a_U000710500
# [2024-05-29 10:49:55] INFO: Writing to disk took 7.62224 seconds
# [2024-05-29 10:49:55] INFO: ======================================================================
# [2024-05-29 10:49:55] INFO: Start sweeping...
# [2024-05-29 10:57:44] INFO: It took 468.777 seconds to do 500 HBOR sweeps.
# [2024-05-29 10:57:44] INFO: Plaquette = 0.640802
# [2024-05-29 10:57:44] INFO: Polyakov loop = (0.000721827,-0.000337265)
# [2024-05-29 10:57:44] INFO: Writing conf to disk...
# [2024-05-29 10:57:44] INFO: writeconf_nersc: Writing NERSC configuration ./conf_s060t20_b0653400_a_U000711000
# [2024-05-29 10:57:47] INFO: Calculated checksum: 46fcf6d0
# [2024-05-29 10:57:51] INFO: Calculated checksum: 57581158
# [2024-05-29 10:57:51] INFO: Writing RNGSTATE file: ./rand_s060t20_b0653400_a_U000711000
# [2024-05-29 10:57:51] INFO: Writing to disk took 7.39833 seconds
# [2024-05-29 10:57:51] INFO: ======================================================================
# [2024-05-29 10:57:51] INFO: Start sweeping...
# [2024-05-29 11:05:40] INFO: It took 468.854 seconds to do 500 HBOR sweeps.
# [2024-05-29 11:05:40] INFO: Plaquette = 0.640901
# [2024-05-29 11:05:40] INFO: Polyakov loop = (7.30358e-05,0.000208941)
# [2024-05-29 11:05:40] INFO: Writing conf to disk...
# [2024-05-29 11:05:40] INFO: writeconf_nersc: Writing NERSC configuration ./conf_s060t20_b0653400_a_U000711500
# [2024-05-29 11:05:43] INFO: Calculated checksum: 3b25f29b
# [2024-05-29 11:05:48] INFO: Calculated checksum: a971491
# [2024-05-29 11:05:48] INFO: Writing RNGSTATE file: ./rand_s060t20_b0653400_a_U000711500
# [2024-05-29 11:05:48] INFO: Writing to disk took 7.35553 seconds
# [2024-05-29 11:05:48] INFO: ======================================================================
# [2024-05-29 11:05:48] INFO: Start sweeping...
# [2024-05-29 11:13:37] INFO: It took 468.831 seconds to do 500 HBOR sweeps.
# [2024-05-29 11:13:37] INFO: Plaquette = 0.640889
# [2024-05-29 11:13:37] INFO: Polyakov loop = (0.00103196,0.000209662)
# [2024-05-29 11:13:37] INFO: Writing conf to disk...
# [2024-05-29 11:13:37] INFO: writeconf_nersc: Writing NERSC configuration ./conf_s060t20_b0653400_a_U000712000
# [2024-05-29 11:13:39] INFO: Calculated checksum: d95c7d3
# [2024-05-29 11:13:44] INFO: Calculated checksum: 39f0edb0
# [2024-05-29 11:13:44] INFO: Writing RNGSTATE file: ./rand_s060t20_b0653400_a_U000712000
# [2024-05-29 11:13:44] INFO: Writing to disk took 7.47337 seconds
# [2024-05-29 11:13:44] INFO: ======================================================================
# [2024-05-29 11:13:44] INFO: Start sweeping...
# [2024-05-29 11:21:33] INFO: It took 468.77 seconds to do 500 HBOR sweeps.
# [2024-05-29 11:21:33] INFO: Plaquette = 0.640874
# [2024-05-29 11:21:33] INFO: Polyakov loop = (-0.00123602,-0.000652795)
# [2024-05-29 11:21:33] INFO: Writing conf to disk...
# [2024-05-29 11:21:33] INFO: writeconf_nersc: Writing NERSC configuration ./conf_s060t20_b0653400_a_U000712500
# [2024-05-29 11:21:36] INFO: Calculated checksum: 1765064a
# [2024-05-29 11:21:40] INFO: Calculated checksum: 3e6192e0
# [2024-05-29 11:21:40] INFO: Writing RNGSTATE file: ./rand_s060t20_b0653400_a_U000712500
# [2024-05-29 11:21:40] INFO: Writing to disk took 7.59349 seconds
# [2024-05-29 11:21:40] INFO: ======================================================================
# [2024-05-29 11:21:40] INFO: Start sweeping...
# [2024-05-29 11:29:29] INFO: It took 468.79 seconds to do 500 HBOR sweeps.
# [2024-05-29 11:29:29] INFO: Plaquette = 0.640843
# [2024-05-29 11:29:29] INFO: Polyakov loop = (0.000158923,-0.000771084)
# [2024-05-29 11:29:29] INFO: Writing conf to disk...
# [2024-05-29 11:29:29] INFO: writeconf_nersc: Writing NERSC configuration ./conf_s060t20_b0653400_a_U000713000
# [2024-05-29 11:29:32] INFO: Calculated checksum: f4c84fa9
# [2024-05-29 11:29:37] INFO: Calculated checksum: ed0c1bf0
# [2024-05-29 11:29:37] INFO: Writing RNGSTATE file: ./rand_s060t20_b0653400_a_U000713000
# [2024-05-29 11:29:37] INFO: Writing to disk took 7.48319 seconds
# [2024-05-29 11:29:37] INFO: ======================================================================
# [2024-05-29 11:29:37] INFO: Start sweeping...
# [2024-05-29 11:37:26] INFO: It took 468.741 seconds to do 500 HBOR sweeps.
# [2024-05-29 11:37:26] INFO: Plaquette = 0.640919
# [2024-05-29 11:37:26] INFO: Polyakov loop = (-0.000392044,-0.000417887)
# [2024-05-29 11:37:26] INFO: Writing conf to disk...
# [2024-05-29 11:37:26] INFO: writeconf_nersc: Writing NERSC configuration ./conf_s060t20_b0653400_a_U000713500
# [2024-05-29 11:37:28] INFO: Calculated checksum: c0ecaf0
# [2024-05-29 11:37:33] INFO: Calculated checksum: 90e9103a
# [2024-05-29 11:37:33] INFO: Writing RNGSTATE file: ./rand_s060t20_b0653400_a_U000713500
# [2024-05-29 11:37:33] INFO: Writing to disk took 7.42676 seconds
# [2024-05-29 11:37:33] INFO: ======================================================================
# [2024-05-29 11:37:33] INFO: Start sweeping...
# [2024-05-29 11:45:22] INFO: It took 468.746 seconds to do 500 HBOR sweeps.
# [2024-05-29 11:45:22] INFO: Plaquette = 0.640915
# [2024-05-29 11:45:22] INFO: Polyakov loop = (-0.000244426,-9.95877e-05)
# [2024-05-29 11:45:22] INFO: Writing conf to disk...
# [2024-05-29 11:45:22] INFO: writeconf_nersc: Writing NERSC configuration ./conf_s060t20_b0653400_a_U000714000
# [2024-05-29 11:45:25] INFO: Calculated checksum: 873adec9
# [2024-05-29 11:45:29] INFO: Calculated checksum: 5bda0d42
# [2024-05-29 11:45:29] INFO: Writing RNGSTATE file: ./rand_s060t20_b0653400_a_U000714000
# [2024-05-29 11:45:29] INFO: Writing to disk took 7.59554 seconds
# [2024-05-29 11:45:29] INFO: ======================================================================
# [2024-05-29 11:45:29] INFO: Start sweeping...
# [2024-05-29 11:53:18] INFO: It took 468.682 seconds to do 500 HBOR sweeps.
# [2024-05-29 11:53:18] INFO: Plaquette = 0.64096
# [2024-05-29 11:53:18] INFO: Polyakov loop = (-0.000116524,-8.88662e-05)
# [2024-05-29 11:53:18] INFO: Writing conf to disk...
# [2024-05-29 11:53:18] INFO: writeconf_nersc: Writing NERSC configuration ./conf_s060t20_b0653400_a_U000714500
# [2024-05-29 11:53:21] INFO: Calculated checksum: faafd259
# [2024-05-29 11:53:26] INFO: Calculated checksum: 527a8675
# [2024-05-29 11:53:26] INFO: Writing RNGSTATE file: ./rand_s060t20_b0653400_a_U000714500
# [2024-05-29 11:53:26] INFO: Writing to disk took 7.56771 seconds
# [2024-05-29 11:53:26] INFO: ======================================================================
# [2024-05-29 11:53:26] INFO: Start sweeping...
# [2024-05-29 12:01:14] INFO: It took 468.706 seconds to do 500 HBOR sweeps.
# [2024-05-29 12:01:14] INFO: Plaquette = 0.640911
# [2024-05-29 12:01:14] INFO: Polyakov loop = (-0.000720861,-3.49875e-05)
# [2024-05-29 12:01:14] INFO: Writing conf to disk...
# [2024-05-29 12:01:14] INFO: writeconf_nersc: Writing NERSC configuration ./conf_s060t20_b0653400_a_U000715000
# [2024-05-29 12:01:17] INFO: Calculated checksum: 5b93da8b
# [2024-05-29 12:01:22] INFO: Calculated checksum: 310edb84
# [2024-05-29 12:01:22] INFO: Writing RNGSTATE file: ./rand_s060t20_b0653400_a_U000715000
# [2024-05-29 12:01:22] INFO: Writing to disk took 7.41547 seconds
# [2024-05-29 12:01:22] INFO: ======================================================================
# [2024-05-29 12:01:22] INFO: Start sweeping...
# [2024-05-29 12:09:11] INFO: It took 468.814 seconds to do 500 HBOR sweeps.
# [2024-05-29 12:09:11] INFO: Plaquette = 0.640889
# [2024-05-29 12:09:11] INFO: Polyakov loop = (0.000549016,-0.000232428)
# [2024-05-29 12:09:11] INFO: Writing conf to disk...
# [2024-05-29 12:09:11] INFO: writeconf_nersc: Writing NERSC configuration ./conf_s060t20_b0653400_a_U000715500
# [2024-05-29 12:09:14] INFO: Calculated checksum: 9f241610
# [2024-05-29 12:09:18] INFO: Calculated checksum: 2dd7681
# [2024-05-29 12:09:18] INFO: Writing RNGSTATE file: ./rand_s060t20_b0653400_a_U000715500
# [2024-05-29 12:09:18] INFO: Writing to disk took 7.35844 seconds
# [2024-05-29 12:09:18] INFO: ======================================================================
# [2024-05-29 12:09:18] INFO: Start sweeping...
# [2024-05-29 12:17:07] INFO: It took 468.796 seconds to do 500 HBOR sweeps.
# [2024-05-29 12:17:07] INFO: Plaquette = 0.640887
# [2024-05-29 12:17:07] INFO: Polyakov loop = (-0.00045095,0.000593624)
# [2024-05-29 12:17:07] INFO: Writing conf to disk...
# [2024-05-29 12:17:07] INFO: writeconf_nersc: Writing NERSC configuration ./conf_s060t20_b0653400_a_U000716000
# [2024-05-29 12:17:10] INFO: Calculated checksum: 2b48b584
# [2024-05-29 12:17:14] INFO: Calculated checksum: 8835a5ab
# [2024-05-29 12:17:14] INFO: Writing RNGSTATE file: ./rand_s060t20_b0653400_a_U000716000
# [2024-05-29 12:17:14] INFO: Writing to disk took 7.41226 seconds
# [2024-05-29 12:17:14] INFO: ======================================================================
# [2024-05-29 12:17:14] INFO: Start sweeping...
# [2024-05-29 12:25:03] INFO: It took 468.831 seconds to do 500 HBOR sweeps.
# [2024-05-29 12:25:03] INFO: Plaquette = 0.640841
# [2024-05-29 12:25:03] INFO: Polyakov loop = (0.000232459,-0.000668289)
# [2024-05-29 12:25:03] INFO: Writing conf to disk...
# [2024-05-29 12:25:03] INFO: writeconf_nersc: Writing NERSC configuration ./conf_s060t20_b0653400_a_U000716500
# [2024-05-29 12:25:06] INFO: Calculated checksum: b6fcee9e
# [2024-05-29 12:25:11] INFO: Calculated checksum: ed3ba1f5
# [2024-05-29 12:25:11] INFO: Writing RNGSTATE file: ./rand_s060t20_b0653400_a_U000716500
# [2024-05-29 12:25:11] INFO: Writing to disk took 7.60934 seconds
# [2024-05-29 12:25:11] INFO: ======================================================================
# [2024-05-29 12:25:11] INFO: Start sweeping...
# [2024-05-29 12:33:00] INFO: It took 468.825 seconds to do 500 HBOR sweeps.
# [2024-05-29 12:33:00] INFO: Plaquette = 0.640858
# [2024-05-29 12:33:00] INFO: Polyakov loop = (-0.000215758,0.000180832)
# [2024-05-29 12:33:00] INFO: Writing conf to disk...
# [2024-05-29 12:33:00] INFO: writeconf_nersc: Writing NERSC configuration ./conf_s060t20_b0653400_a_U000717000
# [2024-05-29 12:33:03] INFO: Calculated checksum: adcd29e1
# [2024-05-29 12:33:07] INFO: Calculated checksum: d4bd4f14
# [2024-05-29 12:33:07] INFO: Writing RNGSTATE file: ./rand_s060t20_b0653400_a_U000717000
# [2024-05-29 12:33:07] INFO: Writing to disk took 7.52297 seconds
# [2024-05-29 12:33:07] INFO: ======================================================================
# [2024-05-29 12:33:07] INFO: Start sweeping...
# [2024-05-29 12:40:56] INFO: It took 468.89 seconds to do 500 HBOR sweeps.
# [2024-05-29 12:40:56] INFO: Plaquette = 0.640833
# [2024-05-29 12:40:56] INFO: Polyakov loop = (-0.00104314,-0.00143861)
# [2024-05-29 12:40:56] INFO: Writing conf to disk...
# [2024-05-29 12:40:56] INFO: writeconf_nersc: Writing NERSC configuration ./conf_s060t20_b0653400_a_U000717500
# [2024-05-29 12:40:59] INFO: Calculated checksum: aeb0944e
# [2024-05-29 12:41:04] INFO: Calculated checksum: 1c08e6af
# [2024-05-29 12:41:04] INFO: Writing RNGSTATE file: ./rand_s060t20_b0653400_a_U000717500
# [2024-05-29 12:41:04] INFO: Writing to disk took 7.50551 seconds
# [2024-05-29 12:41:04] INFO: ======================================================================
# [2024-05-29 12:41:04] INFO: Start sweeping...
# [2024-05-29 12:48:53] INFO: It took 468.834 seconds to do 500 HBOR sweeps.
# [2024-05-29 12:48:53] INFO: Plaquette = 0.640917
# [2024-05-29 12:48:53] INFO: Polyakov loop = (0.000421508,-0.000506425)
# [2024-05-29 12:48:53] INFO: Writing conf to disk...
# [2024-05-29 12:48:53] INFO: writeconf_nersc: Writing NERSC configuration ./conf_s060t20_b0653400_a_U000718000
# [2024-05-29 12:48:55] INFO: Calculated checksum: efdb0bf
# [2024-05-29 12:49:00] INFO: Calculated checksum: 5ac3e2ed
# [2024-05-29 12:49:00] INFO: Writing RNGSTATE file: ./rand_s060t20_b0653400_a_U000718000
# [2024-05-29 12:49:00] INFO: Writing to disk took 7.53951 seconds
# [2024-05-29 12:49:00] INFO: ======================================================================
# [2024-05-29 12:49:00] INFO: Start sweeping...
# [2024-05-29 12:56:49] INFO: It took 468.894 seconds to do 500 HBOR sweeps.
# [2024-05-29 12:56:49] INFO: Plaquette = 0.640868
# [2024-05-29 12:56:49] INFO: Polyakov loop = (0.00102489,0.000608788)
# [2024-05-29 12:56:49] INFO: Writing conf to disk...
# [2024-05-29 12:56:49] INFO: writeconf_nersc: Writing NERSC configuration ./conf_s060t20_b0653400_a_U000718500
# [2024-05-29 12:56:52] INFO: Calculated checksum: ef019238
# [2024-05-29 12:56:56] INFO: Calculated checksum: f3af5780
# [2024-05-29 12:56:56] INFO: Writing RNGSTATE file: ./rand_s060t20_b0653400_a_U000718500
# [2024-05-29 12:56:56] INFO: Writing to disk took 7.35222 seconds
# [2024-05-29 12:56:56] INFO: ======================================================================
# [2024-05-29 12:56:56] INFO: Start sweeping...
# [2024-05-29 13:04:45] INFO: It took 468.904 seconds to do 500 HBOR sweeps.
# [2024-05-29 13:04:45] INFO: Plaquette = 0.640969
# [2024-05-29 13:04:45] INFO: Polyakov loop = (0.000144397,-0.000875904)
# [2024-05-29 13:04:45] INFO: Writing conf to disk...
# [2024-05-29 13:04:45] INFO: writeconf_nersc: Writing NERSC configuration ./conf_s060t20_b0653400_a_U000719000
# [2024-05-29 13:04:48] INFO: Calculated checksum: 63a9407a
# [2024-05-29 13:04:53] INFO: Calculated checksum: 5e6c9529
# [2024-05-29 13:04:53] INFO: Writing RNGSTATE file: ./rand_s060t20_b0653400_a_U000719000
# [2024-05-29 13:04:53] INFO: Writing to disk took 7.42487 seconds
# [2024-05-29 13:04:53] INFO: ======================================================================
# [2024-05-29 13:04:53] INFO: Start sweeping...
# [2024-05-29 13:12:42] INFO: It took 468.824 seconds to do 500 HBOR sweeps.
# [2024-05-29 13:12:42] INFO: Plaquette = 0.640816
# [2024-05-29 13:12:42] INFO: Polyakov loop = (0.000640902,0.00109276)
# [2024-05-29 13:12:42] INFO: Writing conf to disk...
# [2024-05-29 13:12:42] INFO: writeconf_nersc: Writing NERSC configuration ./conf_s060t20_b0653400_a_U000719500
# [2024-05-29 13:12:45] INFO: Calculated checksum: 628fb14f
# [2024-05-29 13:12:49] INFO: Calculated checksum: 9583f3ca
# [2024-05-29 13:12:49] INFO: Writing RNGSTATE file: ./rand_s060t20_b0653400_a_U000719500
# [2024-05-29 13:12:49] INFO: Writing to disk took 7.46754 seconds
# [2024-05-29 13:12:49] INFO: ======================================================================
# [2024-05-29 13:12:49] INFO: Start sweeping...
# [2024-05-29 13:20:38] INFO: It took 468.745 seconds to do 500 HBOR sweeps.
# [2024-05-29 13:20:38] INFO: Plaquette = 0.640924
# [2024-05-29 13:20:38] INFO: Polyakov loop = (-0.000122126,7.77357e-05)
# [2024-05-29 13:20:38] INFO: Writing conf to disk...
# [2024-05-29 13:20:38] INFO: writeconf_nersc: Writing NERSC configuration ./conf_s060t20_b0653400_a_U000720000
# [2024-05-29 13:20:41] INFO: Calculated checksum: 5360ec9c
# [2024-05-29 13:20:45] INFO: Calculated checksum: 2def1953
# [2024-05-29 13:20:45] INFO: Writing RNGSTATE file: ./rand_s060t20_b0653400_a_U000720000
# [2024-05-29 13:20:45] INFO: Writing to disk took 7.30439 seconds
# [2024-05-29 13:20:45] INFO: ======================================================================
# [2024-05-29 13:20:45] INFO: Start sweeping...
# [2024-05-29 13:28:34] INFO: It took 468.763 seconds to do 500 HBOR sweeps.
# [2024-05-29 13:28:34] INFO: Plaquette = 0.640908
# [2024-05-29 13:28:34] INFO: Polyakov loop = (-0.000300838,0.000831169)
# [2024-05-29 13:28:34] INFO: Writing conf to disk...
# [2024-05-29 13:28:34] INFO: writeconf_nersc: Writing NERSC configuration ./conf_s060t20_b0653400_a_U000720500
# [2024-05-29 13:28:37] INFO: Calculated checksum: f1805e91
# [2024-05-29 13:28:41] INFO: Calculated checksum: 5357c6e6
# [2024-05-29 13:28:41] INFO: Writing RNGSTATE file: ./rand_s060t20_b0653400_a_U000720500
# [2024-05-29 13:28:42] INFO: Writing to disk took 7.52452 seconds
# [2024-05-29 13:28:42] INFO: ======================================================================
# [2024-05-29 13:28:42] INFO: Start sweeping...
# [2024-05-29 13:36:30] INFO: It took 468.847 seconds to do 500 HBOR sweeps.
# [2024-05-29 13:36:31] INFO: Plaquette = 0.640948
# [2024-05-29 13:36:31] INFO: Polyakov loop = (0.000704761,-0.000195378)
# [2024-05-29 13:36:31] INFO: Writing conf to disk...
# [2024-05-29 13:36:31] INFO: writeconf_nersc: Writing NERSC configuration ./conf_s060t20_b0653400_a_U000721000
# [2024-05-29 13:36:34] INFO: Calculated checksum: 509e66d6
# [2024-05-29 13:36:38] INFO: Calculated checksum: b49bae66
# [2024-05-29 13:36:38] INFO: Writing RNGSTATE file: ./rand_s060t20_b0653400_a_U000721000
# [2024-05-29 13:36:38] INFO: Writing to disk took 7.79485 seconds
# [2024-05-29 13:36:38] INFO: ======================================================================
# [2024-05-29 13:36:38] INFO: Start sweeping...
# [2024-05-29 13:44:27] INFO: It took 468.803 seconds to do 500 HBOR sweeps.
# [2024-05-29 13:44:27] INFO: Plaquette = 0.640924
# [2024-05-29 13:44:27] INFO: Polyakov loop = (0.000630765,-0.000523225)
# [2024-05-29 13:44:27] INFO: Writing conf to disk...
# [2024-05-29 13:44:27] INFO: writeconf_nersc: Writing NERSC configuration ./conf_s060t20_b0653400_a_U000721500
# [2024-05-29 13:44:30] INFO: Calculated checksum: 6eef80fa
# [2024-05-29 13:44:35] INFO: Calculated checksum: aa0a2c1a
# [2024-05-29 13:44:35] INFO: Writing RNGSTATE file: ./rand_s060t20_b0653400_a_U000721500
# [2024-05-29 13:44:35] INFO: Writing to disk took 7.64026 seconds
# [2024-05-29 13:44:35] INFO: ======================================================================
# [2024-05-29 13:44:35] INFO: Start sweeping...
# [2024-05-29 13:52:24] INFO: It took 468.798 seconds to do 500 HBOR sweeps.
# [2024-05-29 13:52:24] INFO: Plaquette = 0.640886
# [2024-05-29 13:52:24] INFO: Polyakov loop = (0.00036619,-5.27903e-05)
# [2024-05-29 13:52:24] INFO: Writing conf to disk...
# [2024-05-29 13:52:24] INFO: writeconf_nersc: Writing NERSC configuration ./conf_s060t20_b0653400_a_U000722000
# [2024-05-29 13:52:26] INFO: Calculated checksum: 2d6bfa1b
# [2024-05-29 13:52:31] INFO: Calculated checksum: 59aaa509
# [2024-05-29 13:52:31] INFO: Writing RNGSTATE file: ./rand_s060t20_b0653400_a_U000722000
# [2024-05-29 13:52:31] INFO: Writing to disk took 7.60741 seconds
# [2024-05-29 13:52:31] INFO: ======================================================================
# [2024-05-29 13:52:31] INFO: Start sweeping...
# [2024-05-29 14:00:20] INFO: It took 468.822 seconds to do 500 HBOR sweeps.
# [2024-05-29 14:00:20] INFO: Plaquette = 0.640931
# [2024-05-29 14:00:20] INFO: Polyakov loop = (0.000435267,0.000603138)
# [2024-05-29 14:00:20] INFO: Writing conf to disk...
# [2024-05-29 14:00:20] INFO: writeconf_nersc: Writing NERSC configuration ./conf_s060t20_b0653400_a_U000722500
# [2024-05-29 14:00:23] INFO: Calculated checksum: 4d00ae6f
# [2024-05-29 14:00:28] INFO: Calculated checksum: 9556e346
# [2024-05-29 14:00:28] INFO: Writing RNGSTATE file: ./rand_s060t20_b0653400_a_U000722500
# [2024-05-29 14:00:28] INFO: Writing to disk took 7.49827 seconds
# [2024-05-29 14:00:28] INFO: ======================================================================
# [2024-05-29 14:00:28] INFO: Start sweeping...
# [2024-05-29 14:08:16] INFO: It took 468.821 seconds to do 500 HBOR sweeps.
# [2024-05-29 14:08:17] INFO: Plaquette = 0.640803
# [2024-05-29 14:08:17] INFO: Polyakov loop = (0.000302616,-0.000778944)
# [2024-05-29 14:08:17] INFO: Writing conf to disk...
# [2024-05-29 14:08:17] INFO: writeconf_nersc: Writing NERSC configuration ./conf_s060t20_b0653400_a_U000723000
# [2024-05-29 14:08:19] INFO: Calculated checksum: 8c4efb60
# [2024-05-29 14:08:24] INFO: Calculated checksum: 4d1a6653
# [2024-05-29 14:08:24] INFO: Writing RNGSTATE file: ./rand_s060t20_b0653400_a_U000723000
# [2024-05-29 14:08:24] INFO: Writing to disk took 7.36187 seconds
# [2024-05-29 14:08:24] INFO: ======================================================================
# [2024-05-29 14:08:24] INFO: Start sweeping...
# [2024-05-29 14:16:13] INFO: It took 468.909 seconds to do 500 HBOR sweeps.
# [2024-05-29 14:16:13] INFO: Plaquette = 0.640879
# [2024-05-29 14:16:13] INFO: Polyakov loop = (0.000223584,-9.27104e-05)
# [2024-05-29 14:16:13] INFO: Writing conf to disk...
# [2024-05-29 14:16:13] INFO: writeconf_nersc: Writing NERSC configuration ./conf_s060t20_b0653400_a_U000723500
# [2024-05-29 14:16:16] INFO: Calculated checksum: 9860d307
# [2024-05-29 14:16:20] INFO: Calculated checksum: 7fd89d97
# [2024-05-29 14:16:20] INFO: Writing RNGSTATE file: ./rand_s060t20_b0653400_a_U000723500
# [2024-05-29 14:16:20] INFO: Writing to disk took 7.44743 seconds
# [2024-05-29 14:16:20] INFO: ======================================================================
# [2024-05-29 14:16:20] INFO: Start sweeping...
# [2024-05-29 14:24:09] INFO: It took 468.785 seconds to do 500 HBOR sweeps.
# [2024-05-29 14:24:09] INFO: Plaquette = 0.640958
# [2024-05-29 14:24:09] INFO: Polyakov loop = (-0.000518267,0.000211955)
# [2024-05-29 14:24:09] INFO: Writing conf to disk...
# [2024-05-29 14:24:09] INFO: writeconf_nersc: Writing NERSC configuration ./conf_s060t20_b0653400_a_U000724000
# [2024-05-29 14:24:12] INFO: Calculated checksum: 7169ae2
# [2024-05-29 14:24:17] INFO: Calculated checksum: 2e53e885
# [2024-05-29 14:24:17] INFO: Writing RNGSTATE file: ./rand_s060t20_b0653400_a_U000724000
# [2024-05-29 14:24:17] INFO: Writing to disk took 7.9904 seconds
# [2024-05-29 14:24:17] INFO: ======================================================================
# [2024-05-29 14:24:17] INFO: Start sweeping...
# [2024-05-29 14:32:06] INFO: It took 468.84 seconds to do 500 HBOR sweeps.
# [2024-05-29 14:32:06] INFO: Plaquette = 0.64081
# [2024-05-29 14:32:06] INFO: Polyakov loop = (-0.000237717,-0.000123207)
# [2024-05-29 14:32:06] INFO: Writing conf to disk...
# [2024-05-29 14:32:06] INFO: writeconf_nersc: Writing NERSC configuration ./conf_s060t20_b0653400_a_U000724500
# [2024-05-29 14:32:09] INFO: Calculated checksum: fdf93d8a
# [2024-05-29 14:32:13] INFO: Calculated checksum: 1987de97
# [2024-05-29 14:32:13] INFO: Writing RNGSTATE file: ./rand_s060t20_b0653400_a_U000724500
# [2024-05-29 14:32:14] INFO: Writing to disk took 7.4973 seconds
# [2024-05-29 14:32:14] INFO: ======================================================================
# [2024-05-29 14:32:14] INFO: Start sweeping...
# [2024-05-29 14:40:02] INFO: It took 468.806 seconds to do 500 HBOR sweeps.
# [2024-05-29 14:40:02] INFO: Plaquette = 0.640823
# [2024-05-29 14:40:02] INFO: Polyakov loop = (-9.61092e-05,0.000939869)
# [2024-05-29 14:40:02] INFO: Writing conf to disk...
# [2024-05-29 14:40:02] INFO: writeconf_nersc: Writing NERSC configuration ./conf_s060t20_b0653400_a_U000725000
# [2024-05-29 14:40:05] INFO: Calculated checksum: 98f3dc04
# [2024-05-29 14:40:10] INFO: Calculated checksum: 9a6b9617
# [2024-05-29 14:40:10] INFO: Writing RNGSTATE file: ./rand_s060t20_b0653400_a_U000725000
# [2024-05-29 14:40:10] INFO: Writing to disk took 7.53322 seconds
# [2024-05-29 14:40:10] INFO: ======================================================================
# [2024-05-29 14:40:10] INFO: Start sweeping...
# [2024-05-29 14:47:59] INFO: It took 468.748 seconds to do 500 HBOR sweeps.
# [2024-05-29 14:47:59] INFO: Plaquette = 0.64083
# [2024-05-29 14:47:59] INFO: Polyakov loop = (0.000284804,0.000302752)
# [2024-05-29 14:47:59] INFO: Writing conf to disk...
# [2024-05-29 14:47:59] INFO: writeconf_nersc: Writing NERSC configuration ./conf_s060t20_b0653400_a_U000725500
# [2024-05-29 14:48:02] INFO: Calculated checksum: 1cc834a3
# [2024-05-29 14:48:06] INFO: Calculated checksum: 4dcec9b3
# [2024-05-29 14:48:06] INFO: Writing RNGSTATE file: ./rand_s060t20_b0653400_a_U000725500
# [2024-05-29 14:48:06] INFO: Writing to disk took 7.35558 seconds
# [2024-05-29 14:48:06] INFO: ======================================================================
# [2024-05-29 14:48:06] INFO: Start sweeping...
# [2024-05-29 14:55:55] INFO: It took 468.803 seconds to do 500 HBOR sweeps.
# [2024-05-29 14:55:55] INFO: Plaquette = 0.640903
# [2024-05-29 14:55:55] INFO: Polyakov loop = (0.000332854,0.000580523)
# [2024-05-29 14:55:55] INFO: Writing conf to disk...
# [2024-05-29 14:55:55] INFO: writeconf_nersc: Writing NERSC configuration ./conf_s060t20_b0653400_a_U000726000
# [2024-05-29 14:55:58] INFO: Calculated checksum: 258c66d0
# [2024-05-29 14:56:02] INFO: Calculated checksum: c83a979
# [2024-05-29 14:56:02] INFO: Writing RNGSTATE file: ./rand_s060t20_b0653400_a_U000726000
# [2024-05-29 14:56:02] INFO: Writing to disk took 7.3119 seconds
# [2024-05-29 14:56:02] INFO: ======================================================================
# [2024-05-29 14:56:02] INFO: Start sweeping...
# [2024-05-29 15:03:51] INFO: It took 468.821 seconds to do 500 HBOR sweeps.
# [2024-05-29 15:03:51] INFO: Plaquette = 0.640953
# [2024-05-29 15:03:51] INFO: Polyakov loop = (3.3086e-05,-0.000599535)
# [2024-05-29 15:03:51] INFO: Writing conf to disk...
# [2024-05-29 15:03:51] INFO: writeconf_nersc: Writing NERSC configuration ./conf_s060t20_b0653400_a_U000726500
# [2024-05-29 15:03:54] INFO: Calculated checksum: 219920ea
# [2024-05-29 15:03:58] INFO: Calculated checksum: 69c9ffe8
# [2024-05-29 15:03:58] INFO: Writing RNGSTATE file: ./rand_s060t20_b0653400_a_U000726500
# [2024-05-29 15:03:59] INFO: Writing to disk took 7.49884 seconds
# [2024-05-29 15:03:59] INFO: ======================================================================
# [2024-05-29 15:03:59] INFO: Start sweeping...
# [2024-05-29 15:11:47] INFO: It took 468.787 seconds to do 500 HBOR sweeps.
# [2024-05-29 15:11:47] INFO: Plaquette = 0.640948
# [2024-05-29 15:11:47] INFO: Polyakov loop = (-0.000407416,-0.00025048)
# [2024-05-29 15:11:47] INFO: Writing conf to disk...
# [2024-05-29 15:11:47] INFO: writeconf_nersc: Writing NERSC configuration ./conf_s060t20_b0653400_a_U000727000
# [2024-05-29 15:11:50] INFO: Calculated checksum: 407c24c7
# [2024-05-29 15:11:55] INFO: Calculated checksum: cc330d49
# [2024-05-29 15:11:55] INFO: Writing RNGSTATE file: ./rand_s060t20_b0653400_a_U000727000
# [2024-05-29 15:11:55] INFO: Writing to disk took 7.47633 seconds
# [2024-05-29 15:11:55] INFO: ======================================================================
# [2024-05-29 15:11:55] INFO: Start sweeping...
# [2024-05-29 15:19:44] INFO: It took 468.802 seconds to do 500 HBOR sweeps.
# [2024-05-29 15:19:44] INFO: Plaquette = 0.640954
# [2024-05-29 15:19:44] INFO: Polyakov loop = (0.000620864,0.000240242)
# [2024-05-29 15:19:44] INFO: Writing conf to disk...
# [2024-05-29 15:19:44] INFO: writeconf_nersc: Writing NERSC configuration ./conf_s060t20_b0653400_a_U000727500
# [2024-05-29 15:19:47] INFO: Calculated checksum: 48b1005a
# [2024-05-29 15:19:51] INFO: Calculated checksum: 837042c7
# [2024-05-29 15:19:51] INFO: Writing RNGSTATE file: ./rand_s060t20_b0653400_a_U000727500
# [2024-05-29 15:19:51] INFO: Writing to disk took 7.36458 seconds
# [2024-05-29 15:19:51] INFO: ======================================================================
# [2024-05-29 15:19:51] INFO: Start sweeping...
# [2024-05-29 15:27:40] INFO: It took 468.83 seconds to do 500 HBOR sweeps.
# [2024-05-29 15:27:40] INFO: Plaquette = 0.640861
# [2024-05-29 15:27:40] INFO: Polyakov loop = (0.000160503,0.000680051)
# [2024-05-29 15:27:40] INFO: Writing conf to disk...
# [2024-05-29 15:27:40] INFO: writeconf_nersc: Writing NERSC configuration ./conf_s060t20_b0653400_a_U000728000
# [2024-05-29 15:27:43] INFO: Calculated checksum: f557f8e5
# [2024-05-29 15:27:47] INFO: Calculated checksum: 5f2a1741
# [2024-05-29 15:27:47] INFO: Writing RNGSTATE file: ./rand_s060t20_b0653400_a_U000728000
# [2024-05-29 15:27:47] INFO: Writing to disk took 7.31717 seconds
# [2024-05-29 15:27:47] INFO: ======================================================================
# [2024-05-29 15:27:47] INFO: Start sweeping...
# [2024-05-29 15:35:36] INFO: It took 468.733 seconds to do 500 HBOR sweeps.
# [2024-05-29 15:35:36] INFO: Plaquette = 0.640899
# [2024-05-29 15:35:36] INFO: Polyakov loop = (-0.000927941,0.000372142)
# [2024-05-29 15:35:36] INFO: Writing conf to disk...
# [2024-05-29 15:35:36] INFO: writeconf_nersc: Writing NERSC configuration ./conf_s060t20_b0653400_a_U000728500
# [2024-05-29 15:35:39] INFO: Calculated checksum: 5899cef5
# [2024-05-29 15:35:43] INFO: Calculated checksum: de9a56ac
# [2024-05-29 15:35:43] INFO: Writing RNGSTATE file: ./rand_s060t20_b0653400_a_U000728500
# [2024-05-29 15:35:44] INFO: Writing to disk took 7.48071 seconds
# [2024-05-29 15:35:44] INFO: ======================================================================
# [2024-05-29 15:35:44] INFO: Start sweeping...
# [2024-05-29 15:43:32] INFO: It took 468.677 seconds to do 500 HBOR sweeps.
# [2024-05-29 15:43:32] INFO: Plaquette = 0.64092
# [2024-05-29 15:43:32] INFO: Polyakov loop = (0.000366025,0.000951178)
# [2024-05-29 15:43:32] INFO: Writing conf to disk...
# [2024-05-29 15:43:32] INFO: writeconf_nersc: Writing NERSC configuration ./conf_s060t20_b0653400_a_U000729000
# [2024-05-29 15:43:35] INFO: Calculated checksum: 8b796f9f
# [2024-05-29 15:43:40] INFO: Calculated checksum: 56f59727
# [2024-05-29 15:43:40] INFO: Writing RNGSTATE file: ./rand_s060t20_b0653400_a_U000729000
# [2024-05-29 15:43:40] INFO: Writing to disk took 7.29339 seconds
# [2024-05-29 15:43:40] INFO: ======================================================================
# [2024-05-29 15:43:40] INFO: Start sweeping...
# [2024-05-29 15:51:28] INFO: It took 468.808 seconds to do 500 HBOR sweeps.
# [2024-05-29 15:51:28] INFO: Plaquette = 0.640821
# [2024-05-29 15:51:28] INFO: Polyakov loop = (-0.000126392,4.53509e-05)
# [2024-05-29 15:51:28] INFO: Writing conf to disk...
# [2024-05-29 15:51:28] INFO: writeconf_nersc: Writing NERSC configuration ./conf_s060t20_b0653400_a_U000729500
# [2024-05-29 15:51:31] INFO: Calculated checksum: 7fcdef2e
# [2024-05-29 15:51:36] INFO: Calculated checksum: a1e4e668
# [2024-05-29 15:51:36] INFO: Writing RNGSTATE file: ./rand_s060t20_b0653400_a_U000729500
# [2024-05-29 15:51:37] INFO: Writing to disk took 8.01475 seconds
# [2024-05-29 15:51:37] INFO: ======================================================================
# [2024-05-29 15:51:37] INFO: Start sweeping...
# [2024-05-29 15:59:25] INFO: It took 468.695 seconds to do 500 HBOR sweeps.
# [2024-05-29 15:59:25] INFO: Plaquette = 0.640835
# [2024-05-29 15:59:25] INFO: Polyakov loop = (-1.10305e-05,-6.27903e-05)
# [2024-05-29 15:59:25] INFO: Writing conf to disk...
# [2024-05-29 15:59:25] INFO: writeconf_nersc: Writing NERSC configuration ./conf_s060t20_b0653400_a_U000730000
# [2024-05-29 15:59:28] INFO: Calculated checksum: d3a4e0d4
# [2024-05-29 15:59:33] INFO: Calculated checksum: 53ea3c0f
# [2024-05-29 15:59:33] INFO: Writing RNGSTATE file: ./rand_s060t20_b0653400_a_U000730000
# [2024-05-29 15:59:33] INFO: Writing to disk took 8.11823 seconds
# [2024-05-29 15:59:33] INFO: ======================================================================
# [2024-05-29 15:59:33] INFO: Start sweeping...
# [2024-05-29 16:07:22] INFO: It took 468.738 seconds to do 500 HBOR sweeps.
# [2024-05-29 16:07:22] INFO: Plaquette = 0.640956
# [2024-05-29 16:07:22] INFO: Polyakov loop = (-1.53474e-05,0.000504683)
# [2024-05-29 16:07:22] INFO: Writing conf to disk...
# [2024-05-29 16:07:22] INFO: writeconf_nersc: Writing NERSC configuration ./conf_s060t20_b0653400_a_U000730500
# [2024-05-29 16:07:25] INFO: Calculated checksum: c4d8e8f1
# [2024-05-29 16:07:29] INFO: Calculated checksum: e6260fd3
# [2024-05-29 16:07:29] INFO: Writing RNGSTATE file: ./rand_s060t20_b0653400_a_U000730500
# [2024-05-29 16:07:30] INFO: Writing to disk took 7.3987 seconds
# [2024-05-29 16:07:30] INFO: ======================================================================
# [2024-05-29 16:07:30] INFO: Start sweeping...
# [2024-05-29 16:15:18] INFO: It took 468.791 seconds to do 500 HBOR sweeps.
# [2024-05-29 16:15:18] INFO: Plaquette = 0.640849
# [2024-05-29 16:15:18] INFO: Polyakov loop = (-0.000503107,2.34363e-05)
# [2024-05-29 16:15:18] INFO: Writing conf to disk...
# [2024-05-29 16:15:18] INFO: writeconf_nersc: Writing NERSC configuration ./conf_s060t20_b0653400_a_U000731000
# [2024-05-29 16:15:21] INFO: Calculated checksum: 632cbca2
# [2024-05-29 16:15:26] INFO: Calculated checksum: cf6c34bb
# [2024-05-29 16:15:26] INFO: Writing RNGSTATE file: ./rand_s060t20_b0653400_a_U000731000
# [2024-05-29 16:15:26] INFO: Writing to disk took 7.50436 seconds
# [2024-05-29 16:15:26] INFO: ======================================================================
# [2024-05-29 16:15:26] INFO: Start sweeping...
# [2024-05-29 16:23:15] INFO: It took 468.753 seconds to do 500 HBOR sweeps.
# [2024-05-29 16:23:15] INFO: Plaquette = 0.640829
# [2024-05-29 16:23:15] INFO: Polyakov loop = (0.000262859,-0.000522907)
# [2024-05-29 16:23:15] INFO: Writing conf to disk...
# [2024-05-29 16:23:15] INFO: writeconf_nersc: Writing NERSC configuration ./conf_s060t20_b0653400_a_U000731500
# [2024-05-29 16:23:18] INFO: Calculated checksum: fa5d8fbb
# [2024-05-29 16:23:22] INFO: Calculated checksum: d64a25d2
# [2024-05-29 16:23:22] INFO: Writing RNGSTATE file: ./rand_s060t20_b0653400_a_U000731500
# [2024-05-29 16:23:22] INFO: Writing to disk took 7.30576 seconds
# [2024-05-29 16:23:22] INFO: ======================================================================
# [2024-05-29 16:23:22] INFO: Start sweeping...
# [2024-05-29 16:31:11] INFO: It took 468.763 seconds to do 500 HBOR sweeps.
# [2024-05-29 16:31:11] INFO: Plaquette = 0.640917
# [2024-05-29 16:31:11] INFO: Polyakov loop = (0.000543571,0.000475098)
# [2024-05-29 16:31:11] INFO: Writing conf to disk...
# [2024-05-29 16:31:11] INFO: writeconf_nersc: Writing NERSC configuration ./conf_s060t20_b0653400_a_U000732000
# [2024-05-29 16:31:14] INFO: Calculated checksum: 79f0f084
# [2024-05-29 16:31:18] INFO: Calculated checksum: ee96d4a3
# [2024-05-29 16:31:18] INFO: Writing RNGSTATE file: ./rand_s060t20_b0653400_a_U000732000
# [2024-05-29 16:31:18] INFO: Writing to disk took 7.36331 seconds
# [2024-05-29 16:31:18] INFO: ======================================================================
# [2024-05-29 16:31:18] INFO: Start sweeping...
# [2024-05-29 16:39:07] INFO: It took 468.685 seconds to do 500 HBOR sweeps.
# [2024-05-29 16:39:07] INFO: Plaquette = 0.640872
# [2024-05-29 16:39:07] INFO: Polyakov loop = (-0.000573382,0.000971495)
# [2024-05-29 16:39:07] INFO: Writing conf to disk...
# [2024-05-29 16:39:07] INFO: writeconf_nersc: Writing NERSC configuration ./conf_s060t20_b0653400_a_U000732500
# [2024-05-29 16:39:10] INFO: Calculated checksum: 30211fd
# [2024-05-29 16:39:14] INFO: Calculated checksum: 5e526810
# [2024-05-29 16:39:14] INFO: Writing RNGSTATE file: ./rand_s060t20_b0653400_a_U000732500
# [2024-05-29 16:39:14] INFO: Writing to disk took 7.5419 seconds
# [2024-05-29 16:39:14] INFO: ======================================================================
# [2024-05-29 16:39:14] INFO: Start sweeping...
# [2024-05-29 16:47:03] INFO: It took 468.812 seconds to do 500 HBOR sweeps.
# [2024-05-29 16:47:03] INFO: Plaquette = 0.640895
# [2024-05-29 16:47:03] INFO: Polyakov loop = (0.000626573,0.000251723)
# [2024-05-29 16:47:03] INFO: Writing conf to disk...
# [2024-05-29 16:47:03] INFO: writeconf_nersc: Writing NERSC configuration ./conf_s060t20_b0653400_a_U000733000
# [2024-05-29 16:47:06] INFO: Calculated checksum: 59a77802
# [2024-05-29 16:47:11] INFO: Calculated checksum: 91cc2b7b
# [2024-05-29 16:47:11] INFO: Writing RNGSTATE file: ./rand_s060t20_b0653400_a_U000733000
# [2024-05-29 16:47:11] INFO: Writing to disk took 7.35961 seconds
# [2024-05-29 16:47:11] INFO: ======================================================================
# [2024-05-29 16:47:11] INFO: Start sweeping...
# [2024-05-29 16:55:00] INFO: It took 468.807 seconds to do 500 HBOR sweeps.
# [2024-05-29 16:55:00] INFO: Plaquette = 0.640876
# [2024-05-29 16:55:00] INFO: Polyakov loop = (8.91703e-05,-2.378e-05)
# [2024-05-29 16:55:00] INFO: Writing conf to disk...
# [2024-05-29 16:55:00] INFO: writeconf_nersc: Writing NERSC configuration ./conf_s060t20_b0653400_a_U000733500
# [2024-05-29 16:55:02] INFO: Calculated checksum: 6c88455b
# [2024-05-29 16:55:07] INFO: Calculated checksum: a9279608
# [2024-05-29 16:55:07] INFO: Writing RNGSTATE file: ./rand_s060t20_b0653400_a_U000733500
# [2024-05-29 16:55:07] INFO: Writing to disk took 7.49107 seconds
# [2024-05-29 16:55:07] INFO: ======================================================================
# [2024-05-29 16:55:07] INFO: Start sweeping...
# [2024-05-29 17:02:56] INFO: It took 468.765 seconds to do 500 HBOR sweeps.
# [2024-05-29 17:02:56] INFO: Plaquette = 0.64079
# [2024-05-29 17:02:56] INFO: Polyakov loop = (0.000302853,-0.000504806)
# [2024-05-29 17:02:56] INFO: Writing conf to disk...
# [2024-05-29 17:02:56] INFO: writeconf_nersc: Writing NERSC configuration ./conf_s060t20_b0653400_a_U000734000
# [2024-05-29 17:02:59] INFO: Calculated checksum: 6875b6bf
# [2024-05-29 17:03:03] INFO: Calculated checksum: cfc3f7dc
# [2024-05-29 17:03:03] INFO: Writing RNGSTATE file: ./rand_s060t20_b0653400_a_U000734000
# [2024-05-29 17:03:03] INFO: Writing to disk took 7.60102 seconds
# [2024-05-29 17:03:03] INFO: ======================================================================
# [2024-05-29 17:03:03] INFO: Start sweeping...
# [2024-05-29 17:10:52] INFO: It took 468.768 seconds to do 500 HBOR sweeps.
# [2024-05-29 17:10:52] INFO: Plaquette = 0.640936
# [2024-05-29 17:10:52] INFO: Polyakov loop = (0.000932827,0.000581481)
# [2024-05-29 17:10:52] INFO: Writing conf to disk...
# [2024-05-29 17:10:52] INFO: writeconf_nersc: Writing NERSC configuration ./conf_s060t20_b0653400_a_U000734500
# [2024-05-29 17:10:55] INFO: Calculated checksum: 5f7afb1d
# [2024-05-29 17:11:00] INFO: Calculated checksum: e290337d
# [2024-05-29 17:11:00] INFO: Writing RNGSTATE file: ./rand_s060t20_b0653400_a_U000734500
# [2024-05-29 17:11:00] INFO: Writing to disk took 7.48924 seconds
# [2024-05-29 17:11:00] INFO: ======================================================================
# [2024-05-29 17:11:00] INFO: Start sweeping...
# [2024-05-29 17:18:49] INFO: It took 468.797 seconds to do 500 HBOR sweeps.
# [2024-05-29 17:18:49] INFO: Plaquette = 0.640866
# [2024-05-29 17:18:49] INFO: Polyakov loop = (-0.000637064,-0.0003611)
# [2024-05-29 17:18:49] INFO: Writing conf to disk...
# [2024-05-29 17:18:49] INFO: writeconf_nersc: Writing NERSC configuration ./conf_s060t20_b0653400_a_U000735000
# [2024-05-29 17:18:51] INFO: Calculated checksum: 32c931f9
# [2024-05-29 17:18:56] INFO: Calculated checksum: 744beb07
# [2024-05-29 17:18:56] INFO: Writing RNGSTATE file: ./rand_s060t20_b0653400_a_U000735000
# [2024-05-29 17:18:56] INFO: Writing to disk took 7.51252 seconds
# [2024-05-29 17:18:56] INFO: ======================================================================
# [2024-05-29 17:18:56] INFO: Start sweeping...
# [2024-05-29 17:26:45] INFO: It took 468.835 seconds to do 500 HBOR sweeps.
# [2024-05-29 17:26:45] INFO: Plaquette = 0.640907
# [2024-05-29 17:26:45] INFO: Polyakov loop = (-0.0013742,0.000105287)
# [2024-05-29 17:26:45] INFO: Writing conf to disk...
# [2024-05-29 17:26:45] INFO: writeconf_nersc: Writing NERSC configuration ./conf_s060t20_b0653400_a_U000735500
# [2024-05-29 17:26:48] INFO: Calculated checksum: 24cd555a
# [2024-05-29 17:26:53] INFO: Calculated checksum: 9cdc1d73
# [2024-05-29 17:26:53] INFO: Writing RNGSTATE file: ./rand_s060t20_b0653400_a_U000735500
# [2024-05-29 17:26:53] INFO: Writing to disk took 7.64672 seconds
# [2024-05-29 17:26:53] INFO: ======================================================================
# [2024-05-29 17:26:53] INFO: Start sweeping...
# [2024-05-29 17:34:42] INFO: It took 468.845 seconds to do 500 HBOR sweeps.
# [2024-05-29 17:34:42] INFO: Plaquette = 0.640906
# [2024-05-29 17:34:42] INFO: Polyakov loop = (-0.000786675,-0.0004277)
# [2024-05-29 17:34:42] INFO: Writing conf to disk...
# [2024-05-29 17:34:42] INFO: writeconf_nersc: Writing NERSC configuration ./conf_s060t20_b0653400_a_U000736000
# [2024-05-29 17:34:44] INFO: Calculated checksum: 39d0bf23
# [2024-05-29 17:34:49] INFO: Calculated checksum: 15b9f696
# [2024-05-29 17:34:49] INFO: Writing RNGSTATE file: ./rand_s060t20_b0653400_a_U000736000
# [2024-05-29 17:34:49] INFO: Writing to disk took 7.34911 seconds
# [2024-05-29 17:34:49] INFO: ======================================================================
# [2024-05-29 17:34:49] INFO: Start sweeping...
# [2024-05-29 17:42:38] INFO: It took 468.8 seconds to do 500 HBOR sweeps.
# [2024-05-29 17:42:38] INFO: Plaquette = 0.640882
# [2024-05-29 17:42:38] INFO: Polyakov loop = (0.000312058,0.00025222)
# [2024-05-29 17:42:38] INFO: Writing conf to disk...
# [2024-05-29 17:42:38] INFO: writeconf_nersc: Writing NERSC configuration ./conf_s060t20_b0653400_a_U000736500
# [2024-05-29 17:42:41] INFO: Calculated checksum: 1f1d0bf7
# [2024-05-29 17:42:45] INFO: Calculated checksum: 9e3ddbbd
# [2024-05-29 17:42:45] INFO: Writing RNGSTATE file: ./rand_s060t20_b0653400_a_U000736500
# [2024-05-29 17:42:45] INFO: Writing to disk took 7.52585 seconds
# [2024-05-29 17:42:45] INFO: ======================================================================
# [2024-05-29 17:42:45] INFO: Start sweeping...
# [2024-05-29 17:50:34] INFO: It took 468.865 seconds to do 500 HBOR sweeps.
# [2024-05-29 17:50:34] INFO: Plaquette = 0.640872
# [2024-05-29 17:50:34] INFO: Polyakov loop = (-1.31026e-05,-5.02281e-05)
# [2024-05-29 17:50:34] INFO: Writing conf to disk...
# [2024-05-29 17:50:34] INFO: writeconf_nersc: Writing NERSC configuration ./conf_s060t20_b0653400_a_U000737000
# [2024-05-29 17:50:37] INFO: Calculated checksum: 99859983
# [2024-05-29 17:50:42] INFO: Calculated checksum: e42945
# [2024-05-29 17:50:42] INFO: Writing RNGSTATE file: ./rand_s060t20_b0653400_a_U000737000
# [2024-05-29 17:50:42] INFO: Writing to disk took 7.51305 seconds
# [2024-05-29 17:50:42] INFO: ======================================================================
# [2024-05-29 17:50:42] INFO: Start sweeping...
# [2024-05-29 17:58:31] INFO: It took 468.863 seconds to do 500 HBOR sweeps.
# [2024-05-29 17:58:31] INFO: Plaquette = 0.640909
# [2024-05-29 17:58:31] INFO: Polyakov loop = (-0.000250741,0.00064057)
# [2024-05-29 17:58:31] INFO: Writing conf to disk...
# [2024-05-29 17:58:31] INFO: writeconf_nersc: Writing NERSC configuration ./conf_s060t20_b0653400_a_U000737500
# [2024-05-29 17:58:34] INFO: Calculated checksum: 13c77e61
# [2024-05-29 17:58:38] INFO: Calculated checksum: fda261e8
# [2024-05-29 17:58:38] INFO: Writing RNGSTATE file: ./rand_s060t20_b0653400_a_U000737500
# [2024-05-29 17:58:38] INFO: Writing to disk took 7.34869 seconds
# [2024-05-29 17:58:38] INFO: ======================================================================
# [2024-05-29 17:58:38] INFO: Start sweeping...
# [2024-05-29 18:06:27] INFO: It took 468.866 seconds to do 500 HBOR sweeps.
# [2024-05-29 18:06:27] INFO: Plaquette = 0.640879
# [2024-05-29 18:06:27] INFO: Polyakov loop = (-0.000780038,1.52892e-05)
# [2024-05-29 18:06:27] INFO: Writing conf to disk...
# [2024-05-29 18:06:27] INFO: writeconf_nersc: Writing NERSC configuration ./conf_s060t20_b0653400_a_U000738000
# [2024-05-29 18:06:30] INFO: Calculated checksum: f60cefcf
# [2024-05-29 18:06:34] INFO: Calculated checksum: f048bc97
# [2024-05-29 18:06:34] INFO: Writing RNGSTATE file: ./rand_s060t20_b0653400_a_U000738000
# [2024-05-29 18:06:34] INFO: Writing to disk took 7.54271 seconds
# [2024-05-29 18:06:34] INFO: ======================================================================
# [2024-05-29 18:06:34] INFO: Start sweeping...
# [2024-05-29 18:14:23] INFO: It took 468.784 seconds to do 500 HBOR sweeps.
# [2024-05-29 18:14:23] INFO: Plaquette = 0.640846
# [2024-05-29 18:14:23] INFO: Polyakov loop = (0.000688208,0.000481011)
# [2024-05-29 18:14:23] INFO: Writing conf to disk...
# [2024-05-29 18:14:23] INFO: writeconf_nersc: Writing NERSC configuration ./conf_s060t20_b0653400_a_U000738500
# [2024-05-29 18:14:26] INFO: Calculated checksum: f4cfeacb
# [2024-05-29 18:14:31] INFO: Calculated checksum: b7782463
# [2024-05-29 18:14:31] INFO: Writing RNGSTATE file: ./rand_s060t20_b0653400_a_U000738500
# [2024-05-29 18:14:31] INFO: Writing to disk took 7.39562 seconds
# [2024-05-29 18:14:31] INFO: ======================================================================
# [2024-05-29 18:14:31] INFO: Start sweeping...
# [2024-05-29 18:22:20] INFO: It took 468.833 seconds to do 500 HBOR sweeps.
# [2024-05-29 18:22:20] INFO: Plaquette = 0.64095
# [2024-05-29 18:22:20] INFO: Polyakov loop = (-0.000502263,0.000385276)
# [2024-05-29 18:22:20] INFO: Writing conf to disk...
# [2024-05-29 18:22:20] INFO: writeconf_nersc: Writing NERSC configuration ./conf_s060t20_b0653400_a_U000739000
# [2024-05-29 18:22:22] INFO: Calculated checksum: 4fadd77e
# [2024-05-29 18:22:27] INFO: Calculated checksum: d92ee8d6
# [2024-05-29 18:22:27] INFO: Writing RNGSTATE file: ./rand_s060t20_b0653400_a_U000739000
# [2024-05-29 18:22:27] INFO: Writing to disk took 7.55336 seconds
# [2024-05-29 18:22:27] INFO: ======================================================================
# [2024-05-29 18:22:27] INFO: Start sweeping...
# [2024-05-29 18:30:16] INFO: It took 468.855 seconds to do 500 HBOR sweeps.
# [2024-05-29 18:30:16] INFO: Plaquette = 0.640895
# [2024-05-29 18:30:16] INFO: Polyakov loop = (-0.000416087,-0.00023044)
# [2024-05-29 18:30:16] INFO: Writing conf to disk...
# [2024-05-29 18:30:16] INFO: writeconf_nersc: Writing NERSC configuration ./conf_s060t20_b0653400_a_U000739500
# [2024-05-29 18:30:19] INFO: Calculated checksum: b0266876
# [2024-05-29 18:30:23] INFO: Calculated checksum: 8e2f3acf
# [2024-05-29 18:30:23] INFO: Writing RNGSTATE file: ./rand_s060t20_b0653400_a_U000739500
# [2024-05-29 18:30:24] INFO: Writing to disk took 7.51447 seconds
# [2024-05-29 18:30:24] INFO: ======================================================================
# [2024-05-29 18:30:24] INFO: Start sweeping...
# [2024-05-29 18:38:12] INFO: It took 468.891 seconds to do 500 HBOR sweeps.
# [2024-05-29 18:38:13] INFO: Plaquette = 0.640791
# [2024-05-29 18:38:13] INFO: Polyakov loop = (0.000363196,-0.000205355)
# [2024-05-29 18:38:13] INFO: Writing conf to disk...
# [2024-05-29 18:38:13] INFO: writeconf_nersc: Writing NERSC configuration ./conf_s060t20_b0653400_a_U000740000
# [2024-05-29 18:38:15] INFO: Calculated checksum: 400eeaca
# [2024-05-29 18:38:20] INFO: Calculated checksum: 36b25d3
# [2024-05-29 18:38:20] INFO: Writing RNGSTATE file: ./rand_s060t20_b0653400_a_U000740000
# [2024-05-29 18:38:20] INFO: Writing to disk took 7.3894 seconds
# [2024-05-29 18:38:20] INFO: ======================================================================
# [2024-05-29 18:38:20] INFO: Start sweeping...
# [2024-05-29 18:46:09] INFO: It took 468.858 seconds to do 500 HBOR sweeps.
# [2024-05-29 18:46:09] INFO: Plaquette = 0.640901
# [2024-05-29 18:46:09] INFO: Polyakov loop = (-0.000291988,0.000614186)
# [2024-05-29 18:46:09] INFO: Writing conf to disk...
# [2024-05-29 18:46:09] INFO: writeconf_nersc: Writing NERSC configuration ./conf_s060t20_b0653400_a_U000740500
# [2024-05-29 18:46:12] INFO: Calculated checksum: 4e8349d7
# [2024-05-29 18:46:16] INFO: Calculated checksum: 55c2a4ac
# [2024-05-29 18:46:16] INFO: Writing RNGSTATE file: ./rand_s060t20_b0653400_a_U000740500
# [2024-05-29 18:46:16] INFO: Writing to disk took 7.40493 seconds
# [2024-05-29 18:46:16] INFO: ======================================================================
# [2024-05-29 18:46:16] INFO: Start sweeping...
# [2024-05-29 18:54:05] INFO: It took 468.947 seconds to do 500 HBOR sweeps.
# [2024-05-29 18:54:05] INFO: Plaquette = 0.640831
# [2024-05-29 18:54:05] INFO: Polyakov loop = (-0.00102026,0.000249043)
# [2024-05-29 18:54:05] INFO: Writing conf to disk...
# [2024-05-29 18:54:05] INFO: writeconf_nersc: Writing NERSC configuration ./conf_s060t20_b0653400_a_U000741000
# [2024-05-29 18:54:08] INFO: Calculated checksum: 1ae75fdd
# [2024-05-29 18:54:12] INFO: Calculated checksum: d7d76145
# [2024-05-29 18:54:13] INFO: Writing RNGSTATE file: ./rand_s060t20_b0653400_a_U000741000
# [2024-05-29 18:54:13] INFO: Writing to disk took 7.37654 seconds
# [2024-05-29 18:54:13] INFO: ======================================================================
# [2024-05-29 18:54:13] INFO: Start sweeping...
# [2024-05-29 19:02:02] INFO: It took 468.881 seconds to do 500 HBOR sweeps.
# [2024-05-29 19:02:02] INFO: Plaquette = 0.640938
# [2024-05-29 19:02:02] INFO: Polyakov loop = (0.000824176,-0.000309626)
# [2024-05-29 19:02:02] INFO: Writing conf to disk...
# [2024-05-29 19:02:02] INFO: writeconf_nersc: Writing NERSC configuration ./conf_s060t20_b0653400_a_U000741500
# [2024-05-29 19:02:04] INFO: Calculated checksum: 862f7300
# [2024-05-29 19:02:09] INFO: Calculated checksum: 996ca87
# [2024-05-29 19:02:09] INFO: Writing RNGSTATE file: ./rand_s060t20_b0653400_a_U000741500
# [2024-05-29 19:02:09] INFO: Writing to disk took 7.33149 seconds
# [2024-05-29 19:02:09] INFO: ======================================================================
# [2024-05-29 19:02:09] INFO: Start sweeping...
# [2024-05-29 19:09:58] INFO: It took 468.813 seconds to do 500 HBOR sweeps.
# [2024-05-29 19:09:58] INFO: Plaquette = 0.640864
# [2024-05-29 19:09:58] INFO: Polyakov loop = (-0.000779586,-0.000291933)
# [2024-05-29 19:09:58] INFO: Writing conf to disk...
# [2024-05-29 19:09:58] INFO: writeconf_nersc: Writing NERSC configuration ./conf_s060t20_b0653400_a_U000742000
# [2024-05-29 19:10:01] INFO: Calculated checksum: a9622c3f
# [2024-05-29 19:10:05] INFO: Calculated checksum: 6d8f5187
# [2024-05-29 19:10:05] INFO: Writing RNGSTATE file: ./rand_s060t20_b0653400_a_U000742000
# [2024-05-29 19:10:05] INFO: Writing to disk took 7.5697 seconds
# [2024-05-29 19:10:05] INFO: ======================================================================
# [2024-05-29 19:10:05] INFO: Start sweeping...
# [2024-05-29 19:17:54] INFO: It took 468.85 seconds to do 500 HBOR sweeps.
# [2024-05-29 19:17:54] INFO: Plaquette = 0.640852
# [2024-05-29 19:17:54] INFO: Polyakov loop = (-0.000723331,-6.28145e-05)
# [2024-05-29 19:17:54] INFO: Writing conf to disk...
# [2024-05-29 19:17:54] INFO: writeconf_nersc: Writing NERSC configuration ./conf_s060t20_b0653400_a_U000742500
# [2024-05-29 19:17:57] INFO: Calculated checksum: cb80cdca
# [2024-05-29 19:18:02] INFO: Calculated checksum: 115069a9
# [2024-05-29 19:18:02] INFO: Writing RNGSTATE file: ./rand_s060t20_b0653400_a_U000742500
# [2024-05-29 19:18:02] INFO: Writing to disk took 7.58604 seconds
# [2024-05-29 19:18:02] INFO: ======================================================================
# [2024-05-29 19:18:02] INFO: Start sweeping...
# [2024-05-29 19:25:51] INFO: It took 468.752 seconds to do 500 HBOR sweeps.
# [2024-05-29 19:25:51] INFO: Plaquette = 0.64089
# [2024-05-29 19:25:51] INFO: Polyakov loop = (0.000260097,-0.000975208)
# [2024-05-29 19:25:51] INFO: Writing conf to disk...
# [2024-05-29 19:25:51] INFO: writeconf_nersc: Writing NERSC configuration ./conf_s060t20_b0653400_a_U000743000
# [2024-05-29 19:25:53] INFO: Calculated checksum: 7defeb15
# [2024-05-29 19:25:58] INFO: Calculated checksum: 43c5ccc7
# [2024-05-29 19:25:58] INFO: Writing RNGSTATE file: ./rand_s060t20_b0653400_a_U000743000
# [2024-05-29 19:25:58] INFO: Writing to disk took 7.40751 seconds
# [2024-05-29 19:25:58] INFO: ======================================================================
# [2024-05-29 19:25:58] INFO: Start sweeping...
# [2024-05-29 19:33:47] INFO: It took 468.802 seconds to do 500 HBOR sweeps.
# [2024-05-29 19:33:47] INFO: Plaquette = 0.640861
# [2024-05-29 19:33:47] INFO: Polyakov loop = (0.000376987,0.00111584)
# [2024-05-29 19:33:47] INFO: Writing conf to disk...
# [2024-05-29 19:33:47] INFO: writeconf_nersc: Writing NERSC configuration ./conf_s060t20_b0653400_a_U000743500
# [2024-05-29 19:33:50] INFO: Calculated checksum: 460c5f7c
# [2024-05-29 19:33:56] INFO: Calculated checksum: cd6d9053
# [2024-05-29 19:33:56] INFO: Writing RNGSTATE file: ./rand_s060t20_b0653400_a_U000743500
# [2024-05-29 19:33:57] INFO: Writing to disk took 9.78008 seconds
# [2024-05-29 19:33:57] INFO: ======================================================================
# [2024-05-29 19:33:57] INFO: Start sweeping...
# [2024-05-29 19:41:45] INFO: It took 468.497 seconds to do 500 HBOR sweeps.
# [2024-05-29 19:41:45] INFO: Plaquette = 0.640814
# [2024-05-29 19:41:45] INFO: Polyakov loop = (0.000547198,0.000484971)
# [2024-05-29 19:41:45] INFO: Writing conf to disk...
# [2024-05-29 19:41:45] INFO: writeconf_nersc: Writing NERSC configuration ./conf_s060t20_b0653400_a_U000744000
# [2024-05-29 19:41:48] INFO: Calculated checksum: 4d98e4b2
# [2024-05-29 19:41:53] INFO: Calculated checksum: 728ec264
# [2024-05-29 19:41:53] INFO: Writing RNGSTATE file: ./rand_s060t20_b0653400_a_U000744000
# [2024-05-29 19:41:54] INFO: Writing to disk took 9.19367 seconds
# [2024-05-29 19:41:54] INFO: ======================================================================
# [2024-05-29 19:41:54] INFO: Start sweeping...
# [2024-05-29 19:49:43] INFO: It took 468.581 seconds to do 500 HBOR sweeps.
# [2024-05-29 19:49:43] INFO: Plaquette = 0.640851
# [2024-05-29 19:49:43] INFO: Polyakov loop = (6.64229e-05,7.8133e-07)
# [2024-05-29 19:49:43] INFO: Writing conf to disk...
# [2024-05-29 19:49:43] INFO: writeconf_nersc: Writing NERSC configuration ./conf_s060t20_b0653400_a_U000744500
# [2024-05-29 19:49:46] INFO: Calculated checksum: ed76303e
# [2024-05-29 19:49:51] INFO: Calculated checksum: 43fb2f47
# [2024-05-29 19:49:51] INFO: Writing RNGSTATE file: ./rand_s060t20_b0653400_a_U000744500
# [2024-05-29 19:49:51] INFO: Writing to disk took 7.84392 seconds
# [2024-05-29 19:49:51] INFO: ======================================================================
# [2024-05-29 19:49:51] INFO: Start sweeping...
# [2024-05-29 19:57:40] INFO: It took 468.849 seconds to do 500 HBOR sweeps.
# [2024-05-29 19:57:40] INFO: Plaquette = 0.640869
# [2024-05-29 19:57:40] INFO: Polyakov loop = (0.000859496,0.000871344)
# [2024-05-29 19:57:40] INFO: Writing conf to disk...
# [2024-05-29 19:57:40] INFO: writeconf_nersc: Writing NERSC configuration ./conf_s060t20_b0653400_a_U000745000
# [2024-05-29 19:57:43] INFO: Calculated checksum: ca97cd41
# [2024-05-29 19:57:47] INFO: Calculated checksum: 77d8612
# [2024-05-29 19:57:47] INFO: Writing RNGSTATE file: ./rand_s060t20_b0653400_a_U000745000
# [2024-05-29 19:57:47] INFO: Writing to disk took 7.04632 seconds
# [2024-05-29 19:57:47] INFO: ======================================================================
# [2024-05-29 19:57:47] INFO: Start sweeping...
# [2024-05-29 20:05:36] INFO: It took 468.813 seconds to do 500 HBOR sweeps.
# [2024-05-29 20:05:36] INFO: Plaquette = 0.640921
# [2024-05-29 20:05:36] INFO: Polyakov loop = (0.000596837,0.000195458)
# [2024-05-29 20:05:36] INFO: Writing conf to disk...
# [2024-05-29 20:05:36] INFO: writeconf_nersc: Writing NERSC configuration ./conf_s060t20_b0653400_a_U000745500
# [2024-05-29 20:05:39] INFO: Calculated checksum: 9f3b4c7
# [2024-05-29 20:05:43] INFO: Calculated checksum: 15049c51
# [2024-05-29 20:05:43] INFO: Writing RNGSTATE file: ./rand_s060t20_b0653400_a_U000745500
# [2024-05-29 20:05:43] INFO: Writing to disk took 7.24383 seconds
# [2024-05-29 20:05:43] INFO: ======================================================================
# [2024-05-29 20:05:43] INFO: Start sweeping...
# [2024-05-29 20:13:32] INFO: It took 468.95 seconds to do 500 HBOR sweeps.
# [2024-05-29 20:13:32] INFO: Plaquette = 0.640928
# [2024-05-29 20:13:32] INFO: Polyakov loop = (-0.000229769,-0.000588763)
# [2024-05-29 20:13:32] INFO: Writing conf to disk...
# [2024-05-29 20:13:32] INFO: writeconf_nersc: Writing NERSC configuration ./conf_s060t20_b0653400_a_U000746000
# [2024-05-29 20:13:35] INFO: Calculated checksum: 4005280d
# [2024-05-29 20:13:39] INFO: Calculated checksum: 99a6f750
# [2024-05-29 20:13:39] INFO: Writing RNGSTATE file: ./rand_s060t20_b0653400_a_U000746000
# [2024-05-29 20:13:39] INFO: Writing to disk took 7.37602 seconds
# [2024-05-29 20:13:39] INFO: ======================================================================
# [2024-05-29 20:13:39] INFO: Start sweeping...
# [2024-05-29 20:21:28] INFO: It took 468.85 seconds to do 500 HBOR sweeps.
# [2024-05-29 20:21:28] INFO: Plaquette = 0.640862
# [2024-05-29 20:21:28] INFO: Polyakov loop = (0.000916635,-0.000622031)
# [2024-05-29 20:21:28] INFO: Writing conf to disk...
# [2024-05-29 20:21:28] INFO: writeconf_nersc: Writing NERSC configuration ./conf_s060t20_b0653400_a_U000746500
# [2024-05-29 20:21:31] INFO: Calculated checksum: 6a5f726
# [2024-05-29 20:21:36] INFO: Calculated checksum: eeef1456
# [2024-05-29 20:21:36] INFO: Writing RNGSTATE file: ./rand_s060t20_b0653400_a_U000746500
# [2024-05-29 20:21:36] INFO: Writing to disk took 7.74035 seconds
# [2024-05-29 20:21:36] INFO: ======================================================================
# [2024-05-29 20:21:36] INFO: Start sweeping...
# [2024-05-29 20:29:23] INFO: It took 467.449 seconds to do 500 HBOR sweeps.
# [2024-05-29 20:29:23] INFO: Plaquette = 0.640928
# [2024-05-29 20:29:23] INFO: Polyakov loop = (-0.000231167,0.000250721)
# [2024-05-29 20:29:23] INFO: Writing conf to disk...
# [2024-05-29 20:29:23] INFO: writeconf_nersc: Writing NERSC configuration ./conf_s060t20_b0653400_a_U000747000
# [2024-05-29 20:29:26] INFO: Calculated checksum: f06ebb18
# [2024-05-29 20:29:30] INFO: Calculated checksum: 3873be4d
# [2024-05-29 20:29:30] INFO: Writing RNGSTATE file: ./rand_s060t20_b0653400_a_U000747000
# [2024-05-29 20:29:30] INFO: Writing to disk took 6.98103 seconds
# [2024-05-29 20:29:30] INFO: ======================================================================
# [2024-05-29 20:29:30] INFO: Start sweeping...
# [2024-05-29 20:37:19] INFO: It took 468.811 seconds to do 500 HBOR sweeps.
# [2024-05-29 20:37:19] INFO: Plaquette = 0.640893
# [2024-05-29 20:37:19] INFO: Polyakov loop = (0.000135692,-0.000427538)
# [2024-05-29 20:37:19] INFO: Writing conf to disk...
# [2024-05-29 20:37:19] INFO: writeconf_nersc: Writing NERSC configuration ./conf_s060t20_b0653400_a_U000747500
# [2024-05-29 20:37:22] INFO: Calculated checksum: 121d3258
# [2024-05-29 20:37:27] INFO: Calculated checksum: 9a9ae18c
# [2024-05-29 20:37:27] INFO: Writing RNGSTATE file: ./rand_s060t20_b0653400_a_U000747500
# [2024-05-29 20:37:27] INFO: Writing to disk took 7.397 seconds
# [2024-05-29 20:37:27] INFO: ======================================================================
# [2024-05-29 20:37:27] INFO: Start sweeping...
# [2024-05-29 20:45:15] INFO: It took 468.652 seconds to do 500 HBOR sweeps.
# [2024-05-29 20:45:15] INFO: Plaquette = 0.640839
# [2024-05-29 20:45:15] INFO: Polyakov loop = (-0.00057986,-0.000727261)
# [2024-05-29 20:45:15] INFO: Writing conf to disk...
# [2024-05-29 20:45:15] INFO: writeconf_nersc: Writing NERSC configuration ./conf_s060t20_b0653400_a_U000748000
# [2024-05-29 20:45:18] INFO: Calculated checksum: aa6559d8
# [2024-05-29 20:45:23] INFO: Calculated checksum: 1779e15f
# [2024-05-29 20:45:23] INFO: Writing RNGSTATE file: ./rand_s060t20_b0653400_a_U000748000
# [2024-05-29 20:45:23] INFO: Writing to disk took 7.46433 seconds
# [2024-05-29 20:45:23] INFO: ======================================================================
# [2024-05-29 20:45:23] INFO: Start sweeping...
# [2024-05-29 20:53:12] INFO: It took 468.765 seconds to do 500 HBOR sweeps.
# [2024-05-29 20:53:12] INFO: Plaquette = 0.640893
# [2024-05-29 20:53:12] INFO: Polyakov loop = (-5.73713e-05,0.00108064)
# [2024-05-29 20:53:12] INFO: Writing conf to disk...
# [2024-05-29 20:53:12] INFO: writeconf_nersc: Writing NERSC configuration ./conf_s060t20_b0653400_a_U000748500
# [2024-05-29 20:53:15] INFO: Calculated checksum: c246142f
# [2024-05-29 20:53:19] INFO: Calculated checksum: f32b0c0d
# [2024-05-29 20:53:19] INFO: Writing RNGSTATE file: ./rand_s060t20_b0653400_a_U000748500
# [2024-05-29 20:53:19] INFO: Writing to disk took 7.55317 seconds
# [2024-05-29 20:53:19] INFO: ======================================================================
# [2024-05-29 20:53:19] INFO: Start sweeping...
# [2024-05-29 21:01:08] INFO: It took 468.701 seconds to do 500 HBOR sweeps.
# [2024-05-29 21:01:08] INFO: Plaquette = 0.640836
# [2024-05-29 21:01:08] INFO: Polyakov loop = (0.000607365,0.000308455)
# [2024-05-29 21:01:08] INFO: Writing conf to disk...
# [2024-05-29 21:01:08] INFO: writeconf_nersc: Writing NERSC configuration ./conf_s060t20_b0653400_a_U000749000
# [2024-05-29 21:01:11] INFO: Calculated checksum: c211424e
# [2024-05-29 21:01:15] INFO: Calculated checksum: 9075b3c2
# [2024-05-29 21:01:15] INFO: Writing RNGSTATE file: ./rand_s060t20_b0653400_a_U000749000
# [2024-05-29 21:01:15] INFO: Writing to disk took 7.388 seconds
# [2024-05-29 21:01:15] INFO: ======================================================================
# [2024-05-29 21:01:15] INFO: Start sweeping...
# [2024-05-29 21:09:04] INFO: It took 468.722 seconds to do 500 HBOR sweeps.
# [2024-05-29 21:09:04] INFO: Plaquette = 0.640937
# [2024-05-29 21:09:04] INFO: Polyakov loop = (0.00030302,-0.000158791)
# [2024-05-29 21:09:04] INFO: Writing conf to disk...
# [2024-05-29 21:09:04] INFO: writeconf_nersc: Writing NERSC configuration ./conf_s060t20_b0653400_a_U000749500
# [2024-05-29 21:09:07] INFO: Calculated checksum: 20f353d1
# [2024-05-29 21:09:11] INFO: Calculated checksum: 31d95c62
# [2024-05-29 21:09:11] INFO: Writing RNGSTATE file: ./rand_s060t20_b0653400_a_U000749500
# [2024-05-29 21:09:12] INFO: Writing to disk took 7.41041 seconds
# [2024-05-29 21:09:12] INFO: ======================================================================
# [2024-05-29 21:09:12] INFO: Start sweeping...
# [2024-05-29 21:17:00] INFO: It took 468.735 seconds to do 500 HBOR sweeps.
# [2024-05-29 21:17:00] INFO: Plaquette = 0.640923
# [2024-05-29 21:17:00] INFO: Polyakov loop = (0.0002548,-0.000381187)
# [2024-05-29 21:17:00] INFO: Writing conf to disk...
# [2024-05-29 21:17:00] INFO: writeconf_nersc: Writing NERSC configuration ./conf_s060t20_b0653400_a_U000750000
# [2024-05-29 21:17:03] INFO: Calculated checksum: ec1400f2
# [2024-05-29 21:17:08] INFO: Calculated checksum: 496de0ac
# [2024-05-29 21:17:08] INFO: Writing RNGSTATE file: ./rand_s060t20_b0653400_a_U000750000
# [2024-05-29 21:17:08] INFO: Writing to disk took 7.54352 seconds
# [2024-05-29 21:17:08] INFO: Finalizing MPI
