
Currently Loaded Modules:
  1) chpc/1.0      (S)   3) gcc/8.5.0      5) mpich/3.4.2
  2) python/3.10.3       4) cmake/3.26.0   6) cuda/11.6.2 (g)

  Where:
   S:  Module is Sticky, requires --force to unload or purge
   g:  built for GPU

 

# [2024-05-29 06:58:36] INFO: Running SIMULATeQCD
# [2024-05-29 06:58:36] INFO: Git commit version: 43e2518
# [2024-05-29 06:58:36] INFO: Initializing MPI with (1 proc)
# [2024-05-29 06:58:36] INFO: Reading parameters from file :: GenerateQuenched_b6373.param
# [2024-05-29 06:58:36] INFO: # PARAM :: Lattice = 60 60 60 20 
# [2024-05-29 06:58:36] INFO: # PARAM :: Nodes = 1 1 1 1 
# [2024-05-29 06:58:36] INFO: # PARAM :: Topology = 0 0 0 0  (default)
# [2024-05-29 06:58:36] INFO: # PARAM :: beta = 6.373
# [2024-05-29 06:58:36] INFO: # PARAM :: format = nersc
# [2024-05-29 06:58:36] INFO: # PARAM :: endianness = auto
# [2024-05-29 06:58:36] INFO: # PARAM :: conf_nr = 700000
# [2024-05-29 06:58:36] INFO: # PARAM :: stream = a
# [2024-05-29 06:58:36] INFO: # PARAM :: prec_out = 0 (default)
# [2024-05-29 06:58:36] INFO: # PARAM :: measurements_dir = ./ (default)
# [2024-05-29 06:58:36] INFO: # PARAM :: use_unit_conf = 0 (default)
# [2024-05-29 06:58:36] INFO: # PARAM :: output_dir = .
# [2024-05-29 06:58:36] INFO: # PARAM :: nconfs = 100
# [2024-05-29 06:58:36] INFO: # PARAM :: nsweeps_ORperHB = 4
# [2024-05-29 06:58:36] INFO: # PARAM :: nsweeps_HBwithOR = 500
# [2024-05-29 06:58:36] INFO: # PARAM :: prev_conf = conf_s060t20_b0637300_a_U000700000
# [2024-05-29 06:58:36] INFO: # PARAM :: prev_rand = rand_s060t20_b0637300_a_U000700000
# [2024-05-29 06:58:36] INFO: > Running on:
# [2024-05-29 06:58:36] INFO: [Rank 0] > notch088 CPU_21 GPU_AF; MPI: world_rank=0, node_rank=0, coord: ( 0 0 0 0 )
# [2024-05-29 06:58:36] INFO: > Is MPI CUDA-aware? @compilation 
# [2024-05-29 06:58:36] INFO: > GPU compute capability: 75
# [2024-05-29 06:58:36] INFO: > Checking support for P2P (Peer-to-Peer) and UVA (Unified Virtual Addressing):
# [2024-05-29 06:58:36] INFO: [Rank 0] > notch088 GPU_AF(NVIDIA GeForce RTX 2080 Ti): P2P NO ; UVA YES
# [2024-05-29 06:58:36] INFO: Initialize Indexer with HaloDepth = 1[0;33m[0m
# [2024-05-29 06:58:36] INFO: Resuming previous run.
# [2024-05-29 06:58:36] INFO: readconf_nersc: Reading NERSC configuration conf_s060t20_b0637300_a_U000700000
# [2024-05-29 06:58:44] INFO: Next conf_number will be 700500
# [2024-05-29 06:58:44] INFO: Generating up to 100 confs with a separation of 500 HBOR sweeps (OR/HB = 4) ...
# [2024-05-29 06:58:44] INFO: ======================================================================
# [2024-05-29 06:58:44] INFO: Start sweeping...
# [2024-05-29 07:05:35] INFO: It took 410.623 seconds to do 500 HBOR sweeps.
# [2024-05-29 07:05:35] INFO: Plaquette = 0.628424
# [2024-05-29 07:05:35] INFO: Polyakov loop = (0.000136837,-0.000989591)
# [2024-05-29 07:05:35] INFO: Writing conf to disk...
# [2024-05-29 07:05:35] INFO: writeconf_nersc: Writing NERSC configuration ./conf_s060t20_b0637300_a_U000700500
# [2024-05-29 07:05:38] INFO: Calculated checksum: 589db33
# [2024-05-29 07:05:42] INFO: Calculated checksum: 27734872
# [2024-05-29 07:05:42] INFO: Writing RNGSTATE file: ./rand_s060t20_b0637300_a_U000700500
# [2024-05-29 07:05:42] INFO: Writing to disk took 7.05191 seconds
# [2024-05-29 07:05:42] INFO: ======================================================================
# [2024-05-29 07:05:42] INFO: Start sweeping...
# [2024-05-29 07:12:33] INFO: It took 411.385 seconds to do 500 HBOR sweeps.
# [2024-05-29 07:12:33] INFO: Plaquette = 0.628514
# [2024-05-29 07:12:33] INFO: Polyakov loop = (-0.000739394,0.000140992)
# [2024-05-29 07:12:33] INFO: Writing conf to disk...
# [2024-05-29 07:12:33] INFO: writeconf_nersc: Writing NERSC configuration ./conf_s060t20_b0637300_a_U000701000
# [2024-05-29 07:12:36] INFO: Calculated checksum: 650d1695
# [2024-05-29 07:12:41] INFO: Calculated checksum: bc9c8695
# [2024-05-29 07:12:41] INFO: Writing RNGSTATE file: ./rand_s060t20_b0637300_a_U000701000
# [2024-05-29 07:12:41] INFO: Writing to disk took 7.94718 seconds
# [2024-05-29 07:12:41] INFO: ======================================================================
# [2024-05-29 07:12:41] INFO: Start sweeping...
# [2024-05-29 07:19:33] INFO: It took 411.425 seconds to do 500 HBOR sweeps.
# [2024-05-29 07:19:33] INFO: Plaquette = 0.628505
# [2024-05-29 07:19:33] INFO: Polyakov loop = (0.000921145,0.000130511)
# [2024-05-29 07:19:33] INFO: Writing conf to disk...
# [2024-05-29 07:19:33] INFO: writeconf_nersc: Writing NERSC configuration ./conf_s060t20_b0637300_a_U000701500
# [2024-05-29 07:19:35] INFO: Calculated checksum: 23c0cc41
# [2024-05-29 07:19:40] INFO: Calculated checksum: ad9c6d94
# [2024-05-29 07:19:40] INFO: Writing RNGSTATE file: ./rand_s060t20_b0637300_a_U000701500
# [2024-05-29 07:19:40] INFO: Writing to disk took 7.71835 seconds
# [2024-05-29 07:19:40] INFO: ======================================================================
# [2024-05-29 07:19:40] INFO: Start sweeping...
# [2024-05-29 07:26:32] INFO: It took 411.54 seconds to do 500 HBOR sweeps.
# [2024-05-29 07:26:32] INFO: Plaquette = 0.628508
# [2024-05-29 07:26:32] INFO: Polyakov loop = (-0.000344318,-0.00077047)
# [2024-05-29 07:26:32] INFO: Writing conf to disk...
# [2024-05-29 07:26:32] INFO: writeconf_nersc: Writing NERSC configuration ./conf_s060t20_b0637300_a_U000702000
# [2024-05-29 07:26:35] INFO: Calculated checksum: 5999f03a
# [2024-05-29 07:26:40] INFO: Calculated checksum: 4f2026b0
# [2024-05-29 07:26:40] INFO: Writing RNGSTATE file: ./rand_s060t20_b0637300_a_U000702000
# [2024-05-29 07:26:40] INFO: Writing to disk took 8.10281 seconds
# [2024-05-29 07:26:40] INFO: ======================================================================
# [2024-05-29 07:26:40] INFO: Start sweeping...
# [2024-05-29 07:33:32] INFO: It took 411.645 seconds to do 500 HBOR sweeps.
# [2024-05-29 07:33:32] INFO: Plaquette = 0.628425
# [2024-05-29 07:33:32] INFO: Polyakov loop = (-0.000268529,0.000678309)
# [2024-05-29 07:33:32] INFO: Writing conf to disk...
# [2024-05-29 07:33:32] INFO: writeconf_nersc: Writing NERSC configuration ./conf_s060t20_b0637300_a_U000702500
# [2024-05-29 07:33:35] INFO: Calculated checksum: fac695c0
# [2024-05-29 07:33:42] INFO: Calculated checksum: 87217737
# [2024-05-29 07:33:42] INFO: Writing RNGSTATE file: ./rand_s060t20_b0637300_a_U000702500
# [2024-05-29 07:33:42] INFO: Writing to disk took 9.78407 seconds
# [2024-05-29 07:33:42] INFO: ======================================================================
# [2024-05-29 07:33:42] INFO: Start sweeping...
# [2024-05-29 07:40:34] INFO: It took 411.763 seconds to do 500 HBOR sweeps.
# [2024-05-29 07:40:34] INFO: Plaquette = 0.628536
# [2024-05-29 07:40:34] INFO: Polyakov loop = (-0.000637116,0.000551619)
# [2024-05-29 07:40:34] INFO: Writing conf to disk...
# [2024-05-29 07:40:34] INFO: writeconf_nersc: Writing NERSC configuration ./conf_s060t20_b0637300_a_U000703000
# [2024-05-29 07:40:36] INFO: Calculated checksum: cf62a6d1
# [2024-05-29 07:40:44] INFO: Calculated checksum: a481fcec
# [2024-05-29 07:40:44] INFO: Writing RNGSTATE file: ./rand_s060t20_b0637300_a_U000703000
# [2024-05-29 07:40:44] INFO: Writing to disk took 10.264 seconds
# [2024-05-29 07:40:44] INFO: ======================================================================
# [2024-05-29 07:40:44] INFO: Start sweeping...
# [2024-05-29 07:47:34] INFO: It took 410.056 seconds to do 500 HBOR sweeps.
# [2024-05-29 07:47:34] INFO: Plaquette = 0.628498
# [2024-05-29 07:47:34] INFO: Polyakov loop = (-0.000106569,-0.000569291)
# [2024-05-29 07:47:34] INFO: Writing conf to disk...
# [2024-05-29 07:47:34] INFO: writeconf_nersc: Writing NERSC configuration ./conf_s060t20_b0637300_a_U000703500
# [2024-05-29 07:47:37] INFO: Calculated checksum: e68cafe2
# [2024-05-29 07:47:43] INFO: Calculated checksum: 95cb2b6c
# [2024-05-29 07:47:43] INFO: Writing RNGSTATE file: ./rand_s060t20_b0637300_a_U000703500
# [2024-05-29 07:47:43] INFO: Writing to disk took 9.05867 seconds
# [2024-05-29 07:47:43] INFO: ======================================================================
# [2024-05-29 07:47:43] INFO: Start sweeping...
# [2024-05-29 07:54:33] INFO: It took 410.189 seconds to do 500 HBOR sweeps.
# [2024-05-29 07:54:33] INFO: Plaquette = 0.628525
# [2024-05-29 07:54:33] INFO: Polyakov loop = (-0.00102995,0.000667967)
# [2024-05-29 07:54:33] INFO: Writing conf to disk...
# [2024-05-29 07:54:33] INFO: writeconf_nersc: Writing NERSC configuration ./conf_s060t20_b0637300_a_U000704000
# [2024-05-29 07:54:36] INFO: Calculated checksum: a5d139b1
# [2024-05-29 07:54:41] INFO: Calculated checksum: d0a9a207
# [2024-05-29 07:54:41] INFO: Writing RNGSTATE file: ./rand_s060t20_b0637300_a_U000704000
# [2024-05-29 07:54:41] INFO: Writing to disk took 7.5827 seconds
# [2024-05-29 07:54:41] INFO: ======================================================================
# [2024-05-29 07:54:41] INFO: Start sweeping...
# [2024-05-29 08:01:32] INFO: It took 411.522 seconds to do 500 HBOR sweeps.
# [2024-05-29 08:01:32] INFO: Plaquette = 0.628462
# [2024-05-29 08:01:32] INFO: Polyakov loop = (-0.00039706,-0.000646178)
# [2024-05-29 08:01:32] INFO: Writing conf to disk...
# [2024-05-29 08:01:32] INFO: writeconf_nersc: Writing NERSC configuration ./conf_s060t20_b0637300_a_U000704500
# [2024-05-29 08:01:35] INFO: Calculated checksum: eec443d0
# [2024-05-29 08:01:40] INFO: Calculated checksum: 7f3830ad
# [2024-05-29 08:01:40] INFO: Writing RNGSTATE file: ./rand_s060t20_b0637300_a_U000704500
# [2024-05-29 08:01:41] INFO: Writing to disk took 8.14714 seconds
# [2024-05-29 08:01:41] INFO: ======================================================================
# [2024-05-29 08:01:41] INFO: Start sweeping...
# [2024-05-29 08:08:30] INFO: It took 409.854 seconds to do 500 HBOR sweeps.
# [2024-05-29 08:08:30] INFO: Plaquette = 0.628512
# [2024-05-29 08:08:30] INFO: Polyakov loop = (-9.04585e-05,0.000804342)
# [2024-05-29 08:08:30] INFO: Writing conf to disk...
# [2024-05-29 08:08:30] INFO: writeconf_nersc: Writing NERSC configuration ./conf_s060t20_b0637300_a_U000705000
# [2024-05-29 08:08:33] INFO: Calculated checksum: ea319a59
# [2024-05-29 08:08:39] INFO: Calculated checksum: e82be448
# [2024-05-29 08:08:39] INFO: Writing RNGSTATE file: ./rand_s060t20_b0637300_a_U000705000
# [2024-05-29 08:08:39] INFO: Writing to disk took 8.37135 seconds
# [2024-05-29 08:08:39] INFO: ======================================================================
# [2024-05-29 08:08:39] INFO: Start sweeping...
# [2024-05-29 08:15:29] INFO: It took 410.04 seconds to do 500 HBOR sweeps.
# [2024-05-29 08:15:29] INFO: Plaquette = 0.628463
# [2024-05-29 08:15:29] INFO: Polyakov loop = (0.000806462,-0.000288843)
# [2024-05-29 08:15:29] INFO: Writing conf to disk...
# [2024-05-29 08:15:29] INFO: writeconf_nersc: Writing NERSC configuration ./conf_s060t20_b0637300_a_U000705500
# [2024-05-29 08:15:32] INFO: Calculated checksum: a79d8867
# [2024-05-29 08:15:37] INFO: Calculated checksum: e23494da
# [2024-05-29 08:15:37] INFO: Writing RNGSTATE file: ./rand_s060t20_b0637300_a_U000705500
# [2024-05-29 08:15:37] INFO: Writing to disk took 7.68989 seconds
# [2024-05-29 08:15:37] INFO: ======================================================================
# [2024-05-29 08:15:37] INFO: Start sweeping...
# [2024-05-29 08:22:28] INFO: It took 411.219 seconds to do 500 HBOR sweeps.
# [2024-05-29 08:22:28] INFO: Plaquette = 0.628473
# [2024-05-29 08:22:28] INFO: Polyakov loop = (0.000432266,1.7175e-05)
# [2024-05-29 08:22:28] INFO: Writing conf to disk...
# [2024-05-29 08:22:28] INFO: writeconf_nersc: Writing NERSC configuration ./conf_s060t20_b0637300_a_U000706000
# [2024-05-29 08:22:31] INFO: Calculated checksum: 5264f4a9
# [2024-05-29 08:22:35] INFO: Calculated checksum: b5367fc7
# [2024-05-29 08:22:35] INFO: Writing RNGSTATE file: ./rand_s060t20_b0637300_a_U000706000
# [2024-05-29 08:22:35] INFO: Writing to disk took 7.24797 seconds
# [2024-05-29 08:22:35] INFO: ======================================================================
# [2024-05-29 08:22:35] INFO: Start sweeping...
# [2024-05-29 08:29:26] INFO: It took 411.259 seconds to do 500 HBOR sweeps.
# [2024-05-29 08:29:26] INFO: Plaquette = 0.628594
# [2024-05-29 08:29:26] INFO: Polyakov loop = (-0.000233228,3.43013e-05)
# [2024-05-29 08:29:26] INFO: Writing conf to disk...
# [2024-05-29 08:29:26] INFO: writeconf_nersc: Writing NERSC configuration ./conf_s060t20_b0637300_a_U000706500
# [2024-05-29 08:29:29] INFO: Calculated checksum: 7e731cc0
# [2024-05-29 08:29:34] INFO: Calculated checksum: eb686a77
# [2024-05-29 08:29:34] INFO: Writing RNGSTATE file: ./rand_s060t20_b0637300_a_U000706500
# [2024-05-29 08:29:34] INFO: Writing to disk took 7.72129 seconds
# [2024-05-29 08:29:34] INFO: ======================================================================
# [2024-05-29 08:29:34] INFO: Start sweeping...
# [2024-05-29 08:36:26] INFO: It took 411.626 seconds to do 500 HBOR sweeps.
# [2024-05-29 08:36:26] INFO: Plaquette = 0.628477
# [2024-05-29 08:36:26] INFO: Polyakov loop = (0.000643852,0.000497545)
# [2024-05-29 08:36:26] INFO: Writing conf to disk...
# [2024-05-29 08:36:26] INFO: writeconf_nersc: Writing NERSC configuration ./conf_s060t20_b0637300_a_U000707000
# [2024-05-29 08:36:29] INFO: Calculated checksum: 685dcca7
# [2024-05-29 08:36:33] INFO: Calculated checksum: 1e8debf5
# [2024-05-29 08:36:33] INFO: Writing RNGSTATE file: ./rand_s060t20_b0637300_a_U000707000
# [2024-05-29 08:36:33] INFO: Writing to disk took 7.59363 seconds
# [2024-05-29 08:36:33] INFO: ======================================================================
# [2024-05-29 08:36:33] INFO: Start sweeping...
# [2024-05-29 08:43:25] INFO: It took 411.412 seconds to do 500 HBOR sweeps.
# [2024-05-29 08:43:25] INFO: Plaquette = 0.628455
# [2024-05-29 08:43:25] INFO: Polyakov loop = (-0.000427064,-0.000251516)
# [2024-05-29 08:43:25] INFO: Writing conf to disk...
# [2024-05-29 08:43:25] INFO: writeconf_nersc: Writing NERSC configuration ./conf_s060t20_b0637300_a_U000707500
# [2024-05-29 08:43:28] INFO: Calculated checksum: e428c465
# [2024-05-29 08:43:33] INFO: Calculated checksum: bf2a0b84
# [2024-05-29 08:43:33] INFO: Writing RNGSTATE file: ./rand_s060t20_b0637300_a_U000707500
# [2024-05-29 08:43:33] INFO: Writing to disk took 7.84344 seconds
# [2024-05-29 08:43:33] INFO: ======================================================================
# [2024-05-29 08:43:33] INFO: Start sweeping...
# [2024-05-29 08:50:23] INFO: It took 409.852 seconds to do 500 HBOR sweeps.
# [2024-05-29 08:50:23] INFO: Plaquette = 0.628363
# [2024-05-29 08:50:23] INFO: Polyakov loop = (-0.00129131,0.000345797)
# [2024-05-29 08:50:23] INFO: Writing conf to disk...
# [2024-05-29 08:50:23] INFO: writeconf_nersc: Writing NERSC configuration ./conf_s060t20_b0637300_a_U000708000
# [2024-05-29 08:50:25] INFO: Calculated checksum: 681d0103
# [2024-05-29 08:50:30] INFO: Calculated checksum: 6ef403e1
# [2024-05-29 08:50:30] INFO: Writing RNGSTATE file: ./rand_s060t20_b0637300_a_U000708000
# [2024-05-29 08:50:30] INFO: Writing to disk took 7.62549 seconds
# [2024-05-29 08:50:30] INFO: ======================================================================
# [2024-05-29 08:50:30] INFO: Start sweeping...
# [2024-05-29 08:57:22] INFO: It took 411.467 seconds to do 500 HBOR sweeps.
# [2024-05-29 08:57:22] INFO: Plaquette = 0.628514
# [2024-05-29 08:57:22] INFO: Polyakov loop = (-9.4182e-05,-0.000125208)
# [2024-05-29 08:57:22] INFO: Writing conf to disk...
# [2024-05-29 08:57:22] INFO: writeconf_nersc: Writing NERSC configuration ./conf_s060t20_b0637300_a_U000708500
# [2024-05-29 08:57:25] INFO: Calculated checksum: 144daf02
# [2024-05-29 08:57:29] INFO: Calculated checksum: 7cce29e6
# [2024-05-29 08:57:29] INFO: Writing RNGSTATE file: ./rand_s060t20_b0637300_a_U000708500
# [2024-05-29 08:57:30] INFO: Writing to disk took 7.76776 seconds
# [2024-05-29 08:57:30] INFO: ======================================================================
# [2024-05-29 08:57:30] INFO: Start sweeping...
# [2024-05-29 09:04:21] INFO: It took 411.436 seconds to do 500 HBOR sweeps.
# [2024-05-29 09:04:21] INFO: Plaquette = 0.62847
# [2024-05-29 09:04:21] INFO: Polyakov loop = (0.000266303,0.00044597)
# [2024-05-29 09:04:21] INFO: Writing conf to disk...
# [2024-05-29 09:04:21] INFO: writeconf_nersc: Writing NERSC configuration ./conf_s060t20_b0637300_a_U000709000
# [2024-05-29 09:04:24] INFO: Calculated checksum: 4f2d010b
# [2024-05-29 09:04:29] INFO: Calculated checksum: 4f080902
# [2024-05-29 09:04:29] INFO: Writing RNGSTATE file: ./rand_s060t20_b0637300_a_U000709000
# [2024-05-29 09:04:29] INFO: Writing to disk took 7.59566 seconds
# [2024-05-29 09:04:29] INFO: ======================================================================
# [2024-05-29 09:04:29] INFO: Start sweeping...
# [2024-05-29 09:11:20] INFO: It took 411.526 seconds to do 500 HBOR sweeps.
# [2024-05-29 09:11:20] INFO: Plaquette = 0.628525
# [2024-05-29 09:11:20] INFO: Polyakov loop = (0.000971505,5.76702e-05)
# [2024-05-29 09:11:20] INFO: Writing conf to disk...
# [2024-05-29 09:11:20] INFO: writeconf_nersc: Writing NERSC configuration ./conf_s060t20_b0637300_a_U000709500
# [2024-05-29 09:11:23] INFO: Calculated checksum: 4ce347d9
# [2024-05-29 09:11:28] INFO: Calculated checksum: 20b969fa
# [2024-05-29 09:11:28] INFO: Writing RNGSTATE file: ./rand_s060t20_b0637300_a_U000709500
# [2024-05-29 09:11:28] INFO: Writing to disk took 7.61244 seconds
# [2024-05-29 09:11:28] INFO: ======================================================================
# [2024-05-29 09:11:28] INFO: Start sweeping...
# [2024-05-29 09:18:19] INFO: It took 411.227 seconds to do 500 HBOR sweeps.
# [2024-05-29 09:18:19] INFO: Plaquette = 0.6286
# [2024-05-29 09:18:19] INFO: Polyakov loop = (-0.000117345,0.000478272)
# [2024-05-29 09:18:19] INFO: Writing conf to disk...
# [2024-05-29 09:18:19] INFO: writeconf_nersc: Writing NERSC configuration ./conf_s060t20_b0637300_a_U000710000
# [2024-05-29 09:18:22] INFO: Calculated checksum: ada1fee0
# [2024-05-29 09:18:27] INFO: Calculated checksum: d6cac65e
# [2024-05-29 09:18:27] INFO: Writing RNGSTATE file: ./rand_s060t20_b0637300_a_U000710000
# [2024-05-29 09:18:27] INFO: Writing to disk took 8.04942 seconds
# [2024-05-29 09:18:27] INFO: ======================================================================
# [2024-05-29 09:18:27] INFO: Start sweeping...
# [2024-05-29 09:25:17] INFO: It took 409.969 seconds to do 500 HBOR sweeps.
# [2024-05-29 09:25:17] INFO: Plaquette = 0.62843
# [2024-05-29 09:25:17] INFO: Polyakov loop = (0.000545455,0.000489195)
# [2024-05-29 09:25:17] INFO: Writing conf to disk...
# [2024-05-29 09:25:17] INFO: writeconf_nersc: Writing NERSC configuration ./conf_s060t20_b0637300_a_U000710500
# [2024-05-29 09:25:20] INFO: Calculated checksum: 1090b39
# [2024-05-29 09:25:25] INFO: Calculated checksum: ab8b474d
# [2024-05-29 09:25:25] INFO: Writing RNGSTATE file: ./rand_s060t20_b0637300_a_U000710500
# [2024-05-29 09:25:26] INFO: Writing to disk took 8.42638 seconds
# [2024-05-29 09:25:26] INFO: ======================================================================
# [2024-05-29 09:25:26] INFO: Start sweeping...
# [2024-05-29 09:32:17] INFO: It took 411.505 seconds to do 500 HBOR sweeps.
# [2024-05-29 09:32:17] INFO: Plaquette = 0.628517
# [2024-05-29 09:32:17] INFO: Polyakov loop = (0.000298612,0.000100447)
# [2024-05-29 09:32:17] INFO: Writing conf to disk...
# [2024-05-29 09:32:17] INFO: writeconf_nersc: Writing NERSC configuration ./conf_s060t20_b0637300_a_U000711000
# [2024-05-29 09:32:20] INFO: Calculated checksum: a79c5751
# [2024-05-29 09:32:25] INFO: Calculated checksum: 6d11e1bc
# [2024-05-29 09:32:25] INFO: Writing RNGSTATE file: ./rand_s060t20_b0637300_a_U000711000
# [2024-05-29 09:32:25] INFO: Writing to disk took 7.65939 seconds
# [2024-05-29 09:32:25] INFO: ======================================================================
# [2024-05-29 09:32:25] INFO: Start sweeping...
# [2024-05-29 09:39:16] INFO: It took 411.499 seconds to do 500 HBOR sweeps.
# [2024-05-29 09:39:16] INFO: Plaquette = 0.628484
# [2024-05-29 09:39:16] INFO: Polyakov loop = (-0.000457421,-0.00069197)
# [2024-05-29 09:39:16] INFO: Writing conf to disk...
# [2024-05-29 09:39:16] INFO: writeconf_nersc: Writing NERSC configuration ./conf_s060t20_b0637300_a_U000711500
# [2024-05-29 09:39:19] INFO: Calculated checksum: be445084
# [2024-05-29 09:39:24] INFO: Calculated checksum: 652bfa1b
# [2024-05-29 09:39:24] INFO: Writing RNGSTATE file: ./rand_s060t20_b0637300_a_U000711500
# [2024-05-29 09:39:24] INFO: Writing to disk took 7.61909 seconds
# [2024-05-29 09:39:24] INFO: ======================================================================
# [2024-05-29 09:39:24] INFO: Start sweeping...
# [2024-05-29 09:46:14] INFO: It took 409.901 seconds to do 500 HBOR sweeps.
# [2024-05-29 09:46:14] INFO: Plaquette = 0.628471
# [2024-05-29 09:46:14] INFO: Polyakov loop = (-0.000310744,0.000804306)
# [2024-05-29 09:46:14] INFO: Writing conf to disk...
# [2024-05-29 09:46:14] INFO: writeconf_nersc: Writing NERSC configuration ./conf_s060t20_b0637300_a_U000712000
# [2024-05-29 09:46:17] INFO: Calculated checksum: 6fc0d83f
# [2024-05-29 09:46:21] INFO: Calculated checksum: 6864e9ff
# [2024-05-29 09:46:21] INFO: Writing RNGSTATE file: ./rand_s060t20_b0637300_a_U000712000
# [2024-05-29 09:46:22] INFO: Writing to disk took 7.7276 seconds
# [2024-05-29 09:46:22] INFO: ======================================================================
# [2024-05-29 09:46:22] INFO: Start sweeping...
# [2024-05-29 09:53:13] INFO: It took 411.434 seconds to do 500 HBOR sweeps.
# [2024-05-29 09:53:13] INFO: Plaquette = 0.628507
# [2024-05-29 09:53:13] INFO: Polyakov loop = (-0.000986749,-0.000207013)
# [2024-05-29 09:53:13] INFO: Writing conf to disk...
# [2024-05-29 09:53:13] INFO: writeconf_nersc: Writing NERSC configuration ./conf_s060t20_b0637300_a_U000712500
# [2024-05-29 09:53:16] INFO: Calculated checksum: 9a118546
# [2024-05-29 09:53:21] INFO: Calculated checksum: 9bd8f43e
# [2024-05-29 09:53:21] INFO: Writing RNGSTATE file: ./rand_s060t20_b0637300_a_U000712500
# [2024-05-29 09:53:21] INFO: Writing to disk took 7.65176 seconds
# [2024-05-29 09:53:21] INFO: ======================================================================
# [2024-05-29 09:53:21] INFO: Start sweeping...
# [2024-05-29 10:00:11] INFO: It took 409.933 seconds to do 500 HBOR sweeps.
# [2024-05-29 10:00:11] INFO: Plaquette = 0.628451
# [2024-05-29 10:00:11] INFO: Polyakov loop = (0.000127384,-0.000243439)
# [2024-05-29 10:00:11] INFO: Writing conf to disk...
# [2024-05-29 10:00:11] INFO: writeconf_nersc: Writing NERSC configuration ./conf_s060t20_b0637300_a_U000713000
# [2024-05-29 10:00:14] INFO: Calculated checksum: 80d09909
# [2024-05-29 10:00:18] INFO: Calculated checksum: 7c8815af
# [2024-05-29 10:00:18] INFO: Writing RNGSTATE file: ./rand_s060t20_b0637300_a_U000713000
# [2024-05-29 10:00:19] INFO: Writing to disk took 7.8477 seconds
# [2024-05-29 10:00:19] INFO: ======================================================================
# [2024-05-29 10:00:19] INFO: Start sweeping...
# [2024-05-29 10:07:10] INFO: It took 411.548 seconds to do 500 HBOR sweeps.
# [2024-05-29 10:07:10] INFO: Plaquette = 0.628522
# [2024-05-29 10:07:10] INFO: Polyakov loop = (-0.000320529,-0.000386373)
# [2024-05-29 10:07:10] INFO: Writing conf to disk...
# [2024-05-29 10:07:10] INFO: writeconf_nersc: Writing NERSC configuration ./conf_s060t20_b0637300_a_U000713500
# [2024-05-29 10:07:13] INFO: Calculated checksum: c34826d9
# [2024-05-29 10:07:18] INFO: Calculated checksum: 3dbe46
# [2024-05-29 10:07:18] INFO: Writing RNGSTATE file: ./rand_s060t20_b0637300_a_U000713500
# [2024-05-29 10:07:18] INFO: Writing to disk took 7.86454 seconds
# [2024-05-29 10:07:18] INFO: ======================================================================
# [2024-05-29 10:07:18] INFO: Start sweeping...
# [2024-05-29 10:14:09] INFO: It took 411.36 seconds to do 500 HBOR sweeps.
# [2024-05-29 10:14:09] INFO: Plaquette = 0.628419
# [2024-05-29 10:14:09] INFO: Polyakov loop = (0.000110263,-0.000535642)
# [2024-05-29 10:14:09] INFO: Writing conf to disk...
# [2024-05-29 10:14:09] INFO: writeconf_nersc: Writing NERSC configuration ./conf_s060t20_b0637300_a_U000714000
# [2024-05-29 10:14:12] INFO: Calculated checksum: 510c7594
# [2024-05-29 10:14:17] INFO: Calculated checksum: 4e0f7159
# [2024-05-29 10:14:17] INFO: Writing RNGSTATE file: ./rand_s060t20_b0637300_a_U000714000
# [2024-05-29 10:14:17] INFO: Writing to disk took 7.84067 seconds
# [2024-05-29 10:14:17] INFO: ======================================================================
# [2024-05-29 10:14:17] INFO: Start sweeping...
# [2024-05-29 10:21:07] INFO: It took 410.094 seconds to do 500 HBOR sweeps.
# [2024-05-29 10:21:07] INFO: Plaquette = 0.628579
# [2024-05-29 10:21:07] INFO: Polyakov loop = (-0.000314893,-0.00055553)
# [2024-05-29 10:21:07] INFO: Writing conf to disk...
# [2024-05-29 10:21:07] INFO: writeconf_nersc: Writing NERSC configuration ./conf_s060t20_b0637300_a_U000714500
# [2024-05-29 10:21:10] INFO: Calculated checksum: 2f3f4650
# [2024-05-29 10:21:15] INFO: Calculated checksum: eb425cee
# [2024-05-29 10:21:15] INFO: Writing RNGSTATE file: ./rand_s060t20_b0637300_a_U000714500
# [2024-05-29 10:21:15] INFO: Writing to disk took 7.66993 seconds
# [2024-05-29 10:21:15] INFO: ======================================================================
# [2024-05-29 10:21:15] INFO: Start sweeping...
# [2024-05-29 10:28:06] INFO: It took 410.467 seconds to do 500 HBOR sweeps.
# [2024-05-29 10:28:06] INFO: Plaquette = 0.628471
# [2024-05-29 10:28:06] INFO: Polyakov loop = (-4.29499e-05,-0.000219641)
# [2024-05-29 10:28:06] INFO: Writing conf to disk...
# [2024-05-29 10:28:06] INFO: writeconf_nersc: Writing NERSC configuration ./conf_s060t20_b0637300_a_U000715000
# [2024-05-29 10:28:08] INFO: Calculated checksum: 62c7f061
# [2024-05-29 10:28:13] INFO: Calculated checksum: 7905f020
# [2024-05-29 10:28:13] INFO: Writing RNGSTATE file: ./rand_s060t20_b0637300_a_U000715000
# [2024-05-29 10:28:14] INFO: Writing to disk took 7.9394 seconds
# [2024-05-29 10:28:14] INFO: ======================================================================
# [2024-05-29 10:28:14] INFO: Start sweeping...
# [2024-05-29 10:35:04] INFO: It took 410.318 seconds to do 500 HBOR sweeps.
# [2024-05-29 10:35:04] INFO: Plaquette = 0.628573
# [2024-05-29 10:35:04] INFO: Polyakov loop = (-0.000677638,0.000187859)
# [2024-05-29 10:35:04] INFO: Writing conf to disk...
# [2024-05-29 10:35:04] INFO: writeconf_nersc: Writing NERSC configuration ./conf_s060t20_b0637300_a_U000715500
# [2024-05-29 10:35:07] INFO: Calculated checksum: b6dbdd3c
# [2024-05-29 10:35:12] INFO: Calculated checksum: 10522c8c
# [2024-05-29 10:35:12] INFO: Writing RNGSTATE file: ./rand_s060t20_b0637300_a_U000715500
# [2024-05-29 10:35:12] INFO: Writing to disk took 8.54813 seconds
# [2024-05-29 10:35:12] INFO: ======================================================================
# [2024-05-29 10:35:12] INFO: Start sweeping...
# [2024-05-29 10:42:04] INFO: It took 411.116 seconds to do 500 HBOR sweeps.
# [2024-05-29 10:42:04] INFO: Plaquette = 0.628576
# [2024-05-29 10:42:04] INFO: Polyakov loop = (-0.000106124,-0.000266775)
# [2024-05-29 10:42:04] INFO: Writing conf to disk...
# [2024-05-29 10:42:04] INFO: writeconf_nersc: Writing NERSC configuration ./conf_s060t20_b0637300_a_U000716000
# [2024-05-29 10:42:06] INFO: Calculated checksum: f1160488
# [2024-05-29 10:42:12] INFO: Calculated checksum: 6dc83d8f
# [2024-05-29 10:42:12] INFO: Writing RNGSTATE file: ./rand_s060t20_b0637300_a_U000716000
# [2024-05-29 10:42:12] INFO: Writing to disk took 8.4846 seconds
# [2024-05-29 10:42:12] INFO: ======================================================================
# [2024-05-29 10:42:12] INFO: Start sweeping...
# [2024-05-29 10:49:03] INFO: It took 411.146 seconds to do 500 HBOR sweeps.
# [2024-05-29 10:49:03] INFO: Plaquette = 0.628415
# [2024-05-29 10:49:03] INFO: Polyakov loop = (-0.000292585,-0.000205338)
# [2024-05-29 10:49:03] INFO: Writing conf to disk...
# [2024-05-29 10:49:03] INFO: writeconf_nersc: Writing NERSC configuration ./conf_s060t20_b0637300_a_U000716500
# [2024-05-29 10:49:06] INFO: Calculated checksum: 5d2693a2
# [2024-05-29 10:49:11] INFO: Calculated checksum: 7e76a785
# [2024-05-29 10:49:11] INFO: Writing RNGSTATE file: ./rand_s060t20_b0637300_a_U000716500
# [2024-05-29 10:49:11] INFO: Writing to disk took 8.09583 seconds
# [2024-05-29 10:49:11] INFO: ======================================================================
# [2024-05-29 10:49:11] INFO: Start sweeping...
# [2024-05-29 10:56:01] INFO: It took 409.829 seconds to do 500 HBOR sweeps.
# [2024-05-29 10:56:01] INFO: Plaquette = 0.628417
# [2024-05-29 10:56:01] INFO: Polyakov loop = (0.000267499,5.89323e-05)
# [2024-05-29 10:56:01] INFO: Writing conf to disk...
# [2024-05-29 10:56:01] INFO: writeconf_nersc: Writing NERSC configuration ./conf_s060t20_b0637300_a_U000717000
# [2024-05-29 10:56:04] INFO: Calculated checksum: 4805818e
# [2024-05-29 10:56:09] INFO: Calculated checksum: a4020092
# [2024-05-29 10:56:09] INFO: Writing RNGSTATE file: ./rand_s060t20_b0637300_a_U000717000
# [2024-05-29 10:56:09] INFO: Writing to disk took 7.61493 seconds
# [2024-05-29 10:56:09] INFO: ======================================================================
# [2024-05-29 10:56:09] INFO: Start sweeping...
# [2024-05-29 11:03:00] INFO: It took 411.226 seconds to do 500 HBOR sweeps.
# [2024-05-29 11:03:00] INFO: Plaquette = 0.62856
# [2024-05-29 11:03:00] INFO: Polyakov loop = (-6.59894e-05,-5.35587e-05)
# [2024-05-29 11:03:00] INFO: Writing conf to disk...
# [2024-05-29 11:03:00] INFO: writeconf_nersc: Writing NERSC configuration ./conf_s060t20_b0637300_a_U000717500
# [2024-05-29 11:03:03] INFO: Calculated checksum: a1c44d3f
# [2024-05-29 11:03:08] INFO: Calculated checksum: f49014a2
# [2024-05-29 11:03:08] INFO: Writing RNGSTATE file: ./rand_s060t20_b0637300_a_U000717500
# [2024-05-29 11:03:08] INFO: Writing to disk took 7.53585 seconds
# [2024-05-29 11:03:08] INFO: ======================================================================
# [2024-05-29 11:03:08] INFO: Start sweeping...
# [2024-05-29 11:09:59] INFO: It took 411.297 seconds to do 500 HBOR sweeps.
# [2024-05-29 11:09:59] INFO: Plaquette = 0.628489
# [2024-05-29 11:09:59] INFO: Polyakov loop = (0.000698751,0.000124829)
# [2024-05-29 11:09:59] INFO: Writing conf to disk...
# [2024-05-29 11:09:59] INFO: writeconf_nersc: Writing NERSC configuration ./conf_s060t20_b0637300_a_U000718000
# [2024-05-29 11:10:02] INFO: Calculated checksum: 49d5bc19
# [2024-05-29 11:10:07] INFO: Calculated checksum: d8530564
# [2024-05-29 11:10:07] INFO: Writing RNGSTATE file: ./rand_s060t20_b0637300_a_U000718000
# [2024-05-29 11:10:07] INFO: Writing to disk took 7.70475 seconds
# [2024-05-29 11:10:07] INFO: ======================================================================
# [2024-05-29 11:10:07] INFO: Start sweeping...
# [2024-05-29 11:16:57] INFO: It took 409.987 seconds to do 500 HBOR sweeps.
# [2024-05-29 11:16:57] INFO: Plaquette = 0.628447
# [2024-05-29 11:16:57] INFO: Polyakov loop = (4.62663e-05,-9.46613e-05)
# [2024-05-29 11:16:57] INFO: Writing conf to disk...
# [2024-05-29 11:16:57] INFO: writeconf_nersc: Writing NERSC configuration ./conf_s060t20_b0637300_a_U000718500
# [2024-05-29 11:17:00] INFO: Calculated checksum: 64481022
# [2024-05-29 11:17:05] INFO: Calculated checksum: 300b41b6
# [2024-05-29 11:17:05] INFO: Writing RNGSTATE file: ./rand_s060t20_b0637300_a_U000718500
# [2024-05-29 11:17:05] INFO: Writing to disk took 7.88683 seconds
# [2024-05-29 11:17:05] INFO: ======================================================================
# [2024-05-29 11:17:05] INFO: Start sweeping...
# [2024-05-29 11:23:55] INFO: It took 409.908 seconds to do 500 HBOR sweeps.
# [2024-05-29 11:23:55] INFO: Plaquette = 0.628545
# [2024-05-29 11:23:55] INFO: Polyakov loop = (-0.000333545,0.000134653)
# [2024-05-29 11:23:55] INFO: Writing conf to disk...
# [2024-05-29 11:23:55] INFO: writeconf_nersc: Writing NERSC configuration ./conf_s060t20_b0637300_a_U000719000
# [2024-05-29 11:23:57] INFO: Calculated checksum: b1dc2a04
# [2024-05-29 11:24:02] INFO: Calculated checksum: ceb11e81
# [2024-05-29 11:24:02] INFO: Writing RNGSTATE file: ./rand_s060t20_b0637300_a_U000719000
# [2024-05-29 11:24:02] INFO: Writing to disk took 7.57129 seconds
# [2024-05-29 11:24:02] INFO: ======================================================================
# [2024-05-29 11:24:02] INFO: Start sweeping...
# [2024-05-29 11:30:52] INFO: It took 409.999 seconds to do 500 HBOR sweeps.
# [2024-05-29 11:30:52] INFO: Plaquette = 0.628515
# [2024-05-29 11:30:52] INFO: Polyakov loop = (-0.000853835,-0.000461069)
# [2024-05-29 11:30:52] INFO: Writing conf to disk...
# [2024-05-29 11:30:52] INFO: writeconf_nersc: Writing NERSC configuration ./conf_s060t20_b0637300_a_U000719500
# [2024-05-29 11:30:55] INFO: Calculated checksum: f1ee13f0
# [2024-05-29 11:31:00] INFO: Calculated checksum: 205050cd
# [2024-05-29 11:31:00] INFO: Writing RNGSTATE file: ./rand_s060t20_b0637300_a_U000719500
# [2024-05-29 11:31:00] INFO: Writing to disk took 7.65385 seconds
# [2024-05-29 11:31:00] INFO: ======================================================================
# [2024-05-29 11:31:00] INFO: Start sweeping...
# [2024-05-29 11:37:50] INFO: It took 409.874 seconds to do 500 HBOR sweeps.
# [2024-05-29 11:37:50] INFO: Plaquette = 0.62842
# [2024-05-29 11:37:50] INFO: Polyakov loop = (0.000569323,8.94917e-05)
# [2024-05-29 11:37:50] INFO: Writing conf to disk...
# [2024-05-29 11:37:50] INFO: writeconf_nersc: Writing NERSC configuration ./conf_s060t20_b0637300_a_U000720000
# [2024-05-29 11:37:53] INFO: Calculated checksum: fb1baaa
# [2024-05-29 11:37:57] INFO: Calculated checksum: 2be33e2e
# [2024-05-29 11:37:57] INFO: Writing RNGSTATE file: ./rand_s060t20_b0637300_a_U000720000
# [2024-05-29 11:37:57] INFO: Writing to disk took 7.58282 seconds
# [2024-05-29 11:37:57] INFO: ======================================================================
# [2024-05-29 11:37:57] INFO: Start sweeping...
# [2024-05-29 11:44:49] INFO: It took 411.523 seconds to do 500 HBOR sweeps.
# [2024-05-29 11:44:49] INFO: Plaquette = 0.628559
# [2024-05-29 11:44:49] INFO: Polyakov loop = (-1.53611e-05,-0.00014897)
# [2024-05-29 11:44:49] INFO: Writing conf to disk...
# [2024-05-29 11:44:49] INFO: writeconf_nersc: Writing NERSC configuration ./conf_s060t20_b0637300_a_U000720500
# [2024-05-29 11:44:52] INFO: Calculated checksum: a57d453b
# [2024-05-29 11:44:56] INFO: Calculated checksum: 1a9f24ac
# [2024-05-29 11:44:56] INFO: Writing RNGSTATE file: ./rand_s060t20_b0637300_a_U000720500
# [2024-05-29 11:44:57] INFO: Writing to disk took 7.62345 seconds
# [2024-05-29 11:44:57] INFO: ======================================================================
# [2024-05-29 11:44:57] INFO: Start sweeping...
# [2024-05-29 11:51:48] INFO: It took 411.283 seconds to do 500 HBOR sweeps.
# [2024-05-29 11:51:48] INFO: Plaquette = 0.628424
# [2024-05-29 11:51:48] INFO: Polyakov loop = (-0.000509671,-0.000507125)
# [2024-05-29 11:51:48] INFO: Writing conf to disk...
# [2024-05-29 11:51:48] INFO: writeconf_nersc: Writing NERSC configuration ./conf_s060t20_b0637300_a_U000721000
# [2024-05-29 11:51:51] INFO: Calculated checksum: e5d9d449
# [2024-05-29 11:51:55] INFO: Calculated checksum: 428fc9b4
# [2024-05-29 11:51:55] INFO: Writing RNGSTATE file: ./rand_s060t20_b0637300_a_U000721000
# [2024-05-29 11:51:55] INFO: Writing to disk took 7.53551 seconds
# [2024-05-29 11:51:55] INFO: ======================================================================
# [2024-05-29 11:51:55] INFO: Start sweeping...
# [2024-05-29 11:58:47] INFO: It took 411.211 seconds to do 500 HBOR sweeps.
# [2024-05-29 11:58:47] INFO: Plaquette = 0.628515
# [2024-05-29 11:58:47] INFO: Polyakov loop = (0.000791851,-0.000376658)
# [2024-05-29 11:58:47] INFO: Writing conf to disk...
# [2024-05-29 11:58:47] INFO: writeconf_nersc: Writing NERSC configuration ./conf_s060t20_b0637300_a_U000721500
# [2024-05-29 11:58:50] INFO: Calculated checksum: db381ebb
# [2024-05-29 11:58:54] INFO: Calculated checksum: a3d98930
# [2024-05-29 11:58:54] INFO: Writing RNGSTATE file: ./rand_s060t20_b0637300_a_U000721500
# [2024-05-29 11:58:54] INFO: Writing to disk took 7.64168 seconds
# [2024-05-29 11:58:54] INFO: ======================================================================
# [2024-05-29 11:58:54] INFO: Start sweeping...
# [2024-05-29 12:05:46] INFO: It took 411.209 seconds to do 500 HBOR sweeps.
# [2024-05-29 12:05:46] INFO: Plaquette = 0.628426
# [2024-05-29 12:05:46] INFO: Polyakov loop = (-0.000868493,0.000114121)
# [2024-05-29 12:05:46] INFO: Writing conf to disk...
# [2024-05-29 12:05:46] INFO: writeconf_nersc: Writing NERSC configuration ./conf_s060t20_b0637300_a_U000722000
# [2024-05-29 12:05:48] INFO: Calculated checksum: 8a26d568
# [2024-05-29 12:05:53] INFO: Calculated checksum: 76c3de36
# [2024-05-29 12:05:53] INFO: Writing RNGSTATE file: ./rand_s060t20_b0637300_a_U000722000
# [2024-05-29 12:05:53] INFO: Writing to disk took 7.65802 seconds
# [2024-05-29 12:05:53] INFO: ======================================================================
# [2024-05-29 12:05:53] INFO: Start sweeping...
# [2024-05-29 12:12:43] INFO: It took 409.93 seconds to do 500 HBOR sweeps.
# [2024-05-29 12:12:43] INFO: Plaquette = 0.628404
# [2024-05-29 12:12:43] INFO: Polyakov loop = (-0.000622251,0.000994441)
# [2024-05-29 12:12:43] INFO: Writing conf to disk...
# [2024-05-29 12:12:43] INFO: writeconf_nersc: Writing NERSC configuration ./conf_s060t20_b0637300_a_U000722500
# [2024-05-29 12:12:46] INFO: Calculated checksum: 54dddb3
# [2024-05-29 12:12:51] INFO: Calculated checksum: fa070d29
# [2024-05-29 12:12:51] INFO: Writing RNGSTATE file: ./rand_s060t20_b0637300_a_U000722500
# [2024-05-29 12:12:51] INFO: Writing to disk took 7.72048 seconds
# [2024-05-29 12:12:51] INFO: ======================================================================
# [2024-05-29 12:12:51] INFO: Start sweeping...
# [2024-05-29 12:19:43] INFO: It took 411.651 seconds to do 500 HBOR sweeps.
# [2024-05-29 12:19:43] INFO: Plaquette = 0.628511
# [2024-05-29 12:19:43] INFO: Polyakov loop = (-0.000395683,-2.91623e-05)
# [2024-05-29 12:19:43] INFO: Writing conf to disk...
# [2024-05-29 12:19:43] INFO: writeconf_nersc: Writing NERSC configuration ./conf_s060t20_b0637300_a_U000723000
# [2024-05-29 12:19:45] INFO: Calculated checksum: b65ebbb3
# [2024-05-29 12:19:50] INFO: Calculated checksum: 1fd67879
# [2024-05-29 12:19:50] INFO: Writing RNGSTATE file: ./rand_s060t20_b0637300_a_U000723000
# [2024-05-29 12:19:50] INFO: Writing to disk took 7.55642 seconds
# [2024-05-29 12:19:50] INFO: ======================================================================
# [2024-05-29 12:19:50] INFO: Start sweeping...
# [2024-05-29 12:26:40] INFO: It took 410.067 seconds to do 500 HBOR sweeps.
# [2024-05-29 12:26:40] INFO: Plaquette = 0.628467
# [2024-05-29 12:26:40] INFO: Polyakov loop = (-0.000385853,-0.00060899)
# [2024-05-29 12:26:40] INFO: Writing conf to disk...
# [2024-05-29 12:26:40] INFO: writeconf_nersc: Writing NERSC configuration ./conf_s060t20_b0637300_a_U000723500
# [2024-05-29 12:26:43] INFO: Calculated checksum: bf89ed90
# [2024-05-29 12:26:48] INFO: Calculated checksum: 1b1ccf88
# [2024-05-29 12:26:48] INFO: Writing RNGSTATE file: ./rand_s060t20_b0637300_a_U000723500
# [2024-05-29 12:26:48] INFO: Writing to disk took 7.62787 seconds
# [2024-05-29 12:26:48] INFO: ======================================================================
# [2024-05-29 12:26:48] INFO: Start sweeping...
# [2024-05-29 12:33:39] INFO: It took 411.394 seconds to do 500 HBOR sweeps.
# [2024-05-29 12:33:39] INFO: Plaquette = 0.628498
# [2024-05-29 12:33:39] INFO: Polyakov loop = (1.61591e-05,0.000574745)
# [2024-05-29 12:33:39] INFO: Writing conf to disk...
# [2024-05-29 12:33:39] INFO: writeconf_nersc: Writing NERSC configuration ./conf_s060t20_b0637300_a_U000724000
# [2024-05-29 12:33:42] INFO: Calculated checksum: cc01f5ce
# [2024-05-29 12:33:47] INFO: Calculated checksum: 543317e2
# [2024-05-29 12:33:47] INFO: Writing RNGSTATE file: ./rand_s060t20_b0637300_a_U000724000
# [2024-05-29 12:33:47] INFO: Writing to disk took 7.51587 seconds
# [2024-05-29 12:33:47] INFO: ======================================================================
# [2024-05-29 12:33:47] INFO: Start sweeping...
# [2024-05-29 12:40:38] INFO: It took 411.362 seconds to do 500 HBOR sweeps.
# [2024-05-29 12:40:38] INFO: Plaquette = 0.62839
# [2024-05-29 12:40:38] INFO: Polyakov loop = (-0.00062882,-5.76717e-05)
# [2024-05-29 12:40:38] INFO: Writing conf to disk...
# [2024-05-29 12:40:38] INFO: writeconf_nersc: Writing NERSC configuration ./conf_s060t20_b0637300_a_U000724500
# [2024-05-29 12:40:41] INFO: Calculated checksum: a613430
# [2024-05-29 12:40:46] INFO: Calculated checksum: 6f7215a9
# [2024-05-29 12:40:46] INFO: Writing RNGSTATE file: ./rand_s060t20_b0637300_a_U000724500
# [2024-05-29 12:40:46] INFO: Writing to disk took 7.66012 seconds
# [2024-05-29 12:40:46] INFO: ======================================================================
# [2024-05-29 12:40:46] INFO: Start sweeping...
# [2024-05-29 12:47:36] INFO: It took 409.814 seconds to do 500 HBOR sweeps.
# [2024-05-29 12:47:36] INFO: Plaquette = 0.628379
# [2024-05-29 12:47:36] INFO: Polyakov loop = (0.000230353,-0.000406262)
# [2024-05-29 12:47:36] INFO: Writing conf to disk...
# [2024-05-29 12:47:36] INFO: writeconf_nersc: Writing NERSC configuration ./conf_s060t20_b0637300_a_U000725000
# [2024-05-29 12:47:39] INFO: Calculated checksum: 535521bd
# [2024-05-29 12:47:43] INFO: Calculated checksum: f5fbe4e0
# [2024-05-29 12:47:43] INFO: Writing RNGSTATE file: ./rand_s060t20_b0637300_a_U000725000
# [2024-05-29 12:47:44] INFO: Writing to disk took 7.65397 seconds
# [2024-05-29 12:47:44] INFO: ======================================================================
# [2024-05-29 12:47:44] INFO: Start sweeping...
# [2024-05-29 12:54:33] INFO: It took 409.579 seconds to do 500 HBOR sweeps.
# [2024-05-29 12:54:33] INFO: Plaquette = 0.62846
# [2024-05-29 12:54:33] INFO: Polyakov loop = (0.000264157,0.000320302)
# [2024-05-29 12:54:33] INFO: Writing conf to disk...
# [2024-05-29 12:54:33] INFO: writeconf_nersc: Writing NERSC configuration ./conf_s060t20_b0637300_a_U000725500
# [2024-05-29 12:54:36] INFO: Calculated checksum: 1a8082a8
# [2024-05-29 12:54:41] INFO: Calculated checksum: 439cdcb8
# [2024-05-29 12:54:41] INFO: Writing RNGSTATE file: ./rand_s060t20_b0637300_a_U000725500
# [2024-05-29 12:54:41] INFO: Writing to disk took 7.72823 seconds
# [2024-05-29 12:54:41] INFO: ======================================================================
# [2024-05-29 12:54:41] INFO: Start sweeping...
# [2024-05-29 13:01:32] INFO: It took 411.279 seconds to do 500 HBOR sweeps.
# [2024-05-29 13:01:32] INFO: Plaquette = 0.628444
# [2024-05-29 13:01:32] INFO: Polyakov loop = (-0.000366691,0.000292487)
# [2024-05-29 13:01:32] INFO: Writing conf to disk...
# [2024-05-29 13:01:32] INFO: writeconf_nersc: Writing NERSC configuration ./conf_s060t20_b0637300_a_U000726000
# [2024-05-29 13:01:35] INFO: Calculated checksum: 37f2fa2f
# [2024-05-29 13:01:40] INFO: Calculated checksum: 43b63fcc
# [2024-05-29 13:01:40] INFO: Writing RNGSTATE file: ./rand_s060t20_b0637300_a_U000726000
# [2024-05-29 13:01:40] INFO: Writing to disk took 7.53806 seconds
# [2024-05-29 13:01:40] INFO: ======================================================================
# [2024-05-29 13:01:40] INFO: Start sweeping...
# [2024-05-29 13:08:31] INFO: It took 411.38 seconds to do 500 HBOR sweeps.
# [2024-05-29 13:08:31] INFO: Plaquette = 0.6283
# [2024-05-29 13:08:31] INFO: Polyakov loop = (-0.000475965,-0.000473664)
# [2024-05-29 13:08:31] INFO: Writing conf to disk...
# [2024-05-29 13:08:31] INFO: writeconf_nersc: Writing NERSC configuration ./conf_s060t20_b0637300_a_U000726500
# [2024-05-29 13:08:34] INFO: Calculated checksum: 2532dbc7
# [2024-05-29 13:08:39] INFO: Calculated checksum: 50123d75
# [2024-05-29 13:08:39] INFO: Writing RNGSTATE file: ./rand_s060t20_b0637300_a_U000726500
# [2024-05-29 13:08:39] INFO: Writing to disk took 7.80317 seconds
# [2024-05-29 13:08:39] INFO: ======================================================================
# [2024-05-29 13:08:39] INFO: Start sweeping...
# [2024-05-29 13:15:30] INFO: It took 411.478 seconds to do 500 HBOR sweeps.
# [2024-05-29 13:15:30] INFO: Plaquette = 0.628399
# [2024-05-29 13:15:30] INFO: Polyakov loop = (0.000678979,-6.12985e-05)
# [2024-05-29 13:15:30] INFO: Writing conf to disk...
# [2024-05-29 13:15:30] INFO: writeconf_nersc: Writing NERSC configuration ./conf_s060t20_b0637300_a_U000727000
# [2024-05-29 13:15:33] INFO: Calculated checksum: f69af0aa
# [2024-05-29 13:15:39] INFO: Calculated checksum: eb7bbd18
# [2024-05-29 13:15:39] INFO: Writing RNGSTATE file: ./rand_s060t20_b0637300_a_U000727000
# [2024-05-29 13:15:39] INFO: Writing to disk took 8.43511 seconds
# [2024-05-29 13:15:39] INFO: ======================================================================
# [2024-05-29 13:15:39] INFO: Start sweeping...
# [2024-05-29 13:22:30] INFO: It took 411.194 seconds to do 500 HBOR sweeps.
# [2024-05-29 13:22:30] INFO: Plaquette = 0.628489
# [2024-05-29 13:22:30] INFO: Polyakov loop = (-8.38942e-05,2.52908e-05)
# [2024-05-29 13:22:30] INFO: Writing conf to disk...
# [2024-05-29 13:22:30] INFO: writeconf_nersc: Writing NERSC configuration ./conf_s060t20_b0637300_a_U000727500
# [2024-05-29 13:22:33] INFO: Calculated checksum: b2acd47d
# [2024-05-29 13:22:38] INFO: Calculated checksum: a094243c
# [2024-05-29 13:22:38] INFO: Writing RNGSTATE file: ./rand_s060t20_b0637300_a_U000727500
# [2024-05-29 13:22:38] INFO: Writing to disk took 7.6399 seconds
# [2024-05-29 13:22:38] INFO: ======================================================================
# [2024-05-29 13:22:38] INFO: Start sweeping...
# [2024-05-29 13:29:29] INFO: It took 411.255 seconds to do 500 HBOR sweeps.
# [2024-05-29 13:29:29] INFO: Plaquette = 0.62842
# [2024-05-29 13:29:29] INFO: Polyakov loop = (0.000488827,-0.000353579)
# [2024-05-29 13:29:29] INFO: Writing conf to disk...
# [2024-05-29 13:29:29] INFO: writeconf_nersc: Writing NERSC configuration ./conf_s060t20_b0637300_a_U000728000
# [2024-05-29 13:29:32] INFO: Calculated checksum: 5a024c0e
# [2024-05-29 13:29:38] INFO: Calculated checksum: 7a20224a
# [2024-05-29 13:29:38] INFO: Writing RNGSTATE file: ./rand_s060t20_b0637300_a_U000728000
# [2024-05-29 13:29:38] INFO: Writing to disk took 8.75711 seconds
# [2024-05-29 13:29:38] INFO: ======================================================================
# [2024-05-29 13:29:38] INFO: Start sweeping...
# [2024-05-29 13:36:28] INFO: It took 409.777 seconds to do 500 HBOR sweeps.
# [2024-05-29 13:36:28] INFO: Plaquette = 0.628467
# [2024-05-29 13:36:28] INFO: Polyakov loop = (0.000874995,0.000186396)
# [2024-05-29 13:36:28] INFO: Writing conf to disk...
# [2024-05-29 13:36:28] INFO: writeconf_nersc: Writing NERSC configuration ./conf_s060t20_b0637300_a_U000728500
# [2024-05-29 13:36:31] INFO: Calculated checksum: 47d942c
# [2024-05-29 13:36:35] INFO: Calculated checksum: ecddff6d
# [2024-05-29 13:36:35] INFO: Writing RNGSTATE file: ./rand_s060t20_b0637300_a_U000728500
# [2024-05-29 13:36:35] INFO: Writing to disk took 7.67495 seconds
# [2024-05-29 13:36:35] INFO: ======================================================================
# [2024-05-29 13:36:35] INFO: Start sweeping...
# [2024-05-29 13:43:25] INFO: It took 409.721 seconds to do 500 HBOR sweeps.
# [2024-05-29 13:43:25] INFO: Plaquette = 0.628493
# [2024-05-29 13:43:25] INFO: Polyakov loop = (-0.000398445,0.000863841)
# [2024-05-29 13:43:25] INFO: Writing conf to disk...
# [2024-05-29 13:43:25] INFO: writeconf_nersc: Writing NERSC configuration ./conf_s060t20_b0637300_a_U000729000
# [2024-05-29 13:43:28] INFO: Calculated checksum: 8e017ad6
# [2024-05-29 13:43:33] INFO: Calculated checksum: 52c29fb
# [2024-05-29 13:43:33] INFO: Writing RNGSTATE file: ./rand_s060t20_b0637300_a_U000729000
# [2024-05-29 13:43:33] INFO: Writing to disk took 7.60237 seconds
# [2024-05-29 13:43:33] INFO: ======================================================================
# [2024-05-29 13:43:33] INFO: Start sweeping...
# [2024-05-29 13:50:24] INFO: It took 411.154 seconds to do 500 HBOR sweeps.
# [2024-05-29 13:50:24] INFO: Plaquette = 0.628441
# [2024-05-29 13:50:24] INFO: Polyakov loop = (0.000820949,-0.000154486)
# [2024-05-29 13:50:24] INFO: Writing conf to disk...
# [2024-05-29 13:50:24] INFO: writeconf_nersc: Writing NERSC configuration ./conf_s060t20_b0637300_a_U000729500
# [2024-05-29 13:50:27] INFO: Calculated checksum: 5f5ccf2c
# [2024-05-29 13:50:33] INFO: Calculated checksum: 9cb84afc
# [2024-05-29 13:50:33] INFO: Writing RNGSTATE file: ./rand_s060t20_b0637300_a_U000729500
# [2024-05-29 13:50:33] INFO: Writing to disk took 8.76628 seconds
# [2024-05-29 13:50:33] INFO: ======================================================================
# [2024-05-29 13:50:33] INFO: Start sweeping...
# [2024-05-29 13:57:24] INFO: It took 411.23 seconds to do 500 HBOR sweeps.
# [2024-05-29 13:57:24] INFO: Plaquette = 0.628438
# [2024-05-29 13:57:24] INFO: Polyakov loop = (0.000203611,0.000441953)
# [2024-05-29 13:57:24] INFO: Writing conf to disk...
# [2024-05-29 13:57:24] INFO: writeconf_nersc: Writing NERSC configuration ./conf_s060t20_b0637300_a_U000730000
# [2024-05-29 13:57:27] INFO: Calculated checksum: b8408e5e
# [2024-05-29 13:57:32] INFO: Calculated checksum: 2148de07
# [2024-05-29 13:57:32] INFO: Writing RNGSTATE file: ./rand_s060t20_b0637300_a_U000730000
# [2024-05-29 13:57:32] INFO: Writing to disk took 7.69159 seconds
# [2024-05-29 13:57:32] INFO: ======================================================================
# [2024-05-29 13:57:32] INFO: Start sweeping...
# [2024-05-29 14:04:23] INFO: It took 411.363 seconds to do 500 HBOR sweeps.
# [2024-05-29 14:04:23] INFO: Plaquette = 0.628496
# [2024-05-29 14:04:23] INFO: Polyakov loop = (-0.000360707,-0.000606076)
# [2024-05-29 14:04:23] INFO: Writing conf to disk...
# [2024-05-29 14:04:23] INFO: writeconf_nersc: Writing NERSC configuration ./conf_s060t20_b0637300_a_U000730500
# [2024-05-29 14:04:26] INFO: Calculated checksum: 282d62bd
# [2024-05-29 14:04:31] INFO: Calculated checksum: 4ace9e73
# [2024-05-29 14:04:31] INFO: Writing RNGSTATE file: ./rand_s060t20_b0637300_a_U000730500
# [2024-05-29 14:04:31] INFO: Writing to disk took 7.66641 seconds
# [2024-05-29 14:04:31] INFO: ======================================================================
# [2024-05-29 14:04:31] INFO: Start sweeping...
# [2024-05-29 14:11:22] INFO: It took 411.28 seconds to do 500 HBOR sweeps.
# [2024-05-29 14:11:22] INFO: Plaquette = 0.62839
# [2024-05-29 14:11:22] INFO: Polyakov loop = (-7.78663e-05,-9.47988e-05)
# [2024-05-29 14:11:22] INFO: Writing conf to disk...
# [2024-05-29 14:11:22] INFO: writeconf_nersc: Writing NERSC configuration ./conf_s060t20_b0637300_a_U000731000
# [2024-05-29 14:11:25] INFO: Calculated checksum: f03a57f6
# [2024-05-29 14:11:30] INFO: Calculated checksum: bd5d4dd3
# [2024-05-29 14:11:30] INFO: Writing RNGSTATE file: ./rand_s060t20_b0637300_a_U000731000
# [2024-05-29 14:11:30] INFO: Writing to disk took 7.66647 seconds
# [2024-05-29 14:11:30] INFO: ======================================================================
# [2024-05-29 14:11:30] INFO: Start sweeping...
# [2024-05-29 14:18:20] INFO: It took 409.93 seconds to do 500 HBOR sweeps.
# [2024-05-29 14:18:20] INFO: Plaquette = 0.62847
# [2024-05-29 14:18:20] INFO: Polyakov loop = (-0.000114004,-0.000661349)
# [2024-05-29 14:18:20] INFO: Writing conf to disk...
# [2024-05-29 14:18:20] INFO: writeconf_nersc: Writing NERSC configuration ./conf_s060t20_b0637300_a_U000731500
# [2024-05-29 14:18:23] INFO: Calculated checksum: 78f8a3a3
# [2024-05-29 14:18:27] INFO: Calculated checksum: 79266ba9
# [2024-05-29 14:18:27] INFO: Writing RNGSTATE file: ./rand_s060t20_b0637300_a_U000731500
# [2024-05-29 14:18:27] INFO: Writing to disk took 7.64949 seconds
# [2024-05-29 14:18:27] INFO: ======================================================================
# [2024-05-29 14:18:27] INFO: Start sweeping...
# [2024-05-29 14:25:17] INFO: It took 409.756 seconds to do 500 HBOR sweeps.
# [2024-05-29 14:25:17] INFO: Plaquette = 0.628477
# [2024-05-29 14:25:17] INFO: Polyakov loop = (0.000106628,-0.000329113)
# [2024-05-29 14:25:17] INFO: Writing conf to disk...
# [2024-05-29 14:25:17] INFO: writeconf_nersc: Writing NERSC configuration ./conf_s060t20_b0637300_a_U000732000
# [2024-05-29 14:25:20] INFO: Calculated checksum: 8be868f2
# [2024-05-29 14:25:25] INFO: Calculated checksum: b217c376
# [2024-05-29 14:25:25] INFO: Writing RNGSTATE file: ./rand_s060t20_b0637300_a_U000732000
# [2024-05-29 14:25:25] INFO: Writing to disk took 7.69862 seconds
# [2024-05-29 14:25:25] INFO: ======================================================================
# [2024-05-29 14:25:25] INFO: Start sweeping...
# [2024-05-29 14:32:15] INFO: It took 409.824 seconds to do 500 HBOR sweeps.
# [2024-05-29 14:32:15] INFO: Plaquette = 0.628386
# [2024-05-29 14:32:15] INFO: Polyakov loop = (-0.000599522,0.000560588)
# [2024-05-29 14:32:15] INFO: Writing conf to disk...
# [2024-05-29 14:32:15] INFO: writeconf_nersc: Writing NERSC configuration ./conf_s060t20_b0637300_a_U000732500
# [2024-05-29 14:32:18] INFO: Calculated checksum: 64288613
# [2024-05-29 14:32:22] INFO: Calculated checksum: c21c9945
# [2024-05-29 14:32:22] INFO: Writing RNGSTATE file: ./rand_s060t20_b0637300_a_U000732500
# [2024-05-29 14:32:22] INFO: Writing to disk took 7.67111 seconds
# [2024-05-29 14:32:22] INFO: ======================================================================
# [2024-05-29 14:32:22] INFO: Start sweeping...
# [2024-05-29 14:39:12] INFO: It took 409.804 seconds to do 500 HBOR sweeps.
# [2024-05-29 14:39:12] INFO: Plaquette = 0.628458
# [2024-05-29 14:39:12] INFO: Polyakov loop = (0.000138762,-0.000224777)
# [2024-05-29 14:39:12] INFO: Writing conf to disk...
# [2024-05-29 14:39:12] INFO: writeconf_nersc: Writing NERSC configuration ./conf_s060t20_b0637300_a_U000733000
# [2024-05-29 14:39:15] INFO: Calculated checksum: 62fc3e89
# [2024-05-29 14:39:20] INFO: Calculated checksum: c0386f5a
# [2024-05-29 14:39:20] INFO: Writing RNGSTATE file: ./rand_s060t20_b0637300_a_U000733000
# [2024-05-29 14:39:20] INFO: Writing to disk took 7.72285 seconds
# [2024-05-29 14:39:20] INFO: ======================================================================
# [2024-05-29 14:39:20] INFO: Start sweeping...
# [2024-05-29 14:46:11] INFO: It took 411.161 seconds to do 500 HBOR sweeps.
# [2024-05-29 14:46:11] INFO: Plaquette = 0.628412
# [2024-05-29 14:46:11] INFO: Polyakov loop = (-0.000618739,-0.000711472)
# [2024-05-29 14:46:11] INFO: Writing conf to disk...
# [2024-05-29 14:46:11] INFO: writeconf_nersc: Writing NERSC configuration ./conf_s060t20_b0637300_a_U000733500
# [2024-05-29 14:46:14] INFO: Calculated checksum: 749e2f7f
# [2024-05-29 14:46:19] INFO: Calculated checksum: 782a2a10
# [2024-05-29 14:46:19] INFO: Writing RNGSTATE file: ./rand_s060t20_b0637300_a_U000733500
# [2024-05-29 14:46:19] INFO: Writing to disk took 7.66659 seconds
# [2024-05-29 14:46:19] INFO: ======================================================================
# [2024-05-29 14:46:19] INFO: Start sweeping...
# [2024-05-29 14:53:10] INFO: It took 411.34 seconds to do 500 HBOR sweeps.
# [2024-05-29 14:53:10] INFO: Plaquette = 0.628474
# [2024-05-29 14:53:10] INFO: Polyakov loop = (0.000255206,-0.000659883)
# [2024-05-29 14:53:10] INFO: Writing conf to disk...
# [2024-05-29 14:53:10] INFO: writeconf_nersc: Writing NERSC configuration ./conf_s060t20_b0637300_a_U000734000
# [2024-05-29 14:53:13] INFO: Calculated checksum: 2a12154b
# [2024-05-29 14:53:18] INFO: Calculated checksum: 5a8e8c8d
# [2024-05-29 14:53:18] INFO: Writing RNGSTATE file: ./rand_s060t20_b0637300_a_U000734000
# [2024-05-29 14:53:18] INFO: Writing to disk took 7.59665 seconds
# [2024-05-29 14:53:18] INFO: ======================================================================
# [2024-05-29 14:53:18] INFO: Start sweeping...
# [2024-05-29 15:00:09] INFO: It took 411.036 seconds to do 500 HBOR sweeps.
# [2024-05-29 15:00:09] INFO: Plaquette = 0.628473
# [2024-05-29 15:00:09] INFO: Polyakov loop = (-9.14615e-05,-0.000728492)
# [2024-05-29 15:00:09] INFO: Writing conf to disk...
# [2024-05-29 15:00:09] INFO: writeconf_nersc: Writing NERSC configuration ./conf_s060t20_b0637300_a_U000734500
# [2024-05-29 15:00:12] INFO: Calculated checksum: 4c4a1f6b
# [2024-05-29 15:00:17] INFO: Calculated checksum: f4f7dec0
# [2024-05-29 15:00:17] INFO: Writing RNGSTATE file: ./rand_s060t20_b0637300_a_U000734500
# [2024-05-29 15:00:17] INFO: Writing to disk took 7.73638 seconds
# [2024-05-29 15:00:17] INFO: ======================================================================
# [2024-05-29 15:00:17] INFO: Start sweeping...
# [2024-05-29 15:07:08] INFO: It took 411.146 seconds to do 500 HBOR sweeps.
# [2024-05-29 15:07:08] INFO: Plaquette = 0.628409
# [2024-05-29 15:07:08] INFO: Polyakov loop = (0.000331249,-0.000983515)
# [2024-05-29 15:07:08] INFO: Writing conf to disk...
# [2024-05-29 15:07:08] INFO: writeconf_nersc: Writing NERSC configuration ./conf_s060t20_b0637300_a_U000735000
# [2024-05-29 15:07:11] INFO: Calculated checksum: 18cb39af
# [2024-05-29 15:07:15] INFO: Calculated checksum: 8a9046f7
# [2024-05-29 15:07:15] INFO: Writing RNGSTATE file: ./rand_s060t20_b0637300_a_U000735000
# [2024-05-29 15:07:15] INFO: Writing to disk took 7.5748 seconds
# [2024-05-29 15:07:15] INFO: ======================================================================
# [2024-05-29 15:07:15] INFO: Start sweeping...
# [2024-05-29 15:14:05] INFO: It took 409.814 seconds to do 500 HBOR sweeps.
# [2024-05-29 15:14:05] INFO: Plaquette = 0.62853
# [2024-05-29 15:14:05] INFO: Polyakov loop = (-0.000134598,-0.000110097)
# [2024-05-29 15:14:05] INFO: Writing conf to disk...
# [2024-05-29 15:14:05] INFO: writeconf_nersc: Writing NERSC configuration ./conf_s060t20_b0637300_a_U000735500
# [2024-05-29 15:14:08] INFO: Calculated checksum: abd9dfe8
# [2024-05-29 15:14:13] INFO: Calculated checksum: e0fc34bd
# [2024-05-29 15:14:13] INFO: Writing RNGSTATE file: ./rand_s060t20_b0637300_a_U000735500
# [2024-05-29 15:14:13] INFO: Writing to disk took 7.52221 seconds
# [2024-05-29 15:14:13] INFO: ======================================================================
# [2024-05-29 15:14:13] INFO: Start sweeping...
# [2024-05-29 15:21:04] INFO: It took 411.487 seconds to do 500 HBOR sweeps.
# [2024-05-29 15:21:04] INFO: Plaquette = 0.62845
# [2024-05-29 15:21:04] INFO: Polyakov loop = (0.00057715,0.000997303)
# [2024-05-29 15:21:04] INFO: Writing conf to disk...
# [2024-05-29 15:21:04] INFO: writeconf_nersc: Writing NERSC configuration ./conf_s060t20_b0637300_a_U000736000
# [2024-05-29 15:21:07] INFO: Calculated checksum: 542c0112
# [2024-05-29 15:21:12] INFO: Calculated checksum: 802a383
# [2024-05-29 15:21:12] INFO: Writing RNGSTATE file: ./rand_s060t20_b0637300_a_U000736000
# [2024-05-29 15:21:12] INFO: Writing to disk took 7.5848 seconds
# [2024-05-29 15:21:12] INFO: ======================================================================
# [2024-05-29 15:21:12] INFO: Start sweeping...
# [2024-05-29 15:28:02] INFO: It took 409.962 seconds to do 500 HBOR sweeps.
# [2024-05-29 15:28:02] INFO: Plaquette = 0.628532
# [2024-05-29 15:28:02] INFO: Polyakov loop = (-0.000536156,0.000152989)
# [2024-05-29 15:28:02] INFO: Writing conf to disk...
# [2024-05-29 15:28:02] INFO: writeconf_nersc: Writing NERSC configuration ./conf_s060t20_b0637300_a_U000736500
# [2024-05-29 15:28:05] INFO: Calculated checksum: 71ba0200
# [2024-05-29 15:28:09] INFO: Calculated checksum: 183ff73c
# [2024-05-29 15:28:09] INFO: Writing RNGSTATE file: ./rand_s060t20_b0637300_a_U000736500
# [2024-05-29 15:28:09] INFO: Writing to disk took 7.53509 seconds
# [2024-05-29 15:28:09] INFO: ======================================================================
# [2024-05-29 15:28:09] INFO: Start sweeping...
# [2024-05-29 15:35:01] INFO: It took 411.272 seconds to do 500 HBOR sweeps.
# [2024-05-29 15:35:01] INFO: Plaquette = 0.628448
# [2024-05-29 15:35:01] INFO: Polyakov loop = (0.000114193,0.000354756)
# [2024-05-29 15:35:01] INFO: Writing conf to disk...
# [2024-05-29 15:35:01] INFO: writeconf_nersc: Writing NERSC configuration ./conf_s060t20_b0637300_a_U000737000
# [2024-05-29 15:35:04] INFO: Calculated checksum: 5296ec46
# [2024-05-29 15:35:08] INFO: Calculated checksum: 6f04f3ea
# [2024-05-29 15:35:08] INFO: Writing RNGSTATE file: ./rand_s060t20_b0637300_a_U000737000
# [2024-05-29 15:35:08] INFO: Writing to disk took 7.6719 seconds
# [2024-05-29 15:35:08] INFO: ======================================================================
# [2024-05-29 15:35:08] INFO: Start sweeping...
# [2024-05-29 15:41:58] INFO: It took 409.729 seconds to do 500 HBOR sweeps.
# [2024-05-29 15:41:58] INFO: Plaquette = 0.628482
# [2024-05-29 15:41:58] INFO: Polyakov loop = (0.00063631,-0.000112774)
# [2024-05-29 15:41:58] INFO: Writing conf to disk...
# [2024-05-29 15:41:58] INFO: writeconf_nersc: Writing NERSC configuration ./conf_s060t20_b0637300_a_U000737500
# [2024-05-29 15:42:01] INFO: Calculated checksum: f722de64
# [2024-05-29 15:42:06] INFO: Calculated checksum: 8bfd5352
# [2024-05-29 15:42:06] INFO: Writing RNGSTATE file: ./rand_s060t20_b0637300_a_U000737500
# [2024-05-29 15:42:06] INFO: Writing to disk took 7.46452 seconds
# [2024-05-29 15:42:06] INFO: ======================================================================
# [2024-05-29 15:42:06] INFO: Start sweeping...
# [2024-05-29 15:48:56] INFO: It took 409.891 seconds to do 500 HBOR sweeps.
# [2024-05-29 15:48:56] INFO: Plaquette = 0.628449
# [2024-05-29 15:48:56] INFO: Polyakov loop = (-0.000258663,-0.000361243)
# [2024-05-29 15:48:56] INFO: Writing conf to disk...
# [2024-05-29 15:48:56] INFO: writeconf_nersc: Writing NERSC configuration ./conf_s060t20_b0637300_a_U000738000
# [2024-05-29 15:48:59] INFO: Calculated checksum: 72cab3ea
# [2024-05-29 15:49:04] INFO: Calculated checksum: bc5f291c
# [2024-05-29 15:49:04] INFO: Writing RNGSTATE file: ./rand_s060t20_b0637300_a_U000738000
# [2024-05-29 15:49:04] INFO: Writing to disk took 8.35369 seconds
# [2024-05-29 15:49:04] INFO: ======================================================================
# [2024-05-29 15:49:04] INFO: Start sweeping...
# [2024-05-29 15:55:54] INFO: It took 409.836 seconds to do 500 HBOR sweeps.
# [2024-05-29 15:55:54] INFO: Plaquette = 0.628482
# [2024-05-29 15:55:54] INFO: Polyakov loop = (-0.000457593,0.000204307)
# [2024-05-29 15:55:54] INFO: Writing conf to disk...
# [2024-05-29 15:55:54] INFO: writeconf_nersc: Writing NERSC configuration ./conf_s060t20_b0637300_a_U000738500
# [2024-05-29 15:55:57] INFO: Calculated checksum: 956623c1
# [2024-05-29 15:56:02] INFO: Calculated checksum: f3118abf
# [2024-05-29 15:56:02] INFO: Writing RNGSTATE file: ./rand_s060t20_b0637300_a_U000738500
# [2024-05-29 15:56:02] INFO: Writing to disk took 8.18874 seconds
# [2024-05-29 15:56:02] INFO: ======================================================================
# [2024-05-29 15:56:02] INFO: Start sweeping...
# [2024-05-29 16:02:53] INFO: It took 411.203 seconds to do 500 HBOR sweeps.
# [2024-05-29 16:02:53] INFO: Plaquette = 0.628429
# [2024-05-29 16:02:53] INFO: Polyakov loop = (0.000118993,-8.41438e-05)
# [2024-05-29 16:02:53] INFO: Writing conf to disk...
# [2024-05-29 16:02:53] INFO: writeconf_nersc: Writing NERSC configuration ./conf_s060t20_b0637300_a_U000739000
# [2024-05-29 16:02:56] INFO: Calculated checksum: ef7814be
# [2024-05-29 16:03:01] INFO: Calculated checksum: 3e608fe5
# [2024-05-29 16:03:01] INFO: Writing RNGSTATE file: ./rand_s060t20_b0637300_a_U000739000
# [2024-05-29 16:03:01] INFO: Writing to disk took 7.8871 seconds
# [2024-05-29 16:03:01] INFO: ======================================================================
# [2024-05-29 16:03:01] INFO: Start sweeping...
# [2024-05-29 16:09:53] INFO: It took 411.225 seconds to do 500 HBOR sweeps.
# [2024-05-29 16:09:53] INFO: Plaquette = 0.628356
# [2024-05-29 16:09:53] INFO: Polyakov loop = (0.000493156,-0.000516959)
# [2024-05-29 16:09:53] INFO: Writing conf to disk...
# [2024-05-29 16:09:53] INFO: writeconf_nersc: Writing NERSC configuration ./conf_s060t20_b0637300_a_U000739500
# [2024-05-29 16:09:55] INFO: Calculated checksum: d19f0235
# [2024-05-29 16:10:00] INFO: Calculated checksum: 39caa45f
# [2024-05-29 16:10:00] INFO: Writing RNGSTATE file: ./rand_s060t20_b0637300_a_U000739500
# [2024-05-29 16:10:00] INFO: Writing to disk took 7.64454 seconds
# [2024-05-29 16:10:00] INFO: ======================================================================
# [2024-05-29 16:10:00] INFO: Start sweeping...
# [2024-05-29 16:16:52] INFO: It took 411.553 seconds to do 500 HBOR sweeps.
# [2024-05-29 16:16:52] INFO: Plaquette = 0.628416
# [2024-05-29 16:16:52] INFO: Polyakov loop = (0.000657809,0.000611152)
# [2024-05-29 16:16:52] INFO: Writing conf to disk...
# [2024-05-29 16:16:52] INFO: writeconf_nersc: Writing NERSC configuration ./conf_s060t20_b0637300_a_U000740000
# [2024-05-29 16:16:55] INFO: Calculated checksum: a118d81
# [2024-05-29 16:16:59] INFO: Calculated checksum: 8483d2af
# [2024-05-29 16:16:59] INFO: Writing RNGSTATE file: ./rand_s060t20_b0637300_a_U000740000
# [2024-05-29 16:16:59] INFO: Writing to disk took 7.56159 seconds
# [2024-05-29 16:16:59] INFO: ======================================================================
# [2024-05-29 16:16:59] INFO: Start sweeping...
# [2024-05-29 16:23:51] INFO: It took 411.337 seconds to do 500 HBOR sweeps.
# [2024-05-29 16:23:51] INFO: Plaquette = 0.628478
# [2024-05-29 16:23:51] INFO: Polyakov loop = (-9.29381e-05,0.000645741)
# [2024-05-29 16:23:51] INFO: Writing conf to disk...
# [2024-05-29 16:23:51] INFO: writeconf_nersc: Writing NERSC configuration ./conf_s060t20_b0637300_a_U000740500
# [2024-05-29 16:23:54] INFO: Calculated checksum: 7b819170
# [2024-05-29 16:23:58] INFO: Calculated checksum: 9d112738
# [2024-05-29 16:23:58] INFO: Writing RNGSTATE file: ./rand_s060t20_b0637300_a_U000740500
# [2024-05-29 16:23:58] INFO: Writing to disk took 7.68668 seconds
# [2024-05-29 16:23:58] INFO: ======================================================================
# [2024-05-29 16:23:58] INFO: Start sweeping...
# [2024-05-29 16:30:50] INFO: It took 411.488 seconds to do 500 HBOR sweeps.
# [2024-05-29 16:30:50] INFO: Plaquette = 0.628491
# [2024-05-29 16:30:50] INFO: Polyakov loop = (-0.000114534,-5.99439e-05)
# [2024-05-29 16:30:50] INFO: Writing conf to disk...
# [2024-05-29 16:30:50] INFO: writeconf_nersc: Writing NERSC configuration ./conf_s060t20_b0637300_a_U000741000
# [2024-05-29 16:30:53] INFO: Calculated checksum: 387cb835
# [2024-05-29 16:30:58] INFO: Calculated checksum: d9704bb8
# [2024-05-29 16:30:58] INFO: Writing RNGSTATE file: ./rand_s060t20_b0637300_a_U000741000
# [2024-05-29 16:30:58] INFO: Writing to disk took 7.8947 seconds
# [2024-05-29 16:30:58] INFO: ======================================================================
# [2024-05-29 16:30:58] INFO: Start sweeping...
# [2024-05-29 16:37:49] INFO: It took 411.31 seconds to do 500 HBOR sweeps.
# [2024-05-29 16:37:49] INFO: Plaquette = 0.628471
# [2024-05-29 16:37:49] INFO: Polyakov loop = (0.000101482,-0.000749834)
# [2024-05-29 16:37:49] INFO: Writing conf to disk...
# [2024-05-29 16:37:49] INFO: writeconf_nersc: Writing NERSC configuration ./conf_s060t20_b0637300_a_U000741500
# [2024-05-29 16:37:52] INFO: Calculated checksum: 505ed93b
# [2024-05-29 16:37:57] INFO: Calculated checksum: 6cfb4579
# [2024-05-29 16:37:57] INFO: Writing RNGSTATE file: ./rand_s060t20_b0637300_a_U000741500
# [2024-05-29 16:37:57] INFO: Writing to disk took 7.59868 seconds
# [2024-05-29 16:37:57] INFO: ======================================================================
# [2024-05-29 16:37:57] INFO: Start sweeping...
# [2024-05-29 16:44:48] INFO: It took 411.401 seconds to do 500 HBOR sweeps.
# [2024-05-29 16:44:48] INFO: Plaquette = 0.628462
# [2024-05-29 16:44:48] INFO: Polyakov loop = (0.000420291,0.000328958)
# [2024-05-29 16:44:48] INFO: Writing conf to disk...
# [2024-05-29 16:44:48] INFO: writeconf_nersc: Writing NERSC configuration ./conf_s060t20_b0637300_a_U000742000
# [2024-05-29 16:44:51] INFO: Calculated checksum: 62c85013
# [2024-05-29 16:44:56] INFO: Calculated checksum: 2da57284
# [2024-05-29 16:44:56] INFO: Writing RNGSTATE file: ./rand_s060t20_b0637300_a_U000742000
# [2024-05-29 16:44:56] INFO: Writing to disk took 7.54783 seconds
# [2024-05-29 16:44:56] INFO: ======================================================================
# [2024-05-29 16:44:56] INFO: Start sweeping...
# [2024-05-29 16:51:47] INFO: It took 411.426 seconds to do 500 HBOR sweeps.
# [2024-05-29 16:51:47] INFO: Plaquette = 0.628514
# [2024-05-29 16:51:47] INFO: Polyakov loop = (0.000134928,-0.000103492)
# [2024-05-29 16:51:47] INFO: Writing conf to disk...
# [2024-05-29 16:51:47] INFO: writeconf_nersc: Writing NERSC configuration ./conf_s060t20_b0637300_a_U000742500
# [2024-05-29 16:51:50] INFO: Calculated checksum: 51509378
# [2024-05-29 16:51:55] INFO: Calculated checksum: 4d46d880
# [2024-05-29 16:51:55] INFO: Writing RNGSTATE file: ./rand_s060t20_b0637300_a_U000742500
# [2024-05-29 16:51:55] INFO: Writing to disk took 7.83333 seconds
# [2024-05-29 16:51:55] INFO: ======================================================================
# [2024-05-29 16:51:55] INFO: Start sweeping...
# [2024-05-29 16:58:47] INFO: It took 411.666 seconds to do 500 HBOR sweeps.
# [2024-05-29 16:58:47] INFO: Plaquette = 0.628456
# [2024-05-29 16:58:47] INFO: Polyakov loop = (9.89192e-05,-0.000561272)
# [2024-05-29 16:58:47] INFO: Writing conf to disk...
# [2024-05-29 16:58:47] INFO: writeconf_nersc: Writing NERSC configuration ./conf_s060t20_b0637300_a_U000743000
# [2024-05-29 16:58:50] INFO: Calculated checksum: c9f922f2
# [2024-05-29 16:58:54] INFO: Calculated checksum: e912c980
# [2024-05-29 16:58:54] INFO: Writing RNGSTATE file: ./rand_s060t20_b0637300_a_U000743000
# [2024-05-29 16:58:54] INFO: Writing to disk took 7.55707 seconds
# [2024-05-29 16:58:54] INFO: ======================================================================
# [2024-05-29 16:58:54] INFO: Start sweeping...
# [2024-05-29 17:05:46] INFO: It took 411.661 seconds to do 500 HBOR sweeps.
# [2024-05-29 17:05:46] INFO: Plaquette = 0.628438
# [2024-05-29 17:05:46] INFO: Polyakov loop = (4.178e-05,-0.000313739)
# [2024-05-29 17:05:46] INFO: Writing conf to disk...
# [2024-05-29 17:05:46] INFO: writeconf_nersc: Writing NERSC configuration ./conf_s060t20_b0637300_a_U000743500
# [2024-05-29 17:05:49] INFO: Calculated checksum: ee8e4e78
# [2024-05-29 17:05:54] INFO: Calculated checksum: 5165f8f
# [2024-05-29 17:05:54] INFO: Writing RNGSTATE file: ./rand_s060t20_b0637300_a_U000743500
# [2024-05-29 17:05:54] INFO: Writing to disk took 7.54836 seconds
# [2024-05-29 17:05:54] INFO: ======================================================================
# [2024-05-29 17:05:54] INFO: Start sweeping...
# [2024-05-29 17:12:44] INFO: It took 410.108 seconds to do 500 HBOR sweeps.
# [2024-05-29 17:12:44] INFO: Plaquette = 0.628451
# [2024-05-29 17:12:44] INFO: Polyakov loop = (6.71692e-06,-0.000255553)
# [2024-05-29 17:12:44] INFO: Writing conf to disk...
# [2024-05-29 17:12:44] INFO: writeconf_nersc: Writing NERSC configuration ./conf_s060t20_b0637300_a_U000744000
# [2024-05-29 17:12:47] INFO: Calculated checksum: f0bd6f96
# [2024-05-29 17:12:51] INFO: Calculated checksum: fa5877d6
# [2024-05-29 17:12:51] INFO: Writing RNGSTATE file: ./rand_s060t20_b0637300_a_U000744000
# [2024-05-29 17:12:51] INFO: Writing to disk took 7.47142 seconds
# [2024-05-29 17:12:51] INFO: ======================================================================
# [2024-05-29 17:12:51] INFO: Start sweeping...
# [2024-05-29 17:19:43] INFO: It took 411.561 seconds to do 500 HBOR sweeps.
# [2024-05-29 17:19:43] INFO: Plaquette = 0.628513
# [2024-05-29 17:19:43] INFO: Polyakov loop = (-0.000203318,0.000276414)
# [2024-05-29 17:19:43] INFO: Writing conf to disk...
# [2024-05-29 17:19:43] INFO: writeconf_nersc: Writing NERSC configuration ./conf_s060t20_b0637300_a_U000744500
# [2024-05-29 17:19:46] INFO: Calculated checksum: 972b4f70
# [2024-05-29 17:19:50] INFO: Calculated checksum: 958e3690
# [2024-05-29 17:19:50] INFO: Writing RNGSTATE file: ./rand_s060t20_b0637300_a_U000744500
# [2024-05-29 17:19:51] INFO: Writing to disk took 7.67355 seconds
# [2024-05-29 17:19:51] INFO: ======================================================================
# [2024-05-29 17:19:51] INFO: Start sweeping...
# [2024-05-29 17:26:42] INFO: It took 411.607 seconds to do 500 HBOR sweeps.
# [2024-05-29 17:26:42] INFO: Plaquette = 0.628502
# [2024-05-29 17:26:42] INFO: Polyakov loop = (-0.00029606,0.000486332)
# [2024-05-29 17:26:42] INFO: Writing conf to disk...
# [2024-05-29 17:26:42] INFO: writeconf_nersc: Writing NERSC configuration ./conf_s060t20_b0637300_a_U000745000
# [2024-05-29 17:26:45] INFO: Calculated checksum: 20b425b9
# [2024-05-29 17:26:50] INFO: Calculated checksum: d9249a88
# [2024-05-29 17:26:50] INFO: Writing RNGSTATE file: ./rand_s060t20_b0637300_a_U000745000
# [2024-05-29 17:26:50] INFO: Writing to disk took 7.51109 seconds
# [2024-05-29 17:26:50] INFO: ======================================================================
# [2024-05-29 17:26:50] INFO: Start sweeping...
# [2024-05-29 17:33:41] INFO: It took 411.564 seconds to do 500 HBOR sweeps.
# [2024-05-29 17:33:41] INFO: Plaquette = 0.628402
# [2024-05-29 17:33:41] INFO: Polyakov loop = (0.00040736,-0.000386695)
# [2024-05-29 17:33:41] INFO: Writing conf to disk...
# [2024-05-29 17:33:41] INFO: writeconf_nersc: Writing NERSC configuration ./conf_s060t20_b0637300_a_U000745500
# [2024-05-29 17:33:44] INFO: Calculated checksum: 491f240a
# [2024-05-29 17:33:49] INFO: Calculated checksum: 51f7b240
# [2024-05-29 17:33:49] INFO: Writing RNGSTATE file: ./rand_s060t20_b0637300_a_U000745500
# [2024-05-29 17:33:49] INFO: Writing to disk took 7.66084 seconds
# [2024-05-29 17:33:49] INFO: ======================================================================
# [2024-05-29 17:33:49] INFO: Start sweeping...
# [2024-05-29 17:40:40] INFO: It took 411.398 seconds to do 500 HBOR sweeps.
# [2024-05-29 17:40:40] INFO: Plaquette = 0.628406
# [2024-05-29 17:40:40] INFO: Polyakov loop = (-0.000692165,-0.00018011)
# [2024-05-29 17:40:40] INFO: Writing conf to disk...
# [2024-05-29 17:40:40] INFO: writeconf_nersc: Writing NERSC configuration ./conf_s060t20_b0637300_a_U000746000
# [2024-05-29 17:40:43] INFO: Calculated checksum: 37144397
# [2024-05-29 17:40:48] INFO: Calculated checksum: 6c761c8b
# [2024-05-29 17:40:48] INFO: Writing RNGSTATE file: ./rand_s060t20_b0637300_a_U000746000
# [2024-05-29 17:40:48] INFO: Writing to disk took 7.60532 seconds
# [2024-05-29 17:40:48] INFO: ======================================================================
# [2024-05-29 17:40:48] INFO: Start sweeping...
# [2024-05-29 17:47:40] INFO: It took 411.564 seconds to do 500 HBOR sweeps.
# [2024-05-29 17:47:40] INFO: Plaquette = 0.628479
# [2024-05-29 17:47:40] INFO: Polyakov loop = (-0.00056591,0.00112816)
# [2024-05-29 17:47:40] INFO: Writing conf to disk...
# [2024-05-29 17:47:40] INFO: writeconf_nersc: Writing NERSC configuration ./conf_s060t20_b0637300_a_U000746500
# [2024-05-29 17:47:42] INFO: Calculated checksum: 9bc516c7
# [2024-05-29 17:47:47] INFO: Calculated checksum: f8a1cff3
# [2024-05-29 17:47:47] INFO: Writing RNGSTATE file: ./rand_s060t20_b0637300_a_U000746500
# [2024-05-29 17:47:47] INFO: Writing to disk took 7.64081 seconds
# [2024-05-29 17:47:47] INFO: ======================================================================
# [2024-05-29 17:47:47] INFO: Start sweeping...
# [2024-05-29 17:54:39] INFO: It took 411.81 seconds to do 500 HBOR sweeps.
# [2024-05-29 17:54:39] INFO: Plaquette = 0.628505
# [2024-05-29 17:54:39] INFO: Polyakov loop = (0.000457827,0.000136523)
# [2024-05-29 17:54:39] INFO: Writing conf to disk...
# [2024-05-29 17:54:39] INFO: writeconf_nersc: Writing NERSC configuration ./conf_s060t20_b0637300_a_U000747000
# [2024-05-29 17:54:42] INFO: Calculated checksum: 23cd2ee3
# [2024-05-29 17:54:47] INFO: Calculated checksum: 4470cd38
# [2024-05-29 17:54:47] INFO: Writing RNGSTATE file: ./rand_s060t20_b0637300_a_U000747000
# [2024-05-29 17:54:47] INFO: Writing to disk took 7.69405 seconds
# [2024-05-29 17:54:47] INFO: ======================================================================
# [2024-05-29 17:54:47] INFO: Start sweeping...
# [2024-05-29 18:01:37] INFO: It took 410.313 seconds to do 500 HBOR sweeps.
# [2024-05-29 18:01:37] INFO: Plaquette = 0.628377
# [2024-05-29 18:01:37] INFO: Polyakov loop = (0.00094174,-0.000206398)
# [2024-05-29 18:01:37] INFO: Writing conf to disk...
# [2024-05-29 18:01:37] INFO: writeconf_nersc: Writing NERSC configuration ./conf_s060t20_b0637300_a_U000747500
# [2024-05-29 18:01:40] INFO: Calculated checksum: dfc30c2
# [2024-05-29 18:01:45] INFO: Calculated checksum: 2ce3f54b
# [2024-05-29 18:01:45] INFO: Writing RNGSTATE file: ./rand_s060t20_b0637300_a_U000747500
# [2024-05-29 18:01:45] INFO: Writing to disk took 7.65422 seconds
# [2024-05-29 18:01:45] INFO: ======================================================================
# [2024-05-29 18:01:45] INFO: Start sweeping...
# [2024-05-29 18:08:37] INFO: It took 411.672 seconds to do 500 HBOR sweeps.
# [2024-05-29 18:08:37] INFO: Plaquette = 0.628608
# [2024-05-29 18:08:37] INFO: Polyakov loop = (-0.000390812,0.000476295)
# [2024-05-29 18:08:37] INFO: Writing conf to disk...
# [2024-05-29 18:08:37] INFO: writeconf_nersc: Writing NERSC configuration ./conf_s060t20_b0637300_a_U000748000
# [2024-05-29 18:08:39] INFO: Calculated checksum: ef8b577b
# [2024-05-29 18:08:44] INFO: Calculated checksum: 6bb3b8a6
# [2024-05-29 18:08:44] INFO: Writing RNGSTATE file: ./rand_s060t20_b0637300_a_U000748000
# [2024-05-29 18:08:44] INFO: Writing to disk took 7.27595 seconds
# [2024-05-29 18:08:44] INFO: ======================================================================
# [2024-05-29 18:08:44] INFO: Start sweeping...
# [2024-05-29 18:15:35] INFO: It took 411.485 seconds to do 500 HBOR sweeps.
# [2024-05-29 18:15:35] INFO: Plaquette = 0.628473
# [2024-05-29 18:15:35] INFO: Polyakov loop = (0.000424138,-8.57672e-05)
# [2024-05-29 18:15:35] INFO: Writing conf to disk...
# [2024-05-29 18:15:35] INFO: writeconf_nersc: Writing NERSC configuration ./conf_s060t20_b0637300_a_U000748500
# [2024-05-29 18:15:38] INFO: Calculated checksum: 89502572
# [2024-05-29 18:15:43] INFO: Calculated checksum: e8e87dfb
# [2024-05-29 18:15:43] INFO: Writing RNGSTATE file: ./rand_s060t20_b0637300_a_U000748500
# [2024-05-29 18:15:43] INFO: Writing to disk took 7.39338 seconds
# [2024-05-29 18:15:43] INFO: ======================================================================
# [2024-05-29 18:15:43] INFO: Start sweeping...
# [2024-05-29 18:22:35] INFO: It took 411.847 seconds to do 500 HBOR sweeps.
# [2024-05-29 18:22:35] INFO: Plaquette = 0.628455
# [2024-05-29 18:22:35] INFO: Polyakov loop = (-0.000279864,-0.00017724)
# [2024-05-29 18:22:35] INFO: Writing conf to disk...
# [2024-05-29 18:22:35] INFO: writeconf_nersc: Writing NERSC configuration ./conf_s060t20_b0637300_a_U000749000
# [2024-05-29 18:22:37] INFO: Calculated checksum: 8efa73b4
# [2024-05-29 18:22:42] INFO: Calculated checksum: 6f30deaf
# [2024-05-29 18:22:42] INFO: Writing RNGSTATE file: ./rand_s060t20_b0637300_a_U000749000
# [2024-05-29 18:22:42] INFO: Writing to disk took 7.61066 seconds
# [2024-05-29 18:22:42] INFO: ======================================================================
# [2024-05-29 18:22:42] INFO: Start sweeping...
# [2024-05-29 18:29:34] INFO: It took 411.976 seconds to do 500 HBOR sweeps.
# [2024-05-29 18:29:34] INFO: Plaquette = 0.628391
# [2024-05-29 18:29:34] INFO: Polyakov loop = (0.000919707,-0.000244706)
# [2024-05-29 18:29:34] INFO: Writing conf to disk...
# [2024-05-29 18:29:34] INFO: writeconf_nersc: Writing NERSC configuration ./conf_s060t20_b0637300_a_U000749500
# [2024-05-29 18:29:37] INFO: Calculated checksum: 98d1102e
# [2024-05-29 18:29:42] INFO: Calculated checksum: ed6e6e4b
# [2024-05-29 18:29:42] INFO: Writing RNGSTATE file: ./rand_s060t20_b0637300_a_U000749500
# [2024-05-29 18:29:42] INFO: Writing to disk took 7.48977 seconds
# [2024-05-29 18:29:42] INFO: ======================================================================
# [2024-05-29 18:29:42] INFO: Start sweeping...
# [2024-05-29 18:36:34] INFO: It took 411.776 seconds to do 500 HBOR sweeps.
# [2024-05-29 18:36:34] INFO: Plaquette = 0.628473
# [2024-05-29 18:36:34] INFO: Polyakov loop = (-0.00029715,2.92227e-05)
# [2024-05-29 18:36:34] INFO: Writing conf to disk...
# [2024-05-29 18:36:34] INFO: writeconf_nersc: Writing NERSC configuration ./conf_s060t20_b0637300_a_U000750000
# [2024-05-29 18:36:36] INFO: Calculated checksum: 5464a318
# [2024-05-29 18:36:41] INFO: Calculated checksum: 5d31e921
# [2024-05-29 18:36:41] INFO: Writing RNGSTATE file: ./rand_s060t20_b0637300_a_U000750000
# [2024-05-29 18:36:41] INFO: Writing to disk took 7.47928 seconds
# [2024-05-29 18:36:41] INFO: Finalizing MPI
