
Currently Loaded Modules:
  1) chpc/1.0      (S)   3) gcc/8.5.0      5) mpich/3.4.2
  2) python/3.10.3       4) cmake/3.26.0   6) cuda/11.6.2 (g)

  Where:
   S:  Module is Sticky, requires --force to unload or purge
   g:  built for GPU

 

# [2024-06-06 13:19:47] INFO: Running SIMULATeQCD
# [2024-06-06 13:19:47] INFO: Git commit version: 43e2518
# [2024-06-06 13:19:47] INFO: Initializing MPI with (1 proc)
# [2024-06-06 13:19:47] INFO: Reading parameters from file :: GenerateQuenched_b7062.param
# [2024-06-06 13:19:47] INFO: # PARAM :: Lattice = 60 60 60 20 
# [2024-06-06 13:19:47] INFO: # PARAM :: Nodes = 1 1 1 1 
# [2024-06-06 13:19:47] INFO: # PARAM :: Topology = 0 0 0 0  (default)
# [2024-06-06 13:19:47] INFO: # PARAM :: beta = 7.062
# [2024-06-06 13:19:47] INFO: # PARAM :: format = nersc
# [2024-06-06 13:19:47] INFO: # PARAM :: endianness = auto
# [2024-06-06 13:19:47] INFO: # PARAM :: conf_nr = 750000
# [2024-06-06 13:19:47] INFO: # PARAM :: stream = a
# [2024-06-06 13:19:47] INFO: # PARAM :: prec_out = 0 (default)
# [2024-06-06 13:19:47] INFO: # PARAM :: measurements_dir = ./ (default)
# [2024-06-06 13:19:47] INFO: # PARAM :: use_unit_conf = 0 (default)
# [2024-06-06 13:19:47] INFO: # PARAM :: output_dir = .
# [2024-06-06 13:19:47] INFO: # PARAM :: nconfs = 100
# [2024-06-06 13:19:47] INFO: # PARAM :: nsweeps_ORperHB = 4
# [2024-06-06 13:19:47] INFO: # PARAM :: nsweeps_HBwithOR = 500
# [2024-06-06 13:19:47] INFO: # PARAM :: prev_conf = conf_s060t20_b0706200_a_U000750000
# [2024-06-06 13:19:47] INFO: # PARAM :: prev_rand = rand_s060t20_b0706200_a_U000750000
# [2024-06-06 13:19:47] INFO: > Running on:
# [2024-06-06 13:19:47] INFO: [Rank 0] > notch088 CPU_41 GPU_3B; MPI: world_rank=0, node_rank=0, coord: ( 0 0 0 0 )
# [2024-06-06 13:19:47] INFO: > Is MPI CUDA-aware? @compilation 
# [2024-06-06 13:19:47] INFO: > GPU compute capability: 75
# [2024-06-06 13:19:47] INFO: > Checking support for P2P (Peer-to-Peer) and UVA (Unified Virtual Addressing):
# [2024-06-06 13:19:47] INFO: [Rank 0] > notch088 GPU_3B(NVIDIA GeForce RTX 2080 Ti): P2P NO ; UVA YES
# [2024-06-06 13:19:47] INFO: Initialize Indexer with HaloDepth = 1[0;33m[0m
# [2024-06-06 13:19:47] INFO: Resuming previous run.
# [2024-06-06 13:19:47] INFO: readconf_nersc: Reading NERSC configuration conf_s060t20_b0706200_a_U000750000
# [2024-06-06 13:19:57] INFO: Next conf_number will be 750500
# [2024-06-06 13:19:57] INFO: Generating up to 100 confs with a separation of 500 HBOR sweeps (OR/HB = 4) ...
# [2024-06-06 13:19:57] INFO: ======================================================================
# [2024-06-06 13:19:57] INFO: Start sweeping...
# [2024-06-06 13:26:44] INFO: It took 406.954 seconds to do 500 HBOR sweeps.
# [2024-06-06 13:26:44] INFO: Plaquette = 0.675128
# [2024-06-06 13:26:44] INFO: Polyakov loop = (0.00460092,-0.000282426)
# [2024-06-06 13:26:44] INFO: Writing conf to disk...
# [2024-06-06 13:26:44] INFO: writeconf_nersc: Writing NERSC configuration ./conf_s060t20_b0706200_a_U000750500
# [2024-06-06 13:26:46] INFO: Calculated checksum: b60dd6cf
# [2024-06-06 13:26:51] INFO: Calculated checksum: adfde62c
# [2024-06-06 13:26:51] INFO: Writing RNGSTATE file: ./rand_s060t20_b0706200_a_U000750500
# [2024-06-06 13:26:51] INFO: Writing to disk took 7.35988 seconds
# [2024-06-06 13:26:51] INFO: ======================================================================
# [2024-06-06 13:26:51] INFO: Start sweeping...
# [2024-06-06 13:33:45] INFO: It took 413.587 seconds to do 500 HBOR sweeps.
# [2024-06-06 13:33:45] INFO: Plaquette = 0.675184
# [2024-06-06 13:33:45] INFO: Polyakov loop = (0.00399161,-2.89194e-06)
# [2024-06-06 13:33:45] INFO: Writing conf to disk...
# [2024-06-06 13:33:45] INFO: writeconf_nersc: Writing NERSC configuration ./conf_s060t20_b0706200_a_U000751000
# [2024-06-06 13:33:47] INFO: Calculated checksum: 3ef12b01
# [2024-06-06 13:33:59] INFO: Calculated checksum: f9d606e
# [2024-06-06 13:33:59] INFO: Writing RNGSTATE file: ./rand_s060t20_b0706200_a_U000751000
# [2024-06-06 13:33:59] INFO: Writing to disk took 14.768 seconds
# [2024-06-06 13:33:59] INFO: ======================================================================
# [2024-06-06 13:33:59] INFO: Start sweeping...
# [2024-06-06 13:40:53] INFO: It took 413.812 seconds to do 500 HBOR sweeps.
# [2024-06-06 13:40:53] INFO: Plaquette = 0.675129
# [2024-06-06 13:40:53] INFO: Polyakov loop = (0.00463066,-0.00101133)
# [2024-06-06 13:40:53] INFO: Writing conf to disk...
# [2024-06-06 13:40:53] INFO: writeconf_nersc: Writing NERSC configuration ./conf_s060t20_b0706200_a_U000751500
# [2024-06-06 13:40:56] INFO: Calculated checksum: b1200ebc
# [2024-06-06 13:41:02] INFO: Calculated checksum: d00946b9
# [2024-06-06 13:41:02] INFO: Writing RNGSTATE file: ./rand_s060t20_b0706200_a_U000751500
# [2024-06-06 13:41:02] INFO: Writing to disk took 8.93177 seconds
# [2024-06-06 13:41:02] INFO: ======================================================================
# [2024-06-06 13:41:02] INFO: Start sweeping...
# [2024-06-06 13:47:58] INFO: It took 415.669 seconds to do 500 HBOR sweeps.
# [2024-06-06 13:47:58] INFO: Plaquette = 0.675179
# [2024-06-06 13:47:58] INFO: Polyakov loop = (0.0061573,-0.000413671)
# [2024-06-06 13:47:58] INFO: Writing conf to disk...
# [2024-06-06 13:47:58] INFO: writeconf_nersc: Writing NERSC configuration ./conf_s060t20_b0706200_a_U000752000
# [2024-06-06 13:48:01] INFO: Calculated checksum: 36c91fe7
# [2024-06-06 13:48:05] INFO: Calculated checksum: fe92d79
# [2024-06-06 13:48:05] INFO: Writing RNGSTATE file: ./rand_s060t20_b0706200_a_U000752000
# [2024-06-06 13:48:05] INFO: Writing to disk took 7.55633 seconds
# [2024-06-06 13:48:05] INFO: ======================================================================
# [2024-06-06 13:48:05] INFO: Start sweeping...
# [2024-06-06 13:54:59] INFO: It took 414.014 seconds to do 500 HBOR sweeps.
# [2024-06-06 13:55:00] INFO: Plaquette = 0.67523
# [2024-06-06 13:55:00] INFO: Polyakov loop = (0.00405747,-0.000284159)
# [2024-06-06 13:55:00] INFO: Writing conf to disk...
# [2024-06-06 13:55:00] INFO: writeconf_nersc: Writing NERSC configuration ./conf_s060t20_b0706200_a_U000752500
# [2024-06-06 13:55:02] INFO: Calculated checksum: e3e0522a
# [2024-06-06 13:55:12] INFO: Calculated checksum: aec4251e
# [2024-06-06 13:55:12] INFO: Writing RNGSTATE file: ./rand_s060t20_b0706200_a_U000752500
# [2024-06-06 13:55:13] INFO: Writing to disk took 13.0213 seconds
# [2024-06-06 13:55:13] INFO: ======================================================================
# [2024-06-06 13:55:13] INFO: Start sweeping...
# [2024-06-06 14:02:07] INFO: It took 414.016 seconds to do 500 HBOR sweeps.
# [2024-06-06 14:02:07] INFO: Plaquette = 0.675188
# [2024-06-06 14:02:07] INFO: Polyakov loop = (0.0041619,-2.73575e-05)
# [2024-06-06 14:02:07] INFO: Writing conf to disk...
# [2024-06-06 14:02:07] INFO: writeconf_nersc: Writing NERSC configuration ./conf_s060t20_b0706200_a_U000753000
# [2024-06-06 14:02:10] INFO: Calculated checksum: 928c6f45
# [2024-06-06 14:02:14] INFO: Calculated checksum: a7679602
# [2024-06-06 14:02:14] INFO: Writing RNGSTATE file: ./rand_s060t20_b0706200_a_U000753000
# [2024-06-06 14:02:14] INFO: Writing to disk took 7.50907 seconds
# [2024-06-06 14:02:14] INFO: ======================================================================
# [2024-06-06 14:02:14] INFO: Start sweeping...
# [2024-06-06 14:09:11] INFO: It took 417 seconds to do 500 HBOR sweeps.
# [2024-06-06 14:09:11] INFO: Plaquette = 0.675165
# [2024-06-06 14:09:11] INFO: Polyakov loop = (0.00486751,0.00018676)
# [2024-06-06 14:09:11] INFO: Writing conf to disk...
# [2024-06-06 14:09:11] INFO: writeconf_nersc: Writing NERSC configuration ./conf_s060t20_b0706200_a_U000753500
# [2024-06-06 14:09:14] INFO: Calculated checksum: d872c4f2
# [2024-06-06 14:09:19] INFO: Calculated checksum: c4caabaf
# [2024-06-06 14:09:19] INFO: Writing RNGSTATE file: ./rand_s060t20_b0706200_a_U000753500
# [2024-06-06 14:09:19] INFO: Writing to disk took 7.45689 seconds
# [2024-06-06 14:09:19] INFO: ======================================================================
# [2024-06-06 14:09:19] INFO: Start sweeping...
# [2024-06-06 14:16:15] INFO: It took 416.175 seconds to do 500 HBOR sweeps.
# [2024-06-06 14:16:15] INFO: Plaquette = 0.675147
# [2024-06-06 14:16:15] INFO: Polyakov loop = (0.0055818,-0.000951859)
# [2024-06-06 14:16:15] INFO: Writing conf to disk...
# [2024-06-06 14:16:15] INFO: writeconf_nersc: Writing NERSC configuration ./conf_s060t20_b0706200_a_U000754000
# [2024-06-06 14:16:18] INFO: Calculated checksum: 953af16d
# [2024-06-06 14:16:22] INFO: Calculated checksum: f85360f1
# [2024-06-06 14:16:22] INFO: Writing RNGSTATE file: ./rand_s060t20_b0706200_a_U000754000
# [2024-06-06 14:16:22] INFO: Writing to disk took 7.47015 seconds
# [2024-06-06 14:16:22] INFO: ======================================================================
# [2024-06-06 14:16:22] INFO: Start sweeping...
# [2024-06-06 14:23:17] INFO: It took 414.743 seconds to do 500 HBOR sweeps.
# [2024-06-06 14:23:17] INFO: Plaquette = 0.675098
# [2024-06-06 14:23:17] INFO: Polyakov loop = (0.00496237,-0.000122967)
# [2024-06-06 14:23:17] INFO: Writing conf to disk...
# [2024-06-06 14:23:17] INFO: writeconf_nersc: Writing NERSC configuration ./conf_s060t20_b0706200_a_U000754500
# [2024-06-06 14:23:20] INFO: Calculated checksum: 9de86776
# [2024-06-06 14:23:25] INFO: Calculated checksum: fcb447e0
# [2024-06-06 14:23:25] INFO: Writing RNGSTATE file: ./rand_s060t20_b0706200_a_U000754500
# [2024-06-06 14:23:25] INFO: Writing to disk took 7.65488 seconds
# [2024-06-06 14:23:25] INFO: ======================================================================
# [2024-06-06 14:23:25] INFO: Start sweeping...
# [2024-06-06 14:30:18] INFO: It took 413.294 seconds to do 500 HBOR sweeps.
# [2024-06-06 14:30:18] INFO: Plaquette = 0.675113
# [2024-06-06 14:30:18] INFO: Polyakov loop = (0.00420199,-0.000384)
# [2024-06-06 14:30:18] INFO: Writing conf to disk...
# [2024-06-06 14:30:18] INFO: writeconf_nersc: Writing NERSC configuration ./conf_s060t20_b0706200_a_U000755000
# [2024-06-06 14:30:21] INFO: Calculated checksum: 92a8da01
# [2024-06-06 14:30:26] INFO: Calculated checksum: a76cc89e
# [2024-06-06 14:30:26] INFO: Writing RNGSTATE file: ./rand_s060t20_b0706200_a_U000755000
# [2024-06-06 14:30:26] INFO: Writing to disk took 7.80258 seconds
# [2024-06-06 14:30:26] INFO: ======================================================================
# [2024-06-06 14:30:26] INFO: Start sweeping...
# [2024-06-06 14:37:14] INFO: It took 408.353 seconds to do 500 HBOR sweeps.
# [2024-06-06 14:37:14] INFO: Plaquette = 0.675153
# [2024-06-06 14:37:14] INFO: Polyakov loop = (0.00420171,-0.00072959)
# [2024-06-06 14:37:14] INFO: Writing conf to disk...
# [2024-06-06 14:37:14] INFO: writeconf_nersc: Writing NERSC configuration ./conf_s060t20_b0706200_a_U000755500
# [2024-06-06 14:37:17] INFO: Calculated checksum: c93ced3
# [2024-06-06 14:37:22] INFO: Calculated checksum: fa48f07b
# [2024-06-06 14:37:22] INFO: Writing RNGSTATE file: ./rand_s060t20_b0706200_a_U000755500
# [2024-06-06 14:37:22] INFO: Writing to disk took 7.56948 seconds
# [2024-06-06 14:37:22] INFO: ======================================================================
# [2024-06-06 14:37:22] INFO: Start sweeping...
# [2024-06-06 14:44:10] INFO: It took 408.304 seconds to do 500 HBOR sweeps.
# [2024-06-06 14:44:10] INFO: Plaquette = 0.675207
# [2024-06-06 14:44:10] INFO: Polyakov loop = (0.00494163,-0.000479371)
# [2024-06-06 14:44:10] INFO: Writing conf to disk...
# [2024-06-06 14:44:10] INFO: writeconf_nersc: Writing NERSC configuration ./conf_s060t20_b0706200_a_U000756000
# [2024-06-06 14:44:13] INFO: Calculated checksum: 936435c1
# [2024-06-06 14:44:18] INFO: Calculated checksum: 21c8741f
# [2024-06-06 14:44:18] INFO: Writing RNGSTATE file: ./rand_s060t20_b0706200_a_U000756000
# [2024-06-06 14:44:18] INFO: Writing to disk took 7.38211 seconds
# [2024-06-06 14:44:18] INFO: ======================================================================
# [2024-06-06 14:44:18] INFO: Start sweeping...
# [2024-06-06 14:51:13] INFO: It took 415.105 seconds to do 500 HBOR sweeps.
# [2024-06-06 14:51:13] INFO: Plaquette = 0.67518
# [2024-06-06 14:51:13] INFO: Polyakov loop = (0.00435782,-0.000220611)
# [2024-06-06 14:51:13] INFO: Writing conf to disk...
# [2024-06-06 14:51:13] INFO: writeconf_nersc: Writing NERSC configuration ./conf_s060t20_b0706200_a_U000756500
# [2024-06-06 14:51:16] INFO: Calculated checksum: d746a2d9
# [2024-06-06 14:51:20] INFO: Calculated checksum: f5abe5dc
# [2024-06-06 14:51:20] INFO: Writing RNGSTATE file: ./rand_s060t20_b0706200_a_U000756500
# [2024-06-06 14:51:20] INFO: Writing to disk took 7.3128 seconds
# [2024-06-06 14:51:20] INFO: ======================================================================
# [2024-06-06 14:51:20] INFO: Start sweeping...
# [2024-06-06 14:58:13] INFO: It took 413.054 seconds to do 500 HBOR sweeps.
# [2024-06-06 14:58:13] INFO: Plaquette = 0.675081
# [2024-06-06 14:58:13] INFO: Polyakov loop = (0.00506477,0.00022155)
# [2024-06-06 14:58:13] INFO: Writing conf to disk...
# [2024-06-06 14:58:13] INFO: writeconf_nersc: Writing NERSC configuration ./conf_s060t20_b0706200_a_U000757000
# [2024-06-06 14:58:16] INFO: Calculated checksum: c872e7d
# [2024-06-06 14:58:21] INFO: Calculated checksum: 2666371c
# [2024-06-06 14:58:21] INFO: Writing RNGSTATE file: ./rand_s060t20_b0706200_a_U000757000
# [2024-06-06 14:58:21] INFO: Writing to disk took 7.82384 seconds
# [2024-06-06 14:58:21] INFO: ======================================================================
# [2024-06-06 14:58:21] INFO: Start sweeping...
# [2024-06-06 15:05:15] INFO: It took 413.513 seconds to do 500 HBOR sweeps.
# [2024-06-06 15:05:15] INFO: Plaquette = 0.675161
# [2024-06-06 15:05:15] INFO: Polyakov loop = (0.00450618,0.000742158)
# [2024-06-06 15:05:15] INFO: Writing conf to disk...
# [2024-06-06 15:05:15] INFO: writeconf_nersc: Writing NERSC configuration ./conf_s060t20_b0706200_a_U000757500
# [2024-06-06 15:05:18] INFO: Calculated checksum: e6f5b700
# [2024-06-06 15:05:22] INFO: Calculated checksum: a9ad0b8c
# [2024-06-06 15:05:22] INFO: Writing RNGSTATE file: ./rand_s060t20_b0706200_a_U000757500
# [2024-06-06 15:05:22] INFO: Writing to disk took 7.53668 seconds
# [2024-06-06 15:05:22] INFO: ======================================================================
# [2024-06-06 15:05:22] INFO: Start sweeping...
# [2024-06-06 15:12:16] INFO: It took 413.847 seconds to do 500 HBOR sweeps.
# [2024-06-06 15:12:16] INFO: Plaquette = 0.67516
# [2024-06-06 15:12:16] INFO: Polyakov loop = (0.00486742,0.000398506)
# [2024-06-06 15:12:16] INFO: Writing conf to disk...
# [2024-06-06 15:12:16] INFO: writeconf_nersc: Writing NERSC configuration ./conf_s060t20_b0706200_a_U000758000
# [2024-06-06 15:12:19] INFO: Calculated checksum: a9993f0c
# [2024-06-06 15:12:24] INFO: Calculated checksum: b987cbe5
# [2024-06-06 15:12:24] INFO: Writing RNGSTATE file: ./rand_s060t20_b0706200_a_U000758000
# [2024-06-06 15:12:24] INFO: Writing to disk took 7.51485 seconds
# [2024-06-06 15:12:24] INFO: ======================================================================
# [2024-06-06 15:12:24] INFO: Start sweeping...
# [2024-06-06 15:19:17] INFO: It took 413.477 seconds to do 500 HBOR sweeps.
# [2024-06-06 15:19:17] INFO: Plaquette = 0.675167
# [2024-06-06 15:19:17] INFO: Polyakov loop = (0.00371217,-0.000188042)
# [2024-06-06 15:19:17] INFO: Writing conf to disk...
# [2024-06-06 15:19:17] INFO: writeconf_nersc: Writing NERSC configuration ./conf_s060t20_b0706200_a_U000758500
# [2024-06-06 15:19:20] INFO: Calculated checksum: b4875d73
# [2024-06-06 15:19:25] INFO: Calculated checksum: 7d43b5b8
# [2024-06-06 15:19:25] INFO: Writing RNGSTATE file: ./rand_s060t20_b0706200_a_U000758500
# [2024-06-06 15:19:25] INFO: Writing to disk took 7.89358 seconds
# [2024-06-06 15:19:25] INFO: ======================================================================
# [2024-06-06 15:19:25] INFO: Start sweeping...
# [2024-06-06 15:26:16] INFO: It took 410.984 seconds to do 500 HBOR sweeps.
# [2024-06-06 15:26:16] INFO: Plaquette = 0.675189
# [2024-06-06 15:26:16] INFO: Polyakov loop = (0.00419727,6.5113e-05)
# [2024-06-06 15:26:16] INFO: Writing conf to disk...
# [2024-06-06 15:26:16] INFO: writeconf_nersc: Writing NERSC configuration ./conf_s060t20_b0706200_a_U000759000
# [2024-06-06 15:26:19] INFO: Calculated checksum: 18081ab4
# [2024-06-06 15:26:24] INFO: Calculated checksum: 7e8abe89
# [2024-06-06 15:26:24] INFO: Writing RNGSTATE file: ./rand_s060t20_b0706200_a_U000759000
# [2024-06-06 15:26:24] INFO: Writing to disk took 7.59128 seconds
# [2024-06-06 15:26:24] INFO: ======================================================================
# [2024-06-06 15:26:24] INFO: Start sweeping...
# [2024-06-06 15:33:16] INFO: It took 412.112 seconds to do 500 HBOR sweeps.
# [2024-06-06 15:33:16] INFO: Plaquette = 0.675179
# [2024-06-06 15:33:16] INFO: Polyakov loop = (0.00456591,-0.00067908)
# [2024-06-06 15:33:16] INFO: Writing conf to disk...
# [2024-06-06 15:33:16] INFO: writeconf_nersc: Writing NERSC configuration ./conf_s060t20_b0706200_a_U000759500
# [2024-06-06 15:33:19] INFO: Calculated checksum: 45bfbb92
# [2024-06-06 15:33:23] INFO: Calculated checksum: 3eef9d5b
# [2024-06-06 15:33:23] INFO: Writing RNGSTATE file: ./rand_s060t20_b0706200_a_U000759500
# [2024-06-06 15:33:23] INFO: Writing to disk took 7.53817 seconds
# [2024-06-06 15:33:23] INFO: ======================================================================
# [2024-06-06 15:33:23] INFO: Start sweeping...
# [2024-06-06 15:40:11] INFO: It took 407.67 seconds to do 500 HBOR sweeps.
# [2024-06-06 15:40:11] INFO: Plaquette = 0.675221
# [2024-06-06 15:40:11] INFO: Polyakov loop = (0.00479731,2.29822e-05)
# [2024-06-06 15:40:11] INFO: Writing conf to disk...
# [2024-06-06 15:40:11] INFO: writeconf_nersc: Writing NERSC configuration ./conf_s060t20_b0706200_a_U000760000
# [2024-06-06 15:40:14] INFO: Calculated checksum: bebd5ca7
# [2024-06-06 15:40:18] INFO: Calculated checksum: c302a4ee
# [2024-06-06 15:40:18] INFO: Writing RNGSTATE file: ./rand_s060t20_b0706200_a_U000760000
# [2024-06-06 15:40:19] INFO: Writing to disk took 7.50885 seconds
# [2024-06-06 15:40:19] INFO: ======================================================================
# [2024-06-06 15:40:19] INFO: Start sweeping...
# [2024-06-06 15:47:05] INFO: It took 406.715 seconds to do 500 HBOR sweeps.
# [2024-06-06 15:47:05] INFO: Plaquette = 0.67508
# [2024-06-06 15:47:05] INFO: Polyakov loop = (0.00490954,0.00104244)
# [2024-06-06 15:47:05] INFO: Writing conf to disk...
# [2024-06-06 15:47:05] INFO: writeconf_nersc: Writing NERSC configuration ./conf_s060t20_b0706200_a_U000760500
# [2024-06-06 15:47:08] INFO: Calculated checksum: 659dc353
# [2024-06-06 15:47:13] INFO: Calculated checksum: 98b07585
# [2024-06-06 15:47:13] INFO: Writing RNGSTATE file: ./rand_s060t20_b0706200_a_U000760500
# [2024-06-06 15:47:13] INFO: Writing to disk took 7.60187 seconds
# [2024-06-06 15:47:13] INFO: ======================================================================
# [2024-06-06 15:47:13] INFO: Start sweeping...
# [2024-06-06 15:54:00] INFO: It took 407.424 seconds to do 500 HBOR sweeps.
# [2024-06-06 15:54:00] INFO: Plaquette = 0.675194
# [2024-06-06 15:54:00] INFO: Polyakov loop = (0.00416934,0.000800845)
# [2024-06-06 15:54:00] INFO: Writing conf to disk...
# [2024-06-06 15:54:00] INFO: writeconf_nersc: Writing NERSC configuration ./conf_s060t20_b0706200_a_U000761000
# [2024-06-06 15:54:03] INFO: Calculated checksum: 7fccf885
# [2024-06-06 15:54:08] INFO: Calculated checksum: 4ff887bc
# [2024-06-06 15:54:08] INFO: Writing RNGSTATE file: ./rand_s060t20_b0706200_a_U000761000
# [2024-06-06 15:54:08] INFO: Writing to disk took 7.90707 seconds
# [2024-06-06 15:54:08] INFO: ======================================================================
# [2024-06-06 15:54:08] INFO: Start sweeping...
# [2024-06-06 16:00:57] INFO: It took 408.433 seconds to do 500 HBOR sweeps.
# [2024-06-06 16:00:57] INFO: Plaquette = 0.675196
# [2024-06-06 16:00:57] INFO: Polyakov loop = (0.00524162,-0.000782952)
# [2024-06-06 16:00:57] INFO: Writing conf to disk...
# [2024-06-06 16:00:57] INFO: writeconf_nersc: Writing NERSC configuration ./conf_s060t20_b0706200_a_U000761500
# [2024-06-06 16:01:00] INFO: Calculated checksum: 7764bde5
# [2024-06-06 16:01:04] INFO: Calculated checksum: 8bc77e9a
# [2024-06-06 16:01:04] INFO: Writing RNGSTATE file: ./rand_s060t20_b0706200_a_U000761500
# [2024-06-06 16:01:04] INFO: Writing to disk took 7.46643 seconds
# [2024-06-06 16:01:04] INFO: ======================================================================
# [2024-06-06 16:01:04] INFO: Start sweeping...
# [2024-06-06 16:07:57] INFO: It took 412.336 seconds to do 500 HBOR sweeps.
# [2024-06-06 16:07:57] INFO: Plaquette = 0.675104
# [2024-06-06 16:07:57] INFO: Polyakov loop = (0.00469605,0.000479882)
# [2024-06-06 16:07:57] INFO: Writing conf to disk...
# [2024-06-06 16:07:57] INFO: writeconf_nersc: Writing NERSC configuration ./conf_s060t20_b0706200_a_U000762000
# [2024-06-06 16:07:59] INFO: Calculated checksum: 2324aaa
# [2024-06-06 16:08:04] INFO: Calculated checksum: 3b3c85b8
# [2024-06-06 16:08:04] INFO: Writing RNGSTATE file: ./rand_s060t20_b0706200_a_U000762000
# [2024-06-06 16:08:04] INFO: Writing to disk took 7.43557 seconds
# [2024-06-06 16:08:04] INFO: ======================================================================
# [2024-06-06 16:08:04] INFO: Start sweeping...
# [2024-06-06 16:14:56] INFO: It took 411.792 seconds to do 500 HBOR sweeps.
# [2024-06-06 16:14:56] INFO: Plaquette = 0.675216
# [2024-06-06 16:14:56] INFO: Polyakov loop = (0.00474589,-0.000208999)
# [2024-06-06 16:14:56] INFO: Writing conf to disk...
# [2024-06-06 16:14:56] INFO: writeconf_nersc: Writing NERSC configuration ./conf_s060t20_b0706200_a_U000762500
# [2024-06-06 16:14:59] INFO: Calculated checksum: ab69071
# [2024-06-06 16:15:03] INFO: Calculated checksum: 1584268e
# [2024-06-06 16:15:03] INFO: Writing RNGSTATE file: ./rand_s060t20_b0706200_a_U000762500
# [2024-06-06 16:15:03] INFO: Writing to disk took 7.46577 seconds
# [2024-06-06 16:15:03] INFO: ======================================================================
# [2024-06-06 16:15:03] INFO: Start sweeping...
# [2024-06-06 16:21:56] INFO: It took 412.364 seconds to do 500 HBOR sweeps.
# [2024-06-06 16:21:56] INFO: Plaquette = 0.67517
# [2024-06-06 16:21:56] INFO: Polyakov loop = (0.00512785,-0.000192861)
# [2024-06-06 16:21:56] INFO: Writing conf to disk...
# [2024-06-06 16:21:56] INFO: writeconf_nersc: Writing NERSC configuration ./conf_s060t20_b0706200_a_U000763000
# [2024-06-06 16:21:59] INFO: Calculated checksum: 8aa2577
# [2024-06-06 16:22:03] INFO: Calculated checksum: 496c2786
# [2024-06-06 16:22:03] INFO: Writing RNGSTATE file: ./rand_s060t20_b0706200_a_U000763000
# [2024-06-06 16:22:03] INFO: Writing to disk took 7.34846 seconds
# [2024-06-06 16:22:03] INFO: ======================================================================
# [2024-06-06 16:22:03] INFO: Start sweeping...
# [2024-06-06 16:28:55] INFO: It took 411.697 seconds to do 500 HBOR sweeps.
# [2024-06-06 16:28:55] INFO: Plaquette = 0.675179
# [2024-06-06 16:28:55] INFO: Polyakov loop = (0.00415169,5.46062e-05)
# [2024-06-06 16:28:55] INFO: Writing conf to disk...
# [2024-06-06 16:28:55] INFO: writeconf_nersc: Writing NERSC configuration ./conf_s060t20_b0706200_a_U000763500
# [2024-06-06 16:28:58] INFO: Calculated checksum: 189565ed
# [2024-06-06 16:29:04] INFO: Calculated checksum: bd7d0a47
# [2024-06-06 16:29:04] INFO: Writing RNGSTATE file: ./rand_s060t20_b0706200_a_U000763500
# [2024-06-06 16:29:04] INFO: Writing to disk took 9.34303 seconds
# [2024-06-06 16:29:04] INFO: ======================================================================
# [2024-06-06 16:29:04] INFO: Start sweeping...
# [2024-06-06 16:35:56] INFO: It took 412.113 seconds to do 500 HBOR sweeps.
# [2024-06-06 16:35:56] INFO: Plaquette = 0.675106
# [2024-06-06 16:35:56] INFO: Polyakov loop = (0.00397818,-0.000485752)
# [2024-06-06 16:35:56] INFO: Writing conf to disk...
# [2024-06-06 16:35:56] INFO: writeconf_nersc: Writing NERSC configuration ./conf_s060t20_b0706200_a_U000764000
# [2024-06-06 16:35:59] INFO: Calculated checksum: ba62f110
# [2024-06-06 16:36:04] INFO: Calculated checksum: 2d1e63f3
# [2024-06-06 16:36:04] INFO: Writing RNGSTATE file: ./rand_s060t20_b0706200_a_U000764000
# [2024-06-06 16:36:04] INFO: Writing to disk took 7.88381 seconds
# [2024-06-06 16:36:04] INFO: ======================================================================
# [2024-06-06 16:36:04] INFO: Start sweeping...
# [2024-06-06 16:42:52] INFO: It took 407.883 seconds to do 500 HBOR sweeps.
# [2024-06-06 16:42:52] INFO: Plaquette = 0.67514
# [2024-06-06 16:42:52] INFO: Polyakov loop = (0.00404684,0.000422829)
# [2024-06-06 16:42:52] INFO: Writing conf to disk...
# [2024-06-06 16:42:52] INFO: writeconf_nersc: Writing NERSC configuration ./conf_s060t20_b0706200_a_U000764500
# [2024-06-06 16:42:55] INFO: Calculated checksum: e02d80a9
# [2024-06-06 16:43:00] INFO: Calculated checksum: 5b3845eb
# [2024-06-06 16:43:00] INFO: Writing RNGSTATE file: ./rand_s060t20_b0706200_a_U000764500
# [2024-06-06 16:43:00] INFO: Writing to disk took 8.11946 seconds
# [2024-06-06 16:43:00] INFO: ======================================================================
# [2024-06-06 16:43:00] INFO: Start sweeping...
# [2024-06-06 16:49:52] INFO: It took 412.043 seconds to do 500 HBOR sweeps.
# [2024-06-06 16:49:52] INFO: Plaquette = 0.675171
# [2024-06-06 16:49:52] INFO: Polyakov loop = (0.0057636,0.000757656)
# [2024-06-06 16:49:52] INFO: Writing conf to disk...
# [2024-06-06 16:49:52] INFO: writeconf_nersc: Writing NERSC configuration ./conf_s060t20_b0706200_a_U000765000
# [2024-06-06 16:49:55] INFO: Calculated checksum: 674e62bf
# [2024-06-06 16:50:00] INFO: Calculated checksum: 3e411498
# [2024-06-06 16:50:00] INFO: Writing RNGSTATE file: ./rand_s060t20_b0706200_a_U000765000
# [2024-06-06 16:50:00] INFO: Writing to disk took 7.78248 seconds
# [2024-06-06 16:50:00] INFO: ======================================================================
# [2024-06-06 16:50:00] INFO: Start sweeping...
# [2024-06-06 16:56:47] INFO: It took 407.123 seconds to do 500 HBOR sweeps.
# [2024-06-06 16:56:47] INFO: Plaquette = 0.675228
# [2024-06-06 16:56:47] INFO: Polyakov loop = (0.0050561,0.000395445)
# [2024-06-06 16:56:47] INFO: Writing conf to disk...
# [2024-06-06 16:56:47] INFO: writeconf_nersc: Writing NERSC configuration ./conf_s060t20_b0706200_a_U000765500
# [2024-06-06 16:56:50] INFO: Calculated checksum: a58d045a
# [2024-06-06 16:56:55] INFO: Calculated checksum: 4e3c0e31
# [2024-06-06 16:56:55] INFO: Writing RNGSTATE file: ./rand_s060t20_b0706200_a_U000765500
# [2024-06-06 16:56:55] INFO: Writing to disk took 7.59443 seconds
# [2024-06-06 16:56:55] INFO: ======================================================================
# [2024-06-06 16:56:55] INFO: Start sweeping...
# [2024-06-06 17:03:42] INFO: It took 407.113 seconds to do 500 HBOR sweeps.
# [2024-06-06 17:03:42] INFO: Plaquette = 0.675162
# [2024-06-06 17:03:42] INFO: Polyakov loop = (0.00439531,0.000136003)
# [2024-06-06 17:03:42] INFO: Writing conf to disk...
# [2024-06-06 17:03:42] INFO: writeconf_nersc: Writing NERSC configuration ./conf_s060t20_b0706200_a_U000766000
# [2024-06-06 17:03:45] INFO: Calculated checksum: 9abda1eb
# [2024-06-06 17:03:50] INFO: Calculated checksum: 9b11071c
# [2024-06-06 17:03:50] INFO: Writing RNGSTATE file: ./rand_s060t20_b0706200_a_U000766000
# [2024-06-06 17:03:50] INFO: Writing to disk took 7.89961 seconds
# [2024-06-06 17:03:50] INFO: ======================================================================
# [2024-06-06 17:03:50] INFO: Start sweeping...
# [2024-06-06 17:10:42] INFO: It took 412.009 seconds to do 500 HBOR sweeps.
# [2024-06-06 17:10:42] INFO: Plaquette = 0.675179
# [2024-06-06 17:10:42] INFO: Polyakov loop = (0.00548731,4.90144e-05)
# [2024-06-06 17:10:42] INFO: Writing conf to disk...
# [2024-06-06 17:10:42] INFO: writeconf_nersc: Writing NERSC configuration ./conf_s060t20_b0706200_a_U000766500
# [2024-06-06 17:10:45] INFO: Calculated checksum: c4eeb03e
# [2024-06-06 17:10:49] INFO: Calculated checksum: 62f9b4c
# [2024-06-06 17:10:49] INFO: Writing RNGSTATE file: ./rand_s060t20_b0706200_a_U000766500
# [2024-06-06 17:10:49] INFO: Writing to disk took 7.41176 seconds
# [2024-06-06 17:10:49] INFO: ======================================================================
# [2024-06-06 17:10:49] INFO: Start sweeping...
# [2024-06-06 17:17:41] INFO: It took 411.512 seconds to do 500 HBOR sweeps.
# [2024-06-06 17:17:41] INFO: Plaquette = 0.67506
# [2024-06-06 17:17:41] INFO: Polyakov loop = (0.00499687,-0.000344971)
# [2024-06-06 17:17:41] INFO: Writing conf to disk...
# [2024-06-06 17:17:41] INFO: writeconf_nersc: Writing NERSC configuration ./conf_s060t20_b0706200_a_U000767000
# [2024-06-06 17:17:44] INFO: Calculated checksum: 33a3b1b3
# [2024-06-06 17:17:48] INFO: Calculated checksum: 13853968
# [2024-06-06 17:17:48] INFO: Writing RNGSTATE file: ./rand_s060t20_b0706200_a_U000767000
# [2024-06-06 17:17:48] INFO: Writing to disk took 7.46031 seconds
# [2024-06-06 17:17:48] INFO: ======================================================================
# [2024-06-06 17:17:48] INFO: Start sweeping...
# [2024-06-06 17:24:41] INFO: It took 412.632 seconds to do 500 HBOR sweeps.
# [2024-06-06 17:24:41] INFO: Plaquette = 0.675253
# [2024-06-06 17:24:41] INFO: Polyakov loop = (0.0058726,-0.000468637)
# [2024-06-06 17:24:41] INFO: Writing conf to disk...
# [2024-06-06 17:24:41] INFO: writeconf_nersc: Writing NERSC configuration ./conf_s060t20_b0706200_a_U000767500
# [2024-06-06 17:24:44] INFO: Calculated checksum: 99488a53
# [2024-06-06 17:24:48] INFO: Calculated checksum: 85195662
# [2024-06-06 17:24:48] INFO: Writing RNGSTATE file: ./rand_s060t20_b0706200_a_U000767500
# [2024-06-06 17:24:49] INFO: Writing to disk took 7.38403 seconds
# [2024-06-06 17:24:49] INFO: ======================================================================
# [2024-06-06 17:24:49] INFO: Start sweeping...
# [2024-06-06 17:31:41] INFO: It took 412.744 seconds to do 500 HBOR sweeps.
# [2024-06-06 17:31:41] INFO: Plaquette = 0.675092
# [2024-06-06 17:31:41] INFO: Polyakov loop = (0.00307712,-0.00018417)
# [2024-06-06 17:31:41] INFO: Writing conf to disk...
# [2024-06-06 17:31:41] INFO: writeconf_nersc: Writing NERSC configuration ./conf_s060t20_b0706200_a_U000768000
# [2024-06-06 17:31:44] INFO: Calculated checksum: ed74078d
# [2024-06-06 17:31:49] INFO: Calculated checksum: aa6b7a11
# [2024-06-06 17:31:49] INFO: Writing RNGSTATE file: ./rand_s060t20_b0706200_a_U000768000
# [2024-06-06 17:31:49] INFO: Writing to disk took 7.36321 seconds
# [2024-06-06 17:31:49] INFO: ======================================================================
# [2024-06-06 17:31:49] INFO: Start sweeping...
# [2024-06-06 17:38:41] INFO: It took 412.699 seconds to do 500 HBOR sweeps.
# [2024-06-06 17:38:41] INFO: Plaquette = 0.675148
# [2024-06-06 17:38:41] INFO: Polyakov loop = (0.00429809,0.000128133)
# [2024-06-06 17:38:41] INFO: Writing conf to disk...
# [2024-06-06 17:38:41] INFO: writeconf_nersc: Writing NERSC configuration ./conf_s060t20_b0706200_a_U000768500
# [2024-06-06 17:38:44] INFO: Calculated checksum: 5da9acf0
# [2024-06-06 17:38:49] INFO: Calculated checksum: f26fd73d
# [2024-06-06 17:38:49] INFO: Writing RNGSTATE file: ./rand_s060t20_b0706200_a_U000768500
# [2024-06-06 17:38:49] INFO: Writing to disk took 7.38101 seconds
# [2024-06-06 17:38:49] INFO: ======================================================================
# [2024-06-06 17:38:49] INFO: Start sweeping...
# [2024-06-06 17:45:42] INFO: It took 412.979 seconds to do 500 HBOR sweeps.
# [2024-06-06 17:45:42] INFO: Plaquette = 0.675126
# [2024-06-06 17:45:42] INFO: Polyakov loop = (0.00455599,-0.0013776)
# [2024-06-06 17:45:42] INFO: Writing conf to disk...
# [2024-06-06 17:45:42] INFO: writeconf_nersc: Writing NERSC configuration ./conf_s060t20_b0706200_a_U000769000
# [2024-06-06 17:45:45] INFO: Calculated checksum: c3c146b4
# [2024-06-06 17:45:49] INFO: Calculated checksum: 30aac2cf
# [2024-06-06 17:45:49] INFO: Writing RNGSTATE file: ./rand_s060t20_b0706200_a_U000769000
# [2024-06-06 17:45:49] INFO: Writing to disk took 7.49516 seconds
# [2024-06-06 17:45:49] INFO: ======================================================================
# [2024-06-06 17:45:49] INFO: Start sweeping...
# [2024-06-06 17:52:40] INFO: It took 410.151 seconds to do 500 HBOR sweeps.
# [2024-06-06 17:52:40] INFO: Plaquette = 0.675196
# [2024-06-06 17:52:40] INFO: Polyakov loop = (0.00368115,-8.45807e-05)
# [2024-06-06 17:52:40] INFO: Writing conf to disk...
# [2024-06-06 17:52:40] INFO: writeconf_nersc: Writing NERSC configuration ./conf_s060t20_b0706200_a_U000769500
# [2024-06-06 17:52:42] INFO: Calculated checksum: cb0bc285
# [2024-06-06 17:52:47] INFO: Calculated checksum: 76bdf72d
# [2024-06-06 17:52:47] INFO: Writing RNGSTATE file: ./rand_s060t20_b0706200_a_U000769500
# [2024-06-06 17:52:47] INFO: Writing to disk took 7.38912 seconds
# [2024-06-06 17:52:47] INFO: ======================================================================
# [2024-06-06 17:52:47] INFO: Start sweeping...
# [2024-06-06 17:59:39] INFO: It took 411.594 seconds to do 500 HBOR sweeps.
# [2024-06-06 17:59:39] INFO: Plaquette = 0.67515
# [2024-06-06 17:59:39] INFO: Polyakov loop = (0.00614694,7.03922e-05)
# [2024-06-06 17:59:39] INFO: Writing conf to disk...
# [2024-06-06 17:59:39] INFO: writeconf_nersc: Writing NERSC configuration ./conf_s060t20_b0706200_a_U000770000
# [2024-06-06 17:59:41] INFO: Calculated checksum: c78e2c33
# [2024-06-06 17:59:46] INFO: Calculated checksum: 36d0dc10
# [2024-06-06 17:59:46] INFO: Writing RNGSTATE file: ./rand_s060t20_b0706200_a_U000770000
# [2024-06-06 17:59:46] INFO: Writing to disk took 7.40962 seconds
# [2024-06-06 17:59:46] INFO: ======================================================================
# [2024-06-06 17:59:46] INFO: Start sweeping...
# [2024-06-06 18:06:39] INFO: It took 412.755 seconds to do 500 HBOR sweeps.
# [2024-06-06 18:06:39] INFO: Plaquette = 0.675111
# [2024-06-06 18:06:39] INFO: Polyakov loop = (0.00462022,-0.000238585)
# [2024-06-06 18:06:39] INFO: Writing conf to disk...
# [2024-06-06 18:06:39] INFO: writeconf_nersc: Writing NERSC configuration ./conf_s060t20_b0706200_a_U000770500
# [2024-06-06 18:06:42] INFO: Calculated checksum: bc3a89e0
# [2024-06-06 18:06:46] INFO: Calculated checksum: d56aa956
# [2024-06-06 18:06:46] INFO: Writing RNGSTATE file: ./rand_s060t20_b0706200_a_U000770500
# [2024-06-06 18:06:46] INFO: Writing to disk took 7.36854 seconds
# [2024-06-06 18:06:46] INFO: ======================================================================
# [2024-06-06 18:06:46] INFO: Start sweeping...
# [2024-06-06 18:13:39] INFO: It took 412.45 seconds to do 500 HBOR sweeps.
# [2024-06-06 18:13:39] INFO: Plaquette = 0.67517
# [2024-06-06 18:13:39] INFO: Polyakov loop = (0.00446717,-0.000620707)
# [2024-06-06 18:13:39] INFO: Writing conf to disk...
# [2024-06-06 18:13:39] INFO: writeconf_nersc: Writing NERSC configuration ./conf_s060t20_b0706200_a_U000771000
# [2024-06-06 18:13:41] INFO: Calculated checksum: d1c5ca69
# [2024-06-06 18:13:46] INFO: Calculated checksum: 777834bc
# [2024-06-06 18:13:46] INFO: Writing RNGSTATE file: ./rand_s060t20_b0706200_a_U000771000
# [2024-06-06 18:13:46] INFO: Writing to disk took 7.66603 seconds
# [2024-06-06 18:13:46] INFO: ======================================================================
# [2024-06-06 18:13:46] INFO: Start sweeping...
# [2024-06-06 18:20:39] INFO: It took 412.431 seconds to do 500 HBOR sweeps.
# [2024-06-06 18:20:39] INFO: Plaquette = 0.675159
# [2024-06-06 18:20:39] INFO: Polyakov loop = (0.00462565,-0.000149942)
# [2024-06-06 18:20:39] INFO: Writing conf to disk...
# [2024-06-06 18:20:39] INFO: writeconf_nersc: Writing NERSC configuration ./conf_s060t20_b0706200_a_U000771500
# [2024-06-06 18:20:42] INFO: Calculated checksum: 749c435f
# [2024-06-06 18:20:46] INFO: Calculated checksum: 412162a8
# [2024-06-06 18:20:46] INFO: Writing RNGSTATE file: ./rand_s060t20_b0706200_a_U000771500
# [2024-06-06 18:20:46] INFO: Writing to disk took 7.3536 seconds
# [2024-06-06 18:20:46] INFO: ======================================================================
# [2024-06-06 18:20:46] INFO: Start sweeping...
# [2024-06-06 18:27:38] INFO: It took 412.002 seconds to do 500 HBOR sweeps.
# [2024-06-06 18:27:38] INFO: Plaquette = 0.675137
# [2024-06-06 18:27:38] INFO: Polyakov loop = (0.00511104,0.000558995)
# [2024-06-06 18:27:38] INFO: Writing conf to disk...
# [2024-06-06 18:27:38] INFO: writeconf_nersc: Writing NERSC configuration ./conf_s060t20_b0706200_a_U000772000
# [2024-06-06 18:27:41] INFO: Calculated checksum: 11a0cacc
# [2024-06-06 18:27:45] INFO: Calculated checksum: 9b0571ff
# [2024-06-06 18:27:45] INFO: Writing RNGSTATE file: ./rand_s060t20_b0706200_a_U000772000
# [2024-06-06 18:27:46] INFO: Writing to disk took 7.39425 seconds
# [2024-06-06 18:27:46] INFO: ======================================================================
# [2024-06-06 18:27:46] INFO: Start sweeping...
# [2024-06-06 18:34:35] INFO: It took 409.214 seconds to do 500 HBOR sweeps.
# [2024-06-06 18:34:35] INFO: Plaquette = 0.675174
# [2024-06-06 18:34:35] INFO: Polyakov loop = (0.00531384,0.000224282)
# [2024-06-06 18:34:35] INFO: Writing conf to disk...
# [2024-06-06 18:34:35] INFO: writeconf_nersc: Writing NERSC configuration ./conf_s060t20_b0706200_a_U000772500
# [2024-06-06 18:34:38] INFO: Calculated checksum: 556ba7f
# [2024-06-06 18:34:42] INFO: Calculated checksum: 80efb9e8
# [2024-06-06 18:34:42] INFO: Writing RNGSTATE file: ./rand_s060t20_b0706200_a_U000772500
# [2024-06-06 18:34:42] INFO: Writing to disk took 7.39559 seconds
# [2024-06-06 18:34:42] INFO: ======================================================================
# [2024-06-06 18:34:42] INFO: Start sweeping...
# [2024-06-06 18:41:34] INFO: It took 411.734 seconds to do 500 HBOR sweeps.
# [2024-06-06 18:41:34] INFO: Plaquette = 0.675131
# [2024-06-06 18:41:34] INFO: Polyakov loop = (0.00374392,-0.000647428)
# [2024-06-06 18:41:34] INFO: Writing conf to disk...
# [2024-06-06 18:41:34] INFO: writeconf_nersc: Writing NERSC configuration ./conf_s060t20_b0706200_a_U000773000
# [2024-06-06 18:41:37] INFO: Calculated checksum: 1fa39fa0
# [2024-06-06 18:41:41] INFO: Calculated checksum: 456637c0
# [2024-06-06 18:41:41] INFO: Writing RNGSTATE file: ./rand_s060t20_b0706200_a_U000773000
# [2024-06-06 18:41:41] INFO: Writing to disk took 7.35489 seconds
# [2024-06-06 18:41:41] INFO: ======================================================================
# [2024-06-06 18:41:41] INFO: Start sweeping...
# [2024-06-06 18:48:35] INFO: It took 413.49 seconds to do 500 HBOR sweeps.
# [2024-06-06 18:48:35] INFO: Plaquette = 0.675276
# [2024-06-06 18:48:35] INFO: Polyakov loop = (0.00495861,1.62013e-05)
# [2024-06-06 18:48:35] INFO: Writing conf to disk...
# [2024-06-06 18:48:35] INFO: writeconf_nersc: Writing NERSC configuration ./conf_s060t20_b0706200_a_U000773500
# [2024-06-06 18:48:38] INFO: Calculated checksum: 9bb2bd2b
# [2024-06-06 18:48:42] INFO: Calculated checksum: b207b408
# [2024-06-06 18:48:42] INFO: Writing RNGSTATE file: ./rand_s060t20_b0706200_a_U000773500
# [2024-06-06 18:48:42] INFO: Writing to disk took 7.5281 seconds
# [2024-06-06 18:48:42] INFO: ======================================================================
# [2024-06-06 18:48:42] INFO: Start sweeping...
# [2024-06-06 18:55:36] INFO: It took 413.368 seconds to do 500 HBOR sweeps.
# [2024-06-06 18:55:36] INFO: Plaquette = 0.675183
# [2024-06-06 18:55:36] INFO: Polyakov loop = (0.00411343,0.000686447)
# [2024-06-06 18:55:36] INFO: Writing conf to disk...
# [2024-06-06 18:55:36] INFO: writeconf_nersc: Writing NERSC configuration ./conf_s060t20_b0706200_a_U000774000
# [2024-06-06 18:55:39] INFO: Calculated checksum: 784e3a39
# [2024-06-06 18:55:43] INFO: Calculated checksum: b2f33186
# [2024-06-06 18:55:43] INFO: Writing RNGSTATE file: ./rand_s060t20_b0706200_a_U000774000
# [2024-06-06 18:55:43] INFO: Writing to disk took 7.56229 seconds
# [2024-06-06 18:55:43] INFO: ======================================================================
# [2024-06-06 18:55:43] INFO: Start sweeping...
# [2024-06-06 19:02:36] INFO: It took 413.033 seconds to do 500 HBOR sweeps.
# [2024-06-06 19:02:37] INFO: Plaquette = 0.675249
# [2024-06-06 19:02:37] INFO: Polyakov loop = (0.00346828,-0.000450661)
# [2024-06-06 19:02:37] INFO: Writing conf to disk...
# [2024-06-06 19:02:37] INFO: writeconf_nersc: Writing NERSC configuration ./conf_s060t20_b0706200_a_U000774500
# [2024-06-06 19:02:39] INFO: Calculated checksum: e33890c4
# [2024-06-06 19:02:44] INFO: Calculated checksum: b1885a82
# [2024-06-06 19:02:44] INFO: Writing RNGSTATE file: ./rand_s060t20_b0706200_a_U000774500
# [2024-06-06 19:02:44] INFO: Writing to disk took 7.35644 seconds
# [2024-06-06 19:02:44] INFO: ======================================================================
# [2024-06-06 19:02:44] INFO: Start sweeping...
# [2024-06-06 19:09:37] INFO: It took 412.813 seconds to do 500 HBOR sweeps.
# [2024-06-06 19:09:37] INFO: Plaquette = 0.6752
# [2024-06-06 19:09:37] INFO: Polyakov loop = (0.0040759,-0.000355722)
# [2024-06-06 19:09:37] INFO: Writing conf to disk...
# [2024-06-06 19:09:37] INFO: writeconf_nersc: Writing NERSC configuration ./conf_s060t20_b0706200_a_U000775000
# [2024-06-06 19:09:40] INFO: Calculated checksum: 56dacf09
# [2024-06-06 19:09:44] INFO: Calculated checksum: d50b6bf3
# [2024-06-06 19:09:44] INFO: Writing RNGSTATE file: ./rand_s060t20_b0706200_a_U000775000
# [2024-06-06 19:09:44] INFO: Writing to disk took 7.65241 seconds
# [2024-06-06 19:09:44] INFO: ======================================================================
# [2024-06-06 19:09:44] INFO: Start sweeping...
# [2024-06-06 19:16:38] INFO: It took 413.269 seconds to do 500 HBOR sweeps.
# [2024-06-06 19:16:38] INFO: Plaquette = 0.675188
# [2024-06-06 19:16:38] INFO: Polyakov loop = (0.00445175,-0.00016789)
# [2024-06-06 19:16:38] INFO: Writing conf to disk...
# [2024-06-06 19:16:38] INFO: writeconf_nersc: Writing NERSC configuration ./conf_s060t20_b0706200_a_U000775500
# [2024-06-06 19:16:41] INFO: Calculated checksum: f45c9320
# [2024-06-06 19:16:45] INFO: Calculated checksum: 50c1f81
# [2024-06-06 19:16:45] INFO: Writing RNGSTATE file: ./rand_s060t20_b0706200_a_U000775500
# [2024-06-06 19:16:45] INFO: Writing to disk took 7.49718 seconds
# [2024-06-06 19:16:45] INFO: ======================================================================
# [2024-06-06 19:16:45] INFO: Start sweeping...
# [2024-06-06 19:23:35] INFO: It took 409.632 seconds to do 500 HBOR sweeps.
# [2024-06-06 19:23:35] INFO: Plaquette = 0.675123
# [2024-06-06 19:23:35] INFO: Polyakov loop = (0.00480498,-0.000155093)
# [2024-06-06 19:23:35] INFO: Writing conf to disk...
# [2024-06-06 19:23:35] INFO: writeconf_nersc: Writing NERSC configuration ./conf_s060t20_b0706200_a_U000776000
# [2024-06-06 19:23:38] INFO: Calculated checksum: ad95ae52
# [2024-06-06 19:23:42] INFO: Calculated checksum: 269da9a1
# [2024-06-06 19:23:42] INFO: Writing RNGSTATE file: ./rand_s060t20_b0706200_a_U000776000
# [2024-06-06 19:23:42] INFO: Writing to disk took 7.53137 seconds
# [2024-06-06 19:23:42] INFO: ======================================================================
# [2024-06-06 19:23:42] INFO: Start sweeping...
# [2024-06-06 19:30:33] INFO: It took 410.394 seconds to do 500 HBOR sweeps.
# [2024-06-06 19:30:33] INFO: Plaquette = 0.675023
# [2024-06-06 19:30:33] INFO: Polyakov loop = (0.00503829,0.000570329)
# [2024-06-06 19:30:33] INFO: Writing conf to disk...
# [2024-06-06 19:30:33] INFO: writeconf_nersc: Writing NERSC configuration ./conf_s060t20_b0706200_a_U000776500
# [2024-06-06 19:30:36] INFO: Calculated checksum: 99ba5a31
# [2024-06-06 19:30:40] INFO: Calculated checksum: b20fc02e
# [2024-06-06 19:30:40] INFO: Writing RNGSTATE file: ./rand_s060t20_b0706200_a_U000776500
# [2024-06-06 19:30:40] INFO: Writing to disk took 7.35695 seconds
# [2024-06-06 19:30:40] INFO: ======================================================================
# [2024-06-06 19:30:40] INFO: Start sweeping...
# [2024-06-06 19:37:30] INFO: It took 410.181 seconds to do 500 HBOR sweeps.
# [2024-06-06 19:37:30] INFO: Plaquette = 0.675174
# [2024-06-06 19:37:30] INFO: Polyakov loop = (0.0046573,-0.000493763)
# [2024-06-06 19:37:30] INFO: Writing conf to disk...
# [2024-06-06 19:37:30] INFO: writeconf_nersc: Writing NERSC configuration ./conf_s060t20_b0706200_a_U000777000
# [2024-06-06 19:37:33] INFO: Calculated checksum: 63cd9f91
# [2024-06-06 19:37:38] INFO: Calculated checksum: 62d67611
# [2024-06-06 19:37:38] INFO: Writing RNGSTATE file: ./rand_s060t20_b0706200_a_U000777000
# [2024-06-06 19:37:38] INFO: Writing to disk took 7.50318 seconds
# [2024-06-06 19:37:38] INFO: ======================================================================
# [2024-06-06 19:37:38] INFO: Start sweeping...
# [2024-06-06 19:44:31] INFO: It took 413.073 seconds to do 500 HBOR sweeps.
# [2024-06-06 19:44:31] INFO: Plaquette = 0.675126
# [2024-06-06 19:44:31] INFO: Polyakov loop = (0.0046232,0.00102387)
# [2024-06-06 19:44:31] INFO: Writing conf to disk...
# [2024-06-06 19:44:31] INFO: writeconf_nersc: Writing NERSC configuration ./conf_s060t20_b0706200_a_U000777500
# [2024-06-06 19:44:34] INFO: Calculated checksum: fc0b2006
# [2024-06-06 19:44:38] INFO: Calculated checksum: 3be35963
# [2024-06-06 19:44:38] INFO: Writing RNGSTATE file: ./rand_s060t20_b0706200_a_U000777500
# [2024-06-06 19:44:38] INFO: Writing to disk took 7.40665 seconds
# [2024-06-06 19:44:38] INFO: ======================================================================
# [2024-06-06 19:44:38] INFO: Start sweeping...
# [2024-06-06 19:51:30] INFO: It took 411.312 seconds to do 500 HBOR sweeps.
# [2024-06-06 19:51:30] INFO: Plaquette = 0.675137
# [2024-06-06 19:51:30] INFO: Polyakov loop = (0.00387732,0.000322771)
# [2024-06-06 19:51:30] INFO: Writing conf to disk...
# [2024-06-06 19:51:30] INFO: writeconf_nersc: Writing NERSC configuration ./conf_s060t20_b0706200_a_U000778000
# [2024-06-06 19:51:33] INFO: Calculated checksum: d1d72d94
# [2024-06-06 19:51:37] INFO: Calculated checksum: 9b02ce4e
# [2024-06-06 19:51:37] INFO: Writing RNGSTATE file: ./rand_s060t20_b0706200_a_U000778000
# [2024-06-06 19:51:37] INFO: Writing to disk took 7.01103 seconds
# [2024-06-06 19:51:37] INFO: ======================================================================
# [2024-06-06 19:51:37] INFO: Start sweeping...
# [2024-06-06 19:58:23] INFO: It took 406.534 seconds to do 500 HBOR sweeps.
# [2024-06-06 19:58:23] INFO: Plaquette = 0.675156
# [2024-06-06 19:58:23] INFO: Polyakov loop = (0.00491731,-0.000403017)
# [2024-06-06 19:58:23] INFO: Writing conf to disk...
# [2024-06-06 19:58:23] INFO: writeconf_nersc: Writing NERSC configuration ./conf_s060t20_b0706200_a_U000778500
# [2024-06-06 19:58:26] INFO: Calculated checksum: 32ce6cc3
# [2024-06-06 19:58:31] INFO: Calculated checksum: d4719f29
# [2024-06-06 19:58:31] INFO: Writing RNGSTATE file: ./rand_s060t20_b0706200_a_U000778500
# [2024-06-06 19:58:31] INFO: Writing to disk took 7.37557 seconds
# [2024-06-06 19:58:31] INFO: ======================================================================
# [2024-06-06 19:58:31] INFO: Start sweeping...
# [2024-06-06 20:05:22] INFO: It took 410.927 seconds to do 500 HBOR sweeps.
# [2024-06-06 20:05:22] INFO: Plaquette = 0.675136
# [2024-06-06 20:05:22] INFO: Polyakov loop = (0.00567485,-0.000743438)
# [2024-06-06 20:05:22] INFO: Writing conf to disk...
# [2024-06-06 20:05:22] INFO: writeconf_nersc: Writing NERSC configuration ./conf_s060t20_b0706200_a_U000779000
# [2024-06-06 20:05:25] INFO: Calculated checksum: efe1a924
# [2024-06-06 20:05:29] INFO: Calculated checksum: ff22765e
# [2024-06-06 20:05:29] INFO: Writing RNGSTATE file: ./rand_s060t20_b0706200_a_U000779000
# [2024-06-06 20:05:30] INFO: Writing to disk took 7.70986 seconds
# [2024-06-06 20:05:30] INFO: ======================================================================
# [2024-06-06 20:05:30] INFO: Start sweeping...
# [2024-06-06 20:12:21] INFO: It took 411.387 seconds to do 500 HBOR sweeps.
# [2024-06-06 20:12:21] INFO: Plaquette = 0.675219
# [2024-06-06 20:12:21] INFO: Polyakov loop = (0.00401109,-0.000865609)
# [2024-06-06 20:12:21] INFO: Writing conf to disk...
# [2024-06-06 20:12:21] INFO: writeconf_nersc: Writing NERSC configuration ./conf_s060t20_b0706200_a_U000779500
# [2024-06-06 20:12:24] INFO: Calculated checksum: 6b16e394
# [2024-06-06 20:12:28] INFO: Calculated checksum: ebd82c87
# [2024-06-06 20:12:28] INFO: Writing RNGSTATE file: ./rand_s060t20_b0706200_a_U000779500
# [2024-06-06 20:12:28] INFO: Writing to disk took 7.50466 seconds
# [2024-06-06 20:12:28] INFO: ======================================================================
# [2024-06-06 20:12:28] INFO: Start sweeping...
# [2024-06-06 20:19:21] INFO: It took 412.86 seconds to do 500 HBOR sweeps.
# [2024-06-06 20:19:21] INFO: Plaquette = 0.67514
# [2024-06-06 20:19:21] INFO: Polyakov loop = (0.00516426,-0.000480849)
# [2024-06-06 20:19:21] INFO: Writing conf to disk...
# [2024-06-06 20:19:21] INFO: writeconf_nersc: Writing NERSC configuration ./conf_s060t20_b0706200_a_U000780000
# [2024-06-06 20:19:24] INFO: Calculated checksum: 714dd3a7
# [2024-06-06 20:19:30] INFO: Calculated checksum: f7d6ba48
# [2024-06-06 20:19:30] INFO: Writing RNGSTATE file: ./rand_s060t20_b0706200_a_U000780000
# [2024-06-06 20:19:30] INFO: Writing to disk took 8.44243 seconds
# [2024-06-06 20:19:30] INFO: ======================================================================
# [2024-06-06 20:19:30] INFO: Start sweeping...
# [2024-06-06 20:26:21] INFO: It took 411.587 seconds to do 500 HBOR sweeps.
# [2024-06-06 20:26:21] INFO: Plaquette = 0.675184
# [2024-06-06 20:26:21] INFO: Polyakov loop = (0.00465368,0.000851039)
# [2024-06-06 20:26:21] INFO: Writing conf to disk...
# [2024-06-06 20:26:21] INFO: writeconf_nersc: Writing NERSC configuration ./conf_s060t20_b0706200_a_U000780500
# [2024-06-06 20:26:24] INFO: Calculated checksum: 62a6ac3c
# [2024-06-06 20:26:29] INFO: Calculated checksum: cf5f256a
# [2024-06-06 20:26:29] INFO: Writing RNGSTATE file: ./rand_s060t20_b0706200_a_U000780500
# [2024-06-06 20:26:29] INFO: Writing to disk took 8.04654 seconds
# [2024-06-06 20:26:29] INFO: ======================================================================
# [2024-06-06 20:26:29] INFO: Start sweeping...
# [2024-06-06 20:33:17] INFO: It took 407.81 seconds to do 500 HBOR sweeps.
# [2024-06-06 20:33:17] INFO: Plaquette = 0.675147
# [2024-06-06 20:33:17] INFO: Polyakov loop = (0.00414617,0.000394915)
# [2024-06-06 20:33:17] INFO: Writing conf to disk...
# [2024-06-06 20:33:17] INFO: writeconf_nersc: Writing NERSC configuration ./conf_s060t20_b0706200_a_U000781000
# [2024-06-06 20:33:20] INFO: Calculated checksum: 3c9d2101
# [2024-06-06 20:33:25] INFO: Calculated checksum: 89da7bc
# [2024-06-06 20:33:25] INFO: Writing RNGSTATE file: ./rand_s060t20_b0706200_a_U000781000
# [2024-06-06 20:33:25] INFO: Writing to disk took 7.45422 seconds
# [2024-06-06 20:33:25] INFO: ======================================================================
# [2024-06-06 20:33:25] INFO: Start sweeping...
# [2024-06-06 20:40:13] INFO: It took 408.014 seconds to do 500 HBOR sweeps.
# [2024-06-06 20:40:13] INFO: Plaquette = 0.675123
# [2024-06-06 20:40:13] INFO: Polyakov loop = (0.00456717,-0.00079692)
# [2024-06-06 20:40:13] INFO: Writing conf to disk...
# [2024-06-06 20:40:13] INFO: writeconf_nersc: Writing NERSC configuration ./conf_s060t20_b0706200_a_U000781500
# [2024-06-06 20:40:16] INFO: Calculated checksum: fbd4f68f
# [2024-06-06 20:40:20] INFO: Calculated checksum: 2e84fd54
# [2024-06-06 20:40:20] INFO: Writing RNGSTATE file: ./rand_s060t20_b0706200_a_U000781500
# [2024-06-06 20:40:20] INFO: Writing to disk took 7.56481 seconds
# [2024-06-06 20:40:20] INFO: ======================================================================
# [2024-06-06 20:40:20] INFO: Start sweeping...
# [2024-06-06 20:47:08] INFO: It took 408.015 seconds to do 500 HBOR sweeps.
# [2024-06-06 20:47:08] INFO: Plaquette = 0.675117
# [2024-06-06 20:47:08] INFO: Polyakov loop = (0.00464225,-0.000426139)
# [2024-06-06 20:47:08] INFO: Writing conf to disk...
# [2024-06-06 20:47:08] INFO: writeconf_nersc: Writing NERSC configuration ./conf_s060t20_b0706200_a_U000782000
# [2024-06-06 20:47:11] INFO: Calculated checksum: 31e0edba
# [2024-06-06 20:47:16] INFO: Calculated checksum: 1faef715
# [2024-06-06 20:47:16] INFO: Writing RNGSTATE file: ./rand_s060t20_b0706200_a_U000782000
# [2024-06-06 20:47:16] INFO: Writing to disk took 7.4207 seconds
# [2024-06-06 20:47:16] INFO: ======================================================================
# [2024-06-06 20:47:16] INFO: Start sweeping...
# [2024-06-06 20:54:04] INFO: It took 407.854 seconds to do 500 HBOR sweeps.
# [2024-06-06 20:54:04] INFO: Plaquette = 0.67506
# [2024-06-06 20:54:04] INFO: Polyakov loop = (0.00455048,-0.000271904)
# [2024-06-06 20:54:04] INFO: Writing conf to disk...
# [2024-06-06 20:54:04] INFO: writeconf_nersc: Writing NERSC configuration ./conf_s060t20_b0706200_a_U000782500
# [2024-06-06 20:54:07] INFO: Calculated checksum: 2172f3a
# [2024-06-06 20:54:11] INFO: Calculated checksum: 542b766
# [2024-06-06 20:54:11] INFO: Writing RNGSTATE file: ./rand_s060t20_b0706200_a_U000782500
# [2024-06-06 20:54:11] INFO: Writing to disk took 7.49346 seconds
# [2024-06-06 20:54:11] INFO: ======================================================================
# [2024-06-06 20:54:11] INFO: Start sweeping...
# [2024-06-06 21:00:59] INFO: It took 407.466 seconds to do 500 HBOR sweeps.
# [2024-06-06 21:00:59] INFO: Plaquette = 0.675166
# [2024-06-06 21:00:59] INFO: Polyakov loop = (0.00470976,0.000256068)
# [2024-06-06 21:00:59] INFO: Writing conf to disk...
# [2024-06-06 21:00:59] INFO: writeconf_nersc: Writing NERSC configuration ./conf_s060t20_b0706200_a_U000783000
# [2024-06-06 21:01:02] INFO: Calculated checksum: 4c7c209a
# [2024-06-06 21:01:06] INFO: Calculated checksum: c0db446e
# [2024-06-06 21:01:06] INFO: Writing RNGSTATE file: ./rand_s060t20_b0706200_a_U000783000
# [2024-06-06 21:01:06] INFO: Writing to disk took 7.50748 seconds
# [2024-06-06 21:01:06] INFO: ======================================================================
# [2024-06-06 21:01:06] INFO: Start sweeping...
# [2024-06-06 21:07:54] INFO: It took 407.224 seconds to do 500 HBOR sweeps.
# [2024-06-06 21:07:54] INFO: Plaquette = 0.675163
# [2024-06-06 21:07:54] INFO: Polyakov loop = (0.00336633,-0.000482578)
# [2024-06-06 21:07:54] INFO: Writing conf to disk...
# [2024-06-06 21:07:54] INFO: writeconf_nersc: Writing NERSC configuration ./conf_s060t20_b0706200_a_U000783500
# [2024-06-06 21:07:56] INFO: Calculated checksum: 699b963c
# [2024-06-06 21:08:01] INFO: Calculated checksum: bb84598
# [2024-06-06 21:08:01] INFO: Writing RNGSTATE file: ./rand_s060t20_b0706200_a_U000783500
# [2024-06-06 21:08:01] INFO: Writing to disk took 7.45489 seconds
# [2024-06-06 21:08:01] INFO: ======================================================================
# [2024-06-06 21:08:01] INFO: Start sweeping...
# [2024-06-06 21:14:48] INFO: It took 407.101 seconds to do 500 HBOR sweeps.
# [2024-06-06 21:14:48] INFO: Plaquette = 0.675143
# [2024-06-06 21:14:48] INFO: Polyakov loop = (0.00498343,-0.000203467)
# [2024-06-06 21:14:48] INFO: Writing conf to disk...
# [2024-06-06 21:14:48] INFO: writeconf_nersc: Writing NERSC configuration ./conf_s060t20_b0706200_a_U000784000
# [2024-06-06 21:14:51] INFO: Calculated checksum: dfe3225c
# [2024-06-06 21:14:56] INFO: Calculated checksum: 4d8da2fa
# [2024-06-06 21:14:56] INFO: Writing RNGSTATE file: ./rand_s060t20_b0706200_a_U000784000
# [2024-06-06 21:14:56] INFO: Writing to disk took 7.46633 seconds
# [2024-06-06 21:14:56] INFO: ======================================================================
# [2024-06-06 21:14:56] INFO: Start sweeping...
# [2024-06-06 21:21:46] INFO: It took 410.264 seconds to do 500 HBOR sweeps.
# [2024-06-06 21:21:46] INFO: Plaquette = 0.675225
# [2024-06-06 21:21:46] INFO: Polyakov loop = (0.00418277,-0.000283475)
# [2024-06-06 21:21:46] INFO: Writing conf to disk...
# [2024-06-06 21:21:46] INFO: writeconf_nersc: Writing NERSC configuration ./conf_s060t20_b0706200_a_U000784500
# [2024-06-06 21:21:49] INFO: Calculated checksum: 4feab8e9
# [2024-06-06 21:21:53] INFO: Calculated checksum: bf99032c
# [2024-06-06 21:21:53] INFO: Writing RNGSTATE file: ./rand_s060t20_b0706200_a_U000784500
# [2024-06-06 21:21:54] INFO: Writing to disk took 7.56395 seconds
# [2024-06-06 21:21:54] INFO: ======================================================================
# [2024-06-06 21:21:54] INFO: Start sweeping...
# [2024-06-06 21:28:44] INFO: It took 410.013 seconds to do 500 HBOR sweeps.
# [2024-06-06 21:28:44] INFO: Plaquette = 0.675231
# [2024-06-06 21:28:44] INFO: Polyakov loop = (0.00418127,0.000477119)
# [2024-06-06 21:28:44] INFO: Writing conf to disk...
# [2024-06-06 21:28:44] INFO: writeconf_nersc: Writing NERSC configuration ./conf_s060t20_b0706200_a_U000785000
# [2024-06-06 21:28:46] INFO: Calculated checksum: 4888ccb5
# [2024-06-06 21:28:51] INFO: Calculated checksum: 5737d268
# [2024-06-06 21:28:51] INFO: Writing RNGSTATE file: ./rand_s060t20_b0706200_a_U000785000
# [2024-06-06 21:28:51] INFO: Writing to disk took 7.61846 seconds
# [2024-06-06 21:28:51] INFO: ======================================================================
# [2024-06-06 21:28:51] INFO: Start sweeping...
# [2024-06-06 21:35:42] INFO: It took 410.731 seconds to do 500 HBOR sweeps.
# [2024-06-06 21:35:42] INFO: Plaquette = 0.675196
# [2024-06-06 21:35:42] INFO: Polyakov loop = (0.00380216,0.000306957)
# [2024-06-06 21:35:42] INFO: Writing conf to disk...
# [2024-06-06 21:35:42] INFO: writeconf_nersc: Writing NERSC configuration ./conf_s060t20_b0706200_a_U000785500
# [2024-06-06 21:35:45] INFO: Calculated checksum: ff47c605
# [2024-06-06 21:35:49] INFO: Calculated checksum: 3b4b2f97
# [2024-06-06 21:35:49] INFO: Writing RNGSTATE file: ./rand_s060t20_b0706200_a_U000785500
# [2024-06-06 21:35:49] INFO: Writing to disk took 7.46776 seconds
# [2024-06-06 21:35:49] INFO: ======================================================================
# [2024-06-06 21:35:49] INFO: Start sweeping...
# [2024-06-06 21:42:41] INFO: It took 411.829 seconds to do 500 HBOR sweeps.
# [2024-06-06 21:42:41] INFO: Plaquette = 0.675089
# [2024-06-06 21:42:41] INFO: Polyakov loop = (0.00562146,0.000582661)
# [2024-06-06 21:42:41] INFO: Writing conf to disk...
# [2024-06-06 21:42:41] INFO: writeconf_nersc: Writing NERSC configuration ./conf_s060t20_b0706200_a_U000786000
# [2024-06-06 21:42:44] INFO: Calculated checksum: eae9c4e1
# [2024-06-06 21:42:49] INFO: Calculated checksum: 938405f8
# [2024-06-06 21:42:49] INFO: Writing RNGSTATE file: ./rand_s060t20_b0706200_a_U000786000
# [2024-06-06 21:42:49] INFO: Writing to disk took 7.3146 seconds
# [2024-06-06 21:42:49] INFO: ======================================================================
# [2024-06-06 21:42:49] INFO: Start sweeping...
# [2024-06-06 21:49:41] INFO: It took 411.935 seconds to do 500 HBOR sweeps.
# [2024-06-06 21:49:41] INFO: Plaquette = 0.675265
# [2024-06-06 21:49:41] INFO: Polyakov loop = (0.00374604,0.0003345)
# [2024-06-06 21:49:41] INFO: Writing conf to disk...
# [2024-06-06 21:49:41] INFO: writeconf_nersc: Writing NERSC configuration ./conf_s060t20_b0706200_a_U000786500
# [2024-06-06 21:49:43] INFO: Calculated checksum: a7a03ca9
# [2024-06-06 21:49:48] INFO: Calculated checksum: 8c6e4a5f
# [2024-06-06 21:49:48] INFO: Writing RNGSTATE file: ./rand_s060t20_b0706200_a_U000786500
# [2024-06-06 21:49:48] INFO: Writing to disk took 7.49331 seconds
# [2024-06-06 21:49:48] INFO: ======================================================================
# [2024-06-06 21:49:48] INFO: Start sweeping...
# [2024-06-06 21:56:39] INFO: It took 410.468 seconds to do 500 HBOR sweeps.
# [2024-06-06 21:56:39] INFO: Plaquette = 0.675226
# [2024-06-06 21:56:39] INFO: Polyakov loop = (0.00439192,0.000163613)
# [2024-06-06 21:56:39] INFO: Writing conf to disk...
# [2024-06-06 21:56:39] INFO: writeconf_nersc: Writing NERSC configuration ./conf_s060t20_b0706200_a_U000787000
# [2024-06-06 21:56:41] INFO: Calculated checksum: 2886e6ca
# [2024-06-06 21:56:46] INFO: Calculated checksum: f0100ac
# [2024-06-06 21:56:46] INFO: Writing RNGSTATE file: ./rand_s060t20_b0706200_a_U000787000
# [2024-06-06 21:56:46] INFO: Writing to disk took 7.33894 seconds
# [2024-06-06 21:56:46] INFO: ======================================================================
# [2024-06-06 21:56:46] INFO: Start sweeping...
# [2024-06-06 22:03:36] INFO: It took 410.508 seconds to do 500 HBOR sweeps.
# [2024-06-06 22:03:37] INFO: Plaquette = 0.675173
# [2024-06-06 22:03:37] INFO: Polyakov loop = (0.00576422,0.000231979)
# [2024-06-06 22:03:37] INFO: Writing conf to disk...
# [2024-06-06 22:03:37] INFO: writeconf_nersc: Writing NERSC configuration ./conf_s060t20_b0706200_a_U000787500
# [2024-06-06 22:03:39] INFO: Calculated checksum: cbbf3a6b
# [2024-06-06 22:03:44] INFO: Calculated checksum: ed7375e4
# [2024-06-06 22:03:44] INFO: Writing RNGSTATE file: ./rand_s060t20_b0706200_a_U000787500
# [2024-06-06 22:03:44] INFO: Writing to disk took 7.48951 seconds
# [2024-06-06 22:03:44] INFO: ======================================================================
# [2024-06-06 22:03:44] INFO: Start sweeping...
# [2024-06-06 22:10:36] INFO: It took 411.606 seconds to do 500 HBOR sweeps.
# [2024-06-06 22:10:36] INFO: Plaquette = 0.67515
# [2024-06-06 22:10:36] INFO: Polyakov loop = (0.00452316,0.000218817)
# [2024-06-06 22:10:36] INFO: Writing conf to disk...
# [2024-06-06 22:10:36] INFO: writeconf_nersc: Writing NERSC configuration ./conf_s060t20_b0706200_a_U000788000
# [2024-06-06 22:10:39] INFO: Calculated checksum: a0716ca7
# [2024-06-06 22:10:43] INFO: Calculated checksum: 259ea3d4
# [2024-06-06 22:10:43] INFO: Writing RNGSTATE file: ./rand_s060t20_b0706200_a_U000788000
# [2024-06-06 22:10:43] INFO: Writing to disk took 7.79302 seconds
# [2024-06-06 22:10:43] INFO: ======================================================================
# [2024-06-06 22:10:43] INFO: Start sweeping...
# [2024-06-06 22:17:36] INFO: It took 412.835 seconds to do 500 HBOR sweeps.
# [2024-06-06 22:17:36] INFO: Plaquette = 0.675068
# [2024-06-06 22:17:36] INFO: Polyakov loop = (0.00425359,-0.000493312)
# [2024-06-06 22:17:36] INFO: Writing conf to disk...
# [2024-06-06 22:17:36] INFO: writeconf_nersc: Writing NERSC configuration ./conf_s060t20_b0706200_a_U000788500
# [2024-06-06 22:17:39] INFO: Calculated checksum: 17e75431
# [2024-06-06 22:17:44] INFO: Calculated checksum: f1beaa76
# [2024-06-06 22:17:44] INFO: Writing RNGSTATE file: ./rand_s060t20_b0706200_a_U000788500
# [2024-06-06 22:17:44] INFO: Writing to disk took 7.45826 seconds
# [2024-06-06 22:17:44] INFO: ======================================================================
# [2024-06-06 22:17:44] INFO: Start sweeping...
# [2024-06-06 22:24:36] INFO: It took 412.177 seconds to do 500 HBOR sweeps.
# [2024-06-06 22:24:36] INFO: Plaquette = 0.675144
# [2024-06-06 22:24:36] INFO: Polyakov loop = (0.00472266,-0.000269655)
# [2024-06-06 22:24:36] INFO: Writing conf to disk...
# [2024-06-06 22:24:36] INFO: writeconf_nersc: Writing NERSC configuration ./conf_s060t20_b0706200_a_U000789000
# [2024-06-06 22:24:39] INFO: Calculated checksum: df0ca67b
# [2024-06-06 22:24:44] INFO: Calculated checksum: 6fab1ae7
# [2024-06-06 22:24:44] INFO: Writing RNGSTATE file: ./rand_s060t20_b0706200_a_U000789000
# [2024-06-06 22:24:44] INFO: Writing to disk took 7.75398 seconds
# [2024-06-06 22:24:44] INFO: ======================================================================
# [2024-06-06 22:24:44] INFO: Start sweeping...
# [2024-06-06 22:31:37] INFO: It took 413.481 seconds to do 500 HBOR sweeps.
# [2024-06-06 22:31:37] INFO: Plaquette = 0.675232
# [2024-06-06 22:31:37] INFO: Polyakov loop = (0.00412664,-0.000288001)
# [2024-06-06 22:31:37] INFO: Writing conf to disk...
# [2024-06-06 22:31:37] INFO: writeconf_nersc: Writing NERSC configuration ./conf_s060t20_b0706200_a_U000789500
# [2024-06-06 22:31:40] INFO: Calculated checksum: 63044fe8
# [2024-06-06 22:31:45] INFO: Calculated checksum: d7d7a088
# [2024-06-06 22:31:45] INFO: Writing RNGSTATE file: ./rand_s060t20_b0706200_a_U000789500
# [2024-06-06 22:31:45] INFO: Writing to disk took 7.44978 seconds
# [2024-06-06 22:31:45] INFO: ======================================================================
# [2024-06-06 22:31:45] INFO: Start sweeping...
# [2024-06-06 22:38:36] INFO: It took 411.668 seconds to do 500 HBOR sweeps.
# [2024-06-06 22:38:36] INFO: Plaquette = 0.675104
# [2024-06-06 22:38:36] INFO: Polyakov loop = (0.0048376,-0.000135067)
# [2024-06-06 22:38:36] INFO: Writing conf to disk...
# [2024-06-06 22:38:36] INFO: writeconf_nersc: Writing NERSC configuration ./conf_s060t20_b0706200_a_U000790000
# [2024-06-06 22:38:39] INFO: Calculated checksum: 13c15f46
# [2024-06-06 22:38:44] INFO: Calculated checksum: cb0dca0d
# [2024-06-06 22:38:44] INFO: Writing RNGSTATE file: ./rand_s060t20_b0706200_a_U000790000
# [2024-06-06 22:38:44] INFO: Writing to disk took 7.68334 seconds
# [2024-06-06 22:38:44] INFO: ======================================================================
# [2024-06-06 22:38:44] INFO: Start sweeping...
# [2024-06-06 22:45:31] INFO: It took 407.021 seconds to do 500 HBOR sweeps.
# [2024-06-06 22:45:31] INFO: Plaquette = 0.675201
# [2024-06-06 22:45:31] INFO: Polyakov loop = (0.00529409,-0.00106248)
# [2024-06-06 22:45:31] INFO: Writing conf to disk...
# [2024-06-06 22:45:31] INFO: writeconf_nersc: Writing NERSC configuration ./conf_s060t20_b0706200_a_U000790500
# [2024-06-06 22:45:34] INFO: Calculated checksum: a805cb3c
# [2024-06-06 22:45:39] INFO: Calculated checksum: 3d043301
# [2024-06-06 22:45:39] INFO: Writing RNGSTATE file: ./rand_s060t20_b0706200_a_U000790500
# [2024-06-06 22:45:39] INFO: Writing to disk took 7.47764 seconds
# [2024-06-06 22:45:39] INFO: ======================================================================
# [2024-06-06 22:45:39] INFO: Start sweeping...
# [2024-06-06 22:52:25] INFO: It took 406.794 seconds to do 500 HBOR sweeps.
# [2024-06-06 22:52:26] INFO: Plaquette = 0.675202
# [2024-06-06 22:52:26] INFO: Polyakov loop = (0.00444195,0.000459926)
# [2024-06-06 22:52:26] INFO: Writing conf to disk...
# [2024-06-06 22:52:26] INFO: writeconf_nersc: Writing NERSC configuration ./conf_s060t20_b0706200_a_U000791000
# [2024-06-06 22:52:28] INFO: Calculated checksum: 10a0a3b
# [2024-06-06 22:52:33] INFO: Calculated checksum: dba8c608
# [2024-06-06 22:52:33] INFO: Writing RNGSTATE file: ./rand_s060t20_b0706200_a_U000791000
# [2024-06-06 22:52:33] INFO: Writing to disk took 7.72421 seconds
# [2024-06-06 22:52:33] INFO: ======================================================================
# [2024-06-06 22:52:33] INFO: Start sweeping...
# [2024-06-06 22:59:19] INFO: It took 405.971 seconds to do 500 HBOR sweeps.
# [2024-06-06 22:59:19] INFO: Plaquette = 0.675226
# [2024-06-06 22:59:19] INFO: Polyakov loop = (0.00394673,0.00056538)
# [2024-06-06 22:59:19] INFO: Writing conf to disk...
# [2024-06-06 22:59:19] INFO: writeconf_nersc: Writing NERSC configuration ./conf_s060t20_b0706200_a_U000791500
# [2024-06-06 22:59:22] INFO: Calculated checksum: 89317767
# [2024-06-06 22:59:27] INFO: Calculated checksum: c1377c4b
# [2024-06-06 22:59:27] INFO: Writing RNGSTATE file: ./rand_s060t20_b0706200_a_U000791500
# [2024-06-06 22:59:27] INFO: Writing to disk took 7.61365 seconds
# [2024-06-06 22:59:27] INFO: ======================================================================
# [2024-06-06 22:59:27] INFO: Start sweeping...
# [2024-06-06 23:06:14] INFO: It took 406.818 seconds to do 500 HBOR sweeps.
# [2024-06-06 23:06:14] INFO: Plaquette = 0.675167
# [2024-06-06 23:06:14] INFO: Polyakov loop = (0.00519954,3.42499e-05)
# [2024-06-06 23:06:14] INFO: Writing conf to disk...
# [2024-06-06 23:06:14] INFO: writeconf_nersc: Writing NERSC configuration ./conf_s060t20_b0706200_a_U000792000
# [2024-06-06 23:06:17] INFO: Calculated checksum: d8df9ee8
# [2024-06-06 23:06:21] INFO: Calculated checksum: 4cf32e6b
# [2024-06-06 23:06:21] INFO: Writing RNGSTATE file: ./rand_s060t20_b0706200_a_U000792000
# [2024-06-06 23:06:21] INFO: Writing to disk took 7.71517 seconds
# [2024-06-06 23:06:21] INFO: ======================================================================
# [2024-06-06 23:06:21] INFO: Start sweeping...
# [2024-06-06 23:13:09] INFO: It took 407.243 seconds to do 500 HBOR sweeps.
# [2024-06-06 23:13:09] INFO: Plaquette = 0.675196
# [2024-06-06 23:13:09] INFO: Polyakov loop = (0.00475079,-0.000494087)
# [2024-06-06 23:13:09] INFO: Writing conf to disk...
# [2024-06-06 23:13:09] INFO: writeconf_nersc: Writing NERSC configuration ./conf_s060t20_b0706200_a_U000792500
# [2024-06-06 23:13:12] INFO: Calculated checksum: 89286b8c
# [2024-06-06 23:13:16] INFO: Calculated checksum: 7418bcfa
# [2024-06-06 23:13:16] INFO: Writing RNGSTATE file: ./rand_s060t20_b0706200_a_U000792500
# [2024-06-06 23:13:16] INFO: Writing to disk took 7.44168 seconds
# [2024-06-06 23:13:16] INFO: ======================================================================
# [2024-06-06 23:13:16] INFO: Start sweeping...
# [2024-06-06 23:20:08] INFO: It took 412.101 seconds to do 500 HBOR sweeps.
# [2024-06-06 23:20:08] INFO: Plaquette = 0.67515
# [2024-06-06 23:20:08] INFO: Polyakov loop = (0.00530892,-0.00104222)
# [2024-06-06 23:20:08] INFO: Writing conf to disk...
# [2024-06-06 23:20:08] INFO: writeconf_nersc: Writing NERSC configuration ./conf_s060t20_b0706200_a_U000793000
# [2024-06-06 23:20:11] INFO: Calculated checksum: 4440051
# [2024-06-06 23:20:16] INFO: Calculated checksum: 7ddfbea8
# [2024-06-06 23:20:16] INFO: Writing RNGSTATE file: ./rand_s060t20_b0706200_a_U000793000
# [2024-06-06 23:20:16] INFO: Writing to disk took 7.47411 seconds
# [2024-06-06 23:20:16] INFO: ======================================================================
# [2024-06-06 23:20:16] INFO: Start sweeping...
# [2024-06-06 23:27:08] INFO: It took 412.541 seconds to do 500 HBOR sweeps.
# [2024-06-06 23:27:08] INFO: Plaquette = 0.675116
# [2024-06-06 23:27:08] INFO: Polyakov loop = (0.00456722,0.000707702)
# [2024-06-06 23:27:08] INFO: Writing conf to disk...
# [2024-06-06 23:27:08] INFO: writeconf_nersc: Writing NERSC configuration ./conf_s060t20_b0706200_a_U000793500
# [2024-06-06 23:27:11] INFO: Calculated checksum: 32a276b1
# [2024-06-06 23:27:16] INFO: Calculated checksum: 37114029
# [2024-06-06 23:27:16] INFO: Writing RNGSTATE file: ./rand_s060t20_b0706200_a_U000793500
# [2024-06-06 23:27:16] INFO: Writing to disk took 7.51126 seconds
# [2024-06-06 23:27:16] INFO: ======================================================================
# [2024-06-06 23:27:16] INFO: Start sweeping...
# [2024-06-06 23:34:09] INFO: It took 412.781 seconds to do 500 HBOR sweeps.
# [2024-06-06 23:34:09] INFO: Plaquette = 0.675097
# [2024-06-06 23:34:09] INFO: Polyakov loop = (0.00451653,0.000378715)
# [2024-06-06 23:34:09] INFO: Writing conf to disk...
# [2024-06-06 23:34:09] INFO: writeconf_nersc: Writing NERSC configuration ./conf_s060t20_b0706200_a_U000794000
# [2024-06-06 23:34:12] INFO: Calculated checksum: a7703e50
# [2024-06-06 23:34:16] INFO: Calculated checksum: de75a30f
# [2024-06-06 23:34:16] INFO: Writing RNGSTATE file: ./rand_s060t20_b0706200_a_U000794000
# [2024-06-06 23:34:16] INFO: Writing to disk took 7.48416 seconds
# [2024-06-06 23:34:16] INFO: ======================================================================
# [2024-06-06 23:34:16] INFO: Start sweeping...
# [2024-06-06 23:41:09] INFO: It took 412.436 seconds to do 500 HBOR sweeps.
# [2024-06-06 23:41:09] INFO: Plaquette = 0.675168
# [2024-06-06 23:41:09] INFO: Polyakov loop = (0.00405141,6.85823e-05)
# [2024-06-06 23:41:09] INFO: Writing conf to disk...
# [2024-06-06 23:41:09] INFO: writeconf_nersc: Writing NERSC configuration ./conf_s060t20_b0706200_a_U000794500
# [2024-06-06 23:41:12] INFO: Calculated checksum: d17e35b9
# [2024-06-06 23:41:16] INFO: Calculated checksum: 8883302c
# [2024-06-06 23:41:16] INFO: Writing RNGSTATE file: ./rand_s060t20_b0706200_a_U000794500
# [2024-06-06 23:41:16] INFO: Writing to disk took 7.51459 seconds
# [2024-06-06 23:41:16] INFO: ======================================================================
# [2024-06-06 23:41:16] INFO: Start sweeping...
# [2024-06-06 23:48:09] INFO: It took 413.167 seconds to do 500 HBOR sweeps.
# [2024-06-06 23:48:09] INFO: Plaquette = 0.675149
# [2024-06-06 23:48:09] INFO: Polyakov loop = (0.00434094,-0.00065035)
# [2024-06-06 23:48:09] INFO: Writing conf to disk...
# [2024-06-06 23:48:09] INFO: writeconf_nersc: Writing NERSC configuration ./conf_s060t20_b0706200_a_U000795000
# [2024-06-06 23:48:12] INFO: Calculated checksum: 557140b7
# [2024-06-06 23:48:17] INFO: Calculated checksum: 64d824e2
# [2024-06-06 23:48:17] INFO: Writing RNGSTATE file: ./rand_s060t20_b0706200_a_U000795000
# [2024-06-06 23:48:17] INFO: Writing to disk took 7.32175 seconds
# [2024-06-06 23:48:17] INFO: ======================================================================
# [2024-06-06 23:48:17] INFO: Start sweeping...
# [2024-06-06 23:55:08] INFO: It took 411.567 seconds to do 500 HBOR sweeps.
# [2024-06-06 23:55:08] INFO: Plaquette = 0.675161
# [2024-06-06 23:55:08] INFO: Polyakov loop = (0.00424053,0.000943627)
# [2024-06-06 23:55:08] INFO: Writing conf to disk...
# [2024-06-06 23:55:08] INFO: writeconf_nersc: Writing NERSC configuration ./conf_s060t20_b0706200_a_U000795500
# [2024-06-06 23:55:11] INFO: Calculated checksum: 7c321be3
# [2024-06-06 23:55:16] INFO: Calculated checksum: 45841939
# [2024-06-06 23:55:16] INFO: Writing RNGSTATE file: ./rand_s060t20_b0706200_a_U000795500
# [2024-06-06 23:55:16] INFO: Writing to disk took 7.7753 seconds
# [2024-06-06 23:55:16] INFO: ======================================================================
# [2024-06-06 23:55:16] INFO: Start sweeping...
# [2024-06-07 00:02:08] INFO: It took 411.693 seconds to do 500 HBOR sweeps.
# [2024-06-07 00:02:08] INFO: Plaquette = 0.675151
# [2024-06-07 00:02:08] INFO: Polyakov loop = (0.00393761,-0.00069674)
# [2024-06-07 00:02:08] INFO: Writing conf to disk...
# [2024-06-07 00:02:08] INFO: writeconf_nersc: Writing NERSC configuration ./conf_s060t20_b0706200_a_U000796000
# [2024-06-07 00:02:11] INFO: Calculated checksum: 2a7c46c8
# [2024-06-07 00:02:15] INFO: Calculated checksum: 979778f0
# [2024-06-07 00:02:15] INFO: Writing RNGSTATE file: ./rand_s060t20_b0706200_a_U000796000
# [2024-06-07 00:02:15] INFO: Writing to disk took 7.51466 seconds
# [2024-06-07 00:02:15] INFO: ======================================================================
# [2024-06-07 00:02:15] INFO: Start sweeping...
# [2024-06-07 00:09:03] INFO: It took 407.807 seconds to do 500 HBOR sweeps.
# [2024-06-07 00:09:03] INFO: Plaquette = 0.675152
# [2024-06-07 00:09:03] INFO: Polyakov loop = (0.00456762,-0.000180753)
# [2024-06-07 00:09:03] INFO: Writing conf to disk...
# [2024-06-07 00:09:03] INFO: writeconf_nersc: Writing NERSC configuration ./conf_s060t20_b0706200_a_U000796500
# [2024-06-07 00:09:06] INFO: Calculated checksum: a2cb9217
# [2024-06-07 00:09:11] INFO: Calculated checksum: 55af2971
# [2024-06-07 00:09:11] INFO: Writing RNGSTATE file: ./rand_s060t20_b0706200_a_U000796500
# [2024-06-07 00:09:11] INFO: Writing to disk took 7.85107 seconds
# [2024-06-07 00:09:11] INFO: ======================================================================
# [2024-06-07 00:09:11] INFO: Start sweeping...
# [2024-06-07 00:15:59] INFO: It took 407.741 seconds to do 500 HBOR sweeps.
# [2024-06-07 00:15:59] INFO: Plaquette = 0.675184
# [2024-06-07 00:15:59] INFO: Polyakov loop = (0.00419219,0.000533079)
# [2024-06-07 00:15:59] INFO: Writing conf to disk...
# [2024-06-07 00:15:59] INFO: writeconf_nersc: Writing NERSC configuration ./conf_s060t20_b0706200_a_U000797000
# [2024-06-07 00:16:02] INFO: Calculated checksum: a2264979
# [2024-06-07 00:16:06] INFO: Calculated checksum: 4bcd6ac2
# [2024-06-07 00:16:06] INFO: Writing RNGSTATE file: ./rand_s060t20_b0706200_a_U000797000
# [2024-06-07 00:16:06] INFO: Writing to disk took 7.5715 seconds
# [2024-06-07 00:16:06] INFO: ======================================================================
# [2024-06-07 00:16:06] INFO: Start sweeping...
# [2024-06-07 00:22:53] INFO: It took 406.843 seconds to do 500 HBOR sweeps.
# [2024-06-07 00:22:53] INFO: Plaquette = 0.675165
# [2024-06-07 00:22:53] INFO: Polyakov loop = (0.0051036,-9.46918e-05)
# [2024-06-07 00:22:53] INFO: Writing conf to disk...
# [2024-06-07 00:22:53] INFO: writeconf_nersc: Writing NERSC configuration ./conf_s060t20_b0706200_a_U000797500
# [2024-06-07 00:22:56] INFO: Calculated checksum: e14407d2
# [2024-06-07 00:23:01] INFO: Calculated checksum: 887d5976
# [2024-06-07 00:23:01] INFO: Writing RNGSTATE file: ./rand_s060t20_b0706200_a_U000797500
# [2024-06-07 00:23:01] INFO: Writing to disk took 7.52573 seconds
# [2024-06-07 00:23:01] INFO: ======================================================================
# [2024-06-07 00:23:01] INFO: Start sweeping...
# [2024-06-07 00:29:49] INFO: It took 407.622 seconds to do 500 HBOR sweeps.
# [2024-06-07 00:29:49] INFO: Plaquette = 0.675135
# [2024-06-07 00:29:49] INFO: Polyakov loop = (0.00451277,-0.00030054)
# [2024-06-07 00:29:49] INFO: Writing conf to disk...
# [2024-06-07 00:29:49] INFO: writeconf_nersc: Writing NERSC configuration ./conf_s060t20_b0706200_a_U000798000
# [2024-06-07 00:29:51] INFO: Calculated checksum: 5b18dc57
# [2024-06-07 00:29:56] INFO: Calculated checksum: 6d16b70e
# [2024-06-07 00:29:56] INFO: Writing RNGSTATE file: ./rand_s060t20_b0706200_a_U000798000
# [2024-06-07 00:29:56] INFO: Writing to disk took 7.51436 seconds
# [2024-06-07 00:29:56] INFO: ======================================================================
# [2024-06-07 00:29:56] INFO: Start sweeping...
# [2024-06-07 00:36:43] INFO: It took 406.774 seconds to do 500 HBOR sweeps.
# [2024-06-07 00:36:43] INFO: Plaquette = 0.675081
# [2024-06-07 00:36:43] INFO: Polyakov loop = (0.00481597,-1.46252e-05)
# [2024-06-07 00:36:43] INFO: Writing conf to disk...
# [2024-06-07 00:36:43] INFO: writeconf_nersc: Writing NERSC configuration ./conf_s060t20_b0706200_a_U000798500
# [2024-06-07 00:36:46] INFO: Calculated checksum: 84f667f0
# [2024-06-07 00:36:50] INFO: Calculated checksum: 9014d5bc
# [2024-06-07 00:36:50] INFO: Writing RNGSTATE file: ./rand_s060t20_b0706200_a_U000798500
# [2024-06-07 00:36:50] INFO: Writing to disk took 7.59534 seconds
# [2024-06-07 00:36:50] INFO: ======================================================================
# [2024-06-07 00:36:50] INFO: Start sweeping...
# [2024-06-07 00:43:38] INFO: It took 407.471 seconds to do 500 HBOR sweeps.
# [2024-06-07 00:43:38] INFO: Plaquette = 0.675099
# [2024-06-07 00:43:38] INFO: Polyakov loop = (0.00388053,0.000215101)
# [2024-06-07 00:43:38] INFO: Writing conf to disk...
# [2024-06-07 00:43:38] INFO: writeconf_nersc: Writing NERSC configuration ./conf_s060t20_b0706200_a_U000799000
# [2024-06-07 00:43:41] INFO: Calculated checksum: d7973b42
# [2024-06-07 00:43:45] INFO: Calculated checksum: 5c325683
# [2024-06-07 00:43:45] INFO: Writing RNGSTATE file: ./rand_s060t20_b0706200_a_U000799000
# [2024-06-07 00:43:45] INFO: Writing to disk took 7.35733 seconds
# [2024-06-07 00:43:45] INFO: ======================================================================
# [2024-06-07 00:43:45] INFO: Start sweeping...
# [2024-06-07 00:50:33] INFO: It took 407.288 seconds to do 500 HBOR sweeps.
# [2024-06-07 00:50:33] INFO: Plaquette = 0.675103
# [2024-06-07 00:50:33] INFO: Polyakov loop = (0.00490996,-0.000348458)
# [2024-06-07 00:50:33] INFO: Writing conf to disk...
# [2024-06-07 00:50:33] INFO: writeconf_nersc: Writing NERSC configuration ./conf_s060t20_b0706200_a_U000799500
# [2024-06-07 00:50:35] INFO: Calculated checksum: fee1cf5
# [2024-06-07 00:50:40] INFO: Calculated checksum: 80331cfb
# [2024-06-07 00:50:40] INFO: Writing RNGSTATE file: ./rand_s060t20_b0706200_a_U000799500
# [2024-06-07 00:50:40] INFO: Writing to disk took 7.7868 seconds
# [2024-06-07 00:50:40] INFO: ======================================================================
# [2024-06-07 00:50:40] INFO: Start sweeping...
# [2024-06-07 00:57:33] INFO: It took 412.338 seconds to do 500 HBOR sweeps.
# [2024-06-07 00:57:33] INFO: Plaquette = 0.675139
# [2024-06-07 00:57:33] INFO: Polyakov loop = (0.00556124,-0.000699425)
# [2024-06-07 00:57:33] INFO: Writing conf to disk...
# [2024-06-07 00:57:33] INFO: writeconf_nersc: Writing NERSC configuration ./conf_s060t20_b0706200_a_U000800000
# [2024-06-07 00:57:36] INFO: Calculated checksum: ad3ba32
# [2024-06-07 00:57:41] INFO: Calculated checksum: b2300f62
# [2024-06-07 00:57:41] INFO: Writing RNGSTATE file: ./rand_s060t20_b0706200_a_U000800000
# [2024-06-07 00:57:41] INFO: Writing to disk took 7.8164 seconds
# [2024-06-07 00:57:41] INFO: Finalizing MPI
