
Currently Loaded Modules:
  1) chpc/1.0      (S)   3) gcc/8.5.0      5) mpich/3.4.2
  2) python/3.10.3       4) cmake/3.26.0   6) cuda/11.6.2 (g)

  Where:
   S:  Module is Sticky, requires --force to unload or purge
   g:  built for GPU

 

# [2024-06-06 12:20:57] INFO: Running SIMULATeQCD
# [2024-06-06 12:20:57] INFO: Git commit version: 43e2518
# [2024-06-06 12:20:57] INFO: Initializing MPI with (1 proc)
# [2024-06-06 12:20:57] INFO: Reading parameters from file :: GenerateQuenched_b6807.param
# [2024-06-06 12:20:57] INFO: # PARAM :: Lattice = 60 60 60 20 
# [2024-06-06 12:20:57] INFO: # PARAM :: Nodes = 1 1 1 1 
# [2024-06-06 12:20:57] INFO: # PARAM :: Topology = 0 0 0 0  (default)
# [2024-06-06 12:20:57] INFO: # PARAM :: beta = 6.807
# [2024-06-06 12:20:57] INFO: # PARAM :: format = nersc
# [2024-06-06 12:20:57] INFO: # PARAM :: endianness = auto
# [2024-06-06 12:20:57] INFO: # PARAM :: conf_nr = 750000
# [2024-06-06 12:20:57] INFO: # PARAM :: stream = a
# [2024-06-06 12:20:57] INFO: # PARAM :: prec_out = 0 (default)
# [2024-06-06 12:20:57] INFO: # PARAM :: measurements_dir = ./ (default)
# [2024-06-06 12:20:57] INFO: # PARAM :: use_unit_conf = 0 (default)
# [2024-06-06 12:20:57] INFO: # PARAM :: output_dir = .
# [2024-06-06 12:20:57] INFO: # PARAM :: nconfs = 100
# [2024-06-06 12:20:57] INFO: # PARAM :: nsweeps_ORperHB = 4
# [2024-06-06 12:20:57] INFO: # PARAM :: nsweeps_HBwithOR = 500
# [2024-06-06 12:20:57] INFO: # PARAM :: prev_conf = conf_s060t20_b0680700_a_U000750000
# [2024-06-06 12:20:57] INFO: # PARAM :: prev_rand = rand_s060t20_b0680700_a_U000750000
# [2024-06-06 12:20:57] INFO: > Running on:
# [2024-06-06 12:20:57] INFO: [Rank 0] > notch004 CPU_3 GPU_AF; MPI: world_rank=0, node_rank=0, coord: ( 0 0 0 0 )
# [2024-06-06 12:20:57] INFO: > Is MPI CUDA-aware? @compilation 
# [2024-06-06 12:20:57] INFO: > GPU compute capability: 75
# [2024-06-06 12:20:57] INFO: > Checking support for P2P (Peer-to-Peer) and UVA (Unified Virtual Addressing):
# [2024-06-06 12:20:57] INFO: [Rank 0] > notch004 GPU_AF(NVIDIA GeForce RTX 2080 Ti): P2P NO ; UVA YES
# [2024-06-06 12:20:58] INFO: Initialize Indexer with HaloDepth = 1[0;33m[0m
# [2024-06-06 12:20:58] INFO: Resuming previous run.
# [2024-06-06 12:20:58] INFO: readconf_nersc: Reading NERSC configuration conf_s060t20_b0680700_a_U000750000
# [2024-06-06 12:21:06] INFO: Next conf_number will be 750500
# [2024-06-06 12:21:06] INFO: Generating up to 100 confs with a separation of 500 HBOR sweeps (OR/HB = 4) ...
# [2024-06-06 12:21:06] INFO: ======================================================================
# [2024-06-06 12:21:06] INFO: Start sweeping...
# [2024-06-06 12:27:47] INFO: It took 400.204 seconds to do 500 HBOR sweeps.
# [2024-06-06 12:27:47] INFO: Plaquette = 0.659638
# [2024-06-06 12:27:47] INFO: Polyakov loop = (0.00253837,-0.000673406)
# [2024-06-06 12:27:47] INFO: Writing conf to disk...
# [2024-06-06 12:27:47] INFO: writeconf_nersc: Writing NERSC configuration ./conf_s060t20_b0680700_a_U000750500
# [2024-06-06 12:27:50] INFO: Calculated checksum: 4cd347f9
# [2024-06-06 12:27:56] INFO: Calculated checksum: adfde62c
# [2024-06-06 12:27:56] INFO: Writing RNGSTATE file: ./rand_s060t20_b0680700_a_U000750500
# [2024-06-06 12:27:56] INFO: Writing to disk took 9.23718 seconds
# [2024-06-06 12:27:56] INFO: ======================================================================
# [2024-06-06 12:27:56] INFO: Start sweeping...
# [2024-06-06 12:34:38] INFO: It took 401.948 seconds to do 500 HBOR sweeps.
# [2024-06-06 12:34:38] INFO: Plaquette = 0.659691
# [2024-06-06 12:34:38] INFO: Polyakov loop = (0.0025201,0.00079436)
# [2024-06-06 12:34:38] INFO: Writing conf to disk...
# [2024-06-06 12:34:38] INFO: writeconf_nersc: Writing NERSC configuration ./conf_s060t20_b0680700_a_U000751000
# [2024-06-06 12:34:42] INFO: Calculated checksum: dbdda34f
# [2024-06-06 12:34:47] INFO: Calculated checksum: f9d606e
# [2024-06-06 12:34:47] INFO: Writing RNGSTATE file: ./rand_s060t20_b0680700_a_U000751000
# [2024-06-06 12:34:47] INFO: Writing to disk took 9.3987 seconds
# [2024-06-06 12:34:47] INFO: ======================================================================
# [2024-06-06 12:34:47] INFO: Start sweeping...
# [2024-06-06 12:41:29] INFO: It took 402.001 seconds to do 500 HBOR sweeps.
# [2024-06-06 12:41:29] INFO: Plaquette = 0.659591
# [2024-06-06 12:41:29] INFO: Polyakov loop = (0.00324676,-0.00034679)
# [2024-06-06 12:41:29] INFO: Writing conf to disk...
# [2024-06-06 12:41:29] INFO: writeconf_nersc: Writing NERSC configuration ./conf_s060t20_b0680700_a_U000751500
# [2024-06-06 12:41:33] INFO: Calculated checksum: 3e4b02c6
# [2024-06-06 12:41:39] INFO: Calculated checksum: d00946b9
# [2024-06-06 12:41:39] INFO: Writing RNGSTATE file: ./rand_s060t20_b0680700_a_U000751500
# [2024-06-06 12:41:39] INFO: Writing to disk took 9.39992 seconds
# [2024-06-06 12:41:39] INFO: ======================================================================
# [2024-06-06 12:41:39] INFO: Start sweeping...
# [2024-06-06 12:48:21] INFO: It took 401.993 seconds to do 500 HBOR sweeps.
# [2024-06-06 12:48:21] INFO: Plaquette = 0.659682
# [2024-06-06 12:48:21] INFO: Polyakov loop = (0.00242377,-0.000732685)
# [2024-06-06 12:48:21] INFO: Writing conf to disk...
# [2024-06-06 12:48:21] INFO: writeconf_nersc: Writing NERSC configuration ./conf_s060t20_b0680700_a_U000752000
# [2024-06-06 12:48:25] INFO: Calculated checksum: b22ab6af
# [2024-06-06 12:48:30] INFO: Calculated checksum: fe92d79
# [2024-06-06 12:48:30] INFO: Writing RNGSTATE file: ./rand_s060t20_b0680700_a_U000752000
# [2024-06-06 12:48:30] INFO: Writing to disk took 9.29626 seconds
# [2024-06-06 12:48:30] INFO: ======================================================================
# [2024-06-06 12:48:30] INFO: Start sweeping...
# [2024-06-06 12:55:12] INFO: It took 401.935 seconds to do 500 HBOR sweeps.
# [2024-06-06 12:55:12] INFO: Plaquette = 0.65969
# [2024-06-06 12:55:12] INFO: Polyakov loop = (0.00206733,0.000146362)
# [2024-06-06 12:55:12] INFO: Writing conf to disk...
# [2024-06-06 12:55:12] INFO: writeconf_nersc: Writing NERSC configuration ./conf_s060t20_b0680700_a_U000752500
# [2024-06-06 12:55:16] INFO: Calculated checksum: d718eac9
# [2024-06-06 12:55:21] INFO: Calculated checksum: aec4251e
# [2024-06-06 12:55:21] INFO: Writing RNGSTATE file: ./rand_s060t20_b0680700_a_U000752500
# [2024-06-06 12:55:21] INFO: Writing to disk took 9.28938 seconds
# [2024-06-06 12:55:21] INFO: ======================================================================
# [2024-06-06 12:55:21] INFO: Start sweeping...
# [2024-06-06 13:02:03] INFO: It took 401.867 seconds to do 500 HBOR sweeps.
# [2024-06-06 13:02:03] INFO: Plaquette = 0.659635
# [2024-06-06 13:02:03] INFO: Polyakov loop = (0.0027063,0.00019034)
# [2024-06-06 13:02:03] INFO: Writing conf to disk...
# [2024-06-06 13:02:03] INFO: writeconf_nersc: Writing NERSC configuration ./conf_s060t20_b0680700_a_U000753000
# [2024-06-06 13:02:07] INFO: Calculated checksum: 4bd7a581
# [2024-06-06 13:02:12] INFO: Calculated checksum: a7679602
# [2024-06-06 13:02:12] INFO: Writing RNGSTATE file: ./rand_s060t20_b0680700_a_U000753000
# [2024-06-06 13:02:13] INFO: Writing to disk took 9.34108 seconds
# [2024-06-06 13:02:13] INFO: ======================================================================
# [2024-06-06 13:02:13] INFO: Start sweeping...
# [2024-06-06 13:08:54] INFO: It took 401.821 seconds to do 500 HBOR sweeps.
# [2024-06-06 13:08:54] INFO: Plaquette = 0.659744
# [2024-06-06 13:08:54] INFO: Polyakov loop = (0.00276518,0.00100151)
# [2024-06-06 13:08:54] INFO: Writing conf to disk...
# [2024-06-06 13:08:54] INFO: writeconf_nersc: Writing NERSC configuration ./conf_s060t20_b0680700_a_U000753500
# [2024-06-06 13:08:58] INFO: Calculated checksum: c1f1d5b0
# [2024-06-06 13:09:04] INFO: Calculated checksum: c4caabaf
# [2024-06-06 13:09:04] INFO: Writing RNGSTATE file: ./rand_s060t20_b0680700_a_U000753500
# [2024-06-06 13:09:04] INFO: Writing to disk took 9.6027 seconds
# [2024-06-06 13:09:04] INFO: ======================================================================
# [2024-06-06 13:09:04] INFO: Start sweeping...
# [2024-06-06 13:15:46] INFO: It took 401.796 seconds to do 500 HBOR sweeps.
# [2024-06-06 13:15:46] INFO: Plaquette = 0.659693
# [2024-06-06 13:15:46] INFO: Polyakov loop = (0.00301817,-0.000866194)
# [2024-06-06 13:15:46] INFO: Writing conf to disk...
# [2024-06-06 13:15:46] INFO: writeconf_nersc: Writing NERSC configuration ./conf_s060t20_b0680700_a_U000754000
# [2024-06-06 13:15:50] INFO: Calculated checksum: c2ebfccf
# [2024-06-06 13:15:55] INFO: Calculated checksum: f85360f1
# [2024-06-06 13:15:55] INFO: Writing RNGSTATE file: ./rand_s060t20_b0680700_a_U000754000
# [2024-06-06 13:15:55] INFO: Writing to disk took 9.47975 seconds
# [2024-06-06 13:15:55] INFO: ======================================================================
# [2024-06-06 13:15:55] INFO: Start sweeping...
# [2024-06-06 13:22:37] INFO: It took 401.787 seconds to do 500 HBOR sweeps.
# [2024-06-06 13:22:37] INFO: Plaquette = 0.659573
# [2024-06-06 13:22:37] INFO: Polyakov loop = (0.00219852,0.000528834)
# [2024-06-06 13:22:37] INFO: Writing conf to disk...
# [2024-06-06 13:22:37] INFO: writeconf_nersc: Writing NERSC configuration ./conf_s060t20_b0680700_a_U000754500
# [2024-06-06 13:22:41] INFO: Calculated checksum: b3c4a7d8
# [2024-06-06 13:22:46] INFO: Calculated checksum: fcb447e0
# [2024-06-06 13:22:46] INFO: Writing RNGSTATE file: ./rand_s060t20_b0680700_a_U000754500
# [2024-06-06 13:22:47] INFO: Writing to disk took 9.44434 seconds
# [2024-06-06 13:22:47] INFO: ======================================================================
# [2024-06-06 13:22:47] INFO: Start sweeping...
# [2024-06-06 13:29:28] INFO: It took 401.872 seconds to do 500 HBOR sweeps.
# [2024-06-06 13:29:28] INFO: Plaquette = 0.659612
# [2024-06-06 13:29:28] INFO: Polyakov loop = (0.00225165,0.000428353)
# [2024-06-06 13:29:28] INFO: Writing conf to disk...
# [2024-06-06 13:29:28] INFO: writeconf_nersc: Writing NERSC configuration ./conf_s060t20_b0680700_a_U000755000
# [2024-06-06 13:29:32] INFO: Calculated checksum: 748620c7
# [2024-06-06 13:29:38] INFO: Calculated checksum: a76cc89e
# [2024-06-06 13:29:38] INFO: Writing RNGSTATE file: ./rand_s060t20_b0680700_a_U000755000
# [2024-06-06 13:29:38] INFO: Writing to disk took 9.30713 seconds
# [2024-06-06 13:29:38] INFO: ======================================================================
# [2024-06-06 13:29:38] INFO: Start sweeping...
# [2024-06-06 13:36:20] INFO: It took 401.961 seconds to do 500 HBOR sweeps.
# [2024-06-06 13:36:20] INFO: Plaquette = 0.659603
# [2024-06-06 13:36:20] INFO: Polyakov loop = (0.00225872,-0.000472525)
# [2024-06-06 13:36:20] INFO: Writing conf to disk...
# [2024-06-06 13:36:20] INFO: writeconf_nersc: Writing NERSC configuration ./conf_s060t20_b0680700_a_U000755500
# [2024-06-06 13:36:24] INFO: Calculated checksum: fb4caa5c
# [2024-06-06 13:36:29] INFO: Calculated checksum: fa48f07b
# [2024-06-06 13:36:29] INFO: Writing RNGSTATE file: ./rand_s060t20_b0680700_a_U000755500
# [2024-06-06 13:36:29] INFO: Writing to disk took 9.53422 seconds
# [2024-06-06 13:36:29] INFO: ======================================================================
# [2024-06-06 13:36:29] INFO: Start sweeping...
# [2024-06-06 13:43:11] INFO: It took 402.009 seconds to do 500 HBOR sweeps.
# [2024-06-06 13:43:11] INFO: Plaquette = 0.659697
# [2024-06-06 13:43:11] INFO: Polyakov loop = (0.00236715,0.000104505)
# [2024-06-06 13:43:11] INFO: Writing conf to disk...
# [2024-06-06 13:43:11] INFO: writeconf_nersc: Writing NERSC configuration ./conf_s060t20_b0680700_a_U000756000
# [2024-06-06 13:43:15] INFO: Calculated checksum: 9f959f0b
# [2024-06-06 13:43:21] INFO: Calculated checksum: 21c8741f
# [2024-06-06 13:43:21] INFO: Writing RNGSTATE file: ./rand_s060t20_b0680700_a_U000756000
# [2024-06-06 13:43:21] INFO: Writing to disk took 9.32824 seconds
# [2024-06-06 13:43:21] INFO: ======================================================================
# [2024-06-06 13:43:21] INFO: Start sweeping...
# [2024-06-06 13:50:03] INFO: It took 401.975 seconds to do 500 HBOR sweeps.
# [2024-06-06 13:50:03] INFO: Plaquette = 0.659695
# [2024-06-06 13:50:03] INFO: Polyakov loop = (0.00274475,0.000418852)
# [2024-06-06 13:50:03] INFO: Writing conf to disk...
# [2024-06-06 13:50:03] INFO: writeconf_nersc: Writing NERSC configuration ./conf_s060t20_b0680700_a_U000756500
# [2024-06-06 13:50:06] INFO: Calculated checksum: b118fbb6
# [2024-06-06 13:50:13] INFO: Calculated checksum: f5abe5dc
# [2024-06-06 13:50:13] INFO: Writing RNGSTATE file: ./rand_s060t20_b0680700_a_U000756500
# [2024-06-06 13:50:13] INFO: Writing to disk took 10.0026 seconds
# [2024-06-06 13:50:13] INFO: ======================================================================
# [2024-06-06 13:50:13] INFO: Start sweeping...
# [2024-06-06 13:56:55] INFO: It took 401.855 seconds to do 500 HBOR sweeps.
# [2024-06-06 13:56:55] INFO: Plaquette = 0.659589
# [2024-06-06 13:56:55] INFO: Polyakov loop = (0.00227813,-0.000484609)
# [2024-06-06 13:56:55] INFO: Writing conf to disk...
# [2024-06-06 13:56:55] INFO: writeconf_nersc: Writing NERSC configuration ./conf_s060t20_b0680700_a_U000757000
# [2024-06-06 13:56:58] INFO: Calculated checksum: c1cbbd2a
# [2024-06-06 13:57:04] INFO: Calculated checksum: 2666371c
# [2024-06-06 13:57:04] INFO: Writing RNGSTATE file: ./rand_s060t20_b0680700_a_U000757000
# [2024-06-06 13:57:04] INFO: Writing to disk took 9.30568 seconds
# [2024-06-06 13:57:04] INFO: ======================================================================
# [2024-06-06 13:57:04] INFO: Start sweeping...
# [2024-06-06 14:03:46] INFO: It took 401.875 seconds to do 500 HBOR sweeps.
# [2024-06-06 14:03:46] INFO: Plaquette = 0.659692
# [2024-06-06 14:03:46] INFO: Polyakov loop = (0.00240053,0.000249234)
# [2024-06-06 14:03:46] INFO: Writing conf to disk...
# [2024-06-06 14:03:46] INFO: writeconf_nersc: Writing NERSC configuration ./conf_s060t20_b0680700_a_U000757500
# [2024-06-06 14:03:50] INFO: Calculated checksum: 18340aa0
# [2024-06-06 14:03:55] INFO: Calculated checksum: a9ad0b8c
# [2024-06-06 14:03:55] INFO: Writing RNGSTATE file: ./rand_s060t20_b0680700_a_U000757500
# [2024-06-06 14:03:55] INFO: Writing to disk took 9.3116 seconds
# [2024-06-06 14:03:55] INFO: ======================================================================
# [2024-06-06 14:03:55] INFO: Start sweeping...
# [2024-06-06 14:10:37] INFO: It took 401.839 seconds to do 500 HBOR sweeps.
# [2024-06-06 14:10:37] INFO: Plaquette = 0.659641
# [2024-06-06 14:10:37] INFO: Polyakov loop = (0.00278861,-0.000142671)
# [2024-06-06 14:10:37] INFO: Writing conf to disk...
# [2024-06-06 14:10:37] INFO: writeconf_nersc: Writing NERSC configuration ./conf_s060t20_b0680700_a_U000758000
# [2024-06-06 14:10:41] INFO: Calculated checksum: 15f15e90
# [2024-06-06 14:10:46] INFO: Calculated checksum: b987cbe5
# [2024-06-06 14:10:46] INFO: Writing RNGSTATE file: ./rand_s060t20_b0680700_a_U000758000
# [2024-06-06 14:10:46] INFO: Writing to disk took 9.31511 seconds
# [2024-06-06 14:10:46] INFO: ======================================================================
# [2024-06-06 14:10:46] INFO: Start sweeping...
# [2024-06-06 14:17:28] INFO: It took 401.788 seconds to do 500 HBOR sweeps.
# [2024-06-06 14:17:28] INFO: Plaquette = 0.659735
# [2024-06-06 14:17:28] INFO: Polyakov loop = (0.00304366,-0.000869995)
# [2024-06-06 14:17:28] INFO: Writing conf to disk...
# [2024-06-06 14:17:28] INFO: writeconf_nersc: Writing NERSC configuration ./conf_s060t20_b0680700_a_U000758500
# [2024-06-06 14:17:32] INFO: Calculated checksum: f77638
# [2024-06-06 14:17:37] INFO: Calculated checksum: 7d43b5b8
# [2024-06-06 14:17:37] INFO: Writing RNGSTATE file: ./rand_s060t20_b0680700_a_U000758500
# [2024-06-06 14:17:38] INFO: Writing to disk took 9.4878 seconds
# [2024-06-06 14:17:38] INFO: ======================================================================
# [2024-06-06 14:17:38] INFO: Start sweeping...
# [2024-06-06 14:24:19] INFO: It took 401.778 seconds to do 500 HBOR sweeps.
# [2024-06-06 14:24:19] INFO: Plaquette = 0.659751
# [2024-06-06 14:24:19] INFO: Polyakov loop = (0.00257978,0.000337621)
# [2024-06-06 14:24:19] INFO: Writing conf to disk...
# [2024-06-06 14:24:19] INFO: writeconf_nersc: Writing NERSC configuration ./conf_s060t20_b0680700_a_U000759000
# [2024-06-06 14:24:23] INFO: Calculated checksum: dc2c82cc
# [2024-06-06 14:24:28] INFO: Calculated checksum: 7e8abe89
# [2024-06-06 14:24:28] INFO: Writing RNGSTATE file: ./rand_s060t20_b0680700_a_U000759000
# [2024-06-06 14:24:29] INFO: Writing to disk took 9.22001 seconds
# [2024-06-06 14:24:29] INFO: ======================================================================
# [2024-06-06 14:24:29] INFO: Start sweeping...
# [2024-06-06 14:31:12] INFO: It took 402.95 seconds to do 500 HBOR sweeps.
# [2024-06-06 14:31:12] INFO: Plaquette = 0.659661
# [2024-06-06 14:31:12] INFO: Polyakov loop = (0.00290852,-0.000391795)
# [2024-06-06 14:31:12] INFO: Writing conf to disk...
# [2024-06-06 14:31:12] INFO: writeconf_nersc: Writing NERSC configuration ./conf_s060t20_b0680700_a_U000759500
# [2024-06-06 14:31:15] INFO: Calculated checksum: 3490ac33
# [2024-06-06 14:31:22] INFO: Calculated checksum: 3eef9d5b
# [2024-06-06 14:31:22] INFO: Writing RNGSTATE file: ./rand_s060t20_b0680700_a_U000759500
# [2024-06-06 14:31:22] INFO: Writing to disk took 10.6684 seconds
# [2024-06-06 14:31:22] INFO: ======================================================================
# [2024-06-06 14:31:22] INFO: Start sweeping...
# [2024-06-06 14:38:04] INFO: It took 402.015 seconds to do 500 HBOR sweeps.
# [2024-06-06 14:38:04] INFO: Plaquette = 0.659698
# [2024-06-06 14:38:04] INFO: Polyakov loop = (0.00303608,0.000681843)
# [2024-06-06 14:38:04] INFO: Writing conf to disk...
# [2024-06-06 14:38:04] INFO: writeconf_nersc: Writing NERSC configuration ./conf_s060t20_b0680700_a_U000760000
# [2024-06-06 14:38:08] INFO: Calculated checksum: cb88cf6d
# [2024-06-06 14:38:14] INFO: Calculated checksum: c302a4ee
# [2024-06-06 14:38:14] INFO: Writing RNGSTATE file: ./rand_s060t20_b0680700_a_U000760000
# [2024-06-06 14:38:14] INFO: Writing to disk took 10.1543 seconds
# [2024-06-06 14:38:14] INFO: ======================================================================
# [2024-06-06 14:38:14] INFO: Start sweeping...
# [2024-06-06 14:44:56] INFO: It took 401.671 seconds to do 500 HBOR sweeps.
# [2024-06-06 14:44:56] INFO: Plaquette = 0.659622
# [2024-06-06 14:44:56] INFO: Polyakov loop = (0.0023905,-0.000341208)
# [2024-06-06 14:44:56] INFO: Writing conf to disk...
# [2024-06-06 14:44:56] INFO: writeconf_nersc: Writing NERSC configuration ./conf_s060t20_b0680700_a_U000760500
# [2024-06-06 14:45:00] INFO: Calculated checksum: e01c3804
# [2024-06-06 14:45:05] INFO: Calculated checksum: 98b07585
# [2024-06-06 14:45:05] INFO: Writing RNGSTATE file: ./rand_s060t20_b0680700_a_U000760500
# [2024-06-06 14:45:06] INFO: Writing to disk took 9.39763 seconds
# [2024-06-06 14:45:06] INFO: ======================================================================
# [2024-06-06 14:45:06] INFO: Start sweeping...
# [2024-06-06 14:51:47] INFO: It took 401.637 seconds to do 500 HBOR sweeps.
# [2024-06-06 14:51:47] INFO: Plaquette = 0.659689
# [2024-06-06 14:51:47] INFO: Polyakov loop = (0.00243404,-0.000353798)
# [2024-06-06 14:51:47] INFO: Writing conf to disk...
# [2024-06-06 14:51:47] INFO: writeconf_nersc: Writing NERSC configuration ./conf_s060t20_b0680700_a_U000761000
# [2024-06-06 14:51:51] INFO: Calculated checksum: ded511b3
# [2024-06-06 14:51:57] INFO: Calculated checksum: 4ff887bc
# [2024-06-06 14:51:57] INFO: Writing RNGSTATE file: ./rand_s060t20_b0680700_a_U000761000
# [2024-06-06 14:51:57] INFO: Writing to disk took 9.44152 seconds
# [2024-06-06 14:51:57] INFO: ======================================================================
# [2024-06-06 14:51:57] INFO: Start sweeping...
# [2024-06-06 14:58:38] INFO: It took 401.613 seconds to do 500 HBOR sweeps.
# [2024-06-06 14:58:38] INFO: Plaquette = 0.65971
# [2024-06-06 14:58:38] INFO: Polyakov loop = (0.00127015,-0.00023559)
# [2024-06-06 14:58:38] INFO: Writing conf to disk...
# [2024-06-06 14:58:38] INFO: writeconf_nersc: Writing NERSC configuration ./conf_s060t20_b0680700_a_U000761500
# [2024-06-06 14:58:42] INFO: Calculated checksum: b8a69620
# [2024-06-06 14:58:48] INFO: Calculated checksum: 8bc77e9a
# [2024-06-06 14:58:48] INFO: Writing RNGSTATE file: ./rand_s060t20_b0680700_a_U000761500
# [2024-06-06 14:58:48] INFO: Writing to disk took 9.55897 seconds
# [2024-06-06 14:58:48] INFO: ======================================================================
# [2024-06-06 14:58:48] INFO: Start sweeping...
# [2024-06-06 15:05:30] INFO: It took 401.726 seconds to do 500 HBOR sweeps.
# [2024-06-06 15:05:30] INFO: Plaquette = 0.659652
# [2024-06-06 15:05:30] INFO: Polyakov loop = (0.00218954,-0.000105819)
# [2024-06-06 15:05:30] INFO: Writing conf to disk...
# [2024-06-06 15:05:30] INFO: writeconf_nersc: Writing NERSC configuration ./conf_s060t20_b0680700_a_U000762000
# [2024-06-06 15:05:33] INFO: Calculated checksum: 595389c0
# [2024-06-06 15:05:39] INFO: Calculated checksum: 3b3c85b8
# [2024-06-06 15:05:39] INFO: Writing RNGSTATE file: ./rand_s060t20_b0680700_a_U000762000
# [2024-06-06 15:05:39] INFO: Writing to disk took 9.40361 seconds
# [2024-06-06 15:05:39] INFO: ======================================================================
# [2024-06-06 15:05:39] INFO: Start sweeping...
# [2024-06-06 15:12:21] INFO: It took 401.772 seconds to do 500 HBOR sweeps.
# [2024-06-06 15:12:21] INFO: Plaquette = 0.659669
# [2024-06-06 15:12:21] INFO: Polyakov loop = (0.00255385,-0.00132382)
# [2024-06-06 15:12:21] INFO: Writing conf to disk...
# [2024-06-06 15:12:21] INFO: writeconf_nersc: Writing NERSC configuration ./conf_s060t20_b0680700_a_U000762500
# [2024-06-06 15:12:25] INFO: Calculated checksum: e2201690
# [2024-06-06 15:12:30] INFO: Calculated checksum: 1584268e
# [2024-06-06 15:12:30] INFO: Writing RNGSTATE file: ./rand_s060t20_b0680700_a_U000762500
# [2024-06-06 15:12:30] INFO: Writing to disk took 9.32578 seconds
# [2024-06-06 15:12:30] INFO: ======================================================================
# [2024-06-06 15:12:30] INFO: Start sweeping...
# [2024-06-06 15:19:12] INFO: It took 401.594 seconds to do 500 HBOR sweeps.
# [2024-06-06 15:19:12] INFO: Plaquette = 0.65966
# [2024-06-06 15:19:12] INFO: Polyakov loop = (0.00243232,0.000239751)
# [2024-06-06 15:19:12] INFO: Writing conf to disk...
# [2024-06-06 15:19:12] INFO: writeconf_nersc: Writing NERSC configuration ./conf_s060t20_b0680700_a_U000763000
# [2024-06-06 15:19:16] INFO: Calculated checksum: 1f9dd84d
# [2024-06-06 15:19:21] INFO: Calculated checksum: 496c2786
# [2024-06-06 15:19:21] INFO: Writing RNGSTATE file: ./rand_s060t20_b0680700_a_U000763000
# [2024-06-06 15:19:21] INFO: Writing to disk took 8.86789 seconds
# [2024-06-06 15:19:21] INFO: ======================================================================
# [2024-06-06 15:19:21] INFO: Start sweeping...
# [2024-06-06 15:26:02] INFO: It took 401.513 seconds to do 500 HBOR sweeps.
# [2024-06-06 15:26:02] INFO: Plaquette = 0.659634
# [2024-06-06 15:26:02] INFO: Polyakov loop = (0.00233646,-0.000340172)
# [2024-06-06 15:26:02] INFO: Writing conf to disk...
# [2024-06-06 15:26:02] INFO: writeconf_nersc: Writing NERSC configuration ./conf_s060t20_b0680700_a_U000763500
# [2024-06-06 15:26:06] INFO: Calculated checksum: d60af3e0
# [2024-06-06 15:26:11] INFO: Calculated checksum: bd7d0a47
# [2024-06-06 15:26:11] INFO: Writing RNGSTATE file: ./rand_s060t20_b0680700_a_U000763500
# [2024-06-06 15:26:11] INFO: Writing to disk took 9.22397 seconds
# [2024-06-06 15:26:11] INFO: ======================================================================
# [2024-06-06 15:26:11] INFO: Start sweeping...
# [2024-06-06 15:32:53] INFO: It took 401.488 seconds to do 500 HBOR sweeps.
# [2024-06-06 15:32:53] INFO: Plaquette = 0.659647
# [2024-06-06 15:32:53] INFO: Polyakov loop = (0.00245527,-0.000476605)
# [2024-06-06 15:32:53] INFO: Writing conf to disk...
# [2024-06-06 15:32:53] INFO: writeconf_nersc: Writing NERSC configuration ./conf_s060t20_b0680700_a_U000764000
# [2024-06-06 15:32:57] INFO: Calculated checksum: 2e3bb9fd
# [2024-06-06 15:33:03] INFO: Calculated checksum: 2d1e63f3
# [2024-06-06 15:33:03] INFO: Writing RNGSTATE file: ./rand_s060t20_b0680700_a_U000764000
# [2024-06-06 15:33:03] INFO: Writing to disk took 9.92234 seconds
# [2024-06-06 15:33:03] INFO: ======================================================================
# [2024-06-06 15:33:03] INFO: Start sweeping...
# [2024-06-06 15:39:44] INFO: It took 401.508 seconds to do 500 HBOR sweeps.
# [2024-06-06 15:39:44] INFO: Plaquette = 0.659622
# [2024-06-06 15:39:44] INFO: Polyakov loop = (0.00270256,0.000730667)
# [2024-06-06 15:39:44] INFO: Writing conf to disk...
# [2024-06-06 15:39:44] INFO: writeconf_nersc: Writing NERSC configuration ./conf_s060t20_b0680700_a_U000764500
# [2024-06-06 15:39:48] INFO: Calculated checksum: 3dbf753
# [2024-06-06 15:39:54] INFO: Calculated checksum: 5b3845eb
# [2024-06-06 15:39:54] INFO: Writing RNGSTATE file: ./rand_s060t20_b0680700_a_U000764500
# [2024-06-06 15:39:54] INFO: Writing to disk took 9.40538 seconds
# [2024-06-06 15:39:54] INFO: ======================================================================
# [2024-06-06 15:39:54] INFO: Start sweeping...
# [2024-06-06 15:46:35] INFO: It took 401.534 seconds to do 500 HBOR sweeps.
# [2024-06-06 15:46:35] INFO: Plaquette = 0.65963
# [2024-06-06 15:46:35] INFO: Polyakov loop = (0.00180848,-0.000441612)
# [2024-06-06 15:46:35] INFO: Writing conf to disk...
# [2024-06-06 15:46:35] INFO: writeconf_nersc: Writing NERSC configuration ./conf_s060t20_b0680700_a_U000765000
# [2024-06-06 15:46:39] INFO: Calculated checksum: 295d0206
# [2024-06-06 15:46:45] INFO: Calculated checksum: 3e411498
# [2024-06-06 15:46:45] INFO: Writing RNGSTATE file: ./rand_s060t20_b0680700_a_U000765000
# [2024-06-06 15:46:45] INFO: Writing to disk took 9.33343 seconds
# [2024-06-06 15:46:45] INFO: ======================================================================
# [2024-06-06 15:46:45] INFO: Start sweeping...
# [2024-06-06 15:53:26] INFO: It took 401.552 seconds to do 500 HBOR sweeps.
# [2024-06-06 15:53:26] INFO: Plaquette = 0.659689
# [2024-06-06 15:53:26] INFO: Polyakov loop = (0.00166149,-0.000364332)
# [2024-06-06 15:53:26] INFO: Writing conf to disk...
# [2024-06-06 15:53:26] INFO: writeconf_nersc: Writing NERSC configuration ./conf_s060t20_b0680700_a_U000765500
# [2024-06-06 15:53:30] INFO: Calculated checksum: 2d2a1661
# [2024-06-06 15:53:35] INFO: Calculated checksum: 4e3c0e31
# [2024-06-06 15:53:35] INFO: Writing RNGSTATE file: ./rand_s060t20_b0680700_a_U000765500
# [2024-06-06 15:53:36] INFO: Writing to disk took 9.32189 seconds
# [2024-06-06 15:53:36] INFO: ======================================================================
# [2024-06-06 15:53:36] INFO: Start sweeping...
# [2024-06-06 16:00:17] INFO: It took 401.523 seconds to do 500 HBOR sweeps.
# [2024-06-06 16:00:17] INFO: Plaquette = 0.659683
# [2024-06-06 16:00:17] INFO: Polyakov loop = (0.00247505,0.000186133)
# [2024-06-06 16:00:17] INFO: Writing conf to disk...
# [2024-06-06 16:00:17] INFO: writeconf_nersc: Writing NERSC configuration ./conf_s060t20_b0680700_a_U000766000
# [2024-06-06 16:00:21] INFO: Calculated checksum: 2209e9fd
# [2024-06-06 16:00:26] INFO: Calculated checksum: 9b11071c
# [2024-06-06 16:00:26] INFO: Writing RNGSTATE file: ./rand_s060t20_b0680700_a_U000766000
# [2024-06-06 16:00:27] INFO: Writing to disk took 9.383 seconds
# [2024-06-06 16:00:27] INFO: ======================================================================
# [2024-06-06 16:00:27] INFO: Start sweeping...
# [2024-06-06 16:07:08] INFO: It took 401.55 seconds to do 500 HBOR sweeps.
# [2024-06-06 16:07:08] INFO: Plaquette = 0.659731
# [2024-06-06 16:07:08] INFO: Polyakov loop = (0.0021744,0.000257841)
# [2024-06-06 16:07:08] INFO: Writing conf to disk...
# [2024-06-06 16:07:08] INFO: writeconf_nersc: Writing NERSC configuration ./conf_s060t20_b0680700_a_U000766500
# [2024-06-06 16:07:12] INFO: Calculated checksum: 417ca895
# [2024-06-06 16:07:17] INFO: Calculated checksum: 62f9b4c
# [2024-06-06 16:07:17] INFO: Writing RNGSTATE file: ./rand_s060t20_b0680700_a_U000766500
# [2024-06-06 16:07:17] INFO: Writing to disk took 9.31036 seconds
# [2024-06-06 16:07:17] INFO: ======================================================================
# [2024-06-06 16:07:17] INFO: Start sweeping...
# [2024-06-06 16:13:59] INFO: It took 401.558 seconds to do 500 HBOR sweeps.
# [2024-06-06 16:13:59] INFO: Plaquette = 0.659579
# [2024-06-06 16:13:59] INFO: Polyakov loop = (0.002354,0.000803434)
# [2024-06-06 16:13:59] INFO: Writing conf to disk...
# [2024-06-06 16:13:59] INFO: writeconf_nersc: Writing NERSC configuration ./conf_s060t20_b0680700_a_U000767000
# [2024-06-06 16:14:03] INFO: Calculated checksum: d3e59531
# [2024-06-06 16:14:09] INFO: Calculated checksum: 13853968
# [2024-06-06 16:14:09] INFO: Writing RNGSTATE file: ./rand_s060t20_b0680700_a_U000767000
# [2024-06-06 16:14:09] INFO: Writing to disk took 9.98991 seconds
# [2024-06-06 16:14:09] INFO: ======================================================================
# [2024-06-06 16:14:09] INFO: Start sweeping...
# [2024-06-06 16:20:52] INFO: It took 402.428 seconds to do 500 HBOR sweeps.
# [2024-06-06 16:20:52] INFO: Plaquette = 0.659742
# [2024-06-06 16:20:52] INFO: Polyakov loop = (0.00130291,-0.000524936)
# [2024-06-06 16:20:52] INFO: Writing conf to disk...
# [2024-06-06 16:20:52] INFO: writeconf_nersc: Writing NERSC configuration ./conf_s060t20_b0680700_a_U000767500
# [2024-06-06 16:20:55] INFO: Calculated checksum: 6246b0
# [2024-06-06 16:21:01] INFO: Calculated checksum: 85195662
# [2024-06-06 16:21:01] INFO: Writing RNGSTATE file: ./rand_s060t20_b0680700_a_U000767500
# [2024-06-06 16:21:01] INFO: Writing to disk took 9.3487 seconds
# [2024-06-06 16:21:01] INFO: ======================================================================
# [2024-06-06 16:21:01] INFO: Start sweeping...
# [2024-06-06 16:27:43] INFO: It took 401.595 seconds to do 500 HBOR sweeps.
# [2024-06-06 16:27:43] INFO: Plaquette = 0.659585
# [2024-06-06 16:27:43] INFO: Polyakov loop = (0.00199738,0.000485573)
# [2024-06-06 16:27:43] INFO: Writing conf to disk...
# [2024-06-06 16:27:43] INFO: writeconf_nersc: Writing NERSC configuration ./conf_s060t20_b0680700_a_U000768000
# [2024-06-06 16:27:46] INFO: Calculated checksum: 1d642490
# [2024-06-06 16:27:52] INFO: Calculated checksum: aa6b7a11
# [2024-06-06 16:27:52] INFO: Writing RNGSTATE file: ./rand_s060t20_b0680700_a_U000768000
# [2024-06-06 16:27:52] INFO: Writing to disk took 9.35042 seconds
# [2024-06-06 16:27:52] INFO: ======================================================================
# [2024-06-06 16:27:52] INFO: Start sweeping...
# [2024-06-06 16:34:33] INFO: It took 401.544 seconds to do 500 HBOR sweeps.
# [2024-06-06 16:34:33] INFO: Plaquette = 0.659652
# [2024-06-06 16:34:33] INFO: Polyakov loop = (0.00246082,-0.000848392)
# [2024-06-06 16:34:33] INFO: Writing conf to disk...
# [2024-06-06 16:34:33] INFO: writeconf_nersc: Writing NERSC configuration ./conf_s060t20_b0680700_a_U000768500
# [2024-06-06 16:34:37] INFO: Calculated checksum: 256f5b47
# [2024-06-06 16:34:43] INFO: Calculated checksum: f26fd73d
# [2024-06-06 16:34:43] INFO: Writing RNGSTATE file: ./rand_s060t20_b0680700_a_U000768500
# [2024-06-06 16:34:43] INFO: Writing to disk took 9.30876 seconds
# [2024-06-06 16:34:43] INFO: ======================================================================
# [2024-06-06 16:34:43] INFO: Start sweeping...
# [2024-06-06 16:41:25] INFO: It took 402.332 seconds to do 500 HBOR sweeps.
# [2024-06-06 16:41:25] INFO: Plaquette = 0.659643
# [2024-06-06 16:41:25] INFO: Polyakov loop = (0.00297141,-2.75386e-05)
# [2024-06-06 16:41:25] INFO: Writing conf to disk...
# [2024-06-06 16:41:25] INFO: writeconf_nersc: Writing NERSC configuration ./conf_s060t20_b0680700_a_U000769000
# [2024-06-06 16:41:29] INFO: Calculated checksum: 3285541c
# [2024-06-06 16:41:35] INFO: Calculated checksum: 30aac2cf
# [2024-06-06 16:41:35] INFO: Writing RNGSTATE file: ./rand_s060t20_b0680700_a_U000769000
# [2024-06-06 16:41:35] INFO: Writing to disk took 9.8387 seconds
# [2024-06-06 16:41:35] INFO: ======================================================================
# [2024-06-06 16:41:35] INFO: Start sweeping...
# [2024-06-06 16:48:18] INFO: It took 403.026 seconds to do 500 HBOR sweeps.
# [2024-06-06 16:48:18] INFO: Plaquette = 0.659711
# [2024-06-06 16:48:18] INFO: Polyakov loop = (0.00202612,-0.000644444)
# [2024-06-06 16:48:18] INFO: Writing conf to disk...
# [2024-06-06 16:48:18] INFO: writeconf_nersc: Writing NERSC configuration ./conf_s060t20_b0680700_a_U000769500
# [2024-06-06 16:48:22] INFO: Calculated checksum: fa6cc683
# [2024-06-06 16:48:27] INFO: Calculated checksum: 76bdf72d
# [2024-06-06 16:48:27] INFO: Writing RNGSTATE file: ./rand_s060t20_b0680700_a_U000769500
# [2024-06-06 16:48:27] INFO: Writing to disk took 9.38409 seconds
# [2024-06-06 16:48:27] INFO: ======================================================================
# [2024-06-06 16:48:27] INFO: Start sweeping...
# [2024-06-06 16:55:11] INFO: It took 403.147 seconds to do 500 HBOR sweeps.
# [2024-06-06 16:55:11] INFO: Plaquette = 0.659655
# [2024-06-06 16:55:11] INFO: Polyakov loop = (0.00207205,9.52088e-05)
# [2024-06-06 16:55:11] INFO: Writing conf to disk...
# [2024-06-06 16:55:11] INFO: writeconf_nersc: Writing NERSC configuration ./conf_s060t20_b0680700_a_U000770000
# [2024-06-06 16:55:14] INFO: Calculated checksum: 7fc8fd01
# [2024-06-06 16:55:20] INFO: Calculated checksum: 36d0dc10
# [2024-06-06 16:55:20] INFO: Writing RNGSTATE file: ./rand_s060t20_b0680700_a_U000770000
# [2024-06-06 16:55:20] INFO: Writing to disk took 9.30018 seconds
# [2024-06-06 16:55:20] INFO: ======================================================================
# [2024-06-06 16:55:20] INFO: Start sweeping...
# [2024-06-06 17:02:03] INFO: It took 402.949 seconds to do 500 HBOR sweeps.
# [2024-06-06 17:02:03] INFO: Plaquette = 0.659626
# [2024-06-06 17:02:03] INFO: Polyakov loop = (0.00239013,0.000851778)
# [2024-06-06 17:02:03] INFO: Writing conf to disk...
# [2024-06-06 17:02:03] INFO: writeconf_nersc: Writing NERSC configuration ./conf_s060t20_b0680700_a_U000770500
# [2024-06-06 17:02:07] INFO: Calculated checksum: c559233c
# [2024-06-06 17:02:12] INFO: Calculated checksum: d56aa956
# [2024-06-06 17:02:12] INFO: Writing RNGSTATE file: ./rand_s060t20_b0680700_a_U000770500
# [2024-06-06 17:02:12] INFO: Writing to disk took 9.37907 seconds
# [2024-06-06 17:02:12] INFO: ======================================================================
# [2024-06-06 17:02:12] INFO: Start sweeping...
# [2024-06-06 17:08:55] INFO: It took 403.032 seconds to do 500 HBOR sweeps.
# [2024-06-06 17:08:55] INFO: Plaquette = 0.659657
# [2024-06-06 17:08:55] INFO: Polyakov loop = (0.00232684,1.79795e-05)
# [2024-06-06 17:08:55] INFO: Writing conf to disk...
# [2024-06-06 17:08:55] INFO: writeconf_nersc: Writing NERSC configuration ./conf_s060t20_b0680700_a_U000771000
# [2024-06-06 17:08:59] INFO: Calculated checksum: 1412a6c
# [2024-06-06 17:09:05] INFO: Calculated checksum: 777834bc
# [2024-06-06 17:09:05] INFO: Writing RNGSTATE file: ./rand_s060t20_b0680700_a_U000771000
# [2024-06-06 17:09:05] INFO: Writing to disk took 9.38417 seconds
# [2024-06-06 17:09:05] INFO: ======================================================================
# [2024-06-06 17:09:05] INFO: Start sweeping...
# [2024-06-06 17:15:47] INFO: It took 402.374 seconds to do 500 HBOR sweeps.
# [2024-06-06 17:15:47] INFO: Plaquette = 0.659699
# [2024-06-06 17:15:47] INFO: Polyakov loop = (0.00245261,9.60854e-05)
# [2024-06-06 17:15:47] INFO: Writing conf to disk...
# [2024-06-06 17:15:47] INFO: writeconf_nersc: Writing NERSC configuration ./conf_s060t20_b0680700_a_U000771500
# [2024-06-06 17:15:51] INFO: Calculated checksum: 6fa77e9a
# [2024-06-06 17:15:56] INFO: Calculated checksum: 412162a8
# [2024-06-06 17:15:56] INFO: Writing RNGSTATE file: ./rand_s060t20_b0680700_a_U000771500
# [2024-06-06 17:15:56] INFO: Writing to disk took 9.32219 seconds
# [2024-06-06 17:15:56] INFO: ======================================================================
# [2024-06-06 17:15:56] INFO: Start sweeping...
# [2024-06-06 17:22:39] INFO: It took 402.361 seconds to do 500 HBOR sweeps.
# [2024-06-06 17:22:39] INFO: Plaquette = 0.659647
# [2024-06-06 17:22:39] INFO: Polyakov loop = (0.00187098,-0.000261793)
# [2024-06-06 17:22:39] INFO: Writing conf to disk...
# [2024-06-06 17:22:39] INFO: writeconf_nersc: Writing NERSC configuration ./conf_s060t20_b0680700_a_U000772000
# [2024-06-06 17:22:43] INFO: Calculated checksum: 7892982b
# [2024-06-06 17:22:49] INFO: Calculated checksum: 9b0571ff
# [2024-06-06 17:22:49] INFO: Writing RNGSTATE file: ./rand_s060t20_b0680700_a_U000772000
# [2024-06-06 17:22:49] INFO: Writing to disk took 10.341 seconds
# [2024-06-06 17:22:49] INFO: ======================================================================
# [2024-06-06 17:22:49] INFO: Start sweeping...
# [2024-06-06 17:29:32] INFO: It took 402.618 seconds to do 500 HBOR sweeps.
# [2024-06-06 17:29:32] INFO: Plaquette = 0.659687
# [2024-06-06 17:29:32] INFO: Polyakov loop = (0.00267679,0.00120293)
# [2024-06-06 17:29:32] INFO: Writing conf to disk...
# [2024-06-06 17:29:32] INFO: writeconf_nersc: Writing NERSC configuration ./conf_s060t20_b0680700_a_U000772500
# [2024-06-06 17:29:36] INFO: Calculated checksum: 6ebdbadc
# [2024-06-06 17:29:41] INFO: Calculated checksum: 80efb9e8
# [2024-06-06 17:29:41] INFO: Writing RNGSTATE file: ./rand_s060t20_b0680700_a_U000772500
# [2024-06-06 17:29:41] INFO: Writing to disk took 9.36567 seconds
# [2024-06-06 17:29:41] INFO: ======================================================================
# [2024-06-06 17:29:41] INFO: Start sweeping...
# [2024-06-06 17:36:24] INFO: It took 402.586 seconds to do 500 HBOR sweeps.
# [2024-06-06 17:36:24] INFO: Plaquette = 0.659674
# [2024-06-06 17:36:24] INFO: Polyakov loop = (0.002243,-3.00028e-05)
# [2024-06-06 17:36:24] INFO: Writing conf to disk...
# [2024-06-06 17:36:24] INFO: writeconf_nersc: Writing NERSC configuration ./conf_s060t20_b0680700_a_U000773000
# [2024-06-06 17:36:28] INFO: Calculated checksum: 969cd220
# [2024-06-06 17:36:33] INFO: Calculated checksum: 456637c0
# [2024-06-06 17:36:33] INFO: Writing RNGSTATE file: ./rand_s060t20_b0680700_a_U000773000
# [2024-06-06 17:36:33] INFO: Writing to disk took 9.33009 seconds
# [2024-06-06 17:36:33] INFO: ======================================================================
# [2024-06-06 17:36:33] INFO: Start sweeping...
# [2024-06-06 17:43:16] INFO: It took 402.47 seconds to do 500 HBOR sweeps.
# [2024-06-06 17:43:16] INFO: Plaquette = 0.659807
# [2024-06-06 17:43:16] INFO: Polyakov loop = (0.00278496,-4.36564e-06)
# [2024-06-06 17:43:16] INFO: Writing conf to disk...
# [2024-06-06 17:43:16] INFO: writeconf_nersc: Writing NERSC configuration ./conf_s060t20_b0680700_a_U000773500
# [2024-06-06 17:43:19] INFO: Calculated checksum: 79fd1090
# [2024-06-06 17:43:25] INFO: Calculated checksum: b207b408
# [2024-06-06 17:43:25] INFO: Writing RNGSTATE file: ./rand_s060t20_b0680700_a_U000773500
# [2024-06-06 17:43:25] INFO: Writing to disk took 9.23385 seconds
# [2024-06-06 17:43:25] INFO: ======================================================================
# [2024-06-06 17:43:25] INFO: Start sweeping...
# [2024-06-06 17:50:07] INFO: It took 402.442 seconds to do 500 HBOR sweeps.
# [2024-06-06 17:50:07] INFO: Plaquette = 0.659609
# [2024-06-06 17:50:07] INFO: Polyakov loop = (0.00277827,-0.000618587)
# [2024-06-06 17:50:07] INFO: Writing conf to disk...
# [2024-06-06 17:50:07] INFO: writeconf_nersc: Writing NERSC configuration ./conf_s060t20_b0680700_a_U000774000
# [2024-06-06 17:50:11] INFO: Calculated checksum: ab49745f
# [2024-06-06 17:50:16] INFO: Calculated checksum: b2f33186
# [2024-06-06 17:50:16] INFO: Writing RNGSTATE file: ./rand_s060t20_b0680700_a_U000774000
# [2024-06-06 17:50:17] INFO: Writing to disk took 9.29775 seconds
# [2024-06-06 17:50:17] INFO: ======================================================================
# [2024-06-06 17:50:17] INFO: Start sweeping...
# [2024-06-06 17:56:58] INFO: It took 401.425 seconds to do 500 HBOR sweeps.
# [2024-06-06 17:56:58] INFO: Plaquette = 0.659635
# [2024-06-06 17:56:58] INFO: Polyakov loop = (0.00253719,-0.000920528)
# [2024-06-06 17:56:58] INFO: Writing conf to disk...
# [2024-06-06 17:56:58] INFO: writeconf_nersc: Writing NERSC configuration ./conf_s060t20_b0680700_a_U000774500
# [2024-06-06 17:57:02] INFO: Calculated checksum: 270c2fdc
# [2024-06-06 17:57:07] INFO: Calculated checksum: b1885a82
# [2024-06-06 17:57:07] INFO: Writing RNGSTATE file: ./rand_s060t20_b0680700_a_U000774500
# [2024-06-06 17:57:08] INFO: Writing to disk took 9.54272 seconds
# [2024-06-06 17:57:08] INFO: ======================================================================
# [2024-06-06 17:57:08] INFO: Start sweeping...
# [2024-06-06 18:03:49] INFO: It took 401.73 seconds to do 500 HBOR sweeps.
# [2024-06-06 18:03:49] INFO: Plaquette = 0.659636
# [2024-06-06 18:03:49] INFO: Polyakov loop = (0.00310584,-0.000146979)
# [2024-06-06 18:03:49] INFO: Writing conf to disk...
# [2024-06-06 18:03:49] INFO: writeconf_nersc: Writing NERSC configuration ./conf_s060t20_b0680700_a_U000775000
# [2024-06-06 18:03:53] INFO: Calculated checksum: 4b6422bd
# [2024-06-06 18:03:59] INFO: Calculated checksum: d50b6bf3
# [2024-06-06 18:03:59] INFO: Writing RNGSTATE file: ./rand_s060t20_b0680700_a_U000775000
# [2024-06-06 18:03:59] INFO: Writing to disk took 9.39274 seconds
# [2024-06-06 18:03:59] INFO: ======================================================================
# [2024-06-06 18:03:59] INFO: Start sweeping...
# [2024-06-06 18:10:41] INFO: It took 401.954 seconds to do 500 HBOR sweeps.
# [2024-06-06 18:10:41] INFO: Plaquette = 0.659643
# [2024-06-06 18:10:41] INFO: Polyakov loop = (0.00187099,-2.58017e-07)
# [2024-06-06 18:10:41] INFO: Writing conf to disk...
# [2024-06-06 18:10:41] INFO: writeconf_nersc: Writing NERSC configuration ./conf_s060t20_b0680700_a_U000775500
# [2024-06-06 18:10:45] INFO: Calculated checksum: 3f0cfa8
# [2024-06-06 18:10:51] INFO: Calculated checksum: 50c1f81
# [2024-06-06 18:10:51] INFO: Writing RNGSTATE file: ./rand_s060t20_b0680700_a_U000775500
# [2024-06-06 18:10:51] INFO: Writing to disk took 10.2582 seconds
# [2024-06-06 18:10:51] INFO: ======================================================================
# [2024-06-06 18:10:51] INFO: Start sweeping...
# [2024-06-06 18:17:33] INFO: It took 401.995 seconds to do 500 HBOR sweeps.
# [2024-06-06 18:17:33] INFO: Plaquette = 0.659557
# [2024-06-06 18:17:33] INFO: Polyakov loop = (0.00231451,-0.000609233)
# [2024-06-06 18:17:33] INFO: Writing conf to disk...
# [2024-06-06 18:17:33] INFO: writeconf_nersc: Writing NERSC configuration ./conf_s060t20_b0680700_a_U000776000
# [2024-06-06 18:17:37] INFO: Calculated checksum: 92170bb8
# [2024-06-06 18:17:43] INFO: Calculated checksum: 269da9a1
# [2024-06-06 18:17:43] INFO: Writing RNGSTATE file: ./rand_s060t20_b0680700_a_U000776000
# [2024-06-06 18:17:43] INFO: Writing to disk took 9.66684 seconds
# [2024-06-06 18:17:43] INFO: ======================================================================
# [2024-06-06 18:17:43] INFO: Start sweeping...
# [2024-06-06 18:24:25] INFO: It took 401.829 seconds to do 500 HBOR sweeps.
# [2024-06-06 18:24:25] INFO: Plaquette = 0.659533
# [2024-06-06 18:24:25] INFO: Polyakov loop = (0.00217297,-2.21329e-05)
# [2024-06-06 18:24:25] INFO: Writing conf to disk...
# [2024-06-06 18:24:25] INFO: writeconf_nersc: Writing NERSC configuration ./conf_s060t20_b0680700_a_U000776500
# [2024-06-06 18:24:28] INFO: Calculated checksum: c1133edd
# [2024-06-06 18:24:34] INFO: Calculated checksum: b20fc02e
# [2024-06-06 18:24:34] INFO: Writing RNGSTATE file: ./rand_s060t20_b0680700_a_U000776500
# [2024-06-06 18:24:34] INFO: Writing to disk took 9.3748 seconds
# [2024-06-06 18:24:34] INFO: ======================================================================
# [2024-06-06 18:24:34] INFO: Start sweeping...
# [2024-06-06 18:31:16] INFO: It took 401.753 seconds to do 500 HBOR sweeps.
# [2024-06-06 18:31:16] INFO: Plaquette = 0.659669
# [2024-06-06 18:31:16] INFO: Polyakov loop = (0.00158594,-8.52773e-05)
# [2024-06-06 18:31:16] INFO: Writing conf to disk...
# [2024-06-06 18:31:16] INFO: writeconf_nersc: Writing NERSC configuration ./conf_s060t20_b0680700_a_U000777000
# [2024-06-06 18:31:20] INFO: Calculated checksum: 97aaf4f
# [2024-06-06 18:31:26] INFO: Calculated checksum: 62d67611
# [2024-06-06 18:31:26] INFO: Writing RNGSTATE file: ./rand_s060t20_b0680700_a_U000777000
# [2024-06-06 18:31:26] INFO: Writing to disk took 10.292 seconds
# [2024-06-06 18:31:26] INFO: ======================================================================
# [2024-06-06 18:31:26] INFO: Start sweeping...
# [2024-06-06 18:38:08] INFO: It took 401.768 seconds to do 500 HBOR sweeps.
# [2024-06-06 18:38:08] INFO: Plaquette = 0.659645
# [2024-06-06 18:38:08] INFO: Polyakov loop = (0.00250223,-9.52479e-05)
# [2024-06-06 18:38:08] INFO: Writing conf to disk...
# [2024-06-06 18:38:08] INFO: writeconf_nersc: Writing NERSC configuration ./conf_s060t20_b0680700_a_U000777500
# [2024-06-06 18:38:12] INFO: Calculated checksum: 106f75b6
# [2024-06-06 18:38:17] INFO: Calculated checksum: 3be35963
# [2024-06-06 18:38:17] INFO: Writing RNGSTATE file: ./rand_s060t20_b0680700_a_U000777500
# [2024-06-06 18:38:17] INFO: Writing to disk took 9.35899 seconds
# [2024-06-06 18:38:17] INFO: ======================================================================
# [2024-06-06 18:38:17] INFO: Start sweeping...
# [2024-06-06 18:44:59] INFO: It took 401.841 seconds to do 500 HBOR sweeps.
# [2024-06-06 18:44:59] INFO: Plaquette = 0.659703
# [2024-06-06 18:44:59] INFO: Polyakov loop = (0.00265943,0.000768464)
# [2024-06-06 18:44:59] INFO: Writing conf to disk...
# [2024-06-06 18:44:59] INFO: writeconf_nersc: Writing NERSC configuration ./conf_s060t20_b0680700_a_U000778000
# [2024-06-06 18:45:03] INFO: Calculated checksum: 925a1a97
# [2024-06-06 18:45:08] INFO: Calculated checksum: 9b02ce4e
# [2024-06-06 18:45:08] INFO: Writing RNGSTATE file: ./rand_s060t20_b0680700_a_U000778000
# [2024-06-06 18:45:09] INFO: Writing to disk took 9.61406 seconds
# [2024-06-06 18:45:09] INFO: ======================================================================
# [2024-06-06 18:45:09] INFO: Start sweeping...
# [2024-06-06 18:51:51] INFO: It took 401.903 seconds to do 500 HBOR sweeps.
# [2024-06-06 18:51:51] INFO: Plaquette = 0.659653
# [2024-06-06 18:51:51] INFO: Polyakov loop = (0.00256761,0.000573932)
# [2024-06-06 18:51:51] INFO: Writing conf to disk...
# [2024-06-06 18:51:51] INFO: writeconf_nersc: Writing NERSC configuration ./conf_s060t20_b0680700_a_U000778500
# [2024-06-06 18:51:54] INFO: Calculated checksum: 5aeb86ec
# [2024-06-06 18:52:00] INFO: Calculated checksum: d4719f29
# [2024-06-06 18:52:00] INFO: Writing RNGSTATE file: ./rand_s060t20_b0680700_a_U000778500
# [2024-06-06 18:52:00] INFO: Writing to disk took 9.37348 seconds
# [2024-06-06 18:52:00] INFO: ======================================================================
# [2024-06-06 18:52:00] INFO: Start sweeping...
# [2024-06-06 18:58:42] INFO: It took 401.936 seconds to do 500 HBOR sweeps.
# [2024-06-06 18:58:42] INFO: Plaquette = 0.659661
# [2024-06-06 18:58:42] INFO: Polyakov loop = (0.00344922,0.00016778)
# [2024-06-06 18:58:42] INFO: Writing conf to disk...
# [2024-06-06 18:58:42] INFO: writeconf_nersc: Writing NERSC configuration ./conf_s060t20_b0680700_a_U000779000
# [2024-06-06 18:58:46] INFO: Calculated checksum: ec80859d
# [2024-06-06 18:58:52] INFO: Calculated checksum: ff22765e
# [2024-06-06 18:58:52] INFO: Writing RNGSTATE file: ./rand_s060t20_b0680700_a_U000779000
# [2024-06-06 18:58:52] INFO: Writing to disk took 10.033 seconds
# [2024-06-06 18:58:52] INFO: ======================================================================
# [2024-06-06 18:58:52] INFO: Start sweeping...
# [2024-06-06 19:05:35] INFO: It took 403.265 seconds to do 500 HBOR sweeps.
# [2024-06-06 19:05:35] INFO: Plaquette = 0.659753
# [2024-06-06 19:05:35] INFO: Polyakov loop = (0.00283186,0.000226004)
# [2024-06-06 19:05:35] INFO: Writing conf to disk...
# [2024-06-06 19:05:35] INFO: writeconf_nersc: Writing NERSC configuration ./conf_s060t20_b0680700_a_U000779500
# [2024-06-06 19:05:39] INFO: Calculated checksum: d9aa8cbd
# [2024-06-06 19:05:45] INFO: Calculated checksum: ebd82c87
# [2024-06-06 19:05:45] INFO: Writing RNGSTATE file: ./rand_s060t20_b0680700_a_U000779500
# [2024-06-06 19:05:45] INFO: Writing to disk took 9.4098 seconds
# [2024-06-06 19:05:45] INFO: ======================================================================
# [2024-06-06 19:05:45] INFO: Start sweeping...
# [2024-06-06 19:12:26] INFO: It took 401.632 seconds to do 500 HBOR sweeps.
# [2024-06-06 19:12:26] INFO: Plaquette = 0.659623
# [2024-06-06 19:12:26] INFO: Polyakov loop = (0.00209986,0.000478897)
# [2024-06-06 19:12:26] INFO: Writing conf to disk...
# [2024-06-06 19:12:26] INFO: writeconf_nersc: Writing NERSC configuration ./conf_s060t20_b0680700_a_U000780000
# [2024-06-06 19:12:30] INFO: Calculated checksum: e6d333fc
# [2024-06-06 19:12:36] INFO: Calculated checksum: f7d6ba48
# [2024-06-06 19:12:36] INFO: Writing RNGSTATE file: ./rand_s060t20_b0680700_a_U000780000
# [2024-06-06 19:12:36] INFO: Writing to disk took 9.36843 seconds
# [2024-06-06 19:12:36] INFO: ======================================================================
# [2024-06-06 19:12:36] INFO: Start sweeping...
# [2024-06-06 19:19:18] INFO: It took 401.984 seconds to do 500 HBOR sweeps.
# [2024-06-06 19:19:18] INFO: Plaquette = 0.659735
# [2024-06-06 19:19:18] INFO: Polyakov loop = (0.00175486,-0.00122712)
# [2024-06-06 19:19:18] INFO: Writing conf to disk...
# [2024-06-06 19:19:18] INFO: writeconf_nersc: Writing NERSC configuration ./conf_s060t20_b0680700_a_U000780500
# [2024-06-06 19:19:22] INFO: Calculated checksum: e0ae72b1
# [2024-06-06 19:19:27] INFO: Calculated checksum: cf5f256a
# [2024-06-06 19:19:27] INFO: Writing RNGSTATE file: ./rand_s060t20_b0680700_a_U000780500
# [2024-06-06 19:19:27] INFO: Writing to disk took 9.39152 seconds
# [2024-06-06 19:19:27] INFO: ======================================================================
# [2024-06-06 19:19:27] INFO: Start sweeping...
# [2024-06-06 19:26:10] INFO: It took 402.992 seconds to do 500 HBOR sweeps.
# [2024-06-06 19:26:10] INFO: Plaquette = 0.659672
# [2024-06-06 19:26:10] INFO: Polyakov loop = (0.00298106,0.000100684)
# [2024-06-06 19:26:10] INFO: Writing conf to disk...
# [2024-06-06 19:26:10] INFO: writeconf_nersc: Writing NERSC configuration ./conf_s060t20_b0680700_a_U000781000
# [2024-06-06 19:26:14] INFO: Calculated checksum: 20cd7d58
# [2024-06-06 19:26:19] INFO: Calculated checksum: 89da7bc
# [2024-06-06 19:26:19] INFO: Writing RNGSTATE file: ./rand_s060t20_b0680700_a_U000781000
# [2024-06-06 19:26:20] INFO: Writing to disk took 9.40257 seconds
# [2024-06-06 19:26:20] INFO: ======================================================================
# [2024-06-06 19:26:20] INFO: Start sweeping...
# [2024-06-06 19:33:01] INFO: It took 401.572 seconds to do 500 HBOR sweeps.
# [2024-06-06 19:33:01] INFO: Plaquette = 0.659651
# [2024-06-06 19:33:01] INFO: Polyakov loop = (0.00142625,0.000335771)
# [2024-06-06 19:33:01] INFO: Writing conf to disk...
# [2024-06-06 19:33:01] INFO: writeconf_nersc: Writing NERSC configuration ./conf_s060t20_b0680700_a_U000781500
# [2024-06-06 19:33:05] INFO: Calculated checksum: 220d4b52
# [2024-06-06 19:33:10] INFO: Calculated checksum: 2e84fd54
# [2024-06-06 19:33:10] INFO: Writing RNGSTATE file: ./rand_s060t20_b0680700_a_U000781500
# [2024-06-06 19:33:11] INFO: Writing to disk took 9.52017 seconds
# [2024-06-06 19:33:11] INFO: ======================================================================
# [2024-06-06 19:33:11] INFO: Start sweeping...
# [2024-06-06 19:39:53] INFO: It took 401.988 seconds to do 500 HBOR sweeps.
# [2024-06-06 19:39:53] INFO: Plaquette = 0.659588
# [2024-06-06 19:39:53] INFO: Polyakov loop = (0.00115495,0.000367438)
# [2024-06-06 19:39:53] INFO: Writing conf to disk...
# [2024-06-06 19:39:53] INFO: writeconf_nersc: Writing NERSC configuration ./conf_s060t20_b0680700_a_U000782000
# [2024-06-06 19:39:56] INFO: Calculated checksum: 1fcd8e62
# [2024-06-06 19:40:02] INFO: Calculated checksum: 1faef715
# [2024-06-06 19:40:02] INFO: Writing RNGSTATE file: ./rand_s060t20_b0680700_a_U000782000
# [2024-06-06 19:40:02] INFO: Writing to disk took 9.36207 seconds
# [2024-06-06 19:40:02] INFO: ======================================================================
# [2024-06-06 19:40:02] INFO: Start sweeping...
# [2024-06-06 19:46:46] INFO: It took 403.442 seconds to do 500 HBOR sweeps.
# [2024-06-06 19:46:46] INFO: Plaquette = 0.659601
# [2024-06-06 19:46:46] INFO: Polyakov loop = (0.00236578,-0.000834593)
# [2024-06-06 19:46:46] INFO: Writing conf to disk...
# [2024-06-06 19:46:46] INFO: writeconf_nersc: Writing NERSC configuration ./conf_s060t20_b0680700_a_U000782500
# [2024-06-06 19:46:50] INFO: Calculated checksum: 18cfa414
# [2024-06-06 19:46:58] INFO: Calculated checksum: 542b766
# [2024-06-06 19:46:58] INFO: Writing RNGSTATE file: ./rand_s060t20_b0680700_a_U000782500
# [2024-06-06 19:46:58] INFO: Writing to disk took 12.2175 seconds
# [2024-06-06 19:46:58] INFO: ======================================================================
# [2024-06-06 19:46:58] INFO: Start sweeping...
# [2024-06-06 19:53:40] INFO: It took 401.501 seconds to do 500 HBOR sweeps.
# [2024-06-06 19:53:40] INFO: Plaquette = 0.65962
# [2024-06-06 19:53:40] INFO: Polyakov loop = (0.00271765,0.000539942)
# [2024-06-06 19:53:40] INFO: Writing conf to disk...
# [2024-06-06 19:53:40] INFO: writeconf_nersc: Writing NERSC configuration ./conf_s060t20_b0680700_a_U000783000
# [2024-06-06 19:53:43] INFO: Calculated checksum: 39c1960c
# [2024-06-06 19:53:49] INFO: Calculated checksum: c0db446e
# [2024-06-06 19:53:49] INFO: Writing RNGSTATE file: ./rand_s060t20_b0680700_a_U000783000
# [2024-06-06 19:53:49] INFO: Writing to disk took 9.20288 seconds
# [2024-06-06 19:53:49] INFO: ======================================================================
# [2024-06-06 19:53:49] INFO: Start sweeping...
# [2024-06-06 20:00:31] INFO: It took 401.803 seconds to do 500 HBOR sweeps.
# [2024-06-06 20:00:31] INFO: Plaquette = 0.659644
# [2024-06-06 20:00:31] INFO: Polyakov loop = (0.00302396,-0.000359065)
# [2024-06-06 20:00:31] INFO: Writing conf to disk...
# [2024-06-06 20:00:31] INFO: writeconf_nersc: Writing NERSC configuration ./conf_s060t20_b0680700_a_U000783500
# [2024-06-06 20:00:35] INFO: Calculated checksum: 26f079dc
# [2024-06-06 20:00:40] INFO: Calculated checksum: bb84598
# [2024-06-06 20:00:40] INFO: Writing RNGSTATE file: ./rand_s060t20_b0680700_a_U000783500
# [2024-06-06 20:00:40] INFO: Writing to disk took 9.43808 seconds
# [2024-06-06 20:00:40] INFO: ======================================================================
# [2024-06-06 20:00:40] INFO: Start sweeping...
# [2024-06-06 20:07:23] INFO: It took 403.312 seconds to do 500 HBOR sweeps.
# [2024-06-06 20:07:23] INFO: Plaquette = 0.659648
# [2024-06-06 20:07:23] INFO: Polyakov loop = (0.00204484,0.000837501)
# [2024-06-06 20:07:23] INFO: Writing conf to disk...
# [2024-06-06 20:07:23] INFO: writeconf_nersc: Writing NERSC configuration ./conf_s060t20_b0680700_a_U000784000
# [2024-06-06 20:07:27] INFO: Calculated checksum: 95ad96f2
# [2024-06-06 20:07:33] INFO: Calculated checksum: 4d8da2fa
# [2024-06-06 20:07:33] INFO: Writing RNGSTATE file: ./rand_s060t20_b0680700_a_U000784000
# [2024-06-06 20:07:33] INFO: Writing to disk took 9.34889 seconds
# [2024-06-06 20:07:33] INFO: ======================================================================
# [2024-06-06 20:07:33] INFO: Start sweeping...
# [2024-06-06 20:14:15] INFO: It took 402.005 seconds to do 500 HBOR sweeps.
# [2024-06-06 20:14:15] INFO: Plaquette = 0.659701
# [2024-06-06 20:14:15] INFO: Polyakov loop = (0.00267088,0.000183705)
# [2024-06-06 20:14:15] INFO: Writing conf to disk...
# [2024-06-06 20:14:15] INFO: writeconf_nersc: Writing NERSC configuration ./conf_s060t20_b0680700_a_U000784500
# [2024-06-06 20:14:19] INFO: Calculated checksum: bc31c2b2
# [2024-06-06 20:14:24] INFO: Calculated checksum: bf99032c
# [2024-06-06 20:14:24] INFO: Writing RNGSTATE file: ./rand_s060t20_b0680700_a_U000784500
# [2024-06-06 20:14:24] INFO: Writing to disk took 9.301 seconds
# [2024-06-06 20:14:24] INFO: ======================================================================
# [2024-06-06 20:14:24] INFO: Start sweeping...
# [2024-06-06 20:21:06] INFO: It took 401.713 seconds to do 500 HBOR sweeps.
# [2024-06-06 20:21:06] INFO: Plaquette = 0.659697
# [2024-06-06 20:21:06] INFO: Polyakov loop = (0.00121918,-0.000390534)
# [2024-06-06 20:21:06] INFO: Writing conf to disk...
# [2024-06-06 20:21:06] INFO: writeconf_nersc: Writing NERSC configuration ./conf_s060t20_b0680700_a_U000785000
# [2024-06-06 20:21:10] INFO: Calculated checksum: 4f1d2cc0
# [2024-06-06 20:21:16] INFO: Calculated checksum: 5737d268
# [2024-06-06 20:21:16] INFO: Writing RNGSTATE file: ./rand_s060t20_b0680700_a_U000785000
# [2024-06-06 20:21:16] INFO: Writing to disk took 10.2114 seconds
# [2024-06-06 20:21:16] INFO: ======================================================================
# [2024-06-06 20:21:16] INFO: Start sweeping...
# [2024-06-06 20:27:58] INFO: It took 401.827 seconds to do 500 HBOR sweeps.
# [2024-06-06 20:27:58] INFO: Plaquette = 0.659705
# [2024-06-06 20:27:58] INFO: Polyakov loop = (0.00177753,-0.000558148)
# [2024-06-06 20:27:58] INFO: Writing conf to disk...
# [2024-06-06 20:27:58] INFO: writeconf_nersc: Writing NERSC configuration ./conf_s060t20_b0680700_a_U000785500
# [2024-06-06 20:28:02] INFO: Calculated checksum: cb81d2c1
# [2024-06-06 20:28:07] INFO: Calculated checksum: 3b4b2f97
# [2024-06-06 20:28:07] INFO: Writing RNGSTATE file: ./rand_s060t20_b0680700_a_U000785500
# [2024-06-06 20:28:07] INFO: Writing to disk took 9.4543 seconds
# [2024-06-06 20:28:07] INFO: ======================================================================
# [2024-06-06 20:28:07] INFO: Start sweeping...
# [2024-06-06 20:34:49] INFO: It took 401.881 seconds to do 500 HBOR sweeps.
# [2024-06-06 20:34:49] INFO: Plaquette = 0.659608
# [2024-06-06 20:34:49] INFO: Polyakov loop = (0.00319276,0.000423632)
# [2024-06-06 20:34:49] INFO: Writing conf to disk...
# [2024-06-06 20:34:49] INFO: writeconf_nersc: Writing NERSC configuration ./conf_s060t20_b0680700_a_U000786000
# [2024-06-06 20:34:53] INFO: Calculated checksum: 71be3d6f
# [2024-06-06 20:34:59] INFO: Calculated checksum: 938405f8
# [2024-06-06 20:34:59] INFO: Writing RNGSTATE file: ./rand_s060t20_b0680700_a_U000786000
# [2024-06-06 20:35:00] INFO: Writing to disk took 10.2272 seconds
# [2024-06-06 20:35:00] INFO: ======================================================================
# [2024-06-06 20:35:00] INFO: Start sweeping...
# [2024-06-06 20:41:43] INFO: It took 403.385 seconds to do 500 HBOR sweeps.
# [2024-06-06 20:41:43] INFO: Plaquette = 0.659677
# [2024-06-06 20:41:43] INFO: Polyakov loop = (0.00234268,0.000513473)
# [2024-06-06 20:41:43] INFO: Writing conf to disk...
# [2024-06-06 20:41:43] INFO: writeconf_nersc: Writing NERSC configuration ./conf_s060t20_b0680700_a_U000786500
# [2024-06-06 20:41:47] INFO: Calculated checksum: 7aca8270
# [2024-06-06 20:41:52] INFO: Calculated checksum: 8c6e4a5f
# [2024-06-06 20:41:52] INFO: Writing RNGSTATE file: ./rand_s060t20_b0680700_a_U000786500
# [2024-06-06 20:41:52] INFO: Writing to disk took 9.37871 seconds
# [2024-06-06 20:41:52] INFO: ======================================================================
# [2024-06-06 20:41:52] INFO: Start sweeping...
# [2024-06-06 20:48:36] INFO: It took 403.459 seconds to do 500 HBOR sweeps.
# [2024-06-06 20:48:36] INFO: Plaquette = 0.65972
# [2024-06-06 20:48:36] INFO: Polyakov loop = (0.00108287,0.000181352)
# [2024-06-06 20:48:36] INFO: Writing conf to disk...
# [2024-06-06 20:48:36] INFO: writeconf_nersc: Writing NERSC configuration ./conf_s060t20_b0680700_a_U000787000
# [2024-06-06 20:48:40] INFO: Calculated checksum: 8df04b96
# [2024-06-06 20:48:45] INFO: Calculated checksum: f0100ac
# [2024-06-06 20:48:45] INFO: Writing RNGSTATE file: ./rand_s060t20_b0680700_a_U000787000
# [2024-06-06 20:48:45] INFO: Writing to disk took 9.65451 seconds
# [2024-06-06 20:48:45] INFO: ======================================================================
# [2024-06-06 20:48:45] INFO: Start sweeping...
# [2024-06-06 20:55:27] INFO: It took 401.551 seconds to do 500 HBOR sweeps.
# [2024-06-06 20:55:27] INFO: Plaquette = 0.659689
# [2024-06-06 20:55:27] INFO: Polyakov loop = (0.00311794,0.000146129)
# [2024-06-06 20:55:27] INFO: Writing conf to disk...
# [2024-06-06 20:55:27] INFO: writeconf_nersc: Writing NERSC configuration ./conf_s060t20_b0680700_a_U000787500
# [2024-06-06 20:55:31] INFO: Calculated checksum: 30e0f4ad
# [2024-06-06 20:55:36] INFO: Calculated checksum: ed7375e4
# [2024-06-06 20:55:36] INFO: Writing RNGSTATE file: ./rand_s060t20_b0680700_a_U000787500
# [2024-06-06 20:55:36] INFO: Writing to disk took 9.34844 seconds
# [2024-06-06 20:55:36] INFO: ======================================================================
# [2024-06-06 20:55:36] INFO: Start sweeping...
# [2024-06-06 21:02:18] INFO: It took 401.711 seconds to do 500 HBOR sweeps.
# [2024-06-06 21:02:18] INFO: Plaquette = 0.659665
# [2024-06-06 21:02:18] INFO: Polyakov loop = (0.00196994,0.000638789)
# [2024-06-06 21:02:18] INFO: Writing conf to disk...
# [2024-06-06 21:02:18] INFO: writeconf_nersc: Writing NERSC configuration ./conf_s060t20_b0680700_a_U000788000
# [2024-06-06 21:02:22] INFO: Calculated checksum: 5024286e
# [2024-06-06 21:02:27] INFO: Calculated checksum: 259ea3d4
# [2024-06-06 21:02:27] INFO: Writing RNGSTATE file: ./rand_s060t20_b0680700_a_U000788000
# [2024-06-06 21:02:27] INFO: Writing to disk took 9.30507 seconds
# [2024-06-06 21:02:27] INFO: ======================================================================
# [2024-06-06 21:02:27] INFO: Start sweeping...
# [2024-06-06 21:09:11] INFO: It took 403.067 seconds to do 500 HBOR sweeps.
# [2024-06-06 21:09:11] INFO: Plaquette = 0.659562
# [2024-06-06 21:09:11] INFO: Polyakov loop = (0.00233341,0.000110565)
# [2024-06-06 21:09:11] INFO: Writing conf to disk...
# [2024-06-06 21:09:11] INFO: writeconf_nersc: Writing NERSC configuration ./conf_s060t20_b0680700_a_U000788500
# [2024-06-06 21:09:14] INFO: Calculated checksum: 71d9776f
# [2024-06-06 21:09:20] INFO: Calculated checksum: f1beaa76
# [2024-06-06 21:09:20] INFO: Writing RNGSTATE file: ./rand_s060t20_b0680700_a_U000788500
# [2024-06-06 21:09:20] INFO: Writing to disk took 9.20757 seconds
# [2024-06-06 21:09:20] INFO: ======================================================================
# [2024-06-06 21:09:20] INFO: Start sweeping...
# [2024-06-06 21:16:03] INFO: It took 402.883 seconds to do 500 HBOR sweeps.
# [2024-06-06 21:16:03] INFO: Plaquette = 0.659662
# [2024-06-06 21:16:03] INFO: Polyakov loop = (0.00322604,3.14384e-05)
# [2024-06-06 21:16:03] INFO: Writing conf to disk...
# [2024-06-06 21:16:03] INFO: writeconf_nersc: Writing NERSC configuration ./conf_s060t20_b0680700_a_U000789000
# [2024-06-06 21:16:06] INFO: Calculated checksum: 8807913b
# [2024-06-06 21:16:12] INFO: Calculated checksum: 6fab1ae7
# [2024-06-06 21:16:12] INFO: Writing RNGSTATE file: ./rand_s060t20_b0680700_a_U000789000
# [2024-06-06 21:16:12] INFO: Writing to disk took 9.35717 seconds
# [2024-06-06 21:16:12] INFO: ======================================================================
# [2024-06-06 21:16:12] INFO: Start sweeping...
# [2024-06-06 21:22:55] INFO: It took 403.074 seconds to do 500 HBOR sweeps.
# [2024-06-06 21:22:55] INFO: Plaquette = 0.659749
# [2024-06-06 21:22:55] INFO: Polyakov loop = (0.00256216,-0.000221244)
# [2024-06-06 21:22:55] INFO: Writing conf to disk...
# [2024-06-06 21:22:55] INFO: writeconf_nersc: Writing NERSC configuration ./conf_s060t20_b0680700_a_U000789500
# [2024-06-06 21:22:59] INFO: Calculated checksum: 309a8639
# [2024-06-06 21:23:04] INFO: Calculated checksum: d7d7a088
# [2024-06-06 21:23:04] INFO: Writing RNGSTATE file: ./rand_s060t20_b0680700_a_U000789500
# [2024-06-06 21:23:05] INFO: Writing to disk took 9.48661 seconds
# [2024-06-06 21:23:05] INFO: ======================================================================
# [2024-06-06 21:23:05] INFO: Start sweeping...
# [2024-06-06 21:29:48] INFO: It took 402.906 seconds to do 500 HBOR sweeps.
# [2024-06-06 21:29:48] INFO: Plaquette = 0.6597
# [2024-06-06 21:29:48] INFO: Polyakov loop = (0.00201175,0.000389988)
# [2024-06-06 21:29:48] INFO: Writing conf to disk...
# [2024-06-06 21:29:48] INFO: writeconf_nersc: Writing NERSC configuration ./conf_s060t20_b0680700_a_U000790000
# [2024-06-06 21:29:51] INFO: Calculated checksum: 79654af4
# [2024-06-06 21:29:57] INFO: Calculated checksum: cb0dca0d
# [2024-06-06 21:29:57] INFO: Writing RNGSTATE file: ./rand_s060t20_b0680700_a_U000790000
# [2024-06-06 21:29:57] INFO: Writing to disk took 9.33886 seconds
# [2024-06-06 21:29:57] INFO: ======================================================================
# [2024-06-06 21:29:57] INFO: Start sweeping...
# [2024-06-06 21:36:40] INFO: It took 402.755 seconds to do 500 HBOR sweeps.
# [2024-06-06 21:36:40] INFO: Plaquette = 0.659682
# [2024-06-06 21:36:40] INFO: Polyakov loop = (0.00273653,0.000781864)
# [2024-06-06 21:36:40] INFO: Writing conf to disk...
# [2024-06-06 21:36:40] INFO: writeconf_nersc: Writing NERSC configuration ./conf_s060t20_b0680700_a_U000790500
# [2024-06-06 21:36:43] INFO: Calculated checksum: 57728990
# [2024-06-06 21:36:49] INFO: Calculated checksum: 3d043301
# [2024-06-06 21:36:49] INFO: Writing RNGSTATE file: ./rand_s060t20_b0680700_a_U000790500
# [2024-06-06 21:36:50] INFO: Writing to disk took 9.95438 seconds
# [2024-06-06 21:36:50] INFO: ======================================================================
# [2024-06-06 21:36:50] INFO: Start sweeping...
# [2024-06-06 21:43:32] INFO: It took 402.641 seconds to do 500 HBOR sweeps.
# [2024-06-06 21:43:32] INFO: Plaquette = 0.65971
# [2024-06-06 21:43:32] INFO: Polyakov loop = (0.00255805,-0.000404386)
# [2024-06-06 21:43:32] INFO: Writing conf to disk...
# [2024-06-06 21:43:32] INFO: writeconf_nersc: Writing NERSC configuration ./conf_s060t20_b0680700_a_U000791000
# [2024-06-06 21:43:36] INFO: Calculated checksum: 1c5acb9d
# [2024-06-06 21:43:41] INFO: Calculated checksum: dba8c608
# [2024-06-06 21:43:41] INFO: Writing RNGSTATE file: ./rand_s060t20_b0680700_a_U000791000
# [2024-06-06 21:43:42] INFO: Writing to disk took 9.20409 seconds
# [2024-06-06 21:43:42] INFO: ======================================================================
# [2024-06-06 21:43:42] INFO: Start sweeping...
# [2024-06-06 21:50:24] INFO: It took 402.595 seconds to do 500 HBOR sweeps.
# [2024-06-06 21:50:24] INFO: Plaquette = 0.659772
# [2024-06-06 21:50:24] INFO: Polyakov loop = (0.00284235,-0.00062389)
# [2024-06-06 21:50:24] INFO: Writing conf to disk...
# [2024-06-06 21:50:24] INFO: writeconf_nersc: Writing NERSC configuration ./conf_s060t20_b0680700_a_U000791500
# [2024-06-06 21:50:28] INFO: Calculated checksum: ad9e0f53
# [2024-06-06 21:50:33] INFO: Calculated checksum: c1377c4b
# [2024-06-06 21:50:33] INFO: Writing RNGSTATE file: ./rand_s060t20_b0680700_a_U000791500
# [2024-06-06 21:50:33] INFO: Writing to disk took 9.34401 seconds
# [2024-06-06 21:50:33] INFO: ======================================================================
# [2024-06-06 21:50:33] INFO: Start sweeping...
# [2024-06-06 21:57:16] INFO: It took 402.043 seconds to do 500 HBOR sweeps.
# [2024-06-06 21:57:16] INFO: Plaquette = 0.659635
# [2024-06-06 21:57:16] INFO: Polyakov loop = (0.00285307,0.000377588)
# [2024-06-06 21:57:16] INFO: Writing conf to disk...
# [2024-06-06 21:57:16] INFO: writeconf_nersc: Writing NERSC configuration ./conf_s060t20_b0680700_a_U000792000
# [2024-06-06 21:57:19] INFO: Calculated checksum: 5aee5e29
# [2024-06-06 21:57:25] INFO: Calculated checksum: 4cf32e6b
# [2024-06-06 21:57:25] INFO: Writing RNGSTATE file: ./rand_s060t20_b0680700_a_U000792000
# [2024-06-06 21:57:25] INFO: Writing to disk took 9.33187 seconds
# [2024-06-06 21:57:25] INFO: ======================================================================
# [2024-06-06 21:57:25] INFO: Start sweeping...
# [2024-06-06 22:04:07] INFO: It took 402.142 seconds to do 500 HBOR sweeps.
# [2024-06-06 22:04:07] INFO: Plaquette = 0.65966
# [2024-06-06 22:04:07] INFO: Polyakov loop = (0.00153534,3.99541e-05)
# [2024-06-06 22:04:07] INFO: Writing conf to disk...
# [2024-06-06 22:04:07] INFO: writeconf_nersc: Writing NERSC configuration ./conf_s060t20_b0680700_a_U000792500
# [2024-06-06 22:04:11] INFO: Calculated checksum: 372f3342
# [2024-06-06 22:04:16] INFO: Calculated checksum: 7418bcfa
# [2024-06-06 22:04:16] INFO: Writing RNGSTATE file: ./rand_s060t20_b0680700_a_U000792500
# [2024-06-06 22:04:17] INFO: Writing to disk took 9.43417 seconds
# [2024-06-06 22:04:17] INFO: ======================================================================
# [2024-06-06 22:04:17] INFO: Start sweeping...
# [2024-06-06 22:10:59] INFO: It took 402.343 seconds to do 500 HBOR sweeps.
# [2024-06-06 22:10:59] INFO: Plaquette = 0.659644
# [2024-06-06 22:10:59] INFO: Polyakov loop = (0.00181297,0.000132336)
# [2024-06-06 22:10:59] INFO: Writing conf to disk...
# [2024-06-06 22:10:59] INFO: writeconf_nersc: Writing NERSC configuration ./conf_s060t20_b0680700_a_U000793000
# [2024-06-06 22:11:03] INFO: Calculated checksum: 9509f389
# [2024-06-06 22:11:08] INFO: Calculated checksum: 7ddfbea8
# [2024-06-06 22:11:08] INFO: Writing RNGSTATE file: ./rand_s060t20_b0680700_a_U000793000
# [2024-06-06 22:11:08] INFO: Writing to disk took 9.38862 seconds
# [2024-06-06 22:11:08] INFO: ======================================================================
# [2024-06-06 22:11:08] INFO: Start sweeping...
# [2024-06-06 22:17:51] INFO: It took 402.448 seconds to do 500 HBOR sweeps.
# [2024-06-06 22:17:51] INFO: Plaquette = 0.659651
# [2024-06-06 22:17:51] INFO: Polyakov loop = (0.00195552,0.000991541)
# [2024-06-06 22:17:51] INFO: Writing conf to disk...
# [2024-06-06 22:17:51] INFO: writeconf_nersc: Writing NERSC configuration ./conf_s060t20_b0680700_a_U000793500
# [2024-06-06 22:17:54] INFO: Calculated checksum: 6e7ad2c4
# [2024-06-06 22:18:00] INFO: Calculated checksum: 37114029
# [2024-06-06 22:18:00] INFO: Writing RNGSTATE file: ./rand_s060t20_b0680700_a_U000793500
# [2024-06-06 22:18:00] INFO: Writing to disk took 9.51672 seconds
# [2024-06-06 22:18:00] INFO: ======================================================================
# [2024-06-06 22:18:00] INFO: Start sweeping...
# [2024-06-06 22:24:43] INFO: It took 402.582 seconds to do 500 HBOR sweeps.
# [2024-06-06 22:24:43] INFO: Plaquette = 0.65963
# [2024-06-06 22:24:43] INFO: Polyakov loop = (0.00332432,0.000395278)
# [2024-06-06 22:24:43] INFO: Writing conf to disk...
# [2024-06-06 22:24:43] INFO: writeconf_nersc: Writing NERSC configuration ./conf_s060t20_b0680700_a_U000794000
# [2024-06-06 22:24:47] INFO: Calculated checksum: 41ff343d
# [2024-06-06 22:24:52] INFO: Calculated checksum: de75a30f
# [2024-06-06 22:24:52] INFO: Writing RNGSTATE file: ./rand_s060t20_b0680700_a_U000794000
# [2024-06-06 22:24:52] INFO: Writing to disk took 9.33769 seconds
# [2024-06-06 22:24:52] INFO: ======================================================================
# [2024-06-06 22:24:52] INFO: Start sweeping...
# [2024-06-06 22:31:35] INFO: It took 402.535 seconds to do 500 HBOR sweeps.
# [2024-06-06 22:31:35] INFO: Plaquette = 0.659672
# [2024-06-06 22:31:35] INFO: Polyakov loop = (0.00228142,-0.000119558)
# [2024-06-06 22:31:35] INFO: Writing conf to disk...
# [2024-06-06 22:31:35] INFO: writeconf_nersc: Writing NERSC configuration ./conf_s060t20_b0680700_a_U000794500
# [2024-06-06 22:31:39] INFO: Calculated checksum: a83d1253
# [2024-06-06 22:31:44] INFO: Calculated checksum: 8883302c
# [2024-06-06 22:31:44] INFO: Writing RNGSTATE file: ./rand_s060t20_b0680700_a_U000794500
# [2024-06-06 22:31:44] INFO: Writing to disk took 9.4156 seconds
# [2024-06-06 22:31:44] INFO: ======================================================================
# [2024-06-06 22:31:44] INFO: Start sweeping...
# [2024-06-06 22:38:26] INFO: It took 401.869 seconds to do 500 HBOR sweeps.
# [2024-06-06 22:38:26] INFO: Plaquette = 0.659618
# [2024-06-06 22:38:26] INFO: Polyakov loop = (0.00236699,-0.000791425)
# [2024-06-06 22:38:26] INFO: Writing conf to disk...
# [2024-06-06 22:38:26] INFO: writeconf_nersc: Writing NERSC configuration ./conf_s060t20_b0680700_a_U000795000
# [2024-06-06 22:38:30] INFO: Calculated checksum: 144524df
# [2024-06-06 22:38:35] INFO: Calculated checksum: 64d824e2
# [2024-06-06 22:38:35] INFO: Writing RNGSTATE file: ./rand_s060t20_b0680700_a_U000795000
# [2024-06-06 22:38:35] INFO: Writing to disk took 9.33854 seconds
# [2024-06-06 22:38:35] INFO: ======================================================================
# [2024-06-06 22:38:35] INFO: Start sweeping...
# [2024-06-06 22:45:17] INFO: It took 401.753 seconds to do 500 HBOR sweeps.
# [2024-06-06 22:45:17] INFO: Plaquette = 0.659642
# [2024-06-06 22:45:17] INFO: Polyakov loop = (0.0037409,-0.000758978)
# [2024-06-06 22:45:17] INFO: Writing conf to disk...
# [2024-06-06 22:45:17] INFO: writeconf_nersc: Writing NERSC configuration ./conf_s060t20_b0680700_a_U000795500
# [2024-06-06 22:45:21] INFO: Calculated checksum: 472fa22d
# [2024-06-06 22:45:26] INFO: Calculated checksum: 45841939
# [2024-06-06 22:45:26] INFO: Writing RNGSTATE file: ./rand_s060t20_b0680700_a_U000795500
# [2024-06-06 22:45:27] INFO: Writing to disk took 9.38427 seconds
# [2024-06-06 22:45:27] INFO: ======================================================================
# [2024-06-06 22:45:27] INFO: Start sweeping...
# [2024-06-06 22:52:08] INFO: It took 401.679 seconds to do 500 HBOR sweeps.
# [2024-06-06 22:52:08] INFO: Plaquette = 0.659631
# [2024-06-06 22:52:08] INFO: Polyakov loop = (0.00205053,-0.000329603)
# [2024-06-06 22:52:08] INFO: Writing conf to disk...
# [2024-06-06 22:52:08] INFO: writeconf_nersc: Writing NERSC configuration ./conf_s060t20_b0680700_a_U000796000
# [2024-06-06 22:52:12] INFO: Calculated checksum: 2270a684
# [2024-06-06 22:52:18] INFO: Calculated checksum: 979778f0
# [2024-06-06 22:52:18] INFO: Writing RNGSTATE file: ./rand_s060t20_b0680700_a_U000796000
# [2024-06-06 22:52:18] INFO: Writing to disk took 9.47489 seconds
# [2024-06-06 22:52:18] INFO: ======================================================================
# [2024-06-06 22:52:18] INFO: Start sweeping...
# [2024-06-06 22:58:59] INFO: It took 401.623 seconds to do 500 HBOR sweeps.
# [2024-06-06 22:58:59] INFO: Plaquette = 0.659649
# [2024-06-06 22:58:59] INFO: Polyakov loop = (0.0026061,2.55179e-05)
# [2024-06-06 22:58:59] INFO: Writing conf to disk...
# [2024-06-06 22:58:59] INFO: writeconf_nersc: Writing NERSC configuration ./conf_s060t20_b0680700_a_U000796500
# [2024-06-06 22:59:03] INFO: Calculated checksum: d50ea363
# [2024-06-06 22:59:09] INFO: Calculated checksum: 55af2971
# [2024-06-06 22:59:09] INFO: Writing RNGSTATE file: ./rand_s060t20_b0680700_a_U000796500
# [2024-06-06 22:59:09] INFO: Writing to disk took 9.3198 seconds
# [2024-06-06 22:59:09] INFO: ======================================================================
# [2024-06-06 22:59:09] INFO: Start sweeping...
# [2024-06-06 23:05:51] INFO: It took 401.779 seconds to do 500 HBOR sweeps.
# [2024-06-06 23:05:51] INFO: Plaquette = 0.659673
# [2024-06-06 23:05:51] INFO: Polyakov loop = (0.00148278,-0.00135109)
# [2024-06-06 23:05:51] INFO: Writing conf to disk...
# [2024-06-06 23:05:51] INFO: writeconf_nersc: Writing NERSC configuration ./conf_s060t20_b0680700_a_U000797000
# [2024-06-06 23:05:54] INFO: Calculated checksum: 3521a877
# [2024-06-06 23:06:00] INFO: Calculated checksum: 4bcd6ac2
# [2024-06-06 23:06:00] INFO: Writing RNGSTATE file: ./rand_s060t20_b0680700_a_U000797000
# [2024-06-06 23:06:00] INFO: Writing to disk took 9.31754 seconds
# [2024-06-06 23:06:00] INFO: ======================================================================
# [2024-06-06 23:06:00] INFO: Start sweeping...
# [2024-06-06 23:12:42] INFO: It took 401.838 seconds to do 500 HBOR sweeps.
# [2024-06-06 23:12:42] INFO: Plaquette = 0.659657
# [2024-06-06 23:12:42] INFO: Polyakov loop = (0.00206033,-0.000569739)
# [2024-06-06 23:12:42] INFO: Writing conf to disk...
# [2024-06-06 23:12:42] INFO: writeconf_nersc: Writing NERSC configuration ./conf_s060t20_b0680700_a_U000797500
# [2024-06-06 23:12:46] INFO: Calculated checksum: 9206dae7
# [2024-06-06 23:12:52] INFO: Calculated checksum: 887d5976
# [2024-06-06 23:12:52] INFO: Writing RNGSTATE file: ./rand_s060t20_b0680700_a_U000797500
# [2024-06-06 23:12:52] INFO: Writing to disk took 10.5823 seconds
# [2024-06-06 23:12:52] INFO: ======================================================================
# [2024-06-06 23:12:52] INFO: Start sweeping...
# [2024-06-06 23:19:34] INFO: It took 401.881 seconds to do 500 HBOR sweeps.
# [2024-06-06 23:19:34] INFO: Plaquette = 0.659595
# [2024-06-06 23:19:34] INFO: Polyakov loop = (0.002374,0.000362951)
# [2024-06-06 23:19:34] INFO: Writing conf to disk...
# [2024-06-06 23:19:34] INFO: writeconf_nersc: Writing NERSC configuration ./conf_s060t20_b0680700_a_U000798000
# [2024-06-06 23:19:38] INFO: Calculated checksum: ecd06d94
# [2024-06-06 23:19:43] INFO: Calculated checksum: 6d16b70e
# [2024-06-06 23:19:43] INFO: Writing RNGSTATE file: ./rand_s060t20_b0680700_a_U000798000
# [2024-06-06 23:19:44] INFO: Writing to disk took 9.29819 seconds
# [2024-06-06 23:19:44] INFO: ======================================================================
# [2024-06-06 23:19:44] INFO: Start sweeping...
# [2024-06-06 23:26:26] INFO: It took 401.967 seconds to do 500 HBOR sweeps.
# [2024-06-06 23:26:26] INFO: Plaquette = 0.659671
# [2024-06-06 23:26:26] INFO: Polyakov loop = (0.00305431,5.05467e-05)
# [2024-06-06 23:26:26] INFO: Writing conf to disk...
# [2024-06-06 23:26:26] INFO: writeconf_nersc: Writing NERSC configuration ./conf_s060t20_b0680700_a_U000798500
# [2024-06-06 23:26:29] INFO: Calculated checksum: 414e8b16
# [2024-06-06 23:26:35] INFO: Calculated checksum: 9014d5bc
# [2024-06-06 23:26:35] INFO: Writing RNGSTATE file: ./rand_s060t20_b0680700_a_U000798500
# [2024-06-06 23:26:35] INFO: Writing to disk took 9.84713 seconds
# [2024-06-06 23:26:35] INFO: ======================================================================
# [2024-06-06 23:26:35] INFO: Start sweeping...
# [2024-06-06 23:33:17] INFO: It took 401.839 seconds to do 500 HBOR sweeps.
# [2024-06-06 23:33:17] INFO: Plaquette = 0.659588
# [2024-06-06 23:33:17] INFO: Polyakov loop = (0.00262026,-7.68488e-05)
# [2024-06-06 23:33:17] INFO: Writing conf to disk...
# [2024-06-06 23:33:17] INFO: writeconf_nersc: Writing NERSC configuration ./conf_s060t20_b0680700_a_U000799000
# [2024-06-06 23:33:21] INFO: Calculated checksum: 95215947
# [2024-06-06 23:33:26] INFO: Calculated checksum: 5c325683
# [2024-06-06 23:33:26] INFO: Writing RNGSTATE file: ./rand_s060t20_b0680700_a_U000799000
# [2024-06-06 23:33:27] INFO: Writing to disk took 9.31546 seconds
# [2024-06-06 23:33:27] INFO: ======================================================================
# [2024-06-06 23:33:27] INFO: Start sweeping...
# [2024-06-06 23:40:08] INFO: It took 401.807 seconds to do 500 HBOR sweeps.
# [2024-06-06 23:40:08] INFO: Plaquette = 0.659641
# [2024-06-06 23:40:08] INFO: Polyakov loop = (0.00160651,-0.000246928)
# [2024-06-06 23:40:08] INFO: Writing conf to disk...
# [2024-06-06 23:40:08] INFO: writeconf_nersc: Writing NERSC configuration ./conf_s060t20_b0680700_a_U000799500
# [2024-06-06 23:40:12] INFO: Calculated checksum: 92d37a25
# [2024-06-06 23:40:18] INFO: Calculated checksum: 80331cfb
# [2024-06-06 23:40:18] INFO: Writing RNGSTATE file: ./rand_s060t20_b0680700_a_U000799500
# [2024-06-06 23:40:18] INFO: Writing to disk took 9.72195 seconds
# [2024-06-06 23:40:18] INFO: ======================================================================
# [2024-06-06 23:40:18] INFO: Start sweeping...
# [2024-06-06 23:47:00] INFO: It took 401.782 seconds to do 500 HBOR sweeps.
# [2024-06-06 23:47:00] INFO: Plaquette = 0.659702
# [2024-06-06 23:47:00] INFO: Polyakov loop = (0.001816,0.00176366)
# [2024-06-06 23:47:00] INFO: Writing conf to disk...
# [2024-06-06 23:47:00] INFO: writeconf_nersc: Writing NERSC configuration ./conf_s060t20_b0680700_a_U000800000
# [2024-06-06 23:47:04] INFO: Calculated checksum: ca221010
# [2024-06-06 23:47:09] INFO: Calculated checksum: b2300f62
# [2024-06-06 23:47:09] INFO: Writing RNGSTATE file: ./rand_s060t20_b0680700_a_U000800000
# [2024-06-06 23:47:09] INFO: Writing to disk took 9.43497 seconds
# [2024-06-06 23:47:09] INFO: Finalizing MPI
