
Currently Loaded Modules:
  1) chpc/1.0      (S)   3) gcc/8.5.0      5) mpich/3.4.2
  2) python/3.10.3       4) cmake/3.26.0   6) cuda/11.6.2 (g)

  Where:
   S:  Module is Sticky, requires --force to unload or purge
   g:  built for GPU

 

# [2024-06-06 11:51:48] INFO: Running SIMULATeQCD
# [2024-06-06 11:51:48] INFO: Git commit version: 43e2518
# [2024-06-06 11:51:48] INFO: Initializing MPI with (1 proc)
# [2024-06-06 11:51:48] INFO: Reading parameters from file :: GenerateQuenched_b6755.param
# [2024-06-06 11:51:48] INFO: # PARAM :: Lattice = 60 60 60 20 
# [2024-06-06 11:51:48] INFO: # PARAM :: Nodes = 1 1 1 1 
# [2024-06-06 11:51:48] INFO: # PARAM :: Topology = 0 0 0 0  (default)
# [2024-06-06 11:51:48] INFO: # PARAM :: beta = 6.755
# [2024-06-06 11:51:48] INFO: # PARAM :: format = nersc
# [2024-06-06 11:51:48] INFO: # PARAM :: endianness = auto
# [2024-06-06 11:51:48] INFO: # PARAM :: conf_nr = 750000
# [2024-06-06 11:51:48] INFO: # PARAM :: stream = a
# [2024-06-06 11:51:48] INFO: # PARAM :: prec_out = 0 (default)
# [2024-06-06 11:51:48] INFO: # PARAM :: measurements_dir = ./ (default)
# [2024-06-06 11:51:48] INFO: # PARAM :: use_unit_conf = 0 (default)
# [2024-06-06 11:51:48] INFO: # PARAM :: output_dir = .
# [2024-06-06 11:51:48] INFO: # PARAM :: nconfs = 100
# [2024-06-06 11:51:48] INFO: # PARAM :: nsweeps_ORperHB = 4
# [2024-06-06 11:51:48] INFO: # PARAM :: nsweeps_HBwithOR = 500
# [2024-06-06 11:51:48] INFO: # PARAM :: prev_conf = conf_s060t20_b0675500_a_U000750000
# [2024-06-06 11:51:48] INFO: # PARAM :: prev_rand = rand_s060t20_b0675500_a_U000750000
# [2024-06-06 11:51:48] INFO: > Running on:
# [2024-06-06 11:51:48] INFO: [Rank 0] > notch087 CPU_20 GPU_86; MPI: world_rank=0, node_rank=0, coord: ( 0 0 0 0 )
# [2024-06-06 11:51:48] INFO: > Is MPI CUDA-aware? @compilation 
# [2024-06-06 11:51:48] INFO: > GPU compute capability: 75
# [2024-06-06 11:51:48] INFO: > Checking support for P2P (Peer-to-Peer) and UVA (Unified Virtual Addressing):
# [2024-06-06 11:51:48] INFO: [Rank 0] > notch087 GPU_86(NVIDIA GeForce RTX 2080 Ti): P2P NO ; UVA YES
# [2024-06-06 11:51:48] INFO: Initialize Indexer with HaloDepth = 1[0;33m[0m
# [2024-06-06 11:51:48] INFO: Resuming previous run.
# [2024-06-06 11:51:48] INFO: readconf_nersc: Reading NERSC configuration conf_s060t20_b0675500_a_U000750000
# [2024-06-06 11:51:56] INFO: Next conf_number will be 750500
# [2024-06-06 11:51:56] INFO: Generating up to 100 confs with a separation of 500 HBOR sweeps (OR/HB = 4) ...
# [2024-06-06 11:51:56] INFO: ======================================================================
# [2024-06-06 11:51:56] INFO: Start sweeping...
# [2024-06-06 11:59:06] INFO: It took 429.564 seconds to do 500 HBOR sweeps.
# [2024-06-06 11:59:06] INFO: Plaquette = 0.656216
# [2024-06-06 11:59:06] INFO: Polyakov loop = (-0.000530787,0.00138709)
# [2024-06-06 11:59:06] INFO: Writing conf to disk...
# [2024-06-06 11:59:06] INFO: writeconf_nersc: Writing NERSC configuration ./conf_s060t20_b0675500_a_U000750500
# [2024-06-06 11:59:09] INFO: Calculated checksum: 40ce982b
# [2024-06-06 11:59:13] INFO: Calculated checksum: dfab6f3f
# [2024-06-06 11:59:13] INFO: Writing RNGSTATE file: ./rand_s060t20_b0675500_a_U000750500
# [2024-06-06 11:59:13] INFO: Writing to disk took 7.36114 seconds
# [2024-06-06 11:59:13] INFO: ======================================================================
# [2024-06-06 11:59:13] INFO: Start sweeping...
# [2024-06-06 12:06:27] INFO: It took 434.253 seconds to do 500 HBOR sweeps.
# [2024-06-06 12:06:27] INFO: Plaquette = 0.656256
# [2024-06-06 12:06:27] INFO: Polyakov loop = (-0.00169662,0.00116302)
# [2024-06-06 12:06:27] INFO: Writing conf to disk...
# [2024-06-06 12:06:27] INFO: writeconf_nersc: Writing NERSC configuration ./conf_s060t20_b0675500_a_U000751000
# [2024-06-06 12:06:30] INFO: Calculated checksum: bedd4a1e
# [2024-06-06 12:06:35] INFO: Calculated checksum: de83c631
# [2024-06-06 12:06:35] INFO: Writing RNGSTATE file: ./rand_s060t20_b0675500_a_U000751000
# [2024-06-06 12:06:35] INFO: Writing to disk took 7.68687 seconds
# [2024-06-06 12:06:35] INFO: ======================================================================
# [2024-06-06 12:06:35] INFO: Start sweeping...
# [2024-06-06 12:13:49] INFO: It took 434.267 seconds to do 500 HBOR sweeps.
# [2024-06-06 12:13:49] INFO: Plaquette = 0.656232
# [2024-06-06 12:13:49] INFO: Polyakov loop = (-0.000521296,0.00186419)
# [2024-06-06 12:13:49] INFO: Writing conf to disk...
# [2024-06-06 12:13:49] INFO: writeconf_nersc: Writing NERSC configuration ./conf_s060t20_b0675500_a_U000751500
# [2024-06-06 12:13:52] INFO: Calculated checksum: 5c103609
# [2024-06-06 12:13:57] INFO: Calculated checksum: b2814822
# [2024-06-06 12:13:57] INFO: Writing RNGSTATE file: ./rand_s060t20_b0675500_a_U000751500
# [2024-06-06 12:13:57] INFO: Writing to disk took 7.50374 seconds
# [2024-06-06 12:13:57] INFO: ======================================================================
# [2024-06-06 12:13:57] INFO: Start sweeping...
# [2024-06-06 12:21:11] INFO: It took 434.605 seconds to do 500 HBOR sweeps.
# [2024-06-06 12:21:12] INFO: Plaquette = 0.656308
# [2024-06-06 12:21:12] INFO: Polyakov loop = (-0.000742909,0.00217547)
# [2024-06-06 12:21:12] INFO: Writing conf to disk...
# [2024-06-06 12:21:12] INFO: writeconf_nersc: Writing NERSC configuration ./conf_s060t20_b0675500_a_U000752000
# [2024-06-06 12:21:14] INFO: Calculated checksum: 16133c8b
# [2024-06-06 12:21:19] INFO: Calculated checksum: 7f1beca2
# [2024-06-06 12:21:19] INFO: Writing RNGSTATE file: ./rand_s060t20_b0675500_a_U000752000
# [2024-06-06 12:21:20] INFO: Writing to disk took 8.07667 seconds
# [2024-06-06 12:21:20] INFO: ======================================================================
# [2024-06-06 12:21:20] INFO: Start sweeping...
# [2024-06-06 12:28:35] INFO: It took 435.023 seconds to do 500 HBOR sweeps.
# [2024-06-06 12:28:35] INFO: Plaquette = 0.656309
# [2024-06-06 12:28:35] INFO: Polyakov loop = (-0.00133935,0.00187812)
# [2024-06-06 12:28:35] INFO: Writing conf to disk...
# [2024-06-06 12:28:35] INFO: writeconf_nersc: Writing NERSC configuration ./conf_s060t20_b0675500_a_U000752500
# [2024-06-06 12:28:38] INFO: Calculated checksum: 8e009996
# [2024-06-06 12:28:42] INFO: Calculated checksum: fcce73f3
# [2024-06-06 12:28:42] INFO: Writing RNGSTATE file: ./rand_s060t20_b0675500_a_U000752500
# [2024-06-06 12:28:42] INFO: Writing to disk took 7.54679 seconds
# [2024-06-06 12:28:42] INFO: ======================================================================
# [2024-06-06 12:28:42] INFO: Start sweeping...
# [2024-06-06 12:35:57] INFO: It took 434.995 seconds to do 500 HBOR sweeps.
# [2024-06-06 12:35:57] INFO: Plaquette = 0.65624
# [2024-06-06 12:35:57] INFO: Polyakov loop = (-0.00123957,0.00205053)
# [2024-06-06 12:35:57] INFO: Writing conf to disk...
# [2024-06-06 12:35:57] INFO: writeconf_nersc: Writing NERSC configuration ./conf_s060t20_b0675500_a_U000753000
# [2024-06-06 12:36:00] INFO: Calculated checksum: defd2ee8
# [2024-06-06 12:36:05] INFO: Calculated checksum: 3c49c7f0
# [2024-06-06 12:36:05] INFO: Writing RNGSTATE file: ./rand_s060t20_b0675500_a_U000753000
# [2024-06-06 12:36:05] INFO: Writing to disk took 7.4894 seconds
# [2024-06-06 12:36:05] INFO: ======================================================================
# [2024-06-06 12:36:05] INFO: Start sweeping...
# [2024-06-06 12:43:20] INFO: It took 435.011 seconds to do 500 HBOR sweeps.
# [2024-06-06 12:43:20] INFO: Plaquette = 0.656259
# [2024-06-06 12:43:20] INFO: Polyakov loop = (-0.000858691,0.00227797)
# [2024-06-06 12:43:20] INFO: Writing conf to disk...
# [2024-06-06 12:43:20] INFO: writeconf_nersc: Writing NERSC configuration ./conf_s060t20_b0675500_a_U000753500
# [2024-06-06 12:43:23] INFO: Calculated checksum: 4f154849
# [2024-06-06 12:43:27] INFO: Calculated checksum: 10c6bc64
# [2024-06-06 12:43:27] INFO: Writing RNGSTATE file: ./rand_s060t20_b0675500_a_U000753500
# [2024-06-06 12:43:27] INFO: Writing to disk took 7.33844 seconds
# [2024-06-06 12:43:27] INFO: ======================================================================
# [2024-06-06 12:43:27] INFO: Start sweeping...
# [2024-06-06 12:50:42] INFO: It took 434.629 seconds to do 500 HBOR sweeps.
# [2024-06-06 12:50:42] INFO: Plaquette = 0.656261
# [2024-06-06 12:50:42] INFO: Polyakov loop = (-0.000434987,0.00233566)
# [2024-06-06 12:50:42] INFO: Writing conf to disk...
# [2024-06-06 12:50:42] INFO: writeconf_nersc: Writing NERSC configuration ./conf_s060t20_b0675500_a_U000754000
# [2024-06-06 12:50:45] INFO: Calculated checksum: ba34d906
# [2024-06-06 12:50:49] INFO: Calculated checksum: 52016792
# [2024-06-06 12:50:49] INFO: Writing RNGSTATE file: ./rand_s060t20_b0675500_a_U000754000
# [2024-06-06 12:50:49] INFO: Writing to disk took 7.4899 seconds
# [2024-06-06 12:50:49] INFO: ======================================================================
# [2024-06-06 12:50:49] INFO: Start sweeping...
# [2024-06-06 12:58:04] INFO: It took 434.459 seconds to do 500 HBOR sweeps.
# [2024-06-06 12:58:04] INFO: Plaquette = 0.656388
# [2024-06-06 12:58:04] INFO: Polyakov loop = (-0.000924901,0.00114374)
# [2024-06-06 12:58:04] INFO: Writing conf to disk...
# [2024-06-06 12:58:04] INFO: writeconf_nersc: Writing NERSC configuration ./conf_s060t20_b0675500_a_U000754500
# [2024-06-06 12:58:07] INFO: Calculated checksum: 27b1f68c
# [2024-06-06 12:58:11] INFO: Calculated checksum: 28a3e5d2
# [2024-06-06 12:58:11] INFO: Writing RNGSTATE file: ./rand_s060t20_b0675500_a_U000754500
# [2024-06-06 12:58:11] INFO: Writing to disk took 7.3406 seconds
# [2024-06-06 12:58:11] INFO: ======================================================================
# [2024-06-06 12:58:11] INFO: Start sweeping...
# [2024-06-06 13:05:26] INFO: It took 434.407 seconds to do 500 HBOR sweeps.
# [2024-06-06 13:05:26] INFO: Plaquette = 0.656326
# [2024-06-06 13:05:26] INFO: Polyakov loop = (-0.00152076,0.00103727)
# [2024-06-06 13:05:26] INFO: Writing conf to disk...
# [2024-06-06 13:05:26] INFO: writeconf_nersc: Writing NERSC configuration ./conf_s060t20_b0675500_a_U000755000
# [2024-06-06 13:05:28] INFO: Calculated checksum: a737e81c
# [2024-06-06 13:05:33] INFO: Calculated checksum: a0574f6d
# [2024-06-06 13:05:33] INFO: Writing RNGSTATE file: ./rand_s060t20_b0675500_a_U000755000
# [2024-06-06 13:05:33] INFO: Writing to disk took 7.49153 seconds
# [2024-06-06 13:05:33] INFO: ======================================================================
# [2024-06-06 13:05:33] INFO: Start sweeping...
# [2024-06-06 13:12:47] INFO: It took 434.339 seconds to do 500 HBOR sweeps.
# [2024-06-06 13:12:47] INFO: Plaquette = 0.656282
# [2024-06-06 13:12:47] INFO: Polyakov loop = (-0.00183014,0.000739011)
# [2024-06-06 13:12:47] INFO: Writing conf to disk...
# [2024-06-06 13:12:47] INFO: writeconf_nersc: Writing NERSC configuration ./conf_s060t20_b0675500_a_U000755500
# [2024-06-06 13:12:50] INFO: Calculated checksum: 6fc31c82
# [2024-06-06 13:12:55] INFO: Calculated checksum: 156e83d7
# [2024-06-06 13:12:55] INFO: Writing RNGSTATE file: ./rand_s060t20_b0675500_a_U000755500
# [2024-06-06 13:12:55] INFO: Writing to disk took 7.60927 seconds
# [2024-06-06 13:12:55] INFO: ======================================================================
# [2024-06-06 13:12:55] INFO: Start sweeping...
# [2024-06-06 13:20:09] INFO: It took 434.202 seconds to do 500 HBOR sweeps.
# [2024-06-06 13:20:09] INFO: Plaquette = 0.656256
# [2024-06-06 13:20:09] INFO: Polyakov loop = (-0.00143895,0.00126177)
# [2024-06-06 13:20:09] INFO: Writing conf to disk...
# [2024-06-06 13:20:09] INFO: writeconf_nersc: Writing NERSC configuration ./conf_s060t20_b0675500_a_U000756000
# [2024-06-06 13:20:12] INFO: Calculated checksum: 36191ec2
# [2024-06-06 13:20:17] INFO: Calculated checksum: 4e19468f
# [2024-06-06 13:20:17] INFO: Writing RNGSTATE file: ./rand_s060t20_b0675500_a_U000756000
# [2024-06-06 13:20:17] INFO: Writing to disk took 7.55848 seconds
# [2024-06-06 13:20:17] INFO: ======================================================================
# [2024-06-06 13:20:17] INFO: Start sweeping...
# [2024-06-06 13:27:31] INFO: It took 434.12 seconds to do 500 HBOR sweeps.
# [2024-06-06 13:27:31] INFO: Plaquette = 0.656278
# [2024-06-06 13:27:31] INFO: Polyakov loop = (-0.000822249,0.00157473)
# [2024-06-06 13:27:31] INFO: Writing conf to disk...
# [2024-06-06 13:27:31] INFO: writeconf_nersc: Writing NERSC configuration ./conf_s060t20_b0675500_a_U000756500
# [2024-06-06 13:27:34] INFO: Calculated checksum: af2106dc
# [2024-06-06 13:27:38] INFO: Calculated checksum: b6663781
# [2024-06-06 13:27:38] INFO: Writing RNGSTATE file: ./rand_s060t20_b0675500_a_U000756500
# [2024-06-06 13:27:39] INFO: Writing to disk took 7.5087 seconds
# [2024-06-06 13:27:39] INFO: ======================================================================
# [2024-06-06 13:27:39] INFO: Start sweeping...
# [2024-06-06 13:34:53] INFO: It took 434.514 seconds to do 500 HBOR sweeps.
# [2024-06-06 13:34:53] INFO: Plaquette = 0.65638
# [2024-06-06 13:34:53] INFO: Polyakov loop = (-0.000322753,0.00203781)
# [2024-06-06 13:34:53] INFO: Writing conf to disk...
# [2024-06-06 13:34:53] INFO: writeconf_nersc: Writing NERSC configuration ./conf_s060t20_b0675500_a_U000757000
# [2024-06-06 13:34:56] INFO: Calculated checksum: c6ff0f48
# [2024-06-06 13:35:08] INFO: Calculated checksum: 18777b1c
# [2024-06-06 13:35:08] INFO: Writing RNGSTATE file: ./rand_s060t20_b0675500_a_U000757000
# [2024-06-06 13:35:09] INFO: Writing to disk took 16.0944 seconds
# [2024-06-06 13:35:09] INFO: ======================================================================
# [2024-06-06 13:35:09] INFO: Start sweeping...
# [2024-06-06 13:42:28] INFO: It took 439.204 seconds to do 500 HBOR sweeps.
# [2024-06-06 13:42:29] INFO: Plaquette = 0.656228
# [2024-06-06 13:42:29] INFO: Polyakov loop = (-0.00155001,0.00185239)
# [2024-06-06 13:42:29] INFO: Writing conf to disk...
# [2024-06-06 13:42:29] INFO: writeconf_nersc: Writing NERSC configuration ./conf_s060t20_b0675500_a_U000757500
# [2024-06-06 13:42:31] INFO: Calculated checksum: de16f62c
# [2024-06-06 13:42:37] INFO: Calculated checksum: 90b460a5
# [2024-06-06 13:42:37] INFO: Writing RNGSTATE file: ./rand_s060t20_b0675500_a_U000757500
# [2024-06-06 13:42:37] INFO: Writing to disk took 8.61721 seconds
# [2024-06-06 13:42:37] INFO: ======================================================================
# [2024-06-06 13:42:37] INFO: Start sweeping...
# [2024-06-06 13:49:53] INFO: It took 435.479 seconds to do 500 HBOR sweeps.
# [2024-06-06 13:49:53] INFO: Plaquette = 0.656281
# [2024-06-06 13:49:53] INFO: Polyakov loop = (-0.00154849,0.0015946)
# [2024-06-06 13:49:53] INFO: Writing conf to disk...
# [2024-06-06 13:49:53] INFO: writeconf_nersc: Writing NERSC configuration ./conf_s060t20_b0675500_a_U000758000
# [2024-06-06 13:49:55] INFO: Calculated checksum: 699ca3af
# [2024-06-06 13:50:00] INFO: Calculated checksum: 42b42aeb
# [2024-06-06 13:50:00] INFO: Writing RNGSTATE file: ./rand_s060t20_b0675500_a_U000758000
# [2024-06-06 13:50:00] INFO: Writing to disk took 7.60607 seconds
# [2024-06-06 13:50:00] INFO: ======================================================================
# [2024-06-06 13:50:00] INFO: Start sweeping...
# [2024-06-06 13:57:14] INFO: It took 434.219 seconds to do 500 HBOR sweeps.
# [2024-06-06 13:57:15] INFO: Plaquette = 0.656271
# [2024-06-06 13:57:15] INFO: Polyakov loop = (-0.000445517,0.00103356)
# [2024-06-06 13:57:15] INFO: Writing conf to disk...
# [2024-06-06 13:57:15] INFO: writeconf_nersc: Writing NERSC configuration ./conf_s060t20_b0675500_a_U000758500
# [2024-06-06 13:57:17] INFO: Calculated checksum: 22353e05
# [2024-06-06 13:57:22] INFO: Calculated checksum: b965fe6
# [2024-06-06 13:57:22] INFO: Writing RNGSTATE file: ./rand_s060t20_b0675500_a_U000758500
# [2024-06-06 13:57:22] INFO: Writing to disk took 7.54222 seconds
# [2024-06-06 13:57:22] INFO: ======================================================================
# [2024-06-06 13:57:22] INFO: Start sweeping...
# [2024-06-06 14:04:36] INFO: It took 434.285 seconds to do 500 HBOR sweeps.
# [2024-06-06 14:04:36] INFO: Plaquette = 0.656324
# [2024-06-06 14:04:36] INFO: Polyakov loop = (-0.00065674,0.000728688)
# [2024-06-06 14:04:36] INFO: Writing conf to disk...
# [2024-06-06 14:04:36] INFO: writeconf_nersc: Writing NERSC configuration ./conf_s060t20_b0675500_a_U000759000
# [2024-06-06 14:04:39] INFO: Calculated checksum: ad01eca0
# [2024-06-06 14:04:44] INFO: Calculated checksum: 4eda44d1
# [2024-06-06 14:04:44] INFO: Writing RNGSTATE file: ./rand_s060t20_b0675500_a_U000759000
# [2024-06-06 14:04:44] INFO: Writing to disk took 7.39933 seconds
# [2024-06-06 14:04:44] INFO: ======================================================================
# [2024-06-06 14:04:44] INFO: Start sweeping...
# [2024-06-06 14:11:58] INFO: It took 434.115 seconds to do 500 HBOR sweeps.
# [2024-06-06 14:11:58] INFO: Plaquette = 0.656296
# [2024-06-06 14:11:58] INFO: Polyakov loop = (-0.00125906,0.00163825)
# [2024-06-06 14:11:58] INFO: Writing conf to disk...
# [2024-06-06 14:11:58] INFO: writeconf_nersc: Writing NERSC configuration ./conf_s060t20_b0675500_a_U000759500
# [2024-06-06 14:12:01] INFO: Calculated checksum: 8e7a8f9f
# [2024-06-06 14:12:06] INFO: Calculated checksum: e9968861
# [2024-06-06 14:12:06] INFO: Writing RNGSTATE file: ./rand_s060t20_b0675500_a_U000759500
# [2024-06-06 14:12:06] INFO: Writing to disk took 8.12803 seconds
# [2024-06-06 14:12:06] INFO: ======================================================================
# [2024-06-06 14:12:06] INFO: Start sweeping...
# [2024-06-06 14:19:21] INFO: It took 434.579 seconds to do 500 HBOR sweeps.
# [2024-06-06 14:19:21] INFO: Plaquette = 0.656312
# [2024-06-06 14:19:21] INFO: Polyakov loop = (-0.00206166,0.00119244)
# [2024-06-06 14:19:21] INFO: Writing conf to disk...
# [2024-06-06 14:19:21] INFO: writeconf_nersc: Writing NERSC configuration ./conf_s060t20_b0675500_a_U000760000
# [2024-06-06 14:19:24] INFO: Calculated checksum: 7b14b8fc
# [2024-06-06 14:19:28] INFO: Calculated checksum: 67a3f23b
# [2024-06-06 14:19:28] INFO: Writing RNGSTATE file: ./rand_s060t20_b0675500_a_U000760000
# [2024-06-06 14:19:28] INFO: Writing to disk took 7.66 seconds
# [2024-06-06 14:19:28] INFO: ======================================================================
# [2024-06-06 14:19:28] INFO: Start sweeping...
# [2024-06-06 14:26:43] INFO: It took 434.159 seconds to do 500 HBOR sweeps.
# [2024-06-06 14:26:43] INFO: Plaquette = 0.65626
# [2024-06-06 14:26:43] INFO: Polyakov loop = (-0.00114204,0.00154138)
# [2024-06-06 14:26:43] INFO: Writing conf to disk...
# [2024-06-06 14:26:43] INFO: writeconf_nersc: Writing NERSC configuration ./conf_s060t20_b0675500_a_U000760500
# [2024-06-06 14:26:45] INFO: Calculated checksum: ef01a902
# [2024-06-06 14:26:50] INFO: Calculated checksum: 388001bd
# [2024-06-06 14:26:50] INFO: Writing RNGSTATE file: ./rand_s060t20_b0675500_a_U000760500
# [2024-06-06 14:26:50] INFO: Writing to disk took 7.56018 seconds
# [2024-06-06 14:26:50] INFO: ======================================================================
# [2024-06-06 14:26:50] INFO: Start sweeping...
# [2024-06-06 14:34:06] INFO: It took 435.838 seconds to do 500 HBOR sweeps.
# [2024-06-06 14:34:06] INFO: Plaquette = 0.656312
# [2024-06-06 14:34:06] INFO: Polyakov loop = (-0.000343121,0.00146922)
# [2024-06-06 14:34:06] INFO: Writing conf to disk...
# [2024-06-06 14:34:06] INFO: writeconf_nersc: Writing NERSC configuration ./conf_s060t20_b0675500_a_U000761000
# [2024-06-06 14:34:09] INFO: Calculated checksum: ad9aaba6
# [2024-06-06 14:34:13] INFO: Calculated checksum: e4c320e9
# [2024-06-06 14:34:13] INFO: Writing RNGSTATE file: ./rand_s060t20_b0675500_a_U000761000
# [2024-06-06 14:34:14] INFO: Writing to disk took 7.53747 seconds
# [2024-06-06 14:34:14] INFO: ======================================================================
# [2024-06-06 14:34:14] INFO: Start sweeping...
# [2024-06-06 14:41:28] INFO: It took 434.119 seconds to do 500 HBOR sweeps.
# [2024-06-06 14:41:28] INFO: Plaquette = 0.656331
# [2024-06-06 14:41:28] INFO: Polyakov loop = (-0.00033455,0.00196533)
# [2024-06-06 14:41:28] INFO: Writing conf to disk...
# [2024-06-06 14:41:28] INFO: writeconf_nersc: Writing NERSC configuration ./conf_s060t20_b0675500_a_U000761500
# [2024-06-06 14:41:31] INFO: Calculated checksum: ea4f2350
# [2024-06-06 14:41:35] INFO: Calculated checksum: 8da52a33
# [2024-06-06 14:41:35] INFO: Writing RNGSTATE file: ./rand_s060t20_b0675500_a_U000761500
# [2024-06-06 14:41:35] INFO: Writing to disk took 7.53433 seconds
# [2024-06-06 14:41:35] INFO: ======================================================================
# [2024-06-06 14:41:35] INFO: Start sweeping...
# [2024-06-06 14:48:48] INFO: It took 433.157 seconds to do 500 HBOR sweeps.
# [2024-06-06 14:48:48] INFO: Plaquette = 0.656198
# [2024-06-06 14:48:48] INFO: Polyakov loop = (-0.00125779,0.00300596)
# [2024-06-06 14:48:48] INFO: Writing conf to disk...
# [2024-06-06 14:48:48] INFO: writeconf_nersc: Writing NERSC configuration ./conf_s060t20_b0675500_a_U000762000
# [2024-06-06 14:48:51] INFO: Calculated checksum: eaa98f6
# [2024-06-06 14:48:56] INFO: Calculated checksum: 529d40ce
# [2024-06-06 14:48:56] INFO: Writing RNGSTATE file: ./rand_s060t20_b0675500_a_U000762000
# [2024-06-06 14:48:56] INFO: Writing to disk took 7.52284 seconds
# [2024-06-06 14:48:56] INFO: ======================================================================
# [2024-06-06 14:48:56] INFO: Start sweeping...
# [2024-06-06 14:56:10] INFO: It took 433.481 seconds to do 500 HBOR sweeps.
# [2024-06-06 14:56:10] INFO: Plaquette = 0.656212
# [2024-06-06 14:56:10] INFO: Polyakov loop = (-0.00109241,0.00155156)
# [2024-06-06 14:56:10] INFO: Writing conf to disk...
# [2024-06-06 14:56:10] INFO: writeconf_nersc: Writing NERSC configuration ./conf_s060t20_b0675500_a_U000762500
# [2024-06-06 14:56:12] INFO: Calculated checksum: 39841184
# [2024-06-06 14:56:17] INFO: Calculated checksum: 5f176e0
# [2024-06-06 14:56:17] INFO: Writing RNGSTATE file: ./rand_s060t20_b0675500_a_U000762500
# [2024-06-06 14:56:17] INFO: Writing to disk took 7.57248 seconds
# [2024-06-06 14:56:17] INFO: ======================================================================
# [2024-06-06 14:56:17] INFO: Start sweeping...
# [2024-06-06 15:03:31] INFO: It took 433.742 seconds to do 500 HBOR sweeps.
# [2024-06-06 15:03:31] INFO: Plaquette = 0.656316
# [2024-06-06 15:03:31] INFO: Polyakov loop = (-0.00143182,0.000868441)
# [2024-06-06 15:03:31] INFO: Writing conf to disk...
# [2024-06-06 15:03:31] INFO: writeconf_nersc: Writing NERSC configuration ./conf_s060t20_b0675500_a_U000763000
# [2024-06-06 15:03:34] INFO: Calculated checksum: fd39aa1
# [2024-06-06 15:03:39] INFO: Calculated checksum: 116512ca
# [2024-06-06 15:03:39] INFO: Writing RNGSTATE file: ./rand_s060t20_b0675500_a_U000763000
# [2024-06-06 15:03:39] INFO: Writing to disk took 7.82194 seconds
# [2024-06-06 15:03:39] INFO: ======================================================================
# [2024-06-06 15:03:39] INFO: Start sweeping...
# [2024-06-06 15:10:52] INFO: It took 433.754 seconds to do 500 HBOR sweeps.
# [2024-06-06 15:10:53] INFO: Plaquette = 0.656348
# [2024-06-06 15:10:53] INFO: Polyakov loop = (-0.000613537,0.00119893)
# [2024-06-06 15:10:53] INFO: Writing conf to disk...
# [2024-06-06 15:10:53] INFO: writeconf_nersc: Writing NERSC configuration ./conf_s060t20_b0675500_a_U000763500
# [2024-06-06 15:10:55] INFO: Calculated checksum: 766b7bac
# [2024-06-06 15:11:00] INFO: Calculated checksum: cb930173
# [2024-06-06 15:11:00] INFO: Writing RNGSTATE file: ./rand_s060t20_b0675500_a_U000763500
# [2024-06-06 15:11:00] INFO: Writing to disk took 7.33298 seconds
# [2024-06-06 15:11:00] INFO: ======================================================================
# [2024-06-06 15:11:00] INFO: Start sweeping...
# [2024-06-06 15:18:13] INFO: It took 433.388 seconds to do 500 HBOR sweeps.
# [2024-06-06 15:18:13] INFO: Plaquette = 0.656199
# [2024-06-06 15:18:13] INFO: Polyakov loop = (-0.00122805,0.0014145)
# [2024-06-06 15:18:13] INFO: Writing conf to disk...
# [2024-06-06 15:18:13] INFO: writeconf_nersc: Writing NERSC configuration ./conf_s060t20_b0675500_a_U000764000
# [2024-06-06 15:18:16] INFO: Calculated checksum: b76f1645
# [2024-06-06 15:18:21] INFO: Calculated checksum: b693e014
# [2024-06-06 15:18:21] INFO: Writing RNGSTATE file: ./rand_s060t20_b0675500_a_U000764000
# [2024-06-06 15:18:21] INFO: Writing to disk took 7.55492 seconds
# [2024-06-06 15:18:21] INFO: ======================================================================
# [2024-06-06 15:18:21] INFO: Start sweeping...
# [2024-06-06 15:25:34] INFO: It took 433.374 seconds to do 500 HBOR sweeps.
# [2024-06-06 15:25:34] INFO: Plaquette = 0.656311
# [2024-06-06 15:25:34] INFO: Polyakov loop = (-0.00132385,0.00163621)
# [2024-06-06 15:25:34] INFO: Writing conf to disk...
# [2024-06-06 15:25:34] INFO: writeconf_nersc: Writing NERSC configuration ./conf_s060t20_b0675500_a_U000764500
# [2024-06-06 15:25:37] INFO: Calculated checksum: 38fe561c
# [2024-06-06 15:25:42] INFO: Calculated checksum: d4a2215c
# [2024-06-06 15:25:42] INFO: Writing RNGSTATE file: ./rand_s060t20_b0675500_a_U000764500
# [2024-06-06 15:25:42] INFO: Writing to disk took 7.52301 seconds
# [2024-06-06 15:25:42] INFO: ======================================================================
# [2024-06-06 15:25:42] INFO: Start sweeping...
# [2024-06-06 15:32:55] INFO: It took 433.009 seconds to do 500 HBOR sweeps.
# [2024-06-06 15:32:55] INFO: Plaquette = 0.656196
# [2024-06-06 15:32:55] INFO: Polyakov loop = (-0.00116715,0.00275607)
# [2024-06-06 15:32:55] INFO: Writing conf to disk...
# [2024-06-06 15:32:55] INFO: writeconf_nersc: Writing NERSC configuration ./conf_s060t20_b0675500_a_U000765000
# [2024-06-06 15:32:58] INFO: Calculated checksum: 7761ece
# [2024-06-06 15:33:02] INFO: Calculated checksum: 59326c7d
# [2024-06-06 15:33:02] INFO: Writing RNGSTATE file: ./rand_s060t20_b0675500_a_U000765000
# [2024-06-06 15:33:03] INFO: Writing to disk took 7.79657 seconds
# [2024-06-06 15:33:03] INFO: ======================================================================
# [2024-06-06 15:33:03] INFO: Start sweeping...
# [2024-06-06 15:40:16] INFO: It took 433.072 seconds to do 500 HBOR sweeps.
# [2024-06-06 15:40:16] INFO: Plaquette = 0.656259
# [2024-06-06 15:40:16] INFO: Polyakov loop = (-0.00103211,0.00208418)
# [2024-06-06 15:40:16] INFO: Writing conf to disk...
# [2024-06-06 15:40:16] INFO: writeconf_nersc: Writing NERSC configuration ./conf_s060t20_b0675500_a_U000765500
# [2024-06-06 15:40:19] INFO: Calculated checksum: 9b277876
# [2024-06-06 15:40:23] INFO: Calculated checksum: 4faea0fc
# [2024-06-06 15:40:23] INFO: Writing RNGSTATE file: ./rand_s060t20_b0675500_a_U000765500
# [2024-06-06 15:40:23] INFO: Writing to disk took 7.55434 seconds
# [2024-06-06 15:40:23] INFO: ======================================================================
# [2024-06-06 15:40:23] INFO: Start sweeping...
# [2024-06-06 15:47:36] INFO: It took 432.682 seconds to do 500 HBOR sweeps.
# [2024-06-06 15:47:36] INFO: Plaquette = 0.656289
# [2024-06-06 15:47:36] INFO: Polyakov loop = (-0.00139061,0.00166996)
# [2024-06-06 15:47:36] INFO: Writing conf to disk...
# [2024-06-06 15:47:36] INFO: writeconf_nersc: Writing NERSC configuration ./conf_s060t20_b0675500_a_U000766000
# [2024-06-06 15:47:39] INFO: Calculated checksum: 64cf2c4e
# [2024-06-06 15:47:43] INFO: Calculated checksum: 8539fd2c
# [2024-06-06 15:47:43] INFO: Writing RNGSTATE file: ./rand_s060t20_b0675500_a_U000766000
# [2024-06-06 15:47:44] INFO: Writing to disk took 7.54829 seconds
# [2024-06-06 15:47:44] INFO: ======================================================================
# [2024-06-06 15:47:44] INFO: Start sweeping...
# [2024-06-06 15:54:57] INFO: It took 433.3 seconds to do 500 HBOR sweeps.
# [2024-06-06 15:54:57] INFO: Plaquette = 0.656273
# [2024-06-06 15:54:57] INFO: Polyakov loop = (-0.00107606,0.00174062)
# [2024-06-06 15:54:57] INFO: Writing conf to disk...
# [2024-06-06 15:54:57] INFO: writeconf_nersc: Writing NERSC configuration ./conf_s060t20_b0675500_a_U000766500
# [2024-06-06 15:55:00] INFO: Calculated checksum: 212fe2e8
# [2024-06-06 15:55:05] INFO: Calculated checksum: 93ecf596
# [2024-06-06 15:55:05] INFO: Writing RNGSTATE file: ./rand_s060t20_b0675500_a_U000766500
# [2024-06-06 15:55:05] INFO: Writing to disk took 7.69602 seconds
# [2024-06-06 15:55:05] INFO: ======================================================================
# [2024-06-06 15:55:05] INFO: Start sweeping...
# [2024-06-06 16:02:19] INFO: It took 434.277 seconds to do 500 HBOR sweeps.
# [2024-06-06 16:02:19] INFO: Plaquette = 0.656355
# [2024-06-06 16:02:19] INFO: Polyakov loop = (-0.00081019,0.00235878)
# [2024-06-06 16:02:19] INFO: Writing conf to disk...
# [2024-06-06 16:02:19] INFO: writeconf_nersc: Writing NERSC configuration ./conf_s060t20_b0675500_a_U000767000
# [2024-06-06 16:02:22] INFO: Calculated checksum: fe1105d3
# [2024-06-06 16:02:27] INFO: Calculated checksum: e3a25e96
# [2024-06-06 16:02:27] INFO: Writing RNGSTATE file: ./rand_s060t20_b0675500_a_U000767000
# [2024-06-06 16:02:27] INFO: Writing to disk took 7.65843 seconds
# [2024-06-06 16:02:27] INFO: ======================================================================
# [2024-06-06 16:02:27] INFO: Start sweeping...
# [2024-06-06 16:09:41] INFO: It took 434.062 seconds to do 500 HBOR sweeps.
# [2024-06-06 16:09:41] INFO: Plaquette = 0.656242
# [2024-06-06 16:09:41] INFO: Polyakov loop = (-0.000910859,0.00265278)
# [2024-06-06 16:09:41] INFO: Writing conf to disk...
# [2024-06-06 16:09:41] INFO: writeconf_nersc: Writing NERSC configuration ./conf_s060t20_b0675500_a_U000767500
# [2024-06-06 16:09:44] INFO: Calculated checksum: 3aee05ad
# [2024-06-06 16:09:48] INFO: Calculated checksum: 1a4f05c5
# [2024-06-06 16:09:48] INFO: Writing RNGSTATE file: ./rand_s060t20_b0675500_a_U000767500
# [2024-06-06 16:09:48] INFO: Writing to disk took 7.64148 seconds
# [2024-06-06 16:09:48] INFO: ======================================================================
# [2024-06-06 16:09:48] INFO: Start sweeping...
# [2024-06-06 16:17:03] INFO: It took 434.314 seconds to do 500 HBOR sweeps.
# [2024-06-06 16:17:03] INFO: Plaquette = 0.656257
# [2024-06-06 16:17:03] INFO: Polyakov loop = (-0.00156465,0.000686985)
# [2024-06-06 16:17:03] INFO: Writing conf to disk...
# [2024-06-06 16:17:03] INFO: writeconf_nersc: Writing NERSC configuration ./conf_s060t20_b0675500_a_U000768000
# [2024-06-06 16:17:06] INFO: Calculated checksum: b117c865
# [2024-06-06 16:17:11] INFO: Calculated checksum: f2a90a2b
# [2024-06-06 16:17:11] INFO: Writing RNGSTATE file: ./rand_s060t20_b0675500_a_U000768000
# [2024-06-06 16:17:11] INFO: Writing to disk took 8.09388 seconds
# [2024-06-06 16:17:11] INFO: ======================================================================
# [2024-06-06 16:17:11] INFO: Start sweeping...
# [2024-06-06 16:24:25] INFO: It took 434.482 seconds to do 500 HBOR sweeps.
# [2024-06-06 16:24:25] INFO: Plaquette = 0.656351
# [2024-06-06 16:24:25] INFO: Polyakov loop = (-0.00021982,0.00143775)
# [2024-06-06 16:24:25] INFO: Writing conf to disk...
# [2024-06-06 16:24:25] INFO: writeconf_nersc: Writing NERSC configuration ./conf_s060t20_b0675500_a_U000768500
# [2024-06-06 16:24:28] INFO: Calculated checksum: 283f014c
# [2024-06-06 16:24:33] INFO: Calculated checksum: 28e23608
# [2024-06-06 16:24:33] INFO: Writing RNGSTATE file: ./rand_s060t20_b0675500_a_U000768500
# [2024-06-06 16:24:33] INFO: Writing to disk took 7.80256 seconds
# [2024-06-06 16:24:33] INFO: ======================================================================
# [2024-06-06 16:24:33] INFO: Start sweeping...
# [2024-06-06 16:31:46] INFO: It took 433.102 seconds to do 500 HBOR sweeps.
# [2024-06-06 16:31:46] INFO: Plaquette = 0.656185
# [2024-06-06 16:31:46] INFO: Polyakov loop = (-0.00120407,0.00167118)
# [2024-06-06 16:31:46] INFO: Writing conf to disk...
# [2024-06-06 16:31:46] INFO: writeconf_nersc: Writing NERSC configuration ./conf_s060t20_b0675500_a_U000769000
# [2024-06-06 16:31:49] INFO: Calculated checksum: 5890c6dc
# [2024-06-06 16:31:54] INFO: Calculated checksum: d624dcc0
# [2024-06-06 16:31:54] INFO: Writing RNGSTATE file: ./rand_s060t20_b0675500_a_U000769000
# [2024-06-06 16:31:54] INFO: Writing to disk took 7.77645 seconds
# [2024-06-06 16:31:54] INFO: ======================================================================
# [2024-06-06 16:31:54] INFO: Start sweeping...
# [2024-06-06 16:39:07] INFO: It took 432.549 seconds to do 500 HBOR sweeps.
# [2024-06-06 16:39:07] INFO: Plaquette = 0.656242
# [2024-06-06 16:39:07] INFO: Polyakov loop = (-0.00150464,0.00160683)
# [2024-06-06 16:39:07] INFO: Writing conf to disk...
# [2024-06-06 16:39:07] INFO: writeconf_nersc: Writing NERSC configuration ./conf_s060t20_b0675500_a_U000769500
# [2024-06-06 16:39:10] INFO: Calculated checksum: f7dc611b
# [2024-06-06 16:39:14] INFO: Calculated checksum: 290afdf3
# [2024-06-06 16:39:14] INFO: Writing RNGSTATE file: ./rand_s060t20_b0675500_a_U000769500
# [2024-06-06 16:39:14] INFO: Writing to disk took 7.54188 seconds
# [2024-06-06 16:39:14] INFO: ======================================================================
# [2024-06-06 16:39:14] INFO: Start sweeping...
# [2024-06-06 16:46:29] INFO: It took 435.011 seconds to do 500 HBOR sweeps.
# [2024-06-06 16:46:29] INFO: Plaquette = 0.656277
# [2024-06-06 16:46:29] INFO: Polyakov loop = (-0.00074924,0.00118908)
# [2024-06-06 16:46:29] INFO: Writing conf to disk...
# [2024-06-06 16:46:29] INFO: writeconf_nersc: Writing NERSC configuration ./conf_s060t20_b0675500_a_U000770000
# [2024-06-06 16:46:32] INFO: Calculated checksum: 5c2db44d
# [2024-06-06 16:46:37] INFO: Calculated checksum: cfeb44cf
# [2024-06-06 16:46:37] INFO: Writing RNGSTATE file: ./rand_s060t20_b0675500_a_U000770000
# [2024-06-06 16:46:37] INFO: Writing to disk took 7.66937 seconds
# [2024-06-06 16:46:37] INFO: ======================================================================
# [2024-06-06 16:46:37] INFO: Start sweeping...
# [2024-06-06 16:53:53] INFO: It took 436.088 seconds to do 500 HBOR sweeps.
# [2024-06-06 16:53:53] INFO: Plaquette = 0.656361
# [2024-06-06 16:53:53] INFO: Polyakov loop = (-0.00183724,0.00152974)
# [2024-06-06 16:53:53] INFO: Writing conf to disk...
# [2024-06-06 16:53:53] INFO: writeconf_nersc: Writing NERSC configuration ./conf_s060t20_b0675500_a_U000770500
# [2024-06-06 16:53:56] INFO: Calculated checksum: 52a7e632
# [2024-06-06 16:54:01] INFO: Calculated checksum: 8f6838d6
# [2024-06-06 16:54:01] INFO: Writing RNGSTATE file: ./rand_s060t20_b0675500_a_U000770500
# [2024-06-06 16:54:01] INFO: Writing to disk took 7.58979 seconds
# [2024-06-06 16:54:01] INFO: ======================================================================
# [2024-06-06 16:54:01] INFO: Start sweeping...
# [2024-06-06 17:01:16] INFO: It took 434.993 seconds to do 500 HBOR sweeps.
# [2024-06-06 17:01:16] INFO: Plaquette = 0.656251
# [2024-06-06 17:01:16] INFO: Polyakov loop = (-0.000817601,0.00163773)
# [2024-06-06 17:01:16] INFO: Writing conf to disk...
# [2024-06-06 17:01:16] INFO: writeconf_nersc: Writing NERSC configuration ./conf_s060t20_b0675500_a_U000771000
# [2024-06-06 17:01:19] INFO: Calculated checksum: 83c336b3
# [2024-06-06 17:01:23] INFO: Calculated checksum: 8db0fec
# [2024-06-06 17:01:23] INFO: Writing RNGSTATE file: ./rand_s060t20_b0675500_a_U000771000
# [2024-06-06 17:01:24] INFO: Writing to disk took 7.7124 seconds
# [2024-06-06 17:01:24] INFO: ======================================================================
# [2024-06-06 17:01:24] INFO: Start sweeping...
# [2024-06-06 17:08:39] INFO: It took 435.151 seconds to do 500 HBOR sweeps.
# [2024-06-06 17:08:39] INFO: Plaquette = 0.656248
# [2024-06-06 17:08:39] INFO: Polyakov loop = (-0.00161524,0.0014789)
# [2024-06-06 17:08:39] INFO: Writing conf to disk...
# [2024-06-06 17:08:39] INFO: writeconf_nersc: Writing NERSC configuration ./conf_s060t20_b0675500_a_U000771500
# [2024-06-06 17:08:42] INFO: Calculated checksum: 8a2fb7d0
# [2024-06-06 17:08:47] INFO: Calculated checksum: a5ba6af
# [2024-06-06 17:08:47] INFO: Writing RNGSTATE file: ./rand_s060t20_b0675500_a_U000771500
# [2024-06-06 17:08:47] INFO: Writing to disk took 8.26012 seconds
# [2024-06-06 17:08:47] INFO: ======================================================================
# [2024-06-06 17:08:47] INFO: Start sweeping...
# [2024-06-06 17:16:01] INFO: It took 433.511 seconds to do 500 HBOR sweeps.
# [2024-06-06 17:16:01] INFO: Plaquette = 0.65627
# [2024-06-06 17:16:01] INFO: Polyakov loop = (-0.00106775,0.00213704)
# [2024-06-06 17:16:01] INFO: Writing conf to disk...
# [2024-06-06 17:16:01] INFO: writeconf_nersc: Writing NERSC configuration ./conf_s060t20_b0675500_a_U000772000
# [2024-06-06 17:16:04] INFO: Calculated checksum: 2633e0f9
# [2024-06-06 17:16:08] INFO: Calculated checksum: c7fff9b2
# [2024-06-06 17:16:08] INFO: Writing RNGSTATE file: ./rand_s060t20_b0675500_a_U000772000
# [2024-06-06 17:16:08] INFO: Writing to disk took 7.70392 seconds
# [2024-06-06 17:16:08] INFO: ======================================================================
# [2024-06-06 17:16:08] INFO: Start sweeping...
# [2024-06-06 17:23:23] INFO: It took 434.529 seconds to do 500 HBOR sweeps.
# [2024-06-06 17:23:23] INFO: Plaquette = 0.656297
# [2024-06-06 17:23:23] INFO: Polyakov loop = (-0.00133354,0.00228037)
# [2024-06-06 17:23:23] INFO: Writing conf to disk...
# [2024-06-06 17:23:23] INFO: writeconf_nersc: Writing NERSC configuration ./conf_s060t20_b0675500_a_U000772500
# [2024-06-06 17:23:26] INFO: Calculated checksum: a5c4fd57
# [2024-06-06 17:23:31] INFO: Calculated checksum: 3b83ac40
# [2024-06-06 17:23:31] INFO: Writing RNGSTATE file: ./rand_s060t20_b0675500_a_U000772500
# [2024-06-06 17:23:31] INFO: Writing to disk took 7.68125 seconds
# [2024-06-06 17:23:31] INFO: ======================================================================
# [2024-06-06 17:23:31] INFO: Start sweeping...
# [2024-06-06 17:30:46] INFO: It took 435.344 seconds to do 500 HBOR sweeps.
# [2024-06-06 17:30:46] INFO: Plaquette = 0.656281
# [2024-06-06 17:30:46] INFO: Polyakov loop = (2.80617e-05,0.00146004)
# [2024-06-06 17:30:46] INFO: Writing conf to disk...
# [2024-06-06 17:30:46] INFO: writeconf_nersc: Writing NERSC configuration ./conf_s060t20_b0675500_a_U000773000
# [2024-06-06 17:30:49] INFO: Calculated checksum: d6bf3093
# [2024-06-06 17:30:54] INFO: Calculated checksum: 37acce24
# [2024-06-06 17:30:54] INFO: Writing RNGSTATE file: ./rand_s060t20_b0675500_a_U000773000
# [2024-06-06 17:30:54] INFO: Writing to disk took 7.66645 seconds
# [2024-06-06 17:30:54] INFO: ======================================================================
# [2024-06-06 17:30:54] INFO: Start sweeping...
# [2024-06-06 17:38:09] INFO: It took 435.129 seconds to do 500 HBOR sweeps.
# [2024-06-06 17:38:09] INFO: Plaquette = 0.656325
# [2024-06-06 17:38:09] INFO: Polyakov loop = (-0.00139488,0.00156495)
# [2024-06-06 17:38:09] INFO: Writing conf to disk...
# [2024-06-06 17:38:09] INFO: writeconf_nersc: Writing NERSC configuration ./conf_s060t20_b0675500_a_U000773500
# [2024-06-06 17:38:12] INFO: Calculated checksum: f5d24e54
# [2024-06-06 17:38:16] INFO: Calculated checksum: 7fff9a7d
# [2024-06-06 17:38:16] INFO: Writing RNGSTATE file: ./rand_s060t20_b0675500_a_U000773500
# [2024-06-06 17:38:16] INFO: Writing to disk took 7.59848 seconds
# [2024-06-06 17:38:16] INFO: ======================================================================
# [2024-06-06 17:38:16] INFO: Start sweeping...
# [2024-06-06 17:45:32] INFO: It took 435.187 seconds to do 500 HBOR sweeps.
# [2024-06-06 17:45:32] INFO: Plaquette = 0.656314
# [2024-06-06 17:45:32] INFO: Polyakov loop = (-0.000442156,0.000670663)
# [2024-06-06 17:45:32] INFO: Writing conf to disk...
# [2024-06-06 17:45:32] INFO: writeconf_nersc: Writing NERSC configuration ./conf_s060t20_b0675500_a_U000774000
# [2024-06-06 17:45:35] INFO: Calculated checksum: 3e02fb54
# [2024-06-06 17:45:39] INFO: Calculated checksum: 9f8c67f4
# [2024-06-06 17:45:39] INFO: Writing RNGSTATE file: ./rand_s060t20_b0675500_a_U000774000
# [2024-06-06 17:45:39] INFO: Writing to disk took 7.68334 seconds
# [2024-06-06 17:45:39] INFO: ======================================================================
# [2024-06-06 17:45:39] INFO: Start sweeping...
# [2024-06-06 17:52:54] INFO: It took 434.339 seconds to do 500 HBOR sweeps.
# [2024-06-06 17:52:54] INFO: Plaquette = 0.656261
# [2024-06-06 17:52:54] INFO: Polyakov loop = (-0.000787068,0.000531171)
# [2024-06-06 17:52:54] INFO: Writing conf to disk...
# [2024-06-06 17:52:54] INFO: writeconf_nersc: Writing NERSC configuration ./conf_s060t20_b0675500_a_U000774500
# [2024-06-06 17:52:57] INFO: Calculated checksum: 9456cf2
# [2024-06-06 17:53:01] INFO: Calculated checksum: 5e59418e
# [2024-06-06 17:53:01] INFO: Writing RNGSTATE file: ./rand_s060t20_b0675500_a_U000774500
# [2024-06-06 17:53:02] INFO: Writing to disk took 7.73345 seconds
# [2024-06-06 17:53:02] INFO: ======================================================================
# [2024-06-06 17:53:02] INFO: Start sweeping...
# [2024-06-06 18:00:15] INFO: It took 433.272 seconds to do 500 HBOR sweeps.
# [2024-06-06 18:00:15] INFO: Plaquette = 0.656313
# [2024-06-06 18:00:15] INFO: Polyakov loop = (-0.000813296,0.000829805)
# [2024-06-06 18:00:15] INFO: Writing conf to disk...
# [2024-06-06 18:00:15] INFO: writeconf_nersc: Writing NERSC configuration ./conf_s060t20_b0675500_a_U000775000
# [2024-06-06 18:00:18] INFO: Calculated checksum: e426014b
# [2024-06-06 18:00:22] INFO: Calculated checksum: fe0b133f
# [2024-06-06 18:00:22] INFO: Writing RNGSTATE file: ./rand_s060t20_b0675500_a_U000775000
# [2024-06-06 18:00:22] INFO: Writing to disk took 7.65113 seconds
# [2024-06-06 18:00:22] INFO: ======================================================================
# [2024-06-06 18:00:22] INFO: Start sweeping...
# [2024-06-06 18:07:37] INFO: It took 434.81 seconds to do 500 HBOR sweeps.
# [2024-06-06 18:07:37] INFO: Plaquette = 0.656333
# [2024-06-06 18:07:37] INFO: Polyakov loop = (-0.000112445,0.000585511)
# [2024-06-06 18:07:37] INFO: Writing conf to disk...
# [2024-06-06 18:07:37] INFO: writeconf_nersc: Writing NERSC configuration ./conf_s060t20_b0675500_a_U000775500
# [2024-06-06 18:07:40] INFO: Calculated checksum: e8105e05
# [2024-06-06 18:07:45] INFO: Calculated checksum: a96a40b3
# [2024-06-06 18:07:45] INFO: Writing RNGSTATE file: ./rand_s060t20_b0675500_a_U000775500
# [2024-06-06 18:07:45] INFO: Writing to disk took 8.01459 seconds
# [2024-06-06 18:07:45] INFO: ======================================================================
# [2024-06-06 18:07:45] INFO: Start sweeping...
# [2024-06-06 18:15:01] INFO: It took 435.897 seconds to do 500 HBOR sweeps.
# [2024-06-06 18:15:01] INFO: Plaquette = 0.656273
# [2024-06-06 18:15:01] INFO: Polyakov loop = (0.000716802,-0.000955542)
# [2024-06-06 18:15:01] INFO: Writing conf to disk...
# [2024-06-06 18:15:01] INFO: writeconf_nersc: Writing NERSC configuration ./conf_s060t20_b0675500_a_U000776000
# [2024-06-06 18:15:04] INFO: Calculated checksum: 6ae33d0a
# [2024-06-06 18:15:09] INFO: Calculated checksum: 48b12c18
# [2024-06-06 18:15:09] INFO: Writing RNGSTATE file: ./rand_s060t20_b0675500_a_U000776000
# [2024-06-06 18:15:09] INFO: Writing to disk took 7.57399 seconds
# [2024-06-06 18:15:09] INFO: ======================================================================
# [2024-06-06 18:15:09] INFO: Start sweeping...
# [2024-06-06 18:22:24] INFO: It took 434.754 seconds to do 500 HBOR sweeps.
# [2024-06-06 18:22:24] INFO: Plaquette = 0.656307
# [2024-06-06 18:22:24] INFO: Polyakov loop = (0.0008289,-0.000418442)
# [2024-06-06 18:22:24] INFO: Writing conf to disk...
# [2024-06-06 18:22:24] INFO: writeconf_nersc: Writing NERSC configuration ./conf_s060t20_b0675500_a_U000776500
# [2024-06-06 18:22:27] INFO: Calculated checksum: 9bec622a
# [2024-06-06 18:22:31] INFO: Calculated checksum: ea7e84a6
# [2024-06-06 18:22:31] INFO: Writing RNGSTATE file: ./rand_s060t20_b0675500_a_U000776500
# [2024-06-06 18:22:31] INFO: Writing to disk took 7.51239 seconds
# [2024-06-06 18:22:31] INFO: ======================================================================
# [2024-06-06 18:22:31] INFO: Start sweeping...
# [2024-06-06 18:29:45] INFO: It took 434.066 seconds to do 500 HBOR sweeps.
# [2024-06-06 18:29:45] INFO: Plaquette = 0.656257
# [2024-06-06 18:29:45] INFO: Polyakov loop = (0.000124011,-0.000346125)
# [2024-06-06 18:29:45] INFO: Writing conf to disk...
# [2024-06-06 18:29:45] INFO: writeconf_nersc: Writing NERSC configuration ./conf_s060t20_b0675500_a_U000777000
# [2024-06-06 18:29:48] INFO: Calculated checksum: c10e7cd3
# [2024-06-06 18:29:53] INFO: Calculated checksum: 635dc18f
# [2024-06-06 18:29:53] INFO: Writing RNGSTATE file: ./rand_s060t20_b0675500_a_U000777000
# [2024-06-06 18:29:53] INFO: Writing to disk took 7.53924 seconds
# [2024-06-06 18:29:53] INFO: ======================================================================
# [2024-06-06 18:29:53] INFO: Start sweeping...
# [2024-06-06 18:37:07] INFO: It took 434.001 seconds to do 500 HBOR sweeps.
# [2024-06-06 18:37:07] INFO: Plaquette = 0.656315
# [2024-06-06 18:37:07] INFO: Polyakov loop = (-0.000102814,-0.000339069)
# [2024-06-06 18:37:07] INFO: Writing conf to disk...
# [2024-06-06 18:37:07] INFO: writeconf_nersc: Writing NERSC configuration ./conf_s060t20_b0675500_a_U000777500
# [2024-06-06 18:37:10] INFO: Calculated checksum: d8ebc3f5
# [2024-06-06 18:37:14] INFO: Calculated checksum: 449cff4d
# [2024-06-06 18:37:14] INFO: Writing RNGSTATE file: ./rand_s060t20_b0675500_a_U000777500
# [2024-06-06 18:37:15] INFO: Writing to disk took 7.66212 seconds
# [2024-06-06 18:37:15] INFO: ======================================================================
# [2024-06-06 18:37:15] INFO: Start sweeping...
# [2024-06-06 18:44:29] INFO: It took 434.047 seconds to do 500 HBOR sweeps.
# [2024-06-06 18:44:29] INFO: Plaquette = 0.656241
# [2024-06-06 18:44:29] INFO: Polyakov loop = (-0.00118141,-0.00181729)
# [2024-06-06 18:44:29] INFO: Writing conf to disk...
# [2024-06-06 18:44:29] INFO: writeconf_nersc: Writing NERSC configuration ./conf_s060t20_b0675500_a_U000778000
# [2024-06-06 18:44:32] INFO: Calculated checksum: 1384b5ed
# [2024-06-06 18:44:36] INFO: Calculated checksum: acac922a
# [2024-06-06 18:44:36] INFO: Writing RNGSTATE file: ./rand_s060t20_b0675500_a_U000778000
# [2024-06-06 18:44:36] INFO: Writing to disk took 7.59881 seconds
# [2024-06-06 18:44:36] INFO: ======================================================================
# [2024-06-06 18:44:36] INFO: Start sweeping...
# [2024-06-06 18:51:51] INFO: It took 434.685 seconds to do 500 HBOR sweeps.
# [2024-06-06 18:51:51] INFO: Plaquette = 0.656275
# [2024-06-06 18:51:51] INFO: Polyakov loop = (-0.0014582,-0.00123986)
# [2024-06-06 18:51:51] INFO: Writing conf to disk...
# [2024-06-06 18:51:51] INFO: writeconf_nersc: Writing NERSC configuration ./conf_s060t20_b0675500_a_U000778500
# [2024-06-06 18:51:54] INFO: Calculated checksum: a58e6f39
# [2024-06-06 18:51:58] INFO: Calculated checksum: 79545ad6
# [2024-06-06 18:51:58] INFO: Writing RNGSTATE file: ./rand_s060t20_b0675500_a_U000778500
# [2024-06-06 18:51:59] INFO: Writing to disk took 7.59249 seconds
# [2024-06-06 18:51:59] INFO: ======================================================================
# [2024-06-06 18:51:59] INFO: Start sweeping...
# [2024-06-06 18:59:14] INFO: It took 435.575 seconds to do 500 HBOR sweeps.
# [2024-06-06 18:59:14] INFO: Plaquette = 0.656306
# [2024-06-06 18:59:14] INFO: Polyakov loop = (-1.60429e-05,-0.000761776)
# [2024-06-06 18:59:14] INFO: Writing conf to disk...
# [2024-06-06 18:59:14] INFO: writeconf_nersc: Writing NERSC configuration ./conf_s060t20_b0675500_a_U000779000
# [2024-06-06 18:59:17] INFO: Calculated checksum: 9bd08ed9
# [2024-06-06 18:59:22] INFO: Calculated checksum: 7eeba605
# [2024-06-06 18:59:22] INFO: Writing RNGSTATE file: ./rand_s060t20_b0675500_a_U000779000
# [2024-06-06 18:59:22] INFO: Writing to disk took 8.08643 seconds
# [2024-06-06 18:59:22] INFO: ======================================================================
# [2024-06-06 18:59:22] INFO: Start sweeping...
# [2024-06-06 19:06:38] INFO: It took 435.924 seconds to do 500 HBOR sweeps.
# [2024-06-06 19:06:38] INFO: Plaquette = 0.656327
# [2024-06-06 19:06:38] INFO: Polyakov loop = (-0.001731,-0.00156482)
# [2024-06-06 19:06:38] INFO: Writing conf to disk...
# [2024-06-06 19:06:38] INFO: writeconf_nersc: Writing NERSC configuration ./conf_s060t20_b0675500_a_U000779500
# [2024-06-06 19:06:41] INFO: Calculated checksum: e830f754
# [2024-06-06 19:06:46] INFO: Calculated checksum: d744c817
# [2024-06-06 19:06:46] INFO: Writing RNGSTATE file: ./rand_s060t20_b0675500_a_U000779500
# [2024-06-06 19:06:46] INFO: Writing to disk took 7.65272 seconds
# [2024-06-06 19:06:46] INFO: ======================================================================
# [2024-06-06 19:06:46] INFO: Start sweeping...
# [2024-06-06 19:13:59] INFO: It took 433.191 seconds to do 500 HBOR sweeps.
# [2024-06-06 19:13:59] INFO: Plaquette = 0.65624
# [2024-06-06 19:13:59] INFO: Polyakov loop = (-0.000552151,-0.00142424)
# [2024-06-06 19:13:59] INFO: Writing conf to disk...
# [2024-06-06 19:13:59] INFO: writeconf_nersc: Writing NERSC configuration ./conf_s060t20_b0675500_a_U000780000
# [2024-06-06 19:14:02] INFO: Calculated checksum: c91bf2e0
# [2024-06-06 19:14:07] INFO: Calculated checksum: 5d7e7027
# [2024-06-06 19:14:07] INFO: Writing RNGSTATE file: ./rand_s060t20_b0675500_a_U000780000
# [2024-06-06 19:14:07] INFO: Writing to disk took 7.87668 seconds
# [2024-06-06 19:14:07] INFO: ======================================================================
# [2024-06-06 19:14:07] INFO: Start sweeping...
# [2024-06-06 19:21:22] INFO: It took 435.046 seconds to do 500 HBOR sweeps.
# [2024-06-06 19:21:22] INFO: Plaquette = 0.656252
# [2024-06-06 19:21:22] INFO: Polyakov loop = (-0.000819974,-0.00197081)
# [2024-06-06 19:21:22] INFO: Writing conf to disk...
# [2024-06-06 19:21:22] INFO: writeconf_nersc: Writing NERSC configuration ./conf_s060t20_b0675500_a_U000780500
# [2024-06-06 19:21:25] INFO: Calculated checksum: 9c99e393
# [2024-06-06 19:21:30] INFO: Calculated checksum: 716fdbdb
# [2024-06-06 19:21:30] INFO: Writing RNGSTATE file: ./rand_s060t20_b0675500_a_U000780500
# [2024-06-06 19:21:30] INFO: Writing to disk took 7.5871 seconds
# [2024-06-06 19:21:30] INFO: ======================================================================
# [2024-06-06 19:21:30] INFO: Start sweeping...
# [2024-06-06 19:28:45] INFO: It took 435.039 seconds to do 500 HBOR sweeps.
# [2024-06-06 19:28:45] INFO: Plaquette = 0.656311
# [2024-06-06 19:28:45] INFO: Polyakov loop = (-0.00198659,-0.000863507)
# [2024-06-06 19:28:45] INFO: Writing conf to disk...
# [2024-06-06 19:28:45] INFO: writeconf_nersc: Writing NERSC configuration ./conf_s060t20_b0675500_a_U000781000
# [2024-06-06 19:28:48] INFO: Calculated checksum: 6ef6c569
# [2024-06-06 19:28:52] INFO: Calculated checksum: 85129fb3
# [2024-06-06 19:28:52] INFO: Writing RNGSTATE file: ./rand_s060t20_b0675500_a_U000781000
# [2024-06-06 19:28:52] INFO: Writing to disk took 7.67579 seconds
# [2024-06-06 19:28:52] INFO: ======================================================================
# [2024-06-06 19:28:52] INFO: Start sweeping...
# [2024-06-06 19:36:06] INFO: It took 433.21 seconds to do 500 HBOR sweeps.
# [2024-06-06 19:36:06] INFO: Plaquette = 0.6563
# [2024-06-06 19:36:06] INFO: Polyakov loop = (0.000109122,-0.000737515)
# [2024-06-06 19:36:06] INFO: Writing conf to disk...
# [2024-06-06 19:36:06] INFO: writeconf_nersc: Writing NERSC configuration ./conf_s060t20_b0675500_a_U000781500
# [2024-06-06 19:36:09] INFO: Calculated checksum: 293af3d5
# [2024-06-06 19:36:13] INFO: Calculated checksum: eecee1d
# [2024-06-06 19:36:13] INFO: Writing RNGSTATE file: ./rand_s060t20_b0675500_a_U000781500
# [2024-06-06 19:36:13] INFO: Writing to disk took 7.66329 seconds
# [2024-06-06 19:36:13] INFO: ======================================================================
# [2024-06-06 19:36:13] INFO: Start sweeping...
# [2024-06-06 19:43:29] INFO: It took 435.461 seconds to do 500 HBOR sweeps.
# [2024-06-06 19:43:29] INFO: Plaquette = 0.65623
# [2024-06-06 19:43:29] INFO: Polyakov loop = (-0.00121687,-0.00107716)
# [2024-06-06 19:43:29] INFO: Writing conf to disk...
# [2024-06-06 19:43:29] INFO: writeconf_nersc: Writing NERSC configuration ./conf_s060t20_b0675500_a_U000782000
# [2024-06-06 19:43:32] INFO: Calculated checksum: e3c624b8
# [2024-06-06 19:43:36] INFO: Calculated checksum: 9d59e614
# [2024-06-06 19:43:36] INFO: Writing RNGSTATE file: ./rand_s060t20_b0675500_a_U000782000
# [2024-06-06 19:43:37] INFO: Writing to disk took 7.69723 seconds
# [2024-06-06 19:43:37] INFO: ======================================================================
# [2024-06-06 19:43:37] INFO: Start sweeping...
# [2024-06-06 19:50:51] INFO: It took 434.502 seconds to do 500 HBOR sweeps.
# [2024-06-06 19:50:51] INFO: Plaquette = 0.656313
# [2024-06-06 19:50:51] INFO: Polyakov loop = (-0.000960858,-0.00246784)
# [2024-06-06 19:50:51] INFO: Writing conf to disk...
# [2024-06-06 19:50:51] INFO: writeconf_nersc: Writing NERSC configuration ./conf_s060t20_b0675500_a_U000782500
# [2024-06-06 19:50:54] INFO: Calculated checksum: 5b6ede4c
# [2024-06-06 19:51:04] INFO: Calculated checksum: a2344ef9
# [2024-06-06 19:51:04] INFO: Writing RNGSTATE file: ./rand_s060t20_b0675500_a_U000782500
# [2024-06-06 19:51:04] INFO: Writing to disk took 12.9954 seconds
# [2024-06-06 19:51:04] INFO: ======================================================================
# [2024-06-06 19:51:04] INFO: Start sweeping...
# [2024-06-06 19:58:22] INFO: It took 438.105 seconds to do 500 HBOR sweeps.
# [2024-06-06 19:58:22] INFO: Plaquette = 0.656211
# [2024-06-06 19:58:22] INFO: Polyakov loop = (-0.00170046,-0.000737142)
# [2024-06-06 19:58:22] INFO: Writing conf to disk...
# [2024-06-06 19:58:22] INFO: writeconf_nersc: Writing NERSC configuration ./conf_s060t20_b0675500_a_U000783000
# [2024-06-06 19:58:25] INFO: Calculated checksum: a76f5c99
# [2024-06-06 19:58:30] INFO: Calculated checksum: 4699d5e7
# [2024-06-06 19:58:30] INFO: Writing RNGSTATE file: ./rand_s060t20_b0675500_a_U000783000
# [2024-06-06 19:58:30] INFO: Writing to disk took 7.68806 seconds
# [2024-06-06 19:58:30] INFO: ======================================================================
# [2024-06-06 19:58:30] INFO: Start sweeping...
# [2024-06-06 20:05:46] INFO: It took 435.57 seconds to do 500 HBOR sweeps.
# [2024-06-06 20:05:46] INFO: Plaquette = 0.656378
# [2024-06-06 20:05:46] INFO: Polyakov loop = (-0.000357673,-0.000441692)
# [2024-06-06 20:05:46] INFO: Writing conf to disk...
# [2024-06-06 20:05:46] INFO: writeconf_nersc: Writing NERSC configuration ./conf_s060t20_b0675500_a_U000783500
# [2024-06-06 20:05:49] INFO: Calculated checksum: 23704669
# [2024-06-06 20:05:53] INFO: Calculated checksum: 8a23e1ff
# [2024-06-06 20:05:53] INFO: Writing RNGSTATE file: ./rand_s060t20_b0675500_a_U000783500
# [2024-06-06 20:05:53] INFO: Writing to disk took 7.33867 seconds
# [2024-06-06 20:05:53] INFO: ======================================================================
# [2024-06-06 20:05:53] INFO: Start sweeping...
# [2024-06-06 20:13:08] INFO: It took 435.057 seconds to do 500 HBOR sweeps.
# [2024-06-06 20:13:08] INFO: Plaquette = 0.656278
# [2024-06-06 20:13:08] INFO: Polyakov loop = (-0.000827516,-0.00199557)
# [2024-06-06 20:13:08] INFO: Writing conf to disk...
# [2024-06-06 20:13:08] INFO: writeconf_nersc: Writing NERSC configuration ./conf_s060t20_b0675500_a_U000784000
# [2024-06-06 20:13:11] INFO: Calculated checksum: ab9d1e47
# [2024-06-06 20:13:16] INFO: Calculated checksum: 4155df48
# [2024-06-06 20:13:16] INFO: Writing RNGSTATE file: ./rand_s060t20_b0675500_a_U000784000
# [2024-06-06 20:13:16] INFO: Writing to disk took 7.6368 seconds
# [2024-06-06 20:13:16] INFO: ======================================================================
# [2024-06-06 20:13:16] INFO: Start sweeping...
# [2024-06-06 20:20:30] INFO: It took 434.39 seconds to do 500 HBOR sweeps.
# [2024-06-06 20:20:30] INFO: Plaquette = 0.656203
# [2024-06-06 20:20:30] INFO: Polyakov loop = (-0.00130329,-0.00195632)
# [2024-06-06 20:20:30] INFO: Writing conf to disk...
# [2024-06-06 20:20:30] INFO: writeconf_nersc: Writing NERSC configuration ./conf_s060t20_b0675500_a_U000784500
# [2024-06-06 20:20:33] INFO: Calculated checksum: adcf1e97
# [2024-06-06 20:20:38] INFO: Calculated checksum: 26d8d67
# [2024-06-06 20:20:38] INFO: Writing RNGSTATE file: ./rand_s060t20_b0675500_a_U000784500
# [2024-06-06 20:20:38] INFO: Writing to disk took 7.60645 seconds
# [2024-06-06 20:20:38] INFO: ======================================================================
# [2024-06-06 20:20:38] INFO: Start sweeping...
# [2024-06-06 20:27:52] INFO: It took 434.205 seconds to do 500 HBOR sweeps.
# [2024-06-06 20:27:52] INFO: Plaquette = 0.656226
# [2024-06-06 20:27:52] INFO: Polyakov loop = (-0.000152707,-0.000898403)
# [2024-06-06 20:27:52] INFO: Writing conf to disk...
# [2024-06-06 20:27:52] INFO: writeconf_nersc: Writing NERSC configuration ./conf_s060t20_b0675500_a_U000785000
# [2024-06-06 20:27:55] INFO: Calculated checksum: 159b4715
# [2024-06-06 20:28:00] INFO: Calculated checksum: 22f51e8f
# [2024-06-06 20:28:00] INFO: Writing RNGSTATE file: ./rand_s060t20_b0675500_a_U000785000
# [2024-06-06 20:28:00] INFO: Writing to disk took 7.80927 seconds
# [2024-06-06 20:28:00] INFO: ======================================================================
# [2024-06-06 20:28:00] INFO: Start sweeping...
# [2024-06-06 20:35:15] INFO: It took 434.821 seconds to do 500 HBOR sweeps.
# [2024-06-06 20:35:15] INFO: Plaquette = 0.656273
# [2024-06-06 20:35:15] INFO: Polyakov loop = (-0.000573658,-0.000437412)
# [2024-06-06 20:35:15] INFO: Writing conf to disk...
# [2024-06-06 20:35:15] INFO: writeconf_nersc: Writing NERSC configuration ./conf_s060t20_b0675500_a_U000785500
# [2024-06-06 20:35:18] INFO: Calculated checksum: 8477ea9d
# [2024-06-06 20:35:22] INFO: Calculated checksum: 70dd655b
# [2024-06-06 20:35:22] INFO: Writing RNGSTATE file: ./rand_s060t20_b0675500_a_U000785500
# [2024-06-06 20:35:23] INFO: Writing to disk took 7.77158 seconds
# [2024-06-06 20:35:23] INFO: ======================================================================
# [2024-06-06 20:35:23] INFO: Start sweeping...
# [2024-06-06 20:42:39] INFO: It took 436.411 seconds to do 500 HBOR sweeps.
# [2024-06-06 20:42:39] INFO: Plaquette = 0.656229
# [2024-06-06 20:42:39] INFO: Polyakov loop = (-0.000427973,-0.00223002)
# [2024-06-06 20:42:39] INFO: Writing conf to disk...
# [2024-06-06 20:42:39] INFO: writeconf_nersc: Writing NERSC configuration ./conf_s060t20_b0675500_a_U000786000
# [2024-06-06 20:42:42] INFO: Calculated checksum: 84cc82f6
# [2024-06-06 20:42:48] INFO: Calculated checksum: 2e84b068
# [2024-06-06 20:42:48] INFO: Writing RNGSTATE file: ./rand_s060t20_b0675500_a_U000786000
# [2024-06-06 20:42:48] INFO: Writing to disk took 9.0499 seconds
# [2024-06-06 20:42:48] INFO: ======================================================================
# [2024-06-06 20:42:48] INFO: Start sweeping...
# [2024-06-06 20:50:04] INFO: It took 436.324 seconds to do 500 HBOR sweeps.
# [2024-06-06 20:50:04] INFO: Plaquette = 0.656263
# [2024-06-06 20:50:04] INFO: Polyakov loop = (-0.0014235,-0.00182603)
# [2024-06-06 20:50:04] INFO: Writing conf to disk...
# [2024-06-06 20:50:04] INFO: writeconf_nersc: Writing NERSC configuration ./conf_s060t20_b0675500_a_U000786500
# [2024-06-06 20:50:07] INFO: Calculated checksum: 9a6ced68
# [2024-06-06 20:50:12] INFO: Calculated checksum: b9373a38
# [2024-06-06 20:50:12] INFO: Writing RNGSTATE file: ./rand_s060t20_b0675500_a_U000786500
# [2024-06-06 20:50:12] INFO: Writing to disk took 7.97831 seconds
# [2024-06-06 20:50:12] INFO: ======================================================================
# [2024-06-06 20:50:12] INFO: Start sweeping...
# [2024-06-06 20:57:26] INFO: It took 433.656 seconds to do 500 HBOR sweeps.
# [2024-06-06 20:57:26] INFO: Plaquette = 0.656232
# [2024-06-06 20:57:26] INFO: Polyakov loop = (-0.000667322,-0.00149026)
# [2024-06-06 20:57:26] INFO: Writing conf to disk...
# [2024-06-06 20:57:26] INFO: writeconf_nersc: Writing NERSC configuration ./conf_s060t20_b0675500_a_U000787000
# [2024-06-06 20:57:29] INFO: Calculated checksum: 31b66512
# [2024-06-06 20:57:34] INFO: Calculated checksum: 54bf7d10
# [2024-06-06 20:57:34] INFO: Writing RNGSTATE file: ./rand_s060t20_b0675500_a_U000787000
# [2024-06-06 20:57:34] INFO: Writing to disk took 7.81507 seconds
# [2024-06-06 20:57:34] INFO: ======================================================================
# [2024-06-06 20:57:34] INFO: Start sweeping...
# [2024-06-06 21:04:48] INFO: It took 434.177 seconds to do 500 HBOR sweeps.
# [2024-06-06 21:04:48] INFO: Plaquette = 0.656276
# [2024-06-06 21:04:48] INFO: Polyakov loop = (-0.000818045,-0.000784428)
# [2024-06-06 21:04:48] INFO: Writing conf to disk...
# [2024-06-06 21:04:48] INFO: writeconf_nersc: Writing NERSC configuration ./conf_s060t20_b0675500_a_U000787500
# [2024-06-06 21:04:51] INFO: Calculated checksum: 7f3091cc
# [2024-06-06 21:04:56] INFO: Calculated checksum: e78c0de3
# [2024-06-06 21:04:56] INFO: Writing RNGSTATE file: ./rand_s060t20_b0675500_a_U000787500
# [2024-06-06 21:04:56] INFO: Writing to disk took 7.60466 seconds
# [2024-06-06 21:04:56] INFO: ======================================================================
# [2024-06-06 21:04:56] INFO: Start sweeping...
# [2024-06-06 21:12:10] INFO: It took 434.456 seconds to do 500 HBOR sweeps.
# [2024-06-06 21:12:10] INFO: Plaquette = 0.65619
# [2024-06-06 21:12:10] INFO: Polyakov loop = (-0.00130338,-0.00160595)
# [2024-06-06 21:12:10] INFO: Writing conf to disk...
# [2024-06-06 21:12:10] INFO: writeconf_nersc: Writing NERSC configuration ./conf_s060t20_b0675500_a_U000788000
# [2024-06-06 21:12:13] INFO: Calculated checksum: 5b0b8941
# [2024-06-06 21:12:18] INFO: Calculated checksum: de6a82fd
# [2024-06-06 21:12:18] INFO: Writing RNGSTATE file: ./rand_s060t20_b0675500_a_U000788000
# [2024-06-06 21:12:18] INFO: Writing to disk took 7.64037 seconds
# [2024-06-06 21:12:18] INFO: ======================================================================
# [2024-06-06 21:12:18] INFO: Start sweeping...
# [2024-06-06 21:19:33] INFO: It took 434.622 seconds to do 500 HBOR sweeps.
# [2024-06-06 21:19:33] INFO: Plaquette = 0.656214
# [2024-06-06 21:19:33] INFO: Polyakov loop = (-6.20293e-05,-0.00158806)
# [2024-06-06 21:19:33] INFO: Writing conf to disk...
# [2024-06-06 21:19:33] INFO: writeconf_nersc: Writing NERSC configuration ./conf_s060t20_b0675500_a_U000788500
# [2024-06-06 21:19:35] INFO: Calculated checksum: 3f72e545
# [2024-06-06 21:19:40] INFO: Calculated checksum: 7d5f2434
# [2024-06-06 21:19:40] INFO: Writing RNGSTATE file: ./rand_s060t20_b0675500_a_U000788500
# [2024-06-06 21:19:40] INFO: Writing to disk took 7.5147 seconds
# [2024-06-06 21:19:40] INFO: ======================================================================
# [2024-06-06 21:19:40] INFO: Start sweeping...
# [2024-06-06 21:26:55] INFO: It took 435.057 seconds to do 500 HBOR sweeps.
# [2024-06-06 21:26:55] INFO: Plaquette = 0.656272
# [2024-06-06 21:26:55] INFO: Polyakov loop = (-0.000931346,-0.00153141)
# [2024-06-06 21:26:55] INFO: Writing conf to disk...
# [2024-06-06 21:26:55] INFO: writeconf_nersc: Writing NERSC configuration ./conf_s060t20_b0675500_a_U000789000
# [2024-06-06 21:26:58] INFO: Calculated checksum: c15d8324
# [2024-06-06 21:27:03] INFO: Calculated checksum: e350cf4f
# [2024-06-06 21:27:03] INFO: Writing RNGSTATE file: ./rand_s060t20_b0675500_a_U000789000
# [2024-06-06 21:27:03] INFO: Writing to disk took 7.85798 seconds
# [2024-06-06 21:27:03] INFO: ======================================================================
# [2024-06-06 21:27:03] INFO: Start sweeping...
# [2024-06-06 21:34:18] INFO: It took 434.97 seconds to do 500 HBOR sweeps.
# [2024-06-06 21:34:18] INFO: Plaquette = 0.656275
# [2024-06-06 21:34:18] INFO: Polyakov loop = (-0.000711129,-0.00221135)
# [2024-06-06 21:34:18] INFO: Writing conf to disk...
# [2024-06-06 21:34:18] INFO: writeconf_nersc: Writing NERSC configuration ./conf_s060t20_b0675500_a_U000789500
# [2024-06-06 21:34:21] INFO: Calculated checksum: 36e3ca91
# [2024-06-06 21:34:26] INFO: Calculated checksum: b850345
# [2024-06-06 21:34:26] INFO: Writing RNGSTATE file: ./rand_s060t20_b0675500_a_U000789500
# [2024-06-06 21:34:26] INFO: Writing to disk took 8.23383 seconds
# [2024-06-06 21:34:26] INFO: ======================================================================
# [2024-06-06 21:34:26] INFO: Start sweeping...
# [2024-06-06 21:41:41] INFO: It took 435.096 seconds to do 500 HBOR sweeps.
# [2024-06-06 21:41:41] INFO: Plaquette = 0.656238
# [2024-06-06 21:41:41] INFO: Polyakov loop = (-0.00118819,-0.00158646)
# [2024-06-06 21:41:41] INFO: Writing conf to disk...
# [2024-06-06 21:41:41] INFO: writeconf_nersc: Writing NERSC configuration ./conf_s060t20_b0675500_a_U000790000
# [2024-06-06 21:41:44] INFO: Calculated checksum: a7d53e63
# [2024-06-06 21:41:49] INFO: Calculated checksum: d73823b
# [2024-06-06 21:41:49] INFO: Writing RNGSTATE file: ./rand_s060t20_b0675500_a_U000790000
# [2024-06-06 21:41:49] INFO: Writing to disk took 7.85972 seconds
# [2024-06-06 21:41:49] INFO: ======================================================================
# [2024-06-06 21:41:49] INFO: Start sweeping...
# [2024-06-06 21:49:04] INFO: It took 434.385 seconds to do 500 HBOR sweeps.
# [2024-06-06 21:49:04] INFO: Plaquette = 0.656218
# [2024-06-06 21:49:04] INFO: Polyakov loop = (-0.00154426,-0.00181076)
# [2024-06-06 21:49:04] INFO: Writing conf to disk...
# [2024-06-06 21:49:04] INFO: writeconf_nersc: Writing NERSC configuration ./conf_s060t20_b0675500_a_U000790500
# [2024-06-06 21:49:07] INFO: Calculated checksum: f6084701
# [2024-06-06 21:49:11] INFO: Calculated checksum: dd099ca4
# [2024-06-06 21:49:11] INFO: Writing RNGSTATE file: ./rand_s060t20_b0675500_a_U000790500
# [2024-06-06 21:49:11] INFO: Writing to disk took 7.58353 seconds
# [2024-06-06 21:49:11] INFO: ======================================================================
# [2024-06-06 21:49:11] INFO: Start sweeping...
# [2024-06-06 21:56:26] INFO: It took 434.289 seconds to do 500 HBOR sweeps.
# [2024-06-06 21:56:26] INFO: Plaquette = 0.65619
# [2024-06-06 21:56:26] INFO: Polyakov loop = (-0.00197545,-0.000305668)
# [2024-06-06 21:56:26] INFO: Writing conf to disk...
# [2024-06-06 21:56:26] INFO: writeconf_nersc: Writing NERSC configuration ./conf_s060t20_b0675500_a_U000791000
# [2024-06-06 21:56:29] INFO: Calculated checksum: 1bb12a1e
# [2024-06-06 21:56:33] INFO: Calculated checksum: 2f8962be
# [2024-06-06 21:56:33] INFO: Writing RNGSTATE file: ./rand_s060t20_b0675500_a_U000791000
# [2024-06-06 21:56:33] INFO: Writing to disk took 7.64699 seconds
# [2024-06-06 21:56:33] INFO: ======================================================================
# [2024-06-06 21:56:33] INFO: Start sweeping...
# [2024-06-06 22:03:48] INFO: It took 434.48 seconds to do 500 HBOR sweeps.
# [2024-06-06 22:03:48] INFO: Plaquette = 0.656293
# [2024-06-06 22:03:48] INFO: Polyakov loop = (0.000344966,-0.00159576)
# [2024-06-06 22:03:48] INFO: Writing conf to disk...
# [2024-06-06 22:03:48] INFO: writeconf_nersc: Writing NERSC configuration ./conf_s060t20_b0675500_a_U000791500
# [2024-06-06 22:03:51] INFO: Calculated checksum: 707a4406
# [2024-06-06 22:03:55] INFO: Calculated checksum: 633a2487
# [2024-06-06 22:03:55] INFO: Writing RNGSTATE file: ./rand_s060t20_b0675500_a_U000791500
# [2024-06-06 22:03:55] INFO: Writing to disk took 7.59768 seconds
# [2024-06-06 22:03:55] INFO: ======================================================================
# [2024-06-06 22:03:55] INFO: Start sweeping...
# [2024-06-06 22:11:10] INFO: It took 434.951 seconds to do 500 HBOR sweeps.
# [2024-06-06 22:11:10] INFO: Plaquette = 0.65632
# [2024-06-06 22:11:10] INFO: Polyakov loop = (-0.000193613,-0.00110617)
# [2024-06-06 22:11:10] INFO: Writing conf to disk...
# [2024-06-06 22:11:10] INFO: writeconf_nersc: Writing NERSC configuration ./conf_s060t20_b0675500_a_U000792000
# [2024-06-06 22:11:13] INFO: Calculated checksum: 77821318
# [2024-06-06 22:11:18] INFO: Calculated checksum: 4fbf098c
# [2024-06-06 22:11:18] INFO: Writing RNGSTATE file: ./rand_s060t20_b0675500_a_U000792000
# [2024-06-06 22:11:18] INFO: Writing to disk took 7.62086 seconds
# [2024-06-06 22:11:18] INFO: ======================================================================
# [2024-06-06 22:11:18] INFO: Start sweeping...
# [2024-06-06 22:18:33] INFO: It took 435.268 seconds to do 500 HBOR sweeps.
# [2024-06-06 22:18:33] INFO: Plaquette = 0.656216
# [2024-06-06 22:18:33] INFO: Polyakov loop = (-0.00100211,-0.0019457)
# [2024-06-06 22:18:33] INFO: Writing conf to disk...
# [2024-06-06 22:18:33] INFO: writeconf_nersc: Writing NERSC configuration ./conf_s060t20_b0675500_a_U000792500
# [2024-06-06 22:18:36] INFO: Calculated checksum: 1be718f1
# [2024-06-06 22:18:41] INFO: Calculated checksum: 22cfc4aa
# [2024-06-06 22:18:41] INFO: Writing RNGSTATE file: ./rand_s060t20_b0675500_a_U000792500
# [2024-06-06 22:18:41] INFO: Writing to disk took 7.70218 seconds
# [2024-06-06 22:18:41] INFO: ======================================================================
# [2024-06-06 22:18:41] INFO: Start sweeping...
# [2024-06-06 22:25:57] INFO: It took 435.579 seconds to do 500 HBOR sweeps.
# [2024-06-06 22:25:57] INFO: Plaquette = 0.656246
# [2024-06-06 22:25:57] INFO: Polyakov loop = (-0.00110267,-0.000775992)
# [2024-06-06 22:25:57] INFO: Writing conf to disk...
# [2024-06-06 22:25:57] INFO: writeconf_nersc: Writing NERSC configuration ./conf_s060t20_b0675500_a_U000793000
# [2024-06-06 22:26:00] INFO: Calculated checksum: adcb9e94
# [2024-06-06 22:26:04] INFO: Calculated checksum: 87850d67
# [2024-06-06 22:26:04] INFO: Writing RNGSTATE file: ./rand_s060t20_b0675500_a_U000793000
# [2024-06-06 22:26:04] INFO: Writing to disk took 7.60628 seconds
# [2024-06-06 22:26:04] INFO: ======================================================================
# [2024-06-06 22:26:04] INFO: Start sweeping...
# [2024-06-06 22:33:20] INFO: It took 435.628 seconds to do 500 HBOR sweeps.
# [2024-06-06 22:33:20] INFO: Plaquette = 0.656236
# [2024-06-06 22:33:20] INFO: Polyakov loop = (-0.00119634,-0.00220198)
# [2024-06-06 22:33:20] INFO: Writing conf to disk...
# [2024-06-06 22:33:20] INFO: writeconf_nersc: Writing NERSC configuration ./conf_s060t20_b0675500_a_U000793500
# [2024-06-06 22:33:23] INFO: Calculated checksum: 11405c06
# [2024-06-06 22:33:27] INFO: Calculated checksum: 5f9c1737
# [2024-06-06 22:33:27] INFO: Writing RNGSTATE file: ./rand_s060t20_b0675500_a_U000793500
# [2024-06-06 22:33:28] INFO: Writing to disk took 7.53517 seconds
# [2024-06-06 22:33:28] INFO: ======================================================================
# [2024-06-06 22:33:28] INFO: Start sweeping...
# [2024-06-06 22:40:43] INFO: It took 435.377 seconds to do 500 HBOR sweeps.
# [2024-06-06 22:40:43] INFO: Plaquette = 0.65629
# [2024-06-06 22:40:43] INFO: Polyakov loop = (-6.21655e-06,-0.00264981)
# [2024-06-06 22:40:43] INFO: Writing conf to disk...
# [2024-06-06 22:40:43] INFO: writeconf_nersc: Writing NERSC configuration ./conf_s060t20_b0675500_a_U000794000
# [2024-06-06 22:40:46] INFO: Calculated checksum: 4ca62352
# [2024-06-06 22:40:50] INFO: Calculated checksum: a8557bf5
# [2024-06-06 22:40:50] INFO: Writing RNGSTATE file: ./rand_s060t20_b0675500_a_U000794000
# [2024-06-06 22:40:51] INFO: Writing to disk took 7.6254 seconds
# [2024-06-06 22:40:51] INFO: ======================================================================
# [2024-06-06 22:40:51] INFO: Start sweeping...
# [2024-06-06 22:48:05] INFO: It took 434.582 seconds to do 500 HBOR sweeps.
# [2024-06-06 22:48:05] INFO: Plaquette = 0.656247
# [2024-06-06 22:48:05] INFO: Polyakov loop = (-0.00105634,-0.00178905)
# [2024-06-06 22:48:05] INFO: Writing conf to disk...
# [2024-06-06 22:48:05] INFO: writeconf_nersc: Writing NERSC configuration ./conf_s060t20_b0675500_a_U000794500
# [2024-06-06 22:48:08] INFO: Calculated checksum: 7773719
# [2024-06-06 22:48:13] INFO: Calculated checksum: 7b24952
# [2024-06-06 22:48:13] INFO: Writing RNGSTATE file: ./rand_s060t20_b0675500_a_U000794500
# [2024-06-06 22:48:13] INFO: Writing to disk took 7.49877 seconds
# [2024-06-06 22:48:13] INFO: ======================================================================
# [2024-06-06 22:48:13] INFO: Start sweeping...
# [2024-06-06 22:55:27] INFO: It took 434.524 seconds to do 500 HBOR sweeps.
# [2024-06-06 22:55:27] INFO: Plaquette = 0.656274
# [2024-06-06 22:55:27] INFO: Polyakov loop = (-0.00140818,-0.00144464)
# [2024-06-06 22:55:27] INFO: Writing conf to disk...
# [2024-06-06 22:55:27] INFO: writeconf_nersc: Writing NERSC configuration ./conf_s060t20_b0675500_a_U000795000
# [2024-06-06 22:55:30] INFO: Calculated checksum: a1d5108a
# [2024-06-06 22:55:35] INFO: Calculated checksum: c5b0758c
# [2024-06-06 22:55:35] INFO: Writing RNGSTATE file: ./rand_s060t20_b0675500_a_U000795000
# [2024-06-06 22:55:35] INFO: Writing to disk took 7.63962 seconds
# [2024-06-06 22:55:35] INFO: ======================================================================
# [2024-06-06 22:55:35] INFO: Start sweeping...
# [2024-06-06 23:02:49] INFO: It took 434.495 seconds to do 500 HBOR sweeps.
# [2024-06-06 23:02:49] INFO: Plaquette = 0.656251
# [2024-06-06 23:02:49] INFO: Polyakov loop = (-0.000349701,-0.00142612)
# [2024-06-06 23:02:49] INFO: Writing conf to disk...
# [2024-06-06 23:02:49] INFO: writeconf_nersc: Writing NERSC configuration ./conf_s060t20_b0675500_a_U000795500
# [2024-06-06 23:02:52] INFO: Calculated checksum: a2ebf833
# [2024-06-06 23:02:57] INFO: Calculated checksum: 72ea9f39
# [2024-06-06 23:02:57] INFO: Writing RNGSTATE file: ./rand_s060t20_b0675500_a_U000795500
# [2024-06-06 23:02:57] INFO: Writing to disk took 7.75294 seconds
# [2024-06-06 23:02:57] INFO: ======================================================================
# [2024-06-06 23:02:57] INFO: Start sweeping...
# [2024-06-06 23:10:12] INFO: It took 434.855 seconds to do 500 HBOR sweeps.
# [2024-06-06 23:10:12] INFO: Plaquette = 0.656254
# [2024-06-06 23:10:12] INFO: Polyakov loop = (-0.00162453,-0.00202966)
# [2024-06-06 23:10:12] INFO: Writing conf to disk...
# [2024-06-06 23:10:12] INFO: writeconf_nersc: Writing NERSC configuration ./conf_s060t20_b0675500_a_U000796000
# [2024-06-06 23:10:15] INFO: Calculated checksum: 3fc18d7c
# [2024-06-06 23:10:20] INFO: Calculated checksum: f118733a
# [2024-06-06 23:10:20] INFO: Writing RNGSTATE file: ./rand_s060t20_b0675500_a_U000796000
# [2024-06-06 23:10:20] INFO: Writing to disk took 7.6422 seconds
# [2024-06-06 23:10:20] INFO: ======================================================================
# [2024-06-06 23:10:20] INFO: Start sweeping...
# [2024-06-06 23:17:35] INFO: It took 435.292 seconds to do 500 HBOR sweeps.
# [2024-06-06 23:17:35] INFO: Plaquette = 0.656195
# [2024-06-06 23:17:35] INFO: Polyakov loop = (-0.000778897,-0.00089608)
# [2024-06-06 23:17:35] INFO: Writing conf to disk...
# [2024-06-06 23:17:35] INFO: writeconf_nersc: Writing NERSC configuration ./conf_s060t20_b0675500_a_U000796500
# [2024-06-06 23:17:38] INFO: Calculated checksum: 2897e64b
# [2024-06-06 23:17:43] INFO: Calculated checksum: ed2df913
# [2024-06-06 23:17:43] INFO: Writing RNGSTATE file: ./rand_s060t20_b0675500_a_U000796500
# [2024-06-06 23:17:43] INFO: Writing to disk took 7.96601 seconds
# [2024-06-06 23:17:43] INFO: ======================================================================
# [2024-06-06 23:17:43] INFO: Start sweeping...
# [2024-06-06 23:24:59] INFO: It took 435.912 seconds to do 500 HBOR sweeps.
# [2024-06-06 23:24:59] INFO: Plaquette = 0.656273
# [2024-06-06 23:24:59] INFO: Polyakov loop = (-0.00112047,-0.00106404)
# [2024-06-06 23:24:59] INFO: Writing conf to disk...
# [2024-06-06 23:24:59] INFO: writeconf_nersc: Writing NERSC configuration ./conf_s060t20_b0675500_a_U000797000
# [2024-06-06 23:25:02] INFO: Calculated checksum: 46d2e371
# [2024-06-06 23:25:07] INFO: Calculated checksum: 568a0c81
# [2024-06-06 23:25:07] INFO: Writing RNGSTATE file: ./rand_s060t20_b0675500_a_U000797000
# [2024-06-06 23:25:07] INFO: Writing to disk took 7.65738 seconds
# [2024-06-06 23:25:07] INFO: ======================================================================
# [2024-06-06 23:25:07] INFO: Start sweeping...
# [2024-06-06 23:32:22] INFO: It took 435.729 seconds to do 500 HBOR sweeps.
# [2024-06-06 23:32:22] INFO: Plaquette = 0.656253
# [2024-06-06 23:32:22] INFO: Polyakov loop = (-5.90479e-05,-0.00114406)
# [2024-06-06 23:32:22] INFO: Writing conf to disk...
# [2024-06-06 23:32:22] INFO: writeconf_nersc: Writing NERSC configuration ./conf_s060t20_b0675500_a_U000797500
# [2024-06-06 23:32:25] INFO: Calculated checksum: b0e0846d
# [2024-06-06 23:32:30] INFO: Calculated checksum: 3e26f023
# [2024-06-06 23:32:30] INFO: Writing RNGSTATE file: ./rand_s060t20_b0675500_a_U000797500
# [2024-06-06 23:32:30] INFO: Writing to disk took 7.62657 seconds
# [2024-06-06 23:32:30] INFO: ======================================================================
# [2024-06-06 23:32:30] INFO: Start sweeping...
# [2024-06-06 23:39:45] INFO: It took 435.254 seconds to do 500 HBOR sweeps.
# [2024-06-06 23:39:45] INFO: Plaquette = 0.656213
# [2024-06-06 23:39:45] INFO: Polyakov loop = (-0.00132384,-0.00227059)
# [2024-06-06 23:39:45] INFO: Writing conf to disk...
# [2024-06-06 23:39:45] INFO: writeconf_nersc: Writing NERSC configuration ./conf_s060t20_b0675500_a_U000798000
# [2024-06-06 23:39:48] INFO: Calculated checksum: aee91a5b
# [2024-06-06 23:39:53] INFO: Calculated checksum: a03efacc
# [2024-06-06 23:39:53] INFO: Writing RNGSTATE file: ./rand_s060t20_b0675500_a_U000798000
# [2024-06-06 23:39:53] INFO: Writing to disk took 7.43329 seconds
# [2024-06-06 23:39:53] INFO: ======================================================================
# [2024-06-06 23:39:53] INFO: Start sweeping...
# [2024-06-06 23:47:08] INFO: It took 434.699 seconds to do 500 HBOR sweeps.
# [2024-06-06 23:47:08] INFO: Plaquette = 0.656317
# [2024-06-06 23:47:08] INFO: Polyakov loop = (-0.00154441,-0.00181678)
# [2024-06-06 23:47:08] INFO: Writing conf to disk...
# [2024-06-06 23:47:08] INFO: writeconf_nersc: Writing NERSC configuration ./conf_s060t20_b0675500_a_U000798500
# [2024-06-06 23:47:10] INFO: Calculated checksum: b478f58f
# [2024-06-06 23:47:15] INFO: Calculated checksum: c7725dc6
# [2024-06-06 23:47:15] INFO: Writing RNGSTATE file: ./rand_s060t20_b0675500_a_U000798500
# [2024-06-06 23:47:15] INFO: Writing to disk took 7.65618 seconds
# [2024-06-06 23:47:15] INFO: ======================================================================
# [2024-06-06 23:47:15] INFO: Start sweeping...
# [2024-06-06 23:54:30] INFO: It took 434.857 seconds to do 500 HBOR sweeps.
# [2024-06-06 23:54:30] INFO: Plaquette = 0.656288
# [2024-06-06 23:54:30] INFO: Polyakov loop = (-0.000546625,-0.00103117)
# [2024-06-06 23:54:30] INFO: Writing conf to disk...
# [2024-06-06 23:54:30] INFO: writeconf_nersc: Writing NERSC configuration ./conf_s060t20_b0675500_a_U000799000
# [2024-06-06 23:54:33] INFO: Calculated checksum: 87c737d9
# [2024-06-06 23:54:38] INFO: Calculated checksum: 4f7b4aa9
# [2024-06-06 23:54:38] INFO: Writing RNGSTATE file: ./rand_s060t20_b0675500_a_U000799000
# [2024-06-06 23:54:38] INFO: Writing to disk took 7.63122 seconds
# [2024-06-06 23:54:38] INFO: ======================================================================
# [2024-06-06 23:54:38] INFO: Start sweeping...
# [2024-06-07 00:01:53] INFO: It took 434.908 seconds to do 500 HBOR sweeps.
# [2024-06-07 00:01:53] INFO: Plaquette = 0.656313
# [2024-06-07 00:01:53] INFO: Polyakov loop = (-0.000463339,-0.000608818)
# [2024-06-07 00:01:53] INFO: Writing conf to disk...
# [2024-06-07 00:01:53] INFO: writeconf_nersc: Writing NERSC configuration ./conf_s060t20_b0675500_a_U000799500
# [2024-06-07 00:01:56] INFO: Calculated checksum: 7b083f18
# [2024-06-07 00:02:00] INFO: Calculated checksum: a058dd86
# [2024-06-07 00:02:00] INFO: Writing RNGSTATE file: ./rand_s060t20_b0675500_a_U000799500
# [2024-06-07 00:02:00] INFO: Writing to disk took 7.61803 seconds
# [2024-06-07 00:02:00] INFO: ======================================================================
# [2024-06-07 00:02:00] INFO: Start sweeping...
# [2024-06-07 00:09:15] INFO: It took 434.806 seconds to do 500 HBOR sweeps.
# [2024-06-07 00:09:15] INFO: Plaquette = 0.656252
# [2024-06-07 00:09:15] INFO: Polyakov loop = (-0.000710773,-0.00260597)
# [2024-06-07 00:09:15] INFO: Writing conf to disk...
# [2024-06-07 00:09:15] INFO: writeconf_nersc: Writing NERSC configuration ./conf_s060t20_b0675500_a_U000800000
# [2024-06-07 00:09:18] INFO: Calculated checksum: 1f2ae4b6
# [2024-06-07 00:09:23] INFO: Calculated checksum: 8a0b798b
# [2024-06-07 00:09:23] INFO: Writing RNGSTATE file: ./rand_s060t20_b0675500_a_U000800000
# [2024-06-07 00:09:23] INFO: Writing to disk took 7.66 seconds
# [2024-06-07 00:09:23] INFO: Finalizing MPI
