
Currently Loaded Modules:
  1) chpc/1.0      (S)   3) gcc/8.5.0      5) mpich/3.4.2
  2) python/3.10.3       4) cmake/3.26.0   6) cuda/11.6.2 (g)

  Where:
   S:  Module is Sticky, requires --force to unload or purge
   g:  built for GPU

 

# [2024-06-06 07:57:41] INFO: Running SIMULATeQCD
# [2024-06-06 07:57:41] INFO: Git commit version: 43e2518
# [2024-06-06 07:57:41] INFO: Initializing MPI with (1 proc)
# [2024-06-06 07:57:41] INFO: Reading parameters from file :: GenerateQuenched_b67132.param
# [2024-06-06 07:57:41] INFO: # PARAM :: Lattice = 60 60 60 20 
# [2024-06-06 07:57:41] INFO: # PARAM :: Nodes = 1 1 1 1 
# [2024-06-06 07:57:41] INFO: # PARAM :: Topology = 0 0 0 0  (default)
# [2024-06-06 07:57:41] INFO: # PARAM :: beta = 6.7132
# [2024-06-06 07:57:41] INFO: # PARAM :: format = nersc
# [2024-06-06 07:57:41] INFO: # PARAM :: endianness = auto
# [2024-06-06 07:57:41] INFO: # PARAM :: conf_nr = 750000
# [2024-06-06 07:57:41] INFO: # PARAM :: stream = a
# [2024-06-06 07:57:41] INFO: # PARAM :: prec_out = 0 (default)
# [2024-06-06 07:57:41] INFO: # PARAM :: measurements_dir = ./ (default)
# [2024-06-06 07:57:41] INFO: # PARAM :: use_unit_conf = 0 (default)
# [2024-06-06 07:57:41] INFO: # PARAM :: output_dir = .
# [2024-06-06 07:57:41] INFO: # PARAM :: nconfs = 100
# [2024-06-06 07:57:41] INFO: # PARAM :: nsweeps_ORperHB = 4
# [2024-06-06 07:57:41] INFO: # PARAM :: nsweeps_HBwithOR = 500
# [2024-06-06 07:57:41] INFO: # PARAM :: prev_conf = conf_s060t20_b0671320_a_U000750000
# [2024-06-06 07:57:41] INFO: # PARAM :: prev_rand = rand_s060t20_b0671320_a_U000750000
# [2024-06-06 07:57:41] INFO: > Running on:
# [2024-06-06 07:57:41] INFO: [Rank 0] > notch088 CPU_40 GPU_18; MPI: world_rank=0, node_rank=0, coord: ( 0 0 0 0 )
# [2024-06-06 07:57:41] INFO: > Is MPI CUDA-aware? @compilation 
# [2024-06-06 07:57:41] INFO: > GPU compute capability: 75
# [2024-06-06 07:57:41] INFO: > Checking support for P2P (Peer-to-Peer) and UVA (Unified Virtual Addressing):
# [2024-06-06 07:57:41] INFO: [Rank 0] > notch088 GPU_18(NVIDIA GeForce RTX 2080 Ti): P2P NO ; UVA YES
# [2024-06-06 07:57:41] INFO: Initialize Indexer with HaloDepth = 1[0;33m[0m
# [2024-06-06 07:57:41] INFO: Resuming previous run.
# [2024-06-06 07:57:41] INFO: readconf_nersc: Reading NERSC configuration conf_s060t20_b0671320_a_U000750000
# [2024-06-06 07:57:49] INFO: Next conf_number will be 750500
# [2024-06-06 07:57:49] INFO: Generating up to 100 confs with a separation of 500 HBOR sweeps (OR/HB = 4) ...
# [2024-06-06 07:57:49] INFO: ======================================================================
# [2024-06-06 07:57:49] INFO: Start sweeping...
# [2024-06-06 08:04:45] INFO: It took 415.8 seconds to do 500 HBOR sweeps.
# [2024-06-06 08:04:45] INFO: Plaquette = 0.653454
# [2024-06-06 08:04:45] INFO: Polyakov loop = (0.000637939,2.50183e-05)
# [2024-06-06 08:04:45] INFO: Writing conf to disk...
# [2024-06-06 08:04:45] INFO: writeconf_nersc: Writing NERSC configuration ./conf_s060t20_b0671320_a_U000750500
# [2024-06-06 08:04:48] INFO: Calculated checksum: 27ab7fe7
# [2024-06-06 08:04:52] INFO: Calculated checksum: 3d015617
# [2024-06-06 08:04:52] INFO: Writing RNGSTATE file: ./rand_s060t20_b0671320_a_U000750500
# [2024-06-06 08:04:52] INFO: Writing to disk took 7.28977 seconds
# [2024-06-06 08:04:52] INFO: ======================================================================
# [2024-06-06 08:04:52] INFO: Start sweeping...
# [2024-06-06 08:11:50] INFO: It took 417.924 seconds to do 500 HBOR sweeps.
# [2024-06-06 08:11:50] INFO: Plaquette = 0.653477
# [2024-06-06 08:11:50] INFO: Polyakov loop = (-0.000136836,0.000776024)
# [2024-06-06 08:11:50] INFO: Writing conf to disk...
# [2024-06-06 08:11:50] INFO: writeconf_nersc: Writing NERSC configuration ./conf_s060t20_b0671320_a_U000751000
# [2024-06-06 08:11:53] INFO: Calculated checksum: 7e1a4ace
# [2024-06-06 08:11:58] INFO: Calculated checksum: 8196b7a3
# [2024-06-06 08:11:58] INFO: Writing RNGSTATE file: ./rand_s060t20_b0671320_a_U000751000
# [2024-06-06 08:11:58] INFO: Writing to disk took 7.64584 seconds
# [2024-06-06 08:11:58] INFO: ======================================================================
# [2024-06-06 08:11:58] INFO: Start sweeping...
# [2024-06-06 08:18:52] INFO: It took 414.369 seconds to do 500 HBOR sweeps.
# [2024-06-06 08:18:52] INFO: Plaquette = 0.653576
# [2024-06-06 08:18:52] INFO: Polyakov loop = (-0.000120772,-0.000425952)
# [2024-06-06 08:18:52] INFO: Writing conf to disk...
# [2024-06-06 08:18:52] INFO: writeconf_nersc: Writing NERSC configuration ./conf_s060t20_b0671320_a_U000751500
# [2024-06-06 08:18:55] INFO: Calculated checksum: b31d7847
# [2024-06-06 08:19:00] INFO: Calculated checksum: f8b73102
# [2024-06-06 08:19:00] INFO: Writing RNGSTATE file: ./rand_s060t20_b0671320_a_U000751500
# [2024-06-06 08:19:00] INFO: Writing to disk took 7.51921 seconds
# [2024-06-06 08:19:00] INFO: ======================================================================
# [2024-06-06 08:19:00] INFO: Start sweeping...
# [2024-06-06 08:26:00] INFO: It took 419.678 seconds to do 500 HBOR sweeps.
# [2024-06-06 08:26:00] INFO: Plaquette = 0.653556
# [2024-06-06 08:26:00] INFO: Polyakov loop = (0.000644373,-1.54292e-05)
# [2024-06-06 08:26:00] INFO: Writing conf to disk...
# [2024-06-06 08:26:00] INFO: writeconf_nersc: Writing NERSC configuration ./conf_s060t20_b0671320_a_U000752000
# [2024-06-06 08:26:03] INFO: Calculated checksum: 2b4fdcc2
# [2024-06-06 08:26:07] INFO: Calculated checksum: baff11f1
# [2024-06-06 08:26:07] INFO: Writing RNGSTATE file: ./rand_s060t20_b0671320_a_U000752000
# [2024-06-06 08:26:07] INFO: Writing to disk took 7.53661 seconds
# [2024-06-06 08:26:07] INFO: ======================================================================
# [2024-06-06 08:26:07] INFO: Start sweeping...
# [2024-06-06 08:33:03] INFO: It took 415.387 seconds to do 500 HBOR sweeps.
# [2024-06-06 08:33:03] INFO: Plaquette = 0.653529
# [2024-06-06 08:33:03] INFO: Polyakov loop = (0.0012743,0.000828477)
# [2024-06-06 08:33:03] INFO: Writing conf to disk...
# [2024-06-06 08:33:03] INFO: writeconf_nersc: Writing NERSC configuration ./conf_s060t20_b0671320_a_U000752500
# [2024-06-06 08:33:06] INFO: Calculated checksum: 7ecaa571
# [2024-06-06 08:33:10] INFO: Calculated checksum: 6cfb6aae
# [2024-06-06 08:33:10] INFO: Writing RNGSTATE file: ./rand_s060t20_b0671320_a_U000752500
# [2024-06-06 08:33:10] INFO: Writing to disk took 7.32715 seconds
# [2024-06-06 08:33:10] INFO: ======================================================================
# [2024-06-06 08:33:10] INFO: Start sweeping...
# [2024-06-06 08:40:05] INFO: It took 414.498 seconds to do 500 HBOR sweeps.
# [2024-06-06 08:40:05] INFO: Plaquette = 0.653487
# [2024-06-06 08:40:05] INFO: Polyakov loop = (2.32019e-05,0.000369737)
# [2024-06-06 08:40:05] INFO: Writing conf to disk...
# [2024-06-06 08:40:05] INFO: writeconf_nersc: Writing NERSC configuration ./conf_s060t20_b0671320_a_U000753000
# [2024-06-06 08:40:07] INFO: Calculated checksum: af03159f
# [2024-06-06 08:40:12] INFO: Calculated checksum: 820488d0
# [2024-06-06 08:40:12] INFO: Writing RNGSTATE file: ./rand_s060t20_b0671320_a_U000753000
# [2024-06-06 08:40:12] INFO: Writing to disk took 7.54076 seconds
# [2024-06-06 08:40:12] INFO: ======================================================================
# [2024-06-06 08:40:12] INFO: Start sweeping...
# [2024-06-06 08:47:06] INFO: It took 413.473 seconds to do 500 HBOR sweeps.
# [2024-06-06 08:47:06] INFO: Plaquette = 0.653546
# [2024-06-06 08:47:06] INFO: Polyakov loop = (-0.00123565,0.00025173)
# [2024-06-06 08:47:06] INFO: Writing conf to disk...
# [2024-06-06 08:47:06] INFO: writeconf_nersc: Writing NERSC configuration ./conf_s060t20_b0671320_a_U000753500
# [2024-06-06 08:47:08] INFO: Calculated checksum: cadda857
# [2024-06-06 08:47:13] INFO: Calculated checksum: 537c22d3
# [2024-06-06 08:47:13] INFO: Writing RNGSTATE file: ./rand_s060t20_b0671320_a_U000753500
# [2024-06-06 08:47:13] INFO: Writing to disk took 7.58543 seconds
# [2024-06-06 08:47:13] INFO: ======================================================================
# [2024-06-06 08:47:13] INFO: Start sweeping...
# [2024-06-06 08:54:13] INFO: It took 419.721 seconds to do 500 HBOR sweeps.
# [2024-06-06 08:54:13] INFO: Plaquette = 0.653475
# [2024-06-06 08:54:13] INFO: Polyakov loop = (-0.0010685,0.000125842)
# [2024-06-06 08:54:13] INFO: Writing conf to disk...
# [2024-06-06 08:54:13] INFO: writeconf_nersc: Writing NERSC configuration ./conf_s060t20_b0671320_a_U000754000
# [2024-06-06 08:54:16] INFO: Calculated checksum: ec585645
# [2024-06-06 08:54:21] INFO: Calculated checksum: b4c3d9f9
# [2024-06-06 08:54:21] INFO: Writing RNGSTATE file: ./rand_s060t20_b0671320_a_U000754000
# [2024-06-06 08:54:21] INFO: Writing to disk took 7.70446 seconds
# [2024-06-06 08:54:21] INFO: ======================================================================
# [2024-06-06 08:54:21] INFO: Start sweeping...
# [2024-06-06 09:01:15] INFO: It took 414.103 seconds to do 500 HBOR sweeps.
# [2024-06-06 09:01:15] INFO: Plaquette = 0.653563
# [2024-06-06 09:01:15] INFO: Polyakov loop = (0.000372707,0.00111587)
# [2024-06-06 09:01:15] INFO: Writing conf to disk...
# [2024-06-06 09:01:15] INFO: writeconf_nersc: Writing NERSC configuration ./conf_s060t20_b0671320_a_U000754500
# [2024-06-06 09:01:18] INFO: Calculated checksum: bf14a9f6
# [2024-06-06 09:01:23] INFO: Calculated checksum: aa4f12ec
# [2024-06-06 09:01:23] INFO: Writing RNGSTATE file: ./rand_s060t20_b0671320_a_U000754500
# [2024-06-06 09:01:23] INFO: Writing to disk took 8.10589 seconds
# [2024-06-06 09:01:23] INFO: ======================================================================
# [2024-06-06 09:01:23] INFO: Start sweeping...
# [2024-06-06 09:08:17] INFO: It took 414.078 seconds to do 500 HBOR sweeps.
# [2024-06-06 09:08:17] INFO: Plaquette = 0.653527
# [2024-06-06 09:08:17] INFO: Polyakov loop = (-0.000612109,0.00181143)
# [2024-06-06 09:08:17] INFO: Writing conf to disk...
# [2024-06-06 09:08:17] INFO: writeconf_nersc: Writing NERSC configuration ./conf_s060t20_b0671320_a_U000755000
# [2024-06-06 09:08:20] INFO: Calculated checksum: 44dfa856
# [2024-06-06 09:08:25] INFO: Calculated checksum: 76040457
# [2024-06-06 09:08:25] INFO: Writing RNGSTATE file: ./rand_s060t20_b0671320_a_U000755000
# [2024-06-06 09:08:25] INFO: Writing to disk took 8.03427 seconds
# [2024-06-06 09:08:25] INFO: ======================================================================
# [2024-06-06 09:08:25] INFO: Start sweeping...
# [2024-06-06 09:15:21] INFO: It took 415.744 seconds to do 500 HBOR sweeps.
# [2024-06-06 09:15:21] INFO: Plaquette = 0.653617
# [2024-06-06 09:15:21] INFO: Polyakov loop = (-0.00082008,0.0020788)
# [2024-06-06 09:15:21] INFO: Writing conf to disk...
# [2024-06-06 09:15:21] INFO: writeconf_nersc: Writing NERSC configuration ./conf_s060t20_b0671320_a_U000755500
# [2024-06-06 09:15:24] INFO: Calculated checksum: 539adac9
# [2024-06-06 09:15:28] INFO: Calculated checksum: 81283418
# [2024-06-06 09:15:28] INFO: Writing RNGSTATE file: ./rand_s060t20_b0671320_a_U000755500
# [2024-06-06 09:15:28] INFO: Writing to disk took 7.39387 seconds
# [2024-06-06 09:15:28] INFO: ======================================================================
# [2024-06-06 09:15:28] INFO: Start sweeping...
# [2024-06-06 09:22:24] INFO: It took 415.662 seconds to do 500 HBOR sweeps.
# [2024-06-06 09:22:24] INFO: Plaquette = 0.653409
# [2024-06-06 09:22:24] INFO: Polyakov loop = (-0.000736704,0.00057443)
# [2024-06-06 09:22:24] INFO: Writing conf to disk...
# [2024-06-06 09:22:24] INFO: writeconf_nersc: Writing NERSC configuration ./conf_s060t20_b0671320_a_U000756000
# [2024-06-06 09:22:27] INFO: Calculated checksum: 69357512
# [2024-06-06 09:22:31] INFO: Calculated checksum: 4c7ba2cd
# [2024-06-06 09:22:31] INFO: Writing RNGSTATE file: ./rand_s060t20_b0671320_a_U000756000
# [2024-06-06 09:22:32] INFO: Writing to disk took 7.62922 seconds
# [2024-06-06 09:22:32] INFO: ======================================================================
# [2024-06-06 09:22:32] INFO: Start sweeping...
# [2024-06-06 09:29:27] INFO: It took 415.788 seconds to do 500 HBOR sweeps.
# [2024-06-06 09:29:27] INFO: Plaquette = 0.653452
# [2024-06-06 09:29:27] INFO: Polyakov loop = (-0.000896616,0.00125103)
# [2024-06-06 09:29:27] INFO: Writing conf to disk...
# [2024-06-06 09:29:27] INFO: writeconf_nersc: Writing NERSC configuration ./conf_s060t20_b0671320_a_U000756500
# [2024-06-06 09:29:30] INFO: Calculated checksum: 9b06694e
# [2024-06-06 09:29:35] INFO: Calculated checksum: 42439f90
# [2024-06-06 09:29:35] INFO: Writing RNGSTATE file: ./rand_s060t20_b0671320_a_U000756500
# [2024-06-06 09:29:35] INFO: Writing to disk took 7.9075 seconds
# [2024-06-06 09:29:35] INFO: ======================================================================
# [2024-06-06 09:29:35] INFO: Start sweeping...
# [2024-06-06 09:36:39] INFO: It took 423.804 seconds to do 500 HBOR sweeps.
# [2024-06-06 09:36:39] INFO: Plaquette = 0.653523
# [2024-06-06 09:36:39] INFO: Polyakov loop = (0.000267945,0.000808732)
# [2024-06-06 09:36:39] INFO: Writing conf to disk...
# [2024-06-06 09:36:39] INFO: writeconf_nersc: Writing NERSC configuration ./conf_s060t20_b0671320_a_U000757000
# [2024-06-06 09:36:42] INFO: Calculated checksum: ac60ae60
# [2024-06-06 09:36:48] INFO: Calculated checksum: d48fde5a
# [2024-06-06 09:36:48] INFO: Writing RNGSTATE file: ./rand_s060t20_b0671320_a_U000757000
# [2024-06-06 09:36:48] INFO: Writing to disk took 8.4962 seconds
# [2024-06-06 09:36:48] INFO: ======================================================================
# [2024-06-06 09:36:48] INFO: Start sweeping...
# [2024-06-06 09:43:45] INFO: It took 416.885 seconds to do 500 HBOR sweeps.
# [2024-06-06 09:43:45] INFO: Plaquette = 0.653479
# [2024-06-06 09:43:45] INFO: Polyakov loop = (-0.00133841,0.000673674)
# [2024-06-06 09:43:45] INFO: Writing conf to disk...
# [2024-06-06 09:43:45] INFO: writeconf_nersc: Writing NERSC configuration ./conf_s060t20_b0671320_a_U000757500
# [2024-06-06 09:43:47] INFO: Calculated checksum: 7bb1c2c2
# [2024-06-06 09:43:52] INFO: Calculated checksum: 37bfa31b
# [2024-06-06 09:43:52] INFO: Writing RNGSTATE file: ./rand_s060t20_b0671320_a_U000757500
# [2024-06-06 09:43:52] INFO: Writing to disk took 7.6432 seconds
# [2024-06-06 09:43:52] INFO: ======================================================================
# [2024-06-06 09:43:52] INFO: Start sweeping...
# [2024-06-06 09:50:54] INFO: It took 421.913 seconds to do 500 HBOR sweeps.
# [2024-06-06 09:50:54] INFO: Plaquette = 0.653492
# [2024-06-06 09:50:54] INFO: Polyakov loop = (-0.000616334,0.00158868)
# [2024-06-06 09:50:54] INFO: Writing conf to disk...
# [2024-06-06 09:50:54] INFO: writeconf_nersc: Writing NERSC configuration ./conf_s060t20_b0671320_a_U000758000
# [2024-06-06 09:50:57] INFO: Calculated checksum: 7ec3391a
# [2024-06-06 09:51:02] INFO: Calculated checksum: c50281fd
# [2024-06-06 09:51:02] INFO: Writing RNGSTATE file: ./rand_s060t20_b0671320_a_U000758000
# [2024-06-06 09:51:02] INFO: Writing to disk took 7.7036 seconds
# [2024-06-06 09:51:02] INFO: ======================================================================
# [2024-06-06 09:51:02] INFO: Start sweeping...
# [2024-06-06 09:58:05] INFO: It took 422.599 seconds to do 500 HBOR sweeps.
# [2024-06-06 09:58:05] INFO: Plaquette = 0.653482
# [2024-06-06 09:58:05] INFO: Polyakov loop = (-0.000683437,0.000795038)
# [2024-06-06 09:58:05] INFO: Writing conf to disk...
# [2024-06-06 09:58:05] INFO: writeconf_nersc: Writing NERSC configuration ./conf_s060t20_b0671320_a_U000758500
# [2024-06-06 09:58:07] INFO: Calculated checksum: 63566a13
# [2024-06-06 09:58:12] INFO: Calculated checksum: 73541524
# [2024-06-06 09:58:12] INFO: Writing RNGSTATE file: ./rand_s060t20_b0671320_a_U000758500
# [2024-06-06 09:58:12] INFO: Writing to disk took 7.71442 seconds
# [2024-06-06 09:58:12] INFO: ======================================================================
# [2024-06-06 09:58:12] INFO: Start sweeping...
# [2024-06-06 10:05:14] INFO: It took 421.961 seconds to do 500 HBOR sweeps.
# [2024-06-06 10:05:14] INFO: Plaquette = 0.653424
# [2024-06-06 10:05:14] INFO: Polyakov loop = (-0.000137267,0.000223476)
# [2024-06-06 10:05:14] INFO: Writing conf to disk...
# [2024-06-06 10:05:14] INFO: writeconf_nersc: Writing NERSC configuration ./conf_s060t20_b0671320_a_U000759000
# [2024-06-06 10:05:17] INFO: Calculated checksum: 31e71338
# [2024-06-06 10:05:22] INFO: Calculated checksum: 6e741888
# [2024-06-06 10:05:22] INFO: Writing RNGSTATE file: ./rand_s060t20_b0671320_a_U000759000
# [2024-06-06 10:05:22] INFO: Writing to disk took 7.87915 seconds
# [2024-06-06 10:05:22] INFO: ======================================================================
# [2024-06-06 10:05:22] INFO: Start sweeping...
# [2024-06-06 10:12:26] INFO: It took 423.381 seconds to do 500 HBOR sweeps.
# [2024-06-06 10:12:26] INFO: Plaquette = 0.653525
# [2024-06-06 10:12:26] INFO: Polyakov loop = (1.67581e-05,0.00166269)
# [2024-06-06 10:12:26] INFO: Writing conf to disk...
# [2024-06-06 10:12:26] INFO: writeconf_nersc: Writing NERSC configuration ./conf_s060t20_b0671320_a_U000759500
# [2024-06-06 10:12:28] INFO: Calculated checksum: 6e5cbafc
# [2024-06-06 10:12:33] INFO: Calculated checksum: a11926e5
# [2024-06-06 10:12:33] INFO: Writing RNGSTATE file: ./rand_s060t20_b0671320_a_U000759500
# [2024-06-06 10:12:33] INFO: Writing to disk took 7.49649 seconds
# [2024-06-06 10:12:33] INFO: ======================================================================
# [2024-06-06 10:12:33] INFO: Start sweeping...
# [2024-06-06 10:19:27] INFO: It took 414.187 seconds to do 500 HBOR sweeps.
# [2024-06-06 10:19:27] INFO: Plaquette = 0.653542
# [2024-06-06 10:19:27] INFO: Polyakov loop = (0.000118372,0.000207286)
# [2024-06-06 10:19:27] INFO: Writing conf to disk...
# [2024-06-06 10:19:27] INFO: writeconf_nersc: Writing NERSC configuration ./conf_s060t20_b0671320_a_U000760000
# [2024-06-06 10:19:31] INFO: Calculated checksum: 15f3af37
# [2024-06-06 10:19:35] INFO: Calculated checksum: 82d2043
# [2024-06-06 10:19:35] INFO: Writing RNGSTATE file: ./rand_s060t20_b0671320_a_U000760000
# [2024-06-06 10:19:36] INFO: Writing to disk took 8.19801 seconds
# [2024-06-06 10:19:36] INFO: ======================================================================
# [2024-06-06 10:19:36] INFO: Start sweeping...
# [2024-06-06 10:26:37] INFO: It took 421.446 seconds to do 500 HBOR sweeps.
# [2024-06-06 10:26:37] INFO: Plaquette = 0.653596
# [2024-06-06 10:26:37] INFO: Polyakov loop = (-0.000521742,0.00189459)
# [2024-06-06 10:26:37] INFO: Writing conf to disk...
# [2024-06-06 10:26:37] INFO: writeconf_nersc: Writing NERSC configuration ./conf_s060t20_b0671320_a_U000760500
# [2024-06-06 10:26:40] INFO: Calculated checksum: 466d931c
# [2024-06-06 10:26:44] INFO: Calculated checksum: b43f4c59
# [2024-06-06 10:26:44] INFO: Writing RNGSTATE file: ./rand_s060t20_b0671320_a_U000760500
# [2024-06-06 10:26:44] INFO: Writing to disk took 7.37422 seconds
# [2024-06-06 10:26:44] INFO: ======================================================================
# [2024-06-06 10:26:44] INFO: Start sweeping...
# [2024-06-06 10:33:40] INFO: It took 415.843 seconds to do 500 HBOR sweeps.
# [2024-06-06 10:33:40] INFO: Plaquette = 0.6536
# [2024-06-06 10:33:40] INFO: Polyakov loop = (-4.58136e-06,0.000310303)
# [2024-06-06 10:33:40] INFO: Writing conf to disk...
# [2024-06-06 10:33:40] INFO: writeconf_nersc: Writing NERSC configuration ./conf_s060t20_b0671320_a_U000761000
# [2024-06-06 10:33:43] INFO: Calculated checksum: 1dcad901
# [2024-06-06 10:33:48] INFO: Calculated checksum: 54b1c72c
# [2024-06-06 10:33:48] INFO: Writing RNGSTATE file: ./rand_s060t20_b0671320_a_U000761000
# [2024-06-06 10:33:48] INFO: Writing to disk took 7.81885 seconds
# [2024-06-06 10:33:48] INFO: ======================================================================
# [2024-06-06 10:33:48] INFO: Start sweeping...
# [2024-06-06 10:40:52] INFO: It took 423.659 seconds to do 500 HBOR sweeps.
# [2024-06-06 10:40:52] INFO: Plaquette = 0.653541
# [2024-06-06 10:40:52] INFO: Polyakov loop = (-0.000404185,0.000471312)
# [2024-06-06 10:40:52] INFO: Writing conf to disk...
# [2024-06-06 10:40:52] INFO: writeconf_nersc: Writing NERSC configuration ./conf_s060t20_b0671320_a_U000761500
# [2024-06-06 10:40:55] INFO: Calculated checksum: abe76b73
# [2024-06-06 10:40:59] INFO: Calculated checksum: 3c904b44
# [2024-06-06 10:40:59] INFO: Writing RNGSTATE file: ./rand_s060t20_b0671320_a_U000761500
# [2024-06-06 10:40:59] INFO: Writing to disk took 7.40517 seconds
# [2024-06-06 10:40:59] INFO: ======================================================================
# [2024-06-06 10:40:59] INFO: Start sweeping...
# [2024-06-06 10:47:53] INFO: It took 414.171 seconds to do 500 HBOR sweeps.
# [2024-06-06 10:47:53] INFO: Plaquette = 0.653444
# [2024-06-06 10:47:53] INFO: Polyakov loop = (-0.000130316,0.000515281)
# [2024-06-06 10:47:53] INFO: Writing conf to disk...
# [2024-06-06 10:47:53] INFO: writeconf_nersc: Writing NERSC configuration ./conf_s060t20_b0671320_a_U000762000
# [2024-06-06 10:47:56] INFO: Calculated checksum: 280b1b69
# [2024-06-06 10:48:01] INFO: Calculated checksum: 6fe35544
# [2024-06-06 10:48:01] INFO: Writing RNGSTATE file: ./rand_s060t20_b0671320_a_U000762000
# [2024-06-06 10:48:01] INFO: Writing to disk took 7.50802 seconds
# [2024-06-06 10:48:01] INFO: ======================================================================
# [2024-06-06 10:48:01] INFO: Start sweeping...
# [2024-06-06 10:55:01] INFO: It took 420.255 seconds to do 500 HBOR sweeps.
# [2024-06-06 10:55:01] INFO: Plaquette = 0.653477
# [2024-06-06 10:55:01] INFO: Polyakov loop = (-0.00124049,0.001163)
# [2024-06-06 10:55:01] INFO: Writing conf to disk...
# [2024-06-06 10:55:01] INFO: writeconf_nersc: Writing NERSC configuration ./conf_s060t20_b0671320_a_U000762500
# [2024-06-06 10:55:04] INFO: Calculated checksum: 32c9bb4d
# [2024-06-06 10:55:09] INFO: Calculated checksum: 914b298d
# [2024-06-06 10:55:09] INFO: Writing RNGSTATE file: ./rand_s060t20_b0671320_a_U000762500
# [2024-06-06 10:55:09] INFO: Writing to disk took 7.83503 seconds
# [2024-06-06 10:55:09] INFO: ======================================================================
# [2024-06-06 10:55:09] INFO: Start sweeping...
# [2024-06-06 11:02:08] INFO: It took 419.173 seconds to do 500 HBOR sweeps.
# [2024-06-06 11:02:08] INFO: Plaquette = 0.653523
# [2024-06-06 11:02:08] INFO: Polyakov loop = (-0.000280871,0.00149647)
# [2024-06-06 11:02:08] INFO: Writing conf to disk...
# [2024-06-06 11:02:08] INFO: writeconf_nersc: Writing NERSC configuration ./conf_s060t20_b0671320_a_U000763000
# [2024-06-06 11:02:11] INFO: Calculated checksum: deaa05c1
# [2024-06-06 11:02:16] INFO: Calculated checksum: e3b4b0b9
# [2024-06-06 11:02:16] INFO: Writing RNGSTATE file: ./rand_s060t20_b0671320_a_U000763000
# [2024-06-06 11:02:16] INFO: Writing to disk took 7.66666 seconds
# [2024-06-06 11:02:16] INFO: ======================================================================
# [2024-06-06 11:02:16] INFO: Start sweeping...
# [2024-06-06 11:09:10] INFO: It took 413.856 seconds to do 500 HBOR sweeps.
# [2024-06-06 11:09:10] INFO: Plaquette = 0.653483
# [2024-06-06 11:09:10] INFO: Polyakov loop = (-0.000463217,0.000616032)
# [2024-06-06 11:09:10] INFO: Writing conf to disk...
# [2024-06-06 11:09:10] INFO: writeconf_nersc: Writing NERSC configuration ./conf_s060t20_b0671320_a_U000763500
# [2024-06-06 11:09:13] INFO: Calculated checksum: 31543417
# [2024-06-06 11:09:17] INFO: Calculated checksum: b7d73b38
# [2024-06-06 11:09:17] INFO: Writing RNGSTATE file: ./rand_s060t20_b0671320_a_U000763500
# [2024-06-06 11:09:17] INFO: Writing to disk took 7.37524 seconds
# [2024-06-06 11:09:17] INFO: ======================================================================
# [2024-06-06 11:09:17] INFO: Start sweeping...
# [2024-06-06 11:16:16] INFO: It took 419.167 seconds to do 500 HBOR sweeps.
# [2024-06-06 11:16:16] INFO: Plaquette = 0.653486
# [2024-06-06 11:16:16] INFO: Polyakov loop = (-0.00103486,-0.00097052)
# [2024-06-06 11:16:16] INFO: Writing conf to disk...
# [2024-06-06 11:16:16] INFO: writeconf_nersc: Writing NERSC configuration ./conf_s060t20_b0671320_a_U000764000
# [2024-06-06 11:16:19] INFO: Calculated checksum: fa02d688
# [2024-06-06 11:16:24] INFO: Calculated checksum: 70361156
# [2024-06-06 11:16:24] INFO: Writing RNGSTATE file: ./rand_s060t20_b0671320_a_U000764000
# [2024-06-06 11:16:25] INFO: Writing to disk took 8.10572 seconds
# [2024-06-06 11:16:25] INFO: ======================================================================
# [2024-06-06 11:16:25] INFO: Start sweeping...
# [2024-06-06 11:23:26] INFO: It took 421.483 seconds to do 500 HBOR sweeps.
# [2024-06-06 11:23:26] INFO: Plaquette = 0.653454
# [2024-06-06 11:23:26] INFO: Polyakov loop = (-0.000438435,-0.00035121)
# [2024-06-06 11:23:26] INFO: Writing conf to disk...
# [2024-06-06 11:23:26] INFO: writeconf_nersc: Writing NERSC configuration ./conf_s060t20_b0671320_a_U000764500
# [2024-06-06 11:23:29] INFO: Calculated checksum: 34b0016d
# [2024-06-06 11:23:33] INFO: Calculated checksum: ccd186df
# [2024-06-06 11:23:33] INFO: Writing RNGSTATE file: ./rand_s060t20_b0671320_a_U000764500
# [2024-06-06 11:23:34] INFO: Writing to disk took 7.49701 seconds
# [2024-06-06 11:23:34] INFO: ======================================================================
# [2024-06-06 11:23:34] INFO: Start sweeping...
# [2024-06-06 11:30:31] INFO: It took 417.167 seconds to do 500 HBOR sweeps.
# [2024-06-06 11:30:31] INFO: Plaquette = 0.653519
# [2024-06-06 11:30:31] INFO: Polyakov loop = (-8.40557e-05,-0.0021469)
# [2024-06-06 11:30:31] INFO: Writing conf to disk...
# [2024-06-06 11:30:31] INFO: writeconf_nersc: Writing NERSC configuration ./conf_s060t20_b0671320_a_U000765000
# [2024-06-06 11:30:34] INFO: Calculated checksum: a3fc2960
# [2024-06-06 11:30:38] INFO: Calculated checksum: b5b388e
# [2024-06-06 11:30:38] INFO: Writing RNGSTATE file: ./rand_s060t20_b0671320_a_U000765000
# [2024-06-06 11:30:38] INFO: Writing to disk took 7.50456 seconds
# [2024-06-06 11:30:38] INFO: ======================================================================
# [2024-06-06 11:30:38] INFO: Start sweeping...
# [2024-06-06 11:37:36] INFO: It took 417.285 seconds to do 500 HBOR sweeps.
# [2024-06-06 11:37:36] INFO: Plaquette = 0.653475
# [2024-06-06 11:37:36] INFO: Polyakov loop = (-0.000688224,-0.000820869)
# [2024-06-06 11:37:36] INFO: Writing conf to disk...
# [2024-06-06 11:37:36] INFO: writeconf_nersc: Writing NERSC configuration ./conf_s060t20_b0671320_a_U000765500
# [2024-06-06 11:37:38] INFO: Calculated checksum: a36d9563
# [2024-06-06 11:37:43] INFO: Calculated checksum: 5af7a490
# [2024-06-06 11:37:43] INFO: Writing RNGSTATE file: ./rand_s060t20_b0671320_a_U000765500
# [2024-06-06 11:37:43] INFO: Writing to disk took 7.4873 seconds
# [2024-06-06 11:37:43] INFO: ======================================================================
# [2024-06-06 11:37:43] INFO: Start sweeping...
# [2024-06-06 11:44:44] INFO: It took 420.739 seconds to do 500 HBOR sweeps.
# [2024-06-06 11:44:44] INFO: Plaquette = 0.65352
# [2024-06-06 11:44:44] INFO: Polyakov loop = (0.00024478,-0.000896053)
# [2024-06-06 11:44:44] INFO: Writing conf to disk...
# [2024-06-06 11:44:44] INFO: writeconf_nersc: Writing NERSC configuration ./conf_s060t20_b0671320_a_U000766000
# [2024-06-06 11:44:47] INFO: Calculated checksum: 2eda07c7
# [2024-06-06 11:44:52] INFO: Calculated checksum: ab8108db
# [2024-06-06 11:44:52] INFO: Writing RNGSTATE file: ./rand_s060t20_b0671320_a_U000766000
# [2024-06-06 11:44:52] INFO: Writing to disk took 8.10408 seconds
# [2024-06-06 11:44:52] INFO: ======================================================================
# [2024-06-06 11:44:52] INFO: Start sweeping...
# [2024-06-06 11:51:52] INFO: It took 419.512 seconds to do 500 HBOR sweeps.
# [2024-06-06 11:51:52] INFO: Plaquette = 0.653506
# [2024-06-06 11:51:52] INFO: Polyakov loop = (-0.0011422,-0.000750712)
# [2024-06-06 11:51:52] INFO: Writing conf to disk...
# [2024-06-06 11:51:52] INFO: writeconf_nersc: Writing NERSC configuration ./conf_s060t20_b0671320_a_U000766500
# [2024-06-06 11:51:54] INFO: Calculated checksum: a2b2b02b
# [2024-06-06 11:51:59] INFO: Calculated checksum: ef4c6469
# [2024-06-06 11:51:59] INFO: Writing RNGSTATE file: ./rand_s060t20_b0671320_a_U000766500
# [2024-06-06 11:51:59] INFO: Writing to disk took 7.83411 seconds
# [2024-06-06 11:51:59] INFO: ======================================================================
# [2024-06-06 11:51:59] INFO: Start sweeping...
# [2024-06-06 11:59:07] INFO: It took 427.607 seconds to do 500 HBOR sweeps.
# [2024-06-06 11:59:07] INFO: Plaquette = 0.653485
# [2024-06-06 11:59:07] INFO: Polyakov loop = (-0.000476801,-0.000261181)
# [2024-06-06 11:59:07] INFO: Writing conf to disk...
# [2024-06-06 11:59:07] INFO: writeconf_nersc: Writing NERSC configuration ./conf_s060t20_b0671320_a_U000767000
# [2024-06-06 11:59:10] INFO: Calculated checksum: e49a757d
# [2024-06-06 11:59:15] INFO: Calculated checksum: 682b8168
# [2024-06-06 11:59:15] INFO: Writing RNGSTATE file: ./rand_s060t20_b0671320_a_U000767000
# [2024-06-06 11:59:15] INFO: Writing to disk took 7.70416 seconds
# [2024-06-06 11:59:15] INFO: ======================================================================
# [2024-06-06 11:59:15] INFO: Start sweeping...
# [2024-06-06 12:06:14] INFO: It took 419.67 seconds to do 500 HBOR sweeps.
# [2024-06-06 12:06:14] INFO: Plaquette = 0.653572
# [2024-06-06 12:06:14] INFO: Polyakov loop = (-0.00105948,-0.000685851)
# [2024-06-06 12:06:14] INFO: Writing conf to disk...
# [2024-06-06 12:06:14] INFO: writeconf_nersc: Writing NERSC configuration ./conf_s060t20_b0671320_a_U000767500
# [2024-06-06 12:06:17] INFO: Calculated checksum: 9f8a4f8b
# [2024-06-06 12:06:22] INFO: Calculated checksum: 68b5d930
# [2024-06-06 12:06:22] INFO: Writing RNGSTATE file: ./rand_s060t20_b0671320_a_U000767500
# [2024-06-06 12:06:22] INFO: Writing to disk took 7.6223 seconds
# [2024-06-06 12:06:22] INFO: ======================================================================
# [2024-06-06 12:06:22] INFO: Start sweeping...
# [2024-06-06 12:13:22] INFO: It took 419.961 seconds to do 500 HBOR sweeps.
# [2024-06-06 12:13:22] INFO: Plaquette = 0.653582
# [2024-06-06 12:13:22] INFO: Polyakov loop = (9.02322e-05,-0.000394385)
# [2024-06-06 12:13:22] INFO: Writing conf to disk...
# [2024-06-06 12:13:22] INFO: writeconf_nersc: Writing NERSC configuration ./conf_s060t20_b0671320_a_U000768000
# [2024-06-06 12:13:25] INFO: Calculated checksum: 711d7392
# [2024-06-06 12:13:30] INFO: Calculated checksum: daf009b5
# [2024-06-06 12:13:30] INFO: Writing RNGSTATE file: ./rand_s060t20_b0671320_a_U000768000
# [2024-06-06 12:13:30] INFO: Writing to disk took 8.14054 seconds
# [2024-06-06 12:13:30] INFO: ======================================================================
# [2024-06-06 12:13:30] INFO: Start sweeping...
# [2024-06-06 12:20:33] INFO: It took 422.791 seconds to do 500 HBOR sweeps.
# [2024-06-06 12:20:33] INFO: Plaquette = 0.653516
# [2024-06-06 12:20:33] INFO: Polyakov loop = (-0.00089426,0.000471987)
# [2024-06-06 12:20:33] INFO: Writing conf to disk...
# [2024-06-06 12:20:33] INFO: writeconf_nersc: Writing NERSC configuration ./conf_s060t20_b0671320_a_U000768500
# [2024-06-06 12:20:36] INFO: Calculated checksum: ad17a5f8
# [2024-06-06 12:20:41] INFO: Calculated checksum: 252dddac
# [2024-06-06 12:20:41] INFO: Writing RNGSTATE file: ./rand_s060t20_b0671320_a_U000768500
# [2024-06-06 12:20:41] INFO: Writing to disk took 7.8914 seconds
# [2024-06-06 12:20:41] INFO: ======================================================================
# [2024-06-06 12:20:41] INFO: Start sweeping...
# [2024-06-06 12:27:39] INFO: It took 417.576 seconds to do 500 HBOR sweeps.
# [2024-06-06 12:27:39] INFO: Plaquette = 0.65357
# [2024-06-06 12:27:39] INFO: Polyakov loop = (-0.00128067,0.000147367)
# [2024-06-06 12:27:39] INFO: Writing conf to disk...
# [2024-06-06 12:27:39] INFO: writeconf_nersc: Writing NERSC configuration ./conf_s060t20_b0671320_a_U000769000
# [2024-06-06 12:27:41] INFO: Calculated checksum: 41d255fb
# [2024-06-06 12:27:46] INFO: Calculated checksum: 9b1e244f
# [2024-06-06 12:27:46] INFO: Writing RNGSTATE file: ./rand_s060t20_b0671320_a_U000769000
# [2024-06-06 12:27:47] INFO: Writing to disk took 8.16409 seconds
# [2024-06-06 12:27:47] INFO: ======================================================================
# [2024-06-06 12:27:47] INFO: Start sweeping...
# [2024-06-06 12:34:48] INFO: It took 420.852 seconds to do 500 HBOR sweeps.
# [2024-06-06 12:34:48] INFO: Plaquette = 0.65349
# [2024-06-06 12:34:48] INFO: Polyakov loop = (3.19064e-05,-0.000993622)
# [2024-06-06 12:34:48] INFO: Writing conf to disk...
# [2024-06-06 12:34:48] INFO: writeconf_nersc: Writing NERSC configuration ./conf_s060t20_b0671320_a_U000769500
# [2024-06-06 12:34:51] INFO: Calculated checksum: 4f547d3a
# [2024-06-06 12:34:55] INFO: Calculated checksum: 8c5aee58
# [2024-06-06 12:34:55] INFO: Writing RNGSTATE file: ./rand_s060t20_b0671320_a_U000769500
# [2024-06-06 12:34:55] INFO: Writing to disk took 7.51688 seconds
# [2024-06-06 12:34:55] INFO: ======================================================================
# [2024-06-06 12:34:55] INFO: Start sweeping...
# [2024-06-06 12:41:58] INFO: It took 422.386 seconds to do 500 HBOR sweeps.
# [2024-06-06 12:41:58] INFO: Plaquette = 0.653467
# [2024-06-06 12:41:58] INFO: Polyakov loop = (-0.000466339,0.000175952)
# [2024-06-06 12:41:58] INFO: Writing conf to disk...
# [2024-06-06 12:41:58] INFO: writeconf_nersc: Writing NERSC configuration ./conf_s060t20_b0671320_a_U000770000
# [2024-06-06 12:42:01] INFO: Calculated checksum: 2c5fd168
# [2024-06-06 12:42:05] INFO: Calculated checksum: 96848705
# [2024-06-06 12:42:05] INFO: Writing RNGSTATE file: ./rand_s060t20_b0671320_a_U000770000
# [2024-06-06 12:42:05] INFO: Writing to disk took 7.84365 seconds
# [2024-06-06 12:42:05] INFO: ======================================================================
# [2024-06-06 12:42:05] INFO: Start sweeping...
# [2024-06-06 12:49:02] INFO: It took 416.146 seconds to do 500 HBOR sweeps.
# [2024-06-06 12:49:02] INFO: Plaquette = 0.65357
# [2024-06-06 12:49:02] INFO: Polyakov loop = (0.000569766,-0.000160565)
# [2024-06-06 12:49:02] INFO: Writing conf to disk...
# [2024-06-06 12:49:02] INFO: writeconf_nersc: Writing NERSC configuration ./conf_s060t20_b0671320_a_U000770500
# [2024-06-06 12:49:04] INFO: Calculated checksum: d3f43957
# [2024-06-06 12:49:09] INFO: Calculated checksum: 736aea80
# [2024-06-06 12:49:09] INFO: Writing RNGSTATE file: ./rand_s060t20_b0671320_a_U000770500
# [2024-06-06 12:49:09] INFO: Writing to disk took 7.5018 seconds
# [2024-06-06 12:49:09] INFO: ======================================================================
# [2024-06-06 12:49:09] INFO: Start sweeping...
# [2024-06-06 12:56:05] INFO: It took 415.553 seconds to do 500 HBOR sweeps.
# [2024-06-06 12:56:05] INFO: Plaquette = 0.653512
# [2024-06-06 12:56:05] INFO: Polyakov loop = (-0.00152948,-0.000651132)
# [2024-06-06 12:56:05] INFO: Writing conf to disk...
# [2024-06-06 12:56:05] INFO: writeconf_nersc: Writing NERSC configuration ./conf_s060t20_b0671320_a_U000771000
# [2024-06-06 12:56:08] INFO: Calculated checksum: d75bf088
# [2024-06-06 12:56:12] INFO: Calculated checksum: c1ccd359
# [2024-06-06 12:56:12] INFO: Writing RNGSTATE file: ./rand_s060t20_b0671320_a_U000771000
# [2024-06-06 12:56:12] INFO: Writing to disk took 7.35989 seconds
# [2024-06-06 12:56:12] INFO: ======================================================================
# [2024-06-06 12:56:12] INFO: Start sweeping...
# [2024-06-06 13:03:14] INFO: It took 421.886 seconds to do 500 HBOR sweeps.
# [2024-06-06 13:03:14] INFO: Plaquette = 0.653574
# [2024-06-06 13:03:14] INFO: Polyakov loop = (0.000315677,0.000257516)
# [2024-06-06 13:03:14] INFO: Writing conf to disk...
# [2024-06-06 13:03:14] INFO: writeconf_nersc: Writing NERSC configuration ./conf_s060t20_b0671320_a_U000771500
# [2024-06-06 13:03:17] INFO: Calculated checksum: 86332fe3
# [2024-06-06 13:03:21] INFO: Calculated checksum: b760c443
# [2024-06-06 13:03:21] INFO: Writing RNGSTATE file: ./rand_s060t20_b0671320_a_U000771500
# [2024-06-06 13:03:22] INFO: Writing to disk took 7.54515 seconds
# [2024-06-06 13:03:22] INFO: ======================================================================
# [2024-06-06 13:03:22] INFO: Start sweeping...
# [2024-06-06 13:10:25] INFO: It took 423.625 seconds to do 500 HBOR sweeps.
# [2024-06-06 13:10:25] INFO: Plaquette = 0.653457
# [2024-06-06 13:10:25] INFO: Polyakov loop = (0.000251265,-0.000367728)
# [2024-06-06 13:10:25] INFO: Writing conf to disk...
# [2024-06-06 13:10:25] INFO: writeconf_nersc: Writing NERSC configuration ./conf_s060t20_b0671320_a_U000772000
# [2024-06-06 13:10:28] INFO: Calculated checksum: bbbe234f
# [2024-06-06 13:10:33] INFO: Calculated checksum: e989910a
# [2024-06-06 13:10:33] INFO: Writing RNGSTATE file: ./rand_s060t20_b0671320_a_U000772000
# [2024-06-06 13:10:33] INFO: Writing to disk took 7.52648 seconds
# [2024-06-06 13:10:33] INFO: ======================================================================
# [2024-06-06 13:10:33] INFO: Start sweeping...
# [2024-06-06 13:17:35] INFO: It took 422.258 seconds to do 500 HBOR sweeps.
# [2024-06-06 13:17:35] INFO: Plaquette = 0.653479
# [2024-06-06 13:17:35] INFO: Polyakov loop = (0.00113259,-0.000765749)
# [2024-06-06 13:17:35] INFO: Writing conf to disk...
# [2024-06-06 13:17:35] INFO: writeconf_nersc: Writing NERSC configuration ./conf_s060t20_b0671320_a_U000772500
# [2024-06-06 13:17:38] INFO: Calculated checksum: aa969921
# [2024-06-06 13:17:43] INFO: Calculated checksum: ed41d984
# [2024-06-06 13:17:43] INFO: Writing RNGSTATE file: ./rand_s060t20_b0671320_a_U000772500
# [2024-06-06 13:17:44] INFO: Writing to disk took 8.58199 seconds
# [2024-06-06 13:17:44] INFO: ======================================================================
# [2024-06-06 13:17:44] INFO: Start sweeping...
# [2024-06-06 13:24:41] INFO: It took 417.177 seconds to do 500 HBOR sweeps.
# [2024-06-06 13:24:41] INFO: Plaquette = 0.653483
# [2024-06-06 13:24:41] INFO: Polyakov loop = (-5.88221e-06,0.000316556)
# [2024-06-06 13:24:41] INFO: Writing conf to disk...
# [2024-06-06 13:24:41] INFO: writeconf_nersc: Writing NERSC configuration ./conf_s060t20_b0671320_a_U000773000
# [2024-06-06 13:24:44] INFO: Calculated checksum: 5c6cb971
# [2024-06-06 13:24:48] INFO: Calculated checksum: dd74bb8e
# [2024-06-06 13:24:48] INFO: Writing RNGSTATE file: ./rand_s060t20_b0671320_a_U000773000
# [2024-06-06 13:24:48] INFO: Writing to disk took 6.99503 seconds
# [2024-06-06 13:24:48] INFO: ======================================================================
# [2024-06-06 13:24:48] INFO: Start sweeping...
# [2024-06-06 13:31:45] INFO: It took 416.636 seconds to do 500 HBOR sweeps.
# [2024-06-06 13:31:45] INFO: Plaquette = 0.653504
# [2024-06-06 13:31:45] INFO: Polyakov loop = (-0.000351659,8.71763e-05)
# [2024-06-06 13:31:45] INFO: Writing conf to disk...
# [2024-06-06 13:31:45] INFO: writeconf_nersc: Writing NERSC configuration ./conf_s060t20_b0671320_a_U000773500
# [2024-06-06 13:31:47] INFO: Calculated checksum: 19d68353
# [2024-06-06 13:31:55] INFO: Calculated checksum: d25b6611
# [2024-06-06 13:31:55] INFO: Writing RNGSTATE file: ./rand_s060t20_b0671320_a_U000773500
# [2024-06-06 13:31:55] INFO: Writing to disk took 10.5349 seconds
# [2024-06-06 13:31:55] INFO: ======================================================================
# [2024-06-06 13:31:55] INFO: Start sweeping...
# [2024-06-06 13:38:57] INFO: It took 421.348 seconds to do 500 HBOR sweeps.
# [2024-06-06 13:38:57] INFO: Plaquette = 0.653492
# [2024-06-06 13:38:57] INFO: Polyakov loop = (7.10877e-05,-0.000342345)
# [2024-06-06 13:38:57] INFO: Writing conf to disk...
# [2024-06-06 13:38:57] INFO: writeconf_nersc: Writing NERSC configuration ./conf_s060t20_b0671320_a_U000774000
# [2024-06-06 13:38:59] INFO: Calculated checksum: 1e3521cc
# [2024-06-06 13:39:06] INFO: Calculated checksum: 2787b99f
# [2024-06-06 13:39:06] INFO: Writing RNGSTATE file: ./rand_s060t20_b0671320_a_U000774000
# [2024-06-06 13:39:06] INFO: Writing to disk took 9.57493 seconds
# [2024-06-06 13:39:06] INFO: ======================================================================
# [2024-06-06 13:39:06] INFO: Start sweeping...
# [2024-06-06 13:46:01] INFO: It took 414.454 seconds to do 500 HBOR sweeps.
# [2024-06-06 13:46:01] INFO: Plaquette = 0.653495
# [2024-06-06 13:46:01] INFO: Polyakov loop = (0.000439105,-8.99006e-05)
# [2024-06-06 13:46:01] INFO: Writing conf to disk...
# [2024-06-06 13:46:01] INFO: writeconf_nersc: Writing NERSC configuration ./conf_s060t20_b0671320_a_U000774500
# [2024-06-06 13:46:03] INFO: Calculated checksum: 99a3f5f0
# [2024-06-06 13:46:08] INFO: Calculated checksum: 710abafb
# [2024-06-06 13:46:08] INFO: Writing RNGSTATE file: ./rand_s060t20_b0671320_a_U000774500
# [2024-06-06 13:46:08] INFO: Writing to disk took 7.44172 seconds
# [2024-06-06 13:46:08] INFO: ======================================================================
# [2024-06-06 13:46:08] INFO: Start sweeping...
# [2024-06-06 13:53:02] INFO: It took 414.088 seconds to do 500 HBOR sweeps.
# [2024-06-06 13:53:02] INFO: Plaquette = 0.653555
# [2024-06-06 13:53:02] INFO: Polyakov loop = (-0.000276142,0.000306919)
# [2024-06-06 13:53:02] INFO: Writing conf to disk...
# [2024-06-06 13:53:02] INFO: writeconf_nersc: Writing NERSC configuration ./conf_s060t20_b0671320_a_U000775000
# [2024-06-06 13:53:05] INFO: Calculated checksum: 70c04bfc
# [2024-06-06 13:53:09] INFO: Calculated checksum: d31a0720
# [2024-06-06 13:53:09] INFO: Writing RNGSTATE file: ./rand_s060t20_b0671320_a_U000775000
# [2024-06-06 13:53:10] INFO: Writing to disk took 7.40603 seconds
# [2024-06-06 13:53:10] INFO: ======================================================================
# [2024-06-06 13:53:10] INFO: Start sweeping...
# [2024-06-06 14:00:08] INFO: It took 418.202 seconds to do 500 HBOR sweeps.
# [2024-06-06 14:00:08] INFO: Plaquette = 0.653527
# [2024-06-06 14:00:08] INFO: Polyakov loop = (7.55736e-05,0.00121133)
# [2024-06-06 14:00:08] INFO: Writing conf to disk...
# [2024-06-06 14:00:08] INFO: writeconf_nersc: Writing NERSC configuration ./conf_s060t20_b0671320_a_U000775500
# [2024-06-06 14:00:11] INFO: Calculated checksum: 5019c4aa
# [2024-06-06 14:00:15] INFO: Calculated checksum: 7db6f458
# [2024-06-06 14:00:15] INFO: Writing RNGSTATE file: ./rand_s060t20_b0671320_a_U000775500
# [2024-06-06 14:00:15] INFO: Writing to disk took 7.51026 seconds
# [2024-06-06 14:00:15] INFO: ======================================================================
# [2024-06-06 14:00:15] INFO: Start sweeping...
# [2024-06-06 14:07:15] INFO: It took 419.61 seconds to do 500 HBOR sweeps.
# [2024-06-06 14:07:15] INFO: Plaquette = 0.653477
# [2024-06-06 14:07:15] INFO: Polyakov loop = (-0.000632672,0.00119466)
# [2024-06-06 14:07:15] INFO: Writing conf to disk...
# [2024-06-06 14:07:15] INFO: writeconf_nersc: Writing NERSC configuration ./conf_s060t20_b0671320_a_U000776000
# [2024-06-06 14:07:18] INFO: Calculated checksum: c18e8f8f
# [2024-06-06 14:07:22] INFO: Calculated checksum: 40ca8762
# [2024-06-06 14:07:22] INFO: Writing RNGSTATE file: ./rand_s060t20_b0671320_a_U000776000
# [2024-06-06 14:07:23] INFO: Writing to disk took 7.54544 seconds
# [2024-06-06 14:07:23] INFO: ======================================================================
# [2024-06-06 14:07:23] INFO: Start sweeping...
# [2024-06-06 14:14:25] INFO: It took 422.595 seconds to do 500 HBOR sweeps.
# [2024-06-06 14:14:25] INFO: Plaquette = 0.653454
# [2024-06-06 14:14:25] INFO: Polyakov loop = (-0.00126703,0.000851624)
# [2024-06-06 14:14:25] INFO: Writing conf to disk...
# [2024-06-06 14:14:25] INFO: writeconf_nersc: Writing NERSC configuration ./conf_s060t20_b0671320_a_U000776500
# [2024-06-06 14:14:28] INFO: Calculated checksum: e3efd409
# [2024-06-06 14:14:33] INFO: Calculated checksum: 807e28e5
# [2024-06-06 14:14:33] INFO: Writing RNGSTATE file: ./rand_s060t20_b0671320_a_U000776500
# [2024-06-06 14:14:33] INFO: Writing to disk took 7.59312 seconds
# [2024-06-06 14:14:33] INFO: ======================================================================
# [2024-06-06 14:14:33] INFO: Start sweeping...
# [2024-06-06 14:21:29] INFO: It took 416.221 seconds to do 500 HBOR sweeps.
# [2024-06-06 14:21:29] INFO: Plaquette = 0.653446
# [2024-06-06 14:21:29] INFO: Polyakov loop = (-0.000665045,0.00169467)
# [2024-06-06 14:21:29] INFO: Writing conf to disk...
# [2024-06-06 14:21:29] INFO: writeconf_nersc: Writing NERSC configuration ./conf_s060t20_b0671320_a_U000777000
# [2024-06-06 14:21:32] INFO: Calculated checksum: a25c87fa
# [2024-06-06 14:21:36] INFO: Calculated checksum: c3ec317c
# [2024-06-06 14:21:36] INFO: Writing RNGSTATE file: ./rand_s060t20_b0671320_a_U000777000
# [2024-06-06 14:21:37] INFO: Writing to disk took 7.48042 seconds
# [2024-06-06 14:21:37] INFO: ======================================================================
# [2024-06-06 14:21:37] INFO: Start sweeping...
# [2024-06-06 14:28:34] INFO: It took 417.116 seconds to do 500 HBOR sweeps.
# [2024-06-06 14:28:34] INFO: Plaquette = 0.653535
# [2024-06-06 14:28:34] INFO: Polyakov loop = (-0.000830307,0.00164154)
# [2024-06-06 14:28:34] INFO: Writing conf to disk...
# [2024-06-06 14:28:34] INFO: writeconf_nersc: Writing NERSC configuration ./conf_s060t20_b0671320_a_U000777500
# [2024-06-06 14:28:37] INFO: Calculated checksum: ce8f2f8d
# [2024-06-06 14:28:41] INFO: Calculated checksum: 78232c58
# [2024-06-06 14:28:41] INFO: Writing RNGSTATE file: ./rand_s060t20_b0671320_a_U000777500
# [2024-06-06 14:28:41] INFO: Writing to disk took 7.52748 seconds
# [2024-06-06 14:28:41] INFO: ======================================================================
# [2024-06-06 14:28:41] INFO: Start sweeping...
# [2024-06-06 14:35:45] INFO: It took 423.536 seconds to do 500 HBOR sweeps.
# [2024-06-06 14:35:45] INFO: Plaquette = 0.653526
# [2024-06-06 14:35:45] INFO: Polyakov loop = (-0.00126968,0.000684863)
# [2024-06-06 14:35:45] INFO: Writing conf to disk...
# [2024-06-06 14:35:45] INFO: writeconf_nersc: Writing NERSC configuration ./conf_s060t20_b0671320_a_U000778000
# [2024-06-06 14:35:48] INFO: Calculated checksum: f2093e5d
# [2024-06-06 14:35:52] INFO: Calculated checksum: dbc2fe10
# [2024-06-06 14:35:52] INFO: Writing RNGSTATE file: ./rand_s060t20_b0671320_a_U000778000
# [2024-06-06 14:35:53] INFO: Writing to disk took 7.79262 seconds
# [2024-06-06 14:35:53] INFO: ======================================================================
# [2024-06-06 14:35:53] INFO: Start sweeping...
# [2024-06-06 14:42:52] INFO: It took 418.97 seconds to do 500 HBOR sweeps.
# [2024-06-06 14:42:52] INFO: Plaquette = 0.653476
# [2024-06-06 14:42:52] INFO: Polyakov loop = (-0.000896752,0.00102161)
# [2024-06-06 14:42:52] INFO: Writing conf to disk...
# [2024-06-06 14:42:52] INFO: writeconf_nersc: Writing NERSC configuration ./conf_s060t20_b0671320_a_U000778500
# [2024-06-06 14:42:54] INFO: Calculated checksum: 26f7dd90
# [2024-06-06 14:42:59] INFO: Calculated checksum: 1cf4552a
# [2024-06-06 14:42:59] INFO: Writing RNGSTATE file: ./rand_s060t20_b0671320_a_U000778500
# [2024-06-06 14:42:59] INFO: Writing to disk took 7.47855 seconds
# [2024-06-06 14:42:59] INFO: ======================================================================
# [2024-06-06 14:42:59] INFO: Start sweeping...
# [2024-06-06 14:50:02] INFO: It took 422.794 seconds to do 500 HBOR sweeps.
# [2024-06-06 14:50:02] INFO: Plaquette = 0.653515
# [2024-06-06 14:50:02] INFO: Polyakov loop = (2.06753e-05,0.00184901)
# [2024-06-06 14:50:02] INFO: Writing conf to disk...
# [2024-06-06 14:50:02] INFO: writeconf_nersc: Writing NERSC configuration ./conf_s060t20_b0671320_a_U000779000
# [2024-06-06 14:50:05] INFO: Calculated checksum: a46e7c86
# [2024-06-06 14:50:09] INFO: Calculated checksum: faba2410
# [2024-06-06 14:50:09] INFO: Writing RNGSTATE file: ./rand_s060t20_b0671320_a_U000779000
# [2024-06-06 14:50:09] INFO: Writing to disk took 7.39757 seconds
# [2024-06-06 14:50:09] INFO: ======================================================================
# [2024-06-06 14:50:09] INFO: Start sweeping...
# [2024-06-06 14:57:13] INFO: It took 423.88 seconds to do 500 HBOR sweeps.
# [2024-06-06 14:57:13] INFO: Plaquette = 0.653574
# [2024-06-06 14:57:13] INFO: Polyakov loop = (-0.00111576,0.000771875)
# [2024-06-06 14:57:13] INFO: Writing conf to disk...
# [2024-06-06 14:57:13] INFO: writeconf_nersc: Writing NERSC configuration ./conf_s060t20_b0671320_a_U000779500
# [2024-06-06 14:57:16] INFO: Calculated checksum: 9d2c5d9
# [2024-06-06 14:57:21] INFO: Calculated checksum: c84a91ab
# [2024-06-06 14:57:21] INFO: Writing RNGSTATE file: ./rand_s060t20_b0671320_a_U000779500
# [2024-06-06 14:57:21] INFO: Writing to disk took 7.62625 seconds
# [2024-06-06 14:57:21] INFO: ======================================================================
# [2024-06-06 14:57:21] INFO: Start sweeping...
# [2024-06-06 15:04:24] INFO: It took 423.23 seconds to do 500 HBOR sweeps.
# [2024-06-06 15:04:24] INFO: Plaquette = 0.653485
# [2024-06-06 15:04:24] INFO: Polyakov loop = (-0.00116305,0.00178201)
# [2024-06-06 15:04:24] INFO: Writing conf to disk...
# [2024-06-06 15:04:24] INFO: writeconf_nersc: Writing NERSC configuration ./conf_s060t20_b0671320_a_U000780000
# [2024-06-06 15:04:27] INFO: Calculated checksum: eb18b5b8
# [2024-06-06 15:04:31] INFO: Calculated checksum: ea31e332
# [2024-06-06 15:04:31] INFO: Writing RNGSTATE file: ./rand_s060t20_b0671320_a_U000780000
# [2024-06-06 15:04:31] INFO: Writing to disk took 7.30985 seconds
# [2024-06-06 15:04:31] INFO: ======================================================================
# [2024-06-06 15:04:31] INFO: Start sweeping...
# [2024-06-06 15:11:28] INFO: It took 416.008 seconds to do 500 HBOR sweeps.
# [2024-06-06 15:11:28] INFO: Plaquette = 0.653503
# [2024-06-06 15:11:28] INFO: Polyakov loop = (-0.00238913,0.0013741)
# [2024-06-06 15:11:28] INFO: Writing conf to disk...
# [2024-06-06 15:11:28] INFO: writeconf_nersc: Writing NERSC configuration ./conf_s060t20_b0671320_a_U000780500
# [2024-06-06 15:11:30] INFO: Calculated checksum: f82a979f
# [2024-06-06 15:11:35] INFO: Calculated checksum: 5cfd289
# [2024-06-06 15:11:35] INFO: Writing RNGSTATE file: ./rand_s060t20_b0671320_a_U000780500
# [2024-06-06 15:11:35] INFO: Writing to disk took 7.36952 seconds
# [2024-06-06 15:11:35] INFO: ======================================================================
# [2024-06-06 15:11:35] INFO: Start sweeping...
# [2024-06-06 15:18:31] INFO: It took 415.626 seconds to do 500 HBOR sweeps.
# [2024-06-06 15:18:31] INFO: Plaquette = 0.653525
# [2024-06-06 15:18:31] INFO: Polyakov loop = (-0.00125585,0.00150075)
# [2024-06-06 15:18:31] INFO: Writing conf to disk...
# [2024-06-06 15:18:31] INFO: writeconf_nersc: Writing NERSC configuration ./conf_s060t20_b0671320_a_U000781000
# [2024-06-06 15:18:33] INFO: Calculated checksum: f607ae90
# [2024-06-06 15:18:38] INFO: Calculated checksum: 45ae11ca
# [2024-06-06 15:18:38] INFO: Writing RNGSTATE file: ./rand_s060t20_b0671320_a_U000781000
# [2024-06-06 15:18:38] INFO: Writing to disk took 7.35022 seconds
# [2024-06-06 15:18:38] INFO: ======================================================================
# [2024-06-06 15:18:38] INFO: Start sweeping...
# [2024-06-06 15:25:37] INFO: It took 419.436 seconds to do 500 HBOR sweeps.
# [2024-06-06 15:25:37] INFO: Plaquette = 0.653384
# [2024-06-06 15:25:37] INFO: Polyakov loop = (-0.000762846,0.00117619)
# [2024-06-06 15:25:37] INFO: Writing conf to disk...
# [2024-06-06 15:25:37] INFO: writeconf_nersc: Writing NERSC configuration ./conf_s060t20_b0671320_a_U000781500
# [2024-06-06 15:25:40] INFO: Calculated checksum: 2c57552f
# [2024-06-06 15:25:45] INFO: Calculated checksum: 38c4345a
# [2024-06-06 15:25:45] INFO: Writing RNGSTATE file: ./rand_s060t20_b0671320_a_U000781500
# [2024-06-06 15:25:45] INFO: Writing to disk took 7.36268 seconds
# [2024-06-06 15:25:45] INFO: ======================================================================
# [2024-06-06 15:25:45] INFO: Start sweeping...
# [2024-06-06 15:32:41] INFO: It took 416.313 seconds to do 500 HBOR sweeps.
# [2024-06-06 15:32:41] INFO: Plaquette = 0.653476
# [2024-06-06 15:32:41] INFO: Polyakov loop = (-0.00015761,-0.000938219)
# [2024-06-06 15:32:41] INFO: Writing conf to disk...
# [2024-06-06 15:32:41] INFO: writeconf_nersc: Writing NERSC configuration ./conf_s060t20_b0671320_a_U000782000
# [2024-06-06 15:32:44] INFO: Calculated checksum: 1a0f1332
# [2024-06-06 15:32:48] INFO: Calculated checksum: e59ba5d7
# [2024-06-06 15:32:48] INFO: Writing RNGSTATE file: ./rand_s060t20_b0671320_a_U000782000
# [2024-06-06 15:32:48] INFO: Writing to disk took 7.35534 seconds
# [2024-06-06 15:32:48] INFO: ======================================================================
# [2024-06-06 15:32:48] INFO: Start sweeping...
# [2024-06-06 15:39:49] INFO: It took 420.033 seconds to do 500 HBOR sweeps.
# [2024-06-06 15:39:49] INFO: Plaquette = 0.653492
# [2024-06-06 15:39:49] INFO: Polyakov loop = (0.000570812,0.000152511)
# [2024-06-06 15:39:49] INFO: Writing conf to disk...
# [2024-06-06 15:39:49] INFO: writeconf_nersc: Writing NERSC configuration ./conf_s060t20_b0671320_a_U000782500
# [2024-06-06 15:39:51] INFO: Calculated checksum: d601fbe8
# [2024-06-06 15:39:56] INFO: Calculated checksum: 9d03e4ff
# [2024-06-06 15:39:56] INFO: Writing RNGSTATE file: ./rand_s060t20_b0671320_a_U000782500
# [2024-06-06 15:39:56] INFO: Writing to disk took 7.53537 seconds
# [2024-06-06 15:39:56] INFO: ======================================================================
# [2024-06-06 15:39:56] INFO: Start sweeping...
# [2024-06-06 15:46:57] INFO: It took 420.391 seconds to do 500 HBOR sweeps.
# [2024-06-06 15:46:57] INFO: Plaquette = 0.653415
# [2024-06-06 15:46:57] INFO: Polyakov loop = (5.63717e-05,0.000312332)
# [2024-06-06 15:46:57] INFO: Writing conf to disk...
# [2024-06-06 15:46:57] INFO: writeconf_nersc: Writing NERSC configuration ./conf_s060t20_b0671320_a_U000783000
# [2024-06-06 15:46:59] INFO: Calculated checksum: 55e06498
# [2024-06-06 15:47:04] INFO: Calculated checksum: cb04fc6b
# [2024-06-06 15:47:04] INFO: Writing RNGSTATE file: ./rand_s060t20_b0671320_a_U000783000
# [2024-06-06 15:47:04] INFO: Writing to disk took 7.34816 seconds
# [2024-06-06 15:47:04] INFO: ======================================================================
# [2024-06-06 15:47:04] INFO: Start sweeping...
# [2024-06-06 15:54:00] INFO: It took 415.889 seconds to do 500 HBOR sweeps.
# [2024-06-06 15:54:00] INFO: Plaquette = 0.653444
# [2024-06-06 15:54:00] INFO: Polyakov loop = (-0.000361341,0.000899645)
# [2024-06-06 15:54:00] INFO: Writing conf to disk...
# [2024-06-06 15:54:00] INFO: writeconf_nersc: Writing NERSC configuration ./conf_s060t20_b0671320_a_U000783500
# [2024-06-06 15:54:03] INFO: Calculated checksum: 4791ffca
# [2024-06-06 15:54:07] INFO: Calculated checksum: ca60ebf9
# [2024-06-06 15:54:07] INFO: Writing RNGSTATE file: ./rand_s060t20_b0671320_a_U000783500
# [2024-06-06 15:54:07] INFO: Writing to disk took 7.62719 seconds
# [2024-06-06 15:54:07] INFO: ======================================================================
# [2024-06-06 15:54:07] INFO: Start sweeping...
# [2024-06-06 16:01:12] INFO: It took 425.006 seconds to do 500 HBOR sweeps.
# [2024-06-06 16:01:13] INFO: Plaquette = 0.653436
# [2024-06-06 16:01:13] INFO: Polyakov loop = (-0.000587919,0.000277676)
# [2024-06-06 16:01:13] INFO: Writing conf to disk...
# [2024-06-06 16:01:13] INFO: writeconf_nersc: Writing NERSC configuration ./conf_s060t20_b0671320_a_U000784000
# [2024-06-06 16:01:15] INFO: Calculated checksum: 49f2781f
# [2024-06-06 16:01:20] INFO: Calculated checksum: a4717cc7
# [2024-06-06 16:01:20] INFO: Writing RNGSTATE file: ./rand_s060t20_b0671320_a_U000784000
# [2024-06-06 16:01:20] INFO: Writing to disk took 7.57499 seconds
# [2024-06-06 16:01:20] INFO: ======================================================================
# [2024-06-06 16:01:20] INFO: Start sweeping...
# [2024-06-06 16:08:17] INFO: It took 416.735 seconds to do 500 HBOR sweeps.
# [2024-06-06 16:08:17] INFO: Plaquette = 0.653422
# [2024-06-06 16:08:17] INFO: Polyakov loop = (-0.00108684,0.00107411)
# [2024-06-06 16:08:17] INFO: Writing conf to disk...
# [2024-06-06 16:08:17] INFO: writeconf_nersc: Writing NERSC configuration ./conf_s060t20_b0671320_a_U000784500
# [2024-06-06 16:08:20] INFO: Calculated checksum: 4cedb14e
# [2024-06-06 16:08:25] INFO: Calculated checksum: d16b9b9f
# [2024-06-06 16:08:25] INFO: Writing RNGSTATE file: ./rand_s060t20_b0671320_a_U000784500
# [2024-06-06 16:08:25] INFO: Writing to disk took 7.96649 seconds
# [2024-06-06 16:08:25] INFO: ======================================================================
# [2024-06-06 16:08:25] INFO: Start sweeping...
# [2024-06-06 16:15:23] INFO: It took 418.636 seconds to do 500 HBOR sweeps.
# [2024-06-06 16:15:24] INFO: Plaquette = 0.653542
# [2024-06-06 16:15:24] INFO: Polyakov loop = (-0.000620308,0.00121939)
# [2024-06-06 16:15:24] INFO: Writing conf to disk...
# [2024-06-06 16:15:24] INFO: writeconf_nersc: Writing NERSC configuration ./conf_s060t20_b0671320_a_U000785000
# [2024-06-06 16:15:26] INFO: Calculated checksum: 502d2915
# [2024-06-06 16:15:31] INFO: Calculated checksum: 21a59d61
# [2024-06-06 16:15:31] INFO: Writing RNGSTATE file: ./rand_s060t20_b0671320_a_U000785000
# [2024-06-06 16:15:31] INFO: Writing to disk took 7.5346 seconds
# [2024-06-06 16:15:31] INFO: ======================================================================
# [2024-06-06 16:15:31] INFO: Start sweeping...
# [2024-06-06 16:22:32] INFO: It took 421.173 seconds to do 500 HBOR sweeps.
# [2024-06-06 16:22:32] INFO: Plaquette = 0.653473
# [2024-06-06 16:22:32] INFO: Polyakov loop = (-0.000606126,0.00187878)
# [2024-06-06 16:22:32] INFO: Writing conf to disk...
# [2024-06-06 16:22:32] INFO: writeconf_nersc: Writing NERSC configuration ./conf_s060t20_b0671320_a_U000785500
# [2024-06-06 16:22:35] INFO: Calculated checksum: a0e5190
# [2024-06-06 16:22:40] INFO: Calculated checksum: c26c0720
# [2024-06-06 16:22:40] INFO: Writing RNGSTATE file: ./rand_s060t20_b0671320_a_U000785500
# [2024-06-06 16:22:40] INFO: Writing to disk took 7.52419 seconds
# [2024-06-06 16:22:40] INFO: ======================================================================
# [2024-06-06 16:22:40] INFO: Start sweeping...
# [2024-06-06 16:29:37] INFO: It took 417.549 seconds to do 500 HBOR sweeps.
# [2024-06-06 16:29:37] INFO: Plaquette = 0.653491
# [2024-06-06 16:29:37] INFO: Polyakov loop = (-0.00127731,0.000677845)
# [2024-06-06 16:29:37] INFO: Writing conf to disk...
# [2024-06-06 16:29:37] INFO: writeconf_nersc: Writing NERSC configuration ./conf_s060t20_b0671320_a_U000786000
# [2024-06-06 16:29:40] INFO: Calculated checksum: 9a906a6
# [2024-06-06 16:29:45] INFO: Calculated checksum: 370d4f25
# [2024-06-06 16:29:45] INFO: Writing RNGSTATE file: ./rand_s060t20_b0671320_a_U000786000
# [2024-06-06 16:29:45] INFO: Writing to disk took 7.76663 seconds
# [2024-06-06 16:29:45] INFO: ======================================================================
# [2024-06-06 16:29:45] INFO: Start sweeping...
# [2024-06-06 16:36:47] INFO: It took 422.123 seconds to do 500 HBOR sweeps.
# [2024-06-06 16:36:47] INFO: Plaquette = 0.653531
# [2024-06-06 16:36:47] INFO: Polyakov loop = (-0.000515548,0.000594082)
# [2024-06-06 16:36:47] INFO: Writing conf to disk...
# [2024-06-06 16:36:47] INFO: writeconf_nersc: Writing NERSC configuration ./conf_s060t20_b0671320_a_U000786500
# [2024-06-06 16:36:50] INFO: Calculated checksum: bca3de67
# [2024-06-06 16:36:57] INFO: Calculated checksum: 499bcc8a
# [2024-06-06 16:36:57] INFO: Writing RNGSTATE file: ./rand_s060t20_b0671320_a_U000786500
# [2024-06-06 16:36:58] INFO: Writing to disk took 10.5009 seconds
# [2024-06-06 16:36:58] INFO: ======================================================================
# [2024-06-06 16:36:58] INFO: Start sweeping...
# [2024-06-06 16:43:58] INFO: It took 420.137 seconds to do 500 HBOR sweeps.
# [2024-06-06 16:43:58] INFO: Plaquette = 0.65346
# [2024-06-06 16:43:58] INFO: Polyakov loop = (-0.00052684,0.00116874)
# [2024-06-06 16:43:58] INFO: Writing conf to disk...
# [2024-06-06 16:43:58] INFO: writeconf_nersc: Writing NERSC configuration ./conf_s060t20_b0671320_a_U000787000
# [2024-06-06 16:44:01] INFO: Calculated checksum: 54fa46a8
# [2024-06-06 16:44:08] INFO: Calculated checksum: 18f50818
# [2024-06-06 16:44:08] INFO: Writing RNGSTATE file: ./rand_s060t20_b0671320_a_U000787000
# [2024-06-06 16:44:08] INFO: Writing to disk took 9.80267 seconds
# [2024-06-06 16:44:08] INFO: ======================================================================
# [2024-06-06 16:44:08] INFO: Start sweeping...
# [2024-06-06 16:51:04] INFO: It took 416.418 seconds to do 500 HBOR sweeps.
# [2024-06-06 16:51:04] INFO: Plaquette = 0.65354
# [2024-06-06 16:51:04] INFO: Polyakov loop = (-0.000916859,0.000357884)
# [2024-06-06 16:51:04] INFO: Writing conf to disk...
# [2024-06-06 16:51:04] INFO: writeconf_nersc: Writing NERSC configuration ./conf_s060t20_b0671320_a_U000787500
# [2024-06-06 16:51:07] INFO: Calculated checksum: c727717c
# [2024-06-06 16:51:12] INFO: Calculated checksum: 9af58a3b
# [2024-06-06 16:51:12] INFO: Writing RNGSTATE file: ./rand_s060t20_b0671320_a_U000787500
# [2024-06-06 16:51:12] INFO: Writing to disk took 7.50331 seconds
# [2024-06-06 16:51:12] INFO: ======================================================================
# [2024-06-06 16:51:12] INFO: Start sweeping...
# [2024-06-06 16:58:08] INFO: It took 416.077 seconds to do 500 HBOR sweeps.
# [2024-06-06 16:58:08] INFO: Plaquette = 0.653541
# [2024-06-06 16:58:08] INFO: Polyakov loop = (-0.000482922,0.00166518)
# [2024-06-06 16:58:08] INFO: Writing conf to disk...
# [2024-06-06 16:58:08] INFO: writeconf_nersc: Writing NERSC configuration ./conf_s060t20_b0671320_a_U000788000
# [2024-06-06 16:58:11] INFO: Calculated checksum: 67ee5f25
# [2024-06-06 16:58:16] INFO: Calculated checksum: c1c5d442
# [2024-06-06 16:58:16] INFO: Writing RNGSTATE file: ./rand_s060t20_b0671320_a_U000788000
# [2024-06-06 16:58:16] INFO: Writing to disk took 7.77324 seconds
# [2024-06-06 16:58:16] INFO: ======================================================================
# [2024-06-06 16:58:16] INFO: Start sweeping...
# [2024-06-06 17:05:17] INFO: It took 421.584 seconds to do 500 HBOR sweeps.
# [2024-06-06 17:05:17] INFO: Plaquette = 0.653526
# [2024-06-06 17:05:17] INFO: Polyakov loop = (-0.00100635,0.00100291)
# [2024-06-06 17:05:17] INFO: Writing conf to disk...
# [2024-06-06 17:05:17] INFO: writeconf_nersc: Writing NERSC configuration ./conf_s060t20_b0671320_a_U000788500
# [2024-06-06 17:05:20] INFO: Calculated checksum: f6afc229
# [2024-06-06 17:05:25] INFO: Calculated checksum: c3282e9c
# [2024-06-06 17:05:25] INFO: Writing RNGSTATE file: ./rand_s060t20_b0671320_a_U000788500
# [2024-06-06 17:05:25] INFO: Writing to disk took 7.52784 seconds
# [2024-06-06 17:05:25] INFO: ======================================================================
# [2024-06-06 17:05:25] INFO: Start sweeping...
# [2024-06-06 17:12:29] INFO: It took 424.004 seconds to do 500 HBOR sweeps.
# [2024-06-06 17:12:29] INFO: Plaquette = 0.653473
# [2024-06-06 17:12:29] INFO: Polyakov loop = (-0.00128239,0.00181439)
# [2024-06-06 17:12:29] INFO: Writing conf to disk...
# [2024-06-06 17:12:29] INFO: writeconf_nersc: Writing NERSC configuration ./conf_s060t20_b0671320_a_U000789000
# [2024-06-06 17:12:32] INFO: Calculated checksum: 6fb681c1
# [2024-06-06 17:12:36] INFO: Calculated checksum: 1898530a
# [2024-06-06 17:12:36] INFO: Writing RNGSTATE file: ./rand_s060t20_b0671320_a_U000789000
# [2024-06-06 17:12:36] INFO: Writing to disk took 7.58244 seconds
# [2024-06-06 17:12:36] INFO: ======================================================================
# [2024-06-06 17:12:36] INFO: Start sweeping...
# [2024-06-06 17:19:33] INFO: It took 416.555 seconds to do 500 HBOR sweeps.
# [2024-06-06 17:19:33] INFO: Plaquette = 0.653564
# [2024-06-06 17:19:33] INFO: Polyakov loop = (-0.000128751,0.00107657)
# [2024-06-06 17:19:33] INFO: Writing conf to disk...
# [2024-06-06 17:19:33] INFO: writeconf_nersc: Writing NERSC configuration ./conf_s060t20_b0671320_a_U000789500
# [2024-06-06 17:19:36] INFO: Calculated checksum: baa8b59d
# [2024-06-06 17:19:41] INFO: Calculated checksum: 11fcd497
# [2024-06-06 17:19:41] INFO: Writing RNGSTATE file: ./rand_s060t20_b0671320_a_U000789500
# [2024-06-06 17:19:41] INFO: Writing to disk took 7.55634 seconds
# [2024-06-06 17:19:41] INFO: ======================================================================
# [2024-06-06 17:19:41] INFO: Start sweeping...
# [2024-06-06 17:26:40] INFO: It took 419.221 seconds to do 500 HBOR sweeps.
# [2024-06-06 17:26:40] INFO: Plaquette = 0.653402
# [2024-06-06 17:26:40] INFO: Polyakov loop = (-0.000254923,0.00180008)
# [2024-06-06 17:26:40] INFO: Writing conf to disk...
# [2024-06-06 17:26:40] INFO: writeconf_nersc: Writing NERSC configuration ./conf_s060t20_b0671320_a_U000790000
# [2024-06-06 17:26:43] INFO: Calculated checksum: cf79ba8d
# [2024-06-06 17:26:47] INFO: Calculated checksum: 2e3bd924
# [2024-06-06 17:26:47] INFO: Writing RNGSTATE file: ./rand_s060t20_b0671320_a_U000790000
# [2024-06-06 17:26:47] INFO: Writing to disk took 7.50682 seconds
# [2024-06-06 17:26:47] INFO: ======================================================================
# [2024-06-06 17:26:47] INFO: Start sweeping...
# [2024-06-06 17:33:44] INFO: It took 416.601 seconds to do 500 HBOR sweeps.
# [2024-06-06 17:33:44] INFO: Plaquette = 0.653546
# [2024-06-06 17:33:44] INFO: Polyakov loop = (-0.000444254,-0.000123681)
# [2024-06-06 17:33:44] INFO: Writing conf to disk...
# [2024-06-06 17:33:44] INFO: writeconf_nersc: Writing NERSC configuration ./conf_s060t20_b0671320_a_U000790500
# [2024-06-06 17:33:47] INFO: Calculated checksum: d923736c
# [2024-06-06 17:33:51] INFO: Calculated checksum: 7c7ff3c0
# [2024-06-06 17:33:51] INFO: Writing RNGSTATE file: ./rand_s060t20_b0671320_a_U000790500
# [2024-06-06 17:33:51] INFO: Writing to disk took 7.37035 seconds
# [2024-06-06 17:33:51] INFO: ======================================================================
# [2024-06-06 17:33:51] INFO: Start sweeping...
# [2024-06-06 17:40:56] INFO: It took 424.698 seconds to do 500 HBOR sweeps.
# [2024-06-06 17:40:56] INFO: Plaquette = 0.653485
# [2024-06-06 17:40:56] INFO: Polyakov loop = (-0.000673179,0.000468526)
# [2024-06-06 17:40:56] INFO: Writing conf to disk...
# [2024-06-06 17:40:56] INFO: writeconf_nersc: Writing NERSC configuration ./conf_s060t20_b0671320_a_U000791000
# [2024-06-06 17:40:59] INFO: Calculated checksum: 9a9a6e10
# [2024-06-06 17:41:04] INFO: Calculated checksum: 24be1a51
# [2024-06-06 17:41:04] INFO: Writing RNGSTATE file: ./rand_s060t20_b0671320_a_U000791000
# [2024-06-06 17:41:04] INFO: Writing to disk took 7.49455 seconds
# [2024-06-06 17:41:04] INFO: ======================================================================
# [2024-06-06 17:41:04] INFO: Start sweeping...
# [2024-06-06 17:48:09] INFO: It took 425.824 seconds to do 500 HBOR sweeps.
# [2024-06-06 17:48:10] INFO: Plaquette = 0.653441
# [2024-06-06 17:48:10] INFO: Polyakov loop = (-0.000191822,0.00137987)
# [2024-06-06 17:48:10] INFO: Writing conf to disk...
# [2024-06-06 17:48:10] INFO: writeconf_nersc: Writing NERSC configuration ./conf_s060t20_b0671320_a_U000791500
# [2024-06-06 17:48:12] INFO: Calculated checksum: 76abc94f
# [2024-06-06 17:48:17] INFO: Calculated checksum: 4bc71c3
# [2024-06-06 17:48:17] INFO: Writing RNGSTATE file: ./rand_s060t20_b0671320_a_U000791500
# [2024-06-06 17:48:17] INFO: Writing to disk took 7.7698 seconds
# [2024-06-06 17:48:17] INFO: ======================================================================
# [2024-06-06 17:48:17] INFO: Start sweeping...
# [2024-06-06 17:55:14] INFO: It took 416.531 seconds to do 500 HBOR sweeps.
# [2024-06-06 17:55:14] INFO: Plaquette = 0.653443
# [2024-06-06 17:55:14] INFO: Polyakov loop = (0.000187907,0.00126792)
# [2024-06-06 17:55:14] INFO: Writing conf to disk...
# [2024-06-06 17:55:14] INFO: writeconf_nersc: Writing NERSC configuration ./conf_s060t20_b0671320_a_U000792000
# [2024-06-06 17:55:17] INFO: Calculated checksum: ca1e5f6d
# [2024-06-06 17:55:21] INFO: Calculated checksum: e48f2234
# [2024-06-06 17:55:21] INFO: Writing RNGSTATE file: ./rand_s060t20_b0671320_a_U000792000
# [2024-06-06 17:55:21] INFO: Writing to disk took 7.52734 seconds
# [2024-06-06 17:55:21] INFO: ======================================================================
# [2024-06-06 17:55:21] INFO: Start sweeping...
# [2024-06-06 18:02:24] INFO: It took 422.662 seconds to do 500 HBOR sweeps.
# [2024-06-06 18:02:24] INFO: Plaquette = 0.653491
# [2024-06-06 18:02:24] INFO: Polyakov loop = (-0.000888594,0.000898646)
# [2024-06-06 18:02:24] INFO: Writing conf to disk...
# [2024-06-06 18:02:24] INFO: writeconf_nersc: Writing NERSC configuration ./conf_s060t20_b0671320_a_U000792500
# [2024-06-06 18:02:27] INFO: Calculated checksum: 15565616
# [2024-06-06 18:02:31] INFO: Calculated checksum: 382150c1
# [2024-06-06 18:02:31] INFO: Writing RNGSTATE file: ./rand_s060t20_b0671320_a_U000792500
# [2024-06-06 18:02:32] INFO: Writing to disk took 7.41504 seconds
# [2024-06-06 18:02:32] INFO: ======================================================================
# [2024-06-06 18:02:32] INFO: Start sweeping...
# [2024-06-06 18:09:29] INFO: It took 417.949 seconds to do 500 HBOR sweeps.
# [2024-06-06 18:09:30] INFO: Plaquette = 0.653554
# [2024-06-06 18:09:30] INFO: Polyakov loop = (-0.0023388,0.00154522)
# [2024-06-06 18:09:30] INFO: Writing conf to disk...
# [2024-06-06 18:09:30] INFO: writeconf_nersc: Writing NERSC configuration ./conf_s060t20_b0671320_a_U000793000
# [2024-06-06 18:09:32] INFO: Calculated checksum: 9fe41b0a
# [2024-06-06 18:09:37] INFO: Calculated checksum: 22d697d6
# [2024-06-06 18:09:37] INFO: Writing RNGSTATE file: ./rand_s060t20_b0671320_a_U000793000
# [2024-06-06 18:09:37] INFO: Writing to disk took 7.68298 seconds
# [2024-06-06 18:09:37] INFO: ======================================================================
# [2024-06-06 18:09:37] INFO: Start sweeping...
# [2024-06-06 18:16:39] INFO: It took 421.7 seconds to do 500 HBOR sweeps.
# [2024-06-06 18:16:39] INFO: Plaquette = 0.653467
# [2024-06-06 18:16:39] INFO: Polyakov loop = (-0.000868449,0.000677234)
# [2024-06-06 18:16:39] INFO: Writing conf to disk...
# [2024-06-06 18:16:39] INFO: writeconf_nersc: Writing NERSC configuration ./conf_s060t20_b0671320_a_U000793500
# [2024-06-06 18:16:42] INFO: Calculated checksum: 8e885d36
# [2024-06-06 18:16:46] INFO: Calculated checksum: 8dbd06b5
# [2024-06-06 18:16:46] INFO: Writing RNGSTATE file: ./rand_s060t20_b0671320_a_U000793500
# [2024-06-06 18:16:46] INFO: Writing to disk took 7.44272 seconds
# [2024-06-06 18:16:46] INFO: ======================================================================
# [2024-06-06 18:16:46] INFO: Start sweeping...
# [2024-06-06 18:23:46] INFO: It took 419.285 seconds to do 500 HBOR sweeps.
# [2024-06-06 18:23:46] INFO: Plaquette = 0.653502
# [2024-06-06 18:23:46] INFO: Polyakov loop = (-0.000150169,0.000157998)
# [2024-06-06 18:23:46] INFO: Writing conf to disk...
# [2024-06-06 18:23:46] INFO: writeconf_nersc: Writing NERSC configuration ./conf_s060t20_b0671320_a_U000794000
# [2024-06-06 18:23:49] INFO: Calculated checksum: 106e83
# [2024-06-06 18:23:53] INFO: Calculated checksum: 4a649202
# [2024-06-06 18:23:53] INFO: Writing RNGSTATE file: ./rand_s060t20_b0671320_a_U000794000
# [2024-06-06 18:23:53] INFO: Writing to disk took 7.57318 seconds
# [2024-06-06 18:23:53] INFO: ======================================================================
# [2024-06-06 18:23:53] INFO: Start sweeping...
# [2024-06-06 18:30:53] INFO: It took 419.801 seconds to do 500 HBOR sweeps.
# [2024-06-06 18:30:53] INFO: Plaquette = 0.653493
# [2024-06-06 18:30:53] INFO: Polyakov loop = (-0.000336474,0.000415856)
# [2024-06-06 18:30:53] INFO: Writing conf to disk...
# [2024-06-06 18:30:53] INFO: writeconf_nersc: Writing NERSC configuration ./conf_s060t20_b0671320_a_U000794500
# [2024-06-06 18:30:56] INFO: Calculated checksum: bea8e1e
# [2024-06-06 18:31:00] INFO: Calculated checksum: 830aba09
# [2024-06-06 18:31:00] INFO: Writing RNGSTATE file: ./rand_s060t20_b0671320_a_U000794500
# [2024-06-06 18:31:01] INFO: Writing to disk took 7.39646 seconds
# [2024-06-06 18:31:01] INFO: ======================================================================
# [2024-06-06 18:31:01] INFO: Start sweeping...
# [2024-06-06 18:38:06] INFO: It took 425.04 seconds to do 500 HBOR sweeps.
# [2024-06-06 18:38:06] INFO: Plaquette = 0.653449
# [2024-06-06 18:38:06] INFO: Polyakov loop = (-0.000507505,0.000841983)
# [2024-06-06 18:38:06] INFO: Writing conf to disk...
# [2024-06-06 18:38:06] INFO: writeconf_nersc: Writing NERSC configuration ./conf_s060t20_b0671320_a_U000795000
# [2024-06-06 18:38:08] INFO: Calculated checksum: 43dd9b7b
# [2024-06-06 18:38:13] INFO: Calculated checksum: 14f5a0fe
# [2024-06-06 18:38:13] INFO: Writing RNGSTATE file: ./rand_s060t20_b0671320_a_U000795000
# [2024-06-06 18:38:13] INFO: Writing to disk took 7.77094 seconds
# [2024-06-06 18:38:13] INFO: ======================================================================
# [2024-06-06 18:38:13] INFO: Start sweeping...
# [2024-06-06 18:45:20] INFO: It took 426.808 seconds to do 500 HBOR sweeps.
# [2024-06-06 18:45:20] INFO: Plaquette = 0.653501
# [2024-06-06 18:45:20] INFO: Polyakov loop = (-0.000696461,0.000704992)
# [2024-06-06 18:45:20] INFO: Writing conf to disk...
# [2024-06-06 18:45:20] INFO: writeconf_nersc: Writing NERSC configuration ./conf_s060t20_b0671320_a_U000795500
# [2024-06-06 18:45:23] INFO: Calculated checksum: d9286773
# [2024-06-06 18:45:28] INFO: Calculated checksum: 6e1563f3
# [2024-06-06 18:45:28] INFO: Writing RNGSTATE file: ./rand_s060t20_b0671320_a_U000795500
# [2024-06-06 18:45:28] INFO: Writing to disk took 7.3751 seconds
# [2024-06-06 18:45:28] INFO: ======================================================================
# [2024-06-06 18:45:28] INFO: Start sweeping...
# [2024-06-06 18:52:32] INFO: It took 424.503 seconds to do 500 HBOR sweeps.
# [2024-06-06 18:52:32] INFO: Plaquette = 0.65348
# [2024-06-06 18:52:32] INFO: Polyakov loop = (-0.000652443,0.00124309)
# [2024-06-06 18:52:32] INFO: Writing conf to disk...
# [2024-06-06 18:52:32] INFO: writeconf_nersc: Writing NERSC configuration ./conf_s060t20_b0671320_a_U000796000
# [2024-06-06 18:52:35] INFO: Calculated checksum: 4140d2e2
# [2024-06-06 18:52:40] INFO: Calculated checksum: 3c571498
# [2024-06-06 18:52:40] INFO: Writing RNGSTATE file: ./rand_s060t20_b0671320_a_U000796000
# [2024-06-06 18:52:40] INFO: Writing to disk took 7.9355 seconds
# [2024-06-06 18:52:40] INFO: ======================================================================
# [2024-06-06 18:52:40] INFO: Start sweeping...
# [2024-06-06 18:59:44] INFO: It took 424.19 seconds to do 500 HBOR sweeps.
# [2024-06-06 18:59:44] INFO: Plaquette = 0.653441
# [2024-06-06 18:59:44] INFO: Polyakov loop = (-0.00104189,0.00140842)
# [2024-06-06 18:59:44] INFO: Writing conf to disk...
# [2024-06-06 18:59:44] INFO: writeconf_nersc: Writing NERSC configuration ./conf_s060t20_b0671320_a_U000796500
# [2024-06-06 18:59:47] INFO: Calculated checksum: 75dce2ce
# [2024-06-06 18:59:52] INFO: Calculated checksum: 3140e3c7
# [2024-06-06 18:59:52] INFO: Writing RNGSTATE file: ./rand_s060t20_b0671320_a_U000796500
# [2024-06-06 18:59:52] INFO: Writing to disk took 7.38039 seconds
# [2024-06-06 18:59:52] INFO: ======================================================================
# [2024-06-06 18:59:52] INFO: Start sweeping...
# [2024-06-06 19:06:56] INFO: It took 424.382 seconds to do 500 HBOR sweeps.
# [2024-06-06 19:06:56] INFO: Plaquette = 0.653461
# [2024-06-06 19:06:56] INFO: Polyakov loop = (-0.000405776,0.000687702)
# [2024-06-06 19:06:56] INFO: Writing conf to disk...
# [2024-06-06 19:06:56] INFO: writeconf_nersc: Writing NERSC configuration ./conf_s060t20_b0671320_a_U000797000
# [2024-06-06 19:06:59] INFO: Calculated checksum: a0912288
# [2024-06-06 19:07:03] INFO: Calculated checksum: 91178123
# [2024-06-06 19:07:03] INFO: Writing RNGSTATE file: ./rand_s060t20_b0671320_a_U000797000
# [2024-06-06 19:07:04] INFO: Writing to disk took 7.34074 seconds
# [2024-06-06 19:07:04] INFO: ======================================================================
# [2024-06-06 19:07:04] INFO: Start sweeping...
# [2024-06-06 19:14:07] INFO: It took 423.922 seconds to do 500 HBOR sweeps.
# [2024-06-06 19:14:07] INFO: Plaquette = 0.65343
# [2024-06-06 19:14:07] INFO: Polyakov loop = (-0.00128731,0.00211496)
# [2024-06-06 19:14:07] INFO: Writing conf to disk...
# [2024-06-06 19:14:07] INFO: writeconf_nersc: Writing NERSC configuration ./conf_s060t20_b0671320_a_U000797500
# [2024-06-06 19:14:10] INFO: Calculated checksum: 724f6140
# [2024-06-06 19:14:15] INFO: Calculated checksum: ec656383
# [2024-06-06 19:14:15] INFO: Writing RNGSTATE file: ./rand_s060t20_b0671320_a_U000797500
# [2024-06-06 19:14:15] INFO: Writing to disk took 7.88686 seconds
# [2024-06-06 19:14:15] INFO: ======================================================================
# [2024-06-06 19:14:15] INFO: Start sweeping...
# [2024-06-06 19:21:21] INFO: It took 425.807 seconds to do 500 HBOR sweeps.
# [2024-06-06 19:21:21] INFO: Plaquette = 0.653473
# [2024-06-06 19:21:21] INFO: Polyakov loop = (-0.000523501,0.000429192)
# [2024-06-06 19:21:21] INFO: Writing conf to disk...
# [2024-06-06 19:21:21] INFO: writeconf_nersc: Writing NERSC configuration ./conf_s060t20_b0671320_a_U000798000
# [2024-06-06 19:21:24] INFO: Calculated checksum: 672b3778
# [2024-06-06 19:21:28] INFO: Calculated checksum: 6d5d537c
# [2024-06-06 19:21:28] INFO: Writing RNGSTATE file: ./rand_s060t20_b0671320_a_U000798000
# [2024-06-06 19:21:29] INFO: Writing to disk took 7.39215 seconds
# [2024-06-06 19:21:29] INFO: ======================================================================
# [2024-06-06 19:21:29] INFO: Start sweeping...
# [2024-06-06 19:28:34] INFO: It took 424.932 seconds to do 500 HBOR sweeps.
# [2024-06-06 19:28:34] INFO: Plaquette = 0.653603
# [2024-06-06 19:28:34] INFO: Polyakov loop = (-0.00097942,0.000130827)
# [2024-06-06 19:28:34] INFO: Writing conf to disk...
# [2024-06-06 19:28:34] INFO: writeconf_nersc: Writing NERSC configuration ./conf_s060t20_b0671320_a_U000798500
# [2024-06-06 19:28:36] INFO: Calculated checksum: 781ffa43
# [2024-06-06 19:28:41] INFO: Calculated checksum: 615ad058
# [2024-06-06 19:28:41] INFO: Writing RNGSTATE file: ./rand_s060t20_b0671320_a_U000798500
# [2024-06-06 19:28:41] INFO: Writing to disk took 7.39434 seconds
# [2024-06-06 19:28:41] INFO: ======================================================================
# [2024-06-06 19:28:41] INFO: Start sweeping...
# [2024-06-06 19:35:47] INFO: It took 425.923 seconds to do 500 HBOR sweeps.
# [2024-06-06 19:35:47] INFO: Plaquette = 0.653505
# [2024-06-06 19:35:47] INFO: Polyakov loop = (-0.000945894,0.000774929)
# [2024-06-06 19:35:47] INFO: Writing conf to disk...
# [2024-06-06 19:35:47] INFO: writeconf_nersc: Writing NERSC configuration ./conf_s060t20_b0671320_a_U000799000
# [2024-06-06 19:35:50] INFO: Calculated checksum: e2b2de03
# [2024-06-06 19:35:54] INFO: Calculated checksum: deead79b
# [2024-06-06 19:35:54] INFO: Writing RNGSTATE file: ./rand_s060t20_b0671320_a_U000799000
# [2024-06-06 19:35:55] INFO: Writing to disk took 7.64839 seconds
# [2024-06-06 19:35:55] INFO: ======================================================================
# [2024-06-06 19:35:55] INFO: Start sweeping...
# [2024-06-06 19:43:00] INFO: It took 425.533 seconds to do 500 HBOR sweeps.
# [2024-06-06 19:43:00] INFO: Plaquette = 0.653428
# [2024-06-06 19:43:00] INFO: Polyakov loop = (-0.000755637,-0.000194558)
# [2024-06-06 19:43:00] INFO: Writing conf to disk...
# [2024-06-06 19:43:00] INFO: writeconf_nersc: Writing NERSC configuration ./conf_s060t20_b0671320_a_U000799500
# [2024-06-06 19:43:03] INFO: Calculated checksum: 84b550d9
# [2024-06-06 19:43:08] INFO: Calculated checksum: 2fdd5311
# [2024-06-06 19:43:08] INFO: Writing RNGSTATE file: ./rand_s060t20_b0671320_a_U000799500
# [2024-06-06 19:43:08] INFO: Writing to disk took 7.50785 seconds
# [2024-06-06 19:43:08] INFO: ======================================================================
# [2024-06-06 19:43:08] INFO: Start sweeping...
# [2024-06-06 19:50:12] INFO: It took 424.579 seconds to do 500 HBOR sweeps.
# [2024-06-06 19:50:12] INFO: Plaquette = 0.653429
# [2024-06-06 19:50:12] INFO: Polyakov loop = (-0.000432421,0.00149423)
# [2024-06-06 19:50:12] INFO: Writing conf to disk...
# [2024-06-06 19:50:12] INFO: writeconf_nersc: Writing NERSC configuration ./conf_s060t20_b0671320_a_U000800000
# [2024-06-06 19:50:15] INFO: Calculated checksum: 20d9d1ef
# [2024-06-06 19:50:20] INFO: Calculated checksum: 6f96e311
# [2024-06-06 19:50:20] INFO: Writing RNGSTATE file: ./rand_s060t20_b0671320_a_U000800000
# [2024-06-06 19:50:20] INFO: Writing to disk took 7.68715 seconds
# [2024-06-06 19:50:20] INFO: Finalizing MPI
